<?xml version="1.0" encoding="UTF-8"?>
<testsuites name="all_test - Copy" time="1770.621" tests="62" failures="14" errors="0">
   <testsuite name="Администратор" tests="13" failures="1" errors="0" time="1762.057" skipped="0" timestamp="2022-02-21 12:30:23" hostname="LENOVO - DESKTOP-KNHN0AA" id="Test Suites/Администратор">
      <properties>
         <property name="deviceName" value=""/>
         <property name="devicePlatform" value=""/>
         <property name="logFolder" value="C:\\Users\\LENOVO\\Katalon Studio\\Project Avangard\\Reports\\20220221_122957\\\u0410\u0434\u043C\u0438\u043D\u0438\u0441\u0442\u0440\u0430\u0442\u043E\u0440\\20220221_122958"/>
         <property name="logFiles" value="C:\\Users\\LENOVO\\Katalon Studio\\Project Avangard\\Reports\\20220221_122957\\\u0410\u0434\u043C\u0438\u043D\u0438\u0441\u0442\u0440\u0430\u0442\u043E\u0440\\20220221_122958\\execution0.log"/>
         <property name="attachments" value="C:\scr\Омские Ястребы43.jpg, C:\scr\Омские Ястребы44.jpg, C:\scr\Омские Ястребы45.jpg, C:\scr\Омские Ястребы47.jpg, C:\scr\Омские Ястребы48.jpg, C:\scr\Омские Ястребы41.jpg, C:\scr\Омские Ястребы42.jpg, C:\scr\Омские Ястребы34.jpg, C:\scr\Омские Ястребы37.jpg, C:\scr\Омские Ястребы39.jpg, C:\scr\Омские Ястребы40.jpg, C:\scr\Омские Ястребы38.jpg, C:\scr\Омские Ястребы33.jpg, C:\scr\Омские Ястребы29.jpg, C:\scr\Омские Ястребы30.jpg, C:\\Users\\LENOVO\\Katalon Studio\\Project Avangard\\Reports\\20220221_122957\\\u0410\u0434\u043C\u0438\u043D\u0438\u0441\u0442\u0440\u0430\u0442\u043E\u0440\\20220221_122958\\1645437006180.png, C:\scr\Омские Ястребы10.jpg, C:\scr\Омские Ястребы11.jpg, C:\scr\Омские Ястребы4.jpg, C:\scr\Омские Ястребы5.jpg"/>
         <property name="hostName" value="LENOVO - DESKTOP-KNHN0AA"/>
         <property name="remoteDriverUrl" value="testcloud.katalon.com/hub"/>
         <property name="desiredCapabilities" value="{
  &quot;acceptInsecureCerts&quot;: false,
  &quot;browserName&quot;: &quot;chrome&quot;,
  &quot;browserVersion&quot;: &quot;97.0.4692.71&quot;,
  &quot;chrome&quot;: {
    &quot;chromedriverVersion&quot;: &quot;97.0.4692.71 (adefa7837d02a07a604c1e6eff0b3a09422ab88d-refs/branch-heads/4692@{#1247})&quot;,
    &quot;userDataDir&quot;: &quot;/tmp/.com.google.Chrome.hI1jd5&quot;
  },
  &quot;goog:chromeOptions&quot;: {
    &quot;debuggerAddress&quot;: &quot;localhost:41983&quot;
  },
  &quot;javascriptEnabled&quot;: true,
  &quot;networkConnectionEnabled&quot;: false,
  &quot;pageLoadStrategy&quot;: &quot;normal&quot;,
  &quot;platform&quot;: &quot;LINUX&quot;,
  &quot;platformName&quot;: &quot;LINUX&quot;,
  &quot;proxy&quot;: {
    &quot;proxyType&quot;: &quot;DIRECT&quot;,
    &quot;autodetect&quot;: false
  },
  &quot;se:cdp&quot;: &quot;ws://172.48.70.254:4444/session/2cdbd9ec6ad5038e99641fb8bd2c6b94/se/cdp&quot;,
  &quot;se:cdpVersion&quot;: &quot;97.0.4692.71&quot;,
  &quot;se:vnc&quot;: &quot;ws://172.48.70.254:4444/session/2cdbd9ec6ad5038e99641fb8bd2c6b94/se/vnc&quot;,
  &quot;se:vncEnabled&quot;: true,
  &quot;se:vncLocalAddress&quot;: &quot;ws://172.48.70.254:7900&quot;,
  &quot;setWindowRect&quot;: true,
  &quot;strictFileInteractability&quot;: false,
  &quot;timeouts&quot;: {
    &quot;implicit&quot;: 0,
    &quot;pageLoad&quot;: 300000,
    &quot;script&quot;: 30000
  },
  &quot;unhandledPromptBehavior&quot;: &quot;dismiss and notify&quot;,
  &quot;webauthn:extension:credBlob&quot;: true,
  &quot;webauthn:extension:largeBlob&quot;: true,
  &quot;webauthn:virtualAuthenticators&quot;: true
}"/>
         <property name="os" value="Windows 10 64bit"/>
         <property name="remoteOS" value="Linux"/>
         <property name="katalonVersion" value="8.2.5.208"/>
         <property name="browser" value="Chrome 97.0.4692.71"/>
         <property name="hostAddress" value="192.168.2.113"/>
         <property name="sessionId" value="2cdbd9ec6ad5038e99641fb8bd2c6b94"/>
         <property name="seleniumVersion" value="3.141.59"/>
         <property name="proxyInformation" value="ProxyInformation { proxyOption=NO_PROXY, proxyServerType=HTTP, username=, password=********, proxyServerAddress=, proxyServerPort=0, executionList=&quot;&quot;, isApplyToDesiredCapabilities=true }"/>
         <property name="platform" value="Windows 10"/>
      </properties>
      <testcase name="Test Cases/Администратор/Школы" time="168.376" classname="Test Cases/Администратор/Школы" status="PASSED">
         <system-out><![CDATA[2022-02-21 12:30:25 - [TEST_CASE][PASSED] - Test Cases/Администратор/Школы: Test Cases/Администратор/Школы

2022-02-21 12:30:28 - [TEST_STEP][PASSED] - callTestCase(findTestCase("Администратор/Авторизация"), [:], STOP_ON_FAILURE): Call Test Case 'Test Cases/Администратор/Авторизация' successfully

2022-02-21 12:30:29 - [TEST_CASE][PASSED] - Test Cases/Администратор/Авторизация: Test Cases/Администратор/Авторизация

2022-02-21 12:30:31 - [TEST_STEP][PASSED] - openBrowser(""): Browser is opened with url: ''

2022-02-21 12:30:33 - [MESSAGE][INFO] - User set preference: ['os', 'linux']

2022-02-21 12:30:33 - [MESSAGE][INFO] - User set preference: ['browserName', 'chrome']

2022-02-21 12:30:33 - [MESSAGE][INFO] - User set preference: ['browserVersion', '97']

2022-02-21 12:30:33 - [MESSAGE][INFO] - User set preference: ['katalon:option', '{organizationId=551240, tunnelId=, usingTunnel=false}']

2022-02-21 12:30:33 - [MESSAGE][INFO] - Connecting to remote web server 'testcloud.katalon.com/hub' with type 'Selenium'

2022-02-21 12:30:35 - [MESSAGE][INFO] - Action delay is set to 100 milliseconds

2022-02-21 12:31:10 - [MESSAGE][PASSED] - Browser is opened with url: ''

2022-02-21 12:31:10 - [TEST_STEP][PASSED] - maximizeWindow(): Current window maximized

2022-02-21 12:31:11 - [MESSAGE][PASSED] - Current window maximized

2022-02-21 12:31:11 - [TEST_STEP][PASSED] - navigateToUrl(url): Navigate to 'https://stars-stage.hawk.ru:8080' successfully

2022-02-21 12:31:17 - [MESSAGE][PASSED] - Navigate to 'https://stars-stage.hawk.ru:8080' successfully

2022-02-21 12:31:17 - [TEST_STEP][PASSED] - setText(findTestObject("Object Repository/Page_/input__sc-lnrBVv eqPACj"), admin_login): Text 'TestAdmin@test.ru' is set on object 'Object Repository/Page_/input__sc-lnrBVv eqPACj'

2022-02-21 12:31:21 - [MESSAGE][PASSED] - Text 'TestAdmin@test.ru' is set on object 'Object Repository/Page_/input__sc-lnrBVv eqPACj'

2022-02-21 12:31:21 - [TEST_STEP][PASSED] - setText(findTestObject("Object Repository/Page_/input__sc-lnrBVv eqPACj_1"), admin_password): Text 'TestAdmin@test.ru' is set on object 'Object Repository/Page_/input__sc-lnrBVv eqPACj_1'

2022-02-21 12:31:26 - [MESSAGE][PASSED] - Text 'TestAdmin@test.ru' is set on object 'Object Repository/Page_/input__sc-lnrBVv eqPACj_1'

2022-02-21 12:31:26 - [TEST_STEP][PASSED] - click(findTestObject("Object Repository/Page_/go")): Object: 'Object Repository/Page_/go' is clicked on

2022-02-21 12:31:28 - [MESSAGE][PASSED] - Object: 'Object Repository/Page_/go' is clicked on

2022-02-21 12:31:28 - [MESSAGE][PASSED] - Call Test Case 'Test Cases/Администратор/Авторизация' successfully

2022-02-21 12:31:28 - [TEST_STEP][PASSED] - click(findTestObject("Object Repository/admin/school/schools/schools")): Object: 'Object Repository/admin/school/schools/schools' is clicked on

2022-02-21 12:31:57 - [MESSAGE][PASSED] - Object: 'Object Repository/admin/school/schools/schools' is clicked on

2022-02-21 12:31:57 - [TEST_STEP][PASSED] - takeFullPageScreenshot("C:\scr\" + school + "43.jpg"): Taking screenshot successfully

2022-02-21 12:32:05 - [MESSAGE][INFO] - 0 hidden object(s)

2022-02-21 12:32:05 - [MESSAGE][PASSED] - Taking screenshot successfully
[[ATTACHMENT|C:\scr\Омские Ястребы43.jpg]]

2022-02-21 12:32:05 - [TEST_STEP][PASSED] - click(findTestObject("Object Repository/admin/school/Page_/div_")): Object: 'Object Repository/admin/school/Page_/div_' is clicked on

2022-02-21 12:32:08 - [MESSAGE][PASSED] - Object: 'Object Repository/admin/school/Page_/div_' is clicked on

2022-02-21 12:32:08 - [TEST_STEP][PASSED] - scrollToElement(findTestObject("Object Repository/admin/school/Page_/players"), 0): Scroll to object 'Object Repository/admin/school/Page_/players' successfully

2022-02-21 12:32:08 - [MESSAGE][WARNING] - Timeout '0' is invalid. Using default page load timeout: '30'

2022-02-21 12:32:13 - [MESSAGE][PASSED] - Scroll to object 'Object Repository/admin/school/Page_/players' successfully

2022-02-21 12:32:13 - [TEST_STEP][PASSED] - click(findTestObject("Object Repository/admin/school/Page_/players")): Object: 'Object Repository/admin/school/Page_/players' is clicked on

2022-02-21 12:32:16 - [MESSAGE][PASSED] - Object: 'Object Repository/admin/school/Page_/players' is clicked on

2022-02-21 12:32:16 - [TEST_STEP][PASSED] - takeFullPageScreenshot("C:\scr\" + school + "44.jpg"): Taking screenshot successfully

2022-02-21 12:32:25 - [MESSAGE][INFO] - 0 hidden object(s)

2022-02-21 12:32:25 - [MESSAGE][PASSED] - Taking screenshot successfully
[[ATTACHMENT|C:\scr\Омские Ястребы44.jpg]]

2022-02-21 12:32:25 - [TEST_STEP][PASSED] - click(findTestObject("Object Repository/admin/school/Page_/team")): Object: 'Object Repository/admin/school/Page_/team' is clicked on

2022-02-21 12:32:35 - [MESSAGE][PASSED] - Object: 'Object Repository/admin/school/Page_/team' is clicked on

2022-02-21 12:32:35 - [TEST_STEP][PASSED] - takeFullPageScreenshot("C:\scr\" + school + "45.jpg"): Taking screenshot successfully

2022-02-21 12:32:42 - [MESSAGE][INFO] - 0 hidden object(s)

2022-02-21 12:32:42 - [MESSAGE][PASSED] - Taking screenshot successfully
[[ATTACHMENT|C:\scr\Омские Ястребы45.jpg]]

2022-02-21 12:32:42 - [TEST_STEP][PASSED] - click(findTestObject("Object Repository/admin/school/Page_/omsk")): Object: 'Object Repository/admin/school/Page_/omsk' is clicked on

2022-02-21 12:32:44 - [MESSAGE][PASSED] - Object: 'Object Repository/admin/school/Page_/omsk' is clicked on

2022-02-21 12:32:44 - [TEST_STEP][PASSED] - click(findTestObject("Object Repository/admin/school/Page_/edit")): Object: 'Object Repository/admin/school/Page_/edit' is clicked on

2022-02-21 12:32:48 - [MESSAGE][PASSED] - Object: 'Object Repository/admin/school/Page_/edit' is clicked on

2022-02-21 12:32:48 - [TEST_STEP][PASSED] - takeFullPageScreenshot("C:\scr\" + school + "47.jpg"): Taking screenshot successfully

2022-02-21 12:32:54 - [MESSAGE][INFO] - 0 hidden object(s)

2022-02-21 12:32:54 - [MESSAGE][PASSED] - Taking screenshot successfully
[[ATTACHMENT|C:\scr\Омские Ястребы47.jpg]]

2022-02-21 12:32:54 - [TEST_STEP][PASSED] - click(findTestObject("Object Repository/admin/school/Page_/allplayer")): Object: 'Object Repository/admin/school/Page_/allplayer' is clicked on

2022-02-21 12:32:56 - [MESSAGE][PASSED] - Object: 'Object Repository/admin/school/Page_/allplayer' is clicked on

2022-02-21 12:32:56 - [TEST_STEP][PASSED] - takeFullPageScreenshot("C:\scr\" + school + "48.jpg"): Taking screenshot successfully

2022-02-21 12:33:03 - [MESSAGE][INFO] - 0 hidden object(s)

2022-02-21 12:33:04 - [MESSAGE][PASSED] - Taking screenshot successfully
[[ATTACHMENT|C:\scr\Омские Ястребы48.jpg]]

2022-02-21 12:33:04 - [TEST_STEP][PASSED] - click(findTestObject("Object Repository/admin/school/Page_/groups")): Object: 'Object Repository/admin/school/Page_/groups' is clicked on

2022-02-21 12:33:06 - [MESSAGE][PASSED] - Object: 'Object Repository/admin/school/Page_/groups' is clicked on

2022-02-21 12:33:06 - [TEST_STEP][PASSED] - click(findTestObject("manager/schools/overlay"), CONTINUE_ON_FAILURE): Object: 'Object Repository/manager/schools/overlay' is clicked on

2022-02-21 12:33:10 - [MESSAGE][PASSED] - Object: 'Object Repository/manager/schools/overlay' is clicked on

2022-02-21 12:33:10 - [TEST_STEP][PASSED] - click(findTestObject("Object Repository/admin/school/Page_/root")): Object: 'Object Repository/admin/school/Page_/root' is clicked on

2022-02-21 12:33:13 - [MESSAGE][PASSED] - Object: 'Object Repository/admin/school/Page_/root' is clicked on

2022-02-21 12:33:13 - [TEST_STEP][PASSED] - closeBrowser(): Browser is closed

2022-02-21 12:33:14 - [MESSAGE][PASSED] - Browser is closed]]></system-out>
         <system-err><![CDATA[]]></system-err>
      </testcase>
      <testcase name="Test Cases/Администратор/Тренеры" time="186.442" classname="Test Cases/Администратор/Тренеры" status="PASSED">
         <system-out><![CDATA[2022-02-21 12:33:14 - [TEST_CASE][PASSED] - Test Cases/Администратор/Тренеры: Test Cases/Администратор/Тренеры

2022-02-21 12:33:14 - [TEST_STEP][PASSED] - callTestCase(findTestCase("Администратор/Авторизация"), [:], STOP_ON_FAILURE): Call Test Case 'Test Cases/Администратор/Авторизация' successfully

2022-02-21 12:33:14 - [TEST_CASE][PASSED] - Test Cases/Администратор/Авторизация: Test Cases/Администратор/Авторизация

2022-02-21 12:33:14 - [TEST_STEP][PASSED] - openBrowser(""): Browser is opened with url: ''

2022-02-21 12:33:14 - [MESSAGE][INFO] - User set preference: ['os', 'linux']

2022-02-21 12:33:14 - [MESSAGE][INFO] - User set preference: ['browserName', 'chrome']

2022-02-21 12:33:14 - [MESSAGE][INFO] - User set preference: ['browserVersion', '97']

2022-02-21 12:33:14 - [MESSAGE][INFO] - User set preference: ['katalon:option', '{organizationId=551240, tunnelId=, usingTunnel=false}']

2022-02-21 12:33:14 - [MESSAGE][INFO] - Connecting to remote web server 'testcloud.katalon.com/hub' with type 'Selenium'

2022-02-21 12:33:14 - [MESSAGE][INFO] - Action delay is set to 100 milliseconds

2022-02-21 12:35:04 - [MESSAGE][PASSED] - Browser is opened with url: ''

2022-02-21 12:35:04 - [TEST_STEP][PASSED] - maximizeWindow(): Current window maximized

2022-02-21 12:35:04 - [MESSAGE][PASSED] - Current window maximized

2022-02-21 12:35:04 - [TEST_STEP][PASSED] - navigateToUrl(url): Navigate to 'https://stars-stage.hawk.ru:8080' successfully

2022-02-21 12:35:10 - [MESSAGE][PASSED] - Navigate to 'https://stars-stage.hawk.ru:8080' successfully

2022-02-21 12:35:10 - [TEST_STEP][PASSED] - setText(findTestObject("Object Repository/Page_/input__sc-lnrBVv eqPACj"), admin_login): Text 'TestAdmin@test.ru' is set on object 'Object Repository/Page_/input__sc-lnrBVv eqPACj'

2022-02-21 12:35:15 - [MESSAGE][PASSED] - Text 'TestAdmin@test.ru' is set on object 'Object Repository/Page_/input__sc-lnrBVv eqPACj'

2022-02-21 12:35:15 - [TEST_STEP][PASSED] - setText(findTestObject("Object Repository/Page_/input__sc-lnrBVv eqPACj_1"), admin_password): Text 'TestAdmin@test.ru' is set on object 'Object Repository/Page_/input__sc-lnrBVv eqPACj_1'

2022-02-21 12:35:19 - [MESSAGE][PASSED] - Text 'TestAdmin@test.ru' is set on object 'Object Repository/Page_/input__sc-lnrBVv eqPACj_1'

2022-02-21 12:35:19 - [TEST_STEP][PASSED] - click(findTestObject("Object Repository/Page_/go")): Object: 'Object Repository/Page_/go' is clicked on

2022-02-21 12:35:21 - [MESSAGE][PASSED] - Object: 'Object Repository/Page_/go' is clicked on

2022-02-21 12:35:21 - [MESSAGE][PASSED] - Call Test Case 'Test Cases/Администратор/Авторизация' successfully

2022-02-21 12:35:21 - [TEST_STEP][PASSED] - click(findTestObject("Object Repository/admin/teachers/Page_/teach")): Object: 'Object Repository/admin/teachers/Page_/teach' is clicked on

2022-02-21 12:35:50 - [MESSAGE][PASSED] - Object: 'Object Repository/admin/teachers/Page_/teach' is clicked on

2022-02-21 12:35:50 - [TEST_STEP][PASSED] - click(findTestObject("Object Repository/admin/teachers/Page_/span_")): Object: 'Object Repository/admin/teachers/Page_/span_' is clicked on

2022-02-21 12:35:52 - [MESSAGE][PASSED] - Object: 'Object Repository/admin/teachers/Page_/span_' is clicked on

2022-02-21 12:35:52 - [TEST_STEP][PASSED] - verifyTextPresent("ПРОФИЛЬ ПРЕПОДАВАТЕЛЯ", false): Text 'ПРОФИЛЬ ПРЕПОДАВАТЕЛЯ' is present on page 

2022-02-21 12:35:55 - [MESSAGE][PASSED] - Text 'ПРОФИЛЬ ПРЕПОДАВАТЕЛЯ' is present on page 

2022-02-21 12:35:55 - [TEST_STEP][PASSED] - takeFullPageScreenshot("C:\scr\" + school + "41.jpg"): Taking screenshot successfully

2022-02-21 12:36:01 - [MESSAGE][INFO] - 0 hidden object(s)

2022-02-21 12:36:01 - [MESSAGE][PASSED] - Taking screenshot successfully
[[ATTACHMENT|C:\scr\Омские Ястребы41.jpg]]

2022-02-21 12:36:01 - [TEST_STEP][PASSED] - click(findTestObject("Object Repository/admin/teachers/Page_/career")): Object: 'Object Repository/admin/teachers/Page_/career' is clicked on

2022-02-21 12:36:04 - [MESSAGE][PASSED] - Object: 'Object Repository/admin/teachers/Page_/career' is clicked on

2022-02-21 12:36:04 - [TEST_STEP][PASSED] - verifyTextPresent("КАРЬЕРА ТРЕНЕРА", false): Text 'КАРЬЕРА ТРЕНЕРА' is present on page 

2022-02-21 12:36:06 - [MESSAGE][PASSED] - Text 'КАРЬЕРА ТРЕНЕРА' is present on page 

2022-02-21 12:36:06 - [TEST_STEP][PASSED] - takeFullPageScreenshot("C:\scr\" + school + "42.jpg"): Taking screenshot successfully

2022-02-21 12:36:13 - [MESSAGE][INFO] - 0 hidden object(s)

2022-02-21 12:36:13 - [MESSAGE][PASSED] - Taking screenshot successfully
[[ATTACHMENT|C:\scr\Омские Ястребы42.jpg]]

2022-02-21 12:36:13 - [TEST_STEP][PASSED] - click(findTestObject("Object Repository/admin/teachers/Page_/button_")): Object: 'Object Repository/admin/teachers/Page_/button_' is clicked on

2022-02-21 12:36:15 - [MESSAGE][PASSED] - Object: 'Object Repository/admin/teachers/Page_/button_' is clicked on

2022-02-21 12:36:15 - [TEST_STEP][PASSED] - verifyTextPresent("Пользователь сохранен", false): Text 'Пользователь сохранен' is present on page 

2022-02-21 12:36:17 - [MESSAGE][PASSED] - Text 'Пользователь сохранен' is present on page 

2022-02-21 12:36:17 - [TEST_STEP][PASSED] - click(findTestObject("Object Repository/admin/teachers/Page_/root")): Object: 'Object Repository/admin/teachers/Page_/root' is clicked on

2022-02-21 12:36:19 - [MESSAGE][PASSED] - Object: 'Object Repository/admin/teachers/Page_/root' is clicked on

2022-02-21 12:36:19 - [TEST_STEP][PASSED] - closeBrowser(): Browser is closed

2022-02-21 12:36:20 - [MESSAGE][PASSED] - Browser is closed]]></system-out>
         <system-err><![CDATA[]]></system-err>
      </testcase>
      <testcase name="Test Cases/Администратор/Рейтинг" time="195.116" classname="Test Cases/Администратор/Рейтинг" status="PASSED">
         <system-out><![CDATA[2022-02-21 12:36:20 - [TEST_CASE][PASSED] - Test Cases/Администратор/Рейтинг: Test Cases/Администратор/Рейтинг

2022-02-21 12:36:20 - [TEST_STEP][PASSED] - callTestCase(findTestCase("Администратор/Авторизация"), [:], STOP_ON_FAILURE): Call Test Case 'Test Cases/Администратор/Авторизация' successfully

2022-02-21 12:36:20 - [TEST_CASE][PASSED] - Test Cases/Администратор/Авторизация: Test Cases/Администратор/Авторизация

2022-02-21 12:36:20 - [TEST_STEP][PASSED] - openBrowser(""): Browser is opened with url: ''

2022-02-21 12:36:20 - [MESSAGE][INFO] - User set preference: ['os', 'linux']

2022-02-21 12:36:20 - [MESSAGE][INFO] - User set preference: ['browserName', 'chrome']

2022-02-21 12:36:20 - [MESSAGE][INFO] - User set preference: ['browserVersion', '97']

2022-02-21 12:36:20 - [MESSAGE][INFO] - User set preference: ['katalon:option', '{organizationId=551240, tunnelId=, usingTunnel=false}']

2022-02-21 12:36:20 - [MESSAGE][INFO] - Connecting to remote web server 'testcloud.katalon.com/hub' with type 'Selenium'

2022-02-21 12:36:20 - [MESSAGE][INFO] - Action delay is set to 100 milliseconds

2022-02-21 12:37:31 - [MESSAGE][PASSED] - Browser is opened with url: ''

2022-02-21 12:37:31 - [TEST_STEP][PASSED] - maximizeWindow(): Current window maximized

2022-02-21 12:37:32 - [MESSAGE][PASSED] - Current window maximized

2022-02-21 12:37:32 - [TEST_STEP][PASSED] - navigateToUrl(url): Navigate to 'https://stars-stage.hawk.ru:8080' successfully

2022-02-21 12:37:38 - [MESSAGE][PASSED] - Navigate to 'https://stars-stage.hawk.ru:8080' successfully

2022-02-21 12:37:38 - [TEST_STEP][PASSED] - setText(findTestObject("Object Repository/Page_/input__sc-lnrBVv eqPACj"), admin_login): Text 'TestAdmin@test.ru' is set on object 'Object Repository/Page_/input__sc-lnrBVv eqPACj'

2022-02-21 12:37:45 - [MESSAGE][PASSED] - Text 'TestAdmin@test.ru' is set on object 'Object Repository/Page_/input__sc-lnrBVv eqPACj'

2022-02-21 12:37:45 - [TEST_STEP][PASSED] - setText(findTestObject("Object Repository/Page_/input__sc-lnrBVv eqPACj_1"), admin_password): Text 'TestAdmin@test.ru' is set on object 'Object Repository/Page_/input__sc-lnrBVv eqPACj_1'

2022-02-21 12:37:50 - [MESSAGE][PASSED] - Text 'TestAdmin@test.ru' is set on object 'Object Repository/Page_/input__sc-lnrBVv eqPACj_1'

2022-02-21 12:37:50 - [TEST_STEP][PASSED] - click(findTestObject("Object Repository/Page_/go")): Object: 'Object Repository/Page_/go' is clicked on

2022-02-21 12:37:53 - [MESSAGE][PASSED] - Object: 'Object Repository/Page_/go' is clicked on

2022-02-21 12:37:53 - [MESSAGE][PASSED] - Call Test Case 'Test Cases/Администратор/Авторизация' successfully

2022-02-21 12:37:53 - [TEST_STEP][PASSED] - click(findTestObject("Object Repository/admin/rating/grating")): Object: 'Object Repository/admin/rating/grating' is clicked on

2022-02-21 12:38:14 - [MESSAGE][PASSED] - Object: 'Object Repository/admin/rating/grating' is clicked on

2022-02-21 12:38:14 - [TEST_STEP][PASSED] - takeFullPageScreenshot("C:\scr\" + school + "34.jpg"): Taking screenshot successfully

2022-02-21 12:38:32 - [MESSAGE][INFO] - 0 hidden object(s)

2022-02-21 12:38:32 - [MESSAGE][PASSED] - Taking screenshot successfully
[[ATTACHMENT|C:\scr\Омские Ястребы34.jpg]]

2022-02-21 12:38:32 - [TEST_STEP][PASSED] - click(findTestObject("Object Repository/admin/Page_/shkool")): Object: 'Object Repository/admin/Page_/shkool' is clicked on

2022-02-21 12:38:34 - [MESSAGE][PASSED] - Object: 'Object Repository/admin/Page_/shkool' is clicked on

2022-02-21 12:38:34 - [TEST_STEP][PASSED] - click(findTestObject("Object Repository/admin/Page_/div_ (2)")): Object: 'Object Repository/admin/Page_/div_ (2)' is clicked on

2022-02-21 12:38:36 - [MESSAGE][PASSED] - Object: 'Object Repository/admin/Page_/div_ (2)' is clicked on

2022-02-21 12:38:36 - [TEST_STEP][PASSED] - click(findTestObject("Object Repository/admin/Page_/team")): Object: 'Object Repository/admin/Page_/team' is clicked on

2022-02-21 12:38:39 - [MESSAGE][PASSED] - Object: 'Object Repository/admin/Page_/team' is clicked on

2022-02-21 12:38:39 - [TEST_STEP][PASSED] - click(findTestObject("Object Repository/admin/Page_/omsk")): Object: 'Object Repository/admin/Page_/omsk' is clicked on

2022-02-21 12:38:41 - [MESSAGE][PASSED] - Object: 'Object Repository/admin/Page_/omsk' is clicked on

2022-02-21 12:38:41 - [TEST_STEP][PASSED] - scrollToElement(findTestObject("Object Repository/admin/Page_/top1"), 0): Scroll to object 'Object Repository/admin/Page_/top1' successfully

2022-02-21 12:38:41 - [MESSAGE][WARNING] - Timeout '0' is invalid. Using default page load timeout: '30'

2022-02-21 12:38:44 - [MESSAGE][PASSED] - Scroll to object 'Object Repository/admin/Page_/top1' successfully

2022-02-21 12:38:44 - [TEST_STEP][PASSED] - click(findTestObject("Object Repository/admin/Page_/top1")): Object: 'Object Repository/admin/Page_/top1' is clicked on

2022-02-21 12:38:47 - [MESSAGE][PASSED] - Object: 'Object Repository/admin/Page_/top1' is clicked on

2022-02-21 12:38:47 - [TEST_STEP][PASSED] - takeFullPageScreenshot("C:\scr\" + school + "37.jpg", CONTINUE_ON_FAILURE): Taking screenshot successfully

2022-02-21 12:38:54 - [MESSAGE][INFO] - 0 hidden object(s)

2022-02-21 12:38:54 - [MESSAGE][PASSED] - Taking screenshot successfully
[[ATTACHMENT|C:\scr\Омские Ястребы37.jpg]]

2022-02-21 12:38:54 - [TEST_STEP][PASSED] - click(findTestObject("Object Repository/admin/Page_/skill")): Object: 'Object Repository/admin/Page_/skill' is clicked on

2022-02-21 12:38:56 - [MESSAGE][PASSED] - Object: 'Object Repository/admin/Page_/skill' is clicked on

2022-02-21 12:38:56 - [TEST_STEP][PASSED] - verifyTextPresent("Ускорение", true): Text 'Ускорение' is present on page  using regular expression

2022-02-21 12:38:59 - [MESSAGE][PASSED] - Text 'Ускорение' is present on page  using regular expression

2022-02-21 12:38:59 - [TEST_STEP][PASSED] - verifyTextPresent("Скорость", true): Text 'Скорость' is present on page  using regular expression

2022-02-21 12:39:02 - [MESSAGE][PASSED] - Text 'Скорость' is present on page  using regular expression

2022-02-21 12:39:02 - [TEST_STEP][PASSED] - takeFullPageScreenshot("C:\scr\" + school + "39.jpg", CONTINUE_ON_FAILURE): Taking screenshot successfully

2022-02-21 12:39:07 - [MESSAGE][INFO] - 0 hidden object(s)

2022-02-21 12:39:07 - [MESSAGE][PASSED] - Taking screenshot successfully
[[ATTACHMENT|C:\scr\Омские Ястребы39.jpg]]

2022-02-21 12:39:07 - [TEST_STEP][PASSED] - click(findTestObject("Object Repository/admin/Page_/stat")): Object: 'Object Repository/admin/Page_/stat' is clicked on

2022-02-21 12:39:09 - [MESSAGE][PASSED] - Object: 'Object Repository/admin/Page_/stat' is clicked on

2022-02-21 12:39:09 - [TEST_STEP][PASSED] - verifyTextPresent("Матчи", true, CONTINUE_ON_FAILURE): Text 'Матчи' is present on page  using regular expression

2022-02-21 12:39:12 - [MESSAGE][PASSED] - Text 'Матчи' is present on page  using regular expression

2022-02-21 12:39:12 - [TEST_STEP][PASSED] - verifyTextPresent("Ранг", true, CONTINUE_ON_FAILURE): Text 'Ранг' is present on page  using regular expression

2022-02-21 12:39:14 - [MESSAGE][PASSED] - Text 'Ранг' is present on page  using regular expression

2022-02-21 12:39:14 - [TEST_STEP][PASSED] - takeFullPageScreenshot("C:\scr\" + school + "40.jpg", CONTINUE_ON_FAILURE): Taking screenshot successfully

2022-02-21 12:39:19 - [MESSAGE][INFO] - 0 hidden object(s)

2022-02-21 12:39:19 - [MESSAGE][PASSED] - Taking screenshot successfully
[[ATTACHMENT|C:\scr\Омские Ястребы40.jpg]]

2022-02-21 12:39:19 - [TEST_STEP][PASSED] - click(findTestObject("Object Repository/admin/Page_/ptest")): Object: 'Object Repository/admin/Page_/ptest' is clicked on

2022-02-21 12:39:21 - [MESSAGE][PASSED] - Object: 'Object Repository/admin/Page_/ptest' is clicked on

2022-02-21 12:39:21 - [TEST_STEP][PASSED] - verifyTextPresent("СРЕДНЯЯ ОЦЕНКА", true): Text 'СРЕДНЯЯ ОЦЕНКА' is present on page  using regular expression

2022-02-21 12:39:24 - [MESSAGE][PASSED] - Text 'СРЕДНЯЯ ОЦЕНКА' is present on page  using regular expression

2022-02-21 12:39:24 - [TEST_STEP][PASSED] - verifyTextPresent("Список навыков и характеристики", true): Text 'Список навыков и характеристики' is present on page  using regular expression

2022-02-21 12:39:26 - [MESSAGE][PASSED] - Text 'Список навыков и характеристики' is present on page  using regular expression

2022-02-21 12:39:26 - [TEST_STEP][PASSED] - takeFullPageScreenshot("C:\scr\" + school + "38.jpg", CONTINUE_ON_FAILURE): Taking screenshot successfully

2022-02-21 12:39:32 - [MESSAGE][INFO] - 0 hidden object(s)

2022-02-21 12:39:32 - [MESSAGE][PASSED] - Taking screenshot successfully
[[ATTACHMENT|C:\scr\Омские Ястребы38.jpg]]

2022-02-21 12:39:32 - [TEST_STEP][PASSED] - click(findTestObject("Object Repository/admin/Page_/root")): Object: 'Object Repository/admin/Page_/root' is clicked on

2022-02-21 12:39:35 - [MESSAGE][PASSED] - Object: 'Object Repository/admin/Page_/root' is clicked on

2022-02-21 12:39:35 - [TEST_STEP][PASSED] - closeBrowser(): Browser is closed

2022-02-21 12:39:35 - [MESSAGE][PASSED] - Browser is closed]]></system-out>
         <system-err><![CDATA[]]></system-err>
      </testcase>
      <testcase name="Test Cases/Администратор/Профиль" time="117.151" classname="Test Cases/Администратор/Профиль" status="PASSED">
         <system-out><![CDATA[2022-02-21 12:39:35 - [TEST_CASE][PASSED] - Test Cases/Администратор/Профиль: Test Cases/Администратор/Профиль

2022-02-21 12:39:35 - [TEST_STEP][PASSED] - callTestCase(findTestCase("Администратор/Авторизация"), [:], STOP_ON_FAILURE): Call Test Case 'Test Cases/Администратор/Авторизация' successfully

2022-02-21 12:39:36 - [TEST_CASE][PASSED] - Test Cases/Администратор/Авторизация: Test Cases/Администратор/Авторизация

2022-02-21 12:39:36 - [TEST_STEP][PASSED] - openBrowser(""): Browser is opened with url: ''

2022-02-21 12:39:36 - [MESSAGE][INFO] - User set preference: ['os', 'linux']

2022-02-21 12:39:36 - [MESSAGE][INFO] - User set preference: ['browserName', 'chrome']

2022-02-21 12:39:36 - [MESSAGE][INFO] - User set preference: ['browserVersion', '97']

2022-02-21 12:39:36 - [MESSAGE][INFO] - User set preference: ['katalon:option', '{organizationId=551240, tunnelId=, usingTunnel=false}']

2022-02-21 12:39:36 - [MESSAGE][INFO] - Connecting to remote web server 'testcloud.katalon.com/hub' with type 'Selenium'

2022-02-21 12:39:36 - [MESSAGE][INFO] - Action delay is set to 100 milliseconds

2022-02-21 12:40:37 - [MESSAGE][PASSED] - Browser is opened with url: ''

2022-02-21 12:40:37 - [TEST_STEP][PASSED] - maximizeWindow(): Current window maximized

2022-02-21 12:40:37 - [MESSAGE][PASSED] - Current window maximized

2022-02-21 12:40:37 - [TEST_STEP][PASSED] - navigateToUrl(url): Navigate to 'https://stars-stage.hawk.ru:8080' successfully

2022-02-21 12:40:44 - [MESSAGE][PASSED] - Navigate to 'https://stars-stage.hawk.ru:8080' successfully

2022-02-21 12:40:44 - [TEST_STEP][PASSED] - setText(findTestObject("Object Repository/Page_/input__sc-lnrBVv eqPACj"), admin_login): Text 'TestAdmin@test.ru' is set on object 'Object Repository/Page_/input__sc-lnrBVv eqPACj'

2022-02-21 12:40:48 - [MESSAGE][PASSED] - Text 'TestAdmin@test.ru' is set on object 'Object Repository/Page_/input__sc-lnrBVv eqPACj'

2022-02-21 12:40:48 - [TEST_STEP][PASSED] - setText(findTestObject("Object Repository/Page_/input__sc-lnrBVv eqPACj_1"), admin_password): Text 'TestAdmin@test.ru' is set on object 'Object Repository/Page_/input__sc-lnrBVv eqPACj_1'

2022-02-21 12:40:52 - [MESSAGE][PASSED] - Text 'TestAdmin@test.ru' is set on object 'Object Repository/Page_/input__sc-lnrBVv eqPACj_1'

2022-02-21 12:40:52 - [TEST_STEP][PASSED] - click(findTestObject("Object Repository/Page_/go")): Object: 'Object Repository/Page_/go' is clicked on

2022-02-21 12:40:54 - [MESSAGE][PASSED] - Object: 'Object Repository/Page_/go' is clicked on

2022-02-21 12:40:54 - [MESSAGE][PASSED] - Call Test Case 'Test Cases/Администратор/Авторизация' successfully

2022-02-21 12:40:54 - [TEST_STEP][PASSED] - click(findTestObject("Object Repository/admin/Page_/div_Admin Admin")): Object: 'Object Repository/admin/Page_/div_Admin Admin' is clicked on

2022-02-21 12:41:16 - [MESSAGE][PASSED] - Object: 'Object Repository/admin/Page_/div_Admin Admin' is clicked on

2022-02-21 12:41:16 - [TEST_STEP][PASSED] - verifyTextPresent("РЕДАКТИРОВАНИЕ ПРОФИЛЯ", true): Text 'РЕДАКТИРОВАНИЕ ПРОФИЛЯ' is present on page  using regular expression

2022-02-21 12:41:18 - [MESSAGE][PASSED] - Text 'РЕДАКТИРОВАНИЕ ПРОФИЛЯ' is present on page  using regular expression

2022-02-21 12:41:18 - [TEST_STEP][PASSED] - takeFullPageScreenshot("C:\scr\" + school + "33.jpg"): Taking screenshot successfully

2022-02-21 12:41:23 - [MESSAGE][INFO] - 0 hidden object(s)

2022-02-21 12:41:23 - [MESSAGE][PASSED] - Taking screenshot successfully
[[ATTACHMENT|C:\scr\Омские Ястребы33.jpg]]

2022-02-21 12:41:23 - [TEST_STEP][PASSED] - click(findTestObject("Object Repository/admin/Page_/save")): Object: 'Object Repository/admin/Page_/save' is clicked on

2022-02-21 12:41:25 - [MESSAGE][PASSED] - Object: 'Object Repository/admin/Page_/save' is clicked on

2022-02-21 12:41:25 - [TEST_STEP][PASSED] - click(findTestObject("admin/Page_/root")): Object: 'Object Repository/admin/Page_/root' is clicked on

2022-02-21 12:41:32 - [MESSAGE][PASSED] - Object: 'Object Repository/admin/Page_/root' is clicked on

2022-02-21 12:41:32 - [TEST_STEP][PASSED] - closeBrowser(): Browser is closed

2022-02-21 12:41:32 - [MESSAGE][PASSED] - Browser is closed]]></system-out>
         <system-err><![CDATA[]]></system-err>
      </testcase>
      <testcase name="Test Cases/Администратор/ОТЧЕТЫ функциональные тесты/Физическое тестирование (Поменяется в спринте)" time="162.615" classname="Test Cases/Администратор/ОТЧЕТЫ функциональные тесты/Физическое тестирование (Поменяется в спринте)" status="PASSED">
         <system-out><![CDATA[2022-02-21 12:41:32 - [TEST_CASE][PASSED] - Test Cases/Администратор/ОТЧЕТЫ функциональные тесты/Физическое тестирование (Поменяется в спринте): Test Cases/Администратор/ОТЧЕТЫ функциональные тесты/Физическое тестирование (Поменяется в спринте)

2022-02-21 12:41:33 - [TEST_STEP][PASSED] - callTestCase(findTestCase("Администратор/Отчет для тк"), [:], STOP_ON_FAILURE): Call Test Case 'Test Cases/Администратор/Отчет для тк' successfully

2022-02-21 12:41:33 - [TEST_CASE][PASSED] - Test Cases/Администратор/Отчет для тк: Test Cases/Администратор/Отчет для тк

2022-02-21 12:41:33 - [TEST_STEP][PASSED] - callTestCase(findTestCase("Администратор/Авторизация"), [:], STOP_ON_FAILURE): Call Test Case 'Test Cases/Администратор/Авторизация' successfully

2022-02-21 12:41:33 - [TEST_CASE][PASSED] - Test Cases/Администратор/Авторизация: Test Cases/Администратор/Авторизация

2022-02-21 12:41:33 - [TEST_STEP][PASSED] - openBrowser(""): Browser is opened with url: ''

2022-02-21 12:41:33 - [MESSAGE][INFO] - User set preference: ['os', 'linux']

2022-02-21 12:41:33 - [MESSAGE][INFO] - User set preference: ['browserName', 'chrome']

2022-02-21 12:41:33 - [MESSAGE][INFO] - User set preference: ['browserVersion', '97']

2022-02-21 12:41:33 - [MESSAGE][INFO] - User set preference: ['katalon:option', '{organizationId=551240, tunnelId=, usingTunnel=false}']

2022-02-21 12:41:33 - [MESSAGE][INFO] - Connecting to remote web server 'testcloud.katalon.com/hub' with type 'Selenium'

2022-02-21 12:41:33 - [MESSAGE][INFO] - Action delay is set to 100 milliseconds

2022-02-21 12:42:31 - [MESSAGE][PASSED] - Browser is opened with url: ''

2022-02-21 12:42:31 - [TEST_STEP][PASSED] - maximizeWindow(): Current window maximized

2022-02-21 12:42:31 - [MESSAGE][PASSED] - Current window maximized

2022-02-21 12:42:31 - [TEST_STEP][PASSED] - navigateToUrl(url): Navigate to 'https://stars-stage.hawk.ru:8080' successfully

2022-02-21 12:42:37 - [MESSAGE][PASSED] - Navigate to 'https://stars-stage.hawk.ru:8080' successfully

2022-02-21 12:42:37 - [TEST_STEP][PASSED] - setText(findTestObject("Object Repository/Page_/input__sc-lnrBVv eqPACj"), admin_login): Text 'TestAdmin@test.ru' is set on object 'Object Repository/Page_/input__sc-lnrBVv eqPACj'

2022-02-21 12:42:41 - [MESSAGE][PASSED] - Text 'TestAdmin@test.ru' is set on object 'Object Repository/Page_/input__sc-lnrBVv eqPACj'

2022-02-21 12:42:41 - [TEST_STEP][PASSED] - setText(findTestObject("Object Repository/Page_/input__sc-lnrBVv eqPACj_1"), admin_password): Text 'TestAdmin@test.ru' is set on object 'Object Repository/Page_/input__sc-lnrBVv eqPACj_1'

2022-02-21 12:42:45 - [MESSAGE][PASSED] - Text 'TestAdmin@test.ru' is set on object 'Object Repository/Page_/input__sc-lnrBVv eqPACj_1'

2022-02-21 12:42:45 - [TEST_STEP][PASSED] - click(findTestObject("Object Repository/Page_/go")): Object: 'Object Repository/Page_/go' is clicked on

2022-02-21 12:42:47 - [MESSAGE][PASSED] - Object: 'Object Repository/Page_/go' is clicked on

2022-02-21 12:42:47 - [MESSAGE][PASSED] - Call Test Case 'Test Cases/Администратор/Авторизация' successfully

2022-02-21 12:42:47 - [TEST_STEP][PASSED] - click(findTestObject("admin/reports/keys/reports/report")): Object: 'Object Repository/admin/reports/keys/reports/report' is clicked on

2022-02-21 12:43:08 - [MESSAGE][PASSED] - Object: 'Object Repository/admin/reports/keys/reports/report' is clicked on

2022-02-21 12:43:08 - [MESSAGE][PASSED] - Call Test Case 'Test Cases/Администратор/Отчет для тк' successfully

2022-02-21 12:43:08 - [TEST_STEP][PASSED] - click(findTestObject("Object Repository/admin/phyz/Page_/phys")): Object: 'Object Repository/admin/phyz/Page_/phys' is clicked on

2022-02-21 12:43:11 - [MESSAGE][PASSED] - Object: 'Object Repository/admin/phyz/Page_/phys' is clicked on

2022-02-21 12:43:11 - [TEST_STEP][PASSED] - click(findTestObject("Object Repository/admin/phyz/Page_/school")): Object: 'Object Repository/admin/phyz/Page_/school' is clicked on

2022-02-21 12:43:13 - [MESSAGE][PASSED] - Object: 'Object Repository/admin/phyz/Page_/school' is clicked on

2022-02-21 12:43:13 - [TEST_STEP][PASSED] - click(findTestObject("Object Repository/admin/phyz/Page_/div_")): Object: 'Object Repository/admin/phyz/Page_/div_' is clicked on

2022-02-21 12:43:15 - [MESSAGE][PASSED] - Object: 'Object Repository/admin/phyz/Page_/div_' is clicked on

2022-02-21 12:43:15 - [TEST_STEP][PASSED] - click(findTestObject("Object Repository/admin/phyz/Page_/div_31.07.2020")): Object: 'Object Repository/admin/phyz/Page_/div_31.07.2020' is clicked on

2022-02-21 12:43:17 - [MESSAGE][PASSED] - Object: 'Object Repository/admin/phyz/Page_/div_31.07.2020' is clicked on

2022-02-21 12:43:17 - [TEST_STEP][PASSED] - click(findTestObject("Object Repository/admin/phyz/Page_/div_31.12.2020")): Object: 'Object Repository/admin/phyz/Page_/div_31.12.2020' is clicked on

2022-02-21 12:43:19 - [MESSAGE][PASSED] - Object: 'Object Repository/admin/phyz/Page_/div_31.12.2020' is clicked on

2022-02-21 12:43:19 - [TEST_STEP][PASSED] - click(findTestObject("Object Repository/admin/phyz/Page_/team")): Object: 'Object Repository/admin/phyz/Page_/team' is clicked on

2022-02-21 12:43:21 - [MESSAGE][PASSED] - Object: 'Object Repository/admin/phyz/Page_/team' is clicked on

2022-02-21 12:43:21 - [TEST_STEP][PASSED] - click(findTestObject("Object Repository/admin/phyz/Page_/oya")): Object: 'Object Repository/admin/phyz/Page_/oya' is clicked on

2022-02-21 12:43:23 - [MESSAGE][PASSED] - Object: 'Object Repository/admin/phyz/Page_/oya' is clicked on

2022-02-21 12:43:23 - [TEST_STEP][PASSED] - verifyTextPresent("Жим штанги лежа", true): Text 'Жим штанги лежа' is present on page  using regular expression

2022-02-21 12:43:27 - [MESSAGE][PASSED] - Text 'Жим штанги лежа' is present on page  using regular expression

2022-02-21 12:43:27 - [TEST_STEP][PASSED] - verifyTextPresent("Подтягивание из виса на перекладине", true): Text 'Подтягивание из виса на перекладине' is present on page  using regular expression

2022-02-21 12:43:29 - [MESSAGE][PASSED] - Text 'Подтягивание из виса на перекладине' is present on page  using regular expression

2022-02-21 12:43:29 - [TEST_STEP][PASSED] - verifyTextPresent("Уголок из виса на турнике", true): Text 'Уголок из виса на турнике' is present on page  using regular expression

2022-02-21 12:43:32 - [MESSAGE][PASSED] - Text 'Уголок из виса на турнике' is present on page  using regular expression

2022-02-21 12:43:32 - [TEST_STEP][PASSED] - click(findTestObject("Object Repository/admin/phyz/Page_/individ")): Object: 'Object Repository/admin/phyz/Page_/individ' is clicked on

2022-02-21 12:43:34 - [MESSAGE][PASSED] - Object: 'Object Repository/admin/phyz/Page_/individ' is clicked on

2022-02-21 12:43:34 - [TEST_STEP][PASSED] - click(findTestObject("Object Repository/admin/phyz/Page_/school")): Object: 'Object Repository/admin/phyz/Page_/school' is clicked on

2022-02-21 12:43:35 - [MESSAGE][PASSED] - Object: 'Object Repository/admin/phyz/Page_/school' is clicked on

2022-02-21 12:43:35 - [TEST_STEP][PASSED] - click(findTestObject("Object Repository/admin/phyz/Page_/div_   . _1")): Object: 'Object Repository/admin/phyz/Page_/div_   . _1' is clicked on

2022-02-21 12:43:38 - [MESSAGE][PASSED] - Object: 'Object Repository/admin/phyz/Page_/div_   . _1' is clicked on

2022-02-21 12:43:38 - [TEST_STEP][PASSED] - click(findTestObject("Object Repository/admin/phyz/Page_/team")): Object: 'Object Repository/admin/phyz/Page_/team' is clicked on

2022-02-21 12:43:39 - [MESSAGE][PASSED] - Object: 'Object Repository/admin/phyz/Page_/team' is clicked on

2022-02-21 12:43:39 - [TEST_STEP][PASSED] - click(findTestObject("Object Repository/admin/phyz/Page_/omsk")): Object: 'Object Repository/admin/phyz/Page_/omsk' is clicked on

2022-02-21 12:43:41 - [MESSAGE][PASSED] - Object: 'Object Repository/admin/phyz/Page_/omsk' is clicked on

2022-02-21 12:43:41 - [TEST_STEP][PASSED] - click(findTestObject("Object Repository/admin/phyz/Page_/div_ (1)")): Object: 'Object Repository/admin/phyz/Page_/div_ (1)' is clicked on

2022-02-21 12:43:43 - [MESSAGE][PASSED] - Object: 'Object Repository/admin/phyz/Page_/div_ (1)' is clicked on

2022-02-21 12:43:43 - [TEST_STEP][PASSED] - setText(findTestObject("Object Repository/admin/phyz/Page_/input__react-select-9-input"), player_for_test): Text 'Ганин Данила' is set on object 'Object Repository/admin/phyz/Page_/input__react-select-9-input'

2022-02-21 12:43:48 - [MESSAGE][PASSED] - Text 'Ганин Данила' is set on object 'Object Repository/admin/phyz/Page_/input__react-select-9-input'

2022-02-21 12:43:48 - [TEST_STEP][PASSED] - sendKeys(findTestObject("Object Repository/admin/phyz/Page_/input__react-select-9-input"), Keys.chord(ENTER)): Keys 'ENTER + ' sent to object: 'Object Repository/admin/phyz/Page_/input__react-select-9-input'

2022-02-21 12:43:50 - [MESSAGE][PASSED] - Keys 'ENTER + ' sent to object: 'Object Repository/admin/phyz/Page_/input__react-select-9-input'

2022-02-21 12:43:50 - [TEST_STEP][PASSED] - verifyTextPresent("Прыжок в высоту", true): Text 'Прыжок в высоту' is present on page  using regular expression

2022-02-21 12:43:52 - [MESSAGE][PASSED] - Text 'Прыжок в высоту' is present on page  using regular expression

2022-02-21 12:43:52 - [TEST_STEP][PASSED] - verifyTextPresent("Челночный бег 5-10-5 \(сек\)", true): Text 'Челночный бег 5-10-5 \(сек\)' is present on page  using regular expression

2022-02-21 12:43:54 - [MESSAGE][PASSED] - Text 'Челночный бег 5-10-5 \(сек\)' is present on page  using regular expression

2022-02-21 12:43:54 - [TEST_STEP][PASSED] - verifyTextPresent("СРЕДНЯЯ ОЦЕНКА", true): Text 'СРЕДНЯЯ ОЦЕНКА' is present on page  using regular expression

2022-02-21 12:43:57 - [MESSAGE][PASSED] - Text 'СРЕДНЯЯ ОЦЕНКА' is present on page  using regular expression

2022-02-21 12:43:57 - [TEST_STEP][PASSED] - verifyTextPresent("Список навыков и характеристики", true): Text 'Список навыков и характеристики' is present on page  using regular expression

2022-02-21 12:43:58 - [MESSAGE][PASSED] - Text 'Список навыков и характеристики' is present on page  using regular expression

2022-02-21 12:43:58 - [TEST_STEP][PASSED] - click(findTestObject("Object Repository/admin/phyz/Page_/home")): Object: 'Object Repository/admin/phyz/Page_/home' is clicked on

2022-02-21 12:44:01 - [MESSAGE][PASSED] - Object: 'Object Repository/admin/phyz/Page_/home' is clicked on

2022-02-21 12:44:01 - [TEST_STEP][PASSED] - scrollToElement(findTestObject("Object Repository/admin/phyz/Page_/exit"), 0): Scroll to object 'Object Repository/admin/phyz/Page_/exit' successfully

2022-02-21 12:44:01 - [MESSAGE][WARNING] - Timeout '0' is invalid. Using default page load timeout: '30'

2022-02-21 12:44:11 - [MESSAGE][PASSED] - Scroll to object 'Object Repository/admin/phyz/Page_/exit' successfully

2022-02-21 12:44:11 - [TEST_STEP][PASSED] - click(findTestObject("Object Repository/admin/phyz/Page_/exit")): Object: 'Object Repository/admin/phyz/Page_/exit' is clicked on

2022-02-21 12:44:14 - [MESSAGE][PASSED] - Object: 'Object Repository/admin/phyz/Page_/exit' is clicked on

2022-02-21 12:44:14 - [TEST_STEP][PASSED] - closeBrowser(): Browser is closed

2022-02-21 12:44:15 - [MESSAGE][PASSED] - Browser is closed]]></system-out>
         <system-err><![CDATA[]]></system-err>
      </testcase>
      <testcase name="Test Cases/Администратор/ОТЧЕТЫ функциональные тесты/Список участников без оценки" time="199.714" classname="Test Cases/Администратор/ОТЧЕТЫ функциональные тесты/Список участников без оценки" status="PASSED">
         <system-out><![CDATA[2022-02-21 12:44:15 - [TEST_CASE][PASSED] - Test Cases/Администратор/ОТЧЕТЫ функциональные тесты/Список участников без оценки: Test Cases/Администратор/ОТЧЕТЫ функциональные тесты/Список участников без оценки

2022-02-21 12:44:15 - [TEST_STEP][PASSED] - callTestCase(findTestCase("Администратор/Отчет для тк"), [:], STOP_ON_FAILURE): Call Test Case 'Test Cases/Администратор/Отчет для тк' successfully

2022-02-21 12:44:15 - [TEST_CASE][PASSED] - Test Cases/Администратор/Отчет для тк: Test Cases/Администратор/Отчет для тк

2022-02-21 12:44:15 - [TEST_STEP][PASSED] - callTestCase(findTestCase("Администратор/Авторизация"), [:], STOP_ON_FAILURE): Call Test Case 'Test Cases/Администратор/Авторизация' successfully

2022-02-21 12:44:15 - [TEST_CASE][PASSED] - Test Cases/Администратор/Авторизация: Test Cases/Администратор/Авторизация

2022-02-21 12:44:15 - [TEST_STEP][PASSED] - openBrowser(""): Browser is opened with url: ''

2022-02-21 12:44:15 - [MESSAGE][INFO] - User set preference: ['os', 'linux']

2022-02-21 12:44:15 - [MESSAGE][INFO] - User set preference: ['browserName', 'chrome']

2022-02-21 12:44:15 - [MESSAGE][INFO] - User set preference: ['browserVersion', '97']

2022-02-21 12:44:15 - [MESSAGE][INFO] - User set preference: ['katalon:option', '{organizationId=551240, tunnelId=, usingTunnel=false}']

2022-02-21 12:44:15 - [MESSAGE][INFO] - Connecting to remote web server 'testcloud.katalon.com/hub' with type 'Selenium'

2022-02-21 12:44:15 - [MESSAGE][INFO] - Action delay is set to 100 milliseconds

2022-02-21 12:46:01 - [MESSAGE][PASSED] - Browser is opened with url: ''

2022-02-21 12:46:01 - [TEST_STEP][PASSED] - maximizeWindow(): Current window maximized

2022-02-21 12:46:02 - [MESSAGE][PASSED] - Current window maximized

2022-02-21 12:46:02 - [TEST_STEP][PASSED] - navigateToUrl(url): Navigate to 'https://stars-stage.hawk.ru:8080' successfully

2022-02-21 12:46:08 - [MESSAGE][PASSED] - Navigate to 'https://stars-stage.hawk.ru:8080' successfully

2022-02-21 12:46:08 - [TEST_STEP][PASSED] - setText(findTestObject("Object Repository/Page_/input__sc-lnrBVv eqPACj"), admin_login): Text 'TestAdmin@test.ru' is set on object 'Object Repository/Page_/input__sc-lnrBVv eqPACj'

2022-02-21 12:46:12 - [MESSAGE][PASSED] - Text 'TestAdmin@test.ru' is set on object 'Object Repository/Page_/input__sc-lnrBVv eqPACj'

2022-02-21 12:46:12 - [TEST_STEP][PASSED] - setText(findTestObject("Object Repository/Page_/input__sc-lnrBVv eqPACj_1"), admin_password): Text 'TestAdmin@test.ru' is set on object 'Object Repository/Page_/input__sc-lnrBVv eqPACj_1'

2022-02-21 12:46:17 - [MESSAGE][PASSED] - Text 'TestAdmin@test.ru' is set on object 'Object Repository/Page_/input__sc-lnrBVv eqPACj_1'

2022-02-21 12:46:17 - [TEST_STEP][PASSED] - click(findTestObject("Object Repository/Page_/go")): Object: 'Object Repository/Page_/go' is clicked on

2022-02-21 12:46:19 - [MESSAGE][PASSED] - Object: 'Object Repository/Page_/go' is clicked on

2022-02-21 12:46:19 - [MESSAGE][PASSED] - Call Test Case 'Test Cases/Администратор/Авторизация' successfully

2022-02-21 12:46:19 - [TEST_STEP][PASSED] - click(findTestObject("admin/reports/keys/reports/report")): Object: 'Object Repository/admin/reports/keys/reports/report' is clicked on

2022-02-21 12:46:44 - [MESSAGE][PASSED] - Object: 'Object Repository/admin/reports/keys/reports/report' is clicked on

2022-02-21 12:46:44 - [MESSAGE][PASSED] - Call Test Case 'Test Cases/Администратор/Отчет для тк' successfully

2022-02-21 12:46:44 - [TEST_STEP][PASSED] - click(findTestObject("Object Repository/admin/reports/not/Page_/not")): Object: 'Object Repository/admin/reports/not/Page_/not' is clicked on

2022-02-21 12:46:47 - [MESSAGE][PASSED] - Object: 'Object Repository/admin/reports/not/Page_/not' is clicked on

2022-02-21 12:46:47 - [TEST_STEP][PASSED] - verifyTextPresent("СПИСОК УЧАСТНИКОВ БЕЗ ОЦЕНКИ", true): Text 'СПИСОК УЧАСТНИКОВ БЕЗ ОЦЕНКИ' is present on page  using regular expression

2022-02-21 12:46:56 - [MESSAGE][PASSED] - Text 'СПИСОК УЧАСТНИКОВ БЕЗ ОЦЕНКИ' is present on page  using regular expression

2022-02-21 12:46:56 - [TEST_STEP][PASSED] - takeFullPageScreenshot("C:\scr\" + school + "29.jpg"): Taking screenshot successfully

2022-02-21 12:47:02 - [MESSAGE][INFO] - 0 hidden object(s)

2022-02-21 12:47:02 - [MESSAGE][PASSED] - Taking screenshot successfully
[[ATTACHMENT|C:\scr\Омские Ястребы29.jpg]]

2022-02-21 12:47:02 - [TEST_STEP][PASSED] - setText(findTestObject("Object Repository/admin/reports/not/Page_/input__react-select-2-input"), "ака"): Text 'ака' is set on object 'Object Repository/admin/reports/not/Page_/input__react-select-2-input'

2022-02-21 12:47:07 - [MESSAGE][PASSED] - Text 'ака' is set on object 'Object Repository/admin/reports/not/Page_/input__react-select-2-input'

2022-02-21 12:47:07 - [TEST_STEP][PASSED] - sendKeys(findTestObject("Object Repository/admin/reports/not/Page_/input__react-select-2-input"), Keys.chord(ENTER)): Keys 'ENTER + ' sent to object: 'Object Repository/admin/reports/not/Page_/input__react-select-2-input'

2022-02-21 12:47:08 - [MESSAGE][PASSED] - Keys 'ENTER + ' sent to object: 'Object Repository/admin/reports/not/Page_/input__react-select-2-input'

2022-02-21 12:47:08 - [TEST_STEP][PASSED] - setText(findTestObject("Object Repository/admin/reports/not/Page_/input__react-select-3-input"), school): Text 'Омские Ястребы' is set on object 'Object Repository/admin/reports/not/Page_/input__react-select-3-input'

2022-02-21 12:47:17 - [MESSAGE][PASSED] - Text 'Омские Ястребы' is set on object 'Object Repository/admin/reports/not/Page_/input__react-select-3-input'

2022-02-21 12:47:17 - [TEST_STEP][PASSED] - sendKeys(findTestObject("Object Repository/admin/reports/not/Page_/input__react-select-3-input"), Keys.chord(ENTER)): Keys 'ENTER + ' sent to object: 'Object Repository/admin/reports/not/Page_/input__react-select-3-input'

2022-02-21 12:47:19 - [MESSAGE][PASSED] - Keys 'ENTER + ' sent to object: 'Object Repository/admin/reports/not/Page_/input__react-select-3-input'

2022-02-21 12:47:19 - [TEST_STEP][PASSED] - setText(findTestObject("Object Repository/admin/reports/not/Page_/input__react-select-4-input"), "26.8"): Text '26.8' is set on object 'Object Repository/admin/reports/not/Page_/input__react-select-4-input'

2022-02-21 12:47:24 - [MESSAGE][PASSED] - Text '26.8' is set on object 'Object Repository/admin/reports/not/Page_/input__react-select-4-input'

2022-02-21 12:47:24 - [TEST_STEP][PASSED] - sendKeys(findTestObject("Object Repository/admin/reports/not/Page_/input__react-select-4-input"), Keys.chord(ENTER)): Keys 'ENTER + ' sent to object: 'Object Repository/admin/reports/not/Page_/input__react-select-4-input'

2022-02-21 12:47:26 - [MESSAGE][PASSED] - Keys 'ENTER + ' sent to object: 'Object Repository/admin/reports/not/Page_/input__react-select-4-input'

2022-02-21 12:47:26 - [TEST_STEP][PASSED] - takeFullPageScreenshot("C:\scr\" + school + "30.jpg"): Taking screenshot successfully

2022-02-21 12:47:32 - [MESSAGE][INFO] - 0 hidden object(s)

2022-02-21 12:47:32 - [MESSAGE][PASSED] - Taking screenshot successfully
[[ATTACHMENT|C:\scr\Омские Ястребы30.jpg]]

2022-02-21 12:47:32 - [TEST_STEP][PASSED] - click(findTestObject("Object Repository/manager/kale/Page_/root")): Object: 'Object Repository/manager/kale/Page_/root' is clicked on

2022-02-21 12:47:34 - [MESSAGE][PASSED] - Object: 'Object Repository/manager/kale/Page_/root' is clicked on

2022-02-21 12:47:34 - [TEST_STEP][PASSED] - closeBrowser(): Browser is closed

2022-02-21 12:47:35 - [MESSAGE][PASSED] - Browser is closed]]></system-out>
         <system-err><![CDATA[]]></system-err>
      </testcase>
      <testcase name="Test Cases/Администратор/ОТЧЕТЫ функциональные тесты/Отчет психофиз" time="155.204" classname="Test Cases/Администратор/ОТЧЕТЫ функциональные тесты/Отчет психофиз" status="FAILED">
         <failure type="FAILED" message="Test Cases/Администратор/ОТЧЕТЫ функциональные тесты/Отчет психофиз FAILED.
Reason:
com.kms.katalon.core.exception.StepFailedException: Unable to verify text 'ОТЧЕТ ПСИХОЛОГИЧЕСКОГО ПРОФИЛЯ' is present  using regular expression
	at com.kms.katalon.core.webui.keyword.internal.WebUIKeywordMain.stepFailed(WebUIKeywordMain.groovy:64)
	at com.kms.katalon.core.webui.keyword.internal.WebUIKeywordMain.runKeyword(WebUIKeywordMain.groovy:26)
	at com.kms.katalon.core.webui.keyword.builtin.VerifyTextPresentKeyword.verifyTextPresent(VerifyTextPresentKeyword.groovy:83)
	at com.kms.katalon.core.webui.keyword.builtin.VerifyTextPresentKeyword.execute(VerifyTextPresentKeyword.groovy:68)
	at com.kms.katalon.core.keyword.internal.KeywordExecutor.executeKeywordForPlatform(KeywordExecutor.groovy:74)
	at com.kms.katalon.core.webui.keyword.WebUiBuiltInKeywords.verifyTextPresent(WebUiBuiltInKeywords.groovy:1723)
	at com.kms.katalon.core.webui.keyword.WebUiBuiltInKeywords$verifyTextPresent$8.call(Unknown Source)
	at Отчет психофиз.run(Отчет психофиз:25)
	at com.kms.katalon.core.main.ScriptEngine.run(ScriptEngine.java:194)
	at com.kms.katalon.core.main.ScriptEngine.runScriptAsRawText(ScriptEngine.java:119)
	at com.kms.katalon.core.main.TestCaseExecutor.runScript(TestCaseExecutor.java:442)
	at com.kms.katalon.core.main.TestCaseExecutor.doExecute(TestCaseExecutor.java:433)
	at com.kms.katalon.core.main.TestCaseExecutor.processExecutionPhase(TestCaseExecutor.java:412)
	at com.kms.katalon.core.main.TestCaseExecutor.accessMainPhase(TestCaseExecutor.java:404)
	at com.kms.katalon.core.main.TestCaseExecutor.execute(TestCaseExecutor.java:281)
	at com.kms.katalon.core.main.TestSuiteExecutor.accessTestCaseMainPhase(TestSuiteExecutor.java:202)
	at com.kms.katalon.core.main.TestSuiteExecutor.accessTestSuiteMainPhase(TestSuiteExecutor.java:164)
	at com.kms.katalon.core.main.TestSuiteExecutor.execute(TestSuiteExecutor.java:105)
	at com.kms.katalon.core.main.TestCaseMain.startTestSuite(TestCaseMain.java:185)
	at com.kms.katalon.core.main.TestCaseMain$startTestSuite$0.call(Unknown Source)
	at TempTestSuite1645435798941.run(TempTestSuite1645435798941.groovy:36)
Caused by: com.kms.katalon.core.exception.StepFailedException: Text 'ОТЧЕТ ПСИХОЛОГИЧЕСКОГО ПРОФИЛЯ' is not present on page  using regular expression
	at com.kms.katalon.core.webui.keyword.internal.WebUIKeywordMain.stepFailed(WebUIKeywordMain.groovy:64)
	at com.kms.katalon.core.webui.keyword.builtin.VerifyTextPresentKeyword$_verifyTextPresent_closure1.doCall(VerifyTextPresentKeyword.groovy:79)
	at com.kms.katalon.core.webui.keyword.builtin.VerifyTextPresentKeyword$_verifyTextPresent_closure1.call(VerifyTextPresentKeyword.groovy)
	at com.kms.katalon.core.webui.keyword.internal.WebUIKeywordMain.runKeyword(WebUIKeywordMain.groovy:20)
	... 19 more
"/>
         <system-out><![CDATA[2022-02-21 12:47:35 - [TEST_CASE][FAILED] - Test Cases/Администратор/ОТЧЕТЫ функциональные тесты/Отчет психофиз: Test Cases/Администратор/ОТЧЕТЫ функциональные тесты/Отчет психофиз FAILED.
Reason:
com.kms.katalon.core.exception.StepFailedException: Unable to verify text 'ОТЧЕТ ПСИХОЛОГИЧЕСКОГО ПРОФИЛЯ' is present  using regular expression
	at com.kms.katalon.core.webui.keyword.internal.WebUIKeywordMain.stepFailed(WebUIKeywordMain.groovy:64)
	at com.kms.katalon.core.webui.keyword.internal.WebUIKeywordMain.runKeyword(WebUIKeywordMain.groovy:26)
	at com.kms.katalon.core.webui.keyword.builtin.VerifyTextPresentKeyword.verifyTextPresent(VerifyTextPresentKeyword.groovy:83)
	at com.kms.katalon.core.webui.keyword.builtin.VerifyTextPresentKeyword.execute(VerifyTextPresentKeyword.groovy:68)
	at com.kms.katalon.core.keyword.internal.KeywordExecutor.executeKeywordForPlatform(KeywordExecutor.groovy:74)
	at com.kms.katalon.core.webui.keyword.WebUiBuiltInKeywords.verifyTextPresent(WebUiBuiltInKeywords.groovy:1723)
	at com.kms.katalon.core.webui.keyword.WebUiBuiltInKeywords$verifyTextPresent$8.call(Unknown Source)
	at Отчет психофиз.run(Отчет психофиз:25)
	at com.kms.katalon.core.main.ScriptEngine.run(ScriptEngine.java:194)
	at com.kms.katalon.core.main.ScriptEngine.runScriptAsRawText(ScriptEngine.java:119)
	at com.kms.katalon.core.main.TestCaseExecutor.runScript(TestCaseExecutor.java:442)
	at com.kms.katalon.core.main.TestCaseExecutor.doExecute(TestCaseExecutor.java:433)
	at com.kms.katalon.core.main.TestCaseExecutor.processExecutionPhase(TestCaseExecutor.java:412)
	at com.kms.katalon.core.main.TestCaseExecutor.accessMainPhase(TestCaseExecutor.java:404)
	at com.kms.katalon.core.main.TestCaseExecutor.execute(TestCaseExecutor.java:281)
	at com.kms.katalon.core.main.TestSuiteExecutor.accessTestCaseMainPhase(TestSuiteExecutor.java:202)
	at com.kms.katalon.core.main.TestSuiteExecutor.accessTestSuiteMainPhase(TestSuiteExecutor.java:164)
	at com.kms.katalon.core.main.TestSuiteExecutor.execute(TestSuiteExecutor.java:105)
	at com.kms.katalon.core.main.TestCaseMain.startTestSuite(TestCaseMain.java:185)
	at com.kms.katalon.core.main.TestCaseMain$startTestSuite$0.call(Unknown Source)
	at TempTestSuite1645435798941.run(TempTestSuite1645435798941.groovy:36)
Caused by: com.kms.katalon.core.exception.StepFailedException: Text 'ОТЧЕТ ПСИХОЛОГИЧЕСКОГО ПРОФИЛЯ' is not present on page  using regular expression
	at com.kms.katalon.core.webui.keyword.internal.WebUIKeywordMain.stepFailed(WebUIKeywordMain.groovy:64)
	at com.kms.katalon.core.webui.keyword.builtin.VerifyTextPresentKeyword$_verifyTextPresent_closure1.doCall(VerifyTextPresentKeyword.groovy:79)
	at com.kms.katalon.core.webui.keyword.builtin.VerifyTextPresentKeyword$_verifyTextPresent_closure1.call(VerifyTextPresentKeyword.groovy)
	at com.kms.katalon.core.webui.keyword.internal.WebUIKeywordMain.runKeyword(WebUIKeywordMain.groovy:20)
	... 19 more


2022-02-21 12:47:35 - [TEST_STEP][PASSED] - callTestCase(findTestCase("Администратор/Отчет для тк"), [:], STOP_ON_FAILURE): Call Test Case 'Test Cases/Администратор/Отчет для тк' successfully

2022-02-21 12:47:35 - [TEST_CASE][PASSED] - Test Cases/Администратор/Отчет для тк: Test Cases/Администратор/Отчет для тк

2022-02-21 12:47:35 - [TEST_STEP][PASSED] - callTestCase(findTestCase("Администратор/Авторизация"), [:], STOP_ON_FAILURE): Call Test Case 'Test Cases/Администратор/Авторизация' successfully

2022-02-21 12:47:35 - [TEST_CASE][PASSED] - Test Cases/Администратор/Авторизация: Test Cases/Администратор/Авторизация

2022-02-21 12:47:35 - [TEST_STEP][PASSED] - openBrowser(""): Browser is opened with url: ''

2022-02-21 12:47:35 - [MESSAGE][INFO] - User set preference: ['os', 'linux']

2022-02-21 12:47:35 - [MESSAGE][INFO] - User set preference: ['browserName', 'chrome']

2022-02-21 12:47:35 - [MESSAGE][INFO] - User set preference: ['browserVersion', '97']

2022-02-21 12:47:35 - [MESSAGE][INFO] - User set preference: ['katalon:option', '{organizationId=551240, tunnelId=, usingTunnel=false}']

2022-02-21 12:47:35 - [MESSAGE][INFO] - Connecting to remote web server 'testcloud.katalon.com/hub' with type 'Selenium'

2022-02-21 12:47:35 - [MESSAGE][INFO] - Action delay is set to 100 milliseconds

2022-02-21 12:48:46 - [MESSAGE][PASSED] - Browser is opened with url: ''

2022-02-21 12:48:46 - [TEST_STEP][PASSED] - maximizeWindow(): Current window maximized

2022-02-21 12:48:47 - [MESSAGE][PASSED] - Current window maximized

2022-02-21 12:48:47 - [TEST_STEP][PASSED] - navigateToUrl(url): Navigate to 'https://stars-stage.hawk.ru:8080' successfully

2022-02-21 12:48:53 - [MESSAGE][PASSED] - Navigate to 'https://stars-stage.hawk.ru:8080' successfully

2022-02-21 12:48:53 - [TEST_STEP][PASSED] - setText(findTestObject("Object Repository/Page_/input__sc-lnrBVv eqPACj"), admin_login): Text 'TestAdmin@test.ru' is set on object 'Object Repository/Page_/input__sc-lnrBVv eqPACj'

2022-02-21 12:48:57 - [MESSAGE][PASSED] - Text 'TestAdmin@test.ru' is set on object 'Object Repository/Page_/input__sc-lnrBVv eqPACj'

2022-02-21 12:48:57 - [TEST_STEP][PASSED] - setText(findTestObject("Object Repository/Page_/input__sc-lnrBVv eqPACj_1"), admin_password): Text 'TestAdmin@test.ru' is set on object 'Object Repository/Page_/input__sc-lnrBVv eqPACj_1'

2022-02-21 12:49:01 - [MESSAGE][PASSED] - Text 'TestAdmin@test.ru' is set on object 'Object Repository/Page_/input__sc-lnrBVv eqPACj_1'

2022-02-21 12:49:01 - [TEST_STEP][PASSED] - click(findTestObject("Object Repository/Page_/go")): Object: 'Object Repository/Page_/go' is clicked on

2022-02-21 12:49:03 - [MESSAGE][PASSED] - Object: 'Object Repository/Page_/go' is clicked on

2022-02-21 12:49:03 - [MESSAGE][PASSED] - Call Test Case 'Test Cases/Администратор/Авторизация' successfully

2022-02-21 12:49:03 - [TEST_STEP][PASSED] - click(findTestObject("admin/reports/keys/reports/report")): Object: 'Object Repository/admin/reports/keys/reports/report' is clicked on

2022-02-21 12:49:22 - [MESSAGE][PASSED] - Object: 'Object Repository/admin/reports/keys/reports/report' is clicked on

2022-02-21 12:49:22 - [MESSAGE][PASSED] - Call Test Case 'Test Cases/Администратор/Отчет для тк' successfully

2022-02-21 12:49:22 - [TEST_STEP][PASSED] - click(findTestObject("Object Repository/admin/reports/psyhotest/Page_/psychotest")): Object: 'Object Repository/admin/reports/psyhotest/Page_/psychotest' is clicked on

2022-02-21 12:49:55 - [MESSAGE][INFO] - Unable to find the element located by 'By.xpath: //*[(text() = 'Отчет психофизического профиля' or . = 'Отчет психофизического профиля')]'. Please recheck the objects properties to make sure the desired element is located. 

2022-02-21 12:49:55 - [MESSAGE][WARNING] - [SELF-HEALING] Failed to find element with id 'Object Repository/admin/reports/psyhotest/Page_/psychotest'. Try using Self-healing.

2022-02-21 12:49:56 - [MESSAGE][WARNING] - [SELF-HEALING] The current locator of test object 'Object Repository/admin/reports/psyhotest/Page_/psychotest' was broken. Propose an alternative one: '(.//*[normalize-space(text()) and normalize-space(.)='Отчет по играм за период'])[1]/following::div[6]'.

2022-02-21 12:49:57 - [MESSAGE][PASSED] - Object: 'Object Repository/admin/reports/psyhotest/Page_/psychotest' is clicked on

2022-02-21 12:49:57 - [TEST_STEP][FAILED] - verifyTextPresent("ОТЧЕТ ПСИХОЛОГИЧЕСКОГО ПРОФИЛЯ", true): Unable to verify text 'ОТЧЕТ ПСИХОЛОГИЧЕСКОГО ПРОФИЛЯ' is present  using regular expression (Root cause: com.kms.katalon.core.exception.StepFailedException: Unable to verify text 'ОТЧЕТ ПСИХОЛОГИЧЕСКОГО ПРОФИЛЯ' is present  using regular expression
	at com.kms.katalon.core.webui.keyword.internal.WebUIKeywordMain.stepFailed(WebUIKeywordMain.groovy:64)
	at com.kms.katalon.core.webui.keyword.internal.WebUIKeywordMain.runKeyword(WebUIKeywordMain.groovy:26)
	at com.kms.katalon.core.webui.keyword.builtin.VerifyTextPresentKeyword.verifyTextPresent(VerifyTextPresentKeyword.groovy:83)
	at com.kms.katalon.core.webui.keyword.builtin.VerifyTextPresentKeyword.execute(VerifyTextPresentKeyword.groovy:68)
	at com.kms.katalon.core.keyword.internal.KeywordExecutor.executeKeywordForPlatform(KeywordExecutor.groovy:74)
	at com.kms.katalon.core.webui.keyword.WebUiBuiltInKeywords.verifyTextPresent(WebUiBuiltInKeywords.groovy:1723)
	at com.kms.katalon.core.webui.keyword.WebUiBuiltInKeywords$verifyTextPresent$8.call(Unknown Source)
	at Отчет психофиз.run(Отчет психофиз:25)
	at com.kms.katalon.core.main.ScriptEngine.run(ScriptEngine.java:194)
	at com.kms.katalon.core.main.ScriptEngine.runScriptAsRawText(ScriptEngine.java:119)
	at com.kms.katalon.core.main.TestCaseExecutor.runScript(TestCaseExecutor.java:442)
	at com.kms.katalon.core.main.TestCaseExecutor.doExecute(TestCaseExecutor.java:433)
	at com.kms.katalon.core.main.TestCaseExecutor.processExecutionPhase(TestCaseExecutor.java:412)
	at com.kms.katalon.core.main.TestCaseExecutor.accessMainPhase(TestCaseExecutor.java:404)
	at com.kms.katalon.core.main.TestCaseExecutor.execute(TestCaseExecutor.java:281)
	at com.kms.katalon.core.main.TestSuiteExecutor.accessTestCaseMainPhase(TestSuiteExecutor.java:202)
	at com.kms.katalon.core.main.TestSuiteExecutor.accessTestSuiteMainPhase(TestSuiteExecutor.java:164)
	at com.kms.katalon.core.main.TestSuiteExecutor.execute(TestSuiteExecutor.java:105)
	at com.kms.katalon.core.main.TestCaseMain.startTestSuite(TestCaseMain.java:185)
	at com.kms.katalon.core.main.TestCaseMain$startTestSuite$0.call(Unknown Source)
	at TempTestSuite1645435798941.run(TempTestSuite1645435798941.groovy:36)
Caused by: com.kms.katalon.core.exception.StepFailedException: Text 'ОТЧЕТ ПСИХОЛОГИЧЕСКОГО ПРОФИЛЯ' is not present on page  using regular expression
	at com.kms.katalon.core.webui.keyword.internal.WebUIKeywordMain.stepFailed(WebUIKeywordMain.groovy:64)
	at com.kms.katalon.core.webui.keyword.builtin.VerifyTextPresentKeyword$_verifyTextPresent_closure1.doCall(VerifyTextPresentKeyword.groovy:79)
	at com.kms.katalon.core.webui.keyword.builtin.VerifyTextPresentKeyword$_verifyTextPresent_closure1.call(VerifyTextPresentKeyword.groovy)
	at com.kms.katalon.core.webui.keyword.internal.WebUIKeywordMain.runKeyword(WebUIKeywordMain.groovy:20)
	... 19 more
)

2022-02-21 12:50:06 - [MESSAGE][FAILED] - Text 'ОТЧЕТ ПСИХОЛОГИЧЕСКОГО ПРОФИЛЯ' is not present on page  using regular expression (Root cause: com.kms.katalon.core.exception.StepFailedException: Text 'ОТЧЕТ ПСИХОЛОГИЧЕСКОГО ПРОФИЛЯ' is not present on page  using regular expression
	at com.kms.katalon.core.webui.keyword.internal.WebUIKeywordMain.stepFailed(WebUIKeywordMain.groovy:64)
	at com.kms.katalon.core.webui.keyword.builtin.VerifyTextPresentKeyword$_verifyTextPresent_closure1.doCall(VerifyTextPresentKeyword.groovy:79)
	at com.kms.katalon.core.webui.keyword.builtin.VerifyTextPresentKeyword$_verifyTextPresent_closure1.call(VerifyTextPresentKeyword.groovy)
	at com.kms.katalon.core.webui.keyword.internal.WebUIKeywordMain.runKeyword(WebUIKeywordMain.groovy:20)
	at com.kms.katalon.core.webui.keyword.builtin.VerifyTextPresentKeyword.verifyTextPresent(VerifyTextPresentKeyword.groovy:83)
	at com.kms.katalon.core.webui.keyword.builtin.VerifyTextPresentKeyword.execute(VerifyTextPresentKeyword.groovy:68)
	at com.kms.katalon.core.keyword.internal.KeywordExecutor.executeKeywordForPlatform(KeywordExecutor.groovy:74)
	at com.kms.katalon.core.webui.keyword.WebUiBuiltInKeywords.verifyTextPresent(WebUiBuiltInKeywords.groovy:1723)
	at com.kms.katalon.core.webui.keyword.WebUiBuiltInKeywords$verifyTextPresent$8.call(Unknown Source)
	at Отчет психофиз.run(Отчет психофиз:25)
	at com.kms.katalon.core.main.ScriptEngine.run(ScriptEngine.java:194)
	at com.kms.katalon.core.main.ScriptEngine.runScriptAsRawText(ScriptEngine.java:119)
	at com.kms.katalon.core.main.TestCaseExecutor.runScript(TestCaseExecutor.java:442)
	at com.kms.katalon.core.main.TestCaseExecutor.doExecute(TestCaseExecutor.java:433)
	at com.kms.katalon.core.main.TestCaseExecutor.processExecutionPhase(TestCaseExecutor.java:412)
	at com.kms.katalon.core.main.TestCaseExecutor.accessMainPhase(TestCaseExecutor.java:404)
	at com.kms.katalon.core.main.TestCaseExecutor.execute(TestCaseExecutor.java:281)
	at com.kms.katalon.core.main.TestSuiteExecutor.accessTestCaseMainPhase(TestSuiteExecutor.java:202)
	at com.kms.katalon.core.main.TestSuiteExecutor.accessTestSuiteMainPhase(TestSuiteExecutor.java:164)
	at com.kms.katalon.core.main.TestSuiteExecutor.execute(TestSuiteExecutor.java:105)
	at com.kms.katalon.core.main.TestCaseMain.startTestSuite(TestCaseMain.java:185)
	at com.kms.katalon.core.main.TestCaseMain$startTestSuite$0.call(Unknown Source)
	at TempTestSuite1645435798941.run(TempTestSuite1645435798941.groovy:36)
)

2022-02-21 12:50:08 - [MESSAGE][FAILED] - Unable to verify text 'ОТЧЕТ ПСИХОЛОГИЧЕСКОГО ПРОФИЛЯ' is present  using regular expression (Root cause: com.kms.katalon.core.exception.StepFailedException: Unable to verify text 'ОТЧЕТ ПСИХОЛОГИЧЕСКОГО ПРОФИЛЯ' is present  using regular expression
	at com.kms.katalon.core.webui.keyword.internal.WebUIKeywordMain.stepFailed(WebUIKeywordMain.groovy:64)
	at com.kms.katalon.core.webui.keyword.internal.WebUIKeywordMain.runKeyword(WebUIKeywordMain.groovy:26)
	at com.kms.katalon.core.webui.keyword.builtin.VerifyTextPresentKeyword.verifyTextPresent(VerifyTextPresentKeyword.groovy:83)
	at com.kms.katalon.core.webui.keyword.builtin.VerifyTextPresentKeyword.execute(VerifyTextPresentKeyword.groovy:68)
	at com.kms.katalon.core.keyword.internal.KeywordExecutor.executeKeywordForPlatform(KeywordExecutor.groovy:74)
	at com.kms.katalon.core.webui.keyword.WebUiBuiltInKeywords.verifyTextPresent(WebUiBuiltInKeywords.groovy:1723)
	at com.kms.katalon.core.webui.keyword.WebUiBuiltInKeywords$verifyTextPresent$8.call(Unknown Source)
	at Отчет психофиз.run(Отчет психофиз:25)
	at com.kms.katalon.core.main.ScriptEngine.run(ScriptEngine.java:194)
	at com.kms.katalon.core.main.ScriptEngine.runScriptAsRawText(ScriptEngine.java:119)
	at com.kms.katalon.core.main.TestCaseExecutor.runScript(TestCaseExecutor.java:442)
	at com.kms.katalon.core.main.TestCaseExecutor.doExecute(TestCaseExecutor.java:433)
	at com.kms.katalon.core.main.TestCaseExecutor.processExecutionPhase(TestCaseExecutor.java:412)
	at com.kms.katalon.core.main.TestCaseExecutor.accessMainPhase(TestCaseExecutor.java:404)
	at com.kms.katalon.core.main.TestCaseExecutor.execute(TestCaseExecutor.java:281)
	at com.kms.katalon.core.main.TestSuiteExecutor.accessTestCaseMainPhase(TestSuiteExecutor.java:202)
	at com.kms.katalon.core.main.TestSuiteExecutor.accessTestSuiteMainPhase(TestSuiteExecutor.java:164)
	at com.kms.katalon.core.main.TestSuiteExecutor.execute(TestSuiteExecutor.java:105)
	at com.kms.katalon.core.main.TestCaseMain.startTestSuite(TestCaseMain.java:185)
	at com.kms.katalon.core.main.TestCaseMain$startTestSuite$0.call(Unknown Source)
	at TempTestSuite1645435798941.run(TempTestSuite1645435798941.groovy:36)
Caused by: com.kms.katalon.core.exception.StepFailedException: Text 'ОТЧЕТ ПСИХОЛОГИЧЕСКОГО ПРОФИЛЯ' is not present on page  using regular expression
	at com.kms.katalon.core.webui.keyword.internal.WebUIKeywordMain.stepFailed(WebUIKeywordMain.groovy:64)
	at com.kms.katalon.core.webui.keyword.builtin.VerifyTextPresentKeyword$_verifyTextPresent_closure1.doCall(VerifyTextPresentKeyword.groovy:79)
	at com.kms.katalon.core.webui.keyword.builtin.VerifyTextPresentKeyword$_verifyTextPresent_closure1.call(VerifyTextPresentKeyword.groovy)
	at com.kms.katalon.core.webui.keyword.internal.WebUIKeywordMain.runKeyword(WebUIKeywordMain.groovy:20)
	... 19 more
)
[[ATTACHMENT|C:\\Users\\LENOVO\\Katalon Studio\\Project Avangard\\Reports\\20220221_122957\\\u0410\u0434\u043C\u0438\u043D\u0438\u0441\u0442\u0440\u0430\u0442\u043E\u0440\\20220221_122958\\1645437006180.png]]]]></system-out>
         <system-err><![CDATA[2022-02-21 12:47:35 - [TEST_CASE][FAILED] - Test Cases/Администратор/ОТЧЕТЫ функциональные тесты/Отчет психофиз: Test Cases/Администратор/ОТЧЕТЫ функциональные тесты/Отчет психофиз FAILED.
Reason:
com.kms.katalon.core.exception.StepFailedException: Unable to verify text 'ОТЧЕТ ПСИХОЛОГИЧЕСКОГО ПРОФИЛЯ' is present  using regular expression
	at com.kms.katalon.core.webui.keyword.internal.WebUIKeywordMain.stepFailed(WebUIKeywordMain.groovy:64)
	at com.kms.katalon.core.webui.keyword.internal.WebUIKeywordMain.runKeyword(WebUIKeywordMain.groovy:26)
	at com.kms.katalon.core.webui.keyword.builtin.VerifyTextPresentKeyword.verifyTextPresent(VerifyTextPresentKeyword.groovy:83)
	at com.kms.katalon.core.webui.keyword.builtin.VerifyTextPresentKeyword.execute(VerifyTextPresentKeyword.groovy:68)
	at com.kms.katalon.core.keyword.internal.KeywordExecutor.executeKeywordForPlatform(KeywordExecutor.groovy:74)
	at com.kms.katalon.core.webui.keyword.WebUiBuiltInKeywords.verifyTextPresent(WebUiBuiltInKeywords.groovy:1723)
	at com.kms.katalon.core.webui.keyword.WebUiBuiltInKeywords$verifyTextPresent$8.call(Unknown Source)
	at Отчет психофиз.run(Отчет психофиз:25)
	at com.kms.katalon.core.main.ScriptEngine.run(ScriptEngine.java:194)
	at com.kms.katalon.core.main.ScriptEngine.runScriptAsRawText(ScriptEngine.java:119)
	at com.kms.katalon.core.main.TestCaseExecutor.runScript(TestCaseExecutor.java:442)
	at com.kms.katalon.core.main.TestCaseExecutor.doExecute(TestCaseExecutor.java:433)
	at com.kms.katalon.core.main.TestCaseExecutor.processExecutionPhase(TestCaseExecutor.java:412)
	at com.kms.katalon.core.main.TestCaseExecutor.accessMainPhase(TestCaseExecutor.java:404)
	at com.kms.katalon.core.main.TestCaseExecutor.execute(TestCaseExecutor.java:281)
	at com.kms.katalon.core.main.TestSuiteExecutor.accessTestCaseMainPhase(TestSuiteExecutor.java:202)
	at com.kms.katalon.core.main.TestSuiteExecutor.accessTestSuiteMainPhase(TestSuiteExecutor.java:164)
	at com.kms.katalon.core.main.TestSuiteExecutor.execute(TestSuiteExecutor.java:105)
	at com.kms.katalon.core.main.TestCaseMain.startTestSuite(TestCaseMain.java:185)
	at com.kms.katalon.core.main.TestCaseMain$startTestSuite$0.call(Unknown Source)
	at TempTestSuite1645435798941.run(TempTestSuite1645435798941.groovy:36)
Caused by: com.kms.katalon.core.exception.StepFailedException: Text 'ОТЧЕТ ПСИХОЛОГИЧЕСКОГО ПРОФИЛЯ' is not present on page  using regular expression
	at com.kms.katalon.core.webui.keyword.internal.WebUIKeywordMain.stepFailed(WebUIKeywordMain.groovy:64)
	at com.kms.katalon.core.webui.keyword.builtin.VerifyTextPresentKeyword$_verifyTextPresent_closure1.doCall(VerifyTextPresentKeyword.groovy:79)
	at com.kms.katalon.core.webui.keyword.builtin.VerifyTextPresentKeyword$_verifyTextPresent_closure1.call(VerifyTextPresentKeyword.groovy)
	at com.kms.katalon.core.webui.keyword.internal.WebUIKeywordMain.runKeyword(WebUIKeywordMain.groovy:20)
	... 19 more]]></system-err>
      </testcase>
      <testcase name="Test Cases/Администратор/ОТЧЕТЫ функциональные тесты/Отчет по играм за период" time="143.061" classname="Test Cases/Администратор/ОТЧЕТЫ функциональные тесты/Отчет по играм за период" status="PASSED">
         <system-out><![CDATA[2022-02-21 12:50:10 - [TEST_CASE][PASSED] - Test Cases/Администратор/ОТЧЕТЫ функциональные тесты/Отчет по играм за период: Test Cases/Администратор/ОТЧЕТЫ функциональные тесты/Отчет по играм за период

2022-02-21 12:50:10 - [TEST_STEP][PASSED] - callTestCase(findTestCase("Администратор/Отчет для тк"), [:], STOP_ON_FAILURE): Call Test Case 'Test Cases/Администратор/Отчет для тк' successfully

2022-02-21 12:50:10 - [TEST_CASE][PASSED] - Test Cases/Администратор/Отчет для тк: Test Cases/Администратор/Отчет для тк

2022-02-21 12:50:10 - [TEST_STEP][PASSED] - callTestCase(findTestCase("Администратор/Авторизация"), [:], STOP_ON_FAILURE): Call Test Case 'Test Cases/Администратор/Авторизация' successfully

2022-02-21 12:50:10 - [TEST_CASE][PASSED] - Test Cases/Администратор/Авторизация: Test Cases/Администратор/Авторизация

2022-02-21 12:50:10 - [TEST_STEP][PASSED] - openBrowser(""): Browser is opened with url: ''

2022-02-21 12:50:10 - [MESSAGE][WARNING] - A browser is already opened. Closing browser and opening a new one

2022-02-21 12:50:11 - [MESSAGE][INFO] - User set preference: ['os', 'linux']

2022-02-21 12:50:11 - [MESSAGE][INFO] - User set preference: ['browserName', 'chrome']

2022-02-21 12:50:11 - [MESSAGE][INFO] - User set preference: ['browserVersion', '97']

2022-02-21 12:50:11 - [MESSAGE][INFO] - User set preference: ['katalon:option', '{organizationId=551240, tunnelId=, usingTunnel=false}']

2022-02-21 12:50:11 - [MESSAGE][INFO] - Connecting to remote web server 'testcloud.katalon.com/hub' with type 'Selenium'

2022-02-21 12:50:11 - [MESSAGE][INFO] - Action delay is set to 100 milliseconds

2022-02-21 12:50:48 - [MESSAGE][PASSED] - Browser is opened with url: ''

2022-02-21 12:50:48 - [TEST_STEP][PASSED] - maximizeWindow(): Current window maximized

2022-02-21 12:50:48 - [MESSAGE][PASSED] - Current window maximized

2022-02-21 12:50:48 - [TEST_STEP][PASSED] - navigateToUrl(url): Navigate to 'https://stars-stage.hawk.ru:8080' successfully

2022-02-21 12:50:54 - [MESSAGE][PASSED] - Navigate to 'https://stars-stage.hawk.ru:8080' successfully

2022-02-21 12:50:54 - [TEST_STEP][PASSED] - setText(findTestObject("Object Repository/Page_/input__sc-lnrBVv eqPACj"), admin_login): Text 'TestAdmin@test.ru' is set on object 'Object Repository/Page_/input__sc-lnrBVv eqPACj'

2022-02-21 12:50:59 - [MESSAGE][PASSED] - Text 'TestAdmin@test.ru' is set on object 'Object Repository/Page_/input__sc-lnrBVv eqPACj'

2022-02-21 12:50:59 - [TEST_STEP][PASSED] - setText(findTestObject("Object Repository/Page_/input__sc-lnrBVv eqPACj_1"), admin_password): Text 'TestAdmin@test.ru' is set on object 'Object Repository/Page_/input__sc-lnrBVv eqPACj_1'

2022-02-21 12:51:02 - [MESSAGE][PASSED] - Text 'TestAdmin@test.ru' is set on object 'Object Repository/Page_/input__sc-lnrBVv eqPACj_1'

2022-02-21 12:51:02 - [TEST_STEP][PASSED] - click(findTestObject("Object Repository/Page_/go")): Object: 'Object Repository/Page_/go' is clicked on

2022-02-21 12:51:04 - [MESSAGE][PASSED] - Object: 'Object Repository/Page_/go' is clicked on

2022-02-21 12:51:04 - [MESSAGE][PASSED] - Call Test Case 'Test Cases/Администратор/Авторизация' successfully

2022-02-21 12:51:04 - [TEST_STEP][PASSED] - click(findTestObject("admin/reports/keys/reports/report")): Object: 'Object Repository/admin/reports/keys/reports/report' is clicked on

2022-02-21 12:51:27 - [MESSAGE][PASSED] - Object: 'Object Repository/admin/reports/keys/reports/report' is clicked on

2022-02-21 12:51:27 - [MESSAGE][PASSED] - Call Test Case 'Test Cases/Администратор/Отчет для тк' successfully

2022-02-21 12:51:27 - [TEST_STEP][PASSED] - click(findTestObject("Object Repository/admin/reports/period/Page_/div_")): Object: 'Object Repository/admin/reports/period/Page_/div_' is clicked on

2022-02-21 12:51:29 - [MESSAGE][PASSED] - Object: 'Object Repository/admin/reports/period/Page_/div_' is clicked on

2022-02-21 12:51:29 - [TEST_STEP][PASSED] - verifyTextPresent("ОТЧЕТ ПО ИГРАМ ЗА ПЕРИОД", true): Text 'ОТЧЕТ ПО ИГРАМ ЗА ПЕРИОД' is present on page  using regular expression

2022-02-21 12:51:31 - [MESSAGE][PASSED] - Text 'ОТЧЕТ ПО ИГРАМ ЗА ПЕРИОД' is present on page  using regular expression

2022-02-21 12:51:31 - [TEST_STEP][PASSED] - setText(findTestObject("Object Repository/admin/reports/period/Page_/input__react-select-2-input"), "академия"): Text 'академия' is set on object 'Object Repository/admin/reports/period/Page_/input__react-select-2-input'

2022-02-21 12:51:35 - [MESSAGE][PASSED] - Text 'академия' is set on object 'Object Repository/admin/reports/period/Page_/input__react-select-2-input'

2022-02-21 12:51:35 - [TEST_STEP][PASSED] - sendKeys(findTestObject("Object Repository/admin/reports/period/Page_/input__react-select-2-input"), Keys.chord(ENTER)): Keys 'ENTER + ' sent to object: 'Object Repository/admin/reports/period/Page_/input__react-select-2-input'

2022-02-21 12:51:37 - [MESSAGE][PASSED] - Keys 'ENTER + ' sent to object: 'Object Repository/admin/reports/period/Page_/input__react-select-2-input'

2022-02-21 12:51:37 - [TEST_STEP][PASSED] - setText(findTestObject("Object Repository/admin/reports/period/Page_/input__react-select-3-input"), school): Text 'Омские Ястребы' is set on object 'Object Repository/admin/reports/period/Page_/input__react-select-3-input'

2022-02-21 12:51:41 - [MESSAGE][PASSED] - Text 'Омские Ястребы' is set on object 'Object Repository/admin/reports/period/Page_/input__react-select-3-input'

2022-02-21 12:51:41 - [TEST_STEP][PASSED] - sendKeys(findTestObject("Object Repository/admin/reports/period/Page_/input__react-select-3-input"), Keys.chord(ENTER)): Keys 'ENTER + ' sent to object: 'Object Repository/admin/reports/period/Page_/input__react-select-3-input'

2022-02-21 12:51:43 - [MESSAGE][PASSED] - Keys 'ENTER + ' sent to object: 'Object Repository/admin/reports/period/Page_/input__react-select-3-input'

2022-02-21 12:51:43 - [TEST_STEP][PASSED] - setText(findTestObject("Object Repository/admin/reports/period/Page_/input_._year"), "2020"): Text '2020' is set on object 'Object Repository/admin/reports/period/Page_/input_._year'

2022-02-21 12:51:53 - [MESSAGE][PASSED] - Text '2020' is set on object 'Object Repository/admin/reports/period/Page_/input_._year'

2022-02-21 12:51:53 - [TEST_STEP][PASSED] - waitForElementNotPresent(findTestObject("Object Repository/admin/reports/period/Page_/img_ _sc-cMljjf KiCqS"), 0): Web element with id: 'Object Repository/admin/reports/period/Page_/img_ _sc-cMljjf KiCqS' located by 'By.xpath: //div[@id='root']/div/div/div[2]/div/div[2]/div/div/div/img' is not present after '30' second(s)

2022-02-21 12:51:53 - [MESSAGE][WARNING] - Timeout '0' is invalid. Using default page load timeout: '30'

2022-02-21 12:52:06 - [MESSAGE][PASSED] - Web element with id: 'Object Repository/admin/reports/period/Page_/img_ _sc-cMljjf KiCqS' located by 'By.xpath: //div[@id='root']/div/div/div[2]/div/div[2]/div/div/div/img' is not present after '30' second(s)

2022-02-21 12:52:06 - [TEST_STEP][PASSED] - verifyTextPresent("Управление командой со скамейки", true): Text 'Управление командой со скамейки' is present on page  using regular expression

2022-02-21 12:52:09 - [MESSAGE][PASSED] - Text 'Управление командой со скамейки' is present on page  using regular expression

2022-02-21 12:52:09 - [TEST_STEP][PASSED] - verifyTextPresent("Самоотверженность / воля к победе", true): Text 'Самоотверженность / воля к победе' is present on page  using regular expression

2022-02-21 12:52:13 - [MESSAGE][PASSED] - Text 'Самоотверженность / воля к победе' is present on page  using regular expression

2022-02-21 12:52:13 - [TEST_STEP][PASSED] - verifyTextPresent("СРЕДНЯЯ ОЦЕНКА", false): Text 'СРЕДНЯЯ ОЦЕНКА' is present on page 

2022-02-21 12:52:16 - [MESSAGE][PASSED] - Text 'СРЕДНЯЯ ОЦЕНКА' is present on page 

2022-02-21 12:52:16 - [TEST_STEP][PASSED] - verifyTextPresent("АТАКУЮЩИЕ ДЕЙСТВИЯ", false): Text 'АТАКУЮЩИЕ ДЕЙСТВИЯ' is present on page 

2022-02-21 12:52:19 - [MESSAGE][PASSED] - Text 'АТАКУЮЩИЕ ДЕЙСТВИЯ' is present on page 

2022-02-21 12:52:19 - [TEST_STEP][PASSED] - verifyTextPresent("ОБОРОНИТЕЛЬНЫЕ ДЕЙСТВИЯ", false): Text 'ОБОРОНИТЕЛЬНЫЕ ДЕЙСТВИЯ' is present on page 

2022-02-21 12:52:23 - [MESSAGE][PASSED] - Text 'ОБОРОНИТЕЛЬНЫЕ ДЕЙСТВИЯ' is present on page 

2022-02-21 12:52:23 - [TEST_STEP][PASSED] - verifyTextPresent("Защитник", false): Text 'Защитник' is present on page 

2022-02-21 12:52:27 - [MESSAGE][PASSED] - Text 'Защитник' is present on page 

2022-02-21 12:52:27 - [TEST_STEP][PASSED] - verifyTextPresent("Нападающий", false): Text 'Нападающий' is present on page 

2022-02-21 12:52:30 - [MESSAGE][PASSED] - Text 'Нападающий' is present on page 

2022-02-21 12:52:30 - [TEST_STEP][PASSED] - click(findTestObject("Object Repository/admin/reports/period/Page_/root")): Object: 'Object Repository/admin/reports/period/Page_/root' is clicked on

2022-02-21 12:52:32 - [MESSAGE][PASSED] - Object: 'Object Repository/admin/reports/period/Page_/root' is clicked on

2022-02-21 12:52:32 - [TEST_STEP][PASSED] - closeBrowser(): Browser is closed

2022-02-21 12:52:33 - [MESSAGE][PASSED] - Browser is closed]]></system-out>
         <system-err><![CDATA[]]></system-err>
      </testcase>
      <testcase name="Test Cases/Администратор/ОТЧЕТЫ функциональные тесты/Игровая статистика" time="123.943" classname="Test Cases/Администратор/ОТЧЕТЫ функциональные тесты/Игровая статистика" status="PASSED">
         <system-out><![CDATA[2022-02-21 12:52:33 - [TEST_CASE][PASSED] - Test Cases/Администратор/ОТЧЕТЫ функциональные тесты/Игровая статистика: Test Cases/Администратор/ОТЧЕТЫ функциональные тесты/Игровая статистика

2022-02-21 12:52:33 - [TEST_STEP][PASSED] - callTestCase(findTestCase("Администратор/Авторизация"), [:], STOP_ON_FAILURE): Call Test Case 'Test Cases/Администратор/Авторизация' successfully

2022-02-21 12:52:33 - [TEST_CASE][PASSED] - Test Cases/Администратор/Авторизация: Test Cases/Администратор/Авторизация

2022-02-21 12:52:33 - [TEST_STEP][PASSED] - openBrowser(""): Browser is opened with url: ''

2022-02-21 12:52:33 - [MESSAGE][INFO] - User set preference: ['os', 'linux']

2022-02-21 12:52:33 - [MESSAGE][INFO] - User set preference: ['browserName', 'chrome']

2022-02-21 12:52:33 - [MESSAGE][INFO] - User set preference: ['browserVersion', '97']

2022-02-21 12:52:33 - [MESSAGE][INFO] - User set preference: ['katalon:option', '{organizationId=551240, tunnelId=, usingTunnel=false}']

2022-02-21 12:52:33 - [MESSAGE][INFO] - Connecting to remote web server 'testcloud.katalon.com/hub' with type 'Selenium'

2022-02-21 12:52:33 - [MESSAGE][INFO] - Action delay is set to 100 milliseconds

2022-02-21 12:53:04 - [MESSAGE][PASSED] - Browser is opened with url: ''

2022-02-21 12:53:04 - [TEST_STEP][PASSED] - maximizeWindow(): Current window maximized

2022-02-21 12:53:05 - [MESSAGE][PASSED] - Current window maximized

2022-02-21 12:53:05 - [TEST_STEP][PASSED] - navigateToUrl(url): Navigate to 'https://stars-stage.hawk.ru:8080' successfully

2022-02-21 12:53:11 - [MESSAGE][PASSED] - Navigate to 'https://stars-stage.hawk.ru:8080' successfully

2022-02-21 12:53:11 - [TEST_STEP][PASSED] - setText(findTestObject("Object Repository/Page_/input__sc-lnrBVv eqPACj"), admin_login): Text 'TestAdmin@test.ru' is set on object 'Object Repository/Page_/input__sc-lnrBVv eqPACj'

2022-02-21 12:53:15 - [MESSAGE][PASSED] - Text 'TestAdmin@test.ru' is set on object 'Object Repository/Page_/input__sc-lnrBVv eqPACj'

2022-02-21 12:53:15 - [TEST_STEP][PASSED] - setText(findTestObject("Object Repository/Page_/input__sc-lnrBVv eqPACj_1"), admin_password): Text 'TestAdmin@test.ru' is set on object 'Object Repository/Page_/input__sc-lnrBVv eqPACj_1'

2022-02-21 12:53:19 - [MESSAGE][PASSED] - Text 'TestAdmin@test.ru' is set on object 'Object Repository/Page_/input__sc-lnrBVv eqPACj_1'

2022-02-21 12:53:19 - [TEST_STEP][PASSED] - click(findTestObject("Object Repository/Page_/go")): Object: 'Object Repository/Page_/go' is clicked on

2022-02-21 12:53:21 - [MESSAGE][PASSED] - Object: 'Object Repository/Page_/go' is clicked on

2022-02-21 12:53:21 - [MESSAGE][PASSED] - Call Test Case 'Test Cases/Администратор/Авторизация' successfully

2022-02-21 12:53:21 - [TEST_STEP][PASSED] - click(findTestObject("Object Repository/admin/reports/gamestat/reports/report")): Object: 'Object Repository/admin/reports/gamestat/reports/report' is clicked on

2022-02-21 12:53:48 - [MESSAGE][PASSED] - Object: 'Object Repository/admin/reports/gamestat/reports/report' is clicked on

2022-02-21 12:53:48 - [TEST_STEP][PASSED] - click(findTestObject("Object Repository/admin/reports/gamestat/Page_/stats_report")): Object: 'Object Repository/admin/reports/gamestat/Page_/stats_report' is clicked on

2022-02-21 12:53:51 - [MESSAGE][PASSED] - Object: 'Object Repository/admin/reports/gamestat/Page_/stats_report' is clicked on

2022-02-21 12:53:51 - [TEST_STEP][PASSED] - verifyTextPresent("ИГРОВАЯ СТАТИСТИКА", true): Text 'ИГРОВАЯ СТАТИСТИКА' is present on page  using regular expression

2022-02-21 12:53:52 - [MESSAGE][PASSED] - Text 'ИГРОВАЯ СТАТИСТИКА' is present on page  using regular expression

2022-02-21 12:53:52 - [TEST_STEP][PASSED] - click(findTestObject("Object Repository/admin/reports/gamestat/Page_/school")): Object: 'Object Repository/admin/reports/gamestat/Page_/school' is clicked on

2022-02-21 12:53:54 - [MESSAGE][PASSED] - Object: 'Object Repository/admin/reports/gamestat/Page_/school' is clicked on

2022-02-21 12:53:54 - [TEST_STEP][PASSED] - click(findTestObject("Object Repository/admin/reports/gamestat/Page_/Academy")): Object: 'Object Repository/admin/reports/gamestat/Page_/Academy' is clicked on

2022-02-21 12:53:56 - [MESSAGE][PASSED] - Object: 'Object Repository/admin/reports/gamestat/Page_/Academy' is clicked on

2022-02-21 12:53:56 - [TEST_STEP][PASSED] - click(findTestObject("Object Repository/admin/reports/gamestat/Page_/team")): Object: 'Object Repository/admin/reports/gamestat/Page_/team' is clicked on

2022-02-21 12:53:59 - [MESSAGE][PASSED] - Object: 'Object Repository/admin/reports/gamestat/Page_/team' is clicked on

2022-02-21 12:53:59 - [TEST_STEP][PASSED] - click(findTestObject("Object Repository/admin/reports/gamestat/Page_/varteam")): Object: 'Object Repository/admin/reports/gamestat/Page_/varteam' is clicked on

2022-02-21 12:54:01 - [MESSAGE][PASSED] - Object: 'Object Repository/admin/reports/gamestat/Page_/varteam' is clicked on

2022-02-21 12:54:01 - [TEST_STEP][PASSED] - click(findTestObject("Object Repository/admin/reports/gamestat/Page_/choseSeason")): Object: 'Object Repository/admin/reports/gamestat/Page_/choseSeason' is clicked on

2022-02-21 12:54:05 - [MESSAGE][PASSED] - Object: 'Object Repository/admin/reports/gamestat/Page_/choseSeason' is clicked on

2022-02-21 12:54:05 - [TEST_STEP][PASSED] - click(findTestObject("Object Repository/admin/reports/gamestat/Page_/div_21-22_1")): Object: 'Object Repository/admin/reports/gamestat/Page_/div_21-22_1' is clicked on

2022-02-21 12:54:08 - [MESSAGE][PASSED] - Object: 'Object Repository/admin/reports/gamestat/Page_/div_21-22_1' is clicked on

2022-02-21 12:54:08 - [TEST_STEP][PASSED] - takeFullPageScreenshot("C:\scr\" + school + "10.jpg"): Taking screenshot successfully

2022-02-21 12:54:17 - [MESSAGE][INFO] - 0 hidden object(s)

2022-02-21 12:54:17 - [MESSAGE][PASSED] - Taking screenshot successfully
[[ATTACHMENT|C:\scr\Омские Ястребы10.jpg]]

2022-02-21 12:54:17 - [TEST_STEP][PASSED] - verifyTextPresent("Матчи", true): Text 'Матчи' is present on page  using regular expression

2022-02-21 12:54:20 - [MESSAGE][PASSED] - Text 'Матчи' is present on page  using regular expression

2022-02-21 12:54:20 - [TEST_STEP][PASSED] - verifyTextPresent("Смены", true): Text 'Смены' is present on page  using regular expression

2022-02-21 12:54:22 - [MESSAGE][PASSED] - Text 'Смены' is present on page  using regular expression

2022-02-21 12:54:22 - [TEST_STEP][PASSED] - verifyTextPresent("Голы за", false): Text 'Голы за' is present on page 

2022-02-21 12:54:24 - [MESSAGE][PASSED] - Text 'Голы за' is present on page 

2022-02-21 12:54:24 - [TEST_STEP][PASSED] - verifyTextPresent("Голы против", false): Text 'Голы против' is present on page 

2022-02-21 12:54:27 - [MESSAGE][PASSED] - Text 'Голы против' is present on page 

2022-02-21 12:54:27 - [TEST_STEP][PASSED] - takeFullPageScreenshot("C:\scr\" + school + "11.jpg"): Taking screenshot successfully

2022-02-21 12:54:34 - [MESSAGE][INFO] - 0 hidden object(s)

2022-02-21 12:54:34 - [MESSAGE][PASSED] - Taking screenshot successfully
[[ATTACHMENT|C:\scr\Омские Ястребы11.jpg]]

2022-02-21 12:54:34 - [TEST_STEP][PASSED] - click(findTestObject("Object Repository/admin/reports/gamestat/Page_/root")): Object: 'Object Repository/admin/reports/gamestat/Page_/root' is clicked on

2022-02-21 12:54:36 - [MESSAGE][PASSED] - Object: 'Object Repository/admin/reports/gamestat/Page_/root' is clicked on

2022-02-21 12:54:36 - [TEST_STEP][PASSED] - closeBrowser(): Browser is closed

2022-02-21 12:54:37 - [MESSAGE][PASSED] - Browser is closed]]></system-out>
         <system-err><![CDATA[]]></system-err>
      </testcase>
      <testcase name="Test Cases/Администратор/Отчет для тк" time="67.997" classname="Test Cases/Администратор/Отчет для тк" status="PASSED">
         <system-out><![CDATA[2022-02-21 12:54:37 - [TEST_CASE][PASSED] - Test Cases/Администратор/Отчет для тк: Test Cases/Администратор/Отчет для тк

2022-02-21 12:54:37 - [TEST_STEP][PASSED] - callTestCase(findTestCase("Администратор/Авторизация"), [:], STOP_ON_FAILURE): Call Test Case 'Test Cases/Администратор/Авторизация' successfully

2022-02-21 12:54:37 - [TEST_CASE][PASSED] - Test Cases/Администратор/Авторизация: Test Cases/Администратор/Авторизация

2022-02-21 12:54:37 - [TEST_STEP][PASSED] - openBrowser(""): Browser is opened with url: ''

2022-02-21 12:54:37 - [MESSAGE][INFO] - User set preference: ['os', 'linux']

2022-02-21 12:54:37 - [MESSAGE][INFO] - User set preference: ['browserName', 'chrome']

2022-02-21 12:54:37 - [MESSAGE][INFO] - User set preference: ['browserVersion', '97']

2022-02-21 12:54:37 - [MESSAGE][INFO] - User set preference: ['katalon:option', '{organizationId=551240, tunnelId=, usingTunnel=false}']

2022-02-21 12:54:37 - [MESSAGE][INFO] - Connecting to remote web server 'testcloud.katalon.com/hub' with type 'Selenium'

2022-02-21 12:54:37 - [MESSAGE][INFO] - Action delay is set to 100 milliseconds

2022-02-21 12:54:59 - [MESSAGE][PASSED] - Browser is opened with url: ''

2022-02-21 12:54:59 - [TEST_STEP][PASSED] - maximizeWindow(): Current window maximized

2022-02-21 12:55:00 - [MESSAGE][PASSED] - Current window maximized

2022-02-21 12:55:00 - [TEST_STEP][PASSED] - navigateToUrl(url): Navigate to 'https://stars-stage.hawk.ru:8080' successfully

2022-02-21 12:55:06 - [MESSAGE][PASSED] - Navigate to 'https://stars-stage.hawk.ru:8080' successfully

2022-02-21 12:55:06 - [TEST_STEP][PASSED] - setText(findTestObject("Object Repository/Page_/input__sc-lnrBVv eqPACj"), admin_login): Text 'TestAdmin@test.ru' is set on object 'Object Repository/Page_/input__sc-lnrBVv eqPACj'

2022-02-21 12:55:10 - [MESSAGE][PASSED] - Text 'TestAdmin@test.ru' is set on object 'Object Repository/Page_/input__sc-lnrBVv eqPACj'

2022-02-21 12:55:10 - [TEST_STEP][PASSED] - setText(findTestObject("Object Repository/Page_/input__sc-lnrBVv eqPACj_1"), admin_password): Text 'TestAdmin@test.ru' is set on object 'Object Repository/Page_/input__sc-lnrBVv eqPACj_1'

2022-02-21 12:55:14 - [MESSAGE][PASSED] - Text 'TestAdmin@test.ru' is set on object 'Object Repository/Page_/input__sc-lnrBVv eqPACj_1'

2022-02-21 12:55:14 - [TEST_STEP][PASSED] - click(findTestObject("Object Repository/Page_/go")): Object: 'Object Repository/Page_/go' is clicked on

2022-02-21 12:55:16 - [MESSAGE][PASSED] - Object: 'Object Repository/Page_/go' is clicked on

2022-02-21 12:55:16 - [MESSAGE][PASSED] - Call Test Case 'Test Cases/Администратор/Авторизация' successfully

2022-02-21 12:55:16 - [TEST_STEP][PASSED] - click(findTestObject("admin/reports/keys/reports/report")): Object: 'Object Repository/admin/reports/keys/reports/report' is clicked on

2022-02-21 12:55:45 - [MESSAGE][PASSED] - Object: 'Object Repository/admin/reports/keys/reports/report' is clicked on]]></system-out>
         <system-err><![CDATA[]]></system-err>
      </testcase>
      <testcase name="Test Cases/Администратор/Команды" time="105.58" classname="Test Cases/Администратор/Команды" status="PASSED">
         <system-out><![CDATA[2022-02-21 12:55:45 - [TEST_CASE][PASSED] - Test Cases/Администратор/Команды: Test Cases/Администратор/Команды

2022-02-21 12:55:45 - [TEST_STEP][PASSED] - callTestCase(findTestCase("Администратор/Авторизация"), [:], STOP_ON_FAILURE): Call Test Case 'Test Cases/Администратор/Авторизация' successfully

2022-02-21 12:55:45 - [TEST_CASE][PASSED] - Test Cases/Администратор/Авторизация: Test Cases/Администратор/Авторизация

2022-02-21 12:55:45 - [TEST_STEP][PASSED] - openBrowser(""): Browser is opened with url: ''

2022-02-21 12:55:45 - [MESSAGE][WARNING] - A browser is already opened. Closing browser and opening a new one

2022-02-21 12:55:46 - [MESSAGE][INFO] - User set preference: ['os', 'linux']

2022-02-21 12:55:46 - [MESSAGE][INFO] - User set preference: ['browserName', 'chrome']

2022-02-21 12:55:46 - [MESSAGE][INFO] - User set preference: ['browserVersion', '97']

2022-02-21 12:55:46 - [MESSAGE][INFO] - User set preference: ['katalon:option', '{organizationId=551240, tunnelId=, usingTunnel=false}']

2022-02-21 12:55:46 - [MESSAGE][INFO] - Connecting to remote web server 'testcloud.katalon.com/hub' with type 'Selenium'

2022-02-21 12:55:46 - [MESSAGE][INFO] - Action delay is set to 100 milliseconds

2022-02-21 12:56:14 - [MESSAGE][PASSED] - Browser is opened with url: ''

2022-02-21 12:56:14 - [TEST_STEP][PASSED] - maximizeWindow(): Current window maximized

2022-02-21 12:56:15 - [MESSAGE][PASSED] - Current window maximized

2022-02-21 12:56:15 - [TEST_STEP][PASSED] - navigateToUrl(url): Navigate to 'https://stars-stage.hawk.ru:8080' successfully

2022-02-21 12:56:21 - [MESSAGE][PASSED] - Navigate to 'https://stars-stage.hawk.ru:8080' successfully

2022-02-21 12:56:21 - [TEST_STEP][PASSED] - setText(findTestObject("Object Repository/Page_/input__sc-lnrBVv eqPACj"), admin_login): Text 'TestAdmin@test.ru' is set on object 'Object Repository/Page_/input__sc-lnrBVv eqPACj'

2022-02-21 12:56:25 - [MESSAGE][PASSED] - Text 'TestAdmin@test.ru' is set on object 'Object Repository/Page_/input__sc-lnrBVv eqPACj'

2022-02-21 12:56:25 - [TEST_STEP][PASSED] - setText(findTestObject("Object Repository/Page_/input__sc-lnrBVv eqPACj_1"), admin_password): Text 'TestAdmin@test.ru' is set on object 'Object Repository/Page_/input__sc-lnrBVv eqPACj_1'

2022-02-21 12:56:29 - [MESSAGE][PASSED] - Text 'TestAdmin@test.ru' is set on object 'Object Repository/Page_/input__sc-lnrBVv eqPACj_1'

2022-02-21 12:56:29 - [TEST_STEP][PASSED] - click(findTestObject("Object Repository/Page_/go")): Object: 'Object Repository/Page_/go' is clicked on

2022-02-21 12:56:31 - [MESSAGE][PASSED] - Object: 'Object Repository/Page_/go' is clicked on

2022-02-21 12:56:31 - [MESSAGE][PASSED] - Call Test Case 'Test Cases/Администратор/Авторизация' successfully

2022-02-21 12:56:31 - [TEST_STEP][PASSED] - click(findTestObject("Object Repository/admin/school/Page_/Page_/teams")): Object: 'Object Repository/admin/school/Page_/Page_/teams' is clicked on

2022-02-21 12:56:54 - [MESSAGE][PASSED] - Object: 'Object Repository/admin/school/Page_/Page_/teams' is clicked on

2022-02-21 12:56:54 - [TEST_STEP][PASSED] - takeFullPageScreenshot("C:\scr\" + school + "4.jpg"): Taking screenshot successfully

2022-02-21 12:57:00 - [MESSAGE][INFO] - 0 hidden object(s)

2022-02-21 12:57:01 - [MESSAGE][PASSED] - Taking screenshot successfully
[[ATTACHMENT|C:\scr\Омские Ястребы4.jpg]]

2022-02-21 12:57:01 - [TEST_STEP][PASSED] - click(findTestObject("Object Repository/admin/school/Page_/Page_/td_")): Object: 'Object Repository/admin/school/Page_/Page_/td_' is clicked on

2022-02-21 12:57:03 - [MESSAGE][PASSED] - Object: 'Object Repository/admin/school/Page_/Page_/td_' is clicked on

2022-02-21 12:57:03 - [TEST_STEP][PASSED] - takeFullPageScreenshot("C:\scr\" + school + "5.jpg"): Taking screenshot successfully

2022-02-21 12:57:09 - [MESSAGE][INFO] - 0 hidden object(s)

2022-02-21 12:57:09 - [MESSAGE][PASSED] - Taking screenshot successfully
[[ATTACHMENT|C:\scr\Омские Ястребы5.jpg]]

2022-02-21 12:57:09 - [TEST_STEP][PASSED] - verifyTextPresent("ИНФОРМАЦИЯ О КОМАНДЕ", false): Text 'ИНФОРМАЦИЯ О КОМАНДЕ' is present on page 

2022-02-21 12:57:11 - [MESSAGE][PASSED] - Text 'ИНФОРМАЦИЯ О КОМАНДЕ' is present on page 

2022-02-21 12:57:11 - [TEST_STEP][PASSED] - click(findTestObject("Object Repository/admin/school/Page_/Page_/all")): Object: 'Object Repository/admin/school/Page_/Page_/all' is clicked on

2022-02-21 12:57:13 - [MESSAGE][PASSED] - Object: 'Object Repository/admin/school/Page_/Page_/all' is clicked on

2022-02-21 12:57:13 - [TEST_STEP][PASSED] - click(findTestObject("Object Repository/admin/school/Page_/Page_/game-estimation")): Object: 'Object Repository/admin/school/Page_/Page_/game-estimation' is clicked on

2022-02-21 12:57:16 - [MESSAGE][PASSED] - Object: 'Object Repository/admin/school/Page_/Page_/game-estimation' is clicked on

2022-02-21 12:57:16 - [TEST_STEP][PASSED] - verifyTextPresent("ОЦЕНКА ИГРЫ ПО АМПЛУА", false): Text 'ОЦЕНКА ИГРЫ ПО АМПЛУА' is present on page 

2022-02-21 12:57:19 - [MESSAGE][PASSED] - Text 'ОЦЕНКА ИГРЫ ПО АМПЛУА' is present on page 

2022-02-21 12:57:19 - [TEST_STEP][PASSED] - verifyTextPresent("ОЦЕНКА ИГРЫ ПО КОМАНДЕ", false): Text 'ОЦЕНКА ИГРЫ ПО КОМАНДЕ' is present on page 

2022-02-21 12:57:21 - [MESSAGE][PASSED] - Text 'ОЦЕНКА ИГРЫ ПО КОМАНДЕ' is present on page 

2022-02-21 12:57:21 - [TEST_STEP][PASSED] - click(findTestObject("Object Repository/admin/school/Page_/Page_/lesson")): Object: 'Object Repository/admin/school/Page_/Page_/lesson' is clicked on

2022-02-21 12:57:23 - [MESSAGE][PASSED] - Object: 'Object Repository/admin/school/Page_/Page_/lesson' is clicked on

2022-02-21 12:57:23 - [TEST_STEP][PASSED] - verifyTextPresent("ДОБАВИТЬ МЕРОПРИЯТИЕ", false): Text 'ДОБАВИТЬ МЕРОПРИЯТИЕ' is present on page 

2022-02-21 12:57:28 - [MESSAGE][PASSED] - Text 'ДОБАВИТЬ МЕРОПРИЯТИЕ' is present on page 

2022-02-21 12:57:28 - [TEST_STEP][PASSED] - click(findTestObject("Object Repository/admin/school/Page_/Page_/div_")): Object: 'Object Repository/admin/school/Page_/Page_/div_' is clicked on

2022-02-21 12:57:30 - [MESSAGE][PASSED] - Object: 'Object Repository/admin/school/Page_/Page_/div_' is clicked on

2022-02-21 12:57:30 - [TEST_STEP][PASSED] - closeBrowser(): Browser is closed

2022-02-21 12:57:30 - [MESSAGE][PASSED] - Browser is closed]]></system-out>
         <system-err><![CDATA[]]></system-err>
      </testcase>
      <testcase name="Test Cases/Администратор/Документы (возможна проверка и под аккаунтом Менеджера)" time="94.859" classname="Test Cases/Администратор/Документы (возможна проверка и под аккаунтом Менеджера)" status="PASSED">
         <system-out><![CDATA[2022-02-21 12:57:30 - [TEST_CASE][PASSED] - Test Cases/Администратор/Документы (возможна проверка и под аккаунтом Менеджера): Test Cases/Администратор/Документы (возможна проверка и под аккаунтом Менеджера)

2022-02-21 12:57:31 - [TEST_STEP][PASSED] - callTestCase(findTestCase("Администратор/Авторизация"), [:], STOP_ON_FAILURE): Call Test Case 'Test Cases/Администратор/Авторизация' successfully

2022-02-21 12:57:31 - [TEST_CASE][PASSED] - Test Cases/Администратор/Авторизация: Test Cases/Администратор/Авторизация

2022-02-21 12:57:31 - [TEST_STEP][PASSED] - openBrowser(""): Browser is opened with url: ''

2022-02-21 12:57:31 - [MESSAGE][INFO] - User set preference: ['os', 'linux']

2022-02-21 12:57:31 - [MESSAGE][INFO] - User set preference: ['browserName', 'chrome']

2022-02-21 12:57:31 - [MESSAGE][INFO] - User set preference: ['browserVersion', '97']

2022-02-21 12:57:31 - [MESSAGE][INFO] - User set preference: ['katalon:option', '{organizationId=551240, tunnelId=, usingTunnel=false}']

2022-02-21 12:57:31 - [MESSAGE][INFO] - Connecting to remote web server 'testcloud.katalon.com/hub' with type 'Selenium'

2022-02-21 12:57:31 - [MESSAGE][INFO] - Action delay is set to 100 milliseconds

2022-02-21 12:57:59 - [MESSAGE][PASSED] - Browser is opened with url: ''

2022-02-21 12:57:59 - [TEST_STEP][PASSED] - maximizeWindow(): Current window maximized

2022-02-21 12:58:00 - [MESSAGE][PASSED] - Current window maximized

2022-02-21 12:58:00 - [TEST_STEP][PASSED] - navigateToUrl(url): Navigate to 'https://stars-stage.hawk.ru:8080' successfully

2022-02-21 12:58:08 - [MESSAGE][PASSED] - Navigate to 'https://stars-stage.hawk.ru:8080' successfully

2022-02-21 12:58:08 - [TEST_STEP][PASSED] - setText(findTestObject("Object Repository/Page_/input__sc-lnrBVv eqPACj"), admin_login): Text 'TestAdmin@test.ru' is set on object 'Object Repository/Page_/input__sc-lnrBVv eqPACj'

2022-02-21 12:58:12 - [MESSAGE][PASSED] - Text 'TestAdmin@test.ru' is set on object 'Object Repository/Page_/input__sc-lnrBVv eqPACj'

2022-02-21 12:58:12 - [TEST_STEP][PASSED] - setText(findTestObject("Object Repository/Page_/input__sc-lnrBVv eqPACj_1"), admin_password): Text 'TestAdmin@test.ru' is set on object 'Object Repository/Page_/input__sc-lnrBVv eqPACj_1'

2022-02-21 12:58:16 - [MESSAGE][PASSED] - Text 'TestAdmin@test.ru' is set on object 'Object Repository/Page_/input__sc-lnrBVv eqPACj_1'

2022-02-21 12:58:16 - [TEST_STEP][PASSED] - click(findTestObject("Object Repository/Page_/go")): Object: 'Object Repository/Page_/go' is clicked on

2022-02-21 12:58:18 - [MESSAGE][PASSED] - Object: 'Object Repository/Page_/go' is clicked on

2022-02-21 12:58:18 - [MESSAGE][PASSED] - Call Test Case 'Test Cases/Администратор/Авторизация' successfully

2022-02-21 12:58:18 - [TEST_STEP][PASSED] - click(findTestObject("Avangard New/Object (Администратор)/documents (вкладка документы)")): Object: 'Object Repository/Avangard New/Object (Администратор)/documents (вкладка документы)' is clicked on

2022-02-21 12:58:45 - [MESSAGE][PASSED] - Object: 'Object Repository/Avangard New/Object (Администратор)/documents (вкладка документы)' is clicked on

2022-02-21 12:58:45 - [TEST_STEP][PASSED] - waitForPageLoad(10): Wait for page load successfully

2022-02-21 12:58:46 - [MESSAGE][PASSED] - Wait for page load successfully

2022-02-21 12:58:46 - [TEST_STEP][PASSED] - click(findTestObject("Avangard New/Object (Администратор)/document (нажать на документ)")): Object: 'Object Repository/Avangard New/Object (Администратор)/document (нажать на документ)' is clicked on

2022-02-21 12:58:49 - [MESSAGE][PASSED] - Object: 'Object Repository/Avangard New/Object (Администратор)/document (нажать на документ)' is clicked on

2022-02-21 12:58:49 - [TEST_STEP][PASSED] - verifyElementClickable(findTestObject("Avangard New/Object (Администратор)/button download")): Object 'Object Repository/Avangard New/Object (Администратор)/button download' is clickable

2022-02-21 12:58:51 - [MESSAGE][PASSED] - Object 'Object Repository/Avangard New/Object (Администратор)/button download' is clickable

2022-02-21 12:58:51 - [TEST_STEP][PASSED] - sendKeys(findTestObject("Avangard New/Object (Администратор)/button download"), Keys.chord(ESCAPE)): Keys 'ESCAPE + ' sent to object: 'Object Repository/Avangard New/Object (Администратор)/button download'

2022-02-21 12:58:53 - [MESSAGE][PASSED] - Keys 'ESCAPE + ' sent to object: 'Object Repository/Avangard New/Object (Администратор)/button download'

2022-02-21 12:58:53 - [TEST_STEP][PASSED] - scrollToElement(findTestObject("admin/documents/documents (4)/add"), 0, OPTIONAL): Scroll to object 'Object Repository/admin/documents/documents (4)/add' successfully

2022-02-21 12:58:53 - [MESSAGE][WARNING] - Timeout '0' is invalid. Using default page load timeout: '30'

2022-02-21 12:58:55 - [MESSAGE][PASSED] - Scroll to object 'Object Repository/admin/documents/documents (4)/add' successfully

2022-02-21 12:58:55 - [TEST_STEP][PASSED] - while (verifyElementVisible(findTestObject("admin/documents/Page_/add"), OPTIONAL) == true): null

2022-02-21 12:58:57 - [MESSAGE][PASSED] - Object 'Object Repository/admin/documents/Page_/add' is visible

2022-02-21 12:58:57 - [TEST_STEP][PASSED] - click(findTestObject("admin/documents/documents (4)/add")): Object: 'Object Repository/admin/documents/documents (4)/add' is clicked on

2022-02-21 12:58:59 - [MESSAGE][PASSED] - Object: 'Object Repository/admin/documents/documents (4)/add' is clicked on

2022-02-21 12:58:59 - [TEST_STEP][PASSED] - verifyElementVisible(findTestObject("admin/documents/Page_/div_    05.02.21")): Object 'Object Repository/admin/documents/Page_/div_    05.02.21' is visible

2022-02-21 12:59:01 - [MESSAGE][PASSED] - Object 'Object Repository/admin/documents/Page_/div_    05.02.21' is visible

2022-02-21 12:59:01 - [TEST_STEP][PASSED] - click(findTestObject("admin/documents/Page_/div_ _sidebar__overlay sidebar__overlay_visible")): Object: 'Object Repository/admin/documents/Page_/div_ _sidebar__overlay sidebar__overlay_visible' is clicked on

2022-02-21 12:59:03 - [MESSAGE][PASSED] - Object: 'Object Repository/admin/documents/Page_/div_ _sidebar__overlay sidebar__overlay_visible' is clicked on

2022-02-21 12:59:03 - [TEST_STEP][PASSED] - break: null

2022-02-21 12:59:03 - [TEST_STEP][PASSED] - click(findTestObject("Avangard New/Object (Администратор)/home (вкладка главная)")): Object: 'Object Repository/Avangard New/Object (Администратор)/home (вкладка главная)' is clicked on

2022-02-21 12:59:05 - [MESSAGE][PASSED] - Object: 'Object Repository/Avangard New/Object (Администратор)/home (вкладка главная)' is clicked on

2022-02-21 12:59:05 - [TEST_STEP][PASSED] - closeBrowser(): Browser is closed

2022-02-21 12:59:05 - [MESSAGE][PASSED] - Browser is closed]]></system-out>
         <system-err><![CDATA[]]></system-err>
      </testcase>
      <testcase name="Test Cases/Администратор/Авторизация" time="40.203" classname="Test Cases/Администратор/Авторизация" status="PASSED">
         <system-out><![CDATA[2022-02-21 12:59:05 - [TEST_CASE][PASSED] - Test Cases/Администратор/Авторизация: Test Cases/Администратор/Авторизация

2022-02-21 12:59:05 - [TEST_STEP][PASSED] - openBrowser(""): Browser is opened with url: ''

2022-02-21 12:59:05 - [MESSAGE][INFO] - User set preference: ['os', 'linux']

2022-02-21 12:59:05 - [MESSAGE][INFO] - User set preference: ['browserName', 'chrome']

2022-02-21 12:59:05 - [MESSAGE][INFO] - User set preference: ['browserVersion', '97']

2022-02-21 12:59:05 - [MESSAGE][INFO] - User set preference: ['katalon:option', '{organizationId=551240, tunnelId=, usingTunnel=false}']

2022-02-21 12:59:05 - [MESSAGE][INFO] - Connecting to remote web server 'testcloud.katalon.com/hub' with type 'Selenium'

2022-02-21 12:59:05 - [MESSAGE][INFO] - Action delay is set to 100 milliseconds

2022-02-21 12:59:30 - [MESSAGE][PASSED] - Browser is opened with url: ''

2022-02-21 12:59:30 - [TEST_STEP][PASSED] - maximizeWindow(): Current window maximized

2022-02-21 12:59:30 - [MESSAGE][PASSED] - Current window maximized

2022-02-21 12:59:30 - [TEST_STEP][PASSED] - navigateToUrl(url): Navigate to 'https://stars-stage.hawk.ru:8080' successfully

2022-02-21 12:59:36 - [MESSAGE][PASSED] - Navigate to 'https://stars-stage.hawk.ru:8080' successfully

2022-02-21 12:59:36 - [TEST_STEP][PASSED] - setText(findTestObject("Object Repository/Page_/input__sc-lnrBVv eqPACj"), admin_login): Text 'TestAdmin@test.ru' is set on object 'Object Repository/Page_/input__sc-lnrBVv eqPACj'

2022-02-21 12:59:40 - [MESSAGE][PASSED] - Text 'TestAdmin@test.ru' is set on object 'Object Repository/Page_/input__sc-lnrBVv eqPACj'

2022-02-21 12:59:40 - [TEST_STEP][PASSED] - setText(findTestObject("Object Repository/Page_/input__sc-lnrBVv eqPACj_1"), admin_password): Text 'TestAdmin@test.ru' is set on object 'Object Repository/Page_/input__sc-lnrBVv eqPACj_1'

2022-02-21 12:59:43 - [MESSAGE][PASSED] - Text 'TestAdmin@test.ru' is set on object 'Object Repository/Page_/input__sc-lnrBVv eqPACj_1'

2022-02-21 12:59:43 - [TEST_STEP][PASSED] - click(findTestObject("Object Repository/Page_/go")): Object: 'Object Repository/Page_/go' is clicked on

2022-02-21 12:59:45 - [MESSAGE][PASSED] - Object: 'Object Repository/Page_/go' is clicked on]]></system-out>
         <system-err><![CDATA[]]></system-err>
      </testcase>
      <system-out><![CDATA[2022-02-21 12:30:23 - [TEST_SUITE][FAILED] - Администратор: Test Cases/Администратор/ОТЧЕТЫ функциональные тесты/Отчет психофиз FAILED.
Reason:
com.kms.katalon.core.exception.StepFailedException: Unable to verify text 'ОТЧЕТ ПСИХОЛОГИЧЕСКОГО ПРОФИЛЯ' is present  using regular expression
	at com.kms.katalon.core.webui.keyword.internal.WebUIKeywordMain.stepFailed(WebUIKeywordMain.groovy:64)
	at com.kms.katalon.core.webui.keyword.internal.WebUIKeywordMain.runKeyword(WebUIKeywordMain.groovy:26)
	at com.kms.katalon.core.webui.keyword.builtin.VerifyTextPresentKeyword.verifyTextPresent(VerifyTextPresentKeyword.groovy:83)
	at com.kms.katalon.core.webui.keyword.builtin.VerifyTextPresentKeyword.execute(VerifyTextPresentKeyword.groovy:68)
	at com.kms.katalon.core.keyword.internal.KeywordExecutor.executeKeywordForPlatform(KeywordExecutor.groovy:74)
	at com.kms.katalon.core.webui.keyword.WebUiBuiltInKeywords.verifyTextPresent(WebUiBuiltInKeywords.groovy:1723)
	at com.kms.katalon.core.webui.keyword.WebUiBuiltInKeywords$verifyTextPresent$8.call(Unknown Source)
	at Отчет психофиз.run(Отчет психофиз:25)
	at com.kms.katalon.core.main.ScriptEngine.run(ScriptEngine.java:194)
	at com.kms.katalon.core.main.ScriptEngine.runScriptAsRawText(ScriptEngine.java:119)
	at com.kms.katalon.core.main.TestCaseExecutor.runScript(TestCaseExecutor.java:442)
	at com.kms.katalon.core.main.TestCaseExecutor.doExecute(TestCaseExecutor.java:433)
	at com.kms.katalon.core.main.TestCaseExecutor.processExecutionPhase(TestCaseExecutor.java:412)
	at com.kms.katalon.core.main.TestCaseExecutor.accessMainPhase(TestCaseExecutor.java:404)
	at com.kms.katalon.core.main.TestCaseExecutor.execute(TestCaseExecutor.java:281)
	at com.kms.katalon.core.main.TestSuiteExecutor.accessTestCaseMainPhase(TestSuiteExecutor.java:202)
	at com.kms.katalon.core.main.TestSuiteExecutor.accessTestSuiteMainPhase(TestSuiteExecutor.java:164)
	at com.kms.katalon.core.main.TestSuiteExecutor.execute(TestSuiteExecutor.java:105)
	at com.kms.katalon.core.main.TestCaseMain.startTestSuite(TestCaseMain.java:185)
	at com.kms.katalon.core.main.TestCaseMain$startTestSuite$0.call(Unknown Source)
	at TempTestSuite1645435798941.run(TempTestSuite1645435798941.groovy:36)
Caused by: com.kms.katalon.core.exception.StepFailedException: Text 'ОТЧЕТ ПСИХОЛОГИЧЕСКОГО ПРОФИЛЯ' is not present on page  using regular expression
	at com.kms.katalon.core.webui.keyword.internal.WebUIKeywordMain.stepFailed(WebUIKeywordMain.groovy:64)
	at com.kms.katalon.core.webui.keyword.builtin.VerifyTextPresentKeyword$_verifyTextPresent_closure1.doCall(VerifyTextPresentKeyword.groovy:79)
	at com.kms.katalon.core.webui.keyword.builtin.VerifyTextPresentKeyword$_verifyTextPresent_closure1.call(VerifyTextPresentKeyword.groovy)
	at com.kms.katalon.core.webui.keyword.internal.WebUIKeywordMain.runKeyword(WebUIKeywordMain.groovy:20)
	... 19 more]]></system-out>
      <system-err><![CDATA[2022-02-21 12:30:23 - [TEST_SUITE][FAILED] - Администратор: Test Cases/Администратор/ОТЧЕТЫ функциональные тесты/Отчет психофиз FAILED.
Reason:
com.kms.katalon.core.exception.StepFailedException: Unable to verify text 'ОТЧЕТ ПСИХОЛОГИЧЕСКОГО ПРОФИЛЯ' is present  using regular expression
	at com.kms.katalon.core.webui.keyword.internal.WebUIKeywordMain.stepFailed(WebUIKeywordMain.groovy:64)
	at com.kms.katalon.core.webui.keyword.internal.WebUIKeywordMain.runKeyword(WebUIKeywordMain.groovy:26)
	at com.kms.katalon.core.webui.keyword.builtin.VerifyTextPresentKeyword.verifyTextPresent(VerifyTextPresentKeyword.groovy:83)
	at com.kms.katalon.core.webui.keyword.builtin.VerifyTextPresentKeyword.execute(VerifyTextPresentKeyword.groovy:68)
	at com.kms.katalon.core.keyword.internal.KeywordExecutor.executeKeywordForPlatform(KeywordExecutor.groovy:74)
	at com.kms.katalon.core.webui.keyword.WebUiBuiltInKeywords.verifyTextPresent(WebUiBuiltInKeywords.groovy:1723)
	at com.kms.katalon.core.webui.keyword.WebUiBuiltInKeywords$verifyTextPresent$8.call(Unknown Source)
	at Отчет психофиз.run(Отчет психофиз:25)
	at com.kms.katalon.core.main.ScriptEngine.run(ScriptEngine.java:194)
	at com.kms.katalon.core.main.ScriptEngine.runScriptAsRawText(ScriptEngine.java:119)
	at com.kms.katalon.core.main.TestCaseExecutor.runScript(TestCaseExecutor.java:442)
	at com.kms.katalon.core.main.TestCaseExecutor.doExecute(TestCaseExecutor.java:433)
	at com.kms.katalon.core.main.TestCaseExecutor.processExecutionPhase(TestCaseExecutor.java:412)
	at com.kms.katalon.core.main.TestCaseExecutor.accessMainPhase(TestCaseExecutor.java:404)
	at com.kms.katalon.core.main.TestCaseExecutor.execute(TestCaseExecutor.java:281)
	at com.kms.katalon.core.main.TestSuiteExecutor.accessTestCaseMainPhase(TestSuiteExecutor.java:202)
	at com.kms.katalon.core.main.TestSuiteExecutor.accessTestSuiteMainPhase(TestSuiteExecutor.java:164)
	at com.kms.katalon.core.main.TestSuiteExecutor.execute(TestSuiteExecutor.java:105)
	at com.kms.katalon.core.main.TestCaseMain.startTestSuite(TestCaseMain.java:185)
	at com.kms.katalon.core.main.TestCaseMain$startTestSuite$0.call(Unknown Source)
	at TempTestSuite1645435798941.run(TempTestSuite1645435798941.groovy:36)
Caused by: com.kms.katalon.core.exception.StepFailedException: Text 'ОТЧЕТ ПСИХОЛОГИЧЕСКОГО ПРОФИЛЯ' is not present on page  using regular expression
	at com.kms.katalon.core.webui.keyword.internal.WebUIKeywordMain.stepFailed(WebUIKeywordMain.groovy:64)
	at com.kms.katalon.core.webui.keyword.builtin.VerifyTextPresentKeyword$_verifyTextPresent_closure1.doCall(VerifyTextPresentKeyword.groovy:79)
	at com.kms.katalon.core.webui.keyword.builtin.VerifyTextPresentKeyword$_verifyTextPresent_closure1.call(VerifyTextPresentKeyword.groovy)
	at com.kms.katalon.core.webui.keyword.internal.WebUIKeywordMain.runKeyword(WebUIKeywordMain.groovy:20)
	... 19 more]]></system-err>
   </testsuite>
   <testsuite name="Администратор" tests="13" failures="2" errors="0" time="1747.465" skipped="0" timestamp="2022-02-21 12:30:23" hostname="LENOVO - DESKTOP-KNHN0AA" id="Test Suites/Администратор">
      <properties>
         <property name="deviceName" value=""/>
         <property name="devicePlatform" value=""/>
         <property name="logFolder" value="C:\\Users\\LENOVO\\Katalon Studio\\Project Avangard\\Reports\\20220221_122957\\\u0410\u0434\u043C\u0438\u043D\u0438\u0441\u0442\u0440\u0430\u0442\u043E\u0440\\20220221_123000"/>
         <property name="logFiles" value="C:\\Users\\LENOVO\\Katalon Studio\\Project Avangard\\Reports\\20220221_122957\\\u0410\u0434\u043C\u0438\u043D\u0438\u0441\u0442\u0440\u0430\u0442\u043E\u0440\\20220221_123000\\execution0.log"/>
         <property name="attachments" value="C:\scr\Авангард-200543.jpg, C:\scr\Авангард-200544.jpg, C:\scr\Авангард-200545.jpg, C:\scr\Авангард-200547.jpg, C:\scr\Авангард-200548.jpg, C:\scr\Авангард-200541.jpg, C:\scr\Авангард-200542.jpg, C:\scr\Авангард-200534.jpg, C:\scr\Авангард-200537.jpg, C:\scr\Авангард-200539.jpg, C:\scr\Авангард-200540.jpg, C:\scr\Авангард-200538.jpg, C:\scr\Авангард-200533.jpg, C:\scr\Авангард-200529.jpg, C:\scr\Авангард-200530.jpg, C:\\Users\\LENOVO\\Katalon Studio\\Project Avangard\\Reports\\20220221_122957\\\u0410\u0434\u043C\u0438\u043D\u0438\u0441\u0442\u0440\u0430\u0442\u043E\u0440\\20220221_123000\\1645437025090.png, C:\scr\Авангард-200510.jpg, C:\scr\Авангард-200511.jpg, C:\scr\Авангард-20054.jpg, C:\\Users\\LENOVO\\Katalon Studio\\Project Avangard\\Reports\\20220221_122957\\\u0410\u0434\u043C\u0438\u043D\u0438\u0441\u0442\u0440\u0430\u0442\u043E\u0440\\20220221_123000\\1645437439796.png"/>
         <property name="hostName" value="LENOVO - DESKTOP-KNHN0AA"/>
         <property name="remoteDriverUrl" value="testcloud.katalon.com/hub"/>
         <property name="desiredCapabilities" value="{
  &quot;acceptInsecureCerts&quot;: false,
  &quot;browserName&quot;: &quot;chrome&quot;,
  &quot;browserVersion&quot;: &quot;97.0.4692.71&quot;,
  &quot;chrome&quot;: {
    &quot;chromedriverVersion&quot;: &quot;97.0.4692.71 (adefa7837d02a07a604c1e6eff0b3a09422ab88d-refs/branch-heads/4692@{#1247})&quot;,
    &quot;userDataDir&quot;: &quot;/tmp/.com.google.Chrome.Ticisb&quot;
  },
  &quot;goog:chromeOptions&quot;: {
    &quot;debuggerAddress&quot;: &quot;localhost:42147&quot;
  },
  &quot;javascriptEnabled&quot;: true,
  &quot;networkConnectionEnabled&quot;: false,
  &quot;pageLoadStrategy&quot;: &quot;normal&quot;,
  &quot;platform&quot;: &quot;LINUX&quot;,
  &quot;platformName&quot;: &quot;LINUX&quot;,
  &quot;proxy&quot;: {
    &quot;proxyType&quot;: &quot;DIRECT&quot;,
    &quot;autodetect&quot;: false
  },
  &quot;se:cdp&quot;: &quot;ws://172.48.72.136:4444/session/f5b0be09268ac672b3c365aeb46f6e57/se/cdp&quot;,
  &quot;se:cdpVersion&quot;: &quot;97.0.4692.71&quot;,
  &quot;se:vnc&quot;: &quot;ws://172.48.72.136:4444/session/f5b0be09268ac672b3c365aeb46f6e57/se/vnc&quot;,
  &quot;se:vncEnabled&quot;: true,
  &quot;se:vncLocalAddress&quot;: &quot;ws://172.48.72.136:7900&quot;,
  &quot;setWindowRect&quot;: true,
  &quot;strictFileInteractability&quot;: false,
  &quot;timeouts&quot;: {
    &quot;implicit&quot;: 0,
    &quot;pageLoad&quot;: 300000,
    &quot;script&quot;: 30000
  },
  &quot;unhandledPromptBehavior&quot;: &quot;dismiss and notify&quot;,
  &quot;webauthn:extension:credBlob&quot;: true,
  &quot;webauthn:extension:largeBlob&quot;: true,
  &quot;webauthn:virtualAuthenticators&quot;: true
}"/>
         <property name="os" value="Windows 10 64bit"/>
         <property name="remoteOS" value="Linux"/>
         <property name="katalonVersion" value="8.2.5.208"/>
         <property name="browser" value="Chrome 97.0.4692.71"/>
         <property name="hostAddress" value="192.168.2.113"/>
         <property name="sessionId" value="f5b0be09268ac672b3c365aeb46f6e57"/>
         <property name="seleniumVersion" value="3.141.59"/>
         <property name="proxyInformation" value="ProxyInformation { proxyOption=NO_PROXY, proxyServerType=HTTP, username=, password=********, proxyServerAddress=, proxyServerPort=0, executionList=&quot;&quot;, isApplyToDesiredCapabilities=true }"/>
         <property name="platform" value="Windows 10"/>
      </properties>
      <testcase name="Test Cases/Администратор/Школы" time="150.85" classname="Test Cases/Администратор/Школы" status="PASSED">
         <system-out><![CDATA[2022-02-21 12:30:25 - [TEST_CASE][PASSED] - Test Cases/Администратор/Школы: Test Cases/Администратор/Школы

2022-02-21 12:30:28 - [TEST_STEP][PASSED] - callTestCase(findTestCase("Администратор/Авторизация"), [:], STOP_ON_FAILURE): Call Test Case 'Test Cases/Администратор/Авторизация' successfully

2022-02-21 12:30:29 - [TEST_CASE][PASSED] - Test Cases/Администратор/Авторизация: Test Cases/Администратор/Авторизация

2022-02-21 12:30:31 - [TEST_STEP][PASSED] - openBrowser(""): Browser is opened with url: ''

2022-02-21 12:30:33 - [MESSAGE][INFO] - User set preference: ['os', 'linux']

2022-02-21 12:30:33 - [MESSAGE][INFO] - User set preference: ['browserName', 'chrome']

2022-02-21 12:30:33 - [MESSAGE][INFO] - User set preference: ['browserVersion', '97']

2022-02-21 12:30:33 - [MESSAGE][INFO] - User set preference: ['katalon:option', '{organizationId=551240, tunnelId=, usingTunnel=false}']

2022-02-21 12:30:33 - [MESSAGE][INFO] - Connecting to remote web server 'testcloud.katalon.com/hub' with type 'Selenium'

2022-02-21 12:30:35 - [MESSAGE][INFO] - Action delay is set to 100 milliseconds

2022-02-21 12:31:06 - [MESSAGE][PASSED] - Browser is opened with url: ''

2022-02-21 12:31:06 - [TEST_STEP][PASSED] - maximizeWindow(): Current window maximized

2022-02-21 12:31:08 - [MESSAGE][PASSED] - Current window maximized

2022-02-21 12:31:08 - [TEST_STEP][PASSED] - navigateToUrl(url): Navigate to 'https://stars-stage.hawk.ru:8080' successfully

2022-02-21 12:31:15 - [MESSAGE][PASSED] - Navigate to 'https://stars-stage.hawk.ru:8080' successfully

2022-02-21 12:31:15 - [TEST_STEP][PASSED] - setText(findTestObject("Object Repository/Page_/input__sc-lnrBVv eqPACj"), admin_login): Text 'TestAdmin@test.ru' is set on object 'Object Repository/Page_/input__sc-lnrBVv eqPACj'

2022-02-21 12:31:19 - [MESSAGE][PASSED] - Text 'TestAdmin@test.ru' is set on object 'Object Repository/Page_/input__sc-lnrBVv eqPACj'

2022-02-21 12:31:19 - [TEST_STEP][PASSED] - setText(findTestObject("Object Repository/Page_/input__sc-lnrBVv eqPACj_1"), admin_password): Text 'TestAdmin@test.ru' is set on object 'Object Repository/Page_/input__sc-lnrBVv eqPACj_1'

2022-02-21 12:31:23 - [MESSAGE][PASSED] - Text 'TestAdmin@test.ru' is set on object 'Object Repository/Page_/input__sc-lnrBVv eqPACj_1'

2022-02-21 12:31:23 - [TEST_STEP][PASSED] - click(findTestObject("Object Repository/Page_/go")): Object: 'Object Repository/Page_/go' is clicked on

2022-02-21 12:31:26 - [MESSAGE][PASSED] - Object: 'Object Repository/Page_/go' is clicked on

2022-02-21 12:31:26 - [MESSAGE][PASSED] - Call Test Case 'Test Cases/Администратор/Авторизация' successfully

2022-02-21 12:31:26 - [TEST_STEP][PASSED] - click(findTestObject("Object Repository/admin/school/schools/schools")): Object: 'Object Repository/admin/school/schools/schools' is clicked on

2022-02-21 12:31:52 - [MESSAGE][PASSED] - Object: 'Object Repository/admin/school/schools/schools' is clicked on

2022-02-21 12:31:52 - [TEST_STEP][PASSED] - takeFullPageScreenshot("C:\scr\" + school + "43.jpg"): Taking screenshot successfully

2022-02-21 12:31:59 - [MESSAGE][INFO] - 0 hidden object(s)

2022-02-21 12:31:59 - [MESSAGE][PASSED] - Taking screenshot successfully
[[ATTACHMENT|C:\scr\Авангард-200543.jpg]]

2022-02-21 12:31:59 - [TEST_STEP][PASSED] - click(findTestObject("Object Repository/admin/school/Page_/div_")): Object: 'Object Repository/admin/school/Page_/div_' is clicked on

2022-02-21 12:32:02 - [MESSAGE][PASSED] - Object: 'Object Repository/admin/school/Page_/div_' is clicked on

2022-02-21 12:32:02 - [TEST_STEP][PASSED] - scrollToElement(findTestObject("Object Repository/admin/school/Page_/players"), 0): Scroll to object 'Object Repository/admin/school/Page_/players' successfully

2022-02-21 12:32:02 - [MESSAGE][WARNING] - Timeout '0' is invalid. Using default page load timeout: '30'

2022-02-21 12:32:10 - [MESSAGE][PASSED] - Scroll to object 'Object Repository/admin/school/Page_/players' successfully

2022-02-21 12:32:10 - [TEST_STEP][PASSED] - click(findTestObject("Object Repository/admin/school/Page_/players")): Object: 'Object Repository/admin/school/Page_/players' is clicked on

2022-02-21 12:32:12 - [MESSAGE][PASSED] - Object: 'Object Repository/admin/school/Page_/players' is clicked on

2022-02-21 12:32:12 - [TEST_STEP][PASSED] - takeFullPageScreenshot("C:\scr\" + school + "44.jpg"): Taking screenshot successfully

2022-02-21 12:32:19 - [MESSAGE][INFO] - 0 hidden object(s)

2022-02-21 12:32:19 - [MESSAGE][PASSED] - Taking screenshot successfully
[[ATTACHMENT|C:\scr\Авангард-200544.jpg]]

2022-02-21 12:32:19 - [TEST_STEP][PASSED] - click(findTestObject("Object Repository/admin/school/Page_/team")): Object: 'Object Repository/admin/school/Page_/team' is clicked on

2022-02-21 12:32:21 - [MESSAGE][PASSED] - Object: 'Object Repository/admin/school/Page_/team' is clicked on

2022-02-21 12:32:21 - [TEST_STEP][PASSED] - takeFullPageScreenshot("C:\scr\" + school + "45.jpg"): Taking screenshot successfully

2022-02-21 12:32:27 - [MESSAGE][INFO] - 0 hidden object(s)

2022-02-21 12:32:28 - [MESSAGE][PASSED] - Taking screenshot successfully
[[ATTACHMENT|C:\scr\Авангард-200545.jpg]]

2022-02-21 12:32:28 - [TEST_STEP][PASSED] - click(findTestObject("Object Repository/admin/school/Page_/omsk")): Object: 'Object Repository/admin/school/Page_/omsk' is clicked on

2022-02-21 12:32:30 - [MESSAGE][PASSED] - Object: 'Object Repository/admin/school/Page_/omsk' is clicked on

2022-02-21 12:32:30 - [TEST_STEP][PASSED] - click(findTestObject("Object Repository/admin/school/Page_/edit")): Object: 'Object Repository/admin/school/Page_/edit' is clicked on

2022-02-21 12:32:33 - [MESSAGE][PASSED] - Object: 'Object Repository/admin/school/Page_/edit' is clicked on

2022-02-21 12:32:33 - [TEST_STEP][PASSED] - takeFullPageScreenshot("C:\scr\" + school + "47.jpg"): Taking screenshot successfully

2022-02-21 12:32:39 - [MESSAGE][INFO] - 0 hidden object(s)

2022-02-21 12:32:39 - [MESSAGE][PASSED] - Taking screenshot successfully
[[ATTACHMENT|C:\scr\Авангард-200547.jpg]]

2022-02-21 12:32:39 - [TEST_STEP][PASSED] - click(findTestObject("Object Repository/admin/school/Page_/allplayer")): Object: 'Object Repository/admin/school/Page_/allplayer' is clicked on

2022-02-21 12:32:41 - [MESSAGE][PASSED] - Object: 'Object Repository/admin/school/Page_/allplayer' is clicked on

2022-02-21 12:32:41 - [TEST_STEP][PASSED] - takeFullPageScreenshot("C:\scr\" + school + "48.jpg"): Taking screenshot successfully

2022-02-21 12:32:47 - [MESSAGE][INFO] - 0 hidden object(s)

2022-02-21 12:32:47 - [MESSAGE][PASSED] - Taking screenshot successfully
[[ATTACHMENT|C:\scr\Авангард-200548.jpg]]

2022-02-21 12:32:47 - [TEST_STEP][PASSED] - click(findTestObject("Object Repository/admin/school/Page_/groups")): Object: 'Object Repository/admin/school/Page_/groups' is clicked on

2022-02-21 12:32:49 - [MESSAGE][PASSED] - Object: 'Object Repository/admin/school/Page_/groups' is clicked on

2022-02-21 12:32:49 - [TEST_STEP][PASSED] - click(findTestObject("manager/schools/overlay"), CONTINUE_ON_FAILURE): Object: 'Object Repository/manager/schools/overlay' is clicked on

2022-02-21 12:32:53 - [MESSAGE][PASSED] - Object: 'Object Repository/manager/schools/overlay' is clicked on

2022-02-21 12:32:53 - [TEST_STEP][PASSED] - click(findTestObject("Object Repository/admin/school/Page_/root")): Object: 'Object Repository/admin/school/Page_/root' is clicked on

2022-02-21 12:32:55 - [MESSAGE][PASSED] - Object: 'Object Repository/admin/school/Page_/root' is clicked on

2022-02-21 12:32:55 - [TEST_STEP][PASSED] - closeBrowser(): Browser is closed

2022-02-21 12:32:56 - [MESSAGE][PASSED] - Browser is closed]]></system-out>
         <system-err><![CDATA[]]></system-err>
      </testcase>
      <testcase name="Test Cases/Администратор/Тренеры" time="208.772" classname="Test Cases/Администратор/Тренеры" status="PASSED">
         <system-out><![CDATA[2022-02-21 12:32:56 - [TEST_CASE][PASSED] - Test Cases/Администратор/Тренеры: Test Cases/Администратор/Тренеры

2022-02-21 12:32:56 - [TEST_STEP][PASSED] - callTestCase(findTestCase("Администратор/Авторизация"), [:], STOP_ON_FAILURE): Call Test Case 'Test Cases/Администратор/Авторизация' successfully

2022-02-21 12:32:56 - [TEST_CASE][PASSED] - Test Cases/Администратор/Авторизация: Test Cases/Администратор/Авторизация

2022-02-21 12:32:56 - [TEST_STEP][PASSED] - openBrowser(""): Browser is opened with url: ''

2022-02-21 12:32:56 - [MESSAGE][INFO] - User set preference: ['os', 'linux']

2022-02-21 12:32:56 - [MESSAGE][INFO] - User set preference: ['browserName', 'chrome']

2022-02-21 12:32:56 - [MESSAGE][INFO] - User set preference: ['browserVersion', '97']

2022-02-21 12:32:56 - [MESSAGE][INFO] - User set preference: ['katalon:option', '{organizationId=551240, tunnelId=, usingTunnel=false}']

2022-02-21 12:32:56 - [MESSAGE][INFO] - Connecting to remote web server 'testcloud.katalon.com/hub' with type 'Selenium'

2022-02-21 12:32:56 - [MESSAGE][INFO] - Action delay is set to 100 milliseconds

2022-02-21 12:35:03 - [MESSAGE][PASSED] - Browser is opened with url: ''

2022-02-21 12:35:03 - [TEST_STEP][PASSED] - maximizeWindow(): Current window maximized

2022-02-21 12:35:03 - [MESSAGE][PASSED] - Current window maximized

2022-02-21 12:35:03 - [TEST_STEP][PASSED] - navigateToUrl(url): Navigate to 'https://stars-stage.hawk.ru:8080' successfully

2022-02-21 12:35:09 - [MESSAGE][PASSED] - Navigate to 'https://stars-stage.hawk.ru:8080' successfully

2022-02-21 12:35:09 - [TEST_STEP][PASSED] - setText(findTestObject("Object Repository/Page_/input__sc-lnrBVv eqPACj"), admin_login): Text 'TestAdmin@test.ru' is set on object 'Object Repository/Page_/input__sc-lnrBVv eqPACj'

2022-02-21 12:35:14 - [MESSAGE][PASSED] - Text 'TestAdmin@test.ru' is set on object 'Object Repository/Page_/input__sc-lnrBVv eqPACj'

2022-02-21 12:35:14 - [TEST_STEP][PASSED] - setText(findTestObject("Object Repository/Page_/input__sc-lnrBVv eqPACj_1"), admin_password): Text 'TestAdmin@test.ru' is set on object 'Object Repository/Page_/input__sc-lnrBVv eqPACj_1'

2022-02-21 12:35:18 - [MESSAGE][PASSED] - Text 'TestAdmin@test.ru' is set on object 'Object Repository/Page_/input__sc-lnrBVv eqPACj_1'

2022-02-21 12:35:18 - [TEST_STEP][PASSED] - click(findTestObject("Object Repository/Page_/go")): Object: 'Object Repository/Page_/go' is clicked on

2022-02-21 12:35:21 - [MESSAGE][PASSED] - Object: 'Object Repository/Page_/go' is clicked on

2022-02-21 12:35:21 - [MESSAGE][PASSED] - Call Test Case 'Test Cases/Администратор/Авторизация' successfully

2022-02-21 12:35:21 - [TEST_STEP][PASSED] - click(findTestObject("Object Repository/admin/teachers/Page_/teach")): Object: 'Object Repository/admin/teachers/Page_/teach' is clicked on

2022-02-21 12:35:52 - [MESSAGE][PASSED] - Object: 'Object Repository/admin/teachers/Page_/teach' is clicked on

2022-02-21 12:35:52 - [TEST_STEP][PASSED] - click(findTestObject("Object Repository/admin/teachers/Page_/span_")): Object: 'Object Repository/admin/teachers/Page_/span_' is clicked on

2022-02-21 12:35:54 - [MESSAGE][PASSED] - Object: 'Object Repository/admin/teachers/Page_/span_' is clicked on

2022-02-21 12:35:54 - [TEST_STEP][PASSED] - verifyTextPresent("ПРОФИЛЬ ПРЕПОДАВАТЕЛЯ", false): Text 'ПРОФИЛЬ ПРЕПОДАВАТЕЛЯ' is present on page 

2022-02-21 12:35:56 - [MESSAGE][PASSED] - Text 'ПРОФИЛЬ ПРЕПОДАВАТЕЛЯ' is present on page 

2022-02-21 12:35:56 - [TEST_STEP][PASSED] - takeFullPageScreenshot("C:\scr\" + school + "41.jpg"): Taking screenshot successfully

2022-02-21 12:36:03 - [MESSAGE][INFO] - 0 hidden object(s)

2022-02-21 12:36:04 - [MESSAGE][PASSED] - Taking screenshot successfully
[[ATTACHMENT|C:\scr\Авангард-200541.jpg]]

2022-02-21 12:36:04 - [TEST_STEP][PASSED] - click(findTestObject("Object Repository/admin/teachers/Page_/career")): Object: 'Object Repository/admin/teachers/Page_/career' is clicked on

2022-02-21 12:36:06 - [MESSAGE][PASSED] - Object: 'Object Repository/admin/teachers/Page_/career' is clicked on

2022-02-21 12:36:06 - [TEST_STEP][PASSED] - verifyTextPresent("КАРЬЕРА ТРЕНЕРА", false): Text 'КАРЬЕРА ТРЕНЕРА' is present on page 

2022-02-21 12:36:08 - [MESSAGE][PASSED] - Text 'КАРЬЕРА ТРЕНЕРА' is present on page 

2022-02-21 12:36:08 - [TEST_STEP][PASSED] - takeFullPageScreenshot("C:\scr\" + school + "42.jpg"): Taking screenshot successfully

2022-02-21 12:36:15 - [MESSAGE][INFO] - 0 hidden object(s)

2022-02-21 12:36:15 - [MESSAGE][PASSED] - Taking screenshot successfully
[[ATTACHMENT|C:\scr\Авангард-200542.jpg]]

2022-02-21 12:36:15 - [TEST_STEP][PASSED] - click(findTestObject("Object Repository/admin/teachers/Page_/button_")): Object: 'Object Repository/admin/teachers/Page_/button_' is clicked on

2022-02-21 12:36:17 - [MESSAGE][PASSED] - Object: 'Object Repository/admin/teachers/Page_/button_' is clicked on

2022-02-21 12:36:17 - [TEST_STEP][PASSED] - verifyTextPresent("Пользователь сохранен", false): Text 'Пользователь сохранен' is present on page 

2022-02-21 12:36:19 - [MESSAGE][PASSED] - Text 'Пользователь сохранен' is present on page 

2022-02-21 12:36:19 - [TEST_STEP][PASSED] - click(findTestObject("Object Repository/admin/teachers/Page_/root")): Object: 'Object Repository/admin/teachers/Page_/root' is clicked on

2022-02-21 12:36:24 - [MESSAGE][PASSED] - Object: 'Object Repository/admin/teachers/Page_/root' is clicked on

2022-02-21 12:36:24 - [TEST_STEP][PASSED] - closeBrowser(): Browser is closed

2022-02-21 12:36:25 - [MESSAGE][PASSED] - Browser is closed]]></system-out>
         <system-err><![CDATA[]]></system-err>
      </testcase>
      <testcase name="Test Cases/Администратор/Рейтинг" time="216.471" classname="Test Cases/Администратор/Рейтинг" status="PASSED">
         <system-out><![CDATA[2022-02-21 12:36:25 - [TEST_CASE][PASSED] - Test Cases/Администратор/Рейтинг: Test Cases/Администратор/Рейтинг

2022-02-21 12:36:25 - [TEST_STEP][PASSED] - callTestCase(findTestCase("Администратор/Авторизация"), [:], STOP_ON_FAILURE): Call Test Case 'Test Cases/Администратор/Авторизация' successfully

2022-02-21 12:36:25 - [TEST_CASE][PASSED] - Test Cases/Администратор/Авторизация: Test Cases/Администратор/Авторизация

2022-02-21 12:36:25 - [TEST_STEP][PASSED] - openBrowser(""): Browser is opened with url: ''

2022-02-21 12:36:25 - [MESSAGE][INFO] - User set preference: ['os', 'linux']

2022-02-21 12:36:25 - [MESSAGE][INFO] - User set preference: ['browserName', 'chrome']

2022-02-21 12:36:25 - [MESSAGE][INFO] - User set preference: ['browserVersion', '97']

2022-02-21 12:36:25 - [MESSAGE][INFO] - User set preference: ['katalon:option', '{organizationId=551240, tunnelId=, usingTunnel=false}']

2022-02-21 12:36:25 - [MESSAGE][INFO] - Connecting to remote web server 'testcloud.katalon.com/hub' with type 'Selenium'

2022-02-21 12:36:26 - [MESSAGE][INFO] - Action delay is set to 100 milliseconds

2022-02-21 12:38:01 - [MESSAGE][PASSED] - Browser is opened with url: ''

2022-02-21 12:38:01 - [TEST_STEP][PASSED] - maximizeWindow(): Current window maximized

2022-02-21 12:38:02 - [MESSAGE][PASSED] - Current window maximized

2022-02-21 12:38:02 - [TEST_STEP][PASSED] - navigateToUrl(url): Navigate to 'https://stars-stage.hawk.ru:8080' successfully

2022-02-21 12:38:08 - [MESSAGE][PASSED] - Navigate to 'https://stars-stage.hawk.ru:8080' successfully

2022-02-21 12:38:08 - [TEST_STEP][PASSED] - setText(findTestObject("Object Repository/Page_/input__sc-lnrBVv eqPACj"), admin_login): Text 'TestAdmin@test.ru' is set on object 'Object Repository/Page_/input__sc-lnrBVv eqPACj'

2022-02-21 12:38:12 - [MESSAGE][PASSED] - Text 'TestAdmin@test.ru' is set on object 'Object Repository/Page_/input__sc-lnrBVv eqPACj'

2022-02-21 12:38:12 - [TEST_STEP][PASSED] - setText(findTestObject("Object Repository/Page_/input__sc-lnrBVv eqPACj_1"), admin_password): Text 'TestAdmin@test.ru' is set on object 'Object Repository/Page_/input__sc-lnrBVv eqPACj_1'

2022-02-21 12:38:17 - [MESSAGE][PASSED] - Text 'TestAdmin@test.ru' is set on object 'Object Repository/Page_/input__sc-lnrBVv eqPACj_1'

2022-02-21 12:38:17 - [TEST_STEP][PASSED] - click(findTestObject("Object Repository/Page_/go")): Object: 'Object Repository/Page_/go' is clicked on

2022-02-21 12:38:19 - [MESSAGE][PASSED] - Object: 'Object Repository/Page_/go' is clicked on

2022-02-21 12:38:19 - [MESSAGE][PASSED] - Call Test Case 'Test Cases/Администратор/Авторизация' successfully

2022-02-21 12:38:19 - [TEST_STEP][PASSED] - click(findTestObject("Object Repository/admin/rating/grating")): Object: 'Object Repository/admin/rating/grating' is clicked on

2022-02-21 12:38:40 - [MESSAGE][PASSED] - Object: 'Object Repository/admin/rating/grating' is clicked on

2022-02-21 12:38:40 - [TEST_STEP][PASSED] - takeFullPageScreenshot("C:\scr\" + school + "34.jpg"): Taking screenshot successfully

2022-02-21 12:38:48 - [MESSAGE][INFO] - 0 hidden object(s)

2022-02-21 12:38:48 - [MESSAGE][PASSED] - Taking screenshot successfully
[[ATTACHMENT|C:\scr\Авангард-200534.jpg]]

2022-02-21 12:38:48 - [TEST_STEP][PASSED] - click(findTestObject("Object Repository/admin/Page_/shkool")): Object: 'Object Repository/admin/Page_/shkool' is clicked on

2022-02-21 12:38:50 - [MESSAGE][PASSED] - Object: 'Object Repository/admin/Page_/shkool' is clicked on

2022-02-21 12:38:50 - [TEST_STEP][PASSED] - click(findTestObject("Object Repository/admin/Page_/div_ (2)")): Object: 'Object Repository/admin/Page_/div_ (2)' is clicked on

2022-02-21 12:38:52 - [MESSAGE][PASSED] - Object: 'Object Repository/admin/Page_/div_ (2)' is clicked on

2022-02-21 12:38:52 - [TEST_STEP][PASSED] - click(findTestObject("Object Repository/admin/Page_/team")): Object: 'Object Repository/admin/Page_/team' is clicked on

2022-02-21 12:38:54 - [MESSAGE][PASSED] - Object: 'Object Repository/admin/Page_/team' is clicked on

2022-02-21 12:38:54 - [TEST_STEP][PASSED] - click(findTestObject("Object Repository/admin/Page_/omsk")): Object: 'Object Repository/admin/Page_/omsk' is clicked on

2022-02-21 12:38:56 - [MESSAGE][PASSED] - Object: 'Object Repository/admin/Page_/omsk' is clicked on

2022-02-21 12:38:56 - [TEST_STEP][PASSED] - scrollToElement(findTestObject("Object Repository/admin/Page_/top1"), 0): Scroll to object 'Object Repository/admin/Page_/top1' successfully

2022-02-21 12:38:56 - [MESSAGE][WARNING] - Timeout '0' is invalid. Using default page load timeout: '30'

2022-02-21 12:38:59 - [MESSAGE][PASSED] - Scroll to object 'Object Repository/admin/Page_/top1' successfully

2022-02-21 12:38:59 - [TEST_STEP][PASSED] - click(findTestObject("Object Repository/admin/Page_/top1")): Object: 'Object Repository/admin/Page_/top1' is clicked on

2022-02-21 12:39:01 - [MESSAGE][PASSED] - Object: 'Object Repository/admin/Page_/top1' is clicked on

2022-02-21 12:39:01 - [TEST_STEP][PASSED] - takeFullPageScreenshot("C:\scr\" + school + "37.jpg", CONTINUE_ON_FAILURE): Taking screenshot successfully

2022-02-21 12:39:07 - [MESSAGE][INFO] - 0 hidden object(s)

2022-02-21 12:39:08 - [MESSAGE][PASSED] - Taking screenshot successfully
[[ATTACHMENT|C:\scr\Авангард-200537.jpg]]

2022-02-21 12:39:08 - [TEST_STEP][PASSED] - click(findTestObject("Object Repository/admin/Page_/skill")): Object: 'Object Repository/admin/Page_/skill' is clicked on

2022-02-21 12:39:10 - [MESSAGE][PASSED] - Object: 'Object Repository/admin/Page_/skill' is clicked on

2022-02-21 12:39:10 - [TEST_STEP][PASSED] - verifyTextPresent("Ускорение", true): Text 'Ускорение' is present on page  using regular expression

2022-02-21 12:39:14 - [MESSAGE][PASSED] - Text 'Ускорение' is present on page  using regular expression

2022-02-21 12:39:14 - [TEST_STEP][PASSED] - verifyTextPresent("Скорость", true): Text 'Скорость' is present on page  using regular expression

2022-02-21 12:39:16 - [MESSAGE][PASSED] - Text 'Скорость' is present on page  using regular expression

2022-02-21 12:39:16 - [TEST_STEP][PASSED] - takeFullPageScreenshot("C:\scr\" + school + "39.jpg", CONTINUE_ON_FAILURE): Taking screenshot successfully

2022-02-21 12:39:21 - [MESSAGE][INFO] - 0 hidden object(s)

2022-02-21 12:39:21 - [MESSAGE][PASSED] - Taking screenshot successfully
[[ATTACHMENT|C:\scr\Авангард-200539.jpg]]

2022-02-21 12:39:21 - [TEST_STEP][PASSED] - click(findTestObject("Object Repository/admin/Page_/stat")): Object: 'Object Repository/admin/Page_/stat' is clicked on

2022-02-21 12:39:23 - [MESSAGE][PASSED] - Object: 'Object Repository/admin/Page_/stat' is clicked on

2022-02-21 12:39:23 - [TEST_STEP][PASSED] - verifyTextPresent("Матчи", true, CONTINUE_ON_FAILURE): Text 'Матчи' is present on page  using regular expression

2022-02-21 12:39:26 - [MESSAGE][PASSED] - Text 'Матчи' is present on page  using regular expression

2022-02-21 12:39:26 - [TEST_STEP][PASSED] - verifyTextPresent("Ранг", true, CONTINUE_ON_FAILURE): Text 'Ранг' is present on page  using regular expression

2022-02-21 12:39:27 - [MESSAGE][PASSED] - Text 'Ранг' is present on page  using regular expression

2022-02-21 12:39:27 - [TEST_STEP][PASSED] - takeFullPageScreenshot("C:\scr\" + school + "40.jpg", CONTINUE_ON_FAILURE): Taking screenshot successfully

2022-02-21 12:39:37 - [MESSAGE][INFO] - 0 hidden object(s)

2022-02-21 12:39:37 - [MESSAGE][PASSED] - Taking screenshot successfully
[[ATTACHMENT|C:\scr\Авангард-200540.jpg]]

2022-02-21 12:39:37 - [TEST_STEP][PASSED] - click(findTestObject("Object Repository/admin/Page_/ptest")): Object: 'Object Repository/admin/Page_/ptest' is clicked on

2022-02-21 12:39:39 - [MESSAGE][PASSED] - Object: 'Object Repository/admin/Page_/ptest' is clicked on

2022-02-21 12:39:39 - [TEST_STEP][PASSED] - verifyTextPresent("СРЕДНЯЯ ОЦЕНКА", true): Text 'СРЕДНЯЯ ОЦЕНКА' is present on page  using regular expression

2022-02-21 12:39:43 - [MESSAGE][PASSED] - Text 'СРЕДНЯЯ ОЦЕНКА' is present on page  using regular expression

2022-02-21 12:39:43 - [TEST_STEP][PASSED] - verifyTextPresent("Список навыков и характеристики", true): Text 'Список навыков и характеристики' is present on page  using regular expression

2022-02-21 12:39:45 - [MESSAGE][PASSED] - Text 'Список навыков и характеристики' is present on page  using regular expression

2022-02-21 12:39:45 - [TEST_STEP][PASSED] - takeFullPageScreenshot("C:\scr\" + school + "38.jpg", CONTINUE_ON_FAILURE): Taking screenshot successfully

2022-02-21 12:39:58 - [MESSAGE][INFO] - 0 hidden object(s)

2022-02-21 12:39:59 - [MESSAGE][PASSED] - Taking screenshot successfully
[[ATTACHMENT|C:\scr\Авангард-200538.jpg]]

2022-02-21 12:39:59 - [TEST_STEP][PASSED] - click(findTestObject("Object Repository/admin/Page_/root")): Object: 'Object Repository/admin/Page_/root' is clicked on

2022-02-21 12:40:01 - [MESSAGE][PASSED] - Object: 'Object Repository/admin/Page_/root' is clicked on

2022-02-21 12:40:01 - [TEST_STEP][PASSED] - closeBrowser(): Browser is closed

2022-02-21 12:40:01 - [MESSAGE][PASSED] - Browser is closed]]></system-out>
         <system-err><![CDATA[]]></system-err>
      </testcase>
      <testcase name="Test Cases/Администратор/Профиль" time="100.412" classname="Test Cases/Администратор/Профиль" status="PASSED">
         <system-out><![CDATA[2022-02-21 12:40:01 - [TEST_CASE][PASSED] - Test Cases/Администратор/Профиль: Test Cases/Администратор/Профиль

2022-02-21 12:40:02 - [TEST_STEP][PASSED] - callTestCase(findTestCase("Администратор/Авторизация"), [:], STOP_ON_FAILURE): Call Test Case 'Test Cases/Администратор/Авторизация' successfully

2022-02-21 12:40:02 - [TEST_CASE][PASSED] - Test Cases/Администратор/Авторизация: Test Cases/Администратор/Авторизация

2022-02-21 12:40:02 - [TEST_STEP][PASSED] - openBrowser(""): Browser is opened with url: ''

2022-02-21 12:40:02 - [MESSAGE][INFO] - User set preference: ['os', 'linux']

2022-02-21 12:40:02 - [MESSAGE][INFO] - User set preference: ['browserName', 'chrome']

2022-02-21 12:40:02 - [MESSAGE][INFO] - User set preference: ['browserVersion', '97']

2022-02-21 12:40:02 - [MESSAGE][INFO] - User set preference: ['katalon:option', '{organizationId=551240, tunnelId=, usingTunnel=false}']

2022-02-21 12:40:02 - [MESSAGE][INFO] - Connecting to remote web server 'testcloud.katalon.com/hub' with type 'Selenium'

2022-02-21 12:40:02 - [MESSAGE][INFO] - Action delay is set to 100 milliseconds

2022-02-21 12:40:46 - [MESSAGE][PASSED] - Browser is opened with url: ''

2022-02-21 12:40:46 - [TEST_STEP][PASSED] - maximizeWindow(): Current window maximized

2022-02-21 12:40:46 - [MESSAGE][PASSED] - Current window maximized

2022-02-21 12:40:46 - [TEST_STEP][PASSED] - navigateToUrl(url): Navigate to 'https://stars-stage.hawk.ru:8080' successfully

2022-02-21 12:40:52 - [MESSAGE][PASSED] - Navigate to 'https://stars-stage.hawk.ru:8080' successfully

2022-02-21 12:40:52 - [TEST_STEP][PASSED] - setText(findTestObject("Object Repository/Page_/input__sc-lnrBVv eqPACj"), admin_login): Text 'TestAdmin@test.ru' is set on object 'Object Repository/Page_/input__sc-lnrBVv eqPACj'

2022-02-21 12:40:56 - [MESSAGE][PASSED] - Text 'TestAdmin@test.ru' is set on object 'Object Repository/Page_/input__sc-lnrBVv eqPACj'

2022-02-21 12:40:56 - [TEST_STEP][PASSED] - setText(findTestObject("Object Repository/Page_/input__sc-lnrBVv eqPACj_1"), admin_password): Text 'TestAdmin@test.ru' is set on object 'Object Repository/Page_/input__sc-lnrBVv eqPACj_1'

2022-02-21 12:41:00 - [MESSAGE][PASSED] - Text 'TestAdmin@test.ru' is set on object 'Object Repository/Page_/input__sc-lnrBVv eqPACj_1'

2022-02-21 12:41:00 - [TEST_STEP][PASSED] - click(findTestObject("Object Repository/Page_/go")): Object: 'Object Repository/Page_/go' is clicked on

2022-02-21 12:41:03 - [MESSAGE][PASSED] - Object: 'Object Repository/Page_/go' is clicked on

2022-02-21 12:41:03 - [MESSAGE][PASSED] - Call Test Case 'Test Cases/Администратор/Авторизация' successfully

2022-02-21 12:41:03 - [TEST_STEP][PASSED] - click(findTestObject("Object Repository/admin/Page_/div_Admin Admin")): Object: 'Object Repository/admin/Page_/div_Admin Admin' is clicked on

2022-02-21 12:41:28 - [MESSAGE][PASSED] - Object: 'Object Repository/admin/Page_/div_Admin Admin' is clicked on

2022-02-21 12:41:28 - [TEST_STEP][PASSED] - verifyTextPresent("РЕДАКТИРОВАНИЕ ПРОФИЛЯ", true): Text 'РЕДАКТИРОВАНИЕ ПРОФИЛЯ' is present on page  using regular expression

2022-02-21 12:41:30 - [MESSAGE][PASSED] - Text 'РЕДАКТИРОВАНИЕ ПРОФИЛЯ' is present on page  using regular expression

2022-02-21 12:41:30 - [TEST_STEP][PASSED] - takeFullPageScreenshot("C:\scr\" + school + "33.jpg"): Taking screenshot successfully

2022-02-21 12:41:36 - [MESSAGE][INFO] - 0 hidden object(s)

2022-02-21 12:41:36 - [MESSAGE][PASSED] - Taking screenshot successfully
[[ATTACHMENT|C:\scr\Авангард-200533.jpg]]

2022-02-21 12:41:36 - [TEST_STEP][PASSED] - click(findTestObject("Object Repository/admin/Page_/save")): Object: 'Object Repository/admin/Page_/save' is clicked on

2022-02-21 12:41:38 - [MESSAGE][PASSED] - Object: 'Object Repository/admin/Page_/save' is clicked on

2022-02-21 12:41:38 - [TEST_STEP][PASSED] - click(findTestObject("admin/Page_/root")): Object: 'Object Repository/admin/Page_/root' is clicked on

2022-02-21 12:41:41 - [MESSAGE][PASSED] - Object: 'Object Repository/admin/Page_/root' is clicked on

2022-02-21 12:41:41 - [TEST_STEP][PASSED] - closeBrowser(): Browser is closed

2022-02-21 12:41:42 - [MESSAGE][PASSED] - Browser is closed]]></system-out>
         <system-err><![CDATA[]]></system-err>
      </testcase>
      <testcase name="Test Cases/Администратор/ОТЧЕТЫ функциональные тесты/Физическое тестирование (Поменяется в спринте)" time="171.749" classname="Test Cases/Администратор/ОТЧЕТЫ функциональные тесты/Физическое тестирование (Поменяется в спринте)" status="PASSED">
         <system-out><![CDATA[2022-02-21 12:41:42 - [TEST_CASE][PASSED] - Test Cases/Администратор/ОТЧЕТЫ функциональные тесты/Физическое тестирование (Поменяется в спринте): Test Cases/Администратор/ОТЧЕТЫ функциональные тесты/Физическое тестирование (Поменяется в спринте)

2022-02-21 12:41:42 - [TEST_STEP][PASSED] - callTestCase(findTestCase("Администратор/Отчет для тк"), [:], STOP_ON_FAILURE): Call Test Case 'Test Cases/Администратор/Отчет для тк' successfully

2022-02-21 12:41:42 - [TEST_CASE][PASSED] - Test Cases/Администратор/Отчет для тк: Test Cases/Администратор/Отчет для тк

2022-02-21 12:41:42 - [TEST_STEP][PASSED] - callTestCase(findTestCase("Администратор/Авторизация"), [:], STOP_ON_FAILURE): Call Test Case 'Test Cases/Администратор/Авторизация' successfully

2022-02-21 12:41:42 - [TEST_CASE][PASSED] - Test Cases/Администратор/Авторизация: Test Cases/Администратор/Авторизация

2022-02-21 12:41:42 - [TEST_STEP][PASSED] - openBrowser(""): Browser is opened with url: ''

2022-02-21 12:41:42 - [MESSAGE][INFO] - User set preference: ['os', 'linux']

2022-02-21 12:41:42 - [MESSAGE][INFO] - User set preference: ['browserName', 'chrome']

2022-02-21 12:41:42 - [MESSAGE][INFO] - User set preference: ['browserVersion', '97']

2022-02-21 12:41:42 - [MESSAGE][INFO] - User set preference: ['katalon:option', '{organizationId=551240, tunnelId=, usingTunnel=false}']

2022-02-21 12:41:42 - [MESSAGE][INFO] - Connecting to remote web server 'testcloud.katalon.com/hub' with type 'Selenium'

2022-02-21 12:41:42 - [MESSAGE][INFO] - Action delay is set to 100 milliseconds

2022-02-21 12:42:46 - [MESSAGE][PASSED] - Browser is opened with url: ''

2022-02-21 12:42:46 - [TEST_STEP][PASSED] - maximizeWindow(): Current window maximized

2022-02-21 12:42:46 - [MESSAGE][PASSED] - Current window maximized

2022-02-21 12:42:46 - [TEST_STEP][PASSED] - navigateToUrl(url): Navigate to 'https://stars-stage.hawk.ru:8080' successfully

2022-02-21 12:42:53 - [MESSAGE][PASSED] - Navigate to 'https://stars-stage.hawk.ru:8080' successfully

2022-02-21 12:42:53 - [TEST_STEP][PASSED] - setText(findTestObject("Object Repository/Page_/input__sc-lnrBVv eqPACj"), admin_login): Text 'TestAdmin@test.ru' is set on object 'Object Repository/Page_/input__sc-lnrBVv eqPACj'

2022-02-21 12:42:57 - [MESSAGE][PASSED] - Text 'TestAdmin@test.ru' is set on object 'Object Repository/Page_/input__sc-lnrBVv eqPACj'

2022-02-21 12:42:57 - [TEST_STEP][PASSED] - setText(findTestObject("Object Repository/Page_/input__sc-lnrBVv eqPACj_1"), admin_password): Text 'TestAdmin@test.ru' is set on object 'Object Repository/Page_/input__sc-lnrBVv eqPACj_1'

2022-02-21 12:43:01 - [MESSAGE][PASSED] - Text 'TestAdmin@test.ru' is set on object 'Object Repository/Page_/input__sc-lnrBVv eqPACj_1'

2022-02-21 12:43:01 - [TEST_STEP][PASSED] - click(findTestObject("Object Repository/Page_/go")): Object: 'Object Repository/Page_/go' is clicked on

2022-02-21 12:43:04 - [MESSAGE][PASSED] - Object: 'Object Repository/Page_/go' is clicked on

2022-02-21 12:43:04 - [MESSAGE][PASSED] - Call Test Case 'Test Cases/Администратор/Авторизация' successfully

2022-02-21 12:43:04 - [TEST_STEP][PASSED] - click(findTestObject("admin/reports/keys/reports/report")): Object: 'Object Repository/admin/reports/keys/reports/report' is clicked on

2022-02-21 12:43:23 - [MESSAGE][PASSED] - Object: 'Object Repository/admin/reports/keys/reports/report' is clicked on

2022-02-21 12:43:23 - [MESSAGE][PASSED] - Call Test Case 'Test Cases/Администратор/Отчет для тк' successfully

2022-02-21 12:43:23 - [TEST_STEP][PASSED] - click(findTestObject("Object Repository/admin/phyz/Page_/phys")): Object: 'Object Repository/admin/phyz/Page_/phys' is clicked on

2022-02-21 12:43:25 - [MESSAGE][PASSED] - Object: 'Object Repository/admin/phyz/Page_/phys' is clicked on

2022-02-21 12:43:25 - [TEST_STEP][PASSED] - click(findTestObject("Object Repository/admin/phyz/Page_/school")): Object: 'Object Repository/admin/phyz/Page_/school' is clicked on

2022-02-21 12:43:27 - [MESSAGE][PASSED] - Object: 'Object Repository/admin/phyz/Page_/school' is clicked on

2022-02-21 12:43:27 - [TEST_STEP][PASSED] - click(findTestObject("Object Repository/admin/phyz/Page_/div_")): Object: 'Object Repository/admin/phyz/Page_/div_' is clicked on

2022-02-21 12:43:29 - [MESSAGE][PASSED] - Object: 'Object Repository/admin/phyz/Page_/div_' is clicked on

2022-02-21 12:43:29 - [TEST_STEP][PASSED] - click(findTestObject("Object Repository/admin/phyz/Page_/div_31.07.2020")): Object: 'Object Repository/admin/phyz/Page_/div_31.07.2020' is clicked on

2022-02-21 12:43:31 - [MESSAGE][PASSED] - Object: 'Object Repository/admin/phyz/Page_/div_31.07.2020' is clicked on

2022-02-21 12:43:31 - [TEST_STEP][PASSED] - click(findTestObject("Object Repository/admin/phyz/Page_/div_31.12.2020")): Object: 'Object Repository/admin/phyz/Page_/div_31.12.2020' is clicked on

2022-02-21 12:43:33 - [MESSAGE][PASSED] - Object: 'Object Repository/admin/phyz/Page_/div_31.12.2020' is clicked on

2022-02-21 12:43:33 - [TEST_STEP][PASSED] - click(findTestObject("Object Repository/admin/phyz/Page_/team")): Object: 'Object Repository/admin/phyz/Page_/team' is clicked on

2022-02-21 12:43:35 - [MESSAGE][PASSED] - Object: 'Object Repository/admin/phyz/Page_/team' is clicked on

2022-02-21 12:43:35 - [TEST_STEP][PASSED] - click(findTestObject("Object Repository/admin/phyz/Page_/oya")): Object: 'Object Repository/admin/phyz/Page_/oya' is clicked on

2022-02-21 12:43:37 - [MESSAGE][PASSED] - Object: 'Object Repository/admin/phyz/Page_/oya' is clicked on

2022-02-21 12:43:37 - [TEST_STEP][PASSED] - verifyTextPresent("Жим штанги лежа", true): Text 'Жим штанги лежа' is present on page  using regular expression

2022-02-21 12:43:40 - [MESSAGE][PASSED] - Text 'Жим штанги лежа' is present on page  using regular expression

2022-02-21 12:43:40 - [TEST_STEP][PASSED] - verifyTextPresent("Подтягивание из виса на перекладине", true): Text 'Подтягивание из виса на перекладине' is present on page  using regular expression

2022-02-21 12:43:42 - [MESSAGE][PASSED] - Text 'Подтягивание из виса на перекладине' is present on page  using regular expression

2022-02-21 12:43:42 - [TEST_STEP][PASSED] - verifyTextPresent("Уголок из виса на турнике", true): Text 'Уголок из виса на турнике' is present on page  using regular expression

2022-02-21 12:43:44 - [MESSAGE][PASSED] - Text 'Уголок из виса на турнике' is present on page  using regular expression

2022-02-21 12:43:44 - [TEST_STEP][PASSED] - click(findTestObject("Object Repository/admin/phyz/Page_/individ")): Object: 'Object Repository/admin/phyz/Page_/individ' is clicked on

2022-02-21 12:43:47 - [MESSAGE][PASSED] - Object: 'Object Repository/admin/phyz/Page_/individ' is clicked on

2022-02-21 12:43:47 - [TEST_STEP][PASSED] - click(findTestObject("Object Repository/admin/phyz/Page_/school")): Object: 'Object Repository/admin/phyz/Page_/school' is clicked on

2022-02-21 12:43:48 - [MESSAGE][PASSED] - Object: 'Object Repository/admin/phyz/Page_/school' is clicked on

2022-02-21 12:43:48 - [TEST_STEP][PASSED] - click(findTestObject("Object Repository/admin/phyz/Page_/div_   . _1")): Object: 'Object Repository/admin/phyz/Page_/div_   . _1' is clicked on

2022-02-21 12:43:51 - [MESSAGE][PASSED] - Object: 'Object Repository/admin/phyz/Page_/div_   . _1' is clicked on

2022-02-21 12:43:51 - [TEST_STEP][PASSED] - click(findTestObject("Object Repository/admin/phyz/Page_/team")): Object: 'Object Repository/admin/phyz/Page_/team' is clicked on

2022-02-21 12:43:53 - [MESSAGE][PASSED] - Object: 'Object Repository/admin/phyz/Page_/team' is clicked on

2022-02-21 12:43:53 - [TEST_STEP][PASSED] - click(findTestObject("Object Repository/admin/phyz/Page_/omsk")): Object: 'Object Repository/admin/phyz/Page_/omsk' is clicked on

2022-02-21 12:43:55 - [MESSAGE][PASSED] - Object: 'Object Repository/admin/phyz/Page_/omsk' is clicked on

2022-02-21 12:43:55 - [TEST_STEP][PASSED] - click(findTestObject("Object Repository/admin/phyz/Page_/div_ (1)")): Object: 'Object Repository/admin/phyz/Page_/div_ (1)' is clicked on

2022-02-21 12:43:57 - [MESSAGE][PASSED] - Object: 'Object Repository/admin/phyz/Page_/div_ (1)' is clicked on

2022-02-21 12:43:57 - [TEST_STEP][PASSED] - setText(findTestObject("Object Repository/admin/phyz/Page_/input__react-select-9-input"), player_for_test): Text 'Власенко Дмитрий' is set on object 'Object Repository/admin/phyz/Page_/input__react-select-9-input'

2022-02-21 12:44:02 - [MESSAGE][PASSED] - Text 'Власенко Дмитрий' is set on object 'Object Repository/admin/phyz/Page_/input__react-select-9-input'

2022-02-21 12:44:02 - [TEST_STEP][PASSED] - sendKeys(findTestObject("Object Repository/admin/phyz/Page_/input__react-select-9-input"), Keys.chord(ENTER)): Keys 'ENTER + ' sent to object: 'Object Repository/admin/phyz/Page_/input__react-select-9-input'

2022-02-21 12:44:04 - [MESSAGE][PASSED] - Keys 'ENTER + ' sent to object: 'Object Repository/admin/phyz/Page_/input__react-select-9-input'

2022-02-21 12:44:04 - [TEST_STEP][PASSED] - verifyTextPresent("Прыжок в высоту", true): Text 'Прыжок в высоту' is present on page  using regular expression

2022-02-21 12:44:09 - [MESSAGE][PASSED] - Text 'Прыжок в высоту' is present on page  using regular expression

2022-02-21 12:44:09 - [TEST_STEP][PASSED] - verifyTextPresent("Челночный бег 5-10-5 \(сек\)", true): Text 'Челночный бег 5-10-5 \(сек\)' is present on page  using regular expression

2022-02-21 12:44:11 - [MESSAGE][PASSED] - Text 'Челночный бег 5-10-5 \(сек\)' is present on page  using regular expression

2022-02-21 12:44:11 - [TEST_STEP][PASSED] - verifyTextPresent("СРЕДНЯЯ ОЦЕНКА", true): Text 'СРЕДНЯЯ ОЦЕНКА' is present on page  using regular expression

2022-02-21 12:44:14 - [MESSAGE][PASSED] - Text 'СРЕДНЯЯ ОЦЕНКА' is present on page  using regular expression

2022-02-21 12:44:14 - [TEST_STEP][PASSED] - verifyTextPresent("Список навыков и характеристики", true): Text 'Список навыков и характеристики' is present on page  using regular expression

2022-02-21 12:44:16 - [MESSAGE][PASSED] - Text 'Список навыков и характеристики' is present on page  using regular expression

2022-02-21 12:44:16 - [TEST_STEP][PASSED] - click(findTestObject("Object Repository/admin/phyz/Page_/home")): Object: 'Object Repository/admin/phyz/Page_/home' is clicked on

2022-02-21 12:44:20 - [MESSAGE][PASSED] - Object: 'Object Repository/admin/phyz/Page_/home' is clicked on

2022-02-21 12:44:20 - [TEST_STEP][PASSED] - scrollToElement(findTestObject("Object Repository/admin/phyz/Page_/exit"), 0): Scroll to object 'Object Repository/admin/phyz/Page_/exit' successfully

2022-02-21 12:44:20 - [MESSAGE][WARNING] - Timeout '0' is invalid. Using default page load timeout: '30'

2022-02-21 12:44:31 - [MESSAGE][PASSED] - Scroll to object 'Object Repository/admin/phyz/Page_/exit' successfully

2022-02-21 12:44:31 - [TEST_STEP][PASSED] - click(findTestObject("Object Repository/admin/phyz/Page_/exit")): Object: 'Object Repository/admin/phyz/Page_/exit' is clicked on

2022-02-21 12:44:33 - [MESSAGE][PASSED] - Object: 'Object Repository/admin/phyz/Page_/exit' is clicked on

2022-02-21 12:44:33 - [TEST_STEP][PASSED] - closeBrowser(): Browser is closed

2022-02-21 12:44:33 - [MESSAGE][PASSED] - Browser is closed]]></system-out>
         <system-err><![CDATA[]]></system-err>
      </testcase>
      <testcase name="Test Cases/Администратор/ОТЧЕТЫ функциональные тесты/Список участников без оценки" time="193.392" classname="Test Cases/Администратор/ОТЧЕТЫ функциональные тесты/Список участников без оценки" status="PASSED">
         <system-out><![CDATA[2022-02-21 12:44:33 - [TEST_CASE][PASSED] - Test Cases/Администратор/ОТЧЕТЫ функциональные тесты/Список участников без оценки: Test Cases/Администратор/ОТЧЕТЫ функциональные тесты/Список участников без оценки

2022-02-21 12:44:34 - [TEST_STEP][PASSED] - callTestCase(findTestCase("Администратор/Отчет для тк"), [:], STOP_ON_FAILURE): Call Test Case 'Test Cases/Администратор/Отчет для тк' successfully

2022-02-21 12:44:34 - [TEST_CASE][PASSED] - Test Cases/Администратор/Отчет для тк: Test Cases/Администратор/Отчет для тк

2022-02-21 12:44:34 - [TEST_STEP][PASSED] - callTestCase(findTestCase("Администратор/Авторизация"), [:], STOP_ON_FAILURE): Call Test Case 'Test Cases/Администратор/Авторизация' successfully

2022-02-21 12:44:34 - [TEST_CASE][PASSED] - Test Cases/Администратор/Авторизация: Test Cases/Администратор/Авторизация

2022-02-21 12:44:34 - [TEST_STEP][PASSED] - openBrowser(""): Browser is opened with url: ''

2022-02-21 12:44:34 - [MESSAGE][INFO] - User set preference: ['os', 'linux']

2022-02-21 12:44:34 - [MESSAGE][INFO] - User set preference: ['browserName', 'chrome']

2022-02-21 12:44:34 - [MESSAGE][INFO] - User set preference: ['browserVersion', '97']

2022-02-21 12:44:34 - [MESSAGE][INFO] - User set preference: ['katalon:option', '{organizationId=551240, tunnelId=, usingTunnel=false}']

2022-02-21 12:44:34 - [MESSAGE][INFO] - Connecting to remote web server 'testcloud.katalon.com/hub' with type 'Selenium'

2022-02-21 12:44:34 - [MESSAGE][INFO] - Action delay is set to 100 milliseconds

2022-02-21 12:46:03 - [MESSAGE][PASSED] - Browser is opened with url: ''

2022-02-21 12:46:03 - [TEST_STEP][PASSED] - maximizeWindow(): Current window maximized

2022-02-21 12:46:03 - [MESSAGE][PASSED] - Current window maximized

2022-02-21 12:46:03 - [TEST_STEP][PASSED] - navigateToUrl(url): Navigate to 'https://stars-stage.hawk.ru:8080' successfully

2022-02-21 12:46:09 - [MESSAGE][PASSED] - Navigate to 'https://stars-stage.hawk.ru:8080' successfully

2022-02-21 12:46:09 - [TEST_STEP][PASSED] - setText(findTestObject("Object Repository/Page_/input__sc-lnrBVv eqPACj"), admin_login): Text 'TestAdmin@test.ru' is set on object 'Object Repository/Page_/input__sc-lnrBVv eqPACj'

2022-02-21 12:46:14 - [MESSAGE][PASSED] - Text 'TestAdmin@test.ru' is set on object 'Object Repository/Page_/input__sc-lnrBVv eqPACj'

2022-02-21 12:46:14 - [TEST_STEP][PASSED] - setText(findTestObject("Object Repository/Page_/input__sc-lnrBVv eqPACj_1"), admin_password): Text 'TestAdmin@test.ru' is set on object 'Object Repository/Page_/input__sc-lnrBVv eqPACj_1'

2022-02-21 12:46:19 - [MESSAGE][PASSED] - Text 'TestAdmin@test.ru' is set on object 'Object Repository/Page_/input__sc-lnrBVv eqPACj_1'

2022-02-21 12:46:19 - [TEST_STEP][PASSED] - click(findTestObject("Object Repository/Page_/go")): Object: 'Object Repository/Page_/go' is clicked on

2022-02-21 12:46:21 - [MESSAGE][PASSED] - Object: 'Object Repository/Page_/go' is clicked on

2022-02-21 12:46:21 - [MESSAGE][PASSED] - Call Test Case 'Test Cases/Администратор/Авторизация' successfully

2022-02-21 12:46:21 - [TEST_STEP][PASSED] - click(findTestObject("admin/reports/keys/reports/report")): Object: 'Object Repository/admin/reports/keys/reports/report' is clicked on

2022-02-21 12:46:51 - [MESSAGE][PASSED] - Object: 'Object Repository/admin/reports/keys/reports/report' is clicked on

2022-02-21 12:46:51 - [MESSAGE][PASSED] - Call Test Case 'Test Cases/Администратор/Отчет для тк' successfully

2022-02-21 12:46:51 - [TEST_STEP][PASSED] - click(findTestObject("Object Repository/admin/reports/not/Page_/not")): Object: 'Object Repository/admin/reports/not/Page_/not' is clicked on

2022-02-21 12:46:53 - [MESSAGE][PASSED] - Object: 'Object Repository/admin/reports/not/Page_/not' is clicked on

2022-02-21 12:46:53 - [TEST_STEP][PASSED] - verifyTextPresent("СПИСОК УЧАСТНИКОВ БЕЗ ОЦЕНКИ", true): Text 'СПИСОК УЧАСТНИКОВ БЕЗ ОЦЕНКИ' is present on page  using regular expression

2022-02-21 12:47:04 - [MESSAGE][PASSED] - Text 'СПИСОК УЧАСТНИКОВ БЕЗ ОЦЕНКИ' is present on page  using regular expression

2022-02-21 12:47:04 - [TEST_STEP][PASSED] - takeFullPageScreenshot("C:\scr\" + school + "29.jpg"): Taking screenshot successfully

2022-02-21 12:47:12 - [MESSAGE][INFO] - 0 hidden object(s)

2022-02-21 12:47:12 - [MESSAGE][PASSED] - Taking screenshot successfully
[[ATTACHMENT|C:\scr\Авангард-200529.jpg]]

2022-02-21 12:47:12 - [TEST_STEP][PASSED] - setText(findTestObject("Object Repository/admin/reports/not/Page_/input__react-select-2-input"), "ака"): Text 'ака' is set on object 'Object Repository/admin/reports/not/Page_/input__react-select-2-input'

2022-02-21 12:47:17 - [MESSAGE][PASSED] - Text 'ака' is set on object 'Object Repository/admin/reports/not/Page_/input__react-select-2-input'

2022-02-21 12:47:17 - [TEST_STEP][PASSED] - sendKeys(findTestObject("Object Repository/admin/reports/not/Page_/input__react-select-2-input"), Keys.chord(ENTER)): Keys 'ENTER + ' sent to object: 'Object Repository/admin/reports/not/Page_/input__react-select-2-input'

2022-02-21 12:47:19 - [MESSAGE][PASSED] - Keys 'ENTER + ' sent to object: 'Object Repository/admin/reports/not/Page_/input__react-select-2-input'

2022-02-21 12:47:19 - [TEST_STEP][PASSED] - setText(findTestObject("Object Repository/admin/reports/not/Page_/input__react-select-3-input"), school): Text 'Авангард-2005' is set on object 'Object Repository/admin/reports/not/Page_/input__react-select-3-input'

2022-02-21 12:47:26 - [MESSAGE][PASSED] - Text 'Авангард-2005' is set on object 'Object Repository/admin/reports/not/Page_/input__react-select-3-input'

2022-02-21 12:47:26 - [TEST_STEP][PASSED] - sendKeys(findTestObject("Object Repository/admin/reports/not/Page_/input__react-select-3-input"), Keys.chord(ENTER)): Keys 'ENTER + ' sent to object: 'Object Repository/admin/reports/not/Page_/input__react-select-3-input'

2022-02-21 12:47:28 - [MESSAGE][PASSED] - Keys 'ENTER + ' sent to object: 'Object Repository/admin/reports/not/Page_/input__react-select-3-input'

2022-02-21 12:47:28 - [TEST_STEP][PASSED] - setText(findTestObject("Object Repository/admin/reports/not/Page_/input__react-select-4-input"), "26.8"): Text '26.8' is set on object 'Object Repository/admin/reports/not/Page_/input__react-select-4-input'

2022-02-21 12:47:34 - [MESSAGE][PASSED] - Text '26.8' is set on object 'Object Repository/admin/reports/not/Page_/input__react-select-4-input'

2022-02-21 12:47:34 - [TEST_STEP][PASSED] - sendKeys(findTestObject("Object Repository/admin/reports/not/Page_/input__react-select-4-input"), Keys.chord(ENTER)): Keys 'ENTER + ' sent to object: 'Object Repository/admin/reports/not/Page_/input__react-select-4-input'

2022-02-21 12:47:36 - [MESSAGE][PASSED] - Keys 'ENTER + ' sent to object: 'Object Repository/admin/reports/not/Page_/input__react-select-4-input'

2022-02-21 12:47:36 - [TEST_STEP][PASSED] - takeFullPageScreenshot("C:\scr\" + school + "30.jpg"): Taking screenshot successfully

2022-02-21 12:47:44 - [MESSAGE][INFO] - 0 hidden object(s)

2022-02-21 12:47:44 - [MESSAGE][PASSED] - Taking screenshot successfully
[[ATTACHMENT|C:\scr\Авангард-200530.jpg]]

2022-02-21 12:47:44 - [TEST_STEP][PASSED] - click(findTestObject("Object Repository/manager/kale/Page_/root")): Object: 'Object Repository/manager/kale/Page_/root' is clicked on

2022-02-21 12:47:46 - [MESSAGE][PASSED] - Object: 'Object Repository/manager/kale/Page_/root' is clicked on

2022-02-21 12:47:46 - [TEST_STEP][PASSED] - closeBrowser(): Browser is closed

2022-02-21 12:47:47 - [MESSAGE][PASSED] - Browser is closed]]></system-out>
         <system-err><![CDATA[]]></system-err>
      </testcase>
      <testcase name="Test Cases/Администратор/ОТЧЕТЫ функциональные тесты/Отчет психофиз" time="161.854" classname="Test Cases/Администратор/ОТЧЕТЫ функциональные тесты/Отчет психофиз" status="FAILED">
         <failure type="FAILED" message="Test Cases/Администратор/ОТЧЕТЫ функциональные тесты/Отчет психофиз FAILED.
Reason:
com.kms.katalon.core.exception.StepFailedException: Unable to verify text 'ОТЧЕТ ПСИХОЛОГИЧЕСКОГО ПРОФИЛЯ' is present  using regular expression
	at com.kms.katalon.core.webui.keyword.internal.WebUIKeywordMain.stepFailed(WebUIKeywordMain.groovy:64)
	at com.kms.katalon.core.webui.keyword.internal.WebUIKeywordMain.runKeyword(WebUIKeywordMain.groovy:26)
	at com.kms.katalon.core.webui.keyword.builtin.VerifyTextPresentKeyword.verifyTextPresent(VerifyTextPresentKeyword.groovy:83)
	at com.kms.katalon.core.webui.keyword.builtin.VerifyTextPresentKeyword.execute(VerifyTextPresentKeyword.groovy:68)
	at com.kms.katalon.core.keyword.internal.KeywordExecutor.executeKeywordForPlatform(KeywordExecutor.groovy:74)
	at com.kms.katalon.core.webui.keyword.WebUiBuiltInKeywords.verifyTextPresent(WebUiBuiltInKeywords.groovy:1723)
	at com.kms.katalon.core.webui.keyword.WebUiBuiltInKeywords$verifyTextPresent$8.call(Unknown Source)
	at Отчет психофиз.run(Отчет психофиз:25)
	at com.kms.katalon.core.main.ScriptEngine.run(ScriptEngine.java:194)
	at com.kms.katalon.core.main.ScriptEngine.runScriptAsRawText(ScriptEngine.java:119)
	at com.kms.katalon.core.main.TestCaseExecutor.runScript(TestCaseExecutor.java:442)
	at com.kms.katalon.core.main.TestCaseExecutor.doExecute(TestCaseExecutor.java:433)
	at com.kms.katalon.core.main.TestCaseExecutor.processExecutionPhase(TestCaseExecutor.java:412)
	at com.kms.katalon.core.main.TestCaseExecutor.accessMainPhase(TestCaseExecutor.java:404)
	at com.kms.katalon.core.main.TestCaseExecutor.execute(TestCaseExecutor.java:281)
	at com.kms.katalon.core.main.TestSuiteExecutor.accessTestCaseMainPhase(TestSuiteExecutor.java:202)
	at com.kms.katalon.core.main.TestSuiteExecutor.accessTestSuiteMainPhase(TestSuiteExecutor.java:164)
	at com.kms.katalon.core.main.TestSuiteExecutor.execute(TestSuiteExecutor.java:105)
	at com.kms.katalon.core.main.TestCaseMain.startTestSuite(TestCaseMain.java:185)
	at com.kms.katalon.core.main.TestCaseMain$startTestSuite$0.call(Unknown Source)
	at TempTestSuite1645435800686.run(TempTestSuite1645435800686.groovy:36)
Caused by: com.kms.katalon.core.exception.StepFailedException: Text 'ОТЧЕТ ПСИХОЛОГИЧЕСКОГО ПРОФИЛЯ' is not present on page  using regular expression
	at com.kms.katalon.core.webui.keyword.internal.WebUIKeywordMain.stepFailed(WebUIKeywordMain.groovy:64)
	at com.kms.katalon.core.webui.keyword.builtin.VerifyTextPresentKeyword$_verifyTextPresent_closure1.doCall(VerifyTextPresentKeyword.groovy:79)
	at com.kms.katalon.core.webui.keyword.builtin.VerifyTextPresentKeyword$_verifyTextPresent_closure1.call(VerifyTextPresentKeyword.groovy)
	at com.kms.katalon.core.webui.keyword.internal.WebUIKeywordMain.runKeyword(WebUIKeywordMain.groovy:20)
	... 19 more
"/>
         <system-out><![CDATA[2022-02-21 12:47:47 - [TEST_CASE][FAILED] - Test Cases/Администратор/ОТЧЕТЫ функциональные тесты/Отчет психофиз: Test Cases/Администратор/ОТЧЕТЫ функциональные тесты/Отчет психофиз FAILED.
Reason:
com.kms.katalon.core.exception.StepFailedException: Unable to verify text 'ОТЧЕТ ПСИХОЛОГИЧЕСКОГО ПРОФИЛЯ' is present  using regular expression
	at com.kms.katalon.core.webui.keyword.internal.WebUIKeywordMain.stepFailed(WebUIKeywordMain.groovy:64)
	at com.kms.katalon.core.webui.keyword.internal.WebUIKeywordMain.runKeyword(WebUIKeywordMain.groovy:26)
	at com.kms.katalon.core.webui.keyword.builtin.VerifyTextPresentKeyword.verifyTextPresent(VerifyTextPresentKeyword.groovy:83)
	at com.kms.katalon.core.webui.keyword.builtin.VerifyTextPresentKeyword.execute(VerifyTextPresentKeyword.groovy:68)
	at com.kms.katalon.core.keyword.internal.KeywordExecutor.executeKeywordForPlatform(KeywordExecutor.groovy:74)
	at com.kms.katalon.core.webui.keyword.WebUiBuiltInKeywords.verifyTextPresent(WebUiBuiltInKeywords.groovy:1723)
	at com.kms.katalon.core.webui.keyword.WebUiBuiltInKeywords$verifyTextPresent$8.call(Unknown Source)
	at Отчет психофиз.run(Отчет психофиз:25)
	at com.kms.katalon.core.main.ScriptEngine.run(ScriptEngine.java:194)
	at com.kms.katalon.core.main.ScriptEngine.runScriptAsRawText(ScriptEngine.java:119)
	at com.kms.katalon.core.main.TestCaseExecutor.runScript(TestCaseExecutor.java:442)
	at com.kms.katalon.core.main.TestCaseExecutor.doExecute(TestCaseExecutor.java:433)
	at com.kms.katalon.core.main.TestCaseExecutor.processExecutionPhase(TestCaseExecutor.java:412)
	at com.kms.katalon.core.main.TestCaseExecutor.accessMainPhase(TestCaseExecutor.java:404)
	at com.kms.katalon.core.main.TestCaseExecutor.execute(TestCaseExecutor.java:281)
	at com.kms.katalon.core.main.TestSuiteExecutor.accessTestCaseMainPhase(TestSuiteExecutor.java:202)
	at com.kms.katalon.core.main.TestSuiteExecutor.accessTestSuiteMainPhase(TestSuiteExecutor.java:164)
	at com.kms.katalon.core.main.TestSuiteExecutor.execute(TestSuiteExecutor.java:105)
	at com.kms.katalon.core.main.TestCaseMain.startTestSuite(TestCaseMain.java:185)
	at com.kms.katalon.core.main.TestCaseMain$startTestSuite$0.call(Unknown Source)
	at TempTestSuite1645435800686.run(TempTestSuite1645435800686.groovy:36)
Caused by: com.kms.katalon.core.exception.StepFailedException: Text 'ОТЧЕТ ПСИХОЛОГИЧЕСКОГО ПРОФИЛЯ' is not present on page  using regular expression
	at com.kms.katalon.core.webui.keyword.internal.WebUIKeywordMain.stepFailed(WebUIKeywordMain.groovy:64)
	at com.kms.katalon.core.webui.keyword.builtin.VerifyTextPresentKeyword$_verifyTextPresent_closure1.doCall(VerifyTextPresentKeyword.groovy:79)
	at com.kms.katalon.core.webui.keyword.builtin.VerifyTextPresentKeyword$_verifyTextPresent_closure1.call(VerifyTextPresentKeyword.groovy)
	at com.kms.katalon.core.webui.keyword.internal.WebUIKeywordMain.runKeyword(WebUIKeywordMain.groovy:20)
	... 19 more


2022-02-21 12:47:47 - [TEST_STEP][PASSED] - callTestCase(findTestCase("Администратор/Отчет для тк"), [:], STOP_ON_FAILURE): Call Test Case 'Test Cases/Администратор/Отчет для тк' successfully

2022-02-21 12:47:47 - [TEST_CASE][PASSED] - Test Cases/Администратор/Отчет для тк: Test Cases/Администратор/Отчет для тк

2022-02-21 12:47:47 - [TEST_STEP][PASSED] - callTestCase(findTestCase("Администратор/Авторизация"), [:], STOP_ON_FAILURE): Call Test Case 'Test Cases/Администратор/Авторизация' successfully

2022-02-21 12:47:47 - [TEST_CASE][PASSED] - Test Cases/Администратор/Авторизация: Test Cases/Администратор/Авторизация

2022-02-21 12:47:47 - [TEST_STEP][PASSED] - openBrowser(""): Browser is opened with url: ''

2022-02-21 12:47:47 - [MESSAGE][INFO] - User set preference: ['os', 'linux']

2022-02-21 12:47:47 - [MESSAGE][INFO] - User set preference: ['browserName', 'chrome']

2022-02-21 12:47:47 - [MESSAGE][INFO] - User set preference: ['browserVersion', '97']

2022-02-21 12:47:47 - [MESSAGE][INFO] - User set preference: ['katalon:option', '{organizationId=551240, tunnelId=, usingTunnel=false}']

2022-02-21 12:47:47 - [MESSAGE][INFO] - Connecting to remote web server 'testcloud.katalon.com/hub' with type 'Selenium'

2022-02-21 12:47:47 - [MESSAGE][INFO] - Action delay is set to 100 milliseconds

2022-02-21 12:49:02 - [MESSAGE][PASSED] - Browser is opened with url: ''

2022-02-21 12:49:02 - [TEST_STEP][PASSED] - maximizeWindow(): Current window maximized

2022-02-21 12:49:02 - [MESSAGE][PASSED] - Current window maximized

2022-02-21 12:49:02 - [TEST_STEP][PASSED] - navigateToUrl(url): Navigate to 'https://stars-stage.hawk.ru:8080' successfully

2022-02-21 12:49:08 - [MESSAGE][PASSED] - Navigate to 'https://stars-stage.hawk.ru:8080' successfully

2022-02-21 12:49:08 - [TEST_STEP][PASSED] - setText(findTestObject("Object Repository/Page_/input__sc-lnrBVv eqPACj"), admin_login): Text 'TestAdmin@test.ru' is set on object 'Object Repository/Page_/input__sc-lnrBVv eqPACj'

2022-02-21 12:49:12 - [MESSAGE][PASSED] - Text 'TestAdmin@test.ru' is set on object 'Object Repository/Page_/input__sc-lnrBVv eqPACj'

2022-02-21 12:49:12 - [TEST_STEP][PASSED] - setText(findTestObject("Object Repository/Page_/input__sc-lnrBVv eqPACj_1"), admin_password): Text 'TestAdmin@test.ru' is set on object 'Object Repository/Page_/input__sc-lnrBVv eqPACj_1'

2022-02-21 12:49:17 - [MESSAGE][PASSED] - Text 'TestAdmin@test.ru' is set on object 'Object Repository/Page_/input__sc-lnrBVv eqPACj_1'

2022-02-21 12:49:17 - [TEST_STEP][PASSED] - click(findTestObject("Object Repository/Page_/go")): Object: 'Object Repository/Page_/go' is clicked on

2022-02-21 12:49:19 - [MESSAGE][PASSED] - Object: 'Object Repository/Page_/go' is clicked on

2022-02-21 12:49:19 - [MESSAGE][PASSED] - Call Test Case 'Test Cases/Администратор/Авторизация' successfully

2022-02-21 12:49:19 - [TEST_STEP][PASSED] - click(findTestObject("admin/reports/keys/reports/report")): Object: 'Object Repository/admin/reports/keys/reports/report' is clicked on

2022-02-21 12:49:38 - [MESSAGE][PASSED] - Object: 'Object Repository/admin/reports/keys/reports/report' is clicked on

2022-02-21 12:49:38 - [MESSAGE][PASSED] - Call Test Case 'Test Cases/Администратор/Отчет для тк' successfully

2022-02-21 12:49:38 - [TEST_STEP][PASSED] - click(findTestObject("Object Repository/admin/reports/psyhotest/Page_/psychotest")): Object: 'Object Repository/admin/reports/psyhotest/Page_/psychotest' is clicked on

2022-02-21 12:50:09 - [MESSAGE][INFO] - Unable to find the element located by 'By.xpath: //*[(text() = 'Отчет психофизического профиля' or . = 'Отчет психофизического профиля')]'. Please recheck the objects properties to make sure the desired element is located. 

2022-02-21 12:50:09 - [MESSAGE][WARNING] - [SELF-HEALING] Failed to find element with id 'Object Repository/admin/reports/psyhotest/Page_/psychotest'. Try using Self-healing.

2022-02-21 12:50:11 - [MESSAGE][WARNING] - [SELF-HEALING] The current locator of test object 'Object Repository/admin/reports/psyhotest/Page_/psychotest' was broken. Propose an alternative one: '(.//*[normalize-space(text()) and normalize-space(.)='Отчет по играм за период'])[1]/following::div[6]'.

2022-02-21 12:50:11 - [MESSAGE][PASSED] - Object: 'Object Repository/admin/reports/psyhotest/Page_/psychotest' is clicked on

2022-02-21 12:50:11 - [TEST_STEP][FAILED] - verifyTextPresent("ОТЧЕТ ПСИХОЛОГИЧЕСКОГО ПРОФИЛЯ", true): Unable to verify text 'ОТЧЕТ ПСИХОЛОГИЧЕСКОГО ПРОФИЛЯ' is present  using regular expression (Root cause: com.kms.katalon.core.exception.StepFailedException: Unable to verify text 'ОТЧЕТ ПСИХОЛОГИЧЕСКОГО ПРОФИЛЯ' is present  using regular expression
	at com.kms.katalon.core.webui.keyword.internal.WebUIKeywordMain.stepFailed(WebUIKeywordMain.groovy:64)
	at com.kms.katalon.core.webui.keyword.internal.WebUIKeywordMain.runKeyword(WebUIKeywordMain.groovy:26)
	at com.kms.katalon.core.webui.keyword.builtin.VerifyTextPresentKeyword.verifyTextPresent(VerifyTextPresentKeyword.groovy:83)
	at com.kms.katalon.core.webui.keyword.builtin.VerifyTextPresentKeyword.execute(VerifyTextPresentKeyword.groovy:68)
	at com.kms.katalon.core.keyword.internal.KeywordExecutor.executeKeywordForPlatform(KeywordExecutor.groovy:74)
	at com.kms.katalon.core.webui.keyword.WebUiBuiltInKeywords.verifyTextPresent(WebUiBuiltInKeywords.groovy:1723)
	at com.kms.katalon.core.webui.keyword.WebUiBuiltInKeywords$verifyTextPresent$8.call(Unknown Source)
	at Отчет психофиз.run(Отчет психофиз:25)
	at com.kms.katalon.core.main.ScriptEngine.run(ScriptEngine.java:194)
	at com.kms.katalon.core.main.ScriptEngine.runScriptAsRawText(ScriptEngine.java:119)
	at com.kms.katalon.core.main.TestCaseExecutor.runScript(TestCaseExecutor.java:442)
	at com.kms.katalon.core.main.TestCaseExecutor.doExecute(TestCaseExecutor.java:433)
	at com.kms.katalon.core.main.TestCaseExecutor.processExecutionPhase(TestCaseExecutor.java:412)
	at com.kms.katalon.core.main.TestCaseExecutor.accessMainPhase(TestCaseExecutor.java:404)
	at com.kms.katalon.core.main.TestCaseExecutor.execute(TestCaseExecutor.java:281)
	at com.kms.katalon.core.main.TestSuiteExecutor.accessTestCaseMainPhase(TestSuiteExecutor.java:202)
	at com.kms.katalon.core.main.TestSuiteExecutor.accessTestSuiteMainPhase(TestSuiteExecutor.java:164)
	at com.kms.katalon.core.main.TestSuiteExecutor.execute(TestSuiteExecutor.java:105)
	at com.kms.katalon.core.main.TestCaseMain.startTestSuite(TestCaseMain.java:185)
	at com.kms.katalon.core.main.TestCaseMain$startTestSuite$0.call(Unknown Source)
	at TempTestSuite1645435800686.run(TempTestSuite1645435800686.groovy:36)
Caused by: com.kms.katalon.core.exception.StepFailedException: Text 'ОТЧЕТ ПСИХОЛОГИЧЕСКОГО ПРОФИЛЯ' is not present on page  using regular expression
	at com.kms.katalon.core.webui.keyword.internal.WebUIKeywordMain.stepFailed(WebUIKeywordMain.groovy:64)
	at com.kms.katalon.core.webui.keyword.builtin.VerifyTextPresentKeyword$_verifyTextPresent_closure1.doCall(VerifyTextPresentKeyword.groovy:79)
	at com.kms.katalon.core.webui.keyword.builtin.VerifyTextPresentKeyword$_verifyTextPresent_closure1.call(VerifyTextPresentKeyword.groovy)
	at com.kms.katalon.core.webui.keyword.internal.WebUIKeywordMain.runKeyword(WebUIKeywordMain.groovy:20)
	... 19 more
)

2022-02-21 12:50:25 - [MESSAGE][FAILED] - Text 'ОТЧЕТ ПСИХОЛОГИЧЕСКОГО ПРОФИЛЯ' is not present on page  using regular expression (Root cause: com.kms.katalon.core.exception.StepFailedException: Text 'ОТЧЕТ ПСИХОЛОГИЧЕСКОГО ПРОФИЛЯ' is not present on page  using regular expression
	at com.kms.katalon.core.webui.keyword.internal.WebUIKeywordMain.stepFailed(WebUIKeywordMain.groovy:64)
	at com.kms.katalon.core.webui.keyword.builtin.VerifyTextPresentKeyword$_verifyTextPresent_closure1.doCall(VerifyTextPresentKeyword.groovy:79)
	at com.kms.katalon.core.webui.keyword.builtin.VerifyTextPresentKeyword$_verifyTextPresent_closure1.call(VerifyTextPresentKeyword.groovy)
	at com.kms.katalon.core.webui.keyword.internal.WebUIKeywordMain.runKeyword(WebUIKeywordMain.groovy:20)
	at com.kms.katalon.core.webui.keyword.builtin.VerifyTextPresentKeyword.verifyTextPresent(VerifyTextPresentKeyword.groovy:83)
	at com.kms.katalon.core.webui.keyword.builtin.VerifyTextPresentKeyword.execute(VerifyTextPresentKeyword.groovy:68)
	at com.kms.katalon.core.keyword.internal.KeywordExecutor.executeKeywordForPlatform(KeywordExecutor.groovy:74)
	at com.kms.katalon.core.webui.keyword.WebUiBuiltInKeywords.verifyTextPresent(WebUiBuiltInKeywords.groovy:1723)
	at com.kms.katalon.core.webui.keyword.WebUiBuiltInKeywords$verifyTextPresent$8.call(Unknown Source)
	at Отчет психофиз.run(Отчет психофиз:25)
	at com.kms.katalon.core.main.ScriptEngine.run(ScriptEngine.java:194)
	at com.kms.katalon.core.main.ScriptEngine.runScriptAsRawText(ScriptEngine.java:119)
	at com.kms.katalon.core.main.TestCaseExecutor.runScript(TestCaseExecutor.java:442)
	at com.kms.katalon.core.main.TestCaseExecutor.doExecute(TestCaseExecutor.java:433)
	at com.kms.katalon.core.main.TestCaseExecutor.processExecutionPhase(TestCaseExecutor.java:412)
	at com.kms.katalon.core.main.TestCaseExecutor.accessMainPhase(TestCaseExecutor.java:404)
	at com.kms.katalon.core.main.TestCaseExecutor.execute(TestCaseExecutor.java:281)
	at com.kms.katalon.core.main.TestSuiteExecutor.accessTestCaseMainPhase(TestSuiteExecutor.java:202)
	at com.kms.katalon.core.main.TestSuiteExecutor.accessTestSuiteMainPhase(TestSuiteExecutor.java:164)
	at com.kms.katalon.core.main.TestSuiteExecutor.execute(TestSuiteExecutor.java:105)
	at com.kms.katalon.core.main.TestCaseMain.startTestSuite(TestCaseMain.java:185)
	at com.kms.katalon.core.main.TestCaseMain$startTestSuite$0.call(Unknown Source)
	at TempTestSuite1645435800686.run(TempTestSuite1645435800686.groovy:36)
)

2022-02-21 12:50:26 - [MESSAGE][FAILED] - Unable to verify text 'ОТЧЕТ ПСИХОЛОГИЧЕСКОГО ПРОФИЛЯ' is present  using regular expression (Root cause: com.kms.katalon.core.exception.StepFailedException: Unable to verify text 'ОТЧЕТ ПСИХОЛОГИЧЕСКОГО ПРОФИЛЯ' is present  using regular expression
	at com.kms.katalon.core.webui.keyword.internal.WebUIKeywordMain.stepFailed(WebUIKeywordMain.groovy:64)
	at com.kms.katalon.core.webui.keyword.internal.WebUIKeywordMain.runKeyword(WebUIKeywordMain.groovy:26)
	at com.kms.katalon.core.webui.keyword.builtin.VerifyTextPresentKeyword.verifyTextPresent(VerifyTextPresentKeyword.groovy:83)
	at com.kms.katalon.core.webui.keyword.builtin.VerifyTextPresentKeyword.execute(VerifyTextPresentKeyword.groovy:68)
	at com.kms.katalon.core.keyword.internal.KeywordExecutor.executeKeywordForPlatform(KeywordExecutor.groovy:74)
	at com.kms.katalon.core.webui.keyword.WebUiBuiltInKeywords.verifyTextPresent(WebUiBuiltInKeywords.groovy:1723)
	at com.kms.katalon.core.webui.keyword.WebUiBuiltInKeywords$verifyTextPresent$8.call(Unknown Source)
	at Отчет психофиз.run(Отчет психофиз:25)
	at com.kms.katalon.core.main.ScriptEngine.run(ScriptEngine.java:194)
	at com.kms.katalon.core.main.ScriptEngine.runScriptAsRawText(ScriptEngine.java:119)
	at com.kms.katalon.core.main.TestCaseExecutor.runScript(TestCaseExecutor.java:442)
	at com.kms.katalon.core.main.TestCaseExecutor.doExecute(TestCaseExecutor.java:433)
	at com.kms.katalon.core.main.TestCaseExecutor.processExecutionPhase(TestCaseExecutor.java:412)
	at com.kms.katalon.core.main.TestCaseExecutor.accessMainPhase(TestCaseExecutor.java:404)
	at com.kms.katalon.core.main.TestCaseExecutor.execute(TestCaseExecutor.java:281)
	at com.kms.katalon.core.main.TestSuiteExecutor.accessTestCaseMainPhase(TestSuiteExecutor.java:202)
	at com.kms.katalon.core.main.TestSuiteExecutor.accessTestSuiteMainPhase(TestSuiteExecutor.java:164)
	at com.kms.katalon.core.main.TestSuiteExecutor.execute(TestSuiteExecutor.java:105)
	at com.kms.katalon.core.main.TestCaseMain.startTestSuite(TestCaseMain.java:185)
	at com.kms.katalon.core.main.TestCaseMain$startTestSuite$0.call(Unknown Source)
	at TempTestSuite1645435800686.run(TempTestSuite1645435800686.groovy:36)
Caused by: com.kms.katalon.core.exception.StepFailedException: Text 'ОТЧЕТ ПСИХОЛОГИЧЕСКОГО ПРОФИЛЯ' is not present on page  using regular expression
	at com.kms.katalon.core.webui.keyword.internal.WebUIKeywordMain.stepFailed(WebUIKeywordMain.groovy:64)
	at com.kms.katalon.core.webui.keyword.builtin.VerifyTextPresentKeyword$_verifyTextPresent_closure1.doCall(VerifyTextPresentKeyword.groovy:79)
	at com.kms.katalon.core.webui.keyword.builtin.VerifyTextPresentKeyword$_verifyTextPresent_closure1.call(VerifyTextPresentKeyword.groovy)
	at com.kms.katalon.core.webui.keyword.internal.WebUIKeywordMain.runKeyword(WebUIKeywordMain.groovy:20)
	... 19 more
)
[[ATTACHMENT|C:\\Users\\LENOVO\\Katalon Studio\\Project Avangard\\Reports\\20220221_122957\\\u0410\u0434\u043C\u0438\u043D\u0438\u0441\u0442\u0440\u0430\u0442\u043E\u0440\\20220221_123000\\1645437025090.png]]]]></system-out>
         <system-err><![CDATA[2022-02-21 12:47:47 - [TEST_CASE][FAILED] - Test Cases/Администратор/ОТЧЕТЫ функциональные тесты/Отчет психофиз: Test Cases/Администратор/ОТЧЕТЫ функциональные тесты/Отчет психофиз FAILED.
Reason:
com.kms.katalon.core.exception.StepFailedException: Unable to verify text 'ОТЧЕТ ПСИХОЛОГИЧЕСКОГО ПРОФИЛЯ' is present  using regular expression
	at com.kms.katalon.core.webui.keyword.internal.WebUIKeywordMain.stepFailed(WebUIKeywordMain.groovy:64)
	at com.kms.katalon.core.webui.keyword.internal.WebUIKeywordMain.runKeyword(WebUIKeywordMain.groovy:26)
	at com.kms.katalon.core.webui.keyword.builtin.VerifyTextPresentKeyword.verifyTextPresent(VerifyTextPresentKeyword.groovy:83)
	at com.kms.katalon.core.webui.keyword.builtin.VerifyTextPresentKeyword.execute(VerifyTextPresentKeyword.groovy:68)
	at com.kms.katalon.core.keyword.internal.KeywordExecutor.executeKeywordForPlatform(KeywordExecutor.groovy:74)
	at com.kms.katalon.core.webui.keyword.WebUiBuiltInKeywords.verifyTextPresent(WebUiBuiltInKeywords.groovy:1723)
	at com.kms.katalon.core.webui.keyword.WebUiBuiltInKeywords$verifyTextPresent$8.call(Unknown Source)
	at Отчет психофиз.run(Отчет психофиз:25)
	at com.kms.katalon.core.main.ScriptEngine.run(ScriptEngine.java:194)
	at com.kms.katalon.core.main.ScriptEngine.runScriptAsRawText(ScriptEngine.java:119)
	at com.kms.katalon.core.main.TestCaseExecutor.runScript(TestCaseExecutor.java:442)
	at com.kms.katalon.core.main.TestCaseExecutor.doExecute(TestCaseExecutor.java:433)
	at com.kms.katalon.core.main.TestCaseExecutor.processExecutionPhase(TestCaseExecutor.java:412)
	at com.kms.katalon.core.main.TestCaseExecutor.accessMainPhase(TestCaseExecutor.java:404)
	at com.kms.katalon.core.main.TestCaseExecutor.execute(TestCaseExecutor.java:281)
	at com.kms.katalon.core.main.TestSuiteExecutor.accessTestCaseMainPhase(TestSuiteExecutor.java:202)
	at com.kms.katalon.core.main.TestSuiteExecutor.accessTestSuiteMainPhase(TestSuiteExecutor.java:164)
	at com.kms.katalon.core.main.TestSuiteExecutor.execute(TestSuiteExecutor.java:105)
	at com.kms.katalon.core.main.TestCaseMain.startTestSuite(TestCaseMain.java:185)
	at com.kms.katalon.core.main.TestCaseMain$startTestSuite$0.call(Unknown Source)
	at TempTestSuite1645435800686.run(TempTestSuite1645435800686.groovy:36)
Caused by: com.kms.katalon.core.exception.StepFailedException: Text 'ОТЧЕТ ПСИХОЛОГИЧЕСКОГО ПРОФИЛЯ' is not present on page  using regular expression
	at com.kms.katalon.core.webui.keyword.internal.WebUIKeywordMain.stepFailed(WebUIKeywordMain.groovy:64)
	at com.kms.katalon.core.webui.keyword.builtin.VerifyTextPresentKeyword$_verifyTextPresent_closure1.doCall(VerifyTextPresentKeyword.groovy:79)
	at com.kms.katalon.core.webui.keyword.builtin.VerifyTextPresentKeyword$_verifyTextPresent_closure1.call(VerifyTextPresentKeyword.groovy)
	at com.kms.katalon.core.webui.keyword.internal.WebUIKeywordMain.runKeyword(WebUIKeywordMain.groovy:20)
	... 19 more]]></system-err>
      </testcase>
      <testcase name="Test Cases/Администратор/ОТЧЕТЫ функциональные тесты/Отчет по играм за период" time="128.143" classname="Test Cases/Администратор/ОТЧЕТЫ функциональные тесты/Отчет по играм за период" status="PASSED">
         <system-out><![CDATA[2022-02-21 12:50:29 - [TEST_CASE][PASSED] - Test Cases/Администратор/ОТЧЕТЫ функциональные тесты/Отчет по играм за период: Test Cases/Администратор/ОТЧЕТЫ функциональные тесты/Отчет по играм за период

2022-02-21 12:50:29 - [TEST_STEP][PASSED] - callTestCase(findTestCase("Администратор/Отчет для тк"), [:], STOP_ON_FAILURE): Call Test Case 'Test Cases/Администратор/Отчет для тк' successfully

2022-02-21 12:50:29 - [TEST_CASE][PASSED] - Test Cases/Администратор/Отчет для тк: Test Cases/Администратор/Отчет для тк

2022-02-21 12:50:29 - [TEST_STEP][PASSED] - callTestCase(findTestCase("Администратор/Авторизация"), [:], STOP_ON_FAILURE): Call Test Case 'Test Cases/Администратор/Авторизация' successfully

2022-02-21 12:50:29 - [TEST_CASE][PASSED] - Test Cases/Администратор/Авторизация: Test Cases/Администратор/Авторизация

2022-02-21 12:50:29 - [TEST_STEP][PASSED] - openBrowser(""): Browser is opened with url: ''

2022-02-21 12:50:29 - [MESSAGE][WARNING] - A browser is already opened. Closing browser and opening a new one

2022-02-21 12:50:30 - [MESSAGE][INFO] - User set preference: ['os', 'linux']

2022-02-21 12:50:30 - [MESSAGE][INFO] - User set preference: ['browserName', 'chrome']

2022-02-21 12:50:30 - [MESSAGE][INFO] - User set preference: ['browserVersion', '97']

2022-02-21 12:50:30 - [MESSAGE][INFO] - User set preference: ['katalon:option', '{organizationId=551240, tunnelId=, usingTunnel=false}']

2022-02-21 12:50:30 - [MESSAGE][INFO] - Connecting to remote web server 'testcloud.katalon.com/hub' with type 'Selenium'

2022-02-21 12:50:30 - [MESSAGE][INFO] - Action delay is set to 100 milliseconds

2022-02-21 12:51:03 - [MESSAGE][PASSED] - Browser is opened with url: ''

2022-02-21 12:51:03 - [TEST_STEP][PASSED] - maximizeWindow(): Current window maximized

2022-02-21 12:51:04 - [MESSAGE][PASSED] - Current window maximized

2022-02-21 12:51:04 - [TEST_STEP][PASSED] - navigateToUrl(url): Navigate to 'https://stars-stage.hawk.ru:8080' successfully

2022-02-21 12:51:10 - [MESSAGE][PASSED] - Navigate to 'https://stars-stage.hawk.ru:8080' successfully

2022-02-21 12:51:10 - [TEST_STEP][PASSED] - setText(findTestObject("Object Repository/Page_/input__sc-lnrBVv eqPACj"), admin_login): Text 'TestAdmin@test.ru' is set on object 'Object Repository/Page_/input__sc-lnrBVv eqPACj'

2022-02-21 12:51:14 - [MESSAGE][PASSED] - Text 'TestAdmin@test.ru' is set on object 'Object Repository/Page_/input__sc-lnrBVv eqPACj'

2022-02-21 12:51:14 - [TEST_STEP][PASSED] - setText(findTestObject("Object Repository/Page_/input__sc-lnrBVv eqPACj_1"), admin_password): Text 'TestAdmin@test.ru' is set on object 'Object Repository/Page_/input__sc-lnrBVv eqPACj_1'

2022-02-21 12:51:17 - [MESSAGE][PASSED] - Text 'TestAdmin@test.ru' is set on object 'Object Repository/Page_/input__sc-lnrBVv eqPACj_1'

2022-02-21 12:51:17 - [TEST_STEP][PASSED] - click(findTestObject("Object Repository/Page_/go")): Object: 'Object Repository/Page_/go' is clicked on

2022-02-21 12:51:19 - [MESSAGE][PASSED] - Object: 'Object Repository/Page_/go' is clicked on

2022-02-21 12:51:19 - [MESSAGE][PASSED] - Call Test Case 'Test Cases/Администратор/Авторизация' successfully

2022-02-21 12:51:19 - [TEST_STEP][PASSED] - click(findTestObject("admin/reports/keys/reports/report")): Object: 'Object Repository/admin/reports/keys/reports/report' is clicked on

2022-02-21 12:51:42 - [MESSAGE][PASSED] - Object: 'Object Repository/admin/reports/keys/reports/report' is clicked on

2022-02-21 12:51:42 - [MESSAGE][PASSED] - Call Test Case 'Test Cases/Администратор/Отчет для тк' successfully

2022-02-21 12:51:42 - [TEST_STEP][PASSED] - click(findTestObject("Object Repository/admin/reports/period/Page_/div_")): Object: 'Object Repository/admin/reports/period/Page_/div_' is clicked on

2022-02-21 12:51:44 - [MESSAGE][PASSED] - Object: 'Object Repository/admin/reports/period/Page_/div_' is clicked on

2022-02-21 12:51:44 - [TEST_STEP][PASSED] - verifyTextPresent("ОТЧЕТ ПО ИГРАМ ЗА ПЕРИОД", true): Text 'ОТЧЕТ ПО ИГРАМ ЗА ПЕРИОД' is present on page  using regular expression

2022-02-21 12:51:46 - [MESSAGE][PASSED] - Text 'ОТЧЕТ ПО ИГРАМ ЗА ПЕРИОД' is present on page  using regular expression

2022-02-21 12:51:46 - [TEST_STEP][PASSED] - setText(findTestObject("Object Repository/admin/reports/period/Page_/input__react-select-2-input"), "академия"): Text 'академия' is set on object 'Object Repository/admin/reports/period/Page_/input__react-select-2-input'

2022-02-21 12:51:50 - [MESSAGE][PASSED] - Text 'академия' is set on object 'Object Repository/admin/reports/period/Page_/input__react-select-2-input'

2022-02-21 12:51:50 - [TEST_STEP][PASSED] - sendKeys(findTestObject("Object Repository/admin/reports/period/Page_/input__react-select-2-input"), Keys.chord(ENTER)): Keys 'ENTER + ' sent to object: 'Object Repository/admin/reports/period/Page_/input__react-select-2-input'

2022-02-21 12:51:52 - [MESSAGE][PASSED] - Keys 'ENTER + ' sent to object: 'Object Repository/admin/reports/period/Page_/input__react-select-2-input'

2022-02-21 12:51:52 - [TEST_STEP][PASSED] - setText(findTestObject("Object Repository/admin/reports/period/Page_/input__react-select-3-input"), school): Text 'Авангард-2005' is set on object 'Object Repository/admin/reports/period/Page_/input__react-select-3-input'

2022-02-21 12:51:56 - [MESSAGE][PASSED] - Text 'Авангард-2005' is set on object 'Object Repository/admin/reports/period/Page_/input__react-select-3-input'

2022-02-21 12:51:56 - [TEST_STEP][PASSED] - sendKeys(findTestObject("Object Repository/admin/reports/period/Page_/input__react-select-3-input"), Keys.chord(ENTER)): Keys 'ENTER + ' sent to object: 'Object Repository/admin/reports/period/Page_/input__react-select-3-input'

2022-02-21 12:51:58 - [MESSAGE][PASSED] - Keys 'ENTER + ' sent to object: 'Object Repository/admin/reports/period/Page_/input__react-select-3-input'

2022-02-21 12:51:58 - [TEST_STEP][PASSED] - setText(findTestObject("Object Repository/admin/reports/period/Page_/input_._year"), "2020"): Text '2020' is set on object 'Object Repository/admin/reports/period/Page_/input_._year'

2022-02-21 12:52:09 - [MESSAGE][PASSED] - Text '2020' is set on object 'Object Repository/admin/reports/period/Page_/input_._year'

2022-02-21 12:52:09 - [TEST_STEP][PASSED] - waitForElementNotPresent(findTestObject("Object Repository/admin/reports/period/Page_/img_ _sc-cMljjf KiCqS"), 0): Web element with id: 'Object Repository/admin/reports/period/Page_/img_ _sc-cMljjf KiCqS' located by 'By.xpath: //div[@id='root']/div/div/div[2]/div/div[2]/div/div/div/img' is not present after '30' second(s)

2022-02-21 12:52:09 - [MESSAGE][WARNING] - Timeout '0' is invalid. Using default page load timeout: '30'

2022-02-21 12:52:14 - [MESSAGE][PASSED] - Web element with id: 'Object Repository/admin/reports/period/Page_/img_ _sc-cMljjf KiCqS' located by 'By.xpath: //div[@id='root']/div/div/div[2]/div/div[2]/div/div/div/img' is not present after '30' second(s)

2022-02-21 12:52:14 - [TEST_STEP][PASSED] - verifyTextPresent("Управление командой со скамейки", true): Text 'Управление командой со скамейки' is present on page  using regular expression

2022-02-21 12:52:17 - [MESSAGE][PASSED] - Text 'Управление командой со скамейки' is present on page  using regular expression

2022-02-21 12:52:17 - [TEST_STEP][PASSED] - verifyTextPresent("Самоотверженность / воля к победе", true): Text 'Самоотверженность / воля к победе' is present on page  using regular expression

2022-02-21 12:52:20 - [MESSAGE][PASSED] - Text 'Самоотверженность / воля к победе' is present on page  using regular expression

2022-02-21 12:52:20 - [TEST_STEP][PASSED] - verifyTextPresent("СРЕДНЯЯ ОЦЕНКА", false): Text 'СРЕДНЯЯ ОЦЕНКА' is present on page 

2022-02-21 12:52:23 - [MESSAGE][PASSED] - Text 'СРЕДНЯЯ ОЦЕНКА' is present on page 

2022-02-21 12:52:23 - [TEST_STEP][PASSED] - verifyTextPresent("АТАКУЮЩИЕ ДЕЙСТВИЯ", false): Text 'АТАКУЮЩИЕ ДЕЙСТВИЯ' is present on page 

2022-02-21 12:52:25 - [MESSAGE][PASSED] - Text 'АТАКУЮЩИЕ ДЕЙСТВИЯ' is present on page 

2022-02-21 12:52:25 - [TEST_STEP][PASSED] - verifyTextPresent("ОБОРОНИТЕЛЬНЫЕ ДЕЙСТВИЯ", false): Text 'ОБОРОНИТЕЛЬНЫЕ ДЕЙСТВИЯ' is present on page 

2022-02-21 12:52:28 - [MESSAGE][PASSED] - Text 'ОБОРОНИТЕЛЬНЫЕ ДЕЙСТВИЯ' is present on page 

2022-02-21 12:52:28 - [TEST_STEP][PASSED] - verifyTextPresent("Защитник", false): Text 'Защитник' is present on page 

2022-02-21 12:52:31 - [MESSAGE][PASSED] - Text 'Защитник' is present on page 

2022-02-21 12:52:31 - [TEST_STEP][PASSED] - verifyTextPresent("Нападающий", false): Text 'Нападающий' is present on page 

2022-02-21 12:52:34 - [MESSAGE][PASSED] - Text 'Нападающий' is present on page 

2022-02-21 12:52:34 - [TEST_STEP][PASSED] - click(findTestObject("Object Repository/admin/reports/period/Page_/root")): Object: 'Object Repository/admin/reports/period/Page_/root' is clicked on

2022-02-21 12:52:36 - [MESSAGE][PASSED] - Object: 'Object Repository/admin/reports/period/Page_/root' is clicked on

2022-02-21 12:52:36 - [TEST_STEP][PASSED] - closeBrowser(): Browser is closed

2022-02-21 12:52:37 - [MESSAGE][PASSED] - Browser is closed]]></system-out>
         <system-err><![CDATA[]]></system-err>
      </testcase>
      <testcase name="Test Cases/Администратор/ОТЧЕТЫ функциональные тесты/Игровая статистика" time="126.309" classname="Test Cases/Администратор/ОТЧЕТЫ функциональные тесты/Игровая статистика" status="PASSED">
         <system-out><![CDATA[2022-02-21 12:52:37 - [TEST_CASE][PASSED] - Test Cases/Администратор/ОТЧЕТЫ функциональные тесты/Игровая статистика: Test Cases/Администратор/ОТЧЕТЫ функциональные тесты/Игровая статистика

2022-02-21 12:52:37 - [TEST_STEP][PASSED] - callTestCase(findTestCase("Администратор/Авторизация"), [:], STOP_ON_FAILURE): Call Test Case 'Test Cases/Администратор/Авторизация' successfully

2022-02-21 12:52:37 - [TEST_CASE][PASSED] - Test Cases/Администратор/Авторизация: Test Cases/Администратор/Авторизация

2022-02-21 12:52:37 - [TEST_STEP][PASSED] - openBrowser(""): Browser is opened with url: ''

2022-02-21 12:52:37 - [MESSAGE][INFO] - User set preference: ['os', 'linux']

2022-02-21 12:52:37 - [MESSAGE][INFO] - User set preference: ['browserName', 'chrome']

2022-02-21 12:52:37 - [MESSAGE][INFO] - User set preference: ['browserVersion', '97']

2022-02-21 12:52:37 - [MESSAGE][INFO] - User set preference: ['katalon:option', '{organizationId=551240, tunnelId=, usingTunnel=false}']

2022-02-21 12:52:37 - [MESSAGE][INFO] - Connecting to remote web server 'testcloud.katalon.com/hub' with type 'Selenium'

2022-02-21 12:52:37 - [MESSAGE][INFO] - Action delay is set to 100 milliseconds

2022-02-21 12:53:05 - [MESSAGE][PASSED] - Browser is opened with url: ''

2022-02-21 12:53:05 - [TEST_STEP][PASSED] - maximizeWindow(): Current window maximized

2022-02-21 12:53:06 - [MESSAGE][PASSED] - Current window maximized

2022-02-21 12:53:06 - [TEST_STEP][PASSED] - navigateToUrl(url): Navigate to 'https://stars-stage.hawk.ru:8080' successfully

2022-02-21 12:53:12 - [MESSAGE][PASSED] - Navigate to 'https://stars-stage.hawk.ru:8080' successfully

2022-02-21 12:53:12 - [TEST_STEP][PASSED] - setText(findTestObject("Object Repository/Page_/input__sc-lnrBVv eqPACj"), admin_login): Text 'TestAdmin@test.ru' is set on object 'Object Repository/Page_/input__sc-lnrBVv eqPACj'

2022-02-21 12:53:16 - [MESSAGE][PASSED] - Text 'TestAdmin@test.ru' is set on object 'Object Repository/Page_/input__sc-lnrBVv eqPACj'

2022-02-21 12:53:16 - [TEST_STEP][PASSED] - setText(findTestObject("Object Repository/Page_/input__sc-lnrBVv eqPACj_1"), admin_password): Text 'TestAdmin@test.ru' is set on object 'Object Repository/Page_/input__sc-lnrBVv eqPACj_1'

2022-02-21 12:53:20 - [MESSAGE][PASSED] - Text 'TestAdmin@test.ru' is set on object 'Object Repository/Page_/input__sc-lnrBVv eqPACj_1'

2022-02-21 12:53:20 - [TEST_STEP][PASSED] - click(findTestObject("Object Repository/Page_/go")): Object: 'Object Repository/Page_/go' is clicked on

2022-02-21 12:53:22 - [MESSAGE][PASSED] - Object: 'Object Repository/Page_/go' is clicked on

2022-02-21 12:53:22 - [MESSAGE][PASSED] - Call Test Case 'Test Cases/Администратор/Авторизация' successfully

2022-02-21 12:53:22 - [TEST_STEP][PASSED] - click(findTestObject("Object Repository/admin/reports/gamestat/reports/report")): Object: 'Object Repository/admin/reports/gamestat/reports/report' is clicked on

2022-02-21 12:53:53 - [MESSAGE][PASSED] - Object: 'Object Repository/admin/reports/gamestat/reports/report' is clicked on

2022-02-21 12:53:53 - [TEST_STEP][PASSED] - click(findTestObject("Object Repository/admin/reports/gamestat/Page_/stats_report")): Object: 'Object Repository/admin/reports/gamestat/Page_/stats_report' is clicked on

2022-02-21 12:53:55 - [MESSAGE][PASSED] - Object: 'Object Repository/admin/reports/gamestat/Page_/stats_report' is clicked on

2022-02-21 12:53:55 - [TEST_STEP][PASSED] - verifyTextPresent("ИГРОВАЯ СТАТИСТИКА", true): Text 'ИГРОВАЯ СТАТИСТИКА' is present on page  using regular expression

2022-02-21 12:53:57 - [MESSAGE][PASSED] - Text 'ИГРОВАЯ СТАТИСТИКА' is present on page  using regular expression

2022-02-21 12:53:57 - [TEST_STEP][PASSED] - click(findTestObject("Object Repository/admin/reports/gamestat/Page_/school")): Object: 'Object Repository/admin/reports/gamestat/Page_/school' is clicked on

2022-02-21 12:53:59 - [MESSAGE][PASSED] - Object: 'Object Repository/admin/reports/gamestat/Page_/school' is clicked on

2022-02-21 12:53:59 - [TEST_STEP][PASSED] - click(findTestObject("Object Repository/admin/reports/gamestat/Page_/Academy")): Object: 'Object Repository/admin/reports/gamestat/Page_/Academy' is clicked on

2022-02-21 12:54:02 - [MESSAGE][PASSED] - Object: 'Object Repository/admin/reports/gamestat/Page_/Academy' is clicked on

2022-02-21 12:54:02 - [TEST_STEP][PASSED] - click(findTestObject("Object Repository/admin/reports/gamestat/Page_/team")): Object: 'Object Repository/admin/reports/gamestat/Page_/team' is clicked on

2022-02-21 12:54:04 - [MESSAGE][PASSED] - Object: 'Object Repository/admin/reports/gamestat/Page_/team' is clicked on

2022-02-21 12:54:04 - [TEST_STEP][PASSED] - click(findTestObject("Object Repository/admin/reports/gamestat/Page_/varteam")): Object: 'Object Repository/admin/reports/gamestat/Page_/varteam' is clicked on

2022-02-21 12:54:07 - [MESSAGE][PASSED] - Object: 'Object Repository/admin/reports/gamestat/Page_/varteam' is clicked on

2022-02-21 12:54:07 - [TEST_STEP][PASSED] - click(findTestObject("Object Repository/admin/reports/gamestat/Page_/choseSeason")): Object: 'Object Repository/admin/reports/gamestat/Page_/choseSeason' is clicked on

2022-02-21 12:54:11 - [MESSAGE][PASSED] - Object: 'Object Repository/admin/reports/gamestat/Page_/choseSeason' is clicked on

2022-02-21 12:54:11 - [TEST_STEP][PASSED] - click(findTestObject("Object Repository/admin/reports/gamestat/Page_/div_21-22_1")): Object: 'Object Repository/admin/reports/gamestat/Page_/div_21-22_1' is clicked on

2022-02-21 12:54:13 - [MESSAGE][PASSED] - Object: 'Object Repository/admin/reports/gamestat/Page_/div_21-22_1' is clicked on

2022-02-21 12:54:13 - [TEST_STEP][PASSED] - takeFullPageScreenshot("C:\scr\" + school + "10.jpg"): Taking screenshot successfully

2022-02-21 12:54:23 - [MESSAGE][INFO] - 0 hidden object(s)

2022-02-21 12:54:23 - [MESSAGE][PASSED] - Taking screenshot successfully
[[ATTACHMENT|C:\scr\Авангард-200510.jpg]]

2022-02-21 12:54:23 - [TEST_STEP][PASSED] - verifyTextPresent("Матчи", true): Text 'Матчи' is present on page  using regular expression

2022-02-21 12:54:27 - [MESSAGE][PASSED] - Text 'Матчи' is present on page  using regular expression

2022-02-21 12:54:27 - [TEST_STEP][PASSED] - verifyTextPresent("Смены", true): Text 'Смены' is present on page  using regular expression

2022-02-21 12:54:29 - [MESSAGE][PASSED] - Text 'Смены' is present on page  using regular expression

2022-02-21 12:54:29 - [TEST_STEP][PASSED] - verifyTextPresent("Голы за", false): Text 'Голы за' is present on page 

2022-02-21 12:54:31 - [MESSAGE][PASSED] - Text 'Голы за' is present on page 

2022-02-21 12:54:31 - [TEST_STEP][PASSED] - verifyTextPresent("Голы против", false): Text 'Голы против' is present on page 

2022-02-21 12:54:33 - [MESSAGE][PASSED] - Text 'Голы против' is present on page 

2022-02-21 12:54:33 - [TEST_STEP][PASSED] - takeFullPageScreenshot("C:\scr\" + school + "11.jpg"): Taking screenshot successfully

2022-02-21 12:54:40 - [MESSAGE][INFO] - 0 hidden object(s)

2022-02-21 12:54:41 - [MESSAGE][PASSED] - Taking screenshot successfully
[[ATTACHMENT|C:\scr\Авангард-200511.jpg]]

2022-02-21 12:54:41 - [TEST_STEP][PASSED] - click(findTestObject("Object Repository/admin/reports/gamestat/Page_/root")): Object: 'Object Repository/admin/reports/gamestat/Page_/root' is clicked on

2022-02-21 12:54:43 - [MESSAGE][PASSED] - Object: 'Object Repository/admin/reports/gamestat/Page_/root' is clicked on

2022-02-21 12:54:43 - [TEST_STEP][PASSED] - closeBrowser(): Browser is closed

2022-02-21 12:54:43 - [MESSAGE][PASSED] - Browser is closed]]></system-out>
         <system-err><![CDATA[]]></system-err>
      </testcase>
      <testcase name="Test Cases/Администратор/Отчет для тк" time="77.107" classname="Test Cases/Администратор/Отчет для тк" status="PASSED">
         <system-out><![CDATA[2022-02-21 12:54:43 - [TEST_CASE][PASSED] - Test Cases/Администратор/Отчет для тк: Test Cases/Администратор/Отчет для тк

2022-02-21 12:54:43 - [TEST_STEP][PASSED] - callTestCase(findTestCase("Администратор/Авторизация"), [:], STOP_ON_FAILURE): Call Test Case 'Test Cases/Администратор/Авторизация' successfully

2022-02-21 12:54:43 - [TEST_CASE][PASSED] - Test Cases/Администратор/Авторизация: Test Cases/Администратор/Авторизация

2022-02-21 12:54:43 - [TEST_STEP][PASSED] - openBrowser(""): Browser is opened with url: ''

2022-02-21 12:54:43 - [MESSAGE][INFO] - User set preference: ['os', 'linux']

2022-02-21 12:54:43 - [MESSAGE][INFO] - User set preference: ['browserName', 'chrome']

2022-02-21 12:54:43 - [MESSAGE][INFO] - User set preference: ['browserVersion', '97']

2022-02-21 12:54:43 - [MESSAGE][INFO] - User set preference: ['katalon:option', '{organizationId=551240, tunnelId=, usingTunnel=false}']

2022-02-21 12:54:43 - [MESSAGE][INFO] - Connecting to remote web server 'testcloud.katalon.com/hub' with type 'Selenium'

2022-02-21 12:54:43 - [MESSAGE][INFO] - Action delay is set to 100 milliseconds

2022-02-21 12:55:14 - [MESSAGE][PASSED] - Browser is opened with url: ''

2022-02-21 12:55:14 - [TEST_STEP][PASSED] - maximizeWindow(): Current window maximized

2022-02-21 12:55:15 - [MESSAGE][PASSED] - Current window maximized

2022-02-21 12:55:15 - [TEST_STEP][PASSED] - navigateToUrl(url): Navigate to 'https://stars-stage.hawk.ru:8080' successfully

2022-02-21 12:55:21 - [MESSAGE][PASSED] - Navigate to 'https://stars-stage.hawk.ru:8080' successfully

2022-02-21 12:55:21 - [TEST_STEP][PASSED] - setText(findTestObject("Object Repository/Page_/input__sc-lnrBVv eqPACj"), admin_login): Text 'TestAdmin@test.ru' is set on object 'Object Repository/Page_/input__sc-lnrBVv eqPACj'

2022-02-21 12:55:25 - [MESSAGE][PASSED] - Text 'TestAdmin@test.ru' is set on object 'Object Repository/Page_/input__sc-lnrBVv eqPACj'

2022-02-21 12:55:25 - [TEST_STEP][PASSED] - setText(findTestObject("Object Repository/Page_/input__sc-lnrBVv eqPACj_1"), admin_password): Text 'TestAdmin@test.ru' is set on object 'Object Repository/Page_/input__sc-lnrBVv eqPACj_1'

2022-02-21 12:55:28 - [MESSAGE][PASSED] - Text 'TestAdmin@test.ru' is set on object 'Object Repository/Page_/input__sc-lnrBVv eqPACj_1'

2022-02-21 12:55:28 - [TEST_STEP][PASSED] - click(findTestObject("Object Repository/Page_/go")): Object: 'Object Repository/Page_/go' is clicked on

2022-02-21 12:55:30 - [MESSAGE][PASSED] - Object: 'Object Repository/Page_/go' is clicked on

2022-02-21 12:55:30 - [MESSAGE][PASSED] - Call Test Case 'Test Cases/Администратор/Авторизация' successfully

2022-02-21 12:55:30 - [TEST_STEP][PASSED] - click(findTestObject("admin/reports/keys/reports/report")): Object: 'Object Repository/admin/reports/keys/reports/report' is clicked on

2022-02-21 12:56:00 - [MESSAGE][PASSED] - Object: 'Object Repository/admin/reports/keys/reports/report' is clicked on]]></system-out>
         <system-err><![CDATA[]]></system-err>
      </testcase>
      <testcase name="Test Cases/Администратор/Команды" time="82.958" classname="Test Cases/Администратор/Команды" status="FAILED">
         <failure type="FAILED" message="Test Cases/Администратор/Команды FAILED.
Reason:
com.kms.katalon.core.exception.StepFailedException: Unable to click on object 'Object Repository/admin/school/Page_/Page_/td_'
	at com.kms.katalon.core.webui.keyword.internal.WebUIKeywordMain.stepFailed(WebUIKeywordMain.groovy:64)
	at com.kms.katalon.core.webui.keyword.internal.WebUIKeywordMain.runKeyword(WebUIKeywordMain.groovy:26)
	at com.kms.katalon.core.webui.keyword.builtin.ClickKeyword.click(ClickKeyword.groovy:74)
	at com.kms.katalon.core.webui.keyword.builtin.ClickKeyword.execute(ClickKeyword.groovy:40)
	at com.kms.katalon.core.keyword.internal.KeywordExecutor.executeKeywordForPlatform(KeywordExecutor.groovy:74)
	at com.kms.katalon.core.webui.keyword.WebUiBuiltInKeywords.click(WebUiBuiltInKeywords.groovy:620)
	at com.kms.katalon.core.webui.keyword.WebUiBuiltInKeywords$click$3.call(Unknown Source)
	at Команды.run(Команды:29)
	at com.kms.katalon.core.main.ScriptEngine.run(ScriptEngine.java:194)
	at com.kms.katalon.core.main.ScriptEngine.runScriptAsRawText(ScriptEngine.java:119)
	at com.kms.katalon.core.main.TestCaseExecutor.runScript(TestCaseExecutor.java:442)
	at com.kms.katalon.core.main.TestCaseExecutor.doExecute(TestCaseExecutor.java:433)
	at com.kms.katalon.core.main.TestCaseExecutor.processExecutionPhase(TestCaseExecutor.java:412)
	at com.kms.katalon.core.main.TestCaseExecutor.accessMainPhase(TestCaseExecutor.java:404)
	at com.kms.katalon.core.main.TestCaseExecutor.execute(TestCaseExecutor.java:281)
	at com.kms.katalon.core.main.TestSuiteExecutor.accessTestCaseMainPhase(TestSuiteExecutor.java:202)
	at com.kms.katalon.core.main.TestSuiteExecutor.accessTestSuiteMainPhase(TestSuiteExecutor.java:164)
	at com.kms.katalon.core.main.TestSuiteExecutor.execute(TestSuiteExecutor.java:105)
	at com.kms.katalon.core.main.TestCaseMain.startTestSuite(TestCaseMain.java:185)
	at com.kms.katalon.core.main.TestCaseMain$startTestSuite$0.call(Unknown Source)
	at TempTestSuite1645435800686.run(TempTestSuite1645435800686.groovy:36)
Caused by: org.openqa.selenium.ElementNotInteractableException: element not interactable
  (Session info: chrome=97.0.4692.71)
Build info: version: '3.141.59', revision: 'e82be7d358', time: '2018-11-14T08:25:53'
System info: host: 'DESKTOP-KNHN0AA', ip: '192.168.2.113', os.name: 'Windows 10', os.arch: 'amd64', os.version: '10.0', java.version: '1.8.0_282'
Driver info: com.kms.katalon.selenium.driver.CRemoteWebDriver
Capabilities {acceptInsecureCerts: false, browserName: chrome, browserVersion: 97.0.4692.71, chrome: {chromedriverVersion: 97.0.4692.71 (adefa7837d02a..., userDataDir: /tmp/.com.google.Chrome.LAWDi4}, goog:chromeOptions: {debuggerAddress: localhost:34747}, javascriptEnabled: true, networkConnectionEnabled: false, pageLoadStrategy: normal, platform: LINUX, platformName: LINUX, proxy: Proxy(direct), se:cdp: ws://172.48.69.223:4444/ses..., se:cdpVersion: 97.0.4692.71, se:vnc: ws://172.48.69.223:4444/ses..., se:vncEnabled: true, se:vncLocalAddress: ws://172.48.69.223:7900, setWindowRect: true, strictFileInteractability: false, timeouts: {implicit: 0, pageLoad: 300000, script: 30000}, unhandledPromptBehavior: dismiss and notify, webauthn:extension:credBlob: true, webauthn:extension:largeBlob: true, webauthn:virtualAuthenticators: true}
Session ID: 9616382890082af9ae8e08fc2f7cae6b
	at org.openqa.selenium.remote.http.W3CHttpResponseCodec.createException(W3CHttpResponseCodec.java:187)
	at org.openqa.selenium.remote.http.W3CHttpResponseCodec.decode(W3CHttpResponseCodec.java:122)
	at org.openqa.selenium.remote.http.W3CHttpResponseCodec.decode(W3CHttpResponseCodec.java:49)
	at org.openqa.selenium.remote.HttpCommandExecutor.execute(HttpCommandExecutor.java:158)
	at org.openqa.selenium.remote.RemoteWebDriver.execute(RemoteWebDriver.java:552)
	at com.kms.katalon.selenium.driver.CRemoteWebDriver.execute(CRemoteWebDriver.java:30)
	at org.openqa.selenium.remote.RemoteWebElement.execute(RemoteWebElement.java:285)
	at org.openqa.selenium.remote.RemoteWebElement.click(RemoteWebElement.java:84)
	at org.openqa.selenium.support.events.EventFiringWebDriver$EventFiringWebElement.lambda$new$0(EventFiringWebDriver.java:404)
	at com.sun.proxy.$Proxy11.click(Unknown Source)
	at org.openqa.selenium.support.events.EventFiringWebDriver$EventFiringWebElement.click(EventFiringWebDriver.java:417)
	at org.openqa.selenium.WebElement$click.call(Unknown Source)
	at com.kms.katalon.core.webui.keyword.builtin.ClickKeyword.clickUntilSuccessWithTimeout(ClickKeyword.groovy:81)
	at com.kms.katalon.core.webui.keyword.builtin.ClickKeyword.clickUntilSuccessWithTimeout(ClickKeyword.groovy)
	at com.kms.katalon.core.webui.keyword.builtin.ClickKeyword$_click_closure1.doCall(ClickKeyword.groovy:67)
	at com.kms.katalon.core.webui.keyword.builtin.ClickKeyword$_click_closure1.call(ClickKeyword.groovy)
	at com.kms.katalon.core.webui.keyword.internal.WebUIKeywordMain.runKeyword(WebUIKeywordMain.groovy:20)
	... 19 more
"/>
         <system-out><![CDATA[2022-02-21 12:56:00 - [TEST_CASE][FAILED] - Test Cases/Администратор/Команды: Test Cases/Администратор/Команды FAILED.
Reason:
com.kms.katalon.core.exception.StepFailedException: Unable to click on object 'Object Repository/admin/school/Page_/Page_/td_'
	at com.kms.katalon.core.webui.keyword.internal.WebUIKeywordMain.stepFailed(WebUIKeywordMain.groovy:64)
	at com.kms.katalon.core.webui.keyword.internal.WebUIKeywordMain.runKeyword(WebUIKeywordMain.groovy:26)
	at com.kms.katalon.core.webui.keyword.builtin.ClickKeyword.click(ClickKeyword.groovy:74)
	at com.kms.katalon.core.webui.keyword.builtin.ClickKeyword.execute(ClickKeyword.groovy:40)
	at com.kms.katalon.core.keyword.internal.KeywordExecutor.executeKeywordForPlatform(KeywordExecutor.groovy:74)
	at com.kms.katalon.core.webui.keyword.WebUiBuiltInKeywords.click(WebUiBuiltInKeywords.groovy:620)
	at com.kms.katalon.core.webui.keyword.WebUiBuiltInKeywords$click$3.call(Unknown Source)
	at Команды.run(Команды:29)
	at com.kms.katalon.core.main.ScriptEngine.run(ScriptEngine.java:194)
	at com.kms.katalon.core.main.ScriptEngine.runScriptAsRawText(ScriptEngine.java:119)
	at com.kms.katalon.core.main.TestCaseExecutor.runScript(TestCaseExecutor.java:442)
	at com.kms.katalon.core.main.TestCaseExecutor.doExecute(TestCaseExecutor.java:433)
	at com.kms.katalon.core.main.TestCaseExecutor.processExecutionPhase(TestCaseExecutor.java:412)
	at com.kms.katalon.core.main.TestCaseExecutor.accessMainPhase(TestCaseExecutor.java:404)
	at com.kms.katalon.core.main.TestCaseExecutor.execute(TestCaseExecutor.java:281)
	at com.kms.katalon.core.main.TestSuiteExecutor.accessTestCaseMainPhase(TestSuiteExecutor.java:202)
	at com.kms.katalon.core.main.TestSuiteExecutor.accessTestSuiteMainPhase(TestSuiteExecutor.java:164)
	at com.kms.katalon.core.main.TestSuiteExecutor.execute(TestSuiteExecutor.java:105)
	at com.kms.katalon.core.main.TestCaseMain.startTestSuite(TestCaseMain.java:185)
	at com.kms.katalon.core.main.TestCaseMain$startTestSuite$0.call(Unknown Source)
	at TempTestSuite1645435800686.run(TempTestSuite1645435800686.groovy:36)
Caused by: org.openqa.selenium.ElementNotInteractableException: element not interactable
  (Session info: chrome=97.0.4692.71)
Build info: version: '3.141.59', revision: 'e82be7d358', time: '2018-11-14T08:25:53'
System info: host: 'DESKTOP-KNHN0AA', ip: '192.168.2.113', os.name: 'Windows 10', os.arch: 'amd64', os.version: '10.0', java.version: '1.8.0_282'
Driver info: com.kms.katalon.selenium.driver.CRemoteWebDriver
Capabilities {acceptInsecureCerts: false, browserName: chrome, browserVersion: 97.0.4692.71, chrome: {chromedriverVersion: 97.0.4692.71 (adefa7837d02a..., userDataDir: /tmp/.com.google.Chrome.LAWDi4}, goog:chromeOptions: {debuggerAddress: localhost:34747}, javascriptEnabled: true, networkConnectionEnabled: false, pageLoadStrategy: normal, platform: LINUX, platformName: LINUX, proxy: Proxy(direct), se:cdp: ws://172.48.69.223:4444/ses..., se:cdpVersion: 97.0.4692.71, se:vnc: ws://172.48.69.223:4444/ses..., se:vncEnabled: true, se:vncLocalAddress: ws://172.48.69.223:7900, setWindowRect: true, strictFileInteractability: false, timeouts: {implicit: 0, pageLoad: 300000, script: 30000}, unhandledPromptBehavior: dismiss and notify, webauthn:extension:credBlob: true, webauthn:extension:largeBlob: true, webauthn:virtualAuthenticators: true}
Session ID: 9616382890082af9ae8e08fc2f7cae6b
	at org.openqa.selenium.remote.http.W3CHttpResponseCodec.createException(W3CHttpResponseCodec.java:187)
	at org.openqa.selenium.remote.http.W3CHttpResponseCodec.decode(W3CHttpResponseCodec.java:122)
	at org.openqa.selenium.remote.http.W3CHttpResponseCodec.decode(W3CHttpResponseCodec.java:49)
	at org.openqa.selenium.remote.HttpCommandExecutor.execute(HttpCommandExecutor.java:158)
	at org.openqa.selenium.remote.RemoteWebDriver.execute(RemoteWebDriver.java:552)
	at com.kms.katalon.selenium.driver.CRemoteWebDriver.execute(CRemoteWebDriver.java:30)
	at org.openqa.selenium.remote.RemoteWebElement.execute(RemoteWebElement.java:285)
	at org.openqa.selenium.remote.RemoteWebElement.click(RemoteWebElement.java:84)
	at org.openqa.selenium.support.events.EventFiringWebDriver$EventFiringWebElement.lambda$new$0(EventFiringWebDriver.java:404)
	at com.sun.proxy.$Proxy11.click(Unknown Source)
	at org.openqa.selenium.support.events.EventFiringWebDriver$EventFiringWebElement.click(EventFiringWebDriver.java:417)
	at org.openqa.selenium.WebElement$click.call(Unknown Source)
	at com.kms.katalon.core.webui.keyword.builtin.ClickKeyword.clickUntilSuccessWithTimeout(ClickKeyword.groovy:81)
	at com.kms.katalon.core.webui.keyword.builtin.ClickKeyword.clickUntilSuccessWithTimeout(ClickKeyword.groovy)
	at com.kms.katalon.core.webui.keyword.builtin.ClickKeyword$_click_closure1.doCall(ClickKeyword.groovy:67)
	at com.kms.katalon.core.webui.keyword.builtin.ClickKeyword$_click_closure1.call(ClickKeyword.groovy)
	at com.kms.katalon.core.webui.keyword.internal.WebUIKeywordMain.runKeyword(WebUIKeywordMain.groovy:20)
	... 19 more


2022-02-21 12:56:01 - [TEST_STEP][PASSED] - callTestCase(findTestCase("Администратор/Авторизация"), [:], STOP_ON_FAILURE): Call Test Case 'Test Cases/Администратор/Авторизация' successfully

2022-02-21 12:56:01 - [TEST_CASE][PASSED] - Test Cases/Администратор/Авторизация: Test Cases/Администратор/Авторизация

2022-02-21 12:56:01 - [TEST_STEP][PASSED] - openBrowser(""): Browser is opened with url: ''

2022-02-21 12:56:01 - [MESSAGE][WARNING] - A browser is already opened. Closing browser and opening a new one

2022-02-21 12:56:01 - [MESSAGE][INFO] - User set preference: ['os', 'linux']

2022-02-21 12:56:01 - [MESSAGE][INFO] - User set preference: ['browserName', 'chrome']

2022-02-21 12:56:01 - [MESSAGE][INFO] - User set preference: ['browserVersion', '97']

2022-02-21 12:56:01 - [MESSAGE][INFO] - User set preference: ['katalon:option', '{organizationId=551240, tunnelId=, usingTunnel=false}']

2022-02-21 12:56:01 - [MESSAGE][INFO] - Connecting to remote web server 'testcloud.katalon.com/hub' with type 'Selenium'

2022-02-21 12:56:01 - [MESSAGE][INFO] - Action delay is set to 100 milliseconds

2022-02-21 12:56:29 - [MESSAGE][PASSED] - Browser is opened with url: ''

2022-02-21 12:56:29 - [TEST_STEP][PASSED] - maximizeWindow(): Current window maximized

2022-02-21 12:56:30 - [MESSAGE][PASSED] - Current window maximized

2022-02-21 12:56:30 - [TEST_STEP][PASSED] - navigateToUrl(url): Navigate to 'https://stars-stage.hawk.ru:8080' successfully

2022-02-21 12:56:36 - [MESSAGE][PASSED] - Navigate to 'https://stars-stage.hawk.ru:8080' successfully

2022-02-21 12:56:36 - [TEST_STEP][PASSED] - setText(findTestObject("Object Repository/Page_/input__sc-lnrBVv eqPACj"), admin_login): Text 'TestAdmin@test.ru' is set on object 'Object Repository/Page_/input__sc-lnrBVv eqPACj'

2022-02-21 12:56:40 - [MESSAGE][PASSED] - Text 'TestAdmin@test.ru' is set on object 'Object Repository/Page_/input__sc-lnrBVv eqPACj'

2022-02-21 12:56:40 - [TEST_STEP][PASSED] - setText(findTestObject("Object Repository/Page_/input__sc-lnrBVv eqPACj_1"), admin_password): Text 'TestAdmin@test.ru' is set on object 'Object Repository/Page_/input__sc-lnrBVv eqPACj_1'

2022-02-21 12:56:44 - [MESSAGE][PASSED] - Text 'TestAdmin@test.ru' is set on object 'Object Repository/Page_/input__sc-lnrBVv eqPACj_1'

2022-02-21 12:56:44 - [TEST_STEP][PASSED] - click(findTestObject("Object Repository/Page_/go")): Object: 'Object Repository/Page_/go' is clicked on

2022-02-21 12:56:46 - [MESSAGE][PASSED] - Object: 'Object Repository/Page_/go' is clicked on

2022-02-21 12:56:46 - [MESSAGE][PASSED] - Call Test Case 'Test Cases/Администратор/Авторизация' successfully

2022-02-21 12:56:46 - [TEST_STEP][PASSED] - click(findTestObject("Object Repository/admin/school/Page_/Page_/teams")): Object: 'Object Repository/admin/school/Page_/Page_/teams' is clicked on

2022-02-21 12:57:10 - [MESSAGE][PASSED] - Object: 'Object Repository/admin/school/Page_/Page_/teams' is clicked on

2022-02-21 12:57:10 - [TEST_STEP][PASSED] - takeFullPageScreenshot("C:\scr\" + school + "4.jpg"): Taking screenshot successfully

2022-02-21 12:57:17 - [MESSAGE][INFO] - 0 hidden object(s)

2022-02-21 12:57:17 - [MESSAGE][PASSED] - Taking screenshot successfully
[[ATTACHMENT|C:\scr\Авангард-20054.jpg]]

2022-02-21 12:57:17 - [TEST_STEP][FAILED] - click(findTestObject("Object Repository/admin/school/Page_/Page_/td_")): Unable to click on object 'Object Repository/admin/school/Page_/Page_/td_' (Root cause: com.kms.katalon.core.exception.StepFailedException: Unable to click on object 'Object Repository/admin/school/Page_/Page_/td_'
	at com.kms.katalon.core.webui.keyword.internal.WebUIKeywordMain.stepFailed(WebUIKeywordMain.groovy:64)
	at com.kms.katalon.core.webui.keyword.internal.WebUIKeywordMain.runKeyword(WebUIKeywordMain.groovy:26)
	at com.kms.katalon.core.webui.keyword.builtin.ClickKeyword.click(ClickKeyword.groovy:74)
	at com.kms.katalon.core.webui.keyword.builtin.ClickKeyword.execute(ClickKeyword.groovy:40)
	at com.kms.katalon.core.keyword.internal.KeywordExecutor.executeKeywordForPlatform(KeywordExecutor.groovy:74)
	at com.kms.katalon.core.webui.keyword.WebUiBuiltInKeywords.click(WebUiBuiltInKeywords.groovy:620)
	at com.kms.katalon.core.webui.keyword.WebUiBuiltInKeywords$click$3.call(Unknown Source)
	at Команды.run(Команды:29)
	at com.kms.katalon.core.main.ScriptEngine.run(ScriptEngine.java:194)
	at com.kms.katalon.core.main.ScriptEngine.runScriptAsRawText(ScriptEngine.java:119)
	at com.kms.katalon.core.main.TestCaseExecutor.runScript(TestCaseExecutor.java:442)
	at com.kms.katalon.core.main.TestCaseExecutor.doExecute(TestCaseExecutor.java:433)
	at com.kms.katalon.core.main.TestCaseExecutor.processExecutionPhase(TestCaseExecutor.java:412)
	at com.kms.katalon.core.main.TestCaseExecutor.accessMainPhase(TestCaseExecutor.java:404)
	at com.kms.katalon.core.main.TestCaseExecutor.execute(TestCaseExecutor.java:281)
	at com.kms.katalon.core.main.TestSuiteExecutor.accessTestCaseMainPhase(TestSuiteExecutor.java:202)
	at com.kms.katalon.core.main.TestSuiteExecutor.accessTestSuiteMainPhase(TestSuiteExecutor.java:164)
	at com.kms.katalon.core.main.TestSuiteExecutor.execute(TestSuiteExecutor.java:105)
	at com.kms.katalon.core.main.TestCaseMain.startTestSuite(TestCaseMain.java:185)
	at com.kms.katalon.core.main.TestCaseMain$startTestSuite$0.call(Unknown Source)
	at TempTestSuite1645435800686.run(TempTestSuite1645435800686.groovy:36)
Caused by: org.openqa.selenium.ElementNotInteractableException: element not interactable
  (Session info: chrome=97.0.4692.71)
Build info: version: '3.141.59', revision: 'e82be7d358', time: '2018-11-14T08:25:53'
System info: host: 'DESKTOP-KNHN0AA', ip: '192.168.2.113', os.name: 'Windows 10', os.arch: 'amd64', os.version: '10.0', java.version: '1.8.0_282'
Driver info: com.kms.katalon.selenium.driver.CRemoteWebDriver
Capabilities {acceptInsecureCerts: false, browserName: chrome, browserVersion: 97.0.4692.71, chrome: {chromedriverVersion: 97.0.4692.71 (adefa7837d02a..., userDataDir: /tmp/.com.google.Chrome.LAWDi4}, goog:chromeOptions: {debuggerAddress: localhost:34747}, javascriptEnabled: true, networkConnectionEnabled: false, pageLoadStrategy: normal, platform: LINUX, platformName: LINUX, proxy: Proxy(direct), se:cdp: ws://172.48.69.223:4444/ses..., se:cdpVersion: 97.0.4692.71, se:vnc: ws://172.48.69.223:4444/ses..., se:vncEnabled: true, se:vncLocalAddress: ws://172.48.69.223:7900, setWindowRect: true, strictFileInteractability: false, timeouts: {implicit: 0, pageLoad: 300000, script: 30000}, unhandledPromptBehavior: dismiss and notify, webauthn:extension:credBlob: true, webauthn:extension:largeBlob: true, webauthn:virtualAuthenticators: true}
Session ID: 9616382890082af9ae8e08fc2f7cae6b
	at org.openqa.selenium.remote.http.W3CHttpResponseCodec.createException(W3CHttpResponseCodec.java:187)
	at org.openqa.selenium.remote.http.W3CHttpResponseCodec.decode(W3CHttpResponseCodec.java:122)
	at org.openqa.selenium.remote.http.W3CHttpResponseCodec.decode(W3CHttpResponseCodec.java:49)
	at org.openqa.selenium.remote.HttpCommandExecutor.execute(HttpCommandExecutor.java:158)
	at org.openqa.selenium.remote.RemoteWebDriver.execute(RemoteWebDriver.java:552)
	at com.kms.katalon.selenium.driver.CRemoteWebDriver.execute(CRemoteWebDriver.java:30)
	at org.openqa.selenium.remote.RemoteWebElement.execute(RemoteWebElement.java:285)
	at org.openqa.selenium.remote.RemoteWebElement.click(RemoteWebElement.java:84)
	at org.openqa.selenium.support.events.EventFiringWebDriver$EventFiringWebElement.lambda$new$0(EventFiringWebDriver.java:404)
	at com.sun.proxy.$Proxy11.click(Unknown Source)
	at org.openqa.selenium.support.events.EventFiringWebDriver$EventFiringWebElement.click(EventFiringWebDriver.java:417)
	at org.openqa.selenium.WebElement$click.call(Unknown Source)
	at com.kms.katalon.core.webui.keyword.builtin.ClickKeyword.clickUntilSuccessWithTimeout(ClickKeyword.groovy:81)
	at com.kms.katalon.core.webui.keyword.builtin.ClickKeyword.clickUntilSuccessWithTimeout(ClickKeyword.groovy)
	at com.kms.katalon.core.webui.keyword.builtin.ClickKeyword$_click_closure1.doCall(ClickKeyword.groovy:67)
	at com.kms.katalon.core.webui.keyword.builtin.ClickKeyword$_click_closure1.call(ClickKeyword.groovy)
	at com.kms.katalon.core.webui.keyword.internal.WebUIKeywordMain.runKeyword(WebUIKeywordMain.groovy:20)
	at com.kms.katalon.core.webui.keyword.builtin.ClickKeyword.click(ClickKeyword.groovy:74)
	at com.kms.katalon.core.webui.keyword.builtin.ClickKeyword.execute(ClickKeyword.groovy:40)
	at com.kms.katalon.core.keyword.internal.KeywordExecutor.executeKeywordForPlatform(KeywordExecutor.groovy:74)
	at com.kms.katalon.core.webui.keyword.WebUiBuiltInKeywords.click(WebUiBuiltInKeywords.groovy:620)
	at com.kms.katalon.core.webui.keyword.WebUiBuiltInKeywords$click$3.call(Unknown Source)
	at Script1645078190984.run(Script1645078190984.groovy:29)
	... 13 more
)

2022-02-21 12:57:21 - [MESSAGE][FAILED] - Unable to click on object 'Object Repository/admin/school/Page_/Page_/td_' (Root cause: com.kms.katalon.core.exception.StepFailedException: Unable to click on object 'Object Repository/admin/school/Page_/Page_/td_'
	at com.kms.katalon.core.webui.keyword.internal.WebUIKeywordMain.stepFailed(WebUIKeywordMain.groovy:64)
	at com.kms.katalon.core.webui.keyword.internal.WebUIKeywordMain.runKeyword(WebUIKeywordMain.groovy:26)
	at com.kms.katalon.core.webui.keyword.builtin.ClickKeyword.click(ClickKeyword.groovy:74)
	at com.kms.katalon.core.webui.keyword.builtin.ClickKeyword.execute(ClickKeyword.groovy:40)
	at com.kms.katalon.core.keyword.internal.KeywordExecutor.executeKeywordForPlatform(KeywordExecutor.groovy:74)
	at com.kms.katalon.core.webui.keyword.WebUiBuiltInKeywords.click(WebUiBuiltInKeywords.groovy:620)
	at com.kms.katalon.core.webui.keyword.WebUiBuiltInKeywords$click$3.call(Unknown Source)
	at Команды.run(Команды:29)
	at com.kms.katalon.core.main.ScriptEngine.run(ScriptEngine.java:194)
	at com.kms.katalon.core.main.ScriptEngine.runScriptAsRawText(ScriptEngine.java:119)
	at com.kms.katalon.core.main.TestCaseExecutor.runScript(TestCaseExecutor.java:442)
	at com.kms.katalon.core.main.TestCaseExecutor.doExecute(TestCaseExecutor.java:433)
	at com.kms.katalon.core.main.TestCaseExecutor.processExecutionPhase(TestCaseExecutor.java:412)
	at com.kms.katalon.core.main.TestCaseExecutor.accessMainPhase(TestCaseExecutor.java:404)
	at com.kms.katalon.core.main.TestCaseExecutor.execute(TestCaseExecutor.java:281)
	at com.kms.katalon.core.main.TestSuiteExecutor.accessTestCaseMainPhase(TestSuiteExecutor.java:202)
	at com.kms.katalon.core.main.TestSuiteExecutor.accessTestSuiteMainPhase(TestSuiteExecutor.java:164)
	at com.kms.katalon.core.main.TestSuiteExecutor.execute(TestSuiteExecutor.java:105)
	at com.kms.katalon.core.main.TestCaseMain.startTestSuite(TestCaseMain.java:185)
	at com.kms.katalon.core.main.TestCaseMain$startTestSuite$0.call(Unknown Source)
	at TempTestSuite1645435800686.run(TempTestSuite1645435800686.groovy:36)
Caused by: org.openqa.selenium.ElementNotInteractableException: element not interactable
  (Session info: chrome=97.0.4692.71)
Build info: version: '3.141.59', revision: 'e82be7d358', time: '2018-11-14T08:25:53'
System info: host: 'DESKTOP-KNHN0AA', ip: '192.168.2.113', os.name: 'Windows 10', os.arch: 'amd64', os.version: '10.0', java.version: '1.8.0_282'
Driver info: com.kms.katalon.selenium.driver.CRemoteWebDriver
Capabilities {acceptInsecureCerts: false, browserName: chrome, browserVersion: 97.0.4692.71, chrome: {chromedriverVersion: 97.0.4692.71 (adefa7837d02a..., userDataDir: /tmp/.com.google.Chrome.LAWDi4}, goog:chromeOptions: {debuggerAddress: localhost:34747}, javascriptEnabled: true, networkConnectionEnabled: false, pageLoadStrategy: normal, platform: LINUX, platformName: LINUX, proxy: Proxy(direct), se:cdp: ws://172.48.69.223:4444/ses..., se:cdpVersion: 97.0.4692.71, se:vnc: ws://172.48.69.223:4444/ses..., se:vncEnabled: true, se:vncLocalAddress: ws://172.48.69.223:7900, setWindowRect: true, strictFileInteractability: false, timeouts: {implicit: 0, pageLoad: 300000, script: 30000}, unhandledPromptBehavior: dismiss and notify, webauthn:extension:credBlob: true, webauthn:extension:largeBlob: true, webauthn:virtualAuthenticators: true}
Session ID: 9616382890082af9ae8e08fc2f7cae6b
	at org.openqa.selenium.remote.http.W3CHttpResponseCodec.createException(W3CHttpResponseCodec.java:187)
	at org.openqa.selenium.remote.http.W3CHttpResponseCodec.decode(W3CHttpResponseCodec.java:122)
	at org.openqa.selenium.remote.http.W3CHttpResponseCodec.decode(W3CHttpResponseCodec.java:49)
	at org.openqa.selenium.remote.HttpCommandExecutor.execute(HttpCommandExecutor.java:158)
	at org.openqa.selenium.remote.RemoteWebDriver.execute(RemoteWebDriver.java:552)
	at com.kms.katalon.selenium.driver.CRemoteWebDriver.execute(CRemoteWebDriver.java:30)
	at org.openqa.selenium.remote.RemoteWebElement.execute(RemoteWebElement.java:285)
	at org.openqa.selenium.remote.RemoteWebElement.click(RemoteWebElement.java:84)
	at org.openqa.selenium.support.events.EventFiringWebDriver$EventFiringWebElement.lambda$new$0(EventFiringWebDriver.java:404)
	at com.sun.proxy.$Proxy11.click(Unknown Source)
	at org.openqa.selenium.support.events.EventFiringWebDriver$EventFiringWebElement.click(EventFiringWebDriver.java:417)
	at org.openqa.selenium.WebElement$click.call(Unknown Source)
	at com.kms.katalon.core.webui.keyword.builtin.ClickKeyword.clickUntilSuccessWithTimeout(ClickKeyword.groovy:81)
	at com.kms.katalon.core.webui.keyword.builtin.ClickKeyword.clickUntilSuccessWithTimeout(ClickKeyword.groovy)
	at com.kms.katalon.core.webui.keyword.builtin.ClickKeyword$_click_closure1.doCall(ClickKeyword.groovy:67)
	at com.kms.katalon.core.webui.keyword.builtin.ClickKeyword$_click_closure1.call(ClickKeyword.groovy)
	at com.kms.katalon.core.webui.keyword.internal.WebUIKeywordMain.runKeyword(WebUIKeywordMain.groovy:20)
	at com.kms.katalon.core.webui.keyword.builtin.ClickKeyword.click(ClickKeyword.groovy:74)
	at com.kms.katalon.core.webui.keyword.builtin.ClickKeyword.execute(ClickKeyword.groovy:40)
	at com.kms.katalon.core.keyword.internal.KeywordExecutor.executeKeywordForPlatform(KeywordExecutor.groovy:74)
	at com.kms.katalon.core.webui.keyword.WebUiBuiltInKeywords.click(WebUiBuiltInKeywords.groovy:620)
	at com.kms.katalon.core.webui.keyword.WebUiBuiltInKeywords$click$3.call(Unknown Source)
	at Script1645078190984.run(Script1645078190984.groovy:29)
	... 13 more
)
[[ATTACHMENT|C:\\Users\\LENOVO\\Katalon Studio\\Project Avangard\\Reports\\20220221_122957\\\u0410\u0434\u043C\u0438\u043D\u0438\u0441\u0442\u0440\u0430\u0442\u043E\u0440\\20220221_123000\\1645437439796.png]]]]></system-out>
         <system-err><![CDATA[2022-02-21 12:56:00 - [TEST_CASE][FAILED] - Test Cases/Администратор/Команды: Test Cases/Администратор/Команды FAILED.
Reason:
com.kms.katalon.core.exception.StepFailedException: Unable to click on object 'Object Repository/admin/school/Page_/Page_/td_'
	at com.kms.katalon.core.webui.keyword.internal.WebUIKeywordMain.stepFailed(WebUIKeywordMain.groovy:64)
	at com.kms.katalon.core.webui.keyword.internal.WebUIKeywordMain.runKeyword(WebUIKeywordMain.groovy:26)
	at com.kms.katalon.core.webui.keyword.builtin.ClickKeyword.click(ClickKeyword.groovy:74)
	at com.kms.katalon.core.webui.keyword.builtin.ClickKeyword.execute(ClickKeyword.groovy:40)
	at com.kms.katalon.core.keyword.internal.KeywordExecutor.executeKeywordForPlatform(KeywordExecutor.groovy:74)
	at com.kms.katalon.core.webui.keyword.WebUiBuiltInKeywords.click(WebUiBuiltInKeywords.groovy:620)
	at com.kms.katalon.core.webui.keyword.WebUiBuiltInKeywords$click$3.call(Unknown Source)
	at Команды.run(Команды:29)
	at com.kms.katalon.core.main.ScriptEngine.run(ScriptEngine.java:194)
	at com.kms.katalon.core.main.ScriptEngine.runScriptAsRawText(ScriptEngine.java:119)
	at com.kms.katalon.core.main.TestCaseExecutor.runScript(TestCaseExecutor.java:442)
	at com.kms.katalon.core.main.TestCaseExecutor.doExecute(TestCaseExecutor.java:433)
	at com.kms.katalon.core.main.TestCaseExecutor.processExecutionPhase(TestCaseExecutor.java:412)
	at com.kms.katalon.core.main.TestCaseExecutor.accessMainPhase(TestCaseExecutor.java:404)
	at com.kms.katalon.core.main.TestCaseExecutor.execute(TestCaseExecutor.java:281)
	at com.kms.katalon.core.main.TestSuiteExecutor.accessTestCaseMainPhase(TestSuiteExecutor.java:202)
	at com.kms.katalon.core.main.TestSuiteExecutor.accessTestSuiteMainPhase(TestSuiteExecutor.java:164)
	at com.kms.katalon.core.main.TestSuiteExecutor.execute(TestSuiteExecutor.java:105)
	at com.kms.katalon.core.main.TestCaseMain.startTestSuite(TestCaseMain.java:185)
	at com.kms.katalon.core.main.TestCaseMain$startTestSuite$0.call(Unknown Source)
	at TempTestSuite1645435800686.run(TempTestSuite1645435800686.groovy:36)
Caused by: org.openqa.selenium.ElementNotInteractableException: element not interactable
  (Session info: chrome=97.0.4692.71)
Build info: version: '3.141.59', revision: 'e82be7d358', time: '2018-11-14T08:25:53'
System info: host: 'DESKTOP-KNHN0AA', ip: '192.168.2.113', os.name: 'Windows 10', os.arch: 'amd64', os.version: '10.0', java.version: '1.8.0_282'
Driver info: com.kms.katalon.selenium.driver.CRemoteWebDriver
Capabilities {acceptInsecureCerts: false, browserName: chrome, browserVersion: 97.0.4692.71, chrome: {chromedriverVersion: 97.0.4692.71 (adefa7837d02a..., userDataDir: /tmp/.com.google.Chrome.LAWDi4}, goog:chromeOptions: {debuggerAddress: localhost:34747}, javascriptEnabled: true, networkConnectionEnabled: false, pageLoadStrategy: normal, platform: LINUX, platformName: LINUX, proxy: Proxy(direct), se:cdp: ws://172.48.69.223:4444/ses..., se:cdpVersion: 97.0.4692.71, se:vnc: ws://172.48.69.223:4444/ses..., se:vncEnabled: true, se:vncLocalAddress: ws://172.48.69.223:7900, setWindowRect: true, strictFileInteractability: false, timeouts: {implicit: 0, pageLoad: 300000, script: 30000}, unhandledPromptBehavior: dismiss and notify, webauthn:extension:credBlob: true, webauthn:extension:largeBlob: true, webauthn:virtualAuthenticators: true}
Session ID: 9616382890082af9ae8e08fc2f7cae6b
	at org.openqa.selenium.remote.http.W3CHttpResponseCodec.createException(W3CHttpResponseCodec.java:187)
	at org.openqa.selenium.remote.http.W3CHttpResponseCodec.decode(W3CHttpResponseCodec.java:122)
	at org.openqa.selenium.remote.http.W3CHttpResponseCodec.decode(W3CHttpResponseCodec.java:49)
	at org.openqa.selenium.remote.HttpCommandExecutor.execute(HttpCommandExecutor.java:158)
	at org.openqa.selenium.remote.RemoteWebDriver.execute(RemoteWebDriver.java:552)
	at com.kms.katalon.selenium.driver.CRemoteWebDriver.execute(CRemoteWebDriver.java:30)
	at org.openqa.selenium.remote.RemoteWebElement.execute(RemoteWebElement.java:285)
	at org.openqa.selenium.remote.RemoteWebElement.click(RemoteWebElement.java:84)
	at org.openqa.selenium.support.events.EventFiringWebDriver$EventFiringWebElement.lambda$new$0(EventFiringWebDriver.java:404)
	at com.sun.proxy.$Proxy11.click(Unknown Source)
	at org.openqa.selenium.support.events.EventFiringWebDriver$EventFiringWebElement.click(EventFiringWebDriver.java:417)
	at org.openqa.selenium.WebElement$click.call(Unknown Source)
	at com.kms.katalon.core.webui.keyword.builtin.ClickKeyword.clickUntilSuccessWithTimeout(ClickKeyword.groovy:81)
	at com.kms.katalon.core.webui.keyword.builtin.ClickKeyword.clickUntilSuccessWithTimeout(ClickKeyword.groovy)
	at com.kms.katalon.core.webui.keyword.builtin.ClickKeyword$_click_closure1.doCall(ClickKeyword.groovy:67)
	at com.kms.katalon.core.webui.keyword.builtin.ClickKeyword$_click_closure1.call(ClickKeyword.groovy)
	at com.kms.katalon.core.webui.keyword.internal.WebUIKeywordMain.runKeyword(WebUIKeywordMain.groovy:20)
	... 19 more]]></system-err>
      </testcase>
      <testcase name="Test Cases/Администратор/Документы (возможна проверка и под аккаунтом Менеджера)" time="85.319" classname="Test Cases/Администратор/Документы (возможна проверка и под аккаунтом Менеджера)" status="PASSED">
         <system-out><![CDATA[2022-02-21 12:57:23 - [TEST_CASE][PASSED] - Test Cases/Администратор/Документы (возможна проверка и под аккаунтом Менеджера): Test Cases/Администратор/Документы (возможна проверка и под аккаунтом Менеджера)

2022-02-21 12:57:24 - [TEST_STEP][PASSED] - callTestCase(findTestCase("Администратор/Авторизация"), [:], STOP_ON_FAILURE): Call Test Case 'Test Cases/Администратор/Авторизация' successfully

2022-02-21 12:57:24 - [TEST_CASE][PASSED] - Test Cases/Администратор/Авторизация: Test Cases/Администратор/Авторизация

2022-02-21 12:57:24 - [TEST_STEP][PASSED] - openBrowser(""): Browser is opened with url: ''

2022-02-21 12:57:24 - [MESSAGE][WARNING] - A browser is already opened. Closing browser and opening a new one

2022-02-21 12:57:24 - [MESSAGE][INFO] - User set preference: ['os', 'linux']

2022-02-21 12:57:24 - [MESSAGE][INFO] - User set preference: ['browserName', 'chrome']

2022-02-21 12:57:24 - [MESSAGE][INFO] - User set preference: ['browserVersion', '97']

2022-02-21 12:57:24 - [MESSAGE][INFO] - User set preference: ['katalon:option', '{organizationId=551240, tunnelId=, usingTunnel=false}']

2022-02-21 12:57:24 - [MESSAGE][INFO] - Connecting to remote web server 'testcloud.katalon.com/hub' with type 'Selenium'

2022-02-21 12:57:24 - [MESSAGE][INFO] - Action delay is set to 100 milliseconds

2022-02-21 12:57:45 - [MESSAGE][PASSED] - Browser is opened with url: ''

2022-02-21 12:57:45 - [TEST_STEP][PASSED] - maximizeWindow(): Current window maximized

2022-02-21 12:57:45 - [MESSAGE][PASSED] - Current window maximized

2022-02-21 12:57:45 - [TEST_STEP][PASSED] - navigateToUrl(url): Navigate to 'https://stars-stage.hawk.ru:8080' successfully

2022-02-21 12:57:52 - [MESSAGE][PASSED] - Navigate to 'https://stars-stage.hawk.ru:8080' successfully

2022-02-21 12:57:52 - [TEST_STEP][PASSED] - setText(findTestObject("Object Repository/Page_/input__sc-lnrBVv eqPACj"), admin_login): Text 'TestAdmin@test.ru' is set on object 'Object Repository/Page_/input__sc-lnrBVv eqPACj'

2022-02-21 12:57:55 - [MESSAGE][PASSED] - Text 'TestAdmin@test.ru' is set on object 'Object Repository/Page_/input__sc-lnrBVv eqPACj'

2022-02-21 12:57:55 - [TEST_STEP][PASSED] - setText(findTestObject("Object Repository/Page_/input__sc-lnrBVv eqPACj_1"), admin_password): Text 'TestAdmin@test.ru' is set on object 'Object Repository/Page_/input__sc-lnrBVv eqPACj_1'

2022-02-21 12:57:59 - [MESSAGE][PASSED] - Text 'TestAdmin@test.ru' is set on object 'Object Repository/Page_/input__sc-lnrBVv eqPACj_1'

2022-02-21 12:57:59 - [TEST_STEP][PASSED] - click(findTestObject("Object Repository/Page_/go")): Object: 'Object Repository/Page_/go' is clicked on

2022-02-21 12:58:01 - [MESSAGE][PASSED] - Object: 'Object Repository/Page_/go' is clicked on

2022-02-21 12:58:01 - [MESSAGE][PASSED] - Call Test Case 'Test Cases/Администратор/Авторизация' successfully

2022-02-21 12:58:01 - [TEST_STEP][PASSED] - click(findTestObject("Avangard New/Object (Администратор)/documents (вкладка документы)")): Object: 'Object Repository/Avangard New/Object (Администратор)/documents (вкладка документы)' is clicked on

2022-02-21 12:58:23 - [MESSAGE][PASSED] - Object: 'Object Repository/Avangard New/Object (Администратор)/documents (вкладка документы)' is clicked on

2022-02-21 12:58:23 - [TEST_STEP][PASSED] - waitForPageLoad(10): Wait for page load successfully

2022-02-21 12:58:23 - [MESSAGE][PASSED] - Wait for page load successfully

2022-02-21 12:58:23 - [TEST_STEP][PASSED] - click(findTestObject("Avangard New/Object (Администратор)/document (нажать на документ)")): Object: 'Object Repository/Avangard New/Object (Администратор)/document (нажать на документ)' is clicked on

2022-02-21 12:58:32 - [MESSAGE][PASSED] - Object: 'Object Repository/Avangard New/Object (Администратор)/document (нажать на документ)' is clicked on

2022-02-21 12:58:32 - [TEST_STEP][PASSED] - verifyElementClickable(findTestObject("Avangard New/Object (Администратор)/button download")): Object 'Object Repository/Avangard New/Object (Администратор)/button download' is clickable

2022-02-21 12:58:34 - [MESSAGE][PASSED] - Object 'Object Repository/Avangard New/Object (Администратор)/button download' is clickable

2022-02-21 12:58:34 - [TEST_STEP][PASSED] - sendKeys(findTestObject("Avangard New/Object (Администратор)/button download"), Keys.chord(ESCAPE)): Keys 'ESCAPE + ' sent to object: 'Object Repository/Avangard New/Object (Администратор)/button download'

2022-02-21 12:58:36 - [MESSAGE][PASSED] - Keys 'ESCAPE + ' sent to object: 'Object Repository/Avangard New/Object (Администратор)/button download'

2022-02-21 12:58:36 - [TEST_STEP][PASSED] - scrollToElement(findTestObject("admin/documents/documents (4)/add"), 0, OPTIONAL): Scroll to object 'Object Repository/admin/documents/documents (4)/add' successfully

2022-02-21 12:58:36 - [MESSAGE][WARNING] - Timeout '0' is invalid. Using default page load timeout: '30'

2022-02-21 12:58:38 - [MESSAGE][PASSED] - Scroll to object 'Object Repository/admin/documents/documents (4)/add' successfully

2022-02-21 12:58:38 - [TEST_STEP][PASSED] - while (verifyElementVisible(findTestObject("admin/documents/Page_/add"), OPTIONAL) == true): null

2022-02-21 12:58:40 - [MESSAGE][PASSED] - Object 'Object Repository/admin/documents/Page_/add' is visible

2022-02-21 12:58:40 - [TEST_STEP][PASSED] - click(findTestObject("admin/documents/documents (4)/add")): Object: 'Object Repository/admin/documents/documents (4)/add' is clicked on

2022-02-21 12:58:42 - [MESSAGE][PASSED] - Object: 'Object Repository/admin/documents/documents (4)/add' is clicked on

2022-02-21 12:58:42 - [TEST_STEP][PASSED] - verifyElementVisible(findTestObject("admin/documents/Page_/div_    05.02.21")): Object 'Object Repository/admin/documents/Page_/div_    05.02.21' is visible

2022-02-21 12:58:44 - [MESSAGE][PASSED] - Object 'Object Repository/admin/documents/Page_/div_    05.02.21' is visible

2022-02-21 12:58:44 - [TEST_STEP][PASSED] - click(findTestObject("admin/documents/Page_/div_ _sidebar__overlay sidebar__overlay_visible")): Object: 'Object Repository/admin/documents/Page_/div_ _sidebar__overlay sidebar__overlay_visible' is clicked on

2022-02-21 12:58:46 - [MESSAGE][PASSED] - Object: 'Object Repository/admin/documents/Page_/div_ _sidebar__overlay sidebar__overlay_visible' is clicked on

2022-02-21 12:58:46 - [TEST_STEP][PASSED] - break: null

2022-02-21 12:58:46 - [TEST_STEP][PASSED] - click(findTestObject("Avangard New/Object (Администратор)/home (вкладка главная)")): Object: 'Object Repository/Avangard New/Object (Администратор)/home (вкладка главная)' is clicked on

2022-02-21 12:58:48 - [MESSAGE][PASSED] - Object: 'Object Repository/Avangard New/Object (Администратор)/home (вкладка главная)' is clicked on

2022-02-21 12:58:48 - [TEST_STEP][PASSED] - closeBrowser(): Browser is closed

2022-02-21 12:58:49 - [MESSAGE][PASSED] - Browser is closed]]></system-out>
         <system-err><![CDATA[]]></system-err>
      </testcase>
      <testcase name="Test Cases/Администратор/Авторизация" time="42.377" classname="Test Cases/Администратор/Авторизация" status="PASSED">
         <system-out><![CDATA[2022-02-21 12:58:49 - [TEST_CASE][PASSED] - Test Cases/Администратор/Авторизация: Test Cases/Администратор/Авторизация

2022-02-21 12:58:49 - [TEST_STEP][PASSED] - openBrowser(""): Browser is opened with url: ''

2022-02-21 12:58:49 - [MESSAGE][INFO] - User set preference: ['os', 'linux']

2022-02-21 12:58:49 - [MESSAGE][INFO] - User set preference: ['browserName', 'chrome']

2022-02-21 12:58:49 - [MESSAGE][INFO] - User set preference: ['browserVersion', '97']

2022-02-21 12:58:49 - [MESSAGE][INFO] - User set preference: ['katalon:option', '{organizationId=551240, tunnelId=, usingTunnel=false}']

2022-02-21 12:58:49 - [MESSAGE][INFO] - Connecting to remote web server 'testcloud.katalon.com/hub' with type 'Selenium'

2022-02-21 12:58:49 - [MESSAGE][INFO] - Action delay is set to 100 milliseconds

2022-02-21 12:59:14 - [MESSAGE][PASSED] - Browser is opened with url: ''

2022-02-21 12:59:14 - [TEST_STEP][PASSED] - maximizeWindow(): Current window maximized

2022-02-21 12:59:15 - [MESSAGE][PASSED] - Current window maximized

2022-02-21 12:59:15 - [TEST_STEP][PASSED] - navigateToUrl(url): Navigate to 'https://stars-stage.hawk.ru:8080' successfully

2022-02-21 12:59:21 - [MESSAGE][PASSED] - Navigate to 'https://stars-stage.hawk.ru:8080' successfully

2022-02-21 12:59:21 - [TEST_STEP][PASSED] - setText(findTestObject("Object Repository/Page_/input__sc-lnrBVv eqPACj"), admin_login): Text 'TestAdmin@test.ru' is set on object 'Object Repository/Page_/input__sc-lnrBVv eqPACj'

2022-02-21 12:59:25 - [MESSAGE][PASSED] - Text 'TestAdmin@test.ru' is set on object 'Object Repository/Page_/input__sc-lnrBVv eqPACj'

2022-02-21 12:59:25 - [TEST_STEP][PASSED] - setText(findTestObject("Object Repository/Page_/input__sc-lnrBVv eqPACj_1"), admin_password): Text 'TestAdmin@test.ru' is set on object 'Object Repository/Page_/input__sc-lnrBVv eqPACj_1'

2022-02-21 12:59:29 - [MESSAGE][PASSED] - Text 'TestAdmin@test.ru' is set on object 'Object Repository/Page_/input__sc-lnrBVv eqPACj_1'

2022-02-21 12:59:29 - [TEST_STEP][PASSED] - click(findTestObject("Object Repository/Page_/go")): Object: 'Object Repository/Page_/go' is clicked on

2022-02-21 12:59:31 - [MESSAGE][PASSED] - Object: 'Object Repository/Page_/go' is clicked on]]></system-out>
         <system-err><![CDATA[]]></system-err>
      </testcase>
      <system-out><![CDATA[2022-02-21 12:30:23 - [TEST_SUITE][FAILED] - Администратор: Test Cases/Администратор/ОТЧЕТЫ функциональные тесты/Отчет психофиз FAILED.
Reason:
com.kms.katalon.core.exception.StepFailedException: Unable to verify text 'ОТЧЕТ ПСИХОЛОГИЧЕСКОГО ПРОФИЛЯ' is present  using regular expression
	at com.kms.katalon.core.webui.keyword.internal.WebUIKeywordMain.stepFailed(WebUIKeywordMain.groovy:64)
	at com.kms.katalon.core.webui.keyword.internal.WebUIKeywordMain.runKeyword(WebUIKeywordMain.groovy:26)
	at com.kms.katalon.core.webui.keyword.builtin.VerifyTextPresentKeyword.verifyTextPresent(VerifyTextPresentKeyword.groovy:83)
	at com.kms.katalon.core.webui.keyword.builtin.VerifyTextPresentKeyword.execute(VerifyTextPresentKeyword.groovy:68)
	at com.kms.katalon.core.keyword.internal.KeywordExecutor.executeKeywordForPlatform(KeywordExecutor.groovy:74)
	at com.kms.katalon.core.webui.keyword.WebUiBuiltInKeywords.verifyTextPresent(WebUiBuiltInKeywords.groovy:1723)
	at com.kms.katalon.core.webui.keyword.WebUiBuiltInKeywords$verifyTextPresent$8.call(Unknown Source)
	at Отчет психофиз.run(Отчет психофиз:25)
	at com.kms.katalon.core.main.ScriptEngine.run(ScriptEngine.java:194)
	at com.kms.katalon.core.main.ScriptEngine.runScriptAsRawText(ScriptEngine.java:119)
	at com.kms.katalon.core.main.TestCaseExecutor.runScript(TestCaseExecutor.java:442)
	at com.kms.katalon.core.main.TestCaseExecutor.doExecute(TestCaseExecutor.java:433)
	at com.kms.katalon.core.main.TestCaseExecutor.processExecutionPhase(TestCaseExecutor.java:412)
	at com.kms.katalon.core.main.TestCaseExecutor.accessMainPhase(TestCaseExecutor.java:404)
	at com.kms.katalon.core.main.TestCaseExecutor.execute(TestCaseExecutor.java:281)
	at com.kms.katalon.core.main.TestSuiteExecutor.accessTestCaseMainPhase(TestSuiteExecutor.java:202)
	at com.kms.katalon.core.main.TestSuiteExecutor.accessTestSuiteMainPhase(TestSuiteExecutor.java:164)
	at com.kms.katalon.core.main.TestSuiteExecutor.execute(TestSuiteExecutor.java:105)
	at com.kms.katalon.core.main.TestCaseMain.startTestSuite(TestCaseMain.java:185)
	at com.kms.katalon.core.main.TestCaseMain$startTestSuite$0.call(Unknown Source)
	at TempTestSuite1645435800686.run(TempTestSuite1645435800686.groovy:36)
Caused by: com.kms.katalon.core.exception.StepFailedException: Text 'ОТЧЕТ ПСИХОЛОГИЧЕСКОГО ПРОФИЛЯ' is not present on page  using regular expression
	at com.kms.katalon.core.webui.keyword.internal.WebUIKeywordMain.stepFailed(WebUIKeywordMain.groovy:64)
	at com.kms.katalon.core.webui.keyword.builtin.VerifyTextPresentKeyword$_verifyTextPresent_closure1.doCall(VerifyTextPresentKeyword.groovy:79)
	at com.kms.katalon.core.webui.keyword.builtin.VerifyTextPresentKeyword$_verifyTextPresent_closure1.call(VerifyTextPresentKeyword.groovy)
	at com.kms.katalon.core.webui.keyword.internal.WebUIKeywordMain.runKeyword(WebUIKeywordMain.groovy:20)
	... 19 more]]></system-out>
      <system-err><![CDATA[2022-02-21 12:30:23 - [TEST_SUITE][FAILED] - Администратор: Test Cases/Администратор/ОТЧЕТЫ функциональные тесты/Отчет психофиз FAILED.
Reason:
com.kms.katalon.core.exception.StepFailedException: Unable to verify text 'ОТЧЕТ ПСИХОЛОГИЧЕСКОГО ПРОФИЛЯ' is present  using regular expression
	at com.kms.katalon.core.webui.keyword.internal.WebUIKeywordMain.stepFailed(WebUIKeywordMain.groovy:64)
	at com.kms.katalon.core.webui.keyword.internal.WebUIKeywordMain.runKeyword(WebUIKeywordMain.groovy:26)
	at com.kms.katalon.core.webui.keyword.builtin.VerifyTextPresentKeyword.verifyTextPresent(VerifyTextPresentKeyword.groovy:83)
	at com.kms.katalon.core.webui.keyword.builtin.VerifyTextPresentKeyword.execute(VerifyTextPresentKeyword.groovy:68)
	at com.kms.katalon.core.keyword.internal.KeywordExecutor.executeKeywordForPlatform(KeywordExecutor.groovy:74)
	at com.kms.katalon.core.webui.keyword.WebUiBuiltInKeywords.verifyTextPresent(WebUiBuiltInKeywords.groovy:1723)
	at com.kms.katalon.core.webui.keyword.WebUiBuiltInKeywords$verifyTextPresent$8.call(Unknown Source)
	at Отчет психофиз.run(Отчет психофиз:25)
	at com.kms.katalon.core.main.ScriptEngine.run(ScriptEngine.java:194)
	at com.kms.katalon.core.main.ScriptEngine.runScriptAsRawText(ScriptEngine.java:119)
	at com.kms.katalon.core.main.TestCaseExecutor.runScript(TestCaseExecutor.java:442)
	at com.kms.katalon.core.main.TestCaseExecutor.doExecute(TestCaseExecutor.java:433)
	at com.kms.katalon.core.main.TestCaseExecutor.processExecutionPhase(TestCaseExecutor.java:412)
	at com.kms.katalon.core.main.TestCaseExecutor.accessMainPhase(TestCaseExecutor.java:404)
	at com.kms.katalon.core.main.TestCaseExecutor.execute(TestCaseExecutor.java:281)
	at com.kms.katalon.core.main.TestSuiteExecutor.accessTestCaseMainPhase(TestSuiteExecutor.java:202)
	at com.kms.katalon.core.main.TestSuiteExecutor.accessTestSuiteMainPhase(TestSuiteExecutor.java:164)
	at com.kms.katalon.core.main.TestSuiteExecutor.execute(TestSuiteExecutor.java:105)
	at com.kms.katalon.core.main.TestCaseMain.startTestSuite(TestCaseMain.java:185)
	at com.kms.katalon.core.main.TestCaseMain$startTestSuite$0.call(Unknown Source)
	at TempTestSuite1645435800686.run(TempTestSuite1645435800686.groovy:36)
Caused by: com.kms.katalon.core.exception.StepFailedException: Text 'ОТЧЕТ ПСИХОЛОГИЧЕСКОГО ПРОФИЛЯ' is not present on page  using regular expression
	at com.kms.katalon.core.webui.keyword.internal.WebUIKeywordMain.stepFailed(WebUIKeywordMain.groovy:64)
	at com.kms.katalon.core.webui.keyword.builtin.VerifyTextPresentKeyword$_verifyTextPresent_closure1.doCall(VerifyTextPresentKeyword.groovy:79)
	at com.kms.katalon.core.webui.keyword.builtin.VerifyTextPresentKeyword$_verifyTextPresent_closure1.call(VerifyTextPresentKeyword.groovy)
	at com.kms.katalon.core.webui.keyword.internal.WebUIKeywordMain.runKeyword(WebUIKeywordMain.groovy:20)
	... 19 more]]></system-err>
   </testsuite>
   <testsuite name="Доктор" tests="4" failures="1" errors="0" time="1112.797" skipped="0" timestamp="2022-02-21 12:30:23" hostname="LENOVO - DESKTOP-KNHN0AA" id="Test Suites/Доктор">
      <properties>
         <property name="deviceName" value=""/>
         <property name="devicePlatform" value=""/>
         <property name="logFolder" value="C:\\Users\\LENOVO\\Katalon Studio\\Project Avangard\\Reports\\20220221_122957\\\u0414\u043E\u043A\u0442\u043E\u0440\\20220221_123002"/>
         <property name="logFiles" value="C:\\Users\\LENOVO\\Katalon Studio\\Project Avangard\\Reports\\20220221_122957\\\u0414\u043E\u043A\u0442\u043E\u0440\\20220221_123002\\execution0.log"/>
         <property name="attachments" value="C:\\Users\\LENOVO\\Katalon Studio\\Project Avangard\\Reports\\20220221_122957\\\u0414\u043E\u043A\u0442\u043E\u0440\\20220221_123002\\1645436032242.png"/>
         <property name="hostName" value="LENOVO - DESKTOP-KNHN0AA"/>
         <property name="remoteDriverUrl" value="testcloud.katalon.com/hub"/>
         <property name="desiredCapabilities" value="{
  &quot;acceptInsecureCerts&quot;: false,
  &quot;browserName&quot;: &quot;chrome&quot;,
  &quot;browserVersion&quot;: &quot;97.0.4692.71&quot;,
  &quot;chrome&quot;: {
    &quot;chromedriverVersion&quot;: &quot;97.0.4692.71 (adefa7837d02a07a604c1e6eff0b3a09422ab88d-refs/branch-heads/4692@{#1247})&quot;,
    &quot;userDataDir&quot;: &quot;/tmp/.com.google.Chrome.UPRMih&quot;
  },
  &quot;goog:chromeOptions&quot;: {
    &quot;debuggerAddress&quot;: &quot;localhost:44765&quot;
  },
  &quot;javascriptEnabled&quot;: true,
  &quot;networkConnectionEnabled&quot;: false,
  &quot;pageLoadStrategy&quot;: &quot;normal&quot;,
  &quot;platform&quot;: &quot;LINUX&quot;,
  &quot;platformName&quot;: &quot;LINUX&quot;,
  &quot;proxy&quot;: {
    &quot;proxyType&quot;: &quot;DIRECT&quot;,
    &quot;autodetect&quot;: false
  },
  &quot;se:cdp&quot;: &quot;ws://172.48.72.136:4444/session/3ff137764ae6d4ee567e95864ba96392/se/cdp&quot;,
  &quot;se:cdpVersion&quot;: &quot;97.0.4692.71&quot;,
  &quot;se:vnc&quot;: &quot;ws://172.48.72.136:4444/session/3ff137764ae6d4ee567e95864ba96392/se/vnc&quot;,
  &quot;se:vncEnabled&quot;: true,
  &quot;se:vncLocalAddress&quot;: &quot;ws://172.48.72.136:7900&quot;,
  &quot;setWindowRect&quot;: true,
  &quot;strictFileInteractability&quot;: false,
  &quot;timeouts&quot;: {
    &quot;implicit&quot;: 0,
    &quot;pageLoad&quot;: 300000,
    &quot;script&quot;: 30000
  },
  &quot;unhandledPromptBehavior&quot;: &quot;dismiss and notify&quot;,
  &quot;webauthn:extension:credBlob&quot;: true,
  &quot;webauthn:extension:largeBlob&quot;: true,
  &quot;webauthn:virtualAuthenticators&quot;: true
}"/>
         <property name="os" value="Windows 10 64bit"/>
         <property name="remoteOS" value="Linux"/>
         <property name="katalonVersion" value="8.2.5.208"/>
         <property name="browser" value="Chrome 97.0.4692.71"/>
         <property name="hostAddress" value="192.168.2.113"/>
         <property name="sessionId" value="3ff137764ae6d4ee567e95864ba96392"/>
         <property name="seleniumVersion" value="3.141.59"/>
         <property name="proxyInformation" value="ProxyInformation { proxyOption=NO_PROXY, proxyServerType=HTTP, username=, password=********, proxyServerAddress=, proxyServerPort=0, executionList=&quot;&quot;, isApplyToDesiredCapabilities=true }"/>
         <property name="platform" value="Windows 10"/>
      </properties>
      <testcase name="Test Cases/Доктор/Проверка вкладки Питание" time="211.644" classname="Test Cases/Доктор/Проверка вкладки Питание" status="FAILED">
         <failure type="FAILED" message="Test Cases/Доктор/Проверка вкладки Питание FAILED.
Reason:
com.kms.katalon.core.exception.StepFailedException: Unable to set text 'автотест проверка ИМТ' of object 'Object Repository/vrach/imt/Page_/input_ _sc-eqIVtm fYABJt'
	at com.kms.katalon.core.webui.keyword.internal.WebUIKeywordMain.stepFailed(WebUIKeywordMain.groovy:64)
	at com.kms.katalon.core.webui.keyword.internal.WebUIKeywordMain.runKeyword(WebUIKeywordMain.groovy:26)
	at com.kms.katalon.core.webui.keyword.builtin.SetTextKeyword.setText(SetTextKeyword.groovy:66)
	at com.kms.katalon.core.webui.keyword.builtin.SetTextKeyword.execute(SetTextKeyword.groovy:37)
	at com.kms.katalon.core.keyword.internal.KeywordExecutor.executeKeywordForPlatform(KeywordExecutor.groovy:74)
	at com.kms.katalon.core.webui.keyword.WebUiBuiltInKeywords.setText(WebUiBuiltInKeywords.groovy:980)
	at com.kms.katalon.core.webui.keyword.WebUiBuiltInKeywords$setText$2.call(Unknown Source)
	at Проверка вкладки Питание.run(Проверка вкладки Питание:44)
	at com.kms.katalon.core.main.ScriptEngine.run(ScriptEngine.java:194)
	at com.kms.katalon.core.main.ScriptEngine.runScriptAsRawText(ScriptEngine.java:119)
	at com.kms.katalon.core.main.TestCaseExecutor.runScript(TestCaseExecutor.java:442)
	at com.kms.katalon.core.main.TestCaseExecutor.doExecute(TestCaseExecutor.java:433)
	at com.kms.katalon.core.main.TestCaseExecutor.processExecutionPhase(TestCaseExecutor.java:412)
	at com.kms.katalon.core.main.TestCaseExecutor.accessMainPhase(TestCaseExecutor.java:404)
	at com.kms.katalon.core.main.TestCaseExecutor.execute(TestCaseExecutor.java:281)
	at com.kms.katalon.core.main.TestSuiteExecutor.accessTestCaseMainPhase(TestSuiteExecutor.java:202)
	at com.kms.katalon.core.main.TestSuiteExecutor.accessTestSuiteMainPhase(TestSuiteExecutor.java:164)
	at com.kms.katalon.core.main.TestSuiteExecutor.execute(TestSuiteExecutor.java:105)
	at com.kms.katalon.core.main.TestCaseMain.startTestSuite(TestCaseMain.java:185)
	at com.kms.katalon.core.main.TestCaseMain$startTestSuite$0.call(Unknown Source)
	at TempTestSuite1645435802527.run(TempTestSuite1645435802527.groovy:36)
Caused by: com.kms.katalon.core.webui.exception.WebElementNotFoundException: Web element with id: 'Object Repository/vrach/imt/Page_/input_ _sc-eqIVtm fYABJt' located by '//input[@placeholder = 'Введите название задачи']' not found
	at com.kms.katalon.core.webui.common.WebUiCommonHelper.findWebElement(WebUiCommonHelper.java:1370)
	at com.kms.katalon.core.webui.keyword.internal.WebUIAbstractKeyword.findWebElement(WebUIAbstractKeyword.groovy:27)
	at com.kms.katalon.core.webui.keyword.internal.WebUIAbstractKeyword.findWebElement(WebUIAbstractKeyword.groovy:26)
	at com.kms.katalon.core.webui.keyword.builtin.SetTextKeyword$_setText_closure1.doCall(SetTextKeyword.groovy:51)
	at com.kms.katalon.core.webui.keyword.builtin.SetTextKeyword$_setText_closure1.call(SetTextKeyword.groovy)
	at com.kms.katalon.core.webui.keyword.internal.WebUIKeywordMain.runKeyword(WebUIKeywordMain.groovy:20)
	... 19 more
"/>
         <system-out><![CDATA[2022-02-21 12:30:25 - [TEST_CASE][FAILED] - Test Cases/Доктор/Проверка вкладки Питание: Test Cases/Доктор/Проверка вкладки Питание FAILED.
Reason:
com.kms.katalon.core.exception.StepFailedException: Unable to set text 'автотест проверка ИМТ' of object 'Object Repository/vrach/imt/Page_/input_ _sc-eqIVtm fYABJt'
	at com.kms.katalon.core.webui.keyword.internal.WebUIKeywordMain.stepFailed(WebUIKeywordMain.groovy:64)
	at com.kms.katalon.core.webui.keyword.internal.WebUIKeywordMain.runKeyword(WebUIKeywordMain.groovy:26)
	at com.kms.katalon.core.webui.keyword.builtin.SetTextKeyword.setText(SetTextKeyword.groovy:66)
	at com.kms.katalon.core.webui.keyword.builtin.SetTextKeyword.execute(SetTextKeyword.groovy:37)
	at com.kms.katalon.core.keyword.internal.KeywordExecutor.executeKeywordForPlatform(KeywordExecutor.groovy:74)
	at com.kms.katalon.core.webui.keyword.WebUiBuiltInKeywords.setText(WebUiBuiltInKeywords.groovy:980)
	at com.kms.katalon.core.webui.keyword.WebUiBuiltInKeywords$setText$2.call(Unknown Source)
	at Проверка вкладки Питание.run(Проверка вкладки Питание:44)
	at com.kms.katalon.core.main.ScriptEngine.run(ScriptEngine.java:194)
	at com.kms.katalon.core.main.ScriptEngine.runScriptAsRawText(ScriptEngine.java:119)
	at com.kms.katalon.core.main.TestCaseExecutor.runScript(TestCaseExecutor.java:442)
	at com.kms.katalon.core.main.TestCaseExecutor.doExecute(TestCaseExecutor.java:433)
	at com.kms.katalon.core.main.TestCaseExecutor.processExecutionPhase(TestCaseExecutor.java:412)
	at com.kms.katalon.core.main.TestCaseExecutor.accessMainPhase(TestCaseExecutor.java:404)
	at com.kms.katalon.core.main.TestCaseExecutor.execute(TestCaseExecutor.java:281)
	at com.kms.katalon.core.main.TestSuiteExecutor.accessTestCaseMainPhase(TestSuiteExecutor.java:202)
	at com.kms.katalon.core.main.TestSuiteExecutor.accessTestSuiteMainPhase(TestSuiteExecutor.java:164)
	at com.kms.katalon.core.main.TestSuiteExecutor.execute(TestSuiteExecutor.java:105)
	at com.kms.katalon.core.main.TestCaseMain.startTestSuite(TestCaseMain.java:185)
	at com.kms.katalon.core.main.TestCaseMain$startTestSuite$0.call(Unknown Source)
	at TempTestSuite1645435802527.run(TempTestSuite1645435802527.groovy:36)
Caused by: com.kms.katalon.core.webui.exception.WebElementNotFoundException: Web element with id: 'Object Repository/vrach/imt/Page_/input_ _sc-eqIVtm fYABJt' located by '//input[@placeholder = 'Введите название задачи']' not found
	at com.kms.katalon.core.webui.common.WebUiCommonHelper.findWebElement(WebUiCommonHelper.java:1370)
	at com.kms.katalon.core.webui.keyword.internal.WebUIAbstractKeyword.findWebElement(WebUIAbstractKeyword.groovy:27)
	at com.kms.katalon.core.webui.keyword.internal.WebUIAbstractKeyword.findWebElement(WebUIAbstractKeyword.groovy:26)
	at com.kms.katalon.core.webui.keyword.builtin.SetTextKeyword$_setText_closure1.doCall(SetTextKeyword.groovy:51)
	at com.kms.katalon.core.webui.keyword.builtin.SetTextKeyword$_setText_closure1.call(SetTextKeyword.groovy)
	at com.kms.katalon.core.webui.keyword.internal.WebUIKeywordMain.runKeyword(WebUIKeywordMain.groovy:20)
	... 19 more


2022-02-21 12:30:30 - [TEST_STEP][PASSED] - callTestCase(findTestCase("Доктор/Авторизация врач"), [:], STOP_ON_FAILURE): Call Test Case 'Test Cases/Доктор/Авторизация врач' successfully

2022-02-21 12:30:30 - [TEST_CASE][PASSED] - Test Cases/Доктор/Авторизация врач: Test Cases/Доктор/Авторизация врач

2022-02-21 12:30:33 - [TEST_STEP][PASSED] - openBrowser(""): Browser is opened with url: ''

2022-02-21 12:30:34 - [MESSAGE][INFO] - User set preference: ['os', 'linux']

2022-02-21 12:30:34 - [MESSAGE][INFO] - User set preference: ['browserName', 'chrome']

2022-02-21 12:30:34 - [MESSAGE][INFO] - User set preference: ['browserVersion', '97']

2022-02-21 12:30:34 - [MESSAGE][INFO] - User set preference: ['katalon:option', '{organizationId=551240, tunnelId=, usingTunnel=false}']

2022-02-21 12:30:34 - [MESSAGE][INFO] - Connecting to remote web server 'testcloud.katalon.com/hub' with type 'Selenium'

2022-02-21 12:30:36 - [MESSAGE][INFO] - Action delay is set to 100 milliseconds

2022-02-21 12:31:47 - [MESSAGE][PASSED] - Browser is opened with url: ''

2022-02-21 12:31:47 - [TEST_STEP][PASSED] - maximizeWindow(): Current window maximized

2022-02-21 12:31:47 - [MESSAGE][PASSED] - Current window maximized

2022-02-21 12:31:47 - [TEST_STEP][PASSED] - navigateToUrl(url): Navigate to 'https://stars-stage.hawk.ru:8080' successfully

2022-02-21 12:31:54 - [MESSAGE][PASSED] - Navigate to 'https://stars-stage.hawk.ru:8080' successfully

2022-02-21 12:31:54 - [TEST_STEP][PASSED] - setText(findTestObject("Object Repository/vra/Page_/input__sc-lnrBVv eqPACj"), doktor_login): Text 'TestDoctor@mail.ru' is set on object 'Object Repository/vra/Page_/input__sc-lnrBVv eqPACj'

2022-02-21 12:31:58 - [MESSAGE][PASSED] - Text 'TestDoctor@mail.ru' is set on object 'Object Repository/vra/Page_/input__sc-lnrBVv eqPACj'

2022-02-21 12:31:58 - [TEST_STEP][PASSED] - setText(findTestObject("Object Repository/vra/Page_/input__sc-lnrBVv eqPACj_1"), doktor_password, STOP_ON_FAILURE): Text 'TestDoctor@mail.ru' is set on object 'Object Repository/vra/Page_/input__sc-lnrBVv eqPACj_1'

2022-02-21 12:32:03 - [MESSAGE][PASSED] - Text 'TestDoctor@mail.ru' is set on object 'Object Repository/vra/Page_/input__sc-lnrBVv eqPACj_1'

2022-02-21 12:32:03 - [TEST_STEP][PASSED] - click(findTestObject("Object Repository/vrach/Page_/Page_/go")): Object: 'Object Repository/vrach/Page_/Page_/go' is clicked on

2022-02-21 12:32:05 - [MESSAGE][PASSED] - Object: 'Object Repository/vrach/Page_/Page_/go' is clicked on

2022-02-21 12:32:05 - [MESSAGE][PASSED] - Call Test Case 'Test Cases/Доктор/Авторизация врач' successfully

2022-02-21 12:32:05 - [TEST_STEP][PASSED] - click(findTestObject("Object Repository/vrach/imt/Page_/IMT")): Object: 'Object Repository/vrach/imt/Page_/IMT' is clicked on

2022-02-21 12:32:13 - [MESSAGE][PASSED] - Object: 'Object Repository/vrach/imt/Page_/IMT' is clicked on

2022-02-21 12:32:13 - [TEST_STEP][PASSED] - click(findTestObject("Object Repository/vrach/imt/Page_/school")): Object: 'Object Repository/vrach/imt/Page_/school' is clicked on

2022-02-21 12:32:17 - [MESSAGE][PASSED] - Object: 'Object Repository/vrach/imt/Page_/school' is clicked on

2022-02-21 12:32:17 - [TEST_STEP][PASSED] - click(findTestObject("Object Repository/vrach/imt/Page_/div_ (2)")): Object: 'Object Repository/vrach/imt/Page_/div_ (2)' is clicked on

2022-02-21 12:32:19 - [MESSAGE][PASSED] - Object: 'Object Repository/vrach/imt/Page_/div_ (2)' is clicked on

2022-02-21 12:32:19 - [TEST_STEP][PASSED] - click(findTestObject("Object Repository/vrach/imt/Page_/team")): Object: 'Object Repository/vrach/imt/Page_/team' is clicked on

2022-02-21 12:32:21 - [MESSAGE][PASSED] - Object: 'Object Repository/vrach/imt/Page_/team' is clicked on

2022-02-21 12:32:21 - [TEST_STEP][PASSED] - click(findTestObject("Object Repository/vrach/imt/Page_/OYA")): Object: 'Object Repository/vrach/imt/Page_/OYA' is clicked on

2022-02-21 12:32:24 - [MESSAGE][PASSED] - Object: 'Object Repository/vrach/imt/Page_/OYA' is clicked on

2022-02-21 12:32:24 - [TEST_STEP][PASSED] - click(findTestObject("Object Repository/vrach/imt/Page_/edit")): Object: 'Object Repository/vrach/imt/Page_/edit' is clicked on

2022-02-21 12:32:29 - [MESSAGE][PASSED] - Object: 'Object Repository/vrach/imt/Page_/edit' is clicked on

2022-02-21 12:32:29 - [TEST_STEP][NOT_RUN] - scrollToElement(findTestObject("Object Repository/vrach/imt/Page_/trikozov"), 0): NOT_RUN: scrollToElement(findTestObject("Object Repository/vrach/imt/Page_/trikozov"), 0)

2022-02-21 12:32:29 - [MESSAGE][NOT_RUN] - NOT_RUN: scrollToElement(findTestObject("Object Repository/vrach/imt/Page_/trikozov"), 0)

2022-02-21 12:32:29 - [TEST_STEP][PASSED] - click(findTestObject("Object Repository/vrach/imt/Page_/trikozov")): Object: 'Object Repository/vrach/imt/Page_/trikozov' is clicked on

2022-02-21 12:32:31 - [MESSAGE][PASSED] - Object: 'Object Repository/vrach/imt/Page_/trikozov' is clicked on

2022-02-21 12:32:31 - [TEST_STEP][PASSED] - click(findTestObject("Object Repository/vrach/imt/Page_/recomend")): Object: 'Object Repository/vrach/imt/Page_/recomend' is clicked on

2022-02-21 12:33:04 - [MESSAGE][INFO] - Unable to find the element located by 'By.xpath: //*[(text() = 'Выберите тип рекомендации' or . = 'Выберите тип рекомендации')]'. Please recheck the objects properties to make sure the desired element is located. 

2022-02-21 12:33:04 - [MESSAGE][WARNING] - [SELF-HEALING] Failed to find element with id 'Object Repository/vrach/imt/Page_/recomend'. Try using Self-healing.

2022-02-21 12:33:05 - [MESSAGE][WARNING] - [SELF-HEALING] The current locator of test object 'Object Repository/vrach/imt/Page_/recomend' was broken. Propose an alternative one: '//label/div/div/div/div'.

2022-02-21 12:33:06 - [MESSAGE][PASSED] - Object: 'Object Repository/vrach/imt/Page_/recomend' is clicked on

2022-02-21 12:33:06 - [TEST_STEP][PASSED] - click(findTestObject("Object Repository/vrach/imt/Page_/tiprecomend")): Object: 'Object Repository/vrach/imt/Page_/tiprecomend' is clicked on

2022-02-21 12:33:09 - [MESSAGE][PASSED] - Object: 'Object Repository/vrach/imt/Page_/tiprecomend' is clicked on

2022-02-21 12:33:09 - [TEST_STEP][PASSED] - click(findTestObject("Object Repository/vrach/imt/Page_/addtask")): Object: 'Object Repository/vrach/imt/Page_/addtask' is clicked on

2022-02-21 12:33:11 - [MESSAGE][PASSED] - Object: 'Object Repository/vrach/imt/Page_/addtask' is clicked on

2022-02-21 12:33:11 - [TEST_STEP][FAILED] - setText(findTestObject("Object Repository/vrach/imt/Page_/input_ _sc-eqIVtm fYABJt"), "автотест проверка ИМТ"): Unable to set text 'автотест проверка ИМТ' of object 'Object Repository/vrach/imt/Page_/input_ _sc-eqIVtm fYABJt' (Root cause: com.kms.katalon.core.exception.StepFailedException: Unable to set text 'автотест проверка ИМТ' of object 'Object Repository/vrach/imt/Page_/input_ _sc-eqIVtm fYABJt'
	at com.kms.katalon.core.webui.keyword.internal.WebUIKeywordMain.stepFailed(WebUIKeywordMain.groovy:64)
	at com.kms.katalon.core.webui.keyword.internal.WebUIKeywordMain.runKeyword(WebUIKeywordMain.groovy:26)
	at com.kms.katalon.core.webui.keyword.builtin.SetTextKeyword.setText(SetTextKeyword.groovy:66)
	at com.kms.katalon.core.webui.keyword.builtin.SetTextKeyword.execute(SetTextKeyword.groovy:37)
	at com.kms.katalon.core.keyword.internal.KeywordExecutor.executeKeywordForPlatform(KeywordExecutor.groovy:74)
	at com.kms.katalon.core.webui.keyword.WebUiBuiltInKeywords.setText(WebUiBuiltInKeywords.groovy:980)
	at com.kms.katalon.core.webui.keyword.WebUiBuiltInKeywords$setText$2.call(Unknown Source)
	at Проверка вкладки Питание.run(Проверка вкладки Питание:44)
	at com.kms.katalon.core.main.ScriptEngine.run(ScriptEngine.java:194)
	at com.kms.katalon.core.main.ScriptEngine.runScriptAsRawText(ScriptEngine.java:119)
	at com.kms.katalon.core.main.TestCaseExecutor.runScript(TestCaseExecutor.java:442)
	at com.kms.katalon.core.main.TestCaseExecutor.doExecute(TestCaseExecutor.java:433)
	at com.kms.katalon.core.main.TestCaseExecutor.processExecutionPhase(TestCaseExecutor.java:412)
	at com.kms.katalon.core.main.TestCaseExecutor.accessMainPhase(TestCaseExecutor.java:404)
	at com.kms.katalon.core.main.TestCaseExecutor.execute(TestCaseExecutor.java:281)
	at com.kms.katalon.core.main.TestSuiteExecutor.accessTestCaseMainPhase(TestSuiteExecutor.java:202)
	at com.kms.katalon.core.main.TestSuiteExecutor.accessTestSuiteMainPhase(TestSuiteExecutor.java:164)
	at com.kms.katalon.core.main.TestSuiteExecutor.execute(TestSuiteExecutor.java:105)
	at com.kms.katalon.core.main.TestCaseMain.startTestSuite(TestCaseMain.java:185)
	at com.kms.katalon.core.main.TestCaseMain$startTestSuite$0.call(Unknown Source)
	at TempTestSuite1645435802527.run(TempTestSuite1645435802527.groovy:36)
Caused by: com.kms.katalon.core.webui.exception.WebElementNotFoundException: Web element with id: 'Object Repository/vrach/imt/Page_/input_ _sc-eqIVtm fYABJt' located by '//input[@placeholder = 'Введите название задачи']' not found
	at com.kms.katalon.core.webui.common.WebUiCommonHelper.findWebElement(WebUiCommonHelper.java:1370)
	at com.kms.katalon.core.webui.keyword.internal.WebUIAbstractKeyword.findWebElement(WebUIAbstractKeyword.groovy:27)
	at com.kms.katalon.core.webui.keyword.internal.WebUIAbstractKeyword.findWebElement(WebUIAbstractKeyword.groovy:26)
	at com.kms.katalon.core.webui.keyword.builtin.SetTextKeyword$_setText_closure1.doCall(SetTextKeyword.groovy:51)
	at com.kms.katalon.core.webui.keyword.builtin.SetTextKeyword$_setText_closure1.call(SetTextKeyword.groovy)
	at com.kms.katalon.core.webui.keyword.internal.WebUIKeywordMain.runKeyword(WebUIKeywordMain.groovy:20)
	at com.kms.katalon.core.webui.keyword.builtin.SetTextKeyword.setText(SetTextKeyword.groovy:66)
	at com.kms.katalon.core.webui.keyword.builtin.SetTextKeyword.execute(SetTextKeyword.groovy:37)
	at com.kms.katalon.core.keyword.internal.KeywordExecutor.executeKeywordForPlatform(KeywordExecutor.groovy:74)
	at com.kms.katalon.core.webui.keyword.WebUiBuiltInKeywords.setText(WebUiBuiltInKeywords.groovy:980)
	at com.kms.katalon.core.webui.keyword.WebUiBuiltInKeywords$setText$2.call(Unknown Source)
	at Script1645089906055.run(Script1645089906055.groovy:44)
	... 13 more
)

2022-02-21 12:33:43 - [MESSAGE][INFO] - Unable to find the element located by 'By.xpath: //input[@placeholder = 'Введите название задачи']'. Please recheck the objects properties to make sure the desired element is located. 

2022-02-21 12:33:43 - [MESSAGE][WARNING] - [SELF-HEALING] Failed to find element with id 'Object Repository/vrach/imt/Page_/input_ _sc-eqIVtm fYABJt'. Try using Self-healing.

2022-02-21 12:33:44 - [MESSAGE][INFO] - Unable to find the element located by 'By.xpath: //*[@id="root"]/div[1]/div/div[2]/div/div[2]/div/div[2]/div/div/div[2]/div/div/div[2]/div[3]/div/div/div/div/div/input'. Please recheck the objects properties to make sure the desired element is located. 

2022-02-21 12:33:46 - [MESSAGE][INFO] - [SELF-HEALING] Failed Locator: '(//input[@value=''])[4]'.

2022-02-21 12:33:48 - [MESSAGE][INFO] - [SELF-HEALING] Failed Locator: '//div[@id='root']/div/div/div[2]/div/div[2]/div/div[2]/div/div/div[2]/div/div/div[2]/div[3]/div/div/div/div/div/input'.

2022-02-21 12:33:50 - [MESSAGE][INFO] - [SELF-HEALING] Failed Locator: '//div[3]/div/div/div/div/div/input'.

2022-02-21 12:33:52 - [MESSAGE][INFO] - Unable to find the element located by 'By.cssSelector: input.sc-eqIVtm.fYABJt'. Please recheck the objects properties to make sure the desired element is located. 

2022-02-21 12:33:54 - [MESSAGE][FAILED] - Unable to set text 'автотест проверка ИМТ' of object 'Object Repository/vrach/imt/Page_/input_ _sc-eqIVtm fYABJt' (Root cause: com.kms.katalon.core.exception.StepFailedException: Unable to set text 'автотест проверка ИМТ' of object 'Object Repository/vrach/imt/Page_/input_ _sc-eqIVtm fYABJt'
	at com.kms.katalon.core.webui.keyword.internal.WebUIKeywordMain.stepFailed(WebUIKeywordMain.groovy:64)
	at com.kms.katalon.core.webui.keyword.internal.WebUIKeywordMain.runKeyword(WebUIKeywordMain.groovy:26)
	at com.kms.katalon.core.webui.keyword.builtin.SetTextKeyword.setText(SetTextKeyword.groovy:66)
	at com.kms.katalon.core.webui.keyword.builtin.SetTextKeyword.execute(SetTextKeyword.groovy:37)
	at com.kms.katalon.core.keyword.internal.KeywordExecutor.executeKeywordForPlatform(KeywordExecutor.groovy:74)
	at com.kms.katalon.core.webui.keyword.WebUiBuiltInKeywords.setText(WebUiBuiltInKeywords.groovy:980)
	at com.kms.katalon.core.webui.keyword.WebUiBuiltInKeywords$setText$2.call(Unknown Source)
	at Проверка вкладки Питание.run(Проверка вкладки Питание:44)
	at com.kms.katalon.core.main.ScriptEngine.run(ScriptEngine.java:194)
	at com.kms.katalon.core.main.ScriptEngine.runScriptAsRawText(ScriptEngine.java:119)
	at com.kms.katalon.core.main.TestCaseExecutor.runScript(TestCaseExecutor.java:442)
	at com.kms.katalon.core.main.TestCaseExecutor.doExecute(TestCaseExecutor.java:433)
	at com.kms.katalon.core.main.TestCaseExecutor.processExecutionPhase(TestCaseExecutor.java:412)
	at com.kms.katalon.core.main.TestCaseExecutor.accessMainPhase(TestCaseExecutor.java:404)
	at com.kms.katalon.core.main.TestCaseExecutor.execute(TestCaseExecutor.java:281)
	at com.kms.katalon.core.main.TestSuiteExecutor.accessTestCaseMainPhase(TestSuiteExecutor.java:202)
	at com.kms.katalon.core.main.TestSuiteExecutor.accessTestSuiteMainPhase(TestSuiteExecutor.java:164)
	at com.kms.katalon.core.main.TestSuiteExecutor.execute(TestSuiteExecutor.java:105)
	at com.kms.katalon.core.main.TestCaseMain.startTestSuite(TestCaseMain.java:185)
	at com.kms.katalon.core.main.TestCaseMain$startTestSuite$0.call(Unknown Source)
	at TempTestSuite1645435802527.run(TempTestSuite1645435802527.groovy:36)
Caused by: com.kms.katalon.core.webui.exception.WebElementNotFoundException: Web element with id: 'Object Repository/vrach/imt/Page_/input_ _sc-eqIVtm fYABJt' located by '//input[@placeholder = 'Введите название задачи']' not found
	at com.kms.katalon.core.webui.common.WebUiCommonHelper.findWebElement(WebUiCommonHelper.java:1370)
	at com.kms.katalon.core.webui.keyword.internal.WebUIAbstractKeyword.findWebElement(WebUIAbstractKeyword.groovy:27)
	at com.kms.katalon.core.webui.keyword.internal.WebUIAbstractKeyword.findWebElement(WebUIAbstractKeyword.groovy:26)
	at com.kms.katalon.core.webui.keyword.builtin.SetTextKeyword$_setText_closure1.doCall(SetTextKeyword.groovy:51)
	at com.kms.katalon.core.webui.keyword.builtin.SetTextKeyword$_setText_closure1.call(SetTextKeyword.groovy)
	at com.kms.katalon.core.webui.keyword.internal.WebUIKeywordMain.runKeyword(WebUIKeywordMain.groovy:20)
	at com.kms.katalon.core.webui.keyword.builtin.SetTextKeyword.setText(SetTextKeyword.groovy:66)
	at com.kms.katalon.core.webui.keyword.builtin.SetTextKeyword.execute(SetTextKeyword.groovy:37)
	at com.kms.katalon.core.keyword.internal.KeywordExecutor.executeKeywordForPlatform(KeywordExecutor.groovy:74)
	at com.kms.katalon.core.webui.keyword.WebUiBuiltInKeywords.setText(WebUiBuiltInKeywords.groovy:980)
	at com.kms.katalon.core.webui.keyword.WebUiBuiltInKeywords$setText$2.call(Unknown Source)
	at Script1645089906055.run(Script1645089906055.groovy:44)
	... 13 more
)
[[ATTACHMENT|C:\\Users\\LENOVO\\Katalon Studio\\Project Avangard\\Reports\\20220221_122957\\\u0414\u043E\u043A\u0442\u043E\u0440\\20220221_123002\\1645436032242.png]]]]></system-out>
         <system-err><![CDATA[2022-02-21 12:30:25 - [TEST_CASE][FAILED] - Test Cases/Доктор/Проверка вкладки Питание: Test Cases/Доктор/Проверка вкладки Питание FAILED.
Reason:
com.kms.katalon.core.exception.StepFailedException: Unable to set text 'автотест проверка ИМТ' of object 'Object Repository/vrach/imt/Page_/input_ _sc-eqIVtm fYABJt'
	at com.kms.katalon.core.webui.keyword.internal.WebUIKeywordMain.stepFailed(WebUIKeywordMain.groovy:64)
	at com.kms.katalon.core.webui.keyword.internal.WebUIKeywordMain.runKeyword(WebUIKeywordMain.groovy:26)
	at com.kms.katalon.core.webui.keyword.builtin.SetTextKeyword.setText(SetTextKeyword.groovy:66)
	at com.kms.katalon.core.webui.keyword.builtin.SetTextKeyword.execute(SetTextKeyword.groovy:37)
	at com.kms.katalon.core.keyword.internal.KeywordExecutor.executeKeywordForPlatform(KeywordExecutor.groovy:74)
	at com.kms.katalon.core.webui.keyword.WebUiBuiltInKeywords.setText(WebUiBuiltInKeywords.groovy:980)
	at com.kms.katalon.core.webui.keyword.WebUiBuiltInKeywords$setText$2.call(Unknown Source)
	at Проверка вкладки Питание.run(Проверка вкладки Питание:44)
	at com.kms.katalon.core.main.ScriptEngine.run(ScriptEngine.java:194)
	at com.kms.katalon.core.main.ScriptEngine.runScriptAsRawText(ScriptEngine.java:119)
	at com.kms.katalon.core.main.TestCaseExecutor.runScript(TestCaseExecutor.java:442)
	at com.kms.katalon.core.main.TestCaseExecutor.doExecute(TestCaseExecutor.java:433)
	at com.kms.katalon.core.main.TestCaseExecutor.processExecutionPhase(TestCaseExecutor.java:412)
	at com.kms.katalon.core.main.TestCaseExecutor.accessMainPhase(TestCaseExecutor.java:404)
	at com.kms.katalon.core.main.TestCaseExecutor.execute(TestCaseExecutor.java:281)
	at com.kms.katalon.core.main.TestSuiteExecutor.accessTestCaseMainPhase(TestSuiteExecutor.java:202)
	at com.kms.katalon.core.main.TestSuiteExecutor.accessTestSuiteMainPhase(TestSuiteExecutor.java:164)
	at com.kms.katalon.core.main.TestSuiteExecutor.execute(TestSuiteExecutor.java:105)
	at com.kms.katalon.core.main.TestCaseMain.startTestSuite(TestCaseMain.java:185)
	at com.kms.katalon.core.main.TestCaseMain$startTestSuite$0.call(Unknown Source)
	at TempTestSuite1645435802527.run(TempTestSuite1645435802527.groovy:36)
Caused by: com.kms.katalon.core.webui.exception.WebElementNotFoundException: Web element with id: 'Object Repository/vrach/imt/Page_/input_ _sc-eqIVtm fYABJt' located by '//input[@placeholder = 'Введите название задачи']' not found
	at com.kms.katalon.core.webui.common.WebUiCommonHelper.findWebElement(WebUiCommonHelper.java:1370)
	at com.kms.katalon.core.webui.keyword.internal.WebUIAbstractKeyword.findWebElement(WebUIAbstractKeyword.groovy:27)
	at com.kms.katalon.core.webui.keyword.internal.WebUIAbstractKeyword.findWebElement(WebUIAbstractKeyword.groovy:26)
	at com.kms.katalon.core.webui.keyword.builtin.SetTextKeyword$_setText_closure1.doCall(SetTextKeyword.groovy:51)
	at com.kms.katalon.core.webui.keyword.builtin.SetTextKeyword$_setText_closure1.call(SetTextKeyword.groovy)
	at com.kms.katalon.core.webui.keyword.internal.WebUIKeywordMain.runKeyword(WebUIKeywordMain.groovy:20)
	... 19 more]]></system-err>
      </testcase>
      <testcase name="Test Cases/Доктор/Просмотр профиля" time="134.176" classname="Test Cases/Доктор/Просмотр профиля" status="PASSED">
         <system-out><![CDATA[2022-02-21 12:33:57 - [TEST_CASE][PASSED] - Test Cases/Доктор/Просмотр профиля: Test Cases/Доктор/Просмотр профиля

2022-02-21 12:33:57 - [TEST_STEP][PASSED] - callTestCase(findTestCase("Доктор/Авторизация врач"), [:], STOP_ON_FAILURE): Call Test Case 'Test Cases/Доктор/Авторизация врач' successfully

2022-02-21 12:33:57 - [TEST_CASE][PASSED] - Test Cases/Доктор/Авторизация врач: Test Cases/Доктор/Авторизация врач

2022-02-21 12:33:57 - [TEST_STEP][PASSED] - openBrowser(""): Browser is opened with url: ''

2022-02-21 12:33:57 - [MESSAGE][WARNING] - A browser is already opened. Closing browser and opening a new one

2022-02-21 12:33:58 - [MESSAGE][INFO] - User set preference: ['os', 'linux']

2022-02-21 12:33:58 - [MESSAGE][INFO] - User set preference: ['browserName', 'chrome']

2022-02-21 12:33:58 - [MESSAGE][INFO] - User set preference: ['browserVersion', '97']

2022-02-21 12:33:58 - [MESSAGE][INFO] - User set preference: ['katalon:option', '{organizationId=551240, tunnelId=, usingTunnel=false}']

2022-02-21 12:33:58 - [MESSAGE][INFO] - Connecting to remote web server 'testcloud.katalon.com/hub' with type 'Selenium'

2022-02-21 12:33:58 - [MESSAGE][INFO] - Action delay is set to 100 milliseconds

2022-02-21 12:35:34 - [MESSAGE][PASSED] - Browser is opened with url: ''

2022-02-21 12:35:34 - [TEST_STEP][PASSED] - maximizeWindow(): Current window maximized

2022-02-21 12:35:34 - [MESSAGE][PASSED] - Current window maximized

2022-02-21 12:35:34 - [TEST_STEP][PASSED] - navigateToUrl(url): Navigate to 'https://stars-stage.hawk.ru:8080' successfully

2022-02-21 12:35:41 - [MESSAGE][PASSED] - Navigate to 'https://stars-stage.hawk.ru:8080' successfully

2022-02-21 12:35:41 - [TEST_STEP][PASSED] - setText(findTestObject("Object Repository/vra/Page_/input__sc-lnrBVv eqPACj"), doktor_login): Text 'TestDoctor@mail.ru' is set on object 'Object Repository/vra/Page_/input__sc-lnrBVv eqPACj'

2022-02-21 12:35:47 - [MESSAGE][PASSED] - Text 'TestDoctor@mail.ru' is set on object 'Object Repository/vra/Page_/input__sc-lnrBVv eqPACj'

2022-02-21 12:35:47 - [TEST_STEP][PASSED] - setText(findTestObject("Object Repository/vra/Page_/input__sc-lnrBVv eqPACj_1"), doktor_password, STOP_ON_FAILURE): Text 'TestDoctor@mail.ru' is set on object 'Object Repository/vra/Page_/input__sc-lnrBVv eqPACj_1'

2022-02-21 12:35:51 - [MESSAGE][PASSED] - Text 'TestDoctor@mail.ru' is set on object 'Object Repository/vra/Page_/input__sc-lnrBVv eqPACj_1'

2022-02-21 12:35:51 - [TEST_STEP][PASSED] - click(findTestObject("Object Repository/vrach/Page_/Page_/go")): Object: 'Object Repository/vrach/Page_/Page_/go' is clicked on

2022-02-21 12:35:54 - [MESSAGE][PASSED] - Object: 'Object Repository/vrach/Page_/Page_/go' is clicked on

2022-02-21 12:35:54 - [MESSAGE][PASSED] - Call Test Case 'Test Cases/Доктор/Авторизация врач' successfully

2022-02-21 12:35:54 - [TEST_STEP][PASSED] - click(findTestObject("Object Repository/vrach/profile/Page_/span_TestDoctormail.ru")): Object: 'Object Repository/vrach/profile/Page_/span_TestDoctormail.ru' is clicked on

2022-02-21 12:36:03 - [MESSAGE][PASSED] - Object: 'Object Repository/vrach/profile/Page_/span_TestDoctormail.ru' is clicked on

2022-02-21 12:36:03 - [TEST_STEP][PASSED] - click(findTestObject("Object Repository/vrach/profile/Page_/save")): Object: 'Object Repository/vrach/profile/Page_/save' is clicked on

2022-02-21 12:36:05 - [MESSAGE][PASSED] - Object: 'Object Repository/vrach/profile/Page_/save' is clicked on

2022-02-21 12:36:05 - [TEST_STEP][PASSED] - verifyTextPresent("Пользователь сохранен", true): Text 'Пользователь сохранен' is present on page  using regular expression

2022-02-21 12:36:08 - [MESSAGE][PASSED] - Text 'Пользователь сохранен' is present on page  using regular expression

2022-02-21 12:36:08 - [TEST_STEP][PASSED] - click(findTestObject("Object Repository/vrach/profile/Page_/exit")): Object: 'Object Repository/vrach/profile/Page_/exit' is clicked on

2022-02-21 12:36:10 - [MESSAGE][PASSED] - Object: 'Object Repository/vrach/profile/Page_/exit' is clicked on

2022-02-21 12:36:10 - [TEST_STEP][PASSED] - closeBrowser(): Browser is closed

2022-02-21 12:36:11 - [MESSAGE][PASSED] - Browser is closed]]></system-out>
         <system-err><![CDATA[]]></system-err>
      </testcase>
      <testcase name="Test Cases/Доктор/Психотест (психолог)" time="169.204" classname="Test Cases/Доктор/Психотест (психолог)" status="PASSED">
         <system-out><![CDATA[2022-02-21 12:36:11 - [TEST_CASE][PASSED] - Test Cases/Доктор/Психотест (психолог): Test Cases/Доктор/Психотест (психолог)

2022-02-21 12:36:11 - [TEST_STEP][PASSED] - openBrowser(""): Browser is opened with url: ''

2022-02-21 12:36:11 - [MESSAGE][INFO] - User set preference: ['os', 'linux']

2022-02-21 12:36:11 - [MESSAGE][INFO] - User set preference: ['browserName', 'chrome']

2022-02-21 12:36:11 - [MESSAGE][INFO] - User set preference: ['browserVersion', '97']

2022-02-21 12:36:11 - [MESSAGE][INFO] - User set preference: ['katalon:option', '{organizationId=551240, tunnelId=, usingTunnel=false}']

2022-02-21 12:36:11 - [MESSAGE][INFO] - Connecting to remote web server 'testcloud.katalon.com/hub' with type 'Selenium'

2022-02-21 12:36:11 - [MESSAGE][INFO] - Action delay is set to 100 milliseconds

2022-02-21 12:37:30 - [MESSAGE][PASSED] - Browser is opened with url: ''

2022-02-21 12:37:30 - [TEST_STEP][PASSED] - maximizeWindow(): Current window maximized

2022-02-21 12:37:31 - [MESSAGE][PASSED] - Current window maximized

2022-02-21 12:37:31 - [TEST_STEP][PASSED] - navigateToUrl("https://stars-stage.hawk.ru:8080/"): Navigate to 'https://stars-stage.hawk.ru:8080/' successfully

2022-02-21 12:37:43 - [MESSAGE][PASSED] - Navigate to 'https://stars-stage.hawk.ru:8080/' successfully

2022-02-21 12:37:43 - [TEST_STEP][PASSED] - setText(findTestObject("Avangard New/Object (Психолог)/login (Логин Психолог)"), "psychoTEST@mail.ru"): Text 'psychoTEST@mail.ru' is set on object 'Object Repository/Avangard New/Object (Психолог)/login (Логин Психолог)'

2022-02-21 12:37:47 - [MESSAGE][PASSED] - Text 'psychoTEST@mail.ru' is set on object 'Object Repository/Avangard New/Object (Психолог)/login (Логин Психолог)'

2022-02-21 12:37:47 - [TEST_STEP][PASSED] - setText(findTestObject("Avangard New/Object (Психолог)/password (Пароль Психолог)"), "psychoTEST@mail.ru", STOP_ON_FAILURE): Text 'psychoTEST@mail.ru' is set on object 'Object Repository/Avangard New/Object (Психолог)/password (Пароль Психолог)'

2022-02-21 12:37:52 - [MESSAGE][PASSED] - Text 'psychoTEST@mail.ru' is set on object 'Object Repository/Avangard New/Object (Психолог)/password (Пароль Психолог)'

2022-02-21 12:37:52 - [TEST_STEP][PASSED] - click(findTestObject("Object Repository/vrach/psychotest/Page_/go")): Object: 'Object Repository/vrach/psychotest/Page_/go' is clicked on

2022-02-21 12:37:55 - [MESSAGE][PASSED] - Object: 'Object Repository/vrach/psychotest/Page_/go' is clicked on

2022-02-21 12:37:55 - [TEST_STEP][PASSED] - click(findTestObject("Object Repository/vrach/psychotest/Page_/psychotest")): Object: 'Object Repository/vrach/psychotest/Page_/psychotest' is clicked on

2022-02-21 12:38:15 - [MESSAGE][PASSED] - Object: 'Object Repository/vrach/psychotest/Page_/psychotest' is clicked on

2022-02-21 12:38:15 - [TEST_STEP][PASSED] - verifyTextPresent("Психологический профиль", false): Text 'Психологический профиль' is present on page 

2022-02-21 12:38:18 - [MESSAGE][PASSED] - Text 'Психологический профиль' is present on page 

2022-02-21 12:38:18 - [TEST_STEP][PASSED] - click(findTestObject("Object Repository/vrach/psychotest/Page_/school")): Object: 'Object Repository/vrach/psychotest/Page_/school' is clicked on

2022-02-21 12:38:20 - [MESSAGE][PASSED] - Object: 'Object Repository/vrach/psychotest/Page_/school' is clicked on

2022-02-21 12:38:20 - [TEST_STEP][PASSED] - click(findTestObject("Object Repository/vrach/psychotest/Page_/avanguard")): Object: 'Object Repository/vrach/psychotest/Page_/avanguard' is clicked on

2022-02-21 12:38:26 - [MESSAGE][PASSED] - Object: 'Object Repository/vrach/psychotest/Page_/avanguard' is clicked on

2022-02-21 12:38:26 - [TEST_STEP][PASSED] - click(findTestObject("Object Repository/vrach/psychotest/Page_/team")): Object: 'Object Repository/vrach/psychotest/Page_/team' is clicked on

2022-02-21 12:38:30 - [MESSAGE][PASSED] - Object: 'Object Repository/vrach/psychotest/Page_/team' is clicked on

2022-02-21 12:38:30 - [TEST_STEP][PASSED] - click(findTestObject("Object Repository/vrach/psychotest/Page_/varteam")): Object: 'Object Repository/vrach/psychotest/Page_/varteam' is clicked on

2022-02-21 12:38:32 - [MESSAGE][PASSED] - Object: 'Object Repository/vrach/psychotest/Page_/varteam' is clicked on

2022-02-21 12:38:32 - [TEST_STEP][PASSED] - click(findTestObject("Object Repository/vrach/psychotest/Page_/player")): Object: 'Object Repository/vrach/psychotest/Page_/player' is clicked on

2022-02-21 12:38:38 - [MESSAGE][PASSED] - Object: 'Object Repository/vrach/psychotest/Page_/player' is clicked on

2022-02-21 12:38:38 - [TEST_STEP][PASSED] - click(findTestObject("Object Repository/vrach/psychotest/Page_/varplayer")): Object: 'Object Repository/vrach/psychotest/Page_/varplayer' is clicked on

2022-02-21 12:38:41 - [MESSAGE][PASSED] - Object: 'Object Repository/vrach/psychotest/Page_/varplayer' is clicked on

2022-02-21 12:38:41 - [TEST_STEP][PASSED] - click(findTestObject("Object Repository/vrach/psychotest/Page_/date")): Object: 'Object Repository/vrach/psychotest/Page_/date' is clicked on

2022-02-21 12:38:46 - [MESSAGE][PASSED] - Object: 'Object Repository/vrach/psychotest/Page_/date' is clicked on

2022-02-21 12:38:46 - [TEST_STEP][PASSED] - click(findTestObject("Object Repository/vrach/psychotest/Page_/enter_date")): Object: 'Object Repository/vrach/psychotest/Page_/enter_date' is clicked on

2022-02-21 12:38:49 - [MESSAGE][PASSED] - Object: 'Object Repository/vrach/psychotest/Page_/enter_date' is clicked on

2022-02-21 12:38:49 - [TEST_STEP][PASSED] - verifyTextPresent("Реакция на простой стимул", false): Text 'Реакция на простой стимул' is present on page 

2022-02-21 12:38:51 - [MESSAGE][PASSED] - Text 'Реакция на простой стимул' is present on page 

2022-02-21 12:38:51 - [TEST_STEP][PASSED] - scrollToElement(findTestObject("Object Repository/vrach/psychotest/Page_/thinking"), 0): Scroll to object 'Object Repository/vrach/psychotest/Page_/thinking' successfully

2022-02-21 12:38:51 - [MESSAGE][WARNING] - Timeout '0' is invalid. Using default page load timeout: '30'

2022-02-21 12:38:53 - [MESSAGE][PASSED] - Scroll to object 'Object Repository/vrach/psychotest/Page_/thinking' successfully

2022-02-21 12:38:53 - [TEST_STEP][PASSED] - setText(findTestObject("Object Repository/vrach/psychotest/Page_/thinking"), "9"): Text '9' is set on object 'Object Repository/vrach/psychotest/Page_/thinking'

2022-02-21 12:38:58 - [MESSAGE][PASSED] - Text '9' is set on object 'Object Repository/vrach/psychotest/Page_/thinking'

2022-02-21 12:38:58 - [TEST_STEP][PASSED] - click(findTestObject("Object Repository/vrach/psychotest/Page_/button_save")): Object: 'Object Repository/vrach/psychotest/Page_/button_save' is clicked on

2022-02-21 12:39:00 - [MESSAGE][PASSED] - Object: 'Object Repository/vrach/psychotest/Page_/button_save' is clicked on]]></system-out>
         <system-err><![CDATA[]]></system-err>
      </testcase>
      <testcase name="Test Cases/Доктор/создание карточки болезни" time="596.068" classname="Test Cases/Доктор/создание карточки болезни" status="PASSED">
         <system-out><![CDATA[2022-02-21 12:39:00 - [TEST_CASE][PASSED] - Test Cases/Доктор/создание карточки болезни: Test Cases/Доктор/создание карточки болезни

2022-02-21 12:39:00 - [TEST_STEP][PASSED] - callTestCase(findTestCase("Доктор/Авторизация врач"), [:], STOP_ON_FAILURE): Call Test Case 'Test Cases/Доктор/Авторизация врач' successfully

2022-02-21 12:39:00 - [TEST_CASE][PASSED] - Test Cases/Доктор/Авторизация врач: Test Cases/Доктор/Авторизация врач

2022-02-21 12:39:00 - [TEST_STEP][PASSED] - openBrowser(""): Browser is opened with url: ''

2022-02-21 12:39:00 - [MESSAGE][WARNING] - A browser is already opened. Closing browser and opening a new one

2022-02-21 12:39:01 - [MESSAGE][INFO] - User set preference: ['os', 'linux']

2022-02-21 12:39:01 - [MESSAGE][INFO] - User set preference: ['browserName', 'chrome']

2022-02-21 12:39:01 - [MESSAGE][INFO] - User set preference: ['browserVersion', '97']

2022-02-21 12:39:01 - [MESSAGE][INFO] - User set preference: ['katalon:option', '{organizationId=551240, tunnelId=, usingTunnel=false}']

2022-02-21 12:39:01 - [MESSAGE][INFO] - Connecting to remote web server 'testcloud.katalon.com/hub' with type 'Selenium'

2022-02-21 12:39:01 - [MESSAGE][INFO] - Action delay is set to 100 milliseconds

2022-02-21 12:40:00 - [MESSAGE][PASSED] - Browser is opened with url: ''

2022-02-21 12:40:00 - [TEST_STEP][PASSED] - maximizeWindow(): Current window maximized

2022-02-21 12:40:00 - [MESSAGE][PASSED] - Current window maximized

2022-02-21 12:40:00 - [TEST_STEP][PASSED] - navigateToUrl(url): Navigate to 'https://stars-stage.hawk.ru:8080' successfully

2022-02-21 12:40:07 - [MESSAGE][PASSED] - Navigate to 'https://stars-stage.hawk.ru:8080' successfully

2022-02-21 12:40:07 - [TEST_STEP][PASSED] - setText(findTestObject("Object Repository/vra/Page_/input__sc-lnrBVv eqPACj"), doktor_login): Text 'TestDoctor@mail.ru' is set on object 'Object Repository/vra/Page_/input__sc-lnrBVv eqPACj'

2022-02-21 12:40:11 - [MESSAGE][PASSED] - Text 'TestDoctor@mail.ru' is set on object 'Object Repository/vra/Page_/input__sc-lnrBVv eqPACj'

2022-02-21 12:40:11 - [TEST_STEP][PASSED] - setText(findTestObject("Object Repository/vra/Page_/input__sc-lnrBVv eqPACj_1"), doktor_password, STOP_ON_FAILURE): Text 'TestDoctor@mail.ru' is set on object 'Object Repository/vra/Page_/input__sc-lnrBVv eqPACj_1'

2022-02-21 12:40:16 - [MESSAGE][PASSED] - Text 'TestDoctor@mail.ru' is set on object 'Object Repository/vra/Page_/input__sc-lnrBVv eqPACj_1'

2022-02-21 12:40:16 - [TEST_STEP][PASSED] - click(findTestObject("Object Repository/vrach/Page_/Page_/go")): Object: 'Object Repository/vrach/Page_/Page_/go' is clicked on

2022-02-21 12:40:18 - [MESSAGE][PASSED] - Object: 'Object Repository/vrach/Page_/Page_/go' is clicked on

2022-02-21 12:40:18 - [MESSAGE][PASSED] - Call Test Case 'Test Cases/Доктор/Авторизация врач' successfully

2022-02-21 12:40:18 - [TEST_STEP][PASSED] - click(findTestObject("Avangard New/Object (Доктор)/doctor case (создание карточки и удаление)/button_add")): Object: 'Object Repository/Avangard New/Object (Доктор)/doctor case (создание карточки и удаление)/button_add' is clicked on

2022-02-21 12:40:26 - [MESSAGE][PASSED] - Object: 'Object Repository/Avangard New/Object (Доктор)/doctor case (создание карточки и удаление)/button_add' is clicked on

2022-02-21 12:40:26 - [TEST_STEP][PASSED] - click(findTestObject("Avangard New/Object (Доктор)/doctor case (создание карточки и удаление)/school")): Object: 'Object Repository/Avangard New/Object (Доктор)/doctor case (создание карточки и удаление)/school' is clicked on

2022-02-21 12:40:29 - [MESSAGE][PASSED] - Object: 'Object Repository/Avangard New/Object (Доктор)/doctor case (создание карточки и удаление)/school' is clicked on

2022-02-21 12:40:29 - [TEST_STEP][PASSED] - click(findTestObject("Avangard New/Object (Доктор)/doctor case (создание карточки и удаление)/avanguard")): Object: 'Object Repository/Avangard New/Object (Доктор)/doctor case (создание карточки и удаление)/avanguard' is clicked on

2022-02-21 12:40:32 - [MESSAGE][PASSED] - Object: 'Object Repository/Avangard New/Object (Доктор)/doctor case (создание карточки и удаление)/avanguard' is clicked on

2022-02-21 12:40:32 - [TEST_STEP][PASSED] - click(findTestObject("Avangard New/Object (Доктор)/doctor case (создание карточки и удаление)/team")): Object: 'Object Repository/Avangard New/Object (Доктор)/doctor case (создание карточки и удаление)/team' is clicked on

2022-02-21 12:40:34 - [MESSAGE][PASSED] - Object: 'Object Repository/Avangard New/Object (Доктор)/doctor case (создание карточки и удаление)/team' is clicked on

2022-02-21 12:40:34 - [TEST_STEP][PASSED] - click(findTestObject("Avangard New/Object (Доктор)/doctor case (создание карточки и удаление)/var_team")): Object: 'Object Repository/Avangard New/Object (Доктор)/doctor case (создание карточки и удаление)/var_team' is clicked on

2022-02-21 12:40:36 - [MESSAGE][PASSED] - Object: 'Object Repository/Avangard New/Object (Доктор)/doctor case (создание карточки и удаление)/var_team' is clicked on

2022-02-21 12:40:36 - [TEST_STEP][PASSED] - click(findTestObject("Avangard New/Object (Доктор)/doctor case (создание карточки и удаление)/player")): Object: 'Object Repository/Avangard New/Object (Доктор)/doctor case (создание карточки и удаление)/player' is clicked on

2022-02-21 12:40:38 - [MESSAGE][PASSED] - Object: 'Object Repository/Avangard New/Object (Доктор)/doctor case (создание карточки и удаление)/player' is clicked on

2022-02-21 12:40:38 - [TEST_STEP][PASSED] - click(findTestObject("Avangard New/Object (Доктор)/doctor case (создание карточки и удаление)/var_player")): Object: 'Object Repository/Avangard New/Object (Доктор)/doctor case (создание карточки и удаление)/var_player' is clicked on

2022-02-21 12:40:41 - [MESSAGE][PASSED] - Object: 'Object Repository/Avangard New/Object (Доктор)/doctor case (создание карточки и удаление)/var_player' is clicked on

2022-02-21 12:40:41 - [TEST_STEP][PASSED] - click(findTestObject("Avangard New/Object (Доктор)/doctor case (создание карточки и удаление)/tip")): Object: 'Object Repository/Avangard New/Object (Доктор)/doctor case (создание карточки и удаление)/tip' is clicked on

2022-02-21 12:40:43 - [MESSAGE][PASSED] - Object: 'Object Repository/Avangard New/Object (Доктор)/doctor case (создание карточки и удаление)/tip' is clicked on

2022-02-21 12:40:43 - [TEST_STEP][PASSED] - click(findTestObject("Avangard New/Object (Доктор)/doctor case (создание карточки и удаление)/travma")): Object: 'Object Repository/Avangard New/Object (Доктор)/doctor case (создание карточки и удаление)/travma' is clicked on

2022-02-21 12:40:45 - [MESSAGE][PASSED] - Object: 'Object Repository/Avangard New/Object (Доктор)/doctor case (создание карточки и удаление)/travma' is clicked on

2022-02-21 12:40:45 - [TEST_STEP][PASSED] - click(findTestObject("Avangard New/Object (Доктор)/doctor case (создание карточки и удаление)/stady 1")): Object: 'Object Repository/Avangard New/Object (Доктор)/doctor case (создание карточки и удаление)/stady 1' is clicked on

2022-02-21 12:40:47 - [MESSAGE][PASSED] - Object: 'Object Repository/Avangard New/Object (Доктор)/doctor case (создание карточки и удаление)/stady 1' is clicked on

2022-02-21 12:40:47 - [TEST_STEP][PASSED] - click(findTestObject("Avangard New/Object (Доктор)/doctor case (создание карточки и удаление)/choise_stady")): Object: 'Object Repository/Avangard New/Object (Доктор)/doctor case (создание карточки и удаление)/choise_stady' is clicked on

2022-02-21 12:40:49 - [MESSAGE][PASSED] - Object: 'Object Repository/Avangard New/Object (Доктор)/doctor case (создание карточки и удаление)/choise_stady' is clicked on

2022-02-21 12:40:49 - [TEST_STEP][PASSED] - click(findTestObject("Avangard New/Object (Доктор)/doctor case (создание карточки и удаление)/tip travm")): Object: 'Object Repository/Avangard New/Object (Доктор)/doctor case (создание карточки и удаление)/tip travm' is clicked on

2022-02-21 12:40:51 - [MESSAGE][PASSED] - Object: 'Object Repository/Avangard New/Object (Доктор)/doctor case (создание карточки и удаление)/tip travm' is clicked on

2022-02-21 12:40:51 - [TEST_STEP][PASSED] - click(findTestObject("Avangard New/Object (Доктор)/doctor case (создание карточки и удаление)/choise_travm")): Object: 'Object Repository/Avangard New/Object (Доктор)/doctor case (создание карточки и удаление)/choise_travm' is clicked on

2022-02-21 12:40:53 - [MESSAGE][PASSED] - Object: 'Object Repository/Avangard New/Object (Доктор)/doctor case (создание карточки и удаление)/choise_travm' is clicked on

2022-02-21 12:40:53 - [TEST_STEP][PASSED] - setText(findTestObject("Avangard New/Object (Доктор)/doctor case (создание карточки и удаление)/dop opisanie"), "автотестирование "): Text 'автотестирование ' is set on object 'Object Repository/Avangard New/Object (Доктор)/doctor case (создание карточки и удаление)/dop opisanie'

2022-02-21 12:40:58 - [MESSAGE][PASSED] - Text 'автотестирование ' is set on object 'Object Repository/Avangard New/Object (Доктор)/doctor case (создание карточки и удаление)/dop opisanie'

2022-02-21 12:40:58 - [TEST_STEP][PASSED] - click(findTestObject("Avangard New/Object (Доктор)/doctor case (создание карточки и удаление)/button_save")): Object: 'Object Repository/Avangard New/Object (Доктор)/doctor case (создание карточки и удаление)/button_save' is clicked on

2022-02-21 12:41:00 - [MESSAGE][PASSED] - Object: 'Object Repository/Avangard New/Object (Доктор)/doctor case (создание карточки и удаление)/button_save' is clicked on

2022-02-21 12:41:00 - [TEST_STEP][PASSED] - verifyTextPresent("Карточка успешно сохранена", false): Text 'Карточка успешно сохранена' is present on page 

2022-02-21 12:41:15 - [MESSAGE][PASSED] - Text 'Карточка успешно сохранена' is present on page 

2022-02-21 12:41:15 - [TEST_STEP][PASSED] - callTestCase(findTestCase("Доктор/проверка в профиле статуса"), [:], STOP_ON_FAILURE): Call Test Case 'Test Cases/Доктор/проверка в профиле статуса' successfully

2022-02-21 12:41:15 - [TEST_CASE][PASSED] - Test Cases/Доктор/проверка в профиле статуса: Test Cases/Доктор/проверка в профиле статуса

2022-02-21 12:41:16 - [TEST_STEP][PASSED] - callTestCase(findTestCase("Доктор/Авторизация врач"), [:], STOP_ON_FAILURE): Call Test Case 'Test Cases/Доктор/Авторизация врач' successfully

2022-02-21 12:41:16 - [TEST_CASE][PASSED] - Test Cases/Доктор/Авторизация врач: Test Cases/Доктор/Авторизация врач

2022-02-21 12:41:16 - [TEST_STEP][PASSED] - openBrowser(""): Browser is opened with url: ''

2022-02-21 12:41:16 - [MESSAGE][WARNING] - A browser is already opened. Closing browser and opening a new one

2022-02-21 12:41:16 - [MESSAGE][INFO] - User set preference: ['os', 'linux']

2022-02-21 12:41:16 - [MESSAGE][INFO] - User set preference: ['browserName', 'chrome']

2022-02-21 12:41:16 - [MESSAGE][INFO] - User set preference: ['browserVersion', '97']

2022-02-21 12:41:16 - [MESSAGE][INFO] - User set preference: ['katalon:option', '{organizationId=551240, tunnelId=, usingTunnel=false}']

2022-02-21 12:41:16 - [MESSAGE][INFO] - Connecting to remote web server 'testcloud.katalon.com/hub' with type 'Selenium'

2022-02-21 12:41:16 - [MESSAGE][INFO] - Action delay is set to 100 milliseconds

2022-02-21 12:42:16 - [MESSAGE][PASSED] - Browser is opened with url: ''

2022-02-21 12:42:16 - [TEST_STEP][PASSED] - maximizeWindow(): Current window maximized

2022-02-21 12:42:16 - [MESSAGE][PASSED] - Current window maximized

2022-02-21 12:42:16 - [TEST_STEP][PASSED] - navigateToUrl(url): Navigate to 'https://stars-stage.hawk.ru:8080' successfully

2022-02-21 12:42:22 - [MESSAGE][PASSED] - Navigate to 'https://stars-stage.hawk.ru:8080' successfully

2022-02-21 12:42:22 - [TEST_STEP][PASSED] - setText(findTestObject("Object Repository/vra/Page_/input__sc-lnrBVv eqPACj"), doktor_login): Text 'TestDoctor@mail.ru' is set on object 'Object Repository/vra/Page_/input__sc-lnrBVv eqPACj'

2022-02-21 12:42:27 - [MESSAGE][PASSED] - Text 'TestDoctor@mail.ru' is set on object 'Object Repository/vra/Page_/input__sc-lnrBVv eqPACj'

2022-02-21 12:42:27 - [TEST_STEP][PASSED] - setText(findTestObject("Object Repository/vra/Page_/input__sc-lnrBVv eqPACj_1"), doktor_password, STOP_ON_FAILURE): Text 'TestDoctor@mail.ru' is set on object 'Object Repository/vra/Page_/input__sc-lnrBVv eqPACj_1'

2022-02-21 12:42:32 - [MESSAGE][PASSED] - Text 'TestDoctor@mail.ru' is set on object 'Object Repository/vra/Page_/input__sc-lnrBVv eqPACj_1'

2022-02-21 12:42:32 - [TEST_STEP][PASSED] - click(findTestObject("Object Repository/vrach/Page_/Page_/go")): Object: 'Object Repository/vrach/Page_/Page_/go' is clicked on

2022-02-21 12:42:34 - [MESSAGE][PASSED] - Object: 'Object Repository/vrach/Page_/Page_/go' is clicked on

2022-02-21 12:42:34 - [MESSAGE][PASSED] - Call Test Case 'Test Cases/Доктор/Авторизация врач' successfully

2022-02-21 12:42:34 - [TEST_STEP][PASSED] - click(findTestObject("Avangard New/Object (Доктор)/doctor case (создание карточки и удаление)/player_menu")): Object: 'Object Repository/Avangard New/Object (Доктор)/doctor case (создание карточки и удаление)/player_menu' is clicked on

2022-02-21 12:42:44 - [MESSAGE][PASSED] - Object: 'Object Repository/Avangard New/Object (Доктор)/doctor case (создание карточки и удаление)/player_menu' is clicked on

2022-02-21 12:42:44 - [TEST_STEP][PASSED] - setText(findTestObject("Avangard New/Object (Доктор)/doctor case (создание карточки и удаление)/input__Search"), player_for_test_1): Text 'Ганин' is set on object 'Object Repository/Avangard New/Object (Доктор)/doctor case (создание карточки и удаление)/input__Search'

2022-02-21 12:42:49 - [MESSAGE][PASSED] - Text 'Ганин' is set on object 'Object Repository/Avangard New/Object (Доктор)/doctor case (создание карточки и удаление)/input__Search'

2022-02-21 12:42:49 - [TEST_STEP][PASSED] - click(findTestObject("Avangard New/Object (Доктор)/doctor case (создание карточки и удаление)/var_player")): Object: 'Object Repository/Avangard New/Object (Доктор)/doctor case (создание карточки и удаление)/var_player' is clicked on

2022-02-21 12:42:53 - [MESSAGE][PASSED] - Object: 'Object Repository/Avangard New/Object (Доктор)/doctor case (создание карточки и удаление)/var_player' is clicked on

2022-02-21 12:42:53 - [TEST_STEP][PASSED] - verifyElementText(findTestObject("Avangard New/Object (Доктор)/doctor case (создание карточки и удаление)/chek_stat"), "Травмирован"): Actual text and expected text of test object 'Object Repository/Avangard New/Object (Доктор)/doctor case (создание карточки и удаление)/chek_stat' are matched.

2022-02-21 12:42:59 - [MESSAGE][PASSED] - Actual text and expected text of test object 'Object Repository/Avangard New/Object (Доктор)/doctor case (создание карточки и удаление)/chek_stat' are matched.

2022-02-21 12:42:59 - [MESSAGE][PASSED] - Call Test Case 'Test Cases/Доктор/проверка в профиле статуса' successfully

2022-02-21 12:42:59 - [TEST_STEP][PASSED] - callTestCase(findTestCase("Доктор/вкладки удаление (переиспользуется)"), [:], STOP_ON_FAILURE): Call Test Case 'Test Cases/Доктор/вкладки удаление (переиспользуется)' successfully

2022-02-21 12:42:59 - [TEST_CASE][PASSED] - Test Cases/Доктор/вкладки удаление (переиспользуется): Test Cases/Доктор/вкладки удаление (переиспользуется)

2022-02-21 12:42:59 - [TEST_STEP][PASSED] - callTestCase(findTestCase("Доктор/Авторизация врач"), [:], STOP_ON_FAILURE): Call Test Case 'Test Cases/Доктор/Авторизация врач' successfully

2022-02-21 12:42:59 - [TEST_CASE][PASSED] - Test Cases/Доктор/Авторизация врач: Test Cases/Доктор/Авторизация врач

2022-02-21 12:42:59 - [TEST_STEP][PASSED] - openBrowser(""): Browser is opened with url: ''

2022-02-21 12:42:59 - [MESSAGE][WARNING] - A browser is already opened. Closing browser and opening a new one

2022-02-21 12:43:00 - [MESSAGE][INFO] - User set preference: ['os', 'linux']

2022-02-21 12:43:00 - [MESSAGE][INFO] - User set preference: ['browserName', 'chrome']

2022-02-21 12:43:00 - [MESSAGE][INFO] - User set preference: ['browserVersion', '97']

2022-02-21 12:43:00 - [MESSAGE][INFO] - User set preference: ['katalon:option', '{organizationId=551240, tunnelId=, usingTunnel=false}']

2022-02-21 12:43:00 - [MESSAGE][INFO] - Connecting to remote web server 'testcloud.katalon.com/hub' with type 'Selenium'

2022-02-21 12:43:00 - [MESSAGE][INFO] - Action delay is set to 100 milliseconds

2022-02-21 12:44:46 - [MESSAGE][PASSED] - Browser is opened with url: ''

2022-02-21 12:44:46 - [TEST_STEP][PASSED] - maximizeWindow(): Current window maximized

2022-02-21 12:44:47 - [MESSAGE][PASSED] - Current window maximized

2022-02-21 12:44:47 - [TEST_STEP][PASSED] - navigateToUrl(url): Navigate to 'https://stars-stage.hawk.ru:8080' successfully

2022-02-21 12:44:53 - [MESSAGE][PASSED] - Navigate to 'https://stars-stage.hawk.ru:8080' successfully

2022-02-21 12:44:53 - [TEST_STEP][PASSED] - setText(findTestObject("Object Repository/vra/Page_/input__sc-lnrBVv eqPACj"), doktor_login): Text 'TestDoctor@mail.ru' is set on object 'Object Repository/vra/Page_/input__sc-lnrBVv eqPACj'

2022-02-21 12:44:57 - [MESSAGE][PASSED] - Text 'TestDoctor@mail.ru' is set on object 'Object Repository/vra/Page_/input__sc-lnrBVv eqPACj'

2022-02-21 12:44:57 - [TEST_STEP][PASSED] - setText(findTestObject("Object Repository/vra/Page_/input__sc-lnrBVv eqPACj_1"), doktor_password, STOP_ON_FAILURE): Text 'TestDoctor@mail.ru' is set on object 'Object Repository/vra/Page_/input__sc-lnrBVv eqPACj_1'

2022-02-21 12:45:02 - [MESSAGE][PASSED] - Text 'TestDoctor@mail.ru' is set on object 'Object Repository/vra/Page_/input__sc-lnrBVv eqPACj_1'

2022-02-21 12:45:02 - [TEST_STEP][PASSED] - click(findTestObject("Object Repository/vrach/Page_/Page_/go")): Object: 'Object Repository/vrach/Page_/Page_/go' is clicked on

2022-02-21 12:45:04 - [MESSAGE][PASSED] - Object: 'Object Repository/vrach/Page_/Page_/go' is clicked on

2022-02-21 12:45:04 - [MESSAGE][PASSED] - Call Test Case 'Test Cases/Доктор/Авторизация врач' successfully

2022-02-21 12:45:04 - [TEST_STEP][PASSED] - click(findTestObject("Object Repository/vra/Page_/school")): Object: 'Object Repository/vra/Page_/school' is clicked on

2022-02-21 12:45:12 - [MESSAGE][PASSED] - Object: 'Object Repository/vra/Page_/school' is clicked on

2022-02-21 12:45:12 - [TEST_STEP][PASSED] - click(findTestObject("Object Repository/vra/Page_/var_school")): Object: 'Object Repository/vra/Page_/var_school' is clicked on

2022-02-21 12:45:14 - [MESSAGE][PASSED] - Object: 'Object Repository/vra/Page_/var_school' is clicked on

2022-02-21 12:45:14 - [TEST_STEP][PASSED] - click(findTestObject("Object Repository/vra/Page_/team")): Object: 'Object Repository/vra/Page_/team' is clicked on

2022-02-21 12:45:17 - [MESSAGE][PASSED] - Object: 'Object Repository/vra/Page_/team' is clicked on

2022-02-21 12:45:17 - [TEST_STEP][PASSED] - click(findTestObject("Avangard New/Object (Доктор)/doctor case (создание карточки и удаление)/Global school")): Object: 'Object Repository/Avangard New/Object (Доктор)/doctor case (создание карточки и удаление)/Global school' is clicked on

2022-02-21 12:45:20 - [MESSAGE][PASSED] - Object: 'Object Repository/Avangard New/Object (Доктор)/doctor case (создание карточки и удаление)/Global school' is clicked on

2022-02-21 12:45:20 - [TEST_STEP][PASSED] - click(findTestObject("Object Repository/vra/Page_/p_1")): Object: 'Object Repository/vra/Page_/p_1' is clicked on

2022-02-21 12:45:38 - [MESSAGE][PASSED] - Object: 'Object Repository/vra/Page_/p_1' is clicked on

2022-02-21 12:45:38 - [TEST_STEP][PASSED] - setText(findTestObject("Avangard New/Object (Доктор)/doctor case (создание карточки и удаление)/stady"), "Допуск на игру"): Text 'Допуск на игру' is set on object 'Object Repository/Avangard New/Object (Доктор)/doctor case (создание карточки и удаление)/stady'

2022-02-21 12:45:44 - [MESSAGE][PASSED] - Text 'Допуск на игру' is set on object 'Object Repository/Avangard New/Object (Доктор)/doctor case (создание карточки и удаление)/stady'

2022-02-21 12:45:44 - [TEST_STEP][PASSED] - sendKeys(findTestObject("Avangard New/Object (Доктор)/doctor case (создание карточки и удаление)/stady"), Keys.chord(ENTER)): Keys 'ENTER + ' sent to object: 'Object Repository/Avangard New/Object (Доктор)/doctor case (создание карточки и удаление)/stady'

2022-02-21 12:45:46 - [MESSAGE][PASSED] - Keys 'ENTER + ' sent to object: 'Object Repository/Avangard New/Object (Доктор)/doctor case (создание карточки и удаление)/stady'

2022-02-21 12:45:46 - [TEST_STEP][PASSED] - click(findTestObject("Avangard New/Object (Доктор)/doctor case (создание карточки и удаление)/button_save")): Object: 'Object Repository/Avangard New/Object (Доктор)/doctor case (создание карточки и удаление)/button_save' is clicked on

2022-02-21 12:45:48 - [MESSAGE][PASSED] - Object: 'Object Repository/Avangard New/Object (Доктор)/doctor case (создание карточки и удаление)/button_save' is clicked on

2022-02-21 12:45:48 - [TEST_STEP][PASSED] - click(findTestObject("Object Repository/vra/Page_/p_1")): Object: 'Object Repository/vra/Page_/p_1' is clicked on

2022-02-21 12:45:57 - [MESSAGE][PASSED] - Object: 'Object Repository/vra/Page_/p_1' is clicked on

2022-02-21 12:45:57 - [TEST_STEP][PASSED] - click(findTestObject("Object Repository/vra/Page_/button_delete")): Object: 'Object Repository/vra/Page_/button_delete' is clicked on

2022-02-21 12:46:00 - [MESSAGE][PASSED] - Object: 'Object Repository/vra/Page_/button_delete' is clicked on

2022-02-21 12:46:00 - [TEST_STEP][PASSED] - click(findTestObject("Object Repository/vra/Page_/confirm")): Object: 'Object Repository/vra/Page_/confirm' is clicked on

2022-02-21 12:46:02 - [MESSAGE][PASSED] - Object: 'Object Repository/vra/Page_/confirm' is clicked on

2022-02-21 12:46:02 - [TEST_STEP][PASSED] - verifyTextPresent("Карточка успешно удалена", false): Text 'Карточка успешно удалена' is present on page 

2022-02-21 12:46:08 - [MESSAGE][PASSED] - Text 'Карточка успешно удалена' is present on page 

2022-02-21 12:46:08 - [TEST_STEP][PASSED] - closeBrowser(): Browser is closed

2022-02-21 12:46:08 - [MESSAGE][PASSED] - Browser is closed

2022-02-21 12:46:08 - [MESSAGE][PASSED] - Call Test Case 'Test Cases/Доктор/вкладки удаление (переиспользуется)' successfully

2022-02-21 12:46:08 - [TEST_STEP][PASSED] - callTestCase(findTestCase("Доктор/проверка доступности игрока"), [:], STOP_ON_FAILURE): Call Test Case 'Test Cases/Доктор/проверка доступности игрока' successfully

2022-02-21 12:46:09 - [TEST_CASE][PASSED] - Test Cases/Доктор/проверка доступности игрока: Test Cases/Доктор/проверка доступности игрока

2022-02-21 12:46:09 - [TEST_STEP][PASSED] - callTestCase(findTestCase("Доктор/Авторизация врач"), [:], STOP_ON_FAILURE): Call Test Case 'Test Cases/Доктор/Авторизация врач' successfully

2022-02-21 12:46:09 - [TEST_CASE][PASSED] - Test Cases/Доктор/Авторизация врач: Test Cases/Доктор/Авторизация врач

2022-02-21 12:46:09 - [TEST_STEP][PASSED] - openBrowser(""): Browser is opened with url: ''

2022-02-21 12:46:09 - [MESSAGE][INFO] - User set preference: ['os', 'linux']

2022-02-21 12:46:09 - [MESSAGE][INFO] - User set preference: ['browserName', 'chrome']

2022-02-21 12:46:09 - [MESSAGE][INFO] - User set preference: ['browserVersion', '97']

2022-02-21 12:46:09 - [MESSAGE][INFO] - User set preference: ['katalon:option', '{organizationId=551240, tunnelId=, usingTunnel=false}']

2022-02-21 12:46:09 - [MESSAGE][INFO] - Connecting to remote web server 'testcloud.katalon.com/hub' with type 'Selenium'

2022-02-21 12:46:09 - [MESSAGE][INFO] - Action delay is set to 100 milliseconds

2022-02-21 12:48:02 - [MESSAGE][PASSED] - Browser is opened with url: ''

2022-02-21 12:48:02 - [TEST_STEP][PASSED] - maximizeWindow(): Current window maximized

2022-02-21 12:48:02 - [MESSAGE][PASSED] - Current window maximized

2022-02-21 12:48:02 - [TEST_STEP][PASSED] - navigateToUrl(url): Navigate to 'https://stars-stage.hawk.ru:8080' successfully

2022-02-21 12:48:08 - [MESSAGE][PASSED] - Navigate to 'https://stars-stage.hawk.ru:8080' successfully

2022-02-21 12:48:08 - [TEST_STEP][PASSED] - setText(findTestObject("Object Repository/vra/Page_/input__sc-lnrBVv eqPACj"), doktor_login): Text 'TestDoctor@mail.ru' is set on object 'Object Repository/vra/Page_/input__sc-lnrBVv eqPACj'

2022-02-21 12:48:13 - [MESSAGE][PASSED] - Text 'TestDoctor@mail.ru' is set on object 'Object Repository/vra/Page_/input__sc-lnrBVv eqPACj'

2022-02-21 12:48:13 - [TEST_STEP][PASSED] - setText(findTestObject("Object Repository/vra/Page_/input__sc-lnrBVv eqPACj_1"), doktor_password, STOP_ON_FAILURE): Text 'TestDoctor@mail.ru' is set on object 'Object Repository/vra/Page_/input__sc-lnrBVv eqPACj_1'

2022-02-21 12:48:17 - [MESSAGE][PASSED] - Text 'TestDoctor@mail.ru' is set on object 'Object Repository/vra/Page_/input__sc-lnrBVv eqPACj_1'

2022-02-21 12:48:17 - [TEST_STEP][PASSED] - click(findTestObject("Object Repository/vrach/Page_/Page_/go")): Object: 'Object Repository/vrach/Page_/Page_/go' is clicked on

2022-02-21 12:48:19 - [MESSAGE][PASSED] - Object: 'Object Repository/vrach/Page_/Page_/go' is clicked on

2022-02-21 12:48:19 - [MESSAGE][PASSED] - Call Test Case 'Test Cases/Доктор/Авторизация врач' successfully

2022-02-21 12:48:19 - [TEST_STEP][PASSED] - click(findTestObject("Avangard New/Object (Доктор)/doctor case (создание карточки и удаление)/player_menu")): Object: 'Object Repository/Avangard New/Object (Доктор)/doctor case (создание карточки и удаление)/player_menu' is clicked on

2022-02-21 12:48:44 - [MESSAGE][PASSED] - Object: 'Object Repository/Avangard New/Object (Доктор)/doctor case (создание карточки и удаление)/player_menu' is clicked on

2022-02-21 12:48:44 - [TEST_STEP][PASSED] - setText(findTestObject("Avangard New/Object (Доктор)/doctor case (создание карточки и удаление)/input__Search"), player_for_test_1): Text 'Ганин' is set on object 'Object Repository/Avangard New/Object (Доктор)/doctor case (создание карточки и удаление)/input__Search'

2022-02-21 12:48:49 - [MESSAGE][PASSED] - Text 'Ганин' is set on object 'Object Repository/Avangard New/Object (Доктор)/doctor case (создание карточки и удаление)/input__Search'

2022-02-21 12:48:49 - [TEST_STEP][PASSED] - click(findTestObject("Avangard New/Object (Доктор)/doctor case (создание карточки и удаление)/var_player")): Object: 'Object Repository/Avangard New/Object (Доктор)/doctor case (создание карточки и удаление)/var_player' is clicked on

2022-02-21 12:48:53 - [MESSAGE][PASSED] - Object: 'Object Repository/Avangard New/Object (Доктор)/doctor case (создание карточки и удаление)/var_player' is clicked on

2022-02-21 12:48:53 - [TEST_STEP][PASSED] - verifyElementText(findTestObject("Avangard New/Object (Доктор)/doctor case (создание карточки и удаление)/chek_stat"), "Доступен"): Actual text and expected text of test object 'Object Repository/Avangard New/Object (Доктор)/doctor case (создание карточки и удаление)/chek_stat' are matched.

2022-02-21 12:48:56 - [MESSAGE][PASSED] - Actual text and expected text of test object 'Object Repository/Avangard New/Object (Доктор)/doctor case (создание карточки и удаление)/chek_stat' are matched.

2022-02-21 12:48:56 - [MESSAGE][PASSED] - Call Test Case 'Test Cases/Доктор/проверка доступности игрока' successfully

2022-02-21 12:48:56 - [TEST_STEP][PASSED] - closeBrowser(): Browser is closed

2022-02-21 12:48:56 - [MESSAGE][PASSED] - Browser is closed]]></system-out>
         <system-err><![CDATA[]]></system-err>
      </testcase>
      <system-out><![CDATA[2022-02-21 12:30:23 - [TEST_SUITE][FAILED] - Доктор: Test Cases/Доктор/Проверка вкладки Питание FAILED.
Reason:
com.kms.katalon.core.exception.StepFailedException: Unable to set text 'автотест проверка ИМТ' of object 'Object Repository/vrach/imt/Page_/input_ _sc-eqIVtm fYABJt'
	at com.kms.katalon.core.webui.keyword.internal.WebUIKeywordMain.stepFailed(WebUIKeywordMain.groovy:64)
	at com.kms.katalon.core.webui.keyword.internal.WebUIKeywordMain.runKeyword(WebUIKeywordMain.groovy:26)
	at com.kms.katalon.core.webui.keyword.builtin.SetTextKeyword.setText(SetTextKeyword.groovy:66)
	at com.kms.katalon.core.webui.keyword.builtin.SetTextKeyword.execute(SetTextKeyword.groovy:37)
	at com.kms.katalon.core.keyword.internal.KeywordExecutor.executeKeywordForPlatform(KeywordExecutor.groovy:74)
	at com.kms.katalon.core.webui.keyword.WebUiBuiltInKeywords.setText(WebUiBuiltInKeywords.groovy:980)
	at com.kms.katalon.core.webui.keyword.WebUiBuiltInKeywords$setText$2.call(Unknown Source)
	at Проверка вкладки Питание.run(Проверка вкладки Питание:44)
	at com.kms.katalon.core.main.ScriptEngine.run(ScriptEngine.java:194)
	at com.kms.katalon.core.main.ScriptEngine.runScriptAsRawText(ScriptEngine.java:119)
	at com.kms.katalon.core.main.TestCaseExecutor.runScript(TestCaseExecutor.java:442)
	at com.kms.katalon.core.main.TestCaseExecutor.doExecute(TestCaseExecutor.java:433)
	at com.kms.katalon.core.main.TestCaseExecutor.processExecutionPhase(TestCaseExecutor.java:412)
	at com.kms.katalon.core.main.TestCaseExecutor.accessMainPhase(TestCaseExecutor.java:404)
	at com.kms.katalon.core.main.TestCaseExecutor.execute(TestCaseExecutor.java:281)
	at com.kms.katalon.core.main.TestSuiteExecutor.accessTestCaseMainPhase(TestSuiteExecutor.java:202)
	at com.kms.katalon.core.main.TestSuiteExecutor.accessTestSuiteMainPhase(TestSuiteExecutor.java:164)
	at com.kms.katalon.core.main.TestSuiteExecutor.execute(TestSuiteExecutor.java:105)
	at com.kms.katalon.core.main.TestCaseMain.startTestSuite(TestCaseMain.java:185)
	at com.kms.katalon.core.main.TestCaseMain$startTestSuite$0.call(Unknown Source)
	at TempTestSuite1645435802527.run(TempTestSuite1645435802527.groovy:36)
Caused by: com.kms.katalon.core.webui.exception.WebElementNotFoundException: Web element with id: 'Object Repository/vrach/imt/Page_/input_ _sc-eqIVtm fYABJt' located by '//input[@placeholder = 'Введите название задачи']' not found
	at com.kms.katalon.core.webui.common.WebUiCommonHelper.findWebElement(WebUiCommonHelper.java:1370)
	at com.kms.katalon.core.webui.keyword.internal.WebUIAbstractKeyword.findWebElement(WebUIAbstractKeyword.groovy:27)
	at com.kms.katalon.core.webui.keyword.internal.WebUIAbstractKeyword.findWebElement(WebUIAbstractKeyword.groovy:26)
	at com.kms.katalon.core.webui.keyword.builtin.SetTextKeyword$_setText_closure1.doCall(SetTextKeyword.groovy:51)
	at com.kms.katalon.core.webui.keyword.builtin.SetTextKeyword$_setText_closure1.call(SetTextKeyword.groovy)
	at com.kms.katalon.core.webui.keyword.internal.WebUIKeywordMain.runKeyword(WebUIKeywordMain.groovy:20)
	... 19 more]]></system-out>
      <system-err><![CDATA[2022-02-21 12:30:23 - [TEST_SUITE][FAILED] - Доктор: Test Cases/Доктор/Проверка вкладки Питание FAILED.
Reason:
com.kms.katalon.core.exception.StepFailedException: Unable to set text 'автотест проверка ИМТ' of object 'Object Repository/vrach/imt/Page_/input_ _sc-eqIVtm fYABJt'
	at com.kms.katalon.core.webui.keyword.internal.WebUIKeywordMain.stepFailed(WebUIKeywordMain.groovy:64)
	at com.kms.katalon.core.webui.keyword.internal.WebUIKeywordMain.runKeyword(WebUIKeywordMain.groovy:26)
	at com.kms.katalon.core.webui.keyword.builtin.SetTextKeyword.setText(SetTextKeyword.groovy:66)
	at com.kms.katalon.core.webui.keyword.builtin.SetTextKeyword.execute(SetTextKeyword.groovy:37)
	at com.kms.katalon.core.keyword.internal.KeywordExecutor.executeKeywordForPlatform(KeywordExecutor.groovy:74)
	at com.kms.katalon.core.webui.keyword.WebUiBuiltInKeywords.setText(WebUiBuiltInKeywords.groovy:980)
	at com.kms.katalon.core.webui.keyword.WebUiBuiltInKeywords$setText$2.call(Unknown Source)
	at Проверка вкладки Питание.run(Проверка вкладки Питание:44)
	at com.kms.katalon.core.main.ScriptEngine.run(ScriptEngine.java:194)
	at com.kms.katalon.core.main.ScriptEngine.runScriptAsRawText(ScriptEngine.java:119)
	at com.kms.katalon.core.main.TestCaseExecutor.runScript(TestCaseExecutor.java:442)
	at com.kms.katalon.core.main.TestCaseExecutor.doExecute(TestCaseExecutor.java:433)
	at com.kms.katalon.core.main.TestCaseExecutor.processExecutionPhase(TestCaseExecutor.java:412)
	at com.kms.katalon.core.main.TestCaseExecutor.accessMainPhase(TestCaseExecutor.java:404)
	at com.kms.katalon.core.main.TestCaseExecutor.execute(TestCaseExecutor.java:281)
	at com.kms.katalon.core.main.TestSuiteExecutor.accessTestCaseMainPhase(TestSuiteExecutor.java:202)
	at com.kms.katalon.core.main.TestSuiteExecutor.accessTestSuiteMainPhase(TestSuiteExecutor.java:164)
	at com.kms.katalon.core.main.TestSuiteExecutor.execute(TestSuiteExecutor.java:105)
	at com.kms.katalon.core.main.TestCaseMain.startTestSuite(TestCaseMain.java:185)
	at com.kms.katalon.core.main.TestCaseMain$startTestSuite$0.call(Unknown Source)
	at TempTestSuite1645435802527.run(TempTestSuite1645435802527.groovy:36)
Caused by: com.kms.katalon.core.webui.exception.WebElementNotFoundException: Web element with id: 'Object Repository/vrach/imt/Page_/input_ _sc-eqIVtm fYABJt' located by '//input[@placeholder = 'Введите название задачи']' not found
	at com.kms.katalon.core.webui.common.WebUiCommonHelper.findWebElement(WebUiCommonHelper.java:1370)
	at com.kms.katalon.core.webui.keyword.internal.WebUIAbstractKeyword.findWebElement(WebUIAbstractKeyword.groovy:27)
	at com.kms.katalon.core.webui.keyword.internal.WebUIAbstractKeyword.findWebElement(WebUIAbstractKeyword.groovy:26)
	at com.kms.katalon.core.webui.keyword.builtin.SetTextKeyword$_setText_closure1.doCall(SetTextKeyword.groovy:51)
	at com.kms.katalon.core.webui.keyword.builtin.SetTextKeyword$_setText_closure1.call(SetTextKeyword.groovy)
	at com.kms.katalon.core.webui.keyword.internal.WebUIKeywordMain.runKeyword(WebUIKeywordMain.groovy:20)
	... 19 more]]></system-err>
   </testsuite>
   <testsuite name="Доктор" tests="4" failures="1" errors="0" time="1099.357" skipped="0" timestamp="2022-02-21 12:30:26" hostname="LENOVO - DESKTOP-KNHN0AA" id="Test Suites/Доктор">
      <properties>
         <property name="deviceName" value=""/>
         <property name="devicePlatform" value=""/>
         <property name="logFolder" value="C:\\Users\\LENOVO\\Katalon Studio\\Project Avangard\\Reports\\20220221_122957\\\u0414\u043E\u043A\u0442\u043E\u0440\\20220221_123004"/>
         <property name="logFiles" value="C:\\Users\\LENOVO\\Katalon Studio\\Project Avangard\\Reports\\20220221_122957\\\u0414\u043E\u043A\u0442\u043E\u0440\\20220221_123004\\execution0.log"/>
         <property name="attachments" value="C:\\Users\\LENOVO\\Katalon Studio\\Project Avangard\\Reports\\20220221_122957\\\u0414\u043E\u043A\u0442\u043E\u0440\\20220221_123004\\1645436045019.png"/>
         <property name="hostName" value="LENOVO - DESKTOP-KNHN0AA"/>
         <property name="remoteDriverUrl" value="testcloud.katalon.com/hub"/>
         <property name="desiredCapabilities" value="{
  &quot;acceptInsecureCerts&quot;: false,
  &quot;browserName&quot;: &quot;chrome&quot;,
  &quot;browserVersion&quot;: &quot;97.0.4692.71&quot;,
  &quot;chrome&quot;: {
    &quot;chromedriverVersion&quot;: &quot;97.0.4692.71 (adefa7837d02a07a604c1e6eff0b3a09422ab88d-refs/branch-heads/4692@{#1247})&quot;,
    &quot;userDataDir&quot;: &quot;/tmp/.com.google.Chrome.bCXuta&quot;
  },
  &quot;goog:chromeOptions&quot;: {
    &quot;debuggerAddress&quot;: &quot;localhost:43329&quot;
  },
  &quot;javascriptEnabled&quot;: true,
  &quot;networkConnectionEnabled&quot;: false,
  &quot;pageLoadStrategy&quot;: &quot;normal&quot;,
  &quot;platform&quot;: &quot;LINUX&quot;,
  &quot;platformName&quot;: &quot;LINUX&quot;,
  &quot;proxy&quot;: {
    &quot;proxyType&quot;: &quot;DIRECT&quot;,
    &quot;autodetect&quot;: false
  },
  &quot;se:cdp&quot;: &quot;ws://172.48.124.152:4444/session/a06d0160ae242d4f4dfb22e209e5cc32/se/cdp&quot;,
  &quot;se:cdpVersion&quot;: &quot;97.0.4692.71&quot;,
  &quot;se:vnc&quot;: &quot;ws://172.48.124.152:4444/session/a06d0160ae242d4f4dfb22e209e5cc32/se/vnc&quot;,
  &quot;se:vncEnabled&quot;: true,
  &quot;se:vncLocalAddress&quot;: &quot;ws://172.48.124.152:7900&quot;,
  &quot;setWindowRect&quot;: true,
  &quot;strictFileInteractability&quot;: false,
  &quot;timeouts&quot;: {
    &quot;implicit&quot;: 0,
    &quot;pageLoad&quot;: 300000,
    &quot;script&quot;: 30000
  },
  &quot;unhandledPromptBehavior&quot;: &quot;dismiss and notify&quot;,
  &quot;webauthn:extension:credBlob&quot;: true,
  &quot;webauthn:extension:largeBlob&quot;: true,
  &quot;webauthn:virtualAuthenticators&quot;: true
}"/>
         <property name="os" value="Windows 10 64bit"/>
         <property name="remoteOS" value="Linux"/>
         <property name="katalonVersion" value="8.2.5.208"/>
         <property name="browser" value="Chrome 97.0.4692.71"/>
         <property name="hostAddress" value="192.168.2.113"/>
         <property name="sessionId" value="a06d0160ae242d4f4dfb22e209e5cc32"/>
         <property name="seleniumVersion" value="3.141.59"/>
         <property name="proxyInformation" value="ProxyInformation { proxyOption=NO_PROXY, proxyServerType=HTTP, username=, password=********, proxyServerAddress=, proxyServerPort=0, executionList=&quot;&quot;, isApplyToDesiredCapabilities=true }"/>
         <property name="platform" value="Windows 10"/>
      </properties>
      <testcase name="Test Cases/Доктор/Проверка вкладки Питание" time="222.059" classname="Test Cases/Доктор/Проверка вкладки Питание" status="FAILED">
         <failure type="FAILED" message="Test Cases/Доктор/Проверка вкладки Питание FAILED.
Reason:
com.kms.katalon.core.exception.StepFailedException: Unable to set text 'автотест проверка ИМТ' of object 'Object Repository/vrach/imt/Page_/input_ _sc-eqIVtm fYABJt'
	at com.kms.katalon.core.webui.keyword.internal.WebUIKeywordMain.stepFailed(WebUIKeywordMain.groovy:64)
	at com.kms.katalon.core.webui.keyword.internal.WebUIKeywordMain.runKeyword(WebUIKeywordMain.groovy:26)
	at com.kms.katalon.core.webui.keyword.builtin.SetTextKeyword.setText(SetTextKeyword.groovy:66)
	at com.kms.katalon.core.webui.keyword.builtin.SetTextKeyword.execute(SetTextKeyword.groovy:37)
	at com.kms.katalon.core.keyword.internal.KeywordExecutor.executeKeywordForPlatform(KeywordExecutor.groovy:74)
	at com.kms.katalon.core.webui.keyword.WebUiBuiltInKeywords.setText(WebUiBuiltInKeywords.groovy:980)
	at com.kms.katalon.core.webui.keyword.WebUiBuiltInKeywords$setText$2.call(Unknown Source)
	at Проверка вкладки Питание.run(Проверка вкладки Питание:44)
	at com.kms.katalon.core.main.ScriptEngine.run(ScriptEngine.java:194)
	at com.kms.katalon.core.main.ScriptEngine.runScriptAsRawText(ScriptEngine.java:119)
	at com.kms.katalon.core.main.TestCaseExecutor.runScript(TestCaseExecutor.java:442)
	at com.kms.katalon.core.main.TestCaseExecutor.doExecute(TestCaseExecutor.java:433)
	at com.kms.katalon.core.main.TestCaseExecutor.processExecutionPhase(TestCaseExecutor.java:412)
	at com.kms.katalon.core.main.TestCaseExecutor.accessMainPhase(TestCaseExecutor.java:404)
	at com.kms.katalon.core.main.TestCaseExecutor.execute(TestCaseExecutor.java:281)
	at com.kms.katalon.core.main.TestSuiteExecutor.accessTestCaseMainPhase(TestSuiteExecutor.java:202)
	at com.kms.katalon.core.main.TestSuiteExecutor.accessTestSuiteMainPhase(TestSuiteExecutor.java:164)
	at com.kms.katalon.core.main.TestSuiteExecutor.execute(TestSuiteExecutor.java:105)
	at com.kms.katalon.core.main.TestCaseMain.startTestSuite(TestCaseMain.java:185)
	at com.kms.katalon.core.main.TestCaseMain$startTestSuite$0.call(Unknown Source)
	at TempTestSuite1645435804317.run(TempTestSuite1645435804317.groovy:36)
Caused by: com.kms.katalon.core.webui.exception.WebElementNotFoundException: Web element with id: 'Object Repository/vrach/imt/Page_/input_ _sc-eqIVtm fYABJt' located by '//input[@placeholder = 'Введите название задачи']' not found
	at com.kms.katalon.core.webui.common.WebUiCommonHelper.findWebElement(WebUiCommonHelper.java:1370)
	at com.kms.katalon.core.webui.keyword.internal.WebUIAbstractKeyword.findWebElement(WebUIAbstractKeyword.groovy:27)
	at com.kms.katalon.core.webui.keyword.internal.WebUIAbstractKeyword.findWebElement(WebUIAbstractKeyword.groovy:26)
	at com.kms.katalon.core.webui.keyword.builtin.SetTextKeyword$_setText_closure1.doCall(SetTextKeyword.groovy:51)
	at com.kms.katalon.core.webui.keyword.builtin.SetTextKeyword$_setText_closure1.call(SetTextKeyword.groovy)
	at com.kms.katalon.core.webui.keyword.internal.WebUIKeywordMain.runKeyword(WebUIKeywordMain.groovy:20)
	... 19 more
"/>
         <system-out><![CDATA[2022-02-21 12:30:27 - [TEST_CASE][FAILED] - Test Cases/Доктор/Проверка вкладки Питание: Test Cases/Доктор/Проверка вкладки Питание FAILED.
Reason:
com.kms.katalon.core.exception.StepFailedException: Unable to set text 'автотест проверка ИМТ' of object 'Object Repository/vrach/imt/Page_/input_ _sc-eqIVtm fYABJt'
	at com.kms.katalon.core.webui.keyword.internal.WebUIKeywordMain.stepFailed(WebUIKeywordMain.groovy:64)
	at com.kms.katalon.core.webui.keyword.internal.WebUIKeywordMain.runKeyword(WebUIKeywordMain.groovy:26)
	at com.kms.katalon.core.webui.keyword.builtin.SetTextKeyword.setText(SetTextKeyword.groovy:66)
	at com.kms.katalon.core.webui.keyword.builtin.SetTextKeyword.execute(SetTextKeyword.groovy:37)
	at com.kms.katalon.core.keyword.internal.KeywordExecutor.executeKeywordForPlatform(KeywordExecutor.groovy:74)
	at com.kms.katalon.core.webui.keyword.WebUiBuiltInKeywords.setText(WebUiBuiltInKeywords.groovy:980)
	at com.kms.katalon.core.webui.keyword.WebUiBuiltInKeywords$setText$2.call(Unknown Source)
	at Проверка вкладки Питание.run(Проверка вкладки Питание:44)
	at com.kms.katalon.core.main.ScriptEngine.run(ScriptEngine.java:194)
	at com.kms.katalon.core.main.ScriptEngine.runScriptAsRawText(ScriptEngine.java:119)
	at com.kms.katalon.core.main.TestCaseExecutor.runScript(TestCaseExecutor.java:442)
	at com.kms.katalon.core.main.TestCaseExecutor.doExecute(TestCaseExecutor.java:433)
	at com.kms.katalon.core.main.TestCaseExecutor.processExecutionPhase(TestCaseExecutor.java:412)
	at com.kms.katalon.core.main.TestCaseExecutor.accessMainPhase(TestCaseExecutor.java:404)
	at com.kms.katalon.core.main.TestCaseExecutor.execute(TestCaseExecutor.java:281)
	at com.kms.katalon.core.main.TestSuiteExecutor.accessTestCaseMainPhase(TestSuiteExecutor.java:202)
	at com.kms.katalon.core.main.TestSuiteExecutor.accessTestSuiteMainPhase(TestSuiteExecutor.java:164)
	at com.kms.katalon.core.main.TestSuiteExecutor.execute(TestSuiteExecutor.java:105)
	at com.kms.katalon.core.main.TestCaseMain.startTestSuite(TestCaseMain.java:185)
	at com.kms.katalon.core.main.TestCaseMain$startTestSuite$0.call(Unknown Source)
	at TempTestSuite1645435804317.run(TempTestSuite1645435804317.groovy:36)
Caused by: com.kms.katalon.core.webui.exception.WebElementNotFoundException: Web element with id: 'Object Repository/vrach/imt/Page_/input_ _sc-eqIVtm fYABJt' located by '//input[@placeholder = 'Введите название задачи']' not found
	at com.kms.katalon.core.webui.common.WebUiCommonHelper.findWebElement(WebUiCommonHelper.java:1370)
	at com.kms.katalon.core.webui.keyword.internal.WebUIAbstractKeyword.findWebElement(WebUIAbstractKeyword.groovy:27)
	at com.kms.katalon.core.webui.keyword.internal.WebUIAbstractKeyword.findWebElement(WebUIAbstractKeyword.groovy:26)
	at com.kms.katalon.core.webui.keyword.builtin.SetTextKeyword$_setText_closure1.doCall(SetTextKeyword.groovy:51)
	at com.kms.katalon.core.webui.keyword.builtin.SetTextKeyword$_setText_closure1.call(SetTextKeyword.groovy)
	at com.kms.katalon.core.webui.keyword.internal.WebUIKeywordMain.runKeyword(WebUIKeywordMain.groovy:20)
	... 19 more


2022-02-21 12:30:32 - [TEST_STEP][PASSED] - callTestCase(findTestCase("Доктор/Авторизация врач"), [:], STOP_ON_FAILURE): Call Test Case 'Test Cases/Доктор/Авторизация врач' successfully

2022-02-21 12:30:33 - [TEST_CASE][PASSED] - Test Cases/Доктор/Авторизация врач: Test Cases/Доктор/Авторизация врач

2022-02-21 12:30:35 - [TEST_STEP][PASSED] - openBrowser(""): Browser is opened with url: ''

2022-02-21 12:30:36 - [MESSAGE][INFO] - User set preference: ['os', 'linux']

2022-02-21 12:30:36 - [MESSAGE][INFO] - User set preference: ['browserName', 'chrome']

2022-02-21 12:30:36 - [MESSAGE][INFO] - User set preference: ['browserVersion', '97']

2022-02-21 12:30:36 - [MESSAGE][INFO] - User set preference: ['katalon:option', '{organizationId=551240, tunnelId=, usingTunnel=false}']

2022-02-21 12:30:36 - [MESSAGE][INFO] - Connecting to remote web server 'testcloud.katalon.com/hub' with type 'Selenium'

2022-02-21 12:30:37 - [MESSAGE][INFO] - Action delay is set to 100 milliseconds

2022-02-21 12:32:03 - [MESSAGE][PASSED] - Browser is opened with url: ''

2022-02-21 12:32:03 - [TEST_STEP][PASSED] - maximizeWindow(): Current window maximized

2022-02-21 12:32:04 - [MESSAGE][PASSED] - Current window maximized

2022-02-21 12:32:04 - [TEST_STEP][PASSED] - navigateToUrl(url): Navigate to 'https://stars-stage.hawk.ru:8080' successfully

2022-02-21 12:32:10 - [MESSAGE][PASSED] - Navigate to 'https://stars-stage.hawk.ru:8080' successfully

2022-02-21 12:32:10 - [TEST_STEP][PASSED] - setText(findTestObject("Object Repository/vra/Page_/input__sc-lnrBVv eqPACj"), doktor_login): Text 'TestDoctor@mail.ru' is set on object 'Object Repository/vra/Page_/input__sc-lnrBVv eqPACj'

2022-02-21 12:32:15 - [MESSAGE][PASSED] - Text 'TestDoctor@mail.ru' is set on object 'Object Repository/vra/Page_/input__sc-lnrBVv eqPACj'

2022-02-21 12:32:15 - [TEST_STEP][PASSED] - setText(findTestObject("Object Repository/vra/Page_/input__sc-lnrBVv eqPACj_1"), doktor_password, STOP_ON_FAILURE): Text 'TestDoctor@mail.ru' is set on object 'Object Repository/vra/Page_/input__sc-lnrBVv eqPACj_1'

2022-02-21 12:32:20 - [MESSAGE][PASSED] - Text 'TestDoctor@mail.ru' is set on object 'Object Repository/vra/Page_/input__sc-lnrBVv eqPACj_1'

2022-02-21 12:32:20 - [TEST_STEP][PASSED] - click(findTestObject("Object Repository/vrach/Page_/Page_/go")): Object: 'Object Repository/vrach/Page_/Page_/go' is clicked on

2022-02-21 12:32:22 - [MESSAGE][PASSED] - Object: 'Object Repository/vrach/Page_/Page_/go' is clicked on

2022-02-21 12:32:22 - [MESSAGE][PASSED] - Call Test Case 'Test Cases/Доктор/Авторизация врач' successfully

2022-02-21 12:32:22 - [TEST_STEP][PASSED] - click(findTestObject("Object Repository/vrach/imt/Page_/IMT")): Object: 'Object Repository/vrach/imt/Page_/IMT' is clicked on

2022-02-21 12:32:30 - [MESSAGE][PASSED] - Object: 'Object Repository/vrach/imt/Page_/IMT' is clicked on

2022-02-21 12:32:30 - [TEST_STEP][PASSED] - click(findTestObject("Object Repository/vrach/imt/Page_/school")): Object: 'Object Repository/vrach/imt/Page_/school' is clicked on

2022-02-21 12:32:33 - [MESSAGE][PASSED] - Object: 'Object Repository/vrach/imt/Page_/school' is clicked on

2022-02-21 12:32:33 - [TEST_STEP][PASSED] - click(findTestObject("Object Repository/vrach/imt/Page_/div_ (2)")): Object: 'Object Repository/vrach/imt/Page_/div_ (2)' is clicked on

2022-02-21 12:32:35 - [MESSAGE][PASSED] - Object: 'Object Repository/vrach/imt/Page_/div_ (2)' is clicked on

2022-02-21 12:32:35 - [TEST_STEP][PASSED] - click(findTestObject("Object Repository/vrach/imt/Page_/team")): Object: 'Object Repository/vrach/imt/Page_/team' is clicked on

2022-02-21 12:32:37 - [MESSAGE][PASSED] - Object: 'Object Repository/vrach/imt/Page_/team' is clicked on

2022-02-21 12:32:37 - [TEST_STEP][PASSED] - click(findTestObject("Object Repository/vrach/imt/Page_/OYA")): Object: 'Object Repository/vrach/imt/Page_/OYA' is clicked on

2022-02-21 12:32:40 - [MESSAGE][PASSED] - Object: 'Object Repository/vrach/imt/Page_/OYA' is clicked on

2022-02-21 12:32:40 - [TEST_STEP][PASSED] - click(findTestObject("Object Repository/vrach/imt/Page_/edit")): Object: 'Object Repository/vrach/imt/Page_/edit' is clicked on

2022-02-21 12:32:45 - [MESSAGE][PASSED] - Object: 'Object Repository/vrach/imt/Page_/edit' is clicked on

2022-02-21 12:32:45 - [TEST_STEP][NOT_RUN] - scrollToElement(findTestObject("Object Repository/vrach/imt/Page_/trikozov"), 0): NOT_RUN: scrollToElement(findTestObject("Object Repository/vrach/imt/Page_/trikozov"), 0)

2022-02-21 12:32:45 - [MESSAGE][NOT_RUN] - NOT_RUN: scrollToElement(findTestObject("Object Repository/vrach/imt/Page_/trikozov"), 0)

2022-02-21 12:32:45 - [TEST_STEP][PASSED] - click(findTestObject("Object Repository/vrach/imt/Page_/trikozov")): Object: 'Object Repository/vrach/imt/Page_/trikozov' is clicked on

2022-02-21 12:32:47 - [MESSAGE][PASSED] - Object: 'Object Repository/vrach/imt/Page_/trikozov' is clicked on

2022-02-21 12:32:47 - [TEST_STEP][PASSED] - click(findTestObject("Object Repository/vrach/imt/Page_/recomend")): Object: 'Object Repository/vrach/imt/Page_/recomend' is clicked on

2022-02-21 12:33:19 - [MESSAGE][INFO] - Unable to find the element located by 'By.xpath: //*[(text() = 'Выберите тип рекомендации' or . = 'Выберите тип рекомендации')]'. Please recheck the objects properties to make sure the desired element is located. 

2022-02-21 12:33:19 - [MESSAGE][WARNING] - [SELF-HEALING] Failed to find element with id 'Object Repository/vrach/imt/Page_/recomend'. Try using Self-healing.

2022-02-21 12:33:20 - [MESSAGE][WARNING] - [SELF-HEALING] The current locator of test object 'Object Repository/vrach/imt/Page_/recomend' was broken. Propose an alternative one: '//label/div/div/div/div'.

2022-02-21 12:33:21 - [MESSAGE][PASSED] - Object: 'Object Repository/vrach/imt/Page_/recomend' is clicked on

2022-02-21 12:33:21 - [TEST_STEP][PASSED] - click(findTestObject("Object Repository/vrach/imt/Page_/tiprecomend")): Object: 'Object Repository/vrach/imt/Page_/tiprecomend' is clicked on

2022-02-21 12:33:23 - [MESSAGE][PASSED] - Object: 'Object Repository/vrach/imt/Page_/tiprecomend' is clicked on

2022-02-21 12:33:23 - [TEST_STEP][PASSED] - click(findTestObject("Object Repository/vrach/imt/Page_/addtask")): Object: 'Object Repository/vrach/imt/Page_/addtask' is clicked on

2022-02-21 12:33:25 - [MESSAGE][PASSED] - Object: 'Object Repository/vrach/imt/Page_/addtask' is clicked on

2022-02-21 12:33:25 - [TEST_STEP][FAILED] - setText(findTestObject("Object Repository/vrach/imt/Page_/input_ _sc-eqIVtm fYABJt"), "автотест проверка ИМТ"): Unable to set text 'автотест проверка ИМТ' of object 'Object Repository/vrach/imt/Page_/input_ _sc-eqIVtm fYABJt' (Root cause: com.kms.katalon.core.exception.StepFailedException: Unable to set text 'автотест проверка ИМТ' of object 'Object Repository/vrach/imt/Page_/input_ _sc-eqIVtm fYABJt'
	at com.kms.katalon.core.webui.keyword.internal.WebUIKeywordMain.stepFailed(WebUIKeywordMain.groovy:64)
	at com.kms.katalon.core.webui.keyword.internal.WebUIKeywordMain.runKeyword(WebUIKeywordMain.groovy:26)
	at com.kms.katalon.core.webui.keyword.builtin.SetTextKeyword.setText(SetTextKeyword.groovy:66)
	at com.kms.katalon.core.webui.keyword.builtin.SetTextKeyword.execute(SetTextKeyword.groovy:37)
	at com.kms.katalon.core.keyword.internal.KeywordExecutor.executeKeywordForPlatform(KeywordExecutor.groovy:74)
	at com.kms.katalon.core.webui.keyword.WebUiBuiltInKeywords.setText(WebUiBuiltInKeywords.groovy:980)
	at com.kms.katalon.core.webui.keyword.WebUiBuiltInKeywords$setText$2.call(Unknown Source)
	at Проверка вкладки Питание.run(Проверка вкладки Питание:44)
	at com.kms.katalon.core.main.ScriptEngine.run(ScriptEngine.java:194)
	at com.kms.katalon.core.main.ScriptEngine.runScriptAsRawText(ScriptEngine.java:119)
	at com.kms.katalon.core.main.TestCaseExecutor.runScript(TestCaseExecutor.java:442)
	at com.kms.katalon.core.main.TestCaseExecutor.doExecute(TestCaseExecutor.java:433)
	at com.kms.katalon.core.main.TestCaseExecutor.processExecutionPhase(TestCaseExecutor.java:412)
	at com.kms.katalon.core.main.TestCaseExecutor.accessMainPhase(TestCaseExecutor.java:404)
	at com.kms.katalon.core.main.TestCaseExecutor.execute(TestCaseExecutor.java:281)
	at com.kms.katalon.core.main.TestSuiteExecutor.accessTestCaseMainPhase(TestSuiteExecutor.java:202)
	at com.kms.katalon.core.main.TestSuiteExecutor.accessTestSuiteMainPhase(TestSuiteExecutor.java:164)
	at com.kms.katalon.core.main.TestSuiteExecutor.execute(TestSuiteExecutor.java:105)
	at com.kms.katalon.core.main.TestCaseMain.startTestSuite(TestCaseMain.java:185)
	at com.kms.katalon.core.main.TestCaseMain$startTestSuite$0.call(Unknown Source)
	at TempTestSuite1645435804317.run(TempTestSuite1645435804317.groovy:36)
Caused by: com.kms.katalon.core.webui.exception.WebElementNotFoundException: Web element with id: 'Object Repository/vrach/imt/Page_/input_ _sc-eqIVtm fYABJt' located by '//input[@placeholder = 'Введите название задачи']' not found
	at com.kms.katalon.core.webui.common.WebUiCommonHelper.findWebElement(WebUiCommonHelper.java:1370)
	at com.kms.katalon.core.webui.keyword.internal.WebUIAbstractKeyword.findWebElement(WebUIAbstractKeyword.groovy:27)
	at com.kms.katalon.core.webui.keyword.internal.WebUIAbstractKeyword.findWebElement(WebUIAbstractKeyword.groovy:26)
	at com.kms.katalon.core.webui.keyword.builtin.SetTextKeyword$_setText_closure1.doCall(SetTextKeyword.groovy:51)
	at com.kms.katalon.core.webui.keyword.builtin.SetTextKeyword$_setText_closure1.call(SetTextKeyword.groovy)
	at com.kms.katalon.core.webui.keyword.internal.WebUIKeywordMain.runKeyword(WebUIKeywordMain.groovy:20)
	at com.kms.katalon.core.webui.keyword.builtin.SetTextKeyword.setText(SetTextKeyword.groovy:66)
	at com.kms.katalon.core.webui.keyword.builtin.SetTextKeyword.execute(SetTextKeyword.groovy:37)
	at com.kms.katalon.core.keyword.internal.KeywordExecutor.executeKeywordForPlatform(KeywordExecutor.groovy:74)
	at com.kms.katalon.core.webui.keyword.WebUiBuiltInKeywords.setText(WebUiBuiltInKeywords.groovy:980)
	at com.kms.katalon.core.webui.keyword.WebUiBuiltInKeywords$setText$2.call(Unknown Source)
	at Script1645089906055.run(Script1645089906055.groovy:44)
	... 13 more
)

2022-02-21 12:33:56 - [MESSAGE][INFO] - Unable to find the element located by 'By.xpath: //input[@placeholder = 'Введите название задачи']'. Please recheck the objects properties to make sure the desired element is located. 

2022-02-21 12:33:56 - [MESSAGE][WARNING] - [SELF-HEALING] Failed to find element with id 'Object Repository/vrach/imt/Page_/input_ _sc-eqIVtm fYABJt'. Try using Self-healing.

2022-02-21 12:33:58 - [MESSAGE][INFO] - Unable to find the element located by 'By.xpath: //*[@id="root"]/div[1]/div/div[2]/div/div[2]/div/div[2]/div/div/div[2]/div/div/div[2]/div[3]/div/div/div/div/div/input'. Please recheck the objects properties to make sure the desired element is located. 

2022-02-21 12:34:00 - [MESSAGE][INFO] - [SELF-HEALING] Failed Locator: '(//input[@value=''])[4]'.

2022-02-21 12:34:01 - [MESSAGE][INFO] - [SELF-HEALING] Failed Locator: '//div[@id='root']/div/div/div[2]/div/div[2]/div/div[2]/div/div/div[2]/div/div/div[2]/div[3]/div/div/div/div/div/input'.

2022-02-21 12:34:03 - [MESSAGE][INFO] - [SELF-HEALING] Failed Locator: '//div[3]/div/div/div/div/div/input'.

2022-02-21 12:34:05 - [MESSAGE][INFO] - Unable to find the element located by 'By.cssSelector: input.sc-eqIVtm.fYABJt'. Please recheck the objects properties to make sure the desired element is located. 

2022-02-21 12:34:07 - [MESSAGE][FAILED] - Unable to set text 'автотест проверка ИМТ' of object 'Object Repository/vrach/imt/Page_/input_ _sc-eqIVtm fYABJt' (Root cause: com.kms.katalon.core.exception.StepFailedException: Unable to set text 'автотест проверка ИМТ' of object 'Object Repository/vrach/imt/Page_/input_ _sc-eqIVtm fYABJt'
	at com.kms.katalon.core.webui.keyword.internal.WebUIKeywordMain.stepFailed(WebUIKeywordMain.groovy:64)
	at com.kms.katalon.core.webui.keyword.internal.WebUIKeywordMain.runKeyword(WebUIKeywordMain.groovy:26)
	at com.kms.katalon.core.webui.keyword.builtin.SetTextKeyword.setText(SetTextKeyword.groovy:66)
	at com.kms.katalon.core.webui.keyword.builtin.SetTextKeyword.execute(SetTextKeyword.groovy:37)
	at com.kms.katalon.core.keyword.internal.KeywordExecutor.executeKeywordForPlatform(KeywordExecutor.groovy:74)
	at com.kms.katalon.core.webui.keyword.WebUiBuiltInKeywords.setText(WebUiBuiltInKeywords.groovy:980)
	at com.kms.katalon.core.webui.keyword.WebUiBuiltInKeywords$setText$2.call(Unknown Source)
	at Проверка вкладки Питание.run(Проверка вкладки Питание:44)
	at com.kms.katalon.core.main.ScriptEngine.run(ScriptEngine.java:194)
	at com.kms.katalon.core.main.ScriptEngine.runScriptAsRawText(ScriptEngine.java:119)
	at com.kms.katalon.core.main.TestCaseExecutor.runScript(TestCaseExecutor.java:442)
	at com.kms.katalon.core.main.TestCaseExecutor.doExecute(TestCaseExecutor.java:433)
	at com.kms.katalon.core.main.TestCaseExecutor.processExecutionPhase(TestCaseExecutor.java:412)
	at com.kms.katalon.core.main.TestCaseExecutor.accessMainPhase(TestCaseExecutor.java:404)
	at com.kms.katalon.core.main.TestCaseExecutor.execute(TestCaseExecutor.java:281)
	at com.kms.katalon.core.main.TestSuiteExecutor.accessTestCaseMainPhase(TestSuiteExecutor.java:202)
	at com.kms.katalon.core.main.TestSuiteExecutor.accessTestSuiteMainPhase(TestSuiteExecutor.java:164)
	at com.kms.katalon.core.main.TestSuiteExecutor.execute(TestSuiteExecutor.java:105)
	at com.kms.katalon.core.main.TestCaseMain.startTestSuite(TestCaseMain.java:185)
	at com.kms.katalon.core.main.TestCaseMain$startTestSuite$0.call(Unknown Source)
	at TempTestSuite1645435804317.run(TempTestSuite1645435804317.groovy:36)
Caused by: com.kms.katalon.core.webui.exception.WebElementNotFoundException: Web element with id: 'Object Repository/vrach/imt/Page_/input_ _sc-eqIVtm fYABJt' located by '//input[@placeholder = 'Введите название задачи']' not found
	at com.kms.katalon.core.webui.common.WebUiCommonHelper.findWebElement(WebUiCommonHelper.java:1370)
	at com.kms.katalon.core.webui.keyword.internal.WebUIAbstractKeyword.findWebElement(WebUIAbstractKeyword.groovy:27)
	at com.kms.katalon.core.webui.keyword.internal.WebUIAbstractKeyword.findWebElement(WebUIAbstractKeyword.groovy:26)
	at com.kms.katalon.core.webui.keyword.builtin.SetTextKeyword$_setText_closure1.doCall(SetTextKeyword.groovy:51)
	at com.kms.katalon.core.webui.keyword.builtin.SetTextKeyword$_setText_closure1.call(SetTextKeyword.groovy)
	at com.kms.katalon.core.webui.keyword.internal.WebUIKeywordMain.runKeyword(WebUIKeywordMain.groovy:20)
	at com.kms.katalon.core.webui.keyword.builtin.SetTextKeyword.setText(SetTextKeyword.groovy:66)
	at com.kms.katalon.core.webui.keyword.builtin.SetTextKeyword.execute(SetTextKeyword.groovy:37)
	at com.kms.katalon.core.keyword.internal.KeywordExecutor.executeKeywordForPlatform(KeywordExecutor.groovy:74)
	at com.kms.katalon.core.webui.keyword.WebUiBuiltInKeywords.setText(WebUiBuiltInKeywords.groovy:980)
	at com.kms.katalon.core.webui.keyword.WebUiBuiltInKeywords$setText$2.call(Unknown Source)
	at Script1645089906055.run(Script1645089906055.groovy:44)
	... 13 more
)
[[ATTACHMENT|C:\\Users\\LENOVO\\Katalon Studio\\Project Avangard\\Reports\\20220221_122957\\\u0414\u043E\u043A\u0442\u043E\u0440\\20220221_123004\\1645436045019.png]]]]></system-out>
         <system-err><![CDATA[2022-02-21 12:30:27 - [TEST_CASE][FAILED] - Test Cases/Доктор/Проверка вкладки Питание: Test Cases/Доктор/Проверка вкладки Питание FAILED.
Reason:
com.kms.katalon.core.exception.StepFailedException: Unable to set text 'автотест проверка ИМТ' of object 'Object Repository/vrach/imt/Page_/input_ _sc-eqIVtm fYABJt'
	at com.kms.katalon.core.webui.keyword.internal.WebUIKeywordMain.stepFailed(WebUIKeywordMain.groovy:64)
	at com.kms.katalon.core.webui.keyword.internal.WebUIKeywordMain.runKeyword(WebUIKeywordMain.groovy:26)
	at com.kms.katalon.core.webui.keyword.builtin.SetTextKeyword.setText(SetTextKeyword.groovy:66)
	at com.kms.katalon.core.webui.keyword.builtin.SetTextKeyword.execute(SetTextKeyword.groovy:37)
	at com.kms.katalon.core.keyword.internal.KeywordExecutor.executeKeywordForPlatform(KeywordExecutor.groovy:74)
	at com.kms.katalon.core.webui.keyword.WebUiBuiltInKeywords.setText(WebUiBuiltInKeywords.groovy:980)
	at com.kms.katalon.core.webui.keyword.WebUiBuiltInKeywords$setText$2.call(Unknown Source)
	at Проверка вкладки Питание.run(Проверка вкладки Питание:44)
	at com.kms.katalon.core.main.ScriptEngine.run(ScriptEngine.java:194)
	at com.kms.katalon.core.main.ScriptEngine.runScriptAsRawText(ScriptEngine.java:119)
	at com.kms.katalon.core.main.TestCaseExecutor.runScript(TestCaseExecutor.java:442)
	at com.kms.katalon.core.main.TestCaseExecutor.doExecute(TestCaseExecutor.java:433)
	at com.kms.katalon.core.main.TestCaseExecutor.processExecutionPhase(TestCaseExecutor.java:412)
	at com.kms.katalon.core.main.TestCaseExecutor.accessMainPhase(TestCaseExecutor.java:404)
	at com.kms.katalon.core.main.TestCaseExecutor.execute(TestCaseExecutor.java:281)
	at com.kms.katalon.core.main.TestSuiteExecutor.accessTestCaseMainPhase(TestSuiteExecutor.java:202)
	at com.kms.katalon.core.main.TestSuiteExecutor.accessTestSuiteMainPhase(TestSuiteExecutor.java:164)
	at com.kms.katalon.core.main.TestSuiteExecutor.execute(TestSuiteExecutor.java:105)
	at com.kms.katalon.core.main.TestCaseMain.startTestSuite(TestCaseMain.java:185)
	at com.kms.katalon.core.main.TestCaseMain$startTestSuite$0.call(Unknown Source)
	at TempTestSuite1645435804317.run(TempTestSuite1645435804317.groovy:36)
Caused by: com.kms.katalon.core.webui.exception.WebElementNotFoundException: Web element with id: 'Object Repository/vrach/imt/Page_/input_ _sc-eqIVtm fYABJt' located by '//input[@placeholder = 'Введите название задачи']' not found
	at com.kms.katalon.core.webui.common.WebUiCommonHelper.findWebElement(WebUiCommonHelper.java:1370)
	at com.kms.katalon.core.webui.keyword.internal.WebUIAbstractKeyword.findWebElement(WebUIAbstractKeyword.groovy:27)
	at com.kms.katalon.core.webui.keyword.internal.WebUIAbstractKeyword.findWebElement(WebUIAbstractKeyword.groovy:26)
	at com.kms.katalon.core.webui.keyword.builtin.SetTextKeyword$_setText_closure1.doCall(SetTextKeyword.groovy:51)
	at com.kms.katalon.core.webui.keyword.builtin.SetTextKeyword$_setText_closure1.call(SetTextKeyword.groovy)
	at com.kms.katalon.core.webui.keyword.internal.WebUIKeywordMain.runKeyword(WebUIKeywordMain.groovy:20)
	... 19 more]]></system-err>
      </testcase>
      <testcase name="Test Cases/Доктор/Просмотр профиля" time="179.587" classname="Test Cases/Доктор/Просмотр профиля" status="PASSED">
         <system-out><![CDATA[2022-02-21 12:34:09 - [TEST_CASE][PASSED] - Test Cases/Доктор/Просмотр профиля: Test Cases/Доктор/Просмотр профиля

2022-02-21 12:34:09 - [TEST_STEP][PASSED] - callTestCase(findTestCase("Доктор/Авторизация врач"), [:], STOP_ON_FAILURE): Call Test Case 'Test Cases/Доктор/Авторизация врач' successfully

2022-02-21 12:34:09 - [TEST_CASE][PASSED] - Test Cases/Доктор/Авторизация врач: Test Cases/Доктор/Авторизация врач

2022-02-21 12:34:09 - [TEST_STEP][PASSED] - openBrowser(""): Browser is opened with url: ''

2022-02-21 12:34:09 - [MESSAGE][WARNING] - A browser is already opened. Closing browser and opening a new one

2022-02-21 12:34:10 - [MESSAGE][INFO] - User set preference: ['os', 'linux']

2022-02-21 12:34:10 - [MESSAGE][INFO] - User set preference: ['browserName', 'chrome']

2022-02-21 12:34:10 - [MESSAGE][INFO] - User set preference: ['browserVersion', '97']

2022-02-21 12:34:10 - [MESSAGE][INFO] - User set preference: ['katalon:option', '{organizationId=551240, tunnelId=, usingTunnel=false}']

2022-02-21 12:34:10 - [MESSAGE][INFO] - Connecting to remote web server 'testcloud.katalon.com/hub' with type 'Selenium'

2022-02-21 12:34:10 - [MESSAGE][INFO] - Action delay is set to 100 milliseconds

2022-02-21 12:36:34 - [MESSAGE][PASSED] - Browser is opened with url: ''

2022-02-21 12:36:34 - [TEST_STEP][PASSED] - maximizeWindow(): Current window maximized

2022-02-21 12:36:34 - [MESSAGE][PASSED] - Current window maximized

2022-02-21 12:36:34 - [TEST_STEP][PASSED] - navigateToUrl(url): Navigate to 'https://stars-stage.hawk.ru:8080' successfully

2022-02-21 12:36:40 - [MESSAGE][PASSED] - Navigate to 'https://stars-stage.hawk.ru:8080' successfully

2022-02-21 12:36:40 - [TEST_STEP][PASSED] - setText(findTestObject("Object Repository/vra/Page_/input__sc-lnrBVv eqPACj"), doktor_login): Text 'TestDoctor@mail.ru' is set on object 'Object Repository/vra/Page_/input__sc-lnrBVv eqPACj'

2022-02-21 12:36:45 - [MESSAGE][PASSED] - Text 'TestDoctor@mail.ru' is set on object 'Object Repository/vra/Page_/input__sc-lnrBVv eqPACj'

2022-02-21 12:36:45 - [TEST_STEP][PASSED] - setText(findTestObject("Object Repository/vra/Page_/input__sc-lnrBVv eqPACj_1"), doktor_password, STOP_ON_FAILURE): Text 'TestDoctor@mail.ru' is set on object 'Object Repository/vra/Page_/input__sc-lnrBVv eqPACj_1'

2022-02-21 12:36:51 - [MESSAGE][PASSED] - Text 'TestDoctor@mail.ru' is set on object 'Object Repository/vra/Page_/input__sc-lnrBVv eqPACj_1'

2022-02-21 12:36:51 - [TEST_STEP][PASSED] - click(findTestObject("Object Repository/vrach/Page_/Page_/go")): Object: 'Object Repository/vrach/Page_/Page_/go' is clicked on

2022-02-21 12:36:53 - [MESSAGE][PASSED] - Object: 'Object Repository/vrach/Page_/Page_/go' is clicked on

2022-02-21 12:36:53 - [MESSAGE][PASSED] - Call Test Case 'Test Cases/Доктор/Авторизация врач' successfully

2022-02-21 12:36:53 - [TEST_STEP][PASSED] - click(findTestObject("Object Repository/vrach/profile/Page_/span_TestDoctormail.ru")): Object: 'Object Repository/vrach/profile/Page_/span_TestDoctormail.ru' is clicked on

2022-02-21 12:37:01 - [MESSAGE][PASSED] - Object: 'Object Repository/vrach/profile/Page_/span_TestDoctormail.ru' is clicked on

2022-02-21 12:37:01 - [TEST_STEP][PASSED] - click(findTestObject("Object Repository/vrach/profile/Page_/save")): Object: 'Object Repository/vrach/profile/Page_/save' is clicked on

2022-02-21 12:37:04 - [MESSAGE][PASSED] - Object: 'Object Repository/vrach/profile/Page_/save' is clicked on

2022-02-21 12:37:04 - [TEST_STEP][PASSED] - verifyTextPresent("Пользователь сохранен", true): Text 'Пользователь сохранен' is present on page  using regular expression

2022-02-21 12:37:06 - [MESSAGE][PASSED] - Text 'Пользователь сохранен' is present on page  using regular expression

2022-02-21 12:37:06 - [TEST_STEP][PASSED] - click(findTestObject("Object Repository/vrach/profile/Page_/exit")): Object: 'Object Repository/vrach/profile/Page_/exit' is clicked on

2022-02-21 12:37:08 - [MESSAGE][PASSED] - Object: 'Object Repository/vrach/profile/Page_/exit' is clicked on

2022-02-21 12:37:08 - [TEST_STEP][PASSED] - closeBrowser(): Browser is closed

2022-02-21 12:37:09 - [MESSAGE][PASSED] - Browser is closed]]></system-out>
         <system-err><![CDATA[]]></system-err>
      </testcase>
      <testcase name="Test Cases/Доктор/Психотест (психолог)" time="174.517" classname="Test Cases/Доктор/Психотест (психолог)" status="PASSED">
         <system-out><![CDATA[2022-02-21 12:37:09 - [TEST_CASE][PASSED] - Test Cases/Доктор/Психотест (психолог): Test Cases/Доктор/Психотест (психолог)

2022-02-21 12:37:09 - [TEST_STEP][PASSED] - openBrowser(""): Browser is opened with url: ''

2022-02-21 12:37:09 - [MESSAGE][INFO] - User set preference: ['os', 'linux']

2022-02-21 12:37:09 - [MESSAGE][INFO] - User set preference: ['browserName', 'chrome']

2022-02-21 12:37:09 - [MESSAGE][INFO] - User set preference: ['browserVersion', '97']

2022-02-21 12:37:09 - [MESSAGE][INFO] - User set preference: ['katalon:option', '{organizationId=551240, tunnelId=, usingTunnel=false}']

2022-02-21 12:37:09 - [MESSAGE][INFO] - Connecting to remote web server 'testcloud.katalon.com/hub' with type 'Selenium'

2022-02-21 12:37:09 - [MESSAGE][INFO] - Action delay is set to 100 milliseconds

2022-02-21 12:39:00 - [MESSAGE][PASSED] - Browser is opened with url: ''

2022-02-21 12:39:00 - [TEST_STEP][PASSED] - maximizeWindow(): Current window maximized

2022-02-21 12:39:00 - [MESSAGE][PASSED] - Current window maximized

2022-02-21 12:39:00 - [TEST_STEP][PASSED] - navigateToUrl("https://stars-stage.hawk.ru:8080/"): Navigate to 'https://stars-stage.hawk.ru:8080/' successfully

2022-02-21 12:39:06 - [MESSAGE][PASSED] - Navigate to 'https://stars-stage.hawk.ru:8080/' successfully

2022-02-21 12:39:06 - [TEST_STEP][PASSED] - setText(findTestObject("Avangard New/Object (Психолог)/login (Логин Психолог)"), "psychoTEST@mail.ru"): Text 'psychoTEST@mail.ru' is set on object 'Object Repository/Avangard New/Object (Психолог)/login (Логин Психолог)'

2022-02-21 12:39:10 - [MESSAGE][PASSED] - Text 'psychoTEST@mail.ru' is set on object 'Object Repository/Avangard New/Object (Психолог)/login (Логин Психолог)'

2022-02-21 12:39:10 - [TEST_STEP][PASSED] - setText(findTestObject("Avangard New/Object (Психолог)/password (Пароль Психолог)"), "psychoTEST@mail.ru", STOP_ON_FAILURE): Text 'psychoTEST@mail.ru' is set on object 'Object Repository/Avangard New/Object (Психолог)/password (Пароль Психолог)'

2022-02-21 12:39:15 - [MESSAGE][PASSED] - Text 'psychoTEST@mail.ru' is set on object 'Object Repository/Avangard New/Object (Психолог)/password (Пароль Психолог)'

2022-02-21 12:39:15 - [TEST_STEP][PASSED] - click(findTestObject("Object Repository/vrach/psychotest/Page_/go")): Object: 'Object Repository/vrach/psychotest/Page_/go' is clicked on

2022-02-21 12:39:17 - [MESSAGE][PASSED] - Object: 'Object Repository/vrach/psychotest/Page_/go' is clicked on

2022-02-21 12:39:17 - [TEST_STEP][PASSED] - click(findTestObject("Object Repository/vrach/psychotest/Page_/psychotest")): Object: 'Object Repository/vrach/psychotest/Page_/psychotest' is clicked on

2022-02-21 12:39:29 - [MESSAGE][PASSED] - Object: 'Object Repository/vrach/psychotest/Page_/psychotest' is clicked on

2022-02-21 12:39:29 - [TEST_STEP][PASSED] - verifyTextPresent("Психологический профиль", false): Text 'Психологический профиль' is present on page 

2022-02-21 12:39:31 - [MESSAGE][PASSED] - Text 'Психологический профиль' is present on page 

2022-02-21 12:39:31 - [TEST_STEP][PASSED] - click(findTestObject("Object Repository/vrach/psychotest/Page_/school")): Object: 'Object Repository/vrach/psychotest/Page_/school' is clicked on

2022-02-21 12:39:34 - [MESSAGE][PASSED] - Object: 'Object Repository/vrach/psychotest/Page_/school' is clicked on

2022-02-21 12:39:34 - [TEST_STEP][PASSED] - click(findTestObject("Object Repository/vrach/psychotest/Page_/avanguard")): Object: 'Object Repository/vrach/psychotest/Page_/avanguard' is clicked on

2022-02-21 12:39:36 - [MESSAGE][PASSED] - Object: 'Object Repository/vrach/psychotest/Page_/avanguard' is clicked on

2022-02-21 12:39:36 - [TEST_STEP][PASSED] - click(findTestObject("Object Repository/vrach/psychotest/Page_/team")): Object: 'Object Repository/vrach/psychotest/Page_/team' is clicked on

2022-02-21 12:39:38 - [MESSAGE][PASSED] - Object: 'Object Repository/vrach/psychotest/Page_/team' is clicked on

2022-02-21 12:39:38 - [TEST_STEP][PASSED] - click(findTestObject("Object Repository/vrach/psychotest/Page_/varteam")): Object: 'Object Repository/vrach/psychotest/Page_/varteam' is clicked on

2022-02-21 12:39:40 - [MESSAGE][PASSED] - Object: 'Object Repository/vrach/psychotest/Page_/varteam' is clicked on

2022-02-21 12:39:40 - [TEST_STEP][PASSED] - click(findTestObject("Object Repository/vrach/psychotest/Page_/player")): Object: 'Object Repository/vrach/psychotest/Page_/player' is clicked on

2022-02-21 12:39:43 - [MESSAGE][PASSED] - Object: 'Object Repository/vrach/psychotest/Page_/player' is clicked on

2022-02-21 12:39:43 - [TEST_STEP][PASSED] - click(findTestObject("Object Repository/vrach/psychotest/Page_/varplayer")): Object: 'Object Repository/vrach/psychotest/Page_/varplayer' is clicked on

2022-02-21 12:39:45 - [MESSAGE][PASSED] - Object: 'Object Repository/vrach/psychotest/Page_/varplayer' is clicked on

2022-02-21 12:39:45 - [TEST_STEP][PASSED] - click(findTestObject("Object Repository/vrach/psychotest/Page_/date")): Object: 'Object Repository/vrach/psychotest/Page_/date' is clicked on

2022-02-21 12:39:50 - [MESSAGE][PASSED] - Object: 'Object Repository/vrach/psychotest/Page_/date' is clicked on

2022-02-21 12:39:50 - [TEST_STEP][PASSED] - click(findTestObject("Object Repository/vrach/psychotest/Page_/enter_date")): Object: 'Object Repository/vrach/psychotest/Page_/enter_date' is clicked on

2022-02-21 12:39:51 - [MESSAGE][PASSED] - Object: 'Object Repository/vrach/psychotest/Page_/enter_date' is clicked on

2022-02-21 12:39:51 - [TEST_STEP][PASSED] - verifyTextPresent("Реакция на простой стимул", false): Text 'Реакция на простой стимул' is present on page 

2022-02-21 12:39:54 - [MESSAGE][PASSED] - Text 'Реакция на простой стимул' is present on page 

2022-02-21 12:39:54 - [TEST_STEP][PASSED] - scrollToElement(findTestObject("Object Repository/vrach/psychotest/Page_/thinking"), 0): Scroll to object 'Object Repository/vrach/psychotest/Page_/thinking' successfully

2022-02-21 12:39:54 - [MESSAGE][WARNING] - Timeout '0' is invalid. Using default page load timeout: '30'

2022-02-21 12:39:57 - [MESSAGE][PASSED] - Scroll to object 'Object Repository/vrach/psychotest/Page_/thinking' successfully

2022-02-21 12:39:57 - [TEST_STEP][PASSED] - setText(findTestObject("Object Repository/vrach/psychotest/Page_/thinking"), "9"): Text '9' is set on object 'Object Repository/vrach/psychotest/Page_/thinking'

2022-02-21 12:40:01 - [MESSAGE][PASSED] - Text '9' is set on object 'Object Repository/vrach/psychotest/Page_/thinking'

2022-02-21 12:40:01 - [TEST_STEP][PASSED] - click(findTestObject("Object Repository/vrach/psychotest/Page_/button_save")): Object: 'Object Repository/vrach/psychotest/Page_/button_save' is clicked on

2022-02-21 12:40:03 - [MESSAGE][PASSED] - Object: 'Object Repository/vrach/psychotest/Page_/button_save' is clicked on]]></system-out>
         <system-err><![CDATA[]]></system-err>
      </testcase>
      <testcase name="Test Cases/Доктор/создание карточки болезни" time="521.83" classname="Test Cases/Доктор/создание карточки болезни" status="PASSED">
         <system-out><![CDATA[2022-02-21 12:40:03 - [TEST_CASE][PASSED] - Test Cases/Доктор/создание карточки болезни: Test Cases/Доктор/создание карточки болезни

2022-02-21 12:40:03 - [TEST_STEP][PASSED] - callTestCase(findTestCase("Доктор/Авторизация врач"), [:], STOP_ON_FAILURE): Call Test Case 'Test Cases/Доктор/Авторизация врач' successfully

2022-02-21 12:40:04 - [TEST_CASE][PASSED] - Test Cases/Доктор/Авторизация врач: Test Cases/Доктор/Авторизация врач

2022-02-21 12:40:04 - [TEST_STEP][PASSED] - openBrowser(""): Browser is opened with url: ''

2022-02-21 12:40:04 - [MESSAGE][WARNING] - A browser is already opened. Closing browser and opening a new one

2022-02-21 12:40:05 - [MESSAGE][INFO] - User set preference: ['os', 'linux']

2022-02-21 12:40:05 - [MESSAGE][INFO] - User set preference: ['browserName', 'chrome']

2022-02-21 12:40:05 - [MESSAGE][INFO] - User set preference: ['browserVersion', '97']

2022-02-21 12:40:05 - [MESSAGE][INFO] - User set preference: ['katalon:option', '{organizationId=551240, tunnelId=, usingTunnel=false}']

2022-02-21 12:40:05 - [MESSAGE][INFO] - Connecting to remote web server 'testcloud.katalon.com/hub' with type 'Selenium'

2022-02-21 12:40:05 - [MESSAGE][INFO] - Action delay is set to 100 milliseconds

2022-02-21 12:41:15 - [MESSAGE][PASSED] - Browser is opened with url: ''

2022-02-21 12:41:15 - [TEST_STEP][PASSED] - maximizeWindow(): Current window maximized

2022-02-21 12:41:16 - [MESSAGE][PASSED] - Current window maximized

2022-02-21 12:41:16 - [TEST_STEP][PASSED] - navigateToUrl(url): Navigate to 'https://stars-stage.hawk.ru:8080' successfully

2022-02-21 12:41:22 - [MESSAGE][PASSED] - Navigate to 'https://stars-stage.hawk.ru:8080' successfully

2022-02-21 12:41:22 - [TEST_STEP][PASSED] - setText(findTestObject("Object Repository/vra/Page_/input__sc-lnrBVv eqPACj"), doktor_login): Text 'TestDoctor@mail.ru' is set on object 'Object Repository/vra/Page_/input__sc-lnrBVv eqPACj'

2022-02-21 12:41:26 - [MESSAGE][PASSED] - Text 'TestDoctor@mail.ru' is set on object 'Object Repository/vra/Page_/input__sc-lnrBVv eqPACj'

2022-02-21 12:41:26 - [TEST_STEP][PASSED] - setText(findTestObject("Object Repository/vra/Page_/input__sc-lnrBVv eqPACj_1"), doktor_password, STOP_ON_FAILURE): Text 'TestDoctor@mail.ru' is set on object 'Object Repository/vra/Page_/input__sc-lnrBVv eqPACj_1'

2022-02-21 12:41:30 - [MESSAGE][PASSED] - Text 'TestDoctor@mail.ru' is set on object 'Object Repository/vra/Page_/input__sc-lnrBVv eqPACj_1'

2022-02-21 12:41:30 - [TEST_STEP][PASSED] - click(findTestObject("Object Repository/vrach/Page_/Page_/go")): Object: 'Object Repository/vrach/Page_/Page_/go' is clicked on

2022-02-21 12:41:32 - [MESSAGE][PASSED] - Object: 'Object Repository/vrach/Page_/Page_/go' is clicked on

2022-02-21 12:41:32 - [MESSAGE][PASSED] - Call Test Case 'Test Cases/Доктор/Авторизация врач' successfully

2022-02-21 12:41:32 - [TEST_STEP][PASSED] - click(findTestObject("Avangard New/Object (Доктор)/doctor case (создание карточки и удаление)/button_add")): Object: 'Object Repository/Avangard New/Object (Доктор)/doctor case (создание карточки и удаление)/button_add' is clicked on

2022-02-21 12:41:41 - [MESSAGE][PASSED] - Object: 'Object Repository/Avangard New/Object (Доктор)/doctor case (создание карточки и удаление)/button_add' is clicked on

2022-02-21 12:41:41 - [TEST_STEP][PASSED] - click(findTestObject("Avangard New/Object (Доктор)/doctor case (создание карточки и удаление)/school")): Object: 'Object Repository/Avangard New/Object (Доктор)/doctor case (создание карточки и удаление)/school' is clicked on

2022-02-21 12:41:43 - [MESSAGE][PASSED] - Object: 'Object Repository/Avangard New/Object (Доктор)/doctor case (создание карточки и удаление)/school' is clicked on

2022-02-21 12:41:43 - [TEST_STEP][PASSED] - click(findTestObject("Avangard New/Object (Доктор)/doctor case (создание карточки и удаление)/avanguard")): Object: 'Object Repository/Avangard New/Object (Доктор)/doctor case (создание карточки и удаление)/avanguard' is clicked on

2022-02-21 12:41:45 - [MESSAGE][PASSED] - Object: 'Object Repository/Avangard New/Object (Доктор)/doctor case (создание карточки и удаление)/avanguard' is clicked on

2022-02-21 12:41:45 - [TEST_STEP][PASSED] - click(findTestObject("Avangard New/Object (Доктор)/doctor case (создание карточки и удаление)/team")): Object: 'Object Repository/Avangard New/Object (Доктор)/doctor case (создание карточки и удаление)/team' is clicked on

2022-02-21 12:41:47 - [MESSAGE][PASSED] - Object: 'Object Repository/Avangard New/Object (Доктор)/doctor case (создание карточки и удаление)/team' is clicked on

2022-02-21 12:41:47 - [TEST_STEP][PASSED] - click(findTestObject("Avangard New/Object (Доктор)/doctor case (создание карточки и удаление)/var_team")): Object: 'Object Repository/Avangard New/Object (Доктор)/doctor case (создание карточки и удаление)/var_team' is clicked on

2022-02-21 12:41:49 - [MESSAGE][PASSED] - Object: 'Object Repository/Avangard New/Object (Доктор)/doctor case (создание карточки и удаление)/var_team' is clicked on

2022-02-21 12:41:49 - [TEST_STEP][PASSED] - click(findTestObject("Avangard New/Object (Доктор)/doctor case (создание карточки и удаление)/player")): Object: 'Object Repository/Avangard New/Object (Доктор)/doctor case (создание карточки и удаление)/player' is clicked on

2022-02-21 12:41:51 - [MESSAGE][PASSED] - Object: 'Object Repository/Avangard New/Object (Доктор)/doctor case (создание карточки и удаление)/player' is clicked on

2022-02-21 12:41:51 - [TEST_STEP][PASSED] - click(findTestObject("Avangard New/Object (Доктор)/doctor case (создание карточки и удаление)/var_player")): Object: 'Object Repository/Avangard New/Object (Доктор)/doctor case (создание карточки и удаление)/var_player' is clicked on

2022-02-21 12:41:54 - [MESSAGE][PASSED] - Object: 'Object Repository/Avangard New/Object (Доктор)/doctor case (создание карточки и удаление)/var_player' is clicked on

2022-02-21 12:41:54 - [TEST_STEP][PASSED] - click(findTestObject("Avangard New/Object (Доктор)/doctor case (создание карточки и удаление)/tip")): Object: 'Object Repository/Avangard New/Object (Доктор)/doctor case (создание карточки и удаление)/tip' is clicked on

2022-02-21 12:41:56 - [MESSAGE][PASSED] - Object: 'Object Repository/Avangard New/Object (Доктор)/doctor case (создание карточки и удаление)/tip' is clicked on

2022-02-21 12:41:56 - [TEST_STEP][PASSED] - click(findTestObject("Avangard New/Object (Доктор)/doctor case (создание карточки и удаление)/travma")): Object: 'Object Repository/Avangard New/Object (Доктор)/doctor case (создание карточки и удаление)/travma' is clicked on

2022-02-21 12:41:58 - [MESSAGE][PASSED] - Object: 'Object Repository/Avangard New/Object (Доктор)/doctor case (создание карточки и удаление)/travma' is clicked on

2022-02-21 12:41:58 - [TEST_STEP][PASSED] - click(findTestObject("Avangard New/Object (Доктор)/doctor case (создание карточки и удаление)/stady 1")): Object: 'Object Repository/Avangard New/Object (Доктор)/doctor case (создание карточки и удаление)/stady 1' is clicked on

2022-02-21 12:42:00 - [MESSAGE][PASSED] - Object: 'Object Repository/Avangard New/Object (Доктор)/doctor case (создание карточки и удаление)/stady 1' is clicked on

2022-02-21 12:42:00 - [TEST_STEP][PASSED] - click(findTestObject("Avangard New/Object (Доктор)/doctor case (создание карточки и удаление)/choise_stady")): Object: 'Object Repository/Avangard New/Object (Доктор)/doctor case (создание карточки и удаление)/choise_stady' is clicked on

2022-02-21 12:42:02 - [MESSAGE][PASSED] - Object: 'Object Repository/Avangard New/Object (Доктор)/doctor case (создание карточки и удаление)/choise_stady' is clicked on

2022-02-21 12:42:02 - [TEST_STEP][PASSED] - click(findTestObject("Avangard New/Object (Доктор)/doctor case (создание карточки и удаление)/tip travm")): Object: 'Object Repository/Avangard New/Object (Доктор)/doctor case (создание карточки и удаление)/tip travm' is clicked on

2022-02-21 12:42:04 - [MESSAGE][PASSED] - Object: 'Object Repository/Avangard New/Object (Доктор)/doctor case (создание карточки и удаление)/tip travm' is clicked on

2022-02-21 12:42:04 - [TEST_STEP][PASSED] - click(findTestObject("Avangard New/Object (Доктор)/doctor case (создание карточки и удаление)/choise_travm")): Object: 'Object Repository/Avangard New/Object (Доктор)/doctor case (создание карточки и удаление)/choise_travm' is clicked on

2022-02-21 12:42:06 - [MESSAGE][PASSED] - Object: 'Object Repository/Avangard New/Object (Доктор)/doctor case (создание карточки и удаление)/choise_travm' is clicked on

2022-02-21 12:42:06 - [TEST_STEP][PASSED] - setText(findTestObject("Avangard New/Object (Доктор)/doctor case (создание карточки и удаление)/dop opisanie"), "автотестирование "): Text 'автотестирование ' is set on object 'Object Repository/Avangard New/Object (Доктор)/doctor case (создание карточки и удаление)/dop opisanie'

2022-02-21 12:42:11 - [MESSAGE][PASSED] - Text 'автотестирование ' is set on object 'Object Repository/Avangard New/Object (Доктор)/doctor case (создание карточки и удаление)/dop opisanie'

2022-02-21 12:42:11 - [TEST_STEP][PASSED] - click(findTestObject("Avangard New/Object (Доктор)/doctor case (создание карточки и удаление)/button_save")): Object: 'Object Repository/Avangard New/Object (Доктор)/doctor case (создание карточки и удаление)/button_save' is clicked on

2022-02-21 12:42:13 - [MESSAGE][PASSED] - Object: 'Object Repository/Avangard New/Object (Доктор)/doctor case (создание карточки и удаление)/button_save' is clicked on

2022-02-21 12:42:13 - [TEST_STEP][PASSED] - verifyTextPresent("Карточка успешно сохранена", false): Text 'Карточка успешно сохранена' is present on page 

2022-02-21 12:42:17 - [MESSAGE][PASSED] - Text 'Карточка успешно сохранена' is present on page 

2022-02-21 12:42:17 - [TEST_STEP][PASSED] - callTestCase(findTestCase("Доктор/проверка в профиле статуса"), [:], STOP_ON_FAILURE): Call Test Case 'Test Cases/Доктор/проверка в профиле статуса' successfully

2022-02-21 12:42:17 - [TEST_CASE][PASSED] - Test Cases/Доктор/проверка в профиле статуса: Test Cases/Доктор/проверка в профиле статуса

2022-02-21 12:42:17 - [TEST_STEP][PASSED] - callTestCase(findTestCase("Доктор/Авторизация врач"), [:], STOP_ON_FAILURE): Call Test Case 'Test Cases/Доктор/Авторизация врач' successfully

2022-02-21 12:42:17 - [TEST_CASE][PASSED] - Test Cases/Доктор/Авторизация врач: Test Cases/Доктор/Авторизация врач

2022-02-21 12:42:17 - [TEST_STEP][PASSED] - openBrowser(""): Browser is opened with url: ''

2022-02-21 12:42:17 - [MESSAGE][WARNING] - A browser is already opened. Closing browser and opening a new one

2022-02-21 12:42:18 - [MESSAGE][INFO] - User set preference: ['os', 'linux']

2022-02-21 12:42:18 - [MESSAGE][INFO] - User set preference: ['browserName', 'chrome']

2022-02-21 12:42:18 - [MESSAGE][INFO] - User set preference: ['browserVersion', '97']

2022-02-21 12:42:18 - [MESSAGE][INFO] - User set preference: ['katalon:option', '{organizationId=551240, tunnelId=, usingTunnel=false}']

2022-02-21 12:42:18 - [MESSAGE][INFO] - Connecting to remote web server 'testcloud.katalon.com/hub' with type 'Selenium'

2022-02-21 12:42:18 - [MESSAGE][INFO] - Action delay is set to 100 milliseconds

2022-02-21 12:43:31 - [MESSAGE][PASSED] - Browser is opened with url: ''

2022-02-21 12:43:31 - [TEST_STEP][PASSED] - maximizeWindow(): Current window maximized

2022-02-21 12:43:32 - [MESSAGE][PASSED] - Current window maximized

2022-02-21 12:43:32 - [TEST_STEP][PASSED] - navigateToUrl(url): Navigate to 'https://stars-stage.hawk.ru:8080' successfully

2022-02-21 12:43:38 - [MESSAGE][PASSED] - Navigate to 'https://stars-stage.hawk.ru:8080' successfully

2022-02-21 12:43:38 - [TEST_STEP][PASSED] - setText(findTestObject("Object Repository/vra/Page_/input__sc-lnrBVv eqPACj"), doktor_login): Text 'TestDoctor@mail.ru' is set on object 'Object Repository/vra/Page_/input__sc-lnrBVv eqPACj'

2022-02-21 12:43:41 - [MESSAGE][PASSED] - Text 'TestDoctor@mail.ru' is set on object 'Object Repository/vra/Page_/input__sc-lnrBVv eqPACj'

2022-02-21 12:43:41 - [TEST_STEP][PASSED] - setText(findTestObject("Object Repository/vra/Page_/input__sc-lnrBVv eqPACj_1"), doktor_password, STOP_ON_FAILURE): Text 'TestDoctor@mail.ru' is set on object 'Object Repository/vra/Page_/input__sc-lnrBVv eqPACj_1'

2022-02-21 12:43:46 - [MESSAGE][PASSED] - Text 'TestDoctor@mail.ru' is set on object 'Object Repository/vra/Page_/input__sc-lnrBVv eqPACj_1'

2022-02-21 12:43:46 - [TEST_STEP][PASSED] - click(findTestObject("Object Repository/vrach/Page_/Page_/go")): Object: 'Object Repository/vrach/Page_/Page_/go' is clicked on

2022-02-21 12:43:48 - [MESSAGE][PASSED] - Object: 'Object Repository/vrach/Page_/Page_/go' is clicked on

2022-02-21 12:43:48 - [MESSAGE][PASSED] - Call Test Case 'Test Cases/Доктор/Авторизация врач' successfully

2022-02-21 12:43:48 - [TEST_STEP][PASSED] - click(findTestObject("Avangard New/Object (Доктор)/doctor case (создание карточки и удаление)/player_menu")): Object: 'Object Repository/Avangard New/Object (Доктор)/doctor case (создание карточки и удаление)/player_menu' is clicked on

2022-02-21 12:43:57 - [MESSAGE][PASSED] - Object: 'Object Repository/Avangard New/Object (Доктор)/doctor case (создание карточки и удаление)/player_menu' is clicked on

2022-02-21 12:43:57 - [TEST_STEP][PASSED] - setText(findTestObject("Avangard New/Object (Доктор)/doctor case (создание карточки и удаление)/input__Search"), player_for_test_1): Text 'Власенко' is set on object 'Object Repository/Avangard New/Object (Доктор)/doctor case (создание карточки и удаление)/input__Search'

2022-02-21 12:44:05 - [MESSAGE][PASSED] - Text 'Власенко' is set on object 'Object Repository/Avangard New/Object (Доктор)/doctor case (создание карточки и удаление)/input__Search'

2022-02-21 12:44:05 - [TEST_STEP][PASSED] - click(findTestObject("Avangard New/Object (Доктор)/doctor case (создание карточки и удаление)/var_player")): Object: 'Object Repository/Avangard New/Object (Доктор)/doctor case (создание карточки и удаление)/var_player' is clicked on

2022-02-21 12:44:09 - [MESSAGE][PASSED] - Object: 'Object Repository/Avangard New/Object (Доктор)/doctor case (создание карточки и удаление)/var_player' is clicked on

2022-02-21 12:44:09 - [TEST_STEP][PASSED] - verifyElementText(findTestObject("Avangard New/Object (Доктор)/doctor case (создание карточки и удаление)/chek_stat"), "Травмирован"): Actual text and expected text of test object 'Object Repository/Avangard New/Object (Доктор)/doctor case (создание карточки и удаление)/chek_stat' are matched.

2022-02-21 12:44:11 - [MESSAGE][PASSED] - Actual text and expected text of test object 'Object Repository/Avangard New/Object (Доктор)/doctor case (создание карточки и удаление)/chek_stat' are matched.

2022-02-21 12:44:11 - [MESSAGE][PASSED] - Call Test Case 'Test Cases/Доктор/проверка в профиле статуса' successfully

2022-02-21 12:44:11 - [TEST_STEP][PASSED] - callTestCase(findTestCase("Доктор/вкладки удаление (переиспользуется)"), [:], STOP_ON_FAILURE): Call Test Case 'Test Cases/Доктор/вкладки удаление (переиспользуется)' successfully

2022-02-21 12:44:11 - [TEST_CASE][PASSED] - Test Cases/Доктор/вкладки удаление (переиспользуется): Test Cases/Доктор/вкладки удаление (переиспользуется)

2022-02-21 12:44:12 - [TEST_STEP][PASSED] - callTestCase(findTestCase("Доктор/Авторизация врач"), [:], STOP_ON_FAILURE): Call Test Case 'Test Cases/Доктор/Авторизация врач' successfully

2022-02-21 12:44:12 - [TEST_CASE][PASSED] - Test Cases/Доктор/Авторизация врач: Test Cases/Доктор/Авторизация врач

2022-02-21 12:44:12 - [TEST_STEP][PASSED] - openBrowser(""): Browser is opened with url: ''

2022-02-21 12:44:12 - [MESSAGE][WARNING] - A browser is already opened. Closing browser and opening a new one

2022-02-21 12:44:12 - [MESSAGE][INFO] - User set preference: ['os', 'linux']

2022-02-21 12:44:12 - [MESSAGE][INFO] - User set preference: ['browserName', 'chrome']

2022-02-21 12:44:12 - [MESSAGE][INFO] - User set preference: ['browserVersion', '97']

2022-02-21 12:44:12 - [MESSAGE][INFO] - User set preference: ['katalon:option', '{organizationId=551240, tunnelId=, usingTunnel=false}']

2022-02-21 12:44:12 - [MESSAGE][INFO] - Connecting to remote web server 'testcloud.katalon.com/hub' with type 'Selenium'

2022-02-21 12:44:12 - [MESSAGE][INFO] - Action delay is set to 100 milliseconds

2022-02-21 12:45:01 - [MESSAGE][PASSED] - Browser is opened with url: ''

2022-02-21 12:45:01 - [TEST_STEP][PASSED] - maximizeWindow(): Current window maximized

2022-02-21 12:45:02 - [MESSAGE][PASSED] - Current window maximized

2022-02-21 12:45:02 - [TEST_STEP][PASSED] - navigateToUrl(url): Navigate to 'https://stars-stage.hawk.ru:8080' successfully

2022-02-21 12:45:08 - [MESSAGE][PASSED] - Navigate to 'https://stars-stage.hawk.ru:8080' successfully

2022-02-21 12:45:08 - [TEST_STEP][PASSED] - setText(findTestObject("Object Repository/vra/Page_/input__sc-lnrBVv eqPACj"), doktor_login): Text 'TestDoctor@mail.ru' is set on object 'Object Repository/vra/Page_/input__sc-lnrBVv eqPACj'

2022-02-21 12:45:12 - [MESSAGE][PASSED] - Text 'TestDoctor@mail.ru' is set on object 'Object Repository/vra/Page_/input__sc-lnrBVv eqPACj'

2022-02-21 12:45:12 - [TEST_STEP][PASSED] - setText(findTestObject("Object Repository/vra/Page_/input__sc-lnrBVv eqPACj_1"), doktor_password, STOP_ON_FAILURE): Text 'TestDoctor@mail.ru' is set on object 'Object Repository/vra/Page_/input__sc-lnrBVv eqPACj_1'

2022-02-21 12:45:17 - [MESSAGE][PASSED] - Text 'TestDoctor@mail.ru' is set on object 'Object Repository/vra/Page_/input__sc-lnrBVv eqPACj_1'

2022-02-21 12:45:17 - [TEST_STEP][PASSED] - click(findTestObject("Object Repository/vrach/Page_/Page_/go")): Object: 'Object Repository/vrach/Page_/Page_/go' is clicked on

2022-02-21 12:45:19 - [MESSAGE][PASSED] - Object: 'Object Repository/vrach/Page_/Page_/go' is clicked on

2022-02-21 12:45:19 - [MESSAGE][PASSED] - Call Test Case 'Test Cases/Доктор/Авторизация врач' successfully

2022-02-21 12:45:19 - [TEST_STEP][PASSED] - click(findTestObject("Object Repository/vra/Page_/school")): Object: 'Object Repository/vra/Page_/school' is clicked on

2022-02-21 12:45:31 - [MESSAGE][PASSED] - Object: 'Object Repository/vra/Page_/school' is clicked on

2022-02-21 12:45:31 - [TEST_STEP][PASSED] - click(findTestObject("Object Repository/vra/Page_/var_school")): Object: 'Object Repository/vra/Page_/var_school' is clicked on

2022-02-21 12:45:33 - [MESSAGE][PASSED] - Object: 'Object Repository/vra/Page_/var_school' is clicked on

2022-02-21 12:45:33 - [TEST_STEP][PASSED] - click(findTestObject("Object Repository/vra/Page_/team")): Object: 'Object Repository/vra/Page_/team' is clicked on

2022-02-21 12:45:36 - [MESSAGE][PASSED] - Object: 'Object Repository/vra/Page_/team' is clicked on

2022-02-21 12:45:36 - [TEST_STEP][PASSED] - click(findTestObject("Avangard New/Object (Доктор)/doctor case (создание карточки и удаление)/Global school")): Object: 'Object Repository/Avangard New/Object (Доктор)/doctor case (создание карточки и удаление)/Global school' is clicked on

2022-02-21 12:45:39 - [MESSAGE][PASSED] - Object: 'Object Repository/Avangard New/Object (Доктор)/doctor case (создание карточки и удаление)/Global school' is clicked on

2022-02-21 12:45:39 - [TEST_STEP][PASSED] - click(findTestObject("Object Repository/vra/Page_/p_1")): Object: 'Object Repository/vra/Page_/p_1' is clicked on

2022-02-21 12:45:42 - [MESSAGE][PASSED] - Object: 'Object Repository/vra/Page_/p_1' is clicked on

2022-02-21 12:45:42 - [TEST_STEP][PASSED] - setText(findTestObject("Avangard New/Object (Доктор)/doctor case (создание карточки и удаление)/stady"), "Допуск на игру"): Text 'Допуск на игру' is set on object 'Object Repository/Avangard New/Object (Доктор)/doctor case (создание карточки и удаление)/stady'

2022-02-21 12:45:47 - [MESSAGE][PASSED] - Text 'Допуск на игру' is set on object 'Object Repository/Avangard New/Object (Доктор)/doctor case (создание карточки и удаление)/stady'

2022-02-21 12:45:47 - [TEST_STEP][PASSED] - sendKeys(findTestObject("Avangard New/Object (Доктор)/doctor case (создание карточки и удаление)/stady"), Keys.chord(ENTER)): Keys 'ENTER + ' sent to object: 'Object Repository/Avangard New/Object (Доктор)/doctor case (создание карточки и удаление)/stady'

2022-02-21 12:45:49 - [MESSAGE][PASSED] - Keys 'ENTER + ' sent to object: 'Object Repository/Avangard New/Object (Доктор)/doctor case (создание карточки и удаление)/stady'

2022-02-21 12:45:49 - [TEST_STEP][PASSED] - click(findTestObject("Avangard New/Object (Доктор)/doctor case (создание карточки и удаление)/button_save")): Object: 'Object Repository/Avangard New/Object (Доктор)/doctor case (создание карточки и удаление)/button_save' is clicked on

2022-02-21 12:45:52 - [MESSAGE][PASSED] - Object: 'Object Repository/Avangard New/Object (Доктор)/doctor case (создание карточки и удаление)/button_save' is clicked on

2022-02-21 12:45:52 - [TEST_STEP][PASSED] - click(findTestObject("Object Repository/vra/Page_/p_1")): Object: 'Object Repository/vra/Page_/p_1' is clicked on

2022-02-21 12:46:13 - [MESSAGE][PASSED] - Object: 'Object Repository/vra/Page_/p_1' is clicked on

2022-02-21 12:46:13 - [TEST_STEP][PASSED] - click(findTestObject("Object Repository/vra/Page_/button_delete")): Object: 'Object Repository/vra/Page_/button_delete' is clicked on

2022-02-21 12:46:16 - [MESSAGE][PASSED] - Object: 'Object Repository/vra/Page_/button_delete' is clicked on

2022-02-21 12:46:16 - [TEST_STEP][PASSED] - click(findTestObject("Object Repository/vra/Page_/confirm")): Object: 'Object Repository/vra/Page_/confirm' is clicked on

2022-02-21 12:46:18 - [MESSAGE][PASSED] - Object: 'Object Repository/vra/Page_/confirm' is clicked on

2022-02-21 12:46:18 - [TEST_STEP][PASSED] - verifyTextPresent("Карточка успешно удалена", false): Text 'Карточка успешно удалена' is present on page 

2022-02-21 12:46:21 - [MESSAGE][PASSED] - Text 'Карточка успешно удалена' is present on page 

2022-02-21 12:46:21 - [TEST_STEP][PASSED] - closeBrowser(): Browser is closed

2022-02-21 12:46:21 - [MESSAGE][PASSED] - Browser is closed

2022-02-21 12:46:21 - [MESSAGE][PASSED] - Call Test Case 'Test Cases/Доктор/вкладки удаление (переиспользуется)' successfully

2022-02-21 12:46:21 - [TEST_STEP][PASSED] - callTestCase(findTestCase("Доктор/проверка доступности игрока"), [:], STOP_ON_FAILURE): Call Test Case 'Test Cases/Доктор/проверка доступности игрока' successfully

2022-02-21 12:46:21 - [TEST_CASE][PASSED] - Test Cases/Доктор/проверка доступности игрока: Test Cases/Доктор/проверка доступности игрока

2022-02-21 12:46:22 - [TEST_STEP][PASSED] - callTestCase(findTestCase("Доктор/Авторизация врач"), [:], STOP_ON_FAILURE): Call Test Case 'Test Cases/Доктор/Авторизация врач' successfully

2022-02-21 12:46:22 - [TEST_CASE][PASSED] - Test Cases/Доктор/Авторизация врач: Test Cases/Доктор/Авторизация врач

2022-02-21 12:46:22 - [TEST_STEP][PASSED] - openBrowser(""): Browser is opened with url: ''

2022-02-21 12:46:22 - [MESSAGE][INFO] - User set preference: ['os', 'linux']

2022-02-21 12:46:22 - [MESSAGE][INFO] - User set preference: ['browserName', 'chrome']

2022-02-21 12:46:22 - [MESSAGE][INFO] - User set preference: ['browserVersion', '97']

2022-02-21 12:46:22 - [MESSAGE][INFO] - User set preference: ['katalon:option', '{organizationId=551240, tunnelId=, usingTunnel=false}']

2022-02-21 12:46:22 - [MESSAGE][INFO] - Connecting to remote web server 'testcloud.katalon.com/hub' with type 'Selenium'

2022-02-21 12:46:22 - [MESSAGE][INFO] - Action delay is set to 100 milliseconds

2022-02-21 12:48:03 - [MESSAGE][PASSED] - Browser is opened with url: ''

2022-02-21 12:48:03 - [TEST_STEP][PASSED] - maximizeWindow(): Current window maximized

2022-02-21 12:48:04 - [MESSAGE][PASSED] - Current window maximized

2022-02-21 12:48:04 - [TEST_STEP][PASSED] - navigateToUrl(url): Navigate to 'https://stars-stage.hawk.ru:8080' successfully

2022-02-21 12:48:10 - [MESSAGE][PASSED] - Navigate to 'https://stars-stage.hawk.ru:8080' successfully

2022-02-21 12:48:10 - [TEST_STEP][PASSED] - setText(findTestObject("Object Repository/vra/Page_/input__sc-lnrBVv eqPACj"), doktor_login): Text 'TestDoctor@mail.ru' is set on object 'Object Repository/vra/Page_/input__sc-lnrBVv eqPACj'

2022-02-21 12:48:14 - [MESSAGE][PASSED] - Text 'TestDoctor@mail.ru' is set on object 'Object Repository/vra/Page_/input__sc-lnrBVv eqPACj'

2022-02-21 12:48:14 - [TEST_STEP][PASSED] - setText(findTestObject("Object Repository/vra/Page_/input__sc-lnrBVv eqPACj_1"), doktor_password, STOP_ON_FAILURE): Text 'TestDoctor@mail.ru' is set on object 'Object Repository/vra/Page_/input__sc-lnrBVv eqPACj_1'

2022-02-21 12:48:19 - [MESSAGE][PASSED] - Text 'TestDoctor@mail.ru' is set on object 'Object Repository/vra/Page_/input__sc-lnrBVv eqPACj_1'

2022-02-21 12:48:19 - [TEST_STEP][PASSED] - click(findTestObject("Object Repository/vrach/Page_/Page_/go")): Object: 'Object Repository/vrach/Page_/Page_/go' is clicked on

2022-02-21 12:48:20 - [MESSAGE][PASSED] - Object: 'Object Repository/vrach/Page_/Page_/go' is clicked on

2022-02-21 12:48:20 - [MESSAGE][PASSED] - Call Test Case 'Test Cases/Доктор/Авторизация врач' successfully

2022-02-21 12:48:20 - [TEST_STEP][PASSED] - click(findTestObject("Avangard New/Object (Доктор)/doctor case (создание карточки и удаление)/player_menu")): Object: 'Object Repository/Avangard New/Object (Доктор)/doctor case (создание карточки и удаление)/player_menu' is clicked on

2022-02-21 12:48:33 - [MESSAGE][PASSED] - Object: 'Object Repository/Avangard New/Object (Доктор)/doctor case (создание карточки и удаление)/player_menu' is clicked on

2022-02-21 12:48:33 - [TEST_STEP][PASSED] - setText(findTestObject("Avangard New/Object (Доктор)/doctor case (создание карточки и удаление)/input__Search"), player_for_test_1): Text 'Власенко' is set on object 'Object Repository/Avangard New/Object (Доктор)/doctor case (создание карточки и удаление)/input__Search'

2022-02-21 12:48:38 - [MESSAGE][PASSED] - Text 'Власенко' is set on object 'Object Repository/Avangard New/Object (Доктор)/doctor case (создание карточки и удаление)/input__Search'

2022-02-21 12:48:38 - [TEST_STEP][PASSED] - click(findTestObject("Avangard New/Object (Доктор)/doctor case (создание карточки и удаление)/var_player")): Object: 'Object Repository/Avangard New/Object (Доктор)/doctor case (создание карточки и удаление)/var_player' is clicked on

2022-02-21 12:48:42 - [MESSAGE][PASSED] - Object: 'Object Repository/Avangard New/Object (Доктор)/doctor case (создание карточки и удаление)/var_player' is clicked on

2022-02-21 12:48:42 - [TEST_STEP][PASSED] - verifyElementText(findTestObject("Avangard New/Object (Доктор)/doctor case (создание карточки и удаление)/chek_stat"), "Доступен"): Actual text and expected text of test object 'Object Repository/Avangard New/Object (Доктор)/doctor case (создание карточки и удаление)/chek_stat' are matched.

2022-02-21 12:48:44 - [MESSAGE][PASSED] - Actual text and expected text of test object 'Object Repository/Avangard New/Object (Доктор)/doctor case (создание карточки и удаление)/chek_stat' are matched.

2022-02-21 12:48:44 - [MESSAGE][PASSED] - Call Test Case 'Test Cases/Доктор/проверка доступности игрока' successfully

2022-02-21 12:48:44 - [TEST_STEP][PASSED] - closeBrowser(): Browser is closed

2022-02-21 12:48:45 - [MESSAGE][PASSED] - Browser is closed]]></system-out>
         <system-err><![CDATA[]]></system-err>
      </testcase>
      <system-out><![CDATA[2022-02-21 12:30:26 - [TEST_SUITE][FAILED] - Доктор: Test Cases/Доктор/Проверка вкладки Питание FAILED.
Reason:
com.kms.katalon.core.exception.StepFailedException: Unable to set text 'автотест проверка ИМТ' of object 'Object Repository/vrach/imt/Page_/input_ _sc-eqIVtm fYABJt'
	at com.kms.katalon.core.webui.keyword.internal.WebUIKeywordMain.stepFailed(WebUIKeywordMain.groovy:64)
	at com.kms.katalon.core.webui.keyword.internal.WebUIKeywordMain.runKeyword(WebUIKeywordMain.groovy:26)
	at com.kms.katalon.core.webui.keyword.builtin.SetTextKeyword.setText(SetTextKeyword.groovy:66)
	at com.kms.katalon.core.webui.keyword.builtin.SetTextKeyword.execute(SetTextKeyword.groovy:37)
	at com.kms.katalon.core.keyword.internal.KeywordExecutor.executeKeywordForPlatform(KeywordExecutor.groovy:74)
	at com.kms.katalon.core.webui.keyword.WebUiBuiltInKeywords.setText(WebUiBuiltInKeywords.groovy:980)
	at com.kms.katalon.core.webui.keyword.WebUiBuiltInKeywords$setText$2.call(Unknown Source)
	at Проверка вкладки Питание.run(Проверка вкладки Питание:44)
	at com.kms.katalon.core.main.ScriptEngine.run(ScriptEngine.java:194)
	at com.kms.katalon.core.main.ScriptEngine.runScriptAsRawText(ScriptEngine.java:119)
	at com.kms.katalon.core.main.TestCaseExecutor.runScript(TestCaseExecutor.java:442)
	at com.kms.katalon.core.main.TestCaseExecutor.doExecute(TestCaseExecutor.java:433)
	at com.kms.katalon.core.main.TestCaseExecutor.processExecutionPhase(TestCaseExecutor.java:412)
	at com.kms.katalon.core.main.TestCaseExecutor.accessMainPhase(TestCaseExecutor.java:404)
	at com.kms.katalon.core.main.TestCaseExecutor.execute(TestCaseExecutor.java:281)
	at com.kms.katalon.core.main.TestSuiteExecutor.accessTestCaseMainPhase(TestSuiteExecutor.java:202)
	at com.kms.katalon.core.main.TestSuiteExecutor.accessTestSuiteMainPhase(TestSuiteExecutor.java:164)
	at com.kms.katalon.core.main.TestSuiteExecutor.execute(TestSuiteExecutor.java:105)
	at com.kms.katalon.core.main.TestCaseMain.startTestSuite(TestCaseMain.java:185)
	at com.kms.katalon.core.main.TestCaseMain$startTestSuite$0.call(Unknown Source)
	at TempTestSuite1645435804317.run(TempTestSuite1645435804317.groovy:36)
Caused by: com.kms.katalon.core.webui.exception.WebElementNotFoundException: Web element with id: 'Object Repository/vrach/imt/Page_/input_ _sc-eqIVtm fYABJt' located by '//input[@placeholder = 'Введите название задачи']' not found
	at com.kms.katalon.core.webui.common.WebUiCommonHelper.findWebElement(WebUiCommonHelper.java:1370)
	at com.kms.katalon.core.webui.keyword.internal.WebUIAbstractKeyword.findWebElement(WebUIAbstractKeyword.groovy:27)
	at com.kms.katalon.core.webui.keyword.internal.WebUIAbstractKeyword.findWebElement(WebUIAbstractKeyword.groovy:26)
	at com.kms.katalon.core.webui.keyword.builtin.SetTextKeyword$_setText_closure1.doCall(SetTextKeyword.groovy:51)
	at com.kms.katalon.core.webui.keyword.builtin.SetTextKeyword$_setText_closure1.call(SetTextKeyword.groovy)
	at com.kms.katalon.core.webui.keyword.internal.WebUIKeywordMain.runKeyword(WebUIKeywordMain.groovy:20)
	... 19 more]]></system-out>
      <system-err><![CDATA[2022-02-21 12:30:26 - [TEST_SUITE][FAILED] - Доктор: Test Cases/Доктор/Проверка вкладки Питание FAILED.
Reason:
com.kms.katalon.core.exception.StepFailedException: Unable to set text 'автотест проверка ИМТ' of object 'Object Repository/vrach/imt/Page_/input_ _sc-eqIVtm fYABJt'
	at com.kms.katalon.core.webui.keyword.internal.WebUIKeywordMain.stepFailed(WebUIKeywordMain.groovy:64)
	at com.kms.katalon.core.webui.keyword.internal.WebUIKeywordMain.runKeyword(WebUIKeywordMain.groovy:26)
	at com.kms.katalon.core.webui.keyword.builtin.SetTextKeyword.setText(SetTextKeyword.groovy:66)
	at com.kms.katalon.core.webui.keyword.builtin.SetTextKeyword.execute(SetTextKeyword.groovy:37)
	at com.kms.katalon.core.keyword.internal.KeywordExecutor.executeKeywordForPlatform(KeywordExecutor.groovy:74)
	at com.kms.katalon.core.webui.keyword.WebUiBuiltInKeywords.setText(WebUiBuiltInKeywords.groovy:980)
	at com.kms.katalon.core.webui.keyword.WebUiBuiltInKeywords$setText$2.call(Unknown Source)
	at Проверка вкладки Питание.run(Проверка вкладки Питание:44)
	at com.kms.katalon.core.main.ScriptEngine.run(ScriptEngine.java:194)
	at com.kms.katalon.core.main.ScriptEngine.runScriptAsRawText(ScriptEngine.java:119)
	at com.kms.katalon.core.main.TestCaseExecutor.runScript(TestCaseExecutor.java:442)
	at com.kms.katalon.core.main.TestCaseExecutor.doExecute(TestCaseExecutor.java:433)
	at com.kms.katalon.core.main.TestCaseExecutor.processExecutionPhase(TestCaseExecutor.java:412)
	at com.kms.katalon.core.main.TestCaseExecutor.accessMainPhase(TestCaseExecutor.java:404)
	at com.kms.katalon.core.main.TestCaseExecutor.execute(TestCaseExecutor.java:281)
	at com.kms.katalon.core.main.TestSuiteExecutor.accessTestCaseMainPhase(TestSuiteExecutor.java:202)
	at com.kms.katalon.core.main.TestSuiteExecutor.accessTestSuiteMainPhase(TestSuiteExecutor.java:164)
	at com.kms.katalon.core.main.TestSuiteExecutor.execute(TestSuiteExecutor.java:105)
	at com.kms.katalon.core.main.TestCaseMain.startTestSuite(TestCaseMain.java:185)
	at com.kms.katalon.core.main.TestCaseMain$startTestSuite$0.call(Unknown Source)
	at TempTestSuite1645435804317.run(TempTestSuite1645435804317.groovy:36)
Caused by: com.kms.katalon.core.webui.exception.WebElementNotFoundException: Web element with id: 'Object Repository/vrach/imt/Page_/input_ _sc-eqIVtm fYABJt' located by '//input[@placeholder = 'Введите название задачи']' not found
	at com.kms.katalon.core.webui.common.WebUiCommonHelper.findWebElement(WebUiCommonHelper.java:1370)
	at com.kms.katalon.core.webui.keyword.internal.WebUIAbstractKeyword.findWebElement(WebUIAbstractKeyword.groovy:27)
	at com.kms.katalon.core.webui.keyword.internal.WebUIAbstractKeyword.findWebElement(WebUIAbstractKeyword.groovy:26)
	at com.kms.katalon.core.webui.keyword.builtin.SetTextKeyword$_setText_closure1.doCall(SetTextKeyword.groovy:51)
	at com.kms.katalon.core.webui.keyword.builtin.SetTextKeyword$_setText_closure1.call(SetTextKeyword.groovy)
	at com.kms.katalon.core.webui.keyword.internal.WebUIKeywordMain.runKeyword(WebUIKeywordMain.groovy:20)
	... 19 more]]></system-err>
   </testsuite>
   <testsuite name="Тренер" tests="7" failures="3" errors="0" time="1389.11" skipped="0" timestamp="2022-02-21 12:30:25" hostname="LENOVO - DESKTOP-KNHN0AA" id="Test Suites/Тренер">
      <properties>
         <property name="deviceName" value=""/>
         <property name="devicePlatform" value=""/>
         <property name="logFolder" value="C:\\Users\\LENOVO\\Katalon Studio\\Project Avangard\\Reports\\20220221_122957\\\u0422\u0440\u0435\u043D\u0435\u0440\\20220221_123006"/>
         <property name="logFiles" value="C:\\Users\\LENOVO\\Katalon Studio\\Project Avangard\\Reports\\20220221_122957\\\u0422\u0440\u0435\u043D\u0435\u0440\\20220221_123006\\execution0.log"/>
         <property name="attachments" value="C:\\Users\\LENOVO\\Katalon Studio\\Project Avangard\\Reports\\20220221_122957\\\u0422\u0440\u0435\u043D\u0435\u0440\\20220221_123006\\1645436757490.png, C:\\Users\\LENOVO\\Katalon Studio\\Project Avangard\\Reports\\20220221_122957\\\u0422\u0440\u0435\u043D\u0435\u0440\\20220221_123006\\1645436759690.png, C:\\Users\\LENOVO\\Katalon Studio\\Project Avangard\\Reports\\20220221_122957\\\u0422\u0440\u0435\u043D\u0435\u0440\\20220221_123006\\1645437056084.png, C:\\Users\\LENOVO\\Katalon Studio\\Project Avangard\\Reports\\20220221_122957\\\u0422\u0440\u0435\u043D\u0435\u0440\\20220221_123006\\1645437058449.png, C:\\Users\\LENOVO\\Katalon Studio\\Project Avangard\\Reports\\20220221_122957\\\u0422\u0440\u0435\u043D\u0435\u0440\\20220221_123006\\1645437208452.png, C:\\Users\\LENOVO\\Katalon Studio\\Project Avangard\\Reports\\20220221_122957\\\u0422\u0440\u0435\u043D\u0435\u0440\\20220221_123006\\1645437210782.png"/>
         <property name="hostName" value="LENOVO - DESKTOP-KNHN0AA"/>
         <property name="remoteDriverUrl" value="testcloud.katalon.com/hub"/>
         <property name="desiredCapabilities" value="{
  &quot;acceptInsecureCerts&quot;: false,
  &quot;browserName&quot;: &quot;chrome&quot;,
  &quot;browserVersion&quot;: &quot;97.0.4692.71&quot;,
  &quot;chrome&quot;: {
    &quot;chromedriverVersion&quot;: &quot;97.0.4692.71 (adefa7837d02a07a604c1e6eff0b3a09422ab88d-refs/branch-heads/4692@{#1247})&quot;,
    &quot;userDataDir&quot;: &quot;/tmp/.com.google.Chrome.RFQIkg&quot;
  },
  &quot;goog:chromeOptions&quot;: {
    &quot;debuggerAddress&quot;: &quot;localhost:34113&quot;
  },
  &quot;javascriptEnabled&quot;: true,
  &quot;networkConnectionEnabled&quot;: false,
  &quot;pageLoadStrategy&quot;: &quot;normal&quot;,
  &quot;platform&quot;: &quot;LINUX&quot;,
  &quot;platformName&quot;: &quot;LINUX&quot;,
  &quot;proxy&quot;: {
    &quot;proxyType&quot;: &quot;DIRECT&quot;,
    &quot;autodetect&quot;: false
  },
  &quot;se:cdp&quot;: &quot;ws://172.48.72.136:4444/session/fcaf02a2cf4a9fdcd885af48d2f2dacb/se/cdp&quot;,
  &quot;se:cdpVersion&quot;: &quot;97.0.4692.71&quot;,
  &quot;se:vnc&quot;: &quot;ws://172.48.72.136:4444/session/fcaf02a2cf4a9fdcd885af48d2f2dacb/se/vnc&quot;,
  &quot;se:vncEnabled&quot;: true,
  &quot;se:vncLocalAddress&quot;: &quot;ws://172.48.72.136:7900&quot;,
  &quot;setWindowRect&quot;: true,
  &quot;strictFileInteractability&quot;: false,
  &quot;timeouts&quot;: {
    &quot;implicit&quot;: 0,
    &quot;pageLoad&quot;: 300000,
    &quot;script&quot;: 30000
  },
  &quot;unhandledPromptBehavior&quot;: &quot;dismiss and notify&quot;,
  &quot;webauthn:extension:credBlob&quot;: true,
  &quot;webauthn:extension:largeBlob&quot;: true,
  &quot;webauthn:virtualAuthenticators&quot;: true
}"/>
         <property name="os" value="Windows 10 64bit"/>
         <property name="remoteOS" value="Linux"/>
         <property name="katalonVersion" value="8.2.5.208"/>
         <property name="browser" value="Chrome 97.0.4692.71"/>
         <property name="hostAddress" value="192.168.2.113"/>
         <property name="sessionId" value="fcaf02a2cf4a9fdcd885af48d2f2dacb"/>
         <property name="seleniumVersion" value="3.141.59"/>
         <property name="proxyInformation" value="ProxyInformation { proxyOption=NO_PROXY, proxyServerType=HTTP, username=, password=********, proxyServerAddress=, proxyServerPort=0, executionList=&quot;&quot;, isApplyToDesiredCapabilities=true }"/>
         <property name="platform" value="Windows 10"/>
      </properties>
      <testcase name="Test Cases/Тренер/Авторизация" time="55.057" classname="Test Cases/Тренер/Авторизация" status="PASSED">
         <system-out><![CDATA[2022-02-21 12:30:26 - [TEST_CASE][PASSED] - Test Cases/Тренер/Авторизация: Test Cases/Тренер/Авторизация

2022-02-21 12:30:30 - [TEST_STEP][PASSED] - openBrowser(""): Browser is opened with url: ''

2022-02-21 12:30:32 - [MESSAGE][INFO] - User set preference: ['os', 'linux']

2022-02-21 12:30:32 - [MESSAGE][INFO] - User set preference: ['browserName', 'chrome']

2022-02-21 12:30:32 - [MESSAGE][INFO] - User set preference: ['browserVersion', '97']

2022-02-21 12:30:32 - [MESSAGE][INFO] - User set preference: ['katalon:option', '{organizationId=551240, tunnelId=, usingTunnel=false}']

2022-02-21 12:30:32 - [MESSAGE][INFO] - Connecting to remote web server 'testcloud.katalon.com/hub' with type 'Selenium'

2022-02-21 12:30:34 - [MESSAGE][INFO] - Action delay is set to 100 milliseconds

2022-02-21 12:31:03 - [MESSAGE][PASSED] - Browser is opened with url: ''

2022-02-21 12:31:03 - [TEST_STEP][PASSED] - maximizeWindow(): Current window maximized

2022-02-21 12:31:03 - [MESSAGE][PASSED] - Current window maximized

2022-02-21 12:31:03 - [TEST_STEP][PASSED] - navigateToUrl(url): Navigate to 'https://stars-stage.hawk.ru:8080' successfully

2022-02-21 12:31:11 - [MESSAGE][PASSED] - Navigate to 'https://stars-stage.hawk.ru:8080' successfully

2022-02-21 12:31:11 - [TEST_STEP][PASSED] - setText(findTestObject("Object Repository/manager/Page_/input__sc-lnrBVv eqPACj"), coach_login): Text 'ageev.da@hc-avangard.com' is set on object 'Object Repository/manager/Page_/input__sc-lnrBVv eqPACj'

2022-02-21 12:31:15 - [MESSAGE][PASSED] - Text 'ageev.da@hc-avangard.com' is set on object 'Object Repository/manager/Page_/input__sc-lnrBVv eqPACj'

2022-02-21 12:31:15 - [TEST_STEP][PASSED] - setText(findTestObject("Object Repository/manager/Page_/input__sc-lnrBVv eqPACj_1"), coach_password): Text 'zz4waxq6' is set on object 'Object Repository/manager/Page_/input__sc-lnrBVv eqPACj_1'

2022-02-21 12:31:19 - [MESSAGE][PASSED] - Text 'zz4waxq6' is set on object 'Object Repository/manager/Page_/input__sc-lnrBVv eqPACj_1'

2022-02-21 12:31:19 - [TEST_STEP][PASSED] - click(findTestObject("manager/Page_/go")): Object: 'Object Repository/manager/Page_/go' is clicked on

2022-02-21 12:31:21 - [MESSAGE][PASSED] - Object: 'Object Repository/manager/Page_/go' is clicked on]]></system-out>
         <system-err><![CDATA[]]></system-err>
      </testcase>
      <testcase name="Test Cases/Тренер/Рекомендации по ОФП" time="563.724" classname="Test Cases/Тренер/Рекомендации по ОФП" status="PASSED">
         <system-out><![CDATA[2022-02-21 12:31:21 - [TEST_CASE][PASSED] - Test Cases/Тренер/Рекомендации по ОФП: Test Cases/Тренер/Рекомендации по ОФП

2022-02-21 12:31:22 - [TEST_STEP][PASSED] - callTestCase(findTestCase("Тренер/Авторизация"), [:], STOP_ON_FAILURE): Call Test Case 'Test Cases/Тренер/Авторизация' successfully

2022-02-21 12:31:22 - [TEST_CASE][PASSED] - Test Cases/Тренер/Авторизация: Test Cases/Тренер/Авторизация

2022-02-21 12:31:22 - [TEST_STEP][PASSED] - openBrowser(""): Browser is opened with url: ''

2022-02-21 12:31:22 - [MESSAGE][WARNING] - A browser is already opened. Closing browser and opening a new one

2022-02-21 12:31:23 - [MESSAGE][INFO] - User set preference: ['os', 'linux']

2022-02-21 12:31:23 - [MESSAGE][INFO] - User set preference: ['browserName', 'chrome']

2022-02-21 12:31:23 - [MESSAGE][INFO] - User set preference: ['browserVersion', '97']

2022-02-21 12:31:23 - [MESSAGE][INFO] - User set preference: ['katalon:option', '{organizationId=551240, tunnelId=, usingTunnel=false}']

2022-02-21 12:31:23 - [MESSAGE][INFO] - Connecting to remote web server 'testcloud.katalon.com/hub' with type 'Selenium'

2022-02-21 12:31:23 - [MESSAGE][INFO] - Action delay is set to 100 milliseconds

2022-02-21 12:33:17 - [MESSAGE][PASSED] - Browser is opened with url: ''

2022-02-21 12:33:17 - [TEST_STEP][PASSED] - maximizeWindow(): Current window maximized

2022-02-21 12:33:18 - [MESSAGE][PASSED] - Current window maximized

2022-02-21 12:33:18 - [TEST_STEP][PASSED] - navigateToUrl(url): Navigate to 'https://stars-stage.hawk.ru:8080' successfully

2022-02-21 12:33:24 - [MESSAGE][PASSED] - Navigate to 'https://stars-stage.hawk.ru:8080' successfully

2022-02-21 12:33:24 - [TEST_STEP][PASSED] - setText(findTestObject("Object Repository/manager/Page_/input__sc-lnrBVv eqPACj"), coach_login): Text 'ageev.da@hc-avangard.com' is set on object 'Object Repository/manager/Page_/input__sc-lnrBVv eqPACj'

2022-02-21 12:33:28 - [MESSAGE][PASSED] - Text 'ageev.da@hc-avangard.com' is set on object 'Object Repository/manager/Page_/input__sc-lnrBVv eqPACj'

2022-02-21 12:33:28 - [TEST_STEP][PASSED] - setText(findTestObject("Object Repository/manager/Page_/input__sc-lnrBVv eqPACj_1"), coach_password): Text 'zz4waxq6' is set on object 'Object Repository/manager/Page_/input__sc-lnrBVv eqPACj_1'

2022-02-21 12:33:32 - [MESSAGE][PASSED] - Text 'zz4waxq6' is set on object 'Object Repository/manager/Page_/input__sc-lnrBVv eqPACj_1'

2022-02-21 12:33:32 - [TEST_STEP][PASSED] - click(findTestObject("manager/Page_/go")): Object: 'Object Repository/manager/Page_/go' is clicked on

2022-02-21 12:33:35 - [MESSAGE][PASSED] - Object: 'Object Repository/manager/Page_/go' is clicked on

2022-02-21 12:33:35 - [MESSAGE][PASSED] - Call Test Case 'Test Cases/Тренер/Авторизация' successfully

2022-02-21 12:33:35 - [TEST_STEP][PASSED] - click(findTestObject("Object Repository/Avangard New/Object (Тренер)/physical_testing_report")): Object: 'Object Repository/Avangard New/Object (Тренер)/physical_testing_report' is clicked on

2022-02-21 12:33:49 - [MESSAGE][PASSED] - Object: 'Object Repository/Avangard New/Object (Тренер)/physical_testing_report' is clicked on

2022-02-21 12:33:49 - [TEST_STEP][PASSED] - click(findTestObject("Object Repository/Avangard New/Object (Тренер)/div_31.07.2020")): Object: 'Object Repository/Avangard New/Object (Тренер)/div_31.07.2020' is clicked on

2022-02-21 12:33:53 - [MESSAGE][PASSED] - Object: 'Object Repository/Avangard New/Object (Тренер)/div_31.07.2020' is clicked on

2022-02-21 12:33:53 - [TEST_STEP][PASSED] - click(findTestObject("Object Repository/Avangard New/Object (Тренер)/div_31.10.2020")): Object: 'Object Repository/Avangard New/Object (Тренер)/div_31.10.2020' is clicked on

2022-02-21 12:33:55 - [MESSAGE][PASSED] - Object: 'Object Repository/Avangard New/Object (Тренер)/div_31.10.2020' is clicked on

2022-02-21 12:33:55 - [TEST_STEP][PASSED] - scrollToElement(findTestObject("Object Repository/AA/gazizov"), 0): Scroll to object 'Object Repository/AA/gazizov' successfully

2022-02-21 12:33:55 - [MESSAGE][WARNING] - Timeout '0' is invalid. Using default page load timeout: '30'

2022-02-21 12:33:58 - [MESSAGE][PASSED] - Scroll to object 'Object Repository/AA/gazizov' successfully

2022-02-21 12:33:58 - [TEST_STEP][PASSED] - click(findTestObject("Object Repository/Avangard New/Object (Тренер)/trikozov")): Object: 'Object Repository/Avangard New/Object (Тренер)/trikozov' is clicked on

2022-02-21 12:34:01 - [MESSAGE][PASSED] - Object: 'Object Repository/Avangard New/Object (Тренер)/trikozov' is clicked on

2022-02-21 12:34:01 - [TEST_STEP][NOT_RUN] - click(findTestObject("Object Repository/Avangard New/Object (Тренер)/button exit"), STOP_ON_FAILURE): NOT_RUN: click(findTestObject("Object Repository/Avangard New/Object (Тренер)/button exit"), STOP_ON_FAILURE)

2022-02-21 12:34:01 - [MESSAGE][NOT_RUN] - NOT_RUN: click(findTestObject("Object Repository/Avangard New/Object (Тренер)/button exit"), STOP_ON_FAILURE)

2022-02-21 12:34:01 - [TEST_STEP][PASSED] - click(findTestObject("Object Repository/Avangard New/Object (Тренер)/add")): Object: 'Object Repository/Avangard New/Object (Тренер)/add' is clicked on

2022-02-21 12:34:04 - [MESSAGE][PASSED] - Object: 'Object Repository/Avangard New/Object (Тренер)/add' is clicked on

2022-02-21 12:34:04 - [TEST_STEP][PASSED] - setText(findTestObject("Object Repository/Avangard New/Object (Тренер)/input_ _sc-eqIVtm fYABJt"), "тестовый план тренировки"): Text 'тестовый план тренировки' is set on object 'Object Repository/Avangard New/Object (Тренер)/input_ _sc-eqIVtm fYABJt'

2022-02-21 12:34:09 - [MESSAGE][PASSED] - Text 'тестовый план тренировки' is set on object 'Object Repository/Avangard New/Object (Тренер)/input_ _sc-eqIVtm fYABJt'

2022-02-21 12:34:09 - [TEST_STEP][PASSED] - click(findTestObject("Object Repository/Avangard New/Object (Тренер)/div__1zadacha")): Object: 'Object Repository/Avangard New/Object (Тренер)/div__1zadacha' is clicked on

2022-02-21 12:34:11 - [MESSAGE][PASSED] - Object: 'Object Repository/Avangard New/Object (Тренер)/div__1zadacha' is clicked on

2022-02-21 12:34:11 - [TEST_STEP][NOT_RUN] - click(findTestObject("Object Repository/Avangard New/Object (Тренер)/button close")): NOT_RUN: click(findTestObject("Object Repository/Avangard New/Object (Тренер)/button close"))

2022-02-21 12:34:11 - [MESSAGE][NOT_RUN] - NOT_RUN: click(findTestObject("Object Repository/Avangard New/Object (Тренер)/button close"))

2022-02-21 12:34:11 - [TEST_STEP][PASSED] - click(findTestObject("Object Repository/Avangard New/Object (Тренер)/addzadacha")): Object: 'Object Repository/Avangard New/Object (Тренер)/addzadacha' is clicked on

2022-02-21 12:34:13 - [MESSAGE][PASSED] - Object: 'Object Repository/Avangard New/Object (Тренер)/addzadacha' is clicked on

2022-02-21 12:34:13 - [TEST_STEP][PASSED] - setText(findTestObject("Object Repository/Avangard New/Object (Тренер)/input_ _sc-eqIVtm fYABJt_1"), "тестовая задача "): Text 'тестовая задача ' is set on object 'Object Repository/Avangard New/Object (Тренер)/input_ _sc-eqIVtm fYABJt_1'

2022-02-21 12:34:17 - [MESSAGE][PASSED] - Text 'тестовая задача ' is set on object 'Object Repository/Avangard New/Object (Тренер)/input_ _sc-eqIVtm fYABJt_1'

2022-02-21 12:34:17 - [TEST_STEP][PASSED] - scrollToElement(findTestObject("Object Repository/Avangard New/Object (Тренер)/save"), 0): Scroll to object 'Object Repository/Avangard New/Object (Тренер)/save' successfully

2022-02-21 12:34:17 - [MESSAGE][WARNING] - Timeout '0' is invalid. Using default page load timeout: '30'

2022-02-21 12:34:19 - [MESSAGE][PASSED] - Scroll to object 'Object Repository/Avangard New/Object (Тренер)/save' successfully

2022-02-21 12:34:19 - [TEST_STEP][PASSED] - click(findTestObject("Object Repository/Avangard New/Object (Тренер)/save")): Object: 'Object Repository/Avangard New/Object (Тренер)/save' is clicked on

2022-02-21 12:34:22 - [MESSAGE][PASSED] - Object: 'Object Repository/Avangard New/Object (Тренер)/save' is clicked on

2022-02-21 12:34:22 - [TEST_STEP][PASSED] - verifyTextPresent("Форма сохранена", false): Text 'Форма сохранена' is present on page 

2022-02-21 12:34:27 - [MESSAGE][PASSED] - Text 'Форма сохранена' is present on page 

2022-02-21 12:34:27 - [TEST_STEP][PASSED] - click(findTestObject("Object Repository/Avangard New/Object (Тренер)/root")): Object: 'Object Repository/Avangard New/Object (Тренер)/root' is clicked on

2022-02-21 12:34:30 - [MESSAGE][PASSED] - Object: 'Object Repository/Avangard New/Object (Тренер)/root' is clicked on

2022-02-21 12:34:30 - [TEST_STEP][PASSED] - scrollToElement(findTestObject("Object Repository/Avangard New/Object (Тренер)/exit"), 0): Scroll to object 'Object Repository/Avangard New/Object (Тренер)/exit' successfully

2022-02-21 12:34:30 - [MESSAGE][WARNING] - Timeout '0' is invalid. Using default page load timeout: '30'

2022-02-21 12:34:36 - [MESSAGE][PASSED] - Scroll to object 'Object Repository/Avangard New/Object (Тренер)/exit' successfully

2022-02-21 12:34:36 - [TEST_STEP][PASSED] - click(findTestObject("Object Repository/Avangard New/Object (Тренер)/exit")): Object: 'Object Repository/Avangard New/Object (Тренер)/exit' is clicked on

2022-02-21 12:34:39 - [MESSAGE][PASSED] - Object: 'Object Repository/Avangard New/Object (Тренер)/exit' is clicked on

2022-02-21 12:34:39 - [TEST_STEP][PASSED] - callTestCase(findTestCase("Игрок/Авторизация"), [:], STOP_ON_FAILURE): Call Test Case 'Test Cases/Игрок/Авторизация' successfully

2022-02-21 12:34:39 - [TEST_CASE][PASSED] - Test Cases/Игрок/Авторизация: Test Cases/Игрок/Авторизация

2022-02-21 12:34:39 - [TEST_STEP][PASSED] - openBrowser(""): Browser is opened with url: ''

2022-02-21 12:34:39 - [MESSAGE][WARNING] - A browser is already opened. Closing browser and opening a new one

2022-02-21 12:34:40 - [MESSAGE][INFO] - User set preference: ['os', 'linux']

2022-02-21 12:34:40 - [MESSAGE][INFO] - User set preference: ['browserName', 'chrome']

2022-02-21 12:34:40 - [MESSAGE][INFO] - User set preference: ['browserVersion', '97']

2022-02-21 12:34:40 - [MESSAGE][INFO] - User set preference: ['katalon:option', '{organizationId=551240, tunnelId=, usingTunnel=false}']

2022-02-21 12:34:40 - [MESSAGE][INFO] - Connecting to remote web server 'testcloud.katalon.com/hub' with type 'Selenium'

2022-02-21 12:34:40 - [MESSAGE][INFO] - Action delay is set to 100 milliseconds

2022-02-21 12:36:51 - [MESSAGE][PASSED] - Browser is opened with url: ''

2022-02-21 12:36:51 - [TEST_STEP][PASSED] - maximizeWindow(): Current window maximized

2022-02-21 12:36:52 - [MESSAGE][PASSED] - Current window maximized

2022-02-21 12:36:52 - [TEST_STEP][PASSED] - navigateToUrl(url): Navigate to 'https://stars-stage.hawk.ru:8080' successfully

2022-02-21 12:36:58 - [MESSAGE][PASSED] - Navigate to 'https://stars-stage.hawk.ru:8080' successfully

2022-02-21 12:36:58 - [TEST_STEP][PASSED] - setText(findTestObject("Object Repository/manager/Page_/input__sc-lnrBVv eqPACj"), player_login): Text 'danilaganin7218@icloud.com' is set on object 'Object Repository/manager/Page_/input__sc-lnrBVv eqPACj'

2022-02-21 12:37:03 - [MESSAGE][PASSED] - Text 'danilaganin7218@icloud.com' is set on object 'Object Repository/manager/Page_/input__sc-lnrBVv eqPACj'

2022-02-21 12:37:03 - [TEST_STEP][PASSED] - setText(findTestObject("Object Repository/manager/Page_/input__sc-lnrBVv eqPACj_1"), player_password): Text 'danilaganin7218' is set on object 'Object Repository/manager/Page_/input__sc-lnrBVv eqPACj_1'

2022-02-21 12:37:07 - [MESSAGE][PASSED] - Text 'danilaganin7218' is set on object 'Object Repository/manager/Page_/input__sc-lnrBVv eqPACj_1'

2022-02-21 12:37:07 - [TEST_STEP][PASSED] - click(findTestObject("manager/Page_/go")): Object: 'Object Repository/manager/Page_/go' is clicked on

2022-02-21 12:37:09 - [MESSAGE][PASSED] - Object: 'Object Repository/manager/Page_/go' is clicked on

2022-02-21 12:37:09 - [MESSAGE][PASSED] - Call Test Case 'Test Cases/Игрок/Авторизация' successfully

2022-02-21 12:37:09 - [TEST_STEP][PASSED] - scrollToElement(findTestObject("Object Repository/Avangard New/Object (Тренер)/div_19.02.22"), 0): Scroll to object 'Object Repository/Avangard New/Object (Тренер)/div_19.02.22' successfully

2022-02-21 12:37:09 - [MESSAGE][WARNING] - Timeout '0' is invalid. Using default page load timeout: '30'

2022-02-21 12:37:24 - [MESSAGE][PASSED] - Scroll to object 'Object Repository/Avangard New/Object (Тренер)/div_19.02.22' successfully

2022-02-21 12:37:24 - [TEST_STEP][PASSED] - verifyTextPresent("тестовая задача", false): Text 'тестовая задача' is present on page 

2022-02-21 12:37:25 - [MESSAGE][PASSED] - Text 'тестовая задача' is present on page 

2022-02-21 12:37:25 - [TEST_STEP][NOT_RUN] - enhancedClick(findTestObject("Object Repository/Avangard New/Object (Тренер)/span_ _sc-drKuOJ cOdKkH CheckboxDisplayWithoutName")): NOT_RUN: enhancedClick(findTestObject("Object Repository/Avangard New/Object (Тренер)/span_ _sc-drKuOJ cOdKkH CheckboxDisplayWithoutName"))

2022-02-21 12:37:25 - [MESSAGE][NOT_RUN] - NOT_RUN: enhancedClick(findTestObject("Object Repository/Avangard New/Object (Тренер)/span_ _sc-drKuOJ cOdKkH CheckboxDisplayWithoutName"))

2022-02-21 12:37:25 - [TEST_STEP][PASSED] - click(findTestObject("Object Repository/Avangard New/Object (Тренер)/exit")): Object: 'Object Repository/Avangard New/Object (Тренер)/exit' is clicked on

2022-02-21 12:37:28 - [MESSAGE][PASSED] - Object: 'Object Repository/Avangard New/Object (Тренер)/exit' is clicked on

2022-02-21 12:37:28 - [TEST_STEP][PASSED] - callTestCase(findTestCase("Тренер/Авторизация"), [:], STOP_ON_FAILURE): Call Test Case 'Test Cases/Тренер/Авторизация' successfully

2022-02-21 12:37:28 - [TEST_CASE][PASSED] - Test Cases/Тренер/Авторизация: Test Cases/Тренер/Авторизация

2022-02-21 12:37:28 - [TEST_STEP][PASSED] - openBrowser(""): Browser is opened with url: ''

2022-02-21 12:37:28 - [MESSAGE][WARNING] - A browser is already opened. Closing browser and opening a new one

2022-02-21 12:37:29 - [MESSAGE][INFO] - User set preference: ['os', 'linux']

2022-02-21 12:37:29 - [MESSAGE][INFO] - User set preference: ['browserName', 'chrome']

2022-02-21 12:37:29 - [MESSAGE][INFO] - User set preference: ['browserVersion', '97']

2022-02-21 12:37:29 - [MESSAGE][INFO] - User set preference: ['katalon:option', '{organizationId=551240, tunnelId=, usingTunnel=false}']

2022-02-21 12:37:29 - [MESSAGE][INFO] - Connecting to remote web server 'testcloud.katalon.com/hub' with type 'Selenium'

2022-02-21 12:37:29 - [MESSAGE][INFO] - Action delay is set to 100 milliseconds

2022-02-21 12:39:30 - [MESSAGE][PASSED] - Browser is opened with url: ''

2022-02-21 12:39:30 - [TEST_STEP][PASSED] - maximizeWindow(): Current window maximized

2022-02-21 12:39:31 - [MESSAGE][PASSED] - Current window maximized

2022-02-21 12:39:31 - [TEST_STEP][PASSED] - navigateToUrl(url): Navigate to 'https://stars-stage.hawk.ru:8080' successfully

2022-02-21 12:39:52 - [MESSAGE][PASSED] - Navigate to 'https://stars-stage.hawk.ru:8080' successfully

2022-02-21 12:39:52 - [TEST_STEP][PASSED] - setText(findTestObject("Object Repository/manager/Page_/input__sc-lnrBVv eqPACj"), coach_login): Text 'ageev.da@hc-avangard.com' is set on object 'Object Repository/manager/Page_/input__sc-lnrBVv eqPACj'

2022-02-21 12:39:57 - [MESSAGE][PASSED] - Text 'ageev.da@hc-avangard.com' is set on object 'Object Repository/manager/Page_/input__sc-lnrBVv eqPACj'

2022-02-21 12:39:57 - [TEST_STEP][PASSED] - setText(findTestObject("Object Repository/manager/Page_/input__sc-lnrBVv eqPACj_1"), coach_password): Text 'zz4waxq6' is set on object 'Object Repository/manager/Page_/input__sc-lnrBVv eqPACj_1'

2022-02-21 12:40:01 - [MESSAGE][PASSED] - Text 'zz4waxq6' is set on object 'Object Repository/manager/Page_/input__sc-lnrBVv eqPACj_1'

2022-02-21 12:40:01 - [TEST_STEP][PASSED] - click(findTestObject("manager/Page_/go")): Object: 'Object Repository/manager/Page_/go' is clicked on

2022-02-21 12:40:04 - [MESSAGE][PASSED] - Object: 'Object Repository/manager/Page_/go' is clicked on

2022-02-21 12:40:04 - [MESSAGE][PASSED] - Call Test Case 'Test Cases/Тренер/Авторизация' successfully

2022-02-21 12:40:04 - [TEST_STEP][PASSED] - click(findTestObject("Object Repository/Avangard New/Object (Тренер)/physical_testing_report")): Object: 'Object Repository/Avangard New/Object (Тренер)/physical_testing_report' is clicked on

2022-02-21 12:40:22 - [MESSAGE][PASSED] - Object: 'Object Repository/Avangard New/Object (Тренер)/physical_testing_report' is clicked on

2022-02-21 12:40:22 - [TEST_STEP][PASSED] - click(findTestObject("Object Repository/Avangard New/Object (Тренер)/div_31.07.2020")): Object: 'Object Repository/Avangard New/Object (Тренер)/div_31.07.2020' is clicked on

2022-02-21 12:40:25 - [MESSAGE][PASSED] - Object: 'Object Repository/Avangard New/Object (Тренер)/div_31.07.2020' is clicked on

2022-02-21 12:40:25 - [TEST_STEP][PASSED] - click(findTestObject("Object Repository/Avangard New/Object (Тренер)/div_31.10.2020")): Object: 'Object Repository/Avangard New/Object (Тренер)/div_31.10.2020' is clicked on

2022-02-21 12:40:27 - [MESSAGE][PASSED] - Object: 'Object Repository/Avangard New/Object (Тренер)/div_31.10.2020' is clicked on

2022-02-21 12:40:27 - [TEST_STEP][PASSED] - click(findTestObject("Object Repository/Avangard New/Object (Тренер)/prosmotr")): Object: 'Object Repository/Avangard New/Object (Тренер)/prosmotr' is clicked on

2022-02-21 12:40:30 - [MESSAGE][PASSED] - Object: 'Object Repository/Avangard New/Object (Тренер)/prosmotr' is clicked on

2022-02-21 12:40:30 - [TEST_STEP][NOT_RUN] - click(findTestObject("Object Repository/Avangard New/Object (Тренер)/delete")): NOT_RUN: click(findTestObject("Object Repository/Avangard New/Object (Тренер)/delete"))

2022-02-21 12:40:30 - [MESSAGE][NOT_RUN] - NOT_RUN: click(findTestObject("Object Repository/Avangard New/Object (Тренер)/delete"))

2022-02-21 12:40:30 - [TEST_STEP][PASSED] - click(findTestObject("Object Repository/Avangard New/Object (Тренер)/button exit"), STOP_ON_FAILURE): Object: 'Object Repository/Avangard New/Object (Тренер)/button exit' is clicked on

2022-02-21 12:40:34 - [MESSAGE][PASSED] - Object: 'Object Repository/Avangard New/Object (Тренер)/button exit' is clicked on

2022-02-21 12:40:34 - [TEST_STEP][PASSED] - click(findTestObject("Object Repository/Avangard New/Object (Тренер)/div__1zadacha")): Object: 'Object Repository/Avangard New/Object (Тренер)/div__1zadacha' is clicked on

2022-02-21 12:40:36 - [MESSAGE][PASSED] - Object: 'Object Repository/Avangard New/Object (Тренер)/div__1zadacha' is clicked on

2022-02-21 12:40:36 - [TEST_STEP][NOT_RUN] - click(findTestObject("Object Repository/Avangard New/Object (Тренер)/delete1")): NOT_RUN: click(findTestObject("Object Repository/Avangard New/Object (Тренер)/delete1"))

2022-02-21 12:40:36 - [MESSAGE][NOT_RUN] - NOT_RUN: click(findTestObject("Object Repository/Avangard New/Object (Тренер)/delete1"))

2022-02-21 12:40:36 - [TEST_STEP][PASSED] - click(findTestObject("Object Repository/Avangard New/Object (Тренер)/button close")): Object: 'Object Repository/Avangard New/Object (Тренер)/button close' is clicked on

2022-02-21 12:40:38 - [MESSAGE][PASSED] - Object: 'Object Repository/Avangard New/Object (Тренер)/button close' is clicked on

2022-02-21 12:40:38 - [TEST_STEP][PASSED] - click(findTestObject("Object Repository/Avangard New/Object (Тренер)/save")): Object: 'Object Repository/Avangard New/Object (Тренер)/save' is clicked on

2022-02-21 12:40:40 - [MESSAGE][PASSED] - Object: 'Object Repository/Avangard New/Object (Тренер)/save' is clicked on

2022-02-21 12:40:40 - [TEST_STEP][PASSED] - click(findTestObject("Object Repository/Avangard New/Object (Тренер)/root")): Object: 'Object Repository/Avangard New/Object (Тренер)/root' is clicked on

2022-02-21 12:40:45 - [MESSAGE][PASSED] - Object: 'Object Repository/Avangard New/Object (Тренер)/root' is clicked on

2022-02-21 12:40:45 - [TEST_STEP][PASSED] - closeBrowser(): Browser is closed

2022-02-21 12:40:45 - [MESSAGE][PASSED] - Browser is closed]]></system-out>
         <system-err><![CDATA[]]></system-err>
      </testcase>
      <testcase name="Test Cases/Тренер/Составы" time="319.804" classname="Test Cases/Тренер/Составы" status="FAILED">
         <failure type="FAILED" message="Test Cases/Тренер/Составы FAILED.
Reason:
com.kms.katalon.core.exception.StepFailedException: Call Test Case 'Test Cases/Тренер/Cоставы у игрока' failed
	at com.kms.katalon.core.keyword.builtin.CallTestCaseKeyword$_callTestCase_closure1.doCall(CallTestCaseKeyword.groovy:63)
	at com.kms.katalon.core.keyword.builtin.CallTestCaseKeyword$_callTestCase_closure1.call(CallTestCaseKeyword.groovy)
	at com.kms.katalon.core.keyword.internal.KeywordMain.runKeyword(KeywordMain.groovy:74)
	at com.kms.katalon.core.keyword.builtin.CallTestCaseKeyword.callTestCase(CallTestCaseKeyword.groovy:81)
	at com.kms.katalon.core.keyword.builtin.CallTestCaseKeyword.execute(CallTestCaseKeyword.groovy:44)
	at com.kms.katalon.core.keyword.internal.KeywordExecutor.executeKeywordForPlatform(KeywordExecutor.groovy:74)
	at com.kms.katalon.core.keyword.BuiltinKeywords.callTestCase(BuiltinKeywords.groovy:334)
	at Составы.run(Составы:69)
	at com.kms.katalon.core.main.ScriptEngine.run(ScriptEngine.java:194)
	at com.kms.katalon.core.main.ScriptEngine.runScriptAsRawText(ScriptEngine.java:119)
	at com.kms.katalon.core.main.TestCaseExecutor.runScript(TestCaseExecutor.java:442)
	at com.kms.katalon.core.main.TestCaseExecutor.doExecute(TestCaseExecutor.java:433)
	at com.kms.katalon.core.main.TestCaseExecutor.processExecutionPhase(TestCaseExecutor.java:412)
	at com.kms.katalon.core.main.TestCaseExecutor.accessMainPhase(TestCaseExecutor.java:404)
	at com.kms.katalon.core.main.TestCaseExecutor.execute(TestCaseExecutor.java:281)
	at com.kms.katalon.core.main.TestSuiteExecutor.accessTestCaseMainPhase(TestSuiteExecutor.java:202)
	at com.kms.katalon.core.main.TestSuiteExecutor.accessTestSuiteMainPhase(TestSuiteExecutor.java:164)
	at com.kms.katalon.core.main.TestSuiteExecutor.execute(TestSuiteExecutor.java:105)
	at com.kms.katalon.core.main.TestCaseMain.startTestSuite(TestCaseMain.java:185)
	at com.kms.katalon.core.main.TestCaseMain$startTestSuite$0.call(Unknown Source)
	at TempTestSuite1645435806217.run(TempTestSuite1645435806217.groovy:36)
Caused by: com.kms.katalon.core.exception.StepFailedException: Verify element text of test object 'Object Repository/Avangard New/Object (Тренер)/Case (Составы)/ganin player' FAILED.
	at com.kms.katalon.core.webui.keyword.internal.WebUIKeywordMain.stepFailed(WebUIKeywordMain.groovy:64)
	at com.kms.katalon.core.webui.keyword.internal.WebUIKeywordMain.runKeyword(WebUIKeywordMain.groovy:26)
	at com.kms.katalon.core.webui.keyword.builtin.VerifyElementTextKeyword.verifyElementText(VerifyElementTextKeyword.groovy:72)
	at com.kms.katalon.core.webui.keyword.builtin.VerifyElementTextKeyword.execute(VerifyElementTextKeyword.groovy:40)
	at com.kms.katalon.core.keyword.internal.KeywordExecutor.executeKeywordForPlatform(KeywordExecutor.groovy:74)
	at com.kms.katalon.core.webui.keyword.WebUiBuiltInKeywords.verifyElementText(WebUiBuiltInKeywords.groovy:4749)
	at com.kms.katalon.core.webui.keyword.WebUiBuiltInKeywords$verifyElementText$8.call(Unknown Source)
	at Cоставы у игрока.run(Cоставы у игрока:24)
	at com.kms.katalon.core.main.ScriptEngine.run(ScriptEngine.java:194)
	at com.kms.katalon.core.main.ScriptEngine.runScriptAsRawText(ScriptEngine.java:119)
	at com.kms.katalon.core.main.TestCaseExecutor.runScript(TestCaseExecutor.java:442)
	at com.kms.katalon.core.main.TestCaseExecutor.doExecute(TestCaseExecutor.java:433)
	at com.kms.katalon.core.main.TestCaseExecutor.processExecutionPhase(TestCaseExecutor.java:412)
	at com.kms.katalon.core.main.TestCaseExecutor.accessMainPhase(TestCaseExecutor.java:404)
	at com.kms.katalon.core.main.TestCaseExecutor.execute(TestCaseExecutor.java:281)
	at com.kms.katalon.core.main.TestCaseMain.runTestCase(TestCaseMain.java:142)
	at com.kms.katalon.core.keyword.builtin.CallTestCaseKeyword$_callTestCase_closure1.doCall(CallTestCaseKeyword.groovy:59)
	... 20 more
Caused by: com.kms.katalon.core.exception.StepFailedException: Actual text 'Булавчук' and expected text 'Ганин' of test object 'Object Repository/Avangard New/Object (Тренер)/Case (Составы)/ganin player' are NOT matched.
	at com.kms.katalon.core.webui.keyword.internal.WebUIKeywordMain.stepFailed(WebUIKeywordMain.groovy:64)
	at com.kms.katalon.core.webui.keyword.builtin.VerifyElementTextKeyword$_verifyElementText_closure1.doCall(VerifyElementTextKeyword.groovy:57)
	at com.kms.katalon.core.webui.keyword.builtin.VerifyElementTextKeyword$_verifyElementText_closure1.call(VerifyElementTextKeyword.groovy)
	at com.kms.katalon.core.webui.keyword.internal.WebUIKeywordMain.runKeyword(WebUIKeywordMain.groovy:20)
	... 35 more
"/>
         <system-out><![CDATA[2022-02-21 12:40:45 - [TEST_CASE][FAILED] - Test Cases/Тренер/Составы: Test Cases/Тренер/Составы FAILED.
Reason:
com.kms.katalon.core.exception.StepFailedException: Call Test Case 'Test Cases/Тренер/Cоставы у игрока' failed
	at com.kms.katalon.core.keyword.builtin.CallTestCaseKeyword$_callTestCase_closure1.doCall(CallTestCaseKeyword.groovy:63)
	at com.kms.katalon.core.keyword.builtin.CallTestCaseKeyword$_callTestCase_closure1.call(CallTestCaseKeyword.groovy)
	at com.kms.katalon.core.keyword.internal.KeywordMain.runKeyword(KeywordMain.groovy:74)
	at com.kms.katalon.core.keyword.builtin.CallTestCaseKeyword.callTestCase(CallTestCaseKeyword.groovy:81)
	at com.kms.katalon.core.keyword.builtin.CallTestCaseKeyword.execute(CallTestCaseKeyword.groovy:44)
	at com.kms.katalon.core.keyword.internal.KeywordExecutor.executeKeywordForPlatform(KeywordExecutor.groovy:74)
	at com.kms.katalon.core.keyword.BuiltinKeywords.callTestCase(BuiltinKeywords.groovy:334)
	at Составы.run(Составы:69)
	at com.kms.katalon.core.main.ScriptEngine.run(ScriptEngine.java:194)
	at com.kms.katalon.core.main.ScriptEngine.runScriptAsRawText(ScriptEngine.java:119)
	at com.kms.katalon.core.main.TestCaseExecutor.runScript(TestCaseExecutor.java:442)
	at com.kms.katalon.core.main.TestCaseExecutor.doExecute(TestCaseExecutor.java:433)
	at com.kms.katalon.core.main.TestCaseExecutor.processExecutionPhase(TestCaseExecutor.java:412)
	at com.kms.katalon.core.main.TestCaseExecutor.accessMainPhase(TestCaseExecutor.java:404)
	at com.kms.katalon.core.main.TestCaseExecutor.execute(TestCaseExecutor.java:281)
	at com.kms.katalon.core.main.TestSuiteExecutor.accessTestCaseMainPhase(TestSuiteExecutor.java:202)
	at com.kms.katalon.core.main.TestSuiteExecutor.accessTestSuiteMainPhase(TestSuiteExecutor.java:164)
	at com.kms.katalon.core.main.TestSuiteExecutor.execute(TestSuiteExecutor.java:105)
	at com.kms.katalon.core.main.TestCaseMain.startTestSuite(TestCaseMain.java:185)
	at com.kms.katalon.core.main.TestCaseMain$startTestSuite$0.call(Unknown Source)
	at TempTestSuite1645435806217.run(TempTestSuite1645435806217.groovy:36)
Caused by: com.kms.katalon.core.exception.StepFailedException: Verify element text of test object 'Object Repository/Avangard New/Object (Тренер)/Case (Составы)/ganin player' FAILED.
	at com.kms.katalon.core.webui.keyword.internal.WebUIKeywordMain.stepFailed(WebUIKeywordMain.groovy:64)
	at com.kms.katalon.core.webui.keyword.internal.WebUIKeywordMain.runKeyword(WebUIKeywordMain.groovy:26)
	at com.kms.katalon.core.webui.keyword.builtin.VerifyElementTextKeyword.verifyElementText(VerifyElementTextKeyword.groovy:72)
	at com.kms.katalon.core.webui.keyword.builtin.VerifyElementTextKeyword.execute(VerifyElementTextKeyword.groovy:40)
	at com.kms.katalon.core.keyword.internal.KeywordExecutor.executeKeywordForPlatform(KeywordExecutor.groovy:74)
	at com.kms.katalon.core.webui.keyword.WebUiBuiltInKeywords.verifyElementText(WebUiBuiltInKeywords.groovy:4749)
	at com.kms.katalon.core.webui.keyword.WebUiBuiltInKeywords$verifyElementText$8.call(Unknown Source)
	at Cоставы у игрока.run(Cоставы у игрока:24)
	at com.kms.katalon.core.main.ScriptEngine.run(ScriptEngine.java:194)
	at com.kms.katalon.core.main.ScriptEngine.runScriptAsRawText(ScriptEngine.java:119)
	at com.kms.katalon.core.main.TestCaseExecutor.runScript(TestCaseExecutor.java:442)
	at com.kms.katalon.core.main.TestCaseExecutor.doExecute(TestCaseExecutor.java:433)
	at com.kms.katalon.core.main.TestCaseExecutor.processExecutionPhase(TestCaseExecutor.java:412)
	at com.kms.katalon.core.main.TestCaseExecutor.accessMainPhase(TestCaseExecutor.java:404)
	at com.kms.katalon.core.main.TestCaseExecutor.execute(TestCaseExecutor.java:281)
	at com.kms.katalon.core.main.TestCaseMain.runTestCase(TestCaseMain.java:142)
	at com.kms.katalon.core.keyword.builtin.CallTestCaseKeyword$_callTestCase_closure1.doCall(CallTestCaseKeyword.groovy:59)
	... 20 more
Caused by: com.kms.katalon.core.exception.StepFailedException: Actual text 'Булавчук' and expected text 'Ганин' of test object 'Object Repository/Avangard New/Object (Тренер)/Case (Составы)/ganin player' are NOT matched.
	at com.kms.katalon.core.webui.keyword.internal.WebUIKeywordMain.stepFailed(WebUIKeywordMain.groovy:64)
	at com.kms.katalon.core.webui.keyword.builtin.VerifyElementTextKeyword$_verifyElementText_closure1.doCall(VerifyElementTextKeyword.groovy:57)
	at com.kms.katalon.core.webui.keyword.builtin.VerifyElementTextKeyword$_verifyElementText_closure1.call(VerifyElementTextKeyword.groovy)
	at com.kms.katalon.core.webui.keyword.internal.WebUIKeywordMain.runKeyword(WebUIKeywordMain.groovy:20)
	... 35 more


2022-02-21 12:40:46 - [TEST_STEP][PASSED] - callTestCase(findTestCase("Тренер/Авторизация"), [:], STOP_ON_FAILURE): Call Test Case 'Test Cases/Тренер/Авторизация' successfully

2022-02-21 12:40:46 - [TEST_CASE][PASSED] - Test Cases/Тренер/Авторизация: Test Cases/Тренер/Авторизация

2022-02-21 12:40:46 - [TEST_STEP][PASSED] - openBrowser(""): Browser is opened with url: ''

2022-02-21 12:40:46 - [MESSAGE][INFO] - User set preference: ['os', 'linux']

2022-02-21 12:40:46 - [MESSAGE][INFO] - User set preference: ['browserName', 'chrome']

2022-02-21 12:40:46 - [MESSAGE][INFO] - User set preference: ['browserVersion', '97']

2022-02-21 12:40:46 - [MESSAGE][INFO] - User set preference: ['katalon:option', '{organizationId=551240, tunnelId=, usingTunnel=false}']

2022-02-21 12:40:46 - [MESSAGE][INFO] - Connecting to remote web server 'testcloud.katalon.com/hub' with type 'Selenium'

2022-02-21 12:40:46 - [MESSAGE][INFO] - Action delay is set to 100 milliseconds

2022-02-21 12:42:01 - [MESSAGE][PASSED] - Browser is opened with url: ''

2022-02-21 12:42:01 - [TEST_STEP][PASSED] - maximizeWindow(): Current window maximized

2022-02-21 12:42:01 - [MESSAGE][PASSED] - Current window maximized

2022-02-21 12:42:01 - [TEST_STEP][PASSED] - navigateToUrl(url): Navigate to 'https://stars-stage.hawk.ru:8080' successfully

2022-02-21 12:42:08 - [MESSAGE][PASSED] - Navigate to 'https://stars-stage.hawk.ru:8080' successfully

2022-02-21 12:42:08 - [TEST_STEP][PASSED] - setText(findTestObject("Object Repository/manager/Page_/input__sc-lnrBVv eqPACj"), coach_login): Text 'ageev.da@hc-avangard.com' is set on object 'Object Repository/manager/Page_/input__sc-lnrBVv eqPACj'

2022-02-21 12:42:12 - [MESSAGE][PASSED] - Text 'ageev.da@hc-avangard.com' is set on object 'Object Repository/manager/Page_/input__sc-lnrBVv eqPACj'

2022-02-21 12:42:12 - [TEST_STEP][PASSED] - setText(findTestObject("Object Repository/manager/Page_/input__sc-lnrBVv eqPACj_1"), coach_password): Text 'zz4waxq6' is set on object 'Object Repository/manager/Page_/input__sc-lnrBVv eqPACj_1'

2022-02-21 12:42:17 - [MESSAGE][PASSED] - Text 'zz4waxq6' is set on object 'Object Repository/manager/Page_/input__sc-lnrBVv eqPACj_1'

2022-02-21 12:42:17 - [TEST_STEP][PASSED] - click(findTestObject("manager/Page_/go")): Object: 'Object Repository/manager/Page_/go' is clicked on

2022-02-21 12:42:19 - [MESSAGE][PASSED] - Object: 'Object Repository/manager/Page_/go' is clicked on

2022-02-21 12:42:19 - [MESSAGE][PASSED] - Call Test Case 'Test Cases/Тренер/Авторизация' successfully

2022-02-21 12:42:19 - [TEST_STEP][PASSED] - click(findTestObject("Avangard New/Object (Тренер)/Case (Составы)/lines")): Object: 'Object Repository/Avangard New/Object (Тренер)/Case (Составы)/lines' is clicked on

2022-02-21 12:42:32 - [MESSAGE][PASSED] - Object: 'Object Repository/Avangard New/Object (Тренер)/Case (Составы)/lines' is clicked on

2022-02-21 12:42:32 - [TEST_STEP][PASSED] - click(findTestObject("Avangard New/Object (Тренер)/Case (Составы)/clear")): Object: 'Object Repository/Avangard New/Object (Тренер)/Case (Составы)/clear' is clicked on

2022-02-21 12:42:43 - [MESSAGE][PASSED] - Object: 'Object Repository/Avangard New/Object (Тренер)/Case (Составы)/clear' is clicked on

2022-02-21 12:42:43 - [TEST_STEP][PASSED] - click(findTestObject("Avangard New/Object (Тренер)/Case (Составы)/button_yes")): Object: 'Object Repository/Avangard New/Object (Тренер)/Case (Составы)/button_yes' is clicked on

2022-02-21 12:42:46 - [MESSAGE][PASSED] - Object: 'Object Repository/Avangard New/Object (Тренер)/Case (Составы)/button_yes' is clicked on

2022-02-21 12:42:46 - [TEST_STEP][PASSED] - click(findTestObject("Avangard New/Object (Тренер)/Case (Составы)/choice_player")): Object: 'Object Repository/Avangard New/Object (Тренер)/Case (Составы)/choice_player' is clicked on

2022-02-21 12:42:48 - [MESSAGE][PASSED] - Object: 'Object Repository/Avangard New/Object (Тренер)/Case (Составы)/choice_player' is clicked on

2022-02-21 12:42:48 - [TEST_STEP][PASSED] - click(findTestObject("Avangard New/Object (Тренер)/Case (Составы)/line_position")): Object: 'Object Repository/Avangard New/Object (Тренер)/Case (Составы)/line_position' is clicked on

2022-02-21 12:42:50 - [MESSAGE][PASSED] - Object: 'Object Repository/Avangard New/Object (Тренер)/Case (Составы)/line_position' is clicked on

2022-02-21 12:42:50 - [TEST_STEP][PASSED] - click(findTestObject("Avangard New/Object (Тренер)/Case (Составы)/player 1")): Object: 'Object Repository/Avangard New/Object (Тренер)/Case (Составы)/player 1' is clicked on

2022-02-21 12:42:52 - [MESSAGE][PASSED] - Object: 'Object Repository/Avangard New/Object (Тренер)/Case (Составы)/player 1' is clicked on

2022-02-21 12:42:52 - [TEST_STEP][PASSED] - click(findTestObject("Avangard New/Object (Тренер)/Case (Составы)/pos2")): Object: 'Object Repository/Avangard New/Object (Тренер)/Case (Составы)/pos2' is clicked on

2022-02-21 12:42:54 - [MESSAGE][PASSED] - Object: 'Object Repository/Avangard New/Object (Тренер)/Case (Составы)/pos2' is clicked on

2022-02-21 12:42:54 - [TEST_STEP][PASSED] - scrollToElement(findTestObject("Avangard New/Object (Тренер)/Case (Составы)/player3"), 0): Scroll to object 'Object Repository/Avangard New/Object (Тренер)/Case (Составы)/player3' successfully

2022-02-21 12:42:54 - [MESSAGE][WARNING] - Timeout '0' is invalid. Using default page load timeout: '30'

2022-02-21 12:42:59 - [MESSAGE][PASSED] - Scroll to object 'Object Repository/Avangard New/Object (Тренер)/Case (Составы)/player3' successfully

2022-02-21 12:42:59 - [TEST_STEP][PASSED] - click(findTestObject("Avangard New/Object (Тренер)/Case (Составы)/player3")): Object: 'Object Repository/Avangard New/Object (Тренер)/Case (Составы)/player3' is clicked on

2022-02-21 12:43:01 - [MESSAGE][PASSED] - Object: 'Object Repository/Avangard New/Object (Тренер)/Case (Составы)/player3' is clicked on

2022-02-21 12:43:01 - [TEST_STEP][PASSED] - click(findTestObject("Avangard New/Object (Тренер)/Case (Составы)/po3")): Object: 'Object Repository/Avangard New/Object (Тренер)/Case (Составы)/po3' is clicked on

2022-02-21 12:43:03 - [MESSAGE][PASSED] - Object: 'Object Repository/Avangard New/Object (Тренер)/Case (Составы)/po3' is clicked on

2022-02-21 12:43:03 - [TEST_STEP][PASSED] - scrollToElement(findTestObject("Avangard New/Object (Тренер)/Case (Составы)/player4"), 0): Scroll to object 'Object Repository/Avangard New/Object (Тренер)/Case (Составы)/player4' successfully

2022-02-21 12:43:03 - [MESSAGE][WARNING] - Timeout '0' is invalid. Using default page load timeout: '30'

2022-02-21 12:43:06 - [MESSAGE][PASSED] - Scroll to object 'Object Repository/Avangard New/Object (Тренер)/Case (Составы)/player4' successfully

2022-02-21 12:43:06 - [TEST_STEP][PASSED] - click(findTestObject("Avangard New/Object (Тренер)/Case (Составы)/player4")): Object: 'Object Repository/Avangard New/Object (Тренер)/Case (Составы)/player4' is clicked on

2022-02-21 12:43:08 - [MESSAGE][PASSED] - Object: 'Object Repository/Avangard New/Object (Тренер)/Case (Составы)/player4' is clicked on

2022-02-21 12:43:08 - [TEST_STEP][PASSED] - click(findTestObject("Avangard New/Object (Тренер)/Case (Составы)/pos4")): Object: 'Object Repository/Avangard New/Object (Тренер)/Case (Составы)/pos4' is clicked on

2022-02-21 12:43:10 - [MESSAGE][PASSED] - Object: 'Object Repository/Avangard New/Object (Тренер)/Case (Составы)/pos4' is clicked on

2022-02-21 12:43:10 - [TEST_STEP][PASSED] - click(findTestObject("Avangard New/Object (Тренер)/Case (Составы)/player5")): Object: 'Object Repository/Avangard New/Object (Тренер)/Case (Составы)/player5' is clicked on

2022-02-21 12:43:14 - [MESSAGE][PASSED] - Object: 'Object Repository/Avangard New/Object (Тренер)/Case (Составы)/player5' is clicked on

2022-02-21 12:43:14 - [TEST_STEP][PASSED] - verifyTextPresent("Игрок недоступен для выбора", false): Text 'Игрок недоступен для выбора' is present on page 

2022-02-21 12:43:17 - [MESSAGE][PASSED] - Text 'Игрок недоступен для выбора' is present on page 

2022-02-21 12:43:17 - [TEST_STEP][PASSED] - click(findTestObject("Avangard New/Object (Тренер)/Case (Составы)/button_save")): Object: 'Object Repository/Avangard New/Object (Тренер)/Case (Составы)/button_save' is clicked on

2022-02-21 12:43:19 - [MESSAGE][PASSED] - Object: 'Object Repository/Avangard New/Object (Тренер)/Case (Составы)/button_save' is clicked on

2022-02-21 12:43:19 - [TEST_STEP][PASSED] - verifyTextPresent("Изменения в составе сохранены", false): Text 'Изменения в составе сохранены' is present on page 

2022-02-21 12:43:27 - [MESSAGE][PASSED] - Text 'Изменения в составе сохранены' is present on page 

2022-02-21 12:43:27 - [TEST_STEP][FAILED] - callTestCase(findTestCase("Тренер/Cоставы у игрока"), [:], STOP_ON_FAILURE): Unable to call Test Case 'Test Cases/Тренер/Cоставы у игрока' (Root cause: com.kms.katalon.core.exception.StepFailedException: Call Test Case 'Test Cases/Тренер/Cоставы у игрока' failed
	at com.kms.katalon.core.keyword.builtin.CallTestCaseKeyword$_callTestCase_closure1.doCall(CallTestCaseKeyword.groovy:63)
	at com.kms.katalon.core.keyword.builtin.CallTestCaseKeyword$_callTestCase_closure1.call(CallTestCaseKeyword.groovy)
	at com.kms.katalon.core.keyword.internal.KeywordMain.runKeyword(KeywordMain.groovy:74)
	at com.kms.katalon.core.keyword.builtin.CallTestCaseKeyword.callTestCase(CallTestCaseKeyword.groovy:81)
	at com.kms.katalon.core.keyword.builtin.CallTestCaseKeyword.execute(CallTestCaseKeyword.groovy:44)
	at com.kms.katalon.core.keyword.internal.KeywordExecutor.executeKeywordForPlatform(KeywordExecutor.groovy:74)
	at com.kms.katalon.core.keyword.BuiltinKeywords.callTestCase(BuiltinKeywords.groovy:334)
	at Составы.run(Составы:69)
	at com.kms.katalon.core.main.ScriptEngine.run(ScriptEngine.java:194)
	at com.kms.katalon.core.main.ScriptEngine.runScriptAsRawText(ScriptEngine.java:119)
	at com.kms.katalon.core.main.TestCaseExecutor.runScript(TestCaseExecutor.java:442)
	at com.kms.katalon.core.main.TestCaseExecutor.doExecute(TestCaseExecutor.java:433)
	at com.kms.katalon.core.main.TestCaseExecutor.processExecutionPhase(TestCaseExecutor.java:412)
	at com.kms.katalon.core.main.TestCaseExecutor.accessMainPhase(TestCaseExecutor.java:404)
	at com.kms.katalon.core.main.TestCaseExecutor.execute(TestCaseExecutor.java:281)
	at com.kms.katalon.core.main.TestSuiteExecutor.accessTestCaseMainPhase(TestSuiteExecutor.java:202)
	at com.kms.katalon.core.main.TestSuiteExecutor.accessTestSuiteMainPhase(TestSuiteExecutor.java:164)
	at com.kms.katalon.core.main.TestSuiteExecutor.execute(TestSuiteExecutor.java:105)
	at com.kms.katalon.core.main.TestCaseMain.startTestSuite(TestCaseMain.java:185)
	at com.kms.katalon.core.main.TestCaseMain$startTestSuite$0.call(Unknown Source)
	at TempTestSuite1645435806217.run(TempTestSuite1645435806217.groovy:36)
Caused by: com.kms.katalon.core.exception.StepFailedException: Verify element text of test object 'Object Repository/Avangard New/Object (Тренер)/Case (Составы)/ganin player' FAILED.
	at com.kms.katalon.core.webui.keyword.internal.WebUIKeywordMain.stepFailed(WebUIKeywordMain.groovy:64)
	at com.kms.katalon.core.webui.keyword.internal.WebUIKeywordMain.runKeyword(WebUIKeywordMain.groovy:26)
	at com.kms.katalon.core.webui.keyword.builtin.VerifyElementTextKeyword.verifyElementText(VerifyElementTextKeyword.groovy:72)
	at com.kms.katalon.core.webui.keyword.builtin.VerifyElementTextKeyword.execute(VerifyElementTextKeyword.groovy:40)
	at com.kms.katalon.core.keyword.internal.KeywordExecutor.executeKeywordForPlatform(KeywordExecutor.groovy:74)
	at com.kms.katalon.core.webui.keyword.WebUiBuiltInKeywords.verifyElementText(WebUiBuiltInKeywords.groovy:4749)
	at com.kms.katalon.core.webui.keyword.WebUiBuiltInKeywords$verifyElementText$8.call(Unknown Source)
	at Cоставы у игрока.run(Cоставы у игрока:24)
	at com.kms.katalon.core.main.ScriptEngine.run(ScriptEngine.java:194)
	at com.kms.katalon.core.main.ScriptEngine.runScriptAsRawText(ScriptEngine.java:119)
	at com.kms.katalon.core.main.TestCaseExecutor.runScript(TestCaseExecutor.java:442)
	at com.kms.katalon.core.main.TestCaseExecutor.doExecute(TestCaseExecutor.java:433)
	at com.kms.katalon.core.main.TestCaseExecutor.processExecutionPhase(TestCaseExecutor.java:412)
	at com.kms.katalon.core.main.TestCaseExecutor.accessMainPhase(TestCaseExecutor.java:404)
	at com.kms.katalon.core.main.TestCaseExecutor.execute(TestCaseExecutor.java:281)
	at com.kms.katalon.core.main.TestCaseMain.runTestCase(TestCaseMain.java:142)
	at com.kms.katalon.core.keyword.builtin.CallTestCaseKeyword$_callTestCase_closure1.doCall(CallTestCaseKeyword.groovy:59)
	... 20 more
Caused by: com.kms.katalon.core.exception.StepFailedException: Actual text 'Булавчук' and expected text 'Ганин' of test object 'Object Repository/Avangard New/Object (Тренер)/Case (Составы)/ganin player' are NOT matched.
	at com.kms.katalon.core.webui.keyword.internal.WebUIKeywordMain.stepFailed(WebUIKeywordMain.groovy:64)
	at com.kms.katalon.core.webui.keyword.builtin.VerifyElementTextKeyword$_verifyElementText_closure1.doCall(VerifyElementTextKeyword.groovy:57)
	at com.kms.katalon.core.webui.keyword.builtin.VerifyElementTextKeyword$_verifyElementText_closure1.call(VerifyElementTextKeyword.groovy)
	at com.kms.katalon.core.webui.keyword.internal.WebUIKeywordMain.runKeyword(WebUIKeywordMain.groovy:20)
	... 35 more
)

2022-02-21 12:43:27 - [TEST_CASE][FAILED] - Test Cases/Тренер/Cоставы у игрока: Test Cases/Тренер/Cоставы у игрока FAILED.
Reason:
com.kms.katalon.core.exception.StepFailedException: Verify element text of test object 'Object Repository/Avangard New/Object (Тренер)/Case (Составы)/ganin player' FAILED.
	at com.kms.katalon.core.webui.keyword.internal.WebUIKeywordMain.stepFailed(WebUIKeywordMain.groovy:64)
	at com.kms.katalon.core.webui.keyword.internal.WebUIKeywordMain.runKeyword(WebUIKeywordMain.groovy:26)
	at com.kms.katalon.core.webui.keyword.builtin.VerifyElementTextKeyword.verifyElementText(VerifyElementTextKeyword.groovy:72)
	at com.kms.katalon.core.webui.keyword.builtin.VerifyElementTextKeyword.execute(VerifyElementTextKeyword.groovy:40)
	at com.kms.katalon.core.keyword.internal.KeywordExecutor.executeKeywordForPlatform(KeywordExecutor.groovy:74)
	at com.kms.katalon.core.webui.keyword.WebUiBuiltInKeywords.verifyElementText(WebUiBuiltInKeywords.groovy:4749)
	at com.kms.katalon.core.webui.keyword.WebUiBuiltInKeywords$verifyElementText$8.call(Unknown Source)
	at Cоставы у игрока.run(Cоставы у игрока:24)
	at com.kms.katalon.core.main.ScriptEngine.run(ScriptEngine.java:194)
	at com.kms.katalon.core.main.ScriptEngine.runScriptAsRawText(ScriptEngine.java:119)
	at com.kms.katalon.core.main.TestCaseExecutor.runScript(TestCaseExecutor.java:442)
	at com.kms.katalon.core.main.TestCaseExecutor.doExecute(TestCaseExecutor.java:433)
	at com.kms.katalon.core.main.TestCaseExecutor.processExecutionPhase(TestCaseExecutor.java:412)
	at com.kms.katalon.core.main.TestCaseExecutor.accessMainPhase(TestCaseExecutor.java:404)
	at com.kms.katalon.core.main.TestCaseExecutor.execute(TestCaseExecutor.java:281)
	at com.kms.katalon.core.main.TestCaseMain.runTestCase(TestCaseMain.java:142)
	at com.kms.katalon.core.keyword.builtin.CallTestCaseKeyword$_callTestCase_closure1.doCall(CallTestCaseKeyword.groovy:59)
	at com.kms.katalon.core.keyword.builtin.CallTestCaseKeyword$_callTestCase_closure1.call(CallTestCaseKeyword.groovy)
	at com.kms.katalon.core.keyword.internal.KeywordMain.runKeyword(KeywordMain.groovy:74)
	at com.kms.katalon.core.keyword.builtin.CallTestCaseKeyword.callTestCase(CallTestCaseKeyword.groovy:81)
	at com.kms.katalon.core.keyword.builtin.CallTestCaseKeyword.execute(CallTestCaseKeyword.groovy:44)
	at com.kms.katalon.core.keyword.internal.KeywordExecutor.executeKeywordForPlatform(KeywordExecutor.groovy:74)
	at com.kms.katalon.core.keyword.BuiltinKeywords.callTestCase(BuiltinKeywords.groovy:334)
	at Составы.run(Составы:69)
	at com.kms.katalon.core.main.ScriptEngine.run(ScriptEngine.java:194)
	at com.kms.katalon.core.main.ScriptEngine.runScriptAsRawText(ScriptEngine.java:119)
	at com.kms.katalon.core.main.TestCaseExecutor.runScript(TestCaseExecutor.java:442)
	at com.kms.katalon.core.main.TestCaseExecutor.doExecute(TestCaseExecutor.java:433)
	at com.kms.katalon.core.main.TestCaseExecutor.processExecutionPhase(TestCaseExecutor.java:412)
	at com.kms.katalon.core.main.TestCaseExecutor.accessMainPhase(TestCaseExecutor.java:404)
	at com.kms.katalon.core.main.TestCaseExecutor.execute(TestCaseExecutor.java:281)
	at com.kms.katalon.core.main.TestSuiteExecutor.accessTestCaseMainPhase(TestSuiteExecutor.java:202)
	at com.kms.katalon.core.main.TestSuiteExecutor.accessTestSuiteMainPhase(TestSuiteExecutor.java:164)
	at com.kms.katalon.core.main.TestSuiteExecutor.execute(TestSuiteExecutor.java:105)
	at com.kms.katalon.core.main.TestCaseMain.startTestSuite(TestCaseMain.java:185)
	at com.kms.katalon.core.main.TestCaseMain$startTestSuite$0.call(Unknown Source)
	at TempTestSuite1645435806217.run(TempTestSuite1645435806217.groovy:36)
Caused by: com.kms.katalon.core.exception.StepFailedException: Actual text 'Булавчук' and expected text 'Ганин' of test object 'Object Repository/Avangard New/Object (Тренер)/Case (Составы)/ganin player' are NOT matched.
	at com.kms.katalon.core.webui.keyword.internal.WebUIKeywordMain.stepFailed(WebUIKeywordMain.groovy:64)
	at com.kms.katalon.core.webui.keyword.builtin.VerifyElementTextKeyword$_verifyElementText_closure1.doCall(VerifyElementTextKeyword.groovy:57)
	at com.kms.katalon.core.webui.keyword.builtin.VerifyElementTextKeyword$_verifyElementText_closure1.call(VerifyElementTextKeyword.groovy)
	at com.kms.katalon.core.webui.keyword.internal.WebUIKeywordMain.runKeyword(WebUIKeywordMain.groovy:20)
	... 35 more


2022-02-21 12:43:27 - [TEST_STEP][PASSED] - callTestCase(findTestCase("Игрок/Авторизация"), [:], STOP_ON_FAILURE): Call Test Case 'Test Cases/Игрок/Авторизация' successfully

2022-02-21 12:43:28 - [TEST_CASE][PASSED] - Test Cases/Игрок/Авторизация: Test Cases/Игрок/Авторизация

2022-02-21 12:43:28 - [TEST_STEP][PASSED] - openBrowser(""): Browser is opened with url: ''

2022-02-21 12:43:28 - [MESSAGE][WARNING] - A browser is already opened. Closing browser and opening a new one

2022-02-21 12:43:28 - [MESSAGE][INFO] - User set preference: ['os', 'linux']

2022-02-21 12:43:28 - [MESSAGE][INFO] - User set preference: ['browserName', 'chrome']

2022-02-21 12:43:28 - [MESSAGE][INFO] - User set preference: ['browserVersion', '97']

2022-02-21 12:43:28 - [MESSAGE][INFO] - User set preference: ['katalon:option', '{organizationId=551240, tunnelId=, usingTunnel=false}']

2022-02-21 12:43:28 - [MESSAGE][INFO] - Connecting to remote web server 'testcloud.katalon.com/hub' with type 'Selenium'

2022-02-21 12:43:28 - [MESSAGE][INFO] - Action delay is set to 100 milliseconds

2022-02-21 12:44:48 - [MESSAGE][PASSED] - Browser is opened with url: ''

2022-02-21 12:44:48 - [TEST_STEP][PASSED] - maximizeWindow(): Current window maximized

2022-02-21 12:44:48 - [MESSAGE][PASSED] - Current window maximized

2022-02-21 12:44:48 - [TEST_STEP][PASSED] - navigateToUrl(url): Navigate to 'https://stars-stage.hawk.ru:8080' successfully

2022-02-21 12:44:54 - [MESSAGE][PASSED] - Navigate to 'https://stars-stage.hawk.ru:8080' successfully

2022-02-21 12:44:54 - [TEST_STEP][PASSED] - setText(findTestObject("Object Repository/manager/Page_/input__sc-lnrBVv eqPACj"), player_login): Text 'danilaganin7218@icloud.com' is set on object 'Object Repository/manager/Page_/input__sc-lnrBVv eqPACj'

2022-02-21 12:44:59 - [MESSAGE][PASSED] - Text 'danilaganin7218@icloud.com' is set on object 'Object Repository/manager/Page_/input__sc-lnrBVv eqPACj'

2022-02-21 12:44:59 - [TEST_STEP][PASSED] - setText(findTestObject("Object Repository/manager/Page_/input__sc-lnrBVv eqPACj_1"), player_password): Text 'danilaganin7218' is set on object 'Object Repository/manager/Page_/input__sc-lnrBVv eqPACj_1'

2022-02-21 12:45:03 - [MESSAGE][PASSED] - Text 'danilaganin7218' is set on object 'Object Repository/manager/Page_/input__sc-lnrBVv eqPACj_1'

2022-02-21 12:45:03 - [TEST_STEP][PASSED] - click(findTestObject("manager/Page_/go")): Object: 'Object Repository/manager/Page_/go' is clicked on

2022-02-21 12:45:05 - [MESSAGE][PASSED] - Object: 'Object Repository/manager/Page_/go' is clicked on

2022-02-21 12:45:05 - [MESSAGE][PASSED] - Call Test Case 'Test Cases/Игрок/Авторизация' successfully

2022-02-21 12:45:05 - [TEST_STEP][PASSED] - click(findTestObject("Avangard New/Object (Тренер)/Case (Составы)/span_")): Object: 'Object Repository/Avangard New/Object (Тренер)/Case (Составы)/span_' is clicked on

2022-02-21 12:45:21 - [MESSAGE][PASSED] - Object: 'Object Repository/Avangard New/Object (Тренер)/Case (Составы)/span_' is clicked on

2022-02-21 12:45:21 - [TEST_STEP][FAILED] - verifyElementText(findTestObject("Avangard New/Object (Тренер)/Case (Составы)/ganin player"), "Ганин"): Verify element text of test object 'Object Repository/Avangard New/Object (Тренер)/Case (Составы)/ganin player' FAILED. (Root cause: com.kms.katalon.core.exception.StepFailedException: Verify element text of test object 'Object Repository/Avangard New/Object (Тренер)/Case (Составы)/ganin player' FAILED.
	at com.kms.katalon.core.webui.keyword.internal.WebUIKeywordMain.stepFailed(WebUIKeywordMain.groovy:64)
	at com.kms.katalon.core.webui.keyword.internal.WebUIKeywordMain.runKeyword(WebUIKeywordMain.groovy:26)
	at com.kms.katalon.core.webui.keyword.builtin.VerifyElementTextKeyword.verifyElementText(VerifyElementTextKeyword.groovy:72)
	at com.kms.katalon.core.webui.keyword.builtin.VerifyElementTextKeyword.execute(VerifyElementTextKeyword.groovy:40)
	at com.kms.katalon.core.keyword.internal.KeywordExecutor.executeKeywordForPlatform(KeywordExecutor.groovy:74)
	at com.kms.katalon.core.webui.keyword.WebUiBuiltInKeywords.verifyElementText(WebUiBuiltInKeywords.groovy:4749)
	at com.kms.katalon.core.webui.keyword.WebUiBuiltInKeywords$verifyElementText$8.call(Unknown Source)
	at Cоставы у игрока.run(Cоставы у игрока:24)
	at com.kms.katalon.core.main.ScriptEngine.run(ScriptEngine.java:194)
	at com.kms.katalon.core.main.ScriptEngine.runScriptAsRawText(ScriptEngine.java:119)
	at com.kms.katalon.core.main.TestCaseExecutor.runScript(TestCaseExecutor.java:442)
	at com.kms.katalon.core.main.TestCaseExecutor.doExecute(TestCaseExecutor.java:433)
	at com.kms.katalon.core.main.TestCaseExecutor.processExecutionPhase(TestCaseExecutor.java:412)
	at com.kms.katalon.core.main.TestCaseExecutor.accessMainPhase(TestCaseExecutor.java:404)
	at com.kms.katalon.core.main.TestCaseExecutor.execute(TestCaseExecutor.java:281)
	at com.kms.katalon.core.main.TestCaseMain.runTestCase(TestCaseMain.java:142)
	at com.kms.katalon.core.keyword.builtin.CallTestCaseKeyword$_callTestCase_closure1.doCall(CallTestCaseKeyword.groovy:59)
	at com.kms.katalon.core.keyword.builtin.CallTestCaseKeyword$_callTestCase_closure1.call(CallTestCaseKeyword.groovy)
	at com.kms.katalon.core.keyword.internal.KeywordMain.runKeyword(KeywordMain.groovy:74)
	at com.kms.katalon.core.keyword.builtin.CallTestCaseKeyword.callTestCase(CallTestCaseKeyword.groovy:81)
	at com.kms.katalon.core.keyword.builtin.CallTestCaseKeyword.execute(CallTestCaseKeyword.groovy:44)
	at com.kms.katalon.core.keyword.internal.KeywordExecutor.executeKeywordForPlatform(KeywordExecutor.groovy:74)
	at com.kms.katalon.core.keyword.BuiltinKeywords.callTestCase(BuiltinKeywords.groovy:334)
	at Составы.run(Составы:69)
	at com.kms.katalon.core.main.ScriptEngine.run(ScriptEngine.java:194)
	at com.kms.katalon.core.main.ScriptEngine.runScriptAsRawText(ScriptEngine.java:119)
	at com.kms.katalon.core.main.TestCaseExecutor.runScript(TestCaseExecutor.java:442)
	at com.kms.katalon.core.main.TestCaseExecutor.doExecute(TestCaseExecutor.java:433)
	at com.kms.katalon.core.main.TestCaseExecutor.processExecutionPhase(TestCaseExecutor.java:412)
	at com.kms.katalon.core.main.TestCaseExecutor.accessMainPhase(TestCaseExecutor.java:404)
	at com.kms.katalon.core.main.TestCaseExecutor.execute(TestCaseExecutor.java:281)
	at com.kms.katalon.core.main.TestSuiteExecutor.accessTestCaseMainPhase(TestSuiteExecutor.java:202)
	at com.kms.katalon.core.main.TestSuiteExecutor.accessTestSuiteMainPhase(TestSuiteExecutor.java:164)
	at com.kms.katalon.core.main.TestSuiteExecutor.execute(TestSuiteExecutor.java:105)
	at com.kms.katalon.core.main.TestCaseMain.startTestSuite(TestCaseMain.java:185)
	at com.kms.katalon.core.main.TestCaseMain$startTestSuite$0.call(Unknown Source)
	at TempTestSuite1645435806217.run(TempTestSuite1645435806217.groovy:36)
Caused by: com.kms.katalon.core.exception.StepFailedException: Actual text 'Булавчук' and expected text 'Ганин' of test object 'Object Repository/Avangard New/Object (Тренер)/Case (Составы)/ganin player' are NOT matched.
	at com.kms.katalon.core.webui.keyword.internal.WebUIKeywordMain.stepFailed(WebUIKeywordMain.groovy:64)
	at com.kms.katalon.core.webui.keyword.builtin.VerifyElementTextKeyword$_verifyElementText_closure1.doCall(VerifyElementTextKeyword.groovy:57)
	at com.kms.katalon.core.webui.keyword.builtin.VerifyElementTextKeyword$_verifyElementText_closure1.call(VerifyElementTextKeyword.groovy)
	at com.kms.katalon.core.webui.keyword.internal.WebUIKeywordMain.runKeyword(WebUIKeywordMain.groovy:20)
	... 35 more
)

2022-02-21 12:45:53 - [MESSAGE][INFO] - Unable to find the element located by 'By.xpath: //span[(text() = 'Ганин' or . = 'Ганин')]'. Please recheck the objects properties to make sure the desired element is located. 

2022-02-21 12:45:54 - [MESSAGE][WARNING] - [SELF-HEALING] Failed to find element with id 'Object Repository/Avangard New/Object (Тренер)/Case (Составы)/ganin player'. Try using Self-healing.

2022-02-21 12:45:55 - [MESSAGE][INFO] - [SELF-HEALING] Working Locator: '//div[@id='root']/div/div/div[2]/div/div[3]/div/div/div[2]/div/div/div/div/div/p/span[2]'.

2022-02-21 12:45:57 - [MESSAGE][INFO] - [SELF-HEALING] Screenshot: C:/Users/LENOVO/Katalon Studio/Project Avangard/Reports/Self-healing/Object Repository/Avangard New/Object (Тренер)/Case (Составы)/ganin player_idRelative.png

2022-02-21 12:45:57 - [MESSAGE][WARNING] - [SELF-HEALING] The current locator of test object 'Object Repository/Avangard New/Object (Тренер)/Case (Составы)/ganin player' was broken. Propose an alternative one: '//div[@id='root']/div/div/div[2]/div/div[3]/div/div/div[2]/div/div/div/div/div/p/span[2]'.

2022-02-21 12:45:59 - [MESSAGE][FAILED] - Actual text 'Булавчук' and expected text 'Ганин' of test object 'Object Repository/Avangard New/Object (Тренер)/Case (Составы)/ganin player' are NOT matched. (Root cause: com.kms.katalon.core.exception.StepFailedException: Actual text 'Булавчук' and expected text 'Ганин' of test object 'Object Repository/Avangard New/Object (Тренер)/Case (Составы)/ganin player' are NOT matched.
	at com.kms.katalon.core.webui.keyword.internal.WebUIKeywordMain.stepFailed(WebUIKeywordMain.groovy:64)
	at com.kms.katalon.core.webui.keyword.builtin.VerifyElementTextKeyword$_verifyElementText_closure1.doCall(VerifyElementTextKeyword.groovy:57)
	at com.kms.katalon.core.webui.keyword.builtin.VerifyElementTextKeyword$_verifyElementText_closure1.call(VerifyElementTextKeyword.groovy)
	at com.kms.katalon.core.webui.keyword.internal.WebUIKeywordMain.runKeyword(WebUIKeywordMain.groovy:20)
	at com.kms.katalon.core.webui.keyword.builtin.VerifyElementTextKeyword.verifyElementText(VerifyElementTextKeyword.groovy:72)
	at com.kms.katalon.core.webui.keyword.builtin.VerifyElementTextKeyword.execute(VerifyElementTextKeyword.groovy:40)
	at com.kms.katalon.core.keyword.internal.KeywordExecutor.executeKeywordForPlatform(KeywordExecutor.groovy:74)
	at com.kms.katalon.core.webui.keyword.WebUiBuiltInKeywords.verifyElementText(WebUiBuiltInKeywords.groovy:4749)
	at com.kms.katalon.core.webui.keyword.WebUiBuiltInKeywords$verifyElementText$8.call(Unknown Source)
	at Cоставы у игрока.run(Cоставы у игрока:24)
	at com.kms.katalon.core.main.ScriptEngine.run(ScriptEngine.java:194)
	at com.kms.katalon.core.main.ScriptEngine.runScriptAsRawText(ScriptEngine.java:119)
	at com.kms.katalon.core.main.TestCaseExecutor.runScript(TestCaseExecutor.java:442)
	at com.kms.katalon.core.main.TestCaseExecutor.doExecute(TestCaseExecutor.java:433)
	at com.kms.katalon.core.main.TestCaseExecutor.processExecutionPhase(TestCaseExecutor.java:412)
	at com.kms.katalon.core.main.TestCaseExecutor.accessMainPhase(TestCaseExecutor.java:404)
	at com.kms.katalon.core.main.TestCaseExecutor.execute(TestCaseExecutor.java:281)
	at com.kms.katalon.core.main.TestCaseMain.runTestCase(TestCaseMain.java:142)
	at com.kms.katalon.core.keyword.builtin.CallTestCaseKeyword$_callTestCase_closure1.doCall(CallTestCaseKeyword.groovy:59)
	at com.kms.katalon.core.keyword.builtin.CallTestCaseKeyword$_callTestCase_closure1.call(CallTestCaseKeyword.groovy)
	at com.kms.katalon.core.keyword.internal.KeywordMain.runKeyword(KeywordMain.groovy:74)
	at com.kms.katalon.core.keyword.builtin.CallTestCaseKeyword.callTestCase(CallTestCaseKeyword.groovy:81)
	at com.kms.katalon.core.keyword.builtin.CallTestCaseKeyword.execute(CallTestCaseKeyword.groovy:44)
	at com.kms.katalon.core.keyword.internal.KeywordExecutor.executeKeywordForPlatform(KeywordExecutor.groovy:74)
	at com.kms.katalon.core.keyword.BuiltinKeywords.callTestCase(BuiltinKeywords.groovy:334)
	at Составы.run(Составы:69)
	at com.kms.katalon.core.main.ScriptEngine.run(ScriptEngine.java:194)
	at com.kms.katalon.core.main.ScriptEngine.runScriptAsRawText(ScriptEngine.java:119)
	at com.kms.katalon.core.main.TestCaseExecutor.runScript(TestCaseExecutor.java:442)
	at com.kms.katalon.core.main.TestCaseExecutor.doExecute(TestCaseExecutor.java:433)
	at com.kms.katalon.core.main.TestCaseExecutor.processExecutionPhase(TestCaseExecutor.java:412)
	at com.kms.katalon.core.main.TestCaseExecutor.accessMainPhase(TestCaseExecutor.java:404)
	at com.kms.katalon.core.main.TestCaseExecutor.execute(TestCaseExecutor.java:281)
	at com.kms.katalon.core.main.TestSuiteExecutor.accessTestCaseMainPhase(TestSuiteExecutor.java:202)
	at com.kms.katalon.core.main.TestSuiteExecutor.accessTestSuiteMainPhase(TestSuiteExecutor.java:164)
	at com.kms.katalon.core.main.TestSuiteExecutor.execute(TestSuiteExecutor.java:105)
	at com.kms.katalon.core.main.TestCaseMain.startTestSuite(TestCaseMain.java:185)
	at com.kms.katalon.core.main.TestCaseMain$startTestSuite$0.call(Unknown Source)
	at TempTestSuite1645435806217.run(TempTestSuite1645435806217.groovy:36)
)
[[ATTACHMENT|C:\\Users\\LENOVO\\Katalon Studio\\Project Avangard\\Reports\\20220221_122957\\\u0422\u0440\u0435\u043D\u0435\u0440\\20220221_123006\\1645436757490.png]]

2022-02-21 12:46:01 - [MESSAGE][FAILED] - Verify element text of test object 'Object Repository/Avangard New/Object (Тренер)/Case (Составы)/ganin player' FAILED. (Root cause: com.kms.katalon.core.exception.StepFailedException: Verify element text of test object 'Object Repository/Avangard New/Object (Тренер)/Case (Составы)/ganin player' FAILED.
	at com.kms.katalon.core.webui.keyword.internal.WebUIKeywordMain.stepFailed(WebUIKeywordMain.groovy:64)
	at com.kms.katalon.core.webui.keyword.internal.WebUIKeywordMain.runKeyword(WebUIKeywordMain.groovy:26)
	at com.kms.katalon.core.webui.keyword.builtin.VerifyElementTextKeyword.verifyElementText(VerifyElementTextKeyword.groovy:72)
	at com.kms.katalon.core.webui.keyword.builtin.VerifyElementTextKeyword.execute(VerifyElementTextKeyword.groovy:40)
	at com.kms.katalon.core.keyword.internal.KeywordExecutor.executeKeywordForPlatform(KeywordExecutor.groovy:74)
	at com.kms.katalon.core.webui.keyword.WebUiBuiltInKeywords.verifyElementText(WebUiBuiltInKeywords.groovy:4749)
	at com.kms.katalon.core.webui.keyword.WebUiBuiltInKeywords$verifyElementText$8.call(Unknown Source)
	at Cоставы у игрока.run(Cоставы у игрока:24)
	at com.kms.katalon.core.main.ScriptEngine.run(ScriptEngine.java:194)
	at com.kms.katalon.core.main.ScriptEngine.runScriptAsRawText(ScriptEngine.java:119)
	at com.kms.katalon.core.main.TestCaseExecutor.runScript(TestCaseExecutor.java:442)
	at com.kms.katalon.core.main.TestCaseExecutor.doExecute(TestCaseExecutor.java:433)
	at com.kms.katalon.core.main.TestCaseExecutor.processExecutionPhase(TestCaseExecutor.java:412)
	at com.kms.katalon.core.main.TestCaseExecutor.accessMainPhase(TestCaseExecutor.java:404)
	at com.kms.katalon.core.main.TestCaseExecutor.execute(TestCaseExecutor.java:281)
	at com.kms.katalon.core.main.TestCaseMain.runTestCase(TestCaseMain.java:142)
	at com.kms.katalon.core.keyword.builtin.CallTestCaseKeyword$_callTestCase_closure1.doCall(CallTestCaseKeyword.groovy:59)
	at com.kms.katalon.core.keyword.builtin.CallTestCaseKeyword$_callTestCase_closure1.call(CallTestCaseKeyword.groovy)
	at com.kms.katalon.core.keyword.internal.KeywordMain.runKeyword(KeywordMain.groovy:74)
	at com.kms.katalon.core.keyword.builtin.CallTestCaseKeyword.callTestCase(CallTestCaseKeyword.groovy:81)
	at com.kms.katalon.core.keyword.builtin.CallTestCaseKeyword.execute(CallTestCaseKeyword.groovy:44)
	at com.kms.katalon.core.keyword.internal.KeywordExecutor.executeKeywordForPlatform(KeywordExecutor.groovy:74)
	at com.kms.katalon.core.keyword.BuiltinKeywords.callTestCase(BuiltinKeywords.groovy:334)
	at Составы.run(Составы:69)
	at com.kms.katalon.core.main.ScriptEngine.run(ScriptEngine.java:194)
	at com.kms.katalon.core.main.ScriptEngine.runScriptAsRawText(ScriptEngine.java:119)
	at com.kms.katalon.core.main.TestCaseExecutor.runScript(TestCaseExecutor.java:442)
	at com.kms.katalon.core.main.TestCaseExecutor.doExecute(TestCaseExecutor.java:433)
	at com.kms.katalon.core.main.TestCaseExecutor.processExecutionPhase(TestCaseExecutor.java:412)
	at com.kms.katalon.core.main.TestCaseExecutor.accessMainPhase(TestCaseExecutor.java:404)
	at com.kms.katalon.core.main.TestCaseExecutor.execute(TestCaseExecutor.java:281)
	at com.kms.katalon.core.main.TestSuiteExecutor.accessTestCaseMainPhase(TestSuiteExecutor.java:202)
	at com.kms.katalon.core.main.TestSuiteExecutor.accessTestSuiteMainPhase(TestSuiteExecutor.java:164)
	at com.kms.katalon.core.main.TestSuiteExecutor.execute(TestSuiteExecutor.java:105)
	at com.kms.katalon.core.main.TestCaseMain.startTestSuite(TestCaseMain.java:185)
	at com.kms.katalon.core.main.TestCaseMain$startTestSuite$0.call(Unknown Source)
	at TempTestSuite1645435806217.run(TempTestSuite1645435806217.groovy:36)
Caused by: com.kms.katalon.core.exception.StepFailedException: Actual text 'Булавчук' and expected text 'Ганин' of test object 'Object Repository/Avangard New/Object (Тренер)/Case (Составы)/ganin player' are NOT matched.
	at com.kms.katalon.core.webui.keyword.internal.WebUIKeywordMain.stepFailed(WebUIKeywordMain.groovy:64)
	at com.kms.katalon.core.webui.keyword.builtin.VerifyElementTextKeyword$_verifyElementText_closure1.doCall(VerifyElementTextKeyword.groovy:57)
	at com.kms.katalon.core.webui.keyword.builtin.VerifyElementTextKeyword$_verifyElementText_closure1.call(VerifyElementTextKeyword.groovy)
	at com.kms.katalon.core.webui.keyword.internal.WebUIKeywordMain.runKeyword(WebUIKeywordMain.groovy:20)
	... 35 more
)
[[ATTACHMENT|C:\\Users\\LENOVO\\Katalon Studio\\Project Avangard\\Reports\\20220221_122957\\\u0422\u0440\u0435\u043D\u0435\u0440\\20220221_123006\\1645436759690.png]]

2022-02-21 12:46:03 - [MESSAGE][INFO] - 

2022-02-21 12:46:03 - [MESSAGE][INFO] - ===================== Self-healing Report ====================

2022-02-21 12:46:03 - [MESSAGE][INFO] - One of the failed test object locators has been recovered by Self-healing. Please refer to the Self-healing Insights tab for more details.

2022-02-21 12:46:03 - [MESSAGE][INFO] - To learn more about Self-healing, please read https://docs.katalon.com/katalon-studio/docs/self-healing.html

2022-02-21 12:46:03 - [MESSAGE][INFO] - ==============================================================

2022-02-21 12:46:03 - [MESSAGE][FAILED] - Unable to call Test Case 'Test Cases/Тренер/Cоставы у игрока' (Root cause: com.kms.katalon.core.exception.StepFailedException: Call Test Case 'Test Cases/Тренер/Cоставы у игрока' failed
	at com.kms.katalon.core.keyword.builtin.CallTestCaseKeyword$_callTestCase_closure1.doCall(CallTestCaseKeyword.groovy:63)
	at com.kms.katalon.core.keyword.builtin.CallTestCaseKeyword$_callTestCase_closure1.call(CallTestCaseKeyword.groovy)
	at com.kms.katalon.core.keyword.internal.KeywordMain.runKeyword(KeywordMain.groovy:74)
	at com.kms.katalon.core.keyword.builtin.CallTestCaseKeyword.callTestCase(CallTestCaseKeyword.groovy:81)
	at com.kms.katalon.core.keyword.builtin.CallTestCaseKeyword.execute(CallTestCaseKeyword.groovy:44)
	at com.kms.katalon.core.keyword.internal.KeywordExecutor.executeKeywordForPlatform(KeywordExecutor.groovy:74)
	at com.kms.katalon.core.keyword.BuiltinKeywords.callTestCase(BuiltinKeywords.groovy:334)
	at Составы.run(Составы:69)
	at com.kms.katalon.core.main.ScriptEngine.run(ScriptEngine.java:194)
	at com.kms.katalon.core.main.ScriptEngine.runScriptAsRawText(ScriptEngine.java:119)
	at com.kms.katalon.core.main.TestCaseExecutor.runScript(TestCaseExecutor.java:442)
	at com.kms.katalon.core.main.TestCaseExecutor.doExecute(TestCaseExecutor.java:433)
	at com.kms.katalon.core.main.TestCaseExecutor.processExecutionPhase(TestCaseExecutor.java:412)
	at com.kms.katalon.core.main.TestCaseExecutor.accessMainPhase(TestCaseExecutor.java:404)
	at com.kms.katalon.core.main.TestCaseExecutor.execute(TestCaseExecutor.java:281)
	at com.kms.katalon.core.main.TestSuiteExecutor.accessTestCaseMainPhase(TestSuiteExecutor.java:202)
	at com.kms.katalon.core.main.TestSuiteExecutor.accessTestSuiteMainPhase(TestSuiteExecutor.java:164)
	at com.kms.katalon.core.main.TestSuiteExecutor.execute(TestSuiteExecutor.java:105)
	at com.kms.katalon.core.main.TestCaseMain.startTestSuite(TestCaseMain.java:185)
	at com.kms.katalon.core.main.TestCaseMain$startTestSuite$0.call(Unknown Source)
	at TempTestSuite1645435806217.run(TempTestSuite1645435806217.groovy:36)
Caused by: com.kms.katalon.core.exception.StepFailedException: Verify element text of test object 'Object Repository/Avangard New/Object (Тренер)/Case (Составы)/ganin player' FAILED.
	at com.kms.katalon.core.webui.keyword.internal.WebUIKeywordMain.stepFailed(WebUIKeywordMain.groovy:64)
	at com.kms.katalon.core.webui.keyword.internal.WebUIKeywordMain.runKeyword(WebUIKeywordMain.groovy:26)
	at com.kms.katalon.core.webui.keyword.builtin.VerifyElementTextKeyword.verifyElementText(VerifyElementTextKeyword.groovy:72)
	at com.kms.katalon.core.webui.keyword.builtin.VerifyElementTextKeyword.execute(VerifyElementTextKeyword.groovy:40)
	at com.kms.katalon.core.keyword.internal.KeywordExecutor.executeKeywordForPlatform(KeywordExecutor.groovy:74)
	at com.kms.katalon.core.webui.keyword.WebUiBuiltInKeywords.verifyElementText(WebUiBuiltInKeywords.groovy:4749)
	at com.kms.katalon.core.webui.keyword.WebUiBuiltInKeywords$verifyElementText$8.call(Unknown Source)
	at Cоставы у игрока.run(Cоставы у игрока:24)
	at com.kms.katalon.core.main.ScriptEngine.run(ScriptEngine.java:194)
	at com.kms.katalon.core.main.ScriptEngine.runScriptAsRawText(ScriptEngine.java:119)
	at com.kms.katalon.core.main.TestCaseExecutor.runScript(TestCaseExecutor.java:442)
	at com.kms.katalon.core.main.TestCaseExecutor.doExecute(TestCaseExecutor.java:433)
	at com.kms.katalon.core.main.TestCaseExecutor.processExecutionPhase(TestCaseExecutor.java:412)
	at com.kms.katalon.core.main.TestCaseExecutor.accessMainPhase(TestCaseExecutor.java:404)
	at com.kms.katalon.core.main.TestCaseExecutor.execute(TestCaseExecutor.java:281)
	at com.kms.katalon.core.main.TestCaseMain.runTestCase(TestCaseMain.java:142)
	at com.kms.katalon.core.keyword.builtin.CallTestCaseKeyword$_callTestCase_closure1.doCall(CallTestCaseKeyword.groovy:59)
	... 20 more
Caused by: com.kms.katalon.core.exception.StepFailedException: Actual text 'Булавчук' and expected text 'Ганин' of test object 'Object Repository/Avangard New/Object (Тренер)/Case (Составы)/ganin player' are NOT matched.
	at com.kms.katalon.core.webui.keyword.internal.WebUIKeywordMain.stepFailed(WebUIKeywordMain.groovy:64)
	at com.kms.katalon.core.webui.keyword.builtin.VerifyElementTextKeyword$_verifyElementText_closure1.doCall(VerifyElementTextKeyword.groovy:57)
	at com.kms.katalon.core.webui.keyword.builtin.VerifyElementTextKeyword$_verifyElementText_closure1.call(VerifyElementTextKeyword.groovy)
	at com.kms.katalon.core.webui.keyword.internal.WebUIKeywordMain.runKeyword(WebUIKeywordMain.groovy:20)
	... 35 more
)]]></system-out>
         <system-err><![CDATA[2022-02-21 12:40:45 - [TEST_CASE][FAILED] - Test Cases/Тренер/Составы: Test Cases/Тренер/Составы FAILED.
Reason:
com.kms.katalon.core.exception.StepFailedException: Call Test Case 'Test Cases/Тренер/Cоставы у игрока' failed
	at com.kms.katalon.core.keyword.builtin.CallTestCaseKeyword$_callTestCase_closure1.doCall(CallTestCaseKeyword.groovy:63)
	at com.kms.katalon.core.keyword.builtin.CallTestCaseKeyword$_callTestCase_closure1.call(CallTestCaseKeyword.groovy)
	at com.kms.katalon.core.keyword.internal.KeywordMain.runKeyword(KeywordMain.groovy:74)
	at com.kms.katalon.core.keyword.builtin.CallTestCaseKeyword.callTestCase(CallTestCaseKeyword.groovy:81)
	at com.kms.katalon.core.keyword.builtin.CallTestCaseKeyword.execute(CallTestCaseKeyword.groovy:44)
	at com.kms.katalon.core.keyword.internal.KeywordExecutor.executeKeywordForPlatform(KeywordExecutor.groovy:74)
	at com.kms.katalon.core.keyword.BuiltinKeywords.callTestCase(BuiltinKeywords.groovy:334)
	at Составы.run(Составы:69)
	at com.kms.katalon.core.main.ScriptEngine.run(ScriptEngine.java:194)
	at com.kms.katalon.core.main.ScriptEngine.runScriptAsRawText(ScriptEngine.java:119)
	at com.kms.katalon.core.main.TestCaseExecutor.runScript(TestCaseExecutor.java:442)
	at com.kms.katalon.core.main.TestCaseExecutor.doExecute(TestCaseExecutor.java:433)
	at com.kms.katalon.core.main.TestCaseExecutor.processExecutionPhase(TestCaseExecutor.java:412)
	at com.kms.katalon.core.main.TestCaseExecutor.accessMainPhase(TestCaseExecutor.java:404)
	at com.kms.katalon.core.main.TestCaseExecutor.execute(TestCaseExecutor.java:281)
	at com.kms.katalon.core.main.TestSuiteExecutor.accessTestCaseMainPhase(TestSuiteExecutor.java:202)
	at com.kms.katalon.core.main.TestSuiteExecutor.accessTestSuiteMainPhase(TestSuiteExecutor.java:164)
	at com.kms.katalon.core.main.TestSuiteExecutor.execute(TestSuiteExecutor.java:105)
	at com.kms.katalon.core.main.TestCaseMain.startTestSuite(TestCaseMain.java:185)
	at com.kms.katalon.core.main.TestCaseMain$startTestSuite$0.call(Unknown Source)
	at TempTestSuite1645435806217.run(TempTestSuite1645435806217.groovy:36)
Caused by: com.kms.katalon.core.exception.StepFailedException: Verify element text of test object 'Object Repository/Avangard New/Object (Тренер)/Case (Составы)/ganin player' FAILED.
	at com.kms.katalon.core.webui.keyword.internal.WebUIKeywordMain.stepFailed(WebUIKeywordMain.groovy:64)
	at com.kms.katalon.core.webui.keyword.internal.WebUIKeywordMain.runKeyword(WebUIKeywordMain.groovy:26)
	at com.kms.katalon.core.webui.keyword.builtin.VerifyElementTextKeyword.verifyElementText(VerifyElementTextKeyword.groovy:72)
	at com.kms.katalon.core.webui.keyword.builtin.VerifyElementTextKeyword.execute(VerifyElementTextKeyword.groovy:40)
	at com.kms.katalon.core.keyword.internal.KeywordExecutor.executeKeywordForPlatform(KeywordExecutor.groovy:74)
	at com.kms.katalon.core.webui.keyword.WebUiBuiltInKeywords.verifyElementText(WebUiBuiltInKeywords.groovy:4749)
	at com.kms.katalon.core.webui.keyword.WebUiBuiltInKeywords$verifyElementText$8.call(Unknown Source)
	at Cоставы у игрока.run(Cоставы у игрока:24)
	at com.kms.katalon.core.main.ScriptEngine.run(ScriptEngine.java:194)
	at com.kms.katalon.core.main.ScriptEngine.runScriptAsRawText(ScriptEngine.java:119)
	at com.kms.katalon.core.main.TestCaseExecutor.runScript(TestCaseExecutor.java:442)
	at com.kms.katalon.core.main.TestCaseExecutor.doExecute(TestCaseExecutor.java:433)
	at com.kms.katalon.core.main.TestCaseExecutor.processExecutionPhase(TestCaseExecutor.java:412)
	at com.kms.katalon.core.main.TestCaseExecutor.accessMainPhase(TestCaseExecutor.java:404)
	at com.kms.katalon.core.main.TestCaseExecutor.execute(TestCaseExecutor.java:281)
	at com.kms.katalon.core.main.TestCaseMain.runTestCase(TestCaseMain.java:142)
	at com.kms.katalon.core.keyword.builtin.CallTestCaseKeyword$_callTestCase_closure1.doCall(CallTestCaseKeyword.groovy:59)
	... 20 more
Caused by: com.kms.katalon.core.exception.StepFailedException: Actual text 'Булавчук' and expected text 'Ганин' of test object 'Object Repository/Avangard New/Object (Тренер)/Case (Составы)/ganin player' are NOT matched.
	at com.kms.katalon.core.webui.keyword.internal.WebUIKeywordMain.stepFailed(WebUIKeywordMain.groovy:64)
	at com.kms.katalon.core.webui.keyword.builtin.VerifyElementTextKeyword$_verifyElementText_closure1.doCall(VerifyElementTextKeyword.groovy:57)
	at com.kms.katalon.core.webui.keyword.builtin.VerifyElementTextKeyword$_verifyElementText_closure1.call(VerifyElementTextKeyword.groovy)
	at com.kms.katalon.core.webui.keyword.internal.WebUIKeywordMain.runKeyword(WebUIKeywordMain.groovy:20)
	... 35 more]]></system-err>
      </testcase>
      <testcase name="Test Cases/Тренер/Профиль Тренера" time="87.496" classname="Test Cases/Тренер/Профиль Тренера" status="PASSED">
         <system-out><![CDATA[2022-02-21 12:46:05 - [TEST_CASE][PASSED] - Test Cases/Тренер/Профиль Тренера: Test Cases/Тренер/Профиль Тренера

2022-02-21 12:46:05 - [TEST_STEP][PASSED] - callTestCase(findTestCase("Тренер/Авторизация"), [:], STOP_ON_FAILURE): Call Test Case 'Test Cases/Тренер/Авторизация' successfully

2022-02-21 12:46:05 - [TEST_CASE][PASSED] - Test Cases/Тренер/Авторизация: Test Cases/Тренер/Авторизация

2022-02-21 12:46:05 - [TEST_STEP][PASSED] - openBrowser(""): Browser is opened with url: ''

2022-02-21 12:46:05 - [MESSAGE][WARNING] - A browser is already opened. Closing browser and opening a new one

2022-02-21 12:46:06 - [MESSAGE][INFO] - User set preference: ['os', 'linux']

2022-02-21 12:46:06 - [MESSAGE][INFO] - User set preference: ['browserName', 'chrome']

2022-02-21 12:46:06 - [MESSAGE][INFO] - User set preference: ['browserVersion', '97']

2022-02-21 12:46:06 - [MESSAGE][INFO] - User set preference: ['katalon:option', '{organizationId=551240, tunnelId=, usingTunnel=false}']

2022-02-21 12:46:06 - [MESSAGE][INFO] - Connecting to remote web server 'testcloud.katalon.com/hub' with type 'Selenium'

2022-02-21 12:46:06 - [MESSAGE][INFO] - Action delay is set to 100 milliseconds

2022-02-21 12:46:47 - [MESSAGE][PASSED] - Browser is opened with url: ''

2022-02-21 12:46:47 - [TEST_STEP][PASSED] - maximizeWindow(): Current window maximized

2022-02-21 12:46:47 - [MESSAGE][PASSED] - Current window maximized

2022-02-21 12:46:47 - [TEST_STEP][PASSED] - navigateToUrl(url): Navigate to 'https://stars-stage.hawk.ru:8080' successfully

2022-02-21 12:46:53 - [MESSAGE][PASSED] - Navigate to 'https://stars-stage.hawk.ru:8080' successfully

2022-02-21 12:46:53 - [TEST_STEP][PASSED] - setText(findTestObject("Object Repository/manager/Page_/input__sc-lnrBVv eqPACj"), coach_login): Text 'ageev.da@hc-avangard.com' is set on object 'Object Repository/manager/Page_/input__sc-lnrBVv eqPACj'

2022-02-21 12:46:57 - [MESSAGE][PASSED] - Text 'ageev.da@hc-avangard.com' is set on object 'Object Repository/manager/Page_/input__sc-lnrBVv eqPACj'

2022-02-21 12:46:57 - [TEST_STEP][PASSED] - setText(findTestObject("Object Repository/manager/Page_/input__sc-lnrBVv eqPACj_1"), coach_password): Text 'zz4waxq6' is set on object 'Object Repository/manager/Page_/input__sc-lnrBVv eqPACj_1'

2022-02-21 12:47:02 - [MESSAGE][PASSED] - Text 'zz4waxq6' is set on object 'Object Repository/manager/Page_/input__sc-lnrBVv eqPACj_1'

2022-02-21 12:47:02 - [TEST_STEP][PASSED] - click(findTestObject("manager/Page_/go")): Object: 'Object Repository/manager/Page_/go' is clicked on

2022-02-21 12:47:04 - [MESSAGE][PASSED] - Object: 'Object Repository/manager/Page_/go' is clicked on

2022-02-21 12:47:04 - [MESSAGE][PASSED] - Call Test Case 'Test Cases/Тренер/Авторизация' successfully

2022-02-21 12:47:04 - [TEST_STEP][PASSED] - click(findTestObject("Object Repository/ТРЕНЕР/reports/IMT/Page_/Page_/div_ (1)")): Object: 'Object Repository/ТРЕНЕР/reports/IMT/Page_/Page_/div_ (1)' is clicked on

2022-02-21 12:47:22 - [MESSAGE][PASSED] - Object: 'Object Repository/ТРЕНЕР/reports/IMT/Page_/Page_/div_ (1)' is clicked on

2022-02-21 12:47:22 - [TEST_STEP][PASSED] - click(findTestObject("Object Repository/ТРЕНЕР/reports/IMT/Page_/Page_/save")): Object: 'Object Repository/ТРЕНЕР/reports/IMT/Page_/Page_/save' is clicked on

2022-02-21 12:47:25 - [MESSAGE][PASSED] - Object: 'Object Repository/ТРЕНЕР/reports/IMT/Page_/Page_/save' is clicked on

2022-02-21 12:47:25 - [TEST_STEP][PASSED] - verifyTextPresent("Пользователь сохранен", false): Text 'Пользователь сохранен' is present on page 

2022-02-21 12:47:30 - [MESSAGE][PASSED] - Text 'Пользователь сохранен' is present on page 

2022-02-21 12:47:30 - [TEST_STEP][PASSED] - click(findTestObject("Object Repository/ТРЕНЕР/reports/IMT/Page_/Page_/root")): Object: 'Object Repository/ТРЕНЕР/reports/IMT/Page_/Page_/root' is clicked on

2022-02-21 12:47:32 - [MESSAGE][PASSED] - Object: 'Object Repository/ТРЕНЕР/reports/IMT/Page_/Page_/root' is clicked on

2022-02-21 12:47:32 - [TEST_STEP][PASSED] - closeBrowser(): Browser is closed

2022-02-21 12:47:33 - [MESSAGE][PASSED] - Browser is closed]]></system-out>
         <system-err><![CDATA[]]></system-err>
      </testcase>
      <testcase name="Test Cases/Тренер/Статистика" time="90.539" classname="Test Cases/Тренер/Статистика" status="PASSED">
         <system-out><![CDATA[2022-02-21 12:47:33 - [TEST_CASE][PASSED] - Test Cases/Тренер/Статистика: Test Cases/Тренер/Статистика

2022-02-21 12:47:33 - [TEST_STEP][PASSED] - callTestCase(findTestCase("Тренер/Авторизация"), [:], STOP_ON_FAILURE): Call Test Case 'Test Cases/Тренер/Авторизация' successfully

2022-02-21 12:47:33 - [TEST_CASE][PASSED] - Test Cases/Тренер/Авторизация: Test Cases/Тренер/Авторизация

2022-02-21 12:47:33 - [TEST_STEP][PASSED] - openBrowser(""): Browser is opened with url: ''

2022-02-21 12:47:33 - [MESSAGE][INFO] - User set preference: ['os', 'linux']

2022-02-21 12:47:33 - [MESSAGE][INFO] - User set preference: ['browserName', 'chrome']

2022-02-21 12:47:33 - [MESSAGE][INFO] - User set preference: ['browserVersion', '97']

2022-02-21 12:47:33 - [MESSAGE][INFO] - User set preference: ['katalon:option', '{organizationId=551240, tunnelId=, usingTunnel=false}']

2022-02-21 12:47:33 - [MESSAGE][INFO] - Connecting to remote web server 'testcloud.katalon.com/hub' with type 'Selenium'

2022-02-21 12:47:33 - [MESSAGE][INFO] - Action delay is set to 100 milliseconds

2022-02-21 12:48:17 - [MESSAGE][PASSED] - Browser is opened with url: ''

2022-02-21 12:48:17 - [TEST_STEP][PASSED] - maximizeWindow(): Current window maximized

2022-02-21 12:48:17 - [MESSAGE][PASSED] - Current window maximized

2022-02-21 12:48:17 - [TEST_STEP][PASSED] - navigateToUrl(url): Navigate to 'https://stars-stage.hawk.ru:8080' successfully

2022-02-21 12:48:24 - [MESSAGE][PASSED] - Navigate to 'https://stars-stage.hawk.ru:8080' successfully

2022-02-21 12:48:24 - [TEST_STEP][PASSED] - setText(findTestObject("Object Repository/manager/Page_/input__sc-lnrBVv eqPACj"), coach_login): Text 'ageev.da@hc-avangard.com' is set on object 'Object Repository/manager/Page_/input__sc-lnrBVv eqPACj'

2022-02-21 12:48:28 - [MESSAGE][PASSED] - Text 'ageev.da@hc-avangard.com' is set on object 'Object Repository/manager/Page_/input__sc-lnrBVv eqPACj'

2022-02-21 12:48:28 - [TEST_STEP][PASSED] - setText(findTestObject("Object Repository/manager/Page_/input__sc-lnrBVv eqPACj_1"), coach_password): Text 'zz4waxq6' is set on object 'Object Repository/manager/Page_/input__sc-lnrBVv eqPACj_1'

2022-02-21 12:48:32 - [MESSAGE][PASSED] - Text 'zz4waxq6' is set on object 'Object Repository/manager/Page_/input__sc-lnrBVv eqPACj_1'

2022-02-21 12:48:32 - [TEST_STEP][PASSED] - click(findTestObject("manager/Page_/go")): Object: 'Object Repository/manager/Page_/go' is clicked on

2022-02-21 12:48:34 - [MESSAGE][PASSED] - Object: 'Object Repository/manager/Page_/go' is clicked on

2022-02-21 12:48:34 - [MESSAGE][PASSED] - Call Test Case 'Test Cases/Тренер/Авторизация' successfully

2022-02-21 12:48:34 - [TEST_STEP][PASSED] - click(findTestObject("Object Repository/Avangard New/Object (Тренер)/Case (Статистика)/report")): Object: 'Object Repository/Avangard New/Object (Тренер)/Case (Статистика)/report' is clicked on

2022-02-21 12:48:49 - [MESSAGE][PASSED] - Object: 'Object Repository/Avangard New/Object (Тренер)/Case (Статистика)/report' is clicked on

2022-02-21 12:48:49 - [TEST_STEP][PASSED] - click(findTestObject("Object Repository/Avangard New/Object (Тренер)/Case (Статистика)/statsreport")): Object: 'Object Repository/Avangard New/Object (Тренер)/Case (Статистика)/statsreport' is clicked on

2022-02-21 12:48:51 - [MESSAGE][PASSED] - Object: 'Object Repository/Avangard New/Object (Тренер)/Case (Статистика)/statsreport' is clicked on

2022-02-21 12:48:51 - [TEST_STEP][PASSED] - click(findTestObject("Object Repository/Avangard New/Object (Тренер)/Case (Статистика)/team")): Object: 'Object Repository/Avangard New/Object (Тренер)/Case (Статистика)/team' is clicked on

2022-02-21 12:48:53 - [MESSAGE][PASSED] - Object: 'Object Repository/Avangard New/Object (Тренер)/Case (Статистика)/team' is clicked on

2022-02-21 12:48:53 - [TEST_STEP][PASSED] - click(findTestObject("Object Repository/Avangard New/Object (Тренер)/Case (Статистика)/oms")): Object: 'Object Repository/Avangard New/Object (Тренер)/Case (Статистика)/oms' is clicked on

2022-02-21 12:48:55 - [MESSAGE][PASSED] - Object: 'Object Repository/Avangard New/Object (Тренер)/Case (Статистика)/oms' is clicked on

2022-02-21 12:48:55 - [TEST_STEP][PASSED] - verifyElementText(findTestObject("Avangard New/Object (Тренер)/Case (Статистика)/rank"), "Ранг"): Actual text and expected text of test object 'Object Repository/Avangard New/Object (Тренер)/Case (Статистика)/rank' are matched.

2022-02-21 12:48:59 - [MESSAGE][PASSED] - Actual text and expected text of test object 'Object Repository/Avangard New/Object (Тренер)/Case (Статистика)/rank' are matched.

2022-02-21 12:48:59 - [TEST_STEP][PASSED] - verifyElementText(findTestObject("Avangard New/Object (Тренер)/Case (Статистика)/match"), "Матчи"): Actual text and expected text of test object 'Object Repository/Avangard New/Object (Тренер)/Case (Статистика)/match' are matched.

2022-02-21 12:49:01 - [MESSAGE][PASSED] - Actual text and expected text of test object 'Object Repository/Avangard New/Object (Тренер)/Case (Статистика)/match' are matched.

2022-02-21 12:49:01 - [TEST_STEP][PASSED] - verifyElementText(findTestObject("Avangard New/Object (Тренер)/Case (Статистика)/game time"), "Игр. время"): Actual text and expected text of test object 'Object Repository/Avangard New/Object (Тренер)/Case (Статистика)/game time' are matched.

2022-02-21 12:49:03 - [MESSAGE][PASSED] - Actual text and expected text of test object 'Object Repository/Avangard New/Object (Тренер)/Case (Статистика)/game time' are matched.

2022-02-21 12:49:03 - [TEST_STEP][PASSED] - closeBrowser(): Browser is closed

2022-02-21 12:49:03 - [MESSAGE][PASSED] - Browser is closed]]></system-out>
         <system-err><![CDATA[]]></system-err>
      </testcase>
      <testcase name="Test Cases/Тренер/Оценка навыков" time="118.624" classname="Test Cases/Тренер/Оценка навыков" status="FAILED">
         <failure type="FAILED" message="Test Cases/Тренер/Оценка навыков FAILED.
Reason:
com.kms.katalon.core.exception.StepFailedException: Verify element text of test object 'Object Repository/Avangard New/Object (Тренер)/Case (Оценка навыков)/alert home add' FAILED.
	at com.kms.katalon.core.webui.keyword.internal.WebUIKeywordMain.stepFailed(WebUIKeywordMain.groovy:64)
	at com.kms.katalon.core.webui.keyword.internal.WebUIKeywordMain.runKeyword(WebUIKeywordMain.groovy:26)
	at com.kms.katalon.core.webui.keyword.builtin.VerifyElementTextKeyword.verifyElementText(VerifyElementTextKeyword.groovy:72)
	at com.kms.katalon.core.webui.keyword.builtin.VerifyElementTextKeyword.execute(VerifyElementTextKeyword.groovy:40)
	at com.kms.katalon.core.keyword.internal.KeywordExecutor.executeKeywordForPlatform(KeywordExecutor.groovy:74)
	at com.kms.katalon.core.webui.keyword.WebUiBuiltInKeywords.verifyElementText(WebUiBuiltInKeywords.groovy:4749)
	at com.kms.katalon.core.webui.keyword.WebUiBuiltInKeywords$verifyElementText$8.call(Unknown Source)
	at Оценка навыков.run(Оценка навыков:34)
	at com.kms.katalon.core.main.ScriptEngine.run(ScriptEngine.java:194)
	at com.kms.katalon.core.main.ScriptEngine.runScriptAsRawText(ScriptEngine.java:119)
	at com.kms.katalon.core.main.TestCaseExecutor.runScript(TestCaseExecutor.java:442)
	at com.kms.katalon.core.main.TestCaseExecutor.doExecute(TestCaseExecutor.java:433)
	at com.kms.katalon.core.main.TestCaseExecutor.processExecutionPhase(TestCaseExecutor.java:412)
	at com.kms.katalon.core.main.TestCaseExecutor.accessMainPhase(TestCaseExecutor.java:404)
	at com.kms.katalon.core.main.TestCaseExecutor.execute(TestCaseExecutor.java:281)
	at com.kms.katalon.core.main.TestSuiteExecutor.accessTestCaseMainPhase(TestSuiteExecutor.java:202)
	at com.kms.katalon.core.main.TestSuiteExecutor.accessTestSuiteMainPhase(TestSuiteExecutor.java:164)
	at com.kms.katalon.core.main.TestSuiteExecutor.execute(TestSuiteExecutor.java:105)
	at com.kms.katalon.core.main.TestCaseMain.startTestSuite(TestCaseMain.java:185)
	at com.kms.katalon.core.main.TestCaseMain$startTestSuite$0.call(Unknown Source)
	at TempTestSuite1645435806217.run(TempTestSuite1645435806217.groovy:36)
Caused by: com.kms.katalon.core.exception.StepFailedException: com.kms.katalon.core.webui.exception.WebElementNotFoundException: Web element with id: 'Object Repository/Avangard New/Object (Тренер)/Case (Оценка навыков)/alert home add' located by '(.//*[normalize-space(text()) and normalize-space(.)='Ошибка при заполнении'])[1]/following::p[1]' not found
	at com.kms.katalon.core.webui.keyword.internal.WebUIKeywordMain.stepFailed(WebUIKeywordMain.groovy:64)
	at com.kms.katalon.core.webui.keyword.builtin.VerifyElementTextKeyword$_verifyElementText_closure1.doCall(VerifyElementTextKeyword.groovy:64)
	at com.kms.katalon.core.webui.keyword.builtin.VerifyElementTextKeyword$_verifyElementText_closure1.call(VerifyElementTextKeyword.groovy)
	at com.kms.katalon.core.webui.keyword.internal.WebUIKeywordMain.runKeyword(WebUIKeywordMain.groovy:20)
	... 19 more
"/>
         <system-out><![CDATA[2022-02-21 12:49:03 - [TEST_CASE][FAILED] - Test Cases/Тренер/Оценка навыков: Test Cases/Тренер/Оценка навыков FAILED.
Reason:
com.kms.katalon.core.exception.StepFailedException: Verify element text of test object 'Object Repository/Avangard New/Object (Тренер)/Case (Оценка навыков)/alert home add' FAILED.
	at com.kms.katalon.core.webui.keyword.internal.WebUIKeywordMain.stepFailed(WebUIKeywordMain.groovy:64)
	at com.kms.katalon.core.webui.keyword.internal.WebUIKeywordMain.runKeyword(WebUIKeywordMain.groovy:26)
	at com.kms.katalon.core.webui.keyword.builtin.VerifyElementTextKeyword.verifyElementText(VerifyElementTextKeyword.groovy:72)
	at com.kms.katalon.core.webui.keyword.builtin.VerifyElementTextKeyword.execute(VerifyElementTextKeyword.groovy:40)
	at com.kms.katalon.core.keyword.internal.KeywordExecutor.executeKeywordForPlatform(KeywordExecutor.groovy:74)
	at com.kms.katalon.core.webui.keyword.WebUiBuiltInKeywords.verifyElementText(WebUiBuiltInKeywords.groovy:4749)
	at com.kms.katalon.core.webui.keyword.WebUiBuiltInKeywords$verifyElementText$8.call(Unknown Source)
	at Оценка навыков.run(Оценка навыков:34)
	at com.kms.katalon.core.main.ScriptEngine.run(ScriptEngine.java:194)
	at com.kms.katalon.core.main.ScriptEngine.runScriptAsRawText(ScriptEngine.java:119)
	at com.kms.katalon.core.main.TestCaseExecutor.runScript(TestCaseExecutor.java:442)
	at com.kms.katalon.core.main.TestCaseExecutor.doExecute(TestCaseExecutor.java:433)
	at com.kms.katalon.core.main.TestCaseExecutor.processExecutionPhase(TestCaseExecutor.java:412)
	at com.kms.katalon.core.main.TestCaseExecutor.accessMainPhase(TestCaseExecutor.java:404)
	at com.kms.katalon.core.main.TestCaseExecutor.execute(TestCaseExecutor.java:281)
	at com.kms.katalon.core.main.TestSuiteExecutor.accessTestCaseMainPhase(TestSuiteExecutor.java:202)
	at com.kms.katalon.core.main.TestSuiteExecutor.accessTestSuiteMainPhase(TestSuiteExecutor.java:164)
	at com.kms.katalon.core.main.TestSuiteExecutor.execute(TestSuiteExecutor.java:105)
	at com.kms.katalon.core.main.TestCaseMain.startTestSuite(TestCaseMain.java:185)
	at com.kms.katalon.core.main.TestCaseMain$startTestSuite$0.call(Unknown Source)
	at TempTestSuite1645435806217.run(TempTestSuite1645435806217.groovy:36)
Caused by: com.kms.katalon.core.exception.StepFailedException: com.kms.katalon.core.webui.exception.WebElementNotFoundException: Web element with id: 'Object Repository/Avangard New/Object (Тренер)/Case (Оценка навыков)/alert home add' located by '(.//*[normalize-space(text()) and normalize-space(.)='Ошибка при заполнении'])[1]/following::p[1]' not found
	at com.kms.katalon.core.webui.keyword.internal.WebUIKeywordMain.stepFailed(WebUIKeywordMain.groovy:64)
	at com.kms.katalon.core.webui.keyword.builtin.VerifyElementTextKeyword$_verifyElementText_closure1.doCall(VerifyElementTextKeyword.groovy:64)
	at com.kms.katalon.core.webui.keyword.builtin.VerifyElementTextKeyword$_verifyElementText_closure1.call(VerifyElementTextKeyword.groovy)
	at com.kms.katalon.core.webui.keyword.internal.WebUIKeywordMain.runKeyword(WebUIKeywordMain.groovy:20)
	... 19 more


2022-02-21 12:49:03 - [TEST_STEP][PASSED] - callTestCase(findTestCase("Тренер/Авторизация"), [:], STOP_ON_FAILURE): Call Test Case 'Test Cases/Тренер/Авторизация' successfully

2022-02-21 12:49:03 - [TEST_CASE][PASSED] - Test Cases/Тренер/Авторизация: Test Cases/Тренер/Авторизация

2022-02-21 12:49:03 - [TEST_STEP][PASSED] - openBrowser(""): Browser is opened with url: ''

2022-02-21 12:49:03 - [MESSAGE][INFO] - User set preference: ['os', 'linux']

2022-02-21 12:49:03 - [MESSAGE][INFO] - User set preference: ['browserName', 'chrome']

2022-02-21 12:49:03 - [MESSAGE][INFO] - User set preference: ['browserVersion', '97']

2022-02-21 12:49:03 - [MESSAGE][INFO] - User set preference: ['katalon:option', '{organizationId=551240, tunnelId=, usingTunnel=false}']

2022-02-21 12:49:03 - [MESSAGE][INFO] - Connecting to remote web server 'testcloud.katalon.com/hub' with type 'Selenium'

2022-02-21 12:49:03 - [MESSAGE][INFO] - Action delay is set to 100 milliseconds

2022-02-21 12:49:32 - [MESSAGE][PASSED] - Browser is opened with url: ''

2022-02-21 12:49:32 - [TEST_STEP][PASSED] - maximizeWindow(): Current window maximized

2022-02-21 12:49:32 - [MESSAGE][PASSED] - Current window maximized

2022-02-21 12:49:32 - [TEST_STEP][PASSED] - navigateToUrl(url): Navigate to 'https://stars-stage.hawk.ru:8080' successfully

2022-02-21 12:49:38 - [MESSAGE][PASSED] - Navigate to 'https://stars-stage.hawk.ru:8080' successfully

2022-02-21 12:49:38 - [TEST_STEP][PASSED] - setText(findTestObject("Object Repository/manager/Page_/input__sc-lnrBVv eqPACj"), coach_login): Text 'ageev.da@hc-avangard.com' is set on object 'Object Repository/manager/Page_/input__sc-lnrBVv eqPACj'

2022-02-21 12:49:42 - [MESSAGE][PASSED] - Text 'ageev.da@hc-avangard.com' is set on object 'Object Repository/manager/Page_/input__sc-lnrBVv eqPACj'

2022-02-21 12:49:42 - [TEST_STEP][PASSED] - setText(findTestObject("Object Repository/manager/Page_/input__sc-lnrBVv eqPACj_1"), coach_password): Text 'zz4waxq6' is set on object 'Object Repository/manager/Page_/input__sc-lnrBVv eqPACj_1'

2022-02-21 12:49:47 - [MESSAGE][PASSED] - Text 'zz4waxq6' is set on object 'Object Repository/manager/Page_/input__sc-lnrBVv eqPACj_1'

2022-02-21 12:49:47 - [TEST_STEP][PASSED] - click(findTestObject("manager/Page_/go")): Object: 'Object Repository/manager/Page_/go' is clicked on

2022-02-21 12:49:49 - [MESSAGE][PASSED] - Object: 'Object Repository/manager/Page_/go' is clicked on

2022-02-21 12:49:49 - [MESSAGE][PASSED] - Call Test Case 'Test Cases/Тренер/Авторизация' successfully

2022-02-21 12:49:49 - [TEST_STEP][PASSED] - click(findTestObject("Object Repository/Avangard New/Object (Тренер)/Case (Оценка навыков)/span_home")): Object: 'Object Repository/Avangard New/Object (Тренер)/Case (Оценка навыков)/span_home' is clicked on

2022-02-21 12:50:07 - [MESSAGE][PASSED] - Object: 'Object Repository/Avangard New/Object (Тренер)/Case (Оценка навыков)/span_home' is clicked on

2022-02-21 12:50:07 - [TEST_STEP][PASSED] - click(findTestObject("Object Repository/Avangard New/Object (Тренер)/Case (Оценка навыков)/edit home")): Object: 'Object Repository/Avangard New/Object (Тренер)/Case (Оценка навыков)/edit home' is clicked on

2022-02-21 12:50:09 - [MESSAGE][PASSED] - Object: 'Object Repository/Avangard New/Object (Тренер)/Case (Оценка навыков)/edit home' is clicked on

2022-02-21 12:50:09 - [TEST_STEP][PASSED] - scrollToElement(findTestObject("Avangard New/Object (Тренер)/Case (Оценка навыков)/button_save_home"), 0): Scroll to object 'Object Repository/Avangard New/Object (Тренер)/Case (Оценка навыков)/button_save_home' successfully

2022-02-21 12:50:09 - [MESSAGE][WARNING] - Timeout '0' is invalid. Using default page load timeout: '30'

2022-02-21 12:50:12 - [MESSAGE][PASSED] - Scroll to object 'Object Repository/Avangard New/Object (Тренер)/Case (Оценка навыков)/button_save_home' successfully

2022-02-21 12:50:12 - [TEST_STEP][PASSED] - click(findTestObject("Avangard New/Object (Тренер)/Case (Оценка навыков)/button_save_home")): Object: 'Object Repository/Avangard New/Object (Тренер)/Case (Оценка навыков)/button_save_home' is clicked on

2022-02-21 12:50:15 - [MESSAGE][PASSED] - Object: 'Object Repository/Avangard New/Object (Тренер)/Case (Оценка навыков)/button_save_home' is clicked on

2022-02-21 12:50:15 - [TEST_STEP][FAILED] - verifyElementText(findTestObject("Avangard New/Object (Тренер)/Case (Оценка навыков)/alert home add"), "Добавьте от 1 до 7 навыков для развития."): Verify element text of test object 'Object Repository/Avangard New/Object (Тренер)/Case (Оценка навыков)/alert home add' FAILED. (Root cause: com.kms.katalon.core.exception.StepFailedException: Verify element text of test object 'Object Repository/Avangard New/Object (Тренер)/Case (Оценка навыков)/alert home add' FAILED.
	at com.kms.katalon.core.webui.keyword.internal.WebUIKeywordMain.stepFailed(WebUIKeywordMain.groovy:64)
	at com.kms.katalon.core.webui.keyword.internal.WebUIKeywordMain.runKeyword(WebUIKeywordMain.groovy:26)
	at com.kms.katalon.core.webui.keyword.builtin.VerifyElementTextKeyword.verifyElementText(VerifyElementTextKeyword.groovy:72)
	at com.kms.katalon.core.webui.keyword.builtin.VerifyElementTextKeyword.execute(VerifyElementTextKeyword.groovy:40)
	at com.kms.katalon.core.keyword.internal.KeywordExecutor.executeKeywordForPlatform(KeywordExecutor.groovy:74)
	at com.kms.katalon.core.webui.keyword.WebUiBuiltInKeywords.verifyElementText(WebUiBuiltInKeywords.groovy:4749)
	at com.kms.katalon.core.webui.keyword.WebUiBuiltInKeywords$verifyElementText$8.call(Unknown Source)
	at Оценка навыков.run(Оценка навыков:34)
	at com.kms.katalon.core.main.ScriptEngine.run(ScriptEngine.java:194)
	at com.kms.katalon.core.main.ScriptEngine.runScriptAsRawText(ScriptEngine.java:119)
	at com.kms.katalon.core.main.TestCaseExecutor.runScript(TestCaseExecutor.java:442)
	at com.kms.katalon.core.main.TestCaseExecutor.doExecute(TestCaseExecutor.java:433)
	at com.kms.katalon.core.main.TestCaseExecutor.processExecutionPhase(TestCaseExecutor.java:412)
	at com.kms.katalon.core.main.TestCaseExecutor.accessMainPhase(TestCaseExecutor.java:404)
	at com.kms.katalon.core.main.TestCaseExecutor.execute(TestCaseExecutor.java:281)
	at com.kms.katalon.core.main.TestSuiteExecutor.accessTestCaseMainPhase(TestSuiteExecutor.java:202)
	at com.kms.katalon.core.main.TestSuiteExecutor.accessTestSuiteMainPhase(TestSuiteExecutor.java:164)
	at com.kms.katalon.core.main.TestSuiteExecutor.execute(TestSuiteExecutor.java:105)
	at com.kms.katalon.core.main.TestCaseMain.startTestSuite(TestCaseMain.java:185)
	at com.kms.katalon.core.main.TestCaseMain$startTestSuite$0.call(Unknown Source)
	at TempTestSuite1645435806217.run(TempTestSuite1645435806217.groovy:36)
Caused by: com.kms.katalon.core.exception.StepFailedException: com.kms.katalon.core.webui.exception.WebElementNotFoundException: Web element with id: 'Object Repository/Avangard New/Object (Тренер)/Case (Оценка навыков)/alert home add' located by '(.//*[normalize-space(text()) and normalize-space(.)='Ошибка при заполнении'])[1]/following::p[1]' not found
	at com.kms.katalon.core.webui.keyword.internal.WebUIKeywordMain.stepFailed(WebUIKeywordMain.groovy:64)
	at com.kms.katalon.core.webui.keyword.builtin.VerifyElementTextKeyword$_verifyElementText_closure1.doCall(VerifyElementTextKeyword.groovy:64)
	at com.kms.katalon.core.webui.keyword.builtin.VerifyElementTextKeyword$_verifyElementText_closure1.call(VerifyElementTextKeyword.groovy)
	at com.kms.katalon.core.webui.keyword.internal.WebUIKeywordMain.runKeyword(WebUIKeywordMain.groovy:20)
	... 19 more
)

2022-02-21 12:50:46 - [MESSAGE][INFO] - Unable to find the element located by 'By.xpath: (.//*[normalize-space(text()) and normalize-space(.)='Ошибка при заполнении'])[1]/following::p[1]'. Please recheck the objects properties to make sure the desired element is located. 

2022-02-21 12:50:46 - [MESSAGE][WARNING] - [SELF-HEALING] Failed to find element with id 'Object Repository/Avangard New/Object (Тренер)/Case (Оценка навыков)/alert home add'. Try using Self-healing.

2022-02-21 12:50:47 - [MESSAGE][INFO] - [SELF-HEALING] Failed Locator: '(.//*[normalize-space(text()) and normalize-space(.)='Ошибка при заполнении'])[1]/following::p[1]'.

2022-02-21 12:50:49 - [MESSAGE][INFO] - [SELF-HEALING] Failed Locator: '(.//*[normalize-space(text()) and normalize-space(.)='Нет'])[1]/following::p[1]'.

2022-02-21 12:50:50 - [MESSAGE][INFO] - [SELF-HEALING] Failed Locator: '//*/text()[normalize-space(.)='Добавьте от 1 до 7 навыков для развития.']/parent::*'.

2022-02-21 12:50:52 - [MESSAGE][INFO] - [SELF-HEALING] Failed Locator: '//div[4]/div/div/div/div/div/div/p'.

2022-02-21 12:50:53 - [MESSAGE][INFO] - [SELF-HEALING] Failed Locator: '//p[(text() = 'Добавьте от 1 до 7 навыков для развития.' or . = 'Добавьте от 1 до 7 навыков для развития.')]'.

2022-02-21 12:50:54 - [MESSAGE][INFO] - Unable to find the element located by 'By.xpath: //*[(text() = 'Добавьте от 1 до 7 навыков для развития.' or . = 'Добавьте от 1 до 7 навыков для развития.')]'. Please recheck the objects properties to make sure the desired element is located. 

2022-02-21 12:50:56 - [MESSAGE][INFO] - Unable to find the element located by 'By.cssSelector: p.ReactComponentNotification__NotificationText-sc-1wfzr6b-3.JWcOG'. Please recheck the objects properties to make sure the desired element is located. 

2022-02-21 12:50:58 - [MESSAGE][FAILED] - com.kms.katalon.core.webui.exception.WebElementNotFoundException: Web element with id: 'Object Repository/Avangard New/Object (Тренер)/Case (Оценка навыков)/alert home add' located by '(.//*[normalize-space(text()) and normalize-space(.)='Ошибка при заполнении'])[1]/following::p[1]' not found (Root cause: com.kms.katalon.core.exception.StepFailedException: com.kms.katalon.core.webui.exception.WebElementNotFoundException: Web element with id: 'Object Repository/Avangard New/Object (Тренер)/Case (Оценка навыков)/alert home add' located by '(.//*[normalize-space(text()) and normalize-space(.)='Ошибка при заполнении'])[1]/following::p[1]' not found
	at com.kms.katalon.core.webui.keyword.internal.WebUIKeywordMain.stepFailed(WebUIKeywordMain.groovy:64)
	at com.kms.katalon.core.webui.keyword.builtin.VerifyElementTextKeyword$_verifyElementText_closure1.doCall(VerifyElementTextKeyword.groovy:64)
	at com.kms.katalon.core.webui.keyword.builtin.VerifyElementTextKeyword$_verifyElementText_closure1.call(VerifyElementTextKeyword.groovy)
	at com.kms.katalon.core.webui.keyword.internal.WebUIKeywordMain.runKeyword(WebUIKeywordMain.groovy:20)
	at com.kms.katalon.core.webui.keyword.builtin.VerifyElementTextKeyword.verifyElementText(VerifyElementTextKeyword.groovy:72)
	at com.kms.katalon.core.webui.keyword.builtin.VerifyElementTextKeyword.execute(VerifyElementTextKeyword.groovy:40)
	at com.kms.katalon.core.keyword.internal.KeywordExecutor.executeKeywordForPlatform(KeywordExecutor.groovy:74)
	at com.kms.katalon.core.webui.keyword.WebUiBuiltInKeywords.verifyElementText(WebUiBuiltInKeywords.groovy:4749)
	at com.kms.katalon.core.webui.keyword.WebUiBuiltInKeywords$verifyElementText$8.call(Unknown Source)
	at Оценка навыков.run(Оценка навыков:34)
	at com.kms.katalon.core.main.ScriptEngine.run(ScriptEngine.java:194)
	at com.kms.katalon.core.main.ScriptEngine.runScriptAsRawText(ScriptEngine.java:119)
	at com.kms.katalon.core.main.TestCaseExecutor.runScript(TestCaseExecutor.java:442)
	at com.kms.katalon.core.main.TestCaseExecutor.doExecute(TestCaseExecutor.java:433)
	at com.kms.katalon.core.main.TestCaseExecutor.processExecutionPhase(TestCaseExecutor.java:412)
	at com.kms.katalon.core.main.TestCaseExecutor.accessMainPhase(TestCaseExecutor.java:404)
	at com.kms.katalon.core.main.TestCaseExecutor.execute(TestCaseExecutor.java:281)
	at com.kms.katalon.core.main.TestSuiteExecutor.accessTestCaseMainPhase(TestSuiteExecutor.java:202)
	at com.kms.katalon.core.main.TestSuiteExecutor.accessTestSuiteMainPhase(TestSuiteExecutor.java:164)
	at com.kms.katalon.core.main.TestSuiteExecutor.execute(TestSuiteExecutor.java:105)
	at com.kms.katalon.core.main.TestCaseMain.startTestSuite(TestCaseMain.java:185)
	at com.kms.katalon.core.main.TestCaseMain$startTestSuite$0.call(Unknown Source)
	at TempTestSuite1645435806217.run(TempTestSuite1645435806217.groovy:36)
)
[[ATTACHMENT|C:\\Users\\LENOVO\\Katalon Studio\\Project Avangard\\Reports\\20220221_122957\\\u0422\u0440\u0435\u043D\u0435\u0440\\20220221_123006\\1645437056084.png]]

2022-02-21 12:51:00 - [MESSAGE][FAILED] - Verify element text of test object 'Object Repository/Avangard New/Object (Тренер)/Case (Оценка навыков)/alert home add' FAILED. (Root cause: com.kms.katalon.core.exception.StepFailedException: Verify element text of test object 'Object Repository/Avangard New/Object (Тренер)/Case (Оценка навыков)/alert home add' FAILED.
	at com.kms.katalon.core.webui.keyword.internal.WebUIKeywordMain.stepFailed(WebUIKeywordMain.groovy:64)
	at com.kms.katalon.core.webui.keyword.internal.WebUIKeywordMain.runKeyword(WebUIKeywordMain.groovy:26)
	at com.kms.katalon.core.webui.keyword.builtin.VerifyElementTextKeyword.verifyElementText(VerifyElementTextKeyword.groovy:72)
	at com.kms.katalon.core.webui.keyword.builtin.VerifyElementTextKeyword.execute(VerifyElementTextKeyword.groovy:40)
	at com.kms.katalon.core.keyword.internal.KeywordExecutor.executeKeywordForPlatform(KeywordExecutor.groovy:74)
	at com.kms.katalon.core.webui.keyword.WebUiBuiltInKeywords.verifyElementText(WebUiBuiltInKeywords.groovy:4749)
	at com.kms.katalon.core.webui.keyword.WebUiBuiltInKeywords$verifyElementText$8.call(Unknown Source)
	at Оценка навыков.run(Оценка навыков:34)
	at com.kms.katalon.core.main.ScriptEngine.run(ScriptEngine.java:194)
	at com.kms.katalon.core.main.ScriptEngine.runScriptAsRawText(ScriptEngine.java:119)
	at com.kms.katalon.core.main.TestCaseExecutor.runScript(TestCaseExecutor.java:442)
	at com.kms.katalon.core.main.TestCaseExecutor.doExecute(TestCaseExecutor.java:433)
	at com.kms.katalon.core.main.TestCaseExecutor.processExecutionPhase(TestCaseExecutor.java:412)
	at com.kms.katalon.core.main.TestCaseExecutor.accessMainPhase(TestCaseExecutor.java:404)
	at com.kms.katalon.core.main.TestCaseExecutor.execute(TestCaseExecutor.java:281)
	at com.kms.katalon.core.main.TestSuiteExecutor.accessTestCaseMainPhase(TestSuiteExecutor.java:202)
	at com.kms.katalon.core.main.TestSuiteExecutor.accessTestSuiteMainPhase(TestSuiteExecutor.java:164)
	at com.kms.katalon.core.main.TestSuiteExecutor.execute(TestSuiteExecutor.java:105)
	at com.kms.katalon.core.main.TestCaseMain.startTestSuite(TestCaseMain.java:185)
	at com.kms.katalon.core.main.TestCaseMain$startTestSuite$0.call(Unknown Source)
	at TempTestSuite1645435806217.run(TempTestSuite1645435806217.groovy:36)
Caused by: com.kms.katalon.core.exception.StepFailedException: com.kms.katalon.core.webui.exception.WebElementNotFoundException: Web element with id: 'Object Repository/Avangard New/Object (Тренер)/Case (Оценка навыков)/alert home add' located by '(.//*[normalize-space(text()) and normalize-space(.)='Ошибка при заполнении'])[1]/following::p[1]' not found
	at com.kms.katalon.core.webui.keyword.internal.WebUIKeywordMain.stepFailed(WebUIKeywordMain.groovy:64)
	at com.kms.katalon.core.webui.keyword.builtin.VerifyElementTextKeyword$_verifyElementText_closure1.doCall(VerifyElementTextKeyword.groovy:64)
	at com.kms.katalon.core.webui.keyword.builtin.VerifyElementTextKeyword$_verifyElementText_closure1.call(VerifyElementTextKeyword.groovy)
	at com.kms.katalon.core.webui.keyword.internal.WebUIKeywordMain.runKeyword(WebUIKeywordMain.groovy:20)
	... 19 more
)
[[ATTACHMENT|C:\\Users\\LENOVO\\Katalon Studio\\Project Avangard\\Reports\\20220221_122957\\\u0422\u0440\u0435\u043D\u0435\u0440\\20220221_123006\\1645437058449.png]]]]></system-out>
         <system-err><![CDATA[2022-02-21 12:49:03 - [TEST_CASE][FAILED] - Test Cases/Тренер/Оценка навыков: Test Cases/Тренер/Оценка навыков FAILED.
Reason:
com.kms.katalon.core.exception.StepFailedException: Verify element text of test object 'Object Repository/Avangard New/Object (Тренер)/Case (Оценка навыков)/alert home add' FAILED.
	at com.kms.katalon.core.webui.keyword.internal.WebUIKeywordMain.stepFailed(WebUIKeywordMain.groovy:64)
	at com.kms.katalon.core.webui.keyword.internal.WebUIKeywordMain.runKeyword(WebUIKeywordMain.groovy:26)
	at com.kms.katalon.core.webui.keyword.builtin.VerifyElementTextKeyword.verifyElementText(VerifyElementTextKeyword.groovy:72)
	at com.kms.katalon.core.webui.keyword.builtin.VerifyElementTextKeyword.execute(VerifyElementTextKeyword.groovy:40)
	at com.kms.katalon.core.keyword.internal.KeywordExecutor.executeKeywordForPlatform(KeywordExecutor.groovy:74)
	at com.kms.katalon.core.webui.keyword.WebUiBuiltInKeywords.verifyElementText(WebUiBuiltInKeywords.groovy:4749)
	at com.kms.katalon.core.webui.keyword.WebUiBuiltInKeywords$verifyElementText$8.call(Unknown Source)
	at Оценка навыков.run(Оценка навыков:34)
	at com.kms.katalon.core.main.ScriptEngine.run(ScriptEngine.java:194)
	at com.kms.katalon.core.main.ScriptEngine.runScriptAsRawText(ScriptEngine.java:119)
	at com.kms.katalon.core.main.TestCaseExecutor.runScript(TestCaseExecutor.java:442)
	at com.kms.katalon.core.main.TestCaseExecutor.doExecute(TestCaseExecutor.java:433)
	at com.kms.katalon.core.main.TestCaseExecutor.processExecutionPhase(TestCaseExecutor.java:412)
	at com.kms.katalon.core.main.TestCaseExecutor.accessMainPhase(TestCaseExecutor.java:404)
	at com.kms.katalon.core.main.TestCaseExecutor.execute(TestCaseExecutor.java:281)
	at com.kms.katalon.core.main.TestSuiteExecutor.accessTestCaseMainPhase(TestSuiteExecutor.java:202)
	at com.kms.katalon.core.main.TestSuiteExecutor.accessTestSuiteMainPhase(TestSuiteExecutor.java:164)
	at com.kms.katalon.core.main.TestSuiteExecutor.execute(TestSuiteExecutor.java:105)
	at com.kms.katalon.core.main.TestCaseMain.startTestSuite(TestCaseMain.java:185)
	at com.kms.katalon.core.main.TestCaseMain$startTestSuite$0.call(Unknown Source)
	at TempTestSuite1645435806217.run(TempTestSuite1645435806217.groovy:36)
Caused by: com.kms.katalon.core.exception.StepFailedException: com.kms.katalon.core.webui.exception.WebElementNotFoundException: Web element with id: 'Object Repository/Avangard New/Object (Тренер)/Case (Оценка навыков)/alert home add' located by '(.//*[normalize-space(text()) and normalize-space(.)='Ошибка при заполнении'])[1]/following::p[1]' not found
	at com.kms.katalon.core.webui.keyword.internal.WebUIKeywordMain.stepFailed(WebUIKeywordMain.groovy:64)
	at com.kms.katalon.core.webui.keyword.builtin.VerifyElementTextKeyword$_verifyElementText_closure1.doCall(VerifyElementTextKeyword.groovy:64)
	at com.kms.katalon.core.webui.keyword.builtin.VerifyElementTextKeyword$_verifyElementText_closure1.call(VerifyElementTextKeyword.groovy)
	at com.kms.katalon.core.webui.keyword.internal.WebUIKeywordMain.runKeyword(WebUIKeywordMain.groovy:20)
	... 19 more]]></system-err>
      </testcase>
      <testcase name="Test Cases/Тренер/Оценка по играм" time="152.16" classname="Test Cases/Тренер/Оценка по играм" status="FAILED">
         <failure type="FAILED" message="Test Cases/Тренер/Оценка по играм FAILED.
Reason:
com.kms.katalon.core.exception.StepFailedException: Verify element text of test object 'Object Repository/Avangard New/Object (Тренер)/Case (Оценка по играм)/alert save' FAILED.
	at com.kms.katalon.core.webui.keyword.internal.WebUIKeywordMain.stepFailed(WebUIKeywordMain.groovy:64)
	at com.kms.katalon.core.webui.keyword.internal.WebUIKeywordMain.runKeyword(WebUIKeywordMain.groovy:26)
	at com.kms.katalon.core.webui.keyword.builtin.VerifyElementTextKeyword.verifyElementText(VerifyElementTextKeyword.groovy:72)
	at com.kms.katalon.core.webui.keyword.builtin.VerifyElementTextKeyword.execute(VerifyElementTextKeyword.groovy:40)
	at com.kms.katalon.core.keyword.internal.KeywordExecutor.executeKeywordForPlatform(KeywordExecutor.groovy:74)
	at com.kms.katalon.core.webui.keyword.WebUiBuiltInKeywords.verifyElementText(WebUiBuiltInKeywords.groovy:4749)
	at com.kms.katalon.core.webui.keyword.WebUiBuiltInKeywords$verifyElementText$8.call(Unknown Source)
	at Оценка по играм.run(Оценка по играм:54)
	at com.kms.katalon.core.main.ScriptEngine.run(ScriptEngine.java:194)
	at com.kms.katalon.core.main.ScriptEngine.runScriptAsRawText(ScriptEngine.java:119)
	at com.kms.katalon.core.main.TestCaseExecutor.runScript(TestCaseExecutor.java:442)
	at com.kms.katalon.core.main.TestCaseExecutor.doExecute(TestCaseExecutor.java:433)
	at com.kms.katalon.core.main.TestCaseExecutor.processExecutionPhase(TestCaseExecutor.java:412)
	at com.kms.katalon.core.main.TestCaseExecutor.accessMainPhase(TestCaseExecutor.java:404)
	at com.kms.katalon.core.main.TestCaseExecutor.execute(TestCaseExecutor.java:281)
	at com.kms.katalon.core.main.TestSuiteExecutor.accessTestCaseMainPhase(TestSuiteExecutor.java:202)
	at com.kms.katalon.core.main.TestSuiteExecutor.accessTestSuiteMainPhase(TestSuiteExecutor.java:164)
	at com.kms.katalon.core.main.TestSuiteExecutor.execute(TestSuiteExecutor.java:105)
	at com.kms.katalon.core.main.TestCaseMain.startTestSuite(TestCaseMain.java:185)
	at com.kms.katalon.core.main.TestCaseMain$startTestSuite$0.call(Unknown Source)
	at TempTestSuite1645435806217.run(TempTestSuite1645435806217.groovy:36)
Caused by: com.kms.katalon.core.exception.StepFailedException: com.kms.katalon.core.webui.exception.WebElementNotFoundException: Web element with id: 'Object Repository/Avangard New/Object (Тренер)/Case (Оценка по играм)/alert save' located by '//p[(text() = 'Оценка сохранена' or . = 'Оценка сохранена')]' not found
	at com.kms.katalon.core.webui.keyword.internal.WebUIKeywordMain.stepFailed(WebUIKeywordMain.groovy:64)
	at com.kms.katalon.core.webui.keyword.builtin.VerifyElementTextKeyword$_verifyElementText_closure1.doCall(VerifyElementTextKeyword.groovy:64)
	at com.kms.katalon.core.webui.keyword.builtin.VerifyElementTextKeyword$_verifyElementText_closure1.call(VerifyElementTextKeyword.groovy)
	at com.kms.katalon.core.webui.keyword.internal.WebUIKeywordMain.runKeyword(WebUIKeywordMain.groovy:20)
	... 19 more
"/>
         <system-out><![CDATA[2022-02-21 12:51:02 - [TEST_CASE][FAILED] - Test Cases/Тренер/Оценка по играм: Test Cases/Тренер/Оценка по играм FAILED.
Reason:
com.kms.katalon.core.exception.StepFailedException: Verify element text of test object 'Object Repository/Avangard New/Object (Тренер)/Case (Оценка по играм)/alert save' FAILED.
	at com.kms.katalon.core.webui.keyword.internal.WebUIKeywordMain.stepFailed(WebUIKeywordMain.groovy:64)
	at com.kms.katalon.core.webui.keyword.internal.WebUIKeywordMain.runKeyword(WebUIKeywordMain.groovy:26)
	at com.kms.katalon.core.webui.keyword.builtin.VerifyElementTextKeyword.verifyElementText(VerifyElementTextKeyword.groovy:72)
	at com.kms.katalon.core.webui.keyword.builtin.VerifyElementTextKeyword.execute(VerifyElementTextKeyword.groovy:40)
	at com.kms.katalon.core.keyword.internal.KeywordExecutor.executeKeywordForPlatform(KeywordExecutor.groovy:74)
	at com.kms.katalon.core.webui.keyword.WebUiBuiltInKeywords.verifyElementText(WebUiBuiltInKeywords.groovy:4749)
	at com.kms.katalon.core.webui.keyword.WebUiBuiltInKeywords$verifyElementText$8.call(Unknown Source)
	at Оценка по играм.run(Оценка по играм:54)
	at com.kms.katalon.core.main.ScriptEngine.run(ScriptEngine.java:194)
	at com.kms.katalon.core.main.ScriptEngine.runScriptAsRawText(ScriptEngine.java:119)
	at com.kms.katalon.core.main.TestCaseExecutor.runScript(TestCaseExecutor.java:442)
	at com.kms.katalon.core.main.TestCaseExecutor.doExecute(TestCaseExecutor.java:433)
	at com.kms.katalon.core.main.TestCaseExecutor.processExecutionPhase(TestCaseExecutor.java:412)
	at com.kms.katalon.core.main.TestCaseExecutor.accessMainPhase(TestCaseExecutor.java:404)
	at com.kms.katalon.core.main.TestCaseExecutor.execute(TestCaseExecutor.java:281)
	at com.kms.katalon.core.main.TestSuiteExecutor.accessTestCaseMainPhase(TestSuiteExecutor.java:202)
	at com.kms.katalon.core.main.TestSuiteExecutor.accessTestSuiteMainPhase(TestSuiteExecutor.java:164)
	at com.kms.katalon.core.main.TestSuiteExecutor.execute(TestSuiteExecutor.java:105)
	at com.kms.katalon.core.main.TestCaseMain.startTestSuite(TestCaseMain.java:185)
	at com.kms.katalon.core.main.TestCaseMain$startTestSuite$0.call(Unknown Source)
	at TempTestSuite1645435806217.run(TempTestSuite1645435806217.groovy:36)
Caused by: com.kms.katalon.core.exception.StepFailedException: com.kms.katalon.core.webui.exception.WebElementNotFoundException: Web element with id: 'Object Repository/Avangard New/Object (Тренер)/Case (Оценка по играм)/alert save' located by '//p[(text() = 'Оценка сохранена' or . = 'Оценка сохранена')]' not found
	at com.kms.katalon.core.webui.keyword.internal.WebUIKeywordMain.stepFailed(WebUIKeywordMain.groovy:64)
	at com.kms.katalon.core.webui.keyword.builtin.VerifyElementTextKeyword$_verifyElementText_closure1.doCall(VerifyElementTextKeyword.groovy:64)
	at com.kms.katalon.core.webui.keyword.builtin.VerifyElementTextKeyword$_verifyElementText_closure1.call(VerifyElementTextKeyword.groovy)
	at com.kms.katalon.core.webui.keyword.internal.WebUIKeywordMain.runKeyword(WebUIKeywordMain.groovy:20)
	... 19 more


2022-02-21 12:51:02 - [TEST_STEP][PASSED] - callTestCase(findTestCase("Тренер/Авторизация"), [:], STOP_ON_FAILURE): Call Test Case 'Test Cases/Тренер/Авторизация' successfully

2022-02-21 12:51:02 - [TEST_CASE][PASSED] - Test Cases/Тренер/Авторизация: Test Cases/Тренер/Авторизация

2022-02-21 12:51:02 - [TEST_STEP][PASSED] - openBrowser(""): Browser is opened with url: ''

2022-02-21 12:51:02 - [MESSAGE][WARNING] - A browser is already opened. Closing browser and opening a new one

2022-02-21 12:51:03 - [MESSAGE][INFO] - User set preference: ['os', 'linux']

2022-02-21 12:51:03 - [MESSAGE][INFO] - User set preference: ['browserName', 'chrome']

2022-02-21 12:51:03 - [MESSAGE][INFO] - User set preference: ['browserVersion', '97']

2022-02-21 12:51:03 - [MESSAGE][INFO] - User set preference: ['katalon:option', '{organizationId=551240, tunnelId=, usingTunnel=false}']

2022-02-21 12:51:03 - [MESSAGE][INFO] - Connecting to remote web server 'testcloud.katalon.com/hub' with type 'Selenium'

2022-02-21 12:51:03 - [MESSAGE][INFO] - Action delay is set to 100 milliseconds

2022-02-21 12:51:34 - [MESSAGE][PASSED] - Browser is opened with url: ''

2022-02-21 12:51:34 - [TEST_STEP][PASSED] - maximizeWindow(): Current window maximized

2022-02-21 12:51:34 - [MESSAGE][PASSED] - Current window maximized

2022-02-21 12:51:34 - [TEST_STEP][PASSED] - navigateToUrl(url): Navigate to 'https://stars-stage.hawk.ru:8080' successfully

2022-02-21 12:51:40 - [MESSAGE][PASSED] - Navigate to 'https://stars-stage.hawk.ru:8080' successfully

2022-02-21 12:51:40 - [TEST_STEP][PASSED] - setText(findTestObject("Object Repository/manager/Page_/input__sc-lnrBVv eqPACj"), coach_login): Text 'ageev.da@hc-avangard.com' is set on object 'Object Repository/manager/Page_/input__sc-lnrBVv eqPACj'

2022-02-21 12:51:45 - [MESSAGE][PASSED] - Text 'ageev.da@hc-avangard.com' is set on object 'Object Repository/manager/Page_/input__sc-lnrBVv eqPACj'

2022-02-21 12:51:45 - [TEST_STEP][PASSED] - setText(findTestObject("Object Repository/manager/Page_/input__sc-lnrBVv eqPACj_1"), coach_password): Text 'zz4waxq6' is set on object 'Object Repository/manager/Page_/input__sc-lnrBVv eqPACj_1'

2022-02-21 12:51:49 - [MESSAGE][PASSED] - Text 'zz4waxq6' is set on object 'Object Repository/manager/Page_/input__sc-lnrBVv eqPACj_1'

2022-02-21 12:51:49 - [TEST_STEP][PASSED] - click(findTestObject("manager/Page_/go")): Object: 'Object Repository/manager/Page_/go' is clicked on

2022-02-21 12:51:51 - [MESSAGE][PASSED] - Object: 'Object Repository/manager/Page_/go' is clicked on

2022-02-21 12:51:51 - [MESSAGE][PASSED] - Call Test Case 'Test Cases/Тренер/Авторизация' successfully

2022-02-21 12:51:51 - [TEST_STEP][PASSED] - click(findTestObject("Avangard New/Object (Тренер)/Case (Оценка по играм)/grade for game")): Object: 'Object Repository/Avangard New/Object (Тренер)/Case (Оценка по играм)/grade for game' is clicked on

2022-02-21 12:52:11 - [MESSAGE][PASSED] - Object: 'Object Repository/Avangard New/Object (Тренер)/Case (Оценка по играм)/grade for game' is clicked on

2022-02-21 12:52:11 - [TEST_STEP][PASSED] - click(findTestObject("Avangard New/Object (Тренер)/Case (Оценка по играм)/edit")): Object: 'Object Repository/Avangard New/Object (Тренер)/Case (Оценка по играм)/edit' is clicked on

2022-02-21 12:52:14 - [MESSAGE][PASSED] - Object: 'Object Repository/Avangard New/Object (Тренер)/Case (Оценка по играм)/edit' is clicked on

2022-02-21 12:52:14 - [TEST_STEP][PASSED] - verifyElementClickable(findTestObject("Avangard New/Object (Тренер)/Case (Оценка по играм)/edit 4")): Object 'Object Repository/Avangard New/Object (Тренер)/Case (Оценка по играм)/edit 4' is clickable

2022-02-21 12:52:17 - [MESSAGE][PASSED] - Object 'Object Repository/Avangard New/Object (Тренер)/Case (Оценка по играм)/edit 4' is clickable

2022-02-21 12:52:17 - [TEST_STEP][PASSED] - verifyElementClickable(findTestObject("Avangard New/Object (Тренер)/Case (Оценка по играм)/edit job")): Object 'Object Repository/Avangard New/Object (Тренер)/Case (Оценка по играм)/edit job' is clickable

2022-02-21 12:52:19 - [MESSAGE][PASSED] - Object 'Object Repository/Avangard New/Object (Тренер)/Case (Оценка по играм)/edit job' is clickable

2022-02-21 12:52:19 - [TEST_STEP][PASSED] - scrollToElement(findTestObject("Avangard New/Object (Тренер)/Case (Оценка по играм)/button_"), 0): Scroll to object 'Object Repository/Avangard New/Object (Тренер)/Case (Оценка по играм)/button_' successfully

2022-02-21 12:52:19 - [MESSAGE][WARNING] - Timeout '0' is invalid. Using default page load timeout: '30'

2022-02-21 12:52:21 - [MESSAGE][PASSED] - Scroll to object 'Object Repository/Avangard New/Object (Тренер)/Case (Оценка по играм)/button_' successfully

2022-02-21 12:52:21 - [TEST_STEP][PASSED] - click(findTestObject("Avangard New/Object (Тренер)/Case (Оценка по играм)/button_")): Object: 'Object Repository/Avangard New/Object (Тренер)/Case (Оценка по играм)/button_' is clicked on

2022-02-21 12:52:23 - [MESSAGE][PASSED] - Object: 'Object Repository/Avangard New/Object (Тренер)/Case (Оценка по играм)/button_' is clicked on

2022-02-21 12:52:23 - [TEST_STEP][PASSED] - verifyElementText(findTestObject("Avangard New/Object (Тренер)/Case (Оценка по играм)/alert"), "Ошибка при сохранении: Оценка "Игра клюшкой" не заполнена"): Actual text and expected text of test object 'Object Repository/Avangard New/Object (Тренер)/Case (Оценка по играм)/alert' are matched.

2022-02-21 12:52:27 - [MESSAGE][PASSED] - Actual text and expected text of test object 'Object Repository/Avangard New/Object (Тренер)/Case (Оценка по играм)/alert' are matched.

2022-02-21 12:52:27 - [TEST_STEP][PASSED] - click(findTestObject("Avangard New/Object (Тренер)/Case (Оценка по играм)/button close")): Object: 'Object Repository/Avangard New/Object (Тренер)/Case (Оценка по играм)/button close' is clicked on

2022-02-21 12:52:30 - [MESSAGE][PASSED] - Object: 'Object Repository/Avangard New/Object (Тренер)/Case (Оценка по играм)/button close' is clicked on

2022-02-21 12:52:30 - [TEST_STEP][PASSED] - click(findTestObject("Avangard New/Object (Тренер)/Case (Оценка по играм)/edit 2")): Object: 'Object Repository/Avangard New/Object (Тренер)/Case (Оценка по играм)/edit 2' is clicked on

2022-02-21 12:52:32 - [MESSAGE][PASSED] - Object: 'Object Repository/Avangard New/Object (Тренер)/Case (Оценка по играм)/edit 2' is clicked on

2022-02-21 12:52:32 - [TEST_STEP][PASSED] - scrollToElement(findTestObject("Avangard New/Object (Тренер)/Case (Оценка по играм)/button_"), 0): Scroll to object 'Object Repository/Avangard New/Object (Тренер)/Case (Оценка по играм)/button_' successfully

2022-02-21 12:52:32 - [MESSAGE][WARNING] - Timeout '0' is invalid. Using default page load timeout: '30'

2022-02-21 12:52:45 - [MESSAGE][PASSED] - Scroll to object 'Object Repository/Avangard New/Object (Тренер)/Case (Оценка по играм)/button_' successfully

2022-02-21 12:52:45 - [TEST_STEP][PASSED] - click(findTestObject("Avangard New/Object (Тренер)/Case (Оценка по играм)/button_")): Object: 'Object Repository/Avangard New/Object (Тренер)/Case (Оценка по играм)/button_' is clicked on

2022-02-21 12:52:47 - [MESSAGE][PASSED] - Object: 'Object Repository/Avangard New/Object (Тренер)/Case (Оценка по играм)/button_' is clicked on

2022-02-21 12:52:47 - [TEST_STEP][FAILED] - verifyElementText(findTestObject("Avangard New/Object (Тренер)/Case (Оценка по играм)/alert save"), "Оценка сохранена"): Verify element text of test object 'Object Repository/Avangard New/Object (Тренер)/Case (Оценка по играм)/alert save' FAILED. (Root cause: com.kms.katalon.core.exception.StepFailedException: Verify element text of test object 'Object Repository/Avangard New/Object (Тренер)/Case (Оценка по играм)/alert save' FAILED.
	at com.kms.katalon.core.webui.keyword.internal.WebUIKeywordMain.stepFailed(WebUIKeywordMain.groovy:64)
	at com.kms.katalon.core.webui.keyword.internal.WebUIKeywordMain.runKeyword(WebUIKeywordMain.groovy:26)
	at com.kms.katalon.core.webui.keyword.builtin.VerifyElementTextKeyword.verifyElementText(VerifyElementTextKeyword.groovy:72)
	at com.kms.katalon.core.webui.keyword.builtin.VerifyElementTextKeyword.execute(VerifyElementTextKeyword.groovy:40)
	at com.kms.katalon.core.keyword.internal.KeywordExecutor.executeKeywordForPlatform(KeywordExecutor.groovy:74)
	at com.kms.katalon.core.webui.keyword.WebUiBuiltInKeywords.verifyElementText(WebUiBuiltInKeywords.groovy:4749)
	at com.kms.katalon.core.webui.keyword.WebUiBuiltInKeywords$verifyElementText$8.call(Unknown Source)
	at Оценка по играм.run(Оценка по играм:54)
	at com.kms.katalon.core.main.ScriptEngine.run(ScriptEngine.java:194)
	at com.kms.katalon.core.main.ScriptEngine.runScriptAsRawText(ScriptEngine.java:119)
	at com.kms.katalon.core.main.TestCaseExecutor.runScript(TestCaseExecutor.java:442)
	at com.kms.katalon.core.main.TestCaseExecutor.doExecute(TestCaseExecutor.java:433)
	at com.kms.katalon.core.main.TestCaseExecutor.processExecutionPhase(TestCaseExecutor.java:412)
	at com.kms.katalon.core.main.TestCaseExecutor.accessMainPhase(TestCaseExecutor.java:404)
	at com.kms.katalon.core.main.TestCaseExecutor.execute(TestCaseExecutor.java:281)
	at com.kms.katalon.core.main.TestSuiteExecutor.accessTestCaseMainPhase(TestSuiteExecutor.java:202)
	at com.kms.katalon.core.main.TestSuiteExecutor.accessTestSuiteMainPhase(TestSuiteExecutor.java:164)
	at com.kms.katalon.core.main.TestSuiteExecutor.execute(TestSuiteExecutor.java:105)
	at com.kms.katalon.core.main.TestCaseMain.startTestSuite(TestCaseMain.java:185)
	at com.kms.katalon.core.main.TestCaseMain$startTestSuite$0.call(Unknown Source)
	at TempTestSuite1645435806217.run(TempTestSuite1645435806217.groovy:36)
Caused by: com.kms.katalon.core.exception.StepFailedException: com.kms.katalon.core.webui.exception.WebElementNotFoundException: Web element with id: 'Object Repository/Avangard New/Object (Тренер)/Case (Оценка по играм)/alert save' located by '//p[(text() = 'Оценка сохранена' or . = 'Оценка сохранена')]' not found
	at com.kms.katalon.core.webui.keyword.internal.WebUIKeywordMain.stepFailed(WebUIKeywordMain.groovy:64)
	at com.kms.katalon.core.webui.keyword.builtin.VerifyElementTextKeyword$_verifyElementText_closure1.doCall(VerifyElementTextKeyword.groovy:64)
	at com.kms.katalon.core.webui.keyword.builtin.VerifyElementTextKeyword$_verifyElementText_closure1.call(VerifyElementTextKeyword.groovy)
	at com.kms.katalon.core.webui.keyword.internal.WebUIKeywordMain.runKeyword(WebUIKeywordMain.groovy:20)
	... 19 more
)

2022-02-21 12:53:19 - [MESSAGE][INFO] - Unable to find the element located by 'By.xpath: //p[(text() = 'Оценка сохранена' or . = 'Оценка сохранена')]'. Please recheck the objects properties to make sure the desired element is located. 

2022-02-21 12:53:19 - [MESSAGE][WARNING] - [SELF-HEALING] Failed to find element with id 'Object Repository/Avangard New/Object (Тренер)/Case (Оценка по играм)/alert save'. Try using Self-healing.

2022-02-21 12:53:20 - [MESSAGE][INFO] - [SELF-HEALING] Failed Locator: '(.//*[normalize-space(text()) and normalize-space(.)='Успех'])[1]/following::p[1]'.

2022-02-21 12:53:21 - [MESSAGE][INFO] - [SELF-HEALING] Failed Locator: '(.//*[normalize-space(text()) and normalize-space(.)='Редактирование профиля'])[1]/following::p[1]'.

2022-02-21 12:53:23 - [MESSAGE][INFO] - [SELF-HEALING] Failed Locator: '//*/text()[normalize-space(.)='Оценка сохранена']/parent::*'.

2022-02-21 12:53:24 - [MESSAGE][INFO] - [SELF-HEALING] Failed Locator: '//div[3]/div/div/div/div/div/div/p'.

2022-02-21 12:53:25 - [MESSAGE][INFO] - [SELF-HEALING] Failed Locator: '//p[(text() = 'Оценка сохранена' or . = 'Оценка сохранена')]'.

2022-02-21 12:53:27 - [MESSAGE][INFO] - Unable to find the element located by 'By.xpath: //*[(text() = 'Оценка сохранена' or . = 'Оценка сохранена')]'. Please recheck the objects properties to make sure the desired element is located. 

2022-02-21 12:53:28 - [MESSAGE][INFO] - Unable to find the element located by 'By.cssSelector: p.ReactComponentNotification__NotificationText-sc-1wfzr6b-3.JWcOG'. Please recheck the objects properties to make sure the desired element is located. 

2022-02-21 12:53:30 - [MESSAGE][FAILED] - com.kms.katalon.core.webui.exception.WebElementNotFoundException: Web element with id: 'Object Repository/Avangard New/Object (Тренер)/Case (Оценка по играм)/alert save' located by '//p[(text() = 'Оценка сохранена' or . = 'Оценка сохранена')]' not found (Root cause: com.kms.katalon.core.exception.StepFailedException: com.kms.katalon.core.webui.exception.WebElementNotFoundException: Web element with id: 'Object Repository/Avangard New/Object (Тренер)/Case (Оценка по играм)/alert save' located by '//p[(text() = 'Оценка сохранена' or . = 'Оценка сохранена')]' not found
	at com.kms.katalon.core.webui.keyword.internal.WebUIKeywordMain.stepFailed(WebUIKeywordMain.groovy:64)
	at com.kms.katalon.core.webui.keyword.builtin.VerifyElementTextKeyword$_verifyElementText_closure1.doCall(VerifyElementTextKeyword.groovy:64)
	at com.kms.katalon.core.webui.keyword.builtin.VerifyElementTextKeyword$_verifyElementText_closure1.call(VerifyElementTextKeyword.groovy)
	at com.kms.katalon.core.webui.keyword.internal.WebUIKeywordMain.runKeyword(WebUIKeywordMain.groovy:20)
	at com.kms.katalon.core.webui.keyword.builtin.VerifyElementTextKeyword.verifyElementText(VerifyElementTextKeyword.groovy:72)
	at com.kms.katalon.core.webui.keyword.builtin.VerifyElementTextKeyword.execute(VerifyElementTextKeyword.groovy:40)
	at com.kms.katalon.core.keyword.internal.KeywordExecutor.executeKeywordForPlatform(KeywordExecutor.groovy:74)
	at com.kms.katalon.core.webui.keyword.WebUiBuiltInKeywords.verifyElementText(WebUiBuiltInKeywords.groovy:4749)
	at com.kms.katalon.core.webui.keyword.WebUiBuiltInKeywords$verifyElementText$8.call(Unknown Source)
	at Оценка по играм.run(Оценка по играм:54)
	at com.kms.katalon.core.main.ScriptEngine.run(ScriptEngine.java:194)
	at com.kms.katalon.core.main.ScriptEngine.runScriptAsRawText(ScriptEngine.java:119)
	at com.kms.katalon.core.main.TestCaseExecutor.runScript(TestCaseExecutor.java:442)
	at com.kms.katalon.core.main.TestCaseExecutor.doExecute(TestCaseExecutor.java:433)
	at com.kms.katalon.core.main.TestCaseExecutor.processExecutionPhase(TestCaseExecutor.java:412)
	at com.kms.katalon.core.main.TestCaseExecutor.accessMainPhase(TestCaseExecutor.java:404)
	at com.kms.katalon.core.main.TestCaseExecutor.execute(TestCaseExecutor.java:281)
	at com.kms.katalon.core.main.TestSuiteExecutor.accessTestCaseMainPhase(TestSuiteExecutor.java:202)
	at com.kms.katalon.core.main.TestSuiteExecutor.accessTestSuiteMainPhase(TestSuiteExecutor.java:164)
	at com.kms.katalon.core.main.TestSuiteExecutor.execute(TestSuiteExecutor.java:105)
	at com.kms.katalon.core.main.TestCaseMain.startTestSuite(TestCaseMain.java:185)
	at com.kms.katalon.core.main.TestCaseMain$startTestSuite$0.call(Unknown Source)
	at TempTestSuite1645435806217.run(TempTestSuite1645435806217.groovy:36)
)
[[ATTACHMENT|C:\\Users\\LENOVO\\Katalon Studio\\Project Avangard\\Reports\\20220221_122957\\\u0422\u0440\u0435\u043D\u0435\u0440\\20220221_123006\\1645437208452.png]]

2022-02-21 12:53:32 - [MESSAGE][FAILED] - Verify element text of test object 'Object Repository/Avangard New/Object (Тренер)/Case (Оценка по играм)/alert save' FAILED. (Root cause: com.kms.katalon.core.exception.StepFailedException: Verify element text of test object 'Object Repository/Avangard New/Object (Тренер)/Case (Оценка по играм)/alert save' FAILED.
	at com.kms.katalon.core.webui.keyword.internal.WebUIKeywordMain.stepFailed(WebUIKeywordMain.groovy:64)
	at com.kms.katalon.core.webui.keyword.internal.WebUIKeywordMain.runKeyword(WebUIKeywordMain.groovy:26)
	at com.kms.katalon.core.webui.keyword.builtin.VerifyElementTextKeyword.verifyElementText(VerifyElementTextKeyword.groovy:72)
	at com.kms.katalon.core.webui.keyword.builtin.VerifyElementTextKeyword.execute(VerifyElementTextKeyword.groovy:40)
	at com.kms.katalon.core.keyword.internal.KeywordExecutor.executeKeywordForPlatform(KeywordExecutor.groovy:74)
	at com.kms.katalon.core.webui.keyword.WebUiBuiltInKeywords.verifyElementText(WebUiBuiltInKeywords.groovy:4749)
	at com.kms.katalon.core.webui.keyword.WebUiBuiltInKeywords$verifyElementText$8.call(Unknown Source)
	at Оценка по играм.run(Оценка по играм:54)
	at com.kms.katalon.core.main.ScriptEngine.run(ScriptEngine.java:194)
	at com.kms.katalon.core.main.ScriptEngine.runScriptAsRawText(ScriptEngine.java:119)
	at com.kms.katalon.core.main.TestCaseExecutor.runScript(TestCaseExecutor.java:442)
	at com.kms.katalon.core.main.TestCaseExecutor.doExecute(TestCaseExecutor.java:433)
	at com.kms.katalon.core.main.TestCaseExecutor.processExecutionPhase(TestCaseExecutor.java:412)
	at com.kms.katalon.core.main.TestCaseExecutor.accessMainPhase(TestCaseExecutor.java:404)
	at com.kms.katalon.core.main.TestCaseExecutor.execute(TestCaseExecutor.java:281)
	at com.kms.katalon.core.main.TestSuiteExecutor.accessTestCaseMainPhase(TestSuiteExecutor.java:202)
	at com.kms.katalon.core.main.TestSuiteExecutor.accessTestSuiteMainPhase(TestSuiteExecutor.java:164)
	at com.kms.katalon.core.main.TestSuiteExecutor.execute(TestSuiteExecutor.java:105)
	at com.kms.katalon.core.main.TestCaseMain.startTestSuite(TestCaseMain.java:185)
	at com.kms.katalon.core.main.TestCaseMain$startTestSuite$0.call(Unknown Source)
	at TempTestSuite1645435806217.run(TempTestSuite1645435806217.groovy:36)
Caused by: com.kms.katalon.core.exception.StepFailedException: com.kms.katalon.core.webui.exception.WebElementNotFoundException: Web element with id: 'Object Repository/Avangard New/Object (Тренер)/Case (Оценка по играм)/alert save' located by '//p[(text() = 'Оценка сохранена' or . = 'Оценка сохранена')]' not found
	at com.kms.katalon.core.webui.keyword.internal.WebUIKeywordMain.stepFailed(WebUIKeywordMain.groovy:64)
	at com.kms.katalon.core.webui.keyword.builtin.VerifyElementTextKeyword$_verifyElementText_closure1.doCall(VerifyElementTextKeyword.groovy:64)
	at com.kms.katalon.core.webui.keyword.builtin.VerifyElementTextKeyword$_verifyElementText_closure1.call(VerifyElementTextKeyword.groovy)
	at com.kms.katalon.core.webui.keyword.internal.WebUIKeywordMain.runKeyword(WebUIKeywordMain.groovy:20)
	... 19 more
)
[[ATTACHMENT|C:\\Users\\LENOVO\\Katalon Studio\\Project Avangard\\Reports\\20220221_122957\\\u0422\u0440\u0435\u043D\u0435\u0440\\20220221_123006\\1645437210782.png]]]]></system-out>
         <system-err><![CDATA[2022-02-21 12:51:02 - [TEST_CASE][FAILED] - Test Cases/Тренер/Оценка по играм: Test Cases/Тренер/Оценка по играм FAILED.
Reason:
com.kms.katalon.core.exception.StepFailedException: Verify element text of test object 'Object Repository/Avangard New/Object (Тренер)/Case (Оценка по играм)/alert save' FAILED.
	at com.kms.katalon.core.webui.keyword.internal.WebUIKeywordMain.stepFailed(WebUIKeywordMain.groovy:64)
	at com.kms.katalon.core.webui.keyword.internal.WebUIKeywordMain.runKeyword(WebUIKeywordMain.groovy:26)
	at com.kms.katalon.core.webui.keyword.builtin.VerifyElementTextKeyword.verifyElementText(VerifyElementTextKeyword.groovy:72)
	at com.kms.katalon.core.webui.keyword.builtin.VerifyElementTextKeyword.execute(VerifyElementTextKeyword.groovy:40)
	at com.kms.katalon.core.keyword.internal.KeywordExecutor.executeKeywordForPlatform(KeywordExecutor.groovy:74)
	at com.kms.katalon.core.webui.keyword.WebUiBuiltInKeywords.verifyElementText(WebUiBuiltInKeywords.groovy:4749)
	at com.kms.katalon.core.webui.keyword.WebUiBuiltInKeywords$verifyElementText$8.call(Unknown Source)
	at Оценка по играм.run(Оценка по играм:54)
	at com.kms.katalon.core.main.ScriptEngine.run(ScriptEngine.java:194)
	at com.kms.katalon.core.main.ScriptEngine.runScriptAsRawText(ScriptEngine.java:119)
	at com.kms.katalon.core.main.TestCaseExecutor.runScript(TestCaseExecutor.java:442)
	at com.kms.katalon.core.main.TestCaseExecutor.doExecute(TestCaseExecutor.java:433)
	at com.kms.katalon.core.main.TestCaseExecutor.processExecutionPhase(TestCaseExecutor.java:412)
	at com.kms.katalon.core.main.TestCaseExecutor.accessMainPhase(TestCaseExecutor.java:404)
	at com.kms.katalon.core.main.TestCaseExecutor.execute(TestCaseExecutor.java:281)
	at com.kms.katalon.core.main.TestSuiteExecutor.accessTestCaseMainPhase(TestSuiteExecutor.java:202)
	at com.kms.katalon.core.main.TestSuiteExecutor.accessTestSuiteMainPhase(TestSuiteExecutor.java:164)
	at com.kms.katalon.core.main.TestSuiteExecutor.execute(TestSuiteExecutor.java:105)
	at com.kms.katalon.core.main.TestCaseMain.startTestSuite(TestCaseMain.java:185)
	at com.kms.katalon.core.main.TestCaseMain$startTestSuite$0.call(Unknown Source)
	at TempTestSuite1645435806217.run(TempTestSuite1645435806217.groovy:36)
Caused by: com.kms.katalon.core.exception.StepFailedException: com.kms.katalon.core.webui.exception.WebElementNotFoundException: Web element with id: 'Object Repository/Avangard New/Object (Тренер)/Case (Оценка по играм)/alert save' located by '//p[(text() = 'Оценка сохранена' or . = 'Оценка сохранена')]' not found
	at com.kms.katalon.core.webui.keyword.internal.WebUIKeywordMain.stepFailed(WebUIKeywordMain.groovy:64)
	at com.kms.katalon.core.webui.keyword.builtin.VerifyElementTextKeyword$_verifyElementText_closure1.doCall(VerifyElementTextKeyword.groovy:64)
	at com.kms.katalon.core.webui.keyword.builtin.VerifyElementTextKeyword$_verifyElementText_closure1.call(VerifyElementTextKeyword.groovy)
	at com.kms.katalon.core.webui.keyword.internal.WebUIKeywordMain.runKeyword(WebUIKeywordMain.groovy:20)
	... 19 more]]></system-err>
      </testcase>
      <system-out><![CDATA[2022-02-21 12:30:25 - [TEST_SUITE][FAILED] - Тренер: Test Cases/Тренер/Составы FAILED.
Reason:
com.kms.katalon.core.exception.StepFailedException: Call Test Case 'Test Cases/Тренер/Cоставы у игрока' failed
	at com.kms.katalon.core.keyword.builtin.CallTestCaseKeyword$_callTestCase_closure1.doCall(CallTestCaseKeyword.groovy:63)
	at com.kms.katalon.core.keyword.builtin.CallTestCaseKeyword$_callTestCase_closure1.call(CallTestCaseKeyword.groovy)
	at com.kms.katalon.core.keyword.internal.KeywordMain.runKeyword(KeywordMain.groovy:74)
	at com.kms.katalon.core.keyword.builtin.CallTestCaseKeyword.callTestCase(CallTestCaseKeyword.groovy:81)
	at com.kms.katalon.core.keyword.builtin.CallTestCaseKeyword.execute(CallTestCaseKeyword.groovy:44)
	at com.kms.katalon.core.keyword.internal.KeywordExecutor.executeKeywordForPlatform(KeywordExecutor.groovy:74)
	at com.kms.katalon.core.keyword.BuiltinKeywords.callTestCase(BuiltinKeywords.groovy:334)
	at Составы.run(Составы:69)
	at com.kms.katalon.core.main.ScriptEngine.run(ScriptEngine.java:194)
	at com.kms.katalon.core.main.ScriptEngine.runScriptAsRawText(ScriptEngine.java:119)
	at com.kms.katalon.core.main.TestCaseExecutor.runScript(TestCaseExecutor.java:442)
	at com.kms.katalon.core.main.TestCaseExecutor.doExecute(TestCaseExecutor.java:433)
	at com.kms.katalon.core.main.TestCaseExecutor.processExecutionPhase(TestCaseExecutor.java:412)
	at com.kms.katalon.core.main.TestCaseExecutor.accessMainPhase(TestCaseExecutor.java:404)
	at com.kms.katalon.core.main.TestCaseExecutor.execute(TestCaseExecutor.java:281)
	at com.kms.katalon.core.main.TestSuiteExecutor.accessTestCaseMainPhase(TestSuiteExecutor.java:202)
	at com.kms.katalon.core.main.TestSuiteExecutor.accessTestSuiteMainPhase(TestSuiteExecutor.java:164)
	at com.kms.katalon.core.main.TestSuiteExecutor.execute(TestSuiteExecutor.java:105)
	at com.kms.katalon.core.main.TestCaseMain.startTestSuite(TestCaseMain.java:185)
	at com.kms.katalon.core.main.TestCaseMain$startTestSuite$0.call(Unknown Source)
	at TempTestSuite1645435806217.run(TempTestSuite1645435806217.groovy:36)
Caused by: com.kms.katalon.core.exception.StepFailedException: Verify element text of test object 'Object Repository/Avangard New/Object (Тренер)/Case (Составы)/ganin player' FAILED.
	at com.kms.katalon.core.webui.keyword.internal.WebUIKeywordMain.stepFailed(WebUIKeywordMain.groovy:64)
	at com.kms.katalon.core.webui.keyword.internal.WebUIKeywordMain.runKeyword(WebUIKeywordMain.groovy:26)
	at com.kms.katalon.core.webui.keyword.builtin.VerifyElementTextKeyword.verifyElementText(VerifyElementTextKeyword.groovy:72)
	at com.kms.katalon.core.webui.keyword.builtin.VerifyElementTextKeyword.execute(VerifyElementTextKeyword.groovy:40)
	at com.kms.katalon.core.keyword.internal.KeywordExecutor.executeKeywordForPlatform(KeywordExecutor.groovy:74)
	at com.kms.katalon.core.webui.keyword.WebUiBuiltInKeywords.verifyElementText(WebUiBuiltInKeywords.groovy:4749)
	at com.kms.katalon.core.webui.keyword.WebUiBuiltInKeywords$verifyElementText$8.call(Unknown Source)
	at Cоставы у игрока.run(Cоставы у игрока:24)
	at com.kms.katalon.core.main.ScriptEngine.run(ScriptEngine.java:194)
	at com.kms.katalon.core.main.ScriptEngine.runScriptAsRawText(ScriptEngine.java:119)
	at com.kms.katalon.core.main.TestCaseExecutor.runScript(TestCaseExecutor.java:442)
	at com.kms.katalon.core.main.TestCaseExecutor.doExecute(TestCaseExecutor.java:433)
	at com.kms.katalon.core.main.TestCaseExecutor.processExecutionPhase(TestCaseExecutor.java:412)
	at com.kms.katalon.core.main.TestCaseExecutor.accessMainPhase(TestCaseExecutor.java:404)
	at com.kms.katalon.core.main.TestCaseExecutor.execute(TestCaseExecutor.java:281)
	at com.kms.katalon.core.main.TestCaseMain.runTestCase(TestCaseMain.java:142)
	at com.kms.katalon.core.keyword.builtin.CallTestCaseKeyword$_callTestCase_closure1.doCall(CallTestCaseKeyword.groovy:59)
	... 20 more
Caused by: com.kms.katalon.core.exception.StepFailedException: Actual text 'Булавчук' and expected text 'Ганин' of test object 'Object Repository/Avangard New/Object (Тренер)/Case (Составы)/ganin player' are NOT matched.
	at com.kms.katalon.core.webui.keyword.internal.WebUIKeywordMain.stepFailed(WebUIKeywordMain.groovy:64)
	at com.kms.katalon.core.webui.keyword.builtin.VerifyElementTextKeyword$_verifyElementText_closure1.doCall(VerifyElementTextKeyword.groovy:57)
	at com.kms.katalon.core.webui.keyword.builtin.VerifyElementTextKeyword$_verifyElementText_closure1.call(VerifyElementTextKeyword.groovy)
	at com.kms.katalon.core.webui.keyword.internal.WebUIKeywordMain.runKeyword(WebUIKeywordMain.groovy:20)
	... 35 more]]></system-out>
      <system-err><![CDATA[2022-02-21 12:30:25 - [TEST_SUITE][FAILED] - Тренер: Test Cases/Тренер/Составы FAILED.
Reason:
com.kms.katalon.core.exception.StepFailedException: Call Test Case 'Test Cases/Тренер/Cоставы у игрока' failed
	at com.kms.katalon.core.keyword.builtin.CallTestCaseKeyword$_callTestCase_closure1.doCall(CallTestCaseKeyword.groovy:63)
	at com.kms.katalon.core.keyword.builtin.CallTestCaseKeyword$_callTestCase_closure1.call(CallTestCaseKeyword.groovy)
	at com.kms.katalon.core.keyword.internal.KeywordMain.runKeyword(KeywordMain.groovy:74)
	at com.kms.katalon.core.keyword.builtin.CallTestCaseKeyword.callTestCase(CallTestCaseKeyword.groovy:81)
	at com.kms.katalon.core.keyword.builtin.CallTestCaseKeyword.execute(CallTestCaseKeyword.groovy:44)
	at com.kms.katalon.core.keyword.internal.KeywordExecutor.executeKeywordForPlatform(KeywordExecutor.groovy:74)
	at com.kms.katalon.core.keyword.BuiltinKeywords.callTestCase(BuiltinKeywords.groovy:334)
	at Составы.run(Составы:69)
	at com.kms.katalon.core.main.ScriptEngine.run(ScriptEngine.java:194)
	at com.kms.katalon.core.main.ScriptEngine.runScriptAsRawText(ScriptEngine.java:119)
	at com.kms.katalon.core.main.TestCaseExecutor.runScript(TestCaseExecutor.java:442)
	at com.kms.katalon.core.main.TestCaseExecutor.doExecute(TestCaseExecutor.java:433)
	at com.kms.katalon.core.main.TestCaseExecutor.processExecutionPhase(TestCaseExecutor.java:412)
	at com.kms.katalon.core.main.TestCaseExecutor.accessMainPhase(TestCaseExecutor.java:404)
	at com.kms.katalon.core.main.TestCaseExecutor.execute(TestCaseExecutor.java:281)
	at com.kms.katalon.core.main.TestSuiteExecutor.accessTestCaseMainPhase(TestSuiteExecutor.java:202)
	at com.kms.katalon.core.main.TestSuiteExecutor.accessTestSuiteMainPhase(TestSuiteExecutor.java:164)
	at com.kms.katalon.core.main.TestSuiteExecutor.execute(TestSuiteExecutor.java:105)
	at com.kms.katalon.core.main.TestCaseMain.startTestSuite(TestCaseMain.java:185)
	at com.kms.katalon.core.main.TestCaseMain$startTestSuite$0.call(Unknown Source)
	at TempTestSuite1645435806217.run(TempTestSuite1645435806217.groovy:36)
Caused by: com.kms.katalon.core.exception.StepFailedException: Verify element text of test object 'Object Repository/Avangard New/Object (Тренер)/Case (Составы)/ganin player' FAILED.
	at com.kms.katalon.core.webui.keyword.internal.WebUIKeywordMain.stepFailed(WebUIKeywordMain.groovy:64)
	at com.kms.katalon.core.webui.keyword.internal.WebUIKeywordMain.runKeyword(WebUIKeywordMain.groovy:26)
	at com.kms.katalon.core.webui.keyword.builtin.VerifyElementTextKeyword.verifyElementText(VerifyElementTextKeyword.groovy:72)
	at com.kms.katalon.core.webui.keyword.builtin.VerifyElementTextKeyword.execute(VerifyElementTextKeyword.groovy:40)
	at com.kms.katalon.core.keyword.internal.KeywordExecutor.executeKeywordForPlatform(KeywordExecutor.groovy:74)
	at com.kms.katalon.core.webui.keyword.WebUiBuiltInKeywords.verifyElementText(WebUiBuiltInKeywords.groovy:4749)
	at com.kms.katalon.core.webui.keyword.WebUiBuiltInKeywords$verifyElementText$8.call(Unknown Source)
	at Cоставы у игрока.run(Cоставы у игрока:24)
	at com.kms.katalon.core.main.ScriptEngine.run(ScriptEngine.java:194)
	at com.kms.katalon.core.main.ScriptEngine.runScriptAsRawText(ScriptEngine.java:119)
	at com.kms.katalon.core.main.TestCaseExecutor.runScript(TestCaseExecutor.java:442)
	at com.kms.katalon.core.main.TestCaseExecutor.doExecute(TestCaseExecutor.java:433)
	at com.kms.katalon.core.main.TestCaseExecutor.processExecutionPhase(TestCaseExecutor.java:412)
	at com.kms.katalon.core.main.TestCaseExecutor.accessMainPhase(TestCaseExecutor.java:404)
	at com.kms.katalon.core.main.TestCaseExecutor.execute(TestCaseExecutor.java:281)
	at com.kms.katalon.core.main.TestCaseMain.runTestCase(TestCaseMain.java:142)
	at com.kms.katalon.core.keyword.builtin.CallTestCaseKeyword$_callTestCase_closure1.doCall(CallTestCaseKeyword.groovy:59)
	... 20 more
Caused by: com.kms.katalon.core.exception.StepFailedException: Actual text 'Булавчук' and expected text 'Ганин' of test object 'Object Repository/Avangard New/Object (Тренер)/Case (Составы)/ganin player' are NOT matched.
	at com.kms.katalon.core.webui.keyword.internal.WebUIKeywordMain.stepFailed(WebUIKeywordMain.groovy:64)
	at com.kms.katalon.core.webui.keyword.builtin.VerifyElementTextKeyword$_verifyElementText_closure1.doCall(VerifyElementTextKeyword.groovy:57)
	at com.kms.katalon.core.webui.keyword.builtin.VerifyElementTextKeyword$_verifyElementText_closure1.call(VerifyElementTextKeyword.groovy)
	at com.kms.katalon.core.webui.keyword.internal.WebUIKeywordMain.runKeyword(WebUIKeywordMain.groovy:20)
	... 35 more]]></system-err>
   </testsuite>
   <testsuite name="Тренер" tests="7" failures="4" errors="0" time="1065.751" skipped="0" timestamp="2022-02-21 12:30:26" hostname="LENOVO - DESKTOP-KNHN0AA" id="Test Suites/Тренер">
      <properties>
         <property name="deviceName" value=""/>
         <property name="devicePlatform" value=""/>
         <property name="logFolder" value="C:\\Users\\LENOVO\\Katalon Studio\\Project Avangard\\Reports\\20220221_122957\\\u0422\u0440\u0435\u043D\u0435\u0440\\20220221_123008"/>
         <property name="logFiles" value="C:\\Users\\LENOVO\\Katalon Studio\\Project Avangard\\Reports\\20220221_122957\\\u0422\u0440\u0435\u043D\u0435\u0440\\20220221_123008\\execution0.log"/>
         <property name="attachments" value="C:\\Users\\LENOVO\\Katalon Studio\\Project Avangard\\Reports\\20220221_122957\\\u0422\u0440\u0435\u043D\u0435\u0440\\20220221_123008\\1645436101542.png, C:\\Users\\LENOVO\\Katalon Studio\\Project Avangard\\Reports\\20220221_122957\\\u0422\u0440\u0435\u043D\u0435\u0440\\20220221_123008\\1645436297516.png, C:\\Users\\LENOVO\\Katalon Studio\\Project Avangard\\Reports\\20220221_122957\\\u0422\u0440\u0435\u043D\u0435\u0440\\20220221_123008\\1645436725942.png, C:\\Users\\LENOVO\\Katalon Studio\\Project Avangard\\Reports\\20220221_122957\\\u0422\u0440\u0435\u043D\u0435\u0440\\20220221_123008\\1645436728485.png, C:\\Users\\LENOVO\\Katalon Studio\\Project Avangard\\Reports\\20220221_122957\\\u0422\u0440\u0435\u043D\u0435\u0440\\20220221_123008\\1645436886594.png"/>
         <property name="hostName" value="LENOVO - DESKTOP-KNHN0AA"/>
         <property name="remoteDriverUrl" value="testcloud.katalon.com/hub"/>
         <property name="desiredCapabilities" value="{
  &quot;acceptInsecureCerts&quot;: false,
  &quot;browserName&quot;: &quot;chrome&quot;,
  &quot;browserVersion&quot;: &quot;97.0.4692.71&quot;,
  &quot;chrome&quot;: {
    &quot;chromedriverVersion&quot;: &quot;97.0.4692.71 (adefa7837d02a07a604c1e6eff0b3a09422ab88d-refs/branch-heads/4692@{#1247})&quot;,
    &quot;userDataDir&quot;: &quot;/tmp/.com.google.Chrome.2tfbWe&quot;
  },
  &quot;goog:chromeOptions&quot;: {
    &quot;debuggerAddress&quot;: &quot;localhost:40759&quot;
  },
  &quot;javascriptEnabled&quot;: true,
  &quot;networkConnectionEnabled&quot;: false,
  &quot;pageLoadStrategy&quot;: &quot;normal&quot;,
  &quot;platform&quot;: &quot;LINUX&quot;,
  &quot;platformName&quot;: &quot;LINUX&quot;,
  &quot;proxy&quot;: {
    &quot;proxyType&quot;: &quot;DIRECT&quot;,
    &quot;autodetect&quot;: false
  },
  &quot;se:cdp&quot;: &quot;ws://172.48.106.104:4444/session/ff0e14323beafed697b40834239fa0e8/se/cdp&quot;,
  &quot;se:cdpVersion&quot;: &quot;97.0.4692.71&quot;,
  &quot;se:vnc&quot;: &quot;ws://172.48.106.104:4444/session/ff0e14323beafed697b40834239fa0e8/se/vnc&quot;,
  &quot;se:vncEnabled&quot;: true,
  &quot;se:vncLocalAddress&quot;: &quot;ws://172.48.106.104:7900&quot;,
  &quot;setWindowRect&quot;: true,
  &quot;strictFileInteractability&quot;: false,
  &quot;timeouts&quot;: {
    &quot;implicit&quot;: 0,
    &quot;pageLoad&quot;: 300000,
    &quot;script&quot;: 30000
  },
  &quot;unhandledPromptBehavior&quot;: &quot;dismiss and notify&quot;,
  &quot;webauthn:extension:credBlob&quot;: true,
  &quot;webauthn:extension:largeBlob&quot;: true,
  &quot;webauthn:virtualAuthenticators&quot;: true
}"/>
         <property name="os" value="Windows 10 64bit"/>
         <property name="remoteOS" value="Linux"/>
         <property name="katalonVersion" value="8.2.5.208"/>
         <property name="browser" value="Chrome 97.0.4692.71"/>
         <property name="hostAddress" value="192.168.2.113"/>
         <property name="sessionId" value="ff0e14323beafed697b40834239fa0e8"/>
         <property name="seleniumVersion" value="3.141.59"/>
         <property name="proxyInformation" value="ProxyInformation { proxyOption=NO_PROXY, proxyServerType=HTTP, username=, password=********, proxyServerAddress=, proxyServerPort=0, executionList=&quot;&quot;, isApplyToDesiredCapabilities=true }"/>
         <property name="platform" value="Windows 10"/>
      </properties>
      <testcase name="Test Cases/Тренер/Авторизация" time="58.193" classname="Test Cases/Тренер/Авторизация" status="PASSED">
         <system-out><![CDATA[2022-02-21 12:30:27 - [TEST_CASE][PASSED] - Test Cases/Тренер/Авторизация: Test Cases/Тренер/Авторизация

2022-02-21 12:30:31 - [TEST_STEP][PASSED] - openBrowser(""): Browser is opened with url: ''

2022-02-21 12:30:33 - [MESSAGE][INFO] - User set preference: ['os', 'linux']

2022-02-21 12:30:33 - [MESSAGE][INFO] - User set preference: ['browserName', 'chrome']

2022-02-21 12:30:33 - [MESSAGE][INFO] - User set preference: ['browserVersion', '97']

2022-02-21 12:30:33 - [MESSAGE][INFO] - User set preference: ['katalon:option', '{organizationId=551240, tunnelId=, usingTunnel=false}']

2022-02-21 12:30:33 - [MESSAGE][INFO] - Connecting to remote web server 'testcloud.katalon.com/hub' with type 'Selenium'

2022-02-21 12:30:35 - [MESSAGE][INFO] - Action delay is set to 100 milliseconds

2022-02-21 12:31:07 - [MESSAGE][PASSED] - Browser is opened with url: ''

2022-02-21 12:31:07 - [TEST_STEP][PASSED] - maximizeWindow(): Current window maximized

2022-02-21 12:31:08 - [MESSAGE][PASSED] - Current window maximized

2022-02-21 12:31:08 - [TEST_STEP][PASSED] - navigateToUrl(url): Navigate to 'https://stars-stage.hawk.ru:8080' successfully

2022-02-21 12:31:15 - [MESSAGE][PASSED] - Navigate to 'https://stars-stage.hawk.ru:8080' successfully

2022-02-21 12:31:15 - [TEST_STEP][PASSED] - setText(findTestObject("Object Repository/manager/Page_/input__sc-lnrBVv eqPACj"), coach_login): Text 'levashev.ps@hc-avangard.com' is set on object 'Object Repository/manager/Page_/input__sc-lnrBVv eqPACj'

2022-02-21 12:31:19 - [MESSAGE][PASSED] - Text 'levashev.ps@hc-avangard.com' is set on object 'Object Repository/manager/Page_/input__sc-lnrBVv eqPACj'

2022-02-21 12:31:19 - [TEST_STEP][PASSED] - setText(findTestObject("Object Repository/manager/Page_/input__sc-lnrBVv eqPACj_1"), coach_password): Text 'Darden41087' is set on object 'Object Repository/manager/Page_/input__sc-lnrBVv eqPACj_1'

2022-02-21 12:31:23 - [MESSAGE][PASSED] - Text 'Darden41087' is set on object 'Object Repository/manager/Page_/input__sc-lnrBVv eqPACj_1'

2022-02-21 12:31:23 - [TEST_STEP][PASSED] - click(findTestObject("manager/Page_/go")): Object: 'Object Repository/manager/Page_/go' is clicked on

2022-02-21 12:31:25 - [MESSAGE][PASSED] - Object: 'Object Repository/manager/Page_/go' is clicked on]]></system-out>
         <system-err><![CDATA[]]></system-err>
      </testcase>
      <testcase name="Test Cases/Тренер/Рекомендации по ОФП" time="221.082" classname="Test Cases/Тренер/Рекомендации по ОФП" status="FAILED">
         <failure type="FAILED" message="Test Cases/Тренер/Рекомендации по ОФП FAILED.
Reason:
com.kms.katalon.core.exception.StepFailedException: Unable to click on object 'Object Repository/Avangard New/Object (Тренер)/add'
	at com.kms.katalon.core.webui.keyword.internal.WebUIKeywordMain.stepFailed(WebUIKeywordMain.groovy:64)
	at com.kms.katalon.core.webui.keyword.internal.WebUIKeywordMain.runKeyword(WebUIKeywordMain.groovy:26)
	at com.kms.katalon.core.webui.keyword.builtin.ClickKeyword.click(ClickKeyword.groovy:74)
	at com.kms.katalon.core.webui.keyword.builtin.ClickKeyword.execute(ClickKeyword.groovy:40)
	at com.kms.katalon.core.keyword.internal.KeywordExecutor.executeKeywordForPlatform(KeywordExecutor.groovy:74)
	at com.kms.katalon.core.webui.keyword.WebUiBuiltInKeywords.click(WebUiBuiltInKeywords.groovy:620)
	at com.kms.katalon.core.webui.keyword.WebUiBuiltInKeywords$click$3.call(Unknown Source)
	at Рекомендации по ОФП.run(Рекомендации по ОФП:41)
	at com.kms.katalon.core.main.ScriptEngine.run(ScriptEngine.java:194)
	at com.kms.katalon.core.main.ScriptEngine.runScriptAsRawText(ScriptEngine.java:119)
	at com.kms.katalon.core.main.TestCaseExecutor.runScript(TestCaseExecutor.java:442)
	at com.kms.katalon.core.main.TestCaseExecutor.doExecute(TestCaseExecutor.java:433)
	at com.kms.katalon.core.main.TestCaseExecutor.processExecutionPhase(TestCaseExecutor.java:412)
	at com.kms.katalon.core.main.TestCaseExecutor.accessMainPhase(TestCaseExecutor.java:404)
	at com.kms.katalon.core.main.TestCaseExecutor.execute(TestCaseExecutor.java:281)
	at com.kms.katalon.core.main.TestSuiteExecutor.accessTestCaseMainPhase(TestSuiteExecutor.java:202)
	at com.kms.katalon.core.main.TestSuiteExecutor.accessTestSuiteMainPhase(TestSuiteExecutor.java:164)
	at com.kms.katalon.core.main.TestSuiteExecutor.execute(TestSuiteExecutor.java:105)
	at com.kms.katalon.core.main.TestCaseMain.startTestSuite(TestCaseMain.java:185)
	at com.kms.katalon.core.main.TestCaseMain$startTestSuite$0.call(Unknown Source)
	at TempTestSuite1645435808844.run(TempTestSuite1645435808844.groovy:36)
Caused by: org.openqa.selenium.ElementNotInteractableException: element not interactable
  (Session info: chrome=97.0.4692.71)
Build info: version: '3.141.59', revision: 'e82be7d358', time: '2018-11-14T08:25:53'
System info: host: 'DESKTOP-KNHN0AA', ip: '192.168.2.113', os.name: 'Windows 10', os.arch: 'amd64', os.version: '10.0', java.version: '1.8.0_282'
Driver info: com.kms.katalon.selenium.driver.CRemoteWebDriver
Capabilities {acceptInsecureCerts: false, browserName: chrome, browserVersion: 97.0.4692.71, chrome: {chromedriverVersion: 97.0.4692.71 (adefa7837d02a..., userDataDir: /tmp/.com.google.Chrome.7omSC5}, goog:chromeOptions: {debuggerAddress: localhost:42213}, javascriptEnabled: true, networkConnectionEnabled: false, pageLoadStrategy: normal, platform: LINUX, platformName: LINUX, proxy: Proxy(direct), se:cdp: ws://172.48.86.23:4444/sess..., se:cdpVersion: 97.0.4692.71, se:vnc: ws://172.48.86.23:4444/sess..., se:vncEnabled: true, se:vncLocalAddress: ws://172.48.86.23:7900, setWindowRect: true, strictFileInteractability: false, timeouts: {implicit: 0, pageLoad: 300000, script: 30000}, unhandledPromptBehavior: dismiss and notify, webauthn:extension:credBlob: true, webauthn:extension:largeBlob: true, webauthn:virtualAuthenticators: true}
Session ID: 00b1828e6e594eba04c1cb870a7ea528
	at org.openqa.selenium.remote.http.W3CHttpResponseCodec.createException(W3CHttpResponseCodec.java:187)
	at org.openqa.selenium.remote.http.W3CHttpResponseCodec.decode(W3CHttpResponseCodec.java:122)
	at org.openqa.selenium.remote.http.W3CHttpResponseCodec.decode(W3CHttpResponseCodec.java:49)
	at org.openqa.selenium.remote.HttpCommandExecutor.execute(HttpCommandExecutor.java:158)
	at org.openqa.selenium.remote.RemoteWebDriver.execute(RemoteWebDriver.java:552)
	at com.kms.katalon.selenium.driver.CRemoteWebDriver.execute(CRemoteWebDriver.java:30)
	at org.openqa.selenium.remote.RemoteWebElement.execute(RemoteWebElement.java:285)
	at org.openqa.selenium.remote.RemoteWebElement.click(RemoteWebElement.java:84)
	at org.openqa.selenium.support.events.EventFiringWebDriver$EventFiringWebElement.lambda$new$0(EventFiringWebDriver.java:404)
	at com.sun.proxy.$Proxy11.click(Unknown Source)
	at org.openqa.selenium.support.events.EventFiringWebDriver$EventFiringWebElement.click(EventFiringWebDriver.java:417)
	at org.openqa.selenium.WebElement$click.call(Unknown Source)
	at com.kms.katalon.core.webui.keyword.builtin.ClickKeyword.clickUntilSuccessWithTimeout(ClickKeyword.groovy:81)
	at com.kms.katalon.core.webui.keyword.builtin.ClickKeyword.clickUntilSuccessWithTimeout(ClickKeyword.groovy)
	at com.kms.katalon.core.webui.keyword.builtin.ClickKeyword$_click_closure1.doCall(ClickKeyword.groovy:67)
	at com.kms.katalon.core.webui.keyword.builtin.ClickKeyword$_click_closure1.call(ClickKeyword.groovy)
	at com.kms.katalon.core.webui.keyword.internal.WebUIKeywordMain.runKeyword(WebUIKeywordMain.groovy:20)
	... 19 more
"/>
         <system-out><![CDATA[2022-02-21 12:31:25 - [TEST_CASE][FAILED] - Test Cases/Тренер/Рекомендации по ОФП: Test Cases/Тренер/Рекомендации по ОФП FAILED.
Reason:
com.kms.katalon.core.exception.StepFailedException: Unable to click on object 'Object Repository/Avangard New/Object (Тренер)/add'
	at com.kms.katalon.core.webui.keyword.internal.WebUIKeywordMain.stepFailed(WebUIKeywordMain.groovy:64)
	at com.kms.katalon.core.webui.keyword.internal.WebUIKeywordMain.runKeyword(WebUIKeywordMain.groovy:26)
	at com.kms.katalon.core.webui.keyword.builtin.ClickKeyword.click(ClickKeyword.groovy:74)
	at com.kms.katalon.core.webui.keyword.builtin.ClickKeyword.execute(ClickKeyword.groovy:40)
	at com.kms.katalon.core.keyword.internal.KeywordExecutor.executeKeywordForPlatform(KeywordExecutor.groovy:74)
	at com.kms.katalon.core.webui.keyword.WebUiBuiltInKeywords.click(WebUiBuiltInKeywords.groovy:620)
	at com.kms.katalon.core.webui.keyword.WebUiBuiltInKeywords$click$3.call(Unknown Source)
	at Рекомендации по ОФП.run(Рекомендации по ОФП:41)
	at com.kms.katalon.core.main.ScriptEngine.run(ScriptEngine.java:194)
	at com.kms.katalon.core.main.ScriptEngine.runScriptAsRawText(ScriptEngine.java:119)
	at com.kms.katalon.core.main.TestCaseExecutor.runScript(TestCaseExecutor.java:442)
	at com.kms.katalon.core.main.TestCaseExecutor.doExecute(TestCaseExecutor.java:433)
	at com.kms.katalon.core.main.TestCaseExecutor.processExecutionPhase(TestCaseExecutor.java:412)
	at com.kms.katalon.core.main.TestCaseExecutor.accessMainPhase(TestCaseExecutor.java:404)
	at com.kms.katalon.core.main.TestCaseExecutor.execute(TestCaseExecutor.java:281)
	at com.kms.katalon.core.main.TestSuiteExecutor.accessTestCaseMainPhase(TestSuiteExecutor.java:202)
	at com.kms.katalon.core.main.TestSuiteExecutor.accessTestSuiteMainPhase(TestSuiteExecutor.java:164)
	at com.kms.katalon.core.main.TestSuiteExecutor.execute(TestSuiteExecutor.java:105)
	at com.kms.katalon.core.main.TestCaseMain.startTestSuite(TestCaseMain.java:185)
	at com.kms.katalon.core.main.TestCaseMain$startTestSuite$0.call(Unknown Source)
	at TempTestSuite1645435808844.run(TempTestSuite1645435808844.groovy:36)
Caused by: org.openqa.selenium.ElementNotInteractableException: element not interactable
  (Session info: chrome=97.0.4692.71)
Build info: version: '3.141.59', revision: 'e82be7d358', time: '2018-11-14T08:25:53'
System info: host: 'DESKTOP-KNHN0AA', ip: '192.168.2.113', os.name: 'Windows 10', os.arch: 'amd64', os.version: '10.0', java.version: '1.8.0_282'
Driver info: com.kms.katalon.selenium.driver.CRemoteWebDriver
Capabilities {acceptInsecureCerts: false, browserName: chrome, browserVersion: 97.0.4692.71, chrome: {chromedriverVersion: 97.0.4692.71 (adefa7837d02a..., userDataDir: /tmp/.com.google.Chrome.7omSC5}, goog:chromeOptions: {debuggerAddress: localhost:42213}, javascriptEnabled: true, networkConnectionEnabled: false, pageLoadStrategy: normal, platform: LINUX, platformName: LINUX, proxy: Proxy(direct), se:cdp: ws://172.48.86.23:4444/sess..., se:cdpVersion: 97.0.4692.71, se:vnc: ws://172.48.86.23:4444/sess..., se:vncEnabled: true, se:vncLocalAddress: ws://172.48.86.23:7900, setWindowRect: true, strictFileInteractability: false, timeouts: {implicit: 0, pageLoad: 300000, script: 30000}, unhandledPromptBehavior: dismiss and notify, webauthn:extension:credBlob: true, webauthn:extension:largeBlob: true, webauthn:virtualAuthenticators: true}
Session ID: 00b1828e6e594eba04c1cb870a7ea528
	at org.openqa.selenium.remote.http.W3CHttpResponseCodec.createException(W3CHttpResponseCodec.java:187)
	at org.openqa.selenium.remote.http.W3CHttpResponseCodec.decode(W3CHttpResponseCodec.java:122)
	at org.openqa.selenium.remote.http.W3CHttpResponseCodec.decode(W3CHttpResponseCodec.java:49)
	at org.openqa.selenium.remote.HttpCommandExecutor.execute(HttpCommandExecutor.java:158)
	at org.openqa.selenium.remote.RemoteWebDriver.execute(RemoteWebDriver.java:552)
	at com.kms.katalon.selenium.driver.CRemoteWebDriver.execute(CRemoteWebDriver.java:30)
	at org.openqa.selenium.remote.RemoteWebElement.execute(RemoteWebElement.java:285)
	at org.openqa.selenium.remote.RemoteWebElement.click(RemoteWebElement.java:84)
	at org.openqa.selenium.support.events.EventFiringWebDriver$EventFiringWebElement.lambda$new$0(EventFiringWebDriver.java:404)
	at com.sun.proxy.$Proxy11.click(Unknown Source)
	at org.openqa.selenium.support.events.EventFiringWebDriver$EventFiringWebElement.click(EventFiringWebDriver.java:417)
	at org.openqa.selenium.WebElement$click.call(Unknown Source)
	at com.kms.katalon.core.webui.keyword.builtin.ClickKeyword.clickUntilSuccessWithTimeout(ClickKeyword.groovy:81)
	at com.kms.katalon.core.webui.keyword.builtin.ClickKeyword.clickUntilSuccessWithTimeout(ClickKeyword.groovy)
	at com.kms.katalon.core.webui.keyword.builtin.ClickKeyword$_click_closure1.doCall(ClickKeyword.groovy:67)
	at com.kms.katalon.core.webui.keyword.builtin.ClickKeyword$_click_closure1.call(ClickKeyword.groovy)
	at com.kms.katalon.core.webui.keyword.internal.WebUIKeywordMain.runKeyword(WebUIKeywordMain.groovy:20)
	... 19 more


2022-02-21 12:31:26 - [TEST_STEP][PASSED] - callTestCase(findTestCase("Тренер/Авторизация"), [:], STOP_ON_FAILURE): Call Test Case 'Test Cases/Тренер/Авторизация' successfully

2022-02-21 12:31:26 - [TEST_CASE][PASSED] - Test Cases/Тренер/Авторизация: Test Cases/Тренер/Авторизация

2022-02-21 12:31:26 - [TEST_STEP][PASSED] - openBrowser(""): Browser is opened with url: ''

2022-02-21 12:31:26 - [MESSAGE][WARNING] - A browser is already opened. Closing browser and opening a new one

2022-02-21 12:31:26 - [MESSAGE][INFO] - User set preference: ['os', 'linux']

2022-02-21 12:31:26 - [MESSAGE][INFO] - User set preference: ['browserName', 'chrome']

2022-02-21 12:31:26 - [MESSAGE][INFO] - User set preference: ['browserVersion', '97']

2022-02-21 12:31:26 - [MESSAGE][INFO] - User set preference: ['katalon:option', '{organizationId=551240, tunnelId=, usingTunnel=false}']

2022-02-21 12:31:26 - [MESSAGE][INFO] - Connecting to remote web server 'testcloud.katalon.com/hub' with type 'Selenium'

2022-02-21 12:31:26 - [MESSAGE][INFO] - Action delay is set to 100 milliseconds

2022-02-21 12:33:48 - [MESSAGE][PASSED] - Browser is opened with url: ''

2022-02-21 12:33:48 - [TEST_STEP][PASSED] - maximizeWindow(): Current window maximized

2022-02-21 12:33:49 - [MESSAGE][PASSED] - Current window maximized

2022-02-21 12:33:49 - [TEST_STEP][PASSED] - navigateToUrl(url): Navigate to 'https://stars-stage.hawk.ru:8080' successfully

2022-02-21 12:33:55 - [MESSAGE][PASSED] - Navigate to 'https://stars-stage.hawk.ru:8080' successfully

2022-02-21 12:33:55 - [TEST_STEP][PASSED] - setText(findTestObject("Object Repository/manager/Page_/input__sc-lnrBVv eqPACj"), coach_login): Text 'levashev.ps@hc-avangard.com' is set on object 'Object Repository/manager/Page_/input__sc-lnrBVv eqPACj'

2022-02-21 12:34:00 - [MESSAGE][PASSED] - Text 'levashev.ps@hc-avangard.com' is set on object 'Object Repository/manager/Page_/input__sc-lnrBVv eqPACj'

2022-02-21 12:34:00 - [TEST_STEP][PASSED] - setText(findTestObject("Object Repository/manager/Page_/input__sc-lnrBVv eqPACj_1"), coach_password): Text 'Darden41087' is set on object 'Object Repository/manager/Page_/input__sc-lnrBVv eqPACj_1'

2022-02-21 12:34:04 - [MESSAGE][PASSED] - Text 'Darden41087' is set on object 'Object Repository/manager/Page_/input__sc-lnrBVv eqPACj_1'

2022-02-21 12:34:04 - [TEST_STEP][PASSED] - click(findTestObject("manager/Page_/go")): Object: 'Object Repository/manager/Page_/go' is clicked on

2022-02-21 12:34:06 - [MESSAGE][PASSED] - Object: 'Object Repository/manager/Page_/go' is clicked on

2022-02-21 12:34:06 - [MESSAGE][PASSED] - Call Test Case 'Test Cases/Тренер/Авторизация' successfully

2022-02-21 12:34:06 - [TEST_STEP][PASSED] - click(findTestObject("Object Repository/Avangard New/Object (Тренер)/physical_testing_report")): Object: 'Object Repository/Avangard New/Object (Тренер)/physical_testing_report' is clicked on

2022-02-21 12:34:17 - [MESSAGE][PASSED] - Object: 'Object Repository/Avangard New/Object (Тренер)/physical_testing_report' is clicked on

2022-02-21 12:34:17 - [TEST_STEP][PASSED] - click(findTestObject("Object Repository/Avangard New/Object (Тренер)/div_31.07.2020")): Object: 'Object Repository/Avangard New/Object (Тренер)/div_31.07.2020' is clicked on

2022-02-21 12:34:21 - [MESSAGE][PASSED] - Object: 'Object Repository/Avangard New/Object (Тренер)/div_31.07.2020' is clicked on

2022-02-21 12:34:21 - [TEST_STEP][PASSED] - click(findTestObject("Object Repository/Avangard New/Object (Тренер)/div_31.10.2020")): Object: 'Object Repository/Avangard New/Object (Тренер)/div_31.10.2020' is clicked on

2022-02-21 12:34:23 - [MESSAGE][PASSED] - Object: 'Object Repository/Avangard New/Object (Тренер)/div_31.10.2020' is clicked on

2022-02-21 12:34:23 - [TEST_STEP][PASSED] - scrollToElement(findTestObject("Object Repository/AA/gazizov"), 0): Scroll to object 'Object Repository/AA/gazizov' successfully

2022-02-21 12:34:23 - [MESSAGE][WARNING] - Timeout '0' is invalid. Using default page load timeout: '30'

2022-02-21 12:34:26 - [MESSAGE][PASSED] - Scroll to object 'Object Repository/AA/gazizov' successfully

2022-02-21 12:34:26 - [TEST_STEP][PASSED] - click(findTestObject("Object Repository/Avangard New/Object (Тренер)/trikozov")): Object: 'Object Repository/Avangard New/Object (Тренер)/trikozov' is clicked on

2022-02-21 12:34:28 - [MESSAGE][PASSED] - Object: 'Object Repository/Avangard New/Object (Тренер)/trikozov' is clicked on

2022-02-21 12:34:28 - [TEST_STEP][NOT_RUN] - click(findTestObject("Object Repository/Avangard New/Object (Тренер)/button exit"), STOP_ON_FAILURE): NOT_RUN: click(findTestObject("Object Repository/Avangard New/Object (Тренер)/button exit"), STOP_ON_FAILURE)

2022-02-21 12:34:28 - [MESSAGE][NOT_RUN] - NOT_RUN: click(findTestObject("Object Repository/Avangard New/Object (Тренер)/button exit"), STOP_ON_FAILURE)

2022-02-21 12:34:28 - [TEST_STEP][FAILED] - click(findTestObject("Object Repository/Avangard New/Object (Тренер)/add")): Unable to click on object 'Object Repository/Avangard New/Object (Тренер)/add' (Root cause: com.kms.katalon.core.exception.StepFailedException: Unable to click on object 'Object Repository/Avangard New/Object (Тренер)/add'
	at com.kms.katalon.core.webui.keyword.internal.WebUIKeywordMain.stepFailed(WebUIKeywordMain.groovy:64)
	at com.kms.katalon.core.webui.keyword.internal.WebUIKeywordMain.runKeyword(WebUIKeywordMain.groovy:26)
	at com.kms.katalon.core.webui.keyword.builtin.ClickKeyword.click(ClickKeyword.groovy:74)
	at com.kms.katalon.core.webui.keyword.builtin.ClickKeyword.execute(ClickKeyword.groovy:40)
	at com.kms.katalon.core.keyword.internal.KeywordExecutor.executeKeywordForPlatform(KeywordExecutor.groovy:74)
	at com.kms.katalon.core.webui.keyword.WebUiBuiltInKeywords.click(WebUiBuiltInKeywords.groovy:620)
	at com.kms.katalon.core.webui.keyword.WebUiBuiltInKeywords$click$3.call(Unknown Source)
	at Рекомендации по ОФП.run(Рекомендации по ОФП:41)
	at com.kms.katalon.core.main.ScriptEngine.run(ScriptEngine.java:194)
	at com.kms.katalon.core.main.ScriptEngine.runScriptAsRawText(ScriptEngine.java:119)
	at com.kms.katalon.core.main.TestCaseExecutor.runScript(TestCaseExecutor.java:442)
	at com.kms.katalon.core.main.TestCaseExecutor.doExecute(TestCaseExecutor.java:433)
	at com.kms.katalon.core.main.TestCaseExecutor.processExecutionPhase(TestCaseExecutor.java:412)
	at com.kms.katalon.core.main.TestCaseExecutor.accessMainPhase(TestCaseExecutor.java:404)
	at com.kms.katalon.core.main.TestCaseExecutor.execute(TestCaseExecutor.java:281)
	at com.kms.katalon.core.main.TestSuiteExecutor.accessTestCaseMainPhase(TestSuiteExecutor.java:202)
	at com.kms.katalon.core.main.TestSuiteExecutor.accessTestSuiteMainPhase(TestSuiteExecutor.java:164)
	at com.kms.katalon.core.main.TestSuiteExecutor.execute(TestSuiteExecutor.java:105)
	at com.kms.katalon.core.main.TestCaseMain.startTestSuite(TestCaseMain.java:185)
	at com.kms.katalon.core.main.TestCaseMain$startTestSuite$0.call(Unknown Source)
	at TempTestSuite1645435808844.run(TempTestSuite1645435808844.groovy:36)
Caused by: org.openqa.selenium.ElementNotInteractableException: element not interactable
  (Session info: chrome=97.0.4692.71)
Build info: version: '3.141.59', revision: 'e82be7d358', time: '2018-11-14T08:25:53'
System info: host: 'DESKTOP-KNHN0AA', ip: '192.168.2.113', os.name: 'Windows 10', os.arch: 'amd64', os.version: '10.0', java.version: '1.8.0_282'
Driver info: com.kms.katalon.selenium.driver.CRemoteWebDriver
Capabilities {acceptInsecureCerts: false, browserName: chrome, browserVersion: 97.0.4692.71, chrome: {chromedriverVersion: 97.0.4692.71 (adefa7837d02a..., userDataDir: /tmp/.com.google.Chrome.7omSC5}, goog:chromeOptions: {debuggerAddress: localhost:42213}, javascriptEnabled: true, networkConnectionEnabled: false, pageLoadStrategy: normal, platform: LINUX, platformName: LINUX, proxy: Proxy(direct), se:cdp: ws://172.48.86.23:4444/sess..., se:cdpVersion: 97.0.4692.71, se:vnc: ws://172.48.86.23:4444/sess..., se:vncEnabled: true, se:vncLocalAddress: ws://172.48.86.23:7900, setWindowRect: true, strictFileInteractability: false, timeouts: {implicit: 0, pageLoad: 300000, script: 30000}, unhandledPromptBehavior: dismiss and notify, webauthn:extension:credBlob: true, webauthn:extension:largeBlob: true, webauthn:virtualAuthenticators: true}
Session ID: 00b1828e6e594eba04c1cb870a7ea528
	at org.openqa.selenium.remote.http.W3CHttpResponseCodec.createException(W3CHttpResponseCodec.java:187)
	at org.openqa.selenium.remote.http.W3CHttpResponseCodec.decode(W3CHttpResponseCodec.java:122)
	at org.openqa.selenium.remote.http.W3CHttpResponseCodec.decode(W3CHttpResponseCodec.java:49)
	at org.openqa.selenium.remote.HttpCommandExecutor.execute(HttpCommandExecutor.java:158)
	at org.openqa.selenium.remote.RemoteWebDriver.execute(RemoteWebDriver.java:552)
	at com.kms.katalon.selenium.driver.CRemoteWebDriver.execute(CRemoteWebDriver.java:30)
	at org.openqa.selenium.remote.RemoteWebElement.execute(RemoteWebElement.java:285)
	at org.openqa.selenium.remote.RemoteWebElement.click(RemoteWebElement.java:84)
	at org.openqa.selenium.support.events.EventFiringWebDriver$EventFiringWebElement.lambda$new$0(EventFiringWebDriver.java:404)
	at com.sun.proxy.$Proxy11.click(Unknown Source)
	at org.openqa.selenium.support.events.EventFiringWebDriver$EventFiringWebElement.click(EventFiringWebDriver.java:417)
	at org.openqa.selenium.WebElement$click.call(Unknown Source)
	at com.kms.katalon.core.webui.keyword.builtin.ClickKeyword.clickUntilSuccessWithTimeout(ClickKeyword.groovy:81)
	at com.kms.katalon.core.webui.keyword.builtin.ClickKeyword.clickUntilSuccessWithTimeout(ClickKeyword.groovy)
	at com.kms.katalon.core.webui.keyword.builtin.ClickKeyword$_click_closure1.doCall(ClickKeyword.groovy:67)
	at com.kms.katalon.core.webui.keyword.builtin.ClickKeyword$_click_closure1.call(ClickKeyword.groovy)
	at com.kms.katalon.core.webui.keyword.internal.WebUIKeywordMain.runKeyword(WebUIKeywordMain.groovy:20)
	at com.kms.katalon.core.webui.keyword.builtin.ClickKeyword.click(ClickKeyword.groovy:74)
	at com.kms.katalon.core.webui.keyword.builtin.ClickKeyword.execute(ClickKeyword.groovy:40)
	at com.kms.katalon.core.keyword.internal.KeywordExecutor.executeKeywordForPlatform(KeywordExecutor.groovy:74)
	at com.kms.katalon.core.webui.keyword.WebUiBuiltInKeywords.click(WebUiBuiltInKeywords.groovy:620)
	at com.kms.katalon.core.webui.keyword.WebUiBuiltInKeywords$click$3.call(Unknown Source)
	at Script1645273059263.run(Script1645273059263.groovy:41)
	... 13 more
)

2022-02-21 12:34:59 - [MESSAGE][INFO] - Unable to find the element located by 'By.xpath: /html/body/div[1]/div[1]/div/div[2]/div/div/div[2]/div/div/div[2]/form/div/div/div[2]/div/div/div[2]/div[3]/div/div[2]/div/div[1]/div/div/button'. Please recheck the objects properties to make sure the desired element is located. 

2022-02-21 12:34:59 - [MESSAGE][WARNING] - [SELF-HEALING] Failed to find element with id 'Object Repository/Avangard New/Object (Тренер)/add'. Try using Self-healing.

2022-02-21 12:35:01 - [MESSAGE][WARNING] - [SELF-HEALING] The current locator of test object 'Object Repository/Avangard New/Object (Тренер)/add' was broken. Propose an alternative one: '(.//*[normalize-space(text()) and normalize-space(.)='Задачи'])[1]/following::button[1]'.

2022-02-21 12:35:04 - [MESSAGE][FAILED] - Unable to click on object 'Object Repository/Avangard New/Object (Тренер)/add' (Root cause: com.kms.katalon.core.exception.StepFailedException: Unable to click on object 'Object Repository/Avangard New/Object (Тренер)/add'
	at com.kms.katalon.core.webui.keyword.internal.WebUIKeywordMain.stepFailed(WebUIKeywordMain.groovy:64)
	at com.kms.katalon.core.webui.keyword.internal.WebUIKeywordMain.runKeyword(WebUIKeywordMain.groovy:26)
	at com.kms.katalon.core.webui.keyword.builtin.ClickKeyword.click(ClickKeyword.groovy:74)
	at com.kms.katalon.core.webui.keyword.builtin.ClickKeyword.execute(ClickKeyword.groovy:40)
	at com.kms.katalon.core.keyword.internal.KeywordExecutor.executeKeywordForPlatform(KeywordExecutor.groovy:74)
	at com.kms.katalon.core.webui.keyword.WebUiBuiltInKeywords.click(WebUiBuiltInKeywords.groovy:620)
	at com.kms.katalon.core.webui.keyword.WebUiBuiltInKeywords$click$3.call(Unknown Source)
	at Рекомендации по ОФП.run(Рекомендации по ОФП:41)
	at com.kms.katalon.core.main.ScriptEngine.run(ScriptEngine.java:194)
	at com.kms.katalon.core.main.ScriptEngine.runScriptAsRawText(ScriptEngine.java:119)
	at com.kms.katalon.core.main.TestCaseExecutor.runScript(TestCaseExecutor.java:442)
	at com.kms.katalon.core.main.TestCaseExecutor.doExecute(TestCaseExecutor.java:433)
	at com.kms.katalon.core.main.TestCaseExecutor.processExecutionPhase(TestCaseExecutor.java:412)
	at com.kms.katalon.core.main.TestCaseExecutor.accessMainPhase(TestCaseExecutor.java:404)
	at com.kms.katalon.core.main.TestCaseExecutor.execute(TestCaseExecutor.java:281)
	at com.kms.katalon.core.main.TestSuiteExecutor.accessTestCaseMainPhase(TestSuiteExecutor.java:202)
	at com.kms.katalon.core.main.TestSuiteExecutor.accessTestSuiteMainPhase(TestSuiteExecutor.java:164)
	at com.kms.katalon.core.main.TestSuiteExecutor.execute(TestSuiteExecutor.java:105)
	at com.kms.katalon.core.main.TestCaseMain.startTestSuite(TestCaseMain.java:185)
	at com.kms.katalon.core.main.TestCaseMain$startTestSuite$0.call(Unknown Source)
	at TempTestSuite1645435808844.run(TempTestSuite1645435808844.groovy:36)
Caused by: org.openqa.selenium.ElementNotInteractableException: element not interactable
  (Session info: chrome=97.0.4692.71)
Build info: version: '3.141.59', revision: 'e82be7d358', time: '2018-11-14T08:25:53'
System info: host: 'DESKTOP-KNHN0AA', ip: '192.168.2.113', os.name: 'Windows 10', os.arch: 'amd64', os.version: '10.0', java.version: '1.8.0_282'
Driver info: com.kms.katalon.selenium.driver.CRemoteWebDriver
Capabilities {acceptInsecureCerts: false, browserName: chrome, browserVersion: 97.0.4692.71, chrome: {chromedriverVersion: 97.0.4692.71 (adefa7837d02a..., userDataDir: /tmp/.com.google.Chrome.7omSC5}, goog:chromeOptions: {debuggerAddress: localhost:42213}, javascriptEnabled: true, networkConnectionEnabled: false, pageLoadStrategy: normal, platform: LINUX, platformName: LINUX, proxy: Proxy(direct), se:cdp: ws://172.48.86.23:4444/sess..., se:cdpVersion: 97.0.4692.71, se:vnc: ws://172.48.86.23:4444/sess..., se:vncEnabled: true, se:vncLocalAddress: ws://172.48.86.23:7900, setWindowRect: true, strictFileInteractability: false, timeouts: {implicit: 0, pageLoad: 300000, script: 30000}, unhandledPromptBehavior: dismiss and notify, webauthn:extension:credBlob: true, webauthn:extension:largeBlob: true, webauthn:virtualAuthenticators: true}
Session ID: 00b1828e6e594eba04c1cb870a7ea528
	at org.openqa.selenium.remote.http.W3CHttpResponseCodec.createException(W3CHttpResponseCodec.java:187)
	at org.openqa.selenium.remote.http.W3CHttpResponseCodec.decode(W3CHttpResponseCodec.java:122)
	at org.openqa.selenium.remote.http.W3CHttpResponseCodec.decode(W3CHttpResponseCodec.java:49)
	at org.openqa.selenium.remote.HttpCommandExecutor.execute(HttpCommandExecutor.java:158)
	at org.openqa.selenium.remote.RemoteWebDriver.execute(RemoteWebDriver.java:552)
	at com.kms.katalon.selenium.driver.CRemoteWebDriver.execute(CRemoteWebDriver.java:30)
	at org.openqa.selenium.remote.RemoteWebElement.execute(RemoteWebElement.java:285)
	at org.openqa.selenium.remote.RemoteWebElement.click(RemoteWebElement.java:84)
	at org.openqa.selenium.support.events.EventFiringWebDriver$EventFiringWebElement.lambda$new$0(EventFiringWebDriver.java:404)
	at com.sun.proxy.$Proxy11.click(Unknown Source)
	at org.openqa.selenium.support.events.EventFiringWebDriver$EventFiringWebElement.click(EventFiringWebDriver.java:417)
	at org.openqa.selenium.WebElement$click.call(Unknown Source)
	at com.kms.katalon.core.webui.keyword.builtin.ClickKeyword.clickUntilSuccessWithTimeout(ClickKeyword.groovy:81)
	at com.kms.katalon.core.webui.keyword.builtin.ClickKeyword.clickUntilSuccessWithTimeout(ClickKeyword.groovy)
	at com.kms.katalon.core.webui.keyword.builtin.ClickKeyword$_click_closure1.doCall(ClickKeyword.groovy:67)
	at com.kms.katalon.core.webui.keyword.builtin.ClickKeyword$_click_closure1.call(ClickKeyword.groovy)
	at com.kms.katalon.core.webui.keyword.internal.WebUIKeywordMain.runKeyword(WebUIKeywordMain.groovy:20)
	at com.kms.katalon.core.webui.keyword.builtin.ClickKeyword.click(ClickKeyword.groovy:74)
	at com.kms.katalon.core.webui.keyword.builtin.ClickKeyword.execute(ClickKeyword.groovy:40)
	at com.kms.katalon.core.keyword.internal.KeywordExecutor.executeKeywordForPlatform(KeywordExecutor.groovy:74)
	at com.kms.katalon.core.webui.keyword.WebUiBuiltInKeywords.click(WebUiBuiltInKeywords.groovy:620)
	at com.kms.katalon.core.webui.keyword.WebUiBuiltInKeywords$click$3.call(Unknown Source)
	at Script1645273059263.run(Script1645273059263.groovy:41)
	... 13 more
)
[[ATTACHMENT|C:\\Users\\LENOVO\\Katalon Studio\\Project Avangard\\Reports\\20220221_122957\\\u0422\u0440\u0435\u043D\u0435\u0440\\20220221_123008\\1645436101542.png]]]]></system-out>
         <system-err><![CDATA[2022-02-21 12:31:25 - [TEST_CASE][FAILED] - Test Cases/Тренер/Рекомендации по ОФП: Test Cases/Тренер/Рекомендации по ОФП FAILED.
Reason:
com.kms.katalon.core.exception.StepFailedException: Unable to click on object 'Object Repository/Avangard New/Object (Тренер)/add'
	at com.kms.katalon.core.webui.keyword.internal.WebUIKeywordMain.stepFailed(WebUIKeywordMain.groovy:64)
	at com.kms.katalon.core.webui.keyword.internal.WebUIKeywordMain.runKeyword(WebUIKeywordMain.groovy:26)
	at com.kms.katalon.core.webui.keyword.builtin.ClickKeyword.click(ClickKeyword.groovy:74)
	at com.kms.katalon.core.webui.keyword.builtin.ClickKeyword.execute(ClickKeyword.groovy:40)
	at com.kms.katalon.core.keyword.internal.KeywordExecutor.executeKeywordForPlatform(KeywordExecutor.groovy:74)
	at com.kms.katalon.core.webui.keyword.WebUiBuiltInKeywords.click(WebUiBuiltInKeywords.groovy:620)
	at com.kms.katalon.core.webui.keyword.WebUiBuiltInKeywords$click$3.call(Unknown Source)
	at Рекомендации по ОФП.run(Рекомендации по ОФП:41)
	at com.kms.katalon.core.main.ScriptEngine.run(ScriptEngine.java:194)
	at com.kms.katalon.core.main.ScriptEngine.runScriptAsRawText(ScriptEngine.java:119)
	at com.kms.katalon.core.main.TestCaseExecutor.runScript(TestCaseExecutor.java:442)
	at com.kms.katalon.core.main.TestCaseExecutor.doExecute(TestCaseExecutor.java:433)
	at com.kms.katalon.core.main.TestCaseExecutor.processExecutionPhase(TestCaseExecutor.java:412)
	at com.kms.katalon.core.main.TestCaseExecutor.accessMainPhase(TestCaseExecutor.java:404)
	at com.kms.katalon.core.main.TestCaseExecutor.execute(TestCaseExecutor.java:281)
	at com.kms.katalon.core.main.TestSuiteExecutor.accessTestCaseMainPhase(TestSuiteExecutor.java:202)
	at com.kms.katalon.core.main.TestSuiteExecutor.accessTestSuiteMainPhase(TestSuiteExecutor.java:164)
	at com.kms.katalon.core.main.TestSuiteExecutor.execute(TestSuiteExecutor.java:105)
	at com.kms.katalon.core.main.TestCaseMain.startTestSuite(TestCaseMain.java:185)
	at com.kms.katalon.core.main.TestCaseMain$startTestSuite$0.call(Unknown Source)
	at TempTestSuite1645435808844.run(TempTestSuite1645435808844.groovy:36)
Caused by: org.openqa.selenium.ElementNotInteractableException: element not interactable
  (Session info: chrome=97.0.4692.71)
Build info: version: '3.141.59', revision: 'e82be7d358', time: '2018-11-14T08:25:53'
System info: host: 'DESKTOP-KNHN0AA', ip: '192.168.2.113', os.name: 'Windows 10', os.arch: 'amd64', os.version: '10.0', java.version: '1.8.0_282'
Driver info: com.kms.katalon.selenium.driver.CRemoteWebDriver
Capabilities {acceptInsecureCerts: false, browserName: chrome, browserVersion: 97.0.4692.71, chrome: {chromedriverVersion: 97.0.4692.71 (adefa7837d02a..., userDataDir: /tmp/.com.google.Chrome.7omSC5}, goog:chromeOptions: {debuggerAddress: localhost:42213}, javascriptEnabled: true, networkConnectionEnabled: false, pageLoadStrategy: normal, platform: LINUX, platformName: LINUX, proxy: Proxy(direct), se:cdp: ws://172.48.86.23:4444/sess..., se:cdpVersion: 97.0.4692.71, se:vnc: ws://172.48.86.23:4444/sess..., se:vncEnabled: true, se:vncLocalAddress: ws://172.48.86.23:7900, setWindowRect: true, strictFileInteractability: false, timeouts: {implicit: 0, pageLoad: 300000, script: 30000}, unhandledPromptBehavior: dismiss and notify, webauthn:extension:credBlob: true, webauthn:extension:largeBlob: true, webauthn:virtualAuthenticators: true}
Session ID: 00b1828e6e594eba04c1cb870a7ea528
	at org.openqa.selenium.remote.http.W3CHttpResponseCodec.createException(W3CHttpResponseCodec.java:187)
	at org.openqa.selenium.remote.http.W3CHttpResponseCodec.decode(W3CHttpResponseCodec.java:122)
	at org.openqa.selenium.remote.http.W3CHttpResponseCodec.decode(W3CHttpResponseCodec.java:49)
	at org.openqa.selenium.remote.HttpCommandExecutor.execute(HttpCommandExecutor.java:158)
	at org.openqa.selenium.remote.RemoteWebDriver.execute(RemoteWebDriver.java:552)
	at com.kms.katalon.selenium.driver.CRemoteWebDriver.execute(CRemoteWebDriver.java:30)
	at org.openqa.selenium.remote.RemoteWebElement.execute(RemoteWebElement.java:285)
	at org.openqa.selenium.remote.RemoteWebElement.click(RemoteWebElement.java:84)
	at org.openqa.selenium.support.events.EventFiringWebDriver$EventFiringWebElement.lambda$new$0(EventFiringWebDriver.java:404)
	at com.sun.proxy.$Proxy11.click(Unknown Source)
	at org.openqa.selenium.support.events.EventFiringWebDriver$EventFiringWebElement.click(EventFiringWebDriver.java:417)
	at org.openqa.selenium.WebElement$click.call(Unknown Source)
	at com.kms.katalon.core.webui.keyword.builtin.ClickKeyword.clickUntilSuccessWithTimeout(ClickKeyword.groovy:81)
	at com.kms.katalon.core.webui.keyword.builtin.ClickKeyword.clickUntilSuccessWithTimeout(ClickKeyword.groovy)
	at com.kms.katalon.core.webui.keyword.builtin.ClickKeyword$_click_closure1.doCall(ClickKeyword.groovy:67)
	at com.kms.katalon.core.webui.keyword.builtin.ClickKeyword$_click_closure1.call(ClickKeyword.groovy)
	at com.kms.katalon.core.webui.keyword.internal.WebUIKeywordMain.runKeyword(WebUIKeywordMain.groovy:20)
	... 19 more]]></system-err>
      </testcase>
      <testcase name="Test Cases/Тренер/Составы" time="212.232" classname="Test Cases/Тренер/Составы" status="FAILED">
         <failure type="FAILED" message="Test Cases/Тренер/Составы FAILED.
Reason:
com.kms.katalon.core.exception.StepFailedException: Unable to verify text 'Игрок недоступен для выбора' is present 
	at com.kms.katalon.core.webui.keyword.internal.WebUIKeywordMain.stepFailed(WebUIKeywordMain.groovy:64)
	at com.kms.katalon.core.webui.keyword.internal.WebUIKeywordMain.runKeyword(WebUIKeywordMain.groovy:26)
	at com.kms.katalon.core.webui.keyword.builtin.VerifyTextPresentKeyword.verifyTextPresent(VerifyTextPresentKeyword.groovy:83)
	at com.kms.katalon.core.webui.keyword.builtin.VerifyTextPresentKeyword.execute(VerifyTextPresentKeyword.groovy:68)
	at com.kms.katalon.core.keyword.internal.KeywordExecutor.executeKeywordForPlatform(KeywordExecutor.groovy:74)
	at com.kms.katalon.core.webui.keyword.WebUiBuiltInKeywords.verifyTextPresent(WebUiBuiltInKeywords.groovy:1723)
	at com.kms.katalon.core.webui.keyword.WebUiBuiltInKeywords$verifyTextPresent$5.call(Unknown Source)
	at Составы.run(Составы:61)
	at com.kms.katalon.core.main.ScriptEngine.run(ScriptEngine.java:194)
	at com.kms.katalon.core.main.ScriptEngine.runScriptAsRawText(ScriptEngine.java:119)
	at com.kms.katalon.core.main.TestCaseExecutor.runScript(TestCaseExecutor.java:442)
	at com.kms.katalon.core.main.TestCaseExecutor.doExecute(TestCaseExecutor.java:433)
	at com.kms.katalon.core.main.TestCaseExecutor.processExecutionPhase(TestCaseExecutor.java:412)
	at com.kms.katalon.core.main.TestCaseExecutor.accessMainPhase(TestCaseExecutor.java:404)
	at com.kms.katalon.core.main.TestCaseExecutor.execute(TestCaseExecutor.java:281)
	at com.kms.katalon.core.main.TestSuiteExecutor.accessTestCaseMainPhase(TestSuiteExecutor.java:202)
	at com.kms.katalon.core.main.TestSuiteExecutor.accessTestSuiteMainPhase(TestSuiteExecutor.java:164)
	at com.kms.katalon.core.main.TestSuiteExecutor.execute(TestSuiteExecutor.java:105)
	at com.kms.katalon.core.main.TestCaseMain.startTestSuite(TestCaseMain.java:185)
	at com.kms.katalon.core.main.TestCaseMain$startTestSuite$0.call(Unknown Source)
	at TempTestSuite1645435808844.run(TempTestSuite1645435808844.groovy:36)
Caused by: com.kms.katalon.core.exception.StepFailedException: Text 'Игрок недоступен для выбора' is not present on page 
	at com.kms.katalon.core.webui.keyword.internal.WebUIKeywordMain.stepFailed(WebUIKeywordMain.groovy:64)
	at com.kms.katalon.core.webui.keyword.builtin.VerifyTextPresentKeyword$_verifyTextPresent_closure1.doCall(VerifyTextPresentKeyword.groovy:79)
	at com.kms.katalon.core.webui.keyword.builtin.VerifyTextPresentKeyword$_verifyTextPresent_closure1.call(VerifyTextPresentKeyword.groovy)
	at com.kms.katalon.core.webui.keyword.internal.WebUIKeywordMain.runKeyword(WebUIKeywordMain.groovy:20)
	... 19 more
"/>
         <system-out><![CDATA[2022-02-21 12:35:06 - [TEST_CASE][FAILED] - Test Cases/Тренер/Составы: Test Cases/Тренер/Составы FAILED.
Reason:
com.kms.katalon.core.exception.StepFailedException: Unable to verify text 'Игрок недоступен для выбора' is present 
	at com.kms.katalon.core.webui.keyword.internal.WebUIKeywordMain.stepFailed(WebUIKeywordMain.groovy:64)
	at com.kms.katalon.core.webui.keyword.internal.WebUIKeywordMain.runKeyword(WebUIKeywordMain.groovy:26)
	at com.kms.katalon.core.webui.keyword.builtin.VerifyTextPresentKeyword.verifyTextPresent(VerifyTextPresentKeyword.groovy:83)
	at com.kms.katalon.core.webui.keyword.builtin.VerifyTextPresentKeyword.execute(VerifyTextPresentKeyword.groovy:68)
	at com.kms.katalon.core.keyword.internal.KeywordExecutor.executeKeywordForPlatform(KeywordExecutor.groovy:74)
	at com.kms.katalon.core.webui.keyword.WebUiBuiltInKeywords.verifyTextPresent(WebUiBuiltInKeywords.groovy:1723)
	at com.kms.katalon.core.webui.keyword.WebUiBuiltInKeywords$verifyTextPresent$5.call(Unknown Source)
	at Составы.run(Составы:61)
	at com.kms.katalon.core.main.ScriptEngine.run(ScriptEngine.java:194)
	at com.kms.katalon.core.main.ScriptEngine.runScriptAsRawText(ScriptEngine.java:119)
	at com.kms.katalon.core.main.TestCaseExecutor.runScript(TestCaseExecutor.java:442)
	at com.kms.katalon.core.main.TestCaseExecutor.doExecute(TestCaseExecutor.java:433)
	at com.kms.katalon.core.main.TestCaseExecutor.processExecutionPhase(TestCaseExecutor.java:412)
	at com.kms.katalon.core.main.TestCaseExecutor.accessMainPhase(TestCaseExecutor.java:404)
	at com.kms.katalon.core.main.TestCaseExecutor.execute(TestCaseExecutor.java:281)
	at com.kms.katalon.core.main.TestSuiteExecutor.accessTestCaseMainPhase(TestSuiteExecutor.java:202)
	at com.kms.katalon.core.main.TestSuiteExecutor.accessTestSuiteMainPhase(TestSuiteExecutor.java:164)
	at com.kms.katalon.core.main.TestSuiteExecutor.execute(TestSuiteExecutor.java:105)
	at com.kms.katalon.core.main.TestCaseMain.startTestSuite(TestCaseMain.java:185)
	at com.kms.katalon.core.main.TestCaseMain$startTestSuite$0.call(Unknown Source)
	at TempTestSuite1645435808844.run(TempTestSuite1645435808844.groovy:36)
Caused by: com.kms.katalon.core.exception.StepFailedException: Text 'Игрок недоступен для выбора' is not present on page 
	at com.kms.katalon.core.webui.keyword.internal.WebUIKeywordMain.stepFailed(WebUIKeywordMain.groovy:64)
	at com.kms.katalon.core.webui.keyword.builtin.VerifyTextPresentKeyword$_verifyTextPresent_closure1.doCall(VerifyTextPresentKeyword.groovy:79)
	at com.kms.katalon.core.webui.keyword.builtin.VerifyTextPresentKeyword$_verifyTextPresent_closure1.call(VerifyTextPresentKeyword.groovy)
	at com.kms.katalon.core.webui.keyword.internal.WebUIKeywordMain.runKeyword(WebUIKeywordMain.groovy:20)
	... 19 more


2022-02-21 12:35:07 - [TEST_STEP][PASSED] - callTestCase(findTestCase("Тренер/Авторизация"), [:], STOP_ON_FAILURE): Call Test Case 'Test Cases/Тренер/Авторизация' successfully

2022-02-21 12:35:07 - [TEST_CASE][PASSED] - Test Cases/Тренер/Авторизация: Test Cases/Тренер/Авторизация

2022-02-21 12:35:07 - [TEST_STEP][PASSED] - openBrowser(""): Browser is opened with url: ''

2022-02-21 12:35:07 - [MESSAGE][WARNING] - A browser is already opened. Closing browser and opening a new one

2022-02-21 12:35:07 - [MESSAGE][INFO] - User set preference: ['os', 'linux']

2022-02-21 12:35:07 - [MESSAGE][INFO] - User set preference: ['browserName', 'chrome']

2022-02-21 12:35:07 - [MESSAGE][INFO] - User set preference: ['browserVersion', '97']

2022-02-21 12:35:07 - [MESSAGE][INFO] - User set preference: ['katalon:option', '{organizationId=551240, tunnelId=, usingTunnel=false}']

2022-02-21 12:35:07 - [MESSAGE][INFO] - Connecting to remote web server 'testcloud.katalon.com/hub' with type 'Selenium'

2022-02-21 12:35:07 - [MESSAGE][INFO] - Action delay is set to 100 milliseconds

2022-02-21 12:37:00 - [MESSAGE][PASSED] - Browser is opened with url: ''

2022-02-21 12:37:00 - [TEST_STEP][PASSED] - maximizeWindow(): Current window maximized

2022-02-21 12:37:00 - [MESSAGE][PASSED] - Current window maximized

2022-02-21 12:37:00 - [TEST_STEP][PASSED] - navigateToUrl(url): Navigate to 'https://stars-stage.hawk.ru:8080' successfully

2022-02-21 12:37:07 - [MESSAGE][PASSED] - Navigate to 'https://stars-stage.hawk.ru:8080' successfully

2022-02-21 12:37:07 - [TEST_STEP][PASSED] - setText(findTestObject("Object Repository/manager/Page_/input__sc-lnrBVv eqPACj"), coach_login): Text 'levashev.ps@hc-avangard.com' is set on object 'Object Repository/manager/Page_/input__sc-lnrBVv eqPACj'

2022-02-21 12:37:11 - [MESSAGE][PASSED] - Text 'levashev.ps@hc-avangard.com' is set on object 'Object Repository/manager/Page_/input__sc-lnrBVv eqPACj'

2022-02-21 12:37:11 - [TEST_STEP][PASSED] - setText(findTestObject("Object Repository/manager/Page_/input__sc-lnrBVv eqPACj_1"), coach_password): Text 'Darden41087' is set on object 'Object Repository/manager/Page_/input__sc-lnrBVv eqPACj_1'

2022-02-21 12:37:19 - [MESSAGE][PASSED] - Text 'Darden41087' is set on object 'Object Repository/manager/Page_/input__sc-lnrBVv eqPACj_1'

2022-02-21 12:37:19 - [TEST_STEP][PASSED] - click(findTestObject("manager/Page_/go")): Object: 'Object Repository/manager/Page_/go' is clicked on

2022-02-21 12:37:21 - [MESSAGE][PASSED] - Object: 'Object Repository/manager/Page_/go' is clicked on

2022-02-21 12:37:21 - [MESSAGE][PASSED] - Call Test Case 'Test Cases/Тренер/Авторизация' successfully

2022-02-21 12:37:21 - [TEST_STEP][PASSED] - click(findTestObject("Avangard New/Object (Тренер)/Case (Составы)/lines")): Object: 'Object Repository/Avangard New/Object (Тренер)/Case (Составы)/lines' is clicked on

2022-02-21 12:37:33 - [MESSAGE][PASSED] - Object: 'Object Repository/Avangard New/Object (Тренер)/Case (Составы)/lines' is clicked on

2022-02-21 12:37:33 - [TEST_STEP][PASSED] - click(findTestObject("Avangard New/Object (Тренер)/Case (Составы)/clear")): Object: 'Object Repository/Avangard New/Object (Тренер)/Case (Составы)/clear' is clicked on

2022-02-21 12:37:43 - [MESSAGE][PASSED] - Object: 'Object Repository/Avangard New/Object (Тренер)/Case (Составы)/clear' is clicked on

2022-02-21 12:37:43 - [TEST_STEP][PASSED] - click(findTestObject("Avangard New/Object (Тренер)/Case (Составы)/button_yes")): Object: 'Object Repository/Avangard New/Object (Тренер)/Case (Составы)/button_yes' is clicked on

2022-02-21 12:37:45 - [MESSAGE][PASSED] - Object: 'Object Repository/Avangard New/Object (Тренер)/Case (Составы)/button_yes' is clicked on

2022-02-21 12:37:45 - [TEST_STEP][PASSED] - click(findTestObject("Avangard New/Object (Тренер)/Case (Составы)/choice_player")): Object: 'Object Repository/Avangard New/Object (Тренер)/Case (Составы)/choice_player' is clicked on

2022-02-21 12:37:49 - [MESSAGE][PASSED] - Object: 'Object Repository/Avangard New/Object (Тренер)/Case (Составы)/choice_player' is clicked on

2022-02-21 12:37:49 - [TEST_STEP][PASSED] - click(findTestObject("Avangard New/Object (Тренер)/Case (Составы)/line_position")): Object: 'Object Repository/Avangard New/Object (Тренер)/Case (Составы)/line_position' is clicked on

2022-02-21 12:37:51 - [MESSAGE][PASSED] - Object: 'Object Repository/Avangard New/Object (Тренер)/Case (Составы)/line_position' is clicked on

2022-02-21 12:37:51 - [TEST_STEP][PASSED] - click(findTestObject("Avangard New/Object (Тренер)/Case (Составы)/player 1")): Object: 'Object Repository/Avangard New/Object (Тренер)/Case (Составы)/player 1' is clicked on

2022-02-21 12:37:54 - [MESSAGE][PASSED] - Object: 'Object Repository/Avangard New/Object (Тренер)/Case (Составы)/player 1' is clicked on

2022-02-21 12:37:54 - [TEST_STEP][PASSED] - click(findTestObject("Avangard New/Object (Тренер)/Case (Составы)/pos2")): Object: 'Object Repository/Avangard New/Object (Тренер)/Case (Составы)/pos2' is clicked on

2022-02-21 12:37:57 - [MESSAGE][PASSED] - Object: 'Object Repository/Avangard New/Object (Тренер)/Case (Составы)/pos2' is clicked on

2022-02-21 12:37:57 - [TEST_STEP][PASSED] - scrollToElement(findTestObject("Avangard New/Object (Тренер)/Case (Составы)/player3"), 0): Scroll to object 'Object Repository/Avangard New/Object (Тренер)/Case (Составы)/player3' successfully

2022-02-21 12:37:57 - [MESSAGE][WARNING] - Timeout '0' is invalid. Using default page load timeout: '30'

2022-02-21 12:37:59 - [MESSAGE][PASSED] - Scroll to object 'Object Repository/Avangard New/Object (Тренер)/Case (Составы)/player3' successfully

2022-02-21 12:37:59 - [TEST_STEP][PASSED] - click(findTestObject("Avangard New/Object (Тренер)/Case (Составы)/player3")): Object: 'Object Repository/Avangard New/Object (Тренер)/Case (Составы)/player3' is clicked on

2022-02-21 12:38:02 - [MESSAGE][PASSED] - Object: 'Object Repository/Avangard New/Object (Тренер)/Case (Составы)/player3' is clicked on

2022-02-21 12:38:02 - [TEST_STEP][PASSED] - click(findTestObject("Avangard New/Object (Тренер)/Case (Составы)/po3")): Object: 'Object Repository/Avangard New/Object (Тренер)/Case (Составы)/po3' is clicked on

2022-02-21 12:38:05 - [MESSAGE][PASSED] - Object: 'Object Repository/Avangard New/Object (Тренер)/Case (Составы)/po3' is clicked on

2022-02-21 12:38:05 - [TEST_STEP][PASSED] - scrollToElement(findTestObject("Avangard New/Object (Тренер)/Case (Составы)/player4"), 0): Scroll to object 'Object Repository/Avangard New/Object (Тренер)/Case (Составы)/player4' successfully

2022-02-21 12:38:05 - [MESSAGE][WARNING] - Timeout '0' is invalid. Using default page load timeout: '30'

2022-02-21 12:38:07 - [MESSAGE][PASSED] - Scroll to object 'Object Repository/Avangard New/Object (Тренер)/Case (Составы)/player4' successfully

2022-02-21 12:38:07 - [TEST_STEP][PASSED] - click(findTestObject("Avangard New/Object (Тренер)/Case (Составы)/player4")): Object: 'Object Repository/Avangard New/Object (Тренер)/Case (Составы)/player4' is clicked on

2022-02-21 12:38:09 - [MESSAGE][PASSED] - Object: 'Object Repository/Avangard New/Object (Тренер)/Case (Составы)/player4' is clicked on

2022-02-21 12:38:09 - [TEST_STEP][PASSED] - click(findTestObject("Avangard New/Object (Тренер)/Case (Составы)/pos4")): Object: 'Object Repository/Avangard New/Object (Тренер)/Case (Составы)/pos4' is clicked on

2022-02-21 12:38:11 - [MESSAGE][PASSED] - Object: 'Object Repository/Avangard New/Object (Тренер)/Case (Составы)/pos4' is clicked on

2022-02-21 12:38:11 - [TEST_STEP][PASSED] - click(findTestObject("Avangard New/Object (Тренер)/Case (Составы)/player5")): Object: 'Object Repository/Avangard New/Object (Тренер)/Case (Составы)/player5' is clicked on

2022-02-21 12:38:14 - [MESSAGE][PASSED] - Object: 'Object Repository/Avangard New/Object (Тренер)/Case (Составы)/player5' is clicked on

2022-02-21 12:38:14 - [TEST_STEP][FAILED] - verifyTextPresent("Игрок недоступен для выбора", false): Unable to verify text 'Игрок недоступен для выбора' is present  (Root cause: com.kms.katalon.core.exception.StepFailedException: Unable to verify text 'Игрок недоступен для выбора' is present 
	at com.kms.katalon.core.webui.keyword.internal.WebUIKeywordMain.stepFailed(WebUIKeywordMain.groovy:64)
	at com.kms.katalon.core.webui.keyword.internal.WebUIKeywordMain.runKeyword(WebUIKeywordMain.groovy:26)
	at com.kms.katalon.core.webui.keyword.builtin.VerifyTextPresentKeyword.verifyTextPresent(VerifyTextPresentKeyword.groovy:83)
	at com.kms.katalon.core.webui.keyword.builtin.VerifyTextPresentKeyword.execute(VerifyTextPresentKeyword.groovy:68)
	at com.kms.katalon.core.keyword.internal.KeywordExecutor.executeKeywordForPlatform(KeywordExecutor.groovy:74)
	at com.kms.katalon.core.webui.keyword.WebUiBuiltInKeywords.verifyTextPresent(WebUiBuiltInKeywords.groovy:1723)
	at com.kms.katalon.core.webui.keyword.WebUiBuiltInKeywords$verifyTextPresent$5.call(Unknown Source)
	at Составы.run(Составы:61)
	at com.kms.katalon.core.main.ScriptEngine.run(ScriptEngine.java:194)
	at com.kms.katalon.core.main.ScriptEngine.runScriptAsRawText(ScriptEngine.java:119)
	at com.kms.katalon.core.main.TestCaseExecutor.runScript(TestCaseExecutor.java:442)
	at com.kms.katalon.core.main.TestCaseExecutor.doExecute(TestCaseExecutor.java:433)
	at com.kms.katalon.core.main.TestCaseExecutor.processExecutionPhase(TestCaseExecutor.java:412)
	at com.kms.katalon.core.main.TestCaseExecutor.accessMainPhase(TestCaseExecutor.java:404)
	at com.kms.katalon.core.main.TestCaseExecutor.execute(TestCaseExecutor.java:281)
	at com.kms.katalon.core.main.TestSuiteExecutor.accessTestCaseMainPhase(TestSuiteExecutor.java:202)
	at com.kms.katalon.core.main.TestSuiteExecutor.accessTestSuiteMainPhase(TestSuiteExecutor.java:164)
	at com.kms.katalon.core.main.TestSuiteExecutor.execute(TestSuiteExecutor.java:105)
	at com.kms.katalon.core.main.TestCaseMain.startTestSuite(TestCaseMain.java:185)
	at com.kms.katalon.core.main.TestCaseMain$startTestSuite$0.call(Unknown Source)
	at TempTestSuite1645435808844.run(TempTestSuite1645435808844.groovy:36)
Caused by: com.kms.katalon.core.exception.StepFailedException: Text 'Игрок недоступен для выбора' is not present on page 
	at com.kms.katalon.core.webui.keyword.internal.WebUIKeywordMain.stepFailed(WebUIKeywordMain.groovy:64)
	at com.kms.katalon.core.webui.keyword.builtin.VerifyTextPresentKeyword$_verifyTextPresent_closure1.doCall(VerifyTextPresentKeyword.groovy:79)
	at com.kms.katalon.core.webui.keyword.builtin.VerifyTextPresentKeyword$_verifyTextPresent_closure1.call(VerifyTextPresentKeyword.groovy)
	at com.kms.katalon.core.webui.keyword.internal.WebUIKeywordMain.runKeyword(WebUIKeywordMain.groovy:20)
	... 19 more
)

2022-02-21 12:38:17 - [MESSAGE][FAILED] - Text 'Игрок недоступен для выбора' is not present on page  (Root cause: com.kms.katalon.core.exception.StepFailedException: Text 'Игрок недоступен для выбора' is not present on page 
	at com.kms.katalon.core.webui.keyword.internal.WebUIKeywordMain.stepFailed(WebUIKeywordMain.groovy:64)
	at com.kms.katalon.core.webui.keyword.builtin.VerifyTextPresentKeyword$_verifyTextPresent_closure1.doCall(VerifyTextPresentKeyword.groovy:79)
	at com.kms.katalon.core.webui.keyword.builtin.VerifyTextPresentKeyword$_verifyTextPresent_closure1.call(VerifyTextPresentKeyword.groovy)
	at com.kms.katalon.core.webui.keyword.internal.WebUIKeywordMain.runKeyword(WebUIKeywordMain.groovy:20)
	at com.kms.katalon.core.webui.keyword.builtin.VerifyTextPresentKeyword.verifyTextPresent(VerifyTextPresentKeyword.groovy:83)
	at com.kms.katalon.core.webui.keyword.builtin.VerifyTextPresentKeyword.execute(VerifyTextPresentKeyword.groovy:68)
	at com.kms.katalon.core.keyword.internal.KeywordExecutor.executeKeywordForPlatform(KeywordExecutor.groovy:74)
	at com.kms.katalon.core.webui.keyword.WebUiBuiltInKeywords.verifyTextPresent(WebUiBuiltInKeywords.groovy:1723)
	at com.kms.katalon.core.webui.keyword.WebUiBuiltInKeywords$verifyTextPresent$5.call(Unknown Source)
	at Составы.run(Составы:61)
	at com.kms.katalon.core.main.ScriptEngine.run(ScriptEngine.java:194)
	at com.kms.katalon.core.main.ScriptEngine.runScriptAsRawText(ScriptEngine.java:119)
	at com.kms.katalon.core.main.TestCaseExecutor.runScript(TestCaseExecutor.java:442)
	at com.kms.katalon.core.main.TestCaseExecutor.doExecute(TestCaseExecutor.java:433)
	at com.kms.katalon.core.main.TestCaseExecutor.processExecutionPhase(TestCaseExecutor.java:412)
	at com.kms.katalon.core.main.TestCaseExecutor.accessMainPhase(TestCaseExecutor.java:404)
	at com.kms.katalon.core.main.TestCaseExecutor.execute(TestCaseExecutor.java:281)
	at com.kms.katalon.core.main.TestSuiteExecutor.accessTestCaseMainPhase(TestSuiteExecutor.java:202)
	at com.kms.katalon.core.main.TestSuiteExecutor.accessTestSuiteMainPhase(TestSuiteExecutor.java:164)
	at com.kms.katalon.core.main.TestSuiteExecutor.execute(TestSuiteExecutor.java:105)
	at com.kms.katalon.core.main.TestCaseMain.startTestSuite(TestCaseMain.java:185)
	at com.kms.katalon.core.main.TestCaseMain$startTestSuite$0.call(Unknown Source)
	at TempTestSuite1645435808844.run(TempTestSuite1645435808844.groovy:36)
)

2022-02-21 12:38:37 - [MESSAGE][FAILED] - Unable to verify text 'Игрок недоступен для выбора' is present  (Root cause: com.kms.katalon.core.exception.StepFailedException: Unable to verify text 'Игрок недоступен для выбора' is present 
	at com.kms.katalon.core.webui.keyword.internal.WebUIKeywordMain.stepFailed(WebUIKeywordMain.groovy:64)
	at com.kms.katalon.core.webui.keyword.internal.WebUIKeywordMain.runKeyword(WebUIKeywordMain.groovy:26)
	at com.kms.katalon.core.webui.keyword.builtin.VerifyTextPresentKeyword.verifyTextPresent(VerifyTextPresentKeyword.groovy:83)
	at com.kms.katalon.core.webui.keyword.builtin.VerifyTextPresentKeyword.execute(VerifyTextPresentKeyword.groovy:68)
	at com.kms.katalon.core.keyword.internal.KeywordExecutor.executeKeywordForPlatform(KeywordExecutor.groovy:74)
	at com.kms.katalon.core.webui.keyword.WebUiBuiltInKeywords.verifyTextPresent(WebUiBuiltInKeywords.groovy:1723)
	at com.kms.katalon.core.webui.keyword.WebUiBuiltInKeywords$verifyTextPresent$5.call(Unknown Source)
	at Составы.run(Составы:61)
	at com.kms.katalon.core.main.ScriptEngine.run(ScriptEngine.java:194)
	at com.kms.katalon.core.main.ScriptEngine.runScriptAsRawText(ScriptEngine.java:119)
	at com.kms.katalon.core.main.TestCaseExecutor.runScript(TestCaseExecutor.java:442)
	at com.kms.katalon.core.main.TestCaseExecutor.doExecute(TestCaseExecutor.java:433)
	at com.kms.katalon.core.main.TestCaseExecutor.processExecutionPhase(TestCaseExecutor.java:412)
	at com.kms.katalon.core.main.TestCaseExecutor.accessMainPhase(TestCaseExecutor.java:404)
	at com.kms.katalon.core.main.TestCaseExecutor.execute(TestCaseExecutor.java:281)
	at com.kms.katalon.core.main.TestSuiteExecutor.accessTestCaseMainPhase(TestSuiteExecutor.java:202)
	at com.kms.katalon.core.main.TestSuiteExecutor.accessTestSuiteMainPhase(TestSuiteExecutor.java:164)
	at com.kms.katalon.core.main.TestSuiteExecutor.execute(TestSuiteExecutor.java:105)
	at com.kms.katalon.core.main.TestCaseMain.startTestSuite(TestCaseMain.java:185)
	at com.kms.katalon.core.main.TestCaseMain$startTestSuite$0.call(Unknown Source)
	at TempTestSuite1645435808844.run(TempTestSuite1645435808844.groovy:36)
Caused by: com.kms.katalon.core.exception.StepFailedException: Text 'Игрок недоступен для выбора' is not present on page 
	at com.kms.katalon.core.webui.keyword.internal.WebUIKeywordMain.stepFailed(WebUIKeywordMain.groovy:64)
	at com.kms.katalon.core.webui.keyword.builtin.VerifyTextPresentKeyword$_verifyTextPresent_closure1.doCall(VerifyTextPresentKeyword.groovy:79)
	at com.kms.katalon.core.webui.keyword.builtin.VerifyTextPresentKeyword$_verifyTextPresent_closure1.call(VerifyTextPresentKeyword.groovy)
	at com.kms.katalon.core.webui.keyword.internal.WebUIKeywordMain.runKeyword(WebUIKeywordMain.groovy:20)
	... 19 more
)
[[ATTACHMENT|C:\\Users\\LENOVO\\Katalon Studio\\Project Avangard\\Reports\\20220221_122957\\\u0422\u0440\u0435\u043D\u0435\u0440\\20220221_123008\\1645436297516.png]]]]></system-out>
         <system-err><![CDATA[2022-02-21 12:35:06 - [TEST_CASE][FAILED] - Test Cases/Тренер/Составы: Test Cases/Тренер/Составы FAILED.
Reason:
com.kms.katalon.core.exception.StepFailedException: Unable to verify text 'Игрок недоступен для выбора' is present 
	at com.kms.katalon.core.webui.keyword.internal.WebUIKeywordMain.stepFailed(WebUIKeywordMain.groovy:64)
	at com.kms.katalon.core.webui.keyword.internal.WebUIKeywordMain.runKeyword(WebUIKeywordMain.groovy:26)
	at com.kms.katalon.core.webui.keyword.builtin.VerifyTextPresentKeyword.verifyTextPresent(VerifyTextPresentKeyword.groovy:83)
	at com.kms.katalon.core.webui.keyword.builtin.VerifyTextPresentKeyword.execute(VerifyTextPresentKeyword.groovy:68)
	at com.kms.katalon.core.keyword.internal.KeywordExecutor.executeKeywordForPlatform(KeywordExecutor.groovy:74)
	at com.kms.katalon.core.webui.keyword.WebUiBuiltInKeywords.verifyTextPresent(WebUiBuiltInKeywords.groovy:1723)
	at com.kms.katalon.core.webui.keyword.WebUiBuiltInKeywords$verifyTextPresent$5.call(Unknown Source)
	at Составы.run(Составы:61)
	at com.kms.katalon.core.main.ScriptEngine.run(ScriptEngine.java:194)
	at com.kms.katalon.core.main.ScriptEngine.runScriptAsRawText(ScriptEngine.java:119)
	at com.kms.katalon.core.main.TestCaseExecutor.runScript(TestCaseExecutor.java:442)
	at com.kms.katalon.core.main.TestCaseExecutor.doExecute(TestCaseExecutor.java:433)
	at com.kms.katalon.core.main.TestCaseExecutor.processExecutionPhase(TestCaseExecutor.java:412)
	at com.kms.katalon.core.main.TestCaseExecutor.accessMainPhase(TestCaseExecutor.java:404)
	at com.kms.katalon.core.main.TestCaseExecutor.execute(TestCaseExecutor.java:281)
	at com.kms.katalon.core.main.TestSuiteExecutor.accessTestCaseMainPhase(TestSuiteExecutor.java:202)
	at com.kms.katalon.core.main.TestSuiteExecutor.accessTestSuiteMainPhase(TestSuiteExecutor.java:164)
	at com.kms.katalon.core.main.TestSuiteExecutor.execute(TestSuiteExecutor.java:105)
	at com.kms.katalon.core.main.TestCaseMain.startTestSuite(TestCaseMain.java:185)
	at com.kms.katalon.core.main.TestCaseMain$startTestSuite$0.call(Unknown Source)
	at TempTestSuite1645435808844.run(TempTestSuite1645435808844.groovy:36)
Caused by: com.kms.katalon.core.exception.StepFailedException: Text 'Игрок недоступен для выбора' is not present on page 
	at com.kms.katalon.core.webui.keyword.internal.WebUIKeywordMain.stepFailed(WebUIKeywordMain.groovy:64)
	at com.kms.katalon.core.webui.keyword.builtin.VerifyTextPresentKeyword$_verifyTextPresent_closure1.doCall(VerifyTextPresentKeyword.groovy:79)
	at com.kms.katalon.core.webui.keyword.builtin.VerifyTextPresentKeyword$_verifyTextPresent_closure1.call(VerifyTextPresentKeyword.groovy)
	at com.kms.katalon.core.webui.keyword.internal.WebUIKeywordMain.runKeyword(WebUIKeywordMain.groovy:20)
	... 19 more]]></system-err>
      </testcase>
      <testcase name="Test Cases/Тренер/Профиль Тренера" time="93.375" classname="Test Cases/Тренер/Профиль Тренера" status="PASSED">
         <system-out><![CDATA[2022-02-21 12:38:39 - [TEST_CASE][PASSED] - Test Cases/Тренер/Профиль Тренера: Test Cases/Тренер/Профиль Тренера

2022-02-21 12:38:39 - [TEST_STEP][PASSED] - callTestCase(findTestCase("Тренер/Авторизация"), [:], STOP_ON_FAILURE): Call Test Case 'Test Cases/Тренер/Авторизация' successfully

2022-02-21 12:38:39 - [TEST_CASE][PASSED] - Test Cases/Тренер/Авторизация: Test Cases/Тренер/Авторизация

2022-02-21 12:38:39 - [TEST_STEP][PASSED] - openBrowser(""): Browser is opened with url: ''

2022-02-21 12:38:39 - [MESSAGE][WARNING] - A browser is already opened. Closing browser and opening a new one

2022-02-21 12:38:40 - [MESSAGE][INFO] - User set preference: ['os', 'linux']

2022-02-21 12:38:40 - [MESSAGE][INFO] - User set preference: ['browserName', 'chrome']

2022-02-21 12:38:40 - [MESSAGE][INFO] - User set preference: ['browserVersion', '97']

2022-02-21 12:38:40 - [MESSAGE][INFO] - User set preference: ['katalon:option', '{organizationId=551240, tunnelId=, usingTunnel=false}']

2022-02-21 12:38:40 - [MESSAGE][INFO] - Connecting to remote web server 'testcloud.katalon.com/hub' with type 'Selenium'

2022-02-21 12:38:40 - [MESSAGE][INFO] - Action delay is set to 100 milliseconds

2022-02-21 12:39:32 - [MESSAGE][PASSED] - Browser is opened with url: ''

2022-02-21 12:39:32 - [TEST_STEP][PASSED] - maximizeWindow(): Current window maximized

2022-02-21 12:39:32 - [MESSAGE][PASSED] - Current window maximized

2022-02-21 12:39:32 - [TEST_STEP][PASSED] - navigateToUrl(url): Navigate to 'https://stars-stage.hawk.ru:8080' successfully

2022-02-21 12:39:39 - [MESSAGE][PASSED] - Navigate to 'https://stars-stage.hawk.ru:8080' successfully

2022-02-21 12:39:39 - [TEST_STEP][PASSED] - setText(findTestObject("Object Repository/manager/Page_/input__sc-lnrBVv eqPACj"), coach_login): Text 'levashev.ps@hc-avangard.com' is set on object 'Object Repository/manager/Page_/input__sc-lnrBVv eqPACj'

2022-02-21 12:39:43 - [MESSAGE][PASSED] - Text 'levashev.ps@hc-avangard.com' is set on object 'Object Repository/manager/Page_/input__sc-lnrBVv eqPACj'

2022-02-21 12:39:43 - [TEST_STEP][PASSED] - setText(findTestObject("Object Repository/manager/Page_/input__sc-lnrBVv eqPACj_1"), coach_password): Text 'Darden41087' is set on object 'Object Repository/manager/Page_/input__sc-lnrBVv eqPACj_1'

2022-02-21 12:39:49 - [MESSAGE][PASSED] - Text 'Darden41087' is set on object 'Object Repository/manager/Page_/input__sc-lnrBVv eqPACj_1'

2022-02-21 12:39:49 - [TEST_STEP][PASSED] - click(findTestObject("manager/Page_/go")): Object: 'Object Repository/manager/Page_/go' is clicked on

2022-02-21 12:39:51 - [MESSAGE][PASSED] - Object: 'Object Repository/manager/Page_/go' is clicked on

2022-02-21 12:39:51 - [MESSAGE][PASSED] - Call Test Case 'Test Cases/Тренер/Авторизация' successfully

2022-02-21 12:39:51 - [TEST_STEP][PASSED] - click(findTestObject("Object Repository/ТРЕНЕР/reports/IMT/Page_/Page_/div_ (1)")): Object: 'Object Repository/ТРЕНЕР/reports/IMT/Page_/Page_/div_ (1)' is clicked on

2022-02-21 12:40:03 - [MESSAGE][PASSED] - Object: 'Object Repository/ТРЕНЕР/reports/IMT/Page_/Page_/div_ (1)' is clicked on

2022-02-21 12:40:03 - [TEST_STEP][PASSED] - click(findTestObject("Object Repository/ТРЕНЕР/reports/IMT/Page_/Page_/save")): Object: 'Object Repository/ТРЕНЕР/reports/IMT/Page_/Page_/save' is clicked on

2022-02-21 12:40:06 - [MESSAGE][PASSED] - Object: 'Object Repository/ТРЕНЕР/reports/IMT/Page_/Page_/save' is clicked on

2022-02-21 12:40:06 - [TEST_STEP][PASSED] - verifyTextPresent("Пользователь сохранен", false): Text 'Пользователь сохранен' is present on page 

2022-02-21 12:40:09 - [MESSAGE][PASSED] - Text 'Пользователь сохранен' is present on page 

2022-02-21 12:40:09 - [TEST_STEP][PASSED] - click(findTestObject("Object Repository/ТРЕНЕР/reports/IMT/Page_/Page_/root")): Object: 'Object Repository/ТРЕНЕР/reports/IMT/Page_/Page_/root' is clicked on

2022-02-21 12:40:12 - [MESSAGE][PASSED] - Object: 'Object Repository/ТРЕНЕР/reports/IMT/Page_/Page_/root' is clicked on

2022-02-21 12:40:12 - [TEST_STEP][PASSED] - closeBrowser(): Browser is closed

2022-02-21 12:40:12 - [MESSAGE][PASSED] - Browser is closed]]></system-out>
         <system-err><![CDATA[]]></system-err>
      </testcase>
      <testcase name="Test Cases/Тренер/Статистика" time="140.051" classname="Test Cases/Тренер/Статистика" status="PASSED">
         <system-out><![CDATA[2022-02-21 12:40:12 - [TEST_CASE][PASSED] - Test Cases/Тренер/Статистика: Test Cases/Тренер/Статистика

2022-02-21 12:40:12 - [TEST_STEP][PASSED] - callTestCase(findTestCase("Тренер/Авторизация"), [:], STOP_ON_FAILURE): Call Test Case 'Test Cases/Тренер/Авторизация' successfully

2022-02-21 12:40:12 - [TEST_CASE][PASSED] - Test Cases/Тренер/Авторизация: Test Cases/Тренер/Авторизация

2022-02-21 12:40:12 - [TEST_STEP][PASSED] - openBrowser(""): Browser is opened with url: ''

2022-02-21 12:40:12 - [MESSAGE][INFO] - User set preference: ['os', 'linux']

2022-02-21 12:40:12 - [MESSAGE][INFO] - User set preference: ['browserName', 'chrome']

2022-02-21 12:40:12 - [MESSAGE][INFO] - User set preference: ['browserVersion', '97']

2022-02-21 12:40:12 - [MESSAGE][INFO] - User set preference: ['katalon:option', '{organizationId=551240, tunnelId=, usingTunnel=false}']

2022-02-21 12:40:12 - [MESSAGE][INFO] - Connecting to remote web server 'testcloud.katalon.com/hub' with type 'Selenium'

2022-02-21 12:40:12 - [MESSAGE][INFO] - Action delay is set to 100 milliseconds

2022-02-21 12:41:46 - [MESSAGE][PASSED] - Browser is opened with url: ''

2022-02-21 12:41:46 - [TEST_STEP][PASSED] - maximizeWindow(): Current window maximized

2022-02-21 12:41:46 - [MESSAGE][PASSED] - Current window maximized

2022-02-21 12:41:46 - [TEST_STEP][PASSED] - navigateToUrl(url): Navigate to 'https://stars-stage.hawk.ru:8080' successfully

2022-02-21 12:41:52 - [MESSAGE][PASSED] - Navigate to 'https://stars-stage.hawk.ru:8080' successfully

2022-02-21 12:41:52 - [TEST_STEP][PASSED] - setText(findTestObject("Object Repository/manager/Page_/input__sc-lnrBVv eqPACj"), coach_login): Text 'levashev.ps@hc-avangard.com' is set on object 'Object Repository/manager/Page_/input__sc-lnrBVv eqPACj'

2022-02-21 12:41:56 - [MESSAGE][PASSED] - Text 'levashev.ps@hc-avangard.com' is set on object 'Object Repository/manager/Page_/input__sc-lnrBVv eqPACj'

2022-02-21 12:41:56 - [TEST_STEP][PASSED] - setText(findTestObject("Object Repository/manager/Page_/input__sc-lnrBVv eqPACj_1"), coach_password): Text 'Darden41087' is set on object 'Object Repository/manager/Page_/input__sc-lnrBVv eqPACj_1'

2022-02-21 12:42:01 - [MESSAGE][PASSED] - Text 'Darden41087' is set on object 'Object Repository/manager/Page_/input__sc-lnrBVv eqPACj_1'

2022-02-21 12:42:01 - [TEST_STEP][PASSED] - click(findTestObject("manager/Page_/go")): Object: 'Object Repository/manager/Page_/go' is clicked on

2022-02-21 12:42:03 - [MESSAGE][PASSED] - Object: 'Object Repository/manager/Page_/go' is clicked on

2022-02-21 12:42:03 - [MESSAGE][PASSED] - Call Test Case 'Test Cases/Тренер/Авторизация' successfully

2022-02-21 12:42:03 - [TEST_STEP][PASSED] - click(findTestObject("Object Repository/Avangard New/Object (Тренер)/Case (Статистика)/report")): Object: 'Object Repository/Avangard New/Object (Тренер)/Case (Статистика)/report' is clicked on

2022-02-21 12:42:17 - [MESSAGE][PASSED] - Object: 'Object Repository/Avangard New/Object (Тренер)/Case (Статистика)/report' is clicked on

2022-02-21 12:42:17 - [TEST_STEP][PASSED] - click(findTestObject("Object Repository/Avangard New/Object (Тренер)/Case (Статистика)/statsreport")): Object: 'Object Repository/Avangard New/Object (Тренер)/Case (Статистика)/statsreport' is clicked on

2022-02-21 12:42:19 - [MESSAGE][PASSED] - Object: 'Object Repository/Avangard New/Object (Тренер)/Case (Статистика)/statsreport' is clicked on

2022-02-21 12:42:19 - [TEST_STEP][PASSED] - click(findTestObject("Object Repository/Avangard New/Object (Тренер)/Case (Статистика)/team")): Object: 'Object Repository/Avangard New/Object (Тренер)/Case (Статистика)/team' is clicked on

2022-02-21 12:42:22 - [MESSAGE][PASSED] - Object: 'Object Repository/Avangard New/Object (Тренер)/Case (Статистика)/team' is clicked on

2022-02-21 12:42:22 - [TEST_STEP][PASSED] - click(findTestObject("Object Repository/Avangard New/Object (Тренер)/Case (Статистика)/oms")): Object: 'Object Repository/Avangard New/Object (Тренер)/Case (Статистика)/oms' is clicked on

2022-02-21 12:42:24 - [MESSAGE][PASSED] - Object: 'Object Repository/Avangard New/Object (Тренер)/Case (Статистика)/oms' is clicked on

2022-02-21 12:42:24 - [TEST_STEP][PASSED] - verifyElementText(findTestObject("Avangard New/Object (Тренер)/Case (Статистика)/rank"), "Ранг"): Actual text and expected text of test object 'Object Repository/Avangard New/Object (Тренер)/Case (Статистика)/rank' are matched.

2022-02-21 12:42:27 - [MESSAGE][PASSED] - Actual text and expected text of test object 'Object Repository/Avangard New/Object (Тренер)/Case (Статистика)/rank' are matched.

2022-02-21 12:42:27 - [TEST_STEP][PASSED] - verifyElementText(findTestObject("Avangard New/Object (Тренер)/Case (Статистика)/match"), "Матчи"): Actual text and expected text of test object 'Object Repository/Avangard New/Object (Тренер)/Case (Статистика)/match' are matched.

2022-02-21 12:42:29 - [MESSAGE][PASSED] - Actual text and expected text of test object 'Object Repository/Avangard New/Object (Тренер)/Case (Статистика)/match' are matched.

2022-02-21 12:42:29 - [TEST_STEP][PASSED] - verifyElementText(findTestObject("Avangard New/Object (Тренер)/Case (Статистика)/game time"), "Игр. время"): Actual text and expected text of test object 'Object Repository/Avangard New/Object (Тренер)/Case (Статистика)/game time' are matched.

2022-02-21 12:42:32 - [MESSAGE][PASSED] - Actual text and expected text of test object 'Object Repository/Avangard New/Object (Тренер)/Case (Статистика)/game time' are matched.

2022-02-21 12:42:32 - [TEST_STEP][PASSED] - closeBrowser(): Browser is closed

2022-02-21 12:42:32 - [MESSAGE][PASSED] - Browser is closed]]></system-out>
         <system-err><![CDATA[]]></system-err>
      </testcase>
      <testcase name="Test Cases/Тренер/Оценка навыков" time="179.716" classname="Test Cases/Тренер/Оценка навыков" status="FAILED">
         <failure type="FAILED" message="Test Cases/Тренер/Оценка навыков FAILED.
Reason:
com.kms.katalon.core.exception.StepFailedException: Verify element text of test object 'Object Repository/Avangard New/Object (Тренер)/Case (Оценка навыков)/alert home add' FAILED.
	at com.kms.katalon.core.webui.keyword.internal.WebUIKeywordMain.stepFailed(WebUIKeywordMain.groovy:64)
	at com.kms.katalon.core.webui.keyword.internal.WebUIKeywordMain.runKeyword(WebUIKeywordMain.groovy:26)
	at com.kms.katalon.core.webui.keyword.builtin.VerifyElementTextKeyword.verifyElementText(VerifyElementTextKeyword.groovy:72)
	at com.kms.katalon.core.webui.keyword.builtin.VerifyElementTextKeyword.execute(VerifyElementTextKeyword.groovy:40)
	at com.kms.katalon.core.keyword.internal.KeywordExecutor.executeKeywordForPlatform(KeywordExecutor.groovy:74)
	at com.kms.katalon.core.webui.keyword.WebUiBuiltInKeywords.verifyElementText(WebUiBuiltInKeywords.groovy:4749)
	at com.kms.katalon.core.webui.keyword.WebUiBuiltInKeywords$verifyElementText$7.call(Unknown Source)
	at Оценка навыков.run(Оценка навыков:34)
	at com.kms.katalon.core.main.ScriptEngine.run(ScriptEngine.java:194)
	at com.kms.katalon.core.main.ScriptEngine.runScriptAsRawText(ScriptEngine.java:119)
	at com.kms.katalon.core.main.TestCaseExecutor.runScript(TestCaseExecutor.java:442)
	at com.kms.katalon.core.main.TestCaseExecutor.doExecute(TestCaseExecutor.java:433)
	at com.kms.katalon.core.main.TestCaseExecutor.processExecutionPhase(TestCaseExecutor.java:412)
	at com.kms.katalon.core.main.TestCaseExecutor.accessMainPhase(TestCaseExecutor.java:404)
	at com.kms.katalon.core.main.TestCaseExecutor.execute(TestCaseExecutor.java:281)
	at com.kms.katalon.core.main.TestSuiteExecutor.accessTestCaseMainPhase(TestSuiteExecutor.java:202)
	at com.kms.katalon.core.main.TestSuiteExecutor.accessTestSuiteMainPhase(TestSuiteExecutor.java:164)
	at com.kms.katalon.core.main.TestSuiteExecutor.execute(TestSuiteExecutor.java:105)
	at com.kms.katalon.core.main.TestCaseMain.startTestSuite(TestCaseMain.java:185)
	at com.kms.katalon.core.main.TestCaseMain$startTestSuite$0.call(Unknown Source)
	at TempTestSuite1645435808844.run(TempTestSuite1645435808844.groovy:36)
Caused by: com.kms.katalon.core.exception.StepFailedException: com.kms.katalon.core.webui.exception.WebElementNotFoundException: Web element with id: 'Object Repository/Avangard New/Object (Тренер)/Case (Оценка навыков)/alert home add' located by '(.//*[normalize-space(text()) and normalize-space(.)='Ошибка при заполнении'])[1]/following::p[1]' not found
	at com.kms.katalon.core.webui.keyword.internal.WebUIKeywordMain.stepFailed(WebUIKeywordMain.groovy:64)
	at com.kms.katalon.core.webui.keyword.builtin.VerifyElementTextKeyword$_verifyElementText_closure1.doCall(VerifyElementTextKeyword.groovy:64)
	at com.kms.katalon.core.webui.keyword.builtin.VerifyElementTextKeyword$_verifyElementText_closure1.call(VerifyElementTextKeyword.groovy)
	at com.kms.katalon.core.webui.keyword.internal.WebUIKeywordMain.runKeyword(WebUIKeywordMain.groovy:20)
	... 19 more
"/>
         <system-out><![CDATA[2022-02-21 12:42:32 - [TEST_CASE][FAILED] - Test Cases/Тренер/Оценка навыков: Test Cases/Тренер/Оценка навыков FAILED.
Reason:
com.kms.katalon.core.exception.StepFailedException: Verify element text of test object 'Object Repository/Avangard New/Object (Тренер)/Case (Оценка навыков)/alert home add' FAILED.
	at com.kms.katalon.core.webui.keyword.internal.WebUIKeywordMain.stepFailed(WebUIKeywordMain.groovy:64)
	at com.kms.katalon.core.webui.keyword.internal.WebUIKeywordMain.runKeyword(WebUIKeywordMain.groovy:26)
	at com.kms.katalon.core.webui.keyword.builtin.VerifyElementTextKeyword.verifyElementText(VerifyElementTextKeyword.groovy:72)
	at com.kms.katalon.core.webui.keyword.builtin.VerifyElementTextKeyword.execute(VerifyElementTextKeyword.groovy:40)
	at com.kms.katalon.core.keyword.internal.KeywordExecutor.executeKeywordForPlatform(KeywordExecutor.groovy:74)
	at com.kms.katalon.core.webui.keyword.WebUiBuiltInKeywords.verifyElementText(WebUiBuiltInKeywords.groovy:4749)
	at com.kms.katalon.core.webui.keyword.WebUiBuiltInKeywords$verifyElementText$7.call(Unknown Source)
	at Оценка навыков.run(Оценка навыков:34)
	at com.kms.katalon.core.main.ScriptEngine.run(ScriptEngine.java:194)
	at com.kms.katalon.core.main.ScriptEngine.runScriptAsRawText(ScriptEngine.java:119)
	at com.kms.katalon.core.main.TestCaseExecutor.runScript(TestCaseExecutor.java:442)
	at com.kms.katalon.core.main.TestCaseExecutor.doExecute(TestCaseExecutor.java:433)
	at com.kms.katalon.core.main.TestCaseExecutor.processExecutionPhase(TestCaseExecutor.java:412)
	at com.kms.katalon.core.main.TestCaseExecutor.accessMainPhase(TestCaseExecutor.java:404)
	at com.kms.katalon.core.main.TestCaseExecutor.execute(TestCaseExecutor.java:281)
	at com.kms.katalon.core.main.TestSuiteExecutor.accessTestCaseMainPhase(TestSuiteExecutor.java:202)
	at com.kms.katalon.core.main.TestSuiteExecutor.accessTestSuiteMainPhase(TestSuiteExecutor.java:164)
	at com.kms.katalon.core.main.TestSuiteExecutor.execute(TestSuiteExecutor.java:105)
	at com.kms.katalon.core.main.TestCaseMain.startTestSuite(TestCaseMain.java:185)
	at com.kms.katalon.core.main.TestCaseMain$startTestSuite$0.call(Unknown Source)
	at TempTestSuite1645435808844.run(TempTestSuite1645435808844.groovy:36)
Caused by: com.kms.katalon.core.exception.StepFailedException: com.kms.katalon.core.webui.exception.WebElementNotFoundException: Web element with id: 'Object Repository/Avangard New/Object (Тренер)/Case (Оценка навыков)/alert home add' located by '(.//*[normalize-space(text()) and normalize-space(.)='Ошибка при заполнении'])[1]/following::p[1]' not found
	at com.kms.katalon.core.webui.keyword.internal.WebUIKeywordMain.stepFailed(WebUIKeywordMain.groovy:64)
	at com.kms.katalon.core.webui.keyword.builtin.VerifyElementTextKeyword$_verifyElementText_closure1.doCall(VerifyElementTextKeyword.groovy:64)
	at com.kms.katalon.core.webui.keyword.builtin.VerifyElementTextKeyword$_verifyElementText_closure1.call(VerifyElementTextKeyword.groovy)
	at com.kms.katalon.core.webui.keyword.internal.WebUIKeywordMain.runKeyword(WebUIKeywordMain.groovy:20)
	... 19 more


2022-02-21 12:42:32 - [TEST_STEP][PASSED] - callTestCase(findTestCase("Тренер/Авторизация"), [:], STOP_ON_FAILURE): Call Test Case 'Test Cases/Тренер/Авторизация' successfully

2022-02-21 12:42:33 - [TEST_CASE][PASSED] - Test Cases/Тренер/Авторизация: Test Cases/Тренер/Авторизация

2022-02-21 12:42:33 - [TEST_STEP][PASSED] - openBrowser(""): Browser is opened with url: ''

2022-02-21 12:42:33 - [MESSAGE][INFO] - User set preference: ['os', 'linux']

2022-02-21 12:42:33 - [MESSAGE][INFO] - User set preference: ['browserName', 'chrome']

2022-02-21 12:42:33 - [MESSAGE][INFO] - User set preference: ['browserVersion', '97']

2022-02-21 12:42:33 - [MESSAGE][INFO] - User set preference: ['katalon:option', '{organizationId=551240, tunnelId=, usingTunnel=false}']

2022-02-21 12:42:33 - [MESSAGE][INFO] - Connecting to remote web server 'testcloud.katalon.com/hub' with type 'Selenium'

2022-02-21 12:42:33 - [MESSAGE][INFO] - Action delay is set to 100 milliseconds

2022-02-21 12:44:01 - [MESSAGE][PASSED] - Browser is opened with url: ''

2022-02-21 12:44:01 - [TEST_STEP][PASSED] - maximizeWindow(): Current window maximized

2022-02-21 12:44:02 - [MESSAGE][PASSED] - Current window maximized

2022-02-21 12:44:02 - [TEST_STEP][PASSED] - navigateToUrl(url): Navigate to 'https://stars-stage.hawk.ru:8080' successfully

2022-02-21 12:44:07 - [MESSAGE][PASSED] - Navigate to 'https://stars-stage.hawk.ru:8080' successfully

2022-02-21 12:44:07 - [TEST_STEP][PASSED] - setText(findTestObject("Object Repository/manager/Page_/input__sc-lnrBVv eqPACj"), coach_login): Text 'levashev.ps@hc-avangard.com' is set on object 'Object Repository/manager/Page_/input__sc-lnrBVv eqPACj'

2022-02-21 12:44:12 - [MESSAGE][PASSED] - Text 'levashev.ps@hc-avangard.com' is set on object 'Object Repository/manager/Page_/input__sc-lnrBVv eqPACj'

2022-02-21 12:44:12 - [TEST_STEP][PASSED] - setText(findTestObject("Object Repository/manager/Page_/input__sc-lnrBVv eqPACj_1"), coach_password): Text 'Darden41087' is set on object 'Object Repository/manager/Page_/input__sc-lnrBVv eqPACj_1'

2022-02-21 12:44:17 - [MESSAGE][PASSED] - Text 'Darden41087' is set on object 'Object Repository/manager/Page_/input__sc-lnrBVv eqPACj_1'

2022-02-21 12:44:17 - [TEST_STEP][PASSED] - click(findTestObject("manager/Page_/go")): Object: 'Object Repository/manager/Page_/go' is clicked on

2022-02-21 12:44:20 - [MESSAGE][PASSED] - Object: 'Object Repository/manager/Page_/go' is clicked on

2022-02-21 12:44:20 - [MESSAGE][PASSED] - Call Test Case 'Test Cases/Тренер/Авторизация' successfully

2022-02-21 12:44:20 - [TEST_STEP][PASSED] - click(findTestObject("Object Repository/Avangard New/Object (Тренер)/Case (Оценка навыков)/span_home")): Object: 'Object Repository/Avangard New/Object (Тренер)/Case (Оценка навыков)/span_home' is clicked on

2022-02-21 12:44:35 - [MESSAGE][PASSED] - Object: 'Object Repository/Avangard New/Object (Тренер)/Case (Оценка навыков)/span_home' is clicked on

2022-02-21 12:44:35 - [TEST_STEP][PASSED] - click(findTestObject("Object Repository/Avangard New/Object (Тренер)/Case (Оценка навыков)/edit home")): Object: 'Object Repository/Avangard New/Object (Тренер)/Case (Оценка навыков)/edit home' is clicked on

2022-02-21 12:44:38 - [MESSAGE][PASSED] - Object: 'Object Repository/Avangard New/Object (Тренер)/Case (Оценка навыков)/edit home' is clicked on

2022-02-21 12:44:38 - [TEST_STEP][PASSED] - scrollToElement(findTestObject("Avangard New/Object (Тренер)/Case (Оценка навыков)/button_save_home"), 0): Scroll to object 'Object Repository/Avangard New/Object (Тренер)/Case (Оценка навыков)/button_save_home' successfully

2022-02-21 12:44:38 - [MESSAGE][WARNING] - Timeout '0' is invalid. Using default page load timeout: '30'

2022-02-21 12:44:41 - [MESSAGE][PASSED] - Scroll to object 'Object Repository/Avangard New/Object (Тренер)/Case (Оценка навыков)/button_save_home' successfully

2022-02-21 12:44:41 - [TEST_STEP][PASSED] - click(findTestObject("Avangard New/Object (Тренер)/Case (Оценка навыков)/button_save_home")): Object: 'Object Repository/Avangard New/Object (Тренер)/Case (Оценка навыков)/button_save_home' is clicked on

2022-02-21 12:44:44 - [MESSAGE][PASSED] - Object: 'Object Repository/Avangard New/Object (Тренер)/Case (Оценка навыков)/button_save_home' is clicked on

2022-02-21 12:44:44 - [TEST_STEP][FAILED] - verifyElementText(findTestObject("Avangard New/Object (Тренер)/Case (Оценка навыков)/alert home add"), "Добавьте от 1 до 7 навыков для развития."): Verify element text of test object 'Object Repository/Avangard New/Object (Тренер)/Case (Оценка навыков)/alert home add' FAILED. (Root cause: com.kms.katalon.core.exception.StepFailedException: Verify element text of test object 'Object Repository/Avangard New/Object (Тренер)/Case (Оценка навыков)/alert home add' FAILED.
	at com.kms.katalon.core.webui.keyword.internal.WebUIKeywordMain.stepFailed(WebUIKeywordMain.groovy:64)
	at com.kms.katalon.core.webui.keyword.internal.WebUIKeywordMain.runKeyword(WebUIKeywordMain.groovy:26)
	at com.kms.katalon.core.webui.keyword.builtin.VerifyElementTextKeyword.verifyElementText(VerifyElementTextKeyword.groovy:72)
	at com.kms.katalon.core.webui.keyword.builtin.VerifyElementTextKeyword.execute(VerifyElementTextKeyword.groovy:40)
	at com.kms.katalon.core.keyword.internal.KeywordExecutor.executeKeywordForPlatform(KeywordExecutor.groovy:74)
	at com.kms.katalon.core.webui.keyword.WebUiBuiltInKeywords.verifyElementText(WebUiBuiltInKeywords.groovy:4749)
	at com.kms.katalon.core.webui.keyword.WebUiBuiltInKeywords$verifyElementText$7.call(Unknown Source)
	at Оценка навыков.run(Оценка навыков:34)
	at com.kms.katalon.core.main.ScriptEngine.run(ScriptEngine.java:194)
	at com.kms.katalon.core.main.ScriptEngine.runScriptAsRawText(ScriptEngine.java:119)
	at com.kms.katalon.core.main.TestCaseExecutor.runScript(TestCaseExecutor.java:442)
	at com.kms.katalon.core.main.TestCaseExecutor.doExecute(TestCaseExecutor.java:433)
	at com.kms.katalon.core.main.TestCaseExecutor.processExecutionPhase(TestCaseExecutor.java:412)
	at com.kms.katalon.core.main.TestCaseExecutor.accessMainPhase(TestCaseExecutor.java:404)
	at com.kms.katalon.core.main.TestCaseExecutor.execute(TestCaseExecutor.java:281)
	at com.kms.katalon.core.main.TestSuiteExecutor.accessTestCaseMainPhase(TestSuiteExecutor.java:202)
	at com.kms.katalon.core.main.TestSuiteExecutor.accessTestSuiteMainPhase(TestSuiteExecutor.java:164)
	at com.kms.katalon.core.main.TestSuiteExecutor.execute(TestSuiteExecutor.java:105)
	at com.kms.katalon.core.main.TestCaseMain.startTestSuite(TestCaseMain.java:185)
	at com.kms.katalon.core.main.TestCaseMain$startTestSuite$0.call(Unknown Source)
	at TempTestSuite1645435808844.run(TempTestSuite1645435808844.groovy:36)
Caused by: com.kms.katalon.core.exception.StepFailedException: com.kms.katalon.core.webui.exception.WebElementNotFoundException: Web element with id: 'Object Repository/Avangard New/Object (Тренер)/Case (Оценка навыков)/alert home add' located by '(.//*[normalize-space(text()) and normalize-space(.)='Ошибка при заполнении'])[1]/following::p[1]' not found
	at com.kms.katalon.core.webui.keyword.internal.WebUIKeywordMain.stepFailed(WebUIKeywordMain.groovy:64)
	at com.kms.katalon.core.webui.keyword.builtin.VerifyElementTextKeyword$_verifyElementText_closure1.doCall(VerifyElementTextKeyword.groovy:64)
	at com.kms.katalon.core.webui.keyword.builtin.VerifyElementTextKeyword$_verifyElementText_closure1.call(VerifyElementTextKeyword.groovy)
	at com.kms.katalon.core.webui.keyword.internal.WebUIKeywordMain.runKeyword(WebUIKeywordMain.groovy:20)
	... 19 more
)

2022-02-21 12:45:16 - [MESSAGE][INFO] - Unable to find the element located by 'By.xpath: (.//*[normalize-space(text()) and normalize-space(.)='Ошибка при заполнении'])[1]/following::p[1]'. Please recheck the objects properties to make sure the desired element is located. 

2022-02-21 12:45:16 - [MESSAGE][WARNING] - [SELF-HEALING] Failed to find element with id 'Object Repository/Avangard New/Object (Тренер)/Case (Оценка навыков)/alert home add'. Try using Self-healing.

2022-02-21 12:45:17 - [MESSAGE][INFO] - [SELF-HEALING] Failed Locator: '(.//*[normalize-space(text()) and normalize-space(.)='Ошибка при заполнении'])[1]/following::p[1]'.

2022-02-21 12:45:18 - [MESSAGE][INFO] - [SELF-HEALING] Failed Locator: '(.//*[normalize-space(text()) and normalize-space(.)='Нет'])[1]/following::p[1]'.

2022-02-21 12:45:20 - [MESSAGE][INFO] - [SELF-HEALING] Failed Locator: '//*/text()[normalize-space(.)='Добавьте от 1 до 7 навыков для развития.']/parent::*'.

2022-02-21 12:45:21 - [MESSAGE][INFO] - [SELF-HEALING] Failed Locator: '//div[4]/div/div/div/div/div/div/p'.

2022-02-21 12:45:23 - [MESSAGE][INFO] - [SELF-HEALING] Failed Locator: '//p[(text() = 'Добавьте от 1 до 7 навыков для развития.' or . = 'Добавьте от 1 до 7 навыков для развития.')]'.

2022-02-21 12:45:24 - [MESSAGE][INFO] - Unable to find the element located by 'By.xpath: //*[(text() = 'Добавьте от 1 до 7 навыков для развития.' or . = 'Добавьте от 1 до 7 навыков для развития.')]'. Please recheck the objects properties to make sure the desired element is located. 

2022-02-21 12:45:25 - [MESSAGE][INFO] - Unable to find the element located by 'By.cssSelector: p.ReactComponentNotification__NotificationText-sc-1wfzr6b-3.JWcOG'. Please recheck the objects properties to make sure the desired element is located. 

2022-02-21 12:45:28 - [MESSAGE][FAILED] - com.kms.katalon.core.webui.exception.WebElementNotFoundException: Web element with id: 'Object Repository/Avangard New/Object (Тренер)/Case (Оценка навыков)/alert home add' located by '(.//*[normalize-space(text()) and normalize-space(.)='Ошибка при заполнении'])[1]/following::p[1]' not found (Root cause: com.kms.katalon.core.exception.StepFailedException: com.kms.katalon.core.webui.exception.WebElementNotFoundException: Web element with id: 'Object Repository/Avangard New/Object (Тренер)/Case (Оценка навыков)/alert home add' located by '(.//*[normalize-space(text()) and normalize-space(.)='Ошибка при заполнении'])[1]/following::p[1]' not found
	at com.kms.katalon.core.webui.keyword.internal.WebUIKeywordMain.stepFailed(WebUIKeywordMain.groovy:64)
	at com.kms.katalon.core.webui.keyword.builtin.VerifyElementTextKeyword$_verifyElementText_closure1.doCall(VerifyElementTextKeyword.groovy:64)
	at com.kms.katalon.core.webui.keyword.builtin.VerifyElementTextKeyword$_verifyElementText_closure1.call(VerifyElementTextKeyword.groovy)
	at com.kms.katalon.core.webui.keyword.internal.WebUIKeywordMain.runKeyword(WebUIKeywordMain.groovy:20)
	at com.kms.katalon.core.webui.keyword.builtin.VerifyElementTextKeyword.verifyElementText(VerifyElementTextKeyword.groovy:72)
	at com.kms.katalon.core.webui.keyword.builtin.VerifyElementTextKeyword.execute(VerifyElementTextKeyword.groovy:40)
	at com.kms.katalon.core.keyword.internal.KeywordExecutor.executeKeywordForPlatform(KeywordExecutor.groovy:74)
	at com.kms.katalon.core.webui.keyword.WebUiBuiltInKeywords.verifyElementText(WebUiBuiltInKeywords.groovy:4749)
	at com.kms.katalon.core.webui.keyword.WebUiBuiltInKeywords$verifyElementText$7.call(Unknown Source)
	at Оценка навыков.run(Оценка навыков:34)
	at com.kms.katalon.core.main.ScriptEngine.run(ScriptEngine.java:194)
	at com.kms.katalon.core.main.ScriptEngine.runScriptAsRawText(ScriptEngine.java:119)
	at com.kms.katalon.core.main.TestCaseExecutor.runScript(TestCaseExecutor.java:442)
	at com.kms.katalon.core.main.TestCaseExecutor.doExecute(TestCaseExecutor.java:433)
	at com.kms.katalon.core.main.TestCaseExecutor.processExecutionPhase(TestCaseExecutor.java:412)
	at com.kms.katalon.core.main.TestCaseExecutor.accessMainPhase(TestCaseExecutor.java:404)
	at com.kms.katalon.core.main.TestCaseExecutor.execute(TestCaseExecutor.java:281)
	at com.kms.katalon.core.main.TestSuiteExecutor.accessTestCaseMainPhase(TestSuiteExecutor.java:202)
	at com.kms.katalon.core.main.TestSuiteExecutor.accessTestSuiteMainPhase(TestSuiteExecutor.java:164)
	at com.kms.katalon.core.main.TestSuiteExecutor.execute(TestSuiteExecutor.java:105)
	at com.kms.katalon.core.main.TestCaseMain.startTestSuite(TestCaseMain.java:185)
	at com.kms.katalon.core.main.TestCaseMain$startTestSuite$0.call(Unknown Source)
	at TempTestSuite1645435808844.run(TempTestSuite1645435808844.groovy:36)
)
[[ATTACHMENT|C:\\Users\\LENOVO\\Katalon Studio\\Project Avangard\\Reports\\20220221_122957\\\u0422\u0440\u0435\u043D\u0435\u0440\\20220221_123008\\1645436725942.png]]

2022-02-21 12:45:30 - [MESSAGE][FAILED] - Verify element text of test object 'Object Repository/Avangard New/Object (Тренер)/Case (Оценка навыков)/alert home add' FAILED. (Root cause: com.kms.katalon.core.exception.StepFailedException: Verify element text of test object 'Object Repository/Avangard New/Object (Тренер)/Case (Оценка навыков)/alert home add' FAILED.
	at com.kms.katalon.core.webui.keyword.internal.WebUIKeywordMain.stepFailed(WebUIKeywordMain.groovy:64)
	at com.kms.katalon.core.webui.keyword.internal.WebUIKeywordMain.runKeyword(WebUIKeywordMain.groovy:26)
	at com.kms.katalon.core.webui.keyword.builtin.VerifyElementTextKeyword.verifyElementText(VerifyElementTextKeyword.groovy:72)
	at com.kms.katalon.core.webui.keyword.builtin.VerifyElementTextKeyword.execute(VerifyElementTextKeyword.groovy:40)
	at com.kms.katalon.core.keyword.internal.KeywordExecutor.executeKeywordForPlatform(KeywordExecutor.groovy:74)
	at com.kms.katalon.core.webui.keyword.WebUiBuiltInKeywords.verifyElementText(WebUiBuiltInKeywords.groovy:4749)
	at com.kms.katalon.core.webui.keyword.WebUiBuiltInKeywords$verifyElementText$7.call(Unknown Source)
	at Оценка навыков.run(Оценка навыков:34)
	at com.kms.katalon.core.main.ScriptEngine.run(ScriptEngine.java:194)
	at com.kms.katalon.core.main.ScriptEngine.runScriptAsRawText(ScriptEngine.java:119)
	at com.kms.katalon.core.main.TestCaseExecutor.runScript(TestCaseExecutor.java:442)
	at com.kms.katalon.core.main.TestCaseExecutor.doExecute(TestCaseExecutor.java:433)
	at com.kms.katalon.core.main.TestCaseExecutor.processExecutionPhase(TestCaseExecutor.java:412)
	at com.kms.katalon.core.main.TestCaseExecutor.accessMainPhase(TestCaseExecutor.java:404)
	at com.kms.katalon.core.main.TestCaseExecutor.execute(TestCaseExecutor.java:281)
	at com.kms.katalon.core.main.TestSuiteExecutor.accessTestCaseMainPhase(TestSuiteExecutor.java:202)
	at com.kms.katalon.core.main.TestSuiteExecutor.accessTestSuiteMainPhase(TestSuiteExecutor.java:164)
	at com.kms.katalon.core.main.TestSuiteExecutor.execute(TestSuiteExecutor.java:105)
	at com.kms.katalon.core.main.TestCaseMain.startTestSuite(TestCaseMain.java:185)
	at com.kms.katalon.core.main.TestCaseMain$startTestSuite$0.call(Unknown Source)
	at TempTestSuite1645435808844.run(TempTestSuite1645435808844.groovy:36)
Caused by: com.kms.katalon.core.exception.StepFailedException: com.kms.katalon.core.webui.exception.WebElementNotFoundException: Web element with id: 'Object Repository/Avangard New/Object (Тренер)/Case (Оценка навыков)/alert home add' located by '(.//*[normalize-space(text()) and normalize-space(.)='Ошибка при заполнении'])[1]/following::p[1]' not found
	at com.kms.katalon.core.webui.keyword.internal.WebUIKeywordMain.stepFailed(WebUIKeywordMain.groovy:64)
	at com.kms.katalon.core.webui.keyword.builtin.VerifyElementTextKeyword$_verifyElementText_closure1.doCall(VerifyElementTextKeyword.groovy:64)
	at com.kms.katalon.core.webui.keyword.builtin.VerifyElementTextKeyword$_verifyElementText_closure1.call(VerifyElementTextKeyword.groovy)
	at com.kms.katalon.core.webui.keyword.internal.WebUIKeywordMain.runKeyword(WebUIKeywordMain.groovy:20)
	... 19 more
)
[[ATTACHMENT|C:\\Users\\LENOVO\\Katalon Studio\\Project Avangard\\Reports\\20220221_122957\\\u0422\u0440\u0435\u043D\u0435\u0440\\20220221_123008\\1645436728485.png]]]]></system-out>
         <system-err><![CDATA[2022-02-21 12:42:32 - [TEST_CASE][FAILED] - Test Cases/Тренер/Оценка навыков: Test Cases/Тренер/Оценка навыков FAILED.
Reason:
com.kms.katalon.core.exception.StepFailedException: Verify element text of test object 'Object Repository/Avangard New/Object (Тренер)/Case (Оценка навыков)/alert home add' FAILED.
	at com.kms.katalon.core.webui.keyword.internal.WebUIKeywordMain.stepFailed(WebUIKeywordMain.groovy:64)
	at com.kms.katalon.core.webui.keyword.internal.WebUIKeywordMain.runKeyword(WebUIKeywordMain.groovy:26)
	at com.kms.katalon.core.webui.keyword.builtin.VerifyElementTextKeyword.verifyElementText(VerifyElementTextKeyword.groovy:72)
	at com.kms.katalon.core.webui.keyword.builtin.VerifyElementTextKeyword.execute(VerifyElementTextKeyword.groovy:40)
	at com.kms.katalon.core.keyword.internal.KeywordExecutor.executeKeywordForPlatform(KeywordExecutor.groovy:74)
	at com.kms.katalon.core.webui.keyword.WebUiBuiltInKeywords.verifyElementText(WebUiBuiltInKeywords.groovy:4749)
	at com.kms.katalon.core.webui.keyword.WebUiBuiltInKeywords$verifyElementText$7.call(Unknown Source)
	at Оценка навыков.run(Оценка навыков:34)
	at com.kms.katalon.core.main.ScriptEngine.run(ScriptEngine.java:194)
	at com.kms.katalon.core.main.ScriptEngine.runScriptAsRawText(ScriptEngine.java:119)
	at com.kms.katalon.core.main.TestCaseExecutor.runScript(TestCaseExecutor.java:442)
	at com.kms.katalon.core.main.TestCaseExecutor.doExecute(TestCaseExecutor.java:433)
	at com.kms.katalon.core.main.TestCaseExecutor.processExecutionPhase(TestCaseExecutor.java:412)
	at com.kms.katalon.core.main.TestCaseExecutor.accessMainPhase(TestCaseExecutor.java:404)
	at com.kms.katalon.core.main.TestCaseExecutor.execute(TestCaseExecutor.java:281)
	at com.kms.katalon.core.main.TestSuiteExecutor.accessTestCaseMainPhase(TestSuiteExecutor.java:202)
	at com.kms.katalon.core.main.TestSuiteExecutor.accessTestSuiteMainPhase(TestSuiteExecutor.java:164)
	at com.kms.katalon.core.main.TestSuiteExecutor.execute(TestSuiteExecutor.java:105)
	at com.kms.katalon.core.main.TestCaseMain.startTestSuite(TestCaseMain.java:185)
	at com.kms.katalon.core.main.TestCaseMain$startTestSuite$0.call(Unknown Source)
	at TempTestSuite1645435808844.run(TempTestSuite1645435808844.groovy:36)
Caused by: com.kms.katalon.core.exception.StepFailedException: com.kms.katalon.core.webui.exception.WebElementNotFoundException: Web element with id: 'Object Repository/Avangard New/Object (Тренер)/Case (Оценка навыков)/alert home add' located by '(.//*[normalize-space(text()) and normalize-space(.)='Ошибка при заполнении'])[1]/following::p[1]' not found
	at com.kms.katalon.core.webui.keyword.internal.WebUIKeywordMain.stepFailed(WebUIKeywordMain.groovy:64)
	at com.kms.katalon.core.webui.keyword.builtin.VerifyElementTextKeyword$_verifyElementText_closure1.doCall(VerifyElementTextKeyword.groovy:64)
	at com.kms.katalon.core.webui.keyword.builtin.VerifyElementTextKeyword$_verifyElementText_closure1.call(VerifyElementTextKeyword.groovy)
	at com.kms.katalon.core.webui.keyword.internal.WebUIKeywordMain.runKeyword(WebUIKeywordMain.groovy:20)
	... 19 more]]></system-err>
      </testcase>
      <testcase name="Test Cases/Тренер/Оценка по играм" time="159.82" classname="Test Cases/Тренер/Оценка по играм" status="FAILED">
         <failure type="FAILED" message="Test Cases/Тренер/Оценка по играм FAILED.
Reason:
com.kms.katalon.core.exception.StepFailedException: Unable to click on object 'Object Repository/Avangard New/Object (Тренер)/Case (Оценка по играм)/edit'
	at com.kms.katalon.core.webui.keyword.internal.WebUIKeywordMain.stepFailed(WebUIKeywordMain.groovy:64)
	at com.kms.katalon.core.webui.keyword.internal.WebUIKeywordMain.runKeyword(WebUIKeywordMain.groovy:26)
	at com.kms.katalon.core.webui.keyword.builtin.ClickKeyword.click(ClickKeyword.groovy:74)
	at com.kms.katalon.core.webui.keyword.builtin.ClickKeyword.execute(ClickKeyword.groovy:40)
	at com.kms.katalon.core.keyword.internal.KeywordExecutor.executeKeywordForPlatform(KeywordExecutor.groovy:74)
	at com.kms.katalon.core.webui.keyword.WebUiBuiltInKeywords.click(WebUiBuiltInKeywords.groovy:620)
	at com.kms.katalon.core.webui.keyword.WebUiBuiltInKeywords$click$3.call(Unknown Source)
	at Оценка по играм.run(Оценка по играм:26)
	at com.kms.katalon.core.main.ScriptEngine.run(ScriptEngine.java:194)
	at com.kms.katalon.core.main.ScriptEngine.runScriptAsRawText(ScriptEngine.java:119)
	at com.kms.katalon.core.main.TestCaseExecutor.runScript(TestCaseExecutor.java:442)
	at com.kms.katalon.core.main.TestCaseExecutor.doExecute(TestCaseExecutor.java:433)
	at com.kms.katalon.core.main.TestCaseExecutor.processExecutionPhase(TestCaseExecutor.java:412)
	at com.kms.katalon.core.main.TestCaseExecutor.accessMainPhase(TestCaseExecutor.java:404)
	at com.kms.katalon.core.main.TestCaseExecutor.execute(TestCaseExecutor.java:281)
	at com.kms.katalon.core.main.TestSuiteExecutor.accessTestCaseMainPhase(TestSuiteExecutor.java:202)
	at com.kms.katalon.core.main.TestSuiteExecutor.accessTestSuiteMainPhase(TestSuiteExecutor.java:164)
	at com.kms.katalon.core.main.TestSuiteExecutor.execute(TestSuiteExecutor.java:105)
	at com.kms.katalon.core.main.TestCaseMain.startTestSuite(TestCaseMain.java:185)
	at com.kms.katalon.core.main.TestCaseMain$startTestSuite$0.call(Unknown Source)
	at TempTestSuite1645435808844.run(TempTestSuite1645435808844.groovy:36)
Caused by: com.kms.katalon.core.webui.exception.WebElementNotFoundException: Web element with id: 'Object Repository/Avangard New/Object (Тренер)/Case (Оценка по играм)/edit' located by '//a[@href = '/game_estimation/YQtB2BUWHg' and (text() = 'Редактировать' or . = 'Редактировать')]' not found
	at com.kms.katalon.core.webui.common.WebUiCommonHelper.findWebElement(WebUiCommonHelper.java:1370)
	at com.kms.katalon.core.webui.keyword.internal.WebUIAbstractKeyword.findWebElement(WebUIAbstractKeyword.groovy:27)
	at com.kms.katalon.core.webui.keyword.builtin.ClickKeyword$_click_closure1.doCall(ClickKeyword.groovy:65)
	at com.kms.katalon.core.webui.keyword.builtin.ClickKeyword$_click_closure1.call(ClickKeyword.groovy)
	at com.kms.katalon.core.webui.keyword.internal.WebUIKeywordMain.runKeyword(WebUIKeywordMain.groovy:20)
	... 19 more
"/>
         <system-out><![CDATA[2022-02-21 12:45:32 - [TEST_CASE][FAILED] - Test Cases/Тренер/Оценка по играм: Test Cases/Тренер/Оценка по играм FAILED.
Reason:
com.kms.katalon.core.exception.StepFailedException: Unable to click on object 'Object Repository/Avangard New/Object (Тренер)/Case (Оценка по играм)/edit'
	at com.kms.katalon.core.webui.keyword.internal.WebUIKeywordMain.stepFailed(WebUIKeywordMain.groovy:64)
	at com.kms.katalon.core.webui.keyword.internal.WebUIKeywordMain.runKeyword(WebUIKeywordMain.groovy:26)
	at com.kms.katalon.core.webui.keyword.builtin.ClickKeyword.click(ClickKeyword.groovy:74)
	at com.kms.katalon.core.webui.keyword.builtin.ClickKeyword.execute(ClickKeyword.groovy:40)
	at com.kms.katalon.core.keyword.internal.KeywordExecutor.executeKeywordForPlatform(KeywordExecutor.groovy:74)
	at com.kms.katalon.core.webui.keyword.WebUiBuiltInKeywords.click(WebUiBuiltInKeywords.groovy:620)
	at com.kms.katalon.core.webui.keyword.WebUiBuiltInKeywords$click$3.call(Unknown Source)
	at Оценка по играм.run(Оценка по играм:26)
	at com.kms.katalon.core.main.ScriptEngine.run(ScriptEngine.java:194)
	at com.kms.katalon.core.main.ScriptEngine.runScriptAsRawText(ScriptEngine.java:119)
	at com.kms.katalon.core.main.TestCaseExecutor.runScript(TestCaseExecutor.java:442)
	at com.kms.katalon.core.main.TestCaseExecutor.doExecute(TestCaseExecutor.java:433)
	at com.kms.katalon.core.main.TestCaseExecutor.processExecutionPhase(TestCaseExecutor.java:412)
	at com.kms.katalon.core.main.TestCaseExecutor.accessMainPhase(TestCaseExecutor.java:404)
	at com.kms.katalon.core.main.TestCaseExecutor.execute(TestCaseExecutor.java:281)
	at com.kms.katalon.core.main.TestSuiteExecutor.accessTestCaseMainPhase(TestSuiteExecutor.java:202)
	at com.kms.katalon.core.main.TestSuiteExecutor.accessTestSuiteMainPhase(TestSuiteExecutor.java:164)
	at com.kms.katalon.core.main.TestSuiteExecutor.execute(TestSuiteExecutor.java:105)
	at com.kms.katalon.core.main.TestCaseMain.startTestSuite(TestCaseMain.java:185)
	at com.kms.katalon.core.main.TestCaseMain$startTestSuite$0.call(Unknown Source)
	at TempTestSuite1645435808844.run(TempTestSuite1645435808844.groovy:36)
Caused by: com.kms.katalon.core.webui.exception.WebElementNotFoundException: Web element with id: 'Object Repository/Avangard New/Object (Тренер)/Case (Оценка по играм)/edit' located by '//a[@href = '/game_estimation/YQtB2BUWHg' and (text() = 'Редактировать' or . = 'Редактировать')]' not found
	at com.kms.katalon.core.webui.common.WebUiCommonHelper.findWebElement(WebUiCommonHelper.java:1370)
	at com.kms.katalon.core.webui.keyword.internal.WebUIAbstractKeyword.findWebElement(WebUIAbstractKeyword.groovy:27)
	at com.kms.katalon.core.webui.keyword.builtin.ClickKeyword$_click_closure1.doCall(ClickKeyword.groovy:65)
	at com.kms.katalon.core.webui.keyword.builtin.ClickKeyword$_click_closure1.call(ClickKeyword.groovy)
	at com.kms.katalon.core.webui.keyword.internal.WebUIKeywordMain.runKeyword(WebUIKeywordMain.groovy:20)
	... 19 more


2022-02-21 12:45:32 - [TEST_STEP][PASSED] - callTestCase(findTestCase("Тренер/Авторизация"), [:], STOP_ON_FAILURE): Call Test Case 'Test Cases/Тренер/Авторизация' successfully

2022-02-21 12:45:32 - [TEST_CASE][PASSED] - Test Cases/Тренер/Авторизация: Test Cases/Тренер/Авторизация

2022-02-21 12:45:32 - [TEST_STEP][PASSED] - openBrowser(""): Browser is opened with url: ''

2022-02-21 12:45:32 - [MESSAGE][WARNING] - A browser is already opened. Closing browser and opening a new one

2022-02-21 12:45:33 - [MESSAGE][INFO] - User set preference: ['os', 'linux']

2022-02-21 12:45:33 - [MESSAGE][INFO] - User set preference: ['browserName', 'chrome']

2022-02-21 12:45:33 - [MESSAGE][INFO] - User set preference: ['browserVersion', '97']

2022-02-21 12:45:33 - [MESSAGE][INFO] - User set preference: ['katalon:option', '{organizationId=551240, tunnelId=, usingTunnel=false}']

2022-02-21 12:45:33 - [MESSAGE][INFO] - Connecting to remote web server 'testcloud.katalon.com/hub' with type 'Selenium'

2022-02-21 12:45:33 - [MESSAGE][INFO] - Action delay is set to 100 milliseconds

2022-02-21 12:46:33 - [MESSAGE][PASSED] - Browser is opened with url: ''

2022-02-21 12:46:33 - [TEST_STEP][PASSED] - maximizeWindow(): Current window maximized

2022-02-21 12:46:34 - [MESSAGE][PASSED] - Current window maximized

2022-02-21 12:46:34 - [TEST_STEP][PASSED] - navigateToUrl(url): Navigate to 'https://stars-stage.hawk.ru:8080' successfully

2022-02-21 12:46:40 - [MESSAGE][PASSED] - Navigate to 'https://stars-stage.hawk.ru:8080' successfully

2022-02-21 12:46:40 - [TEST_STEP][PASSED] - setText(findTestObject("Object Repository/manager/Page_/input__sc-lnrBVv eqPACj"), coach_login): Text 'levashev.ps@hc-avangard.com' is set on object 'Object Repository/manager/Page_/input__sc-lnrBVv eqPACj'

2022-02-21 12:46:44 - [MESSAGE][PASSED] - Text 'levashev.ps@hc-avangard.com' is set on object 'Object Repository/manager/Page_/input__sc-lnrBVv eqPACj'

2022-02-21 12:46:44 - [TEST_STEP][PASSED] - setText(findTestObject("Object Repository/manager/Page_/input__sc-lnrBVv eqPACj_1"), coach_password): Text 'Darden41087' is set on object 'Object Repository/manager/Page_/input__sc-lnrBVv eqPACj_1'

2022-02-21 12:46:48 - [MESSAGE][PASSED] - Text 'Darden41087' is set on object 'Object Repository/manager/Page_/input__sc-lnrBVv eqPACj_1'

2022-02-21 12:46:48 - [TEST_STEP][PASSED] - click(findTestObject("manager/Page_/go")): Object: 'Object Repository/manager/Page_/go' is clicked on

2022-02-21 12:46:50 - [MESSAGE][PASSED] - Object: 'Object Repository/manager/Page_/go' is clicked on

2022-02-21 12:46:50 - [MESSAGE][PASSED] - Call Test Case 'Test Cases/Тренер/Авторизация' successfully

2022-02-21 12:46:50 - [TEST_STEP][PASSED] - click(findTestObject("Avangard New/Object (Тренер)/Case (Оценка по играм)/grade for game")): Object: 'Object Repository/Avangard New/Object (Тренер)/Case (Оценка по играм)/grade for game' is clicked on

2022-02-21 12:47:18 - [MESSAGE][PASSED] - Object: 'Object Repository/Avangard New/Object (Тренер)/Case (Оценка по играм)/grade for game' is clicked on

2022-02-21 12:47:18 - [TEST_STEP][FAILED] - click(findTestObject("Avangard New/Object (Тренер)/Case (Оценка по играм)/edit")): Unable to click on object 'Object Repository/Avangard New/Object (Тренер)/Case (Оценка по играм)/edit' (Root cause: com.kms.katalon.core.exception.StepFailedException: Unable to click on object 'Object Repository/Avangard New/Object (Тренер)/Case (Оценка по играм)/edit'
	at com.kms.katalon.core.webui.keyword.internal.WebUIKeywordMain.stepFailed(WebUIKeywordMain.groovy:64)
	at com.kms.katalon.core.webui.keyword.internal.WebUIKeywordMain.runKeyword(WebUIKeywordMain.groovy:26)
	at com.kms.katalon.core.webui.keyword.builtin.ClickKeyword.click(ClickKeyword.groovy:74)
	at com.kms.katalon.core.webui.keyword.builtin.ClickKeyword.execute(ClickKeyword.groovy:40)
	at com.kms.katalon.core.keyword.internal.KeywordExecutor.executeKeywordForPlatform(KeywordExecutor.groovy:74)
	at com.kms.katalon.core.webui.keyword.WebUiBuiltInKeywords.click(WebUiBuiltInKeywords.groovy:620)
	at com.kms.katalon.core.webui.keyword.WebUiBuiltInKeywords$click$3.call(Unknown Source)
	at Оценка по играм.run(Оценка по играм:26)
	at com.kms.katalon.core.main.ScriptEngine.run(ScriptEngine.java:194)
	at com.kms.katalon.core.main.ScriptEngine.runScriptAsRawText(ScriptEngine.java:119)
	at com.kms.katalon.core.main.TestCaseExecutor.runScript(TestCaseExecutor.java:442)
	at com.kms.katalon.core.main.TestCaseExecutor.doExecute(TestCaseExecutor.java:433)
	at com.kms.katalon.core.main.TestCaseExecutor.processExecutionPhase(TestCaseExecutor.java:412)
	at com.kms.katalon.core.main.TestCaseExecutor.accessMainPhase(TestCaseExecutor.java:404)
	at com.kms.katalon.core.main.TestCaseExecutor.execute(TestCaseExecutor.java:281)
	at com.kms.katalon.core.main.TestSuiteExecutor.accessTestCaseMainPhase(TestSuiteExecutor.java:202)
	at com.kms.katalon.core.main.TestSuiteExecutor.accessTestSuiteMainPhase(TestSuiteExecutor.java:164)
	at com.kms.katalon.core.main.TestSuiteExecutor.execute(TestSuiteExecutor.java:105)
	at com.kms.katalon.core.main.TestCaseMain.startTestSuite(TestCaseMain.java:185)
	at com.kms.katalon.core.main.TestCaseMain$startTestSuite$0.call(Unknown Source)
	at TempTestSuite1645435808844.run(TempTestSuite1645435808844.groovy:36)
Caused by: com.kms.katalon.core.webui.exception.WebElementNotFoundException: Web element with id: 'Object Repository/Avangard New/Object (Тренер)/Case (Оценка по играм)/edit' located by '//a[@href = '/game_estimation/YQtB2BUWHg' and (text() = 'Редактировать' or . = 'Редактировать')]' not found
	at com.kms.katalon.core.webui.common.WebUiCommonHelper.findWebElement(WebUiCommonHelper.java:1370)
	at com.kms.katalon.core.webui.keyword.internal.WebUIAbstractKeyword.findWebElement(WebUIAbstractKeyword.groovy:27)
	at com.kms.katalon.core.webui.keyword.builtin.ClickKeyword$_click_closure1.doCall(ClickKeyword.groovy:65)
	at com.kms.katalon.core.webui.keyword.builtin.ClickKeyword$_click_closure1.call(ClickKeyword.groovy)
	at com.kms.katalon.core.webui.keyword.internal.WebUIKeywordMain.runKeyword(WebUIKeywordMain.groovy:20)
	at com.kms.katalon.core.webui.keyword.builtin.ClickKeyword.click(ClickKeyword.groovy:74)
	at com.kms.katalon.core.webui.keyword.builtin.ClickKeyword.execute(ClickKeyword.groovy:40)
	at com.kms.katalon.core.keyword.internal.KeywordExecutor.executeKeywordForPlatform(KeywordExecutor.groovy:74)
	at com.kms.katalon.core.webui.keyword.WebUiBuiltInKeywords.click(WebUiBuiltInKeywords.groovy:620)
	at com.kms.katalon.core.webui.keyword.WebUiBuiltInKeywords$click$3.call(Unknown Source)
	at Script1645291305622.run(Script1645291305622.groovy:26)
	... 13 more
)

2022-02-21 12:47:49 - [MESSAGE][INFO] - Unable to find the element located by 'By.xpath: //a[@href = '/game_estimation/YQtB2BUWHg' and (text() = 'Редактировать' or . = 'Редактировать')]'. Please recheck the objects properties to make sure the desired element is located. 

2022-02-21 12:47:49 - [MESSAGE][WARNING] - [SELF-HEALING] Failed to find element with id 'Object Repository/Avangard New/Object (Тренер)/Case (Оценка по играм)/edit'. Try using Self-healing.

2022-02-21 12:47:51 - [MESSAGE][INFO] - [SELF-HEALING] Failed Locator: '//table[@id='SchoolGameEstimationTable']/tbody/tr[7]/td[5]/a'.

2022-02-21 12:47:52 - [MESSAGE][INFO] - [SELF-HEALING] Failed Locator: '//a[contains(text(),'Редактировать')]'.

2022-02-21 12:47:54 - [MESSAGE][INFO] - [SELF-HEALING] Failed Locator: '(.//*[normalize-space(text()) and normalize-space(.)='Заполнить'])[6]/following::a[1]'.

2022-02-21 12:47:55 - [MESSAGE][INFO] - [SELF-HEALING] Failed Locator: '(.//*[normalize-space(text()) and normalize-space(.)='Заполнить'])[5]/following::a[2]'.

2022-02-21 12:47:56 - [MESSAGE][INFO] - [SELF-HEALING] Failed Locator: '(.//*[normalize-space(text()) and normalize-space(.)='Просмотр'])[1]/preceding::a[1]'.

2022-02-21 12:47:58 - [MESSAGE][INFO] - [SELF-HEALING] Failed Locator: '(.//*[normalize-space(text()) and normalize-space(.)='Заполнить'])[7]/preceding::a[2]'.

2022-02-21 12:47:59 - [MESSAGE][INFO] - [SELF-HEALING] Failed Locator: '//*/text()[normalize-space(.)='Редактировать']/parent::*'.

2022-02-21 12:48:01 - [MESSAGE][INFO] - [SELF-HEALING] Failed Locator: '//a[contains(@href, '/game_estimation/YQtB2BUWHg')]'.

2022-02-21 12:48:02 - [MESSAGE][INFO] - [SELF-HEALING] Failed Locator: '//tr[7]/td[5]/a'.

2022-02-21 12:48:03 - [MESSAGE][INFO] - [SELF-HEALING] Failed Locator: '//a[@href = '/game_estimation/YQtB2BUWHg' and (text() = 'Редактировать' or . = 'Редактировать')]'.

2022-02-21 12:48:05 - [MESSAGE][INFO] - Unable to find the element located by 'By.xpath: //*[@href = '/game_estimation/YQtB2BUWHg' and (text() = 'Редактировать' or . = 'Редактировать')]'. Please recheck the objects properties to make sure the desired element is located. 

2022-02-21 12:48:06 - [MESSAGE][INFO] - Unable to find the element located by 'By.cssSelector: '. Please recheck the objects properties to make sure the desired element is located. 

2022-02-21 12:48:10 - [MESSAGE][FAILED] - Unable to click on object 'Object Repository/Avangard New/Object (Тренер)/Case (Оценка по играм)/edit' (Root cause: com.kms.katalon.core.exception.StepFailedException: Unable to click on object 'Object Repository/Avangard New/Object (Тренер)/Case (Оценка по играм)/edit'
	at com.kms.katalon.core.webui.keyword.internal.WebUIKeywordMain.stepFailed(WebUIKeywordMain.groovy:64)
	at com.kms.katalon.core.webui.keyword.internal.WebUIKeywordMain.runKeyword(WebUIKeywordMain.groovy:26)
	at com.kms.katalon.core.webui.keyword.builtin.ClickKeyword.click(ClickKeyword.groovy:74)
	at com.kms.katalon.core.webui.keyword.builtin.ClickKeyword.execute(ClickKeyword.groovy:40)
	at com.kms.katalon.core.keyword.internal.KeywordExecutor.executeKeywordForPlatform(KeywordExecutor.groovy:74)
	at com.kms.katalon.core.webui.keyword.WebUiBuiltInKeywords.click(WebUiBuiltInKeywords.groovy:620)
	at com.kms.katalon.core.webui.keyword.WebUiBuiltInKeywords$click$3.call(Unknown Source)
	at Оценка по играм.run(Оценка по играм:26)
	at com.kms.katalon.core.main.ScriptEngine.run(ScriptEngine.java:194)
	at com.kms.katalon.core.main.ScriptEngine.runScriptAsRawText(ScriptEngine.java:119)
	at com.kms.katalon.core.main.TestCaseExecutor.runScript(TestCaseExecutor.java:442)
	at com.kms.katalon.core.main.TestCaseExecutor.doExecute(TestCaseExecutor.java:433)
	at com.kms.katalon.core.main.TestCaseExecutor.processExecutionPhase(TestCaseExecutor.java:412)
	at com.kms.katalon.core.main.TestCaseExecutor.accessMainPhase(TestCaseExecutor.java:404)
	at com.kms.katalon.core.main.TestCaseExecutor.execute(TestCaseExecutor.java:281)
	at com.kms.katalon.core.main.TestSuiteExecutor.accessTestCaseMainPhase(TestSuiteExecutor.java:202)
	at com.kms.katalon.core.main.TestSuiteExecutor.accessTestSuiteMainPhase(TestSuiteExecutor.java:164)
	at com.kms.katalon.core.main.TestSuiteExecutor.execute(TestSuiteExecutor.java:105)
	at com.kms.katalon.core.main.TestCaseMain.startTestSuite(TestCaseMain.java:185)
	at com.kms.katalon.core.main.TestCaseMain$startTestSuite$0.call(Unknown Source)
	at TempTestSuite1645435808844.run(TempTestSuite1645435808844.groovy:36)
Caused by: com.kms.katalon.core.webui.exception.WebElementNotFoundException: Web element with id: 'Object Repository/Avangard New/Object (Тренер)/Case (Оценка по играм)/edit' located by '//a[@href = '/game_estimation/YQtB2BUWHg' and (text() = 'Редактировать' or . = 'Редактировать')]' not found
	at com.kms.katalon.core.webui.common.WebUiCommonHelper.findWebElement(WebUiCommonHelper.java:1370)
	at com.kms.katalon.core.webui.keyword.internal.WebUIAbstractKeyword.findWebElement(WebUIAbstractKeyword.groovy:27)
	at com.kms.katalon.core.webui.keyword.builtin.ClickKeyword$_click_closure1.doCall(ClickKeyword.groovy:65)
	at com.kms.katalon.core.webui.keyword.builtin.ClickKeyword$_click_closure1.call(ClickKeyword.groovy)
	at com.kms.katalon.core.webui.keyword.internal.WebUIKeywordMain.runKeyword(WebUIKeywordMain.groovy:20)
	at com.kms.katalon.core.webui.keyword.builtin.ClickKeyword.click(ClickKeyword.groovy:74)
	at com.kms.katalon.core.webui.keyword.builtin.ClickKeyword.execute(ClickKeyword.groovy:40)
	at com.kms.katalon.core.keyword.internal.KeywordExecutor.executeKeywordForPlatform(KeywordExecutor.groovy:74)
	at com.kms.katalon.core.webui.keyword.WebUiBuiltInKeywords.click(WebUiBuiltInKeywords.groovy:620)
	at com.kms.katalon.core.webui.keyword.WebUiBuiltInKeywords$click$3.call(Unknown Source)
	at Script1645291305622.run(Script1645291305622.groovy:26)
	... 13 more
)
[[ATTACHMENT|C:\\Users\\LENOVO\\Katalon Studio\\Project Avangard\\Reports\\20220221_122957\\\u0422\u0440\u0435\u043D\u0435\u0440\\20220221_123008\\1645436886594.png]]]]></system-out>
         <system-err><![CDATA[2022-02-21 12:45:32 - [TEST_CASE][FAILED] - Test Cases/Тренер/Оценка по играм: Test Cases/Тренер/Оценка по играм FAILED.
Reason:
com.kms.katalon.core.exception.StepFailedException: Unable to click on object 'Object Repository/Avangard New/Object (Тренер)/Case (Оценка по играм)/edit'
	at com.kms.katalon.core.webui.keyword.internal.WebUIKeywordMain.stepFailed(WebUIKeywordMain.groovy:64)
	at com.kms.katalon.core.webui.keyword.internal.WebUIKeywordMain.runKeyword(WebUIKeywordMain.groovy:26)
	at com.kms.katalon.core.webui.keyword.builtin.ClickKeyword.click(ClickKeyword.groovy:74)
	at com.kms.katalon.core.webui.keyword.builtin.ClickKeyword.execute(ClickKeyword.groovy:40)
	at com.kms.katalon.core.keyword.internal.KeywordExecutor.executeKeywordForPlatform(KeywordExecutor.groovy:74)
	at com.kms.katalon.core.webui.keyword.WebUiBuiltInKeywords.click(WebUiBuiltInKeywords.groovy:620)
	at com.kms.katalon.core.webui.keyword.WebUiBuiltInKeywords$click$3.call(Unknown Source)
	at Оценка по играм.run(Оценка по играм:26)
	at com.kms.katalon.core.main.ScriptEngine.run(ScriptEngine.java:194)
	at com.kms.katalon.core.main.ScriptEngine.runScriptAsRawText(ScriptEngine.java:119)
	at com.kms.katalon.core.main.TestCaseExecutor.runScript(TestCaseExecutor.java:442)
	at com.kms.katalon.core.main.TestCaseExecutor.doExecute(TestCaseExecutor.java:433)
	at com.kms.katalon.core.main.TestCaseExecutor.processExecutionPhase(TestCaseExecutor.java:412)
	at com.kms.katalon.core.main.TestCaseExecutor.accessMainPhase(TestCaseExecutor.java:404)
	at com.kms.katalon.core.main.TestCaseExecutor.execute(TestCaseExecutor.java:281)
	at com.kms.katalon.core.main.TestSuiteExecutor.accessTestCaseMainPhase(TestSuiteExecutor.java:202)
	at com.kms.katalon.core.main.TestSuiteExecutor.accessTestSuiteMainPhase(TestSuiteExecutor.java:164)
	at com.kms.katalon.core.main.TestSuiteExecutor.execute(TestSuiteExecutor.java:105)
	at com.kms.katalon.core.main.TestCaseMain.startTestSuite(TestCaseMain.java:185)
	at com.kms.katalon.core.main.TestCaseMain$startTestSuite$0.call(Unknown Source)
	at TempTestSuite1645435808844.run(TempTestSuite1645435808844.groovy:36)
Caused by: com.kms.katalon.core.webui.exception.WebElementNotFoundException: Web element with id: 'Object Repository/Avangard New/Object (Тренер)/Case (Оценка по играм)/edit' located by '//a[@href = '/game_estimation/YQtB2BUWHg' and (text() = 'Редактировать' or . = 'Редактировать')]' not found
	at com.kms.katalon.core.webui.common.WebUiCommonHelper.findWebElement(WebUiCommonHelper.java:1370)
	at com.kms.katalon.core.webui.keyword.internal.WebUIAbstractKeyword.findWebElement(WebUIAbstractKeyword.groovy:27)
	at com.kms.katalon.core.webui.keyword.builtin.ClickKeyword$_click_closure1.doCall(ClickKeyword.groovy:65)
	at com.kms.katalon.core.webui.keyword.builtin.ClickKeyword$_click_closure1.call(ClickKeyword.groovy)
	at com.kms.katalon.core.webui.keyword.internal.WebUIKeywordMain.runKeyword(WebUIKeywordMain.groovy:20)
	... 19 more]]></system-err>
      </testcase>
      <system-out><![CDATA[2022-02-21 12:30:26 - [TEST_SUITE][FAILED] - Тренер: Test Cases/Тренер/Рекомендации по ОФП FAILED.
Reason:
com.kms.katalon.core.exception.StepFailedException: Unable to click on object 'Object Repository/Avangard New/Object (Тренер)/add'
	at com.kms.katalon.core.webui.keyword.internal.WebUIKeywordMain.stepFailed(WebUIKeywordMain.groovy:64)
	at com.kms.katalon.core.webui.keyword.internal.WebUIKeywordMain.runKeyword(WebUIKeywordMain.groovy:26)
	at com.kms.katalon.core.webui.keyword.builtin.ClickKeyword.click(ClickKeyword.groovy:74)
	at com.kms.katalon.core.webui.keyword.builtin.ClickKeyword.execute(ClickKeyword.groovy:40)
	at com.kms.katalon.core.keyword.internal.KeywordExecutor.executeKeywordForPlatform(KeywordExecutor.groovy:74)
	at com.kms.katalon.core.webui.keyword.WebUiBuiltInKeywords.click(WebUiBuiltInKeywords.groovy:620)
	at com.kms.katalon.core.webui.keyword.WebUiBuiltInKeywords$click$3.call(Unknown Source)
	at Рекомендации по ОФП.run(Рекомендации по ОФП:41)
	at com.kms.katalon.core.main.ScriptEngine.run(ScriptEngine.java:194)
	at com.kms.katalon.core.main.ScriptEngine.runScriptAsRawText(ScriptEngine.java:119)
	at com.kms.katalon.core.main.TestCaseExecutor.runScript(TestCaseExecutor.java:442)
	at com.kms.katalon.core.main.TestCaseExecutor.doExecute(TestCaseExecutor.java:433)
	at com.kms.katalon.core.main.TestCaseExecutor.processExecutionPhase(TestCaseExecutor.java:412)
	at com.kms.katalon.core.main.TestCaseExecutor.accessMainPhase(TestCaseExecutor.java:404)
	at com.kms.katalon.core.main.TestCaseExecutor.execute(TestCaseExecutor.java:281)
	at com.kms.katalon.core.main.TestSuiteExecutor.accessTestCaseMainPhase(TestSuiteExecutor.java:202)
	at com.kms.katalon.core.main.TestSuiteExecutor.accessTestSuiteMainPhase(TestSuiteExecutor.java:164)
	at com.kms.katalon.core.main.TestSuiteExecutor.execute(TestSuiteExecutor.java:105)
	at com.kms.katalon.core.main.TestCaseMain.startTestSuite(TestCaseMain.java:185)
	at com.kms.katalon.core.main.TestCaseMain$startTestSuite$0.call(Unknown Source)
	at TempTestSuite1645435808844.run(TempTestSuite1645435808844.groovy:36)
Caused by: org.openqa.selenium.ElementNotInteractableException: element not interactable
  (Session info: chrome=97.0.4692.71)
Build info: version: '3.141.59', revision: 'e82be7d358', time: '2018-11-14T08:25:53'
System info: host: 'DESKTOP-KNHN0AA', ip: '192.168.2.113', os.name: 'Windows 10', os.arch: 'amd64', os.version: '10.0', java.version: '1.8.0_282'
Driver info: com.kms.katalon.selenium.driver.CRemoteWebDriver
Capabilities {acceptInsecureCerts: false, browserName: chrome, browserVersion: 97.0.4692.71, chrome: {chromedriverVersion: 97.0.4692.71 (adefa7837d02a..., userDataDir: /tmp/.com.google.Chrome.7omSC5}, goog:chromeOptions: {debuggerAddress: localhost:42213}, javascriptEnabled: true, networkConnectionEnabled: false, pageLoadStrategy: normal, platform: LINUX, platformName: LINUX, proxy: Proxy(direct), se:cdp: ws://172.48.86.23:4444/sess..., se:cdpVersion: 97.0.4692.71, se:vnc: ws://172.48.86.23:4444/sess..., se:vncEnabled: true, se:vncLocalAddress: ws://172.48.86.23:7900, setWindowRect: true, strictFileInteractability: false, timeouts: {implicit: 0, pageLoad: 300000, script: 30000}, unhandledPromptBehavior: dismiss and notify, webauthn:extension:credBlob: true, webauthn:extension:largeBlob: true, webauthn:virtualAuthenticators: true}
Session ID: 00b1828e6e594eba04c1cb870a7ea528
	at org.openqa.selenium.remote.http.W3CHttpResponseCodec.createException(W3CHttpResponseCodec.java:187)
	at org.openqa.selenium.remote.http.W3CHttpResponseCodec.decode(W3CHttpResponseCodec.java:122)
	at org.openqa.selenium.remote.http.W3CHttpResponseCodec.decode(W3CHttpResponseCodec.java:49)
	at org.openqa.selenium.remote.HttpCommandExecutor.execute(HttpCommandExecutor.java:158)
	at org.openqa.selenium.remote.RemoteWebDriver.execute(RemoteWebDriver.java:552)
	at com.kms.katalon.selenium.driver.CRemoteWebDriver.execute(CRemoteWebDriver.java:30)
	at org.openqa.selenium.remote.RemoteWebElement.execute(RemoteWebElement.java:285)
	at org.openqa.selenium.remote.RemoteWebElement.click(RemoteWebElement.java:84)
	at org.openqa.selenium.support.events.EventFiringWebDriver$EventFiringWebElement.lambda$new$0(EventFiringWebDriver.java:404)
	at com.sun.proxy.$Proxy11.click(Unknown Source)
	at org.openqa.selenium.support.events.EventFiringWebDriver$EventFiringWebElement.click(EventFiringWebDriver.java:417)
	at org.openqa.selenium.WebElement$click.call(Unknown Source)
	at com.kms.katalon.core.webui.keyword.builtin.ClickKeyword.clickUntilSuccessWithTimeout(ClickKeyword.groovy:81)
	at com.kms.katalon.core.webui.keyword.builtin.ClickKeyword.clickUntilSuccessWithTimeout(ClickKeyword.groovy)
	at com.kms.katalon.core.webui.keyword.builtin.ClickKeyword$_click_closure1.doCall(ClickKeyword.groovy:67)
	at com.kms.katalon.core.webui.keyword.builtin.ClickKeyword$_click_closure1.call(ClickKeyword.groovy)
	at com.kms.katalon.core.webui.keyword.internal.WebUIKeywordMain.runKeyword(WebUIKeywordMain.groovy:20)
	... 19 more]]></system-out>
      <system-err><![CDATA[2022-02-21 12:30:26 - [TEST_SUITE][FAILED] - Тренер: Test Cases/Тренер/Рекомендации по ОФП FAILED.
Reason:
com.kms.katalon.core.exception.StepFailedException: Unable to click on object 'Object Repository/Avangard New/Object (Тренер)/add'
	at com.kms.katalon.core.webui.keyword.internal.WebUIKeywordMain.stepFailed(WebUIKeywordMain.groovy:64)
	at com.kms.katalon.core.webui.keyword.internal.WebUIKeywordMain.runKeyword(WebUIKeywordMain.groovy:26)
	at com.kms.katalon.core.webui.keyword.builtin.ClickKeyword.click(ClickKeyword.groovy:74)
	at com.kms.katalon.core.webui.keyword.builtin.ClickKeyword.execute(ClickKeyword.groovy:40)
	at com.kms.katalon.core.keyword.internal.KeywordExecutor.executeKeywordForPlatform(KeywordExecutor.groovy:74)
	at com.kms.katalon.core.webui.keyword.WebUiBuiltInKeywords.click(WebUiBuiltInKeywords.groovy:620)
	at com.kms.katalon.core.webui.keyword.WebUiBuiltInKeywords$click$3.call(Unknown Source)
	at Рекомендации по ОФП.run(Рекомендации по ОФП:41)
	at com.kms.katalon.core.main.ScriptEngine.run(ScriptEngine.java:194)
	at com.kms.katalon.core.main.ScriptEngine.runScriptAsRawText(ScriptEngine.java:119)
	at com.kms.katalon.core.main.TestCaseExecutor.runScript(TestCaseExecutor.java:442)
	at com.kms.katalon.core.main.TestCaseExecutor.doExecute(TestCaseExecutor.java:433)
	at com.kms.katalon.core.main.TestCaseExecutor.processExecutionPhase(TestCaseExecutor.java:412)
	at com.kms.katalon.core.main.TestCaseExecutor.accessMainPhase(TestCaseExecutor.java:404)
	at com.kms.katalon.core.main.TestCaseExecutor.execute(TestCaseExecutor.java:281)
	at com.kms.katalon.core.main.TestSuiteExecutor.accessTestCaseMainPhase(TestSuiteExecutor.java:202)
	at com.kms.katalon.core.main.TestSuiteExecutor.accessTestSuiteMainPhase(TestSuiteExecutor.java:164)
	at com.kms.katalon.core.main.TestSuiteExecutor.execute(TestSuiteExecutor.java:105)
	at com.kms.katalon.core.main.TestCaseMain.startTestSuite(TestCaseMain.java:185)
	at com.kms.katalon.core.main.TestCaseMain$startTestSuite$0.call(Unknown Source)
	at TempTestSuite1645435808844.run(TempTestSuite1645435808844.groovy:36)
Caused by: org.openqa.selenium.ElementNotInteractableException: element not interactable
  (Session info: chrome=97.0.4692.71)
Build info: version: '3.141.59', revision: 'e82be7d358', time: '2018-11-14T08:25:53'
System info: host: 'DESKTOP-KNHN0AA', ip: '192.168.2.113', os.name: 'Windows 10', os.arch: 'amd64', os.version: '10.0', java.version: '1.8.0_282'
Driver info: com.kms.katalon.selenium.driver.CRemoteWebDriver
Capabilities {acceptInsecureCerts: false, browserName: chrome, browserVersion: 97.0.4692.71, chrome: {chromedriverVersion: 97.0.4692.71 (adefa7837d02a..., userDataDir: /tmp/.com.google.Chrome.7omSC5}, goog:chromeOptions: {debuggerAddress: localhost:42213}, javascriptEnabled: true, networkConnectionEnabled: false, pageLoadStrategy: normal, platform: LINUX, platformName: LINUX, proxy: Proxy(direct), se:cdp: ws://172.48.86.23:4444/sess..., se:cdpVersion: 97.0.4692.71, se:vnc: ws://172.48.86.23:4444/sess..., se:vncEnabled: true, se:vncLocalAddress: ws://172.48.86.23:7900, setWindowRect: true, strictFileInteractability: false, timeouts: {implicit: 0, pageLoad: 300000, script: 30000}, unhandledPromptBehavior: dismiss and notify, webauthn:extension:credBlob: true, webauthn:extension:largeBlob: true, webauthn:virtualAuthenticators: true}
Session ID: 00b1828e6e594eba04c1cb870a7ea528
	at org.openqa.selenium.remote.http.W3CHttpResponseCodec.createException(W3CHttpResponseCodec.java:187)
	at org.openqa.selenium.remote.http.W3CHttpResponseCodec.decode(W3CHttpResponseCodec.java:122)
	at org.openqa.selenium.remote.http.W3CHttpResponseCodec.decode(W3CHttpResponseCodec.java:49)
	at org.openqa.selenium.remote.HttpCommandExecutor.execute(HttpCommandExecutor.java:158)
	at org.openqa.selenium.remote.RemoteWebDriver.execute(RemoteWebDriver.java:552)
	at com.kms.katalon.selenium.driver.CRemoteWebDriver.execute(CRemoteWebDriver.java:30)
	at org.openqa.selenium.remote.RemoteWebElement.execute(RemoteWebElement.java:285)
	at org.openqa.selenium.remote.RemoteWebElement.click(RemoteWebElement.java:84)
	at org.openqa.selenium.support.events.EventFiringWebDriver$EventFiringWebElement.lambda$new$0(EventFiringWebDriver.java:404)
	at com.sun.proxy.$Proxy11.click(Unknown Source)
	at org.openqa.selenium.support.events.EventFiringWebDriver$EventFiringWebElement.click(EventFiringWebDriver.java:417)
	at org.openqa.selenium.WebElement$click.call(Unknown Source)
	at com.kms.katalon.core.webui.keyword.builtin.ClickKeyword.clickUntilSuccessWithTimeout(ClickKeyword.groovy:81)
	at com.kms.katalon.core.webui.keyword.builtin.ClickKeyword.clickUntilSuccessWithTimeout(ClickKeyword.groovy)
	at com.kms.katalon.core.webui.keyword.builtin.ClickKeyword$_click_closure1.doCall(ClickKeyword.groovy:67)
	at com.kms.katalon.core.webui.keyword.builtin.ClickKeyword$_click_closure1.call(ClickKeyword.groovy)
	at com.kms.katalon.core.webui.keyword.internal.WebUIKeywordMain.runKeyword(WebUIKeywordMain.groovy:20)
	... 19 more]]></system-err>
   </testsuite>
   <testsuite name="Игрок" tests="2" failures="1" errors="0" time="355.042" skipped="0" timestamp="2022-02-21 12:30:27" hostname="LENOVO - DESKTOP-KNHN0AA" id="Test Suites/Игрок">
      <properties>
         <property name="deviceName" value=""/>
         <property name="devicePlatform" value=""/>
         <property name="logFolder" value="C:\\Users\\LENOVO\\Katalon Studio\\Project Avangard\\Reports\\20220221_122957\\\u0418\u0433\u0440\u043E\u043A\\20220221_123010"/>
         <property name="logFiles" value="C:\\Users\\LENOVO\\Katalon Studio\\Project Avangard\\Reports\\20220221_122957\\\u0418\u0433\u0440\u043E\u043A\\20220221_123010\\execution0.log"/>
         <property name="attachments" value="C:\\Users\\LENOVO\\Katalon Studio\\Project Avangard\\Reports\\20220221_122957\\\u0418\u0433\u0440\u043E\u043A\\20220221_123010\\1645436178127.png"/>
         <property name="hostName" value="LENOVO - DESKTOP-KNHN0AA"/>
         <property name="remoteDriverUrl" value="testcloud.katalon.com/hub"/>
         <property name="desiredCapabilities" value="{
  &quot;acceptInsecureCerts&quot;: false,
  &quot;browserName&quot;: &quot;chrome&quot;,
  &quot;browserVersion&quot;: &quot;97.0.4692.71&quot;,
  &quot;chrome&quot;: {
    &quot;chromedriverVersion&quot;: &quot;97.0.4692.71 (adefa7837d02a07a604c1e6eff0b3a09422ab88d-refs/branch-heads/4692@{#1247})&quot;,
    &quot;userDataDir&quot;: &quot;/tmp/.com.google.Chrome.EQzsq8&quot;
  },
  &quot;goog:chromeOptions&quot;: {
    &quot;debuggerAddress&quot;: &quot;localhost:42371&quot;
  },
  &quot;javascriptEnabled&quot;: true,
  &quot;networkConnectionEnabled&quot;: false,
  &quot;pageLoadStrategy&quot;: &quot;normal&quot;,
  &quot;platform&quot;: &quot;LINUX&quot;,
  &quot;platformName&quot;: &quot;LINUX&quot;,
  &quot;proxy&quot;: {
    &quot;proxyType&quot;: &quot;DIRECT&quot;,
    &quot;autodetect&quot;: false
  },
  &quot;se:cdp&quot;: &quot;ws://172.48.86.9:4444/session/8ca1f3dcb705cf2f20dd2738adbc4ce0/se/cdp&quot;,
  &quot;se:cdpVersion&quot;: &quot;97.0.4692.71&quot;,
  &quot;se:vnc&quot;: &quot;ws://172.48.86.9:4444/session/8ca1f3dcb705cf2f20dd2738adbc4ce0/se/vnc&quot;,
  &quot;se:vncEnabled&quot;: true,
  &quot;se:vncLocalAddress&quot;: &quot;ws://172.48.86.9:7900&quot;,
  &quot;setWindowRect&quot;: true,
  &quot;strictFileInteractability&quot;: false,
  &quot;timeouts&quot;: {
    &quot;implicit&quot;: 0,
    &quot;pageLoad&quot;: 300000,
    &quot;script&quot;: 30000
  },
  &quot;unhandledPromptBehavior&quot;: &quot;dismiss and notify&quot;,
  &quot;webauthn:extension:credBlob&quot;: true,
  &quot;webauthn:extension:largeBlob&quot;: true,
  &quot;webauthn:virtualAuthenticators&quot;: true
}"/>
         <property name="os" value="Windows 10 64bit"/>
         <property name="remoteOS" value="Linux"/>
         <property name="katalonVersion" value="8.2.5.208"/>
         <property name="browser" value="Chrome 97.0.4692.71"/>
         <property name="hostAddress" value="192.168.2.113"/>
         <property name="sessionId" value="8ca1f3dcb705cf2f20dd2738adbc4ce0"/>
         <property name="seleniumVersion" value="3.141.59"/>
         <property name="proxyInformation" value="ProxyInformation { proxyOption=NO_PROXY, proxyServerType=HTTP, username=, password=********, proxyServerAddress=, proxyServerPort=0, executionList=&quot;&quot;, isApplyToDesiredCapabilities=true }"/>
         <property name="platform" value="Windows 10"/>
      </properties>
      <testcase name="Test Cases/Игрок/Авторизация" time="111.713" classname="Test Cases/Игрок/Авторизация" status="PASSED">
         <system-out><![CDATA[2022-02-21 12:30:29 - [TEST_CASE][PASSED] - Test Cases/Игрок/Авторизация: Test Cases/Игрок/Авторизация

2022-02-21 12:30:33 - [TEST_STEP][PASSED] - openBrowser(""): Browser is opened with url: ''

2022-02-21 12:30:34 - [MESSAGE][INFO] - User set preference: ['os', 'linux']

2022-02-21 12:30:34 - [MESSAGE][INFO] - User set preference: ['browserName', 'chrome']

2022-02-21 12:30:34 - [MESSAGE][INFO] - User set preference: ['browserVersion', '97']

2022-02-21 12:30:34 - [MESSAGE][INFO] - User set preference: ['katalon:option', '{organizationId=551240, tunnelId=, usingTunnel=false}']

2022-02-21 12:30:35 - [MESSAGE][INFO] - Connecting to remote web server 'testcloud.katalon.com/hub' with type 'Selenium'

2022-02-21 12:30:36 - [MESSAGE][INFO] - Action delay is set to 100 milliseconds

2022-02-21 12:32:02 - [MESSAGE][PASSED] - Browser is opened with url: ''

2022-02-21 12:32:02 - [TEST_STEP][PASSED] - maximizeWindow(): Current window maximized

2022-02-21 12:32:03 - [MESSAGE][PASSED] - Current window maximized

2022-02-21 12:32:03 - [TEST_STEP][PASSED] - navigateToUrl(url): Navigate to 'https://stars-stage.hawk.ru:8080' successfully

2022-02-21 12:32:09 - [MESSAGE][PASSED] - Navigate to 'https://stars-stage.hawk.ru:8080' successfully

2022-02-21 12:32:09 - [TEST_STEP][PASSED] - setText(findTestObject("Object Repository/manager/Page_/input__sc-lnrBVv eqPACj"), player_login): Text 'danilaganin7218@icloud.com' is set on object 'Object Repository/manager/Page_/input__sc-lnrBVv eqPACj'

2022-02-21 12:32:13 - [MESSAGE][PASSED] - Text 'danilaganin7218@icloud.com' is set on object 'Object Repository/manager/Page_/input__sc-lnrBVv eqPACj'

2022-02-21 12:32:13 - [TEST_STEP][PASSED] - setText(findTestObject("Object Repository/manager/Page_/input__sc-lnrBVv eqPACj_1"), player_password): Text 'danilaganin7218' is set on object 'Object Repository/manager/Page_/input__sc-lnrBVv eqPACj_1'

2022-02-21 12:32:18 - [MESSAGE][PASSED] - Text 'danilaganin7218' is set on object 'Object Repository/manager/Page_/input__sc-lnrBVv eqPACj_1'

2022-02-21 12:32:18 - [TEST_STEP][PASSED] - click(findTestObject("manager/Page_/go")): Object: 'Object Repository/manager/Page_/go' is clicked on

2022-02-21 12:32:20 - [MESSAGE][PASSED] - Object: 'Object Repository/manager/Page_/go' is clicked on]]></system-out>
         <system-err><![CDATA[]]></system-err>
      </testcase>
      <testcase name="Test Cases/Игрок/Отчеты" time="242.066" classname="Test Cases/Игрок/Отчеты" status="FAILED">
         <failure type="FAILED" message="Test Cases/Игрок/Отчеты FAILED.
Reason:
com.kms.katalon.core.exception.StepFailedException: Unable to scroll to object 'Object Repository/Avangard New/Object (Игрок)/Case (отчеты)/xarakteristika'
	at com.kms.katalon.core.webui.keyword.internal.WebUIKeywordMain.stepFailed(WebUIKeywordMain.groovy:64)
	at com.kms.katalon.core.webui.keyword.internal.WebUIKeywordMain.runKeyword(WebUIKeywordMain.groovy:26)
	at com.kms.katalon.core.webui.keyword.builtin.ScrollToElementKeyword.scrollToElement(ScrollToElementKeyword.groovy:88)
	at com.kms.katalon.core.webui.keyword.builtin.ScrollToElementKeyword.execute(ScrollToElementKeyword.groovy:68)
	at com.kms.katalon.core.keyword.internal.KeywordExecutor.executeKeywordForPlatform(KeywordExecutor.groovy:74)
	at com.kms.katalon.core.webui.keyword.WebUiBuiltInKeywords.scrollToElement(WebUiBuiltInKeywords.groovy:4061)
	at com.kms.katalon.core.webui.keyword.WebUiBuiltInKeywords$scrollToElement$4.call(Unknown Source)
	at Отчеты.run(Отчеты:45)
	at com.kms.katalon.core.main.ScriptEngine.run(ScriptEngine.java:194)
	at com.kms.katalon.core.main.ScriptEngine.runScriptAsRawText(ScriptEngine.java:119)
	at com.kms.katalon.core.main.TestCaseExecutor.runScript(TestCaseExecutor.java:442)
	at com.kms.katalon.core.main.TestCaseExecutor.doExecute(TestCaseExecutor.java:433)
	at com.kms.katalon.core.main.TestCaseExecutor.processExecutionPhase(TestCaseExecutor.java:412)
	at com.kms.katalon.core.main.TestCaseExecutor.accessMainPhase(TestCaseExecutor.java:404)
	at com.kms.katalon.core.main.TestCaseExecutor.execute(TestCaseExecutor.java:281)
	at com.kms.katalon.core.main.TestSuiteExecutor.accessTestCaseMainPhase(TestSuiteExecutor.java:202)
	at com.kms.katalon.core.main.TestSuiteExecutor.accessTestSuiteMainPhase(TestSuiteExecutor.java:164)
	at com.kms.katalon.core.main.TestSuiteExecutor.execute(TestSuiteExecutor.java:105)
	at com.kms.katalon.core.main.TestCaseMain.startTestSuite(TestCaseMain.java:185)
	at com.kms.katalon.core.main.TestCaseMain$startTestSuite$0.call(Unknown Source)
	at TempTestSuite1645435810556.run(TempTestSuite1645435810556.groovy:36)
Caused by: com.kms.katalon.core.webui.exception.WebElementNotFoundException: Web element with id: 'Object Repository/Avangard New/Object (Игрок)/Case (отчеты)/xarakteristika' located by '//p[(text() = 'Экстраверсия' or . = 'Экстраверсия')]' not found
	at com.kms.katalon.core.webui.common.WebUiCommonHelper.findWebElement(WebUiCommonHelper.java:1370)
	at com.kms.katalon.core.webui.keyword.internal.WebUIAbstractKeyword.findWebElement(WebUIAbstractKeyword.groovy:27)
	at com.kms.katalon.core.webui.keyword.internal.WebUIAbstractKeyword.findWebElement(WebUIAbstractKeyword.groovy:26)
	at com.kms.katalon.core.webui.keyword.builtin.ScrollToElementKeyword$_scrollToElement_closure1.doCall(ScrollToElementKeyword.groovy:79)
	at com.kms.katalon.core.webui.keyword.builtin.ScrollToElementKeyword$_scrollToElement_closure1.call(ScrollToElementKeyword.groovy)
	at com.kms.katalon.core.webui.keyword.internal.WebUIKeywordMain.runKeyword(WebUIKeywordMain.groovy:20)
	... 19 more
"/>
         <system-out><![CDATA[2022-02-21 12:32:20 - [TEST_CASE][FAILED] - Test Cases/Игрок/Отчеты: Test Cases/Игрок/Отчеты FAILED.
Reason:
com.kms.katalon.core.exception.StepFailedException: Unable to scroll to object 'Object Repository/Avangard New/Object (Игрок)/Case (отчеты)/xarakteristika'
	at com.kms.katalon.core.webui.keyword.internal.WebUIKeywordMain.stepFailed(WebUIKeywordMain.groovy:64)
	at com.kms.katalon.core.webui.keyword.internal.WebUIKeywordMain.runKeyword(WebUIKeywordMain.groovy:26)
	at com.kms.katalon.core.webui.keyword.builtin.ScrollToElementKeyword.scrollToElement(ScrollToElementKeyword.groovy:88)
	at com.kms.katalon.core.webui.keyword.builtin.ScrollToElementKeyword.execute(ScrollToElementKeyword.groovy:68)
	at com.kms.katalon.core.keyword.internal.KeywordExecutor.executeKeywordForPlatform(KeywordExecutor.groovy:74)
	at com.kms.katalon.core.webui.keyword.WebUiBuiltInKeywords.scrollToElement(WebUiBuiltInKeywords.groovy:4061)
	at com.kms.katalon.core.webui.keyword.WebUiBuiltInKeywords$scrollToElement$4.call(Unknown Source)
	at Отчеты.run(Отчеты:45)
	at com.kms.katalon.core.main.ScriptEngine.run(ScriptEngine.java:194)
	at com.kms.katalon.core.main.ScriptEngine.runScriptAsRawText(ScriptEngine.java:119)
	at com.kms.katalon.core.main.TestCaseExecutor.runScript(TestCaseExecutor.java:442)
	at com.kms.katalon.core.main.TestCaseExecutor.doExecute(TestCaseExecutor.java:433)
	at com.kms.katalon.core.main.TestCaseExecutor.processExecutionPhase(TestCaseExecutor.java:412)
	at com.kms.katalon.core.main.TestCaseExecutor.accessMainPhase(TestCaseExecutor.java:404)
	at com.kms.katalon.core.main.TestCaseExecutor.execute(TestCaseExecutor.java:281)
	at com.kms.katalon.core.main.TestSuiteExecutor.accessTestCaseMainPhase(TestSuiteExecutor.java:202)
	at com.kms.katalon.core.main.TestSuiteExecutor.accessTestSuiteMainPhase(TestSuiteExecutor.java:164)
	at com.kms.katalon.core.main.TestSuiteExecutor.execute(TestSuiteExecutor.java:105)
	at com.kms.katalon.core.main.TestCaseMain.startTestSuite(TestCaseMain.java:185)
	at com.kms.katalon.core.main.TestCaseMain$startTestSuite$0.call(Unknown Source)
	at TempTestSuite1645435810556.run(TempTestSuite1645435810556.groovy:36)
Caused by: com.kms.katalon.core.webui.exception.WebElementNotFoundException: Web element with id: 'Object Repository/Avangard New/Object (Игрок)/Case (отчеты)/xarakteristika' located by '//p[(text() = 'Экстраверсия' or . = 'Экстраверсия')]' not found
	at com.kms.katalon.core.webui.common.WebUiCommonHelper.findWebElement(WebUiCommonHelper.java:1370)
	at com.kms.katalon.core.webui.keyword.internal.WebUIAbstractKeyword.findWebElement(WebUIAbstractKeyword.groovy:27)
	at com.kms.katalon.core.webui.keyword.internal.WebUIAbstractKeyword.findWebElement(WebUIAbstractKeyword.groovy:26)
	at com.kms.katalon.core.webui.keyword.builtin.ScrollToElementKeyword$_scrollToElement_closure1.doCall(ScrollToElementKeyword.groovy:79)
	at com.kms.katalon.core.webui.keyword.builtin.ScrollToElementKeyword$_scrollToElement_closure1.call(ScrollToElementKeyword.groovy)
	at com.kms.katalon.core.webui.keyword.internal.WebUIKeywordMain.runKeyword(WebUIKeywordMain.groovy:20)
	... 19 more


2022-02-21 12:32:21 - [TEST_STEP][PASSED] - callTestCase(findTestCase("Игрок/Авторизация"), [:], STOP_ON_FAILURE): Call Test Case 'Test Cases/Игрок/Авторизация' successfully

2022-02-21 12:32:21 - [TEST_CASE][PASSED] - Test Cases/Игрок/Авторизация: Test Cases/Игрок/Авторизация

2022-02-21 12:32:21 - [TEST_STEP][PASSED] - openBrowser(""): Browser is opened with url: ''

2022-02-21 12:32:21 - [MESSAGE][WARNING] - A browser is already opened. Closing browser and opening a new one

2022-02-21 12:32:21 - [MESSAGE][INFO] - User set preference: ['os', 'linux']

2022-02-21 12:32:21 - [MESSAGE][INFO] - User set preference: ['browserName', 'chrome']

2022-02-21 12:32:21 - [MESSAGE][INFO] - User set preference: ['browserVersion', '97']

2022-02-21 12:32:21 - [MESSAGE][INFO] - User set preference: ['katalon:option', '{organizationId=551240, tunnelId=, usingTunnel=false}']

2022-02-21 12:32:21 - [MESSAGE][INFO] - Connecting to remote web server 'testcloud.katalon.com/hub' with type 'Selenium'

2022-02-21 12:32:21 - [MESSAGE][INFO] - Action delay is set to 100 milliseconds

2022-02-21 12:34:34 - [MESSAGE][PASSED] - Browser is opened with url: ''

2022-02-21 12:34:34 - [TEST_STEP][PASSED] - maximizeWindow(): Current window maximized

2022-02-21 12:34:35 - [MESSAGE][PASSED] - Current window maximized

2022-02-21 12:34:35 - [TEST_STEP][PASSED] - navigateToUrl(url): Navigate to 'https://stars-stage.hawk.ru:8080' successfully

2022-02-21 12:34:41 - [MESSAGE][PASSED] - Navigate to 'https://stars-stage.hawk.ru:8080' successfully

2022-02-21 12:34:41 - [TEST_STEP][PASSED] - setText(findTestObject("Object Repository/manager/Page_/input__sc-lnrBVv eqPACj"), player_login): Text 'danilaganin7218@icloud.com' is set on object 'Object Repository/manager/Page_/input__sc-lnrBVv eqPACj'

2022-02-21 12:34:46 - [MESSAGE][PASSED] - Text 'danilaganin7218@icloud.com' is set on object 'Object Repository/manager/Page_/input__sc-lnrBVv eqPACj'

2022-02-21 12:34:46 - [TEST_STEP][PASSED] - setText(findTestObject("Object Repository/manager/Page_/input__sc-lnrBVv eqPACj_1"), player_password): Text 'danilaganin7218' is set on object 'Object Repository/manager/Page_/input__sc-lnrBVv eqPACj_1'

2022-02-21 12:34:50 - [MESSAGE][PASSED] - Text 'danilaganin7218' is set on object 'Object Repository/manager/Page_/input__sc-lnrBVv eqPACj_1'

2022-02-21 12:34:50 - [TEST_STEP][PASSED] - click(findTestObject("manager/Page_/go")): Object: 'Object Repository/manager/Page_/go' is clicked on

2022-02-21 12:34:52 - [MESSAGE][PASSED] - Object: 'Object Repository/manager/Page_/go' is clicked on

2022-02-21 12:34:52 - [MESSAGE][PASSED] - Call Test Case 'Test Cases/Игрок/Авторизация' successfully

2022-02-21 12:34:52 - [TEST_STEP][PASSED] - click(findTestObject("Object Repository/Avangard New/Object (Игрок)/Case (отчеты)/report")): Object: 'Object Repository/Avangard New/Object (Игрок)/Case (отчеты)/report' is clicked on

2022-02-21 12:35:05 - [MESSAGE][PASSED] - Object: 'Object Repository/Avangard New/Object (Игрок)/Case (отчеты)/report' is clicked on

2022-02-21 12:35:05 - [TEST_STEP][PASSED] - click(findTestObject("Object Repository/Avangard New/Object (Игрок)/Case (отчеты)/psixolog")): Object: 'Object Repository/Avangard New/Object (Игрок)/Case (отчеты)/psixolog' is clicked on

2022-02-21 12:35:08 - [MESSAGE][PASSED] - Object: 'Object Repository/Avangard New/Object (Игрок)/Case (отчеты)/psixolog' is clicked on

2022-02-21 12:35:08 - [TEST_STEP][PASSED] - click(findTestObject("Object Repository/Avangard New/Object (Игрок)/Case (отчеты)/button burger")): Object: 'Object Repository/Avangard New/Object (Игрок)/Case (отчеты)/button burger' is clicked on

2022-02-21 12:35:10 - [MESSAGE][PASSED] - Object: 'Object Repository/Avangard New/Object (Игрок)/Case (отчеты)/button burger' is clicked on

2022-02-21 12:35:10 - [TEST_STEP][PASSED] - click(findTestObject("Object Repository/Avangard New/Object (Игрок)/Case (отчеты)/date 30.06.2021")): Object: 'Object Repository/Avangard New/Object (Игрок)/Case (отчеты)/date 30.06.2021' is clicked on

2022-02-21 12:35:12 - [MESSAGE][PASSED] - Object: 'Object Repository/Avangard New/Object (Игрок)/Case (отчеты)/date 30.06.2021' is clicked on

2022-02-21 12:35:12 - [TEST_STEP][PASSED] - scrollToElement(findTestObject("Avangard New/Object (Игрок)/Case (отчеты)/reaction easy"), 0): Scroll to object 'Object Repository/Avangard New/Object (Игрок)/Case (отчеты)/reaction easy' successfully

2022-02-21 12:35:12 - [MESSAGE][WARNING] - Timeout '0' is invalid. Using default page load timeout: '30'

2022-02-21 12:35:19 - [MESSAGE][PASSED] - Scroll to object 'Object Repository/Avangard New/Object (Игрок)/Case (отчеты)/reaction easy' successfully

2022-02-21 12:35:19 - [TEST_STEP][PASSED] - verifyElementText(findTestObject("Avangard New/Object (Игрок)/Case (отчеты)/reaction easy"), "Реакция на простой стимул"): Actual text and expected text of test object 'Object Repository/Avangard New/Object (Игрок)/Case (отчеты)/reaction easy' are matched.

2022-02-21 12:35:21 - [MESSAGE][PASSED] - Actual text and expected text of test object 'Object Repository/Avangard New/Object (Игрок)/Case (отчеты)/reaction easy' are matched.

2022-02-21 12:35:21 - [TEST_STEP][PASSED] - verifyElementText(findTestObject("Avangard New/Object (Игрок)/Case (отчеты)/reaction hard"), "Реакция на сложный стимул"): Actual text and expected text of test object 'Object Repository/Avangard New/Object (Игрок)/Case (отчеты)/reaction hard' are matched.

2022-02-21 12:35:23 - [MESSAGE][PASSED] - Actual text and expected text of test object 'Object Repository/Avangard New/Object (Игрок)/Case (отчеты)/reaction hard' are matched.

2022-02-21 12:35:23 - [TEST_STEP][PASSED] - scrollToElement(findTestObject("Object Repository/Avangard New/Object (Игрок)/Case (отчеты)/button burg date"), 0): Scroll to object 'Object Repository/Avangard New/Object (Игрок)/Case (отчеты)/button burg date' successfully

2022-02-21 12:35:23 - [MESSAGE][WARNING] - Timeout '0' is invalid. Using default page load timeout: '30'

2022-02-21 12:35:25 - [MESSAGE][PASSED] - Scroll to object 'Object Repository/Avangard New/Object (Игрок)/Case (отчеты)/button burg date' successfully

2022-02-21 12:35:25 - [TEST_STEP][PASSED] - click(findTestObject("Object Repository/Avangard New/Object (Игрок)/Case (отчеты)/tab")): Object: 'Object Repository/Avangard New/Object (Игрок)/Case (отчеты)/tab' is clicked on

2022-02-21 12:35:27 - [MESSAGE][PASSED] - Object: 'Object Repository/Avangard New/Object (Игрок)/Case (отчеты)/tab' is clicked on

2022-02-21 12:35:27 - [TEST_STEP][PASSED] - click(findTestObject("Object Repository/Avangard New/Object (Игрок)/Case (отчеты)/button burg date")): Object: 'Object Repository/Avangard New/Object (Игрок)/Case (отчеты)/button burg date' is clicked on

2022-02-21 12:35:29 - [MESSAGE][PASSED] - Object: 'Object Repository/Avangard New/Object (Игрок)/Case (отчеты)/button burg date' is clicked on

2022-02-21 12:35:29 - [TEST_STEP][PASSED] - click(findTestObject("Object Repository/Avangard New/Object (Игрок)/Case (отчеты)/div_21-22_1")): Object: 'Object Repository/Avangard New/Object (Игрок)/Case (отчеты)/div_21-22_1' is clicked on

2022-02-21 12:35:32 - [MESSAGE][PASSED] - Object: 'Object Repository/Avangard New/Object (Игрок)/Case (отчеты)/div_21-22_1' is clicked on

2022-02-21 12:35:32 - [TEST_STEP][FAILED] - scrollToElement(findTestObject("Avangard New/Object (Игрок)/Case (отчеты)/xarakteristika"), 0): Unable to scroll to object 'Object Repository/Avangard New/Object (Игрок)/Case (отчеты)/xarakteristika' (Root cause: com.kms.katalon.core.exception.StepFailedException: Unable to scroll to object 'Object Repository/Avangard New/Object (Игрок)/Case (отчеты)/xarakteristika'
	at com.kms.katalon.core.webui.keyword.internal.WebUIKeywordMain.stepFailed(WebUIKeywordMain.groovy:64)
	at com.kms.katalon.core.webui.keyword.internal.WebUIKeywordMain.runKeyword(WebUIKeywordMain.groovy:26)
	at com.kms.katalon.core.webui.keyword.builtin.ScrollToElementKeyword.scrollToElement(ScrollToElementKeyword.groovy:88)
	at com.kms.katalon.core.webui.keyword.builtin.ScrollToElementKeyword.execute(ScrollToElementKeyword.groovy:68)
	at com.kms.katalon.core.keyword.internal.KeywordExecutor.executeKeywordForPlatform(KeywordExecutor.groovy:74)
	at com.kms.katalon.core.webui.keyword.WebUiBuiltInKeywords.scrollToElement(WebUiBuiltInKeywords.groovy:4061)
	at com.kms.katalon.core.webui.keyword.WebUiBuiltInKeywords$scrollToElement$4.call(Unknown Source)
	at Отчеты.run(Отчеты:45)
	at com.kms.katalon.core.main.ScriptEngine.run(ScriptEngine.java:194)
	at com.kms.katalon.core.main.ScriptEngine.runScriptAsRawText(ScriptEngine.java:119)
	at com.kms.katalon.core.main.TestCaseExecutor.runScript(TestCaseExecutor.java:442)
	at com.kms.katalon.core.main.TestCaseExecutor.doExecute(TestCaseExecutor.java:433)
	at com.kms.katalon.core.main.TestCaseExecutor.processExecutionPhase(TestCaseExecutor.java:412)
	at com.kms.katalon.core.main.TestCaseExecutor.accessMainPhase(TestCaseExecutor.java:404)
	at com.kms.katalon.core.main.TestCaseExecutor.execute(TestCaseExecutor.java:281)
	at com.kms.katalon.core.main.TestSuiteExecutor.accessTestCaseMainPhase(TestSuiteExecutor.java:202)
	at com.kms.katalon.core.main.TestSuiteExecutor.accessTestSuiteMainPhase(TestSuiteExecutor.java:164)
	at com.kms.katalon.core.main.TestSuiteExecutor.execute(TestSuiteExecutor.java:105)
	at com.kms.katalon.core.main.TestCaseMain.startTestSuite(TestCaseMain.java:185)
	at com.kms.katalon.core.main.TestCaseMain$startTestSuite$0.call(Unknown Source)
	at TempTestSuite1645435810556.run(TempTestSuite1645435810556.groovy:36)
Caused by: com.kms.katalon.core.webui.exception.WebElementNotFoundException: Web element with id: 'Object Repository/Avangard New/Object (Игрок)/Case (отчеты)/xarakteristika' located by '//p[(text() = 'Экстраверсия' or . = 'Экстраверсия')]' not found
	at com.kms.katalon.core.webui.common.WebUiCommonHelper.findWebElement(WebUiCommonHelper.java:1370)
	at com.kms.katalon.core.webui.keyword.internal.WebUIAbstractKeyword.findWebElement(WebUIAbstractKeyword.groovy:27)
	at com.kms.katalon.core.webui.keyword.internal.WebUIAbstractKeyword.findWebElement(WebUIAbstractKeyword.groovy:26)
	at com.kms.katalon.core.webui.keyword.builtin.ScrollToElementKeyword$_scrollToElement_closure1.doCall(ScrollToElementKeyword.groovy:79)
	at com.kms.katalon.core.webui.keyword.builtin.ScrollToElementKeyword$_scrollToElement_closure1.call(ScrollToElementKeyword.groovy)
	at com.kms.katalon.core.webui.keyword.internal.WebUIKeywordMain.runKeyword(WebUIKeywordMain.groovy:20)
	at com.kms.katalon.core.webui.keyword.builtin.ScrollToElementKeyword.scrollToElement(ScrollToElementKeyword.groovy:88)
	at com.kms.katalon.core.webui.keyword.builtin.ScrollToElementKeyword.execute(ScrollToElementKeyword.groovy:68)
	at com.kms.katalon.core.keyword.internal.KeywordExecutor.executeKeywordForPlatform(KeywordExecutor.groovy:74)
	at com.kms.katalon.core.webui.keyword.WebUiBuiltInKeywords.scrollToElement(WebUiBuiltInKeywords.groovy:4061)
	at com.kms.katalon.core.webui.keyword.WebUiBuiltInKeywords$scrollToElement$4.call(Unknown Source)
	at Script1645287289852.run(Script1645287289852.groovy:45)
	... 13 more
)

2022-02-21 12:35:32 - [MESSAGE][WARNING] - Timeout '0' is invalid. Using default page load timeout: '30'

2022-02-21 12:36:03 - [MESSAGE][INFO] - Unable to find the element located by 'By.xpath: //p[(text() = 'Экстраверсия' or . = 'Экстраверсия')]'. Please recheck the objects properties to make sure the desired element is located. 

2022-02-21 12:36:03 - [MESSAGE][WARNING] - [SELF-HEALING] Failed to find element with id 'Object Repository/Avangard New/Object (Игрок)/Case (отчеты)/xarakteristika'. Try using Self-healing.

2022-02-21 12:36:05 - [MESSAGE][INFO] - [SELF-HEALING] Failed Locator: '//div[@id='rc-tabs-1-panel-1']/div[2]/div[2]/div/div/div/div/div[2]/p[2]'.

2022-02-21 12:36:07 - [MESSAGE][INFO] - [SELF-HEALING] Failed Locator: '(.//*[normalize-space(text()) and normalize-space(.)='Индивидуально-типологический'])[1]/following::p[17]'.

2022-02-21 12:36:08 - [MESSAGE][INFO] - [SELF-HEALING] Failed Locator: '(.//*[normalize-space(text()) and normalize-space(.)='Психологический'])[1]/following::p[17]'.

2022-02-21 12:36:10 - [MESSAGE][INFO] - [SELF-HEALING] Failed Locator: '(.//*[normalize-space(text()) and normalize-space(.)='Редактирование профиля'])[1]/preceding::p[29]'.

2022-02-21 12:36:12 - [MESSAGE][INFO] - [SELF-HEALING] Failed Locator: '//*/text()[normalize-space(.)='Экстраверсия']/parent::*'.

2022-02-21 12:36:13 - [MESSAGE][INFO] - [SELF-HEALING] Failed Locator: '//div[2]/div/div/div/div/div[2]/p[2]'.

2022-02-21 12:36:15 - [MESSAGE][INFO] - [SELF-HEALING] Failed Locator: '//p[(text() = 'Экстраверсия' or . = 'Экстраверсия')]'.

2022-02-21 12:36:16 - [MESSAGE][INFO] - Unable to find the element located by 'By.xpath: //*[(text() = 'Экстраверсия' or . = 'Экстраверсия')]'. Please recheck the objects properties to make sure the desired element is located. 

2022-02-21 12:36:18 - [MESSAGE][INFO] - Unable to find the element located by 'By.cssSelector: p.styles__SkillName-sc-8xsnvi-9.fxKVA'. Please recheck the objects properties to make sure the desired element is located. 

2022-02-21 12:36:20 - [MESSAGE][FAILED] - Unable to scroll to object 'Object Repository/Avangard New/Object (Игрок)/Case (отчеты)/xarakteristika' (Root cause: com.kms.katalon.core.exception.StepFailedException: Unable to scroll to object 'Object Repository/Avangard New/Object (Игрок)/Case (отчеты)/xarakteristika'
	at com.kms.katalon.core.webui.keyword.internal.WebUIKeywordMain.stepFailed(WebUIKeywordMain.groovy:64)
	at com.kms.katalon.core.webui.keyword.internal.WebUIKeywordMain.runKeyword(WebUIKeywordMain.groovy:26)
	at com.kms.katalon.core.webui.keyword.builtin.ScrollToElementKeyword.scrollToElement(ScrollToElementKeyword.groovy:88)
	at com.kms.katalon.core.webui.keyword.builtin.ScrollToElementKeyword.execute(ScrollToElementKeyword.groovy:68)
	at com.kms.katalon.core.keyword.internal.KeywordExecutor.executeKeywordForPlatform(KeywordExecutor.groovy:74)
	at com.kms.katalon.core.webui.keyword.WebUiBuiltInKeywords.scrollToElement(WebUiBuiltInKeywords.groovy:4061)
	at com.kms.katalon.core.webui.keyword.WebUiBuiltInKeywords$scrollToElement$4.call(Unknown Source)
	at Отчеты.run(Отчеты:45)
	at com.kms.katalon.core.main.ScriptEngine.run(ScriptEngine.java:194)
	at com.kms.katalon.core.main.ScriptEngine.runScriptAsRawText(ScriptEngine.java:119)
	at com.kms.katalon.core.main.TestCaseExecutor.runScript(TestCaseExecutor.java:442)
	at com.kms.katalon.core.main.TestCaseExecutor.doExecute(TestCaseExecutor.java:433)
	at com.kms.katalon.core.main.TestCaseExecutor.processExecutionPhase(TestCaseExecutor.java:412)
	at com.kms.katalon.core.main.TestCaseExecutor.accessMainPhase(TestCaseExecutor.java:404)
	at com.kms.katalon.core.main.TestCaseExecutor.execute(TestCaseExecutor.java:281)
	at com.kms.katalon.core.main.TestSuiteExecutor.accessTestCaseMainPhase(TestSuiteExecutor.java:202)
	at com.kms.katalon.core.main.TestSuiteExecutor.accessTestSuiteMainPhase(TestSuiteExecutor.java:164)
	at com.kms.katalon.core.main.TestSuiteExecutor.execute(TestSuiteExecutor.java:105)
	at com.kms.katalon.core.main.TestCaseMain.startTestSuite(TestCaseMain.java:185)
	at com.kms.katalon.core.main.TestCaseMain$startTestSuite$0.call(Unknown Source)
	at TempTestSuite1645435810556.run(TempTestSuite1645435810556.groovy:36)
Caused by: com.kms.katalon.core.webui.exception.WebElementNotFoundException: Web element with id: 'Object Repository/Avangard New/Object (Игрок)/Case (отчеты)/xarakteristika' located by '//p[(text() = 'Экстраверсия' or . = 'Экстраверсия')]' not found
	at com.kms.katalon.core.webui.common.WebUiCommonHelper.findWebElement(WebUiCommonHelper.java:1370)
	at com.kms.katalon.core.webui.keyword.internal.WebUIAbstractKeyword.findWebElement(WebUIAbstractKeyword.groovy:27)
	at com.kms.katalon.core.webui.keyword.internal.WebUIAbstractKeyword.findWebElement(WebUIAbstractKeyword.groovy:26)
	at com.kms.katalon.core.webui.keyword.builtin.ScrollToElementKeyword$_scrollToElement_closure1.doCall(ScrollToElementKeyword.groovy:79)
	at com.kms.katalon.core.webui.keyword.builtin.ScrollToElementKeyword$_scrollToElement_closure1.call(ScrollToElementKeyword.groovy)
	at com.kms.katalon.core.webui.keyword.internal.WebUIKeywordMain.runKeyword(WebUIKeywordMain.groovy:20)
	at com.kms.katalon.core.webui.keyword.builtin.ScrollToElementKeyword.scrollToElement(ScrollToElementKeyword.groovy:88)
	at com.kms.katalon.core.webui.keyword.builtin.ScrollToElementKeyword.execute(ScrollToElementKeyword.groovy:68)
	at com.kms.katalon.core.keyword.internal.KeywordExecutor.executeKeywordForPlatform(KeywordExecutor.groovy:74)
	at com.kms.katalon.core.webui.keyword.WebUiBuiltInKeywords.scrollToElement(WebUiBuiltInKeywords.groovy:4061)
	at com.kms.katalon.core.webui.keyword.WebUiBuiltInKeywords$scrollToElement$4.call(Unknown Source)
	at Script1645287289852.run(Script1645287289852.groovy:45)
	... 13 more
)
[[ATTACHMENT|C:\\Users\\LENOVO\\Katalon Studio\\Project Avangard\\Reports\\20220221_122957\\\u0418\u0433\u0440\u043E\u043A\\20220221_123010\\1645436178127.png]]]]></system-out>
         <system-err><![CDATA[2022-02-21 12:32:20 - [TEST_CASE][FAILED] - Test Cases/Игрок/Отчеты: Test Cases/Игрок/Отчеты FAILED.
Reason:
com.kms.katalon.core.exception.StepFailedException: Unable to scroll to object 'Object Repository/Avangard New/Object (Игрок)/Case (отчеты)/xarakteristika'
	at com.kms.katalon.core.webui.keyword.internal.WebUIKeywordMain.stepFailed(WebUIKeywordMain.groovy:64)
	at com.kms.katalon.core.webui.keyword.internal.WebUIKeywordMain.runKeyword(WebUIKeywordMain.groovy:26)
	at com.kms.katalon.core.webui.keyword.builtin.ScrollToElementKeyword.scrollToElement(ScrollToElementKeyword.groovy:88)
	at com.kms.katalon.core.webui.keyword.builtin.ScrollToElementKeyword.execute(ScrollToElementKeyword.groovy:68)
	at com.kms.katalon.core.keyword.internal.KeywordExecutor.executeKeywordForPlatform(KeywordExecutor.groovy:74)
	at com.kms.katalon.core.webui.keyword.WebUiBuiltInKeywords.scrollToElement(WebUiBuiltInKeywords.groovy:4061)
	at com.kms.katalon.core.webui.keyword.WebUiBuiltInKeywords$scrollToElement$4.call(Unknown Source)
	at Отчеты.run(Отчеты:45)
	at com.kms.katalon.core.main.ScriptEngine.run(ScriptEngine.java:194)
	at com.kms.katalon.core.main.ScriptEngine.runScriptAsRawText(ScriptEngine.java:119)
	at com.kms.katalon.core.main.TestCaseExecutor.runScript(TestCaseExecutor.java:442)
	at com.kms.katalon.core.main.TestCaseExecutor.doExecute(TestCaseExecutor.java:433)
	at com.kms.katalon.core.main.TestCaseExecutor.processExecutionPhase(TestCaseExecutor.java:412)
	at com.kms.katalon.core.main.TestCaseExecutor.accessMainPhase(TestCaseExecutor.java:404)
	at com.kms.katalon.core.main.TestCaseExecutor.execute(TestCaseExecutor.java:281)
	at com.kms.katalon.core.main.TestSuiteExecutor.accessTestCaseMainPhase(TestSuiteExecutor.java:202)
	at com.kms.katalon.core.main.TestSuiteExecutor.accessTestSuiteMainPhase(TestSuiteExecutor.java:164)
	at com.kms.katalon.core.main.TestSuiteExecutor.execute(TestSuiteExecutor.java:105)
	at com.kms.katalon.core.main.TestCaseMain.startTestSuite(TestCaseMain.java:185)
	at com.kms.katalon.core.main.TestCaseMain$startTestSuite$0.call(Unknown Source)
	at TempTestSuite1645435810556.run(TempTestSuite1645435810556.groovy:36)
Caused by: com.kms.katalon.core.webui.exception.WebElementNotFoundException: Web element with id: 'Object Repository/Avangard New/Object (Игрок)/Case (отчеты)/xarakteristika' located by '//p[(text() = 'Экстраверсия' or . = 'Экстраверсия')]' not found
	at com.kms.katalon.core.webui.common.WebUiCommonHelper.findWebElement(WebUiCommonHelper.java:1370)
	at com.kms.katalon.core.webui.keyword.internal.WebUIAbstractKeyword.findWebElement(WebUIAbstractKeyword.groovy:27)
	at com.kms.katalon.core.webui.keyword.internal.WebUIAbstractKeyword.findWebElement(WebUIAbstractKeyword.groovy:26)
	at com.kms.katalon.core.webui.keyword.builtin.ScrollToElementKeyword$_scrollToElement_closure1.doCall(ScrollToElementKeyword.groovy:79)
	at com.kms.katalon.core.webui.keyword.builtin.ScrollToElementKeyword$_scrollToElement_closure1.call(ScrollToElementKeyword.groovy)
	at com.kms.katalon.core.webui.keyword.internal.WebUIKeywordMain.runKeyword(WebUIKeywordMain.groovy:20)
	... 19 more]]></system-err>
      </testcase>
      <system-out><![CDATA[2022-02-21 12:30:27 - [TEST_SUITE][FAILED] - Игрок: Test Cases/Игрок/Отчеты FAILED.
Reason:
com.kms.katalon.core.exception.StepFailedException: Unable to scroll to object 'Object Repository/Avangard New/Object (Игрок)/Case (отчеты)/xarakteristika'
	at com.kms.katalon.core.webui.keyword.internal.WebUIKeywordMain.stepFailed(WebUIKeywordMain.groovy:64)
	at com.kms.katalon.core.webui.keyword.internal.WebUIKeywordMain.runKeyword(WebUIKeywordMain.groovy:26)
	at com.kms.katalon.core.webui.keyword.builtin.ScrollToElementKeyword.scrollToElement(ScrollToElementKeyword.groovy:88)
	at com.kms.katalon.core.webui.keyword.builtin.ScrollToElementKeyword.execute(ScrollToElementKeyword.groovy:68)
	at com.kms.katalon.core.keyword.internal.KeywordExecutor.executeKeywordForPlatform(KeywordExecutor.groovy:74)
	at com.kms.katalon.core.webui.keyword.WebUiBuiltInKeywords.scrollToElement(WebUiBuiltInKeywords.groovy:4061)
	at com.kms.katalon.core.webui.keyword.WebUiBuiltInKeywords$scrollToElement$4.call(Unknown Source)
	at Отчеты.run(Отчеты:45)
	at com.kms.katalon.core.main.ScriptEngine.run(ScriptEngine.java:194)
	at com.kms.katalon.core.main.ScriptEngine.runScriptAsRawText(ScriptEngine.java:119)
	at com.kms.katalon.core.main.TestCaseExecutor.runScript(TestCaseExecutor.java:442)
	at com.kms.katalon.core.main.TestCaseExecutor.doExecute(TestCaseExecutor.java:433)
	at com.kms.katalon.core.main.TestCaseExecutor.processExecutionPhase(TestCaseExecutor.java:412)
	at com.kms.katalon.core.main.TestCaseExecutor.accessMainPhase(TestCaseExecutor.java:404)
	at com.kms.katalon.core.main.TestCaseExecutor.execute(TestCaseExecutor.java:281)
	at com.kms.katalon.core.main.TestSuiteExecutor.accessTestCaseMainPhase(TestSuiteExecutor.java:202)
	at com.kms.katalon.core.main.TestSuiteExecutor.accessTestSuiteMainPhase(TestSuiteExecutor.java:164)
	at com.kms.katalon.core.main.TestSuiteExecutor.execute(TestSuiteExecutor.java:105)
	at com.kms.katalon.core.main.TestCaseMain.startTestSuite(TestCaseMain.java:185)
	at com.kms.katalon.core.main.TestCaseMain$startTestSuite$0.call(Unknown Source)
	at TempTestSuite1645435810556.run(TempTestSuite1645435810556.groovy:36)
Caused by: com.kms.katalon.core.webui.exception.WebElementNotFoundException: Web element with id: 'Object Repository/Avangard New/Object (Игрок)/Case (отчеты)/xarakteristika' located by '//p[(text() = 'Экстраверсия' or . = 'Экстраверсия')]' not found
	at com.kms.katalon.core.webui.common.WebUiCommonHelper.findWebElement(WebUiCommonHelper.java:1370)
	at com.kms.katalon.core.webui.keyword.internal.WebUIAbstractKeyword.findWebElement(WebUIAbstractKeyword.groovy:27)
	at com.kms.katalon.core.webui.keyword.internal.WebUIAbstractKeyword.findWebElement(WebUIAbstractKeyword.groovy:26)
	at com.kms.katalon.core.webui.keyword.builtin.ScrollToElementKeyword$_scrollToElement_closure1.doCall(ScrollToElementKeyword.groovy:79)
	at com.kms.katalon.core.webui.keyword.builtin.ScrollToElementKeyword$_scrollToElement_closure1.call(ScrollToElementKeyword.groovy)
	at com.kms.katalon.core.webui.keyword.internal.WebUIKeywordMain.runKeyword(WebUIKeywordMain.groovy:20)
	... 19 more]]></system-out>
      <system-err><![CDATA[2022-02-21 12:30:27 - [TEST_SUITE][FAILED] - Игрок: Test Cases/Игрок/Отчеты FAILED.
Reason:
com.kms.katalon.core.exception.StepFailedException: Unable to scroll to object 'Object Repository/Avangard New/Object (Игрок)/Case (отчеты)/xarakteristika'
	at com.kms.katalon.core.webui.keyword.internal.WebUIKeywordMain.stepFailed(WebUIKeywordMain.groovy:64)
	at com.kms.katalon.core.webui.keyword.internal.WebUIKeywordMain.runKeyword(WebUIKeywordMain.groovy:26)
	at com.kms.katalon.core.webui.keyword.builtin.ScrollToElementKeyword.scrollToElement(ScrollToElementKeyword.groovy:88)
	at com.kms.katalon.core.webui.keyword.builtin.ScrollToElementKeyword.execute(ScrollToElementKeyword.groovy:68)
	at com.kms.katalon.core.keyword.internal.KeywordExecutor.executeKeywordForPlatform(KeywordExecutor.groovy:74)
	at com.kms.katalon.core.webui.keyword.WebUiBuiltInKeywords.scrollToElement(WebUiBuiltInKeywords.groovy:4061)
	at com.kms.katalon.core.webui.keyword.WebUiBuiltInKeywords$scrollToElement$4.call(Unknown Source)
	at Отчеты.run(Отчеты:45)
	at com.kms.katalon.core.main.ScriptEngine.run(ScriptEngine.java:194)
	at com.kms.katalon.core.main.ScriptEngine.runScriptAsRawText(ScriptEngine.java:119)
	at com.kms.katalon.core.main.TestCaseExecutor.runScript(TestCaseExecutor.java:442)
	at com.kms.katalon.core.main.TestCaseExecutor.doExecute(TestCaseExecutor.java:433)
	at com.kms.katalon.core.main.TestCaseExecutor.processExecutionPhase(TestCaseExecutor.java:412)
	at com.kms.katalon.core.main.TestCaseExecutor.accessMainPhase(TestCaseExecutor.java:404)
	at com.kms.katalon.core.main.TestCaseExecutor.execute(TestCaseExecutor.java:281)
	at com.kms.katalon.core.main.TestSuiteExecutor.accessTestCaseMainPhase(TestSuiteExecutor.java:202)
	at com.kms.katalon.core.main.TestSuiteExecutor.accessTestSuiteMainPhase(TestSuiteExecutor.java:164)
	at com.kms.katalon.core.main.TestSuiteExecutor.execute(TestSuiteExecutor.java:105)
	at com.kms.katalon.core.main.TestCaseMain.startTestSuite(TestCaseMain.java:185)
	at com.kms.katalon.core.main.TestCaseMain$startTestSuite$0.call(Unknown Source)
	at TempTestSuite1645435810556.run(TempTestSuite1645435810556.groovy:36)
Caused by: com.kms.katalon.core.webui.exception.WebElementNotFoundException: Web element with id: 'Object Repository/Avangard New/Object (Игрок)/Case (отчеты)/xarakteristika' located by '//p[(text() = 'Экстраверсия' or . = 'Экстраверсия')]' not found
	at com.kms.katalon.core.webui.common.WebUiCommonHelper.findWebElement(WebUiCommonHelper.java:1370)
	at com.kms.katalon.core.webui.keyword.internal.WebUIAbstractKeyword.findWebElement(WebUIAbstractKeyword.groovy:27)
	at com.kms.katalon.core.webui.keyword.internal.WebUIAbstractKeyword.findWebElement(WebUIAbstractKeyword.groovy:26)
	at com.kms.katalon.core.webui.keyword.builtin.ScrollToElementKeyword$_scrollToElement_closure1.doCall(ScrollToElementKeyword.groovy:79)
	at com.kms.katalon.core.webui.keyword.builtin.ScrollToElementKeyword$_scrollToElement_closure1.call(ScrollToElementKeyword.groovy)
	at com.kms.katalon.core.webui.keyword.internal.WebUIKeywordMain.runKeyword(WebUIKeywordMain.groovy:20)
	... 19 more]]></system-err>
   </testsuite>
   <testsuite name="Игрок" tests="2" failures="1" errors="0" time="389.582" skipped="0" timestamp="2022-02-21 12:30:26" hostname="LENOVO - DESKTOP-KNHN0AA" id="Test Suites/Игрок">
      <properties>
         <property name="deviceName" value=""/>
         <property name="devicePlatform" value=""/>
         <property name="logFolder" value="C:\\Users\\LENOVO\\Katalon Studio\\Project Avangard\\Reports\\20220221_122957\\\u0418\u0433\u0440\u043E\u043A\\20220221_123012"/>
         <property name="logFiles" value="C:\\Users\\LENOVO\\Katalon Studio\\Project Avangard\\Reports\\20220221_122957\\\u0418\u0433\u0440\u043E\u043A\\20220221_123012\\execution0.log"/>
         <property name="attachments" value="C:\\Users\\LENOVO\\Katalon Studio\\Project Avangard\\Reports\\20220221_122957\\\u0418\u0433\u0440\u043E\u043A\\20220221_123012\\1645436208714.png"/>
         <property name="hostName" value="LENOVO - DESKTOP-KNHN0AA"/>
         <property name="remoteDriverUrl" value="testcloud.katalon.com/hub"/>
         <property name="desiredCapabilities" value="{
  &quot;acceptInsecureCerts&quot;: false,
  &quot;browserName&quot;: &quot;chrome&quot;,
  &quot;browserVersion&quot;: &quot;97.0.4692.71&quot;,
  &quot;chrome&quot;: {
    &quot;chromedriverVersion&quot;: &quot;97.0.4692.71 (adefa7837d02a07a604c1e6eff0b3a09422ab88d-refs/branch-heads/4692@{#1247})&quot;,
    &quot;userDataDir&quot;: &quot;/tmp/.com.google.Chrome.IUJdt9&quot;
  },
  &quot;goog:chromeOptions&quot;: {
    &quot;debuggerAddress&quot;: &quot;localhost:38327&quot;
  },
  &quot;javascriptEnabled&quot;: true,
  &quot;networkConnectionEnabled&quot;: false,
  &quot;pageLoadStrategy&quot;: &quot;normal&quot;,
  &quot;platform&quot;: &quot;LINUX&quot;,
  &quot;platformName&quot;: &quot;LINUX&quot;,
  &quot;proxy&quot;: {
    &quot;proxyType&quot;: &quot;DIRECT&quot;,
    &quot;autodetect&quot;: false
  },
  &quot;se:cdp&quot;: &quot;ws://172.48.84.253:4444/session/0928bac06d7682aa0ddc259091e52575/se/cdp&quot;,
  &quot;se:cdpVersion&quot;: &quot;97.0.4692.71&quot;,
  &quot;se:vnc&quot;: &quot;ws://172.48.84.253:4444/session/0928bac06d7682aa0ddc259091e52575/se/vnc&quot;,
  &quot;se:vncEnabled&quot;: true,
  &quot;se:vncLocalAddress&quot;: &quot;ws://172.48.84.253:7900&quot;,
  &quot;setWindowRect&quot;: true,
  &quot;strictFileInteractability&quot;: false,
  &quot;timeouts&quot;: {
    &quot;implicit&quot;: 0,
    &quot;pageLoad&quot;: 300000,
    &quot;script&quot;: 30000
  },
  &quot;unhandledPromptBehavior&quot;: &quot;dismiss and notify&quot;,
  &quot;webauthn:extension:credBlob&quot;: true,
  &quot;webauthn:extension:largeBlob&quot;: true,
  &quot;webauthn:virtualAuthenticators&quot;: true
}"/>
         <property name="os" value="Windows 10 64bit"/>
         <property name="remoteOS" value="Linux"/>
         <property name="katalonVersion" value="8.2.5.208"/>
         <property name="browser" value="Chrome 97.0.4692.71"/>
         <property name="hostAddress" value="192.168.2.113"/>
         <property name="sessionId" value="0928bac06d7682aa0ddc259091e52575"/>
         <property name="seleniumVersion" value="3.141.59"/>
         <property name="proxyInformation" value="ProxyInformation { proxyOption=NO_PROXY, proxyServerType=HTTP, username=, password=********, proxyServerAddress=, proxyServerPort=0, executionList=&quot;&quot;, isApplyToDesiredCapabilities=true }"/>
         <property name="platform" value="Windows 10"/>
      </properties>
      <testcase name="Test Cases/Игрок/Авторизация" time="60.732" classname="Test Cases/Игрок/Авторизация" status="PASSED">
         <system-out><![CDATA[2022-02-21 12:30:27 - [TEST_CASE][PASSED] - Test Cases/Игрок/Авторизация: Test Cases/Игрок/Авторизация

2022-02-21 12:30:31 - [TEST_STEP][PASSED] - openBrowser(""): Browser is opened with url: ''

2022-02-21 12:30:33 - [MESSAGE][INFO] - User set preference: ['os', 'linux']

2022-02-21 12:30:33 - [MESSAGE][INFO] - User set preference: ['browserName', 'chrome']

2022-02-21 12:30:33 - [MESSAGE][INFO] - User set preference: ['browserVersion', '97']

2022-02-21 12:30:33 - [MESSAGE][INFO] - User set preference: ['katalon:option', '{organizationId=551240, tunnelId=, usingTunnel=false}']

2022-02-21 12:30:33 - [MESSAGE][INFO] - Connecting to remote web server 'testcloud.katalon.com/hub' with type 'Selenium'

2022-02-21 12:30:36 - [MESSAGE][INFO] - Action delay is set to 100 milliseconds

2022-02-21 12:31:09 - [MESSAGE][PASSED] - Browser is opened with url: ''

2022-02-21 12:31:09 - [TEST_STEP][PASSED] - maximizeWindow(): Current window maximized

2022-02-21 12:31:10 - [MESSAGE][PASSED] - Current window maximized

2022-02-21 12:31:10 - [TEST_STEP][PASSED] - navigateToUrl(url): Navigate to 'https://stars-stage.hawk.ru:8080' successfully

2022-02-21 12:31:17 - [MESSAGE][PASSED] - Navigate to 'https://stars-stage.hawk.ru:8080' successfully

2022-02-21 12:31:17 - [TEST_STEP][PASSED] - setText(findTestObject("Object Repository/manager/Page_/input__sc-lnrBVv eqPACj"), player_login): Text 'dima.vlasenko18@mail.ru' is set on object 'Object Repository/manager/Page_/input__sc-lnrBVv eqPACj'

2022-02-21 12:31:21 - [MESSAGE][PASSED] - Text 'dima.vlasenko18@mail.ru' is set on object 'Object Repository/manager/Page_/input__sc-lnrBVv eqPACj'

2022-02-21 12:31:21 - [TEST_STEP][PASSED] - setText(findTestObject("Object Repository/manager/Page_/input__sc-lnrBVv eqPACj_1"), player_password): Text 'dima.vlasenko18' is set on object 'Object Repository/manager/Page_/input__sc-lnrBVv eqPACj_1'

2022-02-21 12:31:26 - [MESSAGE][PASSED] - Text 'dima.vlasenko18' is set on object 'Object Repository/manager/Page_/input__sc-lnrBVv eqPACj_1'

2022-02-21 12:31:26 - [TEST_STEP][PASSED] - click(findTestObject("manager/Page_/go")): Object: 'Object Repository/manager/Page_/go' is clicked on

2022-02-21 12:31:28 - [MESSAGE][PASSED] - Object: 'Object Repository/manager/Page_/go' is clicked on]]></system-out>
         <system-err><![CDATA[]]></system-err>
      </testcase>
      <testcase name="Test Cases/Игрок/Отчеты" time="327.491" classname="Test Cases/Игрок/Отчеты" status="FAILED">
         <failure type="FAILED" message="Test Cases/Игрок/Отчеты FAILED.
Reason:
com.kms.katalon.core.exception.StepFailedException: Unable to scroll to object 'Object Repository/Avangard New/Object (Игрок)/Case (отчеты)/xarakteristika'
	at com.kms.katalon.core.webui.keyword.internal.WebUIKeywordMain.stepFailed(WebUIKeywordMain.groovy:64)
	at com.kms.katalon.core.webui.keyword.internal.WebUIKeywordMain.runKeyword(WebUIKeywordMain.groovy:26)
	at com.kms.katalon.core.webui.keyword.builtin.ScrollToElementKeyword.scrollToElement(ScrollToElementKeyword.groovy:88)
	at com.kms.katalon.core.webui.keyword.builtin.ScrollToElementKeyword.execute(ScrollToElementKeyword.groovy:68)
	at com.kms.katalon.core.keyword.internal.KeywordExecutor.executeKeywordForPlatform(KeywordExecutor.groovy:74)
	at com.kms.katalon.core.webui.keyword.WebUiBuiltInKeywords.scrollToElement(WebUiBuiltInKeywords.groovy:4061)
	at com.kms.katalon.core.webui.keyword.WebUiBuiltInKeywords$scrollToElement$4.call(Unknown Source)
	at Отчеты.run(Отчеты:45)
	at com.kms.katalon.core.main.ScriptEngine.run(ScriptEngine.java:194)
	at com.kms.katalon.core.main.ScriptEngine.runScriptAsRawText(ScriptEngine.java:119)
	at com.kms.katalon.core.main.TestCaseExecutor.runScript(TestCaseExecutor.java:442)
	at com.kms.katalon.core.main.TestCaseExecutor.doExecute(TestCaseExecutor.java:433)
	at com.kms.katalon.core.main.TestCaseExecutor.processExecutionPhase(TestCaseExecutor.java:412)
	at com.kms.katalon.core.main.TestCaseExecutor.accessMainPhase(TestCaseExecutor.java:404)
	at com.kms.katalon.core.main.TestCaseExecutor.execute(TestCaseExecutor.java:281)
	at com.kms.katalon.core.main.TestSuiteExecutor.accessTestCaseMainPhase(TestSuiteExecutor.java:202)
	at com.kms.katalon.core.main.TestSuiteExecutor.accessTestSuiteMainPhase(TestSuiteExecutor.java:164)
	at com.kms.katalon.core.main.TestSuiteExecutor.execute(TestSuiteExecutor.java:105)
	at com.kms.katalon.core.main.TestCaseMain.startTestSuite(TestCaseMain.java:185)
	at com.kms.katalon.core.main.TestCaseMain$startTestSuite$0.call(Unknown Source)
	at TempTestSuite1645435812395.run(TempTestSuite1645435812395.groovy:36)
Caused by: com.kms.katalon.core.webui.exception.WebElementNotFoundException: Web element with id: 'Object Repository/Avangard New/Object (Игрок)/Case (отчеты)/xarakteristika' located by '//p[(text() = 'Экстраверсия' or . = 'Экстраверсия')]' not found
	at com.kms.katalon.core.webui.common.WebUiCommonHelper.findWebElement(WebUiCommonHelper.java:1370)
	at com.kms.katalon.core.webui.keyword.internal.WebUIAbstractKeyword.findWebElement(WebUIAbstractKeyword.groovy:27)
	at com.kms.katalon.core.webui.keyword.internal.WebUIAbstractKeyword.findWebElement(WebUIAbstractKeyword.groovy:26)
	at com.kms.katalon.core.webui.keyword.builtin.ScrollToElementKeyword$_scrollToElement_closure1.doCall(ScrollToElementKeyword.groovy:79)
	at com.kms.katalon.core.webui.keyword.builtin.ScrollToElementKeyword$_scrollToElement_closure1.call(ScrollToElementKeyword.groovy)
	at com.kms.katalon.core.webui.keyword.internal.WebUIKeywordMain.runKeyword(WebUIKeywordMain.groovy:20)
	... 19 more
"/>
         <system-out><![CDATA[2022-02-21 12:31:28 - [TEST_CASE][FAILED] - Test Cases/Игрок/Отчеты: Test Cases/Игрок/Отчеты FAILED.
Reason:
com.kms.katalon.core.exception.StepFailedException: Unable to scroll to object 'Object Repository/Avangard New/Object (Игрок)/Case (отчеты)/xarakteristika'
	at com.kms.katalon.core.webui.keyword.internal.WebUIKeywordMain.stepFailed(WebUIKeywordMain.groovy:64)
	at com.kms.katalon.core.webui.keyword.internal.WebUIKeywordMain.runKeyword(WebUIKeywordMain.groovy:26)
	at com.kms.katalon.core.webui.keyword.builtin.ScrollToElementKeyword.scrollToElement(ScrollToElementKeyword.groovy:88)
	at com.kms.katalon.core.webui.keyword.builtin.ScrollToElementKeyword.execute(ScrollToElementKeyword.groovy:68)
	at com.kms.katalon.core.keyword.internal.KeywordExecutor.executeKeywordForPlatform(KeywordExecutor.groovy:74)
	at com.kms.katalon.core.webui.keyword.WebUiBuiltInKeywords.scrollToElement(WebUiBuiltInKeywords.groovy:4061)
	at com.kms.katalon.core.webui.keyword.WebUiBuiltInKeywords$scrollToElement$4.call(Unknown Source)
	at Отчеты.run(Отчеты:45)
	at com.kms.katalon.core.main.ScriptEngine.run(ScriptEngine.java:194)
	at com.kms.katalon.core.main.ScriptEngine.runScriptAsRawText(ScriptEngine.java:119)
	at com.kms.katalon.core.main.TestCaseExecutor.runScript(TestCaseExecutor.java:442)
	at com.kms.katalon.core.main.TestCaseExecutor.doExecute(TestCaseExecutor.java:433)
	at com.kms.katalon.core.main.TestCaseExecutor.processExecutionPhase(TestCaseExecutor.java:412)
	at com.kms.katalon.core.main.TestCaseExecutor.accessMainPhase(TestCaseExecutor.java:404)
	at com.kms.katalon.core.main.TestCaseExecutor.execute(TestCaseExecutor.java:281)
	at com.kms.katalon.core.main.TestSuiteExecutor.accessTestCaseMainPhase(TestSuiteExecutor.java:202)
	at com.kms.katalon.core.main.TestSuiteExecutor.accessTestSuiteMainPhase(TestSuiteExecutor.java:164)
	at com.kms.katalon.core.main.TestSuiteExecutor.execute(TestSuiteExecutor.java:105)
	at com.kms.katalon.core.main.TestCaseMain.startTestSuite(TestCaseMain.java:185)
	at com.kms.katalon.core.main.TestCaseMain$startTestSuite$0.call(Unknown Source)
	at TempTestSuite1645435812395.run(TempTestSuite1645435812395.groovy:36)
Caused by: com.kms.katalon.core.webui.exception.WebElementNotFoundException: Web element with id: 'Object Repository/Avangard New/Object (Игрок)/Case (отчеты)/xarakteristika' located by '//p[(text() = 'Экстраверсия' or . = 'Экстраверсия')]' not found
	at com.kms.katalon.core.webui.common.WebUiCommonHelper.findWebElement(WebUiCommonHelper.java:1370)
	at com.kms.katalon.core.webui.keyword.internal.WebUIAbstractKeyword.findWebElement(WebUIAbstractKeyword.groovy:27)
	at com.kms.katalon.core.webui.keyword.internal.WebUIAbstractKeyword.findWebElement(WebUIAbstractKeyword.groovy:26)
	at com.kms.katalon.core.webui.keyword.builtin.ScrollToElementKeyword$_scrollToElement_closure1.doCall(ScrollToElementKeyword.groovy:79)
	at com.kms.katalon.core.webui.keyword.builtin.ScrollToElementKeyword$_scrollToElement_closure1.call(ScrollToElementKeyword.groovy)
	at com.kms.katalon.core.webui.keyword.internal.WebUIKeywordMain.runKeyword(WebUIKeywordMain.groovy:20)
	... 19 more


2022-02-21 12:31:29 - [TEST_STEP][PASSED] - callTestCase(findTestCase("Игрок/Авторизация"), [:], STOP_ON_FAILURE): Call Test Case 'Test Cases/Игрок/Авторизация' successfully

2022-02-21 12:31:29 - [TEST_CASE][PASSED] - Test Cases/Игрок/Авторизация: Test Cases/Игрок/Авторизация

2022-02-21 12:31:29 - [TEST_STEP][PASSED] - openBrowser(""): Browser is opened with url: ''

2022-02-21 12:31:29 - [MESSAGE][WARNING] - A browser is already opened. Closing browser and opening a new one

2022-02-21 12:31:29 - [MESSAGE][INFO] - User set preference: ['os', 'linux']

2022-02-21 12:31:29 - [MESSAGE][INFO] - User set preference: ['browserName', 'chrome']

2022-02-21 12:31:29 - [MESSAGE][INFO] - User set preference: ['browserVersion', '97']

2022-02-21 12:31:29 - [MESSAGE][INFO] - User set preference: ['katalon:option', '{organizationId=551240, tunnelId=, usingTunnel=false}']

2022-02-21 12:31:29 - [MESSAGE][INFO] - Connecting to remote web server 'testcloud.katalon.com/hub' with type 'Selenium'

2022-02-21 12:31:29 - [MESSAGE][INFO] - Action delay is set to 100 milliseconds

2022-02-21 12:34:33 - [MESSAGE][PASSED] - Browser is opened with url: ''

2022-02-21 12:34:33 - [TEST_STEP][PASSED] - maximizeWindow(): Current window maximized

2022-02-21 12:34:33 - [MESSAGE][PASSED] - Current window maximized

2022-02-21 12:34:33 - [TEST_STEP][PASSED] - navigateToUrl(url): Navigate to 'https://stars-stage.hawk.ru:8080' successfully

2022-02-21 12:34:39 - [MESSAGE][PASSED] - Navigate to 'https://stars-stage.hawk.ru:8080' successfully

2022-02-21 12:34:39 - [TEST_STEP][PASSED] - setText(findTestObject("Object Repository/manager/Page_/input__sc-lnrBVv eqPACj"), player_login): Text 'dima.vlasenko18@mail.ru' is set on object 'Object Repository/manager/Page_/input__sc-lnrBVv eqPACj'

2022-02-21 12:34:44 - [MESSAGE][PASSED] - Text 'dima.vlasenko18@mail.ru' is set on object 'Object Repository/manager/Page_/input__sc-lnrBVv eqPACj'

2022-02-21 12:34:44 - [TEST_STEP][PASSED] - setText(findTestObject("Object Repository/manager/Page_/input__sc-lnrBVv eqPACj_1"), player_password): Text 'dima.vlasenko18' is set on object 'Object Repository/manager/Page_/input__sc-lnrBVv eqPACj_1'

2022-02-21 12:34:49 - [MESSAGE][PASSED] - Text 'dima.vlasenko18' is set on object 'Object Repository/manager/Page_/input__sc-lnrBVv eqPACj_1'

2022-02-21 12:34:49 - [TEST_STEP][PASSED] - click(findTestObject("manager/Page_/go")): Object: 'Object Repository/manager/Page_/go' is clicked on

2022-02-21 12:34:51 - [MESSAGE][PASSED] - Object: 'Object Repository/manager/Page_/go' is clicked on

2022-02-21 12:34:51 - [MESSAGE][PASSED] - Call Test Case 'Test Cases/Игрок/Авторизация' successfully

2022-02-21 12:34:51 - [TEST_STEP][PASSED] - click(findTestObject("Object Repository/Avangard New/Object (Игрок)/Case (отчеты)/report")): Object: 'Object Repository/Avangard New/Object (Игрок)/Case (отчеты)/report' is clicked on

2022-02-21 12:35:05 - [MESSAGE][PASSED] - Object: 'Object Repository/Avangard New/Object (Игрок)/Case (отчеты)/report' is clicked on

2022-02-21 12:35:05 - [TEST_STEP][PASSED] - click(findTestObject("Object Repository/Avangard New/Object (Игрок)/Case (отчеты)/psixolog")): Object: 'Object Repository/Avangard New/Object (Игрок)/Case (отчеты)/psixolog' is clicked on

2022-02-21 12:35:07 - [MESSAGE][PASSED] - Object: 'Object Repository/Avangard New/Object (Игрок)/Case (отчеты)/psixolog' is clicked on

2022-02-21 12:35:07 - [TEST_STEP][PASSED] - click(findTestObject("Object Repository/Avangard New/Object (Игрок)/Case (отчеты)/button burger")): Object: 'Object Repository/Avangard New/Object (Игрок)/Case (отчеты)/button burger' is clicked on

2022-02-21 12:35:10 - [MESSAGE][PASSED] - Object: 'Object Repository/Avangard New/Object (Игрок)/Case (отчеты)/button burger' is clicked on

2022-02-21 12:35:10 - [TEST_STEP][PASSED] - click(findTestObject("Object Repository/Avangard New/Object (Игрок)/Case (отчеты)/date 30.06.2021")): Object: 'Object Repository/Avangard New/Object (Игрок)/Case (отчеты)/date 30.06.2021' is clicked on

2022-02-21 12:35:42 - [MESSAGE][INFO] - Unable to find the element located by 'By.xpath: //*/text()[normalize-space(.)='30.06.2021']/parent::*'. Please recheck the objects properties to make sure the desired element is located. 

2022-02-21 12:35:42 - [MESSAGE][WARNING] - [SELF-HEALING] Failed to find element with id 'Object Repository/Avangard New/Object (Игрок)/Case (отчеты)/date 30.06.2021'. Try using Self-healing.

2022-02-21 12:35:44 - [MESSAGE][WARNING] - [SELF-HEALING] The current locator of test object 'Object Repository/Avangard New/Object (Игрок)/Case (отчеты)/date 30.06.2021' was broken. Propose an alternative one: '//div[@id='root']/div/div/div[2]/div/div[2]/div/div[4]/div/div/div[2]/div/div[2]'.

2022-02-21 12:35:45 - [MESSAGE][PASSED] - Object: 'Object Repository/Avangard New/Object (Игрок)/Case (отчеты)/date 30.06.2021' is clicked on

2022-02-21 12:35:45 - [TEST_STEP][PASSED] - scrollToElement(findTestObject("Avangard New/Object (Игрок)/Case (отчеты)/reaction easy"), 0): Scroll to object 'Object Repository/Avangard New/Object (Игрок)/Case (отчеты)/reaction easy' successfully

2022-02-21 12:35:45 - [MESSAGE][WARNING] - Timeout '0' is invalid. Using default page load timeout: '30'

2022-02-21 12:35:50 - [MESSAGE][PASSED] - Scroll to object 'Object Repository/Avangard New/Object (Игрок)/Case (отчеты)/reaction easy' successfully

2022-02-21 12:35:50 - [TEST_STEP][PASSED] - verifyElementText(findTestObject("Avangard New/Object (Игрок)/Case (отчеты)/reaction easy"), "Реакция на простой стимул"): Actual text and expected text of test object 'Object Repository/Avangard New/Object (Игрок)/Case (отчеты)/reaction easy' are matched.

2022-02-21 12:35:52 - [MESSAGE][PASSED] - Actual text and expected text of test object 'Object Repository/Avangard New/Object (Игрок)/Case (отчеты)/reaction easy' are matched.

2022-02-21 12:35:52 - [TEST_STEP][PASSED] - verifyElementText(findTestObject("Avangard New/Object (Игрок)/Case (отчеты)/reaction hard"), "Реакция на сложный стимул"): Actual text and expected text of test object 'Object Repository/Avangard New/Object (Игрок)/Case (отчеты)/reaction hard' are matched.

2022-02-21 12:35:55 - [MESSAGE][PASSED] - Actual text and expected text of test object 'Object Repository/Avangard New/Object (Игрок)/Case (отчеты)/reaction hard' are matched.

2022-02-21 12:35:55 - [TEST_STEP][PASSED] - scrollToElement(findTestObject("Object Repository/Avangard New/Object (Игрок)/Case (отчеты)/button burg date"), 0): Scroll to object 'Object Repository/Avangard New/Object (Игрок)/Case (отчеты)/button burg date' successfully

2022-02-21 12:35:55 - [MESSAGE][WARNING] - Timeout '0' is invalid. Using default page load timeout: '30'

2022-02-21 12:35:57 - [MESSAGE][PASSED] - Scroll to object 'Object Repository/Avangard New/Object (Игрок)/Case (отчеты)/button burg date' successfully

2022-02-21 12:35:57 - [TEST_STEP][PASSED] - click(findTestObject("Object Repository/Avangard New/Object (Игрок)/Case (отчеты)/tab")): Object: 'Object Repository/Avangard New/Object (Игрок)/Case (отчеты)/tab' is clicked on

2022-02-21 12:35:59 - [MESSAGE][PASSED] - Object: 'Object Repository/Avangard New/Object (Игрок)/Case (отчеты)/tab' is clicked on

2022-02-21 12:35:59 - [TEST_STEP][PASSED] - click(findTestObject("Object Repository/Avangard New/Object (Игрок)/Case (отчеты)/button burg date")): Object: 'Object Repository/Avangard New/Object (Игрок)/Case (отчеты)/button burg date' is clicked on

2022-02-21 12:36:01 - [MESSAGE][PASSED] - Object: 'Object Repository/Avangard New/Object (Игрок)/Case (отчеты)/button burg date' is clicked on

2022-02-21 12:36:01 - [TEST_STEP][PASSED] - click(findTestObject("Object Repository/Avangard New/Object (Игрок)/Case (отчеты)/div_21-22_1")): Object: 'Object Repository/Avangard New/Object (Игрок)/Case (отчеты)/div_21-22_1' is clicked on

2022-02-21 12:36:03 - [MESSAGE][PASSED] - Object: 'Object Repository/Avangard New/Object (Игрок)/Case (отчеты)/div_21-22_1' is clicked on

2022-02-21 12:36:03 - [TEST_STEP][FAILED] - scrollToElement(findTestObject("Avangard New/Object (Игрок)/Case (отчеты)/xarakteristika"), 0): Unable to scroll to object 'Object Repository/Avangard New/Object (Игрок)/Case (отчеты)/xarakteristika' (Root cause: com.kms.katalon.core.exception.StepFailedException: Unable to scroll to object 'Object Repository/Avangard New/Object (Игрок)/Case (отчеты)/xarakteristika'
	at com.kms.katalon.core.webui.keyword.internal.WebUIKeywordMain.stepFailed(WebUIKeywordMain.groovy:64)
	at com.kms.katalon.core.webui.keyword.internal.WebUIKeywordMain.runKeyword(WebUIKeywordMain.groovy:26)
	at com.kms.katalon.core.webui.keyword.builtin.ScrollToElementKeyword.scrollToElement(ScrollToElementKeyword.groovy:88)
	at com.kms.katalon.core.webui.keyword.builtin.ScrollToElementKeyword.execute(ScrollToElementKeyword.groovy:68)
	at com.kms.katalon.core.keyword.internal.KeywordExecutor.executeKeywordForPlatform(KeywordExecutor.groovy:74)
	at com.kms.katalon.core.webui.keyword.WebUiBuiltInKeywords.scrollToElement(WebUiBuiltInKeywords.groovy:4061)
	at com.kms.katalon.core.webui.keyword.WebUiBuiltInKeywords$scrollToElement$4.call(Unknown Source)
	at Отчеты.run(Отчеты:45)
	at com.kms.katalon.core.main.ScriptEngine.run(ScriptEngine.java:194)
	at com.kms.katalon.core.main.ScriptEngine.runScriptAsRawText(ScriptEngine.java:119)
	at com.kms.katalon.core.main.TestCaseExecutor.runScript(TestCaseExecutor.java:442)
	at com.kms.katalon.core.main.TestCaseExecutor.doExecute(TestCaseExecutor.java:433)
	at com.kms.katalon.core.main.TestCaseExecutor.processExecutionPhase(TestCaseExecutor.java:412)
	at com.kms.katalon.core.main.TestCaseExecutor.accessMainPhase(TestCaseExecutor.java:404)
	at com.kms.katalon.core.main.TestCaseExecutor.execute(TestCaseExecutor.java:281)
	at com.kms.katalon.core.main.TestSuiteExecutor.accessTestCaseMainPhase(TestSuiteExecutor.java:202)
	at com.kms.katalon.core.main.TestSuiteExecutor.accessTestSuiteMainPhase(TestSuiteExecutor.java:164)
	at com.kms.katalon.core.main.TestSuiteExecutor.execute(TestSuiteExecutor.java:105)
	at com.kms.katalon.core.main.TestCaseMain.startTestSuite(TestCaseMain.java:185)
	at com.kms.katalon.core.main.TestCaseMain$startTestSuite$0.call(Unknown Source)
	at TempTestSuite1645435812395.run(TempTestSuite1645435812395.groovy:36)
Caused by: com.kms.katalon.core.webui.exception.WebElementNotFoundException: Web element with id: 'Object Repository/Avangard New/Object (Игрок)/Case (отчеты)/xarakteristika' located by '//p[(text() = 'Экстраверсия' or . = 'Экстраверсия')]' not found
	at com.kms.katalon.core.webui.common.WebUiCommonHelper.findWebElement(WebUiCommonHelper.java:1370)
	at com.kms.katalon.core.webui.keyword.internal.WebUIAbstractKeyword.findWebElement(WebUIAbstractKeyword.groovy:27)
	at com.kms.katalon.core.webui.keyword.internal.WebUIAbstractKeyword.findWebElement(WebUIAbstractKeyword.groovy:26)
	at com.kms.katalon.core.webui.keyword.builtin.ScrollToElementKeyword$_scrollToElement_closure1.doCall(ScrollToElementKeyword.groovy:79)
	at com.kms.katalon.core.webui.keyword.builtin.ScrollToElementKeyword$_scrollToElement_closure1.call(ScrollToElementKeyword.groovy)
	at com.kms.katalon.core.webui.keyword.internal.WebUIKeywordMain.runKeyword(WebUIKeywordMain.groovy:20)
	at com.kms.katalon.core.webui.keyword.builtin.ScrollToElementKeyword.scrollToElement(ScrollToElementKeyword.groovy:88)
	at com.kms.katalon.core.webui.keyword.builtin.ScrollToElementKeyword.execute(ScrollToElementKeyword.groovy:68)
	at com.kms.katalon.core.keyword.internal.KeywordExecutor.executeKeywordForPlatform(KeywordExecutor.groovy:74)
	at com.kms.katalon.core.webui.keyword.WebUiBuiltInKeywords.scrollToElement(WebUiBuiltInKeywords.groovy:4061)
	at com.kms.katalon.core.webui.keyword.WebUiBuiltInKeywords$scrollToElement$4.call(Unknown Source)
	at Script1645287289852.run(Script1645287289852.groovy:45)
	... 13 more
)

2022-02-21 12:36:03 - [MESSAGE][WARNING] - Timeout '0' is invalid. Using default page load timeout: '30'

2022-02-21 12:36:35 - [MESSAGE][INFO] - Unable to find the element located by 'By.xpath: //p[(text() = 'Экстраверсия' or . = 'Экстраверсия')]'. Please recheck the objects properties to make sure the desired element is located. 

2022-02-21 12:36:35 - [MESSAGE][WARNING] - [SELF-HEALING] Failed to find element with id 'Object Repository/Avangard New/Object (Игрок)/Case (отчеты)/xarakteristika'. Try using Self-healing.

2022-02-21 12:36:37 - [MESSAGE][INFO] - [SELF-HEALING] Failed Locator: '//div[@id='rc-tabs-1-panel-1']/div[2]/div[2]/div/div/div/div/div[2]/p[2]'.

2022-02-21 12:36:38 - [MESSAGE][INFO] - [SELF-HEALING] Failed Locator: '(.//*[normalize-space(text()) and normalize-space(.)='Индивидуально-типологический'])[1]/following::p[17]'.

2022-02-21 12:36:39 - [MESSAGE][INFO] - [SELF-HEALING] Failed Locator: '(.//*[normalize-space(text()) and normalize-space(.)='Психологический'])[1]/following::p[17]'.

2022-02-21 12:36:41 - [MESSAGE][INFO] - [SELF-HEALING] Failed Locator: '(.//*[normalize-space(text()) and normalize-space(.)='Редактирование профиля'])[1]/preceding::p[29]'.

2022-02-21 12:36:42 - [MESSAGE][INFO] - [SELF-HEALING] Failed Locator: '//*/text()[normalize-space(.)='Экстраверсия']/parent::*'.

2022-02-21 12:36:44 - [MESSAGE][INFO] - [SELF-HEALING] Failed Locator: '//div[2]/div/div/div/div/div[2]/p[2]'.

2022-02-21 12:36:45 - [MESSAGE][INFO] - [SELF-HEALING] Failed Locator: '//p[(text() = 'Экстраверсия' or . = 'Экстраверсия')]'.

2022-02-21 12:36:47 - [MESSAGE][INFO] - Unable to find the element located by 'By.xpath: //*[(text() = 'Экстраверсия' or . = 'Экстраверсия')]'. Please recheck the objects properties to make sure the desired element is located. 

2022-02-21 12:36:48 - [MESSAGE][INFO] - Unable to find the element located by 'By.cssSelector: p.styles__SkillName-sc-8xsnvi-9.fxKVA'. Please recheck the objects properties to make sure the desired element is located. 

2022-02-21 12:36:53 - [MESSAGE][FAILED] - Unable to scroll to object 'Object Repository/Avangard New/Object (Игрок)/Case (отчеты)/xarakteristika' (Root cause: com.kms.katalon.core.exception.StepFailedException: Unable to scroll to object 'Object Repository/Avangard New/Object (Игрок)/Case (отчеты)/xarakteristika'
	at com.kms.katalon.core.webui.keyword.internal.WebUIKeywordMain.stepFailed(WebUIKeywordMain.groovy:64)
	at com.kms.katalon.core.webui.keyword.internal.WebUIKeywordMain.runKeyword(WebUIKeywordMain.groovy:26)
	at com.kms.katalon.core.webui.keyword.builtin.ScrollToElementKeyword.scrollToElement(ScrollToElementKeyword.groovy:88)
	at com.kms.katalon.core.webui.keyword.builtin.ScrollToElementKeyword.execute(ScrollToElementKeyword.groovy:68)
	at com.kms.katalon.core.keyword.internal.KeywordExecutor.executeKeywordForPlatform(KeywordExecutor.groovy:74)
	at com.kms.katalon.core.webui.keyword.WebUiBuiltInKeywords.scrollToElement(WebUiBuiltInKeywords.groovy:4061)
	at com.kms.katalon.core.webui.keyword.WebUiBuiltInKeywords$scrollToElement$4.call(Unknown Source)
	at Отчеты.run(Отчеты:45)
	at com.kms.katalon.core.main.ScriptEngine.run(ScriptEngine.java:194)
	at com.kms.katalon.core.main.ScriptEngine.runScriptAsRawText(ScriptEngine.java:119)
	at com.kms.katalon.core.main.TestCaseExecutor.runScript(TestCaseExecutor.java:442)
	at com.kms.katalon.core.main.TestCaseExecutor.doExecute(TestCaseExecutor.java:433)
	at com.kms.katalon.core.main.TestCaseExecutor.processExecutionPhase(TestCaseExecutor.java:412)
	at com.kms.katalon.core.main.TestCaseExecutor.accessMainPhase(TestCaseExecutor.java:404)
	at com.kms.katalon.core.main.TestCaseExecutor.execute(TestCaseExecutor.java:281)
	at com.kms.katalon.core.main.TestSuiteExecutor.accessTestCaseMainPhase(TestSuiteExecutor.java:202)
	at com.kms.katalon.core.main.TestSuiteExecutor.accessTestSuiteMainPhase(TestSuiteExecutor.java:164)
	at com.kms.katalon.core.main.TestSuiteExecutor.execute(TestSuiteExecutor.java:105)
	at com.kms.katalon.core.main.TestCaseMain.startTestSuite(TestCaseMain.java:185)
	at com.kms.katalon.core.main.TestCaseMain$startTestSuite$0.call(Unknown Source)
	at TempTestSuite1645435812395.run(TempTestSuite1645435812395.groovy:36)
Caused by: com.kms.katalon.core.webui.exception.WebElementNotFoundException: Web element with id: 'Object Repository/Avangard New/Object (Игрок)/Case (отчеты)/xarakteristika' located by '//p[(text() = 'Экстраверсия' or . = 'Экстраверсия')]' not found
	at com.kms.katalon.core.webui.common.WebUiCommonHelper.findWebElement(WebUiCommonHelper.java:1370)
	at com.kms.katalon.core.webui.keyword.internal.WebUIAbstractKeyword.findWebElement(WebUIAbstractKeyword.groovy:27)
	at com.kms.katalon.core.webui.keyword.internal.WebUIAbstractKeyword.findWebElement(WebUIAbstractKeyword.groovy:26)
	at com.kms.katalon.core.webui.keyword.builtin.ScrollToElementKeyword$_scrollToElement_closure1.doCall(ScrollToElementKeyword.groovy:79)
	at com.kms.katalon.core.webui.keyword.builtin.ScrollToElementKeyword$_scrollToElement_closure1.call(ScrollToElementKeyword.groovy)
	at com.kms.katalon.core.webui.keyword.internal.WebUIKeywordMain.runKeyword(WebUIKeywordMain.groovy:20)
	at com.kms.katalon.core.webui.keyword.builtin.ScrollToElementKeyword.scrollToElement(ScrollToElementKeyword.groovy:88)
	at com.kms.katalon.core.webui.keyword.builtin.ScrollToElementKeyword.execute(ScrollToElementKeyword.groovy:68)
	at com.kms.katalon.core.keyword.internal.KeywordExecutor.executeKeywordForPlatform(KeywordExecutor.groovy:74)
	at com.kms.katalon.core.webui.keyword.WebUiBuiltInKeywords.scrollToElement(WebUiBuiltInKeywords.groovy:4061)
	at com.kms.katalon.core.webui.keyword.WebUiBuiltInKeywords$scrollToElement$4.call(Unknown Source)
	at Script1645287289852.run(Script1645287289852.groovy:45)
	... 13 more
)
[[ATTACHMENT|C:\\Users\\LENOVO\\Katalon Studio\\Project Avangard\\Reports\\20220221_122957\\\u0418\u0433\u0440\u043E\u043A\\20220221_123012\\1645436208714.png]]]]></system-out>
         <system-err><![CDATA[2022-02-21 12:31:28 - [TEST_CASE][FAILED] - Test Cases/Игрок/Отчеты: Test Cases/Игрок/Отчеты FAILED.
Reason:
com.kms.katalon.core.exception.StepFailedException: Unable to scroll to object 'Object Repository/Avangard New/Object (Игрок)/Case (отчеты)/xarakteristika'
	at com.kms.katalon.core.webui.keyword.internal.WebUIKeywordMain.stepFailed(WebUIKeywordMain.groovy:64)
	at com.kms.katalon.core.webui.keyword.internal.WebUIKeywordMain.runKeyword(WebUIKeywordMain.groovy:26)
	at com.kms.katalon.core.webui.keyword.builtin.ScrollToElementKeyword.scrollToElement(ScrollToElementKeyword.groovy:88)
	at com.kms.katalon.core.webui.keyword.builtin.ScrollToElementKeyword.execute(ScrollToElementKeyword.groovy:68)
	at com.kms.katalon.core.keyword.internal.KeywordExecutor.executeKeywordForPlatform(KeywordExecutor.groovy:74)
	at com.kms.katalon.core.webui.keyword.WebUiBuiltInKeywords.scrollToElement(WebUiBuiltInKeywords.groovy:4061)
	at com.kms.katalon.core.webui.keyword.WebUiBuiltInKeywords$scrollToElement$4.call(Unknown Source)
	at Отчеты.run(Отчеты:45)
	at com.kms.katalon.core.main.ScriptEngine.run(ScriptEngine.java:194)
	at com.kms.katalon.core.main.ScriptEngine.runScriptAsRawText(ScriptEngine.java:119)
	at com.kms.katalon.core.main.TestCaseExecutor.runScript(TestCaseExecutor.java:442)
	at com.kms.katalon.core.main.TestCaseExecutor.doExecute(TestCaseExecutor.java:433)
	at com.kms.katalon.core.main.TestCaseExecutor.processExecutionPhase(TestCaseExecutor.java:412)
	at com.kms.katalon.core.main.TestCaseExecutor.accessMainPhase(TestCaseExecutor.java:404)
	at com.kms.katalon.core.main.TestCaseExecutor.execute(TestCaseExecutor.java:281)
	at com.kms.katalon.core.main.TestSuiteExecutor.accessTestCaseMainPhase(TestSuiteExecutor.java:202)
	at com.kms.katalon.core.main.TestSuiteExecutor.accessTestSuiteMainPhase(TestSuiteExecutor.java:164)
	at com.kms.katalon.core.main.TestSuiteExecutor.execute(TestSuiteExecutor.java:105)
	at com.kms.katalon.core.main.TestCaseMain.startTestSuite(TestCaseMain.java:185)
	at com.kms.katalon.core.main.TestCaseMain$startTestSuite$0.call(Unknown Source)
	at TempTestSuite1645435812395.run(TempTestSuite1645435812395.groovy:36)
Caused by: com.kms.katalon.core.webui.exception.WebElementNotFoundException: Web element with id: 'Object Repository/Avangard New/Object (Игрок)/Case (отчеты)/xarakteristika' located by '//p[(text() = 'Экстраверсия' or . = 'Экстраверсия')]' not found
	at com.kms.katalon.core.webui.common.WebUiCommonHelper.findWebElement(WebUiCommonHelper.java:1370)
	at com.kms.katalon.core.webui.keyword.internal.WebUIAbstractKeyword.findWebElement(WebUIAbstractKeyword.groovy:27)
	at com.kms.katalon.core.webui.keyword.internal.WebUIAbstractKeyword.findWebElement(WebUIAbstractKeyword.groovy:26)
	at com.kms.katalon.core.webui.keyword.builtin.ScrollToElementKeyword$_scrollToElement_closure1.doCall(ScrollToElementKeyword.groovy:79)
	at com.kms.katalon.core.webui.keyword.builtin.ScrollToElementKeyword$_scrollToElement_closure1.call(ScrollToElementKeyword.groovy)
	at com.kms.katalon.core.webui.keyword.internal.WebUIKeywordMain.runKeyword(WebUIKeywordMain.groovy:20)
	... 19 more]]></system-err>
      </testcase>
      <system-out><![CDATA[2022-02-21 12:30:26 - [TEST_SUITE][FAILED] - Игрок: Test Cases/Игрок/Отчеты FAILED.
Reason:
com.kms.katalon.core.exception.StepFailedException: Unable to scroll to object 'Object Repository/Avangard New/Object (Игрок)/Case (отчеты)/xarakteristika'
	at com.kms.katalon.core.webui.keyword.internal.WebUIKeywordMain.stepFailed(WebUIKeywordMain.groovy:64)
	at com.kms.katalon.core.webui.keyword.internal.WebUIKeywordMain.runKeyword(WebUIKeywordMain.groovy:26)
	at com.kms.katalon.core.webui.keyword.builtin.ScrollToElementKeyword.scrollToElement(ScrollToElementKeyword.groovy:88)
	at com.kms.katalon.core.webui.keyword.builtin.ScrollToElementKeyword.execute(ScrollToElementKeyword.groovy:68)
	at com.kms.katalon.core.keyword.internal.KeywordExecutor.executeKeywordForPlatform(KeywordExecutor.groovy:74)
	at com.kms.katalon.core.webui.keyword.WebUiBuiltInKeywords.scrollToElement(WebUiBuiltInKeywords.groovy:4061)
	at com.kms.katalon.core.webui.keyword.WebUiBuiltInKeywords$scrollToElement$4.call(Unknown Source)
	at Отчеты.run(Отчеты:45)
	at com.kms.katalon.core.main.ScriptEngine.run(ScriptEngine.java:194)
	at com.kms.katalon.core.main.ScriptEngine.runScriptAsRawText(ScriptEngine.java:119)
	at com.kms.katalon.core.main.TestCaseExecutor.runScript(TestCaseExecutor.java:442)
	at com.kms.katalon.core.main.TestCaseExecutor.doExecute(TestCaseExecutor.java:433)
	at com.kms.katalon.core.main.TestCaseExecutor.processExecutionPhase(TestCaseExecutor.java:412)
	at com.kms.katalon.core.main.TestCaseExecutor.accessMainPhase(TestCaseExecutor.java:404)
	at com.kms.katalon.core.main.TestCaseExecutor.execute(TestCaseExecutor.java:281)
	at com.kms.katalon.core.main.TestSuiteExecutor.accessTestCaseMainPhase(TestSuiteExecutor.java:202)
	at com.kms.katalon.core.main.TestSuiteExecutor.accessTestSuiteMainPhase(TestSuiteExecutor.java:164)
	at com.kms.katalon.core.main.TestSuiteExecutor.execute(TestSuiteExecutor.java:105)
	at com.kms.katalon.core.main.TestCaseMain.startTestSuite(TestCaseMain.java:185)
	at com.kms.katalon.core.main.TestCaseMain$startTestSuite$0.call(Unknown Source)
	at TempTestSuite1645435812395.run(TempTestSuite1645435812395.groovy:36)
Caused by: com.kms.katalon.core.webui.exception.WebElementNotFoundException: Web element with id: 'Object Repository/Avangard New/Object (Игрок)/Case (отчеты)/xarakteristika' located by '//p[(text() = 'Экстраверсия' or . = 'Экстраверсия')]' not found
	at com.kms.katalon.core.webui.common.WebUiCommonHelper.findWebElement(WebUiCommonHelper.java:1370)
	at com.kms.katalon.core.webui.keyword.internal.WebUIAbstractKeyword.findWebElement(WebUIAbstractKeyword.groovy:27)
	at com.kms.katalon.core.webui.keyword.internal.WebUIAbstractKeyword.findWebElement(WebUIAbstractKeyword.groovy:26)
	at com.kms.katalon.core.webui.keyword.builtin.ScrollToElementKeyword$_scrollToElement_closure1.doCall(ScrollToElementKeyword.groovy:79)
	at com.kms.katalon.core.webui.keyword.builtin.ScrollToElementKeyword$_scrollToElement_closure1.call(ScrollToElementKeyword.groovy)
	at com.kms.katalon.core.webui.keyword.internal.WebUIKeywordMain.runKeyword(WebUIKeywordMain.groovy:20)
	... 19 more]]></system-out>
      <system-err><![CDATA[2022-02-21 12:30:26 - [TEST_SUITE][FAILED] - Игрок: Test Cases/Игрок/Отчеты FAILED.
Reason:
com.kms.katalon.core.exception.StepFailedException: Unable to scroll to object 'Object Repository/Avangard New/Object (Игрок)/Case (отчеты)/xarakteristika'
	at com.kms.katalon.core.webui.keyword.internal.WebUIKeywordMain.stepFailed(WebUIKeywordMain.groovy:64)
	at com.kms.katalon.core.webui.keyword.internal.WebUIKeywordMain.runKeyword(WebUIKeywordMain.groovy:26)
	at com.kms.katalon.core.webui.keyword.builtin.ScrollToElementKeyword.scrollToElement(ScrollToElementKeyword.groovy:88)
	at com.kms.katalon.core.webui.keyword.builtin.ScrollToElementKeyword.execute(ScrollToElementKeyword.groovy:68)
	at com.kms.katalon.core.keyword.internal.KeywordExecutor.executeKeywordForPlatform(KeywordExecutor.groovy:74)
	at com.kms.katalon.core.webui.keyword.WebUiBuiltInKeywords.scrollToElement(WebUiBuiltInKeywords.groovy:4061)
	at com.kms.katalon.core.webui.keyword.WebUiBuiltInKeywords$scrollToElement$4.call(Unknown Source)
	at Отчеты.run(Отчеты:45)
	at com.kms.katalon.core.main.ScriptEngine.run(ScriptEngine.java:194)
	at com.kms.katalon.core.main.ScriptEngine.runScriptAsRawText(ScriptEngine.java:119)
	at com.kms.katalon.core.main.TestCaseExecutor.runScript(TestCaseExecutor.java:442)
	at com.kms.katalon.core.main.TestCaseExecutor.doExecute(TestCaseExecutor.java:433)
	at com.kms.katalon.core.main.TestCaseExecutor.processExecutionPhase(TestCaseExecutor.java:412)
	at com.kms.katalon.core.main.TestCaseExecutor.accessMainPhase(TestCaseExecutor.java:404)
	at com.kms.katalon.core.main.TestCaseExecutor.execute(TestCaseExecutor.java:281)
	at com.kms.katalon.core.main.TestSuiteExecutor.accessTestCaseMainPhase(TestSuiteExecutor.java:202)
	at com.kms.katalon.core.main.TestSuiteExecutor.accessTestSuiteMainPhase(TestSuiteExecutor.java:164)
	at com.kms.katalon.core.main.TestSuiteExecutor.execute(TestSuiteExecutor.java:105)
	at com.kms.katalon.core.main.TestCaseMain.startTestSuite(TestCaseMain.java:185)
	at com.kms.katalon.core.main.TestCaseMain$startTestSuite$0.call(Unknown Source)
	at TempTestSuite1645435812395.run(TempTestSuite1645435812395.groovy:36)
Caused by: com.kms.katalon.core.webui.exception.WebElementNotFoundException: Web element with id: 'Object Repository/Avangard New/Object (Игрок)/Case (отчеты)/xarakteristika' located by '//p[(text() = 'Экстраверсия' or . = 'Экстраверсия')]' not found
	at com.kms.katalon.core.webui.common.WebUiCommonHelper.findWebElement(WebUiCommonHelper.java:1370)
	at com.kms.katalon.core.webui.keyword.internal.WebUIAbstractKeyword.findWebElement(WebUIAbstractKeyword.groovy:27)
	at com.kms.katalon.core.webui.keyword.internal.WebUIAbstractKeyword.findWebElement(WebUIAbstractKeyword.groovy:26)
	at com.kms.katalon.core.webui.keyword.builtin.ScrollToElementKeyword$_scrollToElement_closure1.doCall(ScrollToElementKeyword.groovy:79)
	at com.kms.katalon.core.webui.keyword.builtin.ScrollToElementKeyword$_scrollToElement_closure1.call(ScrollToElementKeyword.groovy)
	at com.kms.katalon.core.webui.keyword.internal.WebUIKeywordMain.runKeyword(WebUIKeywordMain.groovy:20)
	... 19 more]]></system-err>
   </testsuite>
   <testsuite name="Менеждер" tests="10" failures="0" errors="0" time="1585.1" skipped="0" timestamp="2022-02-21 12:30:35" hostname="LENOVO - DESKTOP-KNHN0AA" id="Test Suites/Менеждер">
      <properties>
         <property name="deviceName" value=""/>
         <property name="devicePlatform" value=""/>
         <property name="logFolder" value="C:\\Users\\LENOVO\\Katalon Studio\\Project Avangard\\Reports\\20220221_122957\\\u041C\u0435\u043D\u0435\u0436\u0434\u0435\u0440\\20220221_123014"/>
         <property name="logFiles" value="C:\\Users\\LENOVO\\Katalon Studio\\Project Avangard\\Reports\\20220221_122957\\\u041C\u0435\u043D\u0435\u0436\u0434\u0435\u0440\\20220221_123014\\execution0.log"/>
         <property name="attachments" value="C:\scr\Омские Ястребы43.jpg, C:\scr\Омские Ястребы44.jpg, C:\scr\Омские Ястребы45.jpg, C:\scr\Омские Ястребы47.jpg, C:\scr\Омские Ястребы48.jpg, C:\scr\Омские Ястребы34.jpg, C:\scr\Омские Ястребы37.jpg, C:\scr\Омские Ястребы39.jpg, C:\scr\Омские Ястребы40.jpg, C:\scr\Омские Ястребы38.jpg, C:\scr\Омские Ястребы29.jpg, C:\scr\Омские Ястребы30.jpg, C:\scr\Омские Ястребы27.jpg, C:\scr\Омские Ястребы28.jpg, C:\scr\Омские Ястребы50.jpg, C:\scr\Омские Ястребы10.jpg, C:\scr\Омские Ястребы11.jpg"/>
         <property name="hostName" value="LENOVO - DESKTOP-KNHN0AA"/>
         <property name="remoteDriverUrl" value="testcloud.katalon.com/hub"/>
         <property name="desiredCapabilities" value="{
  &quot;acceptInsecureCerts&quot;: false,
  &quot;browserName&quot;: &quot;chrome&quot;,
  &quot;browserVersion&quot;: &quot;97.0.4692.71&quot;,
  &quot;chrome&quot;: {
    &quot;chromedriverVersion&quot;: &quot;97.0.4692.71 (adefa7837d02a07a604c1e6eff0b3a09422ab88d-refs/branch-heads/4692@{#1247})&quot;,
    &quot;userDataDir&quot;: &quot;/tmp/.com.google.Chrome.79Qn27&quot;
  },
  &quot;goog:chromeOptions&quot;: {
    &quot;debuggerAddress&quot;: &quot;localhost:44979&quot;
  },
  &quot;javascriptEnabled&quot;: true,
  &quot;networkConnectionEnabled&quot;: false,
  &quot;pageLoadStrategy&quot;: &quot;normal&quot;,
  &quot;platform&quot;: &quot;LINUX&quot;,
  &quot;platformName&quot;: &quot;LINUX&quot;,
  &quot;proxy&quot;: {
    &quot;proxyType&quot;: &quot;DIRECT&quot;,
    &quot;autodetect&quot;: false
  },
  &quot;se:cdp&quot;: &quot;ws://172.48.124.152:4444/session/4c9f55d41955b83b47d860229c7aab3e/se/cdp&quot;,
  &quot;se:cdpVersion&quot;: &quot;97.0.4692.71&quot;,
  &quot;se:vnc&quot;: &quot;ws://172.48.124.152:4444/session/4c9f55d41955b83b47d860229c7aab3e/se/vnc&quot;,
  &quot;se:vncEnabled&quot;: true,
  &quot;se:vncLocalAddress&quot;: &quot;ws://172.48.124.152:7900&quot;,
  &quot;setWindowRect&quot;: true,
  &quot;strictFileInteractability&quot;: false,
  &quot;timeouts&quot;: {
    &quot;implicit&quot;: 0,
    &quot;pageLoad&quot;: 300000,
    &quot;script&quot;: 30000
  },
  &quot;unhandledPromptBehavior&quot;: &quot;dismiss and notify&quot;,
  &quot;webauthn:extension:credBlob&quot;: true,
  &quot;webauthn:extension:largeBlob&quot;: true,
  &quot;webauthn:virtualAuthenticators&quot;: true
}"/>
         <property name="os" value="Windows 10 64bit"/>
         <property name="remoteOS" value="Linux"/>
         <property name="katalonVersion" value="8.2.5.208"/>
         <property name="browser" value="Chrome 97.0.4692.71"/>
         <property name="hostAddress" value="192.168.2.113"/>
         <property name="sessionId" value="4c9f55d41955b83b47d860229c7aab3e"/>
         <property name="seleniumVersion" value="3.141.59"/>
         <property name="proxyInformation" value="ProxyInformation { proxyOption=NO_PROXY, proxyServerType=HTTP, username=, password=********, proxyServerAddress=, proxyServerPort=0, executionList=&quot;&quot;, isApplyToDesiredCapabilities=true }"/>
         <property name="platform" value="Windows 10"/>
      </properties>
      <testcase name="Test Cases/Администратор/Школы" time="243.296" classname="Test Cases/Администратор/Школы" status="PASSED">
         <system-out><![CDATA[2022-02-21 12:30:36 - [TEST_CASE][PASSED] - Test Cases/Администратор/Школы: Test Cases/Администратор/Школы

2022-02-21 12:30:37 - [TEST_STEP][PASSED] - callTestCase(findTestCase("Администратор/Авторизация"), [:], STOP_ON_FAILURE): Call Test Case 'Test Cases/Администратор/Авторизация' successfully

2022-02-21 12:30:37 - [TEST_CASE][PASSED] - Test Cases/Администратор/Авторизация: Test Cases/Администратор/Авторизация

2022-02-21 12:30:38 - [TEST_STEP][PASSED] - openBrowser(""): Browser is opened with url: ''

2022-02-21 12:30:38 - [MESSAGE][INFO] - User set preference: ['os', 'linux']

2022-02-21 12:30:38 - [MESSAGE][INFO] - User set preference: ['browserName', 'chrome']

2022-02-21 12:30:38 - [MESSAGE][INFO] - User set preference: ['browserVersion', '97']

2022-02-21 12:30:38 - [MESSAGE][INFO] - User set preference: ['katalon:option', '{organizationId=551240, tunnelId=, usingTunnel=false}']

2022-02-21 12:30:38 - [MESSAGE][INFO] - Connecting to remote web server 'testcloud.katalon.com/hub' with type 'Selenium'

2022-02-21 12:30:39 - [MESSAGE][INFO] - Action delay is set to 100 milliseconds

2022-02-21 12:32:47 - [MESSAGE][PASSED] - Browser is opened with url: ''

2022-02-21 12:32:47 - [TEST_STEP][PASSED] - maximizeWindow(): Current window maximized

2022-02-21 12:32:48 - [MESSAGE][PASSED] - Current window maximized

2022-02-21 12:32:48 - [TEST_STEP][PASSED] - navigateToUrl(url): Navigate to 'https://stars-stage.hawk.ru:8080' successfully

2022-02-21 12:32:54 - [MESSAGE][PASSED] - Navigate to 'https://stars-stage.hawk.ru:8080' successfully

2022-02-21 12:32:54 - [TEST_STEP][PASSED] - setText(findTestObject("Object Repository/Page_/input__sc-lnrBVv eqPACj"), admin_login): Text 'eronko.i@hc-avangard.com' is set on object 'Object Repository/Page_/input__sc-lnrBVv eqPACj'

2022-02-21 12:32:59 - [MESSAGE][PASSED] - Text 'eronko.i@hc-avangard.com' is set on object 'Object Repository/Page_/input__sc-lnrBVv eqPACj'

2022-02-21 12:32:59 - [TEST_STEP][PASSED] - setText(findTestObject("Object Repository/Page_/input__sc-lnrBVv eqPACj_1"), admin_password): Text 'eronko.i' is set on object 'Object Repository/Page_/input__sc-lnrBVv eqPACj_1'

2022-02-21 12:33:03 - [MESSAGE][PASSED] - Text 'eronko.i' is set on object 'Object Repository/Page_/input__sc-lnrBVv eqPACj_1'

2022-02-21 12:33:03 - [TEST_STEP][PASSED] - click(findTestObject("Object Repository/Page_/go")): Object: 'Object Repository/Page_/go' is clicked on

2022-02-21 12:33:05 - [MESSAGE][PASSED] - Object: 'Object Repository/Page_/go' is clicked on

2022-02-21 12:33:05 - [MESSAGE][PASSED] - Call Test Case 'Test Cases/Администратор/Авторизация' successfully

2022-02-21 12:33:05 - [TEST_STEP][PASSED] - click(findTestObject("Object Repository/admin/school/schools/schools")): Object: 'Object Repository/admin/school/schools/schools' is clicked on

2022-02-21 12:33:26 - [MESSAGE][PASSED] - Object: 'Object Repository/admin/school/schools/schools' is clicked on

2022-02-21 12:33:26 - [TEST_STEP][PASSED] - takeFullPageScreenshot("C:\scr\" + school + "43.jpg"): Taking screenshot successfully

2022-02-21 12:33:34 - [MESSAGE][INFO] - 0 hidden object(s)

2022-02-21 12:33:35 - [MESSAGE][PASSED] - Taking screenshot successfully
[[ATTACHMENT|C:\scr\Омские Ястребы43.jpg]]

2022-02-21 12:33:35 - [TEST_STEP][PASSED] - click(findTestObject("Object Repository/admin/school/Page_/div_")): Object: 'Object Repository/admin/school/Page_/div_' is clicked on

2022-02-21 12:33:37 - [MESSAGE][PASSED] - Object: 'Object Repository/admin/school/Page_/div_' is clicked on

2022-02-21 12:33:37 - [TEST_STEP][PASSED] - scrollToElement(findTestObject("Object Repository/admin/school/Page_/players"), 0): Scroll to object 'Object Repository/admin/school/Page_/players' successfully

2022-02-21 12:33:37 - [MESSAGE][WARNING] - Timeout '0' is invalid. Using default page load timeout: '30'

2022-02-21 12:33:46 - [MESSAGE][PASSED] - Scroll to object 'Object Repository/admin/school/Page_/players' successfully

2022-02-21 12:33:46 - [TEST_STEP][PASSED] - click(findTestObject("Object Repository/admin/school/Page_/players")): Object: 'Object Repository/admin/school/Page_/players' is clicked on

2022-02-21 12:33:49 - [MESSAGE][PASSED] - Object: 'Object Repository/admin/school/Page_/players' is clicked on

2022-02-21 12:33:49 - [TEST_STEP][PASSED] - takeFullPageScreenshot("C:\scr\" + school + "44.jpg"): Taking screenshot successfully

2022-02-21 12:33:56 - [MESSAGE][INFO] - 0 hidden object(s)

2022-02-21 12:33:56 - [MESSAGE][PASSED] - Taking screenshot successfully
[[ATTACHMENT|C:\scr\Омские Ястребы44.jpg]]

2022-02-21 12:33:56 - [TEST_STEP][PASSED] - click(findTestObject("Object Repository/admin/school/Page_/team")): Object: 'Object Repository/admin/school/Page_/team' is clicked on

2022-02-21 12:33:58 - [MESSAGE][PASSED] - Object: 'Object Repository/admin/school/Page_/team' is clicked on

2022-02-21 12:33:58 - [TEST_STEP][PASSED] - takeFullPageScreenshot("C:\scr\" + school + "45.jpg"): Taking screenshot successfully

2022-02-21 12:34:05 - [MESSAGE][INFO] - 0 hidden object(s)

2022-02-21 12:34:05 - [MESSAGE][PASSED] - Taking screenshot successfully
[[ATTACHMENT|C:\scr\Омские Ястребы45.jpg]]

2022-02-21 12:34:05 - [TEST_STEP][PASSED] - click(findTestObject("Object Repository/admin/school/Page_/omsk")): Object: 'Object Repository/admin/school/Page_/omsk' is clicked on

2022-02-21 12:34:07 - [MESSAGE][PASSED] - Object: 'Object Repository/admin/school/Page_/omsk' is clicked on

2022-02-21 12:34:07 - [TEST_STEP][PASSED] - click(findTestObject("Object Repository/admin/school/Page_/edit")): Object: 'Object Repository/admin/school/Page_/edit' is clicked on

2022-02-21 12:34:13 - [MESSAGE][PASSED] - Object: 'Object Repository/admin/school/Page_/edit' is clicked on

2022-02-21 12:34:13 - [TEST_STEP][PASSED] - takeFullPageScreenshot("C:\scr\" + school + "47.jpg"): Taking screenshot successfully

2022-02-21 12:34:20 - [MESSAGE][INFO] - 0 hidden object(s)

2022-02-21 12:34:20 - [MESSAGE][PASSED] - Taking screenshot successfully
[[ATTACHMENT|C:\scr\Омские Ястребы47.jpg]]

2022-02-21 12:34:20 - [TEST_STEP][PASSED] - click(findTestObject("Object Repository/admin/school/Page_/allplayer")): Object: 'Object Repository/admin/school/Page_/allplayer' is clicked on

2022-02-21 12:34:22 - [MESSAGE][PASSED] - Object: 'Object Repository/admin/school/Page_/allplayer' is clicked on

2022-02-21 12:34:22 - [TEST_STEP][PASSED] - takeFullPageScreenshot("C:\scr\" + school + "48.jpg"): Taking screenshot successfully

2022-02-21 12:34:28 - [MESSAGE][INFO] - 0 hidden object(s)

2022-02-21 12:34:28 - [MESSAGE][PASSED] - Taking screenshot successfully
[[ATTACHMENT|C:\scr\Омские Ястребы48.jpg]]

2022-02-21 12:34:28 - [TEST_STEP][PASSED] - click(findTestObject("Object Repository/admin/school/Page_/groups")): Object: 'Object Repository/admin/school/Page_/groups' is clicked on

2022-02-21 12:34:31 - [MESSAGE][PASSED] - Object: 'Object Repository/admin/school/Page_/groups' is clicked on

2022-02-21 12:34:31 - [TEST_STEP][PASSED] - click(findTestObject("manager/schools/overlay"), CONTINUE_ON_FAILURE): Object: 'Object Repository/manager/schools/overlay' is clicked on

2022-02-21 12:34:36 - [MESSAGE][PASSED] - Object: 'Object Repository/manager/schools/overlay' is clicked on

2022-02-21 12:34:36 - [TEST_STEP][PASSED] - click(findTestObject("Object Repository/admin/school/Page_/root")): Object: 'Object Repository/admin/school/Page_/root' is clicked on

2022-02-21 12:34:39 - [MESSAGE][PASSED] - Object: 'Object Repository/admin/school/Page_/root' is clicked on

2022-02-21 12:34:39 - [TEST_STEP][PASSED] - closeBrowser(): Browser is closed

2022-02-21 12:34:39 - [MESSAGE][PASSED] - Browser is closed]]></system-out>
         <system-err><![CDATA[]]></system-err>
      </testcase>
      <testcase name="Test Cases/Администратор/Рейтинг" time="266.703" classname="Test Cases/Администратор/Рейтинг" status="PASSED">
         <system-out><![CDATA[2022-02-21 12:34:39 - [TEST_CASE][PASSED] - Test Cases/Администратор/Рейтинг: Test Cases/Администратор/Рейтинг

2022-02-21 12:34:40 - [TEST_STEP][PASSED] - callTestCase(findTestCase("Администратор/Авторизация"), [:], STOP_ON_FAILURE): Call Test Case 'Test Cases/Администратор/Авторизация' successfully

2022-02-21 12:34:40 - [TEST_CASE][PASSED] - Test Cases/Администратор/Авторизация: Test Cases/Администратор/Авторизация

2022-02-21 12:34:40 - [TEST_STEP][PASSED] - openBrowser(""): Browser is opened with url: ''

2022-02-21 12:34:40 - [MESSAGE][INFO] - User set preference: ['os', 'linux']

2022-02-21 12:34:40 - [MESSAGE][INFO] - User set preference: ['browserName', 'chrome']

2022-02-21 12:34:40 - [MESSAGE][INFO] - User set preference: ['browserVersion', '97']

2022-02-21 12:34:40 - [MESSAGE][INFO] - User set preference: ['katalon:option', '{organizationId=551240, tunnelId=, usingTunnel=false}']

2022-02-21 12:34:40 - [MESSAGE][INFO] - Connecting to remote web server 'testcloud.katalon.com/hub' with type 'Selenium'

2022-02-21 12:34:40 - [MESSAGE][INFO] - Action delay is set to 100 milliseconds

2022-02-21 12:36:52 - [MESSAGE][PASSED] - Browser is opened with url: ''

2022-02-21 12:36:52 - [TEST_STEP][PASSED] - maximizeWindow(): Current window maximized

2022-02-21 12:36:53 - [MESSAGE][PASSED] - Current window maximized

2022-02-21 12:36:53 - [TEST_STEP][PASSED] - navigateToUrl(url): Navigate to 'https://stars-stage.hawk.ru:8080' successfully

2022-02-21 12:36:59 - [MESSAGE][PASSED] - Navigate to 'https://stars-stage.hawk.ru:8080' successfully

2022-02-21 12:36:59 - [TEST_STEP][PASSED] - setText(findTestObject("Object Repository/Page_/input__sc-lnrBVv eqPACj"), admin_login): Text 'eronko.i@hc-avangard.com' is set on object 'Object Repository/Page_/input__sc-lnrBVv eqPACj'

2022-02-21 12:37:04 - [MESSAGE][PASSED] - Text 'eronko.i@hc-avangard.com' is set on object 'Object Repository/Page_/input__sc-lnrBVv eqPACj'

2022-02-21 12:37:04 - [TEST_STEP][PASSED] - setText(findTestObject("Object Repository/Page_/input__sc-lnrBVv eqPACj_1"), admin_password): Text 'eronko.i' is set on object 'Object Repository/Page_/input__sc-lnrBVv eqPACj_1'

2022-02-21 12:37:08 - [MESSAGE][PASSED] - Text 'eronko.i' is set on object 'Object Repository/Page_/input__sc-lnrBVv eqPACj_1'

2022-02-21 12:37:08 - [TEST_STEP][PASSED] - click(findTestObject("Object Repository/Page_/go")): Object: 'Object Repository/Page_/go' is clicked on

2022-02-21 12:37:10 - [MESSAGE][PASSED] - Object: 'Object Repository/Page_/go' is clicked on

2022-02-21 12:37:10 - [MESSAGE][PASSED] - Call Test Case 'Test Cases/Администратор/Авторизация' successfully

2022-02-21 12:37:10 - [TEST_STEP][PASSED] - click(findTestObject("Object Repository/admin/rating/grating")): Object: 'Object Repository/admin/rating/grating' is clicked on

2022-02-21 12:37:23 - [MESSAGE][PASSED] - Object: 'Object Repository/admin/rating/grating' is clicked on

2022-02-21 12:37:23 - [TEST_STEP][PASSED] - takeFullPageScreenshot("C:\scr\" + school + "34.jpg"): Taking screenshot successfully

2022-02-21 12:37:33 - [MESSAGE][INFO] - 0 hidden object(s)

2022-02-21 12:37:33 - [MESSAGE][PASSED] - Taking screenshot successfully
[[ATTACHMENT|C:\scr\Омские Ястребы34.jpg]]

2022-02-21 12:37:33 - [TEST_STEP][PASSED] - click(findTestObject("Object Repository/admin/Page_/shkool")): Object: 'Object Repository/admin/Page_/shkool' is clicked on

2022-02-21 12:37:36 - [MESSAGE][PASSED] - Object: 'Object Repository/admin/Page_/shkool' is clicked on

2022-02-21 12:37:36 - [TEST_STEP][PASSED] - click(findTestObject("Object Repository/admin/Page_/div_ (2)")): Object: 'Object Repository/admin/Page_/div_ (2)' is clicked on

2022-02-21 12:37:38 - [MESSAGE][PASSED] - Object: 'Object Repository/admin/Page_/div_ (2)' is clicked on

2022-02-21 12:37:38 - [TEST_STEP][PASSED] - click(findTestObject("Object Repository/admin/Page_/team")): Object: 'Object Repository/admin/Page_/team' is clicked on

2022-02-21 12:37:43 - [MESSAGE][PASSED] - Object: 'Object Repository/admin/Page_/team' is clicked on

2022-02-21 12:37:43 - [TEST_STEP][PASSED] - click(findTestObject("Object Repository/admin/Page_/omsk")): Object: 'Object Repository/admin/Page_/omsk' is clicked on

2022-02-21 12:37:45 - [MESSAGE][PASSED] - Object: 'Object Repository/admin/Page_/omsk' is clicked on

2022-02-21 12:37:45 - [TEST_STEP][PASSED] - scrollToElement(findTestObject("Object Repository/admin/Page_/top1"), 0): Scroll to object 'Object Repository/admin/Page_/top1' successfully

2022-02-21 12:37:45 - [MESSAGE][WARNING] - Timeout '0' is invalid. Using default page load timeout: '30'

2022-02-21 12:37:48 - [MESSAGE][PASSED] - Scroll to object 'Object Repository/admin/Page_/top1' successfully

2022-02-21 12:37:48 - [TEST_STEP][PASSED] - click(findTestObject("Object Repository/admin/Page_/top1")): Object: 'Object Repository/admin/Page_/top1' is clicked on

2022-02-21 12:37:51 - [MESSAGE][PASSED] - Object: 'Object Repository/admin/Page_/top1' is clicked on

2022-02-21 12:37:51 - [TEST_STEP][PASSED] - takeFullPageScreenshot("C:\scr\" + school + "37.jpg", CONTINUE_ON_FAILURE): Taking screenshot successfully

2022-02-21 12:38:04 - [MESSAGE][INFO] - 0 hidden object(s)

2022-02-21 12:38:04 - [MESSAGE][PASSED] - Taking screenshot successfully
[[ATTACHMENT|C:\scr\Омские Ястребы37.jpg]]

2022-02-21 12:38:04 - [TEST_STEP][PASSED] - click(findTestObject("Object Repository/admin/Page_/skill")): Object: 'Object Repository/admin/Page_/skill' is clicked on

2022-02-21 12:38:06 - [MESSAGE][PASSED] - Object: 'Object Repository/admin/Page_/skill' is clicked on

2022-02-21 12:38:06 - [TEST_STEP][PASSED] - verifyTextPresent("Ускорение", true): Text 'Ускорение' is present on page  using regular expression

2022-02-21 12:38:10 - [MESSAGE][PASSED] - Text 'Ускорение' is present on page  using regular expression

2022-02-21 12:38:10 - [TEST_STEP][PASSED] - verifyTextPresent("Скорость", true): Text 'Скорость' is present on page  using regular expression

2022-02-21 12:38:13 - [MESSAGE][PASSED] - Text 'Скорость' is present on page  using regular expression

2022-02-21 12:38:13 - [TEST_STEP][PASSED] - takeFullPageScreenshot("C:\scr\" + school + "39.jpg", CONTINUE_ON_FAILURE): Taking screenshot successfully

2022-02-21 12:38:24 - [MESSAGE][INFO] - 0 hidden object(s)

2022-02-21 12:38:24 - [MESSAGE][PASSED] - Taking screenshot successfully
[[ATTACHMENT|C:\scr\Омские Ястребы39.jpg]]

2022-02-21 12:38:24 - [TEST_STEP][PASSED] - click(findTestObject("Object Repository/admin/Page_/stat")): Object: 'Object Repository/admin/Page_/stat' is clicked on

2022-02-21 12:38:30 - [MESSAGE][PASSED] - Object: 'Object Repository/admin/Page_/stat' is clicked on

2022-02-21 12:38:30 - [TEST_STEP][PASSED] - verifyTextPresent("Матчи", true, CONTINUE_ON_FAILURE): Text 'Матчи' is present on page  using regular expression

2022-02-21 12:38:38 - [MESSAGE][PASSED] - Text 'Матчи' is present on page  using regular expression

2022-02-21 12:38:38 - [TEST_STEP][PASSED] - verifyTextPresent("Ранг", true, CONTINUE_ON_FAILURE): Text 'Ранг' is present on page  using regular expression

2022-02-21 12:38:40 - [MESSAGE][PASSED] - Text 'Ранг' is present on page  using regular expression

2022-02-21 12:38:40 - [TEST_STEP][PASSED] - takeFullPageScreenshot("C:\scr\" + school + "40.jpg", CONTINUE_ON_FAILURE): Taking screenshot successfully

2022-02-21 12:38:50 - [MESSAGE][INFO] - 0 hidden object(s)

2022-02-21 12:38:51 - [MESSAGE][PASSED] - Taking screenshot successfully
[[ATTACHMENT|C:\scr\Омские Ястребы40.jpg]]

2022-02-21 12:38:51 - [TEST_STEP][PASSED] - click(findTestObject("Object Repository/admin/Page_/ptest")): Object: 'Object Repository/admin/Page_/ptest' is clicked on

2022-02-21 12:38:53 - [MESSAGE][PASSED] - Object: 'Object Repository/admin/Page_/ptest' is clicked on

2022-02-21 12:38:53 - [TEST_STEP][PASSED] - verifyTextPresent("СРЕДНЯЯ ОЦЕНКА", true): Text 'СРЕДНЯЯ ОЦЕНКА' is present on page  using regular expression

2022-02-21 12:38:55 - [MESSAGE][PASSED] - Text 'СРЕДНЯЯ ОЦЕНКА' is present on page  using regular expression

2022-02-21 12:38:55 - [TEST_STEP][PASSED] - verifyTextPresent("Список навыков и характеристики", true): Text 'Список навыков и характеристики' is present on page  using regular expression

2022-02-21 12:38:57 - [MESSAGE][PASSED] - Text 'Список навыков и характеристики' is present on page  using regular expression

2022-02-21 12:38:57 - [TEST_STEP][PASSED] - takeFullPageScreenshot("C:\scr\" + school + "38.jpg", CONTINUE_ON_FAILURE): Taking screenshot successfully

2022-02-21 12:39:03 - [MESSAGE][INFO] - 0 hidden object(s)

2022-02-21 12:39:03 - [MESSAGE][PASSED] - Taking screenshot successfully
[[ATTACHMENT|C:\scr\Омские Ястребы38.jpg]]

2022-02-21 12:39:03 - [TEST_STEP][PASSED] - click(findTestObject("Object Repository/admin/Page_/root")): Object: 'Object Repository/admin/Page_/root' is clicked on

2022-02-21 12:39:06 - [MESSAGE][PASSED] - Object: 'Object Repository/admin/Page_/root' is clicked on

2022-02-21 12:39:06 - [TEST_STEP][PASSED] - closeBrowser(): Browser is closed

2022-02-21 12:39:06 - [MESSAGE][PASSED] - Browser is closed]]></system-out>
         <system-err><![CDATA[]]></system-err>
      </testcase>
      <testcase name="Test Cases/Администратор/ОТЧЕТЫ функциональные тесты/Список участников без оценки" time="183.012" classname="Test Cases/Администратор/ОТЧЕТЫ функциональные тесты/Список участников без оценки" status="PASSED">
         <system-out><![CDATA[2022-02-21 12:39:06 - [TEST_CASE][PASSED] - Test Cases/Администратор/ОТЧЕТЫ функциональные тесты/Список участников без оценки: Test Cases/Администратор/ОТЧЕТЫ функциональные тесты/Список участников без оценки

2022-02-21 12:39:06 - [TEST_STEP][PASSED] - callTestCase(findTestCase("Администратор/Отчет для тк"), [:], STOP_ON_FAILURE): Call Test Case 'Test Cases/Администратор/Отчет для тк' successfully

2022-02-21 12:39:07 - [TEST_CASE][PASSED] - Test Cases/Администратор/Отчет для тк: Test Cases/Администратор/Отчет для тк

2022-02-21 12:39:07 - [TEST_STEP][PASSED] - callTestCase(findTestCase("Администратор/Авторизация"), [:], STOP_ON_FAILURE): Call Test Case 'Test Cases/Администратор/Авторизация' successfully

2022-02-21 12:39:07 - [TEST_CASE][PASSED] - Test Cases/Администратор/Авторизация: Test Cases/Администратор/Авторизация

2022-02-21 12:39:07 - [TEST_STEP][PASSED] - openBrowser(""): Browser is opened with url: ''

2022-02-21 12:39:07 - [MESSAGE][INFO] - User set preference: ['os', 'linux']

2022-02-21 12:39:07 - [MESSAGE][INFO] - User set preference: ['browserName', 'chrome']

2022-02-21 12:39:07 - [MESSAGE][INFO] - User set preference: ['browserVersion', '97']

2022-02-21 12:39:07 - [MESSAGE][INFO] - User set preference: ['katalon:option', '{organizationId=551240, tunnelId=, usingTunnel=false}']

2022-02-21 12:39:07 - [MESSAGE][INFO] - Connecting to remote web server 'testcloud.katalon.com/hub' with type 'Selenium'

2022-02-21 12:39:07 - [MESSAGE][INFO] - Action delay is set to 100 milliseconds

2022-02-21 12:40:36 - [MESSAGE][PASSED] - Browser is opened with url: ''

2022-02-21 12:40:36 - [TEST_STEP][PASSED] - maximizeWindow(): Current window maximized

2022-02-21 12:40:37 - [MESSAGE][PASSED] - Current window maximized

2022-02-21 12:40:37 - [TEST_STEP][PASSED] - navigateToUrl(url): Navigate to 'https://stars-stage.hawk.ru:8080' successfully

2022-02-21 12:40:43 - [MESSAGE][PASSED] - Navigate to 'https://stars-stage.hawk.ru:8080' successfully

2022-02-21 12:40:43 - [TEST_STEP][PASSED] - setText(findTestObject("Object Repository/Page_/input__sc-lnrBVv eqPACj"), admin_login): Text 'eronko.i@hc-avangard.com' is set on object 'Object Repository/Page_/input__sc-lnrBVv eqPACj'

2022-02-21 12:40:47 - [MESSAGE][PASSED] - Text 'eronko.i@hc-avangard.com' is set on object 'Object Repository/Page_/input__sc-lnrBVv eqPACj'

2022-02-21 12:40:47 - [TEST_STEP][PASSED] - setText(findTestObject("Object Repository/Page_/input__sc-lnrBVv eqPACj_1"), admin_password): Text 'eronko.i' is set on object 'Object Repository/Page_/input__sc-lnrBVv eqPACj_1'

2022-02-21 12:40:51 - [MESSAGE][PASSED] - Text 'eronko.i' is set on object 'Object Repository/Page_/input__sc-lnrBVv eqPACj_1'

2022-02-21 12:40:51 - [TEST_STEP][PASSED] - click(findTestObject("Object Repository/Page_/go")): Object: 'Object Repository/Page_/go' is clicked on

2022-02-21 12:40:53 - [MESSAGE][PASSED] - Object: 'Object Repository/Page_/go' is clicked on

2022-02-21 12:40:53 - [MESSAGE][PASSED] - Call Test Case 'Test Cases/Администратор/Авторизация' successfully

2022-02-21 12:40:53 - [TEST_STEP][PASSED] - click(findTestObject("admin/reports/keys/reports/report")): Object: 'Object Repository/admin/reports/keys/reports/report' is clicked on

2022-02-21 12:41:23 - [MESSAGE][PASSED] - Object: 'Object Repository/admin/reports/keys/reports/report' is clicked on

2022-02-21 12:41:23 - [MESSAGE][PASSED] - Call Test Case 'Test Cases/Администратор/Отчет для тк' successfully

2022-02-21 12:41:23 - [TEST_STEP][PASSED] - click(findTestObject("Object Repository/admin/reports/not/Page_/not")): Object: 'Object Repository/admin/reports/not/Page_/not' is clicked on

2022-02-21 12:41:25 - [MESSAGE][PASSED] - Object: 'Object Repository/admin/reports/not/Page_/not' is clicked on

2022-02-21 12:41:25 - [TEST_STEP][PASSED] - verifyTextPresent("СПИСОК УЧАСТНИКОВ БЕЗ ОЦЕНКИ", true): Text 'СПИСОК УЧАСТНИКОВ БЕЗ ОЦЕНКИ' is present on page  using regular expression

2022-02-21 12:41:34 - [MESSAGE][PASSED] - Text 'СПИСОК УЧАСТНИКОВ БЕЗ ОЦЕНКИ' is present on page  using regular expression

2022-02-21 12:41:34 - [TEST_STEP][PASSED] - takeFullPageScreenshot("C:\scr\" + school + "29.jpg"): Taking screenshot successfully

2022-02-21 12:41:41 - [MESSAGE][INFO] - 0 hidden object(s)

2022-02-21 12:41:41 - [MESSAGE][PASSED] - Taking screenshot successfully
[[ATTACHMENT|C:\scr\Омские Ястребы29.jpg]]

2022-02-21 12:41:41 - [TEST_STEP][PASSED] - setText(findTestObject("Object Repository/admin/reports/not/Page_/input__react-select-2-input"), "ака"): Text 'ака' is set on object 'Object Repository/admin/reports/not/Page_/input__react-select-2-input'

2022-02-21 12:41:45 - [MESSAGE][PASSED] - Text 'ака' is set on object 'Object Repository/admin/reports/not/Page_/input__react-select-2-input'

2022-02-21 12:41:45 - [TEST_STEP][PASSED] - sendKeys(findTestObject("Object Repository/admin/reports/not/Page_/input__react-select-2-input"), Keys.chord(ENTER)): Keys 'ENTER + ' sent to object: 'Object Repository/admin/reports/not/Page_/input__react-select-2-input'

2022-02-21 12:41:47 - [MESSAGE][PASSED] - Keys 'ENTER + ' sent to object: 'Object Repository/admin/reports/not/Page_/input__react-select-2-input'

2022-02-21 12:41:47 - [TEST_STEP][PASSED] - setText(findTestObject("Object Repository/admin/reports/not/Page_/input__react-select-3-input"), school): Text 'Омские Ястребы' is set on object 'Object Repository/admin/reports/not/Page_/input__react-select-3-input'

2022-02-21 12:41:52 - [MESSAGE][PASSED] - Text 'Омские Ястребы' is set on object 'Object Repository/admin/reports/not/Page_/input__react-select-3-input'

2022-02-21 12:41:52 - [TEST_STEP][PASSED] - sendKeys(findTestObject("Object Repository/admin/reports/not/Page_/input__react-select-3-input"), Keys.chord(ENTER)): Keys 'ENTER + ' sent to object: 'Object Repository/admin/reports/not/Page_/input__react-select-3-input'

2022-02-21 12:41:54 - [MESSAGE][PASSED] - Keys 'ENTER + ' sent to object: 'Object Repository/admin/reports/not/Page_/input__react-select-3-input'

2022-02-21 12:41:54 - [TEST_STEP][PASSED] - setText(findTestObject("Object Repository/admin/reports/not/Page_/input__react-select-4-input"), "26.8"): Text '26.8' is set on object 'Object Repository/admin/reports/not/Page_/input__react-select-4-input'

2022-02-21 12:41:59 - [MESSAGE][PASSED] - Text '26.8' is set on object 'Object Repository/admin/reports/not/Page_/input__react-select-4-input'

2022-02-21 12:41:59 - [TEST_STEP][PASSED] - sendKeys(findTestObject("Object Repository/admin/reports/not/Page_/input__react-select-4-input"), Keys.chord(ENTER)): Keys 'ENTER + ' sent to object: 'Object Repository/admin/reports/not/Page_/input__react-select-4-input'

2022-02-21 12:42:01 - [MESSAGE][PASSED] - Keys 'ENTER + ' sent to object: 'Object Repository/admin/reports/not/Page_/input__react-select-4-input'

2022-02-21 12:42:01 - [TEST_STEP][PASSED] - takeFullPageScreenshot("C:\scr\" + school + "30.jpg"): Taking screenshot successfully

2022-02-21 12:42:06 - [MESSAGE][INFO] - 0 hidden object(s)

2022-02-21 12:42:06 - [MESSAGE][PASSED] - Taking screenshot successfully
[[ATTACHMENT|C:\scr\Омские Ястребы30.jpg]]

2022-02-21 12:42:06 - [TEST_STEP][PASSED] - click(findTestObject("Object Repository/manager/kale/Page_/root")): Object: 'Object Repository/manager/kale/Page_/root' is clicked on

2022-02-21 12:42:09 - [MESSAGE][PASSED] - Object: 'Object Repository/manager/kale/Page_/root' is clicked on

2022-02-21 12:42:09 - [TEST_STEP][PASSED] - closeBrowser(): Browser is closed

2022-02-21 12:42:09 - [MESSAGE][PASSED] - Browser is closed]]></system-out>
         <system-err><![CDATA[]]></system-err>
      </testcase>
      <testcase name="Test Cases/Администратор/ОТЧЕТЫ функциональные тесты/Отчет психофиз" time="201.386" classname="Test Cases/Администратор/ОТЧЕТЫ функциональные тесты/Отчет психофиз" status="PASSED">
         <system-out><![CDATA[2022-02-21 12:42:09 - [TEST_CASE][PASSED] - Test Cases/Администратор/ОТЧЕТЫ функциональные тесты/Отчет психофиз: Test Cases/Администратор/ОТЧЕТЫ функциональные тесты/Отчет психофиз

2022-02-21 12:42:09 - [TEST_STEP][PASSED] - callTestCase(findTestCase("Администратор/Отчет для тк"), [:], STOP_ON_FAILURE): Call Test Case 'Test Cases/Администратор/Отчет для тк' successfully

2022-02-21 12:42:10 - [TEST_CASE][PASSED] - Test Cases/Администратор/Отчет для тк: Test Cases/Администратор/Отчет для тк

2022-02-21 12:42:10 - [TEST_STEP][PASSED] - callTestCase(findTestCase("Администратор/Авторизация"), [:], STOP_ON_FAILURE): Call Test Case 'Test Cases/Администратор/Авторизация' successfully

2022-02-21 12:42:10 - [TEST_CASE][PASSED] - Test Cases/Администратор/Авторизация: Test Cases/Администратор/Авторизация

2022-02-21 12:42:10 - [TEST_STEP][PASSED] - openBrowser(""): Browser is opened with url: ''

2022-02-21 12:42:10 - [MESSAGE][INFO] - User set preference: ['os', 'linux']

2022-02-21 12:42:10 - [MESSAGE][INFO] - User set preference: ['browserName', 'chrome']

2022-02-21 12:42:10 - [MESSAGE][INFO] - User set preference: ['browserVersion', '97']

2022-02-21 12:42:10 - [MESSAGE][INFO] - User set preference: ['katalon:option', '{organizationId=551240, tunnelId=, usingTunnel=false}']

2022-02-21 12:42:10 - [MESSAGE][INFO] - Connecting to remote web server 'testcloud.katalon.com/hub' with type 'Selenium'

2022-02-21 12:42:10 - [MESSAGE][INFO] - Action delay is set to 100 milliseconds

2022-02-21 12:43:01 - [MESSAGE][PASSED] - Browser is opened with url: ''

2022-02-21 12:43:01 - [TEST_STEP][PASSED] - maximizeWindow(): Current window maximized

2022-02-21 12:43:01 - [MESSAGE][PASSED] - Current window maximized

2022-02-21 12:43:01 - [TEST_STEP][PASSED] - navigateToUrl(url): Navigate to 'https://stars-stage.hawk.ru:8080' successfully

2022-02-21 12:43:08 - [MESSAGE][PASSED] - Navigate to 'https://stars-stage.hawk.ru:8080' successfully

2022-02-21 12:43:08 - [TEST_STEP][PASSED] - setText(findTestObject("Object Repository/Page_/input__sc-lnrBVv eqPACj"), admin_login): Text 'eronko.i@hc-avangard.com' is set on object 'Object Repository/Page_/input__sc-lnrBVv eqPACj'

2022-02-21 12:43:12 - [MESSAGE][PASSED] - Text 'eronko.i@hc-avangard.com' is set on object 'Object Repository/Page_/input__sc-lnrBVv eqPACj'

2022-02-21 12:43:12 - [TEST_STEP][PASSED] - setText(findTestObject("Object Repository/Page_/input__sc-lnrBVv eqPACj_1"), admin_password): Text 'eronko.i' is set on object 'Object Repository/Page_/input__sc-lnrBVv eqPACj_1'

2022-02-21 12:43:16 - [MESSAGE][PASSED] - Text 'eronko.i' is set on object 'Object Repository/Page_/input__sc-lnrBVv eqPACj_1'

2022-02-21 12:43:16 - [TEST_STEP][PASSED] - click(findTestObject("Object Repository/Page_/go")): Object: 'Object Repository/Page_/go' is clicked on

2022-02-21 12:43:18 - [MESSAGE][PASSED] - Object: 'Object Repository/Page_/go' is clicked on

2022-02-21 12:43:18 - [MESSAGE][PASSED] - Call Test Case 'Test Cases/Администратор/Авторизация' successfully

2022-02-21 12:43:18 - [TEST_STEP][PASSED] - click(findTestObject("admin/reports/keys/reports/report")): Object: 'Object Repository/admin/reports/keys/reports/report' is clicked on

2022-02-21 12:43:37 - [MESSAGE][PASSED] - Object: 'Object Repository/admin/reports/keys/reports/report' is clicked on

2022-02-21 12:43:37 - [MESSAGE][PASSED] - Call Test Case 'Test Cases/Администратор/Отчет для тк' successfully

2022-02-21 12:43:37 - [TEST_STEP][PASSED] - click(findTestObject("Object Repository/admin/reports/psyhotest/Page_/psychotest")): Object: 'Object Repository/admin/reports/psyhotest/Page_/psychotest' is clicked on

2022-02-21 12:44:09 - [MESSAGE][INFO] - Unable to find the element located by 'By.xpath: //*[(text() = 'Отчет психофизического профиля' or . = 'Отчет психофизического профиля')]'. Please recheck the objects properties to make sure the desired element is located. 

2022-02-21 12:44:09 - [MESSAGE][WARNING] - [SELF-HEALING] Failed to find element with id 'Object Repository/admin/reports/psyhotest/Page_/psychotest'. Try using Self-healing.

2022-02-21 12:44:11 - [MESSAGE][WARNING] - [SELF-HEALING] The current locator of test object 'Object Repository/admin/reports/psyhotest/Page_/psychotest' was broken. Propose an alternative one: '(.//*[normalize-space(text()) and normalize-space(.)='Отчет по играм за период'])[1]/following::div[6]'.

2022-02-21 12:44:12 - [MESSAGE][PASSED] - Object: 'Object Repository/admin/reports/psyhotest/Page_/psychotest' is clicked on

2022-02-21 12:44:12 - [TEST_STEP][PASSED] - verifyTextPresent("ОТЧЕТ ПСИХОЛОГИЧЕСКОГО ПРОФИЛЯ", true): Text 'ОТЧЕТ ПСИХОЛОГИЧЕСКОГО ПРОФИЛЯ' is present on page  using regular expression

2022-02-21 12:44:17 - [MESSAGE][PASSED] - Text 'ОТЧЕТ ПСИХОЛОГИЧЕСКОГО ПРОФИЛЯ' is present on page  using regular expression

2022-02-21 12:44:17 - [TEST_STEP][PASSED] - takeFullPageScreenshot("C:\scr\" + school + "27.jpg"): Taking screenshot successfully

2022-02-21 12:44:25 - [MESSAGE][INFO] - 0 hidden object(s)

2022-02-21 12:44:25 - [MESSAGE][PASSED] - Taking screenshot successfully
[[ATTACHMENT|C:\scr\Омские Ястребы27.jpg]]

2022-02-21 12:44:25 - [TEST_STEP][PASSED] - click(findTestObject("Object Repository/admin/reports/psyhotest/Page_/scool")): Object: 'Object Repository/admin/reports/psyhotest/Page_/scool' is clicked on

2022-02-21 12:44:27 - [MESSAGE][PASSED] - Object: 'Object Repository/admin/reports/psyhotest/Page_/scool' is clicked on

2022-02-21 12:44:27 - [TEST_STEP][PASSED] - click(findTestObject("Object Repository/admin/reports/psyhotest/Page_/div_")): Object: 'Object Repository/admin/reports/psyhotest/Page_/div_' is clicked on

2022-02-21 12:44:29 - [MESSAGE][PASSED] - Object: 'Object Repository/admin/reports/psyhotest/Page_/div_' is clicked on

2022-02-21 12:44:29 - [TEST_STEP][PASSED] - click(findTestObject("Object Repository/admin/reports/psyhotest/Page_/team")): Object: 'Object Repository/admin/reports/psyhotest/Page_/team' is clicked on

2022-02-21 12:44:32 - [MESSAGE][PASSED] - Object: 'Object Repository/admin/reports/psyhotest/Page_/team' is clicked on

2022-02-21 12:44:32 - [TEST_STEP][PASSED] - click(findTestObject("Object Repository/admin/reports/psyhotest/Page_/oya")): Object: 'Object Repository/admin/reports/psyhotest/Page_/oya' is clicked on

2022-02-21 12:44:34 - [MESSAGE][PASSED] - Object: 'Object Repository/admin/reports/psyhotest/Page_/oya' is clicked on

2022-02-21 12:44:34 - [TEST_STEP][PASSED] - setText(findTestObject("Object Repository/admin/reports/psyhotest/Page_/aplayer"), player_for_test): Text 'Ганин Данила' is set on object 'Object Repository/admin/reports/psyhotest/Page_/aplayer'

2022-02-21 12:44:38 - [MESSAGE][PASSED] - Text 'Ганин Данила' is set on object 'Object Repository/admin/reports/psyhotest/Page_/aplayer'

2022-02-21 12:44:38 - [TEST_STEP][PASSED] - sendKeys(findTestObject("admin/Global player"), Keys.chord(ENTER)): Keys 'ENTER + ' sent to object: 'Object Repository/admin/Global player'

2022-02-21 12:44:40 - [MESSAGE][PASSED] - Keys 'ENTER + ' sent to object: 'Object Repository/admin/Global player'

2022-02-21 12:44:40 - [TEST_STEP][PASSED] - click(findTestObject("Object Repository/admin/reports/psyhotest/Page_/season")): Object: 'Object Repository/admin/reports/psyhotest/Page_/season' is clicked on

2022-02-21 12:44:45 - [MESSAGE][PASSED] - Object: 'Object Repository/admin/reports/psyhotest/Page_/season' is clicked on

2022-02-21 12:44:45 - [TEST_STEP][PASSED] - click(findTestObject("Object Repository/admin/reports/psyhotest/Page_/div_21-22")): Object: 'Object Repository/admin/reports/psyhotest/Page_/div_21-22' is clicked on

2022-02-21 12:44:47 - [MESSAGE][PASSED] - Object: 'Object Repository/admin/reports/psyhotest/Page_/div_21-22' is clicked on

2022-02-21 12:44:47 - [TEST_STEP][PASSED] - scrollToElement(findTestObject("Avangard New/Object (Администратор)/name (Реакция на сложный стимул)"), 0): Scroll to object 'Object Repository/Avangard New/Object (Администратор)/name (Реакция на сложный стимул)' successfully

2022-02-21 12:44:48 - [MESSAGE][WARNING] - Timeout '0' is invalid. Using default page load timeout: '30'

2022-02-21 12:44:52 - [MESSAGE][PASSED] - Scroll to object 'Object Repository/Avangard New/Object (Администратор)/name (Реакция на сложный стимул)' successfully

2022-02-21 12:44:52 - [TEST_STEP][PASSED] - verifyTextPresent("Реакция на сложный стимул", false): Text 'Реакция на сложный стимул' is present on page 

2022-02-21 12:44:54 - [MESSAGE][PASSED] - Text 'Реакция на сложный стимул' is present on page 

2022-02-21 12:44:54 - [TEST_STEP][PASSED] - verifyTextPresent("Реакция на простой стимул", false): Text 'Реакция на простой стимул' is present on page 

2022-02-21 12:44:56 - [MESSAGE][PASSED] - Text 'Реакция на простой стимул' is present on page 

2022-02-21 12:44:56 - [TEST_STEP][NOT_RUN] - scrollToElement(findTestObject("Object Repository/admin/reports/psyhotest/Page_/p_"), 0): NOT_RUN: scrollToElement(findTestObject("Object Repository/admin/reports/psyhotest/Page_/p_"), 0)

2022-02-21 12:44:56 - [MESSAGE][NOT_RUN] - NOT_RUN: scrollToElement(findTestObject("Object Repository/admin/reports/psyhotest/Page_/p_"), 0)

2022-02-21 12:44:56 - [TEST_STEP][PASSED] - takeFullPageScreenshot("C:\scr\" + school + "28.jpg"): Taking screenshot successfully

2022-02-21 12:45:03 - [MESSAGE][INFO] - 0 hidden object(s)

2022-02-21 12:45:03 - [MESSAGE][PASSED] - Taking screenshot successfully
[[ATTACHMENT|C:\scr\Омские Ястребы28.jpg]]

2022-02-21 12:45:03 - [TEST_STEP][PASSED] - scrollToElement(findTestObject("Object Repository/admin/reports/psyhotest/Page_/season (1)"), 0): Scroll to object 'Object Repository/admin/reports/psyhotest/Page_/season (1)' successfully

2022-02-21 12:45:03 - [MESSAGE][WARNING] - Timeout '0' is invalid. Using default page load timeout: '30'

2022-02-21 12:45:05 - [MESSAGE][PASSED] - Scroll to object 'Object Repository/admin/reports/psyhotest/Page_/season (1)' successfully

2022-02-21 12:45:05 - [TEST_STEP][PASSED] - click(findTestObject("Object Repository/admin/reports/psyhotest/Page_/topologic")): Object: 'Object Repository/admin/reports/psyhotest/Page_/topologic' is clicked on

2022-02-21 12:45:07 - [MESSAGE][PASSED] - Object: 'Object Repository/admin/reports/psyhotest/Page_/topologic' is clicked on

2022-02-21 12:45:07 - [TEST_STEP][PASSED] - click(findTestObject("Object Repository/admin/reports/psyhotest/Page_/season (1)")): Object: 'Object Repository/admin/reports/psyhotest/Page_/season (1)' is clicked on

2022-02-21 12:45:10 - [MESSAGE][PASSED] - Object: 'Object Repository/admin/reports/psyhotest/Page_/season (1)' is clicked on

2022-02-21 12:45:10 - [TEST_STEP][PASSED] - click(findTestObject("Object Repository/admin/reports/psyhotest/Page_/20-21")): Object: 'Object Repository/admin/reports/psyhotest/Page_/20-21' is clicked on

2022-02-21 12:45:12 - [MESSAGE][PASSED] - Object: 'Object Repository/admin/reports/psyhotest/Page_/20-21' is clicked on

2022-02-21 12:45:12 - [TEST_STEP][PASSED] - scrollToElement(findTestObject("Avangard New/Object (Администратор)/name (Спонтанность)"), 0): Scroll to object 'Object Repository/Avangard New/Object (Администратор)/name (Спонтанность)' successfully

2022-02-21 12:45:12 - [MESSAGE][WARNING] - Timeout '0' is invalid. Using default page load timeout: '30'

2022-02-21 12:45:16 - [MESSAGE][PASSED] - Scroll to object 'Object Repository/Avangard New/Object (Администратор)/name (Спонтанность)' successfully

2022-02-21 12:45:16 - [TEST_STEP][PASSED] - verifyTextPresent("Спонтанность", false): Text 'Спонтанность' is present on page 

2022-02-21 12:45:18 - [MESSAGE][PASSED] - Text 'Спонтанность' is present on page 

2022-02-21 12:45:18 - [TEST_STEP][PASSED] - verifyTextPresent("Стеничность", false): Text 'Стеничность' is present on page 

2022-02-21 12:45:19 - [MESSAGE][PASSED] - Text 'Стеничность' is present on page 

2022-02-21 12:45:19 - [TEST_STEP][PASSED] - verifyTextPresent("Экстраверсия", false): Text 'Экстраверсия' is present on page 

2022-02-21 12:45:22 - [MESSAGE][PASSED] - Text 'Экстраверсия' is present on page 

2022-02-21 12:45:22 - [TEST_STEP][PASSED] - takeFullPageScreenshot("C:\scr\" + school + "50.jpg"): Taking screenshot successfully

2022-02-21 12:45:28 - [MESSAGE][INFO] - 0 hidden object(s)

2022-02-21 12:45:28 - [MESSAGE][PASSED] - Taking screenshot successfully
[[ATTACHMENT|C:\scr\Омские Ястребы50.jpg]]

2022-02-21 12:45:28 - [TEST_STEP][PASSED] - click(findTestObject("Object Repository/admin/reports/psyhotest/Page_/root")): Object: 'Object Repository/admin/reports/psyhotest/Page_/root' is clicked on

2022-02-21 12:45:30 - [MESSAGE][PASSED] - Object: 'Object Repository/admin/reports/psyhotest/Page_/root' is clicked on

2022-02-21 12:45:30 - [TEST_STEP][PASSED] - closeBrowser(): Browser is closed

2022-02-21 12:45:31 - [MESSAGE][PASSED] - Browser is closed]]></system-out>
         <system-err><![CDATA[]]></system-err>
      </testcase>
      <testcase name="Test Cases/Администратор/ОТЧЕТЫ функциональные тесты/Отчет по играм за период" time="181.131" classname="Test Cases/Администратор/ОТЧЕТЫ функциональные тесты/Отчет по играм за период" status="PASSED">
         <system-out><![CDATA[2022-02-21 12:45:31 - [TEST_CASE][PASSED] - Test Cases/Администратор/ОТЧЕТЫ функциональные тесты/Отчет по играм за период: Test Cases/Администратор/ОТЧЕТЫ функциональные тесты/Отчет по играм за период

2022-02-21 12:45:31 - [TEST_STEP][PASSED] - callTestCase(findTestCase("Администратор/Отчет для тк"), [:], STOP_ON_FAILURE): Call Test Case 'Test Cases/Администратор/Отчет для тк' successfully

2022-02-21 12:45:31 - [TEST_CASE][PASSED] - Test Cases/Администратор/Отчет для тк: Test Cases/Администратор/Отчет для тк

2022-02-21 12:45:31 - [TEST_STEP][PASSED] - callTestCase(findTestCase("Администратор/Авторизация"), [:], STOP_ON_FAILURE): Call Test Case 'Test Cases/Администратор/Авторизация' successfully

2022-02-21 12:45:31 - [TEST_CASE][PASSED] - Test Cases/Администратор/Авторизация: Test Cases/Администратор/Авторизация

2022-02-21 12:45:31 - [TEST_STEP][PASSED] - openBrowser(""): Browser is opened with url: ''

2022-02-21 12:45:31 - [MESSAGE][INFO] - User set preference: ['os', 'linux']

2022-02-21 12:45:31 - [MESSAGE][INFO] - User set preference: ['browserName', 'chrome']

2022-02-21 12:45:31 - [MESSAGE][INFO] - User set preference: ['browserVersion', '97']

2022-02-21 12:45:31 - [MESSAGE][INFO] - User set preference: ['katalon:option', '{organizationId=551240, tunnelId=, usingTunnel=false}']

2022-02-21 12:45:31 - [MESSAGE][INFO] - Connecting to remote web server 'testcloud.katalon.com/hub' with type 'Selenium'

2022-02-21 12:45:31 - [MESSAGE][INFO] - Action delay is set to 100 milliseconds

2022-02-21 12:46:31 - [MESSAGE][PASSED] - Browser is opened with url: ''

2022-02-21 12:46:31 - [TEST_STEP][PASSED] - maximizeWindow(): Current window maximized

2022-02-21 12:46:32 - [MESSAGE][PASSED] - Current window maximized

2022-02-21 12:46:32 - [TEST_STEP][PASSED] - navigateToUrl(url): Navigate to 'https://stars-stage.hawk.ru:8080' successfully

2022-02-21 12:46:38 - [MESSAGE][PASSED] - Navigate to 'https://stars-stage.hawk.ru:8080' successfully

2022-02-21 12:46:38 - [TEST_STEP][PASSED] - setText(findTestObject("Object Repository/Page_/input__sc-lnrBVv eqPACj"), admin_login): Text 'eronko.i@hc-avangard.com' is set on object 'Object Repository/Page_/input__sc-lnrBVv eqPACj'

2022-02-21 12:46:42 - [MESSAGE][PASSED] - Text 'eronko.i@hc-avangard.com' is set on object 'Object Repository/Page_/input__sc-lnrBVv eqPACj'

2022-02-21 12:46:42 - [TEST_STEP][PASSED] - setText(findTestObject("Object Repository/Page_/input__sc-lnrBVv eqPACj_1"), admin_password): Text 'eronko.i' is set on object 'Object Repository/Page_/input__sc-lnrBVv eqPACj_1'

2022-02-21 12:46:46 - [MESSAGE][PASSED] - Text 'eronko.i' is set on object 'Object Repository/Page_/input__sc-lnrBVv eqPACj_1'

2022-02-21 12:46:46 - [TEST_STEP][PASSED] - click(findTestObject("Object Repository/Page_/go")): Object: 'Object Repository/Page_/go' is clicked on

2022-02-21 12:46:48 - [MESSAGE][PASSED] - Object: 'Object Repository/Page_/go' is clicked on

2022-02-21 12:46:48 - [MESSAGE][PASSED] - Call Test Case 'Test Cases/Администратор/Авторизация' successfully

2022-02-21 12:46:48 - [TEST_STEP][PASSED] - click(findTestObject("admin/reports/keys/reports/report")): Object: 'Object Repository/admin/reports/keys/reports/report' is clicked on

2022-02-21 12:47:17 - [MESSAGE][PASSED] - Object: 'Object Repository/admin/reports/keys/reports/report' is clicked on

2022-02-21 12:47:17 - [MESSAGE][PASSED] - Call Test Case 'Test Cases/Администратор/Отчет для тк' successfully

2022-02-21 12:47:17 - [TEST_STEP][PASSED] - click(findTestObject("Object Repository/admin/reports/period/Page_/div_")): Object: 'Object Repository/admin/reports/period/Page_/div_' is clicked on

2022-02-21 12:47:20 - [MESSAGE][PASSED] - Object: 'Object Repository/admin/reports/period/Page_/div_' is clicked on

2022-02-21 12:47:20 - [TEST_STEP][PASSED] - verifyTextPresent("ОТЧЕТ ПО ИГРАМ ЗА ПЕРИОД", true): Text 'ОТЧЕТ ПО ИГРАМ ЗА ПЕРИОД' is present on page  using regular expression

2022-02-21 12:47:22 - [MESSAGE][PASSED] - Text 'ОТЧЕТ ПО ИГРАМ ЗА ПЕРИОД' is present on page  using regular expression

2022-02-21 12:47:22 - [TEST_STEP][PASSED] - setText(findTestObject("Object Repository/admin/reports/period/Page_/input__react-select-2-input"), "академия"): Text 'академия' is set on object 'Object Repository/admin/reports/period/Page_/input__react-select-2-input'

2022-02-21 12:47:27 - [MESSAGE][PASSED] - Text 'академия' is set on object 'Object Repository/admin/reports/period/Page_/input__react-select-2-input'

2022-02-21 12:47:27 - [TEST_STEP][PASSED] - sendKeys(findTestObject("Object Repository/admin/reports/period/Page_/input__react-select-2-input"), Keys.chord(ENTER)): Keys 'ENTER + ' sent to object: 'Object Repository/admin/reports/period/Page_/input__react-select-2-input'

2022-02-21 12:47:29 - [MESSAGE][PASSED] - Keys 'ENTER + ' sent to object: 'Object Repository/admin/reports/period/Page_/input__react-select-2-input'

2022-02-21 12:47:29 - [TEST_STEP][PASSED] - setText(findTestObject("Object Repository/admin/reports/period/Page_/input__react-select-3-input"), school): Text 'Омские Ястребы' is set on object 'Object Repository/admin/reports/period/Page_/input__react-select-3-input'

2022-02-21 12:47:33 - [MESSAGE][PASSED] - Text 'Омские Ястребы' is set on object 'Object Repository/admin/reports/period/Page_/input__react-select-3-input'

2022-02-21 12:47:33 - [TEST_STEP][PASSED] - sendKeys(findTestObject("Object Repository/admin/reports/period/Page_/input__react-select-3-input"), Keys.chord(ENTER)): Keys 'ENTER + ' sent to object: 'Object Repository/admin/reports/period/Page_/input__react-select-3-input'

2022-02-21 12:47:35 - [MESSAGE][PASSED] - Keys 'ENTER + ' sent to object: 'Object Repository/admin/reports/period/Page_/input__react-select-3-input'

2022-02-21 12:47:35 - [TEST_STEP][PASSED] - setText(findTestObject("Object Repository/admin/reports/period/Page_/input_._year"), "2020"): Text '2020' is set on object 'Object Repository/admin/reports/period/Page_/input_._year'

2022-02-21 12:47:47 - [MESSAGE][PASSED] - Text '2020' is set on object 'Object Repository/admin/reports/period/Page_/input_._year'

2022-02-21 12:47:47 - [TEST_STEP][PASSED] - waitForElementNotPresent(findTestObject("Object Repository/admin/reports/period/Page_/img_ _sc-cMljjf KiCqS"), 0): Web element with id: 'Object Repository/admin/reports/period/Page_/img_ _sc-cMljjf KiCqS' located by 'By.xpath: //div[@id='root']/div/div/div[2]/div/div[2]/div/div/div/img' is not present after '30' second(s)

2022-02-21 12:47:47 - [MESSAGE][WARNING] - Timeout '0' is invalid. Using default page load timeout: '30'

2022-02-21 12:48:00 - [MESSAGE][PASSED] - Web element with id: 'Object Repository/admin/reports/period/Page_/img_ _sc-cMljjf KiCqS' located by 'By.xpath: //div[@id='root']/div/div/div[2]/div/div[2]/div/div/div/img' is not present after '30' second(s)

2022-02-21 12:48:00 - [TEST_STEP][PASSED] - verifyTextPresent("Управление командой со скамейки", true): Text 'Управление командой со скамейки' is present on page  using regular expression

2022-02-21 12:48:05 - [MESSAGE][PASSED] - Text 'Управление командой со скамейки' is present on page  using regular expression

2022-02-21 12:48:05 - [TEST_STEP][PASSED] - verifyTextPresent("Самоотверженность / воля к победе", true): Text 'Самоотверженность / воля к победе' is present on page  using regular expression

2022-02-21 12:48:09 - [MESSAGE][PASSED] - Text 'Самоотверженность / воля к победе' is present on page  using regular expression

2022-02-21 12:48:09 - [TEST_STEP][PASSED] - verifyTextPresent("СРЕДНЯЯ ОЦЕНКА", false): Text 'СРЕДНЯЯ ОЦЕНКА' is present on page 

2022-02-21 12:48:13 - [MESSAGE][PASSED] - Text 'СРЕДНЯЯ ОЦЕНКА' is present on page 

2022-02-21 12:48:13 - [TEST_STEP][PASSED] - verifyTextPresent("АТАКУЮЩИЕ ДЕЙСТВИЯ", false): Text 'АТАКУЮЩИЕ ДЕЙСТВИЯ' is present on page 

2022-02-21 12:48:17 - [MESSAGE][PASSED] - Text 'АТАКУЮЩИЕ ДЕЙСТВИЯ' is present on page 

2022-02-21 12:48:17 - [TEST_STEP][PASSED] - verifyTextPresent("ОБОРОНИТЕЛЬНЫЕ ДЕЙСТВИЯ", false): Text 'ОБОРОНИТЕЛЬНЫЕ ДЕЙСТВИЯ' is present on page 

2022-02-21 12:48:21 - [MESSAGE][PASSED] - Text 'ОБОРОНИТЕЛЬНЫЕ ДЕЙСТВИЯ' is present on page 

2022-02-21 12:48:21 - [TEST_STEP][PASSED] - verifyTextPresent("Защитник", false): Text 'Защитник' is present on page 

2022-02-21 12:48:25 - [MESSAGE][PASSED] - Text 'Защитник' is present on page 

2022-02-21 12:48:25 - [TEST_STEP][PASSED] - verifyTextPresent("Нападающий", false): Text 'Нападающий' is present on page 

2022-02-21 12:48:29 - [MESSAGE][PASSED] - Text 'Нападающий' is present on page 

2022-02-21 12:48:29 - [TEST_STEP][PASSED] - click(findTestObject("Object Repository/admin/reports/period/Page_/root")): Object: 'Object Repository/admin/reports/period/Page_/root' is clicked on

2022-02-21 12:48:31 - [MESSAGE][PASSED] - Object: 'Object Repository/admin/reports/period/Page_/root' is clicked on

2022-02-21 12:48:31 - [TEST_STEP][PASSED] - closeBrowser(): Browser is closed

2022-02-21 12:48:32 - [MESSAGE][PASSED] - Browser is closed]]></system-out>
         <system-err><![CDATA[]]></system-err>
      </testcase>
      <testcase name="Test Cases/Администратор/ОТЧЕТЫ функциональные тесты/Игровая статистика" time="156.116" classname="Test Cases/Администратор/ОТЧЕТЫ функциональные тесты/Игровая статистика" status="PASSED">
         <system-out><![CDATA[2022-02-21 12:48:32 - [TEST_CASE][PASSED] - Test Cases/Администратор/ОТЧЕТЫ функциональные тесты/Игровая статистика: Test Cases/Администратор/ОТЧЕТЫ функциональные тесты/Игровая статистика

2022-02-21 12:48:32 - [TEST_STEP][PASSED] - callTestCase(findTestCase("Администратор/Авторизация"), [:], STOP_ON_FAILURE): Call Test Case 'Test Cases/Администратор/Авторизация' successfully

2022-02-21 12:48:32 - [TEST_CASE][PASSED] - Test Cases/Администратор/Авторизация: Test Cases/Администратор/Авторизация

2022-02-21 12:48:32 - [TEST_STEP][PASSED] - openBrowser(""): Browser is opened with url: ''

2022-02-21 12:48:32 - [MESSAGE][INFO] - User set preference: ['os', 'linux']

2022-02-21 12:48:32 - [MESSAGE][INFO] - User set preference: ['browserName', 'chrome']

2022-02-21 12:48:32 - [MESSAGE][INFO] - User set preference: ['browserVersion', '97']

2022-02-21 12:48:32 - [MESSAGE][INFO] - User set preference: ['katalon:option', '{organizationId=551240, tunnelId=, usingTunnel=false}']

2022-02-21 12:48:32 - [MESSAGE][INFO] - Connecting to remote web server 'testcloud.katalon.com/hub' with type 'Selenium'

2022-02-21 12:48:32 - [MESSAGE][INFO] - Action delay is set to 100 milliseconds

2022-02-21 12:49:17 - [MESSAGE][PASSED] - Browser is opened with url: ''

2022-02-21 12:49:17 - [TEST_STEP][PASSED] - maximizeWindow(): Current window maximized

2022-02-21 12:49:18 - [MESSAGE][PASSED] - Current window maximized

2022-02-21 12:49:18 - [TEST_STEP][PASSED] - navigateToUrl(url): Navigate to 'https://stars-stage.hawk.ru:8080' successfully

2022-02-21 12:49:27 - [MESSAGE][PASSED] - Navigate to 'https://stars-stage.hawk.ru:8080' successfully

2022-02-21 12:49:27 - [TEST_STEP][PASSED] - setText(findTestObject("Object Repository/Page_/input__sc-lnrBVv eqPACj"), admin_login): Text 'eronko.i@hc-avangard.com' is set on object 'Object Repository/Page_/input__sc-lnrBVv eqPACj'

2022-02-21 12:49:31 - [MESSAGE][PASSED] - Text 'eronko.i@hc-avangard.com' is set on object 'Object Repository/Page_/input__sc-lnrBVv eqPACj'

2022-02-21 12:49:31 - [TEST_STEP][PASSED] - setText(findTestObject("Object Repository/Page_/input__sc-lnrBVv eqPACj_1"), admin_password): Text 'eronko.i' is set on object 'Object Repository/Page_/input__sc-lnrBVv eqPACj_1'

2022-02-21 12:49:35 - [MESSAGE][PASSED] - Text 'eronko.i' is set on object 'Object Repository/Page_/input__sc-lnrBVv eqPACj_1'

2022-02-21 12:49:35 - [TEST_STEP][PASSED] - click(findTestObject("Object Repository/Page_/go")): Object: 'Object Repository/Page_/go' is clicked on

2022-02-21 12:49:37 - [MESSAGE][PASSED] - Object: 'Object Repository/Page_/go' is clicked on

2022-02-21 12:49:37 - [MESSAGE][PASSED] - Call Test Case 'Test Cases/Администратор/Авторизация' successfully

2022-02-21 12:49:37 - [TEST_STEP][PASSED] - click(findTestObject("Object Repository/admin/reports/gamestat/reports/report")): Object: 'Object Repository/admin/reports/gamestat/reports/report' is clicked on

2022-02-21 12:49:50 - [MESSAGE][PASSED] - Object: 'Object Repository/admin/reports/gamestat/reports/report' is clicked on

2022-02-21 12:49:50 - [TEST_STEP][PASSED] - click(findTestObject("Object Repository/admin/reports/gamestat/Page_/stats_report")): Object: 'Object Repository/admin/reports/gamestat/Page_/stats_report' is clicked on

2022-02-21 12:49:53 - [MESSAGE][PASSED] - Object: 'Object Repository/admin/reports/gamestat/Page_/stats_report' is clicked on

2022-02-21 12:49:53 - [TEST_STEP][PASSED] - verifyTextPresent("ИГРОВАЯ СТАТИСТИКА", true): Text 'ИГРОВАЯ СТАТИСТИКА' is present on page  using regular expression

2022-02-21 12:49:55 - [MESSAGE][PASSED] - Text 'ИГРОВАЯ СТАТИСТИКА' is present on page  using regular expression

2022-02-21 12:49:55 - [TEST_STEP][PASSED] - click(findTestObject("Object Repository/admin/reports/gamestat/Page_/school")): Object: 'Object Repository/admin/reports/gamestat/Page_/school' is clicked on

2022-02-21 12:50:26 - [MESSAGE][INFO] - Unable to find the element located by 'By.xpath: //div[(text() = 'Школа' or . = 'Школа')]'. Please recheck the objects properties to make sure the desired element is located. 

2022-02-21 12:50:26 - [MESSAGE][WARNING] - [SELF-HEALING] Failed to find element with id 'Object Repository/admin/reports/gamestat/Page_/school'. Try using Self-healing.

2022-02-21 12:50:28 - [MESSAGE][WARNING] - [SELF-HEALING] The current locator of test object 'Object Repository/admin/reports/gamestat/Page_/school' was broken. Propose an alternative one: '//div[@id='root']/div/div/div[2]/div/div/div/div[2]/div/div/div/div'.

2022-02-21 12:50:28 - [MESSAGE][PASSED] - Object: 'Object Repository/admin/reports/gamestat/Page_/school' is clicked on

2022-02-21 12:50:28 - [TEST_STEP][PASSED] - click(findTestObject("Object Repository/admin/reports/gamestat/Page_/Academy")): Object: 'Object Repository/admin/reports/gamestat/Page_/Academy' is clicked on

2022-02-21 12:50:30 - [MESSAGE][PASSED] - Object: 'Object Repository/admin/reports/gamestat/Page_/Academy' is clicked on

2022-02-21 12:50:30 - [TEST_STEP][PASSED] - click(findTestObject("Object Repository/admin/reports/gamestat/Page_/team")): Object: 'Object Repository/admin/reports/gamestat/Page_/team' is clicked on

2022-02-21 12:50:32 - [MESSAGE][PASSED] - Object: 'Object Repository/admin/reports/gamestat/Page_/team' is clicked on

2022-02-21 12:50:32 - [TEST_STEP][PASSED] - click(findTestObject("Object Repository/admin/reports/gamestat/Page_/varteam")): Object: 'Object Repository/admin/reports/gamestat/Page_/varteam' is clicked on

2022-02-21 12:50:34 - [MESSAGE][PASSED] - Object: 'Object Repository/admin/reports/gamestat/Page_/varteam' is clicked on

2022-02-21 12:50:34 - [TEST_STEP][PASSED] - click(findTestObject("Object Repository/admin/reports/gamestat/Page_/choseSeason")): Object: 'Object Repository/admin/reports/gamestat/Page_/choseSeason' is clicked on

2022-02-21 12:50:42 - [MESSAGE][PASSED] - Object: 'Object Repository/admin/reports/gamestat/Page_/choseSeason' is clicked on

2022-02-21 12:50:42 - [TEST_STEP][PASSED] - click(findTestObject("Object Repository/admin/reports/gamestat/Page_/div_21-22_1")): Object: 'Object Repository/admin/reports/gamestat/Page_/div_21-22_1' is clicked on

2022-02-21 12:50:44 - [MESSAGE][PASSED] - Object: 'Object Repository/admin/reports/gamestat/Page_/div_21-22_1' is clicked on

2022-02-21 12:50:44 - [TEST_STEP][PASSED] - takeFullPageScreenshot("C:\scr\" + school + "10.jpg"): Taking screenshot successfully

2022-02-21 12:50:50 - [MESSAGE][INFO] - 0 hidden object(s)

2022-02-21 12:50:51 - [MESSAGE][PASSED] - Taking screenshot successfully
[[ATTACHMENT|C:\scr\Омские Ястребы10.jpg]]

2022-02-21 12:50:51 - [TEST_STEP][PASSED] - verifyTextPresent("Матчи", true): Text 'Матчи' is present on page  using regular expression

2022-02-21 12:50:53 - [MESSAGE][PASSED] - Text 'Матчи' is present on page  using regular expression

2022-02-21 12:50:53 - [TEST_STEP][PASSED] - verifyTextPresent("Смены", true): Text 'Смены' is present on page  using regular expression

2022-02-21 12:50:55 - [MESSAGE][PASSED] - Text 'Смены' is present on page  using regular expression

2022-02-21 12:50:55 - [TEST_STEP][PASSED] - verifyTextPresent("Голы за", false): Text 'Голы за' is present on page 

2022-02-21 12:50:57 - [MESSAGE][PASSED] - Text 'Голы за' is present on page 

2022-02-21 12:50:57 - [TEST_STEP][PASSED] - verifyTextPresent("Голы против", false): Text 'Голы против' is present on page 

2022-02-21 12:50:59 - [MESSAGE][PASSED] - Text 'Голы против' is present on page 

2022-02-21 12:50:59 - [TEST_STEP][PASSED] - takeFullPageScreenshot("C:\scr\" + school + "11.jpg"): Taking screenshot successfully

2022-02-21 12:51:05 - [MESSAGE][INFO] - 0 hidden object(s)

2022-02-21 12:51:05 - [MESSAGE][PASSED] - Taking screenshot successfully
[[ATTACHMENT|C:\scr\Омские Ястребы11.jpg]]

2022-02-21 12:51:05 - [TEST_STEP][PASSED] - click(findTestObject("Object Repository/admin/reports/gamestat/Page_/root")): Object: 'Object Repository/admin/reports/gamestat/Page_/root' is clicked on

2022-02-21 12:51:07 - [MESSAGE][PASSED] - Object: 'Object Repository/admin/reports/gamestat/Page_/root' is clicked on

2022-02-21 12:51:07 - [TEST_STEP][PASSED] - closeBrowser(): Browser is closed

2022-02-21 12:51:08 - [MESSAGE][PASSED] - Browser is closed]]></system-out>
         <system-err><![CDATA[]]></system-err>
      </testcase>
      <testcase name="Test Cases/Администратор/Отчет для тк" time="61.685" classname="Test Cases/Администратор/Отчет для тк" status="PASSED">
         <system-out><![CDATA[2022-02-21 12:51:08 - [TEST_CASE][PASSED] - Test Cases/Администратор/Отчет для тк: Test Cases/Администратор/Отчет для тк

2022-02-21 12:51:08 - [TEST_STEP][PASSED] - callTestCase(findTestCase("Администратор/Авторизация"), [:], STOP_ON_FAILURE): Call Test Case 'Test Cases/Администратор/Авторизация' successfully

2022-02-21 12:51:08 - [TEST_CASE][PASSED] - Test Cases/Администратор/Авторизация: Test Cases/Администратор/Авторизация

2022-02-21 12:51:08 - [TEST_STEP][PASSED] - openBrowser(""): Browser is opened with url: ''

2022-02-21 12:51:08 - [MESSAGE][INFO] - User set preference: ['os', 'linux']

2022-02-21 12:51:08 - [MESSAGE][INFO] - User set preference: ['browserName', 'chrome']

2022-02-21 12:51:08 - [MESSAGE][INFO] - User set preference: ['browserVersion', '97']

2022-02-21 12:51:08 - [MESSAGE][INFO] - User set preference: ['katalon:option', '{organizationId=551240, tunnelId=, usingTunnel=false}']

2022-02-21 12:51:08 - [MESSAGE][INFO] - Connecting to remote web server 'testcloud.katalon.com/hub' with type 'Selenium'

2022-02-21 12:51:08 - [MESSAGE][INFO] - Action delay is set to 100 milliseconds

2022-02-21 12:51:35 - [MESSAGE][PASSED] - Browser is opened with url: ''

2022-02-21 12:51:35 - [TEST_STEP][PASSED] - maximizeWindow(): Current window maximized

2022-02-21 12:51:36 - [MESSAGE][PASSED] - Current window maximized

2022-02-21 12:51:36 - [TEST_STEP][PASSED] - navigateToUrl(url): Navigate to 'https://stars-stage.hawk.ru:8080' successfully

2022-02-21 12:51:42 - [MESSAGE][PASSED] - Navigate to 'https://stars-stage.hawk.ru:8080' successfully

2022-02-21 12:51:42 - [TEST_STEP][PASSED] - setText(findTestObject("Object Repository/Page_/input__sc-lnrBVv eqPACj"), admin_login): Text 'eronko.i@hc-avangard.com' is set on object 'Object Repository/Page_/input__sc-lnrBVv eqPACj'

2022-02-21 12:51:46 - [MESSAGE][PASSED] - Text 'eronko.i@hc-avangard.com' is set on object 'Object Repository/Page_/input__sc-lnrBVv eqPACj'

2022-02-21 12:51:46 - [TEST_STEP][PASSED] - setText(findTestObject("Object Repository/Page_/input__sc-lnrBVv eqPACj_1"), admin_password): Text 'eronko.i' is set on object 'Object Repository/Page_/input__sc-lnrBVv eqPACj_1'

2022-02-21 12:51:51 - [MESSAGE][PASSED] - Text 'eronko.i' is set on object 'Object Repository/Page_/input__sc-lnrBVv eqPACj_1'

2022-02-21 12:51:51 - [TEST_STEP][PASSED] - click(findTestObject("Object Repository/Page_/go")): Object: 'Object Repository/Page_/go' is clicked on

2022-02-21 12:51:53 - [MESSAGE][PASSED] - Object: 'Object Repository/Page_/go' is clicked on

2022-02-21 12:51:53 - [MESSAGE][PASSED] - Call Test Case 'Test Cases/Администратор/Авторизация' successfully

2022-02-21 12:51:53 - [TEST_STEP][PASSED] - click(findTestObject("admin/reports/keys/reports/report")): Object: 'Object Repository/admin/reports/keys/reports/report' is clicked on

2022-02-21 12:52:10 - [MESSAGE][PASSED] - Object: 'Object Repository/admin/reports/keys/reports/report' is clicked on]]></system-out>
         <system-err><![CDATA[]]></system-err>
      </testcase>
      <testcase name="Test Cases/Менеджер/Менеджер Документы" time="75.977" classname="Test Cases/Менеджер/Менеджер Документы" status="PASSED">
         <system-out><![CDATA[2022-02-21 12:52:10 - [TEST_CASE][PASSED] - Test Cases/Менеджер/Менеджер Документы: Test Cases/Менеджер/Менеджер Документы

2022-02-21 12:52:10 - [TEST_STEP][PASSED] - callTestCase(findTestCase("Администратор/Авторизация"), [:], STOP_ON_FAILURE): Call Test Case 'Test Cases/Администратор/Авторизация' successfully

2022-02-21 12:52:10 - [TEST_CASE][PASSED] - Test Cases/Администратор/Авторизация: Test Cases/Администратор/Авторизация

2022-02-21 12:52:10 - [TEST_STEP][PASSED] - openBrowser(""): Browser is opened with url: ''

2022-02-21 12:52:10 - [MESSAGE][WARNING] - A browser is already opened. Closing browser and opening a new one

2022-02-21 12:52:10 - [MESSAGE][INFO] - User set preference: ['os', 'linux']

2022-02-21 12:52:10 - [MESSAGE][INFO] - User set preference: ['browserName', 'chrome']

2022-02-21 12:52:10 - [MESSAGE][INFO] - User set preference: ['browserVersion', '97']

2022-02-21 12:52:10 - [MESSAGE][INFO] - User set preference: ['katalon:option', '{organizationId=551240, tunnelId=, usingTunnel=false}']

2022-02-21 12:52:10 - [MESSAGE][INFO] - Connecting to remote web server 'testcloud.katalon.com/hub' with type 'Selenium'

2022-02-21 12:52:10 - [MESSAGE][INFO] - Action delay is set to 100 milliseconds

2022-02-21 12:52:44 - [MESSAGE][PASSED] - Browser is opened with url: ''

2022-02-21 12:52:44 - [TEST_STEP][PASSED] - maximizeWindow(): Current window maximized

2022-02-21 12:52:44 - [MESSAGE][PASSED] - Current window maximized

2022-02-21 12:52:44 - [TEST_STEP][PASSED] - navigateToUrl(url): Navigate to 'https://stars-stage.hawk.ru:8080' successfully

2022-02-21 12:52:50 - [MESSAGE][PASSED] - Navigate to 'https://stars-stage.hawk.ru:8080' successfully

2022-02-21 12:52:50 - [TEST_STEP][PASSED] - setText(findTestObject("Object Repository/Page_/input__sc-lnrBVv eqPACj"), admin_login): Text 'eronko.i@hc-avangard.com' is set on object 'Object Repository/Page_/input__sc-lnrBVv eqPACj'

2022-02-21 12:52:55 - [MESSAGE][PASSED] - Text 'eronko.i@hc-avangard.com' is set on object 'Object Repository/Page_/input__sc-lnrBVv eqPACj'

2022-02-21 12:52:55 - [TEST_STEP][PASSED] - setText(findTestObject("Object Repository/Page_/input__sc-lnrBVv eqPACj_1"), admin_password): Text 'eronko.i' is set on object 'Object Repository/Page_/input__sc-lnrBVv eqPACj_1'

2022-02-21 12:52:59 - [MESSAGE][PASSED] - Text 'eronko.i' is set on object 'Object Repository/Page_/input__sc-lnrBVv eqPACj_1'

2022-02-21 12:52:59 - [TEST_STEP][PASSED] - click(findTestObject("Object Repository/Page_/go")): Object: 'Object Repository/Page_/go' is clicked on

2022-02-21 12:53:01 - [MESSAGE][PASSED] - Object: 'Object Repository/Page_/go' is clicked on

2022-02-21 12:53:01 - [MESSAGE][PASSED] - Call Test Case 'Test Cases/Администратор/Авторизация' successfully

2022-02-21 12:53:01 - [TEST_STEP][PASSED] - click(findTestObject("Avangard New/Object (Менеджер)/documents (Вкладка)")): Object: 'Object Repository/Avangard New/Object (Менеджер)/documents (Вкладка)' is clicked on

2022-02-21 12:53:15 - [MESSAGE][PASSED] - Object: 'Object Repository/Avangard New/Object (Менеджер)/documents (Вкладка)' is clicked on

2022-02-21 12:53:15 - [TEST_STEP][PASSED] - waitForPageLoad(10): Wait for page load successfully

2022-02-21 12:53:15 - [MESSAGE][PASSED] - Wait for page load successfully

2022-02-21 12:53:15 - [TEST_STEP][PASSED] - click(findTestObject("Avangard New/Object (Менеджер)/document (Сам документ)")): Object: 'Object Repository/Avangard New/Object (Менеджер)/document (Сам документ)' is clicked on

2022-02-21 12:53:19 - [MESSAGE][PASSED] - Object: 'Object Repository/Avangard New/Object (Менеджер)/document (Сам документ)' is clicked on

2022-02-21 12:53:19 - [TEST_STEP][PASSED] - verifyElementClickable(findTestObject("Avangard New/Object (Менеджер)/button download")): Object 'Object Repository/Avangard New/Object (Менеджер)/button download' is clickable

2022-02-21 12:53:21 - [MESSAGE][PASSED] - Object 'Object Repository/Avangard New/Object (Менеджер)/button download' is clickable

2022-02-21 12:53:21 - [TEST_STEP][NOT_RUN] - sendKeys(findTestObject("Avangard New/Object (Менеджер)/button download"), Keys.chord(ESCAPE)): NOT_RUN: sendKeys(findTestObject("Avangard New/Object (Менеджер)/button download"), Keys.chord(ESCAPE))

2022-02-21 12:53:21 - [MESSAGE][NOT_RUN] - NOT_RUN: sendKeys(findTestObject("Avangard New/Object (Менеджер)/button download"), Keys.chord(ESCAPE))

2022-02-21 12:53:21 - [TEST_STEP][PASSED] - click(findTestObject("Avangard New/Object (Менеджер)/exit (Выход с формы)")): Object: 'Object Repository/Avangard New/Object (Менеджер)/exit (Выход с формы)' is clicked on

2022-02-21 12:53:23 - [MESSAGE][PASSED] - Object: 'Object Repository/Avangard New/Object (Менеджер)/exit (Выход с формы)' is clicked on

2022-02-21 12:53:23 - [TEST_STEP][PASSED] - click(findTestObject("Avangard New/Object (Менеджер)/home (Главная)")): Object: 'Object Repository/Avangard New/Object (Менеджер)/home (Главная)' is clicked on

2022-02-21 12:53:25 - [MESSAGE][PASSED] - Object: 'Object Repository/Avangard New/Object (Менеджер)/home (Главная)' is clicked on

2022-02-21 12:53:25 - [TEST_STEP][PASSED] - closeBrowser(): Browser is closed

2022-02-21 12:53:26 - [MESSAGE][PASSED] - Browser is closed]]></system-out>
         <system-err><![CDATA[]]></system-err>
      </testcase>
      <testcase name="Test Cases/Менеджер/Профиль Менеджера" time="81.751" classname="Test Cases/Менеджер/Профиль Менеджера" status="PASSED">
         <system-out><![CDATA[2022-02-21 12:53:26 - [TEST_CASE][PASSED] - Test Cases/Менеджер/Профиль Менеджера: Test Cases/Менеджер/Профиль Менеджера

2022-02-21 12:53:26 - [TEST_STEP][PASSED] - callTestCase(findTestCase("Администратор/Авторизация"), [:], STOP_ON_FAILURE): Call Test Case 'Test Cases/Администратор/Авторизация' successfully

2022-02-21 12:53:26 - [TEST_CASE][PASSED] - Test Cases/Администратор/Авторизация: Test Cases/Администратор/Авторизация

2022-02-21 12:53:26 - [TEST_STEP][PASSED] - openBrowser(""): Browser is opened with url: ''

2022-02-21 12:53:26 - [MESSAGE][INFO] - User set preference: ['os', 'linux']

2022-02-21 12:53:26 - [MESSAGE][INFO] - User set preference: ['browserName', 'chrome']

2022-02-21 12:53:26 - [MESSAGE][INFO] - User set preference: ['browserVersion', '97']

2022-02-21 12:53:26 - [MESSAGE][INFO] - User set preference: ['katalon:option', '{organizationId=551240, tunnelId=, usingTunnel=false}']

2022-02-21 12:53:26 - [MESSAGE][INFO] - Connecting to remote web server 'testcloud.katalon.com/hub' with type 'Selenium'

2022-02-21 12:53:26 - [MESSAGE][INFO] - Action delay is set to 100 milliseconds

2022-02-21 12:53:59 - [MESSAGE][PASSED] - Browser is opened with url: ''

2022-02-21 12:53:59 - [TEST_STEP][PASSED] - maximizeWindow(): Current window maximized

2022-02-21 12:54:00 - [MESSAGE][PASSED] - Current window maximized

2022-02-21 12:54:00 - [TEST_STEP][PASSED] - navigateToUrl(url): Navigate to 'https://stars-stage.hawk.ru:8080' successfully

2022-02-21 12:54:06 - [MESSAGE][PASSED] - Navigate to 'https://stars-stage.hawk.ru:8080' successfully

2022-02-21 12:54:06 - [TEST_STEP][PASSED] - setText(findTestObject("Object Repository/Page_/input__sc-lnrBVv eqPACj"), admin_login): Text 'eronko.i@hc-avangard.com' is set on object 'Object Repository/Page_/input__sc-lnrBVv eqPACj'

2022-02-21 12:54:11 - [MESSAGE][PASSED] - Text 'eronko.i@hc-avangard.com' is set on object 'Object Repository/Page_/input__sc-lnrBVv eqPACj'

2022-02-21 12:54:11 - [TEST_STEP][PASSED] - setText(findTestObject("Object Repository/Page_/input__sc-lnrBVv eqPACj_1"), admin_password): Text 'eronko.i' is set on object 'Object Repository/Page_/input__sc-lnrBVv eqPACj_1'

2022-02-21 12:54:16 - [MESSAGE][PASSED] - Text 'eronko.i' is set on object 'Object Repository/Page_/input__sc-lnrBVv eqPACj_1'

2022-02-21 12:54:16 - [TEST_STEP][PASSED] - click(findTestObject("Object Repository/Page_/go")): Object: 'Object Repository/Page_/go' is clicked on

2022-02-21 12:54:19 - [MESSAGE][PASSED] - Object: 'Object Repository/Page_/go' is clicked on

2022-02-21 12:54:19 - [MESSAGE][PASSED] - Call Test Case 'Test Cases/Администратор/Авторизация' successfully

2022-02-21 12:54:19 - [TEST_STEP][PASSED] - scrollToElement(findTestObject("Object Repository/Avangard New/Object (Менеджер)/Eronko"), 0): Scroll to object 'Object Repository/Avangard New/Object (Менеджер)/Eronko' successfully

2022-02-21 12:54:19 - [MESSAGE][WARNING] - Timeout '0' is invalid. Using default page load timeout: '30'

2022-02-21 12:54:36 - [MESSAGE][PASSED] - Scroll to object 'Object Repository/Avangard New/Object (Менеджер)/Eronko' successfully

2022-02-21 12:54:36 - [TEST_STEP][PASSED] - click(findTestObject("Object Repository/Avangard New/Object (Менеджер)/Eronko")): Object: 'Object Repository/Avangard New/Object (Менеджер)/Eronko' is clicked on

2022-02-21 12:54:38 - [MESSAGE][PASSED] - Object: 'Object Repository/Avangard New/Object (Менеджер)/Eronko' is clicked on

2022-02-21 12:54:38 - [TEST_STEP][PASSED] - verifyTextPresent("РЕДАКТИРОВАНИЕ ПРОФИЛЯ", true): Text 'РЕДАКТИРОВАНИЕ ПРОФИЛЯ' is present on page  using regular expression

2022-02-21 12:54:40 - [MESSAGE][PASSED] - Text 'РЕДАКТИРОВАНИЕ ПРОФИЛЯ' is present on page  using regular expression

2022-02-21 12:54:40 - [TEST_STEP][NOT_RUN] - takeFullPageScreenshot("C:\scr\" + school + "33.jpg"): NOT_RUN: takeFullPageScreenshot("C:\scr\" + school + "33.jpg")

2022-02-21 12:54:40 - [MESSAGE][NOT_RUN] - NOT_RUN: takeFullPageScreenshot("C:\scr\" + school + "33.jpg")

2022-02-21 12:54:40 - [TEST_STEP][PASSED] - click(findTestObject("Avangard New/Object (Менеджер)/save (кнопка)")): Object: 'Object Repository/Avangard New/Object (Менеджер)/save (кнопка)' is clicked on

2022-02-21 12:54:42 - [MESSAGE][PASSED] - Object: 'Object Repository/Avangard New/Object (Менеджер)/save (кнопка)' is clicked on

2022-02-21 12:54:42 - [TEST_STEP][PASSED] - verifyTextPresent("Пользователь сохранен", false): Text 'Пользователь сохранен' is present on page 

2022-02-21 12:54:47 - [MESSAGE][PASSED] - Text 'Пользователь сохранен' is present on page 

2022-02-21 12:54:47 - [TEST_STEP][PASSED] - closeBrowser(): Browser is closed

2022-02-21 12:54:47 - [MESSAGE][PASSED] - Browser is closed]]></system-out>
         <system-err><![CDATA[]]></system-err>
      </testcase>
      <testcase name="Test Cases/Менеджер/Менеджер Профиль игрока" time="132.705" classname="Test Cases/Менеджер/Менеджер Профиль игрока" status="PASSED">
         <system-out><![CDATA[2022-02-21 12:54:47 - [TEST_CASE][PASSED] - Test Cases/Менеджер/Менеджер Профиль игрока: Test Cases/Менеджер/Менеджер Профиль игрока

2022-02-21 12:54:48 - [TEST_STEP][PASSED] - callTestCase(findTestCase("Администратор/Авторизация"), [:], STOP_ON_FAILURE): Call Test Case 'Test Cases/Администратор/Авторизация' successfully

2022-02-21 12:54:48 - [TEST_CASE][PASSED] - Test Cases/Администратор/Авторизация: Test Cases/Администратор/Авторизация

2022-02-21 12:54:48 - [TEST_STEP][PASSED] - openBrowser(""): Browser is opened with url: ''

2022-02-21 12:54:48 - [MESSAGE][INFO] - User set preference: ['os', 'linux']

2022-02-21 12:54:48 - [MESSAGE][INFO] - User set preference: ['browserName', 'chrome']

2022-02-21 12:54:48 - [MESSAGE][INFO] - User set preference: ['browserVersion', '97']

2022-02-21 12:54:48 - [MESSAGE][INFO] - User set preference: ['katalon:option', '{organizationId=551240, tunnelId=, usingTunnel=false}']

2022-02-21 12:54:48 - [MESSAGE][INFO] - Connecting to remote web server 'testcloud.katalon.com/hub' with type 'Selenium'

2022-02-21 12:54:48 - [MESSAGE][INFO] - Action delay is set to 100 milliseconds

2022-02-21 12:55:16 - [MESSAGE][PASSED] - Browser is opened with url: ''

2022-02-21 12:55:16 - [TEST_STEP][PASSED] - maximizeWindow(): Current window maximized

2022-02-21 12:55:16 - [MESSAGE][PASSED] - Current window maximized

2022-02-21 12:55:16 - [TEST_STEP][PASSED] - navigateToUrl(url): Navigate to 'https://stars-stage.hawk.ru:8080' successfully

2022-02-21 12:55:22 - [MESSAGE][PASSED] - Navigate to 'https://stars-stage.hawk.ru:8080' successfully

2022-02-21 12:55:22 - [TEST_STEP][PASSED] - setText(findTestObject("Object Repository/Page_/input__sc-lnrBVv eqPACj"), admin_login): Text 'eronko.i@hc-avangard.com' is set on object 'Object Repository/Page_/input__sc-lnrBVv eqPACj'

2022-02-21 12:55:26 - [MESSAGE][PASSED] - Text 'eronko.i@hc-avangard.com' is set on object 'Object Repository/Page_/input__sc-lnrBVv eqPACj'

2022-02-21 12:55:26 - [TEST_STEP][PASSED] - setText(findTestObject("Object Repository/Page_/input__sc-lnrBVv eqPACj_1"), admin_password): Text 'eronko.i' is set on object 'Object Repository/Page_/input__sc-lnrBVv eqPACj_1'

2022-02-21 12:55:30 - [MESSAGE][PASSED] - Text 'eronko.i' is set on object 'Object Repository/Page_/input__sc-lnrBVv eqPACj_1'

2022-02-21 12:55:30 - [TEST_STEP][PASSED] - click(findTestObject("Object Repository/Page_/go")): Object: 'Object Repository/Page_/go' is clicked on

2022-02-21 12:55:32 - [MESSAGE][PASSED] - Object: 'Object Repository/Page_/go' is clicked on

2022-02-21 12:55:32 - [MESSAGE][PASSED] - Call Test Case 'Test Cases/Администратор/Авторизация' successfully

2022-02-21 12:55:32 - [TEST_STEP][PASSED] - click(findTestObject("Object Repository/admin/students/Page_/students")): Object: 'Object Repository/admin/students/Page_/students' is clicked on

2022-02-21 12:56:02 - [MESSAGE][PASSED] - Object: 'Object Repository/admin/students/Page_/students' is clicked on

2022-02-21 12:56:02 - [TEST_STEP][PASSED] - setText(findTestObject("Object Repository/admin/students/input"), player_for_test_1): Text 'Ганин' is set on object 'Object Repository/admin/students/input'

2022-02-21 12:56:07 - [MESSAGE][PASSED] - Text 'Ганин' is set on object 'Object Repository/admin/students/input'

2022-02-21 12:56:07 - [TEST_STEP][PASSED] - click(findTestObject("Object Repository/admin/students/Page_/artur")): Object: 'Object Repository/admin/students/Page_/artur' is clicked on

2022-02-21 12:56:10 - [MESSAGE][PASSED] - Object: 'Object Repository/admin/students/Page_/artur' is clicked on

2022-02-21 12:56:10 - [TEST_STEP][PASSED] - num = getText(findTestObject("Object Repository/admin/students/Page_/player_num")): Text of object 'Object Repository/admin/students/Page_/player_num' is: '88'

2022-02-21 12:56:12 - [MESSAGE][PASSED] - Text of object 'Object Repository/admin/students/Page_/player_num' is: '88'

2022-02-21 12:56:12 - [TEST_STEP][PASSED] - verifyElementText(findTestObject("Object Repository/admin/students/Page_/player_num1"), num): Actual text and expected text of test object 'Object Repository/admin/students/Page_/player_num1' are matched.

2022-02-21 12:56:14 - [MESSAGE][PASSED] - Actual text and expected text of test object 'Object Repository/admin/students/Page_/player_num1' are matched.

2022-02-21 12:56:14 - [TEST_STEP][PASSED] - click(findTestObject("Object Repository/admin/students/Page_/family")): Object: 'Object Repository/admin/students/Page_/family' is clicked on

2022-02-21 12:56:16 - [MESSAGE][PASSED] - Object: 'Object Repository/admin/students/Page_/family' is clicked on

2022-02-21 12:56:16 - [TEST_STEP][PASSED] - verifyElementPresent(findTestObject("admin/panel"), 0): Object 'Object Repository/admin/panel' is present

2022-02-21 12:56:16 - [MESSAGE][WARNING] - Timeout '0' is invalid. Using default page load timeout: '30'

2022-02-21 12:56:18 - [MESSAGE][PASSED] - Object 'Object Repository/admin/panel' is present

2022-02-21 12:56:18 - [TEST_STEP][PASSED] - click(findTestObject("Object Repository/admin/students/Page_/Status")): Object: 'Object Repository/admin/students/Page_/Status' is clicked on

2022-02-21 12:56:20 - [MESSAGE][PASSED] - Object: 'Object Repository/admin/students/Page_/Status' is clicked on

2022-02-21 12:56:20 - [TEST_STEP][PASSED] - click(findTestObject("admin/zveno")): Object: 'Object Repository/admin/zveno' is clicked on

2022-02-21 12:56:23 - [MESSAGE][PASSED] - Object: 'Object Repository/admin/zveno' is clicked on

2022-02-21 12:56:23 - [TEST_STEP][PASSED] - verifyElementPresent(findTestObject("Object Repository/admin/students/Page_/zveno"), 0): Object 'Object Repository/admin/students/Page_/zveno' is present

2022-02-21 12:56:23 - [MESSAGE][WARNING] - Timeout '0' is invalid. Using default page load timeout: '30'

2022-02-21 12:56:25 - [MESSAGE][PASSED] - Object 'Object Repository/admin/students/Page_/zveno' is present

2022-02-21 12:56:25 - [TEST_STEP][PASSED] - verifyElementPresent(findTestObject("Object Repository/admin/students/Page_/zveno1"), 0): Object 'Object Repository/admin/students/Page_/zveno1' is present

2022-02-21 12:56:25 - [MESSAGE][WARNING] - Timeout '0' is invalid. Using default page load timeout: '30'

2022-02-21 12:56:27 - [MESSAGE][PASSED] - Object 'Object Repository/admin/students/Page_/zveno1' is present

2022-02-21 12:56:27 - [TEST_STEP][PASSED] - click(findTestObject("Object Repository/admin/students/Page_/button_stats")): Object: 'Object Repository/admin/students/Page_/button_stats' is clicked on

2022-02-21 12:56:29 - [MESSAGE][PASSED] - Object: 'Object Repository/admin/students/Page_/button_stats' is clicked on

2022-02-21 12:56:29 - [TEST_STEP][PASSED] - verifyTextPresent("Матчи", false): Text 'Матчи' is present on page 

2022-02-21 12:56:31 - [MESSAGE][PASSED] - Text 'Матчи' is present on page 

2022-02-21 12:56:31 - [TEST_STEP][PASSED] - verifyTextPresent("Ранг", false): Text 'Ранг' is present on page 

2022-02-21 12:56:33 - [MESSAGE][PASSED] - Text 'Ранг' is present on page 

2022-02-21 12:56:33 - [TEST_STEP][PASSED] - verifyTextPresent("Игр. время", false): Text 'Игр. время' is present on page 

2022-02-21 12:56:35 - [MESSAGE][PASSED] - Text 'Игр. время' is present on page 

2022-02-21 12:56:35 - [TEST_STEP][PASSED] - click(findTestObject("Object Repository/admin/students/Page_/button_estamition")): Object: 'Object Repository/admin/students/Page_/button_estamition' is clicked on

2022-02-21 12:56:37 - [MESSAGE][PASSED] - Object: 'Object Repository/admin/students/Page_/button_estamition' is clicked on

2022-02-21 12:56:37 - [TEST_STEP][PASSED] - verifyTextPresent("АТАКУЮЩИЕ ДЕЙСТВИЯ", false): Text 'АТАКУЮЩИЕ ДЕЙСТВИЯ' is present on page 

2022-02-21 12:56:44 - [MESSAGE][PASSED] - Text 'АТАКУЮЩИЕ ДЕЙСТВИЯ' is present on page 

2022-02-21 12:56:44 - [TEST_STEP][PASSED] - verifyTextPresent("ОБОРОНИТЕЛЬНЫЕ ДЕЙСТВИЯ", false): Text 'ОБОРОНИТЕЛЬНЫЕ ДЕЙСТВИЯ' is present on page 

2022-02-21 12:56:46 - [MESSAGE][PASSED] - Text 'ОБОРОНИТЕЛЬНЫЕ ДЕЙСТВИЯ' is present on page 

2022-02-21 12:56:46 - [TEST_STEP][PASSED] - click(findTestObject("Object Repository/admin/students/Page_/button_skill")): Object: 'Object Repository/admin/students/Page_/button_skill' is clicked on

2022-02-21 12:56:48 - [MESSAGE][PASSED] - Object: 'Object Repository/admin/students/Page_/button_skill' is clicked on

2022-02-21 12:56:48 - [TEST_STEP][PASSED] - verifyTextPresent("Ускорение", false): Text 'Ускорение' is present on page 

2022-02-21 12:56:52 - [MESSAGE][PASSED] - Text 'Ускорение' is present on page 

2022-02-21 12:56:52 - [TEST_STEP][PASSED] - verifyTextPresent("Катание", false): Text 'Катание' is present on page 

2022-02-21 12:56:55 - [MESSAGE][PASSED] - Text 'Катание' is present on page 

2022-02-21 12:56:55 - [TEST_STEP][PASSED] - verifyTextPresent("Скорость", false): Text 'Скорость' is present on page 

2022-02-21 12:56:57 - [MESSAGE][PASSED] - Text 'Скорость' is present on page 

2022-02-21 12:56:57 - [TEST_STEP][PASSED] - verifyTextPresent("Баланс", false): Text 'Баланс' is present on page 

2022-02-21 12:56:59 - [MESSAGE][PASSED] - Text 'Баланс' is present on page 

2022-02-21 12:56:59 - [TEST_STEP][PASSED] - closeBrowser(): Browser is closed

2022-02-21 12:57:00 - [MESSAGE][PASSED] - Browser is closed]]></system-out>
         <system-err><![CDATA[]]></system-err>
      </testcase>
      <system-out><![CDATA[2022-02-21 12:30:35 - [TEST_SUITE][PASSED] - Менеждер: Test Cases/Менеджер/Менеджер Профиль игрока]]></system-out>
      <system-err><![CDATA[]]></system-err>
   </testsuite>
</testsuites>
