<?xml version="1.0" encoding="UTF-8"?>
<testsuites name="all_test - Copy" time="4571.4" tests="62" failures="23" errors="0">
   <testsuite name="Администратор" tests="11" failures="2" errors="0" time="2842.551" skipped="0" timestamp="2022-04-05 10:19:32" hostname="LENOVO - DESKTOP-KNHN0AA" id="Test Suites/Администратор">
      <properties>
         <property name="deviceName" value=""/>
         <property name="devicePlatform" value=""/>
         <property name="logFolder" value="C:\\Users\\LENOVO\\Katalon Studio\\Avangard\\Reports\\20220405_101904\\\u0410\u0434\u043C\u0438\u043D\u0438\u0441\u0442\u0440\u0430\u0442\u043E\u0440\\20220405_101906"/>
         <property name="logFiles" value="C:\\Users\\LENOVO\\Katalon Studio\\Avangard\\Reports\\20220405_101904\\\u0410\u0434\u043C\u0438\u043D\u0438\u0441\u0442\u0440\u0430\u0442\u043E\u0440\\20220405_101906\\execution0.log"/>
         <property name="attachments" value="C:\scr\Омские Ястребы41.jpg, C:\scr\Омские Ястребы42.jpg, C:\scr\Омские Ястребы34.jpg, C:\scr\Омские Ястребы37.jpg, C:\scr\Омские Ястребы39.jpg, C:\scr\Омские Ястребы40.jpg, C:\scr\Омские Ястребы38.jpg, C:\scr\Омские Ястребы33.jpg, C:\scr\Омские Ястребы29.jpg, C:\scr\Омские Ястребы30.jpg, C:\scr\Омские Ястребы10.jpg, C:\\Users\\LENOVO\\Katalon Studio\\Avangard\\Reports\\20220405_101904\\\u0410\u0434\u043C\u0438\u043D\u0438\u0441\u0442\u0440\u0430\u0442\u043E\u0440\\20220405_101906\\1649145272865.png, C:\\Users\\LENOVO\\Katalon Studio\\Avangard\\Reports\\20220405_101904\\\u0410\u0434\u043C\u0438\u043D\u0438\u0441\u0442\u0440\u0430\u0442\u043E\u0440\\20220405_101906\\1649146008739.png, C:\\Users\\LENOVO\\Katalon Studio\\Avangard\\Reports\\20220405_101904\\\u0410\u0434\u043C\u0438\u043D\u0438\u0441\u0442\u0440\u0430\u0442\u043E\u0440\\20220405_101906\\1649146011256.png"/>
         <property name="hostName" value="LENOVO - DESKTOP-KNHN0AA"/>
         <property name="remoteDriverUrl" value="testcloud.katalon.com/hub"/>
         <property name="desiredCapabilities" value="{
  &quot;acceptInsecureCerts&quot;: false,
  &quot;browserName&quot;: &quot;chrome&quot;,
  &quot;browserVersion&quot;: &quot;97.0.4692.71&quot;,
  &quot;chrome&quot;: {
    &quot;chromedriverVersion&quot;: &quot;97.0.4692.71 (adefa7837d02a07a604c1e6eff0b3a09422ab88d-refs/branch-heads/4692@{#1247})&quot;,
    &quot;userDataDir&quot;: &quot;/tmp/.com.google.Chrome.tldhbq&quot;
  },
  &quot;goog:chromeOptions&quot;: {
    &quot;debuggerAddress&quot;: &quot;localhost:44681&quot;
  },
  &quot;javascriptEnabled&quot;: true,
  &quot;networkConnectionEnabled&quot;: false,
  &quot;pageLoadStrategy&quot;: &quot;normal&quot;,
  &quot;platform&quot;: &quot;LINUX&quot;,
  &quot;platformName&quot;: &quot;LINUX&quot;,
  &quot;proxy&quot;: {
    &quot;proxyType&quot;: &quot;DIRECT&quot;,
    &quot;autodetect&quot;: false
  },
  &quot;se:cdp&quot;: &quot;ws://172.48.24.41:4444/session/ffe1e8251d8fbf61d2f0ea77cdefd4d7/se/cdp&quot;,
  &quot;se:cdpVersion&quot;: &quot;97.0.4692.71&quot;,
  &quot;se:vnc&quot;: &quot;ws://172.48.24.41:4444/session/ffe1e8251d8fbf61d2f0ea77cdefd4d7/se/vnc&quot;,
  &quot;se:vncEnabled&quot;: true,
  &quot;se:vncLocalAddress&quot;: &quot;ws://172.48.24.41:7900&quot;,
  &quot;setWindowRect&quot;: true,
  &quot;strictFileInteractability&quot;: false,
  &quot;timeouts&quot;: {
    &quot;implicit&quot;: 0,
    &quot;pageLoad&quot;: 300000,
    &quot;script&quot;: 30000
  },
  &quot;unhandledPromptBehavior&quot;: &quot;dismiss and notify&quot;,
  &quot;webauthn:extension:credBlob&quot;: true,
  &quot;webauthn:extension:largeBlob&quot;: true,
  &quot;webauthn:virtualAuthenticators&quot;: true
}"/>
         <property name="os" value="Windows 10 64bit"/>
         <property name="remoteOS" value="Linux"/>
         <property name="katalonVersion" value="8.2.5.208"/>
         <property name="browser" value="Chrome 97.0.4692.71"/>
         <property name="hostAddress" value="192.168.2.114"/>
         <property name="sessionId" value="ffe1e8251d8fbf61d2f0ea77cdefd4d7"/>
         <property name="seleniumVersion" value="3.141.59"/>
         <property name="proxyInformation" value="ProxyInformation { proxyOption=NO_PROXY, proxyServerType=HTTP, username=, password=********, proxyServerAddress=, proxyServerPort=0, executionList=&quot;&quot;, isApplyToDesiredCapabilities=true }"/>
         <property name="platform" value="Windows 10"/>
      </properties>
      <testcase name="Test Cases/Администратор/Тренеры" time="220.924" classname="Test Cases/Администратор/Тренеры" status="PASSED">
         <system-out><![CDATA[2022-04-05 10:19:34 - [TEST_CASE][PASSED] - Test Cases/Администратор/Тренеры: Test Cases/Администратор/Тренеры

2022-04-05 10:19:37 - [TEST_STEP][PASSED] - callTestCase(findTestCase("Администратор/Авторизация"), [:], STOP_ON_FAILURE): Call Test Case 'Test Cases/Администратор/Авторизация' successfully

2022-04-05 10:19:37 - [TEST_CASE][PASSED] - Test Cases/Администратор/Авторизация: Test Cases/Администратор/Авторизация

2022-04-05 10:19:41 - [TEST_STEP][PASSED] - openBrowser(""): Browser is opened with url: ''

2022-04-05 10:19:43 - [MESSAGE][INFO] - User set preference: ['os', 'linux']

2022-04-05 10:19:43 - [MESSAGE][INFO] - User set preference: ['browserName', 'chrome']

2022-04-05 10:19:43 - [MESSAGE][INFO] - User set preference: ['browserVersion', '97']

2022-04-05 10:19:43 - [MESSAGE][INFO] - User set preference: ['katalon:option', '{organizationId=632442, tunnelId=, usingTunnel=false}']

2022-04-05 10:19:43 - [MESSAGE][INFO] - Connecting to remote web server 'testcloud.katalon.com/hub' with type 'Selenium'

2022-04-05 10:19:45 - [MESSAGE][INFO] - Action delay is set to 100 milliseconds

2022-04-05 10:22:12 - [MESSAGE][PASSED] - Browser is opened with url: ''

2022-04-05 10:22:12 - [TEST_STEP][PASSED] - maximizeWindow(): Current window maximized

2022-04-05 10:22:13 - [MESSAGE][PASSED] - Current window maximized

2022-04-05 10:22:13 - [TEST_STEP][PASSED] - navigateToUrl(url): Navigate to 'https://stars-stage.hawk.ru:8080' successfully

2022-04-05 10:22:19 - [MESSAGE][PASSED] - Navigate to 'https://stars-stage.hawk.ru:8080' successfully

2022-04-05 10:22:19 - [TEST_STEP][PASSED] - setText(findTestObject("Object Repository/Page_/input__sc-lnrBVv eqPACj"), admin_login): Text 'TestAdmin@test.ru' is set on object 'Object Repository/Page_/input__sc-lnrBVv eqPACj'

2022-04-05 10:22:23 - [MESSAGE][PASSED] - Text 'TestAdmin@test.ru' is set on object 'Object Repository/Page_/input__sc-lnrBVv eqPACj'

2022-04-05 10:22:23 - [TEST_STEP][PASSED] - setText(findTestObject("Object Repository/Page_/input__sc-lnrBVv eqPACj_1"), admin_password): Text 'TestAdmin@test.ru' is set on object 'Object Repository/Page_/input__sc-lnrBVv eqPACj_1'

2022-04-05 10:22:27 - [MESSAGE][PASSED] - Text 'TestAdmin@test.ru' is set on object 'Object Repository/Page_/input__sc-lnrBVv eqPACj_1'

2022-04-05 10:22:27 - [TEST_STEP][PASSED] - click(findTestObject("Object Repository/Page_/go")): Object: 'Object Repository/Page_/go' is clicked on

2022-04-05 10:22:28 - [MESSAGE][PASSED] - Object: 'Object Repository/Page_/go' is clicked on

2022-04-05 10:22:28 - [MESSAGE][PASSED] - Call Test Case 'Test Cases/Администратор/Авторизация' successfully

2022-04-05 10:22:28 - [TEST_STEP][PASSED] - click(findTestObject("Object Repository/admin/teachers/Page_/teach")): Object: 'Object Repository/admin/teachers/Page_/teach' is clicked on

2022-04-05 10:22:50 - [MESSAGE][PASSED] - Object: 'Object Repository/admin/teachers/Page_/teach' is clicked on

2022-04-05 10:22:50 - [TEST_STEP][PASSED] - click(findTestObject("Object Repository/admin/teachers/Page_/span_")): Object: 'Object Repository/admin/teachers/Page_/span_' is clicked on

2022-04-05 10:22:52 - [MESSAGE][PASSED] - Object: 'Object Repository/admin/teachers/Page_/span_' is clicked on

2022-04-05 10:22:52 - [TEST_STEP][PASSED] - verifyTextPresent("ПРОФИЛЬ ПРЕПОДАВАТЕЛЯ", false): Text 'ПРОФИЛЬ ПРЕПОДАВАТЕЛЯ' is present on page 

2022-04-05 10:22:54 - [MESSAGE][PASSED] - Text 'ПРОФИЛЬ ПРЕПОДАВАТЕЛЯ' is present on page 

2022-04-05 10:22:54 - [TEST_STEP][PASSED] - takeFullPageScreenshot("C:\scr\" + school + "41.jpg"): Taking screenshot successfully

2022-04-05 10:22:59 - [MESSAGE][INFO] - 0 hidden object(s)

2022-04-05 10:22:59 - [MESSAGE][PASSED] - Taking screenshot successfully
[[ATTACHMENT|C:\scr\Омские Ястребы41.jpg]]

2022-04-05 10:22:59 - [TEST_STEP][PASSED] - click(findTestObject("Object Repository/admin/teachers/Page_/career")): Object: 'Object Repository/admin/teachers/Page_/career' is clicked on

2022-04-05 10:23:01 - [MESSAGE][PASSED] - Object: 'Object Repository/admin/teachers/Page_/career' is clicked on

2022-04-05 10:23:01 - [TEST_STEP][PASSED] - verifyTextPresent("КАРЬЕРА ТРЕНЕРА", false): Text 'КАРЬЕРА ТРЕНЕРА' is present on page 

2022-04-05 10:23:03 - [MESSAGE][PASSED] - Text 'КАРЬЕРА ТРЕНЕРА' is present on page 

2022-04-05 10:23:03 - [TEST_STEP][PASSED] - takeFullPageScreenshot("C:\scr\" + school + "42.jpg"): Taking screenshot successfully

2022-04-05 10:23:08 - [MESSAGE][INFO] - 0 hidden object(s)

2022-04-05 10:23:08 - [MESSAGE][PASSED] - Taking screenshot successfully
[[ATTACHMENT|C:\scr\Омские Ястребы42.jpg]]

2022-04-05 10:23:08 - [TEST_STEP][PASSED] - click(findTestObject("Object Repository/admin/teachers/Page_/button_")): Object: 'Object Repository/admin/teachers/Page_/button_' is clicked on

2022-04-05 10:23:10 - [MESSAGE][PASSED] - Object: 'Object Repository/admin/teachers/Page_/button_' is clicked on

2022-04-05 10:23:10 - [TEST_STEP][PASSED] - verifyTextPresent("Пользователь сохранен", false): Text 'Пользователь сохранен' is present on page 

2022-04-05 10:23:12 - [MESSAGE][PASSED] - Text 'Пользователь сохранен' is present on page 

2022-04-05 10:23:12 - [TEST_STEP][PASSED] - click(findTestObject("Object Repository/admin/teachers/Page_/root")): Object: 'Object Repository/admin/teachers/Page_/root' is clicked on

2022-04-05 10:23:14 - [MESSAGE][PASSED] - Object: 'Object Repository/admin/teachers/Page_/root' is clicked on

2022-04-05 10:23:14 - [TEST_STEP][PASSED] - closeBrowser(): Browser is closed

2022-04-05 10:23:15 - [MESSAGE][PASSED] - Browser is closed]]></system-out>
         <system-err><![CDATA[]]></system-err>
      </testcase>
      <testcase name="Test Cases/Администратор/Рейтинг" time="410.485" classname="Test Cases/Администратор/Рейтинг" status="PASSED">
         <system-out><![CDATA[2022-04-05 10:23:15 - [TEST_CASE][PASSED] - Test Cases/Администратор/Рейтинг: Test Cases/Администратор/Рейтинг

2022-04-05 10:23:15 - [TEST_STEP][PASSED] - callTestCase(findTestCase("Администратор/Авторизация"), [:], STOP_ON_FAILURE): Call Test Case 'Test Cases/Администратор/Авторизация' successfully

2022-04-05 10:23:15 - [TEST_CASE][PASSED] - Test Cases/Администратор/Авторизация: Test Cases/Администратор/Авторизация

2022-04-05 10:23:15 - [TEST_STEP][PASSED] - openBrowser(""): Browser is opened with url: ''

2022-04-05 10:23:15 - [MESSAGE][INFO] - User set preference: ['os', 'linux']

2022-04-05 10:23:15 - [MESSAGE][INFO] - User set preference: ['browserName', 'chrome']

2022-04-05 10:23:15 - [MESSAGE][INFO] - User set preference: ['browserVersion', '97']

2022-04-05 10:23:15 - [MESSAGE][INFO] - User set preference: ['katalon:option', '{organizationId=632442, tunnelId=, usingTunnel=false}']

2022-04-05 10:23:15 - [MESSAGE][INFO] - Connecting to remote web server 'testcloud.katalon.com/hub' with type 'Selenium'

2022-04-05 10:23:15 - [MESSAGE][INFO] - Action delay is set to 100 milliseconds

2022-04-05 10:28:09 - [MESSAGE][PASSED] - Browser is opened with url: ''

2022-04-05 10:28:09 - [TEST_STEP][PASSED] - maximizeWindow(): Current window maximized

2022-04-05 10:28:09 - [MESSAGE][PASSED] - Current window maximized

2022-04-05 10:28:09 - [TEST_STEP][PASSED] - navigateToUrl(url): Navigate to 'https://stars-stage.hawk.ru:8080' successfully

2022-04-05 10:28:16 - [MESSAGE][PASSED] - Navigate to 'https://stars-stage.hawk.ru:8080' successfully

2022-04-05 10:28:16 - [TEST_STEP][PASSED] - setText(findTestObject("Object Repository/Page_/input__sc-lnrBVv eqPACj"), admin_login): Text 'TestAdmin@test.ru' is set on object 'Object Repository/Page_/input__sc-lnrBVv eqPACj'

2022-04-05 10:28:21 - [MESSAGE][PASSED] - Text 'TestAdmin@test.ru' is set on object 'Object Repository/Page_/input__sc-lnrBVv eqPACj'

2022-04-05 10:28:21 - [TEST_STEP][PASSED] - setText(findTestObject("Object Repository/Page_/input__sc-lnrBVv eqPACj_1"), admin_password): Text 'TestAdmin@test.ru' is set on object 'Object Repository/Page_/input__sc-lnrBVv eqPACj_1'

2022-04-05 10:28:25 - [MESSAGE][PASSED] - Text 'TestAdmin@test.ru' is set on object 'Object Repository/Page_/input__sc-lnrBVv eqPACj_1'

2022-04-05 10:28:25 - [TEST_STEP][PASSED] - click(findTestObject("Object Repository/Page_/go")): Object: 'Object Repository/Page_/go' is clicked on

2022-04-05 10:28:27 - [MESSAGE][PASSED] - Object: 'Object Repository/Page_/go' is clicked on

2022-04-05 10:28:27 - [MESSAGE][PASSED] - Call Test Case 'Test Cases/Администратор/Авторизация' successfully

2022-04-05 10:28:27 - [TEST_STEP][PASSED] - click(findTestObject("Object Repository/admin/rating/grating")): Object: 'Object Repository/admin/rating/grating' is clicked on

2022-04-05 10:28:55 - [MESSAGE][PASSED] - Object: 'Object Repository/admin/rating/grating' is clicked on

2022-04-05 10:28:55 - [TEST_STEP][PASSED] - takeFullPageScreenshot("C:\scr\" + school + "34.jpg"): Taking screenshot successfully

2022-04-05 10:29:02 - [MESSAGE][INFO] - 0 hidden object(s)

2022-04-05 10:29:02 - [MESSAGE][PASSED] - Taking screenshot successfully
[[ATTACHMENT|C:\scr\Омские Ястребы34.jpg]]

2022-04-05 10:29:02 - [TEST_STEP][PASSED] - click(findTestObject("Object Repository/admin/Page_/shkool")): Object: 'Object Repository/admin/Page_/shkool' is clicked on

2022-04-05 10:29:04 - [MESSAGE][PASSED] - Object: 'Object Repository/admin/Page_/shkool' is clicked on

2022-04-05 10:29:04 - [TEST_STEP][PASSED] - click(findTestObject("Object Repository/admin/Page_/div_ (2)")): Object: 'Object Repository/admin/Page_/div_ (2)' is clicked on

2022-04-05 10:29:06 - [MESSAGE][PASSED] - Object: 'Object Repository/admin/Page_/div_ (2)' is clicked on

2022-04-05 10:29:06 - [TEST_STEP][PASSED] - click(findTestObject("Object Repository/admin/Page_/team")): Object: 'Object Repository/admin/Page_/team' is clicked on

2022-04-05 10:29:08 - [MESSAGE][PASSED] - Object: 'Object Repository/admin/Page_/team' is clicked on

2022-04-05 10:29:08 - [TEST_STEP][PASSED] - click(findTestObject("Object Repository/admin/Page_/omsk")): Object: 'Object Repository/admin/Page_/omsk' is clicked on

2022-04-05 10:29:11 - [MESSAGE][PASSED] - Object: 'Object Repository/admin/Page_/omsk' is clicked on

2022-04-05 10:29:11 - [TEST_STEP][PASSED] - scrollToElement(findTestObject("Object Repository/admin/Page_/top1"), 0): Scroll to object 'Object Repository/admin/Page_/top1' successfully

2022-04-05 10:29:11 - [MESSAGE][WARNING] - Timeout '0' is invalid. Using default page load timeout: '30'

2022-04-05 10:29:14 - [MESSAGE][PASSED] - Scroll to object 'Object Repository/admin/Page_/top1' successfully

2022-04-05 10:29:14 - [TEST_STEP][PASSED] - click(findTestObject("Object Repository/admin/Page_/top1")): Object: 'Object Repository/admin/Page_/top1' is clicked on

2022-04-05 10:29:16 - [MESSAGE][PASSED] - Object: 'Object Repository/admin/Page_/top1' is clicked on

2022-04-05 10:29:16 - [TEST_STEP][PASSED] - takeFullPageScreenshot("C:\scr\" + school + "37.jpg", CONTINUE_ON_FAILURE): Taking screenshot successfully

2022-04-05 10:29:23 - [MESSAGE][INFO] - 0 hidden object(s)

2022-04-05 10:29:23 - [MESSAGE][PASSED] - Taking screenshot successfully
[[ATTACHMENT|C:\scr\Омские Ястребы37.jpg]]

2022-04-05 10:29:23 - [TEST_STEP][PASSED] - click(findTestObject("Object Repository/admin/Page_/skill")): Object: 'Object Repository/admin/Page_/skill' is clicked on

2022-04-05 10:29:25 - [MESSAGE][PASSED] - Object: 'Object Repository/admin/Page_/skill' is clicked on

2022-04-05 10:29:25 - [TEST_STEP][PASSED] - verifyTextPresent("Ускорение", true): Text 'Ускорение' is present on page  using regular expression

2022-04-05 10:29:28 - [MESSAGE][PASSED] - Text 'Ускорение' is present on page  using regular expression

2022-04-05 10:29:28 - [TEST_STEP][PASSED] - verifyTextPresent("Скорость", true): Text 'Скорость' is present on page  using regular expression

2022-04-05 10:29:30 - [MESSAGE][PASSED] - Text 'Скорость' is present on page  using regular expression

2022-04-05 10:29:30 - [TEST_STEP][PASSED] - takeFullPageScreenshot("C:\scr\" + school + "39.jpg", CONTINUE_ON_FAILURE): Taking screenshot successfully

2022-04-05 10:29:36 - [MESSAGE][INFO] - 0 hidden object(s)

2022-04-05 10:29:36 - [MESSAGE][PASSED] - Taking screenshot successfully
[[ATTACHMENT|C:\scr\Омские Ястребы39.jpg]]

2022-04-05 10:29:36 - [TEST_STEP][PASSED] - click(findTestObject("Object Repository/admin/Page_/stat")): Object: 'Object Repository/admin/Page_/stat' is clicked on

2022-04-05 10:29:38 - [MESSAGE][PASSED] - Object: 'Object Repository/admin/Page_/stat' is clicked on

2022-04-05 10:29:38 - [TEST_STEP][PASSED] - verifyTextPresent("Матчи", true, CONTINUE_ON_FAILURE): Text 'Матчи' is present on page  using regular expression

2022-04-05 10:29:43 - [MESSAGE][PASSED] - Text 'Матчи' is present on page  using regular expression

2022-04-05 10:29:43 - [TEST_STEP][PASSED] - verifyTextPresent("Ранг", true, CONTINUE_ON_FAILURE): Text 'Ранг' is present on page  using regular expression

2022-04-05 10:29:45 - [MESSAGE][PASSED] - Text 'Ранг' is present on page  using regular expression

2022-04-05 10:29:45 - [TEST_STEP][PASSED] - takeFullPageScreenshot("C:\scr\" + school + "40.jpg", CONTINUE_ON_FAILURE): Taking screenshot successfully

2022-04-05 10:29:50 - [MESSAGE][INFO] - 0 hidden object(s)

2022-04-05 10:29:51 - [MESSAGE][PASSED] - Taking screenshot successfully
[[ATTACHMENT|C:\scr\Омские Ястребы40.jpg]]

2022-04-05 10:29:51 - [TEST_STEP][PASSED] - click(findTestObject("Object Repository/admin/Page_/ptest")): Object: 'Object Repository/admin/Page_/ptest' is clicked on

2022-04-05 10:29:53 - [MESSAGE][PASSED] - Object: 'Object Repository/admin/Page_/ptest' is clicked on

2022-04-05 10:29:53 - [TEST_STEP][PASSED] - verifyTextPresent("СРЕДНЯЯ ОЦЕНКА", true): Text 'СРЕДНЯЯ ОЦЕНКА' is present on page  using regular expression

2022-04-05 10:29:55 - [MESSAGE][PASSED] - Text 'СРЕДНЯЯ ОЦЕНКА' is present on page  using regular expression

2022-04-05 10:29:55 - [TEST_STEP][PASSED] - verifyTextPresent("Список навыков и характеристики", true): Text 'Список навыков и характеристики' is present on page  using regular expression

2022-04-05 10:29:57 - [MESSAGE][PASSED] - Text 'Список навыков и характеристики' is present on page  using regular expression

2022-04-05 10:29:57 - [TEST_STEP][PASSED] - takeFullPageScreenshot("C:\scr\" + school + "38.jpg", CONTINUE_ON_FAILURE): Taking screenshot successfully

2022-04-05 10:30:02 - [MESSAGE][INFO] - 0 hidden object(s)

2022-04-05 10:30:02 - [MESSAGE][PASSED] - Taking screenshot successfully
[[ATTACHMENT|C:\scr\Омские Ястребы38.jpg]]

2022-04-05 10:30:02 - [TEST_STEP][PASSED] - click(findTestObject("Object Repository/admin/Page_/root")): Object: 'Object Repository/admin/Page_/root' is clicked on

2022-04-05 10:30:05 - [MESSAGE][PASSED] - Object: 'Object Repository/admin/Page_/root' is clicked on

2022-04-05 10:30:05 - [TEST_STEP][PASSED] - closeBrowser(): Browser is closed

2022-04-05 10:30:05 - [MESSAGE][PASSED] - Browser is closed]]></system-out>
         <system-err><![CDATA[]]></system-err>
      </testcase>
      <testcase name="Test Cases/Администратор/Профиль" time="299.181" classname="Test Cases/Администратор/Профиль" status="PASSED">
         <system-out><![CDATA[2022-04-05 10:30:05 - [TEST_CASE][PASSED] - Test Cases/Администратор/Профиль: Test Cases/Администратор/Профиль

2022-04-05 10:30:06 - [TEST_STEP][PASSED] - callTestCase(findTestCase("Администратор/Авторизация"), [:], STOP_ON_FAILURE): Call Test Case 'Test Cases/Администратор/Авторизация' successfully

2022-04-05 10:30:06 - [TEST_CASE][PASSED] - Test Cases/Администратор/Авторизация: Test Cases/Администратор/Авторизация

2022-04-05 10:30:06 - [TEST_STEP][PASSED] - openBrowser(""): Browser is opened with url: ''

2022-04-05 10:30:06 - [MESSAGE][INFO] - User set preference: ['os', 'linux']

2022-04-05 10:30:06 - [MESSAGE][INFO] - User set preference: ['browserName', 'chrome']

2022-04-05 10:30:06 - [MESSAGE][INFO] - User set preference: ['browserVersion', '97']

2022-04-05 10:30:06 - [MESSAGE][INFO] - User set preference: ['katalon:option', '{organizationId=632442, tunnelId=, usingTunnel=false}']

2022-04-05 10:30:06 - [MESSAGE][INFO] - Connecting to remote web server 'testcloud.katalon.com/hub' with type 'Selenium'

2022-04-05 10:30:06 - [MESSAGE][INFO] - Action delay is set to 100 milliseconds

2022-04-05 10:34:12 - [MESSAGE][PASSED] - Browser is opened with url: ''

2022-04-05 10:34:12 - [TEST_STEP][PASSED] - maximizeWindow(): Current window maximized

2022-04-05 10:34:12 - [MESSAGE][PASSED] - Current window maximized

2022-04-05 10:34:12 - [TEST_STEP][PASSED] - navigateToUrl(url): Navigate to 'https://stars-stage.hawk.ru:8080' successfully

2022-04-05 10:34:18 - [MESSAGE][PASSED] - Navigate to 'https://stars-stage.hawk.ru:8080' successfully

2022-04-05 10:34:18 - [TEST_STEP][PASSED] - setText(findTestObject("Object Repository/Page_/input__sc-lnrBVv eqPACj"), admin_login): Text 'TestAdmin@test.ru' is set on object 'Object Repository/Page_/input__sc-lnrBVv eqPACj'

2022-04-05 10:34:23 - [MESSAGE][PASSED] - Text 'TestAdmin@test.ru' is set on object 'Object Repository/Page_/input__sc-lnrBVv eqPACj'

2022-04-05 10:34:23 - [TEST_STEP][PASSED] - setText(findTestObject("Object Repository/Page_/input__sc-lnrBVv eqPACj_1"), admin_password): Text 'TestAdmin@test.ru' is set on object 'Object Repository/Page_/input__sc-lnrBVv eqPACj_1'

2022-04-05 10:34:28 - [MESSAGE][PASSED] - Text 'TestAdmin@test.ru' is set on object 'Object Repository/Page_/input__sc-lnrBVv eqPACj_1'

2022-04-05 10:34:28 - [TEST_STEP][PASSED] - click(findTestObject("Object Repository/Page_/go")): Object: 'Object Repository/Page_/go' is clicked on

2022-04-05 10:34:30 - [MESSAGE][PASSED] - Object: 'Object Repository/Page_/go' is clicked on

2022-04-05 10:34:30 - [MESSAGE][PASSED] - Call Test Case 'Test Cases/Администратор/Авторизация' successfully

2022-04-05 10:34:30 - [TEST_STEP][PASSED] - click(findTestObject("Object Repository/admin/Page_/div_Admin Admin")): Object: 'Object Repository/admin/Page_/div_Admin Admin' is clicked on

2022-04-05 10:34:50 - [MESSAGE][PASSED] - Object: 'Object Repository/admin/Page_/div_Admin Admin' is clicked on

2022-04-05 10:34:50 - [TEST_STEP][PASSED] - verifyTextPresent("РЕДАКТИРОВАНИЕ ПРОФИЛЯ", true): Text 'РЕДАКТИРОВАНИЕ ПРОФИЛЯ' is present on page  using regular expression

2022-04-05 10:34:52 - [MESSAGE][PASSED] - Text 'РЕДАКТИРОВАНИЕ ПРОФИЛЯ' is present on page  using regular expression

2022-04-05 10:34:52 - [TEST_STEP][PASSED] - takeFullPageScreenshot("C:\scr\" + school + "33.jpg"): Taking screenshot successfully

2022-04-05 10:34:59 - [MESSAGE][INFO] - 0 hidden object(s)

2022-04-05 10:34:59 - [MESSAGE][PASSED] - Taking screenshot successfully
[[ATTACHMENT|C:\scr\Омские Ястребы33.jpg]]

2022-04-05 10:34:59 - [TEST_STEP][PASSED] - click(findTestObject("Object Repository/admin/Page_/save")): Object: 'Object Repository/admin/Page_/save' is clicked on

2022-04-05 10:35:01 - [MESSAGE][PASSED] - Object: 'Object Repository/admin/Page_/save' is clicked on

2022-04-05 10:35:01 - [TEST_STEP][PASSED] - click(findTestObject("admin/Page_/root")): Object: 'Object Repository/admin/Page_/root' is clicked on

2022-04-05 10:35:04 - [MESSAGE][PASSED] - Object: 'Object Repository/admin/Page_/root' is clicked on

2022-04-05 10:35:04 - [TEST_STEP][PASSED] - closeBrowser(): Browser is closed

2022-04-05 10:35:04 - [MESSAGE][PASSED] - Browser is closed]]></system-out>
         <system-err><![CDATA[]]></system-err>
      </testcase>
      <testcase name="Test Cases/Администратор/ОТЧЕТЫ функциональные тесты/Список участников без оценки" time="271.071" classname="Test Cases/Администратор/ОТЧЕТЫ функциональные тесты/Список участников без оценки" status="PASSED">
         <system-out><![CDATA[2022-04-05 10:35:04 - [TEST_CASE][PASSED] - Test Cases/Администратор/ОТЧЕТЫ функциональные тесты/Список участников без оценки: Test Cases/Администратор/ОТЧЕТЫ функциональные тесты/Список участников без оценки

2022-04-05 10:35:05 - [TEST_STEP][PASSED] - callTestCase(findTestCase("Администратор/Отчет для тк"), [:], STOP_ON_FAILURE): Call Test Case 'Test Cases/Администратор/Отчет для тк' successfully

2022-04-05 10:35:05 - [TEST_CASE][PASSED] - Test Cases/Администратор/Отчет для тк: Test Cases/Администратор/Отчет для тк

2022-04-05 10:35:06 - [TEST_STEP][PASSED] - callTestCase(findTestCase("Администратор/Авторизация"), [:], STOP_ON_FAILURE): Call Test Case 'Test Cases/Администратор/Авторизация' successfully

2022-04-05 10:35:06 - [TEST_CASE][PASSED] - Test Cases/Администратор/Авторизация: Test Cases/Администратор/Авторизация

2022-04-05 10:35:06 - [TEST_STEP][PASSED] - openBrowser(""): Browser is opened with url: ''

2022-04-05 10:35:06 - [MESSAGE][INFO] - User set preference: ['os', 'linux']

2022-04-05 10:35:06 - [MESSAGE][INFO] - User set preference: ['browserName', 'chrome']

2022-04-05 10:35:06 - [MESSAGE][INFO] - User set preference: ['browserVersion', '97']

2022-04-05 10:35:06 - [MESSAGE][INFO] - User set preference: ['katalon:option', '{organizationId=632442, tunnelId=, usingTunnel=false}']

2022-04-05 10:35:06 - [MESSAGE][INFO] - Connecting to remote web server 'testcloud.katalon.com/hub' with type 'Selenium'

2022-04-05 10:35:06 - [MESSAGE][INFO] - Action delay is set to 100 milliseconds

2022-04-05 10:38:10 - [MESSAGE][PASSED] - Browser is opened with url: ''

2022-04-05 10:38:10 - [TEST_STEP][PASSED] - maximizeWindow(): Current window maximized

2022-04-05 10:38:10 - [MESSAGE][PASSED] - Current window maximized

2022-04-05 10:38:10 - [TEST_STEP][PASSED] - navigateToUrl(url): Navigate to 'https://stars-stage.hawk.ru:8080' successfully

2022-04-05 10:38:16 - [MESSAGE][PASSED] - Navigate to 'https://stars-stage.hawk.ru:8080' successfully

2022-04-05 10:38:16 - [TEST_STEP][PASSED] - setText(findTestObject("Object Repository/Page_/input__sc-lnrBVv eqPACj"), admin_login): Text 'TestAdmin@test.ru' is set on object 'Object Repository/Page_/input__sc-lnrBVv eqPACj'

2022-04-05 10:38:20 - [MESSAGE][PASSED] - Text 'TestAdmin@test.ru' is set on object 'Object Repository/Page_/input__sc-lnrBVv eqPACj'

2022-04-05 10:38:20 - [TEST_STEP][PASSED] - setText(findTestObject("Object Repository/Page_/input__sc-lnrBVv eqPACj_1"), admin_password): Text 'TestAdmin@test.ru' is set on object 'Object Repository/Page_/input__sc-lnrBVv eqPACj_1'

2022-04-05 10:38:24 - [MESSAGE][PASSED] - Text 'TestAdmin@test.ru' is set on object 'Object Repository/Page_/input__sc-lnrBVv eqPACj_1'

2022-04-05 10:38:24 - [TEST_STEP][PASSED] - click(findTestObject("Object Repository/Page_/go")): Object: 'Object Repository/Page_/go' is clicked on

2022-04-05 10:38:26 - [MESSAGE][PASSED] - Object: 'Object Repository/Page_/go' is clicked on

2022-04-05 10:38:26 - [MESSAGE][PASSED] - Call Test Case 'Test Cases/Администратор/Авторизация' successfully

2022-04-05 10:38:26 - [TEST_STEP][PASSED] - click(findTestObject("admin/reports/keys/reports/report")): Object: 'Object Repository/admin/reports/keys/reports/report' is clicked on

2022-04-05 10:38:46 - [MESSAGE][PASSED] - Object: 'Object Repository/admin/reports/keys/reports/report' is clicked on

2022-04-05 10:38:46 - [MESSAGE][PASSED] - Call Test Case 'Test Cases/Администратор/Отчет для тк' successfully

2022-04-05 10:38:46 - [TEST_STEP][PASSED] - click(findTestObject("Object Repository/admin/reports/not/Page_/not")): Object: 'Object Repository/admin/reports/not/Page_/not' is clicked on

2022-04-05 10:38:48 - [MESSAGE][PASSED] - Object: 'Object Repository/admin/reports/not/Page_/not' is clicked on

2022-04-05 10:38:48 - [TEST_STEP][PASSED] - verifyTextPresent("СПИСОК УЧАСТНИКОВ БЕЗ ОЦЕНКИ", true): Text 'СПИСОК УЧАСТНИКОВ БЕЗ ОЦЕНКИ' is present on page  using regular expression

2022-04-05 10:39:02 - [MESSAGE][PASSED] - Text 'СПИСОК УЧАСТНИКОВ БЕЗ ОЦЕНКИ' is present on page  using regular expression

2022-04-05 10:39:02 - [TEST_STEP][PASSED] - takeFullPageScreenshot("C:\scr\" + school + "29.jpg"): Taking screenshot successfully

2022-04-05 10:39:08 - [MESSAGE][INFO] - 0 hidden object(s)

2022-04-05 10:39:08 - [MESSAGE][PASSED] - Taking screenshot successfully
[[ATTACHMENT|C:\scr\Омские Ястребы29.jpg]]

2022-04-05 10:39:08 - [TEST_STEP][PASSED] - setText(findTestObject("Object Repository/admin/reports/not/Page_/input__react-select-2-input"), "ака"): Text 'ака' is set on object 'Object Repository/admin/reports/not/Page_/input__react-select-2-input'

2022-04-05 10:39:12 - [MESSAGE][PASSED] - Text 'ака' is set on object 'Object Repository/admin/reports/not/Page_/input__react-select-2-input'

2022-04-05 10:39:12 - [TEST_STEP][PASSED] - sendKeys(findTestObject("Object Repository/admin/reports/not/Page_/input__react-select-2-input"), Keys.chord(ENTER)): Keys 'ENTER + ' sent to object: 'Object Repository/admin/reports/not/Page_/input__react-select-2-input'

2022-04-05 10:39:14 - [MESSAGE][PASSED] - Keys 'ENTER + ' sent to object: 'Object Repository/admin/reports/not/Page_/input__react-select-2-input'

2022-04-05 10:39:14 - [TEST_STEP][PASSED] - setText(findTestObject("Object Repository/admin/reports/not/Page_/input__react-select-3-input"), school): Text 'Омские Ястребы' is set on object 'Object Repository/admin/reports/not/Page_/input__react-select-3-input'

2022-04-05 10:39:19 - [MESSAGE][PASSED] - Text 'Омские Ястребы' is set on object 'Object Repository/admin/reports/not/Page_/input__react-select-3-input'

2022-04-05 10:39:19 - [TEST_STEP][PASSED] - sendKeys(findTestObject("Object Repository/admin/reports/not/Page_/input__react-select-3-input"), Keys.chord(ENTER)): Keys 'ENTER + ' sent to object: 'Object Repository/admin/reports/not/Page_/input__react-select-3-input'

2022-04-05 10:39:21 - [MESSAGE][PASSED] - Keys 'ENTER + ' sent to object: 'Object Repository/admin/reports/not/Page_/input__react-select-3-input'

2022-04-05 10:39:21 - [TEST_STEP][PASSED] - setText(findTestObject("Object Repository/admin/reports/not/Page_/input__react-select-4-input"), "26.8"): Text '26.8' is set on object 'Object Repository/admin/reports/not/Page_/input__react-select-4-input'

2022-04-05 10:39:25 - [MESSAGE][PASSED] - Text '26.8' is set on object 'Object Repository/admin/reports/not/Page_/input__react-select-4-input'

2022-04-05 10:39:25 - [TEST_STEP][PASSED] - sendKeys(findTestObject("Object Repository/admin/reports/not/Page_/input__react-select-4-input"), Keys.chord(ENTER)): Keys 'ENTER + ' sent to object: 'Object Repository/admin/reports/not/Page_/input__react-select-4-input'

2022-04-05 10:39:27 - [MESSAGE][PASSED] - Keys 'ENTER + ' sent to object: 'Object Repository/admin/reports/not/Page_/input__react-select-4-input'

2022-04-05 10:39:27 - [TEST_STEP][PASSED] - takeFullPageScreenshot("C:\scr\" + school + "30.jpg"): Taking screenshot successfully

2022-04-05 10:39:33 - [MESSAGE][INFO] - 0 hidden object(s)

2022-04-05 10:39:33 - [MESSAGE][PASSED] - Taking screenshot successfully
[[ATTACHMENT|C:\scr\Омские Ястребы30.jpg]]

2022-04-05 10:39:33 - [TEST_STEP][PASSED] - click(findTestObject("Object Repository/manager/kale/Page_/root")): Object: 'Object Repository/manager/kale/Page_/root' is clicked on

2022-04-05 10:39:35 - [MESSAGE][PASSED] - Object: 'Object Repository/manager/kale/Page_/root' is clicked on

2022-04-05 10:39:35 - [TEST_STEP][PASSED] - closeBrowser(): Browser is closed

2022-04-05 10:39:35 - [MESSAGE][PASSED] - Browser is closed]]></system-out>
         <system-err><![CDATA[]]></system-err>
      </testcase>
      <testcase name="Test Cases/Администратор/ОТЧЕТЫ функциональные тесты/Отчет психофиз" time="323.29" classname="Test Cases/Администратор/ОТЧЕТЫ функциональные тесты/Отчет психофиз" status="PASSED">
         <system-out><![CDATA[2022-04-05 10:39:35 - [TEST_CASE][PASSED] - Test Cases/Администратор/ОТЧЕТЫ функциональные тесты/Отчет психофиз: Test Cases/Администратор/ОТЧЕТЫ функциональные тесты/Отчет психофиз

2022-04-05 10:39:36 - [TEST_STEP][PASSED] - callTestCase(findTestCase("Администратор/Отчет для тк"), [:], STOP_ON_FAILURE): Call Test Case 'Test Cases/Администратор/Отчет для тк' successfully

2022-04-05 10:39:36 - [TEST_CASE][PASSED] - Test Cases/Администратор/Отчет для тк: Test Cases/Администратор/Отчет для тк

2022-04-05 10:39:36 - [TEST_STEP][PASSED] - callTestCase(findTestCase("Администратор/Авторизация"), [:], STOP_ON_FAILURE): Call Test Case 'Test Cases/Администратор/Авторизация' successfully

2022-04-05 10:39:36 - [TEST_CASE][PASSED] - Test Cases/Администратор/Авторизация: Test Cases/Администратор/Авторизация

2022-04-05 10:39:36 - [TEST_STEP][PASSED] - openBrowser(""): Browser is opened with url: ''

2022-04-05 10:39:36 - [MESSAGE][INFO] - User set preference: ['os', 'linux']

2022-04-05 10:39:36 - [MESSAGE][INFO] - User set preference: ['browserName', 'chrome']

2022-04-05 10:39:36 - [MESSAGE][INFO] - User set preference: ['browserVersion', '97']

2022-04-05 10:39:36 - [MESSAGE][INFO] - User set preference: ['katalon:option', '{organizationId=632442, tunnelId=, usingTunnel=false}']

2022-04-05 10:39:36 - [MESSAGE][INFO] - Connecting to remote web server 'testcloud.katalon.com/hub' with type 'Selenium'

2022-04-05 10:39:36 - [MESSAGE][INFO] - Action delay is set to 100 milliseconds

2022-04-05 10:43:10 - [MESSAGE][PASSED] - Browser is opened with url: ''

2022-04-05 10:43:10 - [TEST_STEP][PASSED] - maximizeWindow(): Current window maximized

2022-04-05 10:43:11 - [MESSAGE][PASSED] - Current window maximized

2022-04-05 10:43:11 - [TEST_STEP][PASSED] - navigateToUrl(url): Navigate to 'https://stars-stage.hawk.ru:8080' successfully

2022-04-05 10:43:16 - [MESSAGE][PASSED] - Navigate to 'https://stars-stage.hawk.ru:8080' successfully

2022-04-05 10:43:16 - [TEST_STEP][PASSED] - setText(findTestObject("Object Repository/Page_/input__sc-lnrBVv eqPACj"), admin_login): Text 'TestAdmin@test.ru' is set on object 'Object Repository/Page_/input__sc-lnrBVv eqPACj'

2022-04-05 10:43:20 - [MESSAGE][PASSED] - Text 'TestAdmin@test.ru' is set on object 'Object Repository/Page_/input__sc-lnrBVv eqPACj'

2022-04-05 10:43:20 - [TEST_STEP][PASSED] - setText(findTestObject("Object Repository/Page_/input__sc-lnrBVv eqPACj_1"), admin_password): Text 'TestAdmin@test.ru' is set on object 'Object Repository/Page_/input__sc-lnrBVv eqPACj_1'

2022-04-05 10:43:24 - [MESSAGE][PASSED] - Text 'TestAdmin@test.ru' is set on object 'Object Repository/Page_/input__sc-lnrBVv eqPACj_1'

2022-04-05 10:43:24 - [TEST_STEP][PASSED] - click(findTestObject("Object Repository/Page_/go")): Object: 'Object Repository/Page_/go' is clicked on

2022-04-05 10:43:26 - [MESSAGE][PASSED] - Object: 'Object Repository/Page_/go' is clicked on

2022-04-05 10:43:26 - [MESSAGE][PASSED] - Call Test Case 'Test Cases/Администратор/Авторизация' successfully

2022-04-05 10:43:26 - [TEST_STEP][PASSED] - click(findTestObject("admin/reports/keys/reports/report")): Object: 'Object Repository/admin/reports/keys/reports/report' is clicked on

2022-04-05 10:43:58 - [MESSAGE][PASSED] - Object: 'Object Repository/admin/reports/keys/reports/report' is clicked on

2022-04-05 10:43:58 - [MESSAGE][PASSED] - Call Test Case 'Test Cases/Администратор/Отчет для тк' successfully

2022-04-05 10:43:58 - [TEST_STEP][PASSED] - click(findTestObject("Object Repository/Avangard New/Object (Администратор)/Case (Психофиз)/psyxofiz report")): Object: 'Object Repository/Avangard New/Object (Администратор)/Case (Психофиз)/psyxofiz report' is clicked on

2022-04-05 10:44:02 - [MESSAGE][PASSED] - Object: 'Object Repository/Avangard New/Object (Администратор)/Case (Психофиз)/psyxofiz report' is clicked on

2022-04-05 10:44:02 - [TEST_STEP][PASSED] - verifyElementText(findTestObject("Object Repository/Avangard New/Object (Администратор)/Case (Психофиз)/header report"), "ОТЧЕТ ПСИХОЛОГИЧЕСКОГО ПРОФИЛЯ"): Actual text and expected text of test object 'Object Repository/Avangard New/Object (Администратор)/Case (Психофиз)/header report' are matched.

2022-04-05 10:44:04 - [MESSAGE][PASSED] - Actual text and expected text of test object 'Object Repository/Avangard New/Object (Администратор)/Case (Психофиз)/header report' are matched.

2022-04-05 10:44:04 - [TEST_STEP][PASSED] - click(findTestObject("Object Repository/Avangard New/Object (Администратор)/Case (Психофиз)/scool")): Object: 'Object Repository/Avangard New/Object (Администратор)/Case (Психофиз)/scool' is clicked on

2022-04-05 10:44:06 - [MESSAGE][PASSED] - Object: 'Object Repository/Avangard New/Object (Администратор)/Case (Психофиз)/scool' is clicked on

2022-04-05 10:44:06 - [TEST_STEP][PASSED] - click(findTestObject("Object Repository/Avangard New/Object (Администратор)/Case (Психофиз)/div_")): Object: 'Object Repository/Avangard New/Object (Администратор)/Case (Психофиз)/div_' is clicked on

2022-04-05 10:44:10 - [MESSAGE][PASSED] - Object: 'Object Repository/Avangard New/Object (Администратор)/Case (Психофиз)/div_' is clicked on

2022-04-05 10:44:10 - [TEST_STEP][PASSED] - click(findTestObject("Object Repository/Avangard New/Object (Администратор)/Case (Психофиз)/team")): Object: 'Object Repository/Avangard New/Object (Администратор)/Case (Психофиз)/team' is clicked on

2022-04-05 10:44:12 - [MESSAGE][PASSED] - Object: 'Object Repository/Avangard New/Object (Администратор)/Case (Психофиз)/team' is clicked on

2022-04-05 10:44:12 - [TEST_STEP][PASSED] - click(findTestObject("Object Repository/Avangard New/Object (Администратор)/Case (Психофиз)/oya")): Object: 'Object Repository/Avangard New/Object (Администратор)/Case (Психофиз)/oya' is clicked on

2022-04-05 10:44:15 - [MESSAGE][PASSED] - Object: 'Object Repository/Avangard New/Object (Администратор)/Case (Психофиз)/oya' is clicked on

2022-04-05 10:44:15 - [TEST_STEP][PASSED] - setText(findTestObject("Object Repository/Avangard New/Object (Администратор)/Case (Психофиз)/input__ganin"), player_for_test): Text 'Ганин Данила' is set on object 'Object Repository/Avangard New/Object (Администратор)/Case (Психофиз)/input__ganin'

2022-04-05 10:44:22 - [MESSAGE][PASSED] - Text 'Ганин Данила' is set on object 'Object Repository/Avangard New/Object (Администратор)/Case (Психофиз)/input__ganin'

2022-04-05 10:44:22 - [TEST_STEP][PASSED] - sendKeys(findTestObject("Object Repository/admin/Global player"), Keys.chord(ENTER)): Keys 'ENTER + ' sent to object: 'Object Repository/admin/Global player'

2022-04-05 10:44:24 - [MESSAGE][PASSED] - Keys 'ENTER + ' sent to object: 'Object Repository/admin/Global player'

2022-04-05 10:44:24 - [TEST_STEP][PASSED] - click(findTestObject("Object Repository/Avangard New/Object (Администратор)/Case (Психофиз)/date")): Object: 'Object Repository/Avangard New/Object (Администратор)/Case (Психофиз)/date' is clicked on

2022-04-05 10:44:27 - [MESSAGE][PASSED] - Object: 'Object Repository/Avangard New/Object (Администратор)/Case (Психофиз)/date' is clicked on

2022-04-05 10:44:27 - [TEST_STEP][PASSED] - click(findTestObject("Object Repository/Avangard New/Object (Администратор)/Case (Психофиз)/date 14 01")): Object: 'Object Repository/Avangard New/Object (Администратор)/Case (Психофиз)/date 14 01' is clicked on

2022-04-05 10:44:30 - [MESSAGE][PASSED] - Object: 'Object Repository/Avangard New/Object (Администратор)/Case (Психофиз)/date 14 01' is clicked on

2022-04-05 10:44:30 - [TEST_STEP][PASSED] - scrollToElement(findTestObject("Avangard New/Object (Администратор)/Case (Психофиз)/reaction easy1"), 0): Scroll to object 'Object Repository/Avangard New/Object (Администратор)/Case (Психофиз)/reaction easy1' successfully

2022-04-05 10:44:30 - [MESSAGE][WARNING] - Timeout '0' is invalid. Using default page load timeout: '30'

2022-04-05 10:44:33 - [MESSAGE][PASSED] - Scroll to object 'Object Repository/Avangard New/Object (Администратор)/Case (Психофиз)/reaction easy1' successfully

2022-04-05 10:44:33 - [TEST_STEP][PASSED] - verifyElementText(findTestObject("Avangard New/Object (Администратор)/Case (Психофиз)/reaction easy1"), "Реакция на простой стимул"): Actual text and expected text of test object 'Object Repository/Avangard New/Object (Администратор)/Case (Психофиз)/reaction easy1' are matched.

2022-04-05 10:44:36 - [MESSAGE][PASSED] - Actual text and expected text of test object 'Object Repository/Avangard New/Object (Администратор)/Case (Психофиз)/reaction easy1' are matched.

2022-04-05 10:44:36 - [TEST_STEP][PASSED] - verifyElementText(findTestObject("Avangard New/Object (Администратор)/Case (Психофиз)/reaction hard1"), "Реакция на сложный стимул"): Actual text and expected text of test object 'Object Repository/Avangard New/Object (Администратор)/Case (Психофиз)/reaction hard1' are matched.

2022-04-05 10:44:40 - [MESSAGE][PASSED] - Actual text and expected text of test object 'Object Repository/Avangard New/Object (Администратор)/Case (Психофиз)/reaction hard1' are matched.

2022-04-05 10:44:40 - [TEST_STEP][PASSED] - scrollToElement(findTestObject("Object Repository/Avangard New/Object (Администратор)/Case (Психофиз)/season (1)"), 0): Scroll to object 'Object Repository/Avangard New/Object (Администратор)/Case (Психофиз)/season (1)' successfully

2022-04-05 10:44:40 - [MESSAGE][WARNING] - Timeout '0' is invalid. Using default page load timeout: '30'

2022-04-05 10:44:42 - [MESSAGE][PASSED] - Scroll to object 'Object Repository/Avangard New/Object (Администратор)/Case (Психофиз)/season (1)' successfully

2022-04-05 10:44:42 - [TEST_STEP][PASSED] - click(findTestObject("Object Repository/Avangard New/Object (Администратор)/Case (Психофиз)/topologic")): Object: 'Object Repository/Avangard New/Object (Администратор)/Case (Психофиз)/topologic' is clicked on

2022-04-05 10:44:44 - [MESSAGE][PASSED] - Object: 'Object Repository/Avangard New/Object (Администратор)/Case (Психофиз)/topologic' is clicked on

2022-04-05 10:44:44 - [TEST_STEP][PASSED] - click(findTestObject("Object Repository/Avangard New/Object (Администратор)/Case (Психофиз)/season (1)")): Object: 'Object Repository/Avangard New/Object (Администратор)/Case (Психофиз)/season (1)' is clicked on

2022-04-05 10:44:48 - [MESSAGE][PASSED] - Object: 'Object Repository/Avangard New/Object (Администратор)/Case (Психофиз)/season (1)' is clicked on

2022-04-05 10:44:48 - [TEST_STEP][PASSED] - click(findTestObject("Object Repository/Avangard New/Object (Администратор)/Case (Психофиз)/21-22")): Object: 'Object Repository/Avangard New/Object (Администратор)/Case (Психофиз)/21-22' is clicked on

2022-04-05 10:44:50 - [MESSAGE][PASSED] - Object: 'Object Repository/Avangard New/Object (Администратор)/Case (Психофиз)/21-22' is clicked on

2022-04-05 10:44:50 - [TEST_STEP][PASSED] - scrollToElement(findTestObject("Avangard New/Object (Администратор)/Case (Психофиз)/exstraversi"), 0): Scroll to object 'Object Repository/Avangard New/Object (Администратор)/Case (Психофиз)/exstraversi' successfully

2022-04-05 10:44:50 - [MESSAGE][WARNING] - Timeout '0' is invalid. Using default page load timeout: '30'

2022-04-05 10:44:52 - [MESSAGE][PASSED] - Scroll to object 'Object Repository/Avangard New/Object (Администратор)/Case (Психофиз)/exstraversi' successfully

2022-04-05 10:44:52 - [TEST_STEP][PASSED] - verifyElementText(findTestObject("Avangard New/Object (Администратор)/Case (Психофиз)/exstraversi"), "Экстраверсия"): Actual text and expected text of test object 'Object Repository/Avangard New/Object (Администратор)/Case (Психофиз)/exstraversi' are matched.

2022-04-05 10:44:54 - [MESSAGE][PASSED] - Actual text and expected text of test object 'Object Repository/Avangard New/Object (Администратор)/Case (Психофиз)/exstraversi' are matched.

2022-04-05 10:44:54 - [TEST_STEP][PASSED] - verifyElementText(findTestObject("Avangard New/Object (Администратор)/Case (Психофиз)/spontannost"), "Спонтанность"): Actual text and expected text of test object 'Object Repository/Avangard New/Object (Администратор)/Case (Психофиз)/spontannost' are matched.

2022-04-05 10:44:56 - [MESSAGE][PASSED] - Actual text and expected text of test object 'Object Repository/Avangard New/Object (Администратор)/Case (Психофиз)/spontannost' are matched.

2022-04-05 10:44:56 - [TEST_STEP][PASSED] - click(findTestObject("Object Repository/Avangard New/Object (Администратор)/Case (Психофиз)/home")): Object: 'Object Repository/Avangard New/Object (Администратор)/Case (Психофиз)/home' is clicked on

2022-04-05 10:44:58 - [MESSAGE][PASSED] - Object: 'Object Repository/Avangard New/Object (Администратор)/Case (Психофиз)/home' is clicked on

2022-04-05 10:44:58 - [TEST_STEP][PASSED] - closeBrowser(): Browser is closed

2022-04-05 10:44:59 - [MESSAGE][PASSED] - Browser is closed]]></system-out>
         <system-err><![CDATA[]]></system-err>
      </testcase>
      <testcase name="Test Cases/Администратор/ОТЧЕТЫ функциональные тесты/Отчет по играм за период" time="292.742" classname="Test Cases/Администратор/ОТЧЕТЫ функциональные тесты/Отчет по играм за период" status="PASSED">
         <system-out><![CDATA[2022-04-05 10:44:59 - [TEST_CASE][PASSED] - Test Cases/Администратор/ОТЧЕТЫ функциональные тесты/Отчет по играм за период: Test Cases/Администратор/ОТЧЕТЫ функциональные тесты/Отчет по играм за период

2022-04-05 10:44:59 - [TEST_STEP][PASSED] - callTestCase(findTestCase("Администратор/Отчет для тк"), [:], STOP_ON_FAILURE): Call Test Case 'Test Cases/Администратор/Отчет для тк' successfully

2022-04-05 10:44:59 - [TEST_CASE][PASSED] - Test Cases/Администратор/Отчет для тк: Test Cases/Администратор/Отчет для тк

2022-04-05 10:44:59 - [TEST_STEP][PASSED] - callTestCase(findTestCase("Администратор/Авторизация"), [:], STOP_ON_FAILURE): Call Test Case 'Test Cases/Администратор/Авторизация' successfully

2022-04-05 10:44:59 - [TEST_CASE][PASSED] - Test Cases/Администратор/Авторизация: Test Cases/Администратор/Авторизация

2022-04-05 10:44:59 - [TEST_STEP][PASSED] - openBrowser(""): Browser is opened with url: ''

2022-04-05 10:44:59 - [MESSAGE][INFO] - User set preference: ['os', 'linux']

2022-04-05 10:44:59 - [MESSAGE][INFO] - User set preference: ['browserName', 'chrome']

2022-04-05 10:44:59 - [MESSAGE][INFO] - User set preference: ['browserVersion', '97']

2022-04-05 10:44:59 - [MESSAGE][INFO] - User set preference: ['katalon:option', '{organizationId=632442, tunnelId=, usingTunnel=false}']

2022-04-05 10:44:59 - [MESSAGE][INFO] - Connecting to remote web server 'testcloud.katalon.com/hub' with type 'Selenium'

2022-04-05 10:44:59 - [MESSAGE][INFO] - Action delay is set to 100 milliseconds

2022-04-05 10:48:10 - [MESSAGE][PASSED] - Browser is opened with url: ''

2022-04-05 10:48:10 - [TEST_STEP][PASSED] - maximizeWindow(): Current window maximized

2022-04-05 10:48:11 - [MESSAGE][PASSED] - Current window maximized

2022-04-05 10:48:11 - [TEST_STEP][PASSED] - navigateToUrl(url): Navigate to 'https://stars-stage.hawk.ru:8080' successfully

2022-04-05 10:48:17 - [MESSAGE][PASSED] - Navigate to 'https://stars-stage.hawk.ru:8080' successfully

2022-04-05 10:48:17 - [TEST_STEP][PASSED] - setText(findTestObject("Object Repository/Page_/input__sc-lnrBVv eqPACj"), admin_login): Text 'TestAdmin@test.ru' is set on object 'Object Repository/Page_/input__sc-lnrBVv eqPACj'

2022-04-05 10:48:21 - [MESSAGE][PASSED] - Text 'TestAdmin@test.ru' is set on object 'Object Repository/Page_/input__sc-lnrBVv eqPACj'

2022-04-05 10:48:21 - [TEST_STEP][PASSED] - setText(findTestObject("Object Repository/Page_/input__sc-lnrBVv eqPACj_1"), admin_password): Text 'TestAdmin@test.ru' is set on object 'Object Repository/Page_/input__sc-lnrBVv eqPACj_1'

2022-04-05 10:48:25 - [MESSAGE][PASSED] - Text 'TestAdmin@test.ru' is set on object 'Object Repository/Page_/input__sc-lnrBVv eqPACj_1'

2022-04-05 10:48:25 - [TEST_STEP][PASSED] - click(findTestObject("Object Repository/Page_/go")): Object: 'Object Repository/Page_/go' is clicked on

2022-04-05 10:48:27 - [MESSAGE][PASSED] - Object: 'Object Repository/Page_/go' is clicked on

2022-04-05 10:48:27 - [MESSAGE][PASSED] - Call Test Case 'Test Cases/Администратор/Авторизация' successfully

2022-04-05 10:48:27 - [TEST_STEP][PASSED] - click(findTestObject("admin/reports/keys/reports/report")): Object: 'Object Repository/admin/reports/keys/reports/report' is clicked on

2022-04-05 10:48:52 - [MESSAGE][PASSED] - Object: 'Object Repository/admin/reports/keys/reports/report' is clicked on

2022-04-05 10:48:52 - [MESSAGE][PASSED] - Call Test Case 'Test Cases/Администратор/Отчет для тк' successfully

2022-04-05 10:48:52 - [TEST_STEP][PASSED] - click(findTestObject("Object Repository/admin/reports/period/Page_/div_")): Object: 'Object Repository/admin/reports/period/Page_/div_' is clicked on

2022-04-05 10:48:54 - [MESSAGE][PASSED] - Object: 'Object Repository/admin/reports/period/Page_/div_' is clicked on

2022-04-05 10:48:54 - [TEST_STEP][PASSED] - verifyTextPresent("ОТЧЕТ ПО ИГРАМ ЗА ПЕРИОД", true): Text 'ОТЧЕТ ПО ИГРАМ ЗА ПЕРИОД' is present on page  using regular expression

2022-04-05 10:48:56 - [MESSAGE][PASSED] - Text 'ОТЧЕТ ПО ИГРАМ ЗА ПЕРИОД' is present on page  using regular expression

2022-04-05 10:48:56 - [TEST_STEP][PASSED] - setText(findTestObject("Object Repository/admin/reports/period/Page_/input__react-select-2-input"), "академия"): Text 'академия' is set on object 'Object Repository/admin/reports/period/Page_/input__react-select-2-input'

2022-04-05 10:49:00 - [MESSAGE][PASSED] - Text 'академия' is set on object 'Object Repository/admin/reports/period/Page_/input__react-select-2-input'

2022-04-05 10:49:00 - [TEST_STEP][PASSED] - sendKeys(findTestObject("Object Repository/admin/reports/period/Page_/input__react-select-2-input"), Keys.chord(ENTER)): Keys 'ENTER + ' sent to object: 'Object Repository/admin/reports/period/Page_/input__react-select-2-input'

2022-04-05 10:49:02 - [MESSAGE][PASSED] - Keys 'ENTER + ' sent to object: 'Object Repository/admin/reports/period/Page_/input__react-select-2-input'

2022-04-05 10:49:02 - [TEST_STEP][PASSED] - setText(findTestObject("Object Repository/admin/reports/period/Page_/input__react-select-3-input"), school): Text 'Омские Ястребы' is set on object 'Object Repository/admin/reports/period/Page_/input__react-select-3-input'

2022-04-05 10:49:06 - [MESSAGE][PASSED] - Text 'Омские Ястребы' is set on object 'Object Repository/admin/reports/period/Page_/input__react-select-3-input'

2022-04-05 10:49:06 - [TEST_STEP][PASSED] - sendKeys(findTestObject("Object Repository/admin/reports/period/Page_/input__react-select-3-input"), Keys.chord(ENTER)): Keys 'ENTER + ' sent to object: 'Object Repository/admin/reports/period/Page_/input__react-select-3-input'

2022-04-05 10:49:08 - [MESSAGE][PASSED] - Keys 'ENTER + ' sent to object: 'Object Repository/admin/reports/period/Page_/input__react-select-3-input'

2022-04-05 10:49:08 - [TEST_STEP][PASSED] - setText(findTestObject("Object Repository/admin/reports/period/Page_/input_._year"), "2020"): Text '2020' is set on object 'Object Repository/admin/reports/period/Page_/input_._year'

2022-04-05 10:49:15 - [MESSAGE][PASSED] - Text '2020' is set on object 'Object Repository/admin/reports/period/Page_/input_._year'

2022-04-05 10:49:15 - [TEST_STEP][PASSED] - waitForElementNotPresent(findTestObject("Object Repository/admin/reports/period/Page_/img_ _sc-cMljjf KiCqS"), 0): Web element with id: 'Object Repository/admin/reports/period/Page_/img_ _sc-cMljjf KiCqS' located by 'By.xpath: //div[@id='root']/div/div/div[2]/div/div[2]/div/div/div/img' is not present after '30' second(s)

2022-04-05 10:49:15 - [MESSAGE][WARNING] - Timeout '0' is invalid. Using default page load timeout: '30'

2022-04-05 10:49:22 - [MESSAGE][PASSED] - Web element with id: 'Object Repository/admin/reports/period/Page_/img_ _sc-cMljjf KiCqS' located by 'By.xpath: //div[@id='root']/div/div/div[2]/div/div[2]/div/div/div/img' is not present after '30' second(s)

2022-04-05 10:49:22 - [TEST_STEP][PASSED] - verifyTextPresent("Управление командой со скамейки", true): Text 'Управление командой со скамейки' is present on page  using regular expression

2022-04-05 10:49:27 - [MESSAGE][PASSED] - Text 'Управление командой со скамейки' is present on page  using regular expression

2022-04-05 10:49:27 - [TEST_STEP][PASSED] - verifyTextPresent("Самоотверженность / воля к победе", true): Text 'Самоотверженность / воля к победе' is present on page  using regular expression

2022-04-05 10:49:30 - [MESSAGE][PASSED] - Text 'Самоотверженность / воля к победе' is present on page  using regular expression

2022-04-05 10:49:30 - [TEST_STEP][PASSED] - verifyTextPresent("СРЕДНЯЯ ОЦЕНКА", false): Text 'СРЕДНЯЯ ОЦЕНКА' is present on page 

2022-04-05 10:49:34 - [MESSAGE][PASSED] - Text 'СРЕДНЯЯ ОЦЕНКА' is present on page 

2022-04-05 10:49:34 - [TEST_STEP][PASSED] - verifyTextPresent("АТАКУЮЩИЕ ДЕЙСТВИЯ", false): Text 'АТАКУЮЩИЕ ДЕЙСТВИЯ' is present on page 

2022-04-05 10:49:37 - [MESSAGE][PASSED] - Text 'АТАКУЮЩИЕ ДЕЙСТВИЯ' is present on page 

2022-04-05 10:49:37 - [TEST_STEP][PASSED] - verifyTextPresent("ОБОРОНИТЕЛЬНЫЕ ДЕЙСТВИЯ", false): Text 'ОБОРОНИТЕЛЬНЫЕ ДЕЙСТВИЯ' is present on page 

2022-04-05 10:49:41 - [MESSAGE][PASSED] - Text 'ОБОРОНИТЕЛЬНЫЕ ДЕЙСТВИЯ' is present on page 

2022-04-05 10:49:41 - [TEST_STEP][PASSED] - verifyTextPresent("Защитник", false): Text 'Защитник' is present on page 

2022-04-05 10:49:44 - [MESSAGE][PASSED] - Text 'Защитник' is present on page 

2022-04-05 10:49:44 - [TEST_STEP][PASSED] - verifyTextPresent("Нападающий", false): Text 'Нападающий' is present on page 

2022-04-05 10:49:49 - [MESSAGE][PASSED] - Text 'Нападающий' is present on page 

2022-04-05 10:49:49 - [TEST_STEP][PASSED] - click(findTestObject("Object Repository/admin/reports/period/Page_/root")): Object: 'Object Repository/admin/reports/period/Page_/root' is clicked on

2022-04-05 10:49:51 - [MESSAGE][PASSED] - Object: 'Object Repository/admin/reports/period/Page_/root' is clicked on

2022-04-05 10:49:51 - [TEST_STEP][PASSED] - closeBrowser(): Browser is closed

2022-04-05 10:49:51 - [MESSAGE][PASSED] - Browser is closed]]></system-out>
         <system-err><![CDATA[]]></system-err>
      </testcase>
      <testcase name="Test Cases/Администратор/ОТЧЕТЫ функциональные тесты/Игровая статистика" time="285.213" classname="Test Cases/Администратор/ОТЧЕТЫ функциональные тесты/Игровая статистика" status="FAILED">
         <failure type="FAILED" message="Test Cases/Администратор/ОТЧЕТЫ функциональные тесты/Игровая статистика FAILED.
Reason:
com.kms.katalon.core.exception.StepFailedException: Unable to verify text 'Матчи' is present  using regular expression
	at com.kms.katalon.core.webui.keyword.internal.WebUIKeywordMain.stepFailed(WebUIKeywordMain.groovy:64)
	at com.kms.katalon.core.webui.keyword.internal.WebUIKeywordMain.runKeyword(WebUIKeywordMain.groovy:26)
	at com.kms.katalon.core.webui.keyword.builtin.VerifyTextPresentKeyword.verifyTextPresent(VerifyTextPresentKeyword.groovy:83)
	at com.kms.katalon.core.webui.keyword.builtin.VerifyTextPresentKeyword.execute(VerifyTextPresentKeyword.groovy:68)
	at com.kms.katalon.core.keyword.internal.KeywordExecutor.executeKeywordForPlatform(KeywordExecutor.groovy:74)
	at com.kms.katalon.core.webui.keyword.WebUiBuiltInKeywords.verifyTextPresent(WebUiBuiltInKeywords.groovy:1723)
	at com.kms.katalon.core.webui.keyword.WebUiBuiltInKeywords$verifyTextPresent$4.call(Unknown Source)
	at Игровая статистика.run(Игровая статистика:48)
	at com.kms.katalon.core.main.ScriptEngine.run(ScriptEngine.java:194)
	at com.kms.katalon.core.main.ScriptEngine.runScriptAsRawText(ScriptEngine.java:119)
	at com.kms.katalon.core.main.TestCaseExecutor.runScript(TestCaseExecutor.java:442)
	at com.kms.katalon.core.main.TestCaseExecutor.doExecute(TestCaseExecutor.java:433)
	at com.kms.katalon.core.main.TestCaseExecutor.processExecutionPhase(TestCaseExecutor.java:412)
	at com.kms.katalon.core.main.TestCaseExecutor.accessMainPhase(TestCaseExecutor.java:404)
	at com.kms.katalon.core.main.TestCaseExecutor.execute(TestCaseExecutor.java:281)
	at com.kms.katalon.core.main.TestSuiteExecutor.accessTestCaseMainPhase(TestSuiteExecutor.java:202)
	at com.kms.katalon.core.main.TestSuiteExecutor.accessTestSuiteMainPhase(TestSuiteExecutor.java:164)
	at com.kms.katalon.core.main.TestSuiteExecutor.execute(TestSuiteExecutor.java:105)
	at com.kms.katalon.core.main.TestCaseMain.startTestSuite(TestCaseMain.java:185)
	at com.kms.katalon.core.main.TestCaseMain$startTestSuite$0.call(Unknown Source)
	at TempTestSuite1649143147000.run(TempTestSuite1649143147000.groovy:36)
Caused by: com.kms.katalon.core.exception.StepFailedException: Text 'Матчи' is not present on page  using regular expression
	at com.kms.katalon.core.webui.keyword.internal.WebUIKeywordMain.stepFailed(WebUIKeywordMain.groovy:64)
	at com.kms.katalon.core.webui.keyword.builtin.VerifyTextPresentKeyword$_verifyTextPresent_closure1.doCall(VerifyTextPresentKeyword.groovy:79)
	at com.kms.katalon.core.webui.keyword.builtin.VerifyTextPresentKeyword$_verifyTextPresent_closure1.call(VerifyTextPresentKeyword.groovy)
	at com.kms.katalon.core.webui.keyword.internal.WebUIKeywordMain.runKeyword(WebUIKeywordMain.groovy:20)
	... 19 more
"/>
         <system-out><![CDATA[2022-04-05 10:49:51 - [TEST_CASE][FAILED] - Test Cases/Администратор/ОТЧЕТЫ функциональные тесты/Игровая статистика: Test Cases/Администратор/ОТЧЕТЫ функциональные тесты/Игровая статистика FAILED.
Reason:
com.kms.katalon.core.exception.StepFailedException: Unable to verify text 'Матчи' is present  using regular expression
	at com.kms.katalon.core.webui.keyword.internal.WebUIKeywordMain.stepFailed(WebUIKeywordMain.groovy:64)
	at com.kms.katalon.core.webui.keyword.internal.WebUIKeywordMain.runKeyword(WebUIKeywordMain.groovy:26)
	at com.kms.katalon.core.webui.keyword.builtin.VerifyTextPresentKeyword.verifyTextPresent(VerifyTextPresentKeyword.groovy:83)
	at com.kms.katalon.core.webui.keyword.builtin.VerifyTextPresentKeyword.execute(VerifyTextPresentKeyword.groovy:68)
	at com.kms.katalon.core.keyword.internal.KeywordExecutor.executeKeywordForPlatform(KeywordExecutor.groovy:74)
	at com.kms.katalon.core.webui.keyword.WebUiBuiltInKeywords.verifyTextPresent(WebUiBuiltInKeywords.groovy:1723)
	at com.kms.katalon.core.webui.keyword.WebUiBuiltInKeywords$verifyTextPresent$4.call(Unknown Source)
	at Игровая статистика.run(Игровая статистика:48)
	at com.kms.katalon.core.main.ScriptEngine.run(ScriptEngine.java:194)
	at com.kms.katalon.core.main.ScriptEngine.runScriptAsRawText(ScriptEngine.java:119)
	at com.kms.katalon.core.main.TestCaseExecutor.runScript(TestCaseExecutor.java:442)
	at com.kms.katalon.core.main.TestCaseExecutor.doExecute(TestCaseExecutor.java:433)
	at com.kms.katalon.core.main.TestCaseExecutor.processExecutionPhase(TestCaseExecutor.java:412)
	at com.kms.katalon.core.main.TestCaseExecutor.accessMainPhase(TestCaseExecutor.java:404)
	at com.kms.katalon.core.main.TestCaseExecutor.execute(TestCaseExecutor.java:281)
	at com.kms.katalon.core.main.TestSuiteExecutor.accessTestCaseMainPhase(TestSuiteExecutor.java:202)
	at com.kms.katalon.core.main.TestSuiteExecutor.accessTestSuiteMainPhase(TestSuiteExecutor.java:164)
	at com.kms.katalon.core.main.TestSuiteExecutor.execute(TestSuiteExecutor.java:105)
	at com.kms.katalon.core.main.TestCaseMain.startTestSuite(TestCaseMain.java:185)
	at com.kms.katalon.core.main.TestCaseMain$startTestSuite$0.call(Unknown Source)
	at TempTestSuite1649143147000.run(TempTestSuite1649143147000.groovy:36)
Caused by: com.kms.katalon.core.exception.StepFailedException: Text 'Матчи' is not present on page  using regular expression
	at com.kms.katalon.core.webui.keyword.internal.WebUIKeywordMain.stepFailed(WebUIKeywordMain.groovy:64)
	at com.kms.katalon.core.webui.keyword.builtin.VerifyTextPresentKeyword$_verifyTextPresent_closure1.doCall(VerifyTextPresentKeyword.groovy:79)
	at com.kms.katalon.core.webui.keyword.builtin.VerifyTextPresentKeyword$_verifyTextPresent_closure1.call(VerifyTextPresentKeyword.groovy)
	at com.kms.katalon.core.webui.keyword.internal.WebUIKeywordMain.runKeyword(WebUIKeywordMain.groovy:20)
	... 19 more


2022-04-05 10:49:52 - [TEST_STEP][PASSED] - callTestCase(findTestCase("Администратор/Авторизация"), [:], STOP_ON_FAILURE): Call Test Case 'Test Cases/Администратор/Авторизация' successfully

2022-04-05 10:49:52 - [TEST_CASE][PASSED] - Test Cases/Администратор/Авторизация: Test Cases/Администратор/Авторизация

2022-04-05 10:49:52 - [TEST_STEP][PASSED] - openBrowser(""): Browser is opened with url: ''

2022-04-05 10:49:52 - [MESSAGE][INFO] - User set preference: ['os', 'linux']

2022-04-05 10:49:52 - [MESSAGE][INFO] - User set preference: ['browserName', 'chrome']

2022-04-05 10:49:52 - [MESSAGE][INFO] - User set preference: ['browserVersion', '97']

2022-04-05 10:49:52 - [MESSAGE][INFO] - User set preference: ['katalon:option', '{organizationId=632442, tunnelId=, usingTunnel=false}']

2022-04-05 10:49:52 - [MESSAGE][INFO] - Connecting to remote web server 'testcloud.katalon.com/hub' with type 'Selenium'

2022-04-05 10:49:52 - [MESSAGE][INFO] - Action delay is set to 100 milliseconds

2022-04-05 10:52:11 - [MESSAGE][PASSED] - Browser is opened with url: ''

2022-04-05 10:52:11 - [TEST_STEP][PASSED] - maximizeWindow(): Current window maximized

2022-04-05 10:52:12 - [MESSAGE][PASSED] - Current window maximized

2022-04-05 10:52:12 - [TEST_STEP][PASSED] - navigateToUrl(url): Navigate to 'https://stars-stage.hawk.ru:8080' successfully

2022-04-05 10:52:17 - [MESSAGE][PASSED] - Navigate to 'https://stars-stage.hawk.ru:8080' successfully

2022-04-05 10:52:17 - [TEST_STEP][PASSED] - setText(findTestObject("Object Repository/Page_/input__sc-lnrBVv eqPACj"), admin_login): Text 'TestAdmin@test.ru' is set on object 'Object Repository/Page_/input__sc-lnrBVv eqPACj'

2022-04-05 10:52:21 - [MESSAGE][PASSED] - Text 'TestAdmin@test.ru' is set on object 'Object Repository/Page_/input__sc-lnrBVv eqPACj'

2022-04-05 10:52:21 - [TEST_STEP][PASSED] - setText(findTestObject("Object Repository/Page_/input__sc-lnrBVv eqPACj_1"), admin_password): Text 'TestAdmin@test.ru' is set on object 'Object Repository/Page_/input__sc-lnrBVv eqPACj_1'

2022-04-05 10:52:25 - [MESSAGE][PASSED] - Text 'TestAdmin@test.ru' is set on object 'Object Repository/Page_/input__sc-lnrBVv eqPACj_1'

2022-04-05 10:52:25 - [TEST_STEP][PASSED] - click(findTestObject("Object Repository/Page_/go")): Object: 'Object Repository/Page_/go' is clicked on

2022-04-05 10:52:28 - [MESSAGE][PASSED] - Object: 'Object Repository/Page_/go' is clicked on

2022-04-05 10:52:28 - [MESSAGE][PASSED] - Call Test Case 'Test Cases/Администратор/Авторизация' successfully

2022-04-05 10:52:28 - [TEST_STEP][PASSED] - click(findTestObject("Object Repository/admin/reports/gamestat/reports/report")): Object: 'Object Repository/admin/reports/gamestat/reports/report' is clicked on

2022-04-05 10:52:53 - [MESSAGE][PASSED] - Object: 'Object Repository/admin/reports/gamestat/reports/report' is clicked on

2022-04-05 10:52:53 - [TEST_STEP][PASSED] - click(findTestObject("Object Repository/admin/reports/gamestat/Page_/stats_report")): Object: 'Object Repository/admin/reports/gamestat/Page_/stats_report' is clicked on

2022-04-05 10:52:55 - [MESSAGE][PASSED] - Object: 'Object Repository/admin/reports/gamestat/Page_/stats_report' is clicked on

2022-04-05 10:52:55 - [TEST_STEP][PASSED] - verifyTextPresent("ИГРОВАЯ СТАТИСТИКА", true): Text 'ИГРОВАЯ СТАТИСТИКА' is present on page  using regular expression

2022-04-05 10:52:57 - [MESSAGE][PASSED] - Text 'ИГРОВАЯ СТАТИСТИКА' is present on page  using regular expression

2022-04-05 10:52:57 - [TEST_STEP][PASSED] - click(findTestObject("Object Repository/admin/reports/gamestat/Page_/school")): Object: 'Object Repository/admin/reports/gamestat/Page_/school' is clicked on

2022-04-05 10:53:29 - [MESSAGE][INFO] - Unable to find the element located by 'By.xpath: //div[(text() = 'Школа' or . = 'Школа')]'. Please recheck the objects properties to make sure the desired element is located. 

2022-04-05 10:53:29 - [MESSAGE][WARNING] - [SELF-HEALING] Failed to find element with id 'Object Repository/admin/reports/gamestat/Page_/school'. Try using Self-healing.

2022-04-05 10:53:30 - [MESSAGE][INFO] - Unable to find the element located by 'By.xpath: //div[@id='root']/div/div/div[2]/div/div/div/div[2]/div/div/div/div'. Please recheck the objects properties to make sure the desired element is located. 

2022-04-05 10:53:31 - [MESSAGE][INFO] - [SELF-HEALING] Failed Locator: '//div[@id='root']/div/div/div[2]/div/div/div/div[2]/div/div/div/div'.

2022-04-05 10:53:33 - [MESSAGE][INFO] - [SELF-HEALING] Working Locator: '(.//*[normalize-space(text()) and normalize-space(.)='Школа'])[1]/following::div[4]'.

2022-04-05 10:53:34 - [MESSAGE][INFO] - [SELF-HEALING] Screenshot: C:/Users/LENOVO/Katalon Studio/Avangard/Reports/Self-healing/Object Repository/admin/reports/gamestat/Page_/school_neighbor.png

2022-04-05 10:53:34 - [MESSAGE][WARNING] - [SELF-HEALING] The current locator of test object 'Object Repository/admin/reports/gamestat/Page_/school' was broken. Propose an alternative one: '(.//*[normalize-space(text()) and normalize-space(.)='Школа'])[1]/following::div[4]'.

2022-04-05 10:53:35 - [MESSAGE][PASSED] - Object: 'Object Repository/admin/reports/gamestat/Page_/school' is clicked on

2022-04-05 10:53:35 - [TEST_STEP][PASSED] - click(findTestObject("Object Repository/admin/reports/gamestat/Page_/Academy")): Object: 'Object Repository/admin/reports/gamestat/Page_/Academy' is clicked on

2022-04-05 10:53:37 - [MESSAGE][PASSED] - Object: 'Object Repository/admin/reports/gamestat/Page_/Academy' is clicked on

2022-04-05 10:53:37 - [TEST_STEP][PASSED] - click(findTestObject("Object Repository/admin/reports/gamestat/Page_/team")): Object: 'Object Repository/admin/reports/gamestat/Page_/team' is clicked on

2022-04-05 10:54:09 - [MESSAGE][INFO] - Unable to find the element located by 'By.xpath: //div[(text() = 'Выберите команду' or . = 'Выберите команду')]'. Please recheck the objects properties to make sure the desired element is located. 

2022-04-05 10:54:09 - [MESSAGE][WARNING] - [SELF-HEALING] Failed to find element with id 'Object Repository/admin/reports/gamestat/Page_/team'. Try using Self-healing.

2022-04-05 10:54:11 - [MESSAGE][INFO] - Unable to find the element located by 'By.xpath: //div[@id='root']/div/div/div[2]/div/div/div/div[3]/div/div/div/div'. Please recheck the objects properties to make sure the desired element is located. 

2022-04-05 10:54:12 - [MESSAGE][INFO] - [SELF-HEALING] Failed Locator: '//div[@id='root']/div/div/div[2]/div/div/div/div[3]/div/div/div/div'.

2022-04-05 10:54:14 - [MESSAGE][INFO] - [SELF-HEALING] Working Locator: '(.//*[normalize-space(text()) and normalize-space(.)='Команда'])[1]/following::div[4]'.

2022-04-05 10:54:15 - [MESSAGE][INFO] - [SELF-HEALING] Screenshot: C:/Users/LENOVO/Katalon Studio/Avangard/Reports/Self-healing/Object Repository/admin/reports/gamestat/Page_/team_neighbor.png

2022-04-05 10:54:15 - [MESSAGE][WARNING] - [SELF-HEALING] The current locator of test object 'Object Repository/admin/reports/gamestat/Page_/team' was broken. Propose an alternative one: '(.//*[normalize-space(text()) and normalize-space(.)='Команда'])[1]/following::div[4]'.

2022-04-05 10:54:16 - [MESSAGE][PASSED] - Object: 'Object Repository/admin/reports/gamestat/Page_/team' is clicked on

2022-04-05 10:54:16 - [TEST_STEP][PASSED] - click(findTestObject("Object Repository/admin/reports/gamestat/Page_/varteam")): Object: 'Object Repository/admin/reports/gamestat/Page_/varteam' is clicked on

2022-04-05 10:54:18 - [MESSAGE][PASSED] - Object: 'Object Repository/admin/reports/gamestat/Page_/varteam' is clicked on

2022-04-05 10:54:18 - [TEST_STEP][PASSED] - click(findTestObject("Object Repository/admin/reports/gamestat/Page_/choseSeason")): Object: 'Object Repository/admin/reports/gamestat/Page_/choseSeason' is clicked on

2022-04-05 10:54:21 - [MESSAGE][PASSED] - Object: 'Object Repository/admin/reports/gamestat/Page_/choseSeason' is clicked on

2022-04-05 10:54:21 - [TEST_STEP][PASSED] - click(findTestObject("Object Repository/admin/reports/gamestat/Page_/div_21-22_1")): Object: 'Object Repository/admin/reports/gamestat/Page_/div_21-22_1' is clicked on

2022-04-05 10:54:23 - [MESSAGE][PASSED] - Object: 'Object Repository/admin/reports/gamestat/Page_/div_21-22_1' is clicked on

2022-04-05 10:54:23 - [TEST_STEP][PASSED] - takeFullPageScreenshot("C:\scr\" + school + "10.jpg"): Taking screenshot successfully

2022-04-05 10:54:30 - [MESSAGE][INFO] - 0 hidden object(s)

2022-04-05 10:54:30 - [MESSAGE][PASSED] - Taking screenshot successfully
[[ATTACHMENT|C:\scr\Омские Ястребы10.jpg]]

2022-04-05 10:54:30 - [TEST_STEP][FAILED] - verifyTextPresent("Матчи", true): Unable to verify text 'Матчи' is present  using regular expression (Root cause: com.kms.katalon.core.exception.StepFailedException: Unable to verify text 'Матчи' is present  using regular expression
	at com.kms.katalon.core.webui.keyword.internal.WebUIKeywordMain.stepFailed(WebUIKeywordMain.groovy:64)
	at com.kms.katalon.core.webui.keyword.internal.WebUIKeywordMain.runKeyword(WebUIKeywordMain.groovy:26)
	at com.kms.katalon.core.webui.keyword.builtin.VerifyTextPresentKeyword.verifyTextPresent(VerifyTextPresentKeyword.groovy:83)
	at com.kms.katalon.core.webui.keyword.builtin.VerifyTextPresentKeyword.execute(VerifyTextPresentKeyword.groovy:68)
	at com.kms.katalon.core.keyword.internal.KeywordExecutor.executeKeywordForPlatform(KeywordExecutor.groovy:74)
	at com.kms.katalon.core.webui.keyword.WebUiBuiltInKeywords.verifyTextPresent(WebUiBuiltInKeywords.groovy:1723)
	at com.kms.katalon.core.webui.keyword.WebUiBuiltInKeywords$verifyTextPresent$4.call(Unknown Source)
	at Игровая статистика.run(Игровая статистика:48)
	at com.kms.katalon.core.main.ScriptEngine.run(ScriptEngine.java:194)
	at com.kms.katalon.core.main.ScriptEngine.runScriptAsRawText(ScriptEngine.java:119)
	at com.kms.katalon.core.main.TestCaseExecutor.runScript(TestCaseExecutor.java:442)
	at com.kms.katalon.core.main.TestCaseExecutor.doExecute(TestCaseExecutor.java:433)
	at com.kms.katalon.core.main.TestCaseExecutor.processExecutionPhase(TestCaseExecutor.java:412)
	at com.kms.katalon.core.main.TestCaseExecutor.accessMainPhase(TestCaseExecutor.java:404)
	at com.kms.katalon.core.main.TestCaseExecutor.execute(TestCaseExecutor.java:281)
	at com.kms.katalon.core.main.TestSuiteExecutor.accessTestCaseMainPhase(TestSuiteExecutor.java:202)
	at com.kms.katalon.core.main.TestSuiteExecutor.accessTestSuiteMainPhase(TestSuiteExecutor.java:164)
	at com.kms.katalon.core.main.TestSuiteExecutor.execute(TestSuiteExecutor.java:105)
	at com.kms.katalon.core.main.TestCaseMain.startTestSuite(TestCaseMain.java:185)
	at com.kms.katalon.core.main.TestCaseMain$startTestSuite$0.call(Unknown Source)
	at TempTestSuite1649143147000.run(TempTestSuite1649143147000.groovy:36)
Caused by: com.kms.katalon.core.exception.StepFailedException: Text 'Матчи' is not present on page  using regular expression
	at com.kms.katalon.core.webui.keyword.internal.WebUIKeywordMain.stepFailed(WebUIKeywordMain.groovy:64)
	at com.kms.katalon.core.webui.keyword.builtin.VerifyTextPresentKeyword$_verifyTextPresent_closure1.doCall(VerifyTextPresentKeyword.groovy:79)
	at com.kms.katalon.core.webui.keyword.builtin.VerifyTextPresentKeyword$_verifyTextPresent_closure1.call(VerifyTextPresentKeyword.groovy)
	at com.kms.katalon.core.webui.keyword.internal.WebUIKeywordMain.runKeyword(WebUIKeywordMain.groovy:20)
	... 19 more
)

2022-04-05 10:54:32 - [MESSAGE][FAILED] - Text 'Матчи' is not present on page  using regular expression (Root cause: com.kms.katalon.core.exception.StepFailedException: Text 'Матчи' is not present on page  using regular expression
	at com.kms.katalon.core.webui.keyword.internal.WebUIKeywordMain.stepFailed(WebUIKeywordMain.groovy:64)
	at com.kms.katalon.core.webui.keyword.builtin.VerifyTextPresentKeyword$_verifyTextPresent_closure1.doCall(VerifyTextPresentKeyword.groovy:79)
	at com.kms.katalon.core.webui.keyword.builtin.VerifyTextPresentKeyword$_verifyTextPresent_closure1.call(VerifyTextPresentKeyword.groovy)
	at com.kms.katalon.core.webui.keyword.internal.WebUIKeywordMain.runKeyword(WebUIKeywordMain.groovy:20)
	at com.kms.katalon.core.webui.keyword.builtin.VerifyTextPresentKeyword.verifyTextPresent(VerifyTextPresentKeyword.groovy:83)
	at com.kms.katalon.core.webui.keyword.builtin.VerifyTextPresentKeyword.execute(VerifyTextPresentKeyword.groovy:68)
	at com.kms.katalon.core.keyword.internal.KeywordExecutor.executeKeywordForPlatform(KeywordExecutor.groovy:74)
	at com.kms.katalon.core.webui.keyword.WebUiBuiltInKeywords.verifyTextPresent(WebUiBuiltInKeywords.groovy:1723)
	at com.kms.katalon.core.webui.keyword.WebUiBuiltInKeywords$verifyTextPresent$4.call(Unknown Source)
	at Игровая статистика.run(Игровая статистика:48)
	at com.kms.katalon.core.main.ScriptEngine.run(ScriptEngine.java:194)
	at com.kms.katalon.core.main.ScriptEngine.runScriptAsRawText(ScriptEngine.java:119)
	at com.kms.katalon.core.main.TestCaseExecutor.runScript(TestCaseExecutor.java:442)
	at com.kms.katalon.core.main.TestCaseExecutor.doExecute(TestCaseExecutor.java:433)
	at com.kms.katalon.core.main.TestCaseExecutor.processExecutionPhase(TestCaseExecutor.java:412)
	at com.kms.katalon.core.main.TestCaseExecutor.accessMainPhase(TestCaseExecutor.java:404)
	at com.kms.katalon.core.main.TestCaseExecutor.execute(TestCaseExecutor.java:281)
	at com.kms.katalon.core.main.TestSuiteExecutor.accessTestCaseMainPhase(TestSuiteExecutor.java:202)
	at com.kms.katalon.core.main.TestSuiteExecutor.accessTestSuiteMainPhase(TestSuiteExecutor.java:164)
	at com.kms.katalon.core.main.TestSuiteExecutor.execute(TestSuiteExecutor.java:105)
	at com.kms.katalon.core.main.TestCaseMain.startTestSuite(TestCaseMain.java:185)
	at com.kms.katalon.core.main.TestCaseMain$startTestSuite$0.call(Unknown Source)
	at TempTestSuite1649143147000.run(TempTestSuite1649143147000.groovy:36)
)

2022-04-05 10:54:34 - [MESSAGE][FAILED] - Unable to verify text 'Матчи' is present  using regular expression (Root cause: com.kms.katalon.core.exception.StepFailedException: Unable to verify text 'Матчи' is present  using regular expression
	at com.kms.katalon.core.webui.keyword.internal.WebUIKeywordMain.stepFailed(WebUIKeywordMain.groovy:64)
	at com.kms.katalon.core.webui.keyword.internal.WebUIKeywordMain.runKeyword(WebUIKeywordMain.groovy:26)
	at com.kms.katalon.core.webui.keyword.builtin.VerifyTextPresentKeyword.verifyTextPresent(VerifyTextPresentKeyword.groovy:83)
	at com.kms.katalon.core.webui.keyword.builtin.VerifyTextPresentKeyword.execute(VerifyTextPresentKeyword.groovy:68)
	at com.kms.katalon.core.keyword.internal.KeywordExecutor.executeKeywordForPlatform(KeywordExecutor.groovy:74)
	at com.kms.katalon.core.webui.keyword.WebUiBuiltInKeywords.verifyTextPresent(WebUiBuiltInKeywords.groovy:1723)
	at com.kms.katalon.core.webui.keyword.WebUiBuiltInKeywords$verifyTextPresent$4.call(Unknown Source)
	at Игровая статистика.run(Игровая статистика:48)
	at com.kms.katalon.core.main.ScriptEngine.run(ScriptEngine.java:194)
	at com.kms.katalon.core.main.ScriptEngine.runScriptAsRawText(ScriptEngine.java:119)
	at com.kms.katalon.core.main.TestCaseExecutor.runScript(TestCaseExecutor.java:442)
	at com.kms.katalon.core.main.TestCaseExecutor.doExecute(TestCaseExecutor.java:433)
	at com.kms.katalon.core.main.TestCaseExecutor.processExecutionPhase(TestCaseExecutor.java:412)
	at com.kms.katalon.core.main.TestCaseExecutor.accessMainPhase(TestCaseExecutor.java:404)
	at com.kms.katalon.core.main.TestCaseExecutor.execute(TestCaseExecutor.java:281)
	at com.kms.katalon.core.main.TestSuiteExecutor.accessTestCaseMainPhase(TestSuiteExecutor.java:202)
	at com.kms.katalon.core.main.TestSuiteExecutor.accessTestSuiteMainPhase(TestSuiteExecutor.java:164)
	at com.kms.katalon.core.main.TestSuiteExecutor.execute(TestSuiteExecutor.java:105)
	at com.kms.katalon.core.main.TestCaseMain.startTestSuite(TestCaseMain.java:185)
	at com.kms.katalon.core.main.TestCaseMain$startTestSuite$0.call(Unknown Source)
	at TempTestSuite1649143147000.run(TempTestSuite1649143147000.groovy:36)
Caused by: com.kms.katalon.core.exception.StepFailedException: Text 'Матчи' is not present on page  using regular expression
	at com.kms.katalon.core.webui.keyword.internal.WebUIKeywordMain.stepFailed(WebUIKeywordMain.groovy:64)
	at com.kms.katalon.core.webui.keyword.builtin.VerifyTextPresentKeyword$_verifyTextPresent_closure1.doCall(VerifyTextPresentKeyword.groovy:79)
	at com.kms.katalon.core.webui.keyword.builtin.VerifyTextPresentKeyword$_verifyTextPresent_closure1.call(VerifyTextPresentKeyword.groovy)
	at com.kms.katalon.core.webui.keyword.internal.WebUIKeywordMain.runKeyword(WebUIKeywordMain.groovy:20)
	... 19 more
)
[[ATTACHMENT|C:\\Users\\LENOVO\\Katalon Studio\\Avangard\\Reports\\20220405_101904\\\u0410\u0434\u043C\u0438\u043D\u0438\u0441\u0442\u0440\u0430\u0442\u043E\u0440\\20220405_101906\\1649145272865.png]]]]></system-out>
         <system-err><![CDATA[2022-04-05 10:49:51 - [TEST_CASE][FAILED] - Test Cases/Администратор/ОТЧЕТЫ функциональные тесты/Игровая статистика: Test Cases/Администратор/ОТЧЕТЫ функциональные тесты/Игровая статистика FAILED.
Reason:
com.kms.katalon.core.exception.StepFailedException: Unable to verify text 'Матчи' is present  using regular expression
	at com.kms.katalon.core.webui.keyword.internal.WebUIKeywordMain.stepFailed(WebUIKeywordMain.groovy:64)
	at com.kms.katalon.core.webui.keyword.internal.WebUIKeywordMain.runKeyword(WebUIKeywordMain.groovy:26)
	at com.kms.katalon.core.webui.keyword.builtin.VerifyTextPresentKeyword.verifyTextPresent(VerifyTextPresentKeyword.groovy:83)
	at com.kms.katalon.core.webui.keyword.builtin.VerifyTextPresentKeyword.execute(VerifyTextPresentKeyword.groovy:68)
	at com.kms.katalon.core.keyword.internal.KeywordExecutor.executeKeywordForPlatform(KeywordExecutor.groovy:74)
	at com.kms.katalon.core.webui.keyword.WebUiBuiltInKeywords.verifyTextPresent(WebUiBuiltInKeywords.groovy:1723)
	at com.kms.katalon.core.webui.keyword.WebUiBuiltInKeywords$verifyTextPresent$4.call(Unknown Source)
	at Игровая статистика.run(Игровая статистика:48)
	at com.kms.katalon.core.main.ScriptEngine.run(ScriptEngine.java:194)
	at com.kms.katalon.core.main.ScriptEngine.runScriptAsRawText(ScriptEngine.java:119)
	at com.kms.katalon.core.main.TestCaseExecutor.runScript(TestCaseExecutor.java:442)
	at com.kms.katalon.core.main.TestCaseExecutor.doExecute(TestCaseExecutor.java:433)
	at com.kms.katalon.core.main.TestCaseExecutor.processExecutionPhase(TestCaseExecutor.java:412)
	at com.kms.katalon.core.main.TestCaseExecutor.accessMainPhase(TestCaseExecutor.java:404)
	at com.kms.katalon.core.main.TestCaseExecutor.execute(TestCaseExecutor.java:281)
	at com.kms.katalon.core.main.TestSuiteExecutor.accessTestCaseMainPhase(TestSuiteExecutor.java:202)
	at com.kms.katalon.core.main.TestSuiteExecutor.accessTestSuiteMainPhase(TestSuiteExecutor.java:164)
	at com.kms.katalon.core.main.TestSuiteExecutor.execute(TestSuiteExecutor.java:105)
	at com.kms.katalon.core.main.TestCaseMain.startTestSuite(TestCaseMain.java:185)
	at com.kms.katalon.core.main.TestCaseMain$startTestSuite$0.call(Unknown Source)
	at TempTestSuite1649143147000.run(TempTestSuite1649143147000.groovy:36)
Caused by: com.kms.katalon.core.exception.StepFailedException: Text 'Матчи' is not present on page  using regular expression
	at com.kms.katalon.core.webui.keyword.internal.WebUIKeywordMain.stepFailed(WebUIKeywordMain.groovy:64)
	at com.kms.katalon.core.webui.keyword.builtin.VerifyTextPresentKeyword$_verifyTextPresent_closure1.doCall(VerifyTextPresentKeyword.groovy:79)
	at com.kms.katalon.core.webui.keyword.builtin.VerifyTextPresentKeyword$_verifyTextPresent_closure1.call(VerifyTextPresentKeyword.groovy)
	at com.kms.katalon.core.webui.keyword.internal.WebUIKeywordMain.runKeyword(WebUIKeywordMain.groovy:20)
	... 19 more]]></system-err>
      </testcase>
      <testcase name="Test Cases/Администратор/Отчет для тк" time="147.958" classname="Test Cases/Администратор/Отчет для тк" status="PASSED">
         <system-out><![CDATA[2022-04-05 10:54:37 - [TEST_CASE][PASSED] - Test Cases/Администратор/Отчет для тк: Test Cases/Администратор/Отчет для тк

2022-04-05 10:54:37 - [TEST_STEP][PASSED] - callTestCase(findTestCase("Администратор/Авторизация"), [:], STOP_ON_FAILURE): Call Test Case 'Test Cases/Администратор/Авторизация' successfully

2022-04-05 10:54:37 - [TEST_CASE][PASSED] - Test Cases/Администратор/Авторизация: Test Cases/Администратор/Авторизация

2022-04-05 10:54:37 - [TEST_STEP][PASSED] - openBrowser(""): Browser is opened with url: ''

2022-04-05 10:54:37 - [MESSAGE][WARNING] - A browser is already opened. Closing browser and opening a new one

2022-04-05 10:54:37 - [MESSAGE][INFO] - User set preference: ['os', 'linux']

2022-04-05 10:54:37 - [MESSAGE][INFO] - User set preference: ['browserName', 'chrome']

2022-04-05 10:54:37 - [MESSAGE][INFO] - User set preference: ['browserVersion', '97']

2022-04-05 10:54:37 - [MESSAGE][INFO] - User set preference: ['katalon:option', '{organizationId=632442, tunnelId=, usingTunnel=false}']

2022-04-05 10:54:37 - [MESSAGE][INFO] - Connecting to remote web server 'testcloud.katalon.com/hub' with type 'Selenium'

2022-04-05 10:54:37 - [MESSAGE][INFO] - Action delay is set to 100 milliseconds

2022-04-05 10:56:17 - [MESSAGE][PASSED] - Browser is opened with url: ''

2022-04-05 10:56:17 - [TEST_STEP][PASSED] - maximizeWindow(): Current window maximized

2022-04-05 10:56:17 - [MESSAGE][PASSED] - Current window maximized

2022-04-05 10:56:17 - [TEST_STEP][PASSED] - navigateToUrl(url): Navigate to 'https://stars-stage.hawk.ru:8080' successfully

2022-04-05 10:56:23 - [MESSAGE][PASSED] - Navigate to 'https://stars-stage.hawk.ru:8080' successfully

2022-04-05 10:56:23 - [TEST_STEP][PASSED] - setText(findTestObject("Object Repository/Page_/input__sc-lnrBVv eqPACj"), admin_login): Text 'TestAdmin@test.ru' is set on object 'Object Repository/Page_/input__sc-lnrBVv eqPACj'

2022-04-05 10:56:27 - [MESSAGE][PASSED] - Text 'TestAdmin@test.ru' is set on object 'Object Repository/Page_/input__sc-lnrBVv eqPACj'

2022-04-05 10:56:27 - [TEST_STEP][PASSED] - setText(findTestObject("Object Repository/Page_/input__sc-lnrBVv eqPACj_1"), admin_password): Text 'TestAdmin@test.ru' is set on object 'Object Repository/Page_/input__sc-lnrBVv eqPACj_1'

2022-04-05 10:56:31 - [MESSAGE][PASSED] - Text 'TestAdmin@test.ru' is set on object 'Object Repository/Page_/input__sc-lnrBVv eqPACj_1'

2022-04-05 10:56:31 - [TEST_STEP][PASSED] - click(findTestObject("Object Repository/Page_/go")): Object: 'Object Repository/Page_/go' is clicked on

2022-04-05 10:56:34 - [MESSAGE][PASSED] - Object: 'Object Repository/Page_/go' is clicked on

2022-04-05 10:56:34 - [MESSAGE][PASSED] - Call Test Case 'Test Cases/Администратор/Авторизация' successfully

2022-04-05 10:56:34 - [TEST_STEP][PASSED] - click(findTestObject("admin/reports/keys/reports/report")): Object: 'Object Repository/admin/reports/keys/reports/report' is clicked on

2022-04-05 10:57:05 - [MESSAGE][PASSED] - Object: 'Object Repository/admin/reports/keys/reports/report' is clicked on]]></system-out>
         <system-err><![CDATA[]]></system-err>
      </testcase>
      <testcase name="Test Cases/Администратор/Документы (возможна проверка и под аккаунтом Менеджера)" time="194.411" classname="Test Cases/Администратор/Документы (возможна проверка и под аккаунтом Менеджера)" status="PASSED">
         <system-out><![CDATA[2022-04-05 10:57:05 - [TEST_CASE][PASSED] - Test Cases/Администратор/Документы (возможна проверка и под аккаунтом Менеджера): Test Cases/Администратор/Документы (возможна проверка и под аккаунтом Менеджера)

2022-04-05 10:57:05 - [TEST_STEP][PASSED] - callTestCase(findTestCase("Администратор/Авторизация"), [:], STOP_ON_FAILURE): Call Test Case 'Test Cases/Администратор/Авторизация' successfully

2022-04-05 10:57:05 - [TEST_CASE][PASSED] - Test Cases/Администратор/Авторизация: Test Cases/Администратор/Авторизация

2022-04-05 10:57:05 - [TEST_STEP][PASSED] - openBrowser(""): Browser is opened with url: ''

2022-04-05 10:57:05 - [MESSAGE][WARNING] - A browser is already opened. Closing browser and opening a new one

2022-04-05 10:57:06 - [MESSAGE][INFO] - User set preference: ['os', 'linux']

2022-04-05 10:57:06 - [MESSAGE][INFO] - User set preference: ['browserName', 'chrome']

2022-04-05 10:57:06 - [MESSAGE][INFO] - User set preference: ['browserVersion', '97']

2022-04-05 10:57:06 - [MESSAGE][INFO] - User set preference: ['katalon:option', '{organizationId=632442, tunnelId=, usingTunnel=false}']

2022-04-05 10:57:06 - [MESSAGE][INFO] - Connecting to remote web server 'testcloud.katalon.com/hub' with type 'Selenium'

2022-04-05 10:57:06 - [MESSAGE][INFO] - Action delay is set to 100 milliseconds

2022-04-05 10:59:10 - [MESSAGE][PASSED] - Browser is opened with url: ''

2022-04-05 10:59:10 - [TEST_STEP][PASSED] - maximizeWindow(): Current window maximized

2022-04-05 10:59:10 - [MESSAGE][PASSED] - Current window maximized

2022-04-05 10:59:10 - [TEST_STEP][PASSED] - navigateToUrl(url): Navigate to 'https://stars-stage.hawk.ru:8080' successfully

2022-04-05 10:59:16 - [MESSAGE][PASSED] - Navigate to 'https://stars-stage.hawk.ru:8080' successfully

2022-04-05 10:59:16 - [TEST_STEP][PASSED] - setText(findTestObject("Object Repository/Page_/input__sc-lnrBVv eqPACj"), admin_login): Text 'TestAdmin@test.ru' is set on object 'Object Repository/Page_/input__sc-lnrBVv eqPACj'

2022-04-05 10:59:20 - [MESSAGE][PASSED] - Text 'TestAdmin@test.ru' is set on object 'Object Repository/Page_/input__sc-lnrBVv eqPACj'

2022-04-05 10:59:20 - [TEST_STEP][PASSED] - setText(findTestObject("Object Repository/Page_/input__sc-lnrBVv eqPACj_1"), admin_password): Text 'TestAdmin@test.ru' is set on object 'Object Repository/Page_/input__sc-lnrBVv eqPACj_1'

2022-04-05 10:59:24 - [MESSAGE][PASSED] - Text 'TestAdmin@test.ru' is set on object 'Object Repository/Page_/input__sc-lnrBVv eqPACj_1'

2022-04-05 10:59:24 - [TEST_STEP][PASSED] - click(findTestObject("Object Repository/Page_/go")): Object: 'Object Repository/Page_/go' is clicked on

2022-04-05 10:59:26 - [MESSAGE][PASSED] - Object: 'Object Repository/Page_/go' is clicked on

2022-04-05 10:59:26 - [MESSAGE][PASSED] - Call Test Case 'Test Cases/Администратор/Авторизация' successfully

2022-04-05 10:59:26 - [TEST_STEP][PASSED] - click(findTestObject("Avangard New/Object (Администратор)/Case (Документы)/documents (вкладка документы)")): Object: 'Object Repository/Avangard New/Object (Администратор)/Case (Документы)/documents (вкладка документы)' is clicked on

2022-04-05 10:59:56 - [MESSAGE][PASSED] - Object: 'Object Repository/Avangard New/Object (Администратор)/Case (Документы)/documents (вкладка документы)' is clicked on

2022-04-05 10:59:56 - [TEST_STEP][PASSED] - waitForPageLoad(10): Wait for page load successfully

2022-04-05 10:59:57 - [MESSAGE][PASSED] - Wait for page load successfully

2022-04-05 10:59:57 - [TEST_STEP][PASSED] - click(findTestObject("Avangard New/Object (Администратор)/Case (Документы)/document (нажать на документ)")): Object: 'Object Repository/Avangard New/Object (Администратор)/Case (Документы)/document (нажать на документ)' is clicked on

2022-04-05 11:00:01 - [MESSAGE][PASSED] - Object: 'Object Repository/Avangard New/Object (Администратор)/Case (Документы)/document (нажать на документ)' is clicked on

2022-04-05 11:00:01 - [TEST_STEP][PASSED] - verifyElementClickable(findTestObject("Avangard New/Object (Администратор)/Case (Документы)/button download")): Object 'Object Repository/Avangard New/Object (Администратор)/Case (Документы)/button download' is clickable

2022-04-05 11:00:03 - [MESSAGE][PASSED] - Object 'Object Repository/Avangard New/Object (Администратор)/Case (Документы)/button download' is clickable

2022-04-05 11:00:03 - [TEST_STEP][PASSED] - sendKeys(findTestObject("Avangard New/Object (Администратор)/Case (Документы)/button download"), Keys.chord(ESCAPE)): Keys 'ESCAPE + ' sent to object: 'Object Repository/Avangard New/Object (Администратор)/Case (Документы)/button download'

2022-04-05 11:00:06 - [MESSAGE][PASSED] - Keys 'ESCAPE + ' sent to object: 'Object Repository/Avangard New/Object (Администратор)/Case (Документы)/button download'

2022-04-05 11:00:06 - [TEST_STEP][PASSED] - scrollToElement(findTestObject("admin/documents/documents (4)/add"), 0, OPTIONAL): Scroll to object 'Object Repository/admin/documents/documents (4)/add' successfully

2022-04-05 11:00:06 - [MESSAGE][WARNING] - Timeout '0' is invalid. Using default page load timeout: '30'

2022-04-05 11:00:08 - [MESSAGE][PASSED] - Scroll to object 'Object Repository/admin/documents/documents (4)/add' successfully

2022-04-05 11:00:08 - [TEST_STEP][PASSED] - while (verifyElementVisible(findTestObject("admin/documents/Page_/add"), OPTIONAL) == true): null

2022-04-05 11:00:10 - [MESSAGE][PASSED] - Object 'Object Repository/admin/documents/Page_/add' is visible

2022-04-05 11:00:10 - [TEST_STEP][PASSED] - click(findTestObject("admin/documents/documents (4)/add")): Object: 'Object Repository/admin/documents/documents (4)/add' is clicked on

2022-04-05 11:00:12 - [MESSAGE][PASSED] - Object: 'Object Repository/admin/documents/documents (4)/add' is clicked on

2022-04-05 11:00:12 - [TEST_STEP][PASSED] - verifyElementVisible(findTestObject("admin/documents/Page_/div_    05.02.21")): Object 'Object Repository/admin/documents/Page_/div_    05.02.21' is visible

2022-04-05 11:00:14 - [MESSAGE][PASSED] - Object 'Object Repository/admin/documents/Page_/div_    05.02.21' is visible

2022-04-05 11:00:14 - [TEST_STEP][PASSED] - click(findTestObject("admin/documents/Page_/div_ _sidebar__overlay sidebar__overlay_visible")): Object: 'Object Repository/admin/documents/Page_/div_ _sidebar__overlay sidebar__overlay_visible' is clicked on

2022-04-05 11:00:16 - [MESSAGE][PASSED] - Object: 'Object Repository/admin/documents/Page_/div_ _sidebar__overlay sidebar__overlay_visible' is clicked on

2022-04-05 11:00:16 - [TEST_STEP][PASSED] - break: null

2022-04-05 11:00:16 - [TEST_STEP][PASSED] - click(findTestObject("Avangard New/Object (Администратор)/Case (Документы)/home (вкладка главная)")): Object: 'Object Repository/Avangard New/Object (Администратор)/Case (Документы)/home (вкладка главная)' is clicked on

2022-04-05 11:00:19 - [MESSAGE][PASSED] - Object: 'Object Repository/Avangard New/Object (Администратор)/Case (Документы)/home (вкладка главная)' is clicked on

2022-04-05 11:00:19 - [TEST_STEP][PASSED] - closeBrowser(): Browser is closed

2022-04-05 11:00:19 - [MESSAGE][PASSED] - Browser is closed]]></system-out>
         <system-err><![CDATA[]]></system-err>
      </testcase>
      <testcase name="Test Cases/Администратор/Авторизация" time="127.835" classname="Test Cases/Администратор/Авторизация" status="PASSED">
         <system-out><![CDATA[2022-04-05 11:00:19 - [TEST_CASE][PASSED] - Test Cases/Администратор/Авторизация: Test Cases/Администратор/Авторизация

2022-04-05 11:00:19 - [TEST_STEP][PASSED] - openBrowser(""): Browser is opened with url: ''

2022-04-05 11:00:19 - [MESSAGE][INFO] - User set preference: ['os', 'linux']

2022-04-05 11:00:19 - [MESSAGE][INFO] - User set preference: ['browserName', 'chrome']

2022-04-05 11:00:19 - [MESSAGE][INFO] - User set preference: ['browserVersion', '97']

2022-04-05 11:00:19 - [MESSAGE][INFO] - User set preference: ['katalon:option', '{organizationId=632442, tunnelId=, usingTunnel=false}']

2022-04-05 11:00:19 - [MESSAGE][INFO] - Connecting to remote web server 'testcloud.katalon.com/hub' with type 'Selenium'

2022-04-05 11:00:19 - [MESSAGE][INFO] - Action delay is set to 100 milliseconds

2022-04-05 11:02:10 - [MESSAGE][PASSED] - Browser is opened with url: ''

2022-04-05 11:02:10 - [TEST_STEP][PASSED] - maximizeWindow(): Current window maximized

2022-04-05 11:02:10 - [MESSAGE][PASSED] - Current window maximized

2022-04-05 11:02:10 - [TEST_STEP][PASSED] - navigateToUrl(url): Navigate to 'https://stars-stage.hawk.ru:8080' successfully

2022-04-05 11:02:16 - [MESSAGE][PASSED] - Navigate to 'https://stars-stage.hawk.ru:8080' successfully

2022-04-05 11:02:16 - [TEST_STEP][PASSED] - setText(findTestObject("Object Repository/Page_/input__sc-lnrBVv eqPACj"), admin_login): Text 'TestAdmin@test.ru' is set on object 'Object Repository/Page_/input__sc-lnrBVv eqPACj'

2022-04-05 11:02:20 - [MESSAGE][PASSED] - Text 'TestAdmin@test.ru' is set on object 'Object Repository/Page_/input__sc-lnrBVv eqPACj'

2022-04-05 11:02:20 - [TEST_STEP][PASSED] - setText(findTestObject("Object Repository/Page_/input__sc-lnrBVv eqPACj_1"), admin_password): Text 'TestAdmin@test.ru' is set on object 'Object Repository/Page_/input__sc-lnrBVv eqPACj_1'

2022-04-05 11:02:24 - [MESSAGE][PASSED] - Text 'TestAdmin@test.ru' is set on object 'Object Repository/Page_/input__sc-lnrBVv eqPACj_1'

2022-04-05 11:02:24 - [TEST_STEP][PASSED] - click(findTestObject("Object Repository/Page_/go")): Object: 'Object Repository/Page_/go' is clicked on

2022-04-05 11:02:27 - [MESSAGE][PASSED] - Object: 'Object Repository/Page_/go' is clicked on]]></system-out>
         <system-err><![CDATA[]]></system-err>
      </testcase>
      <testcase name="Test Cases/Администратор/Пользователи" time="267.654" classname="Test Cases/Администратор/Пользователи" status="FAILED">
         <failure type="FAILED" message="Test Cases/Администратор/Пользователи FAILED.
Reason:
com.kms.katalon.core.exception.StepFailedException: Call Test Case 'Test Cases/Администратор/Создание пользователя (переиспользуется в Пользователи)' failed
	at com.kms.katalon.core.keyword.builtin.CallTestCaseKeyword$_callTestCase_closure1.doCall(CallTestCaseKeyword.groovy:63)
	at com.kms.katalon.core.keyword.builtin.CallTestCaseKeyword$_callTestCase_closure1.call(CallTestCaseKeyword.groovy)
	at com.kms.katalon.core.keyword.internal.KeywordMain.runKeyword(KeywordMain.groovy:74)
	at com.kms.katalon.core.keyword.builtin.CallTestCaseKeyword.callTestCase(CallTestCaseKeyword.groovy:81)
	at com.kms.katalon.core.keyword.builtin.CallTestCaseKeyword.execute(CallTestCaseKeyword.groovy:44)
	at com.kms.katalon.core.keyword.internal.KeywordExecutor.executeKeywordForPlatform(KeywordExecutor.groovy:74)
	at com.kms.katalon.core.keyword.BuiltinKeywords.callTestCase(BuiltinKeywords.groovy:334)
	at Пользователи.run(Пользователи:22)
	at com.kms.katalon.core.main.ScriptEngine.run(ScriptEngine.java:194)
	at com.kms.katalon.core.main.ScriptEngine.runScriptAsRawText(ScriptEngine.java:119)
	at com.kms.katalon.core.main.TestCaseExecutor.runScript(TestCaseExecutor.java:442)
	at com.kms.katalon.core.main.TestCaseExecutor.doExecute(TestCaseExecutor.java:433)
	at com.kms.katalon.core.main.TestCaseExecutor.processExecutionPhase(TestCaseExecutor.java:412)
	at com.kms.katalon.core.main.TestCaseExecutor.accessMainPhase(TestCaseExecutor.java:404)
	at com.kms.katalon.core.main.TestCaseExecutor.execute(TestCaseExecutor.java:281)
	at com.kms.katalon.core.main.TestSuiteExecutor.accessTestCaseMainPhase(TestSuiteExecutor.java:202)
	at com.kms.katalon.core.main.TestSuiteExecutor.accessTestSuiteMainPhase(TestSuiteExecutor.java:164)
	at com.kms.katalon.core.main.TestSuiteExecutor.execute(TestSuiteExecutor.java:105)
	at com.kms.katalon.core.main.TestCaseMain.startTestSuite(TestCaseMain.java:185)
	at com.kms.katalon.core.main.TestCaseMain$startTestSuite$0.call(Unknown Source)
	at TempTestSuite1649143147000.run(TempTestSuite1649143147000.groovy:36)
Caused by: com.kms.katalon.core.exception.StepFailedException: Verify element text of test object 'Object Repository/Avangard New/Object (Администратор)/Case (Пользователи)/proverka alert' FAILED.
	at com.kms.katalon.core.webui.keyword.internal.WebUIKeywordMain.stepFailed(WebUIKeywordMain.groovy:64)
	at com.kms.katalon.core.webui.keyword.internal.WebUIKeywordMain.runKeyword(WebUIKeywordMain.groovy:26)
	at com.kms.katalon.core.webui.keyword.builtin.VerifyElementTextKeyword.verifyElementText(VerifyElementTextKeyword.groovy:72)
	at com.kms.katalon.core.webui.keyword.builtin.VerifyElementTextKeyword.execute(VerifyElementTextKeyword.groovy:40)
	at com.kms.katalon.core.keyword.internal.KeywordExecutor.executeKeywordForPlatform(KeywordExecutor.groovy:74)
	at com.kms.katalon.core.webui.keyword.WebUiBuiltInKeywords.verifyElementText(WebUiBuiltInKeywords.groovy:4749)
	at com.kms.katalon.core.webui.keyword.WebUiBuiltInKeywords$verifyElementText$11.call(Unknown Source)
	at Создание пользователя (переиспользуется в Пользователи).run(Создание пользователя (переиспользуется в Пользователи):94)
	at com.kms.katalon.core.main.ScriptEngine.run(ScriptEngine.java:194)
	at com.kms.katalon.core.main.ScriptEngine.runScriptAsRawText(ScriptEngine.java:119)
	at com.kms.katalon.core.main.TestCaseExecutor.runScript(TestCaseExecutor.java:442)
	at com.kms.katalon.core.main.TestCaseExecutor.doExecute(TestCaseExecutor.java:433)
	at com.kms.katalon.core.main.TestCaseExecutor.processExecutionPhase(TestCaseExecutor.java:412)
	at com.kms.katalon.core.main.TestCaseExecutor.accessMainPhase(TestCaseExecutor.java:404)
	at com.kms.katalon.core.main.TestCaseExecutor.execute(TestCaseExecutor.java:281)
	at com.kms.katalon.core.main.TestCaseMain.runTestCase(TestCaseMain.java:142)
	at com.kms.katalon.core.keyword.builtin.CallTestCaseKeyword$_callTestCase_closure1.doCall(CallTestCaseKeyword.groovy:59)
	... 20 more
Caused by: com.kms.katalon.core.exception.StepFailedException: com.kms.katalon.core.webui.exception.WebElementNotFoundException: Web element with id: 'Object Repository/Avangard New/Object (Администратор)/Case (Пользователи)/proverka alert' located by '(.//*[normalize-space(text()) and normalize-space(.)='Успех'])[1]/following::p[1]' not found
	at com.kms.katalon.core.webui.keyword.internal.WebUIKeywordMain.stepFailed(WebUIKeywordMain.groovy:64)
	at com.kms.katalon.core.webui.keyword.builtin.VerifyElementTextKeyword$_verifyElementText_closure1.doCall(VerifyElementTextKeyword.groovy:64)
	at com.kms.katalon.core.webui.keyword.builtin.VerifyElementTextKeyword$_verifyElementText_closure1.call(VerifyElementTextKeyword.groovy)
	at com.kms.katalon.core.webui.keyword.internal.WebUIKeywordMain.runKeyword(WebUIKeywordMain.groovy:20)
	... 35 more
"/>
         <system-out><![CDATA[2022-04-05 11:02:27 - [TEST_CASE][FAILED] - Test Cases/Администратор/Пользователи: Test Cases/Администратор/Пользователи FAILED.
Reason:
com.kms.katalon.core.exception.StepFailedException: Call Test Case 'Test Cases/Администратор/Создание пользователя (переиспользуется в Пользователи)' failed
	at com.kms.katalon.core.keyword.builtin.CallTestCaseKeyword$_callTestCase_closure1.doCall(CallTestCaseKeyword.groovy:63)
	at com.kms.katalon.core.keyword.builtin.CallTestCaseKeyword$_callTestCase_closure1.call(CallTestCaseKeyword.groovy)
	at com.kms.katalon.core.keyword.internal.KeywordMain.runKeyword(KeywordMain.groovy:74)
	at com.kms.katalon.core.keyword.builtin.CallTestCaseKeyword.callTestCase(CallTestCaseKeyword.groovy:81)
	at com.kms.katalon.core.keyword.builtin.CallTestCaseKeyword.execute(CallTestCaseKeyword.groovy:44)
	at com.kms.katalon.core.keyword.internal.KeywordExecutor.executeKeywordForPlatform(KeywordExecutor.groovy:74)
	at com.kms.katalon.core.keyword.BuiltinKeywords.callTestCase(BuiltinKeywords.groovy:334)
	at Пользователи.run(Пользователи:22)
	at com.kms.katalon.core.main.ScriptEngine.run(ScriptEngine.java:194)
	at com.kms.katalon.core.main.ScriptEngine.runScriptAsRawText(ScriptEngine.java:119)
	at com.kms.katalon.core.main.TestCaseExecutor.runScript(TestCaseExecutor.java:442)
	at com.kms.katalon.core.main.TestCaseExecutor.doExecute(TestCaseExecutor.java:433)
	at com.kms.katalon.core.main.TestCaseExecutor.processExecutionPhase(TestCaseExecutor.java:412)
	at com.kms.katalon.core.main.TestCaseExecutor.accessMainPhase(TestCaseExecutor.java:404)
	at com.kms.katalon.core.main.TestCaseExecutor.execute(TestCaseExecutor.java:281)
	at com.kms.katalon.core.main.TestSuiteExecutor.accessTestCaseMainPhase(TestSuiteExecutor.java:202)
	at com.kms.katalon.core.main.TestSuiteExecutor.accessTestSuiteMainPhase(TestSuiteExecutor.java:164)
	at com.kms.katalon.core.main.TestSuiteExecutor.execute(TestSuiteExecutor.java:105)
	at com.kms.katalon.core.main.TestCaseMain.startTestSuite(TestCaseMain.java:185)
	at com.kms.katalon.core.main.TestCaseMain$startTestSuite$0.call(Unknown Source)
	at TempTestSuite1649143147000.run(TempTestSuite1649143147000.groovy:36)
Caused by: com.kms.katalon.core.exception.StepFailedException: Verify element text of test object 'Object Repository/Avangard New/Object (Администратор)/Case (Пользователи)/proverka alert' FAILED.
	at com.kms.katalon.core.webui.keyword.internal.WebUIKeywordMain.stepFailed(WebUIKeywordMain.groovy:64)
	at com.kms.katalon.core.webui.keyword.internal.WebUIKeywordMain.runKeyword(WebUIKeywordMain.groovy:26)
	at com.kms.katalon.core.webui.keyword.builtin.VerifyElementTextKeyword.verifyElementText(VerifyElementTextKeyword.groovy:72)
	at com.kms.katalon.core.webui.keyword.builtin.VerifyElementTextKeyword.execute(VerifyElementTextKeyword.groovy:40)
	at com.kms.katalon.core.keyword.internal.KeywordExecutor.executeKeywordForPlatform(KeywordExecutor.groovy:74)
	at com.kms.katalon.core.webui.keyword.WebUiBuiltInKeywords.verifyElementText(WebUiBuiltInKeywords.groovy:4749)
	at com.kms.katalon.core.webui.keyword.WebUiBuiltInKeywords$verifyElementText$11.call(Unknown Source)
	at Создание пользователя (переиспользуется в Пользователи).run(Создание пользователя (переиспользуется в Пользователи):94)
	at com.kms.katalon.core.main.ScriptEngine.run(ScriptEngine.java:194)
	at com.kms.katalon.core.main.ScriptEngine.runScriptAsRawText(ScriptEngine.java:119)
	at com.kms.katalon.core.main.TestCaseExecutor.runScript(TestCaseExecutor.java:442)
	at com.kms.katalon.core.main.TestCaseExecutor.doExecute(TestCaseExecutor.java:433)
	at com.kms.katalon.core.main.TestCaseExecutor.processExecutionPhase(TestCaseExecutor.java:412)
	at com.kms.katalon.core.main.TestCaseExecutor.accessMainPhase(TestCaseExecutor.java:404)
	at com.kms.katalon.core.main.TestCaseExecutor.execute(TestCaseExecutor.java:281)
	at com.kms.katalon.core.main.TestCaseMain.runTestCase(TestCaseMain.java:142)
	at com.kms.katalon.core.keyword.builtin.CallTestCaseKeyword$_callTestCase_closure1.doCall(CallTestCaseKeyword.groovy:59)
	... 20 more
Caused by: com.kms.katalon.core.exception.StepFailedException: com.kms.katalon.core.webui.exception.WebElementNotFoundException: Web element with id: 'Object Repository/Avangard New/Object (Администратор)/Case (Пользователи)/proverka alert' located by '(.//*[normalize-space(text()) and normalize-space(.)='Успех'])[1]/following::p[1]' not found
	at com.kms.katalon.core.webui.keyword.internal.WebUIKeywordMain.stepFailed(WebUIKeywordMain.groovy:64)
	at com.kms.katalon.core.webui.keyword.builtin.VerifyElementTextKeyword$_verifyElementText_closure1.doCall(VerifyElementTextKeyword.groovy:64)
	at com.kms.katalon.core.webui.keyword.builtin.VerifyElementTextKeyword$_verifyElementText_closure1.call(VerifyElementTextKeyword.groovy)
	at com.kms.katalon.core.webui.keyword.internal.WebUIKeywordMain.runKeyword(WebUIKeywordMain.groovy:20)
	... 35 more


2022-04-05 11:02:27 - [TEST_STEP][PASSED] - callTestCase(findTestCase("Администратор/Авторизация"), [:], STOP_ON_FAILURE): Call Test Case 'Test Cases/Администратор/Авторизация' successfully

2022-04-05 11:02:27 - [TEST_CASE][PASSED] - Test Cases/Администратор/Авторизация: Test Cases/Администратор/Авторизация

2022-04-05 11:02:27 - [TEST_STEP][PASSED] - openBrowser(""): Browser is opened with url: ''

2022-04-05 11:02:27 - [MESSAGE][WARNING] - A browser is already opened. Closing browser and opening a new one

2022-04-05 11:02:28 - [MESSAGE][INFO] - User set preference: ['os', 'linux']

2022-04-05 11:02:28 - [MESSAGE][INFO] - User set preference: ['browserName', 'chrome']

2022-04-05 11:02:28 - [MESSAGE][INFO] - User set preference: ['browserVersion', '97']

2022-04-05 11:02:28 - [MESSAGE][INFO] - User set preference: ['katalon:option', '{organizationId=632442, tunnelId=, usingTunnel=false}']

2022-04-05 11:02:28 - [MESSAGE][INFO] - Connecting to remote web server 'testcloud.katalon.com/hub' with type 'Selenium'

2022-04-05 11:02:28 - [MESSAGE][INFO] - Action delay is set to 100 milliseconds

2022-04-05 11:04:10 - [MESSAGE][PASSED] - Browser is opened with url: ''

2022-04-05 11:04:10 - [TEST_STEP][PASSED] - maximizeWindow(): Current window maximized

2022-04-05 11:04:11 - [MESSAGE][PASSED] - Current window maximized

2022-04-05 11:04:11 - [TEST_STEP][PASSED] - navigateToUrl(url): Navigate to 'https://stars-stage.hawk.ru:8080' successfully

2022-04-05 11:04:17 - [MESSAGE][PASSED] - Navigate to 'https://stars-stage.hawk.ru:8080' successfully

2022-04-05 11:04:17 - [TEST_STEP][PASSED] - setText(findTestObject("Object Repository/Page_/input__sc-lnrBVv eqPACj"), admin_login): Text 'TestAdmin@test.ru' is set on object 'Object Repository/Page_/input__sc-lnrBVv eqPACj'

2022-04-05 11:04:21 - [MESSAGE][PASSED] - Text 'TestAdmin@test.ru' is set on object 'Object Repository/Page_/input__sc-lnrBVv eqPACj'

2022-04-05 11:04:21 - [TEST_STEP][PASSED] - setText(findTestObject("Object Repository/Page_/input__sc-lnrBVv eqPACj_1"), admin_password): Text 'TestAdmin@test.ru' is set on object 'Object Repository/Page_/input__sc-lnrBVv eqPACj_1'

2022-04-05 11:04:25 - [MESSAGE][PASSED] - Text 'TestAdmin@test.ru' is set on object 'Object Repository/Page_/input__sc-lnrBVv eqPACj_1'

2022-04-05 11:04:25 - [TEST_STEP][PASSED] - click(findTestObject("Object Repository/Page_/go")): Object: 'Object Repository/Page_/go' is clicked on

2022-04-05 11:04:27 - [MESSAGE][PASSED] - Object: 'Object Repository/Page_/go' is clicked on

2022-04-05 11:04:27 - [MESSAGE][PASSED] - Call Test Case 'Test Cases/Администратор/Авторизация' successfully

2022-04-05 11:04:27 - [TEST_STEP][FAILED] - callTestCase(findTestCase("Администратор/Создание пользователя (переиспользуется в Пользователи)"), [:], STOP_ON_FAILURE): Unable to call Test Case 'Test Cases/Администратор/Создание пользователя (переиспользуется в Пользователи)' (Root cause: com.kms.katalon.core.exception.StepFailedException: Call Test Case 'Test Cases/Администратор/Создание пользователя (переиспользуется в Пользователи)' failed
	at com.kms.katalon.core.keyword.builtin.CallTestCaseKeyword$_callTestCase_closure1.doCall(CallTestCaseKeyword.groovy:63)
	at com.kms.katalon.core.keyword.builtin.CallTestCaseKeyword$_callTestCase_closure1.call(CallTestCaseKeyword.groovy)
	at com.kms.katalon.core.keyword.internal.KeywordMain.runKeyword(KeywordMain.groovy:74)
	at com.kms.katalon.core.keyword.builtin.CallTestCaseKeyword.callTestCase(CallTestCaseKeyword.groovy:81)
	at com.kms.katalon.core.keyword.builtin.CallTestCaseKeyword.execute(CallTestCaseKeyword.groovy:44)
	at com.kms.katalon.core.keyword.internal.KeywordExecutor.executeKeywordForPlatform(KeywordExecutor.groovy:74)
	at com.kms.katalon.core.keyword.BuiltinKeywords.callTestCase(BuiltinKeywords.groovy:334)
	at Пользователи.run(Пользователи:22)
	at com.kms.katalon.core.main.ScriptEngine.run(ScriptEngine.java:194)
	at com.kms.katalon.core.main.ScriptEngine.runScriptAsRawText(ScriptEngine.java:119)
	at com.kms.katalon.core.main.TestCaseExecutor.runScript(TestCaseExecutor.java:442)
	at com.kms.katalon.core.main.TestCaseExecutor.doExecute(TestCaseExecutor.java:433)
	at com.kms.katalon.core.main.TestCaseExecutor.processExecutionPhase(TestCaseExecutor.java:412)
	at com.kms.katalon.core.main.TestCaseExecutor.accessMainPhase(TestCaseExecutor.java:404)
	at com.kms.katalon.core.main.TestCaseExecutor.execute(TestCaseExecutor.java:281)
	at com.kms.katalon.core.main.TestSuiteExecutor.accessTestCaseMainPhase(TestSuiteExecutor.java:202)
	at com.kms.katalon.core.main.TestSuiteExecutor.accessTestSuiteMainPhase(TestSuiteExecutor.java:164)
	at com.kms.katalon.core.main.TestSuiteExecutor.execute(TestSuiteExecutor.java:105)
	at com.kms.katalon.core.main.TestCaseMain.startTestSuite(TestCaseMain.java:185)
	at com.kms.katalon.core.main.TestCaseMain$startTestSuite$0.call(Unknown Source)
	at TempTestSuite1649143147000.run(TempTestSuite1649143147000.groovy:36)
Caused by: com.kms.katalon.core.exception.StepFailedException: Verify element text of test object 'Object Repository/Avangard New/Object (Администратор)/Case (Пользователи)/proverka alert' FAILED.
	at com.kms.katalon.core.webui.keyword.internal.WebUIKeywordMain.stepFailed(WebUIKeywordMain.groovy:64)
	at com.kms.katalon.core.webui.keyword.internal.WebUIKeywordMain.runKeyword(WebUIKeywordMain.groovy:26)
	at com.kms.katalon.core.webui.keyword.builtin.VerifyElementTextKeyword.verifyElementText(VerifyElementTextKeyword.groovy:72)
	at com.kms.katalon.core.webui.keyword.builtin.VerifyElementTextKeyword.execute(VerifyElementTextKeyword.groovy:40)
	at com.kms.katalon.core.keyword.internal.KeywordExecutor.executeKeywordForPlatform(KeywordExecutor.groovy:74)
	at com.kms.katalon.core.webui.keyword.WebUiBuiltInKeywords.verifyElementText(WebUiBuiltInKeywords.groovy:4749)
	at com.kms.katalon.core.webui.keyword.WebUiBuiltInKeywords$verifyElementText$11.call(Unknown Source)
	at Создание пользователя (переиспользуется в Пользователи).run(Создание пользователя (переиспользуется в Пользователи):94)
	at com.kms.katalon.core.main.ScriptEngine.run(ScriptEngine.java:194)
	at com.kms.katalon.core.main.ScriptEngine.runScriptAsRawText(ScriptEngine.java:119)
	at com.kms.katalon.core.main.TestCaseExecutor.runScript(TestCaseExecutor.java:442)
	at com.kms.katalon.core.main.TestCaseExecutor.doExecute(TestCaseExecutor.java:433)
	at com.kms.katalon.core.main.TestCaseExecutor.processExecutionPhase(TestCaseExecutor.java:412)
	at com.kms.katalon.core.main.TestCaseExecutor.accessMainPhase(TestCaseExecutor.java:404)
	at com.kms.katalon.core.main.TestCaseExecutor.execute(TestCaseExecutor.java:281)
	at com.kms.katalon.core.main.TestCaseMain.runTestCase(TestCaseMain.java:142)
	at com.kms.katalon.core.keyword.builtin.CallTestCaseKeyword$_callTestCase_closure1.doCall(CallTestCaseKeyword.groovy:59)
	... 20 more
Caused by: com.kms.katalon.core.exception.StepFailedException: com.kms.katalon.core.webui.exception.WebElementNotFoundException: Web element with id: 'Object Repository/Avangard New/Object (Администратор)/Case (Пользователи)/proverka alert' located by '(.//*[normalize-space(text()) and normalize-space(.)='Успех'])[1]/following::p[1]' not found
	at com.kms.katalon.core.webui.keyword.internal.WebUIKeywordMain.stepFailed(WebUIKeywordMain.groovy:64)
	at com.kms.katalon.core.webui.keyword.builtin.VerifyElementTextKeyword$_verifyElementText_closure1.doCall(VerifyElementTextKeyword.groovy:64)
	at com.kms.katalon.core.webui.keyword.builtin.VerifyElementTextKeyword$_verifyElementText_closure1.call(VerifyElementTextKeyword.groovy)
	at com.kms.katalon.core.webui.keyword.internal.WebUIKeywordMain.runKeyword(WebUIKeywordMain.groovy:20)
	... 35 more
)

2022-04-05 11:04:27 - [TEST_CASE][FAILED] - Test Cases/Администратор/Создание пользователя (переиспользуется в Пользователи): Test Cases/Администратор/Создание пользователя (переиспользуется в Пользователи) FAILED.
Reason:
com.kms.katalon.core.exception.StepFailedException: Verify element text of test object 'Object Repository/Avangard New/Object (Администратор)/Case (Пользователи)/proverka alert' FAILED.
	at com.kms.katalon.core.webui.keyword.internal.WebUIKeywordMain.stepFailed(WebUIKeywordMain.groovy:64)
	at com.kms.katalon.core.webui.keyword.internal.WebUIKeywordMain.runKeyword(WebUIKeywordMain.groovy:26)
	at com.kms.katalon.core.webui.keyword.builtin.VerifyElementTextKeyword.verifyElementText(VerifyElementTextKeyword.groovy:72)
	at com.kms.katalon.core.webui.keyword.builtin.VerifyElementTextKeyword.execute(VerifyElementTextKeyword.groovy:40)
	at com.kms.katalon.core.keyword.internal.KeywordExecutor.executeKeywordForPlatform(KeywordExecutor.groovy:74)
	at com.kms.katalon.core.webui.keyword.WebUiBuiltInKeywords.verifyElementText(WebUiBuiltInKeywords.groovy:4749)
	at com.kms.katalon.core.webui.keyword.WebUiBuiltInKeywords$verifyElementText$11.call(Unknown Source)
	at Создание пользователя (переиспользуется в Пользователи).run(Создание пользователя (переиспользуется в Пользователи):94)
	at com.kms.katalon.core.main.ScriptEngine.run(ScriptEngine.java:194)
	at com.kms.katalon.core.main.ScriptEngine.runScriptAsRawText(ScriptEngine.java:119)
	at com.kms.katalon.core.main.TestCaseExecutor.runScript(TestCaseExecutor.java:442)
	at com.kms.katalon.core.main.TestCaseExecutor.doExecute(TestCaseExecutor.java:433)
	at com.kms.katalon.core.main.TestCaseExecutor.processExecutionPhase(TestCaseExecutor.java:412)
	at com.kms.katalon.core.main.TestCaseExecutor.accessMainPhase(TestCaseExecutor.java:404)
	at com.kms.katalon.core.main.TestCaseExecutor.execute(TestCaseExecutor.java:281)
	at com.kms.katalon.core.main.TestCaseMain.runTestCase(TestCaseMain.java:142)
	at com.kms.katalon.core.keyword.builtin.CallTestCaseKeyword$_callTestCase_closure1.doCall(CallTestCaseKeyword.groovy:59)
	at com.kms.katalon.core.keyword.builtin.CallTestCaseKeyword$_callTestCase_closure1.call(CallTestCaseKeyword.groovy)
	at com.kms.katalon.core.keyword.internal.KeywordMain.runKeyword(KeywordMain.groovy:74)
	at com.kms.katalon.core.keyword.builtin.CallTestCaseKeyword.callTestCase(CallTestCaseKeyword.groovy:81)
	at com.kms.katalon.core.keyword.builtin.CallTestCaseKeyword.execute(CallTestCaseKeyword.groovy:44)
	at com.kms.katalon.core.keyword.internal.KeywordExecutor.executeKeywordForPlatform(KeywordExecutor.groovy:74)
	at com.kms.katalon.core.keyword.BuiltinKeywords.callTestCase(BuiltinKeywords.groovy:334)
	at Пользователи.run(Пользователи:22)
	at com.kms.katalon.core.main.ScriptEngine.run(ScriptEngine.java:194)
	at com.kms.katalon.core.main.ScriptEngine.runScriptAsRawText(ScriptEngine.java:119)
	at com.kms.katalon.core.main.TestCaseExecutor.runScript(TestCaseExecutor.java:442)
	at com.kms.katalon.core.main.TestCaseExecutor.doExecute(TestCaseExecutor.java:433)
	at com.kms.katalon.core.main.TestCaseExecutor.processExecutionPhase(TestCaseExecutor.java:412)
	at com.kms.katalon.core.main.TestCaseExecutor.accessMainPhase(TestCaseExecutor.java:404)
	at com.kms.katalon.core.main.TestCaseExecutor.execute(TestCaseExecutor.java:281)
	at com.kms.katalon.core.main.TestSuiteExecutor.accessTestCaseMainPhase(TestSuiteExecutor.java:202)
	at com.kms.katalon.core.main.TestSuiteExecutor.accessTestSuiteMainPhase(TestSuiteExecutor.java:164)
	at com.kms.katalon.core.main.TestSuiteExecutor.execute(TestSuiteExecutor.java:105)
	at com.kms.katalon.core.main.TestCaseMain.startTestSuite(TestCaseMain.java:185)
	at com.kms.katalon.core.main.TestCaseMain$startTestSuite$0.call(Unknown Source)
	at TempTestSuite1649143147000.run(TempTestSuite1649143147000.groovy:36)
Caused by: com.kms.katalon.core.exception.StepFailedException: com.kms.katalon.core.webui.exception.WebElementNotFoundException: Web element with id: 'Object Repository/Avangard New/Object (Администратор)/Case (Пользователи)/proverka alert' located by '(.//*[normalize-space(text()) and normalize-space(.)='Успех'])[1]/following::p[1]' not found
	at com.kms.katalon.core.webui.keyword.internal.WebUIKeywordMain.stepFailed(WebUIKeywordMain.groovy:64)
	at com.kms.katalon.core.webui.keyword.builtin.VerifyElementTextKeyword$_verifyElementText_closure1.doCall(VerifyElementTextKeyword.groovy:64)
	at com.kms.katalon.core.webui.keyword.builtin.VerifyElementTextKeyword$_verifyElementText_closure1.call(VerifyElementTextKeyword.groovy)
	at com.kms.katalon.core.webui.keyword.internal.WebUIKeywordMain.runKeyword(WebUIKeywordMain.groovy:20)
	... 35 more


2022-04-05 11:04:28 - [TEST_STEP][NOT_RUN] - callTestCase(findTestCase("Администратор/Авторизация"), [:], STOP_ON_FAILURE): NOT_RUN: callTestCase(findTestCase("Администратор/Авторизация"), [:], STOP_ON_FAILURE)

2022-04-05 11:04:28 - [MESSAGE][NOT_RUN] - NOT_RUN: callTestCase(findTestCase("Администратор/Авторизация"), [:], STOP_ON_FAILURE)

2022-04-05 11:04:28 - [TEST_STEP][PASSED] - click(findTestObject("Object Repository/Avangard New/Object (Администратор)/Case (Пользователи)/span users")): Object: 'Object Repository/Avangard New/Object (Администратор)/Case (Пользователи)/span users' is clicked on

2022-04-05 11:05:00 - [MESSAGE][PASSED] - Object: 'Object Repository/Avangard New/Object (Администратор)/Case (Пользователи)/span users' is clicked on

2022-04-05 11:05:00 - [TEST_STEP][PASSED] - click(findTestObject("Object Repository/Avangard New/Object (Администратор)/Case (Пользователи)/button_add users")): Object: 'Object Repository/Avangard New/Object (Администратор)/Case (Пользователи)/button_add users' is clicked on

2022-04-05 11:05:03 - [MESSAGE][PASSED] - Object: 'Object Repository/Avangard New/Object (Администратор)/Case (Пользователи)/button_add users' is clicked on

2022-04-05 11:05:03 - [TEST_STEP][PASSED] - click(findTestObject("Object Repository/Avangard New/Object (Администратор)/Case (Пользователи)/div__role")): Object: 'Object Repository/Avangard New/Object (Администратор)/Case (Пользователи)/div__role' is clicked on

2022-04-05 11:05:05 - [MESSAGE][PASSED] - Object: 'Object Repository/Avangard New/Object (Администратор)/Case (Пользователи)/div__role' is clicked on

2022-04-05 11:05:05 - [TEST_STEP][PASSED] - click(findTestObject("Object Repository/Avangard New/Object (Администратор)/Case (Пользователи)/div__trainer add")): Object: 'Object Repository/Avangard New/Object (Администратор)/Case (Пользователи)/div__trainer add' is clicked on

2022-04-05 11:05:07 - [MESSAGE][PASSED] - Object: 'Object Repository/Avangard New/Object (Администратор)/Case (Пользователи)/div__trainer add' is clicked on

2022-04-05 11:05:07 - [TEST_STEP][PASSED] - setText(findTestObject("Object Repository/Avangard New/Object (Администратор)/Case (Пользователи)/input__Name"), "User"): Text 'User' is set on object 'Object Repository/Avangard New/Object (Администратор)/Case (Пользователи)/input__Name'

2022-04-05 11:05:11 - [MESSAGE][PASSED] - Text 'User' is set on object 'Object Repository/Avangard New/Object (Администратор)/Case (Пользователи)/input__Name'

2022-04-05 11:05:11 - [TEST_STEP][PASSED] - setText(findTestObject("Object Repository/Avangard New/Object (Администратор)/Case (Пользователи)/imput family"), "Test"): Text 'Test' is set on object 'Object Repository/Avangard New/Object (Администратор)/Case (Пользователи)/imput family'

2022-04-05 11:05:15 - [MESSAGE][PASSED] - Text 'Test' is set on object 'Object Repository/Avangard New/Object (Администратор)/Case (Пользователи)/imput family'

2022-04-05 11:05:15 - [TEST_STEP][PASSED] - setText(findTestObject("Object Repository/Avangard New/Object (Администратор)/Case (Пользователи)/imput otch"), "add"): Text 'add' is set on object 'Object Repository/Avangard New/Object (Администратор)/Case (Пользователи)/imput otch'

2022-04-05 11:05:19 - [MESSAGE][PASSED] - Text 'add' is set on object 'Object Repository/Avangard New/Object (Администратор)/Case (Пользователи)/imput otch'

2022-04-05 11:05:19 - [TEST_STEP][PASSED] - click(findTestObject("Object Repository/Avangard New/Object (Администратор)/Case (Пользователи)/svg")): Object: 'Object Repository/Avangard New/Object (Администратор)/Case (Пользователи)/svg' is clicked on

2022-04-05 11:05:21 - [MESSAGE][PASSED] - Object: 'Object Repository/Avangard New/Object (Администратор)/Case (Пользователи)/svg' is clicked on

2022-04-05 11:05:21 - [TEST_STEP][PASSED] - click(findTestObject("Object Repository/Avangard New/Object (Администратор)/Case (Пользователи)/span_2022_react-datepicker")): Object: 'Object Repository/Avangard New/Object (Администратор)/Case (Пользователи)/span_2022_react-datepicker' is clicked on

2022-04-05 11:05:23 - [MESSAGE][PASSED] - Object: 'Object Repository/Avangard New/Object (Администратор)/Case (Пользователи)/span_2022_react-datepicker' is clicked on

2022-04-05 11:05:23 - [TEST_STEP][PASSED] - scrollToElement(findTestObject("Object Repository/Avangard New/Object (Администратор)/Case (Пользователи)/div_2000"), 0): Scroll to object 'Object Repository/Avangard New/Object (Администратор)/Case (Пользователи)/div_2000' successfully

2022-04-05 11:05:23 - [MESSAGE][WARNING] - Timeout '0' is invalid. Using default page load timeout: '30'

2022-04-05 11:05:25 - [MESSAGE][PASSED] - Scroll to object 'Object Repository/Avangard New/Object (Администратор)/Case (Пользователи)/div_2000' successfully

2022-04-05 11:05:25 - [TEST_STEP][PASSED] - click(findTestObject("Object Repository/Avangard New/Object (Администратор)/Case (Пользователи)/div_2000")): Object: 'Object Repository/Avangard New/Object (Администратор)/Case (Пользователи)/div_2000' is clicked on

2022-04-05 11:05:27 - [MESSAGE][PASSED] - Object: 'Object Repository/Avangard New/Object (Администратор)/Case (Пользователи)/div_2000' is clicked on

2022-04-05 11:05:27 - [TEST_STEP][PASSED] - click(findTestObject("Object Repository/Avangard New/Object (Администратор)/Case (Пользователи)/div_15")): Object: 'Object Repository/Avangard New/Object (Администратор)/Case (Пользователи)/div_15' is clicked on

2022-04-05 11:05:29 - [MESSAGE][PASSED] - Object: 'Object Repository/Avangard New/Object (Администратор)/Case (Пользователи)/div_15' is clicked on

2022-04-05 11:05:29 - [TEST_STEP][PASSED] - click(findTestObject("Object Repository/Avangard New/Object (Администратор)/Case (Пользователи)/div__number"), STOP_ON_FAILURE): Object: 'Object Repository/Avangard New/Object (Администратор)/Case (Пользователи)/div__number' is clicked on

2022-04-05 11:05:31 - [MESSAGE][PASSED] - Object: 'Object Repository/Avangard New/Object (Администратор)/Case (Пользователи)/div__number' is clicked on

2022-04-05 11:05:31 - [TEST_STEP][PASSED] - setText(findTestObject("Object Repository/Avangard New/Object (Администратор)/Case (Пользователи)/div__number"), "8(905)045-87-54"): Text '8(905)045-87-54' is set on object 'Object Repository/Avangard New/Object (Администратор)/Case (Пользователи)/div__number'

2022-04-05 11:05:37 - [MESSAGE][PASSED] - Text '8(905)045-87-54' is set on object 'Object Repository/Avangard New/Object (Администратор)/Case (Пользователи)/div__number'

2022-04-05 11:05:37 - [TEST_STEP][PASSED] - click(findTestObject("Object Repository/Avangard New/Object (Администратор)/Case (Пользователи)/div__schooladd")): Object: 'Object Repository/Avangard New/Object (Администратор)/Case (Пользователи)/div__schooladd' is clicked on

2022-04-05 11:05:39 - [MESSAGE][PASSED] - Object: 'Object Repository/Avangard New/Object (Администратор)/Case (Пользователи)/div__schooladd' is clicked on

2022-04-05 11:05:39 - [TEST_STEP][PASSED] - click(findTestObject("Object Repository/Avangard New/Object (Администратор)/Case (Пользователи)/font_avangard")): Object: 'Object Repository/Avangard New/Object (Администратор)/Case (Пользователи)/font_avangard' is clicked on

2022-04-05 11:05:42 - [MESSAGE][PASSED] - Object: 'Object Repository/Avangard New/Object (Администратор)/Case (Пользователи)/font_avangard' is clicked on

2022-04-05 11:05:42 - [TEST_STEP][PASSED] - click(findTestObject("Object Repository/Avangard New/Object (Администратор)/Case (Пользователи)/div__team")): Object: 'Object Repository/Avangard New/Object (Администратор)/Case (Пользователи)/div__team' is clicked on

2022-04-05 11:05:44 - [MESSAGE][PASSED] - Object: 'Object Repository/Avangard New/Object (Администратор)/Case (Пользователи)/div__team' is clicked on

2022-04-05 11:05:44 - [TEST_STEP][PASSED] - click(findTestObject("Object Repository/Avangard New/Object (Администратор)/Case (Пользователи)/font_ystrebi")): Object: 'Object Repository/Avangard New/Object (Администратор)/Case (Пользователи)/font_ystrebi' is clicked on

2022-04-05 11:05:46 - [MESSAGE][PASSED] - Object: 'Object Repository/Avangard New/Object (Администратор)/Case (Пользователи)/font_ystrebi' is clicked on

2022-04-05 11:05:46 - [TEST_STEP][PASSED] - click(findTestObject("Object Repository/Avangard New/Object (Администратор)/Case (Пользователи)/div_tipe")): Object: 'Object Repository/Avangard New/Object (Администратор)/Case (Пользователи)/div_tipe' is clicked on

2022-04-05 11:05:48 - [MESSAGE][PASSED] - Object: 'Object Repository/Avangard New/Object (Администратор)/Case (Пользователи)/div_tipe' is clicked on

2022-04-05 11:05:48 - [TEST_STEP][PASSED] - click(findTestObject("Object Repository/Avangard New/Object (Администратор)/Case (Пользователи)/div__1")): Object: 'Object Repository/Avangard New/Object (Администратор)/Case (Пользователи)/div__1' is clicked on

2022-04-05 11:05:50 - [MESSAGE][PASSED] - Object: 'Object Repository/Avangard New/Object (Администратор)/Case (Пользователи)/div__1' is clicked on

2022-04-05 11:05:50 - [TEST_STEP][PASSED] - setText(findTestObject("Object Repository/Avangard New/Object (Администратор)/Case (Пользователи)/input__login"), "testuser@mail.ru"): Text 'testuser@mail.ru' is set on object 'Object Repository/Avangard New/Object (Администратор)/Case (Пользователи)/input__login'

2022-04-05 11:05:54 - [MESSAGE][PASSED] - Text 'testuser@mail.ru' is set on object 'Object Repository/Avangard New/Object (Администратор)/Case (Пользователи)/input__login'

2022-04-05 11:05:54 - [TEST_STEP][PASSED] - setEncryptedText(findTestObject("Object Repository/Avangard New/Object (Администратор)/Case (Пользователи)/input__password"), "KYHCBHc84S1cPnf6Imz4kQ=="): Text ****** has been set on object 'Object Repository/Avangard New/Object (Администратор)/Case (Пользователи)/input__password'

2022-04-05 11:05:57 - [MESSAGE][PASSED] - Text ****** has been set on object 'Object Repository/Avangard New/Object (Администратор)/Case (Пользователи)/input__password'

2022-04-05 11:05:57 - [TEST_STEP][PASSED] - scrollToElement(findTestObject("Object Repository/Avangard New/Object (Администратор)/Case (Пользователи)/font_save"), 0): Scroll to object 'Object Repository/Avangard New/Object (Администратор)/Case (Пользователи)/font_save' successfully

2022-04-05 11:05:57 - [MESSAGE][WARNING] - Timeout '0' is invalid. Using default page load timeout: '30'

2022-04-05 11:05:59 - [MESSAGE][PASSED] - Scroll to object 'Object Repository/Avangard New/Object (Администратор)/Case (Пользователи)/font_save' successfully

2022-04-05 11:05:59 - [TEST_STEP][PASSED] - click(findTestObject("Object Repository/Avangard New/Object (Администратор)/Case (Пользователи)/font_save")): Object: 'Object Repository/Avangard New/Object (Администратор)/Case (Пользователи)/font_save' is clicked on

2022-04-05 11:06:01 - [MESSAGE][PASSED] - Object: 'Object Repository/Avangard New/Object (Администратор)/Case (Пользователи)/font_save' is clicked on

2022-04-05 11:06:01 - [TEST_STEP][FAILED] - verifyElementText(findTestObject("Avangard New/Object (Администратор)/Case (Пользователи)/proverka alert"), "Пользователь создан"): Verify element text of test object 'Object Repository/Avangard New/Object (Администратор)/Case (Пользователи)/proverka alert' FAILED. (Root cause: com.kms.katalon.core.exception.StepFailedException: Verify element text of test object 'Object Repository/Avangard New/Object (Администратор)/Case (Пользователи)/proverka alert' FAILED.
	at com.kms.katalon.core.webui.keyword.internal.WebUIKeywordMain.stepFailed(WebUIKeywordMain.groovy:64)
	at com.kms.katalon.core.webui.keyword.internal.WebUIKeywordMain.runKeyword(WebUIKeywordMain.groovy:26)
	at com.kms.katalon.core.webui.keyword.builtin.VerifyElementTextKeyword.verifyElementText(VerifyElementTextKeyword.groovy:72)
	at com.kms.katalon.core.webui.keyword.builtin.VerifyElementTextKeyword.execute(VerifyElementTextKeyword.groovy:40)
	at com.kms.katalon.core.keyword.internal.KeywordExecutor.executeKeywordForPlatform(KeywordExecutor.groovy:74)
	at com.kms.katalon.core.webui.keyword.WebUiBuiltInKeywords.verifyElementText(WebUiBuiltInKeywords.groovy:4749)
	at com.kms.katalon.core.webui.keyword.WebUiBuiltInKeywords$verifyElementText$11.call(Unknown Source)
	at Создание пользователя (переиспользуется в Пользователи).run(Создание пользователя (переиспользуется в Пользователи):94)
	at com.kms.katalon.core.main.ScriptEngine.run(ScriptEngine.java:194)
	at com.kms.katalon.core.main.ScriptEngine.runScriptAsRawText(ScriptEngine.java:119)
	at com.kms.katalon.core.main.TestCaseExecutor.runScript(TestCaseExecutor.java:442)
	at com.kms.katalon.core.main.TestCaseExecutor.doExecute(TestCaseExecutor.java:433)
	at com.kms.katalon.core.main.TestCaseExecutor.processExecutionPhase(TestCaseExecutor.java:412)
	at com.kms.katalon.core.main.TestCaseExecutor.accessMainPhase(TestCaseExecutor.java:404)
	at com.kms.katalon.core.main.TestCaseExecutor.execute(TestCaseExecutor.java:281)
	at com.kms.katalon.core.main.TestCaseMain.runTestCase(TestCaseMain.java:142)
	at com.kms.katalon.core.keyword.builtin.CallTestCaseKeyword$_callTestCase_closure1.doCall(CallTestCaseKeyword.groovy:59)
	at com.kms.katalon.core.keyword.builtin.CallTestCaseKeyword$_callTestCase_closure1.call(CallTestCaseKeyword.groovy)
	at com.kms.katalon.core.keyword.internal.KeywordMain.runKeyword(KeywordMain.groovy:74)
	at com.kms.katalon.core.keyword.builtin.CallTestCaseKeyword.callTestCase(CallTestCaseKeyword.groovy:81)
	at com.kms.katalon.core.keyword.builtin.CallTestCaseKeyword.execute(CallTestCaseKeyword.groovy:44)
	at com.kms.katalon.core.keyword.internal.KeywordExecutor.executeKeywordForPlatform(KeywordExecutor.groovy:74)
	at com.kms.katalon.core.keyword.BuiltinKeywords.callTestCase(BuiltinKeywords.groovy:334)
	at Пользователи.run(Пользователи:22)
	at com.kms.katalon.core.main.ScriptEngine.run(ScriptEngine.java:194)
	at com.kms.katalon.core.main.ScriptEngine.runScriptAsRawText(ScriptEngine.java:119)
	at com.kms.katalon.core.main.TestCaseExecutor.runScript(TestCaseExecutor.java:442)
	at com.kms.katalon.core.main.TestCaseExecutor.doExecute(TestCaseExecutor.java:433)
	at com.kms.katalon.core.main.TestCaseExecutor.processExecutionPhase(TestCaseExecutor.java:412)
	at com.kms.katalon.core.main.TestCaseExecutor.accessMainPhase(TestCaseExecutor.java:404)
	at com.kms.katalon.core.main.TestCaseExecutor.execute(TestCaseExecutor.java:281)
	at com.kms.katalon.core.main.TestSuiteExecutor.accessTestCaseMainPhase(TestSuiteExecutor.java:202)
	at com.kms.katalon.core.main.TestSuiteExecutor.accessTestSuiteMainPhase(TestSuiteExecutor.java:164)
	at com.kms.katalon.core.main.TestSuiteExecutor.execute(TestSuiteExecutor.java:105)
	at com.kms.katalon.core.main.TestCaseMain.startTestSuite(TestCaseMain.java:185)
	at com.kms.katalon.core.main.TestCaseMain$startTestSuite$0.call(Unknown Source)
	at TempTestSuite1649143147000.run(TempTestSuite1649143147000.groovy:36)
Caused by: com.kms.katalon.core.exception.StepFailedException: com.kms.katalon.core.webui.exception.WebElementNotFoundException: Web element with id: 'Object Repository/Avangard New/Object (Администратор)/Case (Пользователи)/proverka alert' located by '(.//*[normalize-space(text()) and normalize-space(.)='Успех'])[1]/following::p[1]' not found
	at com.kms.katalon.core.webui.keyword.internal.WebUIKeywordMain.stepFailed(WebUIKeywordMain.groovy:64)
	at com.kms.katalon.core.webui.keyword.builtin.VerifyElementTextKeyword$_verifyElementText_closure1.doCall(VerifyElementTextKeyword.groovy:64)
	at com.kms.katalon.core.webui.keyword.builtin.VerifyElementTextKeyword$_verifyElementText_closure1.call(VerifyElementTextKeyword.groovy)
	at com.kms.katalon.core.webui.keyword.internal.WebUIKeywordMain.runKeyword(WebUIKeywordMain.groovy:20)
	... 35 more
)

2022-04-05 11:06:35 - [MESSAGE][INFO] - Unable to find the element located by 'By.xpath: (.//*[normalize-space(text()) and normalize-space(.)='Успех'])[1]/following::p[1]'. Please recheck the objects properties to make sure the desired element is located. 

2022-04-05 11:06:35 - [MESSAGE][WARNING] - [SELF-HEALING] Failed to find element with id 'Object Repository/Avangard New/Object (Администратор)/Case (Пользователи)/proverka alert'. Try using Self-healing.

2022-04-05 11:06:36 - [MESSAGE][INFO] - [SELF-HEALING] Failed Locator: '(.//*[normalize-space(text()) and normalize-space(.)='Успех'])[1]/following::p[1]'.

2022-04-05 11:06:38 - [MESSAGE][INFO] - [SELF-HEALING] Failed Locator: '(.//*[normalize-space(text()) and normalize-space(.)='Редактирование профиля'])[1]/following::p[1]'.

2022-04-05 11:06:39 - [MESSAGE][INFO] - [SELF-HEALING] Failed Locator: '//*/text()[normalize-space(.)='Пользователь создан']/parent::*'.

2022-04-05 11:06:41 - [MESSAGE][INFO] - [SELF-HEALING] Failed Locator: '//div[3]/div/div/div/div/div/div/p'.

2022-04-05 11:06:42 - [MESSAGE][INFO] - [SELF-HEALING] Failed Locator: '//p[(text() = 'Пользователь создан' or . = 'Пользователь создан')]'.

2022-04-05 11:06:43 - [MESSAGE][INFO] - Unable to find the element located by 'By.xpath: //*[(text() = 'Пользователь создан' or . = 'Пользователь создан')]'. Please recheck the objects properties to make sure the desired element is located. 

2022-04-05 11:06:48 - [MESSAGE][INFO] - Unable to find the element located by 'By.cssSelector: p.ReactComponentNotification__NotificationText-sc-1wfzr6b-3.JWcOG'. Please recheck the objects properties to make sure the desired element is located. 

2022-04-05 11:06:51 - [MESSAGE][FAILED] - com.kms.katalon.core.webui.exception.WebElementNotFoundException: Web element with id: 'Object Repository/Avangard New/Object (Администратор)/Case (Пользователи)/proverka alert' located by '(.//*[normalize-space(text()) and normalize-space(.)='Успех'])[1]/following::p[1]' not found (Root cause: com.kms.katalon.core.exception.StepFailedException: com.kms.katalon.core.webui.exception.WebElementNotFoundException: Web element with id: 'Object Repository/Avangard New/Object (Администратор)/Case (Пользователи)/proverka alert' located by '(.//*[normalize-space(text()) and normalize-space(.)='Успех'])[1]/following::p[1]' not found
	at com.kms.katalon.core.webui.keyword.internal.WebUIKeywordMain.stepFailed(WebUIKeywordMain.groovy:64)
	at com.kms.katalon.core.webui.keyword.builtin.VerifyElementTextKeyword$_verifyElementText_closure1.doCall(VerifyElementTextKeyword.groovy:64)
	at com.kms.katalon.core.webui.keyword.builtin.VerifyElementTextKeyword$_verifyElementText_closure1.call(VerifyElementTextKeyword.groovy)
	at com.kms.katalon.core.webui.keyword.internal.WebUIKeywordMain.runKeyword(WebUIKeywordMain.groovy:20)
	at com.kms.katalon.core.webui.keyword.builtin.VerifyElementTextKeyword.verifyElementText(VerifyElementTextKeyword.groovy:72)
	at com.kms.katalon.core.webui.keyword.builtin.VerifyElementTextKeyword.execute(VerifyElementTextKeyword.groovy:40)
	at com.kms.katalon.core.keyword.internal.KeywordExecutor.executeKeywordForPlatform(KeywordExecutor.groovy:74)
	at com.kms.katalon.core.webui.keyword.WebUiBuiltInKeywords.verifyElementText(WebUiBuiltInKeywords.groovy:4749)
	at com.kms.katalon.core.webui.keyword.WebUiBuiltInKeywords$verifyElementText$11.call(Unknown Source)
	at Создание пользователя (переиспользуется в Пользователи).run(Создание пользователя (переиспользуется в Пользователи):94)
	at com.kms.katalon.core.main.ScriptEngine.run(ScriptEngine.java:194)
	at com.kms.katalon.core.main.ScriptEngine.runScriptAsRawText(ScriptEngine.java:119)
	at com.kms.katalon.core.main.TestCaseExecutor.runScript(TestCaseExecutor.java:442)
	at com.kms.katalon.core.main.TestCaseExecutor.doExecute(TestCaseExecutor.java:433)
	at com.kms.katalon.core.main.TestCaseExecutor.processExecutionPhase(TestCaseExecutor.java:412)
	at com.kms.katalon.core.main.TestCaseExecutor.accessMainPhase(TestCaseExecutor.java:404)
	at com.kms.katalon.core.main.TestCaseExecutor.execute(TestCaseExecutor.java:281)
	at com.kms.katalon.core.main.TestCaseMain.runTestCase(TestCaseMain.java:142)
	at com.kms.katalon.core.keyword.builtin.CallTestCaseKeyword$_callTestCase_closure1.doCall(CallTestCaseKeyword.groovy:59)
	at com.kms.katalon.core.keyword.builtin.CallTestCaseKeyword$_callTestCase_closure1.call(CallTestCaseKeyword.groovy)
	at com.kms.katalon.core.keyword.internal.KeywordMain.runKeyword(KeywordMain.groovy:74)
	at com.kms.katalon.core.keyword.builtin.CallTestCaseKeyword.callTestCase(CallTestCaseKeyword.groovy:81)
	at com.kms.katalon.core.keyword.builtin.CallTestCaseKeyword.execute(CallTestCaseKeyword.groovy:44)
	at com.kms.katalon.core.keyword.internal.KeywordExecutor.executeKeywordForPlatform(KeywordExecutor.groovy:74)
	at com.kms.katalon.core.keyword.BuiltinKeywords.callTestCase(BuiltinKeywords.groovy:334)
	at Пользователи.run(Пользователи:22)
	at com.kms.katalon.core.main.ScriptEngine.run(ScriptEngine.java:194)
	at com.kms.katalon.core.main.ScriptEngine.runScriptAsRawText(ScriptEngine.java:119)
	at com.kms.katalon.core.main.TestCaseExecutor.runScript(TestCaseExecutor.java:442)
	at com.kms.katalon.core.main.TestCaseExecutor.doExecute(TestCaseExecutor.java:433)
	at com.kms.katalon.core.main.TestCaseExecutor.processExecutionPhase(TestCaseExecutor.java:412)
	at com.kms.katalon.core.main.TestCaseExecutor.accessMainPhase(TestCaseExecutor.java:404)
	at com.kms.katalon.core.main.TestCaseExecutor.execute(TestCaseExecutor.java:281)
	at com.kms.katalon.core.main.TestSuiteExecutor.accessTestCaseMainPhase(TestSuiteExecutor.java:202)
	at com.kms.katalon.core.main.TestSuiteExecutor.accessTestSuiteMainPhase(TestSuiteExecutor.java:164)
	at com.kms.katalon.core.main.TestSuiteExecutor.execute(TestSuiteExecutor.java:105)
	at com.kms.katalon.core.main.TestCaseMain.startTestSuite(TestCaseMain.java:185)
	at com.kms.katalon.core.main.TestCaseMain$startTestSuite$0.call(Unknown Source)
	at TempTestSuite1649143147000.run(TempTestSuite1649143147000.groovy:36)
)
[[ATTACHMENT|C:\\Users\\LENOVO\\Katalon Studio\\Avangard\\Reports\\20220405_101904\\\u0410\u0434\u043C\u0438\u043D\u0438\u0441\u0442\u0440\u0430\u0442\u043E\u0440\\20220405_101906\\1649146008739.png]]

2022-04-05 11:06:53 - [MESSAGE][FAILED] - Verify element text of test object 'Object Repository/Avangard New/Object (Администратор)/Case (Пользователи)/proverka alert' FAILED. (Root cause: com.kms.katalon.core.exception.StepFailedException: Verify element text of test object 'Object Repository/Avangard New/Object (Администратор)/Case (Пользователи)/proverka alert' FAILED.
	at com.kms.katalon.core.webui.keyword.internal.WebUIKeywordMain.stepFailed(WebUIKeywordMain.groovy:64)
	at com.kms.katalon.core.webui.keyword.internal.WebUIKeywordMain.runKeyword(WebUIKeywordMain.groovy:26)
	at com.kms.katalon.core.webui.keyword.builtin.VerifyElementTextKeyword.verifyElementText(VerifyElementTextKeyword.groovy:72)
	at com.kms.katalon.core.webui.keyword.builtin.VerifyElementTextKeyword.execute(VerifyElementTextKeyword.groovy:40)
	at com.kms.katalon.core.keyword.internal.KeywordExecutor.executeKeywordForPlatform(KeywordExecutor.groovy:74)
	at com.kms.katalon.core.webui.keyword.WebUiBuiltInKeywords.verifyElementText(WebUiBuiltInKeywords.groovy:4749)
	at com.kms.katalon.core.webui.keyword.WebUiBuiltInKeywords$verifyElementText$11.call(Unknown Source)
	at Создание пользователя (переиспользуется в Пользователи).run(Создание пользователя (переиспользуется в Пользователи):94)
	at com.kms.katalon.core.main.ScriptEngine.run(ScriptEngine.java:194)
	at com.kms.katalon.core.main.ScriptEngine.runScriptAsRawText(ScriptEngine.java:119)
	at com.kms.katalon.core.main.TestCaseExecutor.runScript(TestCaseExecutor.java:442)
	at com.kms.katalon.core.main.TestCaseExecutor.doExecute(TestCaseExecutor.java:433)
	at com.kms.katalon.core.main.TestCaseExecutor.processExecutionPhase(TestCaseExecutor.java:412)
	at com.kms.katalon.core.main.TestCaseExecutor.accessMainPhase(TestCaseExecutor.java:404)
	at com.kms.katalon.core.main.TestCaseExecutor.execute(TestCaseExecutor.java:281)
	at com.kms.katalon.core.main.TestCaseMain.runTestCase(TestCaseMain.java:142)
	at com.kms.katalon.core.keyword.builtin.CallTestCaseKeyword$_callTestCase_closure1.doCall(CallTestCaseKeyword.groovy:59)
	at com.kms.katalon.core.keyword.builtin.CallTestCaseKeyword$_callTestCase_closure1.call(CallTestCaseKeyword.groovy)
	at com.kms.katalon.core.keyword.internal.KeywordMain.runKeyword(KeywordMain.groovy:74)
	at com.kms.katalon.core.keyword.builtin.CallTestCaseKeyword.callTestCase(CallTestCaseKeyword.groovy:81)
	at com.kms.katalon.core.keyword.builtin.CallTestCaseKeyword.execute(CallTestCaseKeyword.groovy:44)
	at com.kms.katalon.core.keyword.internal.KeywordExecutor.executeKeywordForPlatform(KeywordExecutor.groovy:74)
	at com.kms.katalon.core.keyword.BuiltinKeywords.callTestCase(BuiltinKeywords.groovy:334)
	at Пользователи.run(Пользователи:22)
	at com.kms.katalon.core.main.ScriptEngine.run(ScriptEngine.java:194)
	at com.kms.katalon.core.main.ScriptEngine.runScriptAsRawText(ScriptEngine.java:119)
	at com.kms.katalon.core.main.TestCaseExecutor.runScript(TestCaseExecutor.java:442)
	at com.kms.katalon.core.main.TestCaseExecutor.doExecute(TestCaseExecutor.java:433)
	at com.kms.katalon.core.main.TestCaseExecutor.processExecutionPhase(TestCaseExecutor.java:412)
	at com.kms.katalon.core.main.TestCaseExecutor.accessMainPhase(TestCaseExecutor.java:404)
	at com.kms.katalon.core.main.TestCaseExecutor.execute(TestCaseExecutor.java:281)
	at com.kms.katalon.core.main.TestSuiteExecutor.accessTestCaseMainPhase(TestSuiteExecutor.java:202)
	at com.kms.katalon.core.main.TestSuiteExecutor.accessTestSuiteMainPhase(TestSuiteExecutor.java:164)
	at com.kms.katalon.core.main.TestSuiteExecutor.execute(TestSuiteExecutor.java:105)
	at com.kms.katalon.core.main.TestCaseMain.startTestSuite(TestCaseMain.java:185)
	at com.kms.katalon.core.main.TestCaseMain$startTestSuite$0.call(Unknown Source)
	at TempTestSuite1649143147000.run(TempTestSuite1649143147000.groovy:36)
Caused by: com.kms.katalon.core.exception.StepFailedException: com.kms.katalon.core.webui.exception.WebElementNotFoundException: Web element with id: 'Object Repository/Avangard New/Object (Администратор)/Case (Пользователи)/proverka alert' located by '(.//*[normalize-space(text()) and normalize-space(.)='Успех'])[1]/following::p[1]' not found
	at com.kms.katalon.core.webui.keyword.internal.WebUIKeywordMain.stepFailed(WebUIKeywordMain.groovy:64)
	at com.kms.katalon.core.webui.keyword.builtin.VerifyElementTextKeyword$_verifyElementText_closure1.doCall(VerifyElementTextKeyword.groovy:64)
	at com.kms.katalon.core.webui.keyword.builtin.VerifyElementTextKeyword$_verifyElementText_closure1.call(VerifyElementTextKeyword.groovy)
	at com.kms.katalon.core.webui.keyword.internal.WebUIKeywordMain.runKeyword(WebUIKeywordMain.groovy:20)
	... 35 more
)
[[ATTACHMENT|C:\\Users\\LENOVO\\Katalon Studio\\Avangard\\Reports\\20220405_101904\\\u0410\u0434\u043C\u0438\u043D\u0438\u0441\u0442\u0440\u0430\u0442\u043E\u0440\\20220405_101906\\1649146011256.png]]

2022-04-05 11:06:53 - [MESSAGE][FAILED] - Unable to call Test Case 'Test Cases/Администратор/Создание пользователя (переиспользуется в Пользователи)' (Root cause: com.kms.katalon.core.exception.StepFailedException: Call Test Case 'Test Cases/Администратор/Создание пользователя (переиспользуется в Пользователи)' failed
	at com.kms.katalon.core.keyword.builtin.CallTestCaseKeyword$_callTestCase_closure1.doCall(CallTestCaseKeyword.groovy:63)
	at com.kms.katalon.core.keyword.builtin.CallTestCaseKeyword$_callTestCase_closure1.call(CallTestCaseKeyword.groovy)
	at com.kms.katalon.core.keyword.internal.KeywordMain.runKeyword(KeywordMain.groovy:74)
	at com.kms.katalon.core.keyword.builtin.CallTestCaseKeyword.callTestCase(CallTestCaseKeyword.groovy:81)
	at com.kms.katalon.core.keyword.builtin.CallTestCaseKeyword.execute(CallTestCaseKeyword.groovy:44)
	at com.kms.katalon.core.keyword.internal.KeywordExecutor.executeKeywordForPlatform(KeywordExecutor.groovy:74)
	at com.kms.katalon.core.keyword.BuiltinKeywords.callTestCase(BuiltinKeywords.groovy:334)
	at Пользователи.run(Пользователи:22)
	at com.kms.katalon.core.main.ScriptEngine.run(ScriptEngine.java:194)
	at com.kms.katalon.core.main.ScriptEngine.runScriptAsRawText(ScriptEngine.java:119)
	at com.kms.katalon.core.main.TestCaseExecutor.runScript(TestCaseExecutor.java:442)
	at com.kms.katalon.core.main.TestCaseExecutor.doExecute(TestCaseExecutor.java:433)
	at com.kms.katalon.core.main.TestCaseExecutor.processExecutionPhase(TestCaseExecutor.java:412)
	at com.kms.katalon.core.main.TestCaseExecutor.accessMainPhase(TestCaseExecutor.java:404)
	at com.kms.katalon.core.main.TestCaseExecutor.execute(TestCaseExecutor.java:281)
	at com.kms.katalon.core.main.TestSuiteExecutor.accessTestCaseMainPhase(TestSuiteExecutor.java:202)
	at com.kms.katalon.core.main.TestSuiteExecutor.accessTestSuiteMainPhase(TestSuiteExecutor.java:164)
	at com.kms.katalon.core.main.TestSuiteExecutor.execute(TestSuiteExecutor.java:105)
	at com.kms.katalon.core.main.TestCaseMain.startTestSuite(TestCaseMain.java:185)
	at com.kms.katalon.core.main.TestCaseMain$startTestSuite$0.call(Unknown Source)
	at TempTestSuite1649143147000.run(TempTestSuite1649143147000.groovy:36)
Caused by: com.kms.katalon.core.exception.StepFailedException: Verify element text of test object 'Object Repository/Avangard New/Object (Администратор)/Case (Пользователи)/proverka alert' FAILED.
	at com.kms.katalon.core.webui.keyword.internal.WebUIKeywordMain.stepFailed(WebUIKeywordMain.groovy:64)
	at com.kms.katalon.core.webui.keyword.internal.WebUIKeywordMain.runKeyword(WebUIKeywordMain.groovy:26)
	at com.kms.katalon.core.webui.keyword.builtin.VerifyElementTextKeyword.verifyElementText(VerifyElementTextKeyword.groovy:72)
	at com.kms.katalon.core.webui.keyword.builtin.VerifyElementTextKeyword.execute(VerifyElementTextKeyword.groovy:40)
	at com.kms.katalon.core.keyword.internal.KeywordExecutor.executeKeywordForPlatform(KeywordExecutor.groovy:74)
	at com.kms.katalon.core.webui.keyword.WebUiBuiltInKeywords.verifyElementText(WebUiBuiltInKeywords.groovy:4749)
	at com.kms.katalon.core.webui.keyword.WebUiBuiltInKeywords$verifyElementText$11.call(Unknown Source)
	at Создание пользователя (переиспользуется в Пользователи).run(Создание пользователя (переиспользуется в Пользователи):94)
	at com.kms.katalon.core.main.ScriptEngine.run(ScriptEngine.java:194)
	at com.kms.katalon.core.main.ScriptEngine.runScriptAsRawText(ScriptEngine.java:119)
	at com.kms.katalon.core.main.TestCaseExecutor.runScript(TestCaseExecutor.java:442)
	at com.kms.katalon.core.main.TestCaseExecutor.doExecute(TestCaseExecutor.java:433)
	at com.kms.katalon.core.main.TestCaseExecutor.processExecutionPhase(TestCaseExecutor.java:412)
	at com.kms.katalon.core.main.TestCaseExecutor.accessMainPhase(TestCaseExecutor.java:404)
	at com.kms.katalon.core.main.TestCaseExecutor.execute(TestCaseExecutor.java:281)
	at com.kms.katalon.core.main.TestCaseMain.runTestCase(TestCaseMain.java:142)
	at com.kms.katalon.core.keyword.builtin.CallTestCaseKeyword$_callTestCase_closure1.doCall(CallTestCaseKeyword.groovy:59)
	... 20 more
Caused by: com.kms.katalon.core.exception.StepFailedException: com.kms.katalon.core.webui.exception.WebElementNotFoundException: Web element with id: 'Object Repository/Avangard New/Object (Администратор)/Case (Пользователи)/proverka alert' located by '(.//*[normalize-space(text()) and normalize-space(.)='Успех'])[1]/following::p[1]' not found
	at com.kms.katalon.core.webui.keyword.internal.WebUIKeywordMain.stepFailed(WebUIKeywordMain.groovy:64)
	at com.kms.katalon.core.webui.keyword.builtin.VerifyElementTextKeyword$_verifyElementText_closure1.doCall(VerifyElementTextKeyword.groovy:64)
	at com.kms.katalon.core.webui.keyword.builtin.VerifyElementTextKeyword$_verifyElementText_closure1.call(VerifyElementTextKeyword.groovy)
	at com.kms.katalon.core.webui.keyword.internal.WebUIKeywordMain.runKeyword(WebUIKeywordMain.groovy:20)
	... 35 more
)]]></system-out>
         <system-err><![CDATA[2022-04-05 11:02:27 - [TEST_CASE][FAILED] - Test Cases/Администратор/Пользователи: Test Cases/Администратор/Пользователи FAILED.
Reason:
com.kms.katalon.core.exception.StepFailedException: Call Test Case 'Test Cases/Администратор/Создание пользователя (переиспользуется в Пользователи)' failed
	at com.kms.katalon.core.keyword.builtin.CallTestCaseKeyword$_callTestCase_closure1.doCall(CallTestCaseKeyword.groovy:63)
	at com.kms.katalon.core.keyword.builtin.CallTestCaseKeyword$_callTestCase_closure1.call(CallTestCaseKeyword.groovy)
	at com.kms.katalon.core.keyword.internal.KeywordMain.runKeyword(KeywordMain.groovy:74)
	at com.kms.katalon.core.keyword.builtin.CallTestCaseKeyword.callTestCase(CallTestCaseKeyword.groovy:81)
	at com.kms.katalon.core.keyword.builtin.CallTestCaseKeyword.execute(CallTestCaseKeyword.groovy:44)
	at com.kms.katalon.core.keyword.internal.KeywordExecutor.executeKeywordForPlatform(KeywordExecutor.groovy:74)
	at com.kms.katalon.core.keyword.BuiltinKeywords.callTestCase(BuiltinKeywords.groovy:334)
	at Пользователи.run(Пользователи:22)
	at com.kms.katalon.core.main.ScriptEngine.run(ScriptEngine.java:194)
	at com.kms.katalon.core.main.ScriptEngine.runScriptAsRawText(ScriptEngine.java:119)
	at com.kms.katalon.core.main.TestCaseExecutor.runScript(TestCaseExecutor.java:442)
	at com.kms.katalon.core.main.TestCaseExecutor.doExecute(TestCaseExecutor.java:433)
	at com.kms.katalon.core.main.TestCaseExecutor.processExecutionPhase(TestCaseExecutor.java:412)
	at com.kms.katalon.core.main.TestCaseExecutor.accessMainPhase(TestCaseExecutor.java:404)
	at com.kms.katalon.core.main.TestCaseExecutor.execute(TestCaseExecutor.java:281)
	at com.kms.katalon.core.main.TestSuiteExecutor.accessTestCaseMainPhase(TestSuiteExecutor.java:202)
	at com.kms.katalon.core.main.TestSuiteExecutor.accessTestSuiteMainPhase(TestSuiteExecutor.java:164)
	at com.kms.katalon.core.main.TestSuiteExecutor.execute(TestSuiteExecutor.java:105)
	at com.kms.katalon.core.main.TestCaseMain.startTestSuite(TestCaseMain.java:185)
	at com.kms.katalon.core.main.TestCaseMain$startTestSuite$0.call(Unknown Source)
	at TempTestSuite1649143147000.run(TempTestSuite1649143147000.groovy:36)
Caused by: com.kms.katalon.core.exception.StepFailedException: Verify element text of test object 'Object Repository/Avangard New/Object (Администратор)/Case (Пользователи)/proverka alert' FAILED.
	at com.kms.katalon.core.webui.keyword.internal.WebUIKeywordMain.stepFailed(WebUIKeywordMain.groovy:64)
	at com.kms.katalon.core.webui.keyword.internal.WebUIKeywordMain.runKeyword(WebUIKeywordMain.groovy:26)
	at com.kms.katalon.core.webui.keyword.builtin.VerifyElementTextKeyword.verifyElementText(VerifyElementTextKeyword.groovy:72)
	at com.kms.katalon.core.webui.keyword.builtin.VerifyElementTextKeyword.execute(VerifyElementTextKeyword.groovy:40)
	at com.kms.katalon.core.keyword.internal.KeywordExecutor.executeKeywordForPlatform(KeywordExecutor.groovy:74)
	at com.kms.katalon.core.webui.keyword.WebUiBuiltInKeywords.verifyElementText(WebUiBuiltInKeywords.groovy:4749)
	at com.kms.katalon.core.webui.keyword.WebUiBuiltInKeywords$verifyElementText$11.call(Unknown Source)
	at Создание пользователя (переиспользуется в Пользователи).run(Создание пользователя (переиспользуется в Пользователи):94)
	at com.kms.katalon.core.main.ScriptEngine.run(ScriptEngine.java:194)
	at com.kms.katalon.core.main.ScriptEngine.runScriptAsRawText(ScriptEngine.java:119)
	at com.kms.katalon.core.main.TestCaseExecutor.runScript(TestCaseExecutor.java:442)
	at com.kms.katalon.core.main.TestCaseExecutor.doExecute(TestCaseExecutor.java:433)
	at com.kms.katalon.core.main.TestCaseExecutor.processExecutionPhase(TestCaseExecutor.java:412)
	at com.kms.katalon.core.main.TestCaseExecutor.accessMainPhase(TestCaseExecutor.java:404)
	at com.kms.katalon.core.main.TestCaseExecutor.execute(TestCaseExecutor.java:281)
	at com.kms.katalon.core.main.TestCaseMain.runTestCase(TestCaseMain.java:142)
	at com.kms.katalon.core.keyword.builtin.CallTestCaseKeyword$_callTestCase_closure1.doCall(CallTestCaseKeyword.groovy:59)
	... 20 more
Caused by: com.kms.katalon.core.exception.StepFailedException: com.kms.katalon.core.webui.exception.WebElementNotFoundException: Web element with id: 'Object Repository/Avangard New/Object (Администратор)/Case (Пользователи)/proverka alert' located by '(.//*[normalize-space(text()) and normalize-space(.)='Успех'])[1]/following::p[1]' not found
	at com.kms.katalon.core.webui.keyword.internal.WebUIKeywordMain.stepFailed(WebUIKeywordMain.groovy:64)
	at com.kms.katalon.core.webui.keyword.builtin.VerifyElementTextKeyword$_verifyElementText_closure1.doCall(VerifyElementTextKeyword.groovy:64)
	at com.kms.katalon.core.webui.keyword.builtin.VerifyElementTextKeyword$_verifyElementText_closure1.call(VerifyElementTextKeyword.groovy)
	at com.kms.katalon.core.webui.keyword.internal.WebUIKeywordMain.runKeyword(WebUIKeywordMain.groovy:20)
	... 35 more]]></system-err>
      </testcase>
      <system-out><![CDATA[2022-04-05 10:19:32 - [TEST_SUITE][FAILED] - Администратор: Test Cases/Администратор/ОТЧЕТЫ функциональные тесты/Игровая статистика FAILED.
Reason:
com.kms.katalon.core.exception.StepFailedException: Unable to verify text 'Матчи' is present  using regular expression
	at com.kms.katalon.core.webui.keyword.internal.WebUIKeywordMain.stepFailed(WebUIKeywordMain.groovy:64)
	at com.kms.katalon.core.webui.keyword.internal.WebUIKeywordMain.runKeyword(WebUIKeywordMain.groovy:26)
	at com.kms.katalon.core.webui.keyword.builtin.VerifyTextPresentKeyword.verifyTextPresent(VerifyTextPresentKeyword.groovy:83)
	at com.kms.katalon.core.webui.keyword.builtin.VerifyTextPresentKeyword.execute(VerifyTextPresentKeyword.groovy:68)
	at com.kms.katalon.core.keyword.internal.KeywordExecutor.executeKeywordForPlatform(KeywordExecutor.groovy:74)
	at com.kms.katalon.core.webui.keyword.WebUiBuiltInKeywords.verifyTextPresent(WebUiBuiltInKeywords.groovy:1723)
	at com.kms.katalon.core.webui.keyword.WebUiBuiltInKeywords$verifyTextPresent$4.call(Unknown Source)
	at Игровая статистика.run(Игровая статистика:48)
	at com.kms.katalon.core.main.ScriptEngine.run(ScriptEngine.java:194)
	at com.kms.katalon.core.main.ScriptEngine.runScriptAsRawText(ScriptEngine.java:119)
	at com.kms.katalon.core.main.TestCaseExecutor.runScript(TestCaseExecutor.java:442)
	at com.kms.katalon.core.main.TestCaseExecutor.doExecute(TestCaseExecutor.java:433)
	at com.kms.katalon.core.main.TestCaseExecutor.processExecutionPhase(TestCaseExecutor.java:412)
	at com.kms.katalon.core.main.TestCaseExecutor.accessMainPhase(TestCaseExecutor.java:404)
	at com.kms.katalon.core.main.TestCaseExecutor.execute(TestCaseExecutor.java:281)
	at com.kms.katalon.core.main.TestSuiteExecutor.accessTestCaseMainPhase(TestSuiteExecutor.java:202)
	at com.kms.katalon.core.main.TestSuiteExecutor.accessTestSuiteMainPhase(TestSuiteExecutor.java:164)
	at com.kms.katalon.core.main.TestSuiteExecutor.execute(TestSuiteExecutor.java:105)
	at com.kms.katalon.core.main.TestCaseMain.startTestSuite(TestCaseMain.java:185)
	at com.kms.katalon.core.main.TestCaseMain$startTestSuite$0.call(Unknown Source)
	at TempTestSuite1649143147000.run(TempTestSuite1649143147000.groovy:36)
Caused by: com.kms.katalon.core.exception.StepFailedException: Text 'Матчи' is not present on page  using regular expression
	at com.kms.katalon.core.webui.keyword.internal.WebUIKeywordMain.stepFailed(WebUIKeywordMain.groovy:64)
	at com.kms.katalon.core.webui.keyword.builtin.VerifyTextPresentKeyword$_verifyTextPresent_closure1.doCall(VerifyTextPresentKeyword.groovy:79)
	at com.kms.katalon.core.webui.keyword.builtin.VerifyTextPresentKeyword$_verifyTextPresent_closure1.call(VerifyTextPresentKeyword.groovy)
	at com.kms.katalon.core.webui.keyword.internal.WebUIKeywordMain.runKeyword(WebUIKeywordMain.groovy:20)
	... 19 more]]></system-out>
      <system-err><![CDATA[2022-04-05 10:19:32 - [TEST_SUITE][FAILED] - Администратор: Test Cases/Администратор/ОТЧЕТЫ функциональные тесты/Игровая статистика FAILED.
Reason:
com.kms.katalon.core.exception.StepFailedException: Unable to verify text 'Матчи' is present  using regular expression
	at com.kms.katalon.core.webui.keyword.internal.WebUIKeywordMain.stepFailed(WebUIKeywordMain.groovy:64)
	at com.kms.katalon.core.webui.keyword.internal.WebUIKeywordMain.runKeyword(WebUIKeywordMain.groovy:26)
	at com.kms.katalon.core.webui.keyword.builtin.VerifyTextPresentKeyword.verifyTextPresent(VerifyTextPresentKeyword.groovy:83)
	at com.kms.katalon.core.webui.keyword.builtin.VerifyTextPresentKeyword.execute(VerifyTextPresentKeyword.groovy:68)
	at com.kms.katalon.core.keyword.internal.KeywordExecutor.executeKeywordForPlatform(KeywordExecutor.groovy:74)
	at com.kms.katalon.core.webui.keyword.WebUiBuiltInKeywords.verifyTextPresent(WebUiBuiltInKeywords.groovy:1723)
	at com.kms.katalon.core.webui.keyword.WebUiBuiltInKeywords$verifyTextPresent$4.call(Unknown Source)
	at Игровая статистика.run(Игровая статистика:48)
	at com.kms.katalon.core.main.ScriptEngine.run(ScriptEngine.java:194)
	at com.kms.katalon.core.main.ScriptEngine.runScriptAsRawText(ScriptEngine.java:119)
	at com.kms.katalon.core.main.TestCaseExecutor.runScript(TestCaseExecutor.java:442)
	at com.kms.katalon.core.main.TestCaseExecutor.doExecute(TestCaseExecutor.java:433)
	at com.kms.katalon.core.main.TestCaseExecutor.processExecutionPhase(TestCaseExecutor.java:412)
	at com.kms.katalon.core.main.TestCaseExecutor.accessMainPhase(TestCaseExecutor.java:404)
	at com.kms.katalon.core.main.TestCaseExecutor.execute(TestCaseExecutor.java:281)
	at com.kms.katalon.core.main.TestSuiteExecutor.accessTestCaseMainPhase(TestSuiteExecutor.java:202)
	at com.kms.katalon.core.main.TestSuiteExecutor.accessTestSuiteMainPhase(TestSuiteExecutor.java:164)
	at com.kms.katalon.core.main.TestSuiteExecutor.execute(TestSuiteExecutor.java:105)
	at com.kms.katalon.core.main.TestCaseMain.startTestSuite(TestCaseMain.java:185)
	at com.kms.katalon.core.main.TestCaseMain$startTestSuite$0.call(Unknown Source)
	at TempTestSuite1649143147000.run(TempTestSuite1649143147000.groovy:36)
Caused by: com.kms.katalon.core.exception.StepFailedException: Text 'Матчи' is not present on page  using regular expression
	at com.kms.katalon.core.webui.keyword.internal.WebUIKeywordMain.stepFailed(WebUIKeywordMain.groovy:64)
	at com.kms.katalon.core.webui.keyword.builtin.VerifyTextPresentKeyword$_verifyTextPresent_closure1.doCall(VerifyTextPresentKeyword.groovy:79)
	at com.kms.katalon.core.webui.keyword.builtin.VerifyTextPresentKeyword$_verifyTextPresent_closure1.call(VerifyTextPresentKeyword.groovy)
	at com.kms.katalon.core.webui.keyword.internal.WebUIKeywordMain.runKeyword(WebUIKeywordMain.groovy:20)
	... 19 more]]></system-err>
   </testsuite>
   <testsuite name="Администратор" tests="11" failures="3" errors="0" time="3059.167" skipped="0" timestamp="2022-04-05 10:19:32" hostname="LENOVO - DESKTOP-KNHN0AA" id="Test Suites/Администратор">
      <properties>
         <property name="deviceName" value=""/>
         <property name="devicePlatform" value=""/>
         <property name="logFolder" value="C:\\Users\\LENOVO\\Katalon Studio\\Avangard\\Reports\\20220405_101904\\\u0410\u0434\u043C\u0438\u043D\u0438\u0441\u0442\u0440\u0430\u0442\u043E\u0440\\20220405_101908"/>
         <property name="logFiles" value="C:\\Users\\LENOVO\\Katalon Studio\\Avangard\\Reports\\20220405_101904\\\u0410\u0434\u043C\u0438\u043D\u0438\u0441\u0442\u0440\u0430\u0442\u043E\u0440\\20220405_101908\\execution0.log"/>
         <property name="attachments" value="C:\scr\Авангард-200541.jpg, C:\scr\Авангард-200542.jpg, C:\scr\Авангард-200534.jpg, C:\scr\Авангард-200537.jpg, C:\scr\Авангард-200539.jpg, C:\scr\Авангард-200540.jpg, C:\scr\Авангард-200538.jpg, C:\scr\Авангард-200533.jpg, C:\scr\Авангард-200529.jpg, C:\scr\Авангард-200530.jpg, C:\\Users\\LENOVO\\Katalon Studio\\Avangard\\Reports\\20220405_101904\\\u0410\u0434\u043C\u0438\u043D\u0438\u0441\u0442\u0440\u0430\u0442\u043E\u0440\\20220405_101908\\1649144735153.png, C:\scr\Авангард-200510.jpg, C:\\Users\\LENOVO\\Katalon Studio\\Avangard\\Reports\\20220405_101904\\\u0410\u0434\u043C\u0438\u043D\u0438\u0441\u0442\u0440\u0430\u0442\u043E\u0440\\20220405_101908\\1649145272388.png"/>
         <property name="hostName" value="LENOVO - DESKTOP-KNHN0AA"/>
         <property name="remoteDriverUrl" value="testcloud.katalon.com/hub"/>
         <property name="desiredCapabilities" value="{
  &quot;acceptInsecureCerts&quot;: false,
  &quot;browserName&quot;: &quot;chrome&quot;,
  &quot;browserVersion&quot;: &quot;97.0.4692.71&quot;,
  &quot;chrome&quot;: {
    &quot;chromedriverVersion&quot;: &quot;97.0.4692.71 (adefa7837d02a07a604c1e6eff0b3a09422ab88d-refs/branch-heads/4692@{#1247})&quot;,
    &quot;userDataDir&quot;: &quot;/tmp/.com.google.Chrome.0R7AWp&quot;
  },
  &quot;goog:chromeOptions&quot;: {
    &quot;debuggerAddress&quot;: &quot;localhost:46337&quot;
  },
  &quot;javascriptEnabled&quot;: true,
  &quot;networkConnectionEnabled&quot;: false,
  &quot;pageLoadStrategy&quot;: &quot;normal&quot;,
  &quot;platform&quot;: &quot;LINUX&quot;,
  &quot;platformName&quot;: &quot;LINUX&quot;,
  &quot;proxy&quot;: {
    &quot;proxyType&quot;: &quot;DIRECT&quot;,
    &quot;autodetect&quot;: false
  },
  &quot;se:cdp&quot;: &quot;ws://172.48.49.75:4444/session/2fd74f319f0db0a1fd3a259dcfb254e2/se/cdp&quot;,
  &quot;se:cdpVersion&quot;: &quot;97.0.4692.71&quot;,
  &quot;se:vnc&quot;: &quot;ws://172.48.49.75:4444/session/2fd74f319f0db0a1fd3a259dcfb254e2/se/vnc&quot;,
  &quot;se:vncEnabled&quot;: true,
  &quot;se:vncLocalAddress&quot;: &quot;ws://172.48.49.75:7900&quot;,
  &quot;setWindowRect&quot;: true,
  &quot;strictFileInteractability&quot;: false,
  &quot;timeouts&quot;: {
    &quot;implicit&quot;: 0,
    &quot;pageLoad&quot;: 300000,
    &quot;script&quot;: 30000
  },
  &quot;unhandledPromptBehavior&quot;: &quot;dismiss and notify&quot;,
  &quot;webauthn:extension:credBlob&quot;: true,
  &quot;webauthn:extension:largeBlob&quot;: true,
  &quot;webauthn:virtualAuthenticators&quot;: true
}"/>
         <property name="os" value="Windows 10 64bit"/>
         <property name="remoteOS" value="Linux"/>
         <property name="katalonVersion" value="8.2.5.208"/>
         <property name="browser" value="Chrome 97.0.4692.71"/>
         <property name="hostAddress" value="192.168.2.114"/>
         <property name="sessionId" value="2fd74f319f0db0a1fd3a259dcfb254e2"/>
         <property name="seleniumVersion" value="3.141.59"/>
         <property name="proxyInformation" value="ProxyInformation { proxyOption=NO_PROXY, proxyServerType=HTTP, username=, password=********, proxyServerAddress=, proxyServerPort=0, executionList=&quot;&quot;, isApplyToDesiredCapabilities=true }"/>
         <property name="platform" value="Windows 10"/>
      </properties>
      <testcase name="Test Cases/Администратор/Тренеры" time="169.992" classname="Test Cases/Администратор/Тренеры" status="PASSED">
         <system-out><![CDATA[2022-04-05 10:19:33 - [TEST_CASE][PASSED] - Test Cases/Администратор/Тренеры: Test Cases/Администратор/Тренеры

2022-04-05 10:19:36 - [TEST_STEP][PASSED] - callTestCase(findTestCase("Администратор/Авторизация"), [:], STOP_ON_FAILURE): Call Test Case 'Test Cases/Администратор/Авторизация' successfully

2022-04-05 10:19:37 - [TEST_CASE][PASSED] - Test Cases/Администратор/Авторизация: Test Cases/Администратор/Авторизация

2022-04-05 10:19:41 - [TEST_STEP][PASSED] - openBrowser(""): Browser is opened with url: ''

2022-04-05 10:19:43 - [MESSAGE][INFO] - User set preference: ['os', 'linux']

2022-04-05 10:19:43 - [MESSAGE][INFO] - User set preference: ['browserName', 'chrome']

2022-04-05 10:19:43 - [MESSAGE][INFO] - User set preference: ['browserVersion', '97']

2022-04-05 10:19:43 - [MESSAGE][INFO] - User set preference: ['katalon:option', '{organizationId=632442, tunnelId=, usingTunnel=false}']

2022-04-05 10:19:43 - [MESSAGE][INFO] - Connecting to remote web server 'testcloud.katalon.com/hub' with type 'Selenium'

2022-04-05 10:19:45 - [MESSAGE][INFO] - Action delay is set to 100 milliseconds

2022-04-05 10:21:13 - [MESSAGE][PASSED] - Browser is opened with url: ''

2022-04-05 10:21:13 - [TEST_STEP][PASSED] - maximizeWindow(): Current window maximized

2022-04-05 10:21:14 - [MESSAGE][PASSED] - Current window maximized

2022-04-05 10:21:14 - [TEST_STEP][PASSED] - navigateToUrl(url): Navigate to 'https://stars-stage.hawk.ru:8080' successfully

2022-04-05 10:21:21 - [MESSAGE][PASSED] - Navigate to 'https://stars-stage.hawk.ru:8080' successfully

2022-04-05 10:21:21 - [TEST_STEP][PASSED] - setText(findTestObject("Object Repository/Page_/input__sc-lnrBVv eqPACj"), admin_login): Text 'TestAdmin@test.ru' is set on object 'Object Repository/Page_/input__sc-lnrBVv eqPACj'

2022-04-05 10:21:25 - [MESSAGE][PASSED] - Text 'TestAdmin@test.ru' is set on object 'Object Repository/Page_/input__sc-lnrBVv eqPACj'

2022-04-05 10:21:25 - [TEST_STEP][PASSED] - setText(findTestObject("Object Repository/Page_/input__sc-lnrBVv eqPACj_1"), admin_password): Text 'TestAdmin@test.ru' is set on object 'Object Repository/Page_/input__sc-lnrBVv eqPACj_1'

2022-04-05 10:21:30 - [MESSAGE][PASSED] - Text 'TestAdmin@test.ru' is set on object 'Object Repository/Page_/input__sc-lnrBVv eqPACj_1'

2022-04-05 10:21:30 - [TEST_STEP][PASSED] - click(findTestObject("Object Repository/Page_/go")): Object: 'Object Repository/Page_/go' is clicked on

2022-04-05 10:21:32 - [MESSAGE][PASSED] - Object: 'Object Repository/Page_/go' is clicked on

2022-04-05 10:21:32 - [MESSAGE][PASSED] - Call Test Case 'Test Cases/Администратор/Авторизация' successfully

2022-04-05 10:21:32 - [TEST_STEP][PASSED] - click(findTestObject("Object Repository/admin/teachers/Page_/teach")): Object: 'Object Repository/admin/teachers/Page_/teach' is clicked on

2022-04-05 10:21:53 - [MESSAGE][PASSED] - Object: 'Object Repository/admin/teachers/Page_/teach' is clicked on

2022-04-05 10:21:53 - [TEST_STEP][PASSED] - click(findTestObject("Object Repository/admin/teachers/Page_/span_")): Object: 'Object Repository/admin/teachers/Page_/span_' is clicked on

2022-04-05 10:21:56 - [MESSAGE][PASSED] - Object: 'Object Repository/admin/teachers/Page_/span_' is clicked on

2022-04-05 10:21:56 - [TEST_STEP][PASSED] - verifyTextPresent("ПРОФИЛЬ ПРЕПОДАВАТЕЛЯ", false): Text 'ПРОФИЛЬ ПРЕПОДАВАТЕЛЯ' is present on page 

2022-04-05 10:21:58 - [MESSAGE][PASSED] - Text 'ПРОФИЛЬ ПРЕПОДАВАТЕЛЯ' is present on page 

2022-04-05 10:21:58 - [TEST_STEP][PASSED] - takeFullPageScreenshot("C:\scr\" + school + "41.jpg"): Taking screenshot successfully

2022-04-05 10:22:06 - [MESSAGE][INFO] - 0 hidden object(s)

2022-04-05 10:22:06 - [MESSAGE][PASSED] - Taking screenshot successfully
[[ATTACHMENT|C:\scr\Авангард-200541.jpg]]

2022-04-05 10:22:06 - [TEST_STEP][PASSED] - click(findTestObject("Object Repository/admin/teachers/Page_/career")): Object: 'Object Repository/admin/teachers/Page_/career' is clicked on

2022-04-05 10:22:08 - [MESSAGE][PASSED] - Object: 'Object Repository/admin/teachers/Page_/career' is clicked on

2022-04-05 10:22:08 - [TEST_STEP][PASSED] - verifyTextPresent("КАРЬЕРА ТРЕНЕРА", false): Text 'КАРЬЕРА ТРЕНЕРА' is present on page 

2022-04-05 10:22:10 - [MESSAGE][PASSED] - Text 'КАРЬЕРА ТРЕНЕРА' is present on page 

2022-04-05 10:22:10 - [TEST_STEP][PASSED] - takeFullPageScreenshot("C:\scr\" + school + "42.jpg"): Taking screenshot successfully

2022-04-05 10:22:16 - [MESSAGE][INFO] - 0 hidden object(s)

2022-04-05 10:22:16 - [MESSAGE][PASSED] - Taking screenshot successfully
[[ATTACHMENT|C:\scr\Авангард-200542.jpg]]

2022-04-05 10:22:16 - [TEST_STEP][PASSED] - click(findTestObject("Object Repository/admin/teachers/Page_/button_")): Object: 'Object Repository/admin/teachers/Page_/button_' is clicked on

2022-04-05 10:22:18 - [MESSAGE][PASSED] - Object: 'Object Repository/admin/teachers/Page_/button_' is clicked on

2022-04-05 10:22:18 - [TEST_STEP][PASSED] - verifyTextPresent("Пользователь сохранен", false): Text 'Пользователь сохранен' is present on page 

2022-04-05 10:22:21 - [MESSAGE][PASSED] - Text 'Пользователь сохранен' is present on page 

2022-04-05 10:22:21 - [TEST_STEP][PASSED] - click(findTestObject("Object Repository/admin/teachers/Page_/root")): Object: 'Object Repository/admin/teachers/Page_/root' is clicked on

2022-04-05 10:22:23 - [MESSAGE][PASSED] - Object: 'Object Repository/admin/teachers/Page_/root' is clicked on

2022-04-05 10:22:23 - [TEST_STEP][PASSED] - closeBrowser(): Browser is closed

2022-04-05 10:22:23 - [MESSAGE][PASSED] - Browser is closed]]></system-out>
         <system-err><![CDATA[]]></system-err>
      </testcase>
      <testcase name="Test Cases/Администратор/Рейтинг" time="328.448" classname="Test Cases/Администратор/Рейтинг" status="FAILED">
         <failure type="FAILED" message="Test Cases/Администратор/Рейтинг FAILED.
Reason:
com.kms.katalon.core.exception.StepFailedException: Text 'Матчи' is not present on page  using regular expression (Root cause: com.kms.katalon.core.exception.StepFailedException: Text 'Матчи' is not present on page  using regular expression
	at com.kms.katalon.core.webui.keyword.internal.WebUIKeywordMain.stepFailed(WebUIKeywordMain.groovy:64)
	at com.kms.katalon.core.webui.keyword.builtin.VerifyTextPresentKeyword$_verifyTextPresent_closure1.doCall(VerifyTextPresentKeyword.groovy:79)
	at com.kms.katalon.core.webui.keyword.builtin.VerifyTextPresentKeyword$_verifyTextPresent_closure1.call(VerifyTextPresentKeyword.groovy)
	at com.kms.katalon.core.webui.keyword.internal.WebUIKeywordMain.runKeyword(WebUIKeywordMain.groovy:20)
	at com.kms.katalon.core.webui.keyword.builtin.VerifyTextPresentKeyword.verifyTextPresent(VerifyTextPresentKeyword.groovy:83)
	at com.kms.katalon.core.webui.keyword.builtin.VerifyTextPresentKeyword.execute(VerifyTextPresentKeyword.groovy:68)
	at com.kms.katalon.core.keyword.internal.KeywordExecutor.executeKeywordForPlatform(KeywordExecutor.groovy:74)
	at com.kms.katalon.core.webui.keyword.WebUiBuiltInKeywords.verifyTextPresent(WebUiBuiltInKeywords.groovy:1707)
	at com.kms.katalon.core.webui.keyword.WebUiBuiltInKeywords$verifyTextPresent$9.call(Unknown Source)
	at Рейтинг.run(Рейтинг:57)
	at com.kms.katalon.core.main.ScriptEngine.run(ScriptEngine.java:194)
	at com.kms.katalon.core.main.ScriptEngine.runScriptAsRawText(ScriptEngine.java:119)
	at com.kms.katalon.core.main.TestCaseExecutor.runScript(TestCaseExecutor.java:442)
	at com.kms.katalon.core.main.TestCaseExecutor.doExecute(TestCaseExecutor.java:433)
	at com.kms.katalon.core.main.TestCaseExecutor.processExecutionPhase(TestCaseExecutor.java:412)
	at com.kms.katalon.core.main.TestCaseExecutor.accessMainPhase(TestCaseExecutor.java:404)
	at com.kms.katalon.core.main.TestCaseExecutor.execute(TestCaseExecutor.java:281)
	at com.kms.katalon.core.main.TestSuiteExecutor.accessTestCaseMainPhase(TestSuiteExecutor.java:202)
	at com.kms.katalon.core.main.TestSuiteExecutor.accessTestSuiteMainPhase(TestSuiteExecutor.java:164)
	at com.kms.katalon.core.main.TestSuiteExecutor.execute(TestSuiteExecutor.java:105)
	at com.kms.katalon.core.main.TestCaseMain.startTestSuite(TestCaseMain.java:185)
	at com.kms.katalon.core.main.TestCaseMain$startTestSuite$0.call(Unknown Source)
	at TempTestSuite1649143148820.run(TempTestSuite1649143148820.groovy:36)
)
	at com.kms.katalon.core.keyword.internal.KeywordMain.stepFailed(KeywordMain.groovy:39)
	at com.kms.katalon.core.webui.keyword.internal.WebUIKeywordMain.stepFailed(WebUIKeywordMain.groovy:64)
	at com.kms.katalon.core.webui.keyword.builtin.VerifyTextPresentKeyword$_verifyTextPresent_closure1.doCall(VerifyTextPresentKeyword.groovy:79)
	at com.kms.katalon.core.webui.keyword.builtin.VerifyTextPresentKeyword$_verifyTextPresent_closure1.call(VerifyTextPresentKeyword.groovy)
	at com.kms.katalon.core.webui.keyword.internal.WebUIKeywordMain.runKeyword(WebUIKeywordMain.groovy:20)
	at com.kms.katalon.core.webui.keyword.builtin.VerifyTextPresentKeyword.verifyTextPresent(VerifyTextPresentKeyword.groovy:83)
	at com.kms.katalon.core.webui.keyword.builtin.VerifyTextPresentKeyword.execute(VerifyTextPresentKeyword.groovy:68)
	at com.kms.katalon.core.keyword.internal.KeywordExecutor.executeKeywordForPlatform(KeywordExecutor.groovy:74)
	at com.kms.katalon.core.webui.keyword.WebUiBuiltInKeywords.verifyTextPresent(WebUiBuiltInKeywords.groovy:1707)
	at com.kms.katalon.core.webui.keyword.WebUiBuiltInKeywords$verifyTextPresent$9.call(Unknown Source)
	at Рейтинг.run(Рейтинг:57)
	at com.kms.katalon.core.main.ScriptEngine.run(ScriptEngine.java:194)
	at com.kms.katalon.core.main.ScriptEngine.runScriptAsRawText(ScriptEngine.java:119)
	at com.kms.katalon.core.main.TestCaseExecutor.runScript(TestCaseExecutor.java:442)
	at com.kms.katalon.core.main.TestCaseExecutor.doExecute(TestCaseExecutor.java:433)
	at com.kms.katalon.core.main.TestCaseExecutor.processExecutionPhase(TestCaseExecutor.java:412)
	at com.kms.katalon.core.main.TestCaseExecutor.accessMainPhase(TestCaseExecutor.java:404)
	at com.kms.katalon.core.main.TestCaseExecutor.execute(TestCaseExecutor.java:281)
	at com.kms.katalon.core.main.TestSuiteExecutor.accessTestCaseMainPhase(TestSuiteExecutor.java:202)
	at com.kms.katalon.core.main.TestSuiteExecutor.accessTestSuiteMainPhase(TestSuiteExecutor.java:164)
	at com.kms.katalon.core.main.TestSuiteExecutor.execute(TestSuiteExecutor.java:105)
	at com.kms.katalon.core.main.TestCaseMain.startTestSuite(TestCaseMain.java:185)
	at com.kms.katalon.core.main.TestCaseMain$startTestSuite$0.call(Unknown Source)
	at TempTestSuite1649143148820.run(TempTestSuite1649143148820.groovy:36)
Caused by: com.kms.katalon.core.exception.StepFailedException: Text 'Матчи' is not present on page  using regular expression
	... 23 more
"/>
         <system-out><![CDATA[2022-04-05 10:22:23 - [TEST_CASE][FAILED] - Test Cases/Администратор/Рейтинг: Test Cases/Администратор/Рейтинг FAILED.
Reason:
com.kms.katalon.core.exception.StepFailedException: Text 'Матчи' is not present on page  using regular expression (Root cause: com.kms.katalon.core.exception.StepFailedException: Text 'Матчи' is not present on page  using regular expression
	at com.kms.katalon.core.webui.keyword.internal.WebUIKeywordMain.stepFailed(WebUIKeywordMain.groovy:64)
	at com.kms.katalon.core.webui.keyword.builtin.VerifyTextPresentKeyword$_verifyTextPresent_closure1.doCall(VerifyTextPresentKeyword.groovy:79)
	at com.kms.katalon.core.webui.keyword.builtin.VerifyTextPresentKeyword$_verifyTextPresent_closure1.call(VerifyTextPresentKeyword.groovy)
	at com.kms.katalon.core.webui.keyword.internal.WebUIKeywordMain.runKeyword(WebUIKeywordMain.groovy:20)
	at com.kms.katalon.core.webui.keyword.builtin.VerifyTextPresentKeyword.verifyTextPresent(VerifyTextPresentKeyword.groovy:83)
	at com.kms.katalon.core.webui.keyword.builtin.VerifyTextPresentKeyword.execute(VerifyTextPresentKeyword.groovy:68)
	at com.kms.katalon.core.keyword.internal.KeywordExecutor.executeKeywordForPlatform(KeywordExecutor.groovy:74)
	at com.kms.katalon.core.webui.keyword.WebUiBuiltInKeywords.verifyTextPresent(WebUiBuiltInKeywords.groovy:1707)
	at com.kms.katalon.core.webui.keyword.WebUiBuiltInKeywords$verifyTextPresent$9.call(Unknown Source)
	at Рейтинг.run(Рейтинг:57)
	at com.kms.katalon.core.main.ScriptEngine.run(ScriptEngine.java:194)
	at com.kms.katalon.core.main.ScriptEngine.runScriptAsRawText(ScriptEngine.java:119)
	at com.kms.katalon.core.main.TestCaseExecutor.runScript(TestCaseExecutor.java:442)
	at com.kms.katalon.core.main.TestCaseExecutor.doExecute(TestCaseExecutor.java:433)
	at com.kms.katalon.core.main.TestCaseExecutor.processExecutionPhase(TestCaseExecutor.java:412)
	at com.kms.katalon.core.main.TestCaseExecutor.accessMainPhase(TestCaseExecutor.java:404)
	at com.kms.katalon.core.main.TestCaseExecutor.execute(TestCaseExecutor.java:281)
	at com.kms.katalon.core.main.TestSuiteExecutor.accessTestCaseMainPhase(TestSuiteExecutor.java:202)
	at com.kms.katalon.core.main.TestSuiteExecutor.accessTestSuiteMainPhase(TestSuiteExecutor.java:164)
	at com.kms.katalon.core.main.TestSuiteExecutor.execute(TestSuiteExecutor.java:105)
	at com.kms.katalon.core.main.TestCaseMain.startTestSuite(TestCaseMain.java:185)
	at com.kms.katalon.core.main.TestCaseMain$startTestSuite$0.call(Unknown Source)
	at TempTestSuite1649143148820.run(TempTestSuite1649143148820.groovy:36)
)
	at com.kms.katalon.core.keyword.internal.KeywordMain.stepFailed(KeywordMain.groovy:39)
	at com.kms.katalon.core.webui.keyword.internal.WebUIKeywordMain.stepFailed(WebUIKeywordMain.groovy:64)
	at com.kms.katalon.core.webui.keyword.builtin.VerifyTextPresentKeyword$_verifyTextPresent_closure1.doCall(VerifyTextPresentKeyword.groovy:79)
	at com.kms.katalon.core.webui.keyword.builtin.VerifyTextPresentKeyword$_verifyTextPresent_closure1.call(VerifyTextPresentKeyword.groovy)
	at com.kms.katalon.core.webui.keyword.internal.WebUIKeywordMain.runKeyword(WebUIKeywordMain.groovy:20)
	at com.kms.katalon.core.webui.keyword.builtin.VerifyTextPresentKeyword.verifyTextPresent(VerifyTextPresentKeyword.groovy:83)
	at com.kms.katalon.core.webui.keyword.builtin.VerifyTextPresentKeyword.execute(VerifyTextPresentKeyword.groovy:68)
	at com.kms.katalon.core.keyword.internal.KeywordExecutor.executeKeywordForPlatform(KeywordExecutor.groovy:74)
	at com.kms.katalon.core.webui.keyword.WebUiBuiltInKeywords.verifyTextPresent(WebUiBuiltInKeywords.groovy:1707)
	at com.kms.katalon.core.webui.keyword.WebUiBuiltInKeywords$verifyTextPresent$9.call(Unknown Source)
	at Рейтинг.run(Рейтинг:57)
	at com.kms.katalon.core.main.ScriptEngine.run(ScriptEngine.java:194)
	at com.kms.katalon.core.main.ScriptEngine.runScriptAsRawText(ScriptEngine.java:119)
	at com.kms.katalon.core.main.TestCaseExecutor.runScript(TestCaseExecutor.java:442)
	at com.kms.katalon.core.main.TestCaseExecutor.doExecute(TestCaseExecutor.java:433)
	at com.kms.katalon.core.main.TestCaseExecutor.processExecutionPhase(TestCaseExecutor.java:412)
	at com.kms.katalon.core.main.TestCaseExecutor.accessMainPhase(TestCaseExecutor.java:404)
	at com.kms.katalon.core.main.TestCaseExecutor.execute(TestCaseExecutor.java:281)
	at com.kms.katalon.core.main.TestSuiteExecutor.accessTestCaseMainPhase(TestSuiteExecutor.java:202)
	at com.kms.katalon.core.main.TestSuiteExecutor.accessTestSuiteMainPhase(TestSuiteExecutor.java:164)
	at com.kms.katalon.core.main.TestSuiteExecutor.execute(TestSuiteExecutor.java:105)
	at com.kms.katalon.core.main.TestCaseMain.startTestSuite(TestCaseMain.java:185)
	at com.kms.katalon.core.main.TestCaseMain$startTestSuite$0.call(Unknown Source)
	at TempTestSuite1649143148820.run(TempTestSuite1649143148820.groovy:36)
Caused by: com.kms.katalon.core.exception.StepFailedException: Text 'Матчи' is not present on page  using regular expression
	... 23 more


2022-04-05 10:22:24 - [TEST_STEP][PASSED] - callTestCase(findTestCase("Администратор/Авторизация"), [:], STOP_ON_FAILURE): Call Test Case 'Test Cases/Администратор/Авторизация' successfully

2022-04-05 10:22:24 - [TEST_CASE][PASSED] - Test Cases/Администратор/Авторизация: Test Cases/Администратор/Авторизация

2022-04-05 10:22:24 - [TEST_STEP][PASSED] - openBrowser(""): Browser is opened with url: ''

2022-04-05 10:22:24 - [MESSAGE][INFO] - User set preference: ['os', 'linux']

2022-04-05 10:22:24 - [MESSAGE][INFO] - User set preference: ['browserName', 'chrome']

2022-04-05 10:22:24 - [MESSAGE][INFO] - User set preference: ['browserVersion', '97']

2022-04-05 10:22:24 - [MESSAGE][INFO] - User set preference: ['katalon:option', '{organizationId=632442, tunnelId=, usingTunnel=false}']

2022-04-05 10:22:24 - [MESSAGE][INFO] - Connecting to remote web server 'testcloud.katalon.com/hub' with type 'Selenium'

2022-04-05 10:22:24 - [MESSAGE][INFO] - Action delay is set to 100 milliseconds

2022-04-05 10:26:09 - [MESSAGE][PASSED] - Browser is opened with url: ''

2022-04-05 10:26:09 - [TEST_STEP][PASSED] - maximizeWindow(): Current window maximized

2022-04-05 10:26:10 - [MESSAGE][PASSED] - Current window maximized

2022-04-05 10:26:10 - [TEST_STEP][PASSED] - navigateToUrl(url): Navigate to 'https://stars-stage.hawk.ru:8080' successfully

2022-04-05 10:26:17 - [MESSAGE][PASSED] - Navigate to 'https://stars-stage.hawk.ru:8080' successfully

2022-04-05 10:26:17 - [TEST_STEP][PASSED] - setText(findTestObject("Object Repository/Page_/input__sc-lnrBVv eqPACj"), admin_login): Text 'TestAdmin@test.ru' is set on object 'Object Repository/Page_/input__sc-lnrBVv eqPACj'

2022-04-05 10:26:21 - [MESSAGE][PASSED] - Text 'TestAdmin@test.ru' is set on object 'Object Repository/Page_/input__sc-lnrBVv eqPACj'

2022-04-05 10:26:21 - [TEST_STEP][PASSED] - setText(findTestObject("Object Repository/Page_/input__sc-lnrBVv eqPACj_1"), admin_password): Text 'TestAdmin@test.ru' is set on object 'Object Repository/Page_/input__sc-lnrBVv eqPACj_1'

2022-04-05 10:26:25 - [MESSAGE][PASSED] - Text 'TestAdmin@test.ru' is set on object 'Object Repository/Page_/input__sc-lnrBVv eqPACj_1'

2022-04-05 10:26:25 - [TEST_STEP][PASSED] - click(findTestObject("Object Repository/Page_/go")): Object: 'Object Repository/Page_/go' is clicked on

2022-04-05 10:26:27 - [MESSAGE][PASSED] - Object: 'Object Repository/Page_/go' is clicked on

2022-04-05 10:26:27 - [MESSAGE][PASSED] - Call Test Case 'Test Cases/Администратор/Авторизация' successfully

2022-04-05 10:26:27 - [TEST_STEP][PASSED] - click(findTestObject("Object Repository/admin/rating/grating")): Object: 'Object Repository/admin/rating/grating' is clicked on

2022-04-05 10:26:48 - [MESSAGE][PASSED] - Object: 'Object Repository/admin/rating/grating' is clicked on

2022-04-05 10:26:48 - [TEST_STEP][PASSED] - takeFullPageScreenshot("C:\scr\" + school + "34.jpg"): Taking screenshot successfully

2022-04-05 10:26:53 - [MESSAGE][INFO] - 0 hidden object(s)

2022-04-05 10:26:53 - [MESSAGE][PASSED] - Taking screenshot successfully
[[ATTACHMENT|C:\scr\Авангард-200534.jpg]]

2022-04-05 10:26:53 - [TEST_STEP][PASSED] - click(findTestObject("Object Repository/admin/Page_/shkool")): Object: 'Object Repository/admin/Page_/shkool' is clicked on

2022-04-05 10:26:55 - [MESSAGE][PASSED] - Object: 'Object Repository/admin/Page_/shkool' is clicked on

2022-04-05 10:26:55 - [TEST_STEP][PASSED] - click(findTestObject("Object Repository/admin/Page_/div_ (2)")): Object: 'Object Repository/admin/Page_/div_ (2)' is clicked on

2022-04-05 10:26:57 - [MESSAGE][PASSED] - Object: 'Object Repository/admin/Page_/div_ (2)' is clicked on

2022-04-05 10:26:57 - [TEST_STEP][PASSED] - click(findTestObject("Object Repository/admin/Page_/team")): Object: 'Object Repository/admin/Page_/team' is clicked on

2022-04-05 10:26:59 - [MESSAGE][PASSED] - Object: 'Object Repository/admin/Page_/team' is clicked on

2022-04-05 10:26:59 - [TEST_STEP][PASSED] - click(findTestObject("Object Repository/admin/Page_/omsk")): Object: 'Object Repository/admin/Page_/omsk' is clicked on

2022-04-05 10:27:01 - [MESSAGE][PASSED] - Object: 'Object Repository/admin/Page_/omsk' is clicked on

2022-04-05 10:27:01 - [TEST_STEP][PASSED] - scrollToElement(findTestObject("Object Repository/admin/Page_/top1"), 0): Scroll to object 'Object Repository/admin/Page_/top1' successfully

2022-04-05 10:27:01 - [MESSAGE][WARNING] - Timeout '0' is invalid. Using default page load timeout: '30'

2022-04-05 10:27:03 - [MESSAGE][PASSED] - Scroll to object 'Object Repository/admin/Page_/top1' successfully

2022-04-05 10:27:03 - [TEST_STEP][PASSED] - click(findTestObject("Object Repository/admin/Page_/top1")): Object: 'Object Repository/admin/Page_/top1' is clicked on

2022-04-05 10:27:06 - [MESSAGE][PASSED] - Object: 'Object Repository/admin/Page_/top1' is clicked on

2022-04-05 10:27:06 - [TEST_STEP][PASSED] - takeFullPageScreenshot("C:\scr\" + school + "37.jpg", CONTINUE_ON_FAILURE): Taking screenshot successfully

2022-04-05 10:27:11 - [MESSAGE][INFO] - 0 hidden object(s)

2022-04-05 10:27:11 - [MESSAGE][PASSED] - Taking screenshot successfully
[[ATTACHMENT|C:\scr\Авангард-200537.jpg]]

2022-04-05 10:27:11 - [TEST_STEP][PASSED] - click(findTestObject("Object Repository/admin/Page_/skill")): Object: 'Object Repository/admin/Page_/skill' is clicked on

2022-04-05 10:27:13 - [MESSAGE][PASSED] - Object: 'Object Repository/admin/Page_/skill' is clicked on

2022-04-05 10:27:13 - [TEST_STEP][PASSED] - verifyTextPresent("Ускорение", true): Text 'Ускорение' is present on page  using regular expression

2022-04-05 10:27:19 - [MESSAGE][PASSED] - Text 'Ускорение' is present on page  using regular expression

2022-04-05 10:27:19 - [TEST_STEP][PASSED] - verifyTextPresent("Скорость", true): Text 'Скорость' is present on page  using regular expression

2022-04-05 10:27:21 - [MESSAGE][PASSED] - Text 'Скорость' is present on page  using regular expression

2022-04-05 10:27:21 - [TEST_STEP][PASSED] - takeFullPageScreenshot("C:\scr\" + school + "39.jpg", CONTINUE_ON_FAILURE): Taking screenshot successfully

2022-04-05 10:27:25 - [MESSAGE][INFO] - 0 hidden object(s)

2022-04-05 10:27:25 - [MESSAGE][PASSED] - Taking screenshot successfully
[[ATTACHMENT|C:\scr\Авангард-200539.jpg]]

2022-04-05 10:27:25 - [TEST_STEP][PASSED] - click(findTestObject("Object Repository/admin/Page_/stat")): Object: 'Object Repository/admin/Page_/stat' is clicked on

2022-04-05 10:27:27 - [MESSAGE][PASSED] - Object: 'Object Repository/admin/Page_/stat' is clicked on

2022-04-05 10:27:27 - [TEST_STEP][FAILED] - verifyTextPresent("Матчи", true, CONTINUE_ON_FAILURE): Text 'Матчи' is not present on page  using regular expression (Root cause: com.kms.katalon.core.exception.StepFailedException: Text 'Матчи' is not present on page  using regular expression
	at com.kms.katalon.core.webui.keyword.internal.WebUIKeywordMain.stepFailed(WebUIKeywordMain.groovy:64)
	at com.kms.katalon.core.webui.keyword.builtin.VerifyTextPresentKeyword$_verifyTextPresent_closure1.doCall(VerifyTextPresentKeyword.groovy:79)
	at com.kms.katalon.core.webui.keyword.builtin.VerifyTextPresentKeyword$_verifyTextPresent_closure1.call(VerifyTextPresentKeyword.groovy)
	at com.kms.katalon.core.webui.keyword.internal.WebUIKeywordMain.runKeyword(WebUIKeywordMain.groovy:20)
	at com.kms.katalon.core.webui.keyword.builtin.VerifyTextPresentKeyword.verifyTextPresent(VerifyTextPresentKeyword.groovy:83)
	at com.kms.katalon.core.webui.keyword.builtin.VerifyTextPresentKeyword.execute(VerifyTextPresentKeyword.groovy:68)
	at com.kms.katalon.core.keyword.internal.KeywordExecutor.executeKeywordForPlatform(KeywordExecutor.groovy:74)
	at com.kms.katalon.core.webui.keyword.WebUiBuiltInKeywords.verifyTextPresent(WebUiBuiltInKeywords.groovy:1707)
	at com.kms.katalon.core.webui.keyword.WebUiBuiltInKeywords$verifyTextPresent$9.call(Unknown Source)
	at Рейтинг.run(Рейтинг:57)
	at com.kms.katalon.core.main.ScriptEngine.run(ScriptEngine.java:194)
	at com.kms.katalon.core.main.ScriptEngine.runScriptAsRawText(ScriptEngine.java:119)
	at com.kms.katalon.core.main.TestCaseExecutor.runScript(TestCaseExecutor.java:442)
	at com.kms.katalon.core.main.TestCaseExecutor.doExecute(TestCaseExecutor.java:433)
	at com.kms.katalon.core.main.TestCaseExecutor.processExecutionPhase(TestCaseExecutor.java:412)
	at com.kms.katalon.core.main.TestCaseExecutor.accessMainPhase(TestCaseExecutor.java:404)
	at com.kms.katalon.core.main.TestCaseExecutor.execute(TestCaseExecutor.java:281)
	at com.kms.katalon.core.main.TestSuiteExecutor.accessTestCaseMainPhase(TestSuiteExecutor.java:202)
	at com.kms.katalon.core.main.TestSuiteExecutor.accessTestSuiteMainPhase(TestSuiteExecutor.java:164)
	at com.kms.katalon.core.main.TestSuiteExecutor.execute(TestSuiteExecutor.java:105)
	at com.kms.katalon.core.main.TestCaseMain.startTestSuite(TestCaseMain.java:185)
	at com.kms.katalon.core.main.TestCaseMain$startTestSuite$0.call(Unknown Source)
	at TempTestSuite1649143148820.run(TempTestSuite1649143148820.groovy:36)
)

2022-04-05 10:27:30 - [MESSAGE][FAILED] - Text 'Матчи' is not present on page  using regular expression (Root cause: com.kms.katalon.core.exception.StepFailedException: Text 'Матчи' is not present on page  using regular expression
	at com.kms.katalon.core.webui.keyword.internal.WebUIKeywordMain.stepFailed(WebUIKeywordMain.groovy:64)
	at com.kms.katalon.core.webui.keyword.builtin.VerifyTextPresentKeyword$_verifyTextPresent_closure1.doCall(VerifyTextPresentKeyword.groovy:79)
	at com.kms.katalon.core.webui.keyword.builtin.VerifyTextPresentKeyword$_verifyTextPresent_closure1.call(VerifyTextPresentKeyword.groovy)
	at com.kms.katalon.core.webui.keyword.internal.WebUIKeywordMain.runKeyword(WebUIKeywordMain.groovy:20)
	at com.kms.katalon.core.webui.keyword.builtin.VerifyTextPresentKeyword.verifyTextPresent(VerifyTextPresentKeyword.groovy:83)
	at com.kms.katalon.core.webui.keyword.builtin.VerifyTextPresentKeyword.execute(VerifyTextPresentKeyword.groovy:68)
	at com.kms.katalon.core.keyword.internal.KeywordExecutor.executeKeywordForPlatform(KeywordExecutor.groovy:74)
	at com.kms.katalon.core.webui.keyword.WebUiBuiltInKeywords.verifyTextPresent(WebUiBuiltInKeywords.groovy:1707)
	at com.kms.katalon.core.webui.keyword.WebUiBuiltInKeywords$verifyTextPresent$9.call(Unknown Source)
	at Рейтинг.run(Рейтинг:57)
	at com.kms.katalon.core.main.ScriptEngine.run(ScriptEngine.java:194)
	at com.kms.katalon.core.main.ScriptEngine.runScriptAsRawText(ScriptEngine.java:119)
	at com.kms.katalon.core.main.TestCaseExecutor.runScript(TestCaseExecutor.java:442)
	at com.kms.katalon.core.main.TestCaseExecutor.doExecute(TestCaseExecutor.java:433)
	at com.kms.katalon.core.main.TestCaseExecutor.processExecutionPhase(TestCaseExecutor.java:412)
	at com.kms.katalon.core.main.TestCaseExecutor.accessMainPhase(TestCaseExecutor.java:404)
	at com.kms.katalon.core.main.TestCaseExecutor.execute(TestCaseExecutor.java:281)
	at com.kms.katalon.core.main.TestSuiteExecutor.accessTestCaseMainPhase(TestSuiteExecutor.java:202)
	at com.kms.katalon.core.main.TestSuiteExecutor.accessTestSuiteMainPhase(TestSuiteExecutor.java:164)
	at com.kms.katalon.core.main.TestSuiteExecutor.execute(TestSuiteExecutor.java:105)
	at com.kms.katalon.core.main.TestCaseMain.startTestSuite(TestCaseMain.java:185)
	at com.kms.katalon.core.main.TestCaseMain$startTestSuite$0.call(Unknown Source)
	at TempTestSuite1649143148820.run(TempTestSuite1649143148820.groovy:36)
)

2022-04-05 10:27:30 - [TEST_STEP][FAILED] - verifyTextPresent("Ранг", true, CONTINUE_ON_FAILURE): Text 'Ранг' is not present on page  using regular expression (Root cause: com.kms.katalon.core.exception.StepFailedException: Text 'Ранг' is not present on page  using regular expression
	at com.kms.katalon.core.webui.keyword.internal.WebUIKeywordMain.stepFailed(WebUIKeywordMain.groovy:64)
	at com.kms.katalon.core.webui.keyword.builtin.VerifyTextPresentKeyword$_verifyTextPresent_closure1.doCall(VerifyTextPresentKeyword.groovy:79)
	at com.kms.katalon.core.webui.keyword.builtin.VerifyTextPresentKeyword$_verifyTextPresent_closure1.call(VerifyTextPresentKeyword.groovy)
	at com.kms.katalon.core.webui.keyword.internal.WebUIKeywordMain.runKeyword(WebUIKeywordMain.groovy:20)
	at com.kms.katalon.core.webui.keyword.builtin.VerifyTextPresentKeyword.verifyTextPresent(VerifyTextPresentKeyword.groovy:83)
	at com.kms.katalon.core.webui.keyword.builtin.VerifyTextPresentKeyword.execute(VerifyTextPresentKeyword.groovy:68)
	at com.kms.katalon.core.keyword.internal.KeywordExecutor.executeKeywordForPlatform(KeywordExecutor.groovy:74)
	at com.kms.katalon.core.webui.keyword.WebUiBuiltInKeywords.verifyTextPresent(WebUiBuiltInKeywords.groovy:1707)
	at com.kms.katalon.core.webui.keyword.WebUiBuiltInKeywords$verifyTextPresent$9.call(Unknown Source)
	at Рейтинг.run(Рейтинг:59)
	at com.kms.katalon.core.main.ScriptEngine.run(ScriptEngine.java:194)
	at com.kms.katalon.core.main.ScriptEngine.runScriptAsRawText(ScriptEngine.java:119)
	at com.kms.katalon.core.main.TestCaseExecutor.runScript(TestCaseExecutor.java:442)
	at com.kms.katalon.core.main.TestCaseExecutor.doExecute(TestCaseExecutor.java:433)
	at com.kms.katalon.core.main.TestCaseExecutor.processExecutionPhase(TestCaseExecutor.java:412)
	at com.kms.katalon.core.main.TestCaseExecutor.accessMainPhase(TestCaseExecutor.java:404)
	at com.kms.katalon.core.main.TestCaseExecutor.execute(TestCaseExecutor.java:281)
	at com.kms.katalon.core.main.TestSuiteExecutor.accessTestCaseMainPhase(TestSuiteExecutor.java:202)
	at com.kms.katalon.core.main.TestSuiteExecutor.accessTestSuiteMainPhase(TestSuiteExecutor.java:164)
	at com.kms.katalon.core.main.TestSuiteExecutor.execute(TestSuiteExecutor.java:105)
	at com.kms.katalon.core.main.TestCaseMain.startTestSuite(TestCaseMain.java:185)
	at com.kms.katalon.core.main.TestCaseMain$startTestSuite$0.call(Unknown Source)
	at TempTestSuite1649143148820.run(TempTestSuite1649143148820.groovy:36)
)

2022-04-05 10:27:32 - [MESSAGE][FAILED] - Text 'Ранг' is not present on page  using regular expression (Root cause: com.kms.katalon.core.exception.StepFailedException: Text 'Ранг' is not present on page  using regular expression
	at com.kms.katalon.core.webui.keyword.internal.WebUIKeywordMain.stepFailed(WebUIKeywordMain.groovy:64)
	at com.kms.katalon.core.webui.keyword.builtin.VerifyTextPresentKeyword$_verifyTextPresent_closure1.doCall(VerifyTextPresentKeyword.groovy:79)
	at com.kms.katalon.core.webui.keyword.builtin.VerifyTextPresentKeyword$_verifyTextPresent_closure1.call(VerifyTextPresentKeyword.groovy)
	at com.kms.katalon.core.webui.keyword.internal.WebUIKeywordMain.runKeyword(WebUIKeywordMain.groovy:20)
	at com.kms.katalon.core.webui.keyword.builtin.VerifyTextPresentKeyword.verifyTextPresent(VerifyTextPresentKeyword.groovy:83)
	at com.kms.katalon.core.webui.keyword.builtin.VerifyTextPresentKeyword.execute(VerifyTextPresentKeyword.groovy:68)
	at com.kms.katalon.core.keyword.internal.KeywordExecutor.executeKeywordForPlatform(KeywordExecutor.groovy:74)
	at com.kms.katalon.core.webui.keyword.WebUiBuiltInKeywords.verifyTextPresent(WebUiBuiltInKeywords.groovy:1707)
	at com.kms.katalon.core.webui.keyword.WebUiBuiltInKeywords$verifyTextPresent$9.call(Unknown Source)
	at Рейтинг.run(Рейтинг:59)
	at com.kms.katalon.core.main.ScriptEngine.run(ScriptEngine.java:194)
	at com.kms.katalon.core.main.ScriptEngine.runScriptAsRawText(ScriptEngine.java:119)
	at com.kms.katalon.core.main.TestCaseExecutor.runScript(TestCaseExecutor.java:442)
	at com.kms.katalon.core.main.TestCaseExecutor.doExecute(TestCaseExecutor.java:433)
	at com.kms.katalon.core.main.TestCaseExecutor.processExecutionPhase(TestCaseExecutor.java:412)
	at com.kms.katalon.core.main.TestCaseExecutor.accessMainPhase(TestCaseExecutor.java:404)
	at com.kms.katalon.core.main.TestCaseExecutor.execute(TestCaseExecutor.java:281)
	at com.kms.katalon.core.main.TestSuiteExecutor.accessTestCaseMainPhase(TestSuiteExecutor.java:202)
	at com.kms.katalon.core.main.TestSuiteExecutor.accessTestSuiteMainPhase(TestSuiteExecutor.java:164)
	at com.kms.katalon.core.main.TestSuiteExecutor.execute(TestSuiteExecutor.java:105)
	at com.kms.katalon.core.main.TestCaseMain.startTestSuite(TestCaseMain.java:185)
	at com.kms.katalon.core.main.TestCaseMain$startTestSuite$0.call(Unknown Source)
	at TempTestSuite1649143148820.run(TempTestSuite1649143148820.groovy:36)
)

2022-04-05 10:27:32 - [TEST_STEP][PASSED] - takeFullPageScreenshot("C:\scr\" + school + "40.jpg", CONTINUE_ON_FAILURE): Taking screenshot successfully

2022-04-05 10:27:36 - [MESSAGE][INFO] - 0 hidden object(s)

2022-04-05 10:27:36 - [MESSAGE][PASSED] - Taking screenshot successfully
[[ATTACHMENT|C:\scr\Авангард-200540.jpg]]

2022-04-05 10:27:36 - [TEST_STEP][PASSED] - click(findTestObject("Object Repository/admin/Page_/ptest")): Object: 'Object Repository/admin/Page_/ptest' is clicked on

2022-04-05 10:27:38 - [MESSAGE][PASSED] - Object: 'Object Repository/admin/Page_/ptest' is clicked on

2022-04-05 10:27:38 - [TEST_STEP][PASSED] - verifyTextPresent("СРЕДНЯЯ ОЦЕНКА", true): Text 'СРЕДНЯЯ ОЦЕНКА' is present on page  using regular expression

2022-04-05 10:27:40 - [MESSAGE][PASSED] - Text 'СРЕДНЯЯ ОЦЕНКА' is present on page  using regular expression

2022-04-05 10:27:40 - [TEST_STEP][PASSED] - verifyTextPresent("Список навыков и характеристики", true): Text 'Список навыков и характеристики' is present on page  using regular expression

2022-04-05 10:27:42 - [MESSAGE][PASSED] - Text 'Список навыков и характеристики' is present on page  using regular expression

2022-04-05 10:27:42 - [TEST_STEP][PASSED] - takeFullPageScreenshot("C:\scr\" + school + "38.jpg", CONTINUE_ON_FAILURE): Taking screenshot successfully

2022-04-05 10:27:47 - [MESSAGE][INFO] - 0 hidden object(s)

2022-04-05 10:27:47 - [MESSAGE][PASSED] - Taking screenshot successfully
[[ATTACHMENT|C:\scr\Авангард-200538.jpg]]

2022-04-05 10:27:47 - [TEST_STEP][PASSED] - click(findTestObject("Object Repository/admin/Page_/root")): Object: 'Object Repository/admin/Page_/root' is clicked on

2022-04-05 10:27:49 - [MESSAGE][PASSED] - Object: 'Object Repository/admin/Page_/root' is clicked on

2022-04-05 10:27:49 - [TEST_STEP][PASSED] - closeBrowser(): Browser is closed

2022-04-05 10:27:50 - [MESSAGE][PASSED] - Browser is closed]]></system-out>
         <system-err><![CDATA[2022-04-05 10:22:23 - [TEST_CASE][FAILED] - Test Cases/Администратор/Рейтинг: Test Cases/Администратор/Рейтинг FAILED.
Reason:
com.kms.katalon.core.exception.StepFailedException: Text 'Матчи' is not present on page  using regular expression (Root cause: com.kms.katalon.core.exception.StepFailedException: Text 'Матчи' is not present on page  using regular expression
	at com.kms.katalon.core.webui.keyword.internal.WebUIKeywordMain.stepFailed(WebUIKeywordMain.groovy:64)
	at com.kms.katalon.core.webui.keyword.builtin.VerifyTextPresentKeyword$_verifyTextPresent_closure1.doCall(VerifyTextPresentKeyword.groovy:79)
	at com.kms.katalon.core.webui.keyword.builtin.VerifyTextPresentKeyword$_verifyTextPresent_closure1.call(VerifyTextPresentKeyword.groovy)
	at com.kms.katalon.core.webui.keyword.internal.WebUIKeywordMain.runKeyword(WebUIKeywordMain.groovy:20)
	at com.kms.katalon.core.webui.keyword.builtin.VerifyTextPresentKeyword.verifyTextPresent(VerifyTextPresentKeyword.groovy:83)
	at com.kms.katalon.core.webui.keyword.builtin.VerifyTextPresentKeyword.execute(VerifyTextPresentKeyword.groovy:68)
	at com.kms.katalon.core.keyword.internal.KeywordExecutor.executeKeywordForPlatform(KeywordExecutor.groovy:74)
	at com.kms.katalon.core.webui.keyword.WebUiBuiltInKeywords.verifyTextPresent(WebUiBuiltInKeywords.groovy:1707)
	at com.kms.katalon.core.webui.keyword.WebUiBuiltInKeywords$verifyTextPresent$9.call(Unknown Source)
	at Рейтинг.run(Рейтинг:57)
	at com.kms.katalon.core.main.ScriptEngine.run(ScriptEngine.java:194)
	at com.kms.katalon.core.main.ScriptEngine.runScriptAsRawText(ScriptEngine.java:119)
	at com.kms.katalon.core.main.TestCaseExecutor.runScript(TestCaseExecutor.java:442)
	at com.kms.katalon.core.main.TestCaseExecutor.doExecute(TestCaseExecutor.java:433)
	at com.kms.katalon.core.main.TestCaseExecutor.processExecutionPhase(TestCaseExecutor.java:412)
	at com.kms.katalon.core.main.TestCaseExecutor.accessMainPhase(TestCaseExecutor.java:404)
	at com.kms.katalon.core.main.TestCaseExecutor.execute(TestCaseExecutor.java:281)
	at com.kms.katalon.core.main.TestSuiteExecutor.accessTestCaseMainPhase(TestSuiteExecutor.java:202)
	at com.kms.katalon.core.main.TestSuiteExecutor.accessTestSuiteMainPhase(TestSuiteExecutor.java:164)
	at com.kms.katalon.core.main.TestSuiteExecutor.execute(TestSuiteExecutor.java:105)
	at com.kms.katalon.core.main.TestCaseMain.startTestSuite(TestCaseMain.java:185)
	at com.kms.katalon.core.main.TestCaseMain$startTestSuite$0.call(Unknown Source)
	at TempTestSuite1649143148820.run(TempTestSuite1649143148820.groovy:36)
)
	at com.kms.katalon.core.keyword.internal.KeywordMain.stepFailed(KeywordMain.groovy:39)
	at com.kms.katalon.core.webui.keyword.internal.WebUIKeywordMain.stepFailed(WebUIKeywordMain.groovy:64)
	at com.kms.katalon.core.webui.keyword.builtin.VerifyTextPresentKeyword$_verifyTextPresent_closure1.doCall(VerifyTextPresentKeyword.groovy:79)
	at com.kms.katalon.core.webui.keyword.builtin.VerifyTextPresentKeyword$_verifyTextPresent_closure1.call(VerifyTextPresentKeyword.groovy)
	at com.kms.katalon.core.webui.keyword.internal.WebUIKeywordMain.runKeyword(WebUIKeywordMain.groovy:20)
	at com.kms.katalon.core.webui.keyword.builtin.VerifyTextPresentKeyword.verifyTextPresent(VerifyTextPresentKeyword.groovy:83)
	at com.kms.katalon.core.webui.keyword.builtin.VerifyTextPresentKeyword.execute(VerifyTextPresentKeyword.groovy:68)
	at com.kms.katalon.core.keyword.internal.KeywordExecutor.executeKeywordForPlatform(KeywordExecutor.groovy:74)
	at com.kms.katalon.core.webui.keyword.WebUiBuiltInKeywords.verifyTextPresent(WebUiBuiltInKeywords.groovy:1707)
	at com.kms.katalon.core.webui.keyword.WebUiBuiltInKeywords$verifyTextPresent$9.call(Unknown Source)
	at Рейтинг.run(Рейтинг:57)
	at com.kms.katalon.core.main.ScriptEngine.run(ScriptEngine.java:194)
	at com.kms.katalon.core.main.ScriptEngine.runScriptAsRawText(ScriptEngine.java:119)
	at com.kms.katalon.core.main.TestCaseExecutor.runScript(TestCaseExecutor.java:442)
	at com.kms.katalon.core.main.TestCaseExecutor.doExecute(TestCaseExecutor.java:433)
	at com.kms.katalon.core.main.TestCaseExecutor.processExecutionPhase(TestCaseExecutor.java:412)
	at com.kms.katalon.core.main.TestCaseExecutor.accessMainPhase(TestCaseExecutor.java:404)
	at com.kms.katalon.core.main.TestCaseExecutor.execute(TestCaseExecutor.java:281)
	at com.kms.katalon.core.main.TestSuiteExecutor.accessTestCaseMainPhase(TestSuiteExecutor.java:202)
	at com.kms.katalon.core.main.TestSuiteExecutor.accessTestSuiteMainPhase(TestSuiteExecutor.java:164)
	at com.kms.katalon.core.main.TestSuiteExecutor.execute(TestSuiteExecutor.java:105)
	at com.kms.katalon.core.main.TestCaseMain.startTestSuite(TestCaseMain.java:185)
	at com.kms.katalon.core.main.TestCaseMain$startTestSuite$0.call(Unknown Source)
	at TempTestSuite1649143148820.run(TempTestSuite1649143148820.groovy:36)
Caused by: com.kms.katalon.core.exception.StepFailedException: Text 'Матчи' is not present on page  using regular expression
	... 23 more]]></system-err>
      </testcase>
      <testcase name="Test Cases/Администратор/Профиль" time="309.771" classname="Test Cases/Администратор/Профиль" status="PASSED">
         <system-out><![CDATA[2022-04-05 10:27:52 - [TEST_CASE][PASSED] - Test Cases/Администратор/Профиль: Test Cases/Администратор/Профиль

2022-04-05 10:27:52 - [TEST_STEP][PASSED] - callTestCase(findTestCase("Администратор/Авторизация"), [:], STOP_ON_FAILURE): Call Test Case 'Test Cases/Администратор/Авторизация' successfully

2022-04-05 10:27:52 - [TEST_CASE][PASSED] - Test Cases/Администратор/Авторизация: Test Cases/Администратор/Авторизация

2022-04-05 10:27:52 - [TEST_STEP][PASSED] - openBrowser(""): Browser is opened with url: ''

2022-04-05 10:27:52 - [MESSAGE][INFO] - User set preference: ['os', 'linux']

2022-04-05 10:27:52 - [MESSAGE][INFO] - User set preference: ['browserName', 'chrome']

2022-04-05 10:27:52 - [MESSAGE][INFO] - User set preference: ['browserVersion', '97']

2022-04-05 10:27:52 - [MESSAGE][INFO] - User set preference: ['katalon:option', '{organizationId=632442, tunnelId=, usingTunnel=false}']

2022-04-05 10:27:52 - [MESSAGE][INFO] - Connecting to remote web server 'testcloud.katalon.com/hub' with type 'Selenium'

2022-04-05 10:27:52 - [MESSAGE][INFO] - Action delay is set to 100 milliseconds

2022-04-05 10:32:09 - [MESSAGE][PASSED] - Browser is opened with url: ''

2022-04-05 10:32:09 - [TEST_STEP][PASSED] - maximizeWindow(): Current window maximized

2022-04-05 10:32:10 - [MESSAGE][PASSED] - Current window maximized

2022-04-05 10:32:10 - [TEST_STEP][PASSED] - navigateToUrl(url): Navigate to 'https://stars-stage.hawk.ru:8080' successfully

2022-04-05 10:32:16 - [MESSAGE][PASSED] - Navigate to 'https://stars-stage.hawk.ru:8080' successfully

2022-04-05 10:32:16 - [TEST_STEP][PASSED] - setText(findTestObject("Object Repository/Page_/input__sc-lnrBVv eqPACj"), admin_login): Text 'TestAdmin@test.ru' is set on object 'Object Repository/Page_/input__sc-lnrBVv eqPACj'

2022-04-05 10:32:21 - [MESSAGE][PASSED] - Text 'TestAdmin@test.ru' is set on object 'Object Repository/Page_/input__sc-lnrBVv eqPACj'

2022-04-05 10:32:21 - [TEST_STEP][PASSED] - setText(findTestObject("Object Repository/Page_/input__sc-lnrBVv eqPACj_1"), admin_password): Text 'TestAdmin@test.ru' is set on object 'Object Repository/Page_/input__sc-lnrBVv eqPACj_1'

2022-04-05 10:32:25 - [MESSAGE][PASSED] - Text 'TestAdmin@test.ru' is set on object 'Object Repository/Page_/input__sc-lnrBVv eqPACj_1'

2022-04-05 10:32:25 - [TEST_STEP][PASSED] - click(findTestObject("Object Repository/Page_/go")): Object: 'Object Repository/Page_/go' is clicked on

2022-04-05 10:32:27 - [MESSAGE][PASSED] - Object: 'Object Repository/Page_/go' is clicked on

2022-04-05 10:32:27 - [MESSAGE][PASSED] - Call Test Case 'Test Cases/Администратор/Авторизация' successfully

2022-04-05 10:32:27 - [TEST_STEP][PASSED] - click(findTestObject("Object Repository/admin/Page_/div_Admin Admin")): Object: 'Object Repository/admin/Page_/div_Admin Admin' is clicked on

2022-04-05 10:32:48 - [MESSAGE][PASSED] - Object: 'Object Repository/admin/Page_/div_Admin Admin' is clicked on

2022-04-05 10:32:48 - [TEST_STEP][PASSED] - verifyTextPresent("РЕДАКТИРОВАНИЕ ПРОФИЛЯ", true): Text 'РЕДАКТИРОВАНИЕ ПРОФИЛЯ' is present on page  using regular expression

2022-04-05 10:32:50 - [MESSAGE][PASSED] - Text 'РЕДАКТИРОВАНИЕ ПРОФИЛЯ' is present on page  using regular expression

2022-04-05 10:32:50 - [TEST_STEP][PASSED] - takeFullPageScreenshot("C:\scr\" + school + "33.jpg"): Taking screenshot successfully

2022-04-05 10:32:56 - [MESSAGE][INFO] - 0 hidden object(s)

2022-04-05 10:32:56 - [MESSAGE][PASSED] - Taking screenshot successfully
[[ATTACHMENT|C:\scr\Авангард-200533.jpg]]

2022-04-05 10:32:56 - [TEST_STEP][PASSED] - click(findTestObject("Object Repository/admin/Page_/save")): Object: 'Object Repository/admin/Page_/save' is clicked on

2022-04-05 10:32:58 - [MESSAGE][PASSED] - Object: 'Object Repository/admin/Page_/save' is clicked on

2022-04-05 10:32:58 - [TEST_STEP][PASSED] - click(findTestObject("admin/Page_/root")): Object: 'Object Repository/admin/Page_/root' is clicked on

2022-04-05 10:33:01 - [MESSAGE][PASSED] - Object: 'Object Repository/admin/Page_/root' is clicked on

2022-04-05 10:33:01 - [TEST_STEP][PASSED] - closeBrowser(): Browser is closed

2022-04-05 10:33:02 - [MESSAGE][PASSED] - Browser is closed]]></system-out>
         <system-err><![CDATA[]]></system-err>
      </testcase>
      <testcase name="Test Cases/Администратор/ОТЧЕТЫ функциональные тесты/Список участников без оценки" time="340.999" classname="Test Cases/Администратор/ОТЧЕТЫ функциональные тесты/Список участников без оценки" status="PASSED">
         <system-out><![CDATA[2022-04-05 10:33:02 - [TEST_CASE][PASSED] - Test Cases/Администратор/ОТЧЕТЫ функциональные тесты/Список участников без оценки: Test Cases/Администратор/ОТЧЕТЫ функциональные тесты/Список участников без оценки

2022-04-05 10:33:02 - [TEST_STEP][PASSED] - callTestCase(findTestCase("Администратор/Отчет для тк"), [:], STOP_ON_FAILURE): Call Test Case 'Test Cases/Администратор/Отчет для тк' successfully

2022-04-05 10:33:02 - [TEST_CASE][PASSED] - Test Cases/Администратор/Отчет для тк: Test Cases/Администратор/Отчет для тк

2022-04-05 10:33:02 - [TEST_STEP][PASSED] - callTestCase(findTestCase("Администратор/Авторизация"), [:], STOP_ON_FAILURE): Call Test Case 'Test Cases/Администратор/Авторизация' successfully

2022-04-05 10:33:03 - [TEST_CASE][PASSED] - Test Cases/Администратор/Авторизация: Test Cases/Администратор/Авторизация

2022-04-05 10:33:03 - [TEST_STEP][PASSED] - openBrowser(""): Browser is opened with url: ''

2022-04-05 10:33:03 - [MESSAGE][INFO] - User set preference: ['os', 'linux']

2022-04-05 10:33:03 - [MESSAGE][INFO] - User set preference: ['browserName', 'chrome']

2022-04-05 10:33:03 - [MESSAGE][INFO] - User set preference: ['browserVersion', '97']

2022-04-05 10:33:03 - [MESSAGE][INFO] - User set preference: ['katalon:option', '{organizationId=632442, tunnelId=, usingTunnel=false}']

2022-04-05 10:33:03 - [MESSAGE][INFO] - Connecting to remote web server 'testcloud.katalon.com/hub' with type 'Selenium'

2022-04-05 10:33:03 - [MESSAGE][INFO] - Action delay is set to 100 milliseconds

2022-04-05 10:37:15 - [MESSAGE][PASSED] - Browser is opened with url: ''

2022-04-05 10:37:15 - [TEST_STEP][PASSED] - maximizeWindow(): Current window maximized

2022-04-05 10:37:15 - [MESSAGE][PASSED] - Current window maximized

2022-04-05 10:37:15 - [TEST_STEP][PASSED] - navigateToUrl(url): Navigate to 'https://stars-stage.hawk.ru:8080' successfully

2022-04-05 10:37:23 - [MESSAGE][PASSED] - Navigate to 'https://stars-stage.hawk.ru:8080' successfully

2022-04-05 10:37:23 - [TEST_STEP][PASSED] - setText(findTestObject("Object Repository/Page_/input__sc-lnrBVv eqPACj"), admin_login): Text 'TestAdmin@test.ru' is set on object 'Object Repository/Page_/input__sc-lnrBVv eqPACj'

2022-04-05 10:37:27 - [MESSAGE][PASSED] - Text 'TestAdmin@test.ru' is set on object 'Object Repository/Page_/input__sc-lnrBVv eqPACj'

2022-04-05 10:37:27 - [TEST_STEP][PASSED] - setText(findTestObject("Object Repository/Page_/input__sc-lnrBVv eqPACj_1"), admin_password): Text 'TestAdmin@test.ru' is set on object 'Object Repository/Page_/input__sc-lnrBVv eqPACj_1'

2022-04-05 10:37:32 - [MESSAGE][PASSED] - Text 'TestAdmin@test.ru' is set on object 'Object Repository/Page_/input__sc-lnrBVv eqPACj_1'

2022-04-05 10:37:32 - [TEST_STEP][PASSED] - click(findTestObject("Object Repository/Page_/go")): Object: 'Object Repository/Page_/go' is clicked on

2022-04-05 10:37:34 - [MESSAGE][PASSED] - Object: 'Object Repository/Page_/go' is clicked on

2022-04-05 10:37:34 - [MESSAGE][PASSED] - Call Test Case 'Test Cases/Администратор/Авторизация' successfully

2022-04-05 10:37:34 - [TEST_STEP][PASSED] - click(findTestObject("admin/reports/keys/reports/report")): Object: 'Object Repository/admin/reports/keys/reports/report' is clicked on

2022-04-05 10:37:55 - [MESSAGE][PASSED] - Object: 'Object Repository/admin/reports/keys/reports/report' is clicked on

2022-04-05 10:37:55 - [MESSAGE][PASSED] - Call Test Case 'Test Cases/Администратор/Отчет для тк' successfully

2022-04-05 10:37:55 - [TEST_STEP][PASSED] - click(findTestObject("Object Repository/admin/reports/not/Page_/not")): Object: 'Object Repository/admin/reports/not/Page_/not' is clicked on

2022-04-05 10:37:57 - [MESSAGE][PASSED] - Object: 'Object Repository/admin/reports/not/Page_/not' is clicked on

2022-04-05 10:37:57 - [TEST_STEP][PASSED] - verifyTextPresent("СПИСОК УЧАСТНИКОВ БЕЗ ОЦЕНКИ", true): Text 'СПИСОК УЧАСТНИКОВ БЕЗ ОЦЕНКИ' is present on page  using regular expression

2022-04-05 10:38:10 - [MESSAGE][PASSED] - Text 'СПИСОК УЧАСТНИКОВ БЕЗ ОЦЕНКИ' is present on page  using regular expression

2022-04-05 10:38:10 - [TEST_STEP][PASSED] - takeFullPageScreenshot("C:\scr\" + school + "29.jpg"): Taking screenshot successfully

2022-04-05 10:38:15 - [MESSAGE][INFO] - 0 hidden object(s)

2022-04-05 10:38:15 - [MESSAGE][PASSED] - Taking screenshot successfully
[[ATTACHMENT|C:\scr\Авангард-200529.jpg]]

2022-04-05 10:38:15 - [TEST_STEP][PASSED] - setText(findTestObject("Object Repository/admin/reports/not/Page_/input__react-select-2-input"), "ака"): Text 'ака' is set on object 'Object Repository/admin/reports/not/Page_/input__react-select-2-input'

2022-04-05 10:38:20 - [MESSAGE][PASSED] - Text 'ака' is set on object 'Object Repository/admin/reports/not/Page_/input__react-select-2-input'

2022-04-05 10:38:20 - [TEST_STEP][PASSED] - sendKeys(findTestObject("Object Repository/admin/reports/not/Page_/input__react-select-2-input"), Keys.chord(ENTER)): Keys 'ENTER + ' sent to object: 'Object Repository/admin/reports/not/Page_/input__react-select-2-input'

2022-04-05 10:38:22 - [MESSAGE][PASSED] - Keys 'ENTER + ' sent to object: 'Object Repository/admin/reports/not/Page_/input__react-select-2-input'

2022-04-05 10:38:22 - [TEST_STEP][PASSED] - setText(findTestObject("Object Repository/admin/reports/not/Page_/input__react-select-3-input"), school): Text 'Авангард-2005' is set on object 'Object Repository/admin/reports/not/Page_/input__react-select-3-input'

2022-04-05 10:38:26 - [MESSAGE][PASSED] - Text 'Авангард-2005' is set on object 'Object Repository/admin/reports/not/Page_/input__react-select-3-input'

2022-04-05 10:38:26 - [TEST_STEP][PASSED] - sendKeys(findTestObject("Object Repository/admin/reports/not/Page_/input__react-select-3-input"), Keys.chord(ENTER)): Keys 'ENTER + ' sent to object: 'Object Repository/admin/reports/not/Page_/input__react-select-3-input'

2022-04-05 10:38:29 - [MESSAGE][PASSED] - Keys 'ENTER + ' sent to object: 'Object Repository/admin/reports/not/Page_/input__react-select-3-input'

2022-04-05 10:38:29 - [TEST_STEP][PASSED] - setText(findTestObject("Object Repository/admin/reports/not/Page_/input__react-select-4-input"), "26.8"): Text '26.8' is set on object 'Object Repository/admin/reports/not/Page_/input__react-select-4-input'

2022-04-05 10:38:33 - [MESSAGE][PASSED] - Text '26.8' is set on object 'Object Repository/admin/reports/not/Page_/input__react-select-4-input'

2022-04-05 10:38:33 - [TEST_STEP][PASSED] - sendKeys(findTestObject("Object Repository/admin/reports/not/Page_/input__react-select-4-input"), Keys.chord(ENTER)): Keys 'ENTER + ' sent to object: 'Object Repository/admin/reports/not/Page_/input__react-select-4-input'

2022-04-05 10:38:35 - [MESSAGE][PASSED] - Keys 'ENTER + ' sent to object: 'Object Repository/admin/reports/not/Page_/input__react-select-4-input'

2022-04-05 10:38:35 - [TEST_STEP][PASSED] - takeFullPageScreenshot("C:\scr\" + school + "30.jpg"): Taking screenshot successfully

2022-04-05 10:38:40 - [MESSAGE][INFO] - 0 hidden object(s)

2022-04-05 10:38:40 - [MESSAGE][PASSED] - Taking screenshot successfully
[[ATTACHMENT|C:\scr\Авангард-200530.jpg]]

2022-04-05 10:38:40 - [TEST_STEP][PASSED] - click(findTestObject("Object Repository/manager/kale/Page_/root")): Object: 'Object Repository/manager/kale/Page_/root' is clicked on

2022-04-05 10:38:42 - [MESSAGE][PASSED] - Object: 'Object Repository/manager/kale/Page_/root' is clicked on

2022-04-05 10:38:42 - [TEST_STEP][PASSED] - closeBrowser(): Browser is closed

2022-04-05 10:38:43 - [MESSAGE][PASSED] - Browser is closed]]></system-out>
         <system-err><![CDATA[]]></system-err>
      </testcase>
      <testcase name="Test Cases/Администратор/ОТЧЕТЫ функциональные тесты/Отчет психофиз" time="417.832" classname="Test Cases/Администратор/ОТЧЕТЫ функциональные тесты/Отчет психофиз" status="FAILED">
         <failure type="FAILED" message="Test Cases/Администратор/ОТЧЕТЫ функциональные тесты/Отчет психофиз FAILED.
Reason:
com.kms.katalon.core.exception.StepFailedException: Unable to scroll to object 'Object Repository/Avangard New/Object (Администратор)/Case (Психофиз)/exstraversi'
	at com.kms.katalon.core.webui.keyword.internal.WebUIKeywordMain.stepFailed(WebUIKeywordMain.groovy:64)
	at com.kms.katalon.core.webui.keyword.internal.WebUIKeywordMain.runKeyword(WebUIKeywordMain.groovy:26)
	at com.kms.katalon.core.webui.keyword.builtin.ScrollToElementKeyword.scrollToElement(ScrollToElementKeyword.groovy:88)
	at com.kms.katalon.core.webui.keyword.builtin.ScrollToElementKeyword.execute(ScrollToElementKeyword.groovy:68)
	at com.kms.katalon.core.keyword.internal.KeywordExecutor.executeKeywordForPlatform(KeywordExecutor.groovy:74)
	at com.kms.katalon.core.webui.keyword.WebUiBuiltInKeywords.scrollToElement(WebUiBuiltInKeywords.groovy:4061)
	at com.kms.katalon.core.webui.keyword.WebUiBuiltInKeywords$scrollToElement$7.call(Unknown Source)
	at Отчет психофиз.run(Отчет психофиз:70)
	at com.kms.katalon.core.main.ScriptEngine.run(ScriptEngine.java:194)
	at com.kms.katalon.core.main.ScriptEngine.runScriptAsRawText(ScriptEngine.java:119)
	at com.kms.katalon.core.main.TestCaseExecutor.runScript(TestCaseExecutor.java:442)
	at com.kms.katalon.core.main.TestCaseExecutor.doExecute(TestCaseExecutor.java:433)
	at com.kms.katalon.core.main.TestCaseExecutor.processExecutionPhase(TestCaseExecutor.java:412)
	at com.kms.katalon.core.main.TestCaseExecutor.accessMainPhase(TestCaseExecutor.java:404)
	at com.kms.katalon.core.main.TestCaseExecutor.execute(TestCaseExecutor.java:281)
	at com.kms.katalon.core.main.TestSuiteExecutor.accessTestCaseMainPhase(TestSuiteExecutor.java:202)
	at com.kms.katalon.core.main.TestSuiteExecutor.accessTestSuiteMainPhase(TestSuiteExecutor.java:164)
	at com.kms.katalon.core.main.TestSuiteExecutor.execute(TestSuiteExecutor.java:105)
	at com.kms.katalon.core.main.TestCaseMain.startTestSuite(TestCaseMain.java:185)
	at com.kms.katalon.core.main.TestCaseMain$startTestSuite$0.call(Unknown Source)
	at TempTestSuite1649143148820.run(TempTestSuite1649143148820.groovy:36)
Caused by: com.kms.katalon.core.webui.exception.WebElementNotFoundException: Web element with id: 'Object Repository/Avangard New/Object (Администратор)/Case (Психофиз)/exstraversi' located by '//p[(text() = 'Экстраверсия' or . = 'Экстраверсия')]' not found
	at com.kms.katalon.core.webui.common.WebUiCommonHelper.findWebElement(WebUiCommonHelper.java:1370)
	at com.kms.katalon.core.webui.keyword.internal.WebUIAbstractKeyword.findWebElement(WebUIAbstractKeyword.groovy:27)
	at com.kms.katalon.core.webui.keyword.internal.WebUIAbstractKeyword.findWebElement(WebUIAbstractKeyword.groovy:26)
	at com.kms.katalon.core.webui.keyword.builtin.ScrollToElementKeyword$_scrollToElement_closure1.doCall(ScrollToElementKeyword.groovy:79)
	at com.kms.katalon.core.webui.keyword.builtin.ScrollToElementKeyword$_scrollToElement_closure1.call(ScrollToElementKeyword.groovy)
	at com.kms.katalon.core.webui.keyword.internal.WebUIKeywordMain.runKeyword(WebUIKeywordMain.groovy:20)
	... 19 more
"/>
         <system-out><![CDATA[2022-04-05 10:38:43 - [TEST_CASE][FAILED] - Test Cases/Администратор/ОТЧЕТЫ функциональные тесты/Отчет психофиз: Test Cases/Администратор/ОТЧЕТЫ функциональные тесты/Отчет психофиз FAILED.
Reason:
com.kms.katalon.core.exception.StepFailedException: Unable to scroll to object 'Object Repository/Avangard New/Object (Администратор)/Case (Психофиз)/exstraversi'
	at com.kms.katalon.core.webui.keyword.internal.WebUIKeywordMain.stepFailed(WebUIKeywordMain.groovy:64)
	at com.kms.katalon.core.webui.keyword.internal.WebUIKeywordMain.runKeyword(WebUIKeywordMain.groovy:26)
	at com.kms.katalon.core.webui.keyword.builtin.ScrollToElementKeyword.scrollToElement(ScrollToElementKeyword.groovy:88)
	at com.kms.katalon.core.webui.keyword.builtin.ScrollToElementKeyword.execute(ScrollToElementKeyword.groovy:68)
	at com.kms.katalon.core.keyword.internal.KeywordExecutor.executeKeywordForPlatform(KeywordExecutor.groovy:74)
	at com.kms.katalon.core.webui.keyword.WebUiBuiltInKeywords.scrollToElement(WebUiBuiltInKeywords.groovy:4061)
	at com.kms.katalon.core.webui.keyword.WebUiBuiltInKeywords$scrollToElement$7.call(Unknown Source)
	at Отчет психофиз.run(Отчет психофиз:70)
	at com.kms.katalon.core.main.ScriptEngine.run(ScriptEngine.java:194)
	at com.kms.katalon.core.main.ScriptEngine.runScriptAsRawText(ScriptEngine.java:119)
	at com.kms.katalon.core.main.TestCaseExecutor.runScript(TestCaseExecutor.java:442)
	at com.kms.katalon.core.main.TestCaseExecutor.doExecute(TestCaseExecutor.java:433)
	at com.kms.katalon.core.main.TestCaseExecutor.processExecutionPhase(TestCaseExecutor.java:412)
	at com.kms.katalon.core.main.TestCaseExecutor.accessMainPhase(TestCaseExecutor.java:404)
	at com.kms.katalon.core.main.TestCaseExecutor.execute(TestCaseExecutor.java:281)
	at com.kms.katalon.core.main.TestSuiteExecutor.accessTestCaseMainPhase(TestSuiteExecutor.java:202)
	at com.kms.katalon.core.main.TestSuiteExecutor.accessTestSuiteMainPhase(TestSuiteExecutor.java:164)
	at com.kms.katalon.core.main.TestSuiteExecutor.execute(TestSuiteExecutor.java:105)
	at com.kms.katalon.core.main.TestCaseMain.startTestSuite(TestCaseMain.java:185)
	at com.kms.katalon.core.main.TestCaseMain$startTestSuite$0.call(Unknown Source)
	at TempTestSuite1649143148820.run(TempTestSuite1649143148820.groovy:36)
Caused by: com.kms.katalon.core.webui.exception.WebElementNotFoundException: Web element with id: 'Object Repository/Avangard New/Object (Администратор)/Case (Психофиз)/exstraversi' located by '//p[(text() = 'Экстраверсия' or . = 'Экстраверсия')]' not found
	at com.kms.katalon.core.webui.common.WebUiCommonHelper.findWebElement(WebUiCommonHelper.java:1370)
	at com.kms.katalon.core.webui.keyword.internal.WebUIAbstractKeyword.findWebElement(WebUIAbstractKeyword.groovy:27)
	at com.kms.katalon.core.webui.keyword.internal.WebUIAbstractKeyword.findWebElement(WebUIAbstractKeyword.groovy:26)
	at com.kms.katalon.core.webui.keyword.builtin.ScrollToElementKeyword$_scrollToElement_closure1.doCall(ScrollToElementKeyword.groovy:79)
	at com.kms.katalon.core.webui.keyword.builtin.ScrollToElementKeyword$_scrollToElement_closure1.call(ScrollToElementKeyword.groovy)
	at com.kms.katalon.core.webui.keyword.internal.WebUIKeywordMain.runKeyword(WebUIKeywordMain.groovy:20)
	... 19 more


2022-04-05 10:38:43 - [TEST_STEP][PASSED] - callTestCase(findTestCase("Администратор/Отчет для тк"), [:], STOP_ON_FAILURE): Call Test Case 'Test Cases/Администратор/Отчет для тк' successfully

2022-04-05 10:38:43 - [TEST_CASE][PASSED] - Test Cases/Администратор/Отчет для тк: Test Cases/Администратор/Отчет для тк

2022-04-05 10:38:43 - [TEST_STEP][PASSED] - callTestCase(findTestCase("Администратор/Авторизация"), [:], STOP_ON_FAILURE): Call Test Case 'Test Cases/Администратор/Авторизация' successfully

2022-04-05 10:38:43 - [TEST_CASE][PASSED] - Test Cases/Администратор/Авторизация: Test Cases/Администратор/Авторизация

2022-04-05 10:38:43 - [TEST_STEP][PASSED] - openBrowser(""): Browser is opened with url: ''

2022-04-05 10:38:43 - [MESSAGE][INFO] - User set preference: ['os', 'linux']

2022-04-05 10:38:43 - [MESSAGE][INFO] - User set preference: ['browserName', 'chrome']

2022-04-05 10:38:43 - [MESSAGE][INFO] - User set preference: ['browserVersion', '97']

2022-04-05 10:38:43 - [MESSAGE][INFO] - User set preference: ['katalon:option', '{organizationId=632442, tunnelId=, usingTunnel=false}']

2022-04-05 10:38:43 - [MESSAGE][INFO] - Connecting to remote web server 'testcloud.katalon.com/hub' with type 'Selenium'

2022-04-05 10:38:43 - [MESSAGE][INFO] - Action delay is set to 100 milliseconds

2022-04-05 10:43:09 - [MESSAGE][PASSED] - Browser is opened with url: ''

2022-04-05 10:43:09 - [TEST_STEP][PASSED] - maximizeWindow(): Current window maximized

2022-04-05 10:43:09 - [MESSAGE][PASSED] - Current window maximized

2022-04-05 10:43:09 - [TEST_STEP][PASSED] - navigateToUrl(url): Navigate to 'https://stars-stage.hawk.ru:8080' successfully

2022-04-05 10:43:16 - [MESSAGE][PASSED] - Navigate to 'https://stars-stage.hawk.ru:8080' successfully

2022-04-05 10:43:16 - [TEST_STEP][PASSED] - setText(findTestObject("Object Repository/Page_/input__sc-lnrBVv eqPACj"), admin_login): Text 'TestAdmin@test.ru' is set on object 'Object Repository/Page_/input__sc-lnrBVv eqPACj'

2022-04-05 10:43:20 - [MESSAGE][PASSED] - Text 'TestAdmin@test.ru' is set on object 'Object Repository/Page_/input__sc-lnrBVv eqPACj'

2022-04-05 10:43:20 - [TEST_STEP][PASSED] - setText(findTestObject("Object Repository/Page_/input__sc-lnrBVv eqPACj_1"), admin_password): Text 'TestAdmin@test.ru' is set on object 'Object Repository/Page_/input__sc-lnrBVv eqPACj_1'

2022-04-05 10:43:24 - [MESSAGE][PASSED] - Text 'TestAdmin@test.ru' is set on object 'Object Repository/Page_/input__sc-lnrBVv eqPACj_1'

2022-04-05 10:43:24 - [TEST_STEP][PASSED] - click(findTestObject("Object Repository/Page_/go")): Object: 'Object Repository/Page_/go' is clicked on

2022-04-05 10:43:26 - [MESSAGE][PASSED] - Object: 'Object Repository/Page_/go' is clicked on

2022-04-05 10:43:26 - [MESSAGE][PASSED] - Call Test Case 'Test Cases/Администратор/Авторизация' successfully

2022-04-05 10:43:26 - [TEST_STEP][PASSED] - click(findTestObject("admin/reports/keys/reports/report")): Object: 'Object Repository/admin/reports/keys/reports/report' is clicked on

2022-04-05 10:43:58 - [MESSAGE][PASSED] - Object: 'Object Repository/admin/reports/keys/reports/report' is clicked on

2022-04-05 10:43:58 - [MESSAGE][PASSED] - Call Test Case 'Test Cases/Администратор/Отчет для тк' successfully

2022-04-05 10:43:58 - [TEST_STEP][PASSED] - click(findTestObject("Object Repository/Avangard New/Object (Администратор)/Case (Психофиз)/psyxofiz report")): Object: 'Object Repository/Avangard New/Object (Администратор)/Case (Психофиз)/psyxofiz report' is clicked on

2022-04-05 10:44:01 - [MESSAGE][PASSED] - Object: 'Object Repository/Avangard New/Object (Администратор)/Case (Психофиз)/psyxofiz report' is clicked on

2022-04-05 10:44:01 - [TEST_STEP][PASSED] - verifyElementText(findTestObject("Object Repository/Avangard New/Object (Администратор)/Case (Психофиз)/header report"), "ОТЧЕТ ПСИХОЛОГИЧЕСКОГО ПРОФИЛЯ"): Actual text and expected text of test object 'Object Repository/Avangard New/Object (Администратор)/Case (Психофиз)/header report' are matched.

2022-04-05 10:44:04 - [MESSAGE][PASSED] - Actual text and expected text of test object 'Object Repository/Avangard New/Object (Администратор)/Case (Психофиз)/header report' are matched.

2022-04-05 10:44:04 - [TEST_STEP][PASSED] - click(findTestObject("Object Repository/Avangard New/Object (Администратор)/Case (Психофиз)/scool")): Object: 'Object Repository/Avangard New/Object (Администратор)/Case (Психофиз)/scool' is clicked on

2022-04-05 10:44:06 - [MESSAGE][PASSED] - Object: 'Object Repository/Avangard New/Object (Администратор)/Case (Психофиз)/scool' is clicked on

2022-04-05 10:44:06 - [TEST_STEP][PASSED] - click(findTestObject("Object Repository/Avangard New/Object (Администратор)/Case (Психофиз)/div_")): Object: 'Object Repository/Avangard New/Object (Администратор)/Case (Психофиз)/div_' is clicked on

2022-04-05 10:44:11 - [MESSAGE][PASSED] - Object: 'Object Repository/Avangard New/Object (Администратор)/Case (Психофиз)/div_' is clicked on

2022-04-05 10:44:11 - [TEST_STEP][PASSED] - click(findTestObject("Object Repository/Avangard New/Object (Администратор)/Case (Психофиз)/team")): Object: 'Object Repository/Avangard New/Object (Администратор)/Case (Психофиз)/team' is clicked on

2022-04-05 10:44:13 - [MESSAGE][PASSED] - Object: 'Object Repository/Avangard New/Object (Администратор)/Case (Психофиз)/team' is clicked on

2022-04-05 10:44:13 - [TEST_STEP][PASSED] - click(findTestObject("Object Repository/Avangard New/Object (Администратор)/Case (Психофиз)/oya")): Object: 'Object Repository/Avangard New/Object (Администратор)/Case (Психофиз)/oya' is clicked on

2022-04-05 10:44:16 - [MESSAGE][PASSED] - Object: 'Object Repository/Avangard New/Object (Администратор)/Case (Психофиз)/oya' is clicked on

2022-04-05 10:44:16 - [TEST_STEP][PASSED] - setText(findTestObject("Object Repository/Avangard New/Object (Администратор)/Case (Психофиз)/input__ganin"), player_for_test): Text 'Власенко Дмитрий' is set on object 'Object Repository/Avangard New/Object (Администратор)/Case (Психофиз)/input__ganin'

2022-04-05 10:44:22 - [MESSAGE][PASSED] - Text 'Власенко Дмитрий' is set on object 'Object Repository/Avangard New/Object (Администратор)/Case (Психофиз)/input__ganin'

2022-04-05 10:44:22 - [TEST_STEP][PASSED] - sendKeys(findTestObject("Object Repository/admin/Global player"), Keys.chord(ENTER)): Keys 'ENTER + ' sent to object: 'Object Repository/admin/Global player'

2022-04-05 10:44:26 - [MESSAGE][PASSED] - Keys 'ENTER + ' sent to object: 'Object Repository/admin/Global player'

2022-04-05 10:44:26 - [TEST_STEP][PASSED] - click(findTestObject("Object Repository/Avangard New/Object (Администратор)/Case (Психофиз)/date")): Object: 'Object Repository/Avangard New/Object (Администратор)/Case (Психофиз)/date' is clicked on

2022-04-05 10:44:29 - [MESSAGE][PASSED] - Object: 'Object Repository/Avangard New/Object (Администратор)/Case (Психофиз)/date' is clicked on

2022-04-05 10:44:29 - [TEST_STEP][PASSED] - click(findTestObject("Object Repository/Avangard New/Object (Администратор)/Case (Психофиз)/date 14 01")): Object: 'Object Repository/Avangard New/Object (Администратор)/Case (Психофиз)/date 14 01' is clicked on

2022-04-05 10:44:32 - [MESSAGE][PASSED] - Object: 'Object Repository/Avangard New/Object (Администратор)/Case (Психофиз)/date 14 01' is clicked on

2022-04-05 10:44:32 - [TEST_STEP][PASSED] - scrollToElement(findTestObject("Avangard New/Object (Администратор)/Case (Психофиз)/reaction easy1"), 0): Scroll to object 'Object Repository/Avangard New/Object (Администратор)/Case (Психофиз)/reaction easy1' successfully

2022-04-05 10:44:32 - [MESSAGE][WARNING] - Timeout '0' is invalid. Using default page load timeout: '30'

2022-04-05 10:44:34 - [MESSAGE][PASSED] - Scroll to object 'Object Repository/Avangard New/Object (Администратор)/Case (Психофиз)/reaction easy1' successfully

2022-04-05 10:44:34 - [TEST_STEP][PASSED] - verifyElementText(findTestObject("Avangard New/Object (Администратор)/Case (Психофиз)/reaction easy1"), "Реакция на простой стимул"): Actual text and expected text of test object 'Object Repository/Avangard New/Object (Администратор)/Case (Психофиз)/reaction easy1' are matched.

2022-04-05 10:44:37 - [MESSAGE][PASSED] - Actual text and expected text of test object 'Object Repository/Avangard New/Object (Администратор)/Case (Психофиз)/reaction easy1' are matched.

2022-04-05 10:44:37 - [TEST_STEP][PASSED] - verifyElementText(findTestObject("Avangard New/Object (Администратор)/Case (Психофиз)/reaction hard1"), "Реакция на сложный стимул"): Actual text and expected text of test object 'Object Repository/Avangard New/Object (Администратор)/Case (Психофиз)/reaction hard1' are matched.

2022-04-05 10:44:39 - [MESSAGE][PASSED] - Actual text and expected text of test object 'Object Repository/Avangard New/Object (Администратор)/Case (Психофиз)/reaction hard1' are matched.

2022-04-05 10:44:39 - [TEST_STEP][PASSED] - scrollToElement(findTestObject("Object Repository/Avangard New/Object (Администратор)/Case (Психофиз)/season (1)"), 0): Scroll to object 'Object Repository/Avangard New/Object (Администратор)/Case (Психофиз)/season (1)' successfully

2022-04-05 10:44:39 - [MESSAGE][WARNING] - Timeout '0' is invalid. Using default page load timeout: '30'

2022-04-05 10:44:41 - [MESSAGE][PASSED] - Scroll to object 'Object Repository/Avangard New/Object (Администратор)/Case (Психофиз)/season (1)' successfully

2022-04-05 10:44:41 - [TEST_STEP][PASSED] - click(findTestObject("Object Repository/Avangard New/Object (Администратор)/Case (Психофиз)/topologic")): Object: 'Object Repository/Avangard New/Object (Администратор)/Case (Психофиз)/topologic' is clicked on

2022-04-05 10:44:43 - [MESSAGE][PASSED] - Object: 'Object Repository/Avangard New/Object (Администратор)/Case (Психофиз)/topologic' is clicked on

2022-04-05 10:44:43 - [TEST_STEP][PASSED] - click(findTestObject("Object Repository/Avangard New/Object (Администратор)/Case (Психофиз)/season (1)")): Object: 'Object Repository/Avangard New/Object (Администратор)/Case (Психофиз)/season (1)' is clicked on

2022-04-05 10:44:45 - [MESSAGE][PASSED] - Object: 'Object Repository/Avangard New/Object (Администратор)/Case (Психофиз)/season (1)' is clicked on

2022-04-05 10:44:45 - [TEST_STEP][PASSED] - click(findTestObject("Object Repository/Avangard New/Object (Администратор)/Case (Психофиз)/21-22")): Object: 'Object Repository/Avangard New/Object (Администратор)/Case (Психофиз)/21-22' is clicked on

2022-04-05 10:44:50 - [MESSAGE][PASSED] - Object: 'Object Repository/Avangard New/Object (Администратор)/Case (Психофиз)/21-22' is clicked on

2022-04-05 10:44:50 - [TEST_STEP][FAILED] - scrollToElement(findTestObject("Avangard New/Object (Администратор)/Case (Психофиз)/exstraversi"), 0): Unable to scroll to object 'Object Repository/Avangard New/Object (Администратор)/Case (Психофиз)/exstraversi' (Root cause: com.kms.katalon.core.exception.StepFailedException: Unable to scroll to object 'Object Repository/Avangard New/Object (Администратор)/Case (Психофиз)/exstraversi'
	at com.kms.katalon.core.webui.keyword.internal.WebUIKeywordMain.stepFailed(WebUIKeywordMain.groovy:64)
	at com.kms.katalon.core.webui.keyword.internal.WebUIKeywordMain.runKeyword(WebUIKeywordMain.groovy:26)
	at com.kms.katalon.core.webui.keyword.builtin.ScrollToElementKeyword.scrollToElement(ScrollToElementKeyword.groovy:88)
	at com.kms.katalon.core.webui.keyword.builtin.ScrollToElementKeyword.execute(ScrollToElementKeyword.groovy:68)
	at com.kms.katalon.core.keyword.internal.KeywordExecutor.executeKeywordForPlatform(KeywordExecutor.groovy:74)
	at com.kms.katalon.core.webui.keyword.WebUiBuiltInKeywords.scrollToElement(WebUiBuiltInKeywords.groovy:4061)
	at com.kms.katalon.core.webui.keyword.WebUiBuiltInKeywords$scrollToElement$7.call(Unknown Source)
	at Отчет психофиз.run(Отчет психофиз:70)
	at com.kms.katalon.core.main.ScriptEngine.run(ScriptEngine.java:194)
	at com.kms.katalon.core.main.ScriptEngine.runScriptAsRawText(ScriptEngine.java:119)
	at com.kms.katalon.core.main.TestCaseExecutor.runScript(TestCaseExecutor.java:442)
	at com.kms.katalon.core.main.TestCaseExecutor.doExecute(TestCaseExecutor.java:433)
	at com.kms.katalon.core.main.TestCaseExecutor.processExecutionPhase(TestCaseExecutor.java:412)
	at com.kms.katalon.core.main.TestCaseExecutor.accessMainPhase(TestCaseExecutor.java:404)
	at com.kms.katalon.core.main.TestCaseExecutor.execute(TestCaseExecutor.java:281)
	at com.kms.katalon.core.main.TestSuiteExecutor.accessTestCaseMainPhase(TestSuiteExecutor.java:202)
	at com.kms.katalon.core.main.TestSuiteExecutor.accessTestSuiteMainPhase(TestSuiteExecutor.java:164)
	at com.kms.katalon.core.main.TestSuiteExecutor.execute(TestSuiteExecutor.java:105)
	at com.kms.katalon.core.main.TestCaseMain.startTestSuite(TestCaseMain.java:185)
	at com.kms.katalon.core.main.TestCaseMain$startTestSuite$0.call(Unknown Source)
	at TempTestSuite1649143148820.run(TempTestSuite1649143148820.groovy:36)
Caused by: com.kms.katalon.core.webui.exception.WebElementNotFoundException: Web element with id: 'Object Repository/Avangard New/Object (Администратор)/Case (Психофиз)/exstraversi' located by '//p[(text() = 'Экстраверсия' or . = 'Экстраверсия')]' not found
	at com.kms.katalon.core.webui.common.WebUiCommonHelper.findWebElement(WebUiCommonHelper.java:1370)
	at com.kms.katalon.core.webui.keyword.internal.WebUIAbstractKeyword.findWebElement(WebUIAbstractKeyword.groovy:27)
	at com.kms.katalon.core.webui.keyword.internal.WebUIAbstractKeyword.findWebElement(WebUIAbstractKeyword.groovy:26)
	at com.kms.katalon.core.webui.keyword.builtin.ScrollToElementKeyword$_scrollToElement_closure1.doCall(ScrollToElementKeyword.groovy:79)
	at com.kms.katalon.core.webui.keyword.builtin.ScrollToElementKeyword$_scrollToElement_closure1.call(ScrollToElementKeyword.groovy)
	at com.kms.katalon.core.webui.keyword.internal.WebUIKeywordMain.runKeyword(WebUIKeywordMain.groovy:20)
	at com.kms.katalon.core.webui.keyword.builtin.ScrollToElementKeyword.scrollToElement(ScrollToElementKeyword.groovy:88)
	at com.kms.katalon.core.webui.keyword.builtin.ScrollToElementKeyword.execute(ScrollToElementKeyword.groovy:68)
	at com.kms.katalon.core.keyword.internal.KeywordExecutor.executeKeywordForPlatform(KeywordExecutor.groovy:74)
	at com.kms.katalon.core.webui.keyword.WebUiBuiltInKeywords.scrollToElement(WebUiBuiltInKeywords.groovy:4061)
	at com.kms.katalon.core.webui.keyword.WebUiBuiltInKeywords$scrollToElement$7.call(Unknown Source)
	at Script1645083258462.run(Script1645083258462.groovy:70)
	... 13 more
)

2022-04-05 10:44:50 - [MESSAGE][WARNING] - Timeout '0' is invalid. Using default page load timeout: '30'

2022-04-05 10:45:21 - [MESSAGE][INFO] - Unable to find the element located by 'By.xpath: //p[(text() = 'Экстраверсия' or . = 'Экстраверсия')]'. Please recheck the objects properties to make sure the desired element is located. 

2022-04-05 10:45:21 - [MESSAGE][WARNING] - [SELF-HEALING] Failed to find element with id 'Object Repository/Avangard New/Object (Администратор)/Case (Психофиз)/exstraversi'. Try using Self-healing.

2022-04-05 10:45:23 - [MESSAGE][INFO] - [SELF-HEALING] Failed Locator: '//div[@id='rc-tabs-0-panel-1']/div[2]/div[2]/div/div/div/div/div[2]/p[2]'.

2022-04-05 10:45:25 - [MESSAGE][INFO] - [SELF-HEALING] Failed Locator: '(.//*[normalize-space(text()) and normalize-space(.)='Индивидуально-типологический'])[1]/following::p[17]'.

2022-04-05 10:45:26 - [MESSAGE][INFO] - [SELF-HEALING] Failed Locator: '(.//*[normalize-space(text()) and normalize-space(.)='Психологический'])[1]/following::p[17]'.

2022-04-05 10:45:28 - [MESSAGE][INFO] - [SELF-HEALING] Failed Locator: '(.//*[normalize-space(text()) and normalize-space(.)='Редактирование профиля'])[1]/preceding::p[29]'.

2022-04-05 10:45:29 - [MESSAGE][INFO] - [SELF-HEALING] Failed Locator: '//*/text()[normalize-space(.)='Экстраверсия']/parent::*'.

2022-04-05 10:45:31 - [MESSAGE][INFO] - [SELF-HEALING] Failed Locator: '//div[2]/div/div/div/div/div[2]/p[2]'.

2022-04-05 10:45:32 - [MESSAGE][INFO] - [SELF-HEALING] Failed Locator: '//p[(text() = 'Экстраверсия' or . = 'Экстраверсия')]'.

2022-04-05 10:45:33 - [MESSAGE][INFO] - Unable to find the element located by 'By.xpath: //*[(text() = 'Экстраверсия' or . = 'Экстраверсия')]'. Please recheck the objects properties to make sure the desired element is located. 

2022-04-05 10:45:35 - [MESSAGE][INFO] - Unable to find the element located by 'By.cssSelector: p.styles__SkillName-sc-8xsnvi-9.fxKVA'. Please recheck the objects properties to make sure the desired element is located. 

2022-04-05 10:45:38 - [MESSAGE][FAILED] - Unable to scroll to object 'Object Repository/Avangard New/Object (Администратор)/Case (Психофиз)/exstraversi' (Root cause: com.kms.katalon.core.exception.StepFailedException: Unable to scroll to object 'Object Repository/Avangard New/Object (Администратор)/Case (Психофиз)/exstraversi'
	at com.kms.katalon.core.webui.keyword.internal.WebUIKeywordMain.stepFailed(WebUIKeywordMain.groovy:64)
	at com.kms.katalon.core.webui.keyword.internal.WebUIKeywordMain.runKeyword(WebUIKeywordMain.groovy:26)
	at com.kms.katalon.core.webui.keyword.builtin.ScrollToElementKeyword.scrollToElement(ScrollToElementKeyword.groovy:88)
	at com.kms.katalon.core.webui.keyword.builtin.ScrollToElementKeyword.execute(ScrollToElementKeyword.groovy:68)
	at com.kms.katalon.core.keyword.internal.KeywordExecutor.executeKeywordForPlatform(KeywordExecutor.groovy:74)
	at com.kms.katalon.core.webui.keyword.WebUiBuiltInKeywords.scrollToElement(WebUiBuiltInKeywords.groovy:4061)
	at com.kms.katalon.core.webui.keyword.WebUiBuiltInKeywords$scrollToElement$7.call(Unknown Source)
	at Отчет психофиз.run(Отчет психофиз:70)
	at com.kms.katalon.core.main.ScriptEngine.run(ScriptEngine.java:194)
	at com.kms.katalon.core.main.ScriptEngine.runScriptAsRawText(ScriptEngine.java:119)
	at com.kms.katalon.core.main.TestCaseExecutor.runScript(TestCaseExecutor.java:442)
	at com.kms.katalon.core.main.TestCaseExecutor.doExecute(TestCaseExecutor.java:433)
	at com.kms.katalon.core.main.TestCaseExecutor.processExecutionPhase(TestCaseExecutor.java:412)
	at com.kms.katalon.core.main.TestCaseExecutor.accessMainPhase(TestCaseExecutor.java:404)
	at com.kms.katalon.core.main.TestCaseExecutor.execute(TestCaseExecutor.java:281)
	at com.kms.katalon.core.main.TestSuiteExecutor.accessTestCaseMainPhase(TestSuiteExecutor.java:202)
	at com.kms.katalon.core.main.TestSuiteExecutor.accessTestSuiteMainPhase(TestSuiteExecutor.java:164)
	at com.kms.katalon.core.main.TestSuiteExecutor.execute(TestSuiteExecutor.java:105)
	at com.kms.katalon.core.main.TestCaseMain.startTestSuite(TestCaseMain.java:185)
	at com.kms.katalon.core.main.TestCaseMain$startTestSuite$0.call(Unknown Source)
	at TempTestSuite1649143148820.run(TempTestSuite1649143148820.groovy:36)
Caused by: com.kms.katalon.core.webui.exception.WebElementNotFoundException: Web element with id: 'Object Repository/Avangard New/Object (Администратор)/Case (Психофиз)/exstraversi' located by '//p[(text() = 'Экстраверсия' or . = 'Экстраверсия')]' not found
	at com.kms.katalon.core.webui.common.WebUiCommonHelper.findWebElement(WebUiCommonHelper.java:1370)
	at com.kms.katalon.core.webui.keyword.internal.WebUIAbstractKeyword.findWebElement(WebUIAbstractKeyword.groovy:27)
	at com.kms.katalon.core.webui.keyword.internal.WebUIAbstractKeyword.findWebElement(WebUIAbstractKeyword.groovy:26)
	at com.kms.katalon.core.webui.keyword.builtin.ScrollToElementKeyword$_scrollToElement_closure1.doCall(ScrollToElementKeyword.groovy:79)
	at com.kms.katalon.core.webui.keyword.builtin.ScrollToElementKeyword$_scrollToElement_closure1.call(ScrollToElementKeyword.groovy)
	at com.kms.katalon.core.webui.keyword.internal.WebUIKeywordMain.runKeyword(WebUIKeywordMain.groovy:20)
	at com.kms.katalon.core.webui.keyword.builtin.ScrollToElementKeyword.scrollToElement(ScrollToElementKeyword.groovy:88)
	at com.kms.katalon.core.webui.keyword.builtin.ScrollToElementKeyword.execute(ScrollToElementKeyword.groovy:68)
	at com.kms.katalon.core.keyword.internal.KeywordExecutor.executeKeywordForPlatform(KeywordExecutor.groovy:74)
	at com.kms.katalon.core.webui.keyword.WebUiBuiltInKeywords.scrollToElement(WebUiBuiltInKeywords.groovy:4061)
	at com.kms.katalon.core.webui.keyword.WebUiBuiltInKeywords$scrollToElement$7.call(Unknown Source)
	at Script1645083258462.run(Script1645083258462.groovy:70)
	... 13 more
)
[[ATTACHMENT|C:\\Users\\LENOVO\\Katalon Studio\\Avangard\\Reports\\20220405_101904\\\u0410\u0434\u043C\u0438\u043D\u0438\u0441\u0442\u0440\u0430\u0442\u043E\u0440\\20220405_101908\\1649144735153.png]]]]></system-out>
         <system-err><![CDATA[2022-04-05 10:38:43 - [TEST_CASE][FAILED] - Test Cases/Администратор/ОТЧЕТЫ функциональные тесты/Отчет психофиз: Test Cases/Администратор/ОТЧЕТЫ функциональные тесты/Отчет психофиз FAILED.
Reason:
com.kms.katalon.core.exception.StepFailedException: Unable to scroll to object 'Object Repository/Avangard New/Object (Администратор)/Case (Психофиз)/exstraversi'
	at com.kms.katalon.core.webui.keyword.internal.WebUIKeywordMain.stepFailed(WebUIKeywordMain.groovy:64)
	at com.kms.katalon.core.webui.keyword.internal.WebUIKeywordMain.runKeyword(WebUIKeywordMain.groovy:26)
	at com.kms.katalon.core.webui.keyword.builtin.ScrollToElementKeyword.scrollToElement(ScrollToElementKeyword.groovy:88)
	at com.kms.katalon.core.webui.keyword.builtin.ScrollToElementKeyword.execute(ScrollToElementKeyword.groovy:68)
	at com.kms.katalon.core.keyword.internal.KeywordExecutor.executeKeywordForPlatform(KeywordExecutor.groovy:74)
	at com.kms.katalon.core.webui.keyword.WebUiBuiltInKeywords.scrollToElement(WebUiBuiltInKeywords.groovy:4061)
	at com.kms.katalon.core.webui.keyword.WebUiBuiltInKeywords$scrollToElement$7.call(Unknown Source)
	at Отчет психофиз.run(Отчет психофиз:70)
	at com.kms.katalon.core.main.ScriptEngine.run(ScriptEngine.java:194)
	at com.kms.katalon.core.main.ScriptEngine.runScriptAsRawText(ScriptEngine.java:119)
	at com.kms.katalon.core.main.TestCaseExecutor.runScript(TestCaseExecutor.java:442)
	at com.kms.katalon.core.main.TestCaseExecutor.doExecute(TestCaseExecutor.java:433)
	at com.kms.katalon.core.main.TestCaseExecutor.processExecutionPhase(TestCaseExecutor.java:412)
	at com.kms.katalon.core.main.TestCaseExecutor.accessMainPhase(TestCaseExecutor.java:404)
	at com.kms.katalon.core.main.TestCaseExecutor.execute(TestCaseExecutor.java:281)
	at com.kms.katalon.core.main.TestSuiteExecutor.accessTestCaseMainPhase(TestSuiteExecutor.java:202)
	at com.kms.katalon.core.main.TestSuiteExecutor.accessTestSuiteMainPhase(TestSuiteExecutor.java:164)
	at com.kms.katalon.core.main.TestSuiteExecutor.execute(TestSuiteExecutor.java:105)
	at com.kms.katalon.core.main.TestCaseMain.startTestSuite(TestCaseMain.java:185)
	at com.kms.katalon.core.main.TestCaseMain$startTestSuite$0.call(Unknown Source)
	at TempTestSuite1649143148820.run(TempTestSuite1649143148820.groovy:36)
Caused by: com.kms.katalon.core.webui.exception.WebElementNotFoundException: Web element with id: 'Object Repository/Avangard New/Object (Администратор)/Case (Психофиз)/exstraversi' located by '//p[(text() = 'Экстраверсия' or . = 'Экстраверсия')]' not found
	at com.kms.katalon.core.webui.common.WebUiCommonHelper.findWebElement(WebUiCommonHelper.java:1370)
	at com.kms.katalon.core.webui.keyword.internal.WebUIAbstractKeyword.findWebElement(WebUIAbstractKeyword.groovy:27)
	at com.kms.katalon.core.webui.keyword.internal.WebUIAbstractKeyword.findWebElement(WebUIAbstractKeyword.groovy:26)
	at com.kms.katalon.core.webui.keyword.builtin.ScrollToElementKeyword$_scrollToElement_closure1.doCall(ScrollToElementKeyword.groovy:79)
	at com.kms.katalon.core.webui.keyword.builtin.ScrollToElementKeyword$_scrollToElement_closure1.call(ScrollToElementKeyword.groovy)
	at com.kms.katalon.core.webui.keyword.internal.WebUIKeywordMain.runKeyword(WebUIKeywordMain.groovy:20)
	... 19 more]]></system-err>
      </testcase>
      <testcase name="Test Cases/Администратор/ОТЧЕТЫ функциональные тесты/Отчет по играм за период" time="252.117" classname="Test Cases/Администратор/ОТЧЕТЫ функциональные тесты/Отчет по играм за период" status="PASSED">
         <system-out><![CDATA[2022-04-05 10:45:40 - [TEST_CASE][PASSED] - Test Cases/Администратор/ОТЧЕТЫ функциональные тесты/Отчет по играм за период: Test Cases/Администратор/ОТЧЕТЫ функциональные тесты/Отчет по играм за период

2022-04-05 10:45:41 - [TEST_STEP][PASSED] - callTestCase(findTestCase("Администратор/Отчет для тк"), [:], STOP_ON_FAILURE): Call Test Case 'Test Cases/Администратор/Отчет для тк' successfully

2022-04-05 10:45:41 - [TEST_CASE][PASSED] - Test Cases/Администратор/Отчет для тк: Test Cases/Администратор/Отчет для тк

2022-04-05 10:45:41 - [TEST_STEP][PASSED] - callTestCase(findTestCase("Администратор/Авторизация"), [:], STOP_ON_FAILURE): Call Test Case 'Test Cases/Администратор/Авторизация' successfully

2022-04-05 10:45:41 - [TEST_CASE][PASSED] - Test Cases/Администратор/Авторизация: Test Cases/Администратор/Авторизация

2022-04-05 10:45:41 - [TEST_STEP][PASSED] - openBrowser(""): Browser is opened with url: ''

2022-04-05 10:45:41 - [MESSAGE][WARNING] - A browser is already opened. Closing browser and opening a new one

2022-04-05 10:45:41 - [MESSAGE][INFO] - User set preference: ['os', 'linux']

2022-04-05 10:45:41 - [MESSAGE][INFO] - User set preference: ['browserName', 'chrome']

2022-04-05 10:45:41 - [MESSAGE][INFO] - User set preference: ['browserVersion', '97']

2022-04-05 10:45:41 - [MESSAGE][INFO] - User set preference: ['katalon:option', '{organizationId=632442, tunnelId=, usingTunnel=false}']

2022-04-05 10:45:41 - [MESSAGE][INFO] - Connecting to remote web server 'testcloud.katalon.com/hub' with type 'Selenium'

2022-04-05 10:45:41 - [MESSAGE][INFO] - Action delay is set to 100 milliseconds

2022-04-05 10:48:12 - [MESSAGE][PASSED] - Browser is opened with url: ''

2022-04-05 10:48:12 - [TEST_STEP][PASSED] - maximizeWindow(): Current window maximized

2022-04-05 10:48:12 - [MESSAGE][PASSED] - Current window maximized

2022-04-05 10:48:12 - [TEST_STEP][PASSED] - navigateToUrl(url): Navigate to 'https://stars-stage.hawk.ru:8080' successfully

2022-04-05 10:48:18 - [MESSAGE][PASSED] - Navigate to 'https://stars-stage.hawk.ru:8080' successfully

2022-04-05 10:48:18 - [TEST_STEP][PASSED] - setText(findTestObject("Object Repository/Page_/input__sc-lnrBVv eqPACj"), admin_login): Text 'TestAdmin@test.ru' is set on object 'Object Repository/Page_/input__sc-lnrBVv eqPACj'

2022-04-05 10:48:22 - [MESSAGE][PASSED] - Text 'TestAdmin@test.ru' is set on object 'Object Repository/Page_/input__sc-lnrBVv eqPACj'

2022-04-05 10:48:22 - [TEST_STEP][PASSED] - setText(findTestObject("Object Repository/Page_/input__sc-lnrBVv eqPACj_1"), admin_password): Text 'TestAdmin@test.ru' is set on object 'Object Repository/Page_/input__sc-lnrBVv eqPACj_1'

2022-04-05 10:48:26 - [MESSAGE][PASSED] - Text 'TestAdmin@test.ru' is set on object 'Object Repository/Page_/input__sc-lnrBVv eqPACj_1'

2022-04-05 10:48:26 - [TEST_STEP][PASSED] - click(findTestObject("Object Repository/Page_/go")): Object: 'Object Repository/Page_/go' is clicked on

2022-04-05 10:48:28 - [MESSAGE][PASSED] - Object: 'Object Repository/Page_/go' is clicked on

2022-04-05 10:48:28 - [MESSAGE][PASSED] - Call Test Case 'Test Cases/Администратор/Авторизация' successfully

2022-04-05 10:48:28 - [TEST_STEP][PASSED] - click(findTestObject("admin/reports/keys/reports/report")): Object: 'Object Repository/admin/reports/keys/reports/report' is clicked on

2022-04-05 10:48:58 - [MESSAGE][PASSED] - Object: 'Object Repository/admin/reports/keys/reports/report' is clicked on

2022-04-05 10:48:58 - [MESSAGE][PASSED] - Call Test Case 'Test Cases/Администратор/Отчет для тк' successfully

2022-04-05 10:48:58 - [TEST_STEP][PASSED] - click(findTestObject("Object Repository/admin/reports/period/Page_/div_")): Object: 'Object Repository/admin/reports/period/Page_/div_' is clicked on

2022-04-05 10:49:00 - [MESSAGE][PASSED] - Object: 'Object Repository/admin/reports/period/Page_/div_' is clicked on

2022-04-05 10:49:00 - [TEST_STEP][PASSED] - verifyTextPresent("ОТЧЕТ ПО ИГРАМ ЗА ПЕРИОД", true): Text 'ОТЧЕТ ПО ИГРАМ ЗА ПЕРИОД' is present on page  using regular expression

2022-04-05 10:49:02 - [MESSAGE][PASSED] - Text 'ОТЧЕТ ПО ИГРАМ ЗА ПЕРИОД' is present on page  using regular expression

2022-04-05 10:49:02 - [TEST_STEP][PASSED] - setText(findTestObject("Object Repository/admin/reports/period/Page_/input__react-select-2-input"), "академия"): Text 'академия' is set on object 'Object Repository/admin/reports/period/Page_/input__react-select-2-input'

2022-04-05 10:49:06 - [MESSAGE][PASSED] - Text 'академия' is set on object 'Object Repository/admin/reports/period/Page_/input__react-select-2-input'

2022-04-05 10:49:06 - [TEST_STEP][PASSED] - sendKeys(findTestObject("Object Repository/admin/reports/period/Page_/input__react-select-2-input"), Keys.chord(ENTER)): Keys 'ENTER + ' sent to object: 'Object Repository/admin/reports/period/Page_/input__react-select-2-input'

2022-04-05 10:49:08 - [MESSAGE][PASSED] - Keys 'ENTER + ' sent to object: 'Object Repository/admin/reports/period/Page_/input__react-select-2-input'

2022-04-05 10:49:08 - [TEST_STEP][PASSED] - setText(findTestObject("Object Repository/admin/reports/period/Page_/input__react-select-3-input"), school): Text 'Авангард-2005' is set on object 'Object Repository/admin/reports/period/Page_/input__react-select-3-input'

2022-04-05 10:49:12 - [MESSAGE][PASSED] - Text 'Авангард-2005' is set on object 'Object Repository/admin/reports/period/Page_/input__react-select-3-input'

2022-04-05 10:49:12 - [TEST_STEP][PASSED] - sendKeys(findTestObject("Object Repository/admin/reports/period/Page_/input__react-select-3-input"), Keys.chord(ENTER)): Keys 'ENTER + ' sent to object: 'Object Repository/admin/reports/period/Page_/input__react-select-3-input'

2022-04-05 10:49:14 - [MESSAGE][PASSED] - Keys 'ENTER + ' sent to object: 'Object Repository/admin/reports/period/Page_/input__react-select-3-input'

2022-04-05 10:49:14 - [TEST_STEP][PASSED] - setText(findTestObject("Object Repository/admin/reports/period/Page_/input_._year"), "2020"): Text '2020' is set on object 'Object Repository/admin/reports/period/Page_/input_._year'

2022-04-05 10:49:21 - [MESSAGE][PASSED] - Text '2020' is set on object 'Object Repository/admin/reports/period/Page_/input_._year'

2022-04-05 10:49:21 - [TEST_STEP][PASSED] - waitForElementNotPresent(findTestObject("Object Repository/admin/reports/period/Page_/img_ _sc-cMljjf KiCqS"), 0): Web element with id: 'Object Repository/admin/reports/period/Page_/img_ _sc-cMljjf KiCqS' located by 'By.xpath: //div[@id='root']/div/div/div[2]/div/div[2]/div/div/div/img' is not present after '30' second(s)

2022-04-05 10:49:21 - [MESSAGE][WARNING] - Timeout '0' is invalid. Using default page load timeout: '30'

2022-04-05 10:49:28 - [MESSAGE][PASSED] - Web element with id: 'Object Repository/admin/reports/period/Page_/img_ _sc-cMljjf KiCqS' located by 'By.xpath: //div[@id='root']/div/div/div[2]/div/div[2]/div/div/div/img' is not present after '30' second(s)

2022-04-05 10:49:28 - [TEST_STEP][PASSED] - verifyTextPresent("Управление командой со скамейки", true): Text 'Управление командой со скамейки' is present on page  using regular expression

2022-04-05 10:49:31 - [MESSAGE][PASSED] - Text 'Управление командой со скамейки' is present on page  using regular expression

2022-04-05 10:49:31 - [TEST_STEP][PASSED] - verifyTextPresent("Самоотверженность / воля к победе", true): Text 'Самоотверженность / воля к победе' is present on page  using regular expression

2022-04-05 10:49:34 - [MESSAGE][PASSED] - Text 'Самоотверженность / воля к победе' is present on page  using regular expression

2022-04-05 10:49:34 - [TEST_STEP][PASSED] - verifyTextPresent("СРЕДНЯЯ ОЦЕНКА", false): Text 'СРЕДНЯЯ ОЦЕНКА' is present on page 

2022-04-05 10:49:37 - [MESSAGE][PASSED] - Text 'СРЕДНЯЯ ОЦЕНКА' is present on page 

2022-04-05 10:49:37 - [TEST_STEP][PASSED] - verifyTextPresent("АТАКУЮЩИЕ ДЕЙСТВИЯ", false): Text 'АТАКУЮЩИЕ ДЕЙСТВИЯ' is present on page 

2022-04-05 10:49:40 - [MESSAGE][PASSED] - Text 'АТАКУЮЩИЕ ДЕЙСТВИЯ' is present on page 

2022-04-05 10:49:40 - [TEST_STEP][PASSED] - verifyTextPresent("ОБОРОНИТЕЛЬНЫЕ ДЕЙСТВИЯ", false): Text 'ОБОРОНИТЕЛЬНЫЕ ДЕЙСТВИЯ' is present on page 

2022-04-05 10:49:43 - [MESSAGE][PASSED] - Text 'ОБОРОНИТЕЛЬНЫЕ ДЕЙСТВИЯ' is present on page 

2022-04-05 10:49:43 - [TEST_STEP][PASSED] - verifyTextPresent("Защитник", false): Text 'Защитник' is present on page 

2022-04-05 10:49:46 - [MESSAGE][PASSED] - Text 'Защитник' is present on page 

2022-04-05 10:49:46 - [TEST_STEP][PASSED] - verifyTextPresent("Нападающий", false): Text 'Нападающий' is present on page 

2022-04-05 10:49:50 - [MESSAGE][PASSED] - Text 'Нападающий' is present on page 

2022-04-05 10:49:50 - [TEST_STEP][PASSED] - click(findTestObject("Object Repository/admin/reports/period/Page_/root")): Object: 'Object Repository/admin/reports/period/Page_/root' is clicked on

2022-04-05 10:49:52 - [MESSAGE][PASSED] - Object: 'Object Repository/admin/reports/period/Page_/root' is clicked on

2022-04-05 10:49:52 - [TEST_STEP][PASSED] - closeBrowser(): Browser is closed

2022-04-05 10:49:53 - [MESSAGE][PASSED] - Browser is closed]]></system-out>
         <system-err><![CDATA[]]></system-err>
      </testcase>
      <testcase name="Test Cases/Администратор/ОТЧЕТЫ функциональные тесты/Игровая статистика" time="283.024" classname="Test Cases/Администратор/ОТЧЕТЫ функциональные тесты/Игровая статистика" status="FAILED">
         <failure type="FAILED" message="Test Cases/Администратор/ОТЧЕТЫ функциональные тесты/Игровая статистика FAILED.
Reason:
com.kms.katalon.core.exception.StepFailedException: Unable to verify text 'Матчи' is present  using regular expression
	at com.kms.katalon.core.webui.keyword.internal.WebUIKeywordMain.stepFailed(WebUIKeywordMain.groovy:64)
	at com.kms.katalon.core.webui.keyword.internal.WebUIKeywordMain.runKeyword(WebUIKeywordMain.groovy:26)
	at com.kms.katalon.core.webui.keyword.builtin.VerifyTextPresentKeyword.verifyTextPresent(VerifyTextPresentKeyword.groovy:83)
	at com.kms.katalon.core.webui.keyword.builtin.VerifyTextPresentKeyword.execute(VerifyTextPresentKeyword.groovy:68)
	at com.kms.katalon.core.keyword.internal.KeywordExecutor.executeKeywordForPlatform(KeywordExecutor.groovy:74)
	at com.kms.katalon.core.webui.keyword.WebUiBuiltInKeywords.verifyTextPresent(WebUiBuiltInKeywords.groovy:1723)
	at com.kms.katalon.core.webui.keyword.WebUiBuiltInKeywords$verifyTextPresent$4.call(Unknown Source)
	at Игровая статистика.run(Игровая статистика:48)
	at com.kms.katalon.core.main.ScriptEngine.run(ScriptEngine.java:194)
	at com.kms.katalon.core.main.ScriptEngine.runScriptAsRawText(ScriptEngine.java:119)
	at com.kms.katalon.core.main.TestCaseExecutor.runScript(TestCaseExecutor.java:442)
	at com.kms.katalon.core.main.TestCaseExecutor.doExecute(TestCaseExecutor.java:433)
	at com.kms.katalon.core.main.TestCaseExecutor.processExecutionPhase(TestCaseExecutor.java:412)
	at com.kms.katalon.core.main.TestCaseExecutor.accessMainPhase(TestCaseExecutor.java:404)
	at com.kms.katalon.core.main.TestCaseExecutor.execute(TestCaseExecutor.java:281)
	at com.kms.katalon.core.main.TestSuiteExecutor.accessTestCaseMainPhase(TestSuiteExecutor.java:202)
	at com.kms.katalon.core.main.TestSuiteExecutor.accessTestSuiteMainPhase(TestSuiteExecutor.java:164)
	at com.kms.katalon.core.main.TestSuiteExecutor.execute(TestSuiteExecutor.java:105)
	at com.kms.katalon.core.main.TestCaseMain.startTestSuite(TestCaseMain.java:185)
	at com.kms.katalon.core.main.TestCaseMain$startTestSuite$0.call(Unknown Source)
	at TempTestSuite1649143148820.run(TempTestSuite1649143148820.groovy:36)
Caused by: com.kms.katalon.core.exception.StepFailedException: Text 'Матчи' is not present on page  using regular expression
	at com.kms.katalon.core.webui.keyword.internal.WebUIKeywordMain.stepFailed(WebUIKeywordMain.groovy:64)
	at com.kms.katalon.core.webui.keyword.builtin.VerifyTextPresentKeyword$_verifyTextPresent_closure1.doCall(VerifyTextPresentKeyword.groovy:79)
	at com.kms.katalon.core.webui.keyword.builtin.VerifyTextPresentKeyword$_verifyTextPresent_closure1.call(VerifyTextPresentKeyword.groovy)
	at com.kms.katalon.core.webui.keyword.internal.WebUIKeywordMain.runKeyword(WebUIKeywordMain.groovy:20)
	... 19 more
"/>
         <system-out><![CDATA[2022-04-05 10:49:53 - [TEST_CASE][FAILED] - Test Cases/Администратор/ОТЧЕТЫ функциональные тесты/Игровая статистика: Test Cases/Администратор/ОТЧЕТЫ функциональные тесты/Игровая статистика FAILED.
Reason:
com.kms.katalon.core.exception.StepFailedException: Unable to verify text 'Матчи' is present  using regular expression
	at com.kms.katalon.core.webui.keyword.internal.WebUIKeywordMain.stepFailed(WebUIKeywordMain.groovy:64)
	at com.kms.katalon.core.webui.keyword.internal.WebUIKeywordMain.runKeyword(WebUIKeywordMain.groovy:26)
	at com.kms.katalon.core.webui.keyword.builtin.VerifyTextPresentKeyword.verifyTextPresent(VerifyTextPresentKeyword.groovy:83)
	at com.kms.katalon.core.webui.keyword.builtin.VerifyTextPresentKeyword.execute(VerifyTextPresentKeyword.groovy:68)
	at com.kms.katalon.core.keyword.internal.KeywordExecutor.executeKeywordForPlatform(KeywordExecutor.groovy:74)
	at com.kms.katalon.core.webui.keyword.WebUiBuiltInKeywords.verifyTextPresent(WebUiBuiltInKeywords.groovy:1723)
	at com.kms.katalon.core.webui.keyword.WebUiBuiltInKeywords$verifyTextPresent$4.call(Unknown Source)
	at Игровая статистика.run(Игровая статистика:48)
	at com.kms.katalon.core.main.ScriptEngine.run(ScriptEngine.java:194)
	at com.kms.katalon.core.main.ScriptEngine.runScriptAsRawText(ScriptEngine.java:119)
	at com.kms.katalon.core.main.TestCaseExecutor.runScript(TestCaseExecutor.java:442)
	at com.kms.katalon.core.main.TestCaseExecutor.doExecute(TestCaseExecutor.java:433)
	at com.kms.katalon.core.main.TestCaseExecutor.processExecutionPhase(TestCaseExecutor.java:412)
	at com.kms.katalon.core.main.TestCaseExecutor.accessMainPhase(TestCaseExecutor.java:404)
	at com.kms.katalon.core.main.TestCaseExecutor.execute(TestCaseExecutor.java:281)
	at com.kms.katalon.core.main.TestSuiteExecutor.accessTestCaseMainPhase(TestSuiteExecutor.java:202)
	at com.kms.katalon.core.main.TestSuiteExecutor.accessTestSuiteMainPhase(TestSuiteExecutor.java:164)
	at com.kms.katalon.core.main.TestSuiteExecutor.execute(TestSuiteExecutor.java:105)
	at com.kms.katalon.core.main.TestCaseMain.startTestSuite(TestCaseMain.java:185)
	at com.kms.katalon.core.main.TestCaseMain$startTestSuite$0.call(Unknown Source)
	at TempTestSuite1649143148820.run(TempTestSuite1649143148820.groovy:36)
Caused by: com.kms.katalon.core.exception.StepFailedException: Text 'Матчи' is not present on page  using regular expression
	at com.kms.katalon.core.webui.keyword.internal.WebUIKeywordMain.stepFailed(WebUIKeywordMain.groovy:64)
	at com.kms.katalon.core.webui.keyword.builtin.VerifyTextPresentKeyword$_verifyTextPresent_closure1.doCall(VerifyTextPresentKeyword.groovy:79)
	at com.kms.katalon.core.webui.keyword.builtin.VerifyTextPresentKeyword$_verifyTextPresent_closure1.call(VerifyTextPresentKeyword.groovy)
	at com.kms.katalon.core.webui.keyword.internal.WebUIKeywordMain.runKeyword(WebUIKeywordMain.groovy:20)
	... 19 more


2022-04-05 10:49:53 - [TEST_STEP][PASSED] - callTestCase(findTestCase("Администратор/Авторизация"), [:], STOP_ON_FAILURE): Call Test Case 'Test Cases/Администратор/Авторизация' successfully

2022-04-05 10:49:53 - [TEST_CASE][PASSED] - Test Cases/Администратор/Авторизация: Test Cases/Администратор/Авторизация

2022-04-05 10:49:53 - [TEST_STEP][PASSED] - openBrowser(""): Browser is opened with url: ''

2022-04-05 10:49:53 - [MESSAGE][INFO] - User set preference: ['os', 'linux']

2022-04-05 10:49:53 - [MESSAGE][INFO] - User set preference: ['browserName', 'chrome']

2022-04-05 10:49:53 - [MESSAGE][INFO] - User set preference: ['browserVersion', '97']

2022-04-05 10:49:53 - [MESSAGE][INFO] - User set preference: ['katalon:option', '{organizationId=632442, tunnelId=, usingTunnel=false}']

2022-04-05 10:49:53 - [MESSAGE][INFO] - Connecting to remote web server 'testcloud.katalon.com/hub' with type 'Selenium'

2022-04-05 10:49:53 - [MESSAGE][INFO] - Action delay is set to 100 milliseconds

2022-04-05 10:52:13 - [MESSAGE][PASSED] - Browser is opened with url: ''

2022-04-05 10:52:13 - [TEST_STEP][PASSED] - maximizeWindow(): Current window maximized

2022-04-05 10:52:13 - [MESSAGE][PASSED] - Current window maximized

2022-04-05 10:52:13 - [TEST_STEP][PASSED] - navigateToUrl(url): Navigate to 'https://stars-stage.hawk.ru:8080' successfully

2022-04-05 10:52:19 - [MESSAGE][PASSED] - Navigate to 'https://stars-stage.hawk.ru:8080' successfully

2022-04-05 10:52:19 - [TEST_STEP][PASSED] - setText(findTestObject("Object Repository/Page_/input__sc-lnrBVv eqPACj"), admin_login): Text 'TestAdmin@test.ru' is set on object 'Object Repository/Page_/input__sc-lnrBVv eqPACj'

2022-04-05 10:52:23 - [MESSAGE][PASSED] - Text 'TestAdmin@test.ru' is set on object 'Object Repository/Page_/input__sc-lnrBVv eqPACj'

2022-04-05 10:52:23 - [TEST_STEP][PASSED] - setText(findTestObject("Object Repository/Page_/input__sc-lnrBVv eqPACj_1"), admin_password): Text 'TestAdmin@test.ru' is set on object 'Object Repository/Page_/input__sc-lnrBVv eqPACj_1'

2022-04-05 10:52:27 - [MESSAGE][PASSED] - Text 'TestAdmin@test.ru' is set on object 'Object Repository/Page_/input__sc-lnrBVv eqPACj_1'

2022-04-05 10:52:27 - [TEST_STEP][PASSED] - click(findTestObject("Object Repository/Page_/go")): Object: 'Object Repository/Page_/go' is clicked on

2022-04-05 10:52:29 - [MESSAGE][PASSED] - Object: 'Object Repository/Page_/go' is clicked on

2022-04-05 10:52:29 - [MESSAGE][PASSED] - Call Test Case 'Test Cases/Администратор/Авторизация' successfully

2022-04-05 10:52:29 - [TEST_STEP][PASSED] - click(findTestObject("Object Repository/admin/reports/gamestat/reports/report")): Object: 'Object Repository/admin/reports/gamestat/reports/report' is clicked on

2022-04-05 10:52:59 - [MESSAGE][PASSED] - Object: 'Object Repository/admin/reports/gamestat/reports/report' is clicked on

2022-04-05 10:52:59 - [TEST_STEP][PASSED] - click(findTestObject("Object Repository/admin/reports/gamestat/Page_/stats_report")): Object: 'Object Repository/admin/reports/gamestat/Page_/stats_report' is clicked on

2022-04-05 10:53:01 - [MESSAGE][PASSED] - Object: 'Object Repository/admin/reports/gamestat/Page_/stats_report' is clicked on

2022-04-05 10:53:01 - [TEST_STEP][PASSED] - verifyTextPresent("ИГРОВАЯ СТАТИСТИКА", true): Text 'ИГРОВАЯ СТАТИСТИКА' is present on page  using regular expression

2022-04-05 10:53:04 - [MESSAGE][PASSED] - Text 'ИГРОВАЯ СТАТИСТИКА' is present on page  using regular expression

2022-04-05 10:53:04 - [TEST_STEP][PASSED] - click(findTestObject("Object Repository/admin/reports/gamestat/Page_/school")): Object: 'Object Repository/admin/reports/gamestat/Page_/school' is clicked on

2022-04-05 10:53:35 - [MESSAGE][INFO] - Unable to find the element located by 'By.xpath: //div[(text() = 'Школа' or . = 'Школа')]'. Please recheck the objects properties to make sure the desired element is located. 

2022-04-05 10:53:35 - [MESSAGE][WARNING] - [SELF-HEALING] Failed to find element with id 'Object Repository/admin/reports/gamestat/Page_/school'. Try using Self-healing.

2022-04-05 10:53:36 - [MESSAGE][WARNING] - [SELF-HEALING] The current locator of test object 'Object Repository/admin/reports/gamestat/Page_/school' was broken. Propose an alternative one: '(.//*[normalize-space(text()) and normalize-space(.)='Школа'])[1]/following::div[4]'.

2022-04-05 10:53:37 - [MESSAGE][PASSED] - Object: 'Object Repository/admin/reports/gamestat/Page_/school' is clicked on

2022-04-05 10:53:37 - [TEST_STEP][PASSED] - click(findTestObject("Object Repository/admin/reports/gamestat/Page_/Academy")): Object: 'Object Repository/admin/reports/gamestat/Page_/Academy' is clicked on

2022-04-05 10:53:39 - [MESSAGE][PASSED] - Object: 'Object Repository/admin/reports/gamestat/Page_/Academy' is clicked on

2022-04-05 10:53:39 - [TEST_STEP][PASSED] - click(findTestObject("Object Repository/admin/reports/gamestat/Page_/team")): Object: 'Object Repository/admin/reports/gamestat/Page_/team' is clicked on

2022-04-05 10:54:10 - [MESSAGE][INFO] - Unable to find the element located by 'By.xpath: //div[(text() = 'Выберите команду' or . = 'Выберите команду')]'. Please recheck the objects properties to make sure the desired element is located. 

2022-04-05 10:54:10 - [MESSAGE][WARNING] - [SELF-HEALING] Failed to find element with id 'Object Repository/admin/reports/gamestat/Page_/team'. Try using Self-healing.

2022-04-05 10:54:12 - [MESSAGE][INFO] - Unable to find the element located by 'By.xpath: //div[@id='root']/div/div/div[2]/div/div/div/div[3]/div/div/div/div'. Please recheck the objects properties to make sure the desired element is located. 

2022-04-05 10:54:13 - [MESSAGE][INFO] - [SELF-HEALING] Failed Locator: '//div[@id='root']/div/div/div[2]/div/div/div/div[3]/div/div/div/div'.

2022-04-05 10:54:14 - [MESSAGE][INFO] - [SELF-HEALING] Working Locator: '(.//*[normalize-space(text()) and normalize-space(.)='Команда'])[1]/following::div[4]'.

2022-04-05 10:54:16 - [MESSAGE][INFO] - [SELF-HEALING] Screenshot: C:/Users/LENOVO/Katalon Studio/Avangard/Reports/Self-healing/Object Repository/admin/reports/gamestat/Page_/team_neighbor.png

2022-04-05 10:54:16 - [MESSAGE][WARNING] - [SELF-HEALING] The current locator of test object 'Object Repository/admin/reports/gamestat/Page_/team' was broken. Propose an alternative one: '(.//*[normalize-space(text()) and normalize-space(.)='Команда'])[1]/following::div[4]'.

2022-04-05 10:54:16 - [MESSAGE][PASSED] - Object: 'Object Repository/admin/reports/gamestat/Page_/team' is clicked on

2022-04-05 10:54:16 - [TEST_STEP][PASSED] - click(findTestObject("Object Repository/admin/reports/gamestat/Page_/varteam")): Object: 'Object Repository/admin/reports/gamestat/Page_/varteam' is clicked on

2022-04-05 10:54:18 - [MESSAGE][PASSED] - Object: 'Object Repository/admin/reports/gamestat/Page_/varteam' is clicked on

2022-04-05 10:54:18 - [TEST_STEP][PASSED] - click(findTestObject("Object Repository/admin/reports/gamestat/Page_/choseSeason")): Object: 'Object Repository/admin/reports/gamestat/Page_/choseSeason' is clicked on

2022-04-05 10:54:22 - [MESSAGE][PASSED] - Object: 'Object Repository/admin/reports/gamestat/Page_/choseSeason' is clicked on

2022-04-05 10:54:22 - [TEST_STEP][PASSED] - click(findTestObject("Object Repository/admin/reports/gamestat/Page_/div_21-22_1")): Object: 'Object Repository/admin/reports/gamestat/Page_/div_21-22_1' is clicked on

2022-04-05 10:54:24 - [MESSAGE][PASSED] - Object: 'Object Repository/admin/reports/gamestat/Page_/div_21-22_1' is clicked on

2022-04-05 10:54:24 - [TEST_STEP][PASSED] - takeFullPageScreenshot("C:\scr\" + school + "10.jpg"): Taking screenshot successfully

2022-04-05 10:54:30 - [MESSAGE][INFO] - 0 hidden object(s)

2022-04-05 10:54:30 - [MESSAGE][PASSED] - Taking screenshot successfully
[[ATTACHMENT|C:\scr\Авангард-200510.jpg]]

2022-04-05 10:54:30 - [TEST_STEP][FAILED] - verifyTextPresent("Матчи", true): Unable to verify text 'Матчи' is present  using regular expression (Root cause: com.kms.katalon.core.exception.StepFailedException: Unable to verify text 'Матчи' is present  using regular expression
	at com.kms.katalon.core.webui.keyword.internal.WebUIKeywordMain.stepFailed(WebUIKeywordMain.groovy:64)
	at com.kms.katalon.core.webui.keyword.internal.WebUIKeywordMain.runKeyword(WebUIKeywordMain.groovy:26)
	at com.kms.katalon.core.webui.keyword.builtin.VerifyTextPresentKeyword.verifyTextPresent(VerifyTextPresentKeyword.groovy:83)
	at com.kms.katalon.core.webui.keyword.builtin.VerifyTextPresentKeyword.execute(VerifyTextPresentKeyword.groovy:68)
	at com.kms.katalon.core.keyword.internal.KeywordExecutor.executeKeywordForPlatform(KeywordExecutor.groovy:74)
	at com.kms.katalon.core.webui.keyword.WebUiBuiltInKeywords.verifyTextPresent(WebUiBuiltInKeywords.groovy:1723)
	at com.kms.katalon.core.webui.keyword.WebUiBuiltInKeywords$verifyTextPresent$4.call(Unknown Source)
	at Игровая статистика.run(Игровая статистика:48)
	at com.kms.katalon.core.main.ScriptEngine.run(ScriptEngine.java:194)
	at com.kms.katalon.core.main.ScriptEngine.runScriptAsRawText(ScriptEngine.java:119)
	at com.kms.katalon.core.main.TestCaseExecutor.runScript(TestCaseExecutor.java:442)
	at com.kms.katalon.core.main.TestCaseExecutor.doExecute(TestCaseExecutor.java:433)
	at com.kms.katalon.core.main.TestCaseExecutor.processExecutionPhase(TestCaseExecutor.java:412)
	at com.kms.katalon.core.main.TestCaseExecutor.accessMainPhase(TestCaseExecutor.java:404)
	at com.kms.katalon.core.main.TestCaseExecutor.execute(TestCaseExecutor.java:281)
	at com.kms.katalon.core.main.TestSuiteExecutor.accessTestCaseMainPhase(TestSuiteExecutor.java:202)
	at com.kms.katalon.core.main.TestSuiteExecutor.accessTestSuiteMainPhase(TestSuiteExecutor.java:164)
	at com.kms.katalon.core.main.TestSuiteExecutor.execute(TestSuiteExecutor.java:105)
	at com.kms.katalon.core.main.TestCaseMain.startTestSuite(TestCaseMain.java:185)
	at com.kms.katalon.core.main.TestCaseMain$startTestSuite$0.call(Unknown Source)
	at TempTestSuite1649143148820.run(TempTestSuite1649143148820.groovy:36)
Caused by: com.kms.katalon.core.exception.StepFailedException: Text 'Матчи' is not present on page  using regular expression
	at com.kms.katalon.core.webui.keyword.internal.WebUIKeywordMain.stepFailed(WebUIKeywordMain.groovy:64)
	at com.kms.katalon.core.webui.keyword.builtin.VerifyTextPresentKeyword$_verifyTextPresent_closure1.doCall(VerifyTextPresentKeyword.groovy:79)
	at com.kms.katalon.core.webui.keyword.builtin.VerifyTextPresentKeyword$_verifyTextPresent_closure1.call(VerifyTextPresentKeyword.groovy)
	at com.kms.katalon.core.webui.keyword.internal.WebUIKeywordMain.runKeyword(WebUIKeywordMain.groovy:20)
	... 19 more
)

2022-04-05 10:54:32 - [MESSAGE][FAILED] - Text 'Матчи' is not present on page  using regular expression (Root cause: com.kms.katalon.core.exception.StepFailedException: Text 'Матчи' is not present on page  using regular expression
	at com.kms.katalon.core.webui.keyword.internal.WebUIKeywordMain.stepFailed(WebUIKeywordMain.groovy:64)
	at com.kms.katalon.core.webui.keyword.builtin.VerifyTextPresentKeyword$_verifyTextPresent_closure1.doCall(VerifyTextPresentKeyword.groovy:79)
	at com.kms.katalon.core.webui.keyword.builtin.VerifyTextPresentKeyword$_verifyTextPresent_closure1.call(VerifyTextPresentKeyword.groovy)
	at com.kms.katalon.core.webui.keyword.internal.WebUIKeywordMain.runKeyword(WebUIKeywordMain.groovy:20)
	at com.kms.katalon.core.webui.keyword.builtin.VerifyTextPresentKeyword.verifyTextPresent(VerifyTextPresentKeyword.groovy:83)
	at com.kms.katalon.core.webui.keyword.builtin.VerifyTextPresentKeyword.execute(VerifyTextPresentKeyword.groovy:68)
	at com.kms.katalon.core.keyword.internal.KeywordExecutor.executeKeywordForPlatform(KeywordExecutor.groovy:74)
	at com.kms.katalon.core.webui.keyword.WebUiBuiltInKeywords.verifyTextPresent(WebUiBuiltInKeywords.groovy:1723)
	at com.kms.katalon.core.webui.keyword.WebUiBuiltInKeywords$verifyTextPresent$4.call(Unknown Source)
	at Игровая статистика.run(Игровая статистика:48)
	at com.kms.katalon.core.main.ScriptEngine.run(ScriptEngine.java:194)
	at com.kms.katalon.core.main.ScriptEngine.runScriptAsRawText(ScriptEngine.java:119)
	at com.kms.katalon.core.main.TestCaseExecutor.runScript(TestCaseExecutor.java:442)
	at com.kms.katalon.core.main.TestCaseExecutor.doExecute(TestCaseExecutor.java:433)
	at com.kms.katalon.core.main.TestCaseExecutor.processExecutionPhase(TestCaseExecutor.java:412)
	at com.kms.katalon.core.main.TestCaseExecutor.accessMainPhase(TestCaseExecutor.java:404)
	at com.kms.katalon.core.main.TestCaseExecutor.execute(TestCaseExecutor.java:281)
	at com.kms.katalon.core.main.TestSuiteExecutor.accessTestCaseMainPhase(TestSuiteExecutor.java:202)
	at com.kms.katalon.core.main.TestSuiteExecutor.accessTestSuiteMainPhase(TestSuiteExecutor.java:164)
	at com.kms.katalon.core.main.TestSuiteExecutor.execute(TestSuiteExecutor.java:105)
	at com.kms.katalon.core.main.TestCaseMain.startTestSuite(TestCaseMain.java:185)
	at com.kms.katalon.core.main.TestCaseMain$startTestSuite$0.call(Unknown Source)
	at TempTestSuite1649143148820.run(TempTestSuite1649143148820.groovy:36)
)

2022-04-05 10:54:34 - [MESSAGE][FAILED] - Unable to verify text 'Матчи' is present  using regular expression (Root cause: com.kms.katalon.core.exception.StepFailedException: Unable to verify text 'Матчи' is present  using regular expression
	at com.kms.katalon.core.webui.keyword.internal.WebUIKeywordMain.stepFailed(WebUIKeywordMain.groovy:64)
	at com.kms.katalon.core.webui.keyword.internal.WebUIKeywordMain.runKeyword(WebUIKeywordMain.groovy:26)
	at com.kms.katalon.core.webui.keyword.builtin.VerifyTextPresentKeyword.verifyTextPresent(VerifyTextPresentKeyword.groovy:83)
	at com.kms.katalon.core.webui.keyword.builtin.VerifyTextPresentKeyword.execute(VerifyTextPresentKeyword.groovy:68)
	at com.kms.katalon.core.keyword.internal.KeywordExecutor.executeKeywordForPlatform(KeywordExecutor.groovy:74)
	at com.kms.katalon.core.webui.keyword.WebUiBuiltInKeywords.verifyTextPresent(WebUiBuiltInKeywords.groovy:1723)
	at com.kms.katalon.core.webui.keyword.WebUiBuiltInKeywords$verifyTextPresent$4.call(Unknown Source)
	at Игровая статистика.run(Игровая статистика:48)
	at com.kms.katalon.core.main.ScriptEngine.run(ScriptEngine.java:194)
	at com.kms.katalon.core.main.ScriptEngine.runScriptAsRawText(ScriptEngine.java:119)
	at com.kms.katalon.core.main.TestCaseExecutor.runScript(TestCaseExecutor.java:442)
	at com.kms.katalon.core.main.TestCaseExecutor.doExecute(TestCaseExecutor.java:433)
	at com.kms.katalon.core.main.TestCaseExecutor.processExecutionPhase(TestCaseExecutor.java:412)
	at com.kms.katalon.core.main.TestCaseExecutor.accessMainPhase(TestCaseExecutor.java:404)
	at com.kms.katalon.core.main.TestCaseExecutor.execute(TestCaseExecutor.java:281)
	at com.kms.katalon.core.main.TestSuiteExecutor.accessTestCaseMainPhase(TestSuiteExecutor.java:202)
	at com.kms.katalon.core.main.TestSuiteExecutor.accessTestSuiteMainPhase(TestSuiteExecutor.java:164)
	at com.kms.katalon.core.main.TestSuiteExecutor.execute(TestSuiteExecutor.java:105)
	at com.kms.katalon.core.main.TestCaseMain.startTestSuite(TestCaseMain.java:185)
	at com.kms.katalon.core.main.TestCaseMain$startTestSuite$0.call(Unknown Source)
	at TempTestSuite1649143148820.run(TempTestSuite1649143148820.groovy:36)
Caused by: com.kms.katalon.core.exception.StepFailedException: Text 'Матчи' is not present on page  using regular expression
	at com.kms.katalon.core.webui.keyword.internal.WebUIKeywordMain.stepFailed(WebUIKeywordMain.groovy:64)
	at com.kms.katalon.core.webui.keyword.builtin.VerifyTextPresentKeyword$_verifyTextPresent_closure1.doCall(VerifyTextPresentKeyword.groovy:79)
	at com.kms.katalon.core.webui.keyword.builtin.VerifyTextPresentKeyword$_verifyTextPresent_closure1.call(VerifyTextPresentKeyword.groovy)
	at com.kms.katalon.core.webui.keyword.internal.WebUIKeywordMain.runKeyword(WebUIKeywordMain.groovy:20)
	... 19 more
)
[[ATTACHMENT|C:\\Users\\LENOVO\\Katalon Studio\\Avangard\\Reports\\20220405_101904\\\u0410\u0434\u043C\u0438\u043D\u0438\u0441\u0442\u0440\u0430\u0442\u043E\u0440\\20220405_101908\\1649145272388.png]]]]></system-out>
         <system-err><![CDATA[2022-04-05 10:49:53 - [TEST_CASE][FAILED] - Test Cases/Администратор/ОТЧЕТЫ функциональные тесты/Игровая статистика: Test Cases/Администратор/ОТЧЕТЫ функциональные тесты/Игровая статистика FAILED.
Reason:
com.kms.katalon.core.exception.StepFailedException: Unable to verify text 'Матчи' is present  using regular expression
	at com.kms.katalon.core.webui.keyword.internal.WebUIKeywordMain.stepFailed(WebUIKeywordMain.groovy:64)
	at com.kms.katalon.core.webui.keyword.internal.WebUIKeywordMain.runKeyword(WebUIKeywordMain.groovy:26)
	at com.kms.katalon.core.webui.keyword.builtin.VerifyTextPresentKeyword.verifyTextPresent(VerifyTextPresentKeyword.groovy:83)
	at com.kms.katalon.core.webui.keyword.builtin.VerifyTextPresentKeyword.execute(VerifyTextPresentKeyword.groovy:68)
	at com.kms.katalon.core.keyword.internal.KeywordExecutor.executeKeywordForPlatform(KeywordExecutor.groovy:74)
	at com.kms.katalon.core.webui.keyword.WebUiBuiltInKeywords.verifyTextPresent(WebUiBuiltInKeywords.groovy:1723)
	at com.kms.katalon.core.webui.keyword.WebUiBuiltInKeywords$verifyTextPresent$4.call(Unknown Source)
	at Игровая статистика.run(Игровая статистика:48)
	at com.kms.katalon.core.main.ScriptEngine.run(ScriptEngine.java:194)
	at com.kms.katalon.core.main.ScriptEngine.runScriptAsRawText(ScriptEngine.java:119)
	at com.kms.katalon.core.main.TestCaseExecutor.runScript(TestCaseExecutor.java:442)
	at com.kms.katalon.core.main.TestCaseExecutor.doExecute(TestCaseExecutor.java:433)
	at com.kms.katalon.core.main.TestCaseExecutor.processExecutionPhase(TestCaseExecutor.java:412)
	at com.kms.katalon.core.main.TestCaseExecutor.accessMainPhase(TestCaseExecutor.java:404)
	at com.kms.katalon.core.main.TestCaseExecutor.execute(TestCaseExecutor.java:281)
	at com.kms.katalon.core.main.TestSuiteExecutor.accessTestCaseMainPhase(TestSuiteExecutor.java:202)
	at com.kms.katalon.core.main.TestSuiteExecutor.accessTestSuiteMainPhase(TestSuiteExecutor.java:164)
	at com.kms.katalon.core.main.TestSuiteExecutor.execute(TestSuiteExecutor.java:105)
	at com.kms.katalon.core.main.TestCaseMain.startTestSuite(TestCaseMain.java:185)
	at com.kms.katalon.core.main.TestCaseMain$startTestSuite$0.call(Unknown Source)
	at TempTestSuite1649143148820.run(TempTestSuite1649143148820.groovy:36)
Caused by: com.kms.katalon.core.exception.StepFailedException: Text 'Матчи' is not present on page  using regular expression
	at com.kms.katalon.core.webui.keyword.internal.WebUIKeywordMain.stepFailed(WebUIKeywordMain.groovy:64)
	at com.kms.katalon.core.webui.keyword.builtin.VerifyTextPresentKeyword$_verifyTextPresent_closure1.doCall(VerifyTextPresentKeyword.groovy:79)
	at com.kms.katalon.core.webui.keyword.builtin.VerifyTextPresentKeyword$_verifyTextPresent_closure1.call(VerifyTextPresentKeyword.groovy)
	at com.kms.katalon.core.webui.keyword.internal.WebUIKeywordMain.runKeyword(WebUIKeywordMain.groovy:20)
	... 19 more]]></system-err>
      </testcase>
      <testcase name="Test Cases/Администратор/Отчет для тк" time="143.517" classname="Test Cases/Администратор/Отчет для тк" status="PASSED">
         <system-out><![CDATA[2022-04-05 10:54:36 - [TEST_CASE][PASSED] - Test Cases/Администратор/Отчет для тк: Test Cases/Администратор/Отчет для тк

2022-04-05 10:54:36 - [TEST_STEP][PASSED] - callTestCase(findTestCase("Администратор/Авторизация"), [:], STOP_ON_FAILURE): Call Test Case 'Test Cases/Администратор/Авторизация' successfully

2022-04-05 10:54:36 - [TEST_CASE][PASSED] - Test Cases/Администратор/Авторизация: Test Cases/Администратор/Авторизация

2022-04-05 10:54:36 - [TEST_STEP][PASSED] - openBrowser(""): Browser is opened with url: ''

2022-04-05 10:54:36 - [MESSAGE][WARNING] - A browser is already opened. Closing browser and opening a new one

2022-04-05 10:54:36 - [MESSAGE][INFO] - User set preference: ['os', 'linux']

2022-04-05 10:54:36 - [MESSAGE][INFO] - User set preference: ['browserName', 'chrome']

2022-04-05 10:54:36 - [MESSAGE][INFO] - User set preference: ['browserVersion', '97']

2022-04-05 10:54:36 - [MESSAGE][INFO] - User set preference: ['katalon:option', '{organizationId=632442, tunnelId=, usingTunnel=false}']

2022-04-05 10:54:36 - [MESSAGE][INFO] - Connecting to remote web server 'testcloud.katalon.com/hub' with type 'Selenium'

2022-04-05 10:54:36 - [MESSAGE][INFO] - Action delay is set to 100 milliseconds

2022-04-05 10:56:15 - [MESSAGE][PASSED] - Browser is opened with url: ''

2022-04-05 10:56:15 - [TEST_STEP][PASSED] - maximizeWindow(): Current window maximized

2022-04-05 10:56:16 - [MESSAGE][PASSED] - Current window maximized

2022-04-05 10:56:16 - [TEST_STEP][PASSED] - navigateToUrl(url): Navigate to 'https://stars-stage.hawk.ru:8080' successfully

2022-04-05 10:56:22 - [MESSAGE][PASSED] - Navigate to 'https://stars-stage.hawk.ru:8080' successfully

2022-04-05 10:56:22 - [TEST_STEP][PASSED] - setText(findTestObject("Object Repository/Page_/input__sc-lnrBVv eqPACj"), admin_login): Text 'TestAdmin@test.ru' is set on object 'Object Repository/Page_/input__sc-lnrBVv eqPACj'

2022-04-05 10:56:26 - [MESSAGE][PASSED] - Text 'TestAdmin@test.ru' is set on object 'Object Repository/Page_/input__sc-lnrBVv eqPACj'

2022-04-05 10:56:26 - [TEST_STEP][PASSED] - setText(findTestObject("Object Repository/Page_/input__sc-lnrBVv eqPACj_1"), admin_password): Text 'TestAdmin@test.ru' is set on object 'Object Repository/Page_/input__sc-lnrBVv eqPACj_1'

2022-04-05 10:56:30 - [MESSAGE][PASSED] - Text 'TestAdmin@test.ru' is set on object 'Object Repository/Page_/input__sc-lnrBVv eqPACj_1'

2022-04-05 10:56:30 - [TEST_STEP][PASSED] - click(findTestObject("Object Repository/Page_/go")): Object: 'Object Repository/Page_/go' is clicked on

2022-04-05 10:56:32 - [MESSAGE][PASSED] - Object: 'Object Repository/Page_/go' is clicked on

2022-04-05 10:56:32 - [MESSAGE][PASSED] - Call Test Case 'Test Cases/Администратор/Авторизация' successfully

2022-04-05 10:56:32 - [TEST_STEP][PASSED] - click(findTestObject("admin/reports/keys/reports/report")): Object: 'Object Repository/admin/reports/keys/reports/report' is clicked on

2022-04-05 10:56:59 - [MESSAGE][PASSED] - Object: 'Object Repository/admin/reports/keys/reports/report' is clicked on]]></system-out>
         <system-err><![CDATA[]]></system-err>
      </testcase>
      <testcase name="Test Cases/Администратор/Документы (возможна проверка и под аккаунтом Менеджера)" time="196.347" classname="Test Cases/Администратор/Документы (возможна проверка и под аккаунтом Менеджера)" status="PASSED">
         <system-out><![CDATA[2022-04-05 10:56:59 - [TEST_CASE][PASSED] - Test Cases/Администратор/Документы (возможна проверка и под аккаунтом Менеджера): Test Cases/Администратор/Документы (возможна проверка и под аккаунтом Менеджера)

2022-04-05 10:56:59 - [TEST_STEP][PASSED] - callTestCase(findTestCase("Администратор/Авторизация"), [:], STOP_ON_FAILURE): Call Test Case 'Test Cases/Администратор/Авторизация' successfully

2022-04-05 10:56:59 - [TEST_CASE][PASSED] - Test Cases/Администратор/Авторизация: Test Cases/Администратор/Авторизация

2022-04-05 10:56:59 - [TEST_STEP][PASSED] - openBrowser(""): Browser is opened with url: ''

2022-04-05 10:56:59 - [MESSAGE][WARNING] - A browser is already opened. Closing browser and opening a new one

2022-04-05 10:57:00 - [MESSAGE][INFO] - User set preference: ['os', 'linux']

2022-04-05 10:57:00 - [MESSAGE][INFO] - User set preference: ['browserName', 'chrome']

2022-04-05 10:57:00 - [MESSAGE][INFO] - User set preference: ['browserVersion', '97']

2022-04-05 10:57:00 - [MESSAGE][INFO] - User set preference: ['katalon:option', '{organizationId=632442, tunnelId=, usingTunnel=false}']

2022-04-05 10:57:00 - [MESSAGE][INFO] - Connecting to remote web server 'testcloud.katalon.com/hub' with type 'Selenium'

2022-04-05 10:57:00 - [MESSAGE][INFO] - Action delay is set to 100 milliseconds

2022-04-05 10:59:08 - [MESSAGE][PASSED] - Browser is opened with url: ''

2022-04-05 10:59:08 - [TEST_STEP][PASSED] - maximizeWindow(): Current window maximized

2022-04-05 10:59:08 - [MESSAGE][PASSED] - Current window maximized

2022-04-05 10:59:08 - [TEST_STEP][PASSED] - navigateToUrl(url): Navigate to 'https://stars-stage.hawk.ru:8080' successfully

2022-04-05 10:59:15 - [MESSAGE][PASSED] - Navigate to 'https://stars-stage.hawk.ru:8080' successfully

2022-04-05 10:59:15 - [TEST_STEP][PASSED] - setText(findTestObject("Object Repository/Page_/input__sc-lnrBVv eqPACj"), admin_login): Text 'TestAdmin@test.ru' is set on object 'Object Repository/Page_/input__sc-lnrBVv eqPACj'

2022-04-05 10:59:18 - [MESSAGE][PASSED] - Text 'TestAdmin@test.ru' is set on object 'Object Repository/Page_/input__sc-lnrBVv eqPACj'

2022-04-05 10:59:18 - [TEST_STEP][PASSED] - setText(findTestObject("Object Repository/Page_/input__sc-lnrBVv eqPACj_1"), admin_password): Text 'TestAdmin@test.ru' is set on object 'Object Repository/Page_/input__sc-lnrBVv eqPACj_1'

2022-04-05 10:59:22 - [MESSAGE][PASSED] - Text 'TestAdmin@test.ru' is set on object 'Object Repository/Page_/input__sc-lnrBVv eqPACj_1'

2022-04-05 10:59:22 - [TEST_STEP][PASSED] - click(findTestObject("Object Repository/Page_/go")): Object: 'Object Repository/Page_/go' is clicked on

2022-04-05 10:59:24 - [MESSAGE][PASSED] - Object: 'Object Repository/Page_/go' is clicked on

2022-04-05 10:59:24 - [MESSAGE][PASSED] - Call Test Case 'Test Cases/Администратор/Авторизация' successfully

2022-04-05 10:59:24 - [TEST_STEP][PASSED] - click(findTestObject("Avangard New/Object (Администратор)/Case (Документы)/documents (вкладка документы)")): Object: 'Object Repository/Avangard New/Object (Администратор)/Case (Документы)/documents (вкладка документы)' is clicked on

2022-04-05 10:59:51 - [MESSAGE][PASSED] - Object: 'Object Repository/Avangard New/Object (Администратор)/Case (Документы)/documents (вкладка документы)' is clicked on

2022-04-05 10:59:51 - [TEST_STEP][PASSED] - waitForPageLoad(10): Wait for page load successfully

2022-04-05 10:59:52 - [MESSAGE][PASSED] - Wait for page load successfully

2022-04-05 10:59:52 - [TEST_STEP][PASSED] - click(findTestObject("Avangard New/Object (Администратор)/Case (Документы)/document (нажать на документ)")): Object: 'Object Repository/Avangard New/Object (Администратор)/Case (Документы)/document (нажать на документ)' is clicked on

2022-04-05 10:59:58 - [MESSAGE][PASSED] - Object: 'Object Repository/Avangard New/Object (Администратор)/Case (Документы)/document (нажать на документ)' is clicked on

2022-04-05 10:59:58 - [TEST_STEP][PASSED] - verifyElementClickable(findTestObject("Avangard New/Object (Администратор)/Case (Документы)/button download")): Object 'Object Repository/Avangard New/Object (Администратор)/Case (Документы)/button download' is clickable

2022-04-05 11:00:00 - [MESSAGE][PASSED] - Object 'Object Repository/Avangard New/Object (Администратор)/Case (Документы)/button download' is clickable

2022-04-05 11:00:00 - [TEST_STEP][PASSED] - sendKeys(findTestObject("Avangard New/Object (Администратор)/Case (Документы)/button download"), Keys.chord(ESCAPE)): Keys 'ESCAPE + ' sent to object: 'Object Repository/Avangard New/Object (Администратор)/Case (Документы)/button download'

2022-04-05 11:00:03 - [MESSAGE][PASSED] - Keys 'ESCAPE + ' sent to object: 'Object Repository/Avangard New/Object (Администратор)/Case (Документы)/button download'

2022-04-05 11:00:03 - [TEST_STEP][PASSED] - scrollToElement(findTestObject("admin/documents/documents (4)/add"), 0, OPTIONAL): Scroll to object 'Object Repository/admin/documents/documents (4)/add' successfully

2022-04-05 11:00:03 - [MESSAGE][WARNING] - Timeout '0' is invalid. Using default page load timeout: '30'

2022-04-05 11:00:05 - [MESSAGE][PASSED] - Scroll to object 'Object Repository/admin/documents/documents (4)/add' successfully

2022-04-05 11:00:05 - [TEST_STEP][PASSED] - while (verifyElementVisible(findTestObject("admin/documents/Page_/add"), OPTIONAL) == true): null

2022-04-05 11:00:07 - [MESSAGE][PASSED] - Object 'Object Repository/admin/documents/Page_/add' is visible

2022-04-05 11:00:07 - [TEST_STEP][PASSED] - click(findTestObject("admin/documents/documents (4)/add")): Object: 'Object Repository/admin/documents/documents (4)/add' is clicked on

2022-04-05 11:00:09 - [MESSAGE][PASSED] - Object: 'Object Repository/admin/documents/documents (4)/add' is clicked on

2022-04-05 11:00:09 - [TEST_STEP][PASSED] - verifyElementVisible(findTestObject("admin/documents/Page_/div_    05.02.21")): Object 'Object Repository/admin/documents/Page_/div_    05.02.21' is visible

2022-04-05 11:00:11 - [MESSAGE][PASSED] - Object 'Object Repository/admin/documents/Page_/div_    05.02.21' is visible

2022-04-05 11:00:11 - [TEST_STEP][PASSED] - click(findTestObject("admin/documents/Page_/div_ _sidebar__overlay sidebar__overlay_visible")): Object: 'Object Repository/admin/documents/Page_/div_ _sidebar__overlay sidebar__overlay_visible' is clicked on

2022-04-05 11:00:13 - [MESSAGE][PASSED] - Object: 'Object Repository/admin/documents/Page_/div_ _sidebar__overlay sidebar__overlay_visible' is clicked on

2022-04-05 11:00:13 - [TEST_STEP][PASSED] - break: null

2022-04-05 11:00:13 - [TEST_STEP][PASSED] - click(findTestObject("Avangard New/Object (Администратор)/Case (Документы)/home (вкладка главная)")): Object: 'Object Repository/Avangard New/Object (Администратор)/Case (Документы)/home (вкладка главная)' is clicked on

2022-04-05 11:00:15 - [MESSAGE][PASSED] - Object: 'Object Repository/Avangard New/Object (Администратор)/Case (Документы)/home (вкладка главная)' is clicked on

2022-04-05 11:00:15 - [TEST_STEP][PASSED] - closeBrowser(): Browser is closed

2022-04-05 11:00:15 - [MESSAGE][PASSED] - Browser is closed]]></system-out>
         <system-err><![CDATA[]]></system-err>
      </testcase>
      <testcase name="Test Cases/Администратор/Авторизация" time="129.08" classname="Test Cases/Администратор/Авторизация" status="PASSED">
         <system-out><![CDATA[2022-04-05 11:00:15 - [TEST_CASE][PASSED] - Test Cases/Администратор/Авторизация: Test Cases/Администратор/Авторизация

2022-04-05 11:00:15 - [TEST_STEP][PASSED] - openBrowser(""): Browser is opened with url: ''

2022-04-05 11:00:15 - [MESSAGE][INFO] - User set preference: ['os', 'linux']

2022-04-05 11:00:15 - [MESSAGE][INFO] - User set preference: ['browserName', 'chrome']

2022-04-05 11:00:15 - [MESSAGE][INFO] - User set preference: ['browserVersion', '97']

2022-04-05 11:00:15 - [MESSAGE][INFO] - User set preference: ['katalon:option', '{organizationId=632442, tunnelId=, usingTunnel=false}']

2022-04-05 11:00:15 - [MESSAGE][INFO] - Connecting to remote web server 'testcloud.katalon.com/hub' with type 'Selenium'

2022-04-05 11:00:15 - [MESSAGE][INFO] - Action delay is set to 100 milliseconds

2022-04-05 11:02:08 - [MESSAGE][PASSED] - Browser is opened with url: ''

2022-04-05 11:02:08 - [TEST_STEP][PASSED] - maximizeWindow(): Current window maximized

2022-04-05 11:02:09 - [MESSAGE][PASSED] - Current window maximized

2022-04-05 11:02:09 - [TEST_STEP][PASSED] - navigateToUrl(url): Navigate to 'https://stars-stage.hawk.ru:8080' successfully

2022-04-05 11:02:15 - [MESSAGE][PASSED] - Navigate to 'https://stars-stage.hawk.ru:8080' successfully

2022-04-05 11:02:15 - [TEST_STEP][PASSED] - setText(findTestObject("Object Repository/Page_/input__sc-lnrBVv eqPACj"), admin_login): Text 'TestAdmin@test.ru' is set on object 'Object Repository/Page_/input__sc-lnrBVv eqPACj'

2022-04-05 11:02:18 - [MESSAGE][PASSED] - Text 'TestAdmin@test.ru' is set on object 'Object Repository/Page_/input__sc-lnrBVv eqPACj'

2022-04-05 11:02:18 - [TEST_STEP][PASSED] - setText(findTestObject("Object Repository/Page_/input__sc-lnrBVv eqPACj_1"), admin_password): Text 'TestAdmin@test.ru' is set on object 'Object Repository/Page_/input__sc-lnrBVv eqPACj_1'

2022-04-05 11:02:23 - [MESSAGE][PASSED] - Text 'TestAdmin@test.ru' is set on object 'Object Repository/Page_/input__sc-lnrBVv eqPACj_1'

2022-04-05 11:02:23 - [TEST_STEP][PASSED] - click(findTestObject("Object Repository/Page_/go")): Object: 'Object Repository/Page_/go' is clicked on

2022-04-05 11:02:25 - [MESSAGE][PASSED] - Object: 'Object Repository/Page_/go' is clicked on]]></system-out>
         <system-err><![CDATA[]]></system-err>
      </testcase>
      <testcase name="Test Cases/Администратор/Пользователи" time="486.611" classname="Test Cases/Администратор/Пользователи" status="PASSED">
         <system-out><![CDATA[2022-04-05 11:02:25 - [TEST_CASE][PASSED] - Test Cases/Администратор/Пользователи: Test Cases/Администратор/Пользователи

2022-04-05 11:02:25 - [TEST_STEP][PASSED] - callTestCase(findTestCase("Администратор/Авторизация"), [:], STOP_ON_FAILURE): Call Test Case 'Test Cases/Администратор/Авторизация' successfully

2022-04-05 11:02:25 - [TEST_CASE][PASSED] - Test Cases/Администратор/Авторизация: Test Cases/Администратор/Авторизация

2022-04-05 11:02:25 - [TEST_STEP][PASSED] - openBrowser(""): Browser is opened with url: ''

2022-04-05 11:02:25 - [MESSAGE][WARNING] - A browser is already opened. Closing browser and opening a new one

2022-04-05 11:02:25 - [MESSAGE][INFO] - User set preference: ['os', 'linux']

2022-04-05 11:02:25 - [MESSAGE][INFO] - User set preference: ['browserName', 'chrome']

2022-04-05 11:02:25 - [MESSAGE][INFO] - User set preference: ['browserVersion', '97']

2022-04-05 11:02:25 - [MESSAGE][INFO] - User set preference: ['katalon:option', '{organizationId=632442, tunnelId=, usingTunnel=false}']

2022-04-05 11:02:25 - [MESSAGE][INFO] - Connecting to remote web server 'testcloud.katalon.com/hub' with type 'Selenium'

2022-04-05 11:02:25 - [MESSAGE][INFO] - Action delay is set to 100 milliseconds

2022-04-05 11:04:09 - [MESSAGE][PASSED] - Browser is opened with url: ''

2022-04-05 11:04:09 - [TEST_STEP][PASSED] - maximizeWindow(): Current window maximized

2022-04-05 11:04:10 - [MESSAGE][PASSED] - Current window maximized

2022-04-05 11:04:10 - [TEST_STEP][PASSED] - navigateToUrl(url): Navigate to 'https://stars-stage.hawk.ru:8080' successfully

2022-04-05 11:04:15 - [MESSAGE][PASSED] - Navigate to 'https://stars-stage.hawk.ru:8080' successfully

2022-04-05 11:04:15 - [TEST_STEP][PASSED] - setText(findTestObject("Object Repository/Page_/input__sc-lnrBVv eqPACj"), admin_login): Text 'TestAdmin@test.ru' is set on object 'Object Repository/Page_/input__sc-lnrBVv eqPACj'

2022-04-05 11:04:20 - [MESSAGE][PASSED] - Text 'TestAdmin@test.ru' is set on object 'Object Repository/Page_/input__sc-lnrBVv eqPACj'

2022-04-05 11:04:20 - [TEST_STEP][PASSED] - setText(findTestObject("Object Repository/Page_/input__sc-lnrBVv eqPACj_1"), admin_password): Text 'TestAdmin@test.ru' is set on object 'Object Repository/Page_/input__sc-lnrBVv eqPACj_1'

2022-04-05 11:04:24 - [MESSAGE][PASSED] - Text 'TestAdmin@test.ru' is set on object 'Object Repository/Page_/input__sc-lnrBVv eqPACj_1'

2022-04-05 11:04:24 - [TEST_STEP][PASSED] - click(findTestObject("Object Repository/Page_/go")): Object: 'Object Repository/Page_/go' is clicked on

2022-04-05 11:04:26 - [MESSAGE][PASSED] - Object: 'Object Repository/Page_/go' is clicked on

2022-04-05 11:04:26 - [MESSAGE][PASSED] - Call Test Case 'Test Cases/Администратор/Авторизация' successfully

2022-04-05 11:04:26 - [TEST_STEP][PASSED] - callTestCase(findTestCase("Администратор/Создание пользователя (переиспользуется в Пользователи)"), [:], STOP_ON_FAILURE): Call Test Case 'Test Cases/Администратор/Создание пользователя (переиспользуется в Пользователи)' successfully

2022-04-05 11:04:26 - [TEST_CASE][PASSED] - Test Cases/Администратор/Создание пользователя (переиспользуется в Пользователи): Test Cases/Администратор/Создание пользователя (переиспользуется в Пользователи)

2022-04-05 11:04:27 - [TEST_STEP][NOT_RUN] - callTestCase(findTestCase("Администратор/Авторизация"), [:], STOP_ON_FAILURE): NOT_RUN: callTestCase(findTestCase("Администратор/Авторизация"), [:], STOP_ON_FAILURE)

2022-04-05 11:04:27 - [MESSAGE][NOT_RUN] - NOT_RUN: callTestCase(findTestCase("Администратор/Авторизация"), [:], STOP_ON_FAILURE)

2022-04-05 11:04:27 - [TEST_STEP][PASSED] - click(findTestObject("Object Repository/Avangard New/Object (Администратор)/Case (Пользователи)/span users")): Object: 'Object Repository/Avangard New/Object (Администратор)/Case (Пользователи)/span users' is clicked on

2022-04-05 11:04:54 - [MESSAGE][PASSED] - Object: 'Object Repository/Avangard New/Object (Администратор)/Case (Пользователи)/span users' is clicked on

2022-04-05 11:04:54 - [TEST_STEP][PASSED] - click(findTestObject("Object Repository/Avangard New/Object (Администратор)/Case (Пользователи)/button_add users")): Object: 'Object Repository/Avangard New/Object (Администратор)/Case (Пользователи)/button_add users' is clicked on

2022-04-05 11:04:57 - [MESSAGE][PASSED] - Object: 'Object Repository/Avangard New/Object (Администратор)/Case (Пользователи)/button_add users' is clicked on

2022-04-05 11:04:57 - [TEST_STEP][PASSED] - click(findTestObject("Object Repository/Avangard New/Object (Администратор)/Case (Пользователи)/div__role")): Object: 'Object Repository/Avangard New/Object (Администратор)/Case (Пользователи)/div__role' is clicked on

2022-04-05 11:05:00 - [MESSAGE][PASSED] - Object: 'Object Repository/Avangard New/Object (Администратор)/Case (Пользователи)/div__role' is clicked on

2022-04-05 11:05:00 - [TEST_STEP][PASSED] - click(findTestObject("Object Repository/Avangard New/Object (Администратор)/Case (Пользователи)/div__trainer add")): Object: 'Object Repository/Avangard New/Object (Администратор)/Case (Пользователи)/div__trainer add' is clicked on

2022-04-05 11:05:02 - [MESSAGE][PASSED] - Object: 'Object Repository/Avangard New/Object (Администратор)/Case (Пользователи)/div__trainer add' is clicked on

2022-04-05 11:05:02 - [TEST_STEP][PASSED] - setText(findTestObject("Object Repository/Avangard New/Object (Администратор)/Case (Пользователи)/input__Name"), "User"): Text 'User' is set on object 'Object Repository/Avangard New/Object (Администратор)/Case (Пользователи)/input__Name'

2022-04-05 11:05:06 - [MESSAGE][PASSED] - Text 'User' is set on object 'Object Repository/Avangard New/Object (Администратор)/Case (Пользователи)/input__Name'

2022-04-05 11:05:06 - [TEST_STEP][PASSED] - setText(findTestObject("Object Repository/Avangard New/Object (Администратор)/Case (Пользователи)/imput family"), "Test"): Text 'Test' is set on object 'Object Repository/Avangard New/Object (Администратор)/Case (Пользователи)/imput family'

2022-04-05 11:05:11 - [MESSAGE][PASSED] - Text 'Test' is set on object 'Object Repository/Avangard New/Object (Администратор)/Case (Пользователи)/imput family'

2022-04-05 11:05:11 - [TEST_STEP][PASSED] - setText(findTestObject("Object Repository/Avangard New/Object (Администратор)/Case (Пользователи)/imput otch"), "add"): Text 'add' is set on object 'Object Repository/Avangard New/Object (Администратор)/Case (Пользователи)/imput otch'

2022-04-05 11:05:15 - [MESSAGE][PASSED] - Text 'add' is set on object 'Object Repository/Avangard New/Object (Администратор)/Case (Пользователи)/imput otch'

2022-04-05 11:05:15 - [TEST_STEP][PASSED] - click(findTestObject("Object Repository/Avangard New/Object (Администратор)/Case (Пользователи)/svg")): Object: 'Object Repository/Avangard New/Object (Администратор)/Case (Пользователи)/svg' is clicked on

2022-04-05 11:05:17 - [MESSAGE][PASSED] - Object: 'Object Repository/Avangard New/Object (Администратор)/Case (Пользователи)/svg' is clicked on

2022-04-05 11:05:17 - [TEST_STEP][PASSED] - click(findTestObject("Object Repository/Avangard New/Object (Администратор)/Case (Пользователи)/span_2022_react-datepicker")): Object: 'Object Repository/Avangard New/Object (Администратор)/Case (Пользователи)/span_2022_react-datepicker' is clicked on

2022-04-05 11:05:19 - [MESSAGE][PASSED] - Object: 'Object Repository/Avangard New/Object (Администратор)/Case (Пользователи)/span_2022_react-datepicker' is clicked on

2022-04-05 11:05:19 - [TEST_STEP][PASSED] - scrollToElement(findTestObject("Object Repository/Avangard New/Object (Администратор)/Case (Пользователи)/div_2000"), 0): Scroll to object 'Object Repository/Avangard New/Object (Администратор)/Case (Пользователи)/div_2000' successfully

2022-04-05 11:05:19 - [MESSAGE][WARNING] - Timeout '0' is invalid. Using default page load timeout: '30'

2022-04-05 11:05:21 - [MESSAGE][PASSED] - Scroll to object 'Object Repository/Avangard New/Object (Администратор)/Case (Пользователи)/div_2000' successfully

2022-04-05 11:05:21 - [TEST_STEP][PASSED] - click(findTestObject("Object Repository/Avangard New/Object (Администратор)/Case (Пользователи)/div_2000")): Object: 'Object Repository/Avangard New/Object (Администратор)/Case (Пользователи)/div_2000' is clicked on

2022-04-05 11:05:23 - [MESSAGE][PASSED] - Object: 'Object Repository/Avangard New/Object (Администратор)/Case (Пользователи)/div_2000' is clicked on

2022-04-05 11:05:23 - [TEST_STEP][PASSED] - click(findTestObject("Object Repository/Avangard New/Object (Администратор)/Case (Пользователи)/div_15")): Object: 'Object Repository/Avangard New/Object (Администратор)/Case (Пользователи)/div_15' is clicked on

2022-04-05 11:05:25 - [MESSAGE][PASSED] - Object: 'Object Repository/Avangard New/Object (Администратор)/Case (Пользователи)/div_15' is clicked on

2022-04-05 11:05:25 - [TEST_STEP][PASSED] - click(findTestObject("Object Repository/Avangard New/Object (Администратор)/Case (Пользователи)/div__number"), STOP_ON_FAILURE): Object: 'Object Repository/Avangard New/Object (Администратор)/Case (Пользователи)/div__number' is clicked on

2022-04-05 11:05:27 - [MESSAGE][PASSED] - Object: 'Object Repository/Avangard New/Object (Администратор)/Case (Пользователи)/div__number' is clicked on

2022-04-05 11:05:27 - [TEST_STEP][PASSED] - setText(findTestObject("Object Repository/Avangard New/Object (Администратор)/Case (Пользователи)/div__number"), "8(905)045-87-54"): Text '8(905)045-87-54' is set on object 'Object Repository/Avangard New/Object (Администратор)/Case (Пользователи)/div__number'

2022-04-05 11:05:30 - [MESSAGE][PASSED] - Text '8(905)045-87-54' is set on object 'Object Repository/Avangard New/Object (Администратор)/Case (Пользователи)/div__number'

2022-04-05 11:05:30 - [TEST_STEP][PASSED] - click(findTestObject("Object Repository/Avangard New/Object (Администратор)/Case (Пользователи)/div__schooladd")): Object: 'Object Repository/Avangard New/Object (Администратор)/Case (Пользователи)/div__schooladd' is clicked on

2022-04-05 11:05:34 - [MESSAGE][PASSED] - Object: 'Object Repository/Avangard New/Object (Администратор)/Case (Пользователи)/div__schooladd' is clicked on

2022-04-05 11:05:34 - [TEST_STEP][PASSED] - click(findTestObject("Object Repository/Avangard New/Object (Администратор)/Case (Пользователи)/font_avangard")): Object: 'Object Repository/Avangard New/Object (Администратор)/Case (Пользователи)/font_avangard' is clicked on

2022-04-05 11:05:37 - [MESSAGE][PASSED] - Object: 'Object Repository/Avangard New/Object (Администратор)/Case (Пользователи)/font_avangard' is clicked on

2022-04-05 11:05:37 - [TEST_STEP][PASSED] - click(findTestObject("Object Repository/Avangard New/Object (Администратор)/Case (Пользователи)/div__team")): Object: 'Object Repository/Avangard New/Object (Администратор)/Case (Пользователи)/div__team' is clicked on

2022-04-05 11:05:40 - [MESSAGE][PASSED] - Object: 'Object Repository/Avangard New/Object (Администратор)/Case (Пользователи)/div__team' is clicked on

2022-04-05 11:05:40 - [TEST_STEP][PASSED] - click(findTestObject("Object Repository/Avangard New/Object (Администратор)/Case (Пользователи)/font_ystrebi")): Object: 'Object Repository/Avangard New/Object (Администратор)/Case (Пользователи)/font_ystrebi' is clicked on

2022-04-05 11:05:42 - [MESSAGE][PASSED] - Object: 'Object Repository/Avangard New/Object (Администратор)/Case (Пользователи)/font_ystrebi' is clicked on

2022-04-05 11:05:42 - [TEST_STEP][PASSED] - click(findTestObject("Object Repository/Avangard New/Object (Администратор)/Case (Пользователи)/div_tipe")): Object: 'Object Repository/Avangard New/Object (Администратор)/Case (Пользователи)/div_tipe' is clicked on

2022-04-05 11:05:44 - [MESSAGE][PASSED] - Object: 'Object Repository/Avangard New/Object (Администратор)/Case (Пользователи)/div_tipe' is clicked on

2022-04-05 11:05:44 - [TEST_STEP][PASSED] - click(findTestObject("Object Repository/Avangard New/Object (Администратор)/Case (Пользователи)/div__1")): Object: 'Object Repository/Avangard New/Object (Администратор)/Case (Пользователи)/div__1' is clicked on

2022-04-05 11:05:46 - [MESSAGE][PASSED] - Object: 'Object Repository/Avangard New/Object (Администратор)/Case (Пользователи)/div__1' is clicked on

2022-04-05 11:05:46 - [TEST_STEP][PASSED] - setText(findTestObject("Object Repository/Avangard New/Object (Администратор)/Case (Пользователи)/input__login"), "testuser@mail.ru"): Text 'testuser@mail.ru' is set on object 'Object Repository/Avangard New/Object (Администратор)/Case (Пользователи)/input__login'

2022-04-05 11:05:50 - [MESSAGE][PASSED] - Text 'testuser@mail.ru' is set on object 'Object Repository/Avangard New/Object (Администратор)/Case (Пользователи)/input__login'

2022-04-05 11:05:50 - [TEST_STEP][PASSED] - setEncryptedText(findTestObject("Object Repository/Avangard New/Object (Администратор)/Case (Пользователи)/input__password"), "KYHCBHc84S1cPnf6Imz4kQ=="): Text ****** has been set on object 'Object Repository/Avangard New/Object (Администратор)/Case (Пользователи)/input__password'

2022-04-05 11:05:52 - [MESSAGE][PASSED] - Text ****** has been set on object 'Object Repository/Avangard New/Object (Администратор)/Case (Пользователи)/input__password'

2022-04-05 11:05:52 - [TEST_STEP][PASSED] - scrollToElement(findTestObject("Object Repository/Avangard New/Object (Администратор)/Case (Пользователи)/font_save"), 0): Scroll to object 'Object Repository/Avangard New/Object (Администратор)/Case (Пользователи)/font_save' successfully

2022-04-05 11:05:52 - [MESSAGE][WARNING] - Timeout '0' is invalid. Using default page load timeout: '30'

2022-04-05 11:05:54 - [MESSAGE][PASSED] - Scroll to object 'Object Repository/Avangard New/Object (Администратор)/Case (Пользователи)/font_save' successfully

2022-04-05 11:05:54 - [TEST_STEP][PASSED] - click(findTestObject("Object Repository/Avangard New/Object (Администратор)/Case (Пользователи)/font_save")): Object: 'Object Repository/Avangard New/Object (Администратор)/Case (Пользователи)/font_save' is clicked on

2022-04-05 11:05:56 - [MESSAGE][PASSED] - Object: 'Object Repository/Avangard New/Object (Администратор)/Case (Пользователи)/font_save' is clicked on

2022-04-05 11:05:56 - [TEST_STEP][PASSED] - verifyElementText(findTestObject("Avangard New/Object (Администратор)/Case (Пользователи)/proverka alert"), "Пользователь создан"): Actual text and expected text of test object 'Object Repository/Avangard New/Object (Администратор)/Case (Пользователи)/proverka alert' are matched.

2022-04-05 11:05:59 - [MESSAGE][PASSED] - Actual text and expected text of test object 'Object Repository/Avangard New/Object (Администратор)/Case (Пользователи)/proverka alert' are matched.

2022-04-05 11:05:59 - [TEST_STEP][PASSED] - scrollToElement(findTestObject("Avangard New/Object (Администратор)/Case (Пользователи)/span_exit profile"), 0): Scroll to object 'Object Repository/Avangard New/Object (Администратор)/Case (Пользователи)/span_exit profile' successfully

2022-04-05 11:05:59 - [MESSAGE][WARNING] - Timeout '0' is invalid. Using default page load timeout: '30'

2022-04-05 11:06:04 - [MESSAGE][PASSED] - Scroll to object 'Object Repository/Avangard New/Object (Администратор)/Case (Пользователи)/span_exit profile' successfully

2022-04-05 11:06:04 - [TEST_STEP][PASSED] - click(findTestObject("Avangard New/Object (Администратор)/Case (Пользователи)/span_exit profile")): Object: 'Object Repository/Avangard New/Object (Администратор)/Case (Пользователи)/span_exit profile' is clicked on

2022-04-05 11:06:06 - [MESSAGE][PASSED] - Object: 'Object Repository/Avangard New/Object (Администратор)/Case (Пользователи)/span_exit profile' is clicked on

2022-04-05 11:06:06 - [TEST_STEP][PASSED] - setText(findTestObject("Object Repository/Avangard New/Object (Администратор)/Case (Пользователи)/input_authorization"), "testuser@mail.ru"): Text 'testuser@mail.ru' is set on object 'Object Repository/Avangard New/Object (Администратор)/Case (Пользователи)/input_authorization'

2022-04-05 11:06:15 - [MESSAGE][PASSED] - Text 'testuser@mail.ru' is set on object 'Object Repository/Avangard New/Object (Администратор)/Case (Пользователи)/input_authorization'

2022-04-05 11:06:15 - [TEST_STEP][PASSED] - setEncryptedText(findTestObject("Object Repository/Avangard New/Object (Администратор)/Case (Пользователи)/input__password test user"), "KYHCBHc84S1cPnf6Imz4kQ=="): Text ****** has been set on object 'Object Repository/Avangard New/Object (Администратор)/Case (Пользователи)/input__password test user'

2022-04-05 11:06:18 - [MESSAGE][PASSED] - Text ****** has been set on object 'Object Repository/Avangard New/Object (Администратор)/Case (Пользователи)/input__password test user'

2022-04-05 11:06:18 - [TEST_STEP][PASSED] - click(findTestObject("Object Repository/Avangard New/Object (Администратор)/Case (Пользователи)/div enter")): Object: 'Object Repository/Avangard New/Object (Администратор)/Case (Пользователи)/div enter' is clicked on

2022-04-05 11:06:20 - [MESSAGE][PASSED] - Object: 'Object Repository/Avangard New/Object (Администратор)/Case (Пользователи)/div enter' is clicked on

2022-04-05 11:06:20 - [TEST_STEP][PASSED] - scrollToElement(findTestObject("Avangard New/Object (Администратор)/Case (Пользователи)/div_User Test"), 0): Scroll to object 'Object Repository/Avangard New/Object (Администратор)/Case (Пользователи)/div_User Test' successfully

2022-04-05 11:06:20 - [MESSAGE][WARNING] - Timeout '0' is invalid. Using default page load timeout: '30'

2022-04-05 11:06:32 - [MESSAGE][PASSED] - Scroll to object 'Object Repository/Avangard New/Object (Администратор)/Case (Пользователи)/div_User Test' successfully

2022-04-05 11:06:32 - [TEST_STEP][PASSED] - verifyElementText(findTestObject("Avangard New/Object (Администратор)/Case (Пользователи)/div_User Test"), "Test User"): Actual text and expected text of test object 'Object Repository/Avangard New/Object (Администратор)/Case (Пользователи)/div_User Test' are matched.

2022-04-05 11:06:34 - [MESSAGE][PASSED] - Actual text and expected text of test object 'Object Repository/Avangard New/Object (Администратор)/Case (Пользователи)/div_User Test' are matched.

2022-04-05 11:06:34 - [MESSAGE][PASSED] - Call Test Case 'Test Cases/Администратор/Создание пользователя (переиспользуется в Пользователи)' successfully

2022-04-05 11:06:34 - [TEST_STEP][PASSED] - callTestCase(findTestCase("Администратор/Авторизация"), [:], STOP_ON_FAILURE): Call Test Case 'Test Cases/Администратор/Авторизация' successfully

2022-04-05 11:06:34 - [TEST_CASE][PASSED] - Test Cases/Администратор/Авторизация: Test Cases/Администратор/Авторизация

2022-04-05 11:06:34 - [TEST_STEP][PASSED] - openBrowser(""): Browser is opened with url: ''

2022-04-05 11:06:34 - [MESSAGE][WARNING] - A browser is already opened. Closing browser and opening a new one

2022-04-05 11:06:35 - [MESSAGE][INFO] - User set preference: ['os', 'linux']

2022-04-05 11:06:35 - [MESSAGE][INFO] - User set preference: ['browserName', 'chrome']

2022-04-05 11:06:35 - [MESSAGE][INFO] - User set preference: ['browserVersion', '97']

2022-04-05 11:06:35 - [MESSAGE][INFO] - User set preference: ['katalon:option', '{organizationId=632442, tunnelId=, usingTunnel=false}']

2022-04-05 11:06:35 - [MESSAGE][INFO] - Connecting to remote web server 'testcloud.katalon.com/hub' with type 'Selenium'

2022-04-05 11:06:35 - [MESSAGE][INFO] - Action delay is set to 100 milliseconds

2022-04-05 11:08:09 - [MESSAGE][PASSED] - Browser is opened with url: ''

2022-04-05 11:08:09 - [TEST_STEP][PASSED] - maximizeWindow(): Current window maximized

2022-04-05 11:08:10 - [MESSAGE][PASSED] - Current window maximized

2022-04-05 11:08:10 - [TEST_STEP][PASSED] - navigateToUrl(url): Navigate to 'https://stars-stage.hawk.ru:8080' successfully

2022-04-05 11:08:16 - [MESSAGE][PASSED] - Navigate to 'https://stars-stage.hawk.ru:8080' successfully

2022-04-05 11:08:16 - [TEST_STEP][PASSED] - setText(findTestObject("Object Repository/Page_/input__sc-lnrBVv eqPACj"), admin_login): Text 'TestAdmin@test.ru' is set on object 'Object Repository/Page_/input__sc-lnrBVv eqPACj'

2022-04-05 11:08:19 - [MESSAGE][PASSED] - Text 'TestAdmin@test.ru' is set on object 'Object Repository/Page_/input__sc-lnrBVv eqPACj'

2022-04-05 11:08:19 - [TEST_STEP][PASSED] - setText(findTestObject("Object Repository/Page_/input__sc-lnrBVv eqPACj_1"), admin_password): Text 'TestAdmin@test.ru' is set on object 'Object Repository/Page_/input__sc-lnrBVv eqPACj_1'

2022-04-05 11:08:23 - [MESSAGE][PASSED] - Text 'TestAdmin@test.ru' is set on object 'Object Repository/Page_/input__sc-lnrBVv eqPACj_1'

2022-04-05 11:08:23 - [TEST_STEP][PASSED] - click(findTestObject("Object Repository/Page_/go")): Object: 'Object Repository/Page_/go' is clicked on

2022-04-05 11:08:26 - [MESSAGE][PASSED] - Object: 'Object Repository/Page_/go' is clicked on

2022-04-05 11:08:26 - [MESSAGE][PASSED] - Call Test Case 'Test Cases/Администратор/Авторизация' successfully

2022-04-05 11:08:26 - [TEST_STEP][PASSED] - click(findTestObject("Object Repository/Avangard New/Object (Администратор)/Case (Пользователи)/span users")): Object: 'Object Repository/Avangard New/Object (Администратор)/Case (Пользователи)/span users' is clicked on

2022-04-05 11:08:48 - [MESSAGE][PASSED] - Object: 'Object Repository/Avangard New/Object (Администратор)/Case (Пользователи)/span users' is clicked on

2022-04-05 11:08:48 - [TEST_STEP][PASSED] - click(findTestObject("Object Repository/Avangard New/Object (Администратор)/Case (Пользователи)/div__scool")): Object: 'Object Repository/Avangard New/Object (Администратор)/Case (Пользователи)/div__scool' is clicked on

2022-04-05 11:08:51 - [MESSAGE][PASSED] - Object: 'Object Repository/Avangard New/Object (Администратор)/Case (Пользователи)/div__scool' is clicked on

2022-04-05 11:08:51 - [TEST_STEP][PASSED] - s = getText(findTestObject("Object Repository/Avangard New/Object (Администратор)/Case (Пользователи)/div__academy avangard")): Text of object 'Object Repository/Avangard New/Object (Администратор)/Case (Пользователи)/div__academy avangard' is: '"Авангард" Академия'

2022-04-05 11:08:52 - [MESSAGE][PASSED] - Text of object 'Object Repository/Avangard New/Object (Администратор)/Case (Пользователи)/div__academy avangard' is: '"Авангард" Академия'

2022-04-05 11:08:52 - [TEST_STEP][PASSED] - click(findTestObject("Object Repository/Avangard New/Object (Администратор)/Case (Пользователи)/div__academy avangard")): Object: 'Object Repository/Avangard New/Object (Администратор)/Case (Пользователи)/div__academy avangard' is clicked on

2022-04-05 11:08:54 - [MESSAGE][PASSED] - Object: 'Object Repository/Avangard New/Object (Администратор)/Case (Пользователи)/div__academy avangard' is clicked on

2022-04-05 11:08:54 - [TEST_STEP][PASSED] - verifyElementText(findTestObject("Object Repository/Avangard New/Object (Администратор)/Case (Пользователи)/place school"), s): Actual text and expected text of test object 'Object Repository/Avangard New/Object (Администратор)/Case (Пользователи)/place school' are matched.

2022-04-05 11:08:57 - [MESSAGE][PASSED] - Actual text and expected text of test object 'Object Repository/Avangard New/Object (Администратор)/Case (Пользователи)/place school' are matched.

2022-04-05 11:08:57 - [TEST_STEP][PASSED] - click(findTestObject("Object Repository/Avangard New/Object (Администратор)/Case (Пользователи)/div__role")): Object: 'Object Repository/Avangard New/Object (Администратор)/Case (Пользователи)/div__role' is clicked on

2022-04-05 11:08:59 - [MESSAGE][PASSED] - Object: 'Object Repository/Avangard New/Object (Администратор)/Case (Пользователи)/div__role' is clicked on

2022-04-05 11:08:59 - [TEST_STEP][PASSED] - r = getText(findTestObject("Object Repository/Avangard New/Object (Администратор)/Case (Пользователи)/div__trainer")): Text of object 'Object Repository/Avangard New/Object (Администратор)/Case (Пользователи)/div__trainer' is: 'Тренер'

2022-04-05 11:09:01 - [MESSAGE][PASSED] - Text of object 'Object Repository/Avangard New/Object (Администратор)/Case (Пользователи)/div__trainer' is: 'Тренер'

2022-04-05 11:09:01 - [TEST_STEP][PASSED] - click(findTestObject("Object Repository/Avangard New/Object (Администратор)/Case (Пользователи)/div__trainer")): Object: 'Object Repository/Avangard New/Object (Администратор)/Case (Пользователи)/div__trainer' is clicked on

2022-04-05 11:09:03 - [MESSAGE][PASSED] - Object: 'Object Repository/Avangard New/Object (Администратор)/Case (Пользователи)/div__trainer' is clicked on

2022-04-05 11:09:03 - [TEST_STEP][PASSED] - verifyElementText(findTestObject("Avangard New/Object (Администратор)/Case (Пользователи)/div__player"), r): Actual text and expected text of test object 'Object Repository/Avangard New/Object (Администратор)/Case (Пользователи)/div__player' are matched.

2022-04-05 11:09:05 - [MESSAGE][PASSED] - Actual text and expected text of test object 'Object Repository/Avangard New/Object (Администратор)/Case (Пользователи)/div__player' are matched.

2022-04-05 11:09:05 - [TEST_STEP][PASSED] - setText(findTestObject("Object Repository/Avangard New/Object (Администратор)/Case (Пользователи)/input__Tarasov"), "Test"): Text 'Test' is set on object 'Object Repository/Avangard New/Object (Администратор)/Case (Пользователи)/input__Tarasov'

2022-04-05 11:09:09 - [MESSAGE][PASSED] - Text 'Test' is set on object 'Object Repository/Avangard New/Object (Администратор)/Case (Пользователи)/input__Tarasov'

2022-04-05 11:09:09 - [TEST_STEP][PASSED] - verifyElementText(findTestObject("Object Repository/Avangard New/Object (Администратор)/Case (Пользователи)/div__name"), "User Test"): Actual text and expected text of test object 'Object Repository/Avangard New/Object (Администратор)/Case (Пользователи)/div__name' are matched.

2022-04-05 11:09:12 - [MESSAGE][PASSED] - Actual text and expected text of test object 'Object Repository/Avangard New/Object (Администратор)/Case (Пользователи)/div__name' are matched.

2022-04-05 11:09:12 - [TEST_STEP][PASSED] - callTestCase(findTestCase("Администратор/Редактирование и удаление (переиспользуется в Пользователи)"), [:], STOP_ON_FAILURE): Call Test Case 'Test Cases/Администратор/Редактирование и удаление (переиспользуется в Пользователи)' successfully

2022-04-05 11:09:12 - [TEST_CASE][PASSED] - Test Cases/Администратор/Редактирование и удаление (переиспользуется в Пользователи): Test Cases/Администратор/Редактирование и удаление (переиспользуется в Пользователи)

2022-04-05 11:09:13 - [TEST_STEP][NOT_RUN] - callTestCase(findTestCase("Администратор/Авторизация"), [:], STOP_ON_FAILURE): NOT_RUN: callTestCase(findTestCase("Администратор/Авторизация"), [:], STOP_ON_FAILURE)

2022-04-05 11:09:13 - [MESSAGE][NOT_RUN] - NOT_RUN: callTestCase(findTestCase("Администратор/Авторизация"), [:], STOP_ON_FAILURE)

2022-04-05 11:09:13 - [TEST_STEP][NOT_RUN] - click(findTestObject("Object Repository/Avangard New/Object (Администратор)/Case (Пользователи)/span users")): NOT_RUN: click(findTestObject("Object Repository/Avangard New/Object (Администратор)/Case (Пользователи)/span users"))

2022-04-05 11:09:13 - [MESSAGE][NOT_RUN] - NOT_RUN: click(findTestObject("Object Repository/Avangard New/Object (Администратор)/Case (Пользователи)/span users"))

2022-04-05 11:09:13 - [TEST_STEP][NOT_RUN] - setText(findTestObject("Object Repository/Avangard New/Object (Администратор)/Case (Пользователи)/input__Tarasov"), "Test"): NOT_RUN: setText(findTestObject("Object Repository/Avangard New/Object (Администратор)/Case (Пользователи)/input__Tarasov"), "Test")

2022-04-05 11:09:13 - [MESSAGE][NOT_RUN] - NOT_RUN: setText(findTestObject("Object Repository/Avangard New/Object (Администратор)/Case (Пользователи)/input__Tarasov"), "Test")

2022-04-05 11:09:13 - [TEST_STEP][PASSED] - click(findTestObject("Object Repository/Avangard New/Object (Администратор)/Case (Пользователи)/edit user")): Object: 'Object Repository/Avangard New/Object (Администратор)/Case (Пользователи)/edit user' is clicked on

2022-04-05 11:09:15 - [MESSAGE][PASSED] - Object: 'Object Repository/Avangard New/Object (Администратор)/Case (Пользователи)/edit user' is clicked on

2022-04-05 11:09:15 - [TEST_STEP][PASSED] - t = getText(findTestObject("Object Repository/Avangard New/Object (Администратор)/Case (Пользователи)/role exit")): Text of object 'Object Repository/Avangard New/Object (Администратор)/Case (Пользователи)/role exit' is: '"Авангард" Академия'

2022-04-05 11:09:46 - [MESSAGE][INFO] - Unable to find the element located by 'By.xpath: /html/body/div/div[1]/div/div[2]/form/div/div/div[2]/div[1]/div[3]/div[1]/div[2]/div/div/div[1]'. Please recheck the objects properties to make sure the desired element is located. 

2022-04-05 11:09:46 - [MESSAGE][WARNING] - [SELF-HEALING] Failed to find element with id 'Object Repository/Avangard New/Object (Администратор)/Case (Пользователи)/role exit'. Try using Self-healing.

2022-04-05 11:09:48 - [MESSAGE][INFO] - [SELF-HEALING] Working Locator: '//div[@id='root']/div/div/div[2]/form/div/div/div[2]/div/div[3]/div/div[2]/div/div/div'.

2022-04-05 11:09:49 - [MESSAGE][INFO] - [SELF-HEALING] Screenshot: C:/Users/LENOVO/Katalon Studio/Avangard/Reports/Self-healing/Object Repository/Avangard New/Object (Администратор)/Case (Пользователи)/role exit_idRelative.png

2022-04-05 11:09:49 - [MESSAGE][WARNING] - [SELF-HEALING] The current locator of test object 'Object Repository/Avangard New/Object (Администратор)/Case (Пользователи)/role exit' was broken. Propose an alternative one: '//div[@id='root']/div/div/div[2]/form/div/div/div[2]/div/div[3]/div/div[2]/div/div/div'.

2022-04-05 11:09:49 - [MESSAGE][PASSED] - Text of object 'Object Repository/Avangard New/Object (Администратор)/Case (Пользователи)/role exit' is: '"Авангард" Академия'

2022-04-05 11:09:49 - [TEST_STEP][PASSED] - click(findTestObject("Object Repository/Avangard New/Object (Администратор)/Case (Пользователи)/team edit")): Object: 'Object Repository/Avangard New/Object (Администратор)/Case (Пользователи)/team edit' is clicked on

2022-04-05 11:09:51 - [MESSAGE][PASSED] - Object: 'Object Repository/Avangard New/Object (Администратор)/Case (Пользователи)/team edit' is clicked on

2022-04-05 11:09:51 - [TEST_STEP][PASSED] - k = getText(findTestObject("Object Repository/Avangard New/Object (Администратор)/Case (Пользователи)/uxl team")): Text of object 'Object Repository/Avangard New/Object (Администратор)/Case (Пользователи)/uxl team' is: 'Тренер защитников'

2022-04-05 11:09:53 - [MESSAGE][PASSED] - Text of object 'Object Repository/Avangard New/Object (Администратор)/Case (Пользователи)/uxl team' is: 'Тренер защитников'

2022-04-05 11:09:53 - [TEST_STEP][PASSED] - click(findTestObject("Object Repository/Avangard New/Object (Администратор)/Case (Пользователи)/uxl team")): Object: 'Object Repository/Avangard New/Object (Администратор)/Case (Пользователи)/uxl team' is clicked on

2022-04-05 11:09:55 - [MESSAGE][PASSED] - Object: 'Object Repository/Avangard New/Object (Администратор)/Case (Пользователи)/uxl team' is clicked on

2022-04-05 11:09:55 - [TEST_STEP][PASSED] - scrollToElement(findTestObject("Object Repository/Avangard New/Object (Администратор)/Case (Пользователи)/input__password"), 0): Scroll to object 'Object Repository/Avangard New/Object (Администратор)/Case (Пользователи)/input__password' successfully

2022-04-05 11:09:55 - [MESSAGE][WARNING] - Timeout '0' is invalid. Using default page load timeout: '30'

2022-04-05 11:09:56 - [MESSAGE][PASSED] - Scroll to object 'Object Repository/Avangard New/Object (Администратор)/Case (Пользователи)/input__password' successfully

2022-04-05 11:09:56 - [TEST_STEP][PASSED] - setEncryptedText(findTestObject("Object Repository/Avangard New/Object (Администратор)/Case (Пользователи)/input__password"), "XD0KJMxWAaMdre7dpgZZ4A=="): Text ****** has been set on object 'Object Repository/Avangard New/Object (Администратор)/Case (Пользователи)/input__password'

2022-04-05 11:09:59 - [MESSAGE][PASSED] - Text ****** has been set on object 'Object Repository/Avangard New/Object (Администратор)/Case (Пользователи)/input__password'

2022-04-05 11:09:59 - [TEST_STEP][PASSED] - scrollToElement(findTestObject("Object Repository/Avangard New/Object (Администратор)/Case (Пользователи)/button_save edit"), 0): Scroll to object 'Object Repository/Avangard New/Object (Администратор)/Case (Пользователи)/button_save edit' successfully

2022-04-05 11:09:59 - [MESSAGE][WARNING] - Timeout '0' is invalid. Using default page load timeout: '30'

2022-04-05 11:10:01 - [MESSAGE][PASSED] - Scroll to object 'Object Repository/Avangard New/Object (Администратор)/Case (Пользователи)/button_save edit' successfully

2022-04-05 11:10:01 - [TEST_STEP][PASSED] - click(findTestObject("Object Repository/Avangard New/Object (Администратор)/Case (Пользователи)/button_save edit")): Object: 'Object Repository/Avangard New/Object (Администратор)/Case (Пользователи)/button_save edit' is clicked on

2022-04-05 11:10:03 - [MESSAGE][PASSED] - Object: 'Object Repository/Avangard New/Object (Администратор)/Case (Пользователи)/button_save edit' is clicked on

2022-04-05 11:10:03 - [TEST_STEP][PASSED] - verifyElementText(findTestObject("Object Repository/Avangard New/Object (Администратор)/Case (Пользователи)/alert edit"), "Пользователь сохранен"): Actual text and expected text of test object 'Object Repository/Avangard New/Object (Администратор)/Case (Пользователи)/alert edit' are matched.

2022-04-05 11:10:06 - [MESSAGE][PASSED] - Actual text and expected text of test object 'Object Repository/Avangard New/Object (Администратор)/Case (Пользователи)/alert edit' are matched.

2022-04-05 11:10:06 - [TEST_STEP][NOT_RUN] - verifyElementText(findTestObject("Object Repository/Avangard New/Object (Администратор)/Case (Пользователи)/team osk"), k): NOT_RUN: verifyElementText(findTestObject("Object Repository/Avangard New/Object (Администратор)/Case (Пользователи)/team osk"), k)

2022-04-05 11:10:06 - [MESSAGE][NOT_RUN] - NOT_RUN: verifyElementText(findTestObject("Object Repository/Avangard New/Object (Администратор)/Case (Пользователи)/team osk"), k)

2022-04-05 11:10:06 - [TEST_STEP][NOT_RUN] - verifyElementText(findTestObject("Object Repository/Avangard New/Object (Администратор)/Case (Пользователи)/role 2 edit"), t): NOT_RUN: verifyElementText(findTestObject("Object Repository/Avangard New/Object (Администратор)/Case (Пользователи)/role 2 edit"), t)

2022-04-05 11:10:06 - [MESSAGE][NOT_RUN] - NOT_RUN: verifyElementText(findTestObject("Object Repository/Avangard New/Object (Администратор)/Case (Пользователи)/role 2 edit"), t)

2022-04-05 11:10:06 - [TEST_STEP][PASSED] - click(findTestObject("Object Repository/Avangard New/Object (Администратор)/Case (Пользователи)/button_edit2")): Object: 'Object Repository/Avangard New/Object (Администратор)/Case (Пользователи)/button_edit2' is clicked on

2022-04-05 11:10:09 - [MESSAGE][PASSED] - Object: 'Object Repository/Avangard New/Object (Администратор)/Case (Пользователи)/button_edit2' is clicked on

2022-04-05 11:10:09 - [TEST_STEP][PASSED] - scrollToElement(findTestObject("Object Repository/Avangard New/Object (Администратор)/Case (Пользователи)/button_close edit"), 0): Scroll to object 'Object Repository/Avangard New/Object (Администратор)/Case (Пользователи)/button_close edit' successfully

2022-04-05 11:10:09 - [MESSAGE][WARNING] - Timeout '0' is invalid. Using default page load timeout: '30'

2022-04-05 11:10:11 - [MESSAGE][PASSED] - Scroll to object 'Object Repository/Avangard New/Object (Администратор)/Case (Пользователи)/button_close edit' successfully

2022-04-05 11:10:11 - [TEST_STEP][PASSED] - click(findTestObject("Object Repository/Avangard New/Object (Администратор)/Case (Пользователи)/button_close edit")): Object: 'Object Repository/Avangard New/Object (Администратор)/Case (Пользователи)/button_close edit' is clicked on

2022-04-05 11:10:13 - [MESSAGE][PASSED] - Object: 'Object Repository/Avangard New/Object (Администратор)/Case (Пользователи)/button_close edit' is clicked on

2022-04-05 11:10:13 - [TEST_STEP][PASSED] - click(findTestObject("Object Repository/Avangard New/Object (Администратор)/Case (Пользователи)/button__close edit 2")): Object: 'Object Repository/Avangard New/Object (Администратор)/Case (Пользователи)/button__close edit 2' is clicked on

2022-04-05 11:10:15 - [MESSAGE][PASSED] - Object: 'Object Repository/Avangard New/Object (Администратор)/Case (Пользователи)/button__close edit 2' is clicked on

2022-04-05 11:10:15 - [TEST_STEP][PASSED] - setText(findTestObject("Object Repository/Avangard New/Object (Администратор)/Case (Пользователи)/input__test user"), "test"): Text 'test' is set on object 'Object Repository/Avangard New/Object (Администратор)/Case (Пользователи)/input__test user'

2022-04-05 11:10:19 - [MESSAGE][PASSED] - Text 'test' is set on object 'Object Repository/Avangard New/Object (Администратор)/Case (Пользователи)/input__test user'

2022-04-05 11:10:19 - [TEST_STEP][PASSED] - click(findTestObject("Object Repository/Avangard New/Object (Администратор)/Case (Пользователи)/div_User Test")): Object: 'Object Repository/Avangard New/Object (Администратор)/Case (Пользователи)/div_User Test' is clicked on

2022-04-05 11:10:22 - [MESSAGE][PASSED] - Object: 'Object Repository/Avangard New/Object (Администратор)/Case (Пользователи)/div_User Test' is clicked on

2022-04-05 11:10:22 - [TEST_STEP][PASSED] - click(findTestObject("Object Repository/Avangard New/Object (Администратор)/Case (Пользователи)/button_")): Object: 'Object Repository/Avangard New/Object (Администратор)/Case (Пользователи)/button_' is clicked on

2022-04-05 11:10:24 - [MESSAGE][PASSED] - Object: 'Object Repository/Avangard New/Object (Администратор)/Case (Пользователи)/button_' is clicked on

2022-04-05 11:10:24 - [TEST_STEP][PASSED] - click(findTestObject("Object Repository/Avangard New/Object (Администратор)/Case (Пользователи)/button_delete2")): Object: 'Object Repository/Avangard New/Object (Администратор)/Case (Пользователи)/button_delete2' is clicked on

2022-04-05 11:10:26 - [MESSAGE][PASSED] - Object: 'Object Repository/Avangard New/Object (Администратор)/Case (Пользователи)/button_delete2' is clicked on

2022-04-05 11:10:26 - [TEST_STEP][PASSED] - verifyElementText(findTestObject("Object Repository/Avangard New/Object (Администратор)/Case (Пользователи)/alert delete"), "Пользователь удалён"): Actual text and expected text of test object 'Object Repository/Avangard New/Object (Администратор)/Case (Пользователи)/alert delete' are matched.

2022-04-05 11:10:31 - [MESSAGE][PASSED] - Actual text and expected text of test object 'Object Repository/Avangard New/Object (Администратор)/Case (Пользователи)/alert delete' are matched.

2022-04-05 11:10:31 - [TEST_STEP][NOT_RUN] - click(findTestObject("Object Repository/Avangard New/Object (Администратор)/Case (Пользователи)/div_team55")): NOT_RUN: click(findTestObject("Object Repository/Avangard New/Object (Администратор)/Case (Пользователи)/div_team55"))

2022-04-05 11:10:31 - [MESSAGE][NOT_RUN] - NOT_RUN: click(findTestObject("Object Repository/Avangard New/Object (Администратор)/Case (Пользователи)/div_team55"))

2022-04-05 11:10:31 - [TEST_STEP][NOT_RUN] - click(findTestObject("Object Repository/Avangard New/Object (Администратор)/Case (Пользователи)/div_-uxl 33")): NOT_RUN: click(findTestObject("Object Repository/Avangard New/Object (Администратор)/Case (Пользователи)/div_-uxl 33"))

2022-04-05 11:10:31 - [MESSAGE][NOT_RUN] - NOT_RUN: click(findTestObject("Object Repository/Avangard New/Object (Администратор)/Case (Пользователи)/div_-uxl 33"))

2022-04-05 11:10:31 - [MESSAGE][INFO] - 

2022-04-05 11:10:31 - [MESSAGE][INFO] - ===================== Self-healing Report ====================

2022-04-05 11:10:31 - [MESSAGE][INFO] - One of the failed test object locators has been recovered by Self-healing. Please refer to the Self-healing Insights tab for more details.

2022-04-05 11:10:31 - [MESSAGE][INFO] - To learn more about Self-healing, please read https://docs.katalon.com/katalon-studio/docs/self-healing.html

2022-04-05 11:10:31 - [MESSAGE][INFO] - ==============================================================

2022-04-05 11:10:31 - [MESSAGE][PASSED] - Call Test Case 'Test Cases/Администратор/Редактирование и удаление (переиспользуется в Пользователи)' successfully

2022-04-05 11:10:31 - [TEST_STEP][PASSED] - closeBrowser(): Browser is closed

2022-04-05 11:10:31 - [MESSAGE][PASSED] - Browser is closed]]></system-out>
         <system-err><![CDATA[]]></system-err>
      </testcase>
      <system-out><![CDATA[2022-04-05 10:19:32 - [TEST_SUITE][FAILED] - Администратор: Test Cases/Администратор/Рейтинг FAILED.
Reason:
com.kms.katalon.core.exception.StepFailedException: Text 'Матчи' is not present on page  using regular expression (Root cause: com.kms.katalon.core.exception.StepFailedException: Text 'Матчи' is not present on page  using regular expression
	at com.kms.katalon.core.webui.keyword.internal.WebUIKeywordMain.stepFailed(WebUIKeywordMain.groovy:64)
	at com.kms.katalon.core.webui.keyword.builtin.VerifyTextPresentKeyword$_verifyTextPresent_closure1.doCall(VerifyTextPresentKeyword.groovy:79)
	at com.kms.katalon.core.webui.keyword.builtin.VerifyTextPresentKeyword$_verifyTextPresent_closure1.call(VerifyTextPresentKeyword.groovy)
	at com.kms.katalon.core.webui.keyword.internal.WebUIKeywordMain.runKeyword(WebUIKeywordMain.groovy:20)
	at com.kms.katalon.core.webui.keyword.builtin.VerifyTextPresentKeyword.verifyTextPresent(VerifyTextPresentKeyword.groovy:83)
	at com.kms.katalon.core.webui.keyword.builtin.VerifyTextPresentKeyword.execute(VerifyTextPresentKeyword.groovy:68)
	at com.kms.katalon.core.keyword.internal.KeywordExecutor.executeKeywordForPlatform(KeywordExecutor.groovy:74)
	at com.kms.katalon.core.webui.keyword.WebUiBuiltInKeywords.verifyTextPresent(WebUiBuiltInKeywords.groovy:1707)
	at com.kms.katalon.core.webui.keyword.WebUiBuiltInKeywords$verifyTextPresent$9.call(Unknown Source)
	at Рейтинг.run(Рейтинг:57)
	at com.kms.katalon.core.main.ScriptEngine.run(ScriptEngine.java:194)
	at com.kms.katalon.core.main.ScriptEngine.runScriptAsRawText(ScriptEngine.java:119)
	at com.kms.katalon.core.main.TestCaseExecutor.runScript(TestCaseExecutor.java:442)
	at com.kms.katalon.core.main.TestCaseExecutor.doExecute(TestCaseExecutor.java:433)
	at com.kms.katalon.core.main.TestCaseExecutor.processExecutionPhase(TestCaseExecutor.java:412)
	at com.kms.katalon.core.main.TestCaseExecutor.accessMainPhase(TestCaseExecutor.java:404)
	at com.kms.katalon.core.main.TestCaseExecutor.execute(TestCaseExecutor.java:281)
	at com.kms.katalon.core.main.TestSuiteExecutor.accessTestCaseMainPhase(TestSuiteExecutor.java:202)
	at com.kms.katalon.core.main.TestSuiteExecutor.accessTestSuiteMainPhase(TestSuiteExecutor.java:164)
	at com.kms.katalon.core.main.TestSuiteExecutor.execute(TestSuiteExecutor.java:105)
	at com.kms.katalon.core.main.TestCaseMain.startTestSuite(TestCaseMain.java:185)
	at com.kms.katalon.core.main.TestCaseMain$startTestSuite$0.call(Unknown Source)
	at TempTestSuite1649143148820.run(TempTestSuite1649143148820.groovy:36)
)
	at com.kms.katalon.core.keyword.internal.KeywordMain.stepFailed(KeywordMain.groovy:39)
	at com.kms.katalon.core.webui.keyword.internal.WebUIKeywordMain.stepFailed(WebUIKeywordMain.groovy:64)
	at com.kms.katalon.core.webui.keyword.builtin.VerifyTextPresentKeyword$_verifyTextPresent_closure1.doCall(VerifyTextPresentKeyword.groovy:79)
	at com.kms.katalon.core.webui.keyword.builtin.VerifyTextPresentKeyword$_verifyTextPresent_closure1.call(VerifyTextPresentKeyword.groovy)
	at com.kms.katalon.core.webui.keyword.internal.WebUIKeywordMain.runKeyword(WebUIKeywordMain.groovy:20)
	at com.kms.katalon.core.webui.keyword.builtin.VerifyTextPresentKeyword.verifyTextPresent(VerifyTextPresentKeyword.groovy:83)
	at com.kms.katalon.core.webui.keyword.builtin.VerifyTextPresentKeyword.execute(VerifyTextPresentKeyword.groovy:68)
	at com.kms.katalon.core.keyword.internal.KeywordExecutor.executeKeywordForPlatform(KeywordExecutor.groovy:74)
	at com.kms.katalon.core.webui.keyword.WebUiBuiltInKeywords.verifyTextPresent(WebUiBuiltInKeywords.groovy:1707)
	at com.kms.katalon.core.webui.keyword.WebUiBuiltInKeywords$verifyTextPresent$9.call(Unknown Source)
	at Рейтинг.run(Рейтинг:57)
	at com.kms.katalon.core.main.ScriptEngine.run(ScriptEngine.java:194)
	at com.kms.katalon.core.main.ScriptEngine.runScriptAsRawText(ScriptEngine.java:119)
	at com.kms.katalon.core.main.TestCaseExecutor.runScript(TestCaseExecutor.java:442)
	at com.kms.katalon.core.main.TestCaseExecutor.doExecute(TestCaseExecutor.java:433)
	at com.kms.katalon.core.main.TestCaseExecutor.processExecutionPhase(TestCaseExecutor.java:412)
	at com.kms.katalon.core.main.TestCaseExecutor.accessMainPhase(TestCaseExecutor.java:404)
	at com.kms.katalon.core.main.TestCaseExecutor.execute(TestCaseExecutor.java:281)
	at com.kms.katalon.core.main.TestSuiteExecutor.accessTestCaseMainPhase(TestSuiteExecutor.java:202)
	at com.kms.katalon.core.main.TestSuiteExecutor.accessTestSuiteMainPhase(TestSuiteExecutor.java:164)
	at com.kms.katalon.core.main.TestSuiteExecutor.execute(TestSuiteExecutor.java:105)
	at com.kms.katalon.core.main.TestCaseMain.startTestSuite(TestCaseMain.java:185)
	at com.kms.katalon.core.main.TestCaseMain$startTestSuite$0.call(Unknown Source)
	at TempTestSuite1649143148820.run(TempTestSuite1649143148820.groovy:36)
Caused by: com.kms.katalon.core.exception.StepFailedException: Text 'Матчи' is not present on page  using regular expression
	... 23 more]]></system-out>
      <system-err><![CDATA[2022-04-05 10:19:32 - [TEST_SUITE][FAILED] - Администратор: Test Cases/Администратор/Рейтинг FAILED.
Reason:
com.kms.katalon.core.exception.StepFailedException: Text 'Матчи' is not present on page  using regular expression (Root cause: com.kms.katalon.core.exception.StepFailedException: Text 'Матчи' is not present on page  using regular expression
	at com.kms.katalon.core.webui.keyword.internal.WebUIKeywordMain.stepFailed(WebUIKeywordMain.groovy:64)
	at com.kms.katalon.core.webui.keyword.builtin.VerifyTextPresentKeyword$_verifyTextPresent_closure1.doCall(VerifyTextPresentKeyword.groovy:79)
	at com.kms.katalon.core.webui.keyword.builtin.VerifyTextPresentKeyword$_verifyTextPresent_closure1.call(VerifyTextPresentKeyword.groovy)
	at com.kms.katalon.core.webui.keyword.internal.WebUIKeywordMain.runKeyword(WebUIKeywordMain.groovy:20)
	at com.kms.katalon.core.webui.keyword.builtin.VerifyTextPresentKeyword.verifyTextPresent(VerifyTextPresentKeyword.groovy:83)
	at com.kms.katalon.core.webui.keyword.builtin.VerifyTextPresentKeyword.execute(VerifyTextPresentKeyword.groovy:68)
	at com.kms.katalon.core.keyword.internal.KeywordExecutor.executeKeywordForPlatform(KeywordExecutor.groovy:74)
	at com.kms.katalon.core.webui.keyword.WebUiBuiltInKeywords.verifyTextPresent(WebUiBuiltInKeywords.groovy:1707)
	at com.kms.katalon.core.webui.keyword.WebUiBuiltInKeywords$verifyTextPresent$9.call(Unknown Source)
	at Рейтинг.run(Рейтинг:57)
	at com.kms.katalon.core.main.ScriptEngine.run(ScriptEngine.java:194)
	at com.kms.katalon.core.main.ScriptEngine.runScriptAsRawText(ScriptEngine.java:119)
	at com.kms.katalon.core.main.TestCaseExecutor.runScript(TestCaseExecutor.java:442)
	at com.kms.katalon.core.main.TestCaseExecutor.doExecute(TestCaseExecutor.java:433)
	at com.kms.katalon.core.main.TestCaseExecutor.processExecutionPhase(TestCaseExecutor.java:412)
	at com.kms.katalon.core.main.TestCaseExecutor.accessMainPhase(TestCaseExecutor.java:404)
	at com.kms.katalon.core.main.TestCaseExecutor.execute(TestCaseExecutor.java:281)
	at com.kms.katalon.core.main.TestSuiteExecutor.accessTestCaseMainPhase(TestSuiteExecutor.java:202)
	at com.kms.katalon.core.main.TestSuiteExecutor.accessTestSuiteMainPhase(TestSuiteExecutor.java:164)
	at com.kms.katalon.core.main.TestSuiteExecutor.execute(TestSuiteExecutor.java:105)
	at com.kms.katalon.core.main.TestCaseMain.startTestSuite(TestCaseMain.java:185)
	at com.kms.katalon.core.main.TestCaseMain$startTestSuite$0.call(Unknown Source)
	at TempTestSuite1649143148820.run(TempTestSuite1649143148820.groovy:36)
)
	at com.kms.katalon.core.keyword.internal.KeywordMain.stepFailed(KeywordMain.groovy:39)
	at com.kms.katalon.core.webui.keyword.internal.WebUIKeywordMain.stepFailed(WebUIKeywordMain.groovy:64)
	at com.kms.katalon.core.webui.keyword.builtin.VerifyTextPresentKeyword$_verifyTextPresent_closure1.doCall(VerifyTextPresentKeyword.groovy:79)
	at com.kms.katalon.core.webui.keyword.builtin.VerifyTextPresentKeyword$_verifyTextPresent_closure1.call(VerifyTextPresentKeyword.groovy)
	at com.kms.katalon.core.webui.keyword.internal.WebUIKeywordMain.runKeyword(WebUIKeywordMain.groovy:20)
	at com.kms.katalon.core.webui.keyword.builtin.VerifyTextPresentKeyword.verifyTextPresent(VerifyTextPresentKeyword.groovy:83)
	at com.kms.katalon.core.webui.keyword.builtin.VerifyTextPresentKeyword.execute(VerifyTextPresentKeyword.groovy:68)
	at com.kms.katalon.core.keyword.internal.KeywordExecutor.executeKeywordForPlatform(KeywordExecutor.groovy:74)
	at com.kms.katalon.core.webui.keyword.WebUiBuiltInKeywords.verifyTextPresent(WebUiBuiltInKeywords.groovy:1707)
	at com.kms.katalon.core.webui.keyword.WebUiBuiltInKeywords$verifyTextPresent$9.call(Unknown Source)
	at Рейтинг.run(Рейтинг:57)
	at com.kms.katalon.core.main.ScriptEngine.run(ScriptEngine.java:194)
	at com.kms.katalon.core.main.ScriptEngine.runScriptAsRawText(ScriptEngine.java:119)
	at com.kms.katalon.core.main.TestCaseExecutor.runScript(TestCaseExecutor.java:442)
	at com.kms.katalon.core.main.TestCaseExecutor.doExecute(TestCaseExecutor.java:433)
	at com.kms.katalon.core.main.TestCaseExecutor.processExecutionPhase(TestCaseExecutor.java:412)
	at com.kms.katalon.core.main.TestCaseExecutor.accessMainPhase(TestCaseExecutor.java:404)
	at com.kms.katalon.core.main.TestCaseExecutor.execute(TestCaseExecutor.java:281)
	at com.kms.katalon.core.main.TestSuiteExecutor.accessTestCaseMainPhase(TestSuiteExecutor.java:202)
	at com.kms.katalon.core.main.TestSuiteExecutor.accessTestSuiteMainPhase(TestSuiteExecutor.java:164)
	at com.kms.katalon.core.main.TestSuiteExecutor.execute(TestSuiteExecutor.java:105)
	at com.kms.katalon.core.main.TestCaseMain.startTestSuite(TestCaseMain.java:185)
	at com.kms.katalon.core.main.TestCaseMain$startTestSuite$0.call(Unknown Source)
	at TempTestSuite1649143148820.run(TempTestSuite1649143148820.groovy:36)
Caused by: com.kms.katalon.core.exception.StepFailedException: Text 'Матчи' is not present on page  using regular expression
	... 23 more]]></system-err>
   </testsuite>
   <testsuite name="Доктор" tests="4" failures="2" errors="0" time="2119.281" skipped="0" timestamp="2022-04-05 10:19:33" hostname="LENOVO - DESKTOP-KNHN0AA" id="Test Suites/Доктор">
      <properties>
         <property name="deviceName" value=""/>
         <property name="devicePlatform" value=""/>
         <property name="logFolder" value="C:\\Users\\LENOVO\\Katalon Studio\\Avangard\\Reports\\20220405_101904\\\u0414\u043E\u043A\u0442\u043E\u0440\\20220405_101910"/>
         <property name="logFiles" value="C:\\Users\\LENOVO\\Katalon Studio\\Avangard\\Reports\\20220405_101904\\\u0414\u043E\u043A\u0442\u043E\u0440\\20220405_101910\\execution0.log"/>
         <property name="attachments" value="C:\\Users\\LENOVO\\Katalon Studio\\Avangard\\Reports\\20220405_101904\\\u0414\u043E\u043A\u0442\u043E\u0440\\20220405_101910\\1649143469088.png, C:\\Users\\LENOVO\\Katalon Studio\\Avangard\\Reports\\20220405_101904\\\u0414\u043E\u043A\u0442\u043E\u0440\\20220405_101910\\1649144205310.png"/>
         <property name="hostName" value="LENOVO - DESKTOP-KNHN0AA"/>
         <property name="remoteDriverUrl" value="testcloud.katalon.com/hub"/>
         <property name="desiredCapabilities" value="{
  &quot;acceptInsecureCerts&quot;: false,
  &quot;browserName&quot;: &quot;chrome&quot;,
  &quot;browserVersion&quot;: &quot;97.0.4692.71&quot;,
  &quot;chrome&quot;: {
    &quot;chromedriverVersion&quot;: &quot;97.0.4692.71 (adefa7837d02a07a604c1e6eff0b3a09422ab88d-refs/branch-heads/4692@{#1247})&quot;,
    &quot;userDataDir&quot;: &quot;/tmp/.com.google.Chrome.pGoRIn&quot;
  },
  &quot;goog:chromeOptions&quot;: {
    &quot;debuggerAddress&quot;: &quot;localhost:36305&quot;
  },
  &quot;javascriptEnabled&quot;: true,
  &quot;networkConnectionEnabled&quot;: false,
  &quot;pageLoadStrategy&quot;: &quot;normal&quot;,
  &quot;platform&quot;: &quot;LINUX&quot;,
  &quot;platformName&quot;: &quot;LINUX&quot;,
  &quot;proxy&quot;: {
    &quot;proxyType&quot;: &quot;DIRECT&quot;,
    &quot;autodetect&quot;: false
  },
  &quot;se:cdp&quot;: &quot;ws://172.48.55.136:4444/session/34f9493d385412b7a87ede44a7797194/se/cdp&quot;,
  &quot;se:cdpVersion&quot;: &quot;97.0.4692.71&quot;,
  &quot;se:vnc&quot;: &quot;ws://172.48.55.136:4444/session/34f9493d385412b7a87ede44a7797194/se/vnc&quot;,
  &quot;se:vncEnabled&quot;: true,
  &quot;se:vncLocalAddress&quot;: &quot;ws://172.48.55.136:7900&quot;,
  &quot;setWindowRect&quot;: true,
  &quot;strictFileInteractability&quot;: false,
  &quot;timeouts&quot;: {
    &quot;implicit&quot;: 0,
    &quot;pageLoad&quot;: 300000,
    &quot;script&quot;: 30000
  },
  &quot;unhandledPromptBehavior&quot;: &quot;dismiss and notify&quot;,
  &quot;webauthn:extension:credBlob&quot;: true,
  &quot;webauthn:extension:largeBlob&quot;: true,
  &quot;webauthn:virtualAuthenticators&quot;: true
}"/>
         <property name="os" value="Windows 10 64bit"/>
         <property name="remoteOS" value="Linux"/>
         <property name="katalonVersion" value="8.2.5.208"/>
         <property name="browser" value="Chrome 97.0.4692.71"/>
         <property name="hostAddress" value="192.168.2.114"/>
         <property name="sessionId" value="34f9493d385412b7a87ede44a7797194"/>
         <property name="seleniumVersion" value="3.141.59"/>
         <property name="proxyInformation" value="ProxyInformation { proxyOption=NO_PROXY, proxyServerType=HTTP, username=, password=********, proxyServerAddress=, proxyServerPort=0, executionList=&quot;&quot;, isApplyToDesiredCapabilities=true }"/>
         <property name="platform" value="Windows 10"/>
      </properties>
      <testcase name="Test Cases/Доктор/дописать проверку на игрока Проверка вкладки Питание" time="296.794" classname="Test Cases/Доктор/дописать проверку на игрока Проверка вкладки Питание" status="FAILED">
         <failure type="FAILED" message="Test Cases/Доктор/дописать проверку на игрока Проверка вкладки Питание FAILED.
Reason:
com.kms.katalon.core.exception.StepFailedException: Unable to click on object 'Object Repository/Avangard New/Object (Доктор)/Case (Питание)/span_add'
	at com.kms.katalon.core.webui.keyword.internal.WebUIKeywordMain.stepFailed(WebUIKeywordMain.groovy:64)
	at com.kms.katalon.core.webui.keyword.internal.WebUIKeywordMain.runKeyword(WebUIKeywordMain.groovy:26)
	at com.kms.katalon.core.webui.keyword.builtin.ClickKeyword.click(ClickKeyword.groovy:74)
	at com.kms.katalon.core.webui.keyword.builtin.ClickKeyword.execute(ClickKeyword.groovy:40)
	at com.kms.katalon.core.keyword.internal.KeywordExecutor.executeKeywordForPlatform(KeywordExecutor.groovy:74)
	at com.kms.katalon.core.webui.keyword.WebUiBuiltInKeywords.click(WebUiBuiltInKeywords.groovy:620)
	at com.kms.katalon.core.webui.keyword.WebUiBuiltInKeywords$click$4.call(Unknown Source)
	at дописать проверку на игрока Проверка вкладки Питание.run(дописать проверку на игрока Проверка вкладки Питание:41)
	at com.kms.katalon.core.main.ScriptEngine.run(ScriptEngine.java:194)
	at com.kms.katalon.core.main.ScriptEngine.runScriptAsRawText(ScriptEngine.java:119)
	at com.kms.katalon.core.main.TestCaseExecutor.runScript(TestCaseExecutor.java:442)
	at com.kms.katalon.core.main.TestCaseExecutor.doExecute(TestCaseExecutor.java:433)
	at com.kms.katalon.core.main.TestCaseExecutor.processExecutionPhase(TestCaseExecutor.java:412)
	at com.kms.katalon.core.main.TestCaseExecutor.accessMainPhase(TestCaseExecutor.java:404)
	at com.kms.katalon.core.main.TestCaseExecutor.execute(TestCaseExecutor.java:281)
	at com.kms.katalon.core.main.TestSuiteExecutor.accessTestCaseMainPhase(TestSuiteExecutor.java:202)
	at com.kms.katalon.core.main.TestSuiteExecutor.accessTestSuiteMainPhase(TestSuiteExecutor.java:164)
	at com.kms.katalon.core.main.TestSuiteExecutor.execute(TestSuiteExecutor.java:105)
	at com.kms.katalon.core.main.TestCaseMain.startTestSuite(TestCaseMain.java:185)
	at com.kms.katalon.core.main.TestCaseMain$startTestSuite$0.call(Unknown Source)
	at TempTestSuite1649143150775.run(TempTestSuite1649143150775.groovy:36)
Caused by: com.kms.katalon.core.webui.exception.WebElementNotFoundException: Web element with id: 'Object Repository/Avangard New/Object (Доктор)/Case (Питание)/span_add' located by '/html/body/div/div[1]/div/div[2]/div/div[3]/div/div[1]/div/div/div/div/table/tbody/tr[4]/td[6]/span' not found
	at com.kms.katalon.core.webui.common.WebUiCommonHelper.findWebElement(WebUiCommonHelper.java:1370)
	at com.kms.katalon.core.webui.keyword.internal.WebUIAbstractKeyword.findWebElement(WebUIAbstractKeyword.groovy:27)
	at com.kms.katalon.core.webui.keyword.builtin.ClickKeyword$_click_closure1.doCall(ClickKeyword.groovy:65)
	at com.kms.katalon.core.webui.keyword.builtin.ClickKeyword$_click_closure1.call(ClickKeyword.groovy)
	at com.kms.katalon.core.webui.keyword.internal.WebUIKeywordMain.runKeyword(WebUIKeywordMain.groovy:20)
	... 19 more
"/>
         <system-out><![CDATA[2022-04-05 10:19:35 - [TEST_CASE][FAILED] - Test Cases/Доктор/дописать проверку на игрока Проверка вкладки Питание: Test Cases/Доктор/дописать проверку на игрока Проверка вкладки Питание FAILED.
Reason:
com.kms.katalon.core.exception.StepFailedException: Unable to click on object 'Object Repository/Avangard New/Object (Доктор)/Case (Питание)/span_add'
	at com.kms.katalon.core.webui.keyword.internal.WebUIKeywordMain.stepFailed(WebUIKeywordMain.groovy:64)
	at com.kms.katalon.core.webui.keyword.internal.WebUIKeywordMain.runKeyword(WebUIKeywordMain.groovy:26)
	at com.kms.katalon.core.webui.keyword.builtin.ClickKeyword.click(ClickKeyword.groovy:74)
	at com.kms.katalon.core.webui.keyword.builtin.ClickKeyword.execute(ClickKeyword.groovy:40)
	at com.kms.katalon.core.keyword.internal.KeywordExecutor.executeKeywordForPlatform(KeywordExecutor.groovy:74)
	at com.kms.katalon.core.webui.keyword.WebUiBuiltInKeywords.click(WebUiBuiltInKeywords.groovy:620)
	at com.kms.katalon.core.webui.keyword.WebUiBuiltInKeywords$click$4.call(Unknown Source)
	at дописать проверку на игрока Проверка вкладки Питание.run(дописать проверку на игрока Проверка вкладки Питание:41)
	at com.kms.katalon.core.main.ScriptEngine.run(ScriptEngine.java:194)
	at com.kms.katalon.core.main.ScriptEngine.runScriptAsRawText(ScriptEngine.java:119)
	at com.kms.katalon.core.main.TestCaseExecutor.runScript(TestCaseExecutor.java:442)
	at com.kms.katalon.core.main.TestCaseExecutor.doExecute(TestCaseExecutor.java:433)
	at com.kms.katalon.core.main.TestCaseExecutor.processExecutionPhase(TestCaseExecutor.java:412)
	at com.kms.katalon.core.main.TestCaseExecutor.accessMainPhase(TestCaseExecutor.java:404)
	at com.kms.katalon.core.main.TestCaseExecutor.execute(TestCaseExecutor.java:281)
	at com.kms.katalon.core.main.TestSuiteExecutor.accessTestCaseMainPhase(TestSuiteExecutor.java:202)
	at com.kms.katalon.core.main.TestSuiteExecutor.accessTestSuiteMainPhase(TestSuiteExecutor.java:164)
	at com.kms.katalon.core.main.TestSuiteExecutor.execute(TestSuiteExecutor.java:105)
	at com.kms.katalon.core.main.TestCaseMain.startTestSuite(TestCaseMain.java:185)
	at com.kms.katalon.core.main.TestCaseMain$startTestSuite$0.call(Unknown Source)
	at TempTestSuite1649143150775.run(TempTestSuite1649143150775.groovy:36)
Caused by: com.kms.katalon.core.webui.exception.WebElementNotFoundException: Web element with id: 'Object Repository/Avangard New/Object (Доктор)/Case (Питание)/span_add' located by '/html/body/div/div[1]/div/div[2]/div/div[3]/div/div[1]/div/div/div/div/table/tbody/tr[4]/td[6]/span' not found
	at com.kms.katalon.core.webui.common.WebUiCommonHelper.findWebElement(WebUiCommonHelper.java:1370)
	at com.kms.katalon.core.webui.keyword.internal.WebUIAbstractKeyword.findWebElement(WebUIAbstractKeyword.groovy:27)
	at com.kms.katalon.core.webui.keyword.builtin.ClickKeyword$_click_closure1.doCall(ClickKeyword.groovy:65)
	at com.kms.katalon.core.webui.keyword.builtin.ClickKeyword$_click_closure1.call(ClickKeyword.groovy)
	at com.kms.katalon.core.webui.keyword.internal.WebUIKeywordMain.runKeyword(WebUIKeywordMain.groovy:20)
	... 19 more


2022-04-05 10:19:40 - [TEST_STEP][PASSED] - callTestCase(findTestCase("Доктор/Авторизация врач"), [:], STOP_ON_FAILURE): Call Test Case 'Test Cases/Доктор/Авторизация врач' successfully

2022-04-05 10:19:41 - [TEST_CASE][PASSED] - Test Cases/Доктор/Авторизация врач: Test Cases/Доктор/Авторизация врач

2022-04-05 10:19:43 - [TEST_STEP][PASSED] - openBrowser(""): Browser is opened with url: ''

2022-04-05 10:19:45 - [MESSAGE][INFO] - User set preference: ['os', 'linux']

2022-04-05 10:19:45 - [MESSAGE][INFO] - User set preference: ['browserName', 'chrome']

2022-04-05 10:19:45 - [MESSAGE][INFO] - User set preference: ['browserVersion', '97']

2022-04-05 10:19:45 - [MESSAGE][INFO] - User set preference: ['katalon:option', '{organizationId=632442, tunnelId=, usingTunnel=false}']

2022-04-05 10:19:45 - [MESSAGE][INFO] - Connecting to remote web server 'testcloud.katalon.com/hub' with type 'Selenium'

2022-04-05 10:19:48 - [MESSAGE][INFO] - Action delay is set to 100 milliseconds

2022-04-05 10:23:09 - [MESSAGE][PASSED] - Browser is opened with url: ''

2022-04-05 10:23:09 - [TEST_STEP][PASSED] - maximizeWindow(): Current window maximized

2022-04-05 10:23:10 - [MESSAGE][PASSED] - Current window maximized

2022-04-05 10:23:10 - [TEST_STEP][PASSED] - navigateToUrl(url): Navigate to 'https://stars-stage.hawk.ru:8080' successfully

2022-04-05 10:23:16 - [MESSAGE][PASSED] - Navigate to 'https://stars-stage.hawk.ru:8080' successfully

2022-04-05 10:23:16 - [TEST_STEP][PASSED] - setText(findTestObject("Object Repository/vra/Page_/input__sc-lnrBVv eqPACj"), doktor_login): Text 'TestDoctor@mail.ru' is set on object 'Object Repository/vra/Page_/input__sc-lnrBVv eqPACj'

2022-04-05 10:23:20 - [MESSAGE][PASSED] - Text 'TestDoctor@mail.ru' is set on object 'Object Repository/vra/Page_/input__sc-lnrBVv eqPACj'

2022-04-05 10:23:20 - [TEST_STEP][PASSED] - setText(findTestObject("Object Repository/vra/Page_/input__sc-lnrBVv eqPACj_1"), doktor_password, STOP_ON_FAILURE): Text 'testdoctor@mail.ru' is set on object 'Object Repository/vra/Page_/input__sc-lnrBVv eqPACj_1'

2022-04-05 10:23:24 - [MESSAGE][PASSED] - Text 'testdoctor@mail.ru' is set on object 'Object Repository/vra/Page_/input__sc-lnrBVv eqPACj_1'

2022-04-05 10:23:24 - [TEST_STEP][PASSED] - click(findTestObject("Object Repository/vrach/Page_/Page_/go")): Object: 'Object Repository/vrach/Page_/Page_/go' is clicked on

2022-04-05 10:23:25 - [MESSAGE][PASSED] - Object: 'Object Repository/vrach/Page_/Page_/go' is clicked on

2022-04-05 10:23:25 - [MESSAGE][PASSED] - Call Test Case 'Test Cases/Доктор/Авторизация врач' successfully

2022-04-05 10:23:25 - [TEST_STEP][PASSED] - click(findTestObject("Object Repository/Avangard New/Object (Доктор)/Case (Питание)/span_pitanie")): Object: 'Object Repository/Avangard New/Object (Доктор)/Case (Питание)/span_pitanie' is clicked on

2022-04-05 10:23:34 - [MESSAGE][PASSED] - Object: 'Object Repository/Avangard New/Object (Доктор)/Case (Питание)/span_pitanie' is clicked on

2022-04-05 10:23:34 - [TEST_STEP][PASSED] - click(findTestObject("Object Repository/Avangard New/Object (Доктор)/Case (Питание)/place_choose school")): Object: 'Object Repository/Avangard New/Object (Доктор)/Case (Питание)/place_choose school' is clicked on

2022-04-05 10:23:37 - [MESSAGE][PASSED] - Object: 'Object Repository/Avangard New/Object (Доктор)/Case (Питание)/place_choose school' is clicked on

2022-04-05 10:23:37 - [TEST_STEP][PASSED] - click(findTestObject("Object Repository/Avangard New/Object (Доктор)/Case (Питание)/div_Avangard")): Object: 'Object Repository/Avangard New/Object (Доктор)/Case (Питание)/div_Avangard' is clicked on

2022-04-05 10:23:39 - [MESSAGE][PASSED] - Object: 'Object Repository/Avangard New/Object (Доктор)/Case (Питание)/div_Avangard' is clicked on

2022-04-05 10:23:39 - [TEST_STEP][PASSED] - click(findTestObject("Object Repository/Avangard New/Object (Доктор)/Case (Питание)/place choose team")): Object: 'Object Repository/Avangard New/Object (Доктор)/Case (Питание)/place choose team' is clicked on

2022-04-05 10:23:41 - [MESSAGE][PASSED] - Object: 'Object Repository/Avangard New/Object (Доктор)/Case (Питание)/place choose team' is clicked on

2022-04-05 10:23:41 - [TEST_STEP][PASSED] - click(findTestObject("Object Repository/Avangard New/Object (Доктор)/Case (Питание)/div_omsk")): Object: 'Object Repository/Avangard New/Object (Доктор)/Case (Питание)/div_omsk' is clicked on

2022-04-05 10:23:43 - [MESSAGE][PASSED] - Object: 'Object Repository/Avangard New/Object (Доктор)/Case (Питание)/div_omsk' is clicked on

2022-04-05 10:23:43 - [TEST_STEP][PASSED] - click(findTestObject("Object Repository/Avangard New/Object (Доктор)/Case (Питание)/button_edit")): Object: 'Object Repository/Avangard New/Object (Доктор)/Case (Питание)/button_edit' is clicked on

2022-04-05 10:23:45 - [MESSAGE][PASSED] - Object: 'Object Repository/Avangard New/Object (Доктор)/Case (Питание)/button_edit' is clicked on

2022-04-05 10:23:45 - [TEST_STEP][FAILED] - click(findTestObject("Object Repository/Avangard New/Object (Доктор)/Case (Питание)/span_add")): Unable to click on object 'Object Repository/Avangard New/Object (Доктор)/Case (Питание)/span_add' (Root cause: com.kms.katalon.core.exception.StepFailedException: Unable to click on object 'Object Repository/Avangard New/Object (Доктор)/Case (Питание)/span_add'
	at com.kms.katalon.core.webui.keyword.internal.WebUIKeywordMain.stepFailed(WebUIKeywordMain.groovy:64)
	at com.kms.katalon.core.webui.keyword.internal.WebUIKeywordMain.runKeyword(WebUIKeywordMain.groovy:26)
	at com.kms.katalon.core.webui.keyword.builtin.ClickKeyword.click(ClickKeyword.groovy:74)
	at com.kms.katalon.core.webui.keyword.builtin.ClickKeyword.execute(ClickKeyword.groovy:40)
	at com.kms.katalon.core.keyword.internal.KeywordExecutor.executeKeywordForPlatform(KeywordExecutor.groovy:74)
	at com.kms.katalon.core.webui.keyword.WebUiBuiltInKeywords.click(WebUiBuiltInKeywords.groovy:620)
	at com.kms.katalon.core.webui.keyword.WebUiBuiltInKeywords$click$4.call(Unknown Source)
	at дописать проверку на игрока Проверка вкладки Питание.run(дописать проверку на игрока Проверка вкладки Питание:41)
	at com.kms.katalon.core.main.ScriptEngine.run(ScriptEngine.java:194)
	at com.kms.katalon.core.main.ScriptEngine.runScriptAsRawText(ScriptEngine.java:119)
	at com.kms.katalon.core.main.TestCaseExecutor.runScript(TestCaseExecutor.java:442)
	at com.kms.katalon.core.main.TestCaseExecutor.doExecute(TestCaseExecutor.java:433)
	at com.kms.katalon.core.main.TestCaseExecutor.processExecutionPhase(TestCaseExecutor.java:412)
	at com.kms.katalon.core.main.TestCaseExecutor.accessMainPhase(TestCaseExecutor.java:404)
	at com.kms.katalon.core.main.TestCaseExecutor.execute(TestCaseExecutor.java:281)
	at com.kms.katalon.core.main.TestSuiteExecutor.accessTestCaseMainPhase(TestSuiteExecutor.java:202)
	at com.kms.katalon.core.main.TestSuiteExecutor.accessTestSuiteMainPhase(TestSuiteExecutor.java:164)
	at com.kms.katalon.core.main.TestSuiteExecutor.execute(TestSuiteExecutor.java:105)
	at com.kms.katalon.core.main.TestCaseMain.startTestSuite(TestCaseMain.java:185)
	at com.kms.katalon.core.main.TestCaseMain$startTestSuite$0.call(Unknown Source)
	at TempTestSuite1649143150775.run(TempTestSuite1649143150775.groovy:36)
Caused by: com.kms.katalon.core.webui.exception.WebElementNotFoundException: Web element with id: 'Object Repository/Avangard New/Object (Доктор)/Case (Питание)/span_add' located by '/html/body/div/div[1]/div/div[2]/div/div[3]/div/div[1]/div/div/div/div/table/tbody/tr[4]/td[6]/span' not found
	at com.kms.katalon.core.webui.common.WebUiCommonHelper.findWebElement(WebUiCommonHelper.java:1370)
	at com.kms.katalon.core.webui.keyword.internal.WebUIAbstractKeyword.findWebElement(WebUIAbstractKeyword.groovy:27)
	at com.kms.katalon.core.webui.keyword.builtin.ClickKeyword$_click_closure1.doCall(ClickKeyword.groovy:65)
	at com.kms.katalon.core.webui.keyword.builtin.ClickKeyword$_click_closure1.call(ClickKeyword.groovy)
	at com.kms.katalon.core.webui.keyword.internal.WebUIKeywordMain.runKeyword(WebUIKeywordMain.groovy:20)
	at com.kms.katalon.core.webui.keyword.builtin.ClickKeyword.click(ClickKeyword.groovy:74)
	at com.kms.katalon.core.webui.keyword.builtin.ClickKeyword.execute(ClickKeyword.groovy:40)
	at com.kms.katalon.core.keyword.internal.KeywordExecutor.executeKeywordForPlatform(KeywordExecutor.groovy:74)
	at com.kms.katalon.core.webui.keyword.WebUiBuiltInKeywords.click(WebUiBuiltInKeywords.groovy:620)
	at com.kms.katalon.core.webui.keyword.WebUiBuiltInKeywords$click$4.call(Unknown Source)
	at Script1645638970189.run(Script1645638970189.groovy:41)
	... 13 more
)

2022-04-05 10:24:17 - [MESSAGE][INFO] - Unable to find the element located by 'By.xpath: /html/body/div/div[1]/div/div[2]/div/div[3]/div/div[1]/div/div/div/div/table/tbody/tr[4]/td[6]/span'. Please recheck the objects properties to make sure the desired element is located. 

2022-04-05 10:24:17 - [MESSAGE][WARNING] - [SELF-HEALING] Failed to find element with id 'Object Repository/Avangard New/Object (Доктор)/Case (Питание)/span_add'. Try using Self-healing.

2022-04-05 10:24:18 - [MESSAGE][INFO] - [SELF-HEALING] Failed Locator: '//table[@id='BMIEditForm']/tbody/tr[4]/td[2]/span'.

2022-04-05 10:24:19 - [MESSAGE][INFO] - [SELF-HEALING] Failed Locator: '(.//*[normalize-space(text()) and normalize-space(.)='Добавить рацион'])[3]/following::span[1]'.

2022-04-05 10:24:21 - [MESSAGE][INFO] - [SELF-HEALING] Failed Locator: '(.//*[normalize-space(text()) and normalize-space(.)='Добавить рацион'])[2]/following::span[2]'.

2022-04-05 10:24:22 - [MESSAGE][INFO] - [SELF-HEALING] Failed Locator: '(.//*[normalize-space(text()) and normalize-space(.)='Добавить рацион'])[5]/preceding::span[1]'.

2022-04-05 10:24:23 - [MESSAGE][INFO] - [SELF-HEALING] Failed Locator: '(.//*[normalize-space(text()) and normalize-space(.)='Добавить рацион'])[6]/preceding::span[2]'.

2022-04-05 10:24:24 - [MESSAGE][INFO] - [SELF-HEALING] Failed Locator: '//tr[4]/td[2]/span'.

2022-04-05 10:24:26 - [MESSAGE][INFO] - [SELF-HEALING] Failed Locator: '//span[(text() = 'Добавить рацион' or . = 'Добавить рацион')]'.

2022-04-05 10:24:27 - [MESSAGE][INFO] - Unable to find the element located by 'By.xpath: //*[(text() = 'Добавить рацион' or . = 'Добавить рацион')]'. Please recheck the objects properties to make sure the desired element is located. 

2022-04-05 10:24:29 - [MESSAGE][INFO] - Unable to find the element located by 'By.cssSelector: '. Please recheck the objects properties to make sure the desired element is located. 

2022-04-05 10:24:29 - [MESSAGE][FAILED] - Unable to click on object 'Object Repository/Avangard New/Object (Доктор)/Case (Питание)/span_add' (Root cause: com.kms.katalon.core.exception.StepFailedException: Unable to click on object 'Object Repository/Avangard New/Object (Доктор)/Case (Питание)/span_add'
	at com.kms.katalon.core.webui.keyword.internal.WebUIKeywordMain.stepFailed(WebUIKeywordMain.groovy:64)
	at com.kms.katalon.core.webui.keyword.internal.WebUIKeywordMain.runKeyword(WebUIKeywordMain.groovy:26)
	at com.kms.katalon.core.webui.keyword.builtin.ClickKeyword.click(ClickKeyword.groovy:74)
	at com.kms.katalon.core.webui.keyword.builtin.ClickKeyword.execute(ClickKeyword.groovy:40)
	at com.kms.katalon.core.keyword.internal.KeywordExecutor.executeKeywordForPlatform(KeywordExecutor.groovy:74)
	at com.kms.katalon.core.webui.keyword.WebUiBuiltInKeywords.click(WebUiBuiltInKeywords.groovy:620)
	at com.kms.katalon.core.webui.keyword.WebUiBuiltInKeywords$click$4.call(Unknown Source)
	at дописать проверку на игрока Проверка вкладки Питание.run(дописать проверку на игрока Проверка вкладки Питание:41)
	at com.kms.katalon.core.main.ScriptEngine.run(ScriptEngine.java:194)
	at com.kms.katalon.core.main.ScriptEngine.runScriptAsRawText(ScriptEngine.java:119)
	at com.kms.katalon.core.main.TestCaseExecutor.runScript(TestCaseExecutor.java:442)
	at com.kms.katalon.core.main.TestCaseExecutor.doExecute(TestCaseExecutor.java:433)
	at com.kms.katalon.core.main.TestCaseExecutor.processExecutionPhase(TestCaseExecutor.java:412)
	at com.kms.katalon.core.main.TestCaseExecutor.accessMainPhase(TestCaseExecutor.java:404)
	at com.kms.katalon.core.main.TestCaseExecutor.execute(TestCaseExecutor.java:281)
	at com.kms.katalon.core.main.TestSuiteExecutor.accessTestCaseMainPhase(TestSuiteExecutor.java:202)
	at com.kms.katalon.core.main.TestSuiteExecutor.accessTestSuiteMainPhase(TestSuiteExecutor.java:164)
	at com.kms.katalon.core.main.TestSuiteExecutor.execute(TestSuiteExecutor.java:105)
	at com.kms.katalon.core.main.TestCaseMain.startTestSuite(TestCaseMain.java:185)
	at com.kms.katalon.core.main.TestCaseMain$startTestSuite$0.call(Unknown Source)
	at TempTestSuite1649143150775.run(TempTestSuite1649143150775.groovy:36)
Caused by: com.kms.katalon.core.webui.exception.WebElementNotFoundException: Web element with id: 'Object Repository/Avangard New/Object (Доктор)/Case (Питание)/span_add' located by '/html/body/div/div[1]/div/div[2]/div/div[3]/div/div[1]/div/div/div/div/table/tbody/tr[4]/td[6]/span' not found
	at com.kms.katalon.core.webui.common.WebUiCommonHelper.findWebElement(WebUiCommonHelper.java:1370)
	at com.kms.katalon.core.webui.keyword.internal.WebUIAbstractKeyword.findWebElement(WebUIAbstractKeyword.groovy:27)
	at com.kms.katalon.core.webui.keyword.builtin.ClickKeyword$_click_closure1.doCall(ClickKeyword.groovy:65)
	at com.kms.katalon.core.webui.keyword.builtin.ClickKeyword$_click_closure1.call(ClickKeyword.groovy)
	at com.kms.katalon.core.webui.keyword.internal.WebUIKeywordMain.runKeyword(WebUIKeywordMain.groovy:20)
	at com.kms.katalon.core.webui.keyword.builtin.ClickKeyword.click(ClickKeyword.groovy:74)
	at com.kms.katalon.core.webui.keyword.builtin.ClickKeyword.execute(ClickKeyword.groovy:40)
	at com.kms.katalon.core.keyword.internal.KeywordExecutor.executeKeywordForPlatform(KeywordExecutor.groovy:74)
	at com.kms.katalon.core.webui.keyword.WebUiBuiltInKeywords.click(WebUiBuiltInKeywords.groovy:620)
	at com.kms.katalon.core.webui.keyword.WebUiBuiltInKeywords$click$4.call(Unknown Source)
	at Script1645638970189.run(Script1645638970189.groovy:41)
	... 13 more
)
[[ATTACHMENT|C:\\Users\\LENOVO\\Katalon Studio\\Avangard\\Reports\\20220405_101904\\\u0414\u043E\u043A\u0442\u043E\u0440\\20220405_101910\\1649143469088.png]]]]></system-out>
         <system-err><![CDATA[2022-04-05 10:19:35 - [TEST_CASE][FAILED] - Test Cases/Доктор/дописать проверку на игрока Проверка вкладки Питание: Test Cases/Доктор/дописать проверку на игрока Проверка вкладки Питание FAILED.
Reason:
com.kms.katalon.core.exception.StepFailedException: Unable to click on object 'Object Repository/Avangard New/Object (Доктор)/Case (Питание)/span_add'
	at com.kms.katalon.core.webui.keyword.internal.WebUIKeywordMain.stepFailed(WebUIKeywordMain.groovy:64)
	at com.kms.katalon.core.webui.keyword.internal.WebUIKeywordMain.runKeyword(WebUIKeywordMain.groovy:26)
	at com.kms.katalon.core.webui.keyword.builtin.ClickKeyword.click(ClickKeyword.groovy:74)
	at com.kms.katalon.core.webui.keyword.builtin.ClickKeyword.execute(ClickKeyword.groovy:40)
	at com.kms.katalon.core.keyword.internal.KeywordExecutor.executeKeywordForPlatform(KeywordExecutor.groovy:74)
	at com.kms.katalon.core.webui.keyword.WebUiBuiltInKeywords.click(WebUiBuiltInKeywords.groovy:620)
	at com.kms.katalon.core.webui.keyword.WebUiBuiltInKeywords$click$4.call(Unknown Source)
	at дописать проверку на игрока Проверка вкладки Питание.run(дописать проверку на игрока Проверка вкладки Питание:41)
	at com.kms.katalon.core.main.ScriptEngine.run(ScriptEngine.java:194)
	at com.kms.katalon.core.main.ScriptEngine.runScriptAsRawText(ScriptEngine.java:119)
	at com.kms.katalon.core.main.TestCaseExecutor.runScript(TestCaseExecutor.java:442)
	at com.kms.katalon.core.main.TestCaseExecutor.doExecute(TestCaseExecutor.java:433)
	at com.kms.katalon.core.main.TestCaseExecutor.processExecutionPhase(TestCaseExecutor.java:412)
	at com.kms.katalon.core.main.TestCaseExecutor.accessMainPhase(TestCaseExecutor.java:404)
	at com.kms.katalon.core.main.TestCaseExecutor.execute(TestCaseExecutor.java:281)
	at com.kms.katalon.core.main.TestSuiteExecutor.accessTestCaseMainPhase(TestSuiteExecutor.java:202)
	at com.kms.katalon.core.main.TestSuiteExecutor.accessTestSuiteMainPhase(TestSuiteExecutor.java:164)
	at com.kms.katalon.core.main.TestSuiteExecutor.execute(TestSuiteExecutor.java:105)
	at com.kms.katalon.core.main.TestCaseMain.startTestSuite(TestCaseMain.java:185)
	at com.kms.katalon.core.main.TestCaseMain$startTestSuite$0.call(Unknown Source)
	at TempTestSuite1649143150775.run(TempTestSuite1649143150775.groovy:36)
Caused by: com.kms.katalon.core.webui.exception.WebElementNotFoundException: Web element with id: 'Object Repository/Avangard New/Object (Доктор)/Case (Питание)/span_add' located by '/html/body/div/div[1]/div/div[2]/div/div[3]/div/div[1]/div/div/div/div/table/tbody/tr[4]/td[6]/span' not found
	at com.kms.katalon.core.webui.common.WebUiCommonHelper.findWebElement(WebUiCommonHelper.java:1370)
	at com.kms.katalon.core.webui.keyword.internal.WebUIAbstractKeyword.findWebElement(WebUIAbstractKeyword.groovy:27)
	at com.kms.katalon.core.webui.keyword.builtin.ClickKeyword$_click_closure1.doCall(ClickKeyword.groovy:65)
	at com.kms.katalon.core.webui.keyword.builtin.ClickKeyword$_click_closure1.call(ClickKeyword.groovy)
	at com.kms.katalon.core.webui.keyword.internal.WebUIKeywordMain.runKeyword(WebUIKeywordMain.groovy:20)
	... 19 more]]></system-err>
      </testcase>
      <testcase name="Test Cases/Доктор/Просмотр профиля" time="311.428" classname="Test Cases/Доктор/Просмотр профиля" status="PASSED">
         <system-out><![CDATA[2022-04-05 10:24:32 - [TEST_CASE][PASSED] - Test Cases/Доктор/Просмотр профиля: Test Cases/Доктор/Просмотр профиля

2022-04-05 10:24:32 - [TEST_STEP][PASSED] - callTestCase(findTestCase("Доктор/Авторизация врач"), [:], STOP_ON_FAILURE): Call Test Case 'Test Cases/Доктор/Авторизация врач' successfully

2022-04-05 10:24:32 - [TEST_CASE][PASSED] - Test Cases/Доктор/Авторизация врач: Test Cases/Доктор/Авторизация врач

2022-04-05 10:24:32 - [TEST_STEP][PASSED] - openBrowser(""): Browser is opened with url: ''

2022-04-05 10:24:32 - [MESSAGE][WARNING] - A browser is already opened. Closing browser and opening a new one

2022-04-05 10:24:33 - [MESSAGE][INFO] - User set preference: ['os', 'linux']

2022-04-05 10:24:33 - [MESSAGE][INFO] - User set preference: ['browserName', 'chrome']

2022-04-05 10:24:33 - [MESSAGE][INFO] - User set preference: ['browserVersion', '97']

2022-04-05 10:24:33 - [MESSAGE][INFO] - User set preference: ['katalon:option', '{organizationId=632442, tunnelId=, usingTunnel=false}']

2022-04-05 10:24:33 - [MESSAGE][INFO] - Connecting to remote web server 'testcloud.katalon.com/hub' with type 'Selenium'

2022-04-05 10:24:33 - [MESSAGE][INFO] - Action delay is set to 100 milliseconds

2022-04-05 10:29:09 - [MESSAGE][PASSED] - Browser is opened with url: ''

2022-04-05 10:29:09 - [TEST_STEP][PASSED] - maximizeWindow(): Current window maximized

2022-04-05 10:29:09 - [MESSAGE][PASSED] - Current window maximized

2022-04-05 10:29:09 - [TEST_STEP][PASSED] - navigateToUrl(url): Navigate to 'https://stars-stage.hawk.ru:8080' successfully

2022-04-05 10:29:15 - [MESSAGE][PASSED] - Navigate to 'https://stars-stage.hawk.ru:8080' successfully

2022-04-05 10:29:15 - [TEST_STEP][PASSED] - setText(findTestObject("Object Repository/vra/Page_/input__sc-lnrBVv eqPACj"), doktor_login): Text 'TestDoctor@mail.ru' is set on object 'Object Repository/vra/Page_/input__sc-lnrBVv eqPACj'

2022-04-05 10:29:20 - [MESSAGE][PASSED] - Text 'TestDoctor@mail.ru' is set on object 'Object Repository/vra/Page_/input__sc-lnrBVv eqPACj'

2022-04-05 10:29:20 - [TEST_STEP][PASSED] - setText(findTestObject("Object Repository/vra/Page_/input__sc-lnrBVv eqPACj_1"), doktor_password, STOP_ON_FAILURE): Text 'testdoctor@mail.ru' is set on object 'Object Repository/vra/Page_/input__sc-lnrBVv eqPACj_1'

2022-04-05 10:29:24 - [MESSAGE][PASSED] - Text 'testdoctor@mail.ru' is set on object 'Object Repository/vra/Page_/input__sc-lnrBVv eqPACj_1'

2022-04-05 10:29:24 - [TEST_STEP][PASSED] - click(findTestObject("Object Repository/vrach/Page_/Page_/go")): Object: 'Object Repository/vrach/Page_/Page_/go' is clicked on

2022-04-05 10:29:27 - [MESSAGE][PASSED] - Object: 'Object Repository/vrach/Page_/Page_/go' is clicked on

2022-04-05 10:29:27 - [MESSAGE][PASSED] - Call Test Case 'Test Cases/Доктор/Авторизация врач' successfully

2022-04-05 10:29:27 - [TEST_STEP][PASSED] - click(findTestObject("Object Repository/vrach/profile/Page_/span_TestDoctormail.ru")): Object: 'Object Repository/vrach/profile/Page_/span_TestDoctormail.ru' is clicked on

2022-04-05 10:29:36 - [MESSAGE][PASSED] - Object: 'Object Repository/vrach/profile/Page_/span_TestDoctormail.ru' is clicked on

2022-04-05 10:29:36 - [TEST_STEP][PASSED] - click(findTestObject("Object Repository/vrach/profile/Page_/save")): Object: 'Object Repository/vrach/profile/Page_/save' is clicked on

2022-04-05 10:29:38 - [MESSAGE][PASSED] - Object: 'Object Repository/vrach/profile/Page_/save' is clicked on

2022-04-05 10:29:38 - [TEST_STEP][PASSED] - verifyTextPresent("Пользователь сохранен", true): Text 'Пользователь сохранен' is present on page  using regular expression

2022-04-05 10:29:41 - [MESSAGE][PASSED] - Text 'Пользователь сохранен' is present on page  using regular expression

2022-04-05 10:29:41 - [TEST_STEP][PASSED] - click(findTestObject("Object Repository/vrach/profile/Page_/exit")): Object: 'Object Repository/vrach/profile/Page_/exit' is clicked on

2022-04-05 10:29:43 - [MESSAGE][PASSED] - Object: 'Object Repository/vrach/profile/Page_/exit' is clicked on

2022-04-05 10:29:43 - [TEST_STEP][PASSED] - closeBrowser(): Browser is closed

2022-04-05 10:29:43 - [MESSAGE][PASSED] - Browser is closed]]></system-out>
         <system-err><![CDATA[]]></system-err>
      </testcase>
      <testcase name="Test Cases/Доктор/Психотест (психолог)" time="425.175" classname="Test Cases/Доктор/Психотест (психолог)" status="FAILED">
         <failure type="FAILED" message="Test Cases/Доктор/Психотест (психолог) FAILED.
Reason:
com.kms.katalon.core.exception.StepFailedException: Unable to click on object 'Object Repository/vrach/psychotest/Page_/varplayer'
	at com.kms.katalon.core.webui.keyword.internal.WebUIKeywordMain.stepFailed(WebUIKeywordMain.groovy:64)
	at com.kms.katalon.core.webui.keyword.internal.WebUIKeywordMain.runKeyword(WebUIKeywordMain.groovy:26)
	at com.kms.katalon.core.webui.keyword.builtin.ClickKeyword.click(ClickKeyword.groovy:74)
	at com.kms.katalon.core.webui.keyword.builtin.ClickKeyword.execute(ClickKeyword.groovy:40)
	at com.kms.katalon.core.keyword.internal.KeywordExecutor.executeKeywordForPlatform(KeywordExecutor.groovy:74)
	at com.kms.katalon.core.webui.keyword.WebUiBuiltInKeywords.click(WebUiBuiltInKeywords.groovy:620)
	at com.kms.katalon.core.webui.keyword.WebUiBuiltInKeywords$click$4.call(Unknown Source)
	at Психотест (психолог).run(Психотест (психолог):47)
	at com.kms.katalon.core.main.ScriptEngine.run(ScriptEngine.java:194)
	at com.kms.katalon.core.main.ScriptEngine.runScriptAsRawText(ScriptEngine.java:119)
	at com.kms.katalon.core.main.TestCaseExecutor.runScript(TestCaseExecutor.java:442)
	at com.kms.katalon.core.main.TestCaseExecutor.doExecute(TestCaseExecutor.java:433)
	at com.kms.katalon.core.main.TestCaseExecutor.processExecutionPhase(TestCaseExecutor.java:412)
	at com.kms.katalon.core.main.TestCaseExecutor.accessMainPhase(TestCaseExecutor.java:404)
	at com.kms.katalon.core.main.TestCaseExecutor.execute(TestCaseExecutor.java:281)
	at com.kms.katalon.core.main.TestSuiteExecutor.accessTestCaseMainPhase(TestSuiteExecutor.java:202)
	at com.kms.katalon.core.main.TestSuiteExecutor.accessTestSuiteMainPhase(TestSuiteExecutor.java:164)
	at com.kms.katalon.core.main.TestSuiteExecutor.execute(TestSuiteExecutor.java:105)
	at com.kms.katalon.core.main.TestCaseMain.startTestSuite(TestCaseMain.java:185)
	at com.kms.katalon.core.main.TestCaseMain$startTestSuite$0.call(Unknown Source)
	at TempTestSuite1649143150775.run(TempTestSuite1649143150775.groovy:36)
Caused by: com.kms.katalon.core.webui.exception.WebElementNotFoundException: Web element with id: 'Object Repository/vrach/psychotest/Page_/varplayer' located by '//div[@id='react-select-4-option-3']' not found
	at com.kms.katalon.core.webui.common.WebUiCommonHelper.findWebElement(WebUiCommonHelper.java:1370)
	at com.kms.katalon.core.webui.keyword.internal.WebUIAbstractKeyword.findWebElement(WebUIAbstractKeyword.groovy:27)
	at com.kms.katalon.core.webui.keyword.builtin.ClickKeyword$_click_closure1.doCall(ClickKeyword.groovy:65)
	at com.kms.katalon.core.webui.keyword.builtin.ClickKeyword$_click_closure1.call(ClickKeyword.groovy)
	at com.kms.katalon.core.webui.keyword.internal.WebUIKeywordMain.runKeyword(WebUIKeywordMain.groovy:20)
	... 19 more
"/>
         <system-out><![CDATA[2022-04-05 10:29:43 - [TEST_CASE][FAILED] - Test Cases/Доктор/Психотест (психолог): Test Cases/Доктор/Психотест (психолог) FAILED.
Reason:
com.kms.katalon.core.exception.StepFailedException: Unable to click on object 'Object Repository/vrach/psychotest/Page_/varplayer'
	at com.kms.katalon.core.webui.keyword.internal.WebUIKeywordMain.stepFailed(WebUIKeywordMain.groovy:64)
	at com.kms.katalon.core.webui.keyword.internal.WebUIKeywordMain.runKeyword(WebUIKeywordMain.groovy:26)
	at com.kms.katalon.core.webui.keyword.builtin.ClickKeyword.click(ClickKeyword.groovy:74)
	at com.kms.katalon.core.webui.keyword.builtin.ClickKeyword.execute(ClickKeyword.groovy:40)
	at com.kms.katalon.core.keyword.internal.KeywordExecutor.executeKeywordForPlatform(KeywordExecutor.groovy:74)
	at com.kms.katalon.core.webui.keyword.WebUiBuiltInKeywords.click(WebUiBuiltInKeywords.groovy:620)
	at com.kms.katalon.core.webui.keyword.WebUiBuiltInKeywords$click$4.call(Unknown Source)
	at Психотест (психолог).run(Психотест (психолог):47)
	at com.kms.katalon.core.main.ScriptEngine.run(ScriptEngine.java:194)
	at com.kms.katalon.core.main.ScriptEngine.runScriptAsRawText(ScriptEngine.java:119)
	at com.kms.katalon.core.main.TestCaseExecutor.runScript(TestCaseExecutor.java:442)
	at com.kms.katalon.core.main.TestCaseExecutor.doExecute(TestCaseExecutor.java:433)
	at com.kms.katalon.core.main.TestCaseExecutor.processExecutionPhase(TestCaseExecutor.java:412)
	at com.kms.katalon.core.main.TestCaseExecutor.accessMainPhase(TestCaseExecutor.java:404)
	at com.kms.katalon.core.main.TestCaseExecutor.execute(TestCaseExecutor.java:281)
	at com.kms.katalon.core.main.TestSuiteExecutor.accessTestCaseMainPhase(TestSuiteExecutor.java:202)
	at com.kms.katalon.core.main.TestSuiteExecutor.accessTestSuiteMainPhase(TestSuiteExecutor.java:164)
	at com.kms.katalon.core.main.TestSuiteExecutor.execute(TestSuiteExecutor.java:105)
	at com.kms.katalon.core.main.TestCaseMain.startTestSuite(TestCaseMain.java:185)
	at com.kms.katalon.core.main.TestCaseMain$startTestSuite$0.call(Unknown Source)
	at TempTestSuite1649143150775.run(TempTestSuite1649143150775.groovy:36)
Caused by: com.kms.katalon.core.webui.exception.WebElementNotFoundException: Web element with id: 'Object Repository/vrach/psychotest/Page_/varplayer' located by '//div[@id='react-select-4-option-3']' not found
	at com.kms.katalon.core.webui.common.WebUiCommonHelper.findWebElement(WebUiCommonHelper.java:1370)
	at com.kms.katalon.core.webui.keyword.internal.WebUIAbstractKeyword.findWebElement(WebUIAbstractKeyword.groovy:27)
	at com.kms.katalon.core.webui.keyword.builtin.ClickKeyword$_click_closure1.doCall(ClickKeyword.groovy:65)
	at com.kms.katalon.core.webui.keyword.builtin.ClickKeyword$_click_closure1.call(ClickKeyword.groovy)
	at com.kms.katalon.core.webui.keyword.internal.WebUIKeywordMain.runKeyword(WebUIKeywordMain.groovy:20)
	... 19 more


2022-04-05 10:29:44 - [TEST_STEP][PASSED] - openBrowser(""): Browser is opened with url: ''

2022-04-05 10:29:44 - [MESSAGE][INFO] - User set preference: ['os', 'linux']

2022-04-05 10:29:44 - [MESSAGE][INFO] - User set preference: ['browserName', 'chrome']

2022-04-05 10:29:44 - [MESSAGE][INFO] - User set preference: ['browserVersion', '97']

2022-04-05 10:29:44 - [MESSAGE][INFO] - User set preference: ['katalon:option', '{organizationId=632442, tunnelId=, usingTunnel=false}']

2022-04-05 10:29:44 - [MESSAGE][INFO] - Connecting to remote web server 'testcloud.katalon.com/hub' with type 'Selenium'

2022-04-05 10:29:44 - [MESSAGE][INFO] - Action delay is set to 100 milliseconds

2022-04-05 10:34:10 - [MESSAGE][PASSED] - Browser is opened with url: ''

2022-04-05 10:34:10 - [TEST_STEP][PASSED] - maximizeWindow(): Current window maximized

2022-04-05 10:34:11 - [MESSAGE][PASSED] - Current window maximized

2022-04-05 10:34:11 - [TEST_STEP][PASSED] - navigateToUrl("https://stars-stage.hawk.ru:8080/"): Navigate to 'https://stars-stage.hawk.ru:8080/' successfully

2022-04-05 10:34:17 - [MESSAGE][PASSED] - Navigate to 'https://stars-stage.hawk.ru:8080/' successfully

2022-04-05 10:34:17 - [TEST_STEP][PASSED] - setText(findTestObject("Avangard New/Object (Психолог)/login (Логин Психолог)"), "psychotest@test.ru"): Text 'psychotest@test.ru' is set on object 'Object Repository/Avangard New/Object (Психолог)/login (Логин Психолог)'

2022-04-05 10:34:21 - [MESSAGE][PASSED] - Text 'psychotest@test.ru' is set on object 'Object Repository/Avangard New/Object (Психолог)/login (Логин Психолог)'

2022-04-05 10:34:21 - [TEST_STEP][PASSED] - setText(findTestObject("Avangard New/Object (Психолог)/password (Пароль Психолог)"), "psychotest@test.ru", STOP_ON_FAILURE): Text 'psychotest@test.ru' is set on object 'Object Repository/Avangard New/Object (Психолог)/password (Пароль Психолог)'

2022-04-05 10:34:25 - [MESSAGE][PASSED] - Text 'psychotest@test.ru' is set on object 'Object Repository/Avangard New/Object (Психолог)/password (Пароль Психолог)'

2022-04-05 10:34:25 - [TEST_STEP][PASSED] - click(findTestObject("Object Repository/vrach/psychotest/Page_/go")): Object: 'Object Repository/vrach/psychotest/Page_/go' is clicked on

2022-04-05 10:34:27 - [MESSAGE][PASSED] - Object: 'Object Repository/vrach/psychotest/Page_/go' is clicked on

2022-04-05 10:34:27 - [TEST_STEP][PASSED] - click(findTestObject("Object Repository/vrach/psychotest/Page_/psychotest")): Object: 'Object Repository/vrach/psychotest/Page_/psychotest' is clicked on

2022-04-05 10:34:41 - [MESSAGE][PASSED] - Object: 'Object Repository/vrach/psychotest/Page_/psychotest' is clicked on

2022-04-05 10:34:41 - [TEST_STEP][PASSED] - verifyTextPresent("Психологический профиль", false): Text 'Психологический профиль' is present on page 

2022-04-05 10:34:43 - [MESSAGE][PASSED] - Text 'Психологический профиль' is present on page 

2022-04-05 10:34:43 - [TEST_STEP][PASSED] - click(findTestObject("Object Repository/vrach/psychotest/Page_/school")): Object: 'Object Repository/vrach/psychotest/Page_/school' is clicked on

2022-04-05 10:34:45 - [MESSAGE][PASSED] - Object: 'Object Repository/vrach/psychotest/Page_/school' is clicked on

2022-04-05 10:34:45 - [TEST_STEP][PASSED] - click(findTestObject("Object Repository/vrach/psychotest/Page_/avanguard")): Object: 'Object Repository/vrach/psychotest/Page_/avanguard' is clicked on

2022-04-05 10:35:17 - [MESSAGE][INFO] - Unable to find the element located by 'By.xpath: //*/text()[normalize-space(.)='"Авангард" Академия']/parent::*'. Please recheck the objects properties to make sure the desired element is located. 

2022-04-05 10:35:17 - [MESSAGE][WARNING] - [SELF-HEALING] Failed to find element with id 'Object Repository/vrach/psychotest/Page_/avanguard'. Try using Self-healing.

2022-04-05 10:35:19 - [MESSAGE][WARNING] - [SELF-HEALING] The current locator of test object 'Object Repository/vrach/psychotest/Page_/avanguard' was broken. Propose an alternative one: '//div[@id='root']/div/div/div[2]/div/div[2]/div/div/div/div/div[2]/div/div'.

2022-04-05 10:35:19 - [MESSAGE][PASSED] - Object: 'Object Repository/vrach/psychotest/Page_/avanguard' is clicked on

2022-04-05 10:35:19 - [TEST_STEP][PASSED] - click(findTestObject("Object Repository/vrach/psychotest/Page_/team")): Object: 'Object Repository/vrach/psychotest/Page_/team' is clicked on

2022-04-05 10:35:22 - [MESSAGE][PASSED] - Object: 'Object Repository/vrach/psychotest/Page_/team' is clicked on

2022-04-05 10:35:22 - [TEST_STEP][PASSED] - click(findTestObject("Object Repository/vrach/psychotest/Page_/varteam")): Object: 'Object Repository/vrach/psychotest/Page_/varteam' is clicked on

2022-04-05 10:35:54 - [MESSAGE][INFO] - Unable to find the element located by 'By.xpath: //div[@id='react-select-3-option-0']'. Please recheck the objects properties to make sure the desired element is located. 

2022-04-05 10:35:54 - [MESSAGE][WARNING] - [SELF-HEALING] Failed to find element with id 'Object Repository/vrach/psychotest/Page_/varteam'. Try using Self-healing.

2022-04-05 10:35:56 - [MESSAGE][WARNING] - [SELF-HEALING] The current locator of test object 'Object Repository/vrach/psychotest/Page_/varteam' was broken. Propose an alternative one: '//div[@id='root']/div/div/div[2]/div/div[2]/div/div[2]/div/div/div[2]/div/div'.

2022-04-05 10:35:56 - [MESSAGE][PASSED] - Object: 'Object Repository/vrach/psychotest/Page_/varteam' is clicked on

2022-04-05 10:35:56 - [TEST_STEP][PASSED] - click(findTestObject("Object Repository/vrach/psychotest/Page_/player")): Object: 'Object Repository/vrach/psychotest/Page_/player' is clicked on

2022-04-05 10:35:58 - [MESSAGE][PASSED] - Object: 'Object Repository/vrach/psychotest/Page_/player' is clicked on

2022-04-05 10:35:58 - [TEST_STEP][FAILED] - click(findTestObject("Object Repository/vrach/psychotest/Page_/varplayer")): Unable to click on object 'Object Repository/vrach/psychotest/Page_/varplayer' (Root cause: com.kms.katalon.core.exception.StepFailedException: Unable to click on object 'Object Repository/vrach/psychotest/Page_/varplayer'
	at com.kms.katalon.core.webui.keyword.internal.WebUIKeywordMain.stepFailed(WebUIKeywordMain.groovy:64)
	at com.kms.katalon.core.webui.keyword.internal.WebUIKeywordMain.runKeyword(WebUIKeywordMain.groovy:26)
	at com.kms.katalon.core.webui.keyword.builtin.ClickKeyword.click(ClickKeyword.groovy:74)
	at com.kms.katalon.core.webui.keyword.builtin.ClickKeyword.execute(ClickKeyword.groovy:40)
	at com.kms.katalon.core.keyword.internal.KeywordExecutor.executeKeywordForPlatform(KeywordExecutor.groovy:74)
	at com.kms.katalon.core.webui.keyword.WebUiBuiltInKeywords.click(WebUiBuiltInKeywords.groovy:620)
	at com.kms.katalon.core.webui.keyword.WebUiBuiltInKeywords$click$4.call(Unknown Source)
	at Психотест (психолог).run(Психотест (психолог):47)
	at com.kms.katalon.core.main.ScriptEngine.run(ScriptEngine.java:194)
	at com.kms.katalon.core.main.ScriptEngine.runScriptAsRawText(ScriptEngine.java:119)
	at com.kms.katalon.core.main.TestCaseExecutor.runScript(TestCaseExecutor.java:442)
	at com.kms.katalon.core.main.TestCaseExecutor.doExecute(TestCaseExecutor.java:433)
	at com.kms.katalon.core.main.TestCaseExecutor.processExecutionPhase(TestCaseExecutor.java:412)
	at com.kms.katalon.core.main.TestCaseExecutor.accessMainPhase(TestCaseExecutor.java:404)
	at com.kms.katalon.core.main.TestCaseExecutor.execute(TestCaseExecutor.java:281)
	at com.kms.katalon.core.main.TestSuiteExecutor.accessTestCaseMainPhase(TestSuiteExecutor.java:202)
	at com.kms.katalon.core.main.TestSuiteExecutor.accessTestSuiteMainPhase(TestSuiteExecutor.java:164)
	at com.kms.katalon.core.main.TestSuiteExecutor.execute(TestSuiteExecutor.java:105)
	at com.kms.katalon.core.main.TestCaseMain.startTestSuite(TestCaseMain.java:185)
	at com.kms.katalon.core.main.TestCaseMain$startTestSuite$0.call(Unknown Source)
	at TempTestSuite1649143150775.run(TempTestSuite1649143150775.groovy:36)
Caused by: com.kms.katalon.core.webui.exception.WebElementNotFoundException: Web element with id: 'Object Repository/vrach/psychotest/Page_/varplayer' located by '//div[@id='react-select-4-option-3']' not found
	at com.kms.katalon.core.webui.common.WebUiCommonHelper.findWebElement(WebUiCommonHelper.java:1370)
	at com.kms.katalon.core.webui.keyword.internal.WebUIAbstractKeyword.findWebElement(WebUIAbstractKeyword.groovy:27)
	at com.kms.katalon.core.webui.keyword.builtin.ClickKeyword$_click_closure1.doCall(ClickKeyword.groovy:65)
	at com.kms.katalon.core.webui.keyword.builtin.ClickKeyword$_click_closure1.call(ClickKeyword.groovy)
	at com.kms.katalon.core.webui.keyword.internal.WebUIKeywordMain.runKeyword(WebUIKeywordMain.groovy:20)
	at com.kms.katalon.core.webui.keyword.builtin.ClickKeyword.click(ClickKeyword.groovy:74)
	at com.kms.katalon.core.webui.keyword.builtin.ClickKeyword.execute(ClickKeyword.groovy:40)
	at com.kms.katalon.core.keyword.internal.KeywordExecutor.executeKeywordForPlatform(KeywordExecutor.groovy:74)
	at com.kms.katalon.core.webui.keyword.WebUiBuiltInKeywords.click(WebUiBuiltInKeywords.groovy:620)
	at com.kms.katalon.core.webui.keyword.WebUiBuiltInKeywords$click$4.call(Unknown Source)
	at Script1645090011559.run(Script1645090011559.groovy:47)
	... 13 more
)

2022-04-05 10:36:30 - [MESSAGE][INFO] - Unable to find the element located by 'By.xpath: //div[@id='react-select-4-option-3']'. Please recheck the objects properties to make sure the desired element is located. 

2022-04-05 10:36:30 - [MESSAGE][WARNING] - [SELF-HEALING] Failed to find element with id 'Object Repository/vrach/psychotest/Page_/varplayer'. Try using Self-healing.

2022-04-05 10:36:32 - [MESSAGE][INFO] - [SELF-HEALING] Failed Locator: '//div[@id='react-select-4-option-3']'.

2022-04-05 10:36:33 - [MESSAGE][INFO] - [SELF-HEALING] Failed Locator: '//div[@id='root']/div/div/div[2]/div/div[2]/div/div[3]/div/div/div[2]/div/div[4]'.

2022-04-05 10:36:34 - [MESSAGE][INFO] - [SELF-HEALING] Failed Locator: '(.//*[normalize-space(text()) and normalize-space(.)='Булавчук Оскар'])[1]/following::div[1]'.

2022-04-05 10:36:36 - [MESSAGE][INFO] - [SELF-HEALING] Failed Locator: '(.//*[normalize-space(text()) and normalize-space(.)='Бережной Станислав'])[1]/following::div[2]'.

2022-04-05 10:36:37 - [MESSAGE][INFO] - [SELF-HEALING] Failed Locator: '(.//*[normalize-space(text()) and normalize-space(.)='Гуляев Михаил'])[1]/preceding::div[1]'.

2022-04-05 10:36:38 - [MESSAGE][INFO] - [SELF-HEALING] Failed Locator: '(.//*[normalize-space(text()) and normalize-space(.)='Демидов Игорь'])[1]/preceding::div[2]'.

2022-04-05 10:36:39 - [MESSAGE][INFO] - [SELF-HEALING] Failed Locator: '//*/text()[normalize-space(.)='Ганин Данила']/parent::*'.

2022-04-05 10:36:41 - [MESSAGE][INFO] - [SELF-HEALING] Failed Locator: '//div[4]'.

2022-04-05 10:36:42 - [MESSAGE][INFO] - [SELF-HEALING] Failed Locator: '//div[@id = 'react-select-4-option-3' and (text() = 'Ганин Данила' or . = 'Ганин Данила')]'.

2022-04-05 10:36:43 - [MESSAGE][INFO] - Unable to find the element located by 'By.xpath: //*[@id = 'react-select-4-option-3' and (text() = 'Ганин Данила' or . = 'Ганин Данила')]'. Please recheck the objects properties to make sure the desired element is located. 

2022-04-05 10:36:45 - [MESSAGE][INFO] - Unable to find the element located by 'By.cssSelector: #react-select-4-option-3'. Please recheck the objects properties to make sure the desired element is located. 

2022-04-05 10:36:46 - [MESSAGE][FAILED] - Unable to click on object 'Object Repository/vrach/psychotest/Page_/varplayer' (Root cause: com.kms.katalon.core.exception.StepFailedException: Unable to click on object 'Object Repository/vrach/psychotest/Page_/varplayer'
	at com.kms.katalon.core.webui.keyword.internal.WebUIKeywordMain.stepFailed(WebUIKeywordMain.groovy:64)
	at com.kms.katalon.core.webui.keyword.internal.WebUIKeywordMain.runKeyword(WebUIKeywordMain.groovy:26)
	at com.kms.katalon.core.webui.keyword.builtin.ClickKeyword.click(ClickKeyword.groovy:74)
	at com.kms.katalon.core.webui.keyword.builtin.ClickKeyword.execute(ClickKeyword.groovy:40)
	at com.kms.katalon.core.keyword.internal.KeywordExecutor.executeKeywordForPlatform(KeywordExecutor.groovy:74)
	at com.kms.katalon.core.webui.keyword.WebUiBuiltInKeywords.click(WebUiBuiltInKeywords.groovy:620)
	at com.kms.katalon.core.webui.keyword.WebUiBuiltInKeywords$click$4.call(Unknown Source)
	at Психотест (психолог).run(Психотест (психолог):47)
	at com.kms.katalon.core.main.ScriptEngine.run(ScriptEngine.java:194)
	at com.kms.katalon.core.main.ScriptEngine.runScriptAsRawText(ScriptEngine.java:119)
	at com.kms.katalon.core.main.TestCaseExecutor.runScript(TestCaseExecutor.java:442)
	at com.kms.katalon.core.main.TestCaseExecutor.doExecute(TestCaseExecutor.java:433)
	at com.kms.katalon.core.main.TestCaseExecutor.processExecutionPhase(TestCaseExecutor.java:412)
	at com.kms.katalon.core.main.TestCaseExecutor.accessMainPhase(TestCaseExecutor.java:404)
	at com.kms.katalon.core.main.TestCaseExecutor.execute(TestCaseExecutor.java:281)
	at com.kms.katalon.core.main.TestSuiteExecutor.accessTestCaseMainPhase(TestSuiteExecutor.java:202)
	at com.kms.katalon.core.main.TestSuiteExecutor.accessTestSuiteMainPhase(TestSuiteExecutor.java:164)
	at com.kms.katalon.core.main.TestSuiteExecutor.execute(TestSuiteExecutor.java:105)
	at com.kms.katalon.core.main.TestCaseMain.startTestSuite(TestCaseMain.java:185)
	at com.kms.katalon.core.main.TestCaseMain$startTestSuite$0.call(Unknown Source)
	at TempTestSuite1649143150775.run(TempTestSuite1649143150775.groovy:36)
Caused by: com.kms.katalon.core.webui.exception.WebElementNotFoundException: Web element with id: 'Object Repository/vrach/psychotest/Page_/varplayer' located by '//div[@id='react-select-4-option-3']' not found
	at com.kms.katalon.core.webui.common.WebUiCommonHelper.findWebElement(WebUiCommonHelper.java:1370)
	at com.kms.katalon.core.webui.keyword.internal.WebUIAbstractKeyword.findWebElement(WebUIAbstractKeyword.groovy:27)
	at com.kms.katalon.core.webui.keyword.builtin.ClickKeyword$_click_closure1.doCall(ClickKeyword.groovy:65)
	at com.kms.katalon.core.webui.keyword.builtin.ClickKeyword$_click_closure1.call(ClickKeyword.groovy)
	at com.kms.katalon.core.webui.keyword.internal.WebUIKeywordMain.runKeyword(WebUIKeywordMain.groovy:20)
	at com.kms.katalon.core.webui.keyword.builtin.ClickKeyword.click(ClickKeyword.groovy:74)
	at com.kms.katalon.core.webui.keyword.builtin.ClickKeyword.execute(ClickKeyword.groovy:40)
	at com.kms.katalon.core.keyword.internal.KeywordExecutor.executeKeywordForPlatform(KeywordExecutor.groovy:74)
	at com.kms.katalon.core.webui.keyword.WebUiBuiltInKeywords.click(WebUiBuiltInKeywords.groovy:620)
	at com.kms.katalon.core.webui.keyword.WebUiBuiltInKeywords$click$4.call(Unknown Source)
	at Script1645090011559.run(Script1645090011559.groovy:47)
	... 13 more
)
[[ATTACHMENT|C:\\Users\\LENOVO\\Katalon Studio\\Avangard\\Reports\\20220405_101904\\\u0414\u043E\u043A\u0442\u043E\u0440\\20220405_101910\\1649144205310.png]]]]></system-out>
         <system-err><![CDATA[2022-04-05 10:29:43 - [TEST_CASE][FAILED] - Test Cases/Доктор/Психотест (психолог): Test Cases/Доктор/Психотест (психолог) FAILED.
Reason:
com.kms.katalon.core.exception.StepFailedException: Unable to click on object 'Object Repository/vrach/psychotest/Page_/varplayer'
	at com.kms.katalon.core.webui.keyword.internal.WebUIKeywordMain.stepFailed(WebUIKeywordMain.groovy:64)
	at com.kms.katalon.core.webui.keyword.internal.WebUIKeywordMain.runKeyword(WebUIKeywordMain.groovy:26)
	at com.kms.katalon.core.webui.keyword.builtin.ClickKeyword.click(ClickKeyword.groovy:74)
	at com.kms.katalon.core.webui.keyword.builtin.ClickKeyword.execute(ClickKeyword.groovy:40)
	at com.kms.katalon.core.keyword.internal.KeywordExecutor.executeKeywordForPlatform(KeywordExecutor.groovy:74)
	at com.kms.katalon.core.webui.keyword.WebUiBuiltInKeywords.click(WebUiBuiltInKeywords.groovy:620)
	at com.kms.katalon.core.webui.keyword.WebUiBuiltInKeywords$click$4.call(Unknown Source)
	at Психотест (психолог).run(Психотест (психолог):47)
	at com.kms.katalon.core.main.ScriptEngine.run(ScriptEngine.java:194)
	at com.kms.katalon.core.main.ScriptEngine.runScriptAsRawText(ScriptEngine.java:119)
	at com.kms.katalon.core.main.TestCaseExecutor.runScript(TestCaseExecutor.java:442)
	at com.kms.katalon.core.main.TestCaseExecutor.doExecute(TestCaseExecutor.java:433)
	at com.kms.katalon.core.main.TestCaseExecutor.processExecutionPhase(TestCaseExecutor.java:412)
	at com.kms.katalon.core.main.TestCaseExecutor.accessMainPhase(TestCaseExecutor.java:404)
	at com.kms.katalon.core.main.TestCaseExecutor.execute(TestCaseExecutor.java:281)
	at com.kms.katalon.core.main.TestSuiteExecutor.accessTestCaseMainPhase(TestSuiteExecutor.java:202)
	at com.kms.katalon.core.main.TestSuiteExecutor.accessTestSuiteMainPhase(TestSuiteExecutor.java:164)
	at com.kms.katalon.core.main.TestSuiteExecutor.execute(TestSuiteExecutor.java:105)
	at com.kms.katalon.core.main.TestCaseMain.startTestSuite(TestCaseMain.java:185)
	at com.kms.katalon.core.main.TestCaseMain$startTestSuite$0.call(Unknown Source)
	at TempTestSuite1649143150775.run(TempTestSuite1649143150775.groovy:36)
Caused by: com.kms.katalon.core.webui.exception.WebElementNotFoundException: Web element with id: 'Object Repository/vrach/psychotest/Page_/varplayer' located by '//div[@id='react-select-4-option-3']' not found
	at com.kms.katalon.core.webui.common.WebUiCommonHelper.findWebElement(WebUiCommonHelper.java:1370)
	at com.kms.katalon.core.webui.keyword.internal.WebUIAbstractKeyword.findWebElement(WebUIAbstractKeyword.groovy:27)
	at com.kms.katalon.core.webui.keyword.builtin.ClickKeyword$_click_closure1.doCall(ClickKeyword.groovy:65)
	at com.kms.katalon.core.webui.keyword.builtin.ClickKeyword$_click_closure1.call(ClickKeyword.groovy)
	at com.kms.katalon.core.webui.keyword.internal.WebUIKeywordMain.runKeyword(WebUIKeywordMain.groovy:20)
	... 19 more]]></system-err>
      </testcase>
      <testcase name="Test Cases/Доктор/Создание карточки болезни" time="1083.862" classname="Test Cases/Доктор/Создание карточки болезни" status="PASSED">
         <system-out><![CDATA[2022-04-05 10:36:48 - [TEST_CASE][PASSED] - Test Cases/Доктор/Создание карточки болезни: Test Cases/Доктор/Создание карточки болезни

2022-04-05 10:36:49 - [TEST_STEP][PASSED] - callTestCase(findTestCase("Доктор/Авторизация врач"), [:], STOP_ON_FAILURE): Call Test Case 'Test Cases/Доктор/Авторизация врач' successfully

2022-04-05 10:36:49 - [TEST_CASE][PASSED] - Test Cases/Доктор/Авторизация врач: Test Cases/Доктор/Авторизация врач

2022-04-05 10:36:49 - [TEST_STEP][PASSED] - openBrowser(""): Browser is opened with url: ''

2022-04-05 10:36:49 - [MESSAGE][WARNING] - A browser is already opened. Closing browser and opening a new one

2022-04-05 10:36:49 - [MESSAGE][INFO] - User set preference: ['os', 'linux']

2022-04-05 10:36:49 - [MESSAGE][INFO] - User set preference: ['browserName', 'chrome']

2022-04-05 10:36:49 - [MESSAGE][INFO] - User set preference: ['browserVersion', '97']

2022-04-05 10:36:49 - [MESSAGE][INFO] - User set preference: ['katalon:option', '{organizationId=632442, tunnelId=, usingTunnel=false}']

2022-04-05 10:36:49 - [MESSAGE][INFO] - Connecting to remote web server 'testcloud.katalon.com/hub' with type 'Selenium'

2022-04-05 10:36:49 - [MESSAGE][INFO] - Action delay is set to 100 milliseconds

2022-04-05 10:41:08 - [MESSAGE][PASSED] - Browser is opened with url: ''

2022-04-05 10:41:08 - [TEST_STEP][PASSED] - maximizeWindow(): Current window maximized

2022-04-05 10:41:09 - [MESSAGE][PASSED] - Current window maximized

2022-04-05 10:41:09 - [TEST_STEP][PASSED] - navigateToUrl(url): Navigate to 'https://stars-stage.hawk.ru:8080' successfully

2022-04-05 10:41:15 - [MESSAGE][PASSED] - Navigate to 'https://stars-stage.hawk.ru:8080' successfully

2022-04-05 10:41:15 - [TEST_STEP][PASSED] - setText(findTestObject("Object Repository/vra/Page_/input__sc-lnrBVv eqPACj"), doktor_login): Text 'TestDoctor@mail.ru' is set on object 'Object Repository/vra/Page_/input__sc-lnrBVv eqPACj'

2022-04-05 10:41:19 - [MESSAGE][PASSED] - Text 'TestDoctor@mail.ru' is set on object 'Object Repository/vra/Page_/input__sc-lnrBVv eqPACj'

2022-04-05 10:41:19 - [TEST_STEP][PASSED] - setText(findTestObject("Object Repository/vra/Page_/input__sc-lnrBVv eqPACj_1"), doktor_password, STOP_ON_FAILURE): Text 'testdoctor@mail.ru' is set on object 'Object Repository/vra/Page_/input__sc-lnrBVv eqPACj_1'

2022-04-05 10:41:22 - [MESSAGE][PASSED] - Text 'testdoctor@mail.ru' is set on object 'Object Repository/vra/Page_/input__sc-lnrBVv eqPACj_1'

2022-04-05 10:41:22 - [TEST_STEP][PASSED] - click(findTestObject("Object Repository/vrach/Page_/Page_/go")): Object: 'Object Repository/vrach/Page_/Page_/go' is clicked on

2022-04-05 10:41:24 - [MESSAGE][PASSED] - Object: 'Object Repository/vrach/Page_/Page_/go' is clicked on

2022-04-05 10:41:24 - [MESSAGE][PASSED] - Call Test Case 'Test Cases/Доктор/Авторизация врач' successfully

2022-04-05 10:41:24 - [TEST_STEP][PASSED] - click(findTestObject("Avangard New/Object (Доктор)/Case (Создание карточки и удаление)/button_add")): Object: 'Object Repository/Avangard New/Object (Доктор)/Case (Создание карточки и удаление)/button_add' is clicked on

2022-04-05 10:41:32 - [MESSAGE][PASSED] - Object: 'Object Repository/Avangard New/Object (Доктор)/Case (Создание карточки и удаление)/button_add' is clicked on

2022-04-05 10:41:32 - [TEST_STEP][PASSED] - click(findTestObject("Avangard New/Object (Доктор)/Case (Создание карточки и удаление)/school")): Object: 'Object Repository/Avangard New/Object (Доктор)/Case (Создание карточки и удаление)/school' is clicked on

2022-04-05 10:41:36 - [MESSAGE][PASSED] - Object: 'Object Repository/Avangard New/Object (Доктор)/Case (Создание карточки и удаление)/school' is clicked on

2022-04-05 10:41:36 - [TEST_STEP][PASSED] - click(findTestObject("Avangard New/Object (Доктор)/Case (Создание карточки и удаление)/avanguard")): Object: 'Object Repository/Avangard New/Object (Доктор)/Case (Создание карточки и удаление)/avanguard' is clicked on

2022-04-05 10:41:38 - [MESSAGE][PASSED] - Object: 'Object Repository/Avangard New/Object (Доктор)/Case (Создание карточки и удаление)/avanguard' is clicked on

2022-04-05 10:41:38 - [TEST_STEP][PASSED] - click(findTestObject("Avangard New/Object (Доктор)/Case (Создание карточки и удаление)/team")): Object: 'Object Repository/Avangard New/Object (Доктор)/Case (Создание карточки и удаление)/team' is clicked on

2022-04-05 10:41:40 - [MESSAGE][PASSED] - Object: 'Object Repository/Avangard New/Object (Доктор)/Case (Создание карточки и удаление)/team' is clicked on

2022-04-05 10:41:40 - [TEST_STEP][PASSED] - click(findTestObject("Avangard New/Object (Доктор)/Case (Создание карточки и удаление)/var_team")): Object: 'Object Repository/Avangard New/Object (Доктор)/Case (Создание карточки и удаление)/var_team' is clicked on

2022-04-05 10:41:42 - [MESSAGE][PASSED] - Object: 'Object Repository/Avangard New/Object (Доктор)/Case (Создание карточки и удаление)/var_team' is clicked on

2022-04-05 10:41:42 - [TEST_STEP][PASSED] - click(findTestObject("Avangard New/Object (Доктор)/Case (Создание карточки и удаление)/player")): Object: 'Object Repository/Avangard New/Object (Доктор)/Case (Создание карточки и удаление)/player' is clicked on

2022-04-05 10:41:44 - [MESSAGE][PASSED] - Object: 'Object Repository/Avangard New/Object (Доктор)/Case (Создание карточки и удаление)/player' is clicked on

2022-04-05 10:41:44 - [TEST_STEP][PASSED] - click(findTestObject("Avangard New/Object (Доктор)/Case (Создание карточки и удаление)/var_player")): Object: 'Object Repository/Avangard New/Object (Доктор)/Case (Создание карточки и удаление)/var_player' is clicked on

2022-04-05 10:41:46 - [MESSAGE][PASSED] - Object: 'Object Repository/Avangard New/Object (Доктор)/Case (Создание карточки и удаление)/var_player' is clicked on

2022-04-05 10:41:46 - [TEST_STEP][PASSED] - click(findTestObject("Avangard New/Object (Доктор)/Case (Создание карточки и удаление)/tip")): Object: 'Object Repository/Avangard New/Object (Доктор)/Case (Создание карточки и удаление)/tip' is clicked on

2022-04-05 10:41:48 - [MESSAGE][PASSED] - Object: 'Object Repository/Avangard New/Object (Доктор)/Case (Создание карточки и удаление)/tip' is clicked on

2022-04-05 10:41:48 - [TEST_STEP][PASSED] - click(findTestObject("Avangard New/Object (Доктор)/Case (Создание карточки и удаление)/travma")): Object: 'Object Repository/Avangard New/Object (Доктор)/Case (Создание карточки и удаление)/travma' is clicked on

2022-04-05 10:41:50 - [MESSAGE][PASSED] - Object: 'Object Repository/Avangard New/Object (Доктор)/Case (Создание карточки и удаление)/travma' is clicked on

2022-04-05 10:41:50 - [TEST_STEP][PASSED] - click(findTestObject("Avangard New/Object (Доктор)/Case (Создание карточки и удаление)/stady 1")): Object: 'Object Repository/Avangard New/Object (Доктор)/Case (Создание карточки и удаление)/stady 1' is clicked on

2022-04-05 10:41:52 - [MESSAGE][PASSED] - Object: 'Object Repository/Avangard New/Object (Доктор)/Case (Создание карточки и удаление)/stady 1' is clicked on

2022-04-05 10:41:52 - [TEST_STEP][PASSED] - click(findTestObject("Avangard New/Object (Доктор)/Case (Создание карточки и удаление)/choise_stady")): Object: 'Object Repository/Avangard New/Object (Доктор)/Case (Создание карточки и удаление)/choise_stady' is clicked on

2022-04-05 10:41:54 - [MESSAGE][PASSED] - Object: 'Object Repository/Avangard New/Object (Доктор)/Case (Создание карточки и удаление)/choise_stady' is clicked on

2022-04-05 10:41:54 - [TEST_STEP][PASSED] - click(findTestObject("Avangard New/Object (Доктор)/Case (Создание карточки и удаление)/tip travm")): Object: 'Object Repository/Avangard New/Object (Доктор)/Case (Создание карточки и удаление)/tip travm' is clicked on

2022-04-05 10:41:56 - [MESSAGE][PASSED] - Object: 'Object Repository/Avangard New/Object (Доктор)/Case (Создание карточки и удаление)/tip travm' is clicked on

2022-04-05 10:41:56 - [TEST_STEP][PASSED] - click(findTestObject("Avangard New/Object (Доктор)/Case (Создание карточки и удаление)/choise_travm")): Object: 'Object Repository/Avangard New/Object (Доктор)/Case (Создание карточки и удаление)/choise_travm' is clicked on

2022-04-05 10:41:58 - [MESSAGE][PASSED] - Object: 'Object Repository/Avangard New/Object (Доктор)/Case (Создание карточки и удаление)/choise_travm' is clicked on

2022-04-05 10:41:58 - [TEST_STEP][PASSED] - setText(findTestObject("Avangard New/Object (Доктор)/Case (Создание карточки и удаление)/dop opisanie"), "автотестирование "): Text 'автотестирование ' is set on object 'Object Repository/Avangard New/Object (Доктор)/Case (Создание карточки и удаление)/dop opisanie'

2022-04-05 10:42:02 - [MESSAGE][PASSED] - Text 'автотестирование ' is set on object 'Object Repository/Avangard New/Object (Доктор)/Case (Создание карточки и удаление)/dop opisanie'

2022-04-05 10:42:02 - [TEST_STEP][PASSED] - click(findTestObject("Avangard New/Object (Доктор)/Case (Создание карточки и удаление)/button_save")): Object: 'Object Repository/Avangard New/Object (Доктор)/Case (Создание карточки и удаление)/button_save' is clicked on

2022-04-05 10:42:04 - [MESSAGE][PASSED] - Object: 'Object Repository/Avangard New/Object (Доктор)/Case (Создание карточки и удаление)/button_save' is clicked on

2022-04-05 10:42:04 - [TEST_STEP][PASSED] - verifyTextPresent("Карточка успешно сохранена", false): Text 'Карточка успешно сохранена' is present on page 

2022-04-05 10:42:09 - [MESSAGE][PASSED] - Text 'Карточка успешно сохранена' is present on page 

2022-04-05 10:42:09 - [TEST_STEP][PASSED] - callTestCase(findTestCase("Доктор/Проверка в профиле статуса (переиспользуется в Создание карточки болезни)"), [:], STOP_ON_FAILURE): Call Test Case 'Test Cases/Доктор/Проверка в профиле статуса (переиспользуется в Создание карточки болезни)' successfully

2022-04-05 10:42:10 - [TEST_CASE][PASSED] - Test Cases/Доктор/Проверка в профиле статуса (переиспользуется в Создание карточки болезни): Test Cases/Доктор/Проверка в профиле статуса (переиспользуется в Создание карточки болезни)

2022-04-05 10:42:10 - [TEST_STEP][PASSED] - callTestCase(findTestCase("Доктор/Авторизация врач"), [:], STOP_ON_FAILURE): Call Test Case 'Test Cases/Доктор/Авторизация врач' successfully

2022-04-05 10:42:10 - [TEST_CASE][PASSED] - Test Cases/Доктор/Авторизация врач: Test Cases/Доктор/Авторизация врач

2022-04-05 10:42:10 - [TEST_STEP][PASSED] - openBrowser(""): Browser is opened with url: ''

2022-04-05 10:42:10 - [MESSAGE][WARNING] - A browser is already opened. Closing browser and opening a new one

2022-04-05 10:42:10 - [MESSAGE][INFO] - User set preference: ['os', 'linux']

2022-04-05 10:42:10 - [MESSAGE][INFO] - User set preference: ['browserName', 'chrome']

2022-04-05 10:42:10 - [MESSAGE][INFO] - User set preference: ['browserVersion', '97']

2022-04-05 10:42:10 - [MESSAGE][INFO] - User set preference: ['katalon:option', '{organizationId=632442, tunnelId=, usingTunnel=false}']

2022-04-05 10:42:10 - [MESSAGE][INFO] - Connecting to remote web server 'testcloud.katalon.com/hub' with type 'Selenium'

2022-04-05 10:42:10 - [MESSAGE][INFO] - Action delay is set to 100 milliseconds

2022-04-05 10:46:10 - [MESSAGE][PASSED] - Browser is opened with url: ''

2022-04-05 10:46:10 - [TEST_STEP][PASSED] - maximizeWindow(): Current window maximized

2022-04-05 10:46:10 - [MESSAGE][PASSED] - Current window maximized

2022-04-05 10:46:10 - [TEST_STEP][PASSED] - navigateToUrl(url): Navigate to 'https://stars-stage.hawk.ru:8080' successfully

2022-04-05 10:46:16 - [MESSAGE][PASSED] - Navigate to 'https://stars-stage.hawk.ru:8080' successfully

2022-04-05 10:46:16 - [TEST_STEP][PASSED] - setText(findTestObject("Object Repository/vra/Page_/input__sc-lnrBVv eqPACj"), doktor_login): Text 'TestDoctor@mail.ru' is set on object 'Object Repository/vra/Page_/input__sc-lnrBVv eqPACj'

2022-04-05 10:46:20 - [MESSAGE][PASSED] - Text 'TestDoctor@mail.ru' is set on object 'Object Repository/vra/Page_/input__sc-lnrBVv eqPACj'

2022-04-05 10:46:20 - [TEST_STEP][PASSED] - setText(findTestObject("Object Repository/vra/Page_/input__sc-lnrBVv eqPACj_1"), doktor_password, STOP_ON_FAILURE): Text 'testdoctor@mail.ru' is set on object 'Object Repository/vra/Page_/input__sc-lnrBVv eqPACj_1'

2022-04-05 10:46:24 - [MESSAGE][PASSED] - Text 'testdoctor@mail.ru' is set on object 'Object Repository/vra/Page_/input__sc-lnrBVv eqPACj_1'

2022-04-05 10:46:24 - [TEST_STEP][PASSED] - click(findTestObject("Object Repository/vrach/Page_/Page_/go")): Object: 'Object Repository/vrach/Page_/Page_/go' is clicked on

2022-04-05 10:46:27 - [MESSAGE][PASSED] - Object: 'Object Repository/vrach/Page_/Page_/go' is clicked on

2022-04-05 10:46:27 - [MESSAGE][PASSED] - Call Test Case 'Test Cases/Доктор/Авторизация врач' successfully

2022-04-05 10:46:27 - [TEST_STEP][PASSED] - click(findTestObject("Avangard New/Object (Доктор)/Case (Создание карточки и удаление)/player_menu")): Object: 'Object Repository/Avangard New/Object (Доктор)/Case (Создание карточки и удаление)/player_menu' is clicked on

2022-04-05 10:46:37 - [MESSAGE][PASSED] - Object: 'Object Repository/Avangard New/Object (Доктор)/Case (Создание карточки и удаление)/player_menu' is clicked on

2022-04-05 10:46:37 - [TEST_STEP][PASSED] - setText(findTestObject("Avangard New/Object (Доктор)/Case (Создание карточки и удаление)/input__Search"), player_for_test_1): Text 'Ганин' is set on object 'Object Repository/Avangard New/Object (Доктор)/Case (Создание карточки и удаление)/input__Search'

2022-04-05 10:46:44 - [MESSAGE][PASSED] - Text 'Ганин' is set on object 'Object Repository/Avangard New/Object (Доктор)/Case (Создание карточки и удаление)/input__Search'

2022-04-05 10:46:44 - [TEST_STEP][PASSED] - click(findTestObject("Avangard New/Object (Доктор)/Case (Создание карточки и удаление)/var_player")): Object: 'Object Repository/Avangard New/Object (Доктор)/Case (Создание карточки и удаление)/var_player' is clicked on

2022-04-05 10:46:48 - [MESSAGE][PASSED] - Object: 'Object Repository/Avangard New/Object (Доктор)/Case (Создание карточки и удаление)/var_player' is clicked on

2022-04-05 10:46:48 - [TEST_STEP][PASSED] - verifyElementText(findTestObject("Avangard New/Object (Доктор)/Case (Создание карточки и удаление)/chek_stat"), "Травмирован"): Actual text and expected text of test object 'Object Repository/Avangard New/Object (Доктор)/Case (Создание карточки и удаление)/chek_stat' are matched.

2022-04-05 10:46:50 - [MESSAGE][PASSED] - Actual text and expected text of test object 'Object Repository/Avangard New/Object (Доктор)/Case (Создание карточки и удаление)/chek_stat' are matched.

2022-04-05 10:46:50 - [MESSAGE][PASSED] - Call Test Case 'Test Cases/Доктор/Проверка в профиле статуса (переиспользуется в Создание карточки болезни)' successfully

2022-04-05 10:46:50 - [TEST_STEP][PASSED] - callTestCase(findTestCase("Доктор/Вкладки удаление (переиспользуется в Создание карточки болезни)"), [:], STOP_ON_FAILURE): Call Test Case 'Test Cases/Доктор/Вкладки удаление (переиспользуется в Создание карточки болезни)' successfully

2022-04-05 10:46:50 - [TEST_CASE][PASSED] - Test Cases/Доктор/Вкладки удаление (переиспользуется в Создание карточки болезни): Test Cases/Доктор/Вкладки удаление (переиспользуется в Создание карточки болезни)

2022-04-05 10:46:51 - [TEST_STEP][PASSED] - callTestCase(findTestCase("Доктор/Авторизация врач"), [:], STOP_ON_FAILURE): Call Test Case 'Test Cases/Доктор/Авторизация врач' successfully

2022-04-05 10:46:51 - [TEST_CASE][PASSED] - Test Cases/Доктор/Авторизация врач: Test Cases/Доктор/Авторизация врач

2022-04-05 10:46:51 - [TEST_STEP][PASSED] - openBrowser(""): Browser is opened with url: ''

2022-04-05 10:46:51 - [MESSAGE][WARNING] - A browser is already opened. Closing browser and opening a new one

2022-04-05 10:46:51 - [MESSAGE][INFO] - User set preference: ['os', 'linux']

2022-04-05 10:46:51 - [MESSAGE][INFO] - User set preference: ['browserName', 'chrome']

2022-04-05 10:46:51 - [MESSAGE][INFO] - User set preference: ['browserVersion', '97']

2022-04-05 10:46:51 - [MESSAGE][INFO] - User set preference: ['katalon:option', '{organizationId=632442, tunnelId=, usingTunnel=false}']

2022-04-05 10:46:51 - [MESSAGE][INFO] - Connecting to remote web server 'testcloud.katalon.com/hub' with type 'Selenium'

2022-04-05 10:46:51 - [MESSAGE][INFO] - Action delay is set to 100 milliseconds

2022-04-05 10:49:12 - [MESSAGE][PASSED] - Browser is opened with url: ''

2022-04-05 10:49:12 - [TEST_STEP][PASSED] - maximizeWindow(): Current window maximized

2022-04-05 10:49:12 - [MESSAGE][PASSED] - Current window maximized

2022-04-05 10:49:12 - [TEST_STEP][PASSED] - navigateToUrl(url): Navigate to 'https://stars-stage.hawk.ru:8080' successfully

2022-04-05 10:49:18 - [MESSAGE][PASSED] - Navigate to 'https://stars-stage.hawk.ru:8080' successfully

2022-04-05 10:49:18 - [TEST_STEP][PASSED] - setText(findTestObject("Object Repository/vra/Page_/input__sc-lnrBVv eqPACj"), doktor_login): Text 'TestDoctor@mail.ru' is set on object 'Object Repository/vra/Page_/input__sc-lnrBVv eqPACj'

2022-04-05 10:49:23 - [MESSAGE][PASSED] - Text 'TestDoctor@mail.ru' is set on object 'Object Repository/vra/Page_/input__sc-lnrBVv eqPACj'

2022-04-05 10:49:23 - [TEST_STEP][PASSED] - setText(findTestObject("Object Repository/vra/Page_/input__sc-lnrBVv eqPACj_1"), doktor_password, STOP_ON_FAILURE): Text 'testdoctor@mail.ru' is set on object 'Object Repository/vra/Page_/input__sc-lnrBVv eqPACj_1'

2022-04-05 10:49:27 - [MESSAGE][PASSED] - Text 'testdoctor@mail.ru' is set on object 'Object Repository/vra/Page_/input__sc-lnrBVv eqPACj_1'

2022-04-05 10:49:27 - [TEST_STEP][PASSED] - click(findTestObject("Object Repository/vrach/Page_/Page_/go")): Object: 'Object Repository/vrach/Page_/Page_/go' is clicked on

2022-04-05 10:49:29 - [MESSAGE][PASSED] - Object: 'Object Repository/vrach/Page_/Page_/go' is clicked on

2022-04-05 10:49:29 - [MESSAGE][PASSED] - Call Test Case 'Test Cases/Доктор/Авторизация врач' successfully

2022-04-05 10:49:29 - [TEST_STEP][PASSED] - click(findTestObject("Object Repository/Avangard New/Object (Доктор)/Case (Создание карточки и удаление)/school")): Object: 'Object Repository/Avangard New/Object (Доктор)/Case (Создание карточки и удаление)/school' is clicked on

2022-04-05 10:50:01 - [MESSAGE][INFO] - Unable to find the element located by 'By.xpath: //div[@id='root']/div/div/div[2]/div/form/div[2]/div/div[2]/div/div/div[2]/div[2]/div/div/div/div/div/div/div/div/div/div'. Please recheck the objects properties to make sure the desired element is located. 

2022-04-05 10:50:01 - [MESSAGE][WARNING] - [SELF-HEALING] Failed to find element with id 'Object Repository/Avangard New/Object (Доктор)/Case (Создание карточки и удаление)/school'. Try using Self-healing.

2022-04-05 10:50:02 - [MESSAGE][WARNING] - [SELF-HEALING] The current locator of test object 'Object Repository/Avangard New/Object (Доктор)/Case (Создание карточки и удаление)/school' was broken. Propose an alternative one: '(.//*[normalize-space(text()) and normalize-space(.)='Школа'])[1]/following::div[4]'.

2022-04-05 10:50:03 - [MESSAGE][PASSED] - Object: 'Object Repository/Avangard New/Object (Доктор)/Case (Создание карточки и удаление)/school' is clicked on

2022-04-05 10:50:03 - [TEST_STEP][PASSED] - click(findTestObject("Object Repository/Avangard New/Object (Доктор)/Case (Создание карточки и удаление)/var_school")): Object: 'Object Repository/Avangard New/Object (Доктор)/Case (Создание карточки и удаление)/var_school' is clicked on

2022-04-05 10:50:05 - [MESSAGE][PASSED] - Object: 'Object Repository/Avangard New/Object (Доктор)/Case (Создание карточки и удаление)/var_school' is clicked on

2022-04-05 10:50:05 - [TEST_STEP][PASSED] - click(findTestObject("Object Repository/Avangard New/Object (Доктор)/Case (Создание карточки и удаление)/team")): Object: 'Object Repository/Avangard New/Object (Доктор)/Case (Создание карточки и удаление)/team' is clicked on

2022-04-05 10:50:37 - [MESSAGE][INFO] - Unable to find the element located by 'By.xpath: /html/body/div[1]/div[1]/div/div[2]/div/form[1]/div[2]/div/div[2]/div/div/div[2]/div[2]/div/div/div/div[1]/div/div[2]/div/div/div/div[1]'. Please recheck the objects properties to make sure the desired element is located. 

2022-04-05 10:50:37 - [MESSAGE][WARNING] - [SELF-HEALING] Failed to find element with id 'Object Repository/Avangard New/Object (Доктор)/Case (Создание карточки и удаление)/team'. Try using Self-healing.

2022-04-05 10:50:39 - [MESSAGE][WARNING] - [SELF-HEALING] The current locator of test object 'Object Repository/Avangard New/Object (Доктор)/Case (Создание карточки и удаление)/team' was broken. Propose an alternative one: '(.//*[normalize-space(text()) and normalize-space(.)='Команда'])[1]/following::div[4]'.

2022-04-05 10:50:39 - [MESSAGE][PASSED] - Object: 'Object Repository/Avangard New/Object (Доктор)/Case (Создание карточки и удаление)/team' is clicked on

2022-04-05 10:50:39 - [TEST_STEP][PASSED] - click(findTestObject("Object Repository/Avangard New/Object (Доктор)/Case (Создание карточки и удаление)/Global school")): Object: 'Object Repository/Avangard New/Object (Доктор)/Case (Создание карточки и удаление)/Global school' is clicked on

2022-04-05 10:50:42 - [MESSAGE][PASSED] - Object: 'Object Repository/Avangard New/Object (Доктор)/Case (Создание карточки и удаление)/Global school' is clicked on

2022-04-05 10:50:42 - [TEST_STEP][PASSED] - scrollToElement(findTestObject("Object Repository/Avangard New/Object (Доктор)/Case (Создание карточки и удаление)/p_1"), 0): Scroll to object 'Object Repository/Avangard New/Object (Доктор)/Case (Создание карточки и удаление)/p_1' successfully

2022-04-05 10:50:42 - [MESSAGE][WARNING] - Timeout '0' is invalid. Using default page load timeout: '30'

2022-04-05 10:50:44 - [MESSAGE][PASSED] - Scroll to object 'Object Repository/Avangard New/Object (Доктор)/Case (Создание карточки и удаление)/p_1' successfully

2022-04-05 10:50:44 - [TEST_STEP][PASSED] - click(findTestObject("Object Repository/Avangard New/Object (Доктор)/Case (Создание карточки и удаление)/p_1")): Object: 'Object Repository/Avangard New/Object (Доктор)/Case (Создание карточки и удаление)/p_1' is clicked on

2022-04-05 10:50:46 - [MESSAGE][PASSED] - Object: 'Object Repository/Avangard New/Object (Доктор)/Case (Создание карточки и удаление)/p_1' is clicked on

2022-04-05 10:50:46 - [TEST_STEP][PASSED] - setText(findTestObject("Object Repository/Avangard New/Object (Доктор)/Case (Создание карточки и удаление)/input__stady"), "Допуск на игру"): Text 'Допуск на игру' is set on object 'Object Repository/Avangard New/Object (Доктор)/Case (Создание карточки и удаление)/input__stady'

2022-04-05 10:50:51 - [MESSAGE][PASSED] - Text 'Допуск на игру' is set on object 'Object Repository/Avangard New/Object (Доктор)/Case (Создание карточки и удаление)/input__stady'

2022-04-05 10:50:51 - [TEST_STEP][PASSED] - sendKeys(findTestObject("Object Repository/Avangard New/Object (Доктор)/Case (Создание карточки и удаление)/input__stady"), Keys.chord(ENTER)): Keys 'ENTER + ' sent to object: 'Object Repository/Avangard New/Object (Доктор)/Case (Создание карточки и удаление)/input__stady'

2022-04-05 10:50:53 - [MESSAGE][PASSED] - Keys 'ENTER + ' sent to object: 'Object Repository/Avangard New/Object (Доктор)/Case (Создание карточки и удаление)/input__stady'

2022-04-05 10:50:53 - [TEST_STEP][PASSED] - click(findTestObject("Object Repository/Avangard New/Object (Доктор)/Case (Создание карточки и удаление)/button_save")): Object: 'Object Repository/Avangard New/Object (Доктор)/Case (Создание карточки и удаление)/button_save' is clicked on

2022-04-05 10:50:55 - [MESSAGE][PASSED] - Object: 'Object Repository/Avangard New/Object (Доктор)/Case (Создание карточки и удаление)/button_save' is clicked on

2022-04-05 10:50:55 - [TEST_STEP][PASSED] - scrollToElement(findTestObject("Object Repository/Avangard New/Object (Доктор)/Case (Создание карточки и удаление)/p_1"), 0): Scroll to object 'Object Repository/Avangard New/Object (Доктор)/Case (Создание карточки и удаление)/p_1' successfully

2022-04-05 10:50:55 - [MESSAGE][WARNING] - Timeout '0' is invalid. Using default page load timeout: '30'

2022-04-05 10:50:59 - [MESSAGE][PASSED] - Scroll to object 'Object Repository/Avangard New/Object (Доктор)/Case (Создание карточки и удаление)/p_1' successfully

2022-04-05 10:50:59 - [TEST_STEP][PASSED] - click(findTestObject("Object Repository/Avangard New/Object (Доктор)/Case (Создание карточки и удаление)/p_1")): Object: 'Object Repository/Avangard New/Object (Доктор)/Case (Создание карточки и удаление)/p_1' is clicked on

2022-04-05 10:51:01 - [MESSAGE][PASSED] - Object: 'Object Repository/Avangard New/Object (Доктор)/Case (Создание карточки и удаление)/p_1' is clicked on

2022-04-05 10:51:01 - [TEST_STEP][PASSED] - verifyElementText(findTestObject("Object Repository/Avangard New/Object (Доктор)/Case (Создание карточки и удаление)/stady"), "Допуск на игру"): Actual text and expected text of test object 'Object Repository/Avangard New/Object (Доктор)/Case (Создание карточки и удаление)/stady' are matched.

2022-04-05 10:51:33 - [MESSAGE][INFO] - Unable to find the element located by 'By.xpath: //*[(text() = 'Выберите стадию' or . = 'Выберите стадию')]'. Please recheck the objects properties to make sure the desired element is located. 

2022-04-05 10:51:33 - [MESSAGE][WARNING] - [SELF-HEALING] Failed to find element with id 'Object Repository/Avangard New/Object (Доктор)/Case (Создание карточки и удаление)/stady'. Try using Self-healing.

2022-04-05 10:51:34 - [MESSAGE][WARNING] - [SELF-HEALING] The current locator of test object 'Object Repository/Avangard New/Object (Доктор)/Case (Создание карточки и удаление)/stady' was broken. Propose an alternative one: '/html/body/div[1]/div[1]/div/div[2]/div/form[2]/div[2]/div/div[2]/div/div/div[2]/div[2]/div/div/div/div[2]/div/div[2]/div/div/div/div[1]'.

2022-04-05 10:51:35 - [MESSAGE][PASSED] - Actual text and expected text of test object 'Object Repository/Avangard New/Object (Доктор)/Case (Создание карточки и удаление)/stady' are matched.

2022-04-05 10:51:35 - [TEST_STEP][PASSED] - click(findTestObject("Object Repository/Avangard New/Object (Доктор)/Case (Создание карточки и удаление)/button_delete")): Object: 'Object Repository/Avangard New/Object (Доктор)/Case (Создание карточки и удаление)/button_delete' is clicked on

2022-04-05 10:51:37 - [MESSAGE][PASSED] - Object: 'Object Repository/Avangard New/Object (Доктор)/Case (Создание карточки и удаление)/button_delete' is clicked on

2022-04-05 10:51:37 - [TEST_STEP][PASSED] - click(findTestObject("Object Repository/Avangard New/Object (Доктор)/Case (Создание карточки и удаление)/confirm")): Object: 'Object Repository/Avangard New/Object (Доктор)/Case (Создание карточки и удаление)/confirm' is clicked on

2022-04-05 10:51:39 - [MESSAGE][PASSED] - Object: 'Object Repository/Avangard New/Object (Доктор)/Case (Создание карточки и удаление)/confirm' is clicked on

2022-04-05 10:51:39 - [TEST_STEP][PASSED] - verifyTextPresent("Карточка успешно удалена", false): Text 'Карточка успешно удалена' is present on page 

2022-04-05 10:51:43 - [MESSAGE][PASSED] - Text 'Карточка успешно удалена' is present on page 

2022-04-05 10:51:43 - [TEST_STEP][PASSED] - closeBrowser(): Browser is closed

2022-04-05 10:51:43 - [MESSAGE][PASSED] - Browser is closed

2022-04-05 10:51:43 - [MESSAGE][INFO] - 

2022-04-05 10:51:43 - [MESSAGE][INFO] - ===================== Self-healing Report ====================

2022-04-05 10:51:43 - [MESSAGE][INFO] - One of the failed test object locators has been recovered by Self-healing. Please refer to the Self-healing Insights tab for more details.

2022-04-05 10:51:43 - [MESSAGE][INFO] - To learn more about Self-healing, please read https://docs.katalon.com/katalon-studio/docs/self-healing.html

2022-04-05 10:51:43 - [MESSAGE][INFO] - ==============================================================

2022-04-05 10:51:43 - [MESSAGE][PASSED] - Call Test Case 'Test Cases/Доктор/Вкладки удаление (переиспользуется в Создание карточки болезни)' successfully

2022-04-05 10:51:43 - [TEST_STEP][PASSED] - callTestCase(findTestCase("Доктор/Проверка доступности игрока (переиспользуется Создание карточки болезни)"), [:], STOP_ON_FAILURE): Call Test Case 'Test Cases/Доктор/Проверка доступности игрока (переиспользуется Создание карточки болезни)' successfully

2022-04-05 10:51:44 - [TEST_CASE][PASSED] - Test Cases/Доктор/Проверка доступности игрока (переиспользуется Создание карточки болезни): Test Cases/Доктор/Проверка доступности игрока (переиспользуется Создание карточки болезни)

2022-04-05 10:51:44 - [TEST_STEP][PASSED] - callTestCase(findTestCase("Доктор/Авторизация врач"), [:], STOP_ON_FAILURE): Call Test Case 'Test Cases/Доктор/Авторизация врач' successfully

2022-04-05 10:51:44 - [TEST_CASE][PASSED] - Test Cases/Доктор/Авторизация врач: Test Cases/Доктор/Авторизация врач

2022-04-05 10:51:44 - [TEST_STEP][PASSED] - openBrowser(""): Browser is opened with url: ''

2022-04-05 10:51:44 - [MESSAGE][INFO] - User set preference: ['os', 'linux']

2022-04-05 10:51:44 - [MESSAGE][INFO] - User set preference: ['browserName', 'chrome']

2022-04-05 10:51:44 - [MESSAGE][INFO] - User set preference: ['browserVersion', '97']

2022-04-05 10:51:44 - [MESSAGE][INFO] - User set preference: ['katalon:option', '{organizationId=632442, tunnelId=, usingTunnel=false}']

2022-04-05 10:51:44 - [MESSAGE][INFO] - Connecting to remote web server 'testcloud.katalon.com/hub' with type 'Selenium'

2022-04-05 10:51:44 - [MESSAGE][INFO] - Action delay is set to 100 milliseconds

2022-04-05 10:54:12 - [MESSAGE][PASSED] - Browser is opened with url: ''

2022-04-05 10:54:12 - [TEST_STEP][PASSED] - maximizeWindow(): Current window maximized

2022-04-05 10:54:13 - [MESSAGE][PASSED] - Current window maximized

2022-04-05 10:54:13 - [TEST_STEP][PASSED] - navigateToUrl(url): Navigate to 'https://stars-stage.hawk.ru:8080' successfully

2022-04-05 10:54:19 - [MESSAGE][PASSED] - Navigate to 'https://stars-stage.hawk.ru:8080' successfully

2022-04-05 10:54:19 - [TEST_STEP][PASSED] - setText(findTestObject("Object Repository/vra/Page_/input__sc-lnrBVv eqPACj"), doktor_login): Text 'TestDoctor@mail.ru' is set on object 'Object Repository/vra/Page_/input__sc-lnrBVv eqPACj'

2022-04-05 10:54:23 - [MESSAGE][PASSED] - Text 'TestDoctor@mail.ru' is set on object 'Object Repository/vra/Page_/input__sc-lnrBVv eqPACj'

2022-04-05 10:54:23 - [TEST_STEP][PASSED] - setText(findTestObject("Object Repository/vra/Page_/input__sc-lnrBVv eqPACj_1"), doktor_password, STOP_ON_FAILURE): Text 'testdoctor@mail.ru' is set on object 'Object Repository/vra/Page_/input__sc-lnrBVv eqPACj_1'

2022-04-05 10:54:27 - [MESSAGE][PASSED] - Text 'testdoctor@mail.ru' is set on object 'Object Repository/vra/Page_/input__sc-lnrBVv eqPACj_1'

2022-04-05 10:54:27 - [TEST_STEP][PASSED] - click(findTestObject("Object Repository/vrach/Page_/Page_/go")): Object: 'Object Repository/vrach/Page_/Page_/go' is clicked on

2022-04-05 10:54:29 - [MESSAGE][PASSED] - Object: 'Object Repository/vrach/Page_/Page_/go' is clicked on

2022-04-05 10:54:29 - [MESSAGE][INFO] - 

2022-04-05 10:54:29 - [MESSAGE][INFO] - ===================== Self-healing Report ====================

2022-04-05 10:54:29 - [MESSAGE][INFO] - One of the failed test object locators has been recovered by Self-healing. Please refer to the Self-healing Insights tab for more details.

2022-04-05 10:54:29 - [MESSAGE][INFO] - To learn more about Self-healing, please read https://docs.katalon.com/katalon-studio/docs/self-healing.html

2022-04-05 10:54:29 - [MESSAGE][INFO] - ==============================================================

2022-04-05 10:54:29 - [MESSAGE][PASSED] - Call Test Case 'Test Cases/Доктор/Авторизация врач' successfully

2022-04-05 10:54:29 - [TEST_STEP][PASSED] - click(findTestObject("Avangard New/Object (Доктор)/Case (Создание карточки и удаление)/player_menu")): Object: 'Object Repository/Avangard New/Object (Доктор)/Case (Создание карточки и удаление)/player_menu' is clicked on

2022-04-05 10:54:39 - [MESSAGE][PASSED] - Object: 'Object Repository/Avangard New/Object (Доктор)/Case (Создание карточки и удаление)/player_menu' is clicked on

2022-04-05 10:54:39 - [TEST_STEP][PASSED] - setText(findTestObject("Avangard New/Object (Доктор)/Case (Создание карточки и удаление)/input__Search"), player_for_test_1): Text 'Ганин' is set on object 'Object Repository/Avangard New/Object (Доктор)/Case (Создание карточки и удаление)/input__Search'

2022-04-05 10:54:46 - [MESSAGE][PASSED] - Text 'Ганин' is set on object 'Object Repository/Avangard New/Object (Доктор)/Case (Создание карточки и удаление)/input__Search'

2022-04-05 10:54:46 - [TEST_STEP][PASSED] - click(findTestObject("Avangard New/Object (Доктор)/Case (Создание карточки и удаление)/var_player")): Object: 'Object Repository/Avangard New/Object (Доктор)/Case (Создание карточки и удаление)/var_player' is clicked on

2022-04-05 10:54:50 - [MESSAGE][PASSED] - Object: 'Object Repository/Avangard New/Object (Доктор)/Case (Создание карточки и удаление)/var_player' is clicked on

2022-04-05 10:54:50 - [TEST_STEP][PASSED] - verifyElementText(findTestObject("Avangard New/Object (Доктор)/Case (Создание карточки и удаление)/chek_stat"), "Доступен"): Actual text and expected text of test object 'Object Repository/Avangard New/Object (Доктор)/Case (Создание карточки и удаление)/chek_stat' are matched.

2022-04-05 10:54:52 - [MESSAGE][PASSED] - Actual text and expected text of test object 'Object Repository/Avangard New/Object (Доктор)/Case (Создание карточки и удаление)/chek_stat' are matched.

2022-04-05 10:54:52 - [MESSAGE][INFO] - 

2022-04-05 10:54:52 - [MESSAGE][INFO] - ===================== Self-healing Report ====================

2022-04-05 10:54:52 - [MESSAGE][INFO] - One of the failed test object locators has been recovered by Self-healing. Please refer to the Self-healing Insights tab for more details.

2022-04-05 10:54:52 - [MESSAGE][INFO] - To learn more about Self-healing, please read https://docs.katalon.com/katalon-studio/docs/self-healing.html

2022-04-05 10:54:52 - [MESSAGE][INFO] - ==============================================================

2022-04-05 10:54:52 - [MESSAGE][PASSED] - Call Test Case 'Test Cases/Доктор/Проверка доступности игрока (переиспользуется Создание карточки болезни)' successfully

2022-04-05 10:54:52 - [TEST_STEP][PASSED] - closeBrowser(): Browser is closed

2022-04-05 10:54:52 - [MESSAGE][PASSED] - Browser is closed]]></system-out>
         <system-err><![CDATA[]]></system-err>
      </testcase>
      <system-out><![CDATA[2022-04-05 10:19:33 - [TEST_SUITE][FAILED] - Доктор: Test Cases/Доктор/дописать проверку на игрока Проверка вкладки Питание FAILED.
Reason:
com.kms.katalon.core.exception.StepFailedException: Unable to click on object 'Object Repository/Avangard New/Object (Доктор)/Case (Питание)/span_add'
	at com.kms.katalon.core.webui.keyword.internal.WebUIKeywordMain.stepFailed(WebUIKeywordMain.groovy:64)
	at com.kms.katalon.core.webui.keyword.internal.WebUIKeywordMain.runKeyword(WebUIKeywordMain.groovy:26)
	at com.kms.katalon.core.webui.keyword.builtin.ClickKeyword.click(ClickKeyword.groovy:74)
	at com.kms.katalon.core.webui.keyword.builtin.ClickKeyword.execute(ClickKeyword.groovy:40)
	at com.kms.katalon.core.keyword.internal.KeywordExecutor.executeKeywordForPlatform(KeywordExecutor.groovy:74)
	at com.kms.katalon.core.webui.keyword.WebUiBuiltInKeywords.click(WebUiBuiltInKeywords.groovy:620)
	at com.kms.katalon.core.webui.keyword.WebUiBuiltInKeywords$click$4.call(Unknown Source)
	at дописать проверку на игрока Проверка вкладки Питание.run(дописать проверку на игрока Проверка вкладки Питание:41)
	at com.kms.katalon.core.main.ScriptEngine.run(ScriptEngine.java:194)
	at com.kms.katalon.core.main.ScriptEngine.runScriptAsRawText(ScriptEngine.java:119)
	at com.kms.katalon.core.main.TestCaseExecutor.runScript(TestCaseExecutor.java:442)
	at com.kms.katalon.core.main.TestCaseExecutor.doExecute(TestCaseExecutor.java:433)
	at com.kms.katalon.core.main.TestCaseExecutor.processExecutionPhase(TestCaseExecutor.java:412)
	at com.kms.katalon.core.main.TestCaseExecutor.accessMainPhase(TestCaseExecutor.java:404)
	at com.kms.katalon.core.main.TestCaseExecutor.execute(TestCaseExecutor.java:281)
	at com.kms.katalon.core.main.TestSuiteExecutor.accessTestCaseMainPhase(TestSuiteExecutor.java:202)
	at com.kms.katalon.core.main.TestSuiteExecutor.accessTestSuiteMainPhase(TestSuiteExecutor.java:164)
	at com.kms.katalon.core.main.TestSuiteExecutor.execute(TestSuiteExecutor.java:105)
	at com.kms.katalon.core.main.TestCaseMain.startTestSuite(TestCaseMain.java:185)
	at com.kms.katalon.core.main.TestCaseMain$startTestSuite$0.call(Unknown Source)
	at TempTestSuite1649143150775.run(TempTestSuite1649143150775.groovy:36)
Caused by: com.kms.katalon.core.webui.exception.WebElementNotFoundException: Web element with id: 'Object Repository/Avangard New/Object (Доктор)/Case (Питание)/span_add' located by '/html/body/div/div[1]/div/div[2]/div/div[3]/div/div[1]/div/div/div/div/table/tbody/tr[4]/td[6]/span' not found
	at com.kms.katalon.core.webui.common.WebUiCommonHelper.findWebElement(WebUiCommonHelper.java:1370)
	at com.kms.katalon.core.webui.keyword.internal.WebUIAbstractKeyword.findWebElement(WebUIAbstractKeyword.groovy:27)
	at com.kms.katalon.core.webui.keyword.builtin.ClickKeyword$_click_closure1.doCall(ClickKeyword.groovy:65)
	at com.kms.katalon.core.webui.keyword.builtin.ClickKeyword$_click_closure1.call(ClickKeyword.groovy)
	at com.kms.katalon.core.webui.keyword.internal.WebUIKeywordMain.runKeyword(WebUIKeywordMain.groovy:20)
	... 19 more]]></system-out>
      <system-err><![CDATA[2022-04-05 10:19:33 - [TEST_SUITE][FAILED] - Доктор: Test Cases/Доктор/дописать проверку на игрока Проверка вкладки Питание FAILED.
Reason:
com.kms.katalon.core.exception.StepFailedException: Unable to click on object 'Object Repository/Avangard New/Object (Доктор)/Case (Питание)/span_add'
	at com.kms.katalon.core.webui.keyword.internal.WebUIKeywordMain.stepFailed(WebUIKeywordMain.groovy:64)
	at com.kms.katalon.core.webui.keyword.internal.WebUIKeywordMain.runKeyword(WebUIKeywordMain.groovy:26)
	at com.kms.katalon.core.webui.keyword.builtin.ClickKeyword.click(ClickKeyword.groovy:74)
	at com.kms.katalon.core.webui.keyword.builtin.ClickKeyword.execute(ClickKeyword.groovy:40)
	at com.kms.katalon.core.keyword.internal.KeywordExecutor.executeKeywordForPlatform(KeywordExecutor.groovy:74)
	at com.kms.katalon.core.webui.keyword.WebUiBuiltInKeywords.click(WebUiBuiltInKeywords.groovy:620)
	at com.kms.katalon.core.webui.keyword.WebUiBuiltInKeywords$click$4.call(Unknown Source)
	at дописать проверку на игрока Проверка вкладки Питание.run(дописать проверку на игрока Проверка вкладки Питание:41)
	at com.kms.katalon.core.main.ScriptEngine.run(ScriptEngine.java:194)
	at com.kms.katalon.core.main.ScriptEngine.runScriptAsRawText(ScriptEngine.java:119)
	at com.kms.katalon.core.main.TestCaseExecutor.runScript(TestCaseExecutor.java:442)
	at com.kms.katalon.core.main.TestCaseExecutor.doExecute(TestCaseExecutor.java:433)
	at com.kms.katalon.core.main.TestCaseExecutor.processExecutionPhase(TestCaseExecutor.java:412)
	at com.kms.katalon.core.main.TestCaseExecutor.accessMainPhase(TestCaseExecutor.java:404)
	at com.kms.katalon.core.main.TestCaseExecutor.execute(TestCaseExecutor.java:281)
	at com.kms.katalon.core.main.TestSuiteExecutor.accessTestCaseMainPhase(TestSuiteExecutor.java:202)
	at com.kms.katalon.core.main.TestSuiteExecutor.accessTestSuiteMainPhase(TestSuiteExecutor.java:164)
	at com.kms.katalon.core.main.TestSuiteExecutor.execute(TestSuiteExecutor.java:105)
	at com.kms.katalon.core.main.TestCaseMain.startTestSuite(TestCaseMain.java:185)
	at com.kms.katalon.core.main.TestCaseMain$startTestSuite$0.call(Unknown Source)
	at TempTestSuite1649143150775.run(TempTestSuite1649143150775.groovy:36)
Caused by: com.kms.katalon.core.webui.exception.WebElementNotFoundException: Web element with id: 'Object Repository/Avangard New/Object (Доктор)/Case (Питание)/span_add' located by '/html/body/div/div[1]/div/div[2]/div/div[3]/div/div[1]/div/div/div/div/table/tbody/tr[4]/td[6]/span' not found
	at com.kms.katalon.core.webui.common.WebUiCommonHelper.findWebElement(WebUiCommonHelper.java:1370)
	at com.kms.katalon.core.webui.keyword.internal.WebUIAbstractKeyword.findWebElement(WebUIAbstractKeyword.groovy:27)
	at com.kms.katalon.core.webui.keyword.builtin.ClickKeyword$_click_closure1.doCall(ClickKeyword.groovy:65)
	at com.kms.katalon.core.webui.keyword.builtin.ClickKeyword$_click_closure1.call(ClickKeyword.groovy)
	at com.kms.katalon.core.webui.keyword.internal.WebUIKeywordMain.runKeyword(WebUIKeywordMain.groovy:20)
	... 19 more]]></system-err>
   </testsuite>
   <testsuite name="Доктор" tests="4" failures="3" errors="0" time="1834.898" skipped="0" timestamp="2022-04-05 10:19:33" hostname="LENOVO - DESKTOP-KNHN0AA" id="Test Suites/Доктор">
      <properties>
         <property name="deviceName" value=""/>
         <property name="devicePlatform" value=""/>
         <property name="logFolder" value="C:\\Users\\LENOVO\\Katalon Studio\\Avangard\\Reports\\20220405_101904\\\u0414\u043E\u043A\u0442\u043E\u0440\\20220405_101912"/>
         <property name="logFiles" value="C:\\Users\\LENOVO\\Katalon Studio\\Avangard\\Reports\\20220405_101904\\\u0414\u043E\u043A\u0442\u043E\u0440\\20220405_101912\\execution0.log"/>
         <property name="attachments" value="C:\\Users\\LENOVO\\Katalon Studio\\Avangard\\Reports\\20220405_101904\\\u0414\u043E\u043A\u0442\u043E\u0440\\20220405_101912\\1649143470800.png, C:\\Users\\LENOVO\\Katalon Studio\\Avangard\\Reports\\20220405_101904\\\u0414\u043E\u043A\u0442\u043E\u0440\\20220405_101912\\1649144145693.png, C:\\Users\\LENOVO\\Katalon Studio\\Avangard\\Reports\\20220405_101904\\\u0414\u043E\u043A\u0442\u043E\u0440\\20220405_101912\\1649145001121.png"/>
         <property name="hostName" value="LENOVO - DESKTOP-KNHN0AA"/>
         <property name="remoteDriverUrl" value="testcloud.katalon.com/hub"/>
         <property name="desiredCapabilities" value="{
  &quot;acceptInsecureCerts&quot;: false,
  &quot;browserName&quot;: &quot;chrome&quot;,
  &quot;browserVersion&quot;: &quot;97.0.4692.71&quot;,
  &quot;chrome&quot;: {
    &quot;chromedriverVersion&quot;: &quot;97.0.4692.71 (adefa7837d02a07a604c1e6eff0b3a09422ab88d-refs/branch-heads/4692@{#1247})&quot;,
    &quot;userDataDir&quot;: &quot;/tmp/.com.google.Chrome.KOQyxm&quot;
  },
  &quot;goog:chromeOptions&quot;: {
    &quot;debuggerAddress&quot;: &quot;localhost:39423&quot;
  },
  &quot;javascriptEnabled&quot;: true,
  &quot;networkConnectionEnabled&quot;: false,
  &quot;pageLoadStrategy&quot;: &quot;normal&quot;,
  &quot;platform&quot;: &quot;LINUX&quot;,
  &quot;platformName&quot;: &quot;LINUX&quot;,
  &quot;proxy&quot;: {
    &quot;proxyType&quot;: &quot;DIRECT&quot;,
    &quot;autodetect&quot;: false
  },
  &quot;se:cdp&quot;: &quot;ws://172.48.59.218:4444/session/6811298b3d9ae765e8d84fe90143debf/se/cdp&quot;,
  &quot;se:cdpVersion&quot;: &quot;97.0.4692.71&quot;,
  &quot;se:vnc&quot;: &quot;ws://172.48.59.218:4444/session/6811298b3d9ae765e8d84fe90143debf/se/vnc&quot;,
  &quot;se:vncEnabled&quot;: true,
  &quot;se:vncLocalAddress&quot;: &quot;ws://172.48.59.218:7900&quot;,
  &quot;setWindowRect&quot;: true,
  &quot;strictFileInteractability&quot;: false,
  &quot;timeouts&quot;: {
    &quot;implicit&quot;: 0,
    &quot;pageLoad&quot;: 300000,
    &quot;script&quot;: 30000
  },
  &quot;unhandledPromptBehavior&quot;: &quot;dismiss and notify&quot;,
  &quot;webauthn:extension:credBlob&quot;: true,
  &quot;webauthn:extension:largeBlob&quot;: true,
  &quot;webauthn:virtualAuthenticators&quot;: true
}"/>
         <property name="os" value="Windows 10 64bit"/>
         <property name="remoteOS" value="Linux"/>
         <property name="katalonVersion" value="8.2.5.208"/>
         <property name="browser" value="Chrome 97.0.4692.71"/>
         <property name="hostAddress" value="192.168.2.114"/>
         <property name="sessionId" value="6811298b3d9ae765e8d84fe90143debf"/>
         <property name="seleniumVersion" value="3.141.59"/>
         <property name="proxyInformation" value="ProxyInformation { proxyOption=NO_PROXY, proxyServerType=HTTP, username=, password=********, proxyServerAddress=, proxyServerPort=0, executionList=&quot;&quot;, isApplyToDesiredCapabilities=true }"/>
         <property name="platform" value="Windows 10"/>
      </properties>
      <testcase name="Test Cases/Доктор/дописать проверку на игрока Проверка вкладки Питание" time="299.911" classname="Test Cases/Доктор/дописать проверку на игрока Проверка вкладки Питание" status="FAILED">
         <failure type="FAILED" message="Test Cases/Доктор/дописать проверку на игрока Проверка вкладки Питание FAILED.
Reason:
com.kms.katalon.core.exception.StepFailedException: Unable to click on object 'Object Repository/Avangard New/Object (Доктор)/Case (Питание)/span_add'
	at com.kms.katalon.core.webui.keyword.internal.WebUIKeywordMain.stepFailed(WebUIKeywordMain.groovy:64)
	at com.kms.katalon.core.webui.keyword.internal.WebUIKeywordMain.runKeyword(WebUIKeywordMain.groovy:26)
	at com.kms.katalon.core.webui.keyword.builtin.ClickKeyword.click(ClickKeyword.groovy:74)
	at com.kms.katalon.core.webui.keyword.builtin.ClickKeyword.execute(ClickKeyword.groovy:40)
	at com.kms.katalon.core.keyword.internal.KeywordExecutor.executeKeywordForPlatform(KeywordExecutor.groovy:74)
	at com.kms.katalon.core.webui.keyword.WebUiBuiltInKeywords.click(WebUiBuiltInKeywords.groovy:620)
	at com.kms.katalon.core.webui.keyword.WebUiBuiltInKeywords$click$4.call(Unknown Source)
	at дописать проверку на игрока Проверка вкладки Питание.run(дописать проверку на игрока Проверка вкладки Питание:41)
	at com.kms.katalon.core.main.ScriptEngine.run(ScriptEngine.java:194)
	at com.kms.katalon.core.main.ScriptEngine.runScriptAsRawText(ScriptEngine.java:119)
	at com.kms.katalon.core.main.TestCaseExecutor.runScript(TestCaseExecutor.java:442)
	at com.kms.katalon.core.main.TestCaseExecutor.doExecute(TestCaseExecutor.java:433)
	at com.kms.katalon.core.main.TestCaseExecutor.processExecutionPhase(TestCaseExecutor.java:412)
	at com.kms.katalon.core.main.TestCaseExecutor.accessMainPhase(TestCaseExecutor.java:404)
	at com.kms.katalon.core.main.TestCaseExecutor.execute(TestCaseExecutor.java:281)
	at com.kms.katalon.core.main.TestSuiteExecutor.accessTestCaseMainPhase(TestSuiteExecutor.java:202)
	at com.kms.katalon.core.main.TestSuiteExecutor.accessTestSuiteMainPhase(TestSuiteExecutor.java:164)
	at com.kms.katalon.core.main.TestSuiteExecutor.execute(TestSuiteExecutor.java:105)
	at com.kms.katalon.core.main.TestCaseMain.startTestSuite(TestCaseMain.java:185)
	at com.kms.katalon.core.main.TestCaseMain$startTestSuite$0.call(Unknown Source)
	at TempTestSuite1649143152685.run(TempTestSuite1649143152685.groovy:36)
Caused by: com.kms.katalon.core.webui.exception.WebElementNotFoundException: Web element with id: 'Object Repository/Avangard New/Object (Доктор)/Case (Питание)/span_add' located by '/html/body/div/div[1]/div/div[2]/div/div[3]/div/div[1]/div/div/div/div/table/tbody/tr[4]/td[6]/span' not found
	at com.kms.katalon.core.webui.common.WebUiCommonHelper.findWebElement(WebUiCommonHelper.java:1370)
	at com.kms.katalon.core.webui.keyword.internal.WebUIAbstractKeyword.findWebElement(WebUIAbstractKeyword.groovy:27)
	at com.kms.katalon.core.webui.keyword.builtin.ClickKeyword$_click_closure1.doCall(ClickKeyword.groovy:65)
	at com.kms.katalon.core.webui.keyword.builtin.ClickKeyword$_click_closure1.call(ClickKeyword.groovy)
	at com.kms.katalon.core.webui.keyword.internal.WebUIKeywordMain.runKeyword(WebUIKeywordMain.groovy:20)
	... 19 more
"/>
         <system-out><![CDATA[2022-04-05 10:19:35 - [TEST_CASE][FAILED] - Test Cases/Доктор/дописать проверку на игрока Проверка вкладки Питание: Test Cases/Доктор/дописать проверку на игрока Проверка вкладки Питание FAILED.
Reason:
com.kms.katalon.core.exception.StepFailedException: Unable to click on object 'Object Repository/Avangard New/Object (Доктор)/Case (Питание)/span_add'
	at com.kms.katalon.core.webui.keyword.internal.WebUIKeywordMain.stepFailed(WebUIKeywordMain.groovy:64)
	at com.kms.katalon.core.webui.keyword.internal.WebUIKeywordMain.runKeyword(WebUIKeywordMain.groovy:26)
	at com.kms.katalon.core.webui.keyword.builtin.ClickKeyword.click(ClickKeyword.groovy:74)
	at com.kms.katalon.core.webui.keyword.builtin.ClickKeyword.execute(ClickKeyword.groovy:40)
	at com.kms.katalon.core.keyword.internal.KeywordExecutor.executeKeywordForPlatform(KeywordExecutor.groovy:74)
	at com.kms.katalon.core.webui.keyword.WebUiBuiltInKeywords.click(WebUiBuiltInKeywords.groovy:620)
	at com.kms.katalon.core.webui.keyword.WebUiBuiltInKeywords$click$4.call(Unknown Source)
	at дописать проверку на игрока Проверка вкладки Питание.run(дописать проверку на игрока Проверка вкладки Питание:41)
	at com.kms.katalon.core.main.ScriptEngine.run(ScriptEngine.java:194)
	at com.kms.katalon.core.main.ScriptEngine.runScriptAsRawText(ScriptEngine.java:119)
	at com.kms.katalon.core.main.TestCaseExecutor.runScript(TestCaseExecutor.java:442)
	at com.kms.katalon.core.main.TestCaseExecutor.doExecute(TestCaseExecutor.java:433)
	at com.kms.katalon.core.main.TestCaseExecutor.processExecutionPhase(TestCaseExecutor.java:412)
	at com.kms.katalon.core.main.TestCaseExecutor.accessMainPhase(TestCaseExecutor.java:404)
	at com.kms.katalon.core.main.TestCaseExecutor.execute(TestCaseExecutor.java:281)
	at com.kms.katalon.core.main.TestSuiteExecutor.accessTestCaseMainPhase(TestSuiteExecutor.java:202)
	at com.kms.katalon.core.main.TestSuiteExecutor.accessTestSuiteMainPhase(TestSuiteExecutor.java:164)
	at com.kms.katalon.core.main.TestSuiteExecutor.execute(TestSuiteExecutor.java:105)
	at com.kms.katalon.core.main.TestCaseMain.startTestSuite(TestCaseMain.java:185)
	at com.kms.katalon.core.main.TestCaseMain$startTestSuite$0.call(Unknown Source)
	at TempTestSuite1649143152685.run(TempTestSuite1649143152685.groovy:36)
Caused by: com.kms.katalon.core.webui.exception.WebElementNotFoundException: Web element with id: 'Object Repository/Avangard New/Object (Доктор)/Case (Питание)/span_add' located by '/html/body/div/div[1]/div/div[2]/div/div[3]/div/div[1]/div/div/div/div/table/tbody/tr[4]/td[6]/span' not found
	at com.kms.katalon.core.webui.common.WebUiCommonHelper.findWebElement(WebUiCommonHelper.java:1370)
	at com.kms.katalon.core.webui.keyword.internal.WebUIAbstractKeyword.findWebElement(WebUIAbstractKeyword.groovy:27)
	at com.kms.katalon.core.webui.keyword.builtin.ClickKeyword$_click_closure1.doCall(ClickKeyword.groovy:65)
	at com.kms.katalon.core.webui.keyword.builtin.ClickKeyword$_click_closure1.call(ClickKeyword.groovy)
	at com.kms.katalon.core.webui.keyword.internal.WebUIKeywordMain.runKeyword(WebUIKeywordMain.groovy:20)
	... 19 more


2022-04-05 10:19:39 - [TEST_STEP][PASSED] - callTestCase(findTestCase("Доктор/Авторизация врач"), [:], STOP_ON_FAILURE): Call Test Case 'Test Cases/Доктор/Авторизация врач' successfully

2022-04-05 10:19:40 - [TEST_CASE][PASSED] - Test Cases/Доктор/Авторизация врач: Test Cases/Доктор/Авторизация врач

2022-04-05 10:19:43 - [TEST_STEP][PASSED] - openBrowser(""): Browser is opened with url: ''

2022-04-05 10:19:44 - [MESSAGE][INFO] - User set preference: ['os', 'linux']

2022-04-05 10:19:44 - [MESSAGE][INFO] - User set preference: ['browserName', 'chrome']

2022-04-05 10:19:44 - [MESSAGE][INFO] - User set preference: ['browserVersion', '97']

2022-04-05 10:19:44 - [MESSAGE][INFO] - User set preference: ['katalon:option', '{organizationId=632442, tunnelId=, usingTunnel=false}']

2022-04-05 10:19:44 - [MESSAGE][INFO] - Connecting to remote web server 'testcloud.katalon.com/hub' with type 'Selenium'

2022-04-05 10:19:47 - [MESSAGE][INFO] - Action delay is set to 100 milliseconds

2022-04-05 10:23:08 - [MESSAGE][PASSED] - Browser is opened with url: ''

2022-04-05 10:23:08 - [TEST_STEP][PASSED] - maximizeWindow(): Current window maximized

2022-04-05 10:23:08 - [MESSAGE][PASSED] - Current window maximized

2022-04-05 10:23:08 - [TEST_STEP][PASSED] - navigateToUrl(url): Navigate to 'https://stars-stage.hawk.ru:8080' successfully

2022-04-05 10:23:14 - [MESSAGE][PASSED] - Navigate to 'https://stars-stage.hawk.ru:8080' successfully

2022-04-05 10:23:14 - [TEST_STEP][PASSED] - setText(findTestObject("Object Repository/vra/Page_/input__sc-lnrBVv eqPACj"), doktor_login): Text 'TestDoctor@mail.ru' is set on object 'Object Repository/vra/Page_/input__sc-lnrBVv eqPACj'

2022-04-05 10:23:19 - [MESSAGE][PASSED] - Text 'TestDoctor@mail.ru' is set on object 'Object Repository/vra/Page_/input__sc-lnrBVv eqPACj'

2022-04-05 10:23:19 - [TEST_STEP][PASSED] - setText(findTestObject("Object Repository/vra/Page_/input__sc-lnrBVv eqPACj_1"), doktor_password, STOP_ON_FAILURE): Text 'testdoctor@mail.ru' is set on object 'Object Repository/vra/Page_/input__sc-lnrBVv eqPACj_1'

2022-04-05 10:23:23 - [MESSAGE][PASSED] - Text 'testdoctor@mail.ru' is set on object 'Object Repository/vra/Page_/input__sc-lnrBVv eqPACj_1'

2022-04-05 10:23:23 - [TEST_STEP][PASSED] - click(findTestObject("Object Repository/vrach/Page_/Page_/go")): Object: 'Object Repository/vrach/Page_/Page_/go' is clicked on

2022-04-05 10:23:25 - [MESSAGE][PASSED] - Object: 'Object Repository/vrach/Page_/Page_/go' is clicked on

2022-04-05 10:23:25 - [MESSAGE][PASSED] - Call Test Case 'Test Cases/Доктор/Авторизация врач' successfully

2022-04-05 10:23:25 - [TEST_STEP][PASSED] - click(findTestObject("Object Repository/Avangard New/Object (Доктор)/Case (Питание)/span_pitanie")): Object: 'Object Repository/Avangard New/Object (Доктор)/Case (Питание)/span_pitanie' is clicked on

2022-04-05 10:23:33 - [MESSAGE][PASSED] - Object: 'Object Repository/Avangard New/Object (Доктор)/Case (Питание)/span_pitanie' is clicked on

2022-04-05 10:23:33 - [TEST_STEP][PASSED] - click(findTestObject("Object Repository/Avangard New/Object (Доктор)/Case (Питание)/place_choose school")): Object: 'Object Repository/Avangard New/Object (Доктор)/Case (Питание)/place_choose school' is clicked on

2022-04-05 10:23:36 - [MESSAGE][PASSED] - Object: 'Object Repository/Avangard New/Object (Доктор)/Case (Питание)/place_choose school' is clicked on

2022-04-05 10:23:36 - [TEST_STEP][PASSED] - click(findTestObject("Object Repository/Avangard New/Object (Доктор)/Case (Питание)/div_Avangard")): Object: 'Object Repository/Avangard New/Object (Доктор)/Case (Питание)/div_Avangard' is clicked on

2022-04-05 10:23:39 - [MESSAGE][PASSED] - Object: 'Object Repository/Avangard New/Object (Доктор)/Case (Питание)/div_Avangard' is clicked on

2022-04-05 10:23:39 - [TEST_STEP][PASSED] - click(findTestObject("Object Repository/Avangard New/Object (Доктор)/Case (Питание)/place choose team")): Object: 'Object Repository/Avangard New/Object (Доктор)/Case (Питание)/place choose team' is clicked on

2022-04-05 10:23:41 - [MESSAGE][PASSED] - Object: 'Object Repository/Avangard New/Object (Доктор)/Case (Питание)/place choose team' is clicked on

2022-04-05 10:23:41 - [TEST_STEP][PASSED] - click(findTestObject("Object Repository/Avangard New/Object (Доктор)/Case (Питание)/div_omsk")): Object: 'Object Repository/Avangard New/Object (Доктор)/Case (Питание)/div_omsk' is clicked on

2022-04-05 10:23:43 - [MESSAGE][PASSED] - Object: 'Object Repository/Avangard New/Object (Доктор)/Case (Питание)/div_omsk' is clicked on

2022-04-05 10:23:43 - [TEST_STEP][PASSED] - click(findTestObject("Object Repository/Avangard New/Object (Доктор)/Case (Питание)/button_edit")): Object: 'Object Repository/Avangard New/Object (Доктор)/Case (Питание)/button_edit' is clicked on

2022-04-05 10:23:46 - [MESSAGE][PASSED] - Object: 'Object Repository/Avangard New/Object (Доктор)/Case (Питание)/button_edit' is clicked on

2022-04-05 10:23:46 - [TEST_STEP][FAILED] - click(findTestObject("Object Repository/Avangard New/Object (Доктор)/Case (Питание)/span_add")): Unable to click on object 'Object Repository/Avangard New/Object (Доктор)/Case (Питание)/span_add' (Root cause: com.kms.katalon.core.exception.StepFailedException: Unable to click on object 'Object Repository/Avangard New/Object (Доктор)/Case (Питание)/span_add'
	at com.kms.katalon.core.webui.keyword.internal.WebUIKeywordMain.stepFailed(WebUIKeywordMain.groovy:64)
	at com.kms.katalon.core.webui.keyword.internal.WebUIKeywordMain.runKeyword(WebUIKeywordMain.groovy:26)
	at com.kms.katalon.core.webui.keyword.builtin.ClickKeyword.click(ClickKeyword.groovy:74)
	at com.kms.katalon.core.webui.keyword.builtin.ClickKeyword.execute(ClickKeyword.groovy:40)
	at com.kms.katalon.core.keyword.internal.KeywordExecutor.executeKeywordForPlatform(KeywordExecutor.groovy:74)
	at com.kms.katalon.core.webui.keyword.WebUiBuiltInKeywords.click(WebUiBuiltInKeywords.groovy:620)
	at com.kms.katalon.core.webui.keyword.WebUiBuiltInKeywords$click$4.call(Unknown Source)
	at дописать проверку на игрока Проверка вкладки Питание.run(дописать проверку на игрока Проверка вкладки Питание:41)
	at com.kms.katalon.core.main.ScriptEngine.run(ScriptEngine.java:194)
	at com.kms.katalon.core.main.ScriptEngine.runScriptAsRawText(ScriptEngine.java:119)
	at com.kms.katalon.core.main.TestCaseExecutor.runScript(TestCaseExecutor.java:442)
	at com.kms.katalon.core.main.TestCaseExecutor.doExecute(TestCaseExecutor.java:433)
	at com.kms.katalon.core.main.TestCaseExecutor.processExecutionPhase(TestCaseExecutor.java:412)
	at com.kms.katalon.core.main.TestCaseExecutor.accessMainPhase(TestCaseExecutor.java:404)
	at com.kms.katalon.core.main.TestCaseExecutor.execute(TestCaseExecutor.java:281)
	at com.kms.katalon.core.main.TestSuiteExecutor.accessTestCaseMainPhase(TestSuiteExecutor.java:202)
	at com.kms.katalon.core.main.TestSuiteExecutor.accessTestSuiteMainPhase(TestSuiteExecutor.java:164)
	at com.kms.katalon.core.main.TestSuiteExecutor.execute(TestSuiteExecutor.java:105)
	at com.kms.katalon.core.main.TestCaseMain.startTestSuite(TestCaseMain.java:185)
	at com.kms.katalon.core.main.TestCaseMain$startTestSuite$0.call(Unknown Source)
	at TempTestSuite1649143152685.run(TempTestSuite1649143152685.groovy:36)
Caused by: com.kms.katalon.core.webui.exception.WebElementNotFoundException: Web element with id: 'Object Repository/Avangard New/Object (Доктор)/Case (Питание)/span_add' located by '/html/body/div/div[1]/div/div[2]/div/div[3]/div/div[1]/div/div/div/div/table/tbody/tr[4]/td[6]/span' not found
	at com.kms.katalon.core.webui.common.WebUiCommonHelper.findWebElement(WebUiCommonHelper.java:1370)
	at com.kms.katalon.core.webui.keyword.internal.WebUIAbstractKeyword.findWebElement(WebUIAbstractKeyword.groovy:27)
	at com.kms.katalon.core.webui.keyword.builtin.ClickKeyword$_click_closure1.doCall(ClickKeyword.groovy:65)
	at com.kms.katalon.core.webui.keyword.builtin.ClickKeyword$_click_closure1.call(ClickKeyword.groovy)
	at com.kms.katalon.core.webui.keyword.internal.WebUIKeywordMain.runKeyword(WebUIKeywordMain.groovy:20)
	at com.kms.katalon.core.webui.keyword.builtin.ClickKeyword.click(ClickKeyword.groovy:74)
	at com.kms.katalon.core.webui.keyword.builtin.ClickKeyword.execute(ClickKeyword.groovy:40)
	at com.kms.katalon.core.keyword.internal.KeywordExecutor.executeKeywordForPlatform(KeywordExecutor.groovy:74)
	at com.kms.katalon.core.webui.keyword.WebUiBuiltInKeywords.click(WebUiBuiltInKeywords.groovy:620)
	at com.kms.katalon.core.webui.keyword.WebUiBuiltInKeywords$click$4.call(Unknown Source)
	at Script1645638970189.run(Script1645638970189.groovy:41)
	... 13 more
)

2022-04-05 10:24:18 - [MESSAGE][INFO] - Unable to find the element located by 'By.xpath: /html/body/div/div[1]/div/div[2]/div/div[3]/div/div[1]/div/div/div/div/table/tbody/tr[4]/td[6]/span'. Please recheck the objects properties to make sure the desired element is located. 

2022-04-05 10:24:18 - [MESSAGE][WARNING] - [SELF-HEALING] Failed to find element with id 'Object Repository/Avangard New/Object (Доктор)/Case (Питание)/span_add'. Try using Self-healing.

2022-04-05 10:24:19 - [MESSAGE][INFO] - [SELF-HEALING] Failed Locator: '//table[@id='BMIEditForm']/tbody/tr[4]/td[2]/span'.

2022-04-05 10:24:21 - [MESSAGE][INFO] - [SELF-HEALING] Failed Locator: '(.//*[normalize-space(text()) and normalize-space(.)='Добавить рацион'])[3]/following::span[1]'.

2022-04-05 10:24:22 - [MESSAGE][INFO] - [SELF-HEALING] Failed Locator: '(.//*[normalize-space(text()) and normalize-space(.)='Добавить рацион'])[2]/following::span[2]'.

2022-04-05 10:24:23 - [MESSAGE][INFO] - [SELF-HEALING] Failed Locator: '(.//*[normalize-space(text()) and normalize-space(.)='Добавить рацион'])[5]/preceding::span[1]'.

2022-04-05 10:24:25 - [MESSAGE][INFO] - [SELF-HEALING] Failed Locator: '(.//*[normalize-space(text()) and normalize-space(.)='Добавить рацион'])[6]/preceding::span[2]'.

2022-04-05 10:24:26 - [MESSAGE][INFO] - [SELF-HEALING] Failed Locator: '//tr[4]/td[2]/span'.

2022-04-05 10:24:28 - [MESSAGE][INFO] - [SELF-HEALING] Failed Locator: '//span[(text() = 'Добавить рацион' or . = 'Добавить рацион')]'.

2022-04-05 10:24:29 - [MESSAGE][INFO] - Unable to find the element located by 'By.xpath: //*[(text() = 'Добавить рацион' or . = 'Добавить рацион')]'. Please recheck the objects properties to make sure the desired element is located. 

2022-04-05 10:24:30 - [MESSAGE][INFO] - Unable to find the element located by 'By.cssSelector: '. Please recheck the objects properties to make sure the desired element is located. 

2022-04-05 10:24:33 - [MESSAGE][FAILED] - Unable to click on object 'Object Repository/Avangard New/Object (Доктор)/Case (Питание)/span_add' (Root cause: com.kms.katalon.core.exception.StepFailedException: Unable to click on object 'Object Repository/Avangard New/Object (Доктор)/Case (Питание)/span_add'
	at com.kms.katalon.core.webui.keyword.internal.WebUIKeywordMain.stepFailed(WebUIKeywordMain.groovy:64)
	at com.kms.katalon.core.webui.keyword.internal.WebUIKeywordMain.runKeyword(WebUIKeywordMain.groovy:26)
	at com.kms.katalon.core.webui.keyword.builtin.ClickKeyword.click(ClickKeyword.groovy:74)
	at com.kms.katalon.core.webui.keyword.builtin.ClickKeyword.execute(ClickKeyword.groovy:40)
	at com.kms.katalon.core.keyword.internal.KeywordExecutor.executeKeywordForPlatform(KeywordExecutor.groovy:74)
	at com.kms.katalon.core.webui.keyword.WebUiBuiltInKeywords.click(WebUiBuiltInKeywords.groovy:620)
	at com.kms.katalon.core.webui.keyword.WebUiBuiltInKeywords$click$4.call(Unknown Source)
	at дописать проверку на игрока Проверка вкладки Питание.run(дописать проверку на игрока Проверка вкладки Питание:41)
	at com.kms.katalon.core.main.ScriptEngine.run(ScriptEngine.java:194)
	at com.kms.katalon.core.main.ScriptEngine.runScriptAsRawText(ScriptEngine.java:119)
	at com.kms.katalon.core.main.TestCaseExecutor.runScript(TestCaseExecutor.java:442)
	at com.kms.katalon.core.main.TestCaseExecutor.doExecute(TestCaseExecutor.java:433)
	at com.kms.katalon.core.main.TestCaseExecutor.processExecutionPhase(TestCaseExecutor.java:412)
	at com.kms.katalon.core.main.TestCaseExecutor.accessMainPhase(TestCaseExecutor.java:404)
	at com.kms.katalon.core.main.TestCaseExecutor.execute(TestCaseExecutor.java:281)
	at com.kms.katalon.core.main.TestSuiteExecutor.accessTestCaseMainPhase(TestSuiteExecutor.java:202)
	at com.kms.katalon.core.main.TestSuiteExecutor.accessTestSuiteMainPhase(TestSuiteExecutor.java:164)
	at com.kms.katalon.core.main.TestSuiteExecutor.execute(TestSuiteExecutor.java:105)
	at com.kms.katalon.core.main.TestCaseMain.startTestSuite(TestCaseMain.java:185)
	at com.kms.katalon.core.main.TestCaseMain$startTestSuite$0.call(Unknown Source)
	at TempTestSuite1649143152685.run(TempTestSuite1649143152685.groovy:36)
Caused by: com.kms.katalon.core.webui.exception.WebElementNotFoundException: Web element with id: 'Object Repository/Avangard New/Object (Доктор)/Case (Питание)/span_add' located by '/html/body/div/div[1]/div/div[2]/div/div[3]/div/div[1]/div/div/div/div/table/tbody/tr[4]/td[6]/span' not found
	at com.kms.katalon.core.webui.common.WebUiCommonHelper.findWebElement(WebUiCommonHelper.java:1370)
	at com.kms.katalon.core.webui.keyword.internal.WebUIAbstractKeyword.findWebElement(WebUIAbstractKeyword.groovy:27)
	at com.kms.katalon.core.webui.keyword.builtin.ClickKeyword$_click_closure1.doCall(ClickKeyword.groovy:65)
	at com.kms.katalon.core.webui.keyword.builtin.ClickKeyword$_click_closure1.call(ClickKeyword.groovy)
	at com.kms.katalon.core.webui.keyword.internal.WebUIKeywordMain.runKeyword(WebUIKeywordMain.groovy:20)
	at com.kms.katalon.core.webui.keyword.builtin.ClickKeyword.click(ClickKeyword.groovy:74)
	at com.kms.katalon.core.webui.keyword.builtin.ClickKeyword.execute(ClickKeyword.groovy:40)
	at com.kms.katalon.core.keyword.internal.KeywordExecutor.executeKeywordForPlatform(KeywordExecutor.groovy:74)
	at com.kms.katalon.core.webui.keyword.WebUiBuiltInKeywords.click(WebUiBuiltInKeywords.groovy:620)
	at com.kms.katalon.core.webui.keyword.WebUiBuiltInKeywords$click$4.call(Unknown Source)
	at Script1645638970189.run(Script1645638970189.groovy:41)
	... 13 more
)
[[ATTACHMENT|C:\\Users\\LENOVO\\Katalon Studio\\Avangard\\Reports\\20220405_101904\\\u0414\u043E\u043A\u0442\u043E\u0440\\20220405_101912\\1649143470800.png]]]]></system-out>
         <system-err><![CDATA[2022-04-05 10:19:35 - [TEST_CASE][FAILED] - Test Cases/Доктор/дописать проверку на игрока Проверка вкладки Питание: Test Cases/Доктор/дописать проверку на игрока Проверка вкладки Питание FAILED.
Reason:
com.kms.katalon.core.exception.StepFailedException: Unable to click on object 'Object Repository/Avangard New/Object (Доктор)/Case (Питание)/span_add'
	at com.kms.katalon.core.webui.keyword.internal.WebUIKeywordMain.stepFailed(WebUIKeywordMain.groovy:64)
	at com.kms.katalon.core.webui.keyword.internal.WebUIKeywordMain.runKeyword(WebUIKeywordMain.groovy:26)
	at com.kms.katalon.core.webui.keyword.builtin.ClickKeyword.click(ClickKeyword.groovy:74)
	at com.kms.katalon.core.webui.keyword.builtin.ClickKeyword.execute(ClickKeyword.groovy:40)
	at com.kms.katalon.core.keyword.internal.KeywordExecutor.executeKeywordForPlatform(KeywordExecutor.groovy:74)
	at com.kms.katalon.core.webui.keyword.WebUiBuiltInKeywords.click(WebUiBuiltInKeywords.groovy:620)
	at com.kms.katalon.core.webui.keyword.WebUiBuiltInKeywords$click$4.call(Unknown Source)
	at дописать проверку на игрока Проверка вкладки Питание.run(дописать проверку на игрока Проверка вкладки Питание:41)
	at com.kms.katalon.core.main.ScriptEngine.run(ScriptEngine.java:194)
	at com.kms.katalon.core.main.ScriptEngine.runScriptAsRawText(ScriptEngine.java:119)
	at com.kms.katalon.core.main.TestCaseExecutor.runScript(TestCaseExecutor.java:442)
	at com.kms.katalon.core.main.TestCaseExecutor.doExecute(TestCaseExecutor.java:433)
	at com.kms.katalon.core.main.TestCaseExecutor.processExecutionPhase(TestCaseExecutor.java:412)
	at com.kms.katalon.core.main.TestCaseExecutor.accessMainPhase(TestCaseExecutor.java:404)
	at com.kms.katalon.core.main.TestCaseExecutor.execute(TestCaseExecutor.java:281)
	at com.kms.katalon.core.main.TestSuiteExecutor.accessTestCaseMainPhase(TestSuiteExecutor.java:202)
	at com.kms.katalon.core.main.TestSuiteExecutor.accessTestSuiteMainPhase(TestSuiteExecutor.java:164)
	at com.kms.katalon.core.main.TestSuiteExecutor.execute(TestSuiteExecutor.java:105)
	at com.kms.katalon.core.main.TestCaseMain.startTestSuite(TestCaseMain.java:185)
	at com.kms.katalon.core.main.TestCaseMain$startTestSuite$0.call(Unknown Source)
	at TempTestSuite1649143152685.run(TempTestSuite1649143152685.groovy:36)
Caused by: com.kms.katalon.core.webui.exception.WebElementNotFoundException: Web element with id: 'Object Repository/Avangard New/Object (Доктор)/Case (Питание)/span_add' located by '/html/body/div/div[1]/div/div[2]/div/div[3]/div/div[1]/div/div/div/div/table/tbody/tr[4]/td[6]/span' not found
	at com.kms.katalon.core.webui.common.WebUiCommonHelper.findWebElement(WebUiCommonHelper.java:1370)
	at com.kms.katalon.core.webui.keyword.internal.WebUIAbstractKeyword.findWebElement(WebUIAbstractKeyword.groovy:27)
	at com.kms.katalon.core.webui.keyword.builtin.ClickKeyword$_click_closure1.doCall(ClickKeyword.groovy:65)
	at com.kms.katalon.core.webui.keyword.builtin.ClickKeyword$_click_closure1.call(ClickKeyword.groovy)
	at com.kms.katalon.core.webui.keyword.internal.WebUIKeywordMain.runKeyword(WebUIKeywordMain.groovy:20)
	... 19 more]]></system-err>
      </testcase>
      <testcase name="Test Cases/Доктор/Просмотр профиля" time="308.175" classname="Test Cases/Доктор/Просмотр профиля" status="PASSED">
         <system-out><![CDATA[2022-04-05 10:24:35 - [TEST_CASE][PASSED] - Test Cases/Доктор/Просмотр профиля: Test Cases/Доктор/Просмотр профиля

2022-04-05 10:24:35 - [TEST_STEP][PASSED] - callTestCase(findTestCase("Доктор/Авторизация врач"), [:], STOP_ON_FAILURE): Call Test Case 'Test Cases/Доктор/Авторизация врач' successfully

2022-04-05 10:24:35 - [TEST_CASE][PASSED] - Test Cases/Доктор/Авторизация врач: Test Cases/Доктор/Авторизация врач

2022-04-05 10:24:35 - [TEST_STEP][PASSED] - openBrowser(""): Browser is opened with url: ''

2022-04-05 10:24:35 - [MESSAGE][WARNING] - A browser is already opened. Closing browser and opening a new one

2022-04-05 10:24:36 - [MESSAGE][INFO] - User set preference: ['os', 'linux']

2022-04-05 10:24:36 - [MESSAGE][INFO] - User set preference: ['browserName', 'chrome']

2022-04-05 10:24:36 - [MESSAGE][INFO] - User set preference: ['browserVersion', '97']

2022-04-05 10:24:36 - [MESSAGE][INFO] - User set preference: ['katalon:option', '{organizationId=632442, tunnelId=, usingTunnel=false}']

2022-04-05 10:24:36 - [MESSAGE][INFO] - Connecting to remote web server 'testcloud.katalon.com/hub' with type 'Selenium'

2022-04-05 10:24:36 - [MESSAGE][INFO] - Action delay is set to 100 milliseconds

2022-04-05 10:29:10 - [MESSAGE][PASSED] - Browser is opened with url: ''

2022-04-05 10:29:10 - [TEST_STEP][PASSED] - maximizeWindow(): Current window maximized

2022-04-05 10:29:11 - [MESSAGE][PASSED] - Current window maximized

2022-04-05 10:29:11 - [TEST_STEP][PASSED] - navigateToUrl(url): Navigate to 'https://stars-stage.hawk.ru:8080' successfully

2022-04-05 10:29:17 - [MESSAGE][PASSED] - Navigate to 'https://stars-stage.hawk.ru:8080' successfully

2022-04-05 10:29:17 - [TEST_STEP][PASSED] - setText(findTestObject("Object Repository/vra/Page_/input__sc-lnrBVv eqPACj"), doktor_login): Text 'TestDoctor@mail.ru' is set on object 'Object Repository/vra/Page_/input__sc-lnrBVv eqPACj'

2022-04-05 10:29:21 - [MESSAGE][PASSED] - Text 'TestDoctor@mail.ru' is set on object 'Object Repository/vra/Page_/input__sc-lnrBVv eqPACj'

2022-04-05 10:29:21 - [TEST_STEP][PASSED] - setText(findTestObject("Object Repository/vra/Page_/input__sc-lnrBVv eqPACj_1"), doktor_password, STOP_ON_FAILURE): Text 'testdoctor@mail.ru' is set on object 'Object Repository/vra/Page_/input__sc-lnrBVv eqPACj_1'

2022-04-05 10:29:26 - [MESSAGE][PASSED] - Text 'testdoctor@mail.ru' is set on object 'Object Repository/vra/Page_/input__sc-lnrBVv eqPACj_1'

2022-04-05 10:29:26 - [TEST_STEP][PASSED] - click(findTestObject("Object Repository/vrach/Page_/Page_/go")): Object: 'Object Repository/vrach/Page_/Page_/go' is clicked on

2022-04-05 10:29:28 - [MESSAGE][PASSED] - Object: 'Object Repository/vrach/Page_/Page_/go' is clicked on

2022-04-05 10:29:28 - [MESSAGE][PASSED] - Call Test Case 'Test Cases/Доктор/Авторизация врач' successfully

2022-04-05 10:29:28 - [TEST_STEP][PASSED] - click(findTestObject("Object Repository/vrach/profile/Page_/span_TestDoctormail.ru")): Object: 'Object Repository/vrach/profile/Page_/span_TestDoctormail.ru' is clicked on

2022-04-05 10:29:36 - [MESSAGE][PASSED] - Object: 'Object Repository/vrach/profile/Page_/span_TestDoctormail.ru' is clicked on

2022-04-05 10:29:36 - [TEST_STEP][PASSED] - click(findTestObject("Object Repository/vrach/profile/Page_/save")): Object: 'Object Repository/vrach/profile/Page_/save' is clicked on

2022-04-05 10:29:38 - [MESSAGE][PASSED] - Object: 'Object Repository/vrach/profile/Page_/save' is clicked on

2022-04-05 10:29:38 - [TEST_STEP][PASSED] - verifyTextPresent("Пользователь сохранен", true): Text 'Пользователь сохранен' is present on page  using regular expression

2022-04-05 10:29:41 - [MESSAGE][PASSED] - Text 'Пользователь сохранен' is present on page  using regular expression

2022-04-05 10:29:41 - [TEST_STEP][PASSED] - click(findTestObject("Object Repository/vrach/profile/Page_/exit")): Object: 'Object Repository/vrach/profile/Page_/exit' is clicked on

2022-04-05 10:29:43 - [MESSAGE][PASSED] - Object: 'Object Repository/vrach/profile/Page_/exit' is clicked on

2022-04-05 10:29:43 - [TEST_STEP][PASSED] - closeBrowser(): Browser is closed

2022-04-05 10:29:43 - [MESSAGE][PASSED] - Browser is closed]]></system-out>
         <system-err><![CDATA[]]></system-err>
      </testcase>
      <testcase name="Test Cases/Доктор/Психотест (психолог)" time="366.103" classname="Test Cases/Доктор/Психотест (психолог)" status="FAILED">
         <failure type="FAILED" message="Test Cases/Доктор/Психотест (психолог) FAILED.
Reason:
com.kms.katalon.core.exception.StepFailedException: Unable to click on object 'Object Repository/vrach/psychotest/Page_/varplayer'
	at com.kms.katalon.core.webui.keyword.internal.WebUIKeywordMain.stepFailed(WebUIKeywordMain.groovy:64)
	at com.kms.katalon.core.webui.keyword.internal.WebUIKeywordMain.runKeyword(WebUIKeywordMain.groovy:26)
	at com.kms.katalon.core.webui.keyword.builtin.ClickKeyword.click(ClickKeyword.groovy:74)
	at com.kms.katalon.core.webui.keyword.builtin.ClickKeyword.execute(ClickKeyword.groovy:40)
	at com.kms.katalon.core.keyword.internal.KeywordExecutor.executeKeywordForPlatform(KeywordExecutor.groovy:74)
	at com.kms.katalon.core.webui.keyword.WebUiBuiltInKeywords.click(WebUiBuiltInKeywords.groovy:620)
	at com.kms.katalon.core.webui.keyword.WebUiBuiltInKeywords$click$4.call(Unknown Source)
	at Психотест (психолог).run(Психотест (психолог):47)
	at com.kms.katalon.core.main.ScriptEngine.run(ScriptEngine.java:194)
	at com.kms.katalon.core.main.ScriptEngine.runScriptAsRawText(ScriptEngine.java:119)
	at com.kms.katalon.core.main.TestCaseExecutor.runScript(TestCaseExecutor.java:442)
	at com.kms.katalon.core.main.TestCaseExecutor.doExecute(TestCaseExecutor.java:433)
	at com.kms.katalon.core.main.TestCaseExecutor.processExecutionPhase(TestCaseExecutor.java:412)
	at com.kms.katalon.core.main.TestCaseExecutor.accessMainPhase(TestCaseExecutor.java:404)
	at com.kms.katalon.core.main.TestCaseExecutor.execute(TestCaseExecutor.java:281)
	at com.kms.katalon.core.main.TestSuiteExecutor.accessTestCaseMainPhase(TestSuiteExecutor.java:202)
	at com.kms.katalon.core.main.TestSuiteExecutor.accessTestSuiteMainPhase(TestSuiteExecutor.java:164)
	at com.kms.katalon.core.main.TestSuiteExecutor.execute(TestSuiteExecutor.java:105)
	at com.kms.katalon.core.main.TestCaseMain.startTestSuite(TestCaseMain.java:185)
	at com.kms.katalon.core.main.TestCaseMain$startTestSuite$0.call(Unknown Source)
	at TempTestSuite1649143152685.run(TempTestSuite1649143152685.groovy:36)
Caused by: com.kms.katalon.core.webui.exception.WebElementNotFoundException: Web element with id: 'Object Repository/vrach/psychotest/Page_/varplayer' located by '//div[@id='react-select-4-option-3']' not found
	at com.kms.katalon.core.webui.common.WebUiCommonHelper.findWebElement(WebUiCommonHelper.java:1370)
	at com.kms.katalon.core.webui.keyword.internal.WebUIAbstractKeyword.findWebElement(WebUIAbstractKeyword.groovy:27)
	at com.kms.katalon.core.webui.keyword.builtin.ClickKeyword$_click_closure1.doCall(ClickKeyword.groovy:65)
	at com.kms.katalon.core.webui.keyword.builtin.ClickKeyword$_click_closure1.call(ClickKeyword.groovy)
	at com.kms.katalon.core.webui.keyword.internal.WebUIKeywordMain.runKeyword(WebUIKeywordMain.groovy:20)
	... 19 more
"/>
         <system-out><![CDATA[2022-04-05 10:29:43 - [TEST_CASE][FAILED] - Test Cases/Доктор/Психотест (психолог): Test Cases/Доктор/Психотест (психолог) FAILED.
Reason:
com.kms.katalon.core.exception.StepFailedException: Unable to click on object 'Object Repository/vrach/psychotest/Page_/varplayer'
	at com.kms.katalon.core.webui.keyword.internal.WebUIKeywordMain.stepFailed(WebUIKeywordMain.groovy:64)
	at com.kms.katalon.core.webui.keyword.internal.WebUIKeywordMain.runKeyword(WebUIKeywordMain.groovy:26)
	at com.kms.katalon.core.webui.keyword.builtin.ClickKeyword.click(ClickKeyword.groovy:74)
	at com.kms.katalon.core.webui.keyword.builtin.ClickKeyword.execute(ClickKeyword.groovy:40)
	at com.kms.katalon.core.keyword.internal.KeywordExecutor.executeKeywordForPlatform(KeywordExecutor.groovy:74)
	at com.kms.katalon.core.webui.keyword.WebUiBuiltInKeywords.click(WebUiBuiltInKeywords.groovy:620)
	at com.kms.katalon.core.webui.keyword.WebUiBuiltInKeywords$click$4.call(Unknown Source)
	at Психотест (психолог).run(Психотест (психолог):47)
	at com.kms.katalon.core.main.ScriptEngine.run(ScriptEngine.java:194)
	at com.kms.katalon.core.main.ScriptEngine.runScriptAsRawText(ScriptEngine.java:119)
	at com.kms.katalon.core.main.TestCaseExecutor.runScript(TestCaseExecutor.java:442)
	at com.kms.katalon.core.main.TestCaseExecutor.doExecute(TestCaseExecutor.java:433)
	at com.kms.katalon.core.main.TestCaseExecutor.processExecutionPhase(TestCaseExecutor.java:412)
	at com.kms.katalon.core.main.TestCaseExecutor.accessMainPhase(TestCaseExecutor.java:404)
	at com.kms.katalon.core.main.TestCaseExecutor.execute(TestCaseExecutor.java:281)
	at com.kms.katalon.core.main.TestSuiteExecutor.accessTestCaseMainPhase(TestSuiteExecutor.java:202)
	at com.kms.katalon.core.main.TestSuiteExecutor.accessTestSuiteMainPhase(TestSuiteExecutor.java:164)
	at com.kms.katalon.core.main.TestSuiteExecutor.execute(TestSuiteExecutor.java:105)
	at com.kms.katalon.core.main.TestCaseMain.startTestSuite(TestCaseMain.java:185)
	at com.kms.katalon.core.main.TestCaseMain$startTestSuite$0.call(Unknown Source)
	at TempTestSuite1649143152685.run(TempTestSuite1649143152685.groovy:36)
Caused by: com.kms.katalon.core.webui.exception.WebElementNotFoundException: Web element with id: 'Object Repository/vrach/psychotest/Page_/varplayer' located by '//div[@id='react-select-4-option-3']' not found
	at com.kms.katalon.core.webui.common.WebUiCommonHelper.findWebElement(WebUiCommonHelper.java:1370)
	at com.kms.katalon.core.webui.keyword.internal.WebUIAbstractKeyword.findWebElement(WebUIAbstractKeyword.groovy:27)
	at com.kms.katalon.core.webui.keyword.builtin.ClickKeyword$_click_closure1.doCall(ClickKeyword.groovy:65)
	at com.kms.katalon.core.webui.keyword.builtin.ClickKeyword$_click_closure1.call(ClickKeyword.groovy)
	at com.kms.katalon.core.webui.keyword.internal.WebUIKeywordMain.runKeyword(WebUIKeywordMain.groovy:20)
	... 19 more


2022-04-05 10:29:44 - [TEST_STEP][PASSED] - openBrowser(""): Browser is opened with url: ''

2022-04-05 10:29:44 - [MESSAGE][INFO] - User set preference: ['os', 'linux']

2022-04-05 10:29:44 - [MESSAGE][INFO] - User set preference: ['browserName', 'chrome']

2022-04-05 10:29:44 - [MESSAGE][INFO] - User set preference: ['browserVersion', '97']

2022-04-05 10:29:44 - [MESSAGE][INFO] - User set preference: ['katalon:option', '{organizationId=632442, tunnelId=, usingTunnel=false}']

2022-04-05 10:29:44 - [MESSAGE][INFO] - Connecting to remote web server 'testcloud.katalon.com/hub' with type 'Selenium'

2022-04-05 10:29:44 - [MESSAGE][INFO] - Action delay is set to 100 milliseconds

2022-04-05 10:33:10 - [MESSAGE][PASSED] - Browser is opened with url: ''

2022-04-05 10:33:10 - [TEST_STEP][PASSED] - maximizeWindow(): Current window maximized

2022-04-05 10:33:10 - [MESSAGE][PASSED] - Current window maximized

2022-04-05 10:33:10 - [TEST_STEP][PASSED] - navigateToUrl("https://stars-stage.hawk.ru:8080/"): Navigate to 'https://stars-stage.hawk.ru:8080/' successfully

2022-04-05 10:33:16 - [MESSAGE][PASSED] - Navigate to 'https://stars-stage.hawk.ru:8080/' successfully

2022-04-05 10:33:16 - [TEST_STEP][PASSED] - setText(findTestObject("Avangard New/Object (Психолог)/login (Логин Психолог)"), "psychotest@test.ru"): Text 'psychotest@test.ru' is set on object 'Object Repository/Avangard New/Object (Психолог)/login (Логин Психолог)'

2022-04-05 10:33:20 - [MESSAGE][PASSED] - Text 'psychotest@test.ru' is set on object 'Object Repository/Avangard New/Object (Психолог)/login (Логин Психолог)'

2022-04-05 10:33:20 - [TEST_STEP][PASSED] - setText(findTestObject("Avangard New/Object (Психолог)/password (Пароль Психолог)"), "psychotest@test.ru", STOP_ON_FAILURE): Text 'psychotest@test.ru' is set on object 'Object Repository/Avangard New/Object (Психолог)/password (Пароль Психолог)'

2022-04-05 10:33:24 - [MESSAGE][PASSED] - Text 'psychotest@test.ru' is set on object 'Object Repository/Avangard New/Object (Психолог)/password (Пароль Психолог)'

2022-04-05 10:33:24 - [TEST_STEP][PASSED] - click(findTestObject("Object Repository/vrach/psychotest/Page_/go")): Object: 'Object Repository/vrach/psychotest/Page_/go' is clicked on

2022-04-05 10:33:26 - [MESSAGE][PASSED] - Object: 'Object Repository/vrach/psychotest/Page_/go' is clicked on

2022-04-05 10:33:26 - [TEST_STEP][PASSED] - click(findTestObject("Object Repository/vrach/psychotest/Page_/psychotest")): Object: 'Object Repository/vrach/psychotest/Page_/psychotest' is clicked on

2022-04-05 10:33:35 - [MESSAGE][PASSED] - Object: 'Object Repository/vrach/psychotest/Page_/psychotest' is clicked on

2022-04-05 10:33:35 - [TEST_STEP][PASSED] - verifyTextPresent("Психологический профиль", false): Text 'Психологический профиль' is present on page 

2022-04-05 10:33:37 - [MESSAGE][PASSED] - Text 'Психологический профиль' is present on page 

2022-04-05 10:33:37 - [TEST_STEP][PASSED] - click(findTestObject("Object Repository/vrach/psychotest/Page_/school")): Object: 'Object Repository/vrach/psychotest/Page_/school' is clicked on

2022-04-05 10:33:39 - [MESSAGE][PASSED] - Object: 'Object Repository/vrach/psychotest/Page_/school' is clicked on

2022-04-05 10:33:39 - [TEST_STEP][PASSED] - click(findTestObject("Object Repository/vrach/psychotest/Page_/avanguard")): Object: 'Object Repository/vrach/psychotest/Page_/avanguard' is clicked on

2022-04-05 10:34:11 - [MESSAGE][INFO] - Unable to find the element located by 'By.xpath: //*/text()[normalize-space(.)='"Авангард" Академия']/parent::*'. Please recheck the objects properties to make sure the desired element is located. 

2022-04-05 10:34:11 - [MESSAGE][WARNING] - [SELF-HEALING] Failed to find element with id 'Object Repository/vrach/psychotest/Page_/avanguard'. Try using Self-healing.

2022-04-05 10:34:13 - [MESSAGE][INFO] - [SELF-HEALING] Failed Locator: '//div[@id='react-select-2-option-0']'.

2022-04-05 10:34:14 - [MESSAGE][INFO] - [SELF-HEALING] Working Locator: '//div[@id='root']/div/div/div[2]/div/div[2]/div/div/div/div/div[2]/div/div'.

2022-04-05 10:34:16 - [MESSAGE][INFO] - [SELF-HEALING] Screenshot: C:/Users/LENOVO/Katalon Studio/Avangard/Reports/Self-healing/Object Repository/vrach/psychotest/Page_/avanguard_idRelative.png

2022-04-05 10:34:16 - [MESSAGE][WARNING] - [SELF-HEALING] The current locator of test object 'Object Repository/vrach/psychotest/Page_/avanguard' was broken. Propose an alternative one: '//div[@id='root']/div/div/div[2]/div/div[2]/div/div/div/div/div[2]/div/div'.

2022-04-05 10:34:16 - [MESSAGE][PASSED] - Object: 'Object Repository/vrach/psychotest/Page_/avanguard' is clicked on

2022-04-05 10:34:16 - [TEST_STEP][PASSED] - click(findTestObject("Object Repository/vrach/psychotest/Page_/team")): Object: 'Object Repository/vrach/psychotest/Page_/team' is clicked on

2022-04-05 10:34:18 - [MESSAGE][PASSED] - Object: 'Object Repository/vrach/psychotest/Page_/team' is clicked on

2022-04-05 10:34:18 - [TEST_STEP][PASSED] - click(findTestObject("Object Repository/vrach/psychotest/Page_/varteam")): Object: 'Object Repository/vrach/psychotest/Page_/varteam' is clicked on

2022-04-05 10:34:50 - [MESSAGE][INFO] - Unable to find the element located by 'By.xpath: //div[@id='react-select-3-option-0']'. Please recheck the objects properties to make sure the desired element is located. 

2022-04-05 10:34:50 - [MESSAGE][WARNING] - [SELF-HEALING] Failed to find element with id 'Object Repository/vrach/psychotest/Page_/varteam'. Try using Self-healing.

2022-04-05 10:34:52 - [MESSAGE][INFO] - [SELF-HEALING] Failed Locator: '//div[@id='react-select-3-option-0']'.

2022-04-05 10:34:53 - [MESSAGE][INFO] - [SELF-HEALING] Working Locator: '//div[@id='root']/div/div/div[2]/div/div[2]/div/div[2]/div/div/div[2]/div/div'.

2022-04-05 10:34:55 - [MESSAGE][INFO] - [SELF-HEALING] Screenshot: C:/Users/LENOVO/Katalon Studio/Avangard/Reports/Self-healing/Object Repository/vrach/psychotest/Page_/varteam_idRelative.png

2022-04-05 10:34:55 - [MESSAGE][WARNING] - [SELF-HEALING] The current locator of test object 'Object Repository/vrach/psychotest/Page_/varteam' was broken. Propose an alternative one: '//div[@id='root']/div/div/div[2]/div/div[2]/div/div[2]/div/div/div[2]/div/div'.

2022-04-05 10:34:55 - [MESSAGE][PASSED] - Object: 'Object Repository/vrach/psychotest/Page_/varteam' is clicked on

2022-04-05 10:34:55 - [TEST_STEP][PASSED] - click(findTestObject("Object Repository/vrach/psychotest/Page_/player")): Object: 'Object Repository/vrach/psychotest/Page_/player' is clicked on

2022-04-05 10:34:57 - [MESSAGE][PASSED] - Object: 'Object Repository/vrach/psychotest/Page_/player' is clicked on

2022-04-05 10:34:57 - [TEST_STEP][FAILED] - click(findTestObject("Object Repository/vrach/psychotest/Page_/varplayer")): Unable to click on object 'Object Repository/vrach/psychotest/Page_/varplayer' (Root cause: com.kms.katalon.core.exception.StepFailedException: Unable to click on object 'Object Repository/vrach/psychotest/Page_/varplayer'
	at com.kms.katalon.core.webui.keyword.internal.WebUIKeywordMain.stepFailed(WebUIKeywordMain.groovy:64)
	at com.kms.katalon.core.webui.keyword.internal.WebUIKeywordMain.runKeyword(WebUIKeywordMain.groovy:26)
	at com.kms.katalon.core.webui.keyword.builtin.ClickKeyword.click(ClickKeyword.groovy:74)
	at com.kms.katalon.core.webui.keyword.builtin.ClickKeyword.execute(ClickKeyword.groovy:40)
	at com.kms.katalon.core.keyword.internal.KeywordExecutor.executeKeywordForPlatform(KeywordExecutor.groovy:74)
	at com.kms.katalon.core.webui.keyword.WebUiBuiltInKeywords.click(WebUiBuiltInKeywords.groovy:620)
	at com.kms.katalon.core.webui.keyword.WebUiBuiltInKeywords$click$4.call(Unknown Source)
	at Психотест (психолог).run(Психотест (психолог):47)
	at com.kms.katalon.core.main.ScriptEngine.run(ScriptEngine.java:194)
	at com.kms.katalon.core.main.ScriptEngine.runScriptAsRawText(ScriptEngine.java:119)
	at com.kms.katalon.core.main.TestCaseExecutor.runScript(TestCaseExecutor.java:442)
	at com.kms.katalon.core.main.TestCaseExecutor.doExecute(TestCaseExecutor.java:433)
	at com.kms.katalon.core.main.TestCaseExecutor.processExecutionPhase(TestCaseExecutor.java:412)
	at com.kms.katalon.core.main.TestCaseExecutor.accessMainPhase(TestCaseExecutor.java:404)
	at com.kms.katalon.core.main.TestCaseExecutor.execute(TestCaseExecutor.java:281)
	at com.kms.katalon.core.main.TestSuiteExecutor.accessTestCaseMainPhase(TestSuiteExecutor.java:202)
	at com.kms.katalon.core.main.TestSuiteExecutor.accessTestSuiteMainPhase(TestSuiteExecutor.java:164)
	at com.kms.katalon.core.main.TestSuiteExecutor.execute(TestSuiteExecutor.java:105)
	at com.kms.katalon.core.main.TestCaseMain.startTestSuite(TestCaseMain.java:185)
	at com.kms.katalon.core.main.TestCaseMain$startTestSuite$0.call(Unknown Source)
	at TempTestSuite1649143152685.run(TempTestSuite1649143152685.groovy:36)
Caused by: com.kms.katalon.core.webui.exception.WebElementNotFoundException: Web element with id: 'Object Repository/vrach/psychotest/Page_/varplayer' located by '//div[@id='react-select-4-option-3']' not found
	at com.kms.katalon.core.webui.common.WebUiCommonHelper.findWebElement(WebUiCommonHelper.java:1370)
	at com.kms.katalon.core.webui.keyword.internal.WebUIAbstractKeyword.findWebElement(WebUIAbstractKeyword.groovy:27)
	at com.kms.katalon.core.webui.keyword.builtin.ClickKeyword$_click_closure1.doCall(ClickKeyword.groovy:65)
	at com.kms.katalon.core.webui.keyword.builtin.ClickKeyword$_click_closure1.call(ClickKeyword.groovy)
	at com.kms.katalon.core.webui.keyword.internal.WebUIKeywordMain.runKeyword(WebUIKeywordMain.groovy:20)
	at com.kms.katalon.core.webui.keyword.builtin.ClickKeyword.click(ClickKeyword.groovy:74)
	at com.kms.katalon.core.webui.keyword.builtin.ClickKeyword.execute(ClickKeyword.groovy:40)
	at com.kms.katalon.core.keyword.internal.KeywordExecutor.executeKeywordForPlatform(KeywordExecutor.groovy:74)
	at com.kms.katalon.core.webui.keyword.WebUiBuiltInKeywords.click(WebUiBuiltInKeywords.groovy:620)
	at com.kms.katalon.core.webui.keyword.WebUiBuiltInKeywords$click$4.call(Unknown Source)
	at Script1645090011559.run(Script1645090011559.groovy:47)
	... 13 more
)

2022-04-05 10:35:29 - [MESSAGE][INFO] - Unable to find the element located by 'By.xpath: //div[@id='react-select-4-option-3']'. Please recheck the objects properties to make sure the desired element is located. 

2022-04-05 10:35:29 - [MESSAGE][WARNING] - [SELF-HEALING] Failed to find element with id 'Object Repository/vrach/psychotest/Page_/varplayer'. Try using Self-healing.

2022-04-05 10:35:31 - [MESSAGE][INFO] - [SELF-HEALING] Failed Locator: '//div[@id='react-select-4-option-3']'.

2022-04-05 10:35:32 - [MESSAGE][INFO] - [SELF-HEALING] Failed Locator: '//div[@id='root']/div/div/div[2]/div/div[2]/div/div[3]/div/div/div[2]/div/div[4]'.

2022-04-05 10:35:34 - [MESSAGE][INFO] - [SELF-HEALING] Failed Locator: '(.//*[normalize-space(text()) and normalize-space(.)='Булавчук Оскар'])[1]/following::div[1]'.

2022-04-05 10:35:35 - [MESSAGE][INFO] - [SELF-HEALING] Failed Locator: '(.//*[normalize-space(text()) and normalize-space(.)='Бережной Станислав'])[1]/following::div[2]'.

2022-04-05 10:35:36 - [MESSAGE][INFO] - [SELF-HEALING] Failed Locator: '(.//*[normalize-space(text()) and normalize-space(.)='Гуляев Михаил'])[1]/preceding::div[1]'.

2022-04-05 10:35:38 - [MESSAGE][INFO] - [SELF-HEALING] Failed Locator: '(.//*[normalize-space(text()) and normalize-space(.)='Демидов Игорь'])[1]/preceding::div[2]'.

2022-04-05 10:35:39 - [MESSAGE][INFO] - [SELF-HEALING] Failed Locator: '//*/text()[normalize-space(.)='Ганин Данила']/parent::*'.

2022-04-05 10:35:40 - [MESSAGE][INFO] - [SELF-HEALING] Failed Locator: '//div[4]'.

2022-04-05 10:35:42 - [MESSAGE][INFO] - [SELF-HEALING] Failed Locator: '//div[@id = 'react-select-4-option-3' and (text() = 'Ганин Данила' or . = 'Ганин Данила')]'.

2022-04-05 10:35:43 - [MESSAGE][INFO] - Unable to find the element located by 'By.xpath: //*[@id = 'react-select-4-option-3' and (text() = 'Ганин Данила' or . = 'Ганин Данила')]'. Please recheck the objects properties to make sure the desired element is located. 

2022-04-05 10:35:45 - [MESSAGE][INFO] - Unable to find the element located by 'By.cssSelector: #react-select-4-option-3'. Please recheck the objects properties to make sure the desired element is located. 

2022-04-05 10:35:47 - [MESSAGE][FAILED] - Unable to click on object 'Object Repository/vrach/psychotest/Page_/varplayer' (Root cause: com.kms.katalon.core.exception.StepFailedException: Unable to click on object 'Object Repository/vrach/psychotest/Page_/varplayer'
	at com.kms.katalon.core.webui.keyword.internal.WebUIKeywordMain.stepFailed(WebUIKeywordMain.groovy:64)
	at com.kms.katalon.core.webui.keyword.internal.WebUIKeywordMain.runKeyword(WebUIKeywordMain.groovy:26)
	at com.kms.katalon.core.webui.keyword.builtin.ClickKeyword.click(ClickKeyword.groovy:74)
	at com.kms.katalon.core.webui.keyword.builtin.ClickKeyword.execute(ClickKeyword.groovy:40)
	at com.kms.katalon.core.keyword.internal.KeywordExecutor.executeKeywordForPlatform(KeywordExecutor.groovy:74)
	at com.kms.katalon.core.webui.keyword.WebUiBuiltInKeywords.click(WebUiBuiltInKeywords.groovy:620)
	at com.kms.katalon.core.webui.keyword.WebUiBuiltInKeywords$click$4.call(Unknown Source)
	at Психотест (психолог).run(Психотест (психолог):47)
	at com.kms.katalon.core.main.ScriptEngine.run(ScriptEngine.java:194)
	at com.kms.katalon.core.main.ScriptEngine.runScriptAsRawText(ScriptEngine.java:119)
	at com.kms.katalon.core.main.TestCaseExecutor.runScript(TestCaseExecutor.java:442)
	at com.kms.katalon.core.main.TestCaseExecutor.doExecute(TestCaseExecutor.java:433)
	at com.kms.katalon.core.main.TestCaseExecutor.processExecutionPhase(TestCaseExecutor.java:412)
	at com.kms.katalon.core.main.TestCaseExecutor.accessMainPhase(TestCaseExecutor.java:404)
	at com.kms.katalon.core.main.TestCaseExecutor.execute(TestCaseExecutor.java:281)
	at com.kms.katalon.core.main.TestSuiteExecutor.accessTestCaseMainPhase(TestSuiteExecutor.java:202)
	at com.kms.katalon.core.main.TestSuiteExecutor.accessTestSuiteMainPhase(TestSuiteExecutor.java:164)
	at com.kms.katalon.core.main.TestSuiteExecutor.execute(TestSuiteExecutor.java:105)
	at com.kms.katalon.core.main.TestCaseMain.startTestSuite(TestCaseMain.java:185)
	at com.kms.katalon.core.main.TestCaseMain$startTestSuite$0.call(Unknown Source)
	at TempTestSuite1649143152685.run(TempTestSuite1649143152685.groovy:36)
Caused by: com.kms.katalon.core.webui.exception.WebElementNotFoundException: Web element with id: 'Object Repository/vrach/psychotest/Page_/varplayer' located by '//div[@id='react-select-4-option-3']' not found
	at com.kms.katalon.core.webui.common.WebUiCommonHelper.findWebElement(WebUiCommonHelper.java:1370)
	at com.kms.katalon.core.webui.keyword.internal.WebUIAbstractKeyword.findWebElement(WebUIAbstractKeyword.groovy:27)
	at com.kms.katalon.core.webui.keyword.builtin.ClickKeyword$_click_closure1.doCall(ClickKeyword.groovy:65)
	at com.kms.katalon.core.webui.keyword.builtin.ClickKeyword$_click_closure1.call(ClickKeyword.groovy)
	at com.kms.katalon.core.webui.keyword.internal.WebUIKeywordMain.runKeyword(WebUIKeywordMain.groovy:20)
	at com.kms.katalon.core.webui.keyword.builtin.ClickKeyword.click(ClickKeyword.groovy:74)
	at com.kms.katalon.core.webui.keyword.builtin.ClickKeyword.execute(ClickKeyword.groovy:40)
	at com.kms.katalon.core.keyword.internal.KeywordExecutor.executeKeywordForPlatform(KeywordExecutor.groovy:74)
	at com.kms.katalon.core.webui.keyword.WebUiBuiltInKeywords.click(WebUiBuiltInKeywords.groovy:620)
	at com.kms.katalon.core.webui.keyword.WebUiBuiltInKeywords$click$4.call(Unknown Source)
	at Script1645090011559.run(Script1645090011559.groovy:47)
	... 13 more
)
[[ATTACHMENT|C:\\Users\\LENOVO\\Katalon Studio\\Avangard\\Reports\\20220405_101904\\\u0414\u043E\u043A\u0442\u043E\u0440\\20220405_101912\\1649144145693.png]]]]></system-out>
         <system-err><![CDATA[2022-04-05 10:29:43 - [TEST_CASE][FAILED] - Test Cases/Доктор/Психотест (психолог): Test Cases/Доктор/Психотест (психолог) FAILED.
Reason:
com.kms.katalon.core.exception.StepFailedException: Unable to click on object 'Object Repository/vrach/psychotest/Page_/varplayer'
	at com.kms.katalon.core.webui.keyword.internal.WebUIKeywordMain.stepFailed(WebUIKeywordMain.groovy:64)
	at com.kms.katalon.core.webui.keyword.internal.WebUIKeywordMain.runKeyword(WebUIKeywordMain.groovy:26)
	at com.kms.katalon.core.webui.keyword.builtin.ClickKeyword.click(ClickKeyword.groovy:74)
	at com.kms.katalon.core.webui.keyword.builtin.ClickKeyword.execute(ClickKeyword.groovy:40)
	at com.kms.katalon.core.keyword.internal.KeywordExecutor.executeKeywordForPlatform(KeywordExecutor.groovy:74)
	at com.kms.katalon.core.webui.keyword.WebUiBuiltInKeywords.click(WebUiBuiltInKeywords.groovy:620)
	at com.kms.katalon.core.webui.keyword.WebUiBuiltInKeywords$click$4.call(Unknown Source)
	at Психотест (психолог).run(Психотест (психолог):47)
	at com.kms.katalon.core.main.ScriptEngine.run(ScriptEngine.java:194)
	at com.kms.katalon.core.main.ScriptEngine.runScriptAsRawText(ScriptEngine.java:119)
	at com.kms.katalon.core.main.TestCaseExecutor.runScript(TestCaseExecutor.java:442)
	at com.kms.katalon.core.main.TestCaseExecutor.doExecute(TestCaseExecutor.java:433)
	at com.kms.katalon.core.main.TestCaseExecutor.processExecutionPhase(TestCaseExecutor.java:412)
	at com.kms.katalon.core.main.TestCaseExecutor.accessMainPhase(TestCaseExecutor.java:404)
	at com.kms.katalon.core.main.TestCaseExecutor.execute(TestCaseExecutor.java:281)
	at com.kms.katalon.core.main.TestSuiteExecutor.accessTestCaseMainPhase(TestSuiteExecutor.java:202)
	at com.kms.katalon.core.main.TestSuiteExecutor.accessTestSuiteMainPhase(TestSuiteExecutor.java:164)
	at com.kms.katalon.core.main.TestSuiteExecutor.execute(TestSuiteExecutor.java:105)
	at com.kms.katalon.core.main.TestCaseMain.startTestSuite(TestCaseMain.java:185)
	at com.kms.katalon.core.main.TestCaseMain$startTestSuite$0.call(Unknown Source)
	at TempTestSuite1649143152685.run(TempTestSuite1649143152685.groovy:36)
Caused by: com.kms.katalon.core.webui.exception.WebElementNotFoundException: Web element with id: 'Object Repository/vrach/psychotest/Page_/varplayer' located by '//div[@id='react-select-4-option-3']' not found
	at com.kms.katalon.core.webui.common.WebUiCommonHelper.findWebElement(WebUiCommonHelper.java:1370)
	at com.kms.katalon.core.webui.keyword.internal.WebUIAbstractKeyword.findWebElement(WebUIAbstractKeyword.groovy:27)
	at com.kms.katalon.core.webui.keyword.builtin.ClickKeyword$_click_closure1.doCall(ClickKeyword.groovy:65)
	at com.kms.katalon.core.webui.keyword.builtin.ClickKeyword$_click_closure1.call(ClickKeyword.groovy)
	at com.kms.katalon.core.webui.keyword.internal.WebUIKeywordMain.runKeyword(WebUIKeywordMain.groovy:20)
	... 19 more]]></system-err>
      </testcase>
      <testcase name="Test Cases/Доктор/Создание карточки болезни" time="858.85" classname="Test Cases/Доктор/Создание карточки болезни" status="FAILED">
         <failure type="FAILED" message="Test Cases/Доктор/Создание карточки болезни FAILED.
Reason:
com.kms.katalon.core.exception.StepFailedException: Call Test Case 'Test Cases/Доктор/Вкладки удаление (переиспользуется в Создание карточки болезни)' failed
	at com.kms.katalon.core.keyword.builtin.CallTestCaseKeyword$_callTestCase_closure1.doCall(CallTestCaseKeyword.groovy:63)
	at com.kms.katalon.core.keyword.builtin.CallTestCaseKeyword$_callTestCase_closure1.call(CallTestCaseKeyword.groovy)
	at com.kms.katalon.core.keyword.internal.KeywordMain.runKeyword(KeywordMain.groovy:74)
	at com.kms.katalon.core.keyword.builtin.CallTestCaseKeyword.callTestCase(CallTestCaseKeyword.groovy:81)
	at com.kms.katalon.core.keyword.builtin.CallTestCaseKeyword.execute(CallTestCaseKeyword.groovy:44)
	at com.kms.katalon.core.keyword.internal.KeywordExecutor.executeKeywordForPlatform(KeywordExecutor.groovy:74)
	at com.kms.katalon.core.keyword.BuiltinKeywords.callTestCase(BuiltinKeywords.groovy:334)
	at Создание карточки болезни.run(Создание карточки болезни:56)
	at com.kms.katalon.core.main.ScriptEngine.run(ScriptEngine.java:194)
	at com.kms.katalon.core.main.ScriptEngine.runScriptAsRawText(ScriptEngine.java:119)
	at com.kms.katalon.core.main.TestCaseExecutor.runScript(TestCaseExecutor.java:442)
	at com.kms.katalon.core.main.TestCaseExecutor.doExecute(TestCaseExecutor.java:433)
	at com.kms.katalon.core.main.TestCaseExecutor.processExecutionPhase(TestCaseExecutor.java:412)
	at com.kms.katalon.core.main.TestCaseExecutor.accessMainPhase(TestCaseExecutor.java:404)
	at com.kms.katalon.core.main.TestCaseExecutor.execute(TestCaseExecutor.java:281)
	at com.kms.katalon.core.main.TestSuiteExecutor.accessTestCaseMainPhase(TestSuiteExecutor.java:202)
	at com.kms.katalon.core.main.TestSuiteExecutor.accessTestSuiteMainPhase(TestSuiteExecutor.java:164)
	at com.kms.katalon.core.main.TestSuiteExecutor.execute(TestSuiteExecutor.java:105)
	at com.kms.katalon.core.main.TestCaseMain.startTestSuite(TestCaseMain.java:185)
	at com.kms.katalon.core.main.TestCaseMain$startTestSuite$0.call(Unknown Source)
	at TempTestSuite1649143152685.run(TempTestSuite1649143152685.groovy:36)
Caused by: com.kms.katalon.core.exception.StepFailedException: Unable to verify text 'Карточка успешно удалена' is present 
	at com.kms.katalon.core.webui.keyword.internal.WebUIKeywordMain.stepFailed(WebUIKeywordMain.groovy:64)
	at com.kms.katalon.core.webui.keyword.internal.WebUIKeywordMain.runKeyword(WebUIKeywordMain.groovy:26)
	at com.kms.katalon.core.webui.keyword.builtin.VerifyTextPresentKeyword.verifyTextPresent(VerifyTextPresentKeyword.groovy:83)
	at com.kms.katalon.core.webui.keyword.builtin.VerifyTextPresentKeyword.execute(VerifyTextPresentKeyword.groovy:68)
	at com.kms.katalon.core.keyword.internal.KeywordExecutor.executeKeywordForPlatform(KeywordExecutor.groovy:74)
	at com.kms.katalon.core.webui.keyword.WebUiBuiltInKeywords.verifyTextPresent(WebUiBuiltInKeywords.groovy:1723)
	at com.kms.katalon.core.webui.keyword.WebUiBuiltInKeywords$verifyTextPresent$5.call(Unknown Source)
	at Вкладки удаление (переиспользуется в Создание карточки болезни).run(Вкладки удаление (переиспользуется в Создание карточки болезни):60)
	at com.kms.katalon.core.main.ScriptEngine.run(ScriptEngine.java:194)
	at com.kms.katalon.core.main.ScriptEngine.runScriptAsRawText(ScriptEngine.java:119)
	at com.kms.katalon.core.main.TestCaseExecutor.runScript(TestCaseExecutor.java:442)
	at com.kms.katalon.core.main.TestCaseExecutor.doExecute(TestCaseExecutor.java:433)
	at com.kms.katalon.core.main.TestCaseExecutor.processExecutionPhase(TestCaseExecutor.java:412)
	at com.kms.katalon.core.main.TestCaseExecutor.accessMainPhase(TestCaseExecutor.java:404)
	at com.kms.katalon.core.main.TestCaseExecutor.execute(TestCaseExecutor.java:281)
	at com.kms.katalon.core.main.TestCaseMain.runTestCase(TestCaseMain.java:142)
	at com.kms.katalon.core.keyword.builtin.CallTestCaseKeyword$_callTestCase_closure1.doCall(CallTestCaseKeyword.groovy:59)
	... 20 more
Caused by: com.kms.katalon.core.exception.StepFailedException: Text 'Карточка успешно удалена' is not present on page 
	at com.kms.katalon.core.webui.keyword.internal.WebUIKeywordMain.stepFailed(WebUIKeywordMain.groovy:64)
	at com.kms.katalon.core.webui.keyword.builtin.VerifyTextPresentKeyword$_verifyTextPresent_closure1.doCall(VerifyTextPresentKeyword.groovy:79)
	at com.kms.katalon.core.webui.keyword.builtin.VerifyTextPresentKeyword$_verifyTextPresent_closure1.call(VerifyTextPresentKeyword.groovy)
	at com.kms.katalon.core.webui.keyword.internal.WebUIKeywordMain.runKeyword(WebUIKeywordMain.groovy:20)
	... 35 more
"/>
         <system-out><![CDATA[2022-04-05 10:35:49 - [TEST_CASE][FAILED] - Test Cases/Доктор/Создание карточки болезни: Test Cases/Доктор/Создание карточки болезни FAILED.
Reason:
com.kms.katalon.core.exception.StepFailedException: Call Test Case 'Test Cases/Доктор/Вкладки удаление (переиспользуется в Создание карточки болезни)' failed
	at com.kms.katalon.core.keyword.builtin.CallTestCaseKeyword$_callTestCase_closure1.doCall(CallTestCaseKeyword.groovy:63)
	at com.kms.katalon.core.keyword.builtin.CallTestCaseKeyword$_callTestCase_closure1.call(CallTestCaseKeyword.groovy)
	at com.kms.katalon.core.keyword.internal.KeywordMain.runKeyword(KeywordMain.groovy:74)
	at com.kms.katalon.core.keyword.builtin.CallTestCaseKeyword.callTestCase(CallTestCaseKeyword.groovy:81)
	at com.kms.katalon.core.keyword.builtin.CallTestCaseKeyword.execute(CallTestCaseKeyword.groovy:44)
	at com.kms.katalon.core.keyword.internal.KeywordExecutor.executeKeywordForPlatform(KeywordExecutor.groovy:74)
	at com.kms.katalon.core.keyword.BuiltinKeywords.callTestCase(BuiltinKeywords.groovy:334)
	at Создание карточки болезни.run(Создание карточки болезни:56)
	at com.kms.katalon.core.main.ScriptEngine.run(ScriptEngine.java:194)
	at com.kms.katalon.core.main.ScriptEngine.runScriptAsRawText(ScriptEngine.java:119)
	at com.kms.katalon.core.main.TestCaseExecutor.runScript(TestCaseExecutor.java:442)
	at com.kms.katalon.core.main.TestCaseExecutor.doExecute(TestCaseExecutor.java:433)
	at com.kms.katalon.core.main.TestCaseExecutor.processExecutionPhase(TestCaseExecutor.java:412)
	at com.kms.katalon.core.main.TestCaseExecutor.accessMainPhase(TestCaseExecutor.java:404)
	at com.kms.katalon.core.main.TestCaseExecutor.execute(TestCaseExecutor.java:281)
	at com.kms.katalon.core.main.TestSuiteExecutor.accessTestCaseMainPhase(TestSuiteExecutor.java:202)
	at com.kms.katalon.core.main.TestSuiteExecutor.accessTestSuiteMainPhase(TestSuiteExecutor.java:164)
	at com.kms.katalon.core.main.TestSuiteExecutor.execute(TestSuiteExecutor.java:105)
	at com.kms.katalon.core.main.TestCaseMain.startTestSuite(TestCaseMain.java:185)
	at com.kms.katalon.core.main.TestCaseMain$startTestSuite$0.call(Unknown Source)
	at TempTestSuite1649143152685.run(TempTestSuite1649143152685.groovy:36)
Caused by: com.kms.katalon.core.exception.StepFailedException: Unable to verify text 'Карточка успешно удалена' is present 
	at com.kms.katalon.core.webui.keyword.internal.WebUIKeywordMain.stepFailed(WebUIKeywordMain.groovy:64)
	at com.kms.katalon.core.webui.keyword.internal.WebUIKeywordMain.runKeyword(WebUIKeywordMain.groovy:26)
	at com.kms.katalon.core.webui.keyword.builtin.VerifyTextPresentKeyword.verifyTextPresent(VerifyTextPresentKeyword.groovy:83)
	at com.kms.katalon.core.webui.keyword.builtin.VerifyTextPresentKeyword.execute(VerifyTextPresentKeyword.groovy:68)
	at com.kms.katalon.core.keyword.internal.KeywordExecutor.executeKeywordForPlatform(KeywordExecutor.groovy:74)
	at com.kms.katalon.core.webui.keyword.WebUiBuiltInKeywords.verifyTextPresent(WebUiBuiltInKeywords.groovy:1723)
	at com.kms.katalon.core.webui.keyword.WebUiBuiltInKeywords$verifyTextPresent$5.call(Unknown Source)
	at Вкладки удаление (переиспользуется в Создание карточки болезни).run(Вкладки удаление (переиспользуется в Создание карточки болезни):60)
	at com.kms.katalon.core.main.ScriptEngine.run(ScriptEngine.java:194)
	at com.kms.katalon.core.main.ScriptEngine.runScriptAsRawText(ScriptEngine.java:119)
	at com.kms.katalon.core.main.TestCaseExecutor.runScript(TestCaseExecutor.java:442)
	at com.kms.katalon.core.main.TestCaseExecutor.doExecute(TestCaseExecutor.java:433)
	at com.kms.katalon.core.main.TestCaseExecutor.processExecutionPhase(TestCaseExecutor.java:412)
	at com.kms.katalon.core.main.TestCaseExecutor.accessMainPhase(TestCaseExecutor.java:404)
	at com.kms.katalon.core.main.TestCaseExecutor.execute(TestCaseExecutor.java:281)
	at com.kms.katalon.core.main.TestCaseMain.runTestCase(TestCaseMain.java:142)
	at com.kms.katalon.core.keyword.builtin.CallTestCaseKeyword$_callTestCase_closure1.doCall(CallTestCaseKeyword.groovy:59)
	... 20 more
Caused by: com.kms.katalon.core.exception.StepFailedException: Text 'Карточка успешно удалена' is not present on page 
	at com.kms.katalon.core.webui.keyword.internal.WebUIKeywordMain.stepFailed(WebUIKeywordMain.groovy:64)
	at com.kms.katalon.core.webui.keyword.builtin.VerifyTextPresentKeyword$_verifyTextPresent_closure1.doCall(VerifyTextPresentKeyword.groovy:79)
	at com.kms.katalon.core.webui.keyword.builtin.VerifyTextPresentKeyword$_verifyTextPresent_closure1.call(VerifyTextPresentKeyword.groovy)
	at com.kms.katalon.core.webui.keyword.internal.WebUIKeywordMain.runKeyword(WebUIKeywordMain.groovy:20)
	... 35 more


2022-04-05 10:35:50 - [TEST_STEP][PASSED] - callTestCase(findTestCase("Доктор/Авторизация врач"), [:], STOP_ON_FAILURE): Call Test Case 'Test Cases/Доктор/Авторизация врач' successfully

2022-04-05 10:35:50 - [TEST_CASE][PASSED] - Test Cases/Доктор/Авторизация врач: Test Cases/Доктор/Авторизация врач

2022-04-05 10:35:50 - [TEST_STEP][PASSED] - openBrowser(""): Browser is opened with url: ''

2022-04-05 10:35:50 - [MESSAGE][WARNING] - A browser is already opened. Closing browser and opening a new one

2022-04-05 10:35:51 - [MESSAGE][INFO] - User set preference: ['os', 'linux']

2022-04-05 10:35:51 - [MESSAGE][INFO] - User set preference: ['browserName', 'chrome']

2022-04-05 10:35:51 - [MESSAGE][INFO] - User set preference: ['browserVersion', '97']

2022-04-05 10:35:51 - [MESSAGE][INFO] - User set preference: ['katalon:option', '{organizationId=632442, tunnelId=, usingTunnel=false}']

2022-04-05 10:35:51 - [MESSAGE][INFO] - Connecting to remote web server 'testcloud.katalon.com/hub' with type 'Selenium'

2022-04-05 10:35:51 - [MESSAGE][INFO] - Action delay is set to 100 milliseconds

2022-04-05 10:40:09 - [MESSAGE][PASSED] - Browser is opened with url: ''

2022-04-05 10:40:09 - [TEST_STEP][PASSED] - maximizeWindow(): Current window maximized

2022-04-05 10:40:09 - [MESSAGE][PASSED] - Current window maximized

2022-04-05 10:40:09 - [TEST_STEP][PASSED] - navigateToUrl(url): Navigate to 'https://stars-stage.hawk.ru:8080' successfully

2022-04-05 10:40:16 - [MESSAGE][PASSED] - Navigate to 'https://stars-stage.hawk.ru:8080' successfully

2022-04-05 10:40:16 - [TEST_STEP][PASSED] - setText(findTestObject("Object Repository/vra/Page_/input__sc-lnrBVv eqPACj"), doktor_login): Text 'TestDoctor@mail.ru' is set on object 'Object Repository/vra/Page_/input__sc-lnrBVv eqPACj'

2022-04-05 10:40:20 - [MESSAGE][PASSED] - Text 'TestDoctor@mail.ru' is set on object 'Object Repository/vra/Page_/input__sc-lnrBVv eqPACj'

2022-04-05 10:40:20 - [TEST_STEP][PASSED] - setText(findTestObject("Object Repository/vra/Page_/input__sc-lnrBVv eqPACj_1"), doktor_password, STOP_ON_FAILURE): Text 'testdoctor@mail.ru' is set on object 'Object Repository/vra/Page_/input__sc-lnrBVv eqPACj_1'

2022-04-05 10:40:24 - [MESSAGE][PASSED] - Text 'testdoctor@mail.ru' is set on object 'Object Repository/vra/Page_/input__sc-lnrBVv eqPACj_1'

2022-04-05 10:40:24 - [TEST_STEP][PASSED] - click(findTestObject("Object Repository/vrach/Page_/Page_/go")): Object: 'Object Repository/vrach/Page_/Page_/go' is clicked on

2022-04-05 10:40:26 - [MESSAGE][PASSED] - Object: 'Object Repository/vrach/Page_/Page_/go' is clicked on

2022-04-05 10:40:26 - [MESSAGE][PASSED] - Call Test Case 'Test Cases/Доктор/Авторизация врач' successfully

2022-04-05 10:40:26 - [TEST_STEP][PASSED] - click(findTestObject("Avangard New/Object (Доктор)/Case (Создание карточки и удаление)/button_add")): Object: 'Object Repository/Avangard New/Object (Доктор)/Case (Создание карточки и удаление)/button_add' is clicked on

2022-04-05 10:40:35 - [MESSAGE][PASSED] - Object: 'Object Repository/Avangard New/Object (Доктор)/Case (Создание карточки и удаление)/button_add' is clicked on

2022-04-05 10:40:35 - [TEST_STEP][PASSED] - click(findTestObject("Avangard New/Object (Доктор)/Case (Создание карточки и удаление)/school")): Object: 'Object Repository/Avangard New/Object (Доктор)/Case (Создание карточки и удаление)/school' is clicked on

2022-04-05 10:40:37 - [MESSAGE][PASSED] - Object: 'Object Repository/Avangard New/Object (Доктор)/Case (Создание карточки и удаление)/school' is clicked on

2022-04-05 10:40:37 - [TEST_STEP][PASSED] - click(findTestObject("Avangard New/Object (Доктор)/Case (Создание карточки и удаление)/avanguard")): Object: 'Object Repository/Avangard New/Object (Доктор)/Case (Создание карточки и удаление)/avanguard' is clicked on

2022-04-05 10:40:39 - [MESSAGE][PASSED] - Object: 'Object Repository/Avangard New/Object (Доктор)/Case (Создание карточки и удаление)/avanguard' is clicked on

2022-04-05 10:40:39 - [TEST_STEP][PASSED] - click(findTestObject("Avangard New/Object (Доктор)/Case (Создание карточки и удаление)/team")): Object: 'Object Repository/Avangard New/Object (Доктор)/Case (Создание карточки и удаление)/team' is clicked on

2022-04-05 10:40:40 - [MESSAGE][PASSED] - Object: 'Object Repository/Avangard New/Object (Доктор)/Case (Создание карточки и удаление)/team' is clicked on

2022-04-05 10:40:40 - [TEST_STEP][PASSED] - click(findTestObject("Avangard New/Object (Доктор)/Case (Создание карточки и удаление)/var_team")): Object: 'Object Repository/Avangard New/Object (Доктор)/Case (Создание карточки и удаление)/var_team' is clicked on

2022-04-05 10:40:43 - [MESSAGE][PASSED] - Object: 'Object Repository/Avangard New/Object (Доктор)/Case (Создание карточки и удаление)/var_team' is clicked on

2022-04-05 10:40:43 - [TEST_STEP][PASSED] - click(findTestObject("Avangard New/Object (Доктор)/Case (Создание карточки и удаление)/player")): Object: 'Object Repository/Avangard New/Object (Доктор)/Case (Создание карточки и удаление)/player' is clicked on

2022-04-05 10:40:44 - [MESSAGE][PASSED] - Object: 'Object Repository/Avangard New/Object (Доктор)/Case (Создание карточки и удаление)/player' is clicked on

2022-04-05 10:40:44 - [TEST_STEP][PASSED] - click(findTestObject("Avangard New/Object (Доктор)/Case (Создание карточки и удаление)/var_player")): Object: 'Object Repository/Avangard New/Object (Доктор)/Case (Создание карточки и удаление)/var_player' is clicked on

2022-04-05 10:40:46 - [MESSAGE][PASSED] - Object: 'Object Repository/Avangard New/Object (Доктор)/Case (Создание карточки и удаление)/var_player' is clicked on

2022-04-05 10:40:46 - [TEST_STEP][PASSED] - click(findTestObject("Avangard New/Object (Доктор)/Case (Создание карточки и удаление)/tip")): Object: 'Object Repository/Avangard New/Object (Доктор)/Case (Создание карточки и удаление)/tip' is clicked on

2022-04-05 10:40:49 - [MESSAGE][PASSED] - Object: 'Object Repository/Avangard New/Object (Доктор)/Case (Создание карточки и удаление)/tip' is clicked on

2022-04-05 10:40:49 - [TEST_STEP][PASSED] - click(findTestObject("Avangard New/Object (Доктор)/Case (Создание карточки и удаление)/travma")): Object: 'Object Repository/Avangard New/Object (Доктор)/Case (Создание карточки и удаление)/travma' is clicked on

2022-04-05 10:40:51 - [MESSAGE][PASSED] - Object: 'Object Repository/Avangard New/Object (Доктор)/Case (Создание карточки и удаление)/travma' is clicked on

2022-04-05 10:40:51 - [TEST_STEP][PASSED] - click(findTestObject("Avangard New/Object (Доктор)/Case (Создание карточки и удаление)/stady 1")): Object: 'Object Repository/Avangard New/Object (Доктор)/Case (Создание карточки и удаление)/stady 1' is clicked on

2022-04-05 10:40:53 - [MESSAGE][PASSED] - Object: 'Object Repository/Avangard New/Object (Доктор)/Case (Создание карточки и удаление)/stady 1' is clicked on

2022-04-05 10:40:53 - [TEST_STEP][PASSED] - click(findTestObject("Avangard New/Object (Доктор)/Case (Создание карточки и удаление)/choise_stady")): Object: 'Object Repository/Avangard New/Object (Доктор)/Case (Создание карточки и удаление)/choise_stady' is clicked on

2022-04-05 10:40:55 - [MESSAGE][PASSED] - Object: 'Object Repository/Avangard New/Object (Доктор)/Case (Создание карточки и удаление)/choise_stady' is clicked on

2022-04-05 10:40:55 - [TEST_STEP][PASSED] - click(findTestObject("Avangard New/Object (Доктор)/Case (Создание карточки и удаление)/tip travm")): Object: 'Object Repository/Avangard New/Object (Доктор)/Case (Создание карточки и удаление)/tip travm' is clicked on

2022-04-05 10:40:57 - [MESSAGE][PASSED] - Object: 'Object Repository/Avangard New/Object (Доктор)/Case (Создание карточки и удаление)/tip travm' is clicked on

2022-04-05 10:40:57 - [TEST_STEP][PASSED] - click(findTestObject("Avangard New/Object (Доктор)/Case (Создание карточки и удаление)/choise_travm")): Object: 'Object Repository/Avangard New/Object (Доктор)/Case (Создание карточки и удаление)/choise_travm' is clicked on

2022-04-05 10:40:59 - [MESSAGE][PASSED] - Object: 'Object Repository/Avangard New/Object (Доктор)/Case (Создание карточки и удаление)/choise_travm' is clicked on

2022-04-05 10:40:59 - [TEST_STEP][PASSED] - setText(findTestObject("Avangard New/Object (Доктор)/Case (Создание карточки и удаление)/dop opisanie"), "автотестирование "): Text 'автотестирование ' is set on object 'Object Repository/Avangard New/Object (Доктор)/Case (Создание карточки и удаление)/dop opisanie'

2022-04-05 10:41:03 - [MESSAGE][PASSED] - Text 'автотестирование ' is set on object 'Object Repository/Avangard New/Object (Доктор)/Case (Создание карточки и удаление)/dop opisanie'

2022-04-05 10:41:03 - [TEST_STEP][PASSED] - click(findTestObject("Avangard New/Object (Доктор)/Case (Создание карточки и удаление)/button_save")): Object: 'Object Repository/Avangard New/Object (Доктор)/Case (Создание карточки и удаление)/button_save' is clicked on

2022-04-05 10:41:06 - [MESSAGE][PASSED] - Object: 'Object Repository/Avangard New/Object (Доктор)/Case (Создание карточки и удаление)/button_save' is clicked on

2022-04-05 10:41:06 - [TEST_STEP][PASSED] - verifyTextPresent("Карточка успешно сохранена", false): Text 'Карточка успешно сохранена' is present on page 

2022-04-05 10:41:09 - [MESSAGE][PASSED] - Text 'Карточка успешно сохранена' is present on page 

2022-04-05 10:41:09 - [TEST_STEP][PASSED] - callTestCase(findTestCase("Доктор/Проверка в профиле статуса (переиспользуется в Создание карточки болезни)"), [:], STOP_ON_FAILURE): Call Test Case 'Test Cases/Доктор/Проверка в профиле статуса (переиспользуется в Создание карточки болезни)' successfully

2022-04-05 10:41:09 - [TEST_CASE][PASSED] - Test Cases/Доктор/Проверка в профиле статуса (переиспользуется в Создание карточки болезни): Test Cases/Доктор/Проверка в профиле статуса (переиспользуется в Создание карточки болезни)

2022-04-05 10:41:09 - [TEST_STEP][PASSED] - callTestCase(findTestCase("Доктор/Авторизация врач"), [:], STOP_ON_FAILURE): Call Test Case 'Test Cases/Доктор/Авторизация врач' successfully

2022-04-05 10:41:09 - [TEST_CASE][PASSED] - Test Cases/Доктор/Авторизация врач: Test Cases/Доктор/Авторизация врач

2022-04-05 10:41:09 - [TEST_STEP][PASSED] - openBrowser(""): Browser is opened with url: ''

2022-04-05 10:41:09 - [MESSAGE][WARNING] - A browser is already opened. Closing browser and opening a new one

2022-04-05 10:41:10 - [MESSAGE][INFO] - User set preference: ['os', 'linux']

2022-04-05 10:41:10 - [MESSAGE][INFO] - User set preference: ['browserName', 'chrome']

2022-04-05 10:41:10 - [MESSAGE][INFO] - User set preference: ['browserVersion', '97']

2022-04-05 10:41:10 - [MESSAGE][INFO] - User set preference: ['katalon:option', '{organizationId=632442, tunnelId=, usingTunnel=false}']

2022-04-05 10:41:10 - [MESSAGE][INFO] - Connecting to remote web server 'testcloud.katalon.com/hub' with type 'Selenium'

2022-04-05 10:41:10 - [MESSAGE][INFO] - Action delay is set to 100 milliseconds

2022-04-05 10:44:11 - [MESSAGE][PASSED] - Browser is opened with url: ''

2022-04-05 10:44:11 - [TEST_STEP][PASSED] - maximizeWindow(): Current window maximized

2022-04-05 10:44:12 - [MESSAGE][PASSED] - Current window maximized

2022-04-05 10:44:12 - [TEST_STEP][PASSED] - navigateToUrl(url): Navigate to 'https://stars-stage.hawk.ru:8080' successfully

2022-04-05 10:44:18 - [MESSAGE][PASSED] - Navigate to 'https://stars-stage.hawk.ru:8080' successfully

2022-04-05 10:44:18 - [TEST_STEP][PASSED] - setText(findTestObject("Object Repository/vra/Page_/input__sc-lnrBVv eqPACj"), doktor_login): Text 'TestDoctor@mail.ru' is set on object 'Object Repository/vra/Page_/input__sc-lnrBVv eqPACj'

2022-04-05 10:44:25 - [MESSAGE][PASSED] - Text 'TestDoctor@mail.ru' is set on object 'Object Repository/vra/Page_/input__sc-lnrBVv eqPACj'

2022-04-05 10:44:25 - [TEST_STEP][PASSED] - setText(findTestObject("Object Repository/vra/Page_/input__sc-lnrBVv eqPACj_1"), doktor_password, STOP_ON_FAILURE): Text 'testdoctor@mail.ru' is set on object 'Object Repository/vra/Page_/input__sc-lnrBVv eqPACj_1'

2022-04-05 10:44:33 - [MESSAGE][PASSED] - Text 'testdoctor@mail.ru' is set on object 'Object Repository/vra/Page_/input__sc-lnrBVv eqPACj_1'

2022-04-05 10:44:33 - [TEST_STEP][PASSED] - click(findTestObject("Object Repository/vrach/Page_/Page_/go")): Object: 'Object Repository/vrach/Page_/Page_/go' is clicked on

2022-04-05 10:44:35 - [MESSAGE][PASSED] - Object: 'Object Repository/vrach/Page_/Page_/go' is clicked on

2022-04-05 10:44:35 - [MESSAGE][PASSED] - Call Test Case 'Test Cases/Доктор/Авторизация врач' successfully

2022-04-05 10:44:35 - [TEST_STEP][PASSED] - click(findTestObject("Avangard New/Object (Доктор)/Case (Создание карточки и удаление)/player_menu")): Object: 'Object Repository/Avangard New/Object (Доктор)/Case (Создание карточки и удаление)/player_menu' is clicked on

2022-04-05 10:44:43 - [MESSAGE][PASSED] - Object: 'Object Repository/Avangard New/Object (Доктор)/Case (Создание карточки и удаление)/player_menu' is clicked on

2022-04-05 10:44:43 - [TEST_STEP][PASSED] - setText(findTestObject("Avangard New/Object (Доктор)/Case (Создание карточки и удаление)/input__Search"), player_for_test_1): Text 'Власенко' is set on object 'Object Repository/Avangard New/Object (Доктор)/Case (Создание карточки и удаление)/input__Search'

2022-04-05 10:44:51 - [MESSAGE][PASSED] - Text 'Власенко' is set on object 'Object Repository/Avangard New/Object (Доктор)/Case (Создание карточки и удаление)/input__Search'

2022-04-05 10:44:51 - [TEST_STEP][PASSED] - click(findTestObject("Avangard New/Object (Доктор)/Case (Создание карточки и удаление)/var_player")): Object: 'Object Repository/Avangard New/Object (Доктор)/Case (Создание карточки и удаление)/var_player' is clicked on

2022-04-05 10:44:55 - [MESSAGE][PASSED] - Object: 'Object Repository/Avangard New/Object (Доктор)/Case (Создание карточки и удаление)/var_player' is clicked on

2022-04-05 10:44:55 - [TEST_STEP][PASSED] - verifyElementText(findTestObject("Avangard New/Object (Доктор)/Case (Создание карточки и удаление)/chek_stat"), "Травмирован"): Actual text and expected text of test object 'Object Repository/Avangard New/Object (Доктор)/Case (Создание карточки и удаление)/chek_stat' are matched.

2022-04-05 10:44:57 - [MESSAGE][PASSED] - Actual text and expected text of test object 'Object Repository/Avangard New/Object (Доктор)/Case (Создание карточки и удаление)/chek_stat' are matched.

2022-04-05 10:44:57 - [MESSAGE][PASSED] - Call Test Case 'Test Cases/Доктор/Проверка в профиле статуса (переиспользуется в Создание карточки болезни)' successfully

2022-04-05 10:44:57 - [TEST_STEP][FAILED] - callTestCase(findTestCase("Доктор/Вкладки удаление (переиспользуется в Создание карточки болезни)"), [:], STOP_ON_FAILURE): Unable to call Test Case 'Test Cases/Доктор/Вкладки удаление (переиспользуется в Создание карточки болезни)' (Root cause: com.kms.katalon.core.exception.StepFailedException: Call Test Case 'Test Cases/Доктор/Вкладки удаление (переиспользуется в Создание карточки болезни)' failed
	at com.kms.katalon.core.keyword.builtin.CallTestCaseKeyword$_callTestCase_closure1.doCall(CallTestCaseKeyword.groovy:63)
	at com.kms.katalon.core.keyword.builtin.CallTestCaseKeyword$_callTestCase_closure1.call(CallTestCaseKeyword.groovy)
	at com.kms.katalon.core.keyword.internal.KeywordMain.runKeyword(KeywordMain.groovy:74)
	at com.kms.katalon.core.keyword.builtin.CallTestCaseKeyword.callTestCase(CallTestCaseKeyword.groovy:81)
	at com.kms.katalon.core.keyword.builtin.CallTestCaseKeyword.execute(CallTestCaseKeyword.groovy:44)
	at com.kms.katalon.core.keyword.internal.KeywordExecutor.executeKeywordForPlatform(KeywordExecutor.groovy:74)
	at com.kms.katalon.core.keyword.BuiltinKeywords.callTestCase(BuiltinKeywords.groovy:334)
	at Создание карточки болезни.run(Создание карточки болезни:56)
	at com.kms.katalon.core.main.ScriptEngine.run(ScriptEngine.java:194)
	at com.kms.katalon.core.main.ScriptEngine.runScriptAsRawText(ScriptEngine.java:119)
	at com.kms.katalon.core.main.TestCaseExecutor.runScript(TestCaseExecutor.java:442)
	at com.kms.katalon.core.main.TestCaseExecutor.doExecute(TestCaseExecutor.java:433)
	at com.kms.katalon.core.main.TestCaseExecutor.processExecutionPhase(TestCaseExecutor.java:412)
	at com.kms.katalon.core.main.TestCaseExecutor.accessMainPhase(TestCaseExecutor.java:404)
	at com.kms.katalon.core.main.TestCaseExecutor.execute(TestCaseExecutor.java:281)
	at com.kms.katalon.core.main.TestSuiteExecutor.accessTestCaseMainPhase(TestSuiteExecutor.java:202)
	at com.kms.katalon.core.main.TestSuiteExecutor.accessTestSuiteMainPhase(TestSuiteExecutor.java:164)
	at com.kms.katalon.core.main.TestSuiteExecutor.execute(TestSuiteExecutor.java:105)
	at com.kms.katalon.core.main.TestCaseMain.startTestSuite(TestCaseMain.java:185)
	at com.kms.katalon.core.main.TestCaseMain$startTestSuite$0.call(Unknown Source)
	at TempTestSuite1649143152685.run(TempTestSuite1649143152685.groovy:36)
Caused by: com.kms.katalon.core.exception.StepFailedException: Unable to verify text 'Карточка успешно удалена' is present 
	at com.kms.katalon.core.webui.keyword.internal.WebUIKeywordMain.stepFailed(WebUIKeywordMain.groovy:64)
	at com.kms.katalon.core.webui.keyword.internal.WebUIKeywordMain.runKeyword(WebUIKeywordMain.groovy:26)
	at com.kms.katalon.core.webui.keyword.builtin.VerifyTextPresentKeyword.verifyTextPresent(VerifyTextPresentKeyword.groovy:83)
	at com.kms.katalon.core.webui.keyword.builtin.VerifyTextPresentKeyword.execute(VerifyTextPresentKeyword.groovy:68)
	at com.kms.katalon.core.keyword.internal.KeywordExecutor.executeKeywordForPlatform(KeywordExecutor.groovy:74)
	at com.kms.katalon.core.webui.keyword.WebUiBuiltInKeywords.verifyTextPresent(WebUiBuiltInKeywords.groovy:1723)
	at com.kms.katalon.core.webui.keyword.WebUiBuiltInKeywords$verifyTextPresent$5.call(Unknown Source)
	at Вкладки удаление (переиспользуется в Создание карточки болезни).run(Вкладки удаление (переиспользуется в Создание карточки болезни):60)
	at com.kms.katalon.core.main.ScriptEngine.run(ScriptEngine.java:194)
	at com.kms.katalon.core.main.ScriptEngine.runScriptAsRawText(ScriptEngine.java:119)
	at com.kms.katalon.core.main.TestCaseExecutor.runScript(TestCaseExecutor.java:442)
	at com.kms.katalon.core.main.TestCaseExecutor.doExecute(TestCaseExecutor.java:433)
	at com.kms.katalon.core.main.TestCaseExecutor.processExecutionPhase(TestCaseExecutor.java:412)
	at com.kms.katalon.core.main.TestCaseExecutor.accessMainPhase(TestCaseExecutor.java:404)
	at com.kms.katalon.core.main.TestCaseExecutor.execute(TestCaseExecutor.java:281)
	at com.kms.katalon.core.main.TestCaseMain.runTestCase(TestCaseMain.java:142)
	at com.kms.katalon.core.keyword.builtin.CallTestCaseKeyword$_callTestCase_closure1.doCall(CallTestCaseKeyword.groovy:59)
	... 20 more
Caused by: com.kms.katalon.core.exception.StepFailedException: Text 'Карточка успешно удалена' is not present on page 
	at com.kms.katalon.core.webui.keyword.internal.WebUIKeywordMain.stepFailed(WebUIKeywordMain.groovy:64)
	at com.kms.katalon.core.webui.keyword.builtin.VerifyTextPresentKeyword$_verifyTextPresent_closure1.doCall(VerifyTextPresentKeyword.groovy:79)
	at com.kms.katalon.core.webui.keyword.builtin.VerifyTextPresentKeyword$_verifyTextPresent_closure1.call(VerifyTextPresentKeyword.groovy)
	at com.kms.katalon.core.webui.keyword.internal.WebUIKeywordMain.runKeyword(WebUIKeywordMain.groovy:20)
	... 35 more
)

2022-04-05 10:44:57 - [TEST_CASE][FAILED] - Test Cases/Доктор/Вкладки удаление (переиспользуется в Создание карточки болезни): Test Cases/Доктор/Вкладки удаление (переиспользуется в Создание карточки болезни) FAILED.
Reason:
com.kms.katalon.core.exception.StepFailedException: Unable to verify text 'Карточка успешно удалена' is present 
	at com.kms.katalon.core.webui.keyword.internal.WebUIKeywordMain.stepFailed(WebUIKeywordMain.groovy:64)
	at com.kms.katalon.core.webui.keyword.internal.WebUIKeywordMain.runKeyword(WebUIKeywordMain.groovy:26)
	at com.kms.katalon.core.webui.keyword.builtin.VerifyTextPresentKeyword.verifyTextPresent(VerifyTextPresentKeyword.groovy:83)
	at com.kms.katalon.core.webui.keyword.builtin.VerifyTextPresentKeyword.execute(VerifyTextPresentKeyword.groovy:68)
	at com.kms.katalon.core.keyword.internal.KeywordExecutor.executeKeywordForPlatform(KeywordExecutor.groovy:74)
	at com.kms.katalon.core.webui.keyword.WebUiBuiltInKeywords.verifyTextPresent(WebUiBuiltInKeywords.groovy:1723)
	at com.kms.katalon.core.webui.keyword.WebUiBuiltInKeywords$verifyTextPresent$5.call(Unknown Source)
	at Вкладки удаление (переиспользуется в Создание карточки болезни).run(Вкладки удаление (переиспользуется в Создание карточки болезни):60)
	at com.kms.katalon.core.main.ScriptEngine.run(ScriptEngine.java:194)
	at com.kms.katalon.core.main.ScriptEngine.runScriptAsRawText(ScriptEngine.java:119)
	at com.kms.katalon.core.main.TestCaseExecutor.runScript(TestCaseExecutor.java:442)
	at com.kms.katalon.core.main.TestCaseExecutor.doExecute(TestCaseExecutor.java:433)
	at com.kms.katalon.core.main.TestCaseExecutor.processExecutionPhase(TestCaseExecutor.java:412)
	at com.kms.katalon.core.main.TestCaseExecutor.accessMainPhase(TestCaseExecutor.java:404)
	at com.kms.katalon.core.main.TestCaseExecutor.execute(TestCaseExecutor.java:281)
	at com.kms.katalon.core.main.TestCaseMain.runTestCase(TestCaseMain.java:142)
	at com.kms.katalon.core.keyword.builtin.CallTestCaseKeyword$_callTestCase_closure1.doCall(CallTestCaseKeyword.groovy:59)
	at com.kms.katalon.core.keyword.builtin.CallTestCaseKeyword$_callTestCase_closure1.call(CallTestCaseKeyword.groovy)
	at com.kms.katalon.core.keyword.internal.KeywordMain.runKeyword(KeywordMain.groovy:74)
	at com.kms.katalon.core.keyword.builtin.CallTestCaseKeyword.callTestCase(CallTestCaseKeyword.groovy:81)
	at com.kms.katalon.core.keyword.builtin.CallTestCaseKeyword.execute(CallTestCaseKeyword.groovy:44)
	at com.kms.katalon.core.keyword.internal.KeywordExecutor.executeKeywordForPlatform(KeywordExecutor.groovy:74)
	at com.kms.katalon.core.keyword.BuiltinKeywords.callTestCase(BuiltinKeywords.groovy:334)
	at Создание карточки болезни.run(Создание карточки болезни:56)
	at com.kms.katalon.core.main.ScriptEngine.run(ScriptEngine.java:194)
	at com.kms.katalon.core.main.ScriptEngine.runScriptAsRawText(ScriptEngine.java:119)
	at com.kms.katalon.core.main.TestCaseExecutor.runScript(TestCaseExecutor.java:442)
	at com.kms.katalon.core.main.TestCaseExecutor.doExecute(TestCaseExecutor.java:433)
	at com.kms.katalon.core.main.TestCaseExecutor.processExecutionPhase(TestCaseExecutor.java:412)
	at com.kms.katalon.core.main.TestCaseExecutor.accessMainPhase(TestCaseExecutor.java:404)
	at com.kms.katalon.core.main.TestCaseExecutor.execute(TestCaseExecutor.java:281)
	at com.kms.katalon.core.main.TestSuiteExecutor.accessTestCaseMainPhase(TestSuiteExecutor.java:202)
	at com.kms.katalon.core.main.TestSuiteExecutor.accessTestSuiteMainPhase(TestSuiteExecutor.java:164)
	at com.kms.katalon.core.main.TestSuiteExecutor.execute(TestSuiteExecutor.java:105)
	at com.kms.katalon.core.main.TestCaseMain.startTestSuite(TestCaseMain.java:185)
	at com.kms.katalon.core.main.TestCaseMain$startTestSuite$0.call(Unknown Source)
	at TempTestSuite1649143152685.run(TempTestSuite1649143152685.groovy:36)
Caused by: com.kms.katalon.core.exception.StepFailedException: Text 'Карточка успешно удалена' is not present on page 
	at com.kms.katalon.core.webui.keyword.internal.WebUIKeywordMain.stepFailed(WebUIKeywordMain.groovy:64)
	at com.kms.katalon.core.webui.keyword.builtin.VerifyTextPresentKeyword$_verifyTextPresent_closure1.doCall(VerifyTextPresentKeyword.groovy:79)
	at com.kms.katalon.core.webui.keyword.builtin.VerifyTextPresentKeyword$_verifyTextPresent_closure1.call(VerifyTextPresentKeyword.groovy)
	at com.kms.katalon.core.webui.keyword.internal.WebUIKeywordMain.runKeyword(WebUIKeywordMain.groovy:20)
	... 35 more


2022-04-05 10:44:58 - [TEST_STEP][PASSED] - callTestCase(findTestCase("Доктор/Авторизация врач"), [:], STOP_ON_FAILURE): Call Test Case 'Test Cases/Доктор/Авторизация врач' successfully

2022-04-05 10:44:58 - [TEST_CASE][PASSED] - Test Cases/Доктор/Авторизация врач: Test Cases/Доктор/Авторизация врач

2022-04-05 10:44:58 - [TEST_STEP][PASSED] - openBrowser(""): Browser is opened with url: ''

2022-04-05 10:44:58 - [MESSAGE][WARNING] - A browser is already opened. Closing browser and opening a new one

2022-04-05 10:44:58 - [MESSAGE][INFO] - User set preference: ['os', 'linux']

2022-04-05 10:44:58 - [MESSAGE][INFO] - User set preference: ['browserName', 'chrome']

2022-04-05 10:44:58 - [MESSAGE][INFO] - User set preference: ['browserVersion', '97']

2022-04-05 10:44:58 - [MESSAGE][INFO] - User set preference: ['katalon:option', '{organizationId=632442, tunnelId=, usingTunnel=false}']

2022-04-05 10:44:58 - [MESSAGE][INFO] - Connecting to remote web server 'testcloud.katalon.com/hub' with type 'Selenium'

2022-04-05 10:44:58 - [MESSAGE][INFO] - Action delay is set to 100 milliseconds

2022-04-05 10:47:11 - [MESSAGE][PASSED] - Browser is opened with url: ''

2022-04-05 10:47:11 - [TEST_STEP][PASSED] - maximizeWindow(): Current window maximized

2022-04-05 10:47:11 - [MESSAGE][PASSED] - Current window maximized

2022-04-05 10:47:11 - [TEST_STEP][PASSED] - navigateToUrl(url): Navigate to 'https://stars-stage.hawk.ru:8080' successfully

2022-04-05 10:47:17 - [MESSAGE][PASSED] - Navigate to 'https://stars-stage.hawk.ru:8080' successfully

2022-04-05 10:47:17 - [TEST_STEP][PASSED] - setText(findTestObject("Object Repository/vra/Page_/input__sc-lnrBVv eqPACj"), doktor_login): Text 'TestDoctor@mail.ru' is set on object 'Object Repository/vra/Page_/input__sc-lnrBVv eqPACj'

2022-04-05 10:47:21 - [MESSAGE][PASSED] - Text 'TestDoctor@mail.ru' is set on object 'Object Repository/vra/Page_/input__sc-lnrBVv eqPACj'

2022-04-05 10:47:21 - [TEST_STEP][PASSED] - setText(findTestObject("Object Repository/vra/Page_/input__sc-lnrBVv eqPACj_1"), doktor_password, STOP_ON_FAILURE): Text 'testdoctor@mail.ru' is set on object 'Object Repository/vra/Page_/input__sc-lnrBVv eqPACj_1'

2022-04-05 10:47:25 - [MESSAGE][PASSED] - Text 'testdoctor@mail.ru' is set on object 'Object Repository/vra/Page_/input__sc-lnrBVv eqPACj_1'

2022-04-05 10:47:25 - [TEST_STEP][PASSED] - click(findTestObject("Object Repository/vrach/Page_/Page_/go")): Object: 'Object Repository/vrach/Page_/Page_/go' is clicked on

2022-04-05 10:47:28 - [MESSAGE][PASSED] - Object: 'Object Repository/vrach/Page_/Page_/go' is clicked on

2022-04-05 10:47:28 - [MESSAGE][PASSED] - Call Test Case 'Test Cases/Доктор/Авторизация врач' successfully

2022-04-05 10:47:28 - [TEST_STEP][PASSED] - click(findTestObject("Object Repository/Avangard New/Object (Доктор)/Case (Создание карточки и удаление)/school")): Object: 'Object Repository/Avangard New/Object (Доктор)/Case (Создание карточки и удаление)/school' is clicked on

2022-04-05 10:47:59 - [MESSAGE][INFO] - Unable to find the element located by 'By.xpath: //div[@id='root']/div/div/div[2]/div/form/div[2]/div/div[2]/div/div/div[2]/div[2]/div/div/div/div/div/div/div/div/div/div'. Please recheck the objects properties to make sure the desired element is located. 

2022-04-05 10:47:59 - [MESSAGE][WARNING] - [SELF-HEALING] Failed to find element with id 'Object Repository/Avangard New/Object (Доктор)/Case (Создание карточки и удаление)/school'. Try using Self-healing.

2022-04-05 10:48:01 - [MESSAGE][INFO] - [SELF-HEALING] Failed Locator: '//div[@id='root']/div/div/div[2]/div/div/div/div/div/div/div/div'.

2022-04-05 10:48:02 - [MESSAGE][INFO] - [SELF-HEALING] Working Locator: '(.//*[normalize-space(text()) and normalize-space(.)='Школа'])[1]/following::div[4]'.

2022-04-05 10:48:04 - [MESSAGE][INFO] - [SELF-HEALING] Screenshot: C:/Users/LENOVO/Katalon Studio/Avangard/Reports/Self-healing/Object Repository/Avangard New/Object (Доктор)/Case (Создание карточки и удаление)/school_neighbor.png

2022-04-05 10:48:04 - [MESSAGE][WARNING] - [SELF-HEALING] The current locator of test object 'Object Repository/Avangard New/Object (Доктор)/Case (Создание карточки и удаление)/school' was broken. Propose an alternative one: '(.//*[normalize-space(text()) and normalize-space(.)='Школа'])[1]/following::div[4]'.

2022-04-05 10:48:04 - [MESSAGE][PASSED] - Object: 'Object Repository/Avangard New/Object (Доктор)/Case (Создание карточки и удаление)/school' is clicked on

2022-04-05 10:48:04 - [TEST_STEP][PASSED] - click(findTestObject("Object Repository/Avangard New/Object (Доктор)/Case (Создание карточки и удаление)/var_school")): Object: 'Object Repository/Avangard New/Object (Доктор)/Case (Создание карточки и удаление)/var_school' is clicked on

2022-04-05 10:48:06 - [MESSAGE][PASSED] - Object: 'Object Repository/Avangard New/Object (Доктор)/Case (Создание карточки и удаление)/var_school' is clicked on

2022-04-05 10:48:06 - [TEST_STEP][PASSED] - click(findTestObject("Object Repository/Avangard New/Object (Доктор)/Case (Создание карточки и удаление)/team")): Object: 'Object Repository/Avangard New/Object (Доктор)/Case (Создание карточки и удаление)/team' is clicked on

2022-04-05 10:48:39 - [MESSAGE][INFO] - Unable to find the element located by 'By.xpath: /html/body/div[1]/div[1]/div/div[2]/div/form[1]/div[2]/div/div[2]/div/div/div[2]/div[2]/div/div/div/div[1]/div/div[2]/div/div/div/div[1]'. Please recheck the objects properties to make sure the desired element is located. 

2022-04-05 10:48:39 - [MESSAGE][WARNING] - [SELF-HEALING] Failed to find element with id 'Object Repository/Avangard New/Object (Доктор)/Case (Создание карточки и удаление)/team'. Try using Self-healing.

2022-04-05 10:48:40 - [MESSAGE][INFO] - [SELF-HEALING] Failed Locator: '//div[@id='root']/div/div/div[2]/div/div/div/div[2]/div/div/div/div'.

2022-04-05 10:48:41 - [MESSAGE][INFO] - [SELF-HEALING] Working Locator: '(.//*[normalize-space(text()) and normalize-space(.)='Команда'])[1]/following::div[4]'.

2022-04-05 10:48:43 - [MESSAGE][INFO] - [SELF-HEALING] Screenshot: C:/Users/LENOVO/Katalon Studio/Avangard/Reports/Self-healing/Object Repository/Avangard New/Object (Доктор)/Case (Создание карточки и удаление)/team_neighbor.png

2022-04-05 10:48:43 - [MESSAGE][WARNING] - [SELF-HEALING] The current locator of test object 'Object Repository/Avangard New/Object (Доктор)/Case (Создание карточки и удаление)/team' was broken. Propose an alternative one: '(.//*[normalize-space(text()) and normalize-space(.)='Команда'])[1]/following::div[4]'.

2022-04-05 10:48:43 - [MESSAGE][PASSED] - Object: 'Object Repository/Avangard New/Object (Доктор)/Case (Создание карточки и удаление)/team' is clicked on

2022-04-05 10:48:43 - [TEST_STEP][PASSED] - click(findTestObject("Object Repository/Avangard New/Object (Доктор)/Case (Создание карточки и удаление)/Global school")): Object: 'Object Repository/Avangard New/Object (Доктор)/Case (Создание карточки и удаление)/Global school' is clicked on

2022-04-05 10:48:46 - [MESSAGE][PASSED] - Object: 'Object Repository/Avangard New/Object (Доктор)/Case (Создание карточки и удаление)/Global school' is clicked on

2022-04-05 10:48:46 - [TEST_STEP][PASSED] - scrollToElement(findTestObject("Object Repository/Avangard New/Object (Доктор)/Case (Создание карточки и удаление)/p_1"), 0): Scroll to object 'Object Repository/Avangard New/Object (Доктор)/Case (Создание карточки и удаление)/p_1' successfully

2022-04-05 10:48:46 - [MESSAGE][WARNING] - Timeout '0' is invalid. Using default page load timeout: '30'

2022-04-05 10:48:52 - [MESSAGE][PASSED] - Scroll to object 'Object Repository/Avangard New/Object (Доктор)/Case (Создание карточки и удаление)/p_1' successfully

2022-04-05 10:48:52 - [TEST_STEP][PASSED] - click(findTestObject("Object Repository/Avangard New/Object (Доктор)/Case (Создание карточки и удаление)/p_1")): Object: 'Object Repository/Avangard New/Object (Доктор)/Case (Создание карточки и удаление)/p_1' is clicked on

2022-04-05 10:48:54 - [MESSAGE][PASSED] - Object: 'Object Repository/Avangard New/Object (Доктор)/Case (Создание карточки и удаление)/p_1' is clicked on

2022-04-05 10:48:54 - [TEST_STEP][PASSED] - setText(findTestObject("Object Repository/Avangard New/Object (Доктор)/Case (Создание карточки и удаление)/input__stady"), "Допуск на игру"): Text 'Допуск на игру' is set on object 'Object Repository/Avangard New/Object (Доктор)/Case (Создание карточки и удаление)/input__stady'

2022-04-05 10:49:00 - [MESSAGE][PASSED] - Text 'Допуск на игру' is set on object 'Object Repository/Avangard New/Object (Доктор)/Case (Создание карточки и удаление)/input__stady'

2022-04-05 10:49:00 - [TEST_STEP][PASSED] - sendKeys(findTestObject("Object Repository/Avangard New/Object (Доктор)/Case (Создание карточки и удаление)/input__stady"), Keys.chord(ENTER)): Keys 'ENTER + ' sent to object: 'Object Repository/Avangard New/Object (Доктор)/Case (Создание карточки и удаление)/input__stady'

2022-04-05 10:49:03 - [MESSAGE][PASSED] - Keys 'ENTER + ' sent to object: 'Object Repository/Avangard New/Object (Доктор)/Case (Создание карточки и удаление)/input__stady'

2022-04-05 10:49:03 - [TEST_STEP][PASSED] - click(findTestObject("Object Repository/Avangard New/Object (Доктор)/Case (Создание карточки и удаление)/button_save")): Object: 'Object Repository/Avangard New/Object (Доктор)/Case (Создание карточки и удаление)/button_save' is clicked on

2022-04-05 10:49:05 - [MESSAGE][PASSED] - Object: 'Object Repository/Avangard New/Object (Доктор)/Case (Создание карточки и удаление)/button_save' is clicked on

2022-04-05 10:49:05 - [TEST_STEP][PASSED] - scrollToElement(findTestObject("Object Repository/Avangard New/Object (Доктор)/Case (Создание карточки и удаление)/p_1"), 0): Scroll to object 'Object Repository/Avangard New/Object (Доктор)/Case (Создание карточки и удаление)/p_1' successfully

2022-04-05 10:49:05 - [MESSAGE][WARNING] - Timeout '0' is invalid. Using default page load timeout: '30'

2022-04-05 10:49:09 - [MESSAGE][PASSED] - Scroll to object 'Object Repository/Avangard New/Object (Доктор)/Case (Создание карточки и удаление)/p_1' successfully

2022-04-05 10:49:09 - [TEST_STEP][PASSED] - click(findTestObject("Object Repository/Avangard New/Object (Доктор)/Case (Создание карточки и удаление)/p_1")): Object: 'Object Repository/Avangard New/Object (Доктор)/Case (Создание карточки и удаление)/p_1' is clicked on

2022-04-05 10:49:11 - [MESSAGE][PASSED] - Object: 'Object Repository/Avangard New/Object (Доктор)/Case (Создание карточки и удаление)/p_1' is clicked on

2022-04-05 10:49:11 - [TEST_STEP][PASSED] - verifyElementText(findTestObject("Object Repository/Avangard New/Object (Доктор)/Case (Создание карточки и удаление)/stady"), "Допуск на игру"): Actual text and expected text of test object 'Object Repository/Avangard New/Object (Доктор)/Case (Создание карточки и удаление)/stady' are matched.

2022-04-05 10:49:42 - [MESSAGE][INFO] - Unable to find the element located by 'By.xpath: //*[(text() = 'Выберите стадию' or . = 'Выберите стадию')]'. Please recheck the objects properties to make sure the desired element is located. 

2022-04-05 10:49:42 - [MESSAGE][WARNING] - [SELF-HEALING] Failed to find element with id 'Object Repository/Avangard New/Object (Доктор)/Case (Создание карточки и удаление)/stady'. Try using Self-healing.

2022-04-05 10:49:45 - [MESSAGE][INFO] - [SELF-HEALING] Screenshot: C:/Users/LENOVO/Katalon Studio/Avangard/Reports/Self-healing/Object Repository/Avangard New/Object (Доктор)/Case (Создание карточки и удаление)/stady_XPATH.png

2022-04-05 10:49:45 - [MESSAGE][WARNING] - [SELF-HEALING] The current locator of test object 'Object Repository/Avangard New/Object (Доктор)/Case (Создание карточки и удаление)/stady' was broken. Propose an alternative one: '/html/body/div[1]/div[1]/div/div[2]/div/form[2]/div[2]/div/div[2]/div/div/div[2]/div[2]/div/div/div/div[2]/div/div[2]/div/div/div/div[1]'.

2022-04-05 10:49:45 - [MESSAGE][PASSED] - Actual text and expected text of test object 'Object Repository/Avangard New/Object (Доктор)/Case (Создание карточки и удаление)/stady' are matched.

2022-04-05 10:49:45 - [TEST_STEP][PASSED] - click(findTestObject("Object Repository/Avangard New/Object (Доктор)/Case (Создание карточки и удаление)/button_delete")): Object: 'Object Repository/Avangard New/Object (Доктор)/Case (Создание карточки и удаление)/button_delete' is clicked on

2022-04-05 10:49:48 - [MESSAGE][PASSED] - Object: 'Object Repository/Avangard New/Object (Доктор)/Case (Создание карточки и удаление)/button_delete' is clicked on

2022-04-05 10:49:48 - [TEST_STEP][PASSED] - click(findTestObject("Object Repository/Avangard New/Object (Доктор)/Case (Создание карточки и удаление)/confirm")): Object: 'Object Repository/Avangard New/Object (Доктор)/Case (Создание карточки и удаление)/confirm' is clicked on

2022-04-05 10:49:50 - [MESSAGE][PASSED] - Object: 'Object Repository/Avangard New/Object (Доктор)/Case (Создание карточки и удаление)/confirm' is clicked on

2022-04-05 10:49:50 - [TEST_STEP][FAILED] - verifyTextPresent("Карточка успешно удалена", false): Unable to verify text 'Карточка успешно удалена' is present  (Root cause: com.kms.katalon.core.exception.StepFailedException: Unable to verify text 'Карточка успешно удалена' is present 
	at com.kms.katalon.core.webui.keyword.internal.WebUIKeywordMain.stepFailed(WebUIKeywordMain.groovy:64)
	at com.kms.katalon.core.webui.keyword.internal.WebUIKeywordMain.runKeyword(WebUIKeywordMain.groovy:26)
	at com.kms.katalon.core.webui.keyword.builtin.VerifyTextPresentKeyword.verifyTextPresent(VerifyTextPresentKeyword.groovy:83)
	at com.kms.katalon.core.webui.keyword.builtin.VerifyTextPresentKeyword.execute(VerifyTextPresentKeyword.groovy:68)
	at com.kms.katalon.core.keyword.internal.KeywordExecutor.executeKeywordForPlatform(KeywordExecutor.groovy:74)
	at com.kms.katalon.core.webui.keyword.WebUiBuiltInKeywords.verifyTextPresent(WebUiBuiltInKeywords.groovy:1723)
	at com.kms.katalon.core.webui.keyword.WebUiBuiltInKeywords$verifyTextPresent$5.call(Unknown Source)
	at Вкладки удаление (переиспользуется в Создание карточки болезни).run(Вкладки удаление (переиспользуется в Создание карточки болезни):60)
	at com.kms.katalon.core.main.ScriptEngine.run(ScriptEngine.java:194)
	at com.kms.katalon.core.main.ScriptEngine.runScriptAsRawText(ScriptEngine.java:119)
	at com.kms.katalon.core.main.TestCaseExecutor.runScript(TestCaseExecutor.java:442)
	at com.kms.katalon.core.main.TestCaseExecutor.doExecute(TestCaseExecutor.java:433)
	at com.kms.katalon.core.main.TestCaseExecutor.processExecutionPhase(TestCaseExecutor.java:412)
	at com.kms.katalon.core.main.TestCaseExecutor.accessMainPhase(TestCaseExecutor.java:404)
	at com.kms.katalon.core.main.TestCaseExecutor.execute(TestCaseExecutor.java:281)
	at com.kms.katalon.core.main.TestCaseMain.runTestCase(TestCaseMain.java:142)
	at com.kms.katalon.core.keyword.builtin.CallTestCaseKeyword$_callTestCase_closure1.doCall(CallTestCaseKeyword.groovy:59)
	at com.kms.katalon.core.keyword.builtin.CallTestCaseKeyword$_callTestCase_closure1.call(CallTestCaseKeyword.groovy)
	at com.kms.katalon.core.keyword.internal.KeywordMain.runKeyword(KeywordMain.groovy:74)
	at com.kms.katalon.core.keyword.builtin.CallTestCaseKeyword.callTestCase(CallTestCaseKeyword.groovy:81)
	at com.kms.katalon.core.keyword.builtin.CallTestCaseKeyword.execute(CallTestCaseKeyword.groovy:44)
	at com.kms.katalon.core.keyword.internal.KeywordExecutor.executeKeywordForPlatform(KeywordExecutor.groovy:74)
	at com.kms.katalon.core.keyword.BuiltinKeywords.callTestCase(BuiltinKeywords.groovy:334)
	at Создание карточки болезни.run(Создание карточки болезни:56)
	at com.kms.katalon.core.main.ScriptEngine.run(ScriptEngine.java:194)
	at com.kms.katalon.core.main.ScriptEngine.runScriptAsRawText(ScriptEngine.java:119)
	at com.kms.katalon.core.main.TestCaseExecutor.runScript(TestCaseExecutor.java:442)
	at com.kms.katalon.core.main.TestCaseExecutor.doExecute(TestCaseExecutor.java:433)
	at com.kms.katalon.core.main.TestCaseExecutor.processExecutionPhase(TestCaseExecutor.java:412)
	at com.kms.katalon.core.main.TestCaseExecutor.accessMainPhase(TestCaseExecutor.java:404)
	at com.kms.katalon.core.main.TestCaseExecutor.execute(TestCaseExecutor.java:281)
	at com.kms.katalon.core.main.TestSuiteExecutor.accessTestCaseMainPhase(TestSuiteExecutor.java:202)
	at com.kms.katalon.core.main.TestSuiteExecutor.accessTestSuiteMainPhase(TestSuiteExecutor.java:164)
	at com.kms.katalon.core.main.TestSuiteExecutor.execute(TestSuiteExecutor.java:105)
	at com.kms.katalon.core.main.TestCaseMain.startTestSuite(TestCaseMain.java:185)
	at com.kms.katalon.core.main.TestCaseMain$startTestSuite$0.call(Unknown Source)
	at TempTestSuite1649143152685.run(TempTestSuite1649143152685.groovy:36)
Caused by: com.kms.katalon.core.exception.StepFailedException: Text 'Карточка успешно удалена' is not present on page 
	at com.kms.katalon.core.webui.keyword.internal.WebUIKeywordMain.stepFailed(WebUIKeywordMain.groovy:64)
	at com.kms.katalon.core.webui.keyword.builtin.VerifyTextPresentKeyword$_verifyTextPresent_closure1.doCall(VerifyTextPresentKeyword.groovy:79)
	at com.kms.katalon.core.webui.keyword.builtin.VerifyTextPresentKeyword$_verifyTextPresent_closure1.call(VerifyTextPresentKeyword.groovy)
	at com.kms.katalon.core.webui.keyword.internal.WebUIKeywordMain.runKeyword(WebUIKeywordMain.groovy:20)
	... 35 more
)

2022-04-05 10:50:01 - [MESSAGE][FAILED] - Text 'Карточка успешно удалена' is not present on page  (Root cause: com.kms.katalon.core.exception.StepFailedException: Text 'Карточка успешно удалена' is not present on page 
	at com.kms.katalon.core.webui.keyword.internal.WebUIKeywordMain.stepFailed(WebUIKeywordMain.groovy:64)
	at com.kms.katalon.core.webui.keyword.builtin.VerifyTextPresentKeyword$_verifyTextPresent_closure1.doCall(VerifyTextPresentKeyword.groovy:79)
	at com.kms.katalon.core.webui.keyword.builtin.VerifyTextPresentKeyword$_verifyTextPresent_closure1.call(VerifyTextPresentKeyword.groovy)
	at com.kms.katalon.core.webui.keyword.internal.WebUIKeywordMain.runKeyword(WebUIKeywordMain.groovy:20)
	at com.kms.katalon.core.webui.keyword.builtin.VerifyTextPresentKeyword.verifyTextPresent(VerifyTextPresentKeyword.groovy:83)
	at com.kms.katalon.core.webui.keyword.builtin.VerifyTextPresentKeyword.execute(VerifyTextPresentKeyword.groovy:68)
	at com.kms.katalon.core.keyword.internal.KeywordExecutor.executeKeywordForPlatform(KeywordExecutor.groovy:74)
	at com.kms.katalon.core.webui.keyword.WebUiBuiltInKeywords.verifyTextPresent(WebUiBuiltInKeywords.groovy:1723)
	at com.kms.katalon.core.webui.keyword.WebUiBuiltInKeywords$verifyTextPresent$5.call(Unknown Source)
	at Вкладки удаление (переиспользуется в Создание карточки болезни).run(Вкладки удаление (переиспользуется в Создание карточки болезни):60)
	at com.kms.katalon.core.main.ScriptEngine.run(ScriptEngine.java:194)
	at com.kms.katalon.core.main.ScriptEngine.runScriptAsRawText(ScriptEngine.java:119)
	at com.kms.katalon.core.main.TestCaseExecutor.runScript(TestCaseExecutor.java:442)
	at com.kms.katalon.core.main.TestCaseExecutor.doExecute(TestCaseExecutor.java:433)
	at com.kms.katalon.core.main.TestCaseExecutor.processExecutionPhase(TestCaseExecutor.java:412)
	at com.kms.katalon.core.main.TestCaseExecutor.accessMainPhase(TestCaseExecutor.java:404)
	at com.kms.katalon.core.main.TestCaseExecutor.execute(TestCaseExecutor.java:281)
	at com.kms.katalon.core.main.TestCaseMain.runTestCase(TestCaseMain.java:142)
	at com.kms.katalon.core.keyword.builtin.CallTestCaseKeyword$_callTestCase_closure1.doCall(CallTestCaseKeyword.groovy:59)
	at com.kms.katalon.core.keyword.builtin.CallTestCaseKeyword$_callTestCase_closure1.call(CallTestCaseKeyword.groovy)
	at com.kms.katalon.core.keyword.internal.KeywordMain.runKeyword(KeywordMain.groovy:74)
	at com.kms.katalon.core.keyword.builtin.CallTestCaseKeyword.callTestCase(CallTestCaseKeyword.groovy:81)
	at com.kms.katalon.core.keyword.builtin.CallTestCaseKeyword.execute(CallTestCaseKeyword.groovy:44)
	at com.kms.katalon.core.keyword.internal.KeywordExecutor.executeKeywordForPlatform(KeywordExecutor.groovy:74)
	at com.kms.katalon.core.keyword.BuiltinKeywords.callTestCase(BuiltinKeywords.groovy:334)
	at Создание карточки болезни.run(Создание карточки болезни:56)
	at com.kms.katalon.core.main.ScriptEngine.run(ScriptEngine.java:194)
	at com.kms.katalon.core.main.ScriptEngine.runScriptAsRawText(ScriptEngine.java:119)
	at com.kms.katalon.core.main.TestCaseExecutor.runScript(TestCaseExecutor.java:442)
	at com.kms.katalon.core.main.TestCaseExecutor.doExecute(TestCaseExecutor.java:433)
	at com.kms.katalon.core.main.TestCaseExecutor.processExecutionPhase(TestCaseExecutor.java:412)
	at com.kms.katalon.core.main.TestCaseExecutor.accessMainPhase(TestCaseExecutor.java:404)
	at com.kms.katalon.core.main.TestCaseExecutor.execute(TestCaseExecutor.java:281)
	at com.kms.katalon.core.main.TestSuiteExecutor.accessTestCaseMainPhase(TestSuiteExecutor.java:202)
	at com.kms.katalon.core.main.TestSuiteExecutor.accessTestSuiteMainPhase(TestSuiteExecutor.java:164)
	at com.kms.katalon.core.main.TestSuiteExecutor.execute(TestSuiteExecutor.java:105)
	at com.kms.katalon.core.main.TestCaseMain.startTestSuite(TestCaseMain.java:185)
	at com.kms.katalon.core.main.TestCaseMain$startTestSuite$0.call(Unknown Source)
	at TempTestSuite1649143152685.run(TempTestSuite1649143152685.groovy:36)
)

2022-04-05 10:50:04 - [MESSAGE][FAILED] - Unable to verify text 'Карточка успешно удалена' is present  (Root cause: com.kms.katalon.core.exception.StepFailedException: Unable to verify text 'Карточка успешно удалена' is present 
	at com.kms.katalon.core.webui.keyword.internal.WebUIKeywordMain.stepFailed(WebUIKeywordMain.groovy:64)
	at com.kms.katalon.core.webui.keyword.internal.WebUIKeywordMain.runKeyword(WebUIKeywordMain.groovy:26)
	at com.kms.katalon.core.webui.keyword.builtin.VerifyTextPresentKeyword.verifyTextPresent(VerifyTextPresentKeyword.groovy:83)
	at com.kms.katalon.core.webui.keyword.builtin.VerifyTextPresentKeyword.execute(VerifyTextPresentKeyword.groovy:68)
	at com.kms.katalon.core.keyword.internal.KeywordExecutor.executeKeywordForPlatform(KeywordExecutor.groovy:74)
	at com.kms.katalon.core.webui.keyword.WebUiBuiltInKeywords.verifyTextPresent(WebUiBuiltInKeywords.groovy:1723)
	at com.kms.katalon.core.webui.keyword.WebUiBuiltInKeywords$verifyTextPresent$5.call(Unknown Source)
	at Вкладки удаление (переиспользуется в Создание карточки болезни).run(Вкладки удаление (переиспользуется в Создание карточки болезни):60)
	at com.kms.katalon.core.main.ScriptEngine.run(ScriptEngine.java:194)
	at com.kms.katalon.core.main.ScriptEngine.runScriptAsRawText(ScriptEngine.java:119)
	at com.kms.katalon.core.main.TestCaseExecutor.runScript(TestCaseExecutor.java:442)
	at com.kms.katalon.core.main.TestCaseExecutor.doExecute(TestCaseExecutor.java:433)
	at com.kms.katalon.core.main.TestCaseExecutor.processExecutionPhase(TestCaseExecutor.java:412)
	at com.kms.katalon.core.main.TestCaseExecutor.accessMainPhase(TestCaseExecutor.java:404)
	at com.kms.katalon.core.main.TestCaseExecutor.execute(TestCaseExecutor.java:281)
	at com.kms.katalon.core.main.TestCaseMain.runTestCase(TestCaseMain.java:142)
	at com.kms.katalon.core.keyword.builtin.CallTestCaseKeyword$_callTestCase_closure1.doCall(CallTestCaseKeyword.groovy:59)
	at com.kms.katalon.core.keyword.builtin.CallTestCaseKeyword$_callTestCase_closure1.call(CallTestCaseKeyword.groovy)
	at com.kms.katalon.core.keyword.internal.KeywordMain.runKeyword(KeywordMain.groovy:74)
	at com.kms.katalon.core.keyword.builtin.CallTestCaseKeyword.callTestCase(CallTestCaseKeyword.groovy:81)
	at com.kms.katalon.core.keyword.builtin.CallTestCaseKeyword.execute(CallTestCaseKeyword.groovy:44)
	at com.kms.katalon.core.keyword.internal.KeywordExecutor.executeKeywordForPlatform(KeywordExecutor.groovy:74)
	at com.kms.katalon.core.keyword.BuiltinKeywords.callTestCase(BuiltinKeywords.groovy:334)
	at Создание карточки болезни.run(Создание карточки болезни:56)
	at com.kms.katalon.core.main.ScriptEngine.run(ScriptEngine.java:194)
	at com.kms.katalon.core.main.ScriptEngine.runScriptAsRawText(ScriptEngine.java:119)
	at com.kms.katalon.core.main.TestCaseExecutor.runScript(TestCaseExecutor.java:442)
	at com.kms.katalon.core.main.TestCaseExecutor.doExecute(TestCaseExecutor.java:433)
	at com.kms.katalon.core.main.TestCaseExecutor.processExecutionPhase(TestCaseExecutor.java:412)
	at com.kms.katalon.core.main.TestCaseExecutor.accessMainPhase(TestCaseExecutor.java:404)
	at com.kms.katalon.core.main.TestCaseExecutor.execute(TestCaseExecutor.java:281)
	at com.kms.katalon.core.main.TestSuiteExecutor.accessTestCaseMainPhase(TestSuiteExecutor.java:202)
	at com.kms.katalon.core.main.TestSuiteExecutor.accessTestSuiteMainPhase(TestSuiteExecutor.java:164)
	at com.kms.katalon.core.main.TestSuiteExecutor.execute(TestSuiteExecutor.java:105)
	at com.kms.katalon.core.main.TestCaseMain.startTestSuite(TestCaseMain.java:185)
	at com.kms.katalon.core.main.TestCaseMain$startTestSuite$0.call(Unknown Source)
	at TempTestSuite1649143152685.run(TempTestSuite1649143152685.groovy:36)
Caused by: com.kms.katalon.core.exception.StepFailedException: Text 'Карточка успешно удалена' is not present on page 
	at com.kms.katalon.core.webui.keyword.internal.WebUIKeywordMain.stepFailed(WebUIKeywordMain.groovy:64)
	at com.kms.katalon.core.webui.keyword.builtin.VerifyTextPresentKeyword$_verifyTextPresent_closure1.doCall(VerifyTextPresentKeyword.groovy:79)
	at com.kms.katalon.core.webui.keyword.builtin.VerifyTextPresentKeyword$_verifyTextPresent_closure1.call(VerifyTextPresentKeyword.groovy)
	at com.kms.katalon.core.webui.keyword.internal.WebUIKeywordMain.runKeyword(WebUIKeywordMain.groovy:20)
	... 35 more
)
[[ATTACHMENT|C:\\Users\\LENOVO\\Katalon Studio\\Avangard\\Reports\\20220405_101904\\\u0414\u043E\u043A\u0442\u043E\u0440\\20220405_101912\\1649145001121.png]]

2022-04-05 10:50:06 - [MESSAGE][INFO] - 

2022-04-05 10:50:06 - [MESSAGE][INFO] - ===================== Self-healing Report ====================

2022-04-05 10:50:06 - [MESSAGE][INFO] - One of the failed test object locators has been recovered by Self-healing. Please refer to the Self-healing Insights tab for more details.

2022-04-05 10:50:06 - [MESSAGE][INFO] - To learn more about Self-healing, please read https://docs.katalon.com/katalon-studio/docs/self-healing.html

2022-04-05 10:50:06 - [MESSAGE][INFO] - ==============================================================

2022-04-05 10:50:06 - [MESSAGE][FAILED] - Unable to call Test Case 'Test Cases/Доктор/Вкладки удаление (переиспользуется в Создание карточки болезни)' (Root cause: com.kms.katalon.core.exception.StepFailedException: Call Test Case 'Test Cases/Доктор/Вкладки удаление (переиспользуется в Создание карточки болезни)' failed
	at com.kms.katalon.core.keyword.builtin.CallTestCaseKeyword$_callTestCase_closure1.doCall(CallTestCaseKeyword.groovy:63)
	at com.kms.katalon.core.keyword.builtin.CallTestCaseKeyword$_callTestCase_closure1.call(CallTestCaseKeyword.groovy)
	at com.kms.katalon.core.keyword.internal.KeywordMain.runKeyword(KeywordMain.groovy:74)
	at com.kms.katalon.core.keyword.builtin.CallTestCaseKeyword.callTestCase(CallTestCaseKeyword.groovy:81)
	at com.kms.katalon.core.keyword.builtin.CallTestCaseKeyword.execute(CallTestCaseKeyword.groovy:44)
	at com.kms.katalon.core.keyword.internal.KeywordExecutor.executeKeywordForPlatform(KeywordExecutor.groovy:74)
	at com.kms.katalon.core.keyword.BuiltinKeywords.callTestCase(BuiltinKeywords.groovy:334)
	at Создание карточки болезни.run(Создание карточки болезни:56)
	at com.kms.katalon.core.main.ScriptEngine.run(ScriptEngine.java:194)
	at com.kms.katalon.core.main.ScriptEngine.runScriptAsRawText(ScriptEngine.java:119)
	at com.kms.katalon.core.main.TestCaseExecutor.runScript(TestCaseExecutor.java:442)
	at com.kms.katalon.core.main.TestCaseExecutor.doExecute(TestCaseExecutor.java:433)
	at com.kms.katalon.core.main.TestCaseExecutor.processExecutionPhase(TestCaseExecutor.java:412)
	at com.kms.katalon.core.main.TestCaseExecutor.accessMainPhase(TestCaseExecutor.java:404)
	at com.kms.katalon.core.main.TestCaseExecutor.execute(TestCaseExecutor.java:281)
	at com.kms.katalon.core.main.TestSuiteExecutor.accessTestCaseMainPhase(TestSuiteExecutor.java:202)
	at com.kms.katalon.core.main.TestSuiteExecutor.accessTestSuiteMainPhase(TestSuiteExecutor.java:164)
	at com.kms.katalon.core.main.TestSuiteExecutor.execute(TestSuiteExecutor.java:105)
	at com.kms.katalon.core.main.TestCaseMain.startTestSuite(TestCaseMain.java:185)
	at com.kms.katalon.core.main.TestCaseMain$startTestSuite$0.call(Unknown Source)
	at TempTestSuite1649143152685.run(TempTestSuite1649143152685.groovy:36)
Caused by: com.kms.katalon.core.exception.StepFailedException: Unable to verify text 'Карточка успешно удалена' is present 
	at com.kms.katalon.core.webui.keyword.internal.WebUIKeywordMain.stepFailed(WebUIKeywordMain.groovy:64)
	at com.kms.katalon.core.webui.keyword.internal.WebUIKeywordMain.runKeyword(WebUIKeywordMain.groovy:26)
	at com.kms.katalon.core.webui.keyword.builtin.VerifyTextPresentKeyword.verifyTextPresent(VerifyTextPresentKeyword.groovy:83)
	at com.kms.katalon.core.webui.keyword.builtin.VerifyTextPresentKeyword.execute(VerifyTextPresentKeyword.groovy:68)
	at com.kms.katalon.core.keyword.internal.KeywordExecutor.executeKeywordForPlatform(KeywordExecutor.groovy:74)
	at com.kms.katalon.core.webui.keyword.WebUiBuiltInKeywords.verifyTextPresent(WebUiBuiltInKeywords.groovy:1723)
	at com.kms.katalon.core.webui.keyword.WebUiBuiltInKeywords$verifyTextPresent$5.call(Unknown Source)
	at Вкладки удаление (переиспользуется в Создание карточки болезни).run(Вкладки удаление (переиспользуется в Создание карточки болезни):60)
	at com.kms.katalon.core.main.ScriptEngine.run(ScriptEngine.java:194)
	at com.kms.katalon.core.main.ScriptEngine.runScriptAsRawText(ScriptEngine.java:119)
	at com.kms.katalon.core.main.TestCaseExecutor.runScript(TestCaseExecutor.java:442)
	at com.kms.katalon.core.main.TestCaseExecutor.doExecute(TestCaseExecutor.java:433)
	at com.kms.katalon.core.main.TestCaseExecutor.processExecutionPhase(TestCaseExecutor.java:412)
	at com.kms.katalon.core.main.TestCaseExecutor.accessMainPhase(TestCaseExecutor.java:404)
	at com.kms.katalon.core.main.TestCaseExecutor.execute(TestCaseExecutor.java:281)
	at com.kms.katalon.core.main.TestCaseMain.runTestCase(TestCaseMain.java:142)
	at com.kms.katalon.core.keyword.builtin.CallTestCaseKeyword$_callTestCase_closure1.doCall(CallTestCaseKeyword.groovy:59)
	... 20 more
Caused by: com.kms.katalon.core.exception.StepFailedException: Text 'Карточка успешно удалена' is not present on page 
	at com.kms.katalon.core.webui.keyword.internal.WebUIKeywordMain.stepFailed(WebUIKeywordMain.groovy:64)
	at com.kms.katalon.core.webui.keyword.builtin.VerifyTextPresentKeyword$_verifyTextPresent_closure1.doCall(VerifyTextPresentKeyword.groovy:79)
	at com.kms.katalon.core.webui.keyword.builtin.VerifyTextPresentKeyword$_verifyTextPresent_closure1.call(VerifyTextPresentKeyword.groovy)
	at com.kms.katalon.core.webui.keyword.internal.WebUIKeywordMain.runKeyword(WebUIKeywordMain.groovy:20)
	... 35 more
)]]></system-out>
         <system-err><![CDATA[2022-04-05 10:35:49 - [TEST_CASE][FAILED] - Test Cases/Доктор/Создание карточки болезни: Test Cases/Доктор/Создание карточки болезни FAILED.
Reason:
com.kms.katalon.core.exception.StepFailedException: Call Test Case 'Test Cases/Доктор/Вкладки удаление (переиспользуется в Создание карточки болезни)' failed
	at com.kms.katalon.core.keyword.builtin.CallTestCaseKeyword$_callTestCase_closure1.doCall(CallTestCaseKeyword.groovy:63)
	at com.kms.katalon.core.keyword.builtin.CallTestCaseKeyword$_callTestCase_closure1.call(CallTestCaseKeyword.groovy)
	at com.kms.katalon.core.keyword.internal.KeywordMain.runKeyword(KeywordMain.groovy:74)
	at com.kms.katalon.core.keyword.builtin.CallTestCaseKeyword.callTestCase(CallTestCaseKeyword.groovy:81)
	at com.kms.katalon.core.keyword.builtin.CallTestCaseKeyword.execute(CallTestCaseKeyword.groovy:44)
	at com.kms.katalon.core.keyword.internal.KeywordExecutor.executeKeywordForPlatform(KeywordExecutor.groovy:74)
	at com.kms.katalon.core.keyword.BuiltinKeywords.callTestCase(BuiltinKeywords.groovy:334)
	at Создание карточки болезни.run(Создание карточки болезни:56)
	at com.kms.katalon.core.main.ScriptEngine.run(ScriptEngine.java:194)
	at com.kms.katalon.core.main.ScriptEngine.runScriptAsRawText(ScriptEngine.java:119)
	at com.kms.katalon.core.main.TestCaseExecutor.runScript(TestCaseExecutor.java:442)
	at com.kms.katalon.core.main.TestCaseExecutor.doExecute(TestCaseExecutor.java:433)
	at com.kms.katalon.core.main.TestCaseExecutor.processExecutionPhase(TestCaseExecutor.java:412)
	at com.kms.katalon.core.main.TestCaseExecutor.accessMainPhase(TestCaseExecutor.java:404)
	at com.kms.katalon.core.main.TestCaseExecutor.execute(TestCaseExecutor.java:281)
	at com.kms.katalon.core.main.TestSuiteExecutor.accessTestCaseMainPhase(TestSuiteExecutor.java:202)
	at com.kms.katalon.core.main.TestSuiteExecutor.accessTestSuiteMainPhase(TestSuiteExecutor.java:164)
	at com.kms.katalon.core.main.TestSuiteExecutor.execute(TestSuiteExecutor.java:105)
	at com.kms.katalon.core.main.TestCaseMain.startTestSuite(TestCaseMain.java:185)
	at com.kms.katalon.core.main.TestCaseMain$startTestSuite$0.call(Unknown Source)
	at TempTestSuite1649143152685.run(TempTestSuite1649143152685.groovy:36)
Caused by: com.kms.katalon.core.exception.StepFailedException: Unable to verify text 'Карточка успешно удалена' is present 
	at com.kms.katalon.core.webui.keyword.internal.WebUIKeywordMain.stepFailed(WebUIKeywordMain.groovy:64)
	at com.kms.katalon.core.webui.keyword.internal.WebUIKeywordMain.runKeyword(WebUIKeywordMain.groovy:26)
	at com.kms.katalon.core.webui.keyword.builtin.VerifyTextPresentKeyword.verifyTextPresent(VerifyTextPresentKeyword.groovy:83)
	at com.kms.katalon.core.webui.keyword.builtin.VerifyTextPresentKeyword.execute(VerifyTextPresentKeyword.groovy:68)
	at com.kms.katalon.core.keyword.internal.KeywordExecutor.executeKeywordForPlatform(KeywordExecutor.groovy:74)
	at com.kms.katalon.core.webui.keyword.WebUiBuiltInKeywords.verifyTextPresent(WebUiBuiltInKeywords.groovy:1723)
	at com.kms.katalon.core.webui.keyword.WebUiBuiltInKeywords$verifyTextPresent$5.call(Unknown Source)
	at Вкладки удаление (переиспользуется в Создание карточки болезни).run(Вкладки удаление (переиспользуется в Создание карточки болезни):60)
	at com.kms.katalon.core.main.ScriptEngine.run(ScriptEngine.java:194)
	at com.kms.katalon.core.main.ScriptEngine.runScriptAsRawText(ScriptEngine.java:119)
	at com.kms.katalon.core.main.TestCaseExecutor.runScript(TestCaseExecutor.java:442)
	at com.kms.katalon.core.main.TestCaseExecutor.doExecute(TestCaseExecutor.java:433)
	at com.kms.katalon.core.main.TestCaseExecutor.processExecutionPhase(TestCaseExecutor.java:412)
	at com.kms.katalon.core.main.TestCaseExecutor.accessMainPhase(TestCaseExecutor.java:404)
	at com.kms.katalon.core.main.TestCaseExecutor.execute(TestCaseExecutor.java:281)
	at com.kms.katalon.core.main.TestCaseMain.runTestCase(TestCaseMain.java:142)
	at com.kms.katalon.core.keyword.builtin.CallTestCaseKeyword$_callTestCase_closure1.doCall(CallTestCaseKeyword.groovy:59)
	... 20 more
Caused by: com.kms.katalon.core.exception.StepFailedException: Text 'Карточка успешно удалена' is not present on page 
	at com.kms.katalon.core.webui.keyword.internal.WebUIKeywordMain.stepFailed(WebUIKeywordMain.groovy:64)
	at com.kms.katalon.core.webui.keyword.builtin.VerifyTextPresentKeyword$_verifyTextPresent_closure1.doCall(VerifyTextPresentKeyword.groovy:79)
	at com.kms.katalon.core.webui.keyword.builtin.VerifyTextPresentKeyword$_verifyTextPresent_closure1.call(VerifyTextPresentKeyword.groovy)
	at com.kms.katalon.core.webui.keyword.internal.WebUIKeywordMain.runKeyword(WebUIKeywordMain.groovy:20)
	... 35 more]]></system-err>
      </testcase>
      <system-out><![CDATA[2022-04-05 10:19:33 - [TEST_SUITE][FAILED] - Доктор: Test Cases/Доктор/дописать проверку на игрока Проверка вкладки Питание FAILED.
Reason:
com.kms.katalon.core.exception.StepFailedException: Unable to click on object 'Object Repository/Avangard New/Object (Доктор)/Case (Питание)/span_add'
	at com.kms.katalon.core.webui.keyword.internal.WebUIKeywordMain.stepFailed(WebUIKeywordMain.groovy:64)
	at com.kms.katalon.core.webui.keyword.internal.WebUIKeywordMain.runKeyword(WebUIKeywordMain.groovy:26)
	at com.kms.katalon.core.webui.keyword.builtin.ClickKeyword.click(ClickKeyword.groovy:74)
	at com.kms.katalon.core.webui.keyword.builtin.ClickKeyword.execute(ClickKeyword.groovy:40)
	at com.kms.katalon.core.keyword.internal.KeywordExecutor.executeKeywordForPlatform(KeywordExecutor.groovy:74)
	at com.kms.katalon.core.webui.keyword.WebUiBuiltInKeywords.click(WebUiBuiltInKeywords.groovy:620)
	at com.kms.katalon.core.webui.keyword.WebUiBuiltInKeywords$click$4.call(Unknown Source)
	at дописать проверку на игрока Проверка вкладки Питание.run(дописать проверку на игрока Проверка вкладки Питание:41)
	at com.kms.katalon.core.main.ScriptEngine.run(ScriptEngine.java:194)
	at com.kms.katalon.core.main.ScriptEngine.runScriptAsRawText(ScriptEngine.java:119)
	at com.kms.katalon.core.main.TestCaseExecutor.runScript(TestCaseExecutor.java:442)
	at com.kms.katalon.core.main.TestCaseExecutor.doExecute(TestCaseExecutor.java:433)
	at com.kms.katalon.core.main.TestCaseExecutor.processExecutionPhase(TestCaseExecutor.java:412)
	at com.kms.katalon.core.main.TestCaseExecutor.accessMainPhase(TestCaseExecutor.java:404)
	at com.kms.katalon.core.main.TestCaseExecutor.execute(TestCaseExecutor.java:281)
	at com.kms.katalon.core.main.TestSuiteExecutor.accessTestCaseMainPhase(TestSuiteExecutor.java:202)
	at com.kms.katalon.core.main.TestSuiteExecutor.accessTestSuiteMainPhase(TestSuiteExecutor.java:164)
	at com.kms.katalon.core.main.TestSuiteExecutor.execute(TestSuiteExecutor.java:105)
	at com.kms.katalon.core.main.TestCaseMain.startTestSuite(TestCaseMain.java:185)
	at com.kms.katalon.core.main.TestCaseMain$startTestSuite$0.call(Unknown Source)
	at TempTestSuite1649143152685.run(TempTestSuite1649143152685.groovy:36)
Caused by: com.kms.katalon.core.webui.exception.WebElementNotFoundException: Web element with id: 'Object Repository/Avangard New/Object (Доктор)/Case (Питание)/span_add' located by '/html/body/div/div[1]/div/div[2]/div/div[3]/div/div[1]/div/div/div/div/table/tbody/tr[4]/td[6]/span' not found
	at com.kms.katalon.core.webui.common.WebUiCommonHelper.findWebElement(WebUiCommonHelper.java:1370)
	at com.kms.katalon.core.webui.keyword.internal.WebUIAbstractKeyword.findWebElement(WebUIAbstractKeyword.groovy:27)
	at com.kms.katalon.core.webui.keyword.builtin.ClickKeyword$_click_closure1.doCall(ClickKeyword.groovy:65)
	at com.kms.katalon.core.webui.keyword.builtin.ClickKeyword$_click_closure1.call(ClickKeyword.groovy)
	at com.kms.katalon.core.webui.keyword.internal.WebUIKeywordMain.runKeyword(WebUIKeywordMain.groovy:20)
	... 19 more]]></system-out>
      <system-err><![CDATA[2022-04-05 10:19:33 - [TEST_SUITE][FAILED] - Доктор: Test Cases/Доктор/дописать проверку на игрока Проверка вкладки Питание FAILED.
Reason:
com.kms.katalon.core.exception.StepFailedException: Unable to click on object 'Object Repository/Avangard New/Object (Доктор)/Case (Питание)/span_add'
	at com.kms.katalon.core.webui.keyword.internal.WebUIKeywordMain.stepFailed(WebUIKeywordMain.groovy:64)
	at com.kms.katalon.core.webui.keyword.internal.WebUIKeywordMain.runKeyword(WebUIKeywordMain.groovy:26)
	at com.kms.katalon.core.webui.keyword.builtin.ClickKeyword.click(ClickKeyword.groovy:74)
	at com.kms.katalon.core.webui.keyword.builtin.ClickKeyword.execute(ClickKeyword.groovy:40)
	at com.kms.katalon.core.keyword.internal.KeywordExecutor.executeKeywordForPlatform(KeywordExecutor.groovy:74)
	at com.kms.katalon.core.webui.keyword.WebUiBuiltInKeywords.click(WebUiBuiltInKeywords.groovy:620)
	at com.kms.katalon.core.webui.keyword.WebUiBuiltInKeywords$click$4.call(Unknown Source)
	at дописать проверку на игрока Проверка вкладки Питание.run(дописать проверку на игрока Проверка вкладки Питание:41)
	at com.kms.katalon.core.main.ScriptEngine.run(ScriptEngine.java:194)
	at com.kms.katalon.core.main.ScriptEngine.runScriptAsRawText(ScriptEngine.java:119)
	at com.kms.katalon.core.main.TestCaseExecutor.runScript(TestCaseExecutor.java:442)
	at com.kms.katalon.core.main.TestCaseExecutor.doExecute(TestCaseExecutor.java:433)
	at com.kms.katalon.core.main.TestCaseExecutor.processExecutionPhase(TestCaseExecutor.java:412)
	at com.kms.katalon.core.main.TestCaseExecutor.accessMainPhase(TestCaseExecutor.java:404)
	at com.kms.katalon.core.main.TestCaseExecutor.execute(TestCaseExecutor.java:281)
	at com.kms.katalon.core.main.TestSuiteExecutor.accessTestCaseMainPhase(TestSuiteExecutor.java:202)
	at com.kms.katalon.core.main.TestSuiteExecutor.accessTestSuiteMainPhase(TestSuiteExecutor.java:164)
	at com.kms.katalon.core.main.TestSuiteExecutor.execute(TestSuiteExecutor.java:105)
	at com.kms.katalon.core.main.TestCaseMain.startTestSuite(TestCaseMain.java:185)
	at com.kms.katalon.core.main.TestCaseMain$startTestSuite$0.call(Unknown Source)
	at TempTestSuite1649143152685.run(TempTestSuite1649143152685.groovy:36)
Caused by: com.kms.katalon.core.webui.exception.WebElementNotFoundException: Web element with id: 'Object Repository/Avangard New/Object (Доктор)/Case (Питание)/span_add' located by '/html/body/div/div[1]/div/div[2]/div/div[3]/div/div[1]/div/div/div/div/table/tbody/tr[4]/td[6]/span' not found
	at com.kms.katalon.core.webui.common.WebUiCommonHelper.findWebElement(WebUiCommonHelper.java:1370)
	at com.kms.katalon.core.webui.keyword.internal.WebUIAbstractKeyword.findWebElement(WebUIAbstractKeyword.groovy:27)
	at com.kms.katalon.core.webui.keyword.builtin.ClickKeyword$_click_closure1.doCall(ClickKeyword.groovy:65)
	at com.kms.katalon.core.webui.keyword.builtin.ClickKeyword$_click_closure1.call(ClickKeyword.groovy)
	at com.kms.katalon.core.webui.keyword.internal.WebUIKeywordMain.runKeyword(WebUIKeywordMain.groovy:20)
	... 19 more]]></system-err>
   </testsuite>
   <testsuite name="Тренер" tests="7" failures="4" errors="0" time="2546.973" skipped="0" timestamp="2022-04-05 10:19:34" hostname="LENOVO - DESKTOP-KNHN0AA" id="Test Suites/Тренер">
      <properties>
         <property name="deviceName" value=""/>
         <property name="devicePlatform" value=""/>
         <property name="logFolder" value="C:\\Users\\LENOVO\\Katalon Studio\\Avangard\\Reports\\20220405_101904\\\u0422\u0440\u0435\u043D\u0435\u0440\\20220405_101914"/>
         <property name="logFiles" value="C:\\Users\\LENOVO\\Katalon Studio\\Avangard\\Reports\\20220405_101904\\\u0422\u0440\u0435\u043D\u0435\u0440\\20220405_101914\\execution0.log"/>
         <property name="attachments" value="C:\\Users\\LENOVO\\Katalon Studio\\Avangard\\Reports\\20220405_101904\\\u0422\u0440\u0435\u043D\u0435\u0440\\20220405_101914\\1649143919232.png, C:\\Users\\LENOVO\\Katalon Studio\\Avangard\\Reports\\20220405_101904\\\u0422\u0440\u0435\u043D\u0435\u0440\\20220405_101914\\1649143920973.png, C:\\Users\\LENOVO\\Katalon Studio\\Avangard\\Reports\\20220405_101904\\\u0422\u0440\u0435\u043D\u0435\u0440\\20220405_101914\\1649144595281.png, C:\\Users\\LENOVO\\Katalon Studio\\Avangard\\Reports\\20220405_101904\\\u0422\u0440\u0435\u043D\u0435\u0440\\20220405_101914\\1649144859614.png, C:\\Users\\LENOVO\\Katalon Studio\\Avangard\\Reports\\20220405_101904\\\u0422\u0440\u0435\u043D\u0435\u0440\\20220405_101914\\1649144863010.png, C:\\Users\\LENOVO\\Katalon Studio\\Avangard\\Reports\\20220405_101904\\\u0422\u0440\u0435\u043D\u0435\u0440\\20220405_101914\\1649145155814.png, C:\\Users\\LENOVO\\Katalon Studio\\Avangard\\Reports\\20220405_101904\\\u0422\u0440\u0435\u043D\u0435\u0440\\20220405_101914\\1649145157589.png"/>
         <property name="hostName" value="LENOVO - DESKTOP-KNHN0AA"/>
         <property name="remoteDriverUrl" value="testcloud.katalon.com/hub"/>
         <property name="desiredCapabilities" value="{
  &quot;acceptInsecureCerts&quot;: false,
  &quot;browserName&quot;: &quot;chrome&quot;,
  &quot;browserVersion&quot;: &quot;97.0.4692.71&quot;,
  &quot;chrome&quot;: {
    &quot;chromedriverVersion&quot;: &quot;97.0.4692.71 (adefa7837d02a07a604c1e6eff0b3a09422ab88d-refs/branch-heads/4692@{#1247})&quot;,
    &quot;userDataDir&quot;: &quot;/tmp/.com.google.Chrome.GrlxBq&quot;
  },
  &quot;goog:chromeOptions&quot;: {
    &quot;debuggerAddress&quot;: &quot;localhost:45189&quot;
  },
  &quot;javascriptEnabled&quot;: true,
  &quot;networkConnectionEnabled&quot;: false,
  &quot;pageLoadStrategy&quot;: &quot;normal&quot;,
  &quot;platform&quot;: &quot;LINUX&quot;,
  &quot;platformName&quot;: &quot;LINUX&quot;,
  &quot;proxy&quot;: {
    &quot;proxyType&quot;: &quot;DIRECT&quot;,
    &quot;autodetect&quot;: false
  },
  &quot;se:cdp&quot;: &quot;ws://172.48.45.224:4444/session/e071321341808f2057e80f4080b23574/se/cdp&quot;,
  &quot;se:cdpVersion&quot;: &quot;97.0.4692.71&quot;,
  &quot;se:vnc&quot;: &quot;ws://172.48.45.224:4444/session/e071321341808f2057e80f4080b23574/se/vnc&quot;,
  &quot;se:vncEnabled&quot;: true,
  &quot;se:vncLocalAddress&quot;: &quot;ws://172.48.45.224:7900&quot;,
  &quot;setWindowRect&quot;: true,
  &quot;strictFileInteractability&quot;: false,
  &quot;timeouts&quot;: {
    &quot;implicit&quot;: 0,
    &quot;pageLoad&quot;: 300000,
    &quot;script&quot;: 30000
  },
  &quot;unhandledPromptBehavior&quot;: &quot;dismiss and notify&quot;,
  &quot;webauthn:extension:credBlob&quot;: true,
  &quot;webauthn:extension:largeBlob&quot;: true,
  &quot;webauthn:virtualAuthenticators&quot;: true
}"/>
         <property name="os" value="Windows 10 64bit"/>
         <property name="remoteOS" value="Linux"/>
         <property name="katalonVersion" value="8.2.5.208"/>
         <property name="browser" value="Chrome 97.0.4692.71"/>
         <property name="hostAddress" value="192.168.2.114"/>
         <property name="sessionId" value="e071321341808f2057e80f4080b23574"/>
         <property name="seleniumVersion" value="3.141.59"/>
         <property name="proxyInformation" value="ProxyInformation { proxyOption=NO_PROXY, proxyServerType=HTTP, username=, password=********, proxyServerAddress=, proxyServerPort=0, executionList=&quot;&quot;, isApplyToDesiredCapabilities=true }"/>
         <property name="platform" value="Windows 10"/>
      </properties>
      <testcase name="Test Cases/Тренер/Авторизация" time="116.225" classname="Test Cases/Тренер/Авторизация" status="PASSED">
         <system-out><![CDATA[2022-04-05 10:19:35 - [TEST_CASE][PASSED] - Test Cases/Тренер/Авторизация: Test Cases/Тренер/Авторизация

2022-04-05 10:19:38 - [TEST_STEP][PASSED] - openBrowser(""): Browser is opened with url: ''

2022-04-05 10:19:41 - [MESSAGE][INFO] - User set preference: ['os', 'linux']

2022-04-05 10:19:41 - [MESSAGE][INFO] - User set preference: ['browserName', 'chrome']

2022-04-05 10:19:41 - [MESSAGE][INFO] - User set preference: ['browserVersion', '97']

2022-04-05 10:19:41 - [MESSAGE][INFO] - User set preference: ['katalon:option', '{organizationId=632442, tunnelId=, usingTunnel=false}']

2022-04-05 10:19:41 - [MESSAGE][INFO] - Connecting to remote web server 'testcloud.katalon.com/hub' with type 'Selenium'

2022-04-05 10:19:45 - [MESSAGE][INFO] - Action delay is set to 100 milliseconds

2022-04-05 10:21:12 - [MESSAGE][PASSED] - Browser is opened with url: ''

2022-04-05 10:21:12 - [TEST_STEP][PASSED] - maximizeWindow(): Current window maximized

2022-04-05 10:21:13 - [MESSAGE][PASSED] - Current window maximized

2022-04-05 10:21:13 - [TEST_STEP][PASSED] - navigateToUrl(url): Navigate to 'https://stars-stage.hawk.ru:8080' successfully

2022-04-05 10:21:21 - [MESSAGE][PASSED] - Navigate to 'https://stars-stage.hawk.ru:8080' successfully

2022-04-05 10:21:21 - [TEST_STEP][PASSED] - setText(findTestObject("Object Repository/manager/Page_/input__sc-lnrBVv eqPACj"), coach_login): Text 'ageev.da@hc-avangard.com' is set on object 'Object Repository/manager/Page_/input__sc-lnrBVv eqPACj'

2022-04-05 10:21:25 - [MESSAGE][PASSED] - Text 'ageev.da@hc-avangard.com' is set on object 'Object Repository/manager/Page_/input__sc-lnrBVv eqPACj'

2022-04-05 10:21:25 - [TEST_STEP][PASSED] - setText(findTestObject("Object Repository/manager/Page_/input__sc-lnrBVv eqPACj_1"), coach_password): Text 'zz4waxq6' is set on object 'Object Repository/manager/Page_/input__sc-lnrBVv eqPACj_1'

2022-04-05 10:21:29 - [MESSAGE][PASSED] - Text 'zz4waxq6' is set on object 'Object Repository/manager/Page_/input__sc-lnrBVv eqPACj_1'

2022-04-05 10:21:29 - [TEST_STEP][PASSED] - click(findTestObject("manager/Page_/go")): Object: 'Object Repository/manager/Page_/go' is clicked on

2022-04-05 10:21:32 - [MESSAGE][PASSED] - Object: 'Object Repository/manager/Page_/go' is clicked on]]></system-out>
         <system-err><![CDATA[]]></system-err>
      </testcase>
      <testcase name="Test Cases/Тренер/Составы" time="633.702" classname="Test Cases/Тренер/Составы" status="FAILED">
         <failure type="FAILED" message="Test Cases/Тренер/Составы FAILED.
Reason:
com.kms.katalon.core.exception.StepFailedException: Call Test Case 'Test Cases/Тренер/Cоставы у игрока (переиспользуется в Составы)' failed
	at com.kms.katalon.core.keyword.builtin.CallTestCaseKeyword$_callTestCase_closure1.doCall(CallTestCaseKeyword.groovy:63)
	at com.kms.katalon.core.keyword.builtin.CallTestCaseKeyword$_callTestCase_closure1.call(CallTestCaseKeyword.groovy)
	at com.kms.katalon.core.keyword.internal.KeywordMain.runKeyword(KeywordMain.groovy:74)
	at com.kms.katalon.core.keyword.builtin.CallTestCaseKeyword.callTestCase(CallTestCaseKeyword.groovy:81)
	at com.kms.katalon.core.keyword.builtin.CallTestCaseKeyword.execute(CallTestCaseKeyword.groovy:44)
	at com.kms.katalon.core.keyword.internal.KeywordExecutor.executeKeywordForPlatform(KeywordExecutor.groovy:74)
	at com.kms.katalon.core.keyword.BuiltinKeywords.callTestCase(BuiltinKeywords.groovy:334)
	at Составы.run(Составы:74)
	at com.kms.katalon.core.main.ScriptEngine.run(ScriptEngine.java:194)
	at com.kms.katalon.core.main.ScriptEngine.runScriptAsRawText(ScriptEngine.java:119)
	at com.kms.katalon.core.main.TestCaseExecutor.runScript(TestCaseExecutor.java:442)
	at com.kms.katalon.core.main.TestCaseExecutor.doExecute(TestCaseExecutor.java:433)
	at com.kms.katalon.core.main.TestCaseExecutor.processExecutionPhase(TestCaseExecutor.java:412)
	at com.kms.katalon.core.main.TestCaseExecutor.accessMainPhase(TestCaseExecutor.java:404)
	at com.kms.katalon.core.main.TestCaseExecutor.execute(TestCaseExecutor.java:281)
	at com.kms.katalon.core.main.TestSuiteExecutor.accessTestCaseMainPhase(TestSuiteExecutor.java:202)
	at com.kms.katalon.core.main.TestSuiteExecutor.accessTestSuiteMainPhase(TestSuiteExecutor.java:164)
	at com.kms.katalon.core.main.TestSuiteExecutor.execute(TestSuiteExecutor.java:105)
	at com.kms.katalon.core.main.TestCaseMain.startTestSuite(TestCaseMain.java:185)
	at com.kms.katalon.core.main.TestCaseMain$startTestSuite$0.call(Unknown Source)
	at TempTestSuite1649143154707.run(TempTestSuite1649143154707.groovy:36)
Caused by: com.kms.katalon.core.exception.StepFailedException: Verify element text of test object 'Object Repository/Avangard New/Object (Тренер)/Case (Составы)/leuka palayer' FAILED.
	at com.kms.katalon.core.webui.keyword.internal.WebUIKeywordMain.stepFailed(WebUIKeywordMain.groovy:64)
	at com.kms.katalon.core.webui.keyword.internal.WebUIKeywordMain.runKeyword(WebUIKeywordMain.groovy:26)
	at com.kms.katalon.core.webui.keyword.builtin.VerifyElementTextKeyword.verifyElementText(VerifyElementTextKeyword.groovy:72)
	at com.kms.katalon.core.webui.keyword.builtin.VerifyElementTextKeyword.execute(VerifyElementTextKeyword.groovy:40)
	at com.kms.katalon.core.keyword.internal.KeywordExecutor.executeKeywordForPlatform(KeywordExecutor.groovy:74)
	at com.kms.katalon.core.webui.keyword.WebUiBuiltInKeywords.verifyElementText(WebUiBuiltInKeywords.groovy:4749)
	at com.kms.katalon.core.webui.keyword.WebUiBuiltInKeywords$verifyElementText$6.call(Unknown Source)
	at Cоставы у игрока (переиспользуется в Составы).run(Cоставы у игрока (переиспользуется в Составы):30)
	at com.kms.katalon.core.main.ScriptEngine.run(ScriptEngine.java:194)
	at com.kms.katalon.core.main.ScriptEngine.runScriptAsRawText(ScriptEngine.java:119)
	at com.kms.katalon.core.main.TestCaseExecutor.runScript(TestCaseExecutor.java:442)
	at com.kms.katalon.core.main.TestCaseExecutor.doExecute(TestCaseExecutor.java:433)
	at com.kms.katalon.core.main.TestCaseExecutor.processExecutionPhase(TestCaseExecutor.java:412)
	at com.kms.katalon.core.main.TestCaseExecutor.accessMainPhase(TestCaseExecutor.java:404)
	at com.kms.katalon.core.main.TestCaseExecutor.execute(TestCaseExecutor.java:281)
	at com.kms.katalon.core.main.TestCaseMain.runTestCase(TestCaseMain.java:142)
	at com.kms.katalon.core.keyword.builtin.CallTestCaseKeyword$_callTestCase_closure1.doCall(CallTestCaseKeyword.groovy:59)
	... 20 more
Caused by: com.kms.katalon.core.exception.StepFailedException: Actual text '' and expected text 'Леука' of test object 'Object Repository/Avangard New/Object (Тренер)/Case (Составы)/leuka palayer' are NOT matched.
	at com.kms.katalon.core.webui.keyword.internal.WebUIKeywordMain.stepFailed(WebUIKeywordMain.groovy:64)
	at com.kms.katalon.core.webui.keyword.builtin.VerifyElementTextKeyword$_verifyElementText_closure1.doCall(VerifyElementTextKeyword.groovy:57)
	at com.kms.katalon.core.webui.keyword.builtin.VerifyElementTextKeyword$_verifyElementText_closure1.call(VerifyElementTextKeyword.groovy)
	at com.kms.katalon.core.webui.keyword.internal.WebUIKeywordMain.runKeyword(WebUIKeywordMain.groovy:20)
	... 35 more
"/>
         <system-out><![CDATA[2022-04-05 10:21:32 - [TEST_CASE][FAILED] - Test Cases/Тренер/Составы: Test Cases/Тренер/Составы FAILED.
Reason:
com.kms.katalon.core.exception.StepFailedException: Call Test Case 'Test Cases/Тренер/Cоставы у игрока (переиспользуется в Составы)' failed
	at com.kms.katalon.core.keyword.builtin.CallTestCaseKeyword$_callTestCase_closure1.doCall(CallTestCaseKeyword.groovy:63)
	at com.kms.katalon.core.keyword.builtin.CallTestCaseKeyword$_callTestCase_closure1.call(CallTestCaseKeyword.groovy)
	at com.kms.katalon.core.keyword.internal.KeywordMain.runKeyword(KeywordMain.groovy:74)
	at com.kms.katalon.core.keyword.builtin.CallTestCaseKeyword.callTestCase(CallTestCaseKeyword.groovy:81)
	at com.kms.katalon.core.keyword.builtin.CallTestCaseKeyword.execute(CallTestCaseKeyword.groovy:44)
	at com.kms.katalon.core.keyword.internal.KeywordExecutor.executeKeywordForPlatform(KeywordExecutor.groovy:74)
	at com.kms.katalon.core.keyword.BuiltinKeywords.callTestCase(BuiltinKeywords.groovy:334)
	at Составы.run(Составы:74)
	at com.kms.katalon.core.main.ScriptEngine.run(ScriptEngine.java:194)
	at com.kms.katalon.core.main.ScriptEngine.runScriptAsRawText(ScriptEngine.java:119)
	at com.kms.katalon.core.main.TestCaseExecutor.runScript(TestCaseExecutor.java:442)
	at com.kms.katalon.core.main.TestCaseExecutor.doExecute(TestCaseExecutor.java:433)
	at com.kms.katalon.core.main.TestCaseExecutor.processExecutionPhase(TestCaseExecutor.java:412)
	at com.kms.katalon.core.main.TestCaseExecutor.accessMainPhase(TestCaseExecutor.java:404)
	at com.kms.katalon.core.main.TestCaseExecutor.execute(TestCaseExecutor.java:281)
	at com.kms.katalon.core.main.TestSuiteExecutor.accessTestCaseMainPhase(TestSuiteExecutor.java:202)
	at com.kms.katalon.core.main.TestSuiteExecutor.accessTestSuiteMainPhase(TestSuiteExecutor.java:164)
	at com.kms.katalon.core.main.TestSuiteExecutor.execute(TestSuiteExecutor.java:105)
	at com.kms.katalon.core.main.TestCaseMain.startTestSuite(TestCaseMain.java:185)
	at com.kms.katalon.core.main.TestCaseMain$startTestSuite$0.call(Unknown Source)
	at TempTestSuite1649143154707.run(TempTestSuite1649143154707.groovy:36)
Caused by: com.kms.katalon.core.exception.StepFailedException: Verify element text of test object 'Object Repository/Avangard New/Object (Тренер)/Case (Составы)/leuka palayer' FAILED.
	at com.kms.katalon.core.webui.keyword.internal.WebUIKeywordMain.stepFailed(WebUIKeywordMain.groovy:64)
	at com.kms.katalon.core.webui.keyword.internal.WebUIKeywordMain.runKeyword(WebUIKeywordMain.groovy:26)
	at com.kms.katalon.core.webui.keyword.builtin.VerifyElementTextKeyword.verifyElementText(VerifyElementTextKeyword.groovy:72)
	at com.kms.katalon.core.webui.keyword.builtin.VerifyElementTextKeyword.execute(VerifyElementTextKeyword.groovy:40)
	at com.kms.katalon.core.keyword.internal.KeywordExecutor.executeKeywordForPlatform(KeywordExecutor.groovy:74)
	at com.kms.katalon.core.webui.keyword.WebUiBuiltInKeywords.verifyElementText(WebUiBuiltInKeywords.groovy:4749)
	at com.kms.katalon.core.webui.keyword.WebUiBuiltInKeywords$verifyElementText$6.call(Unknown Source)
	at Cоставы у игрока (переиспользуется в Составы).run(Cоставы у игрока (переиспользуется в Составы):30)
	at com.kms.katalon.core.main.ScriptEngine.run(ScriptEngine.java:194)
	at com.kms.katalon.core.main.ScriptEngine.runScriptAsRawText(ScriptEngine.java:119)
	at com.kms.katalon.core.main.TestCaseExecutor.runScript(TestCaseExecutor.java:442)
	at com.kms.katalon.core.main.TestCaseExecutor.doExecute(TestCaseExecutor.java:433)
	at com.kms.katalon.core.main.TestCaseExecutor.processExecutionPhase(TestCaseExecutor.java:412)
	at com.kms.katalon.core.main.TestCaseExecutor.accessMainPhase(TestCaseExecutor.java:404)
	at com.kms.katalon.core.main.TestCaseExecutor.execute(TestCaseExecutor.java:281)
	at com.kms.katalon.core.main.TestCaseMain.runTestCase(TestCaseMain.java:142)
	at com.kms.katalon.core.keyword.builtin.CallTestCaseKeyword$_callTestCase_closure1.doCall(CallTestCaseKeyword.groovy:59)
	... 20 more
Caused by: com.kms.katalon.core.exception.StepFailedException: Actual text '' and expected text 'Леука' of test object 'Object Repository/Avangard New/Object (Тренер)/Case (Составы)/leuka palayer' are NOT matched.
	at com.kms.katalon.core.webui.keyword.internal.WebUIKeywordMain.stepFailed(WebUIKeywordMain.groovy:64)
	at com.kms.katalon.core.webui.keyword.builtin.VerifyElementTextKeyword$_verifyElementText_closure1.doCall(VerifyElementTextKeyword.groovy:57)
	at com.kms.katalon.core.webui.keyword.builtin.VerifyElementTextKeyword$_verifyElementText_closure1.call(VerifyElementTextKeyword.groovy)
	at com.kms.katalon.core.webui.keyword.internal.WebUIKeywordMain.runKeyword(WebUIKeywordMain.groovy:20)
	... 35 more


2022-04-05 10:21:32 - [TEST_STEP][PASSED] - callTestCase(findTestCase("Тренер/Авторизация"), [:], STOP_ON_FAILURE): Call Test Case 'Test Cases/Тренер/Авторизация' successfully

2022-04-05 10:21:32 - [TEST_CASE][PASSED] - Test Cases/Тренер/Авторизация: Test Cases/Тренер/Авторизация

2022-04-05 10:21:32 - [TEST_STEP][PASSED] - openBrowser(""): Browser is opened with url: ''

2022-04-05 10:21:32 - [MESSAGE][WARNING] - A browser is already opened. Closing browser and opening a new one

2022-04-05 10:21:33 - [MESSAGE][INFO] - User set preference: ['os', 'linux']

2022-04-05 10:21:33 - [MESSAGE][INFO] - User set preference: ['browserName', 'chrome']

2022-04-05 10:21:33 - [MESSAGE][INFO] - User set preference: ['browserVersion', '97']

2022-04-05 10:21:33 - [MESSAGE][INFO] - User set preference: ['katalon:option', '{organizationId=632442, tunnelId=, usingTunnel=false}']

2022-04-05 10:21:33 - [MESSAGE][INFO] - Connecting to remote web server 'testcloud.katalon.com/hub' with type 'Selenium'

2022-04-05 10:21:33 - [MESSAGE][INFO] - Action delay is set to 100 milliseconds

2022-04-05 10:25:08 - [MESSAGE][PASSED] - Browser is opened with url: ''

2022-04-05 10:25:08 - [TEST_STEP][PASSED] - maximizeWindow(): Current window maximized

2022-04-05 10:25:09 - [MESSAGE][PASSED] - Current window maximized

2022-04-05 10:25:09 - [TEST_STEP][PASSED] - navigateToUrl(url): Navigate to 'https://stars-stage.hawk.ru:8080' successfully

2022-04-05 10:25:19 - [MESSAGE][PASSED] - Navigate to 'https://stars-stage.hawk.ru:8080' successfully

2022-04-05 10:25:19 - [TEST_STEP][PASSED] - setText(findTestObject("Object Repository/manager/Page_/input__sc-lnrBVv eqPACj"), coach_login): Text 'ageev.da@hc-avangard.com' is set on object 'Object Repository/manager/Page_/input__sc-lnrBVv eqPACj'

2022-04-05 10:25:22 - [MESSAGE][PASSED] - Text 'ageev.da@hc-avangard.com' is set on object 'Object Repository/manager/Page_/input__sc-lnrBVv eqPACj'

2022-04-05 10:25:22 - [TEST_STEP][PASSED] - setText(findTestObject("Object Repository/manager/Page_/input__sc-lnrBVv eqPACj_1"), coach_password): Text 'zz4waxq6' is set on object 'Object Repository/manager/Page_/input__sc-lnrBVv eqPACj_1'

2022-04-05 10:25:26 - [MESSAGE][PASSED] - Text 'zz4waxq6' is set on object 'Object Repository/manager/Page_/input__sc-lnrBVv eqPACj_1'

2022-04-05 10:25:26 - [TEST_STEP][PASSED] - click(findTestObject("manager/Page_/go")): Object: 'Object Repository/manager/Page_/go' is clicked on

2022-04-05 10:25:28 - [MESSAGE][PASSED] - Object: 'Object Repository/manager/Page_/go' is clicked on

2022-04-05 10:25:28 - [MESSAGE][PASSED] - Call Test Case 'Test Cases/Тренер/Авторизация' successfully

2022-04-05 10:25:28 - [TEST_STEP][PASSED] - click(findTestObject("Avangard New/Object (Тренер)/Case (Составы)/lines")): Object: 'Object Repository/Avangard New/Object (Тренер)/Case (Составы)/lines' is clicked on

2022-04-05 10:25:43 - [MESSAGE][PASSED] - Object: 'Object Repository/Avangard New/Object (Тренер)/Case (Составы)/lines' is clicked on

2022-04-05 10:25:43 - [TEST_STEP][PASSED] - click(findTestObject("Avangard New/Object (Тренер)/Case (Составы)/clear")): Object: 'Object Repository/Avangard New/Object (Тренер)/Case (Составы)/clear' is clicked on

2022-04-05 10:25:50 - [MESSAGE][PASSED] - Object: 'Object Repository/Avangard New/Object (Тренер)/Case (Составы)/clear' is clicked on

2022-04-05 10:25:50 - [TEST_STEP][PASSED] - click(findTestObject("Avangard New/Object (Тренер)/Case (Составы)/button_yes")): Object: 'Object Repository/Avangard New/Object (Тренер)/Case (Составы)/button_yes' is clicked on

2022-04-05 10:25:52 - [MESSAGE][PASSED] - Object: 'Object Repository/Avangard New/Object (Тренер)/Case (Составы)/button_yes' is clicked on

2022-04-05 10:25:52 - [TEST_STEP][PASSED] - click(findTestObject("Avangard New/Object (Тренер)/Case (Составы)/choice_player")): Object: 'Object Repository/Avangard New/Object (Тренер)/Case (Составы)/choice_player' is clicked on

2022-04-05 10:25:54 - [MESSAGE][PASSED] - Object: 'Object Repository/Avangard New/Object (Тренер)/Case (Составы)/choice_player' is clicked on

2022-04-05 10:25:54 - [TEST_STEP][PASSED] - scrollToElement(findTestObject("Avangard New/Object (Тренер)/Case (Составы)/line_position"), 0): Scroll to object 'Object Repository/Avangard New/Object (Тренер)/Case (Составы)/line_position' successfully

2022-04-05 10:25:54 - [MESSAGE][WARNING] - Timeout '0' is invalid. Using default page load timeout: '30'

2022-04-05 10:25:56 - [MESSAGE][PASSED] - Scroll to object 'Object Repository/Avangard New/Object (Тренер)/Case (Составы)/line_position' successfully

2022-04-05 10:25:56 - [TEST_STEP][PASSED] - click(findTestObject("Avangard New/Object (Тренер)/Case (Составы)/line_position")): Object: 'Object Repository/Avangard New/Object (Тренер)/Case (Составы)/line_position' is clicked on

2022-04-05 10:25:58 - [MESSAGE][PASSED] - Object: 'Object Repository/Avangard New/Object (Тренер)/Case (Составы)/line_position' is clicked on

2022-04-05 10:25:58 - [TEST_STEP][PASSED] - click(findTestObject("Avangard New/Object (Тренер)/Case (Составы)/player 1")): Object: 'Object Repository/Avangard New/Object (Тренер)/Case (Составы)/player 1' is clicked on

2022-04-05 10:26:00 - [MESSAGE][PASSED] - Object: 'Object Repository/Avangard New/Object (Тренер)/Case (Составы)/player 1' is clicked on

2022-04-05 10:26:00 - [TEST_STEP][PASSED] - click(findTestObject("Avangard New/Object (Тренер)/Case (Составы)/pos2")): Object: 'Object Repository/Avangard New/Object (Тренер)/Case (Составы)/pos2' is clicked on

2022-04-05 10:26:02 - [MESSAGE][PASSED] - Object: 'Object Repository/Avangard New/Object (Тренер)/Case (Составы)/pos2' is clicked on

2022-04-05 10:26:02 - [TEST_STEP][PASSED] - scrollToElement(findTestObject("Avangard New/Object (Тренер)/Case (Составы)/player3"), 0): Scroll to object 'Object Repository/Avangard New/Object (Тренер)/Case (Составы)/player3' successfully

2022-04-05 10:26:02 - [MESSAGE][WARNING] - Timeout '0' is invalid. Using default page load timeout: '30'

2022-04-05 10:26:04 - [MESSAGE][PASSED] - Scroll to object 'Object Repository/Avangard New/Object (Тренер)/Case (Составы)/player3' successfully

2022-04-05 10:26:04 - [TEST_STEP][PASSED] - click(findTestObject("Avangard New/Object (Тренер)/Case (Составы)/player3")): Object: 'Object Repository/Avangard New/Object (Тренер)/Case (Составы)/player3' is clicked on

2022-04-05 10:26:06 - [MESSAGE][PASSED] - Object: 'Object Repository/Avangard New/Object (Тренер)/Case (Составы)/player3' is clicked on

2022-04-05 10:26:06 - [TEST_STEP][PASSED] - click(findTestObject("Avangard New/Object (Тренер)/Case (Составы)/po3")): Object: 'Object Repository/Avangard New/Object (Тренер)/Case (Составы)/po3' is clicked on

2022-04-05 10:26:08 - [MESSAGE][PASSED] - Object: 'Object Repository/Avangard New/Object (Тренер)/Case (Составы)/po3' is clicked on

2022-04-05 10:26:08 - [TEST_STEP][PASSED] - scrollToElement(findTestObject("Avangard New/Object (Тренер)/Case (Составы)/player4"), 0): Scroll to object 'Object Repository/Avangard New/Object (Тренер)/Case (Составы)/player4' successfully

2022-04-05 10:26:08 - [MESSAGE][WARNING] - Timeout '0' is invalid. Using default page load timeout: '30'

2022-04-05 10:26:10 - [MESSAGE][PASSED] - Scroll to object 'Object Repository/Avangard New/Object (Тренер)/Case (Составы)/player4' successfully

2022-04-05 10:26:10 - [TEST_STEP][PASSED] - click(findTestObject("Avangard New/Object (Тренер)/Case (Составы)/player4")): Object: 'Object Repository/Avangard New/Object (Тренер)/Case (Составы)/player4' is clicked on

2022-04-05 10:26:12 - [MESSAGE][PASSED] - Object: 'Object Repository/Avangard New/Object (Тренер)/Case (Составы)/player4' is clicked on

2022-04-05 10:26:12 - [TEST_STEP][PASSED] - click(findTestObject("Avangard New/Object (Тренер)/Case (Составы)/pos4")): Object: 'Object Repository/Avangard New/Object (Тренер)/Case (Составы)/pos4' is clicked on

2022-04-05 10:26:14 - [MESSAGE][PASSED] - Object: 'Object Repository/Avangard New/Object (Тренер)/Case (Составы)/pos4' is clicked on

2022-04-05 10:26:14 - [TEST_STEP][PASSED] - scrollToElement(findTestObject("Avangard New/Object (Тренер)/Case (Составы)/player5"), 0): Scroll to object 'Object Repository/Avangard New/Object (Тренер)/Case (Составы)/player5' successfully

2022-04-05 10:26:14 - [MESSAGE][WARNING] - Timeout '0' is invalid. Using default page load timeout: '30'

2022-04-05 10:26:16 - [MESSAGE][PASSED] - Scroll to object 'Object Repository/Avangard New/Object (Тренер)/Case (Составы)/player5' successfully

2022-04-05 10:26:16 - [TEST_STEP][PASSED] - click(findTestObject("Avangard New/Object (Тренер)/Case (Составы)/player5")): Object: 'Object Repository/Avangard New/Object (Тренер)/Case (Составы)/player5' is clicked on

2022-04-05 10:26:18 - [MESSAGE][PASSED] - Object: 'Object Repository/Avangard New/Object (Тренер)/Case (Составы)/player5' is clicked on

2022-04-05 10:26:18 - [TEST_STEP][PASSED] - verifyTextPresent("Игрок недоступен для выбора", false): Text 'Игрок недоступен для выбора' is present on page 

2022-04-05 10:26:20 - [MESSAGE][PASSED] - Text 'Игрок недоступен для выбора' is present on page 

2022-04-05 10:26:20 - [TEST_STEP][PASSED] - click(findTestObject("Avangard New/Object (Тренер)/Case (Составы)/button_save")): Object: 'Object Repository/Avangard New/Object (Тренер)/Case (Составы)/button_save' is clicked on

2022-04-05 10:26:22 - [MESSAGE][PASSED] - Object: 'Object Repository/Avangard New/Object (Тренер)/Case (Составы)/button_save' is clicked on

2022-04-05 10:26:22 - [TEST_STEP][PASSED] - verifyTextPresent("Изменения в составе сохранены", false): Text 'Изменения в составе сохранены' is present on page 

2022-04-05 10:26:28 - [MESSAGE][PASSED] - Text 'Изменения в составе сохранены' is present on page 

2022-04-05 10:26:28 - [TEST_STEP][FAILED] - callTestCase(findTestCase("Тренер/Cоставы у игрока (переиспользуется в Составы)"), [:], STOP_ON_FAILURE): Unable to call Test Case 'Test Cases/Тренер/Cоставы у игрока (переиспользуется в Составы)' (Root cause: com.kms.katalon.core.exception.StepFailedException: Call Test Case 'Test Cases/Тренер/Cоставы у игрока (переиспользуется в Составы)' failed
	at com.kms.katalon.core.keyword.builtin.CallTestCaseKeyword$_callTestCase_closure1.doCall(CallTestCaseKeyword.groovy:63)
	at com.kms.katalon.core.keyword.builtin.CallTestCaseKeyword$_callTestCase_closure1.call(CallTestCaseKeyword.groovy)
	at com.kms.katalon.core.keyword.internal.KeywordMain.runKeyword(KeywordMain.groovy:74)
	at com.kms.katalon.core.keyword.builtin.CallTestCaseKeyword.callTestCase(CallTestCaseKeyword.groovy:81)
	at com.kms.katalon.core.keyword.builtin.CallTestCaseKeyword.execute(CallTestCaseKeyword.groovy:44)
	at com.kms.katalon.core.keyword.internal.KeywordExecutor.executeKeywordForPlatform(KeywordExecutor.groovy:74)
	at com.kms.katalon.core.keyword.BuiltinKeywords.callTestCase(BuiltinKeywords.groovy:334)
	at Составы.run(Составы:74)
	at com.kms.katalon.core.main.ScriptEngine.run(ScriptEngine.java:194)
	at com.kms.katalon.core.main.ScriptEngine.runScriptAsRawText(ScriptEngine.java:119)
	at com.kms.katalon.core.main.TestCaseExecutor.runScript(TestCaseExecutor.java:442)
	at com.kms.katalon.core.main.TestCaseExecutor.doExecute(TestCaseExecutor.java:433)
	at com.kms.katalon.core.main.TestCaseExecutor.processExecutionPhase(TestCaseExecutor.java:412)
	at com.kms.katalon.core.main.TestCaseExecutor.accessMainPhase(TestCaseExecutor.java:404)
	at com.kms.katalon.core.main.TestCaseExecutor.execute(TestCaseExecutor.java:281)
	at com.kms.katalon.core.main.TestSuiteExecutor.accessTestCaseMainPhase(TestSuiteExecutor.java:202)
	at com.kms.katalon.core.main.TestSuiteExecutor.accessTestSuiteMainPhase(TestSuiteExecutor.java:164)
	at com.kms.katalon.core.main.TestSuiteExecutor.execute(TestSuiteExecutor.java:105)
	at com.kms.katalon.core.main.TestCaseMain.startTestSuite(TestCaseMain.java:185)
	at com.kms.katalon.core.main.TestCaseMain$startTestSuite$0.call(Unknown Source)
	at TempTestSuite1649143154707.run(TempTestSuite1649143154707.groovy:36)
Caused by: com.kms.katalon.core.exception.StepFailedException: Verify element text of test object 'Object Repository/Avangard New/Object (Тренер)/Case (Составы)/leuka palayer' FAILED.
	at com.kms.katalon.core.webui.keyword.internal.WebUIKeywordMain.stepFailed(WebUIKeywordMain.groovy:64)
	at com.kms.katalon.core.webui.keyword.internal.WebUIKeywordMain.runKeyword(WebUIKeywordMain.groovy:26)
	at com.kms.katalon.core.webui.keyword.builtin.VerifyElementTextKeyword.verifyElementText(VerifyElementTextKeyword.groovy:72)
	at com.kms.katalon.core.webui.keyword.builtin.VerifyElementTextKeyword.execute(VerifyElementTextKeyword.groovy:40)
	at com.kms.katalon.core.keyword.internal.KeywordExecutor.executeKeywordForPlatform(KeywordExecutor.groovy:74)
	at com.kms.katalon.core.webui.keyword.WebUiBuiltInKeywords.verifyElementText(WebUiBuiltInKeywords.groovy:4749)
	at com.kms.katalon.core.webui.keyword.WebUiBuiltInKeywords$verifyElementText$6.call(Unknown Source)
	at Cоставы у игрока (переиспользуется в Составы).run(Cоставы у игрока (переиспользуется в Составы):30)
	at com.kms.katalon.core.main.ScriptEngine.run(ScriptEngine.java:194)
	at com.kms.katalon.core.main.ScriptEngine.runScriptAsRawText(ScriptEngine.java:119)
	at com.kms.katalon.core.main.TestCaseExecutor.runScript(TestCaseExecutor.java:442)
	at com.kms.katalon.core.main.TestCaseExecutor.doExecute(TestCaseExecutor.java:433)
	at com.kms.katalon.core.main.TestCaseExecutor.processExecutionPhase(TestCaseExecutor.java:412)
	at com.kms.katalon.core.main.TestCaseExecutor.accessMainPhase(TestCaseExecutor.java:404)
	at com.kms.katalon.core.main.TestCaseExecutor.execute(TestCaseExecutor.java:281)
	at com.kms.katalon.core.main.TestCaseMain.runTestCase(TestCaseMain.java:142)
	at com.kms.katalon.core.keyword.builtin.CallTestCaseKeyword$_callTestCase_closure1.doCall(CallTestCaseKeyword.groovy:59)
	... 20 more
Caused by: com.kms.katalon.core.exception.StepFailedException: Actual text '' and expected text 'Леука' of test object 'Object Repository/Avangard New/Object (Тренер)/Case (Составы)/leuka palayer' are NOT matched.
	at com.kms.katalon.core.webui.keyword.internal.WebUIKeywordMain.stepFailed(WebUIKeywordMain.groovy:64)
	at com.kms.katalon.core.webui.keyword.builtin.VerifyElementTextKeyword$_verifyElementText_closure1.doCall(VerifyElementTextKeyword.groovy:57)
	at com.kms.katalon.core.webui.keyword.builtin.VerifyElementTextKeyword$_verifyElementText_closure1.call(VerifyElementTextKeyword.groovy)
	at com.kms.katalon.core.webui.keyword.internal.WebUIKeywordMain.runKeyword(WebUIKeywordMain.groovy:20)
	... 35 more
)

2022-04-05 10:26:28 - [TEST_CASE][FAILED] - Test Cases/Тренер/Cоставы у игрока (переиспользуется в Составы): Test Cases/Тренер/Cоставы у игрока (переиспользуется в Составы) FAILED.
Reason:
com.kms.katalon.core.exception.StepFailedException: Verify element text of test object 'Object Repository/Avangard New/Object (Тренер)/Case (Составы)/leuka palayer' FAILED.
	at com.kms.katalon.core.webui.keyword.internal.WebUIKeywordMain.stepFailed(WebUIKeywordMain.groovy:64)
	at com.kms.katalon.core.webui.keyword.internal.WebUIKeywordMain.runKeyword(WebUIKeywordMain.groovy:26)
	at com.kms.katalon.core.webui.keyword.builtin.VerifyElementTextKeyword.verifyElementText(VerifyElementTextKeyword.groovy:72)
	at com.kms.katalon.core.webui.keyword.builtin.VerifyElementTextKeyword.execute(VerifyElementTextKeyword.groovy:40)
	at com.kms.katalon.core.keyword.internal.KeywordExecutor.executeKeywordForPlatform(KeywordExecutor.groovy:74)
	at com.kms.katalon.core.webui.keyword.WebUiBuiltInKeywords.verifyElementText(WebUiBuiltInKeywords.groovy:4749)
	at com.kms.katalon.core.webui.keyword.WebUiBuiltInKeywords$verifyElementText$6.call(Unknown Source)
	at Cоставы у игрока (переиспользуется в Составы).run(Cоставы у игрока (переиспользуется в Составы):30)
	at com.kms.katalon.core.main.ScriptEngine.run(ScriptEngine.java:194)
	at com.kms.katalon.core.main.ScriptEngine.runScriptAsRawText(ScriptEngine.java:119)
	at com.kms.katalon.core.main.TestCaseExecutor.runScript(TestCaseExecutor.java:442)
	at com.kms.katalon.core.main.TestCaseExecutor.doExecute(TestCaseExecutor.java:433)
	at com.kms.katalon.core.main.TestCaseExecutor.processExecutionPhase(TestCaseExecutor.java:412)
	at com.kms.katalon.core.main.TestCaseExecutor.accessMainPhase(TestCaseExecutor.java:404)
	at com.kms.katalon.core.main.TestCaseExecutor.execute(TestCaseExecutor.java:281)
	at com.kms.katalon.core.main.TestCaseMain.runTestCase(TestCaseMain.java:142)
	at com.kms.katalon.core.keyword.builtin.CallTestCaseKeyword$_callTestCase_closure1.doCall(CallTestCaseKeyword.groovy:59)
	at com.kms.katalon.core.keyword.builtin.CallTestCaseKeyword$_callTestCase_closure1.call(CallTestCaseKeyword.groovy)
	at com.kms.katalon.core.keyword.internal.KeywordMain.runKeyword(KeywordMain.groovy:74)
	at com.kms.katalon.core.keyword.builtin.CallTestCaseKeyword.callTestCase(CallTestCaseKeyword.groovy:81)
	at com.kms.katalon.core.keyword.builtin.CallTestCaseKeyword.execute(CallTestCaseKeyword.groovy:44)
	at com.kms.katalon.core.keyword.internal.KeywordExecutor.executeKeywordForPlatform(KeywordExecutor.groovy:74)
	at com.kms.katalon.core.keyword.BuiltinKeywords.callTestCase(BuiltinKeywords.groovy:334)
	at Составы.run(Составы:74)
	at com.kms.katalon.core.main.ScriptEngine.run(ScriptEngine.java:194)
	at com.kms.katalon.core.main.ScriptEngine.runScriptAsRawText(ScriptEngine.java:119)
	at com.kms.katalon.core.main.TestCaseExecutor.runScript(TestCaseExecutor.java:442)
	at com.kms.katalon.core.main.TestCaseExecutor.doExecute(TestCaseExecutor.java:433)
	at com.kms.katalon.core.main.TestCaseExecutor.processExecutionPhase(TestCaseExecutor.java:412)
	at com.kms.katalon.core.main.TestCaseExecutor.accessMainPhase(TestCaseExecutor.java:404)
	at com.kms.katalon.core.main.TestCaseExecutor.execute(TestCaseExecutor.java:281)
	at com.kms.katalon.core.main.TestSuiteExecutor.accessTestCaseMainPhase(TestSuiteExecutor.java:202)
	at com.kms.katalon.core.main.TestSuiteExecutor.accessTestSuiteMainPhase(TestSuiteExecutor.java:164)
	at com.kms.katalon.core.main.TestSuiteExecutor.execute(TestSuiteExecutor.java:105)
	at com.kms.katalon.core.main.TestCaseMain.startTestSuite(TestCaseMain.java:185)
	at com.kms.katalon.core.main.TestCaseMain$startTestSuite$0.call(Unknown Source)
	at TempTestSuite1649143154707.run(TempTestSuite1649143154707.groovy:36)
Caused by: com.kms.katalon.core.exception.StepFailedException: Actual text '' and expected text 'Леука' of test object 'Object Repository/Avangard New/Object (Тренер)/Case (Составы)/leuka palayer' are NOT matched.
	at com.kms.katalon.core.webui.keyword.internal.WebUIKeywordMain.stepFailed(WebUIKeywordMain.groovy:64)
	at com.kms.katalon.core.webui.keyword.builtin.VerifyElementTextKeyword$_verifyElementText_closure1.doCall(VerifyElementTextKeyword.groovy:57)
	at com.kms.katalon.core.webui.keyword.builtin.VerifyElementTextKeyword$_verifyElementText_closure1.call(VerifyElementTextKeyword.groovy)
	at com.kms.katalon.core.webui.keyword.internal.WebUIKeywordMain.runKeyword(WebUIKeywordMain.groovy:20)
	... 35 more


2022-04-05 10:26:29 - [TEST_STEP][PASSED] - callTestCase(findTestCase("Игрок/Авторизация"), [:], STOP_ON_FAILURE): Call Test Case 'Test Cases/Игрок/Авторизация' successfully

2022-04-05 10:26:29 - [TEST_CASE][PASSED] - Test Cases/Игрок/Авторизация: Test Cases/Игрок/Авторизация

2022-04-05 10:26:30 - [TEST_STEP][PASSED] - openBrowser(""): Browser is opened with url: ''

2022-04-05 10:26:30 - [MESSAGE][WARNING] - A browser is already opened. Closing browser and opening a new one

2022-04-05 10:26:30 - [MESSAGE][INFO] - User set preference: ['os', 'linux']

2022-04-05 10:26:30 - [MESSAGE][INFO] - User set preference: ['browserName', 'chrome']

2022-04-05 10:26:30 - [MESSAGE][INFO] - User set preference: ['browserVersion', '97']

2022-04-05 10:26:30 - [MESSAGE][INFO] - User set preference: ['katalon:option', '{organizationId=632442, tunnelId=, usingTunnel=false}']

2022-04-05 10:26:30 - [MESSAGE][INFO] - Connecting to remote web server 'testcloud.katalon.com/hub' with type 'Selenium'

2022-04-05 10:26:30 - [MESSAGE][INFO] - Action delay is set to 100 milliseconds

2022-04-05 10:29:12 - [MESSAGE][PASSED] - Browser is opened with url: ''

2022-04-05 10:29:12 - [TEST_STEP][PASSED] - maximizeWindow(): Current window maximized

2022-04-05 10:29:12 - [MESSAGE][PASSED] - Current window maximized

2022-04-05 10:29:12 - [TEST_STEP][PASSED] - navigateToUrl(url): Navigate to 'https://stars-stage.hawk.ru:8080' successfully

2022-04-05 10:29:19 - [MESSAGE][PASSED] - Navigate to 'https://stars-stage.hawk.ru:8080' successfully

2022-04-05 10:29:19 - [TEST_STEP][PASSED] - setText(findTestObject("Object Repository/manager/Page_/input__sc-lnrBVv eqPACj"), player_login): Text 'danilaganin7218@icloud.com' is set on object 'Object Repository/manager/Page_/input__sc-lnrBVv eqPACj'

2022-04-05 10:29:23 - [MESSAGE][PASSED] - Text 'danilaganin7218@icloud.com' is set on object 'Object Repository/manager/Page_/input__sc-lnrBVv eqPACj'

2022-04-05 10:29:23 - [TEST_STEP][PASSED] - setText(findTestObject("Object Repository/manager/Page_/input__sc-lnrBVv eqPACj_1"), player_password): Text 'danilaganin7218' is set on object 'Object Repository/manager/Page_/input__sc-lnrBVv eqPACj_1'

2022-04-05 10:29:27 - [MESSAGE][PASSED] - Text 'danilaganin7218' is set on object 'Object Repository/manager/Page_/input__sc-lnrBVv eqPACj_1'

2022-04-05 10:29:27 - [TEST_STEP][PASSED] - click(findTestObject("manager/Page_/go")): Object: 'Object Repository/manager/Page_/go' is clicked on

2022-04-05 10:29:29 - [MESSAGE][PASSED] - Object: 'Object Repository/manager/Page_/go' is clicked on

2022-04-05 10:29:29 - [MESSAGE][PASSED] - Call Test Case 'Test Cases/Игрок/Авторизация' successfully

2022-04-05 10:29:29 - [TEST_STEP][PASSED] - click(findTestObject("Avangard New/Object (Тренер)/Case (Составы)/span_")): Object: 'Object Repository/Avangard New/Object (Тренер)/Case (Составы)/span_' is clicked on

2022-04-05 10:29:43 - [MESSAGE][PASSED] - Object: 'Object Repository/Avangard New/Object (Тренер)/Case (Составы)/span_' is clicked on

2022-04-05 10:29:43 - [TEST_STEP][PASSED] - verifyElementText(findTestObject("Avangard New/Object (Тренер)/Case (Составы)/ganin player"), "Ганин"): Actual text and expected text of test object 'Object Repository/Avangard New/Object (Тренер)/Case (Составы)/ganin player' are matched.

2022-04-05 10:29:48 - [MESSAGE][PASSED] - Actual text and expected text of test object 'Object Repository/Avangard New/Object (Тренер)/Case (Составы)/ganin player' are matched.

2022-04-05 10:29:48 - [TEST_STEP][PASSED] - verifyElementText(findTestObject("Avangard New/Object (Тренер)/Case (Составы)/bulavchuk player"), "Булавчук"): Actual text and expected text of test object 'Object Repository/Avangard New/Object (Тренер)/Case (Составы)/bulavchuk player' are matched.

2022-04-05 10:29:50 - [MESSAGE][PASSED] - Actual text and expected text of test object 'Object Repository/Avangard New/Object (Тренер)/Case (Составы)/bulavchuk player' are matched.

2022-04-05 10:29:50 - [TEST_STEP][PASSED] - verifyElementText(findTestObject("Avangard New/Object (Тренер)/Case (Составы)/Kocubailo  palyer"), "Коцюбайло"): Actual text and expected text of test object 'Object Repository/Avangard New/Object (Тренер)/Case (Составы)/Kocubailo  palyer' are matched.

2022-04-05 10:29:52 - [MESSAGE][PASSED] - Actual text and expected text of test object 'Object Repository/Avangard New/Object (Тренер)/Case (Составы)/Kocubailo  palyer' are matched.

2022-04-05 10:29:52 - [TEST_STEP][FAILED] - verifyElementText(findTestObject("Avangard New/Object (Тренер)/Case (Составы)/leuka palayer"), "Леука"): Verify element text of test object 'Object Repository/Avangard New/Object (Тренер)/Case (Составы)/leuka palayer' FAILED. (Root cause: com.kms.katalon.core.exception.StepFailedException: Verify element text of test object 'Object Repository/Avangard New/Object (Тренер)/Case (Составы)/leuka palayer' FAILED.
	at com.kms.katalon.core.webui.keyword.internal.WebUIKeywordMain.stepFailed(WebUIKeywordMain.groovy:64)
	at com.kms.katalon.core.webui.keyword.internal.WebUIKeywordMain.runKeyword(WebUIKeywordMain.groovy:26)
	at com.kms.katalon.core.webui.keyword.builtin.VerifyElementTextKeyword.verifyElementText(VerifyElementTextKeyword.groovy:72)
	at com.kms.katalon.core.webui.keyword.builtin.VerifyElementTextKeyword.execute(VerifyElementTextKeyword.groovy:40)
	at com.kms.katalon.core.keyword.internal.KeywordExecutor.executeKeywordForPlatform(KeywordExecutor.groovy:74)
	at com.kms.katalon.core.webui.keyword.WebUiBuiltInKeywords.verifyElementText(WebUiBuiltInKeywords.groovy:4749)
	at com.kms.katalon.core.webui.keyword.WebUiBuiltInKeywords$verifyElementText$6.call(Unknown Source)
	at Cоставы у игрока (переиспользуется в Составы).run(Cоставы у игрока (переиспользуется в Составы):30)
	at com.kms.katalon.core.main.ScriptEngine.run(ScriptEngine.java:194)
	at com.kms.katalon.core.main.ScriptEngine.runScriptAsRawText(ScriptEngine.java:119)
	at com.kms.katalon.core.main.TestCaseExecutor.runScript(TestCaseExecutor.java:442)
	at com.kms.katalon.core.main.TestCaseExecutor.doExecute(TestCaseExecutor.java:433)
	at com.kms.katalon.core.main.TestCaseExecutor.processExecutionPhase(TestCaseExecutor.java:412)
	at com.kms.katalon.core.main.TestCaseExecutor.accessMainPhase(TestCaseExecutor.java:404)
	at com.kms.katalon.core.main.TestCaseExecutor.execute(TestCaseExecutor.java:281)
	at com.kms.katalon.core.main.TestCaseMain.runTestCase(TestCaseMain.java:142)
	at com.kms.katalon.core.keyword.builtin.CallTestCaseKeyword$_callTestCase_closure1.doCall(CallTestCaseKeyword.groovy:59)
	at com.kms.katalon.core.keyword.builtin.CallTestCaseKeyword$_callTestCase_closure1.call(CallTestCaseKeyword.groovy)
	at com.kms.katalon.core.keyword.internal.KeywordMain.runKeyword(KeywordMain.groovy:74)
	at com.kms.katalon.core.keyword.builtin.CallTestCaseKeyword.callTestCase(CallTestCaseKeyword.groovy:81)
	at com.kms.katalon.core.keyword.builtin.CallTestCaseKeyword.execute(CallTestCaseKeyword.groovy:44)
	at com.kms.katalon.core.keyword.internal.KeywordExecutor.executeKeywordForPlatform(KeywordExecutor.groovy:74)
	at com.kms.katalon.core.keyword.BuiltinKeywords.callTestCase(BuiltinKeywords.groovy:334)
	at Составы.run(Составы:74)
	at com.kms.katalon.core.main.ScriptEngine.run(ScriptEngine.java:194)
	at com.kms.katalon.core.main.ScriptEngine.runScriptAsRawText(ScriptEngine.java:119)
	at com.kms.katalon.core.main.TestCaseExecutor.runScript(TestCaseExecutor.java:442)
	at com.kms.katalon.core.main.TestCaseExecutor.doExecute(TestCaseExecutor.java:433)
	at com.kms.katalon.core.main.TestCaseExecutor.processExecutionPhase(TestCaseExecutor.java:412)
	at com.kms.katalon.core.main.TestCaseExecutor.accessMainPhase(TestCaseExecutor.java:404)
	at com.kms.katalon.core.main.TestCaseExecutor.execute(TestCaseExecutor.java:281)
	at com.kms.katalon.core.main.TestSuiteExecutor.accessTestCaseMainPhase(TestSuiteExecutor.java:202)
	at com.kms.katalon.core.main.TestSuiteExecutor.accessTestSuiteMainPhase(TestSuiteExecutor.java:164)
	at com.kms.katalon.core.main.TestSuiteExecutor.execute(TestSuiteExecutor.java:105)
	at com.kms.katalon.core.main.TestCaseMain.startTestSuite(TestCaseMain.java:185)
	at com.kms.katalon.core.main.TestCaseMain$startTestSuite$0.call(Unknown Source)
	at TempTestSuite1649143154707.run(TempTestSuite1649143154707.groovy:36)
Caused by: com.kms.katalon.core.exception.StepFailedException: Actual text '' and expected text 'Леука' of test object 'Object Repository/Avangard New/Object (Тренер)/Case (Составы)/leuka palayer' are NOT matched.
	at com.kms.katalon.core.webui.keyword.internal.WebUIKeywordMain.stepFailed(WebUIKeywordMain.groovy:64)
	at com.kms.katalon.core.webui.keyword.builtin.VerifyElementTextKeyword$_verifyElementText_closure1.doCall(VerifyElementTextKeyword.groovy:57)
	at com.kms.katalon.core.webui.keyword.builtin.VerifyElementTextKeyword$_verifyElementText_closure1.call(VerifyElementTextKeyword.groovy)
	at com.kms.katalon.core.webui.keyword.internal.WebUIKeywordMain.runKeyword(WebUIKeywordMain.groovy:20)
	... 35 more
)

2022-04-05 10:30:24 - [MESSAGE][INFO] - Unable to find the element located by 'By.xpath: //span[(text() = 'Леука' or . = 'Леука')]'. Please recheck the objects properties to make sure the desired element is located. 

2022-04-05 10:30:24 - [MESSAGE][WARNING] - [SELF-HEALING] Failed to find element with id 'Object Repository/Avangard New/Object (Тренер)/Case (Составы)/leuka palayer'. Try using Self-healing.

2022-04-05 10:30:26 - [MESSAGE][INFO] - [SELF-HEALING] Failed Locator: '//div[@id='root']/div/div/div[2]/div/div[3]/div/div/div[2]/div/div/div[2]/div/div/p/span[2]'.

2022-04-05 10:30:27 - [MESSAGE][INFO] - [SELF-HEALING] Working Locator: '(.//*[normalize-space(text()) and normalize-space(.)='Илья'])[1]/following::span[2]'.

2022-04-05 10:30:58 - [MESSAGE][ERROR] - [SELF-HEALING] Cannot save screenshot to: C:\Users\LENOVO\Katalon Studio\Avangard\Reports\Self-healing, reason: timeout: Timed out receiving message from renderer: 10.000
  (Session info: chrome=97.0.4692.71)
Build info: version: '3.141.59', revision: 'e82be7d358', time: '2018-11-14T08:25:53'
System info: host: 'DESKTOP-KNHN0AA', ip: '192.168.2.114', os.name: 'Windows 10', os.arch: 'amd64', os.version: '10.0', java.version: '1.8.0_282'
Driver info: com.kms.katalon.selenium.driver.CRemoteWebDriver
Capabilities {acceptInsecureCerts: false, browserName: chrome, browserVersion: 97.0.4692.71, chrome: {chromedriverVersion: 97.0.4692.71 (adefa7837d02a..., userDataDir: /tmp/.com.google.Chrome.RwwHVd}, goog:chromeOptions: {debuggerAddress: localhost:37167}, javascriptEnabled: true, networkConnectionEnabled: false, pageLoadStrategy: normal, platform: LINUX, platformName: LINUX, proxy: Proxy(direct), se:cdp: ws://172.48.59.16:4444/sess..., se:cdpVersion: 97.0.4692.71, se:vnc: ws://172.48.59.16:4444/sess..., se:vncEnabled: true, se:vncLocalAddress: ws://172.48.59.16:7900, setWindowRect: true, strictFileInteractability: false, timeouts: {implicit: 0, pageLoad: 300000, script: 30000}, unhandledPromptBehavior: dismiss and notify, webauthn:extension:credBlob: true, webauthn:extension:largeBlob: true, webauthn:virtualAuthenticators: true}
Session ID: 9ae571f811dde34a5280a1db7909aa01.

2022-04-05 10:31:28 - [MESSAGE][ERROR] - [SELF-HEALING] Cannot save screenshot to: C:\Users\LENOVO\Katalon Studio\Avangard\Reports\Self-healing, reason: timeout: Timed out receiving message from renderer: 10.000
  (Session info: chrome=97.0.4692.71)
Build info: version: '3.141.59', revision: 'e82be7d358', time: '2018-11-14T08:25:53'
System info: host: 'DESKTOP-KNHN0AA', ip: '192.168.2.114', os.name: 'Windows 10', os.arch: 'amd64', os.version: '10.0', java.version: '1.8.0_282'
Driver info: com.kms.katalon.selenium.driver.CRemoteWebDriver
Capabilities {acceptInsecureCerts: false, browserName: chrome, browserVersion: 97.0.4692.71, chrome: {chromedriverVersion: 97.0.4692.71 (adefa7837d02a..., userDataDir: /tmp/.com.google.Chrome.RwwHVd}, goog:chromeOptions: {debuggerAddress: localhost:37167}, javascriptEnabled: true, networkConnectionEnabled: false, pageLoadStrategy: normal, platform: LINUX, platformName: LINUX, proxy: Proxy(direct), se:cdp: ws://172.48.59.16:4444/sess..., se:cdpVersion: 97.0.4692.71, se:vnc: ws://172.48.59.16:4444/sess..., se:vncEnabled: true, se:vncLocalAddress: ws://172.48.59.16:7900, setWindowRect: true, strictFileInteractability: false, timeouts: {implicit: 0, pageLoad: 300000, script: 30000}, unhandledPromptBehavior: dismiss and notify, webauthn:extension:credBlob: true, webauthn:extension:largeBlob: true, webauthn:virtualAuthenticators: true}
Session ID: 9ae571f811dde34a5280a1db7909aa01.

2022-04-05 10:31:58 - [MESSAGE][ERROR] - [SELF-HEALING] Cannot save screenshot to: C:\Users\LENOVO\Katalon Studio\Avangard\Reports\Self-healing, reason: timeout: Timed out receiving message from renderer: 10.000
  (Session info: chrome=97.0.4692.71)
Build info: version: '3.141.59', revision: 'e82be7d358', time: '2018-11-14T08:25:53'
System info: host: 'DESKTOP-KNHN0AA', ip: '192.168.2.114', os.name: 'Windows 10', os.arch: 'amd64', os.version: '10.0', java.version: '1.8.0_282'
Driver info: com.kms.katalon.selenium.driver.CRemoteWebDriver
Capabilities {acceptInsecureCerts: false, browserName: chrome, browserVersion: 97.0.4692.71, chrome: {chromedriverVersion: 97.0.4692.71 (adefa7837d02a..., userDataDir: /tmp/.com.google.Chrome.RwwHVd}, goog:chromeOptions: {debuggerAddress: localhost:37167}, javascriptEnabled: true, networkConnectionEnabled: false, pageLoadStrategy: normal, platform: LINUX, platformName: LINUX, proxy: Proxy(direct), se:cdp: ws://172.48.59.16:4444/sess..., se:cdpVersion: 97.0.4692.71, se:vnc: ws://172.48.59.16:4444/sess..., se:vncEnabled: true, se:vncLocalAddress: ws://172.48.59.16:7900, setWindowRect: true, strictFileInteractability: false, timeouts: {implicit: 0, pageLoad: 300000, script: 30000}, unhandledPromptBehavior: dismiss and notify, webauthn:extension:credBlob: true, webauthn:extension:largeBlob: true, webauthn:virtualAuthenticators: true}
Session ID: 9ae571f811dde34a5280a1db7909aa01.

2022-04-05 10:31:58 - [MESSAGE][WARNING] - [SELF-HEALING] The current locator of test object 'Object Repository/Avangard New/Object (Тренер)/Case (Составы)/leuka palayer' was broken. Propose an alternative one: '(.//*[normalize-space(text()) and normalize-space(.)='Илья'])[1]/following::span[2]'.

2022-04-05 10:32:00 - [MESSAGE][FAILED] - Actual text '' and expected text 'Леука' of test object 'Object Repository/Avangard New/Object (Тренер)/Case (Составы)/leuka palayer' are NOT matched. (Root cause: com.kms.katalon.core.exception.StepFailedException: Actual text '' and expected text 'Леука' of test object 'Object Repository/Avangard New/Object (Тренер)/Case (Составы)/leuka palayer' are NOT matched.
	at com.kms.katalon.core.webui.keyword.internal.WebUIKeywordMain.stepFailed(WebUIKeywordMain.groovy:64)
	at com.kms.katalon.core.webui.keyword.builtin.VerifyElementTextKeyword$_verifyElementText_closure1.doCall(VerifyElementTextKeyword.groovy:57)
	at com.kms.katalon.core.webui.keyword.builtin.VerifyElementTextKeyword$_verifyElementText_closure1.call(VerifyElementTextKeyword.groovy)
	at com.kms.katalon.core.webui.keyword.internal.WebUIKeywordMain.runKeyword(WebUIKeywordMain.groovy:20)
	at com.kms.katalon.core.webui.keyword.builtin.VerifyElementTextKeyword.verifyElementText(VerifyElementTextKeyword.groovy:72)
	at com.kms.katalon.core.webui.keyword.builtin.VerifyElementTextKeyword.execute(VerifyElementTextKeyword.groovy:40)
	at com.kms.katalon.core.keyword.internal.KeywordExecutor.executeKeywordForPlatform(KeywordExecutor.groovy:74)
	at com.kms.katalon.core.webui.keyword.WebUiBuiltInKeywords.verifyElementText(WebUiBuiltInKeywords.groovy:4749)
	at com.kms.katalon.core.webui.keyword.WebUiBuiltInKeywords$verifyElementText$6.call(Unknown Source)
	at Cоставы у игрока (переиспользуется в Составы).run(Cоставы у игрока (переиспользуется в Составы):30)
	at com.kms.katalon.core.main.ScriptEngine.run(ScriptEngine.java:194)
	at com.kms.katalon.core.main.ScriptEngine.runScriptAsRawText(ScriptEngine.java:119)
	at com.kms.katalon.core.main.TestCaseExecutor.runScript(TestCaseExecutor.java:442)
	at com.kms.katalon.core.main.TestCaseExecutor.doExecute(TestCaseExecutor.java:433)
	at com.kms.katalon.core.main.TestCaseExecutor.processExecutionPhase(TestCaseExecutor.java:412)
	at com.kms.katalon.core.main.TestCaseExecutor.accessMainPhase(TestCaseExecutor.java:404)
	at com.kms.katalon.core.main.TestCaseExecutor.execute(TestCaseExecutor.java:281)
	at com.kms.katalon.core.main.TestCaseMain.runTestCase(TestCaseMain.java:142)
	at com.kms.katalon.core.keyword.builtin.CallTestCaseKeyword$_callTestCase_closure1.doCall(CallTestCaseKeyword.groovy:59)
	at com.kms.katalon.core.keyword.builtin.CallTestCaseKeyword$_callTestCase_closure1.call(CallTestCaseKeyword.groovy)
	at com.kms.katalon.core.keyword.internal.KeywordMain.runKeyword(KeywordMain.groovy:74)
	at com.kms.katalon.core.keyword.builtin.CallTestCaseKeyword.callTestCase(CallTestCaseKeyword.groovy:81)
	at com.kms.katalon.core.keyword.builtin.CallTestCaseKeyword.execute(CallTestCaseKeyword.groovy:44)
	at com.kms.katalon.core.keyword.internal.KeywordExecutor.executeKeywordForPlatform(KeywordExecutor.groovy:74)
	at com.kms.katalon.core.keyword.BuiltinKeywords.callTestCase(BuiltinKeywords.groovy:334)
	at Составы.run(Составы:74)
	at com.kms.katalon.core.main.ScriptEngine.run(ScriptEngine.java:194)
	at com.kms.katalon.core.main.ScriptEngine.runScriptAsRawText(ScriptEngine.java:119)
	at com.kms.katalon.core.main.TestCaseExecutor.runScript(TestCaseExecutor.java:442)
	at com.kms.katalon.core.main.TestCaseExecutor.doExecute(TestCaseExecutor.java:433)
	at com.kms.katalon.core.main.TestCaseExecutor.processExecutionPhase(TestCaseExecutor.java:412)
	at com.kms.katalon.core.main.TestCaseExecutor.accessMainPhase(TestCaseExecutor.java:404)
	at com.kms.katalon.core.main.TestCaseExecutor.execute(TestCaseExecutor.java:281)
	at com.kms.katalon.core.main.TestSuiteExecutor.accessTestCaseMainPhase(TestSuiteExecutor.java:202)
	at com.kms.katalon.core.main.TestSuiteExecutor.accessTestSuiteMainPhase(TestSuiteExecutor.java:164)
	at com.kms.katalon.core.main.TestSuiteExecutor.execute(TestSuiteExecutor.java:105)
	at com.kms.katalon.core.main.TestCaseMain.startTestSuite(TestCaseMain.java:185)
	at com.kms.katalon.core.main.TestCaseMain$startTestSuite$0.call(Unknown Source)
	at TempTestSuite1649143154707.run(TempTestSuite1649143154707.groovy:36)
)
[[ATTACHMENT|C:\\Users\\LENOVO\\Katalon Studio\\Avangard\\Reports\\20220405_101904\\\u0422\u0440\u0435\u043D\u0435\u0440\\20220405_101914\\1649143919232.png]]

2022-04-05 10:32:01 - [MESSAGE][FAILED] - Verify element text of test object 'Object Repository/Avangard New/Object (Тренер)/Case (Составы)/leuka palayer' FAILED. (Root cause: com.kms.katalon.core.exception.StepFailedException: Verify element text of test object 'Object Repository/Avangard New/Object (Тренер)/Case (Составы)/leuka palayer' FAILED.
	at com.kms.katalon.core.webui.keyword.internal.WebUIKeywordMain.stepFailed(WebUIKeywordMain.groovy:64)
	at com.kms.katalon.core.webui.keyword.internal.WebUIKeywordMain.runKeyword(WebUIKeywordMain.groovy:26)
	at com.kms.katalon.core.webui.keyword.builtin.VerifyElementTextKeyword.verifyElementText(VerifyElementTextKeyword.groovy:72)
	at com.kms.katalon.core.webui.keyword.builtin.VerifyElementTextKeyword.execute(VerifyElementTextKeyword.groovy:40)
	at com.kms.katalon.core.keyword.internal.KeywordExecutor.executeKeywordForPlatform(KeywordExecutor.groovy:74)
	at com.kms.katalon.core.webui.keyword.WebUiBuiltInKeywords.verifyElementText(WebUiBuiltInKeywords.groovy:4749)
	at com.kms.katalon.core.webui.keyword.WebUiBuiltInKeywords$verifyElementText$6.call(Unknown Source)
	at Cоставы у игрока (переиспользуется в Составы).run(Cоставы у игрока (переиспользуется в Составы):30)
	at com.kms.katalon.core.main.ScriptEngine.run(ScriptEngine.java:194)
	at com.kms.katalon.core.main.ScriptEngine.runScriptAsRawText(ScriptEngine.java:119)
	at com.kms.katalon.core.main.TestCaseExecutor.runScript(TestCaseExecutor.java:442)
	at com.kms.katalon.core.main.TestCaseExecutor.doExecute(TestCaseExecutor.java:433)
	at com.kms.katalon.core.main.TestCaseExecutor.processExecutionPhase(TestCaseExecutor.java:412)
	at com.kms.katalon.core.main.TestCaseExecutor.accessMainPhase(TestCaseExecutor.java:404)
	at com.kms.katalon.core.main.TestCaseExecutor.execute(TestCaseExecutor.java:281)
	at com.kms.katalon.core.main.TestCaseMain.runTestCase(TestCaseMain.java:142)
	at com.kms.katalon.core.keyword.builtin.CallTestCaseKeyword$_callTestCase_closure1.doCall(CallTestCaseKeyword.groovy:59)
	at com.kms.katalon.core.keyword.builtin.CallTestCaseKeyword$_callTestCase_closure1.call(CallTestCaseKeyword.groovy)
	at com.kms.katalon.core.keyword.internal.KeywordMain.runKeyword(KeywordMain.groovy:74)
	at com.kms.katalon.core.keyword.builtin.CallTestCaseKeyword.callTestCase(CallTestCaseKeyword.groovy:81)
	at com.kms.katalon.core.keyword.builtin.CallTestCaseKeyword.execute(CallTestCaseKeyword.groovy:44)
	at com.kms.katalon.core.keyword.internal.KeywordExecutor.executeKeywordForPlatform(KeywordExecutor.groovy:74)
	at com.kms.katalon.core.keyword.BuiltinKeywords.callTestCase(BuiltinKeywords.groovy:334)
	at Составы.run(Составы:74)
	at com.kms.katalon.core.main.ScriptEngine.run(ScriptEngine.java:194)
	at com.kms.katalon.core.main.ScriptEngine.runScriptAsRawText(ScriptEngine.java:119)
	at com.kms.katalon.core.main.TestCaseExecutor.runScript(TestCaseExecutor.java:442)
	at com.kms.katalon.core.main.TestCaseExecutor.doExecute(TestCaseExecutor.java:433)
	at com.kms.katalon.core.main.TestCaseExecutor.processExecutionPhase(TestCaseExecutor.java:412)
	at com.kms.katalon.core.main.TestCaseExecutor.accessMainPhase(TestCaseExecutor.java:404)
	at com.kms.katalon.core.main.TestCaseExecutor.execute(TestCaseExecutor.java:281)
	at com.kms.katalon.core.main.TestSuiteExecutor.accessTestCaseMainPhase(TestSuiteExecutor.java:202)
	at com.kms.katalon.core.main.TestSuiteExecutor.accessTestSuiteMainPhase(TestSuiteExecutor.java:164)
	at com.kms.katalon.core.main.TestSuiteExecutor.execute(TestSuiteExecutor.java:105)
	at com.kms.katalon.core.main.TestCaseMain.startTestSuite(TestCaseMain.java:185)
	at com.kms.katalon.core.main.TestCaseMain$startTestSuite$0.call(Unknown Source)
	at TempTestSuite1649143154707.run(TempTestSuite1649143154707.groovy:36)
Caused by: com.kms.katalon.core.exception.StepFailedException: Actual text '' and expected text 'Леука' of test object 'Object Repository/Avangard New/Object (Тренер)/Case (Составы)/leuka palayer' are NOT matched.
	at com.kms.katalon.core.webui.keyword.internal.WebUIKeywordMain.stepFailed(WebUIKeywordMain.groovy:64)
	at com.kms.katalon.core.webui.keyword.builtin.VerifyElementTextKeyword$_verifyElementText_closure1.doCall(VerifyElementTextKeyword.groovy:57)
	at com.kms.katalon.core.webui.keyword.builtin.VerifyElementTextKeyword$_verifyElementText_closure1.call(VerifyElementTextKeyword.groovy)
	at com.kms.katalon.core.webui.keyword.internal.WebUIKeywordMain.runKeyword(WebUIKeywordMain.groovy:20)
	... 35 more
)
[[ATTACHMENT|C:\\Users\\LENOVO\\Katalon Studio\\Avangard\\Reports\\20220405_101904\\\u0422\u0440\u0435\u043D\u0435\u0440\\20220405_101914\\1649143920973.png]]

2022-04-05 10:32:03 - [MESSAGE][INFO] - 

2022-04-05 10:32:03 - [MESSAGE][INFO] - ===================== Self-healing Report ====================

2022-04-05 10:32:03 - [MESSAGE][INFO] - One of the failed test object locators has been recovered by Self-healing. Please refer to the Self-healing Insights tab for more details.

2022-04-05 10:32:03 - [MESSAGE][INFO] - To learn more about Self-healing, please read https://docs.katalon.com/katalon-studio/docs/self-healing.html

2022-04-05 10:32:03 - [MESSAGE][INFO] - ==============================================================

2022-04-05 10:32:03 - [MESSAGE][FAILED] - Unable to call Test Case 'Test Cases/Тренер/Cоставы у игрока (переиспользуется в Составы)' (Root cause: com.kms.katalon.core.exception.StepFailedException: Call Test Case 'Test Cases/Тренер/Cоставы у игрока (переиспользуется в Составы)' failed
	at com.kms.katalon.core.keyword.builtin.CallTestCaseKeyword$_callTestCase_closure1.doCall(CallTestCaseKeyword.groovy:63)
	at com.kms.katalon.core.keyword.builtin.CallTestCaseKeyword$_callTestCase_closure1.call(CallTestCaseKeyword.groovy)
	at com.kms.katalon.core.keyword.internal.KeywordMain.runKeyword(KeywordMain.groovy:74)
	at com.kms.katalon.core.keyword.builtin.CallTestCaseKeyword.callTestCase(CallTestCaseKeyword.groovy:81)
	at com.kms.katalon.core.keyword.builtin.CallTestCaseKeyword.execute(CallTestCaseKeyword.groovy:44)
	at com.kms.katalon.core.keyword.internal.KeywordExecutor.executeKeywordForPlatform(KeywordExecutor.groovy:74)
	at com.kms.katalon.core.keyword.BuiltinKeywords.callTestCase(BuiltinKeywords.groovy:334)
	at Составы.run(Составы:74)
	at com.kms.katalon.core.main.ScriptEngine.run(ScriptEngine.java:194)
	at com.kms.katalon.core.main.ScriptEngine.runScriptAsRawText(ScriptEngine.java:119)
	at com.kms.katalon.core.main.TestCaseExecutor.runScript(TestCaseExecutor.java:442)
	at com.kms.katalon.core.main.TestCaseExecutor.doExecute(TestCaseExecutor.java:433)
	at com.kms.katalon.core.main.TestCaseExecutor.processExecutionPhase(TestCaseExecutor.java:412)
	at com.kms.katalon.core.main.TestCaseExecutor.accessMainPhase(TestCaseExecutor.java:404)
	at com.kms.katalon.core.main.TestCaseExecutor.execute(TestCaseExecutor.java:281)
	at com.kms.katalon.core.main.TestSuiteExecutor.accessTestCaseMainPhase(TestSuiteExecutor.java:202)
	at com.kms.katalon.core.main.TestSuiteExecutor.accessTestSuiteMainPhase(TestSuiteExecutor.java:164)
	at com.kms.katalon.core.main.TestSuiteExecutor.execute(TestSuiteExecutor.java:105)
	at com.kms.katalon.core.main.TestCaseMain.startTestSuite(TestCaseMain.java:185)
	at com.kms.katalon.core.main.TestCaseMain$startTestSuite$0.call(Unknown Source)
	at TempTestSuite1649143154707.run(TempTestSuite1649143154707.groovy:36)
Caused by: com.kms.katalon.core.exception.StepFailedException: Verify element text of test object 'Object Repository/Avangard New/Object (Тренер)/Case (Составы)/leuka palayer' FAILED.
	at com.kms.katalon.core.webui.keyword.internal.WebUIKeywordMain.stepFailed(WebUIKeywordMain.groovy:64)
	at com.kms.katalon.core.webui.keyword.internal.WebUIKeywordMain.runKeyword(WebUIKeywordMain.groovy:26)
	at com.kms.katalon.core.webui.keyword.builtin.VerifyElementTextKeyword.verifyElementText(VerifyElementTextKeyword.groovy:72)
	at com.kms.katalon.core.webui.keyword.builtin.VerifyElementTextKeyword.execute(VerifyElementTextKeyword.groovy:40)
	at com.kms.katalon.core.keyword.internal.KeywordExecutor.executeKeywordForPlatform(KeywordExecutor.groovy:74)
	at com.kms.katalon.core.webui.keyword.WebUiBuiltInKeywords.verifyElementText(WebUiBuiltInKeywords.groovy:4749)
	at com.kms.katalon.core.webui.keyword.WebUiBuiltInKeywords$verifyElementText$6.call(Unknown Source)
	at Cоставы у игрока (переиспользуется в Составы).run(Cоставы у игрока (переиспользуется в Составы):30)
	at com.kms.katalon.core.main.ScriptEngine.run(ScriptEngine.java:194)
	at com.kms.katalon.core.main.ScriptEngine.runScriptAsRawText(ScriptEngine.java:119)
	at com.kms.katalon.core.main.TestCaseExecutor.runScript(TestCaseExecutor.java:442)
	at com.kms.katalon.core.main.TestCaseExecutor.doExecute(TestCaseExecutor.java:433)
	at com.kms.katalon.core.main.TestCaseExecutor.processExecutionPhase(TestCaseExecutor.java:412)
	at com.kms.katalon.core.main.TestCaseExecutor.accessMainPhase(TestCaseExecutor.java:404)
	at com.kms.katalon.core.main.TestCaseExecutor.execute(TestCaseExecutor.java:281)
	at com.kms.katalon.core.main.TestCaseMain.runTestCase(TestCaseMain.java:142)
	at com.kms.katalon.core.keyword.builtin.CallTestCaseKeyword$_callTestCase_closure1.doCall(CallTestCaseKeyword.groovy:59)
	... 20 more
Caused by: com.kms.katalon.core.exception.StepFailedException: Actual text '' and expected text 'Леука' of test object 'Object Repository/Avangard New/Object (Тренер)/Case (Составы)/leuka palayer' are NOT matched.
	at com.kms.katalon.core.webui.keyword.internal.WebUIKeywordMain.stepFailed(WebUIKeywordMain.groovy:64)
	at com.kms.katalon.core.webui.keyword.builtin.VerifyElementTextKeyword$_verifyElementText_closure1.doCall(VerifyElementTextKeyword.groovy:57)
	at com.kms.katalon.core.webui.keyword.builtin.VerifyElementTextKeyword$_verifyElementText_closure1.call(VerifyElementTextKeyword.groovy)
	at com.kms.katalon.core.webui.keyword.internal.WebUIKeywordMain.runKeyword(WebUIKeywordMain.groovy:20)
	... 35 more
)]]></system-out>
         <system-err><![CDATA[2022-04-05 10:21:32 - [TEST_CASE][FAILED] - Test Cases/Тренер/Составы: Test Cases/Тренер/Составы FAILED.
Reason:
com.kms.katalon.core.exception.StepFailedException: Call Test Case 'Test Cases/Тренер/Cоставы у игрока (переиспользуется в Составы)' failed
	at com.kms.katalon.core.keyword.builtin.CallTestCaseKeyword$_callTestCase_closure1.doCall(CallTestCaseKeyword.groovy:63)
	at com.kms.katalon.core.keyword.builtin.CallTestCaseKeyword$_callTestCase_closure1.call(CallTestCaseKeyword.groovy)
	at com.kms.katalon.core.keyword.internal.KeywordMain.runKeyword(KeywordMain.groovy:74)
	at com.kms.katalon.core.keyword.builtin.CallTestCaseKeyword.callTestCase(CallTestCaseKeyword.groovy:81)
	at com.kms.katalon.core.keyword.builtin.CallTestCaseKeyword.execute(CallTestCaseKeyword.groovy:44)
	at com.kms.katalon.core.keyword.internal.KeywordExecutor.executeKeywordForPlatform(KeywordExecutor.groovy:74)
	at com.kms.katalon.core.keyword.BuiltinKeywords.callTestCase(BuiltinKeywords.groovy:334)
	at Составы.run(Составы:74)
	at com.kms.katalon.core.main.ScriptEngine.run(ScriptEngine.java:194)
	at com.kms.katalon.core.main.ScriptEngine.runScriptAsRawText(ScriptEngine.java:119)
	at com.kms.katalon.core.main.TestCaseExecutor.runScript(TestCaseExecutor.java:442)
	at com.kms.katalon.core.main.TestCaseExecutor.doExecute(TestCaseExecutor.java:433)
	at com.kms.katalon.core.main.TestCaseExecutor.processExecutionPhase(TestCaseExecutor.java:412)
	at com.kms.katalon.core.main.TestCaseExecutor.accessMainPhase(TestCaseExecutor.java:404)
	at com.kms.katalon.core.main.TestCaseExecutor.execute(TestCaseExecutor.java:281)
	at com.kms.katalon.core.main.TestSuiteExecutor.accessTestCaseMainPhase(TestSuiteExecutor.java:202)
	at com.kms.katalon.core.main.TestSuiteExecutor.accessTestSuiteMainPhase(TestSuiteExecutor.java:164)
	at com.kms.katalon.core.main.TestSuiteExecutor.execute(TestSuiteExecutor.java:105)
	at com.kms.katalon.core.main.TestCaseMain.startTestSuite(TestCaseMain.java:185)
	at com.kms.katalon.core.main.TestCaseMain$startTestSuite$0.call(Unknown Source)
	at TempTestSuite1649143154707.run(TempTestSuite1649143154707.groovy:36)
Caused by: com.kms.katalon.core.exception.StepFailedException: Verify element text of test object 'Object Repository/Avangard New/Object (Тренер)/Case (Составы)/leuka palayer' FAILED.
	at com.kms.katalon.core.webui.keyword.internal.WebUIKeywordMain.stepFailed(WebUIKeywordMain.groovy:64)
	at com.kms.katalon.core.webui.keyword.internal.WebUIKeywordMain.runKeyword(WebUIKeywordMain.groovy:26)
	at com.kms.katalon.core.webui.keyword.builtin.VerifyElementTextKeyword.verifyElementText(VerifyElementTextKeyword.groovy:72)
	at com.kms.katalon.core.webui.keyword.builtin.VerifyElementTextKeyword.execute(VerifyElementTextKeyword.groovy:40)
	at com.kms.katalon.core.keyword.internal.KeywordExecutor.executeKeywordForPlatform(KeywordExecutor.groovy:74)
	at com.kms.katalon.core.webui.keyword.WebUiBuiltInKeywords.verifyElementText(WebUiBuiltInKeywords.groovy:4749)
	at com.kms.katalon.core.webui.keyword.WebUiBuiltInKeywords$verifyElementText$6.call(Unknown Source)
	at Cоставы у игрока (переиспользуется в Составы).run(Cоставы у игрока (переиспользуется в Составы):30)
	at com.kms.katalon.core.main.ScriptEngine.run(ScriptEngine.java:194)
	at com.kms.katalon.core.main.ScriptEngine.runScriptAsRawText(ScriptEngine.java:119)
	at com.kms.katalon.core.main.TestCaseExecutor.runScript(TestCaseExecutor.java:442)
	at com.kms.katalon.core.main.TestCaseExecutor.doExecute(TestCaseExecutor.java:433)
	at com.kms.katalon.core.main.TestCaseExecutor.processExecutionPhase(TestCaseExecutor.java:412)
	at com.kms.katalon.core.main.TestCaseExecutor.accessMainPhase(TestCaseExecutor.java:404)
	at com.kms.katalon.core.main.TestCaseExecutor.execute(TestCaseExecutor.java:281)
	at com.kms.katalon.core.main.TestCaseMain.runTestCase(TestCaseMain.java:142)
	at com.kms.katalon.core.keyword.builtin.CallTestCaseKeyword$_callTestCase_closure1.doCall(CallTestCaseKeyword.groovy:59)
	... 20 more
Caused by: com.kms.katalon.core.exception.StepFailedException: Actual text '' and expected text 'Леука' of test object 'Object Repository/Avangard New/Object (Тренер)/Case (Составы)/leuka palayer' are NOT matched.
	at com.kms.katalon.core.webui.keyword.internal.WebUIKeywordMain.stepFailed(WebUIKeywordMain.groovy:64)
	at com.kms.katalon.core.webui.keyword.builtin.VerifyElementTextKeyword$_verifyElementText_closure1.doCall(VerifyElementTextKeyword.groovy:57)
	at com.kms.katalon.core.webui.keyword.builtin.VerifyElementTextKeyword$_verifyElementText_closure1.call(VerifyElementTextKeyword.groovy)
	at com.kms.katalon.core.webui.keyword.internal.WebUIKeywordMain.runKeyword(WebUIKeywordMain.groovy:20)
	... 35 more]]></system-err>
      </testcase>
      <testcase name="Test Cases/Тренер/Профиль Тренера" time="361.837" classname="Test Cases/Тренер/Профиль Тренера" status="PASSED">
         <system-out><![CDATA[2022-04-05 10:32:05 - [TEST_CASE][PASSED] - Test Cases/Тренер/Профиль Тренера: Test Cases/Тренер/Профиль Тренера

2022-04-05 10:32:06 - [TEST_STEP][PASSED] - callTestCase(findTestCase("Тренер/Авторизация"), [:], STOP_ON_FAILURE): Call Test Case 'Test Cases/Тренер/Авторизация' successfully

2022-04-05 10:32:06 - [TEST_CASE][PASSED] - Test Cases/Тренер/Авторизация: Test Cases/Тренер/Авторизация

2022-04-05 10:32:06 - [TEST_STEP][PASSED] - openBrowser(""): Browser is opened with url: ''

2022-04-05 10:32:06 - [MESSAGE][WARNING] - A browser is already opened. Closing browser and opening a new one

2022-04-05 10:32:06 - [MESSAGE][INFO] - User set preference: ['os', 'linux']

2022-04-05 10:32:06 - [MESSAGE][INFO] - User set preference: ['browserName', 'chrome']

2022-04-05 10:32:06 - [MESSAGE][INFO] - User set preference: ['browserVersion', '97']

2022-04-05 10:32:06 - [MESSAGE][INFO] - User set preference: ['katalon:option', '{organizationId=632442, tunnelId=, usingTunnel=false}']

2022-04-05 10:32:06 - [MESSAGE][INFO] - Connecting to remote web server 'testcloud.katalon.com/hub' with type 'Selenium'

2022-04-05 10:32:06 - [MESSAGE][INFO] - Action delay is set to 100 milliseconds

2022-04-05 10:37:12 - [MESSAGE][PASSED] - Browser is opened with url: ''

2022-04-05 10:37:12 - [TEST_STEP][PASSED] - maximizeWindow(): Current window maximized

2022-04-05 10:37:12 - [MESSAGE][PASSED] - Current window maximized

2022-04-05 10:37:12 - [TEST_STEP][PASSED] - navigateToUrl(url): Navigate to 'https://stars-stage.hawk.ru:8080' successfully

2022-04-05 10:37:20 - [MESSAGE][PASSED] - Navigate to 'https://stars-stage.hawk.ru:8080' successfully

2022-04-05 10:37:20 - [TEST_STEP][PASSED] - setText(findTestObject("Object Repository/manager/Page_/input__sc-lnrBVv eqPACj"), coach_login): Text 'ageev.da@hc-avangard.com' is set on object 'Object Repository/manager/Page_/input__sc-lnrBVv eqPACj'

2022-04-05 10:37:24 - [MESSAGE][PASSED] - Text 'ageev.da@hc-avangard.com' is set on object 'Object Repository/manager/Page_/input__sc-lnrBVv eqPACj'

2022-04-05 10:37:24 - [TEST_STEP][PASSED] - setText(findTestObject("Object Repository/manager/Page_/input__sc-lnrBVv eqPACj_1"), coach_password): Text 'zz4waxq6' is set on object 'Object Repository/manager/Page_/input__sc-lnrBVv eqPACj_1'

2022-04-05 10:37:28 - [MESSAGE][PASSED] - Text 'zz4waxq6' is set on object 'Object Repository/manager/Page_/input__sc-lnrBVv eqPACj_1'

2022-04-05 10:37:28 - [TEST_STEP][PASSED] - click(findTestObject("manager/Page_/go")): Object: 'Object Repository/manager/Page_/go' is clicked on

2022-04-05 10:37:30 - [MESSAGE][PASSED] - Object: 'Object Repository/manager/Page_/go' is clicked on

2022-04-05 10:37:30 - [MESSAGE][PASSED] - Call Test Case 'Test Cases/Тренер/Авторизация' successfully

2022-04-05 10:37:30 - [TEST_STEP][PASSED] - click(findTestObject("Object Repository/ТРЕНЕР/reports/IMT/Page_/Page_/div_ (1)")): Object: 'Object Repository/ТРЕНЕР/reports/IMT/Page_/Page_/div_ (1)' is clicked on

2022-04-05 10:37:53 - [MESSAGE][PASSED] - Object: 'Object Repository/ТРЕНЕР/reports/IMT/Page_/Page_/div_ (1)' is clicked on

2022-04-05 10:37:53 - [TEST_STEP][PASSED] - click(findTestObject("Object Repository/ТРЕНЕР/reports/IMT/Page_/Page_/save")): Object: 'Object Repository/ТРЕНЕР/reports/IMT/Page_/Page_/save' is clicked on

2022-04-05 10:37:55 - [MESSAGE][PASSED] - Object: 'Object Repository/ТРЕНЕР/reports/IMT/Page_/Page_/save' is clicked on

2022-04-05 10:37:55 - [TEST_STEP][PASSED] - verifyTextPresent("Пользователь сохранен", false): Text 'Пользователь сохранен' is present on page 

2022-04-05 10:38:05 - [MESSAGE][PASSED] - Text 'Пользователь сохранен' is present on page 

2022-04-05 10:38:05 - [TEST_STEP][PASSED] - click(findTestObject("Object Repository/ТРЕНЕР/reports/IMT/Page_/Page_/root")): Object: 'Object Repository/ТРЕНЕР/reports/IMT/Page_/Page_/root' is clicked on

2022-04-05 10:38:07 - [MESSAGE][PASSED] - Object: 'Object Repository/ТРЕНЕР/reports/IMT/Page_/Page_/root' is clicked on

2022-04-05 10:38:07 - [TEST_STEP][PASSED] - closeBrowser(): Browser is closed

2022-04-05 10:38:07 - [MESSAGE][PASSED] - Browser is closed]]></system-out>
         <system-err><![CDATA[]]></system-err>
      </testcase>
      <testcase name="Test Cases/Тренер/Статистика" time="311.045" classname="Test Cases/Тренер/Статистика" status="FAILED">
         <failure type="FAILED" message="Test Cases/Тренер/Статистика FAILED.
Reason:
com.kms.katalon.core.exception.StepFailedException: Unable to click on object 'Object Repository/Avangard New/Object (Тренер)/Case (Статистика)/team'
	at com.kms.katalon.core.webui.keyword.internal.WebUIKeywordMain.stepFailed(WebUIKeywordMain.groovy:64)
	at com.kms.katalon.core.webui.keyword.internal.WebUIKeywordMain.runKeyword(WebUIKeywordMain.groovy:26)
	at com.kms.katalon.core.webui.keyword.builtin.ClickKeyword.click(ClickKeyword.groovy:74)
	at com.kms.katalon.core.webui.keyword.builtin.ClickKeyword.execute(ClickKeyword.groovy:40)
	at com.kms.katalon.core.keyword.internal.KeywordExecutor.executeKeywordForPlatform(KeywordExecutor.groovy:74)
	at com.kms.katalon.core.webui.keyword.WebUiBuiltInKeywords.click(WebUiBuiltInKeywords.groovy:620)
	at com.kms.katalon.core.webui.keyword.WebUiBuiltInKeywords$click$3.call(Unknown Source)
	at Статистика.run(Статистика:29)
	at com.kms.katalon.core.main.ScriptEngine.run(ScriptEngine.java:194)
	at com.kms.katalon.core.main.ScriptEngine.runScriptAsRawText(ScriptEngine.java:119)
	at com.kms.katalon.core.main.TestCaseExecutor.runScript(TestCaseExecutor.java:442)
	at com.kms.katalon.core.main.TestCaseExecutor.doExecute(TestCaseExecutor.java:433)
	at com.kms.katalon.core.main.TestCaseExecutor.processExecutionPhase(TestCaseExecutor.java:412)
	at com.kms.katalon.core.main.TestCaseExecutor.accessMainPhase(TestCaseExecutor.java:404)
	at com.kms.katalon.core.main.TestCaseExecutor.execute(TestCaseExecutor.java:281)
	at com.kms.katalon.core.main.TestSuiteExecutor.accessTestCaseMainPhase(TestSuiteExecutor.java:202)
	at com.kms.katalon.core.main.TestSuiteExecutor.accessTestSuiteMainPhase(TestSuiteExecutor.java:164)
	at com.kms.katalon.core.main.TestSuiteExecutor.execute(TestSuiteExecutor.java:105)
	at com.kms.katalon.core.main.TestCaseMain.startTestSuite(TestCaseMain.java:185)
	at com.kms.katalon.core.main.TestCaseMain$startTestSuite$0.call(Unknown Source)
	at TempTestSuite1649143154707.run(TempTestSuite1649143154707.groovy:36)
Caused by: org.openqa.selenium.ElementClickInterceptedException: element click intercepted: Element &lt;div class=&quot;css-1hwfws3&quot;>...&lt;/div> is not clickable at point (922, 133). Other element would receive the click: &lt;div class=&quot;Select__SelectContainer-sc-d2163e-0 dIyxuE SelectContainer disabled&quot;>...&lt;/div>
  (Session info: chrome=97.0.4692.71)
Build info: version: '3.141.59', revision: 'e82be7d358', time: '2018-11-14T08:25:53'
System info: host: 'DESKTOP-KNHN0AA', ip: '192.168.2.114', os.name: 'Windows 10', os.arch: 'amd64', os.version: '10.0', java.version: '1.8.0_282'
Driver info: com.kms.katalon.selenium.driver.CRemoteWebDriver
Capabilities {acceptInsecureCerts: false, browserName: chrome, browserVersion: 97.0.4692.71, chrome: {chromedriverVersion: 97.0.4692.71 (adefa7837d02a..., userDataDir: /tmp/.com.google.Chrome.8Tsv3q}, goog:chromeOptions: {debuggerAddress: localhost:44155}, javascriptEnabled: true, networkConnectionEnabled: false, pageLoadStrategy: normal, platform: LINUX, platformName: LINUX, proxy: Proxy(direct), se:cdp: ws://172.48.24.41:4444/sess..., se:cdpVersion: 97.0.4692.71, se:vnc: ws://172.48.24.41:4444/sess..., se:vncEnabled: true, se:vncLocalAddress: ws://172.48.24.41:7900, setWindowRect: true, strictFileInteractability: false, timeouts: {implicit: 0, pageLoad: 300000, script: 30000}, unhandledPromptBehavior: dismiss and notify, webauthn:extension:credBlob: true, webauthn:extension:largeBlob: true, webauthn:virtualAuthenticators: true}
Session ID: 54e5588d038bcca3d8256af1814219d0
	at org.openqa.selenium.remote.http.W3CHttpResponseCodec.createException(W3CHttpResponseCodec.java:187)
	at org.openqa.selenium.remote.http.W3CHttpResponseCodec.decode(W3CHttpResponseCodec.java:122)
	at org.openqa.selenium.remote.http.W3CHttpResponseCodec.decode(W3CHttpResponseCodec.java:49)
	at org.openqa.selenium.remote.HttpCommandExecutor.execute(HttpCommandExecutor.java:158)
	at org.openqa.selenium.remote.RemoteWebDriver.execute(RemoteWebDriver.java:552)
	at com.kms.katalon.selenium.driver.CRemoteWebDriver.execute(CRemoteWebDriver.java:30)
	at org.openqa.selenium.remote.RemoteWebElement.execute(RemoteWebElement.java:285)
	at org.openqa.selenium.remote.RemoteWebElement.click(RemoteWebElement.java:84)
	at org.openqa.selenium.support.events.EventFiringWebDriver$EventFiringWebElement.lambda$new$0(EventFiringWebDriver.java:404)
	at com.sun.proxy.$Proxy11.click(Unknown Source)
	at org.openqa.selenium.support.events.EventFiringWebDriver$EventFiringWebElement.click(EventFiringWebDriver.java:417)
	at org.openqa.selenium.WebElement$click.call(Unknown Source)
	at com.kms.katalon.core.webui.keyword.builtin.ClickKeyword.clickUntilSuccessWithTimeout(ClickKeyword.groovy:81)
	at com.kms.katalon.core.webui.keyword.builtin.ClickKeyword.clickUntilSuccessWithTimeout(ClickKeyword.groovy)
	at com.kms.katalon.core.webui.keyword.builtin.ClickKeyword$_click_closure1.doCall(ClickKeyword.groovy:67)
	at com.kms.katalon.core.webui.keyword.builtin.ClickKeyword$_click_closure1.call(ClickKeyword.groovy)
	at com.kms.katalon.core.webui.keyword.internal.WebUIKeywordMain.runKeyword(WebUIKeywordMain.groovy:20)
	... 19 more
"/>
         <system-out><![CDATA[2022-04-05 10:38:07 - [TEST_CASE][FAILED] - Test Cases/Тренер/Статистика: Test Cases/Тренер/Статистика FAILED.
Reason:
com.kms.katalon.core.exception.StepFailedException: Unable to click on object 'Object Repository/Avangard New/Object (Тренер)/Case (Статистика)/team'
	at com.kms.katalon.core.webui.keyword.internal.WebUIKeywordMain.stepFailed(WebUIKeywordMain.groovy:64)
	at com.kms.katalon.core.webui.keyword.internal.WebUIKeywordMain.runKeyword(WebUIKeywordMain.groovy:26)
	at com.kms.katalon.core.webui.keyword.builtin.ClickKeyword.click(ClickKeyword.groovy:74)
	at com.kms.katalon.core.webui.keyword.builtin.ClickKeyword.execute(ClickKeyword.groovy:40)
	at com.kms.katalon.core.keyword.internal.KeywordExecutor.executeKeywordForPlatform(KeywordExecutor.groovy:74)
	at com.kms.katalon.core.webui.keyword.WebUiBuiltInKeywords.click(WebUiBuiltInKeywords.groovy:620)
	at com.kms.katalon.core.webui.keyword.WebUiBuiltInKeywords$click$3.call(Unknown Source)
	at Статистика.run(Статистика:29)
	at com.kms.katalon.core.main.ScriptEngine.run(ScriptEngine.java:194)
	at com.kms.katalon.core.main.ScriptEngine.runScriptAsRawText(ScriptEngine.java:119)
	at com.kms.katalon.core.main.TestCaseExecutor.runScript(TestCaseExecutor.java:442)
	at com.kms.katalon.core.main.TestCaseExecutor.doExecute(TestCaseExecutor.java:433)
	at com.kms.katalon.core.main.TestCaseExecutor.processExecutionPhase(TestCaseExecutor.java:412)
	at com.kms.katalon.core.main.TestCaseExecutor.accessMainPhase(TestCaseExecutor.java:404)
	at com.kms.katalon.core.main.TestCaseExecutor.execute(TestCaseExecutor.java:281)
	at com.kms.katalon.core.main.TestSuiteExecutor.accessTestCaseMainPhase(TestSuiteExecutor.java:202)
	at com.kms.katalon.core.main.TestSuiteExecutor.accessTestSuiteMainPhase(TestSuiteExecutor.java:164)
	at com.kms.katalon.core.main.TestSuiteExecutor.execute(TestSuiteExecutor.java:105)
	at com.kms.katalon.core.main.TestCaseMain.startTestSuite(TestCaseMain.java:185)
	at com.kms.katalon.core.main.TestCaseMain$startTestSuite$0.call(Unknown Source)
	at TempTestSuite1649143154707.run(TempTestSuite1649143154707.groovy:36)
Caused by: org.openqa.selenium.ElementClickInterceptedException: element click intercepted: Element <div class="css-1hwfws3">...</div> is not clickable at point (922, 133). Other element would receive the click: <div class="Select__SelectContainer-sc-d2163e-0 dIyxuE SelectContainer disabled">...</div>
  (Session info: chrome=97.0.4692.71)
Build info: version: '3.141.59', revision: 'e82be7d358', time: '2018-11-14T08:25:53'
System info: host: 'DESKTOP-KNHN0AA', ip: '192.168.2.114', os.name: 'Windows 10', os.arch: 'amd64', os.version: '10.0', java.version: '1.8.0_282'
Driver info: com.kms.katalon.selenium.driver.CRemoteWebDriver
Capabilities {acceptInsecureCerts: false, browserName: chrome, browserVersion: 97.0.4692.71, chrome: {chromedriverVersion: 97.0.4692.71 (adefa7837d02a..., userDataDir: /tmp/.com.google.Chrome.8Tsv3q}, goog:chromeOptions: {debuggerAddress: localhost:44155}, javascriptEnabled: true, networkConnectionEnabled: false, pageLoadStrategy: normal, platform: LINUX, platformName: LINUX, proxy: Proxy(direct), se:cdp: ws://172.48.24.41:4444/sess..., se:cdpVersion: 97.0.4692.71, se:vnc: ws://172.48.24.41:4444/sess..., se:vncEnabled: true, se:vncLocalAddress: ws://172.48.24.41:7900, setWindowRect: true, strictFileInteractability: false, timeouts: {implicit: 0, pageLoad: 300000, script: 30000}, unhandledPromptBehavior: dismiss and notify, webauthn:extension:credBlob: true, webauthn:extension:largeBlob: true, webauthn:virtualAuthenticators: true}
Session ID: 54e5588d038bcca3d8256af1814219d0
	at org.openqa.selenium.remote.http.W3CHttpResponseCodec.createException(W3CHttpResponseCodec.java:187)
	at org.openqa.selenium.remote.http.W3CHttpResponseCodec.decode(W3CHttpResponseCodec.java:122)
	at org.openqa.selenium.remote.http.W3CHttpResponseCodec.decode(W3CHttpResponseCodec.java:49)
	at org.openqa.selenium.remote.HttpCommandExecutor.execute(HttpCommandExecutor.java:158)
	at org.openqa.selenium.remote.RemoteWebDriver.execute(RemoteWebDriver.java:552)
	at com.kms.katalon.selenium.driver.CRemoteWebDriver.execute(CRemoteWebDriver.java:30)
	at org.openqa.selenium.remote.RemoteWebElement.execute(RemoteWebElement.java:285)
	at org.openqa.selenium.remote.RemoteWebElement.click(RemoteWebElement.java:84)
	at org.openqa.selenium.support.events.EventFiringWebDriver$EventFiringWebElement.lambda$new$0(EventFiringWebDriver.java:404)
	at com.sun.proxy.$Proxy11.click(Unknown Source)
	at org.openqa.selenium.support.events.EventFiringWebDriver$EventFiringWebElement.click(EventFiringWebDriver.java:417)
	at org.openqa.selenium.WebElement$click.call(Unknown Source)
	at com.kms.katalon.core.webui.keyword.builtin.ClickKeyword.clickUntilSuccessWithTimeout(ClickKeyword.groovy:81)
	at com.kms.katalon.core.webui.keyword.builtin.ClickKeyword.clickUntilSuccessWithTimeout(ClickKeyword.groovy)
	at com.kms.katalon.core.webui.keyword.builtin.ClickKeyword$_click_closure1.doCall(ClickKeyword.groovy:67)
	at com.kms.katalon.core.webui.keyword.builtin.ClickKeyword$_click_closure1.call(ClickKeyword.groovy)
	at com.kms.katalon.core.webui.keyword.internal.WebUIKeywordMain.runKeyword(WebUIKeywordMain.groovy:20)
	... 19 more


2022-04-05 10:38:08 - [TEST_STEP][PASSED] - callTestCase(findTestCase("Тренер/Авторизация"), [:], STOP_ON_FAILURE): Call Test Case 'Test Cases/Тренер/Авторизация' successfully

2022-04-05 10:38:08 - [TEST_CASE][PASSED] - Test Cases/Тренер/Авторизация: Test Cases/Тренер/Авторизация

2022-04-05 10:38:08 - [TEST_STEP][PASSED] - openBrowser(""): Browser is opened with url: ''

2022-04-05 10:38:08 - [MESSAGE][INFO] - User set preference: ['os', 'linux']

2022-04-05 10:38:08 - [MESSAGE][INFO] - User set preference: ['browserName', 'chrome']

2022-04-05 10:38:08 - [MESSAGE][INFO] - User set preference: ['browserVersion', '97']

2022-04-05 10:38:08 - [MESSAGE][INFO] - User set preference: ['katalon:option', '{organizationId=632442, tunnelId=, usingTunnel=false}']

2022-04-05 10:38:08 - [MESSAGE][INFO] - Connecting to remote web server 'testcloud.katalon.com/hub' with type 'Selenium'

2022-04-05 10:38:08 - [MESSAGE][INFO] - Action delay is set to 100 milliseconds

2022-04-05 10:42:09 - [MESSAGE][PASSED] - Browser is opened with url: ''

2022-04-05 10:42:09 - [TEST_STEP][PASSED] - maximizeWindow(): Current window maximized

2022-04-05 10:42:09 - [MESSAGE][PASSED] - Current window maximized

2022-04-05 10:42:09 - [TEST_STEP][PASSED] - navigateToUrl(url): Navigate to 'https://stars-stage.hawk.ru:8080' successfully

2022-04-05 10:42:15 - [MESSAGE][PASSED] - Navigate to 'https://stars-stage.hawk.ru:8080' successfully

2022-04-05 10:42:15 - [TEST_STEP][PASSED] - setText(findTestObject("Object Repository/manager/Page_/input__sc-lnrBVv eqPACj"), coach_login): Text 'ageev.da@hc-avangard.com' is set on object 'Object Repository/manager/Page_/input__sc-lnrBVv eqPACj'

2022-04-05 10:42:19 - [MESSAGE][PASSED] - Text 'ageev.da@hc-avangard.com' is set on object 'Object Repository/manager/Page_/input__sc-lnrBVv eqPACj'

2022-04-05 10:42:19 - [TEST_STEP][PASSED] - setText(findTestObject("Object Repository/manager/Page_/input__sc-lnrBVv eqPACj_1"), coach_password): Text 'zz4waxq6' is set on object 'Object Repository/manager/Page_/input__sc-lnrBVv eqPACj_1'

2022-04-05 10:42:23 - [MESSAGE][PASSED] - Text 'zz4waxq6' is set on object 'Object Repository/manager/Page_/input__sc-lnrBVv eqPACj_1'

2022-04-05 10:42:23 - [TEST_STEP][PASSED] - click(findTestObject("manager/Page_/go")): Object: 'Object Repository/manager/Page_/go' is clicked on

2022-04-05 10:42:25 - [MESSAGE][PASSED] - Object: 'Object Repository/manager/Page_/go' is clicked on

2022-04-05 10:42:25 - [MESSAGE][PASSED] - Call Test Case 'Test Cases/Тренер/Авторизация' successfully

2022-04-05 10:42:25 - [TEST_STEP][PASSED] - click(findTestObject("Object Repository/Avangard New/Object (Тренер)/Case (Статистика)/report")): Object: 'Object Repository/Avangard New/Object (Тренер)/Case (Статистика)/report' is clicked on

2022-04-05 10:42:39 - [MESSAGE][PASSED] - Object: 'Object Repository/Avangard New/Object (Тренер)/Case (Статистика)/report' is clicked on

2022-04-05 10:42:39 - [TEST_STEP][PASSED] - click(findTestObject("Object Repository/Avangard New/Object (Тренер)/Case (Статистика)/statsreport")): Object: 'Object Repository/Avangard New/Object (Тренер)/Case (Статистика)/statsreport' is clicked on

2022-04-05 10:42:41 - [MESSAGE][PASSED] - Object: 'Object Repository/Avangard New/Object (Тренер)/Case (Статистика)/statsreport' is clicked on

2022-04-05 10:42:41 - [TEST_STEP][FAILED] - click(findTestObject("Object Repository/Avangard New/Object (Тренер)/Case (Статистика)/team")): Unable to click on object 'Object Repository/Avangard New/Object (Тренер)/Case (Статистика)/team' (Root cause: com.kms.katalon.core.exception.StepFailedException: Unable to click on object 'Object Repository/Avangard New/Object (Тренер)/Case (Статистика)/team'
	at com.kms.katalon.core.webui.keyword.internal.WebUIKeywordMain.stepFailed(WebUIKeywordMain.groovy:64)
	at com.kms.katalon.core.webui.keyword.internal.WebUIKeywordMain.runKeyword(WebUIKeywordMain.groovy:26)
	at com.kms.katalon.core.webui.keyword.builtin.ClickKeyword.click(ClickKeyword.groovy:74)
	at com.kms.katalon.core.webui.keyword.builtin.ClickKeyword.execute(ClickKeyword.groovy:40)
	at com.kms.katalon.core.keyword.internal.KeywordExecutor.executeKeywordForPlatform(KeywordExecutor.groovy:74)
	at com.kms.katalon.core.webui.keyword.WebUiBuiltInKeywords.click(WebUiBuiltInKeywords.groovy:620)
	at com.kms.katalon.core.webui.keyword.WebUiBuiltInKeywords$click$3.call(Unknown Source)
	at Статистика.run(Статистика:29)
	at com.kms.katalon.core.main.ScriptEngine.run(ScriptEngine.java:194)
	at com.kms.katalon.core.main.ScriptEngine.runScriptAsRawText(ScriptEngine.java:119)
	at com.kms.katalon.core.main.TestCaseExecutor.runScript(TestCaseExecutor.java:442)
	at com.kms.katalon.core.main.TestCaseExecutor.doExecute(TestCaseExecutor.java:433)
	at com.kms.katalon.core.main.TestCaseExecutor.processExecutionPhase(TestCaseExecutor.java:412)
	at com.kms.katalon.core.main.TestCaseExecutor.accessMainPhase(TestCaseExecutor.java:404)
	at com.kms.katalon.core.main.TestCaseExecutor.execute(TestCaseExecutor.java:281)
	at com.kms.katalon.core.main.TestSuiteExecutor.accessTestCaseMainPhase(TestSuiteExecutor.java:202)
	at com.kms.katalon.core.main.TestSuiteExecutor.accessTestSuiteMainPhase(TestSuiteExecutor.java:164)
	at com.kms.katalon.core.main.TestSuiteExecutor.execute(TestSuiteExecutor.java:105)
	at com.kms.katalon.core.main.TestCaseMain.startTestSuite(TestCaseMain.java:185)
	at com.kms.katalon.core.main.TestCaseMain$startTestSuite$0.call(Unknown Source)
	at TempTestSuite1649143154707.run(TempTestSuite1649143154707.groovy:36)
Caused by: org.openqa.selenium.ElementClickInterceptedException: element click intercepted: Element <div class="css-1hwfws3">...</div> is not clickable at point (922, 133). Other element would receive the click: <div class="Select__SelectContainer-sc-d2163e-0 dIyxuE SelectContainer disabled">...</div>
  (Session info: chrome=97.0.4692.71)
Build info: version: '3.141.59', revision: 'e82be7d358', time: '2018-11-14T08:25:53'
System info: host: 'DESKTOP-KNHN0AA', ip: '192.168.2.114', os.name: 'Windows 10', os.arch: 'amd64', os.version: '10.0', java.version: '1.8.0_282'
Driver info: com.kms.katalon.selenium.driver.CRemoteWebDriver
Capabilities {acceptInsecureCerts: false, browserName: chrome, browserVersion: 97.0.4692.71, chrome: {chromedriverVersion: 97.0.4692.71 (adefa7837d02a..., userDataDir: /tmp/.com.google.Chrome.8Tsv3q}, goog:chromeOptions: {debuggerAddress: localhost:44155}, javascriptEnabled: true, networkConnectionEnabled: false, pageLoadStrategy: normal, platform: LINUX, platformName: LINUX, proxy: Proxy(direct), se:cdp: ws://172.48.24.41:4444/sess..., se:cdpVersion: 97.0.4692.71, se:vnc: ws://172.48.24.41:4444/sess..., se:vncEnabled: true, se:vncLocalAddress: ws://172.48.24.41:7900, setWindowRect: true, strictFileInteractability: false, timeouts: {implicit: 0, pageLoad: 300000, script: 30000}, unhandledPromptBehavior: dismiss and notify, webauthn:extension:credBlob: true, webauthn:extension:largeBlob: true, webauthn:virtualAuthenticators: true}
Session ID: 54e5588d038bcca3d8256af1814219d0
	at org.openqa.selenium.remote.http.W3CHttpResponseCodec.createException(W3CHttpResponseCodec.java:187)
	at org.openqa.selenium.remote.http.W3CHttpResponseCodec.decode(W3CHttpResponseCodec.java:122)
	at org.openqa.selenium.remote.http.W3CHttpResponseCodec.decode(W3CHttpResponseCodec.java:49)
	at org.openqa.selenium.remote.HttpCommandExecutor.execute(HttpCommandExecutor.java:158)
	at org.openqa.selenium.remote.RemoteWebDriver.execute(RemoteWebDriver.java:552)
	at com.kms.katalon.selenium.driver.CRemoteWebDriver.execute(CRemoteWebDriver.java:30)
	at org.openqa.selenium.remote.RemoteWebElement.execute(RemoteWebElement.java:285)
	at org.openqa.selenium.remote.RemoteWebElement.click(RemoteWebElement.java:84)
	at org.openqa.selenium.support.events.EventFiringWebDriver$EventFiringWebElement.lambda$new$0(EventFiringWebDriver.java:404)
	at com.sun.proxy.$Proxy11.click(Unknown Source)
	at org.openqa.selenium.support.events.EventFiringWebDriver$EventFiringWebElement.click(EventFiringWebDriver.java:417)
	at org.openqa.selenium.WebElement$click.call(Unknown Source)
	at com.kms.katalon.core.webui.keyword.builtin.ClickKeyword.clickUntilSuccessWithTimeout(ClickKeyword.groovy:81)
	at com.kms.katalon.core.webui.keyword.builtin.ClickKeyword.clickUntilSuccessWithTimeout(ClickKeyword.groovy)
	at com.kms.katalon.core.webui.keyword.builtin.ClickKeyword$_click_closure1.doCall(ClickKeyword.groovy:67)
	at com.kms.katalon.core.webui.keyword.builtin.ClickKeyword$_click_closure1.call(ClickKeyword.groovy)
	at com.kms.katalon.core.webui.keyword.internal.WebUIKeywordMain.runKeyword(WebUIKeywordMain.groovy:20)
	at com.kms.katalon.core.webui.keyword.builtin.ClickKeyword.click(ClickKeyword.groovy:74)
	at com.kms.katalon.core.webui.keyword.builtin.ClickKeyword.execute(ClickKeyword.groovy:40)
	at com.kms.katalon.core.keyword.internal.KeywordExecutor.executeKeywordForPlatform(KeywordExecutor.groovy:74)
	at com.kms.katalon.core.webui.keyword.WebUiBuiltInKeywords.click(WebUiBuiltInKeywords.groovy:620)
	at com.kms.katalon.core.webui.keyword.WebUiBuiltInKeywords$click$3.call(Unknown Source)
	at Script1645285819922.run(Script1645285819922.groovy:29)
	... 13 more
)

2022-04-05 10:43:16 - [MESSAGE][FAILED] - Unable to click on object 'Object Repository/Avangard New/Object (Тренер)/Case (Статистика)/team' (Root cause: com.kms.katalon.core.exception.StepFailedException: Unable to click on object 'Object Repository/Avangard New/Object (Тренер)/Case (Статистика)/team'
	at com.kms.katalon.core.webui.keyword.internal.WebUIKeywordMain.stepFailed(WebUIKeywordMain.groovy:64)
	at com.kms.katalon.core.webui.keyword.internal.WebUIKeywordMain.runKeyword(WebUIKeywordMain.groovy:26)
	at com.kms.katalon.core.webui.keyword.builtin.ClickKeyword.click(ClickKeyword.groovy:74)
	at com.kms.katalon.core.webui.keyword.builtin.ClickKeyword.execute(ClickKeyword.groovy:40)
	at com.kms.katalon.core.keyword.internal.KeywordExecutor.executeKeywordForPlatform(KeywordExecutor.groovy:74)
	at com.kms.katalon.core.webui.keyword.WebUiBuiltInKeywords.click(WebUiBuiltInKeywords.groovy:620)
	at com.kms.katalon.core.webui.keyword.WebUiBuiltInKeywords$click$3.call(Unknown Source)
	at Статистика.run(Статистика:29)
	at com.kms.katalon.core.main.ScriptEngine.run(ScriptEngine.java:194)
	at com.kms.katalon.core.main.ScriptEngine.runScriptAsRawText(ScriptEngine.java:119)
	at com.kms.katalon.core.main.TestCaseExecutor.runScript(TestCaseExecutor.java:442)
	at com.kms.katalon.core.main.TestCaseExecutor.doExecute(TestCaseExecutor.java:433)
	at com.kms.katalon.core.main.TestCaseExecutor.processExecutionPhase(TestCaseExecutor.java:412)
	at com.kms.katalon.core.main.TestCaseExecutor.accessMainPhase(TestCaseExecutor.java:404)
	at com.kms.katalon.core.main.TestCaseExecutor.execute(TestCaseExecutor.java:281)
	at com.kms.katalon.core.main.TestSuiteExecutor.accessTestCaseMainPhase(TestSuiteExecutor.java:202)
	at com.kms.katalon.core.main.TestSuiteExecutor.accessTestSuiteMainPhase(TestSuiteExecutor.java:164)
	at com.kms.katalon.core.main.TestSuiteExecutor.execute(TestSuiteExecutor.java:105)
	at com.kms.katalon.core.main.TestCaseMain.startTestSuite(TestCaseMain.java:185)
	at com.kms.katalon.core.main.TestCaseMain$startTestSuite$0.call(Unknown Source)
	at TempTestSuite1649143154707.run(TempTestSuite1649143154707.groovy:36)
Caused by: org.openqa.selenium.ElementClickInterceptedException: element click intercepted: Element <div class="css-1hwfws3">...</div> is not clickable at point (922, 133). Other element would receive the click: <div class="Select__SelectContainer-sc-d2163e-0 dIyxuE SelectContainer disabled">...</div>
  (Session info: chrome=97.0.4692.71)
Build info: version: '3.141.59', revision: 'e82be7d358', time: '2018-11-14T08:25:53'
System info: host: 'DESKTOP-KNHN0AA', ip: '192.168.2.114', os.name: 'Windows 10', os.arch: 'amd64', os.version: '10.0', java.version: '1.8.0_282'
Driver info: com.kms.katalon.selenium.driver.CRemoteWebDriver
Capabilities {acceptInsecureCerts: false, browserName: chrome, browserVersion: 97.0.4692.71, chrome: {chromedriverVersion: 97.0.4692.71 (adefa7837d02a..., userDataDir: /tmp/.com.google.Chrome.8Tsv3q}, goog:chromeOptions: {debuggerAddress: localhost:44155}, javascriptEnabled: true, networkConnectionEnabled: false, pageLoadStrategy: normal, platform: LINUX, platformName: LINUX, proxy: Proxy(direct), se:cdp: ws://172.48.24.41:4444/sess..., se:cdpVersion: 97.0.4692.71, se:vnc: ws://172.48.24.41:4444/sess..., se:vncEnabled: true, se:vncLocalAddress: ws://172.48.24.41:7900, setWindowRect: true, strictFileInteractability: false, timeouts: {implicit: 0, pageLoad: 300000, script: 30000}, unhandledPromptBehavior: dismiss and notify, webauthn:extension:credBlob: true, webauthn:extension:largeBlob: true, webauthn:virtualAuthenticators: true}
Session ID: 54e5588d038bcca3d8256af1814219d0
	at org.openqa.selenium.remote.http.W3CHttpResponseCodec.createException(W3CHttpResponseCodec.java:187)
	at org.openqa.selenium.remote.http.W3CHttpResponseCodec.decode(W3CHttpResponseCodec.java:122)
	at org.openqa.selenium.remote.http.W3CHttpResponseCodec.decode(W3CHttpResponseCodec.java:49)
	at org.openqa.selenium.remote.HttpCommandExecutor.execute(HttpCommandExecutor.java:158)
	at org.openqa.selenium.remote.RemoteWebDriver.execute(RemoteWebDriver.java:552)
	at com.kms.katalon.selenium.driver.CRemoteWebDriver.execute(CRemoteWebDriver.java:30)
	at org.openqa.selenium.remote.RemoteWebElement.execute(RemoteWebElement.java:285)
	at org.openqa.selenium.remote.RemoteWebElement.click(RemoteWebElement.java:84)
	at org.openqa.selenium.support.events.EventFiringWebDriver$EventFiringWebElement.lambda$new$0(EventFiringWebDriver.java:404)
	at com.sun.proxy.$Proxy11.click(Unknown Source)
	at org.openqa.selenium.support.events.EventFiringWebDriver$EventFiringWebElement.click(EventFiringWebDriver.java:417)
	at org.openqa.selenium.WebElement$click.call(Unknown Source)
	at com.kms.katalon.core.webui.keyword.builtin.ClickKeyword.clickUntilSuccessWithTimeout(ClickKeyword.groovy:81)
	at com.kms.katalon.core.webui.keyword.builtin.ClickKeyword.clickUntilSuccessWithTimeout(ClickKeyword.groovy)
	at com.kms.katalon.core.webui.keyword.builtin.ClickKeyword$_click_closure1.doCall(ClickKeyword.groovy:67)
	at com.kms.katalon.core.webui.keyword.builtin.ClickKeyword$_click_closure1.call(ClickKeyword.groovy)
	at com.kms.katalon.core.webui.keyword.internal.WebUIKeywordMain.runKeyword(WebUIKeywordMain.groovy:20)
	at com.kms.katalon.core.webui.keyword.builtin.ClickKeyword.click(ClickKeyword.groovy:74)
	at com.kms.katalon.core.webui.keyword.builtin.ClickKeyword.execute(ClickKeyword.groovy:40)
	at com.kms.katalon.core.keyword.internal.KeywordExecutor.executeKeywordForPlatform(KeywordExecutor.groovy:74)
	at com.kms.katalon.core.webui.keyword.WebUiBuiltInKeywords.click(WebUiBuiltInKeywords.groovy:620)
	at com.kms.katalon.core.webui.keyword.WebUiBuiltInKeywords$click$3.call(Unknown Source)
	at Script1645285819922.run(Script1645285819922.groovy:29)
	... 13 more
)
[[ATTACHMENT|C:\\Users\\LENOVO\\Katalon Studio\\Avangard\\Reports\\20220405_101904\\\u0422\u0440\u0435\u043D\u0435\u0440\\20220405_101914\\1649144595281.png]]]]></system-out>
         <system-err><![CDATA[2022-04-05 10:38:07 - [TEST_CASE][FAILED] - Test Cases/Тренер/Статистика: Test Cases/Тренер/Статистика FAILED.
Reason:
com.kms.katalon.core.exception.StepFailedException: Unable to click on object 'Object Repository/Avangard New/Object (Тренер)/Case (Статистика)/team'
	at com.kms.katalon.core.webui.keyword.internal.WebUIKeywordMain.stepFailed(WebUIKeywordMain.groovy:64)
	at com.kms.katalon.core.webui.keyword.internal.WebUIKeywordMain.runKeyword(WebUIKeywordMain.groovy:26)
	at com.kms.katalon.core.webui.keyword.builtin.ClickKeyword.click(ClickKeyword.groovy:74)
	at com.kms.katalon.core.webui.keyword.builtin.ClickKeyword.execute(ClickKeyword.groovy:40)
	at com.kms.katalon.core.keyword.internal.KeywordExecutor.executeKeywordForPlatform(KeywordExecutor.groovy:74)
	at com.kms.katalon.core.webui.keyword.WebUiBuiltInKeywords.click(WebUiBuiltInKeywords.groovy:620)
	at com.kms.katalon.core.webui.keyword.WebUiBuiltInKeywords$click$3.call(Unknown Source)
	at Статистика.run(Статистика:29)
	at com.kms.katalon.core.main.ScriptEngine.run(ScriptEngine.java:194)
	at com.kms.katalon.core.main.ScriptEngine.runScriptAsRawText(ScriptEngine.java:119)
	at com.kms.katalon.core.main.TestCaseExecutor.runScript(TestCaseExecutor.java:442)
	at com.kms.katalon.core.main.TestCaseExecutor.doExecute(TestCaseExecutor.java:433)
	at com.kms.katalon.core.main.TestCaseExecutor.processExecutionPhase(TestCaseExecutor.java:412)
	at com.kms.katalon.core.main.TestCaseExecutor.accessMainPhase(TestCaseExecutor.java:404)
	at com.kms.katalon.core.main.TestCaseExecutor.execute(TestCaseExecutor.java:281)
	at com.kms.katalon.core.main.TestSuiteExecutor.accessTestCaseMainPhase(TestSuiteExecutor.java:202)
	at com.kms.katalon.core.main.TestSuiteExecutor.accessTestSuiteMainPhase(TestSuiteExecutor.java:164)
	at com.kms.katalon.core.main.TestSuiteExecutor.execute(TestSuiteExecutor.java:105)
	at com.kms.katalon.core.main.TestCaseMain.startTestSuite(TestCaseMain.java:185)
	at com.kms.katalon.core.main.TestCaseMain$startTestSuite$0.call(Unknown Source)
	at TempTestSuite1649143154707.run(TempTestSuite1649143154707.groovy:36)
Caused by: org.openqa.selenium.ElementClickInterceptedException: element click intercepted: Element <div class="css-1hwfws3">...</div> is not clickable at point (922, 133). Other element would receive the click: <div class="Select__SelectContainer-sc-d2163e-0 dIyxuE SelectContainer disabled">...</div>
  (Session info: chrome=97.0.4692.71)
Build info: version: '3.141.59', revision: 'e82be7d358', time: '2018-11-14T08:25:53'
System info: host: 'DESKTOP-KNHN0AA', ip: '192.168.2.114', os.name: 'Windows 10', os.arch: 'amd64', os.version: '10.0', java.version: '1.8.0_282'
Driver info: com.kms.katalon.selenium.driver.CRemoteWebDriver
Capabilities {acceptInsecureCerts: false, browserName: chrome, browserVersion: 97.0.4692.71, chrome: {chromedriverVersion: 97.0.4692.71 (adefa7837d02a..., userDataDir: /tmp/.com.google.Chrome.8Tsv3q}, goog:chromeOptions: {debuggerAddress: localhost:44155}, javascriptEnabled: true, networkConnectionEnabled: false, pageLoadStrategy: normal, platform: LINUX, platformName: LINUX, proxy: Proxy(direct), se:cdp: ws://172.48.24.41:4444/sess..., se:cdpVersion: 97.0.4692.71, se:vnc: ws://172.48.24.41:4444/sess..., se:vncEnabled: true, se:vncLocalAddress: ws://172.48.24.41:7900, setWindowRect: true, strictFileInteractability: false, timeouts: {implicit: 0, pageLoad: 300000, script: 30000}, unhandledPromptBehavior: dismiss and notify, webauthn:extension:credBlob: true, webauthn:extension:largeBlob: true, webauthn:virtualAuthenticators: true}
Session ID: 54e5588d038bcca3d8256af1814219d0
	at org.openqa.selenium.remote.http.W3CHttpResponseCodec.createException(W3CHttpResponseCodec.java:187)
	at org.openqa.selenium.remote.http.W3CHttpResponseCodec.decode(W3CHttpResponseCodec.java:122)
	at org.openqa.selenium.remote.http.W3CHttpResponseCodec.decode(W3CHttpResponseCodec.java:49)
	at org.openqa.selenium.remote.HttpCommandExecutor.execute(HttpCommandExecutor.java:158)
	at org.openqa.selenium.remote.RemoteWebDriver.execute(RemoteWebDriver.java:552)
	at com.kms.katalon.selenium.driver.CRemoteWebDriver.execute(CRemoteWebDriver.java:30)
	at org.openqa.selenium.remote.RemoteWebElement.execute(RemoteWebElement.java:285)
	at org.openqa.selenium.remote.RemoteWebElement.click(RemoteWebElement.java:84)
	at org.openqa.selenium.support.events.EventFiringWebDriver$EventFiringWebElement.lambda$new$0(EventFiringWebDriver.java:404)
	at com.sun.proxy.$Proxy11.click(Unknown Source)
	at org.openqa.selenium.support.events.EventFiringWebDriver$EventFiringWebElement.click(EventFiringWebDriver.java:417)
	at org.openqa.selenium.WebElement$click.call(Unknown Source)
	at com.kms.katalon.core.webui.keyword.builtin.ClickKeyword.clickUntilSuccessWithTimeout(ClickKeyword.groovy:81)
	at com.kms.katalon.core.webui.keyword.builtin.ClickKeyword.clickUntilSuccessWithTimeout(ClickKeyword.groovy)
	at com.kms.katalon.core.webui.keyword.builtin.ClickKeyword$_click_closure1.doCall(ClickKeyword.groovy:67)
	at com.kms.katalon.core.webui.keyword.builtin.ClickKeyword$_click_closure1.call(ClickKeyword.groovy)
	at com.kms.katalon.core.webui.keyword.internal.WebUIKeywordMain.runKeyword(WebUIKeywordMain.groovy:20)
	... 19 more]]></system-err>
      </testcase>
      <testcase name="Test Cases/Тренер/Оценка навыков" time="268.438" classname="Test Cases/Тренер/Оценка навыков" status="FAILED">
         <failure type="FAILED" message="Test Cases/Тренер/Оценка навыков FAILED.
Reason:
com.kms.katalon.core.exception.StepFailedException: Verify element text of test object 'Object Repository/Avangard New/Object (Тренер)/Case (Оценка навыков)/alert home add' FAILED.
	at com.kms.katalon.core.webui.keyword.internal.WebUIKeywordMain.stepFailed(WebUIKeywordMain.groovy:64)
	at com.kms.katalon.core.webui.keyword.internal.WebUIKeywordMain.runKeyword(WebUIKeywordMain.groovy:26)
	at com.kms.katalon.core.webui.keyword.builtin.VerifyElementTextKeyword.verifyElementText(VerifyElementTextKeyword.groovy:72)
	at com.kms.katalon.core.webui.keyword.builtin.VerifyElementTextKeyword.execute(VerifyElementTextKeyword.groovy:40)
	at com.kms.katalon.core.keyword.internal.KeywordExecutor.executeKeywordForPlatform(KeywordExecutor.groovy:74)
	at com.kms.katalon.core.webui.keyword.WebUiBuiltInKeywords.verifyElementText(WebUiBuiltInKeywords.groovy:4749)
	at com.kms.katalon.core.webui.keyword.WebUiBuiltInKeywords$verifyElementText$6.call(Unknown Source)
	at Оценка навыков.run(Оценка навыков:34)
	at com.kms.katalon.core.main.ScriptEngine.run(ScriptEngine.java:194)
	at com.kms.katalon.core.main.ScriptEngine.runScriptAsRawText(ScriptEngine.java:119)
	at com.kms.katalon.core.main.TestCaseExecutor.runScript(TestCaseExecutor.java:442)
	at com.kms.katalon.core.main.TestCaseExecutor.doExecute(TestCaseExecutor.java:433)
	at com.kms.katalon.core.main.TestCaseExecutor.processExecutionPhase(TestCaseExecutor.java:412)
	at com.kms.katalon.core.main.TestCaseExecutor.accessMainPhase(TestCaseExecutor.java:404)
	at com.kms.katalon.core.main.TestCaseExecutor.execute(TestCaseExecutor.java:281)
	at com.kms.katalon.core.main.TestSuiteExecutor.accessTestCaseMainPhase(TestSuiteExecutor.java:202)
	at com.kms.katalon.core.main.TestSuiteExecutor.accessTestSuiteMainPhase(TestSuiteExecutor.java:164)
	at com.kms.katalon.core.main.TestSuiteExecutor.execute(TestSuiteExecutor.java:105)
	at com.kms.katalon.core.main.TestCaseMain.startTestSuite(TestCaseMain.java:185)
	at com.kms.katalon.core.main.TestCaseMain$startTestSuite$0.call(Unknown Source)
	at TempTestSuite1649143154707.run(TempTestSuite1649143154707.groovy:36)
Caused by: com.kms.katalon.core.exception.StepFailedException: com.kms.katalon.core.webui.exception.WebElementNotFoundException: Web element with id: 'Object Repository/Avangard New/Object (Тренер)/Case (Оценка навыков)/alert home add' located by '(.//*[normalize-space(text()) and normalize-space(.)='Ошибка при заполнении'])[1]/following::p[1]' not found
	at com.kms.katalon.core.webui.keyword.internal.WebUIKeywordMain.stepFailed(WebUIKeywordMain.groovy:64)
	at com.kms.katalon.core.webui.keyword.builtin.VerifyElementTextKeyword$_verifyElementText_closure1.doCall(VerifyElementTextKeyword.groovy:64)
	at com.kms.katalon.core.webui.keyword.builtin.VerifyElementTextKeyword$_verifyElementText_closure1.call(VerifyElementTextKeyword.groovy)
	at com.kms.katalon.core.webui.keyword.internal.WebUIKeywordMain.runKeyword(WebUIKeywordMain.groovy:20)
	... 19 more
"/>
         <system-out><![CDATA[2022-04-05 10:43:18 - [TEST_CASE][FAILED] - Test Cases/Тренер/Оценка навыков: Test Cases/Тренер/Оценка навыков FAILED.
Reason:
com.kms.katalon.core.exception.StepFailedException: Verify element text of test object 'Object Repository/Avangard New/Object (Тренер)/Case (Оценка навыков)/alert home add' FAILED.
	at com.kms.katalon.core.webui.keyword.internal.WebUIKeywordMain.stepFailed(WebUIKeywordMain.groovy:64)
	at com.kms.katalon.core.webui.keyword.internal.WebUIKeywordMain.runKeyword(WebUIKeywordMain.groovy:26)
	at com.kms.katalon.core.webui.keyword.builtin.VerifyElementTextKeyword.verifyElementText(VerifyElementTextKeyword.groovy:72)
	at com.kms.katalon.core.webui.keyword.builtin.VerifyElementTextKeyword.execute(VerifyElementTextKeyword.groovy:40)
	at com.kms.katalon.core.keyword.internal.KeywordExecutor.executeKeywordForPlatform(KeywordExecutor.groovy:74)
	at com.kms.katalon.core.webui.keyword.WebUiBuiltInKeywords.verifyElementText(WebUiBuiltInKeywords.groovy:4749)
	at com.kms.katalon.core.webui.keyword.WebUiBuiltInKeywords$verifyElementText$6.call(Unknown Source)
	at Оценка навыков.run(Оценка навыков:34)
	at com.kms.katalon.core.main.ScriptEngine.run(ScriptEngine.java:194)
	at com.kms.katalon.core.main.ScriptEngine.runScriptAsRawText(ScriptEngine.java:119)
	at com.kms.katalon.core.main.TestCaseExecutor.runScript(TestCaseExecutor.java:442)
	at com.kms.katalon.core.main.TestCaseExecutor.doExecute(TestCaseExecutor.java:433)
	at com.kms.katalon.core.main.TestCaseExecutor.processExecutionPhase(TestCaseExecutor.java:412)
	at com.kms.katalon.core.main.TestCaseExecutor.accessMainPhase(TestCaseExecutor.java:404)
	at com.kms.katalon.core.main.TestCaseExecutor.execute(TestCaseExecutor.java:281)
	at com.kms.katalon.core.main.TestSuiteExecutor.accessTestCaseMainPhase(TestSuiteExecutor.java:202)
	at com.kms.katalon.core.main.TestSuiteExecutor.accessTestSuiteMainPhase(TestSuiteExecutor.java:164)
	at com.kms.katalon.core.main.TestSuiteExecutor.execute(TestSuiteExecutor.java:105)
	at com.kms.katalon.core.main.TestCaseMain.startTestSuite(TestCaseMain.java:185)
	at com.kms.katalon.core.main.TestCaseMain$startTestSuite$0.call(Unknown Source)
	at TempTestSuite1649143154707.run(TempTestSuite1649143154707.groovy:36)
Caused by: com.kms.katalon.core.exception.StepFailedException: com.kms.katalon.core.webui.exception.WebElementNotFoundException: Web element with id: 'Object Repository/Avangard New/Object (Тренер)/Case (Оценка навыков)/alert home add' located by '(.//*[normalize-space(text()) and normalize-space(.)='Ошибка при заполнении'])[1]/following::p[1]' not found
	at com.kms.katalon.core.webui.keyword.internal.WebUIKeywordMain.stepFailed(WebUIKeywordMain.groovy:64)
	at com.kms.katalon.core.webui.keyword.builtin.VerifyElementTextKeyword$_verifyElementText_closure1.doCall(VerifyElementTextKeyword.groovy:64)
	at com.kms.katalon.core.webui.keyword.builtin.VerifyElementTextKeyword$_verifyElementText_closure1.call(VerifyElementTextKeyword.groovy)
	at com.kms.katalon.core.webui.keyword.internal.WebUIKeywordMain.runKeyword(WebUIKeywordMain.groovy:20)
	... 19 more


2022-04-05 10:43:19 - [TEST_STEP][PASSED] - callTestCase(findTestCase("Тренер/Авторизация"), [:], STOP_ON_FAILURE): Call Test Case 'Test Cases/Тренер/Авторизация' successfully

2022-04-05 10:43:19 - [TEST_CASE][PASSED] - Test Cases/Тренер/Авторизация: Test Cases/Тренер/Авторизация

2022-04-05 10:43:19 - [TEST_STEP][PASSED] - openBrowser(""): Browser is opened with url: ''

2022-04-05 10:43:19 - [MESSAGE][WARNING] - A browser is already opened. Closing browser and opening a new one

2022-04-05 10:43:19 - [MESSAGE][INFO] - User set preference: ['os', 'linux']

2022-04-05 10:43:19 - [MESSAGE][INFO] - User set preference: ['browserName', 'chrome']

2022-04-05 10:43:19 - [MESSAGE][INFO] - User set preference: ['browserVersion', '97']

2022-04-05 10:43:19 - [MESSAGE][INFO] - User set preference: ['katalon:option', '{organizationId=632442, tunnelId=, usingTunnel=false}']

2022-04-05 10:43:19 - [MESSAGE][INFO] - Connecting to remote web server 'testcloud.katalon.com/hub' with type 'Selenium'

2022-04-05 10:43:19 - [MESSAGE][INFO] - Action delay is set to 100 milliseconds

2022-04-05 10:46:11 - [MESSAGE][PASSED] - Browser is opened with url: ''

2022-04-05 10:46:11 - [TEST_STEP][PASSED] - maximizeWindow(): Current window maximized

2022-04-05 10:46:12 - [MESSAGE][PASSED] - Current window maximized

2022-04-05 10:46:12 - [TEST_STEP][PASSED] - navigateToUrl(url): Navigate to 'https://stars-stage.hawk.ru:8080' successfully

2022-04-05 10:46:18 - [MESSAGE][PASSED] - Navigate to 'https://stars-stage.hawk.ru:8080' successfully

2022-04-05 10:46:18 - [TEST_STEP][PASSED] - setText(findTestObject("Object Repository/manager/Page_/input__sc-lnrBVv eqPACj"), coach_login): Text 'ageev.da@hc-avangard.com' is set on object 'Object Repository/manager/Page_/input__sc-lnrBVv eqPACj'

2022-04-05 10:46:22 - [MESSAGE][PASSED] - Text 'ageev.da@hc-avangard.com' is set on object 'Object Repository/manager/Page_/input__sc-lnrBVv eqPACj'

2022-04-05 10:46:22 - [TEST_STEP][PASSED] - setText(findTestObject("Object Repository/manager/Page_/input__sc-lnrBVv eqPACj_1"), coach_password): Text 'zz4waxq6' is set on object 'Object Repository/manager/Page_/input__sc-lnrBVv eqPACj_1'

2022-04-05 10:46:26 - [MESSAGE][PASSED] - Text 'zz4waxq6' is set on object 'Object Repository/manager/Page_/input__sc-lnrBVv eqPACj_1'

2022-04-05 10:46:26 - [TEST_STEP][PASSED] - click(findTestObject("manager/Page_/go")): Object: 'Object Repository/manager/Page_/go' is clicked on

2022-04-05 10:46:28 - [MESSAGE][PASSED] - Object: 'Object Repository/manager/Page_/go' is clicked on

2022-04-05 10:46:28 - [MESSAGE][PASSED] - Call Test Case 'Test Cases/Тренер/Авторизация' successfully

2022-04-05 10:46:28 - [TEST_STEP][PASSED] - click(findTestObject("Object Repository/Avangard New/Object (Тренер)/Case (Оценка навыков)/span_home")): Object: 'Object Repository/Avangard New/Object (Тренер)/Case (Оценка навыков)/span_home' is clicked on

2022-04-05 10:46:42 - [MESSAGE][PASSED] - Object: 'Object Repository/Avangard New/Object (Тренер)/Case (Оценка навыков)/span_home' is clicked on

2022-04-05 10:46:42 - [TEST_STEP][PASSED] - click(findTestObject("Object Repository/Avangard New/Object (Тренер)/Case (Оценка навыков)/edit home")): Object: 'Object Repository/Avangard New/Object (Тренер)/Case (Оценка навыков)/edit home' is clicked on

2022-04-05 10:46:45 - [MESSAGE][PASSED] - Object: 'Object Repository/Avangard New/Object (Тренер)/Case (Оценка навыков)/edit home' is clicked on

2022-04-05 10:46:45 - [TEST_STEP][PASSED] - scrollToElement(findTestObject("Avangard New/Object (Тренер)/Case (Оценка навыков)/button_save_home"), 0): Scroll to object 'Object Repository/Avangard New/Object (Тренер)/Case (Оценка навыков)/button_save_home' successfully

2022-04-05 10:46:45 - [MESSAGE][WARNING] - Timeout '0' is invalid. Using default page load timeout: '30'

2022-04-05 10:46:48 - [MESSAGE][PASSED] - Scroll to object 'Object Repository/Avangard New/Object (Тренер)/Case (Оценка навыков)/button_save_home' successfully

2022-04-05 10:46:48 - [TEST_STEP][PASSED] - click(findTestObject("Avangard New/Object (Тренер)/Case (Оценка навыков)/button_save_home")): Object: 'Object Repository/Avangard New/Object (Тренер)/Case (Оценка навыков)/button_save_home' is clicked on

2022-04-05 10:46:50 - [MESSAGE][PASSED] - Object: 'Object Repository/Avangard New/Object (Тренер)/Case (Оценка навыков)/button_save_home' is clicked on

2022-04-05 10:46:50 - [TEST_STEP][FAILED] - verifyElementText(findTestObject("Avangard New/Object (Тренер)/Case (Оценка навыков)/alert home add"), "Добавьте от 1 до 7 навыков для развития."): Verify element text of test object 'Object Repository/Avangard New/Object (Тренер)/Case (Оценка навыков)/alert home add' FAILED. (Root cause: com.kms.katalon.core.exception.StepFailedException: Verify element text of test object 'Object Repository/Avangard New/Object (Тренер)/Case (Оценка навыков)/alert home add' FAILED.
	at com.kms.katalon.core.webui.keyword.internal.WebUIKeywordMain.stepFailed(WebUIKeywordMain.groovy:64)
	at com.kms.katalon.core.webui.keyword.internal.WebUIKeywordMain.runKeyword(WebUIKeywordMain.groovy:26)
	at com.kms.katalon.core.webui.keyword.builtin.VerifyElementTextKeyword.verifyElementText(VerifyElementTextKeyword.groovy:72)
	at com.kms.katalon.core.webui.keyword.builtin.VerifyElementTextKeyword.execute(VerifyElementTextKeyword.groovy:40)
	at com.kms.katalon.core.keyword.internal.KeywordExecutor.executeKeywordForPlatform(KeywordExecutor.groovy:74)
	at com.kms.katalon.core.webui.keyword.WebUiBuiltInKeywords.verifyElementText(WebUiBuiltInKeywords.groovy:4749)
	at com.kms.katalon.core.webui.keyword.WebUiBuiltInKeywords$verifyElementText$6.call(Unknown Source)
	at Оценка навыков.run(Оценка навыков:34)
	at com.kms.katalon.core.main.ScriptEngine.run(ScriptEngine.java:194)
	at com.kms.katalon.core.main.ScriptEngine.runScriptAsRawText(ScriptEngine.java:119)
	at com.kms.katalon.core.main.TestCaseExecutor.runScript(TestCaseExecutor.java:442)
	at com.kms.katalon.core.main.TestCaseExecutor.doExecute(TestCaseExecutor.java:433)
	at com.kms.katalon.core.main.TestCaseExecutor.processExecutionPhase(TestCaseExecutor.java:412)
	at com.kms.katalon.core.main.TestCaseExecutor.accessMainPhase(TestCaseExecutor.java:404)
	at com.kms.katalon.core.main.TestCaseExecutor.execute(TestCaseExecutor.java:281)
	at com.kms.katalon.core.main.TestSuiteExecutor.accessTestCaseMainPhase(TestSuiteExecutor.java:202)
	at com.kms.katalon.core.main.TestSuiteExecutor.accessTestSuiteMainPhase(TestSuiteExecutor.java:164)
	at com.kms.katalon.core.main.TestSuiteExecutor.execute(TestSuiteExecutor.java:105)
	at com.kms.katalon.core.main.TestCaseMain.startTestSuite(TestCaseMain.java:185)
	at com.kms.katalon.core.main.TestCaseMain$startTestSuite$0.call(Unknown Source)
	at TempTestSuite1649143154707.run(TempTestSuite1649143154707.groovy:36)
Caused by: com.kms.katalon.core.exception.StepFailedException: com.kms.katalon.core.webui.exception.WebElementNotFoundException: Web element with id: 'Object Repository/Avangard New/Object (Тренер)/Case (Оценка навыков)/alert home add' located by '(.//*[normalize-space(text()) and normalize-space(.)='Ошибка при заполнении'])[1]/following::p[1]' not found
	at com.kms.katalon.core.webui.keyword.internal.WebUIKeywordMain.stepFailed(WebUIKeywordMain.groovy:64)
	at com.kms.katalon.core.webui.keyword.builtin.VerifyElementTextKeyword$_verifyElementText_closure1.doCall(VerifyElementTextKeyword.groovy:64)
	at com.kms.katalon.core.webui.keyword.builtin.VerifyElementTextKeyword$_verifyElementText_closure1.call(VerifyElementTextKeyword.groovy)
	at com.kms.katalon.core.webui.keyword.internal.WebUIKeywordMain.runKeyword(WebUIKeywordMain.groovy:20)
	... 19 more
)

2022-04-05 10:47:22 - [MESSAGE][INFO] - Unable to find the element located by 'By.xpath: (.//*[normalize-space(text()) and normalize-space(.)='Ошибка при заполнении'])[1]/following::p[1]'. Please recheck the objects properties to make sure the desired element is located. 

2022-04-05 10:47:22 - [MESSAGE][WARNING] - [SELF-HEALING] Failed to find element with id 'Object Repository/Avangard New/Object (Тренер)/Case (Оценка навыков)/alert home add'. Try using Self-healing.

2022-04-05 10:47:24 - [MESSAGE][INFO] - [SELF-HEALING] Failed Locator: '(.//*[normalize-space(text()) and normalize-space(.)='Ошибка при заполнении'])[1]/following::p[1]'.

2022-04-05 10:47:26 - [MESSAGE][INFO] - [SELF-HEALING] Failed Locator: '(.//*[normalize-space(text()) and normalize-space(.)='Нет'])[1]/following::p[1]'.

2022-04-05 10:47:27 - [MESSAGE][INFO] - [SELF-HEALING] Failed Locator: '//*/text()[normalize-space(.)='Добавьте от 1 до 7 навыков для развития.']/parent::*'.

2022-04-05 10:47:29 - [MESSAGE][INFO] - [SELF-HEALING] Failed Locator: '//div[4]/div/div/div/div/div/div/p'.

2022-04-05 10:47:34 - [MESSAGE][WARNING] - [SELF-HEALING] Unable to determine type from: <. Last 1 characters read: <
Build info: version: '3.141.59', revision: 'e82be7d358', time: '2018-11-14T08:25:53'
System info: host: 'DESKTOP-KNHN0AA', ip: '192.168.2.114', os.name: 'Windows 10', os.arch: 'amd64', os.version: '10.0', java.version: '1.8.0_282'
Driver info: driver.version: EventFiringWebDriver

2022-04-05 10:47:37 - [MESSAGE][INFO] - Unable to find the element located by 'By.xpath: //*[(text() = 'Добавьте от 1 до 7 навыков для развития.' or . = 'Добавьте от 1 до 7 навыков для развития.')]'. Please recheck the objects properties to make sure the desired element is located. 

2022-04-05 10:47:39 - [MESSAGE][INFO] - Unable to find the element located by 'By.cssSelector: p.ReactComponentNotification__NotificationText-sc-1wfzr6b-3.JWcOG'. Please recheck the objects properties to make sure the desired element is located. 

2022-04-05 10:47:43 - [MESSAGE][FAILED] - com.kms.katalon.core.webui.exception.WebElementNotFoundException: Web element with id: 'Object Repository/Avangard New/Object (Тренер)/Case (Оценка навыков)/alert home add' located by '(.//*[normalize-space(text()) and normalize-space(.)='Ошибка при заполнении'])[1]/following::p[1]' not found (Root cause: com.kms.katalon.core.exception.StepFailedException: com.kms.katalon.core.webui.exception.WebElementNotFoundException: Web element with id: 'Object Repository/Avangard New/Object (Тренер)/Case (Оценка навыков)/alert home add' located by '(.//*[normalize-space(text()) and normalize-space(.)='Ошибка при заполнении'])[1]/following::p[1]' not found
	at com.kms.katalon.core.webui.keyword.internal.WebUIKeywordMain.stepFailed(WebUIKeywordMain.groovy:64)
	at com.kms.katalon.core.webui.keyword.builtin.VerifyElementTextKeyword$_verifyElementText_closure1.doCall(VerifyElementTextKeyword.groovy:64)
	at com.kms.katalon.core.webui.keyword.builtin.VerifyElementTextKeyword$_verifyElementText_closure1.call(VerifyElementTextKeyword.groovy)
	at com.kms.katalon.core.webui.keyword.internal.WebUIKeywordMain.runKeyword(WebUIKeywordMain.groovy:20)
	at com.kms.katalon.core.webui.keyword.builtin.VerifyElementTextKeyword.verifyElementText(VerifyElementTextKeyword.groovy:72)
	at com.kms.katalon.core.webui.keyword.builtin.VerifyElementTextKeyword.execute(VerifyElementTextKeyword.groovy:40)
	at com.kms.katalon.core.keyword.internal.KeywordExecutor.executeKeywordForPlatform(KeywordExecutor.groovy:74)
	at com.kms.katalon.core.webui.keyword.WebUiBuiltInKeywords.verifyElementText(WebUiBuiltInKeywords.groovy:4749)
	at com.kms.katalon.core.webui.keyword.WebUiBuiltInKeywords$verifyElementText$6.call(Unknown Source)
	at Оценка навыков.run(Оценка навыков:34)
	at com.kms.katalon.core.main.ScriptEngine.run(ScriptEngine.java:194)
	at com.kms.katalon.core.main.ScriptEngine.runScriptAsRawText(ScriptEngine.java:119)
	at com.kms.katalon.core.main.TestCaseExecutor.runScript(TestCaseExecutor.java:442)
	at com.kms.katalon.core.main.TestCaseExecutor.doExecute(TestCaseExecutor.java:433)
	at com.kms.katalon.core.main.TestCaseExecutor.processExecutionPhase(TestCaseExecutor.java:412)
	at com.kms.katalon.core.main.TestCaseExecutor.accessMainPhase(TestCaseExecutor.java:404)
	at com.kms.katalon.core.main.TestCaseExecutor.execute(TestCaseExecutor.java:281)
	at com.kms.katalon.core.main.TestSuiteExecutor.accessTestCaseMainPhase(TestSuiteExecutor.java:202)
	at com.kms.katalon.core.main.TestSuiteExecutor.accessTestSuiteMainPhase(TestSuiteExecutor.java:164)
	at com.kms.katalon.core.main.TestSuiteExecutor.execute(TestSuiteExecutor.java:105)
	at com.kms.katalon.core.main.TestCaseMain.startTestSuite(TestCaseMain.java:185)
	at com.kms.katalon.core.main.TestCaseMain$startTestSuite$0.call(Unknown Source)
	at TempTestSuite1649143154707.run(TempTestSuite1649143154707.groovy:36)
)
[[ATTACHMENT|C:\\Users\\LENOVO\\Katalon Studio\\Avangard\\Reports\\20220405_101904\\\u0422\u0440\u0435\u043D\u0435\u0440\\20220405_101914\\1649144859614.png]]

2022-04-05 10:47:45 - [MESSAGE][FAILED] - Verify element text of test object 'Object Repository/Avangard New/Object (Тренер)/Case (Оценка навыков)/alert home add' FAILED. (Root cause: com.kms.katalon.core.exception.StepFailedException: Verify element text of test object 'Object Repository/Avangard New/Object (Тренер)/Case (Оценка навыков)/alert home add' FAILED.
	at com.kms.katalon.core.webui.keyword.internal.WebUIKeywordMain.stepFailed(WebUIKeywordMain.groovy:64)
	at com.kms.katalon.core.webui.keyword.internal.WebUIKeywordMain.runKeyword(WebUIKeywordMain.groovy:26)
	at com.kms.katalon.core.webui.keyword.builtin.VerifyElementTextKeyword.verifyElementText(VerifyElementTextKeyword.groovy:72)
	at com.kms.katalon.core.webui.keyword.builtin.VerifyElementTextKeyword.execute(VerifyElementTextKeyword.groovy:40)
	at com.kms.katalon.core.keyword.internal.KeywordExecutor.executeKeywordForPlatform(KeywordExecutor.groovy:74)
	at com.kms.katalon.core.webui.keyword.WebUiBuiltInKeywords.verifyElementText(WebUiBuiltInKeywords.groovy:4749)
	at com.kms.katalon.core.webui.keyword.WebUiBuiltInKeywords$verifyElementText$6.call(Unknown Source)
	at Оценка навыков.run(Оценка навыков:34)
	at com.kms.katalon.core.main.ScriptEngine.run(ScriptEngine.java:194)
	at com.kms.katalon.core.main.ScriptEngine.runScriptAsRawText(ScriptEngine.java:119)
	at com.kms.katalon.core.main.TestCaseExecutor.runScript(TestCaseExecutor.java:442)
	at com.kms.katalon.core.main.TestCaseExecutor.doExecute(TestCaseExecutor.java:433)
	at com.kms.katalon.core.main.TestCaseExecutor.processExecutionPhase(TestCaseExecutor.java:412)
	at com.kms.katalon.core.main.TestCaseExecutor.accessMainPhase(TestCaseExecutor.java:404)
	at com.kms.katalon.core.main.TestCaseExecutor.execute(TestCaseExecutor.java:281)
	at com.kms.katalon.core.main.TestSuiteExecutor.accessTestCaseMainPhase(TestSuiteExecutor.java:202)
	at com.kms.katalon.core.main.TestSuiteExecutor.accessTestSuiteMainPhase(TestSuiteExecutor.java:164)
	at com.kms.katalon.core.main.TestSuiteExecutor.execute(TestSuiteExecutor.java:105)
	at com.kms.katalon.core.main.TestCaseMain.startTestSuite(TestCaseMain.java:185)
	at com.kms.katalon.core.main.TestCaseMain$startTestSuite$0.call(Unknown Source)
	at TempTestSuite1649143154707.run(TempTestSuite1649143154707.groovy:36)
Caused by: com.kms.katalon.core.exception.StepFailedException: com.kms.katalon.core.webui.exception.WebElementNotFoundException: Web element with id: 'Object Repository/Avangard New/Object (Тренер)/Case (Оценка навыков)/alert home add' located by '(.//*[normalize-space(text()) and normalize-space(.)='Ошибка при заполнении'])[1]/following::p[1]' not found
	at com.kms.katalon.core.webui.keyword.internal.WebUIKeywordMain.stepFailed(WebUIKeywordMain.groovy:64)
	at com.kms.katalon.core.webui.keyword.builtin.VerifyElementTextKeyword$_verifyElementText_closure1.doCall(VerifyElementTextKeyword.groovy:64)
	at com.kms.katalon.core.webui.keyword.builtin.VerifyElementTextKeyword$_verifyElementText_closure1.call(VerifyElementTextKeyword.groovy)
	at com.kms.katalon.core.webui.keyword.internal.WebUIKeywordMain.runKeyword(WebUIKeywordMain.groovy:20)
	... 19 more
)
[[ATTACHMENT|C:\\Users\\LENOVO\\Katalon Studio\\Avangard\\Reports\\20220405_101904\\\u0422\u0440\u0435\u043D\u0435\u0440\\20220405_101914\\1649144863010.png]]]]></system-out>
         <system-err><![CDATA[2022-04-05 10:43:18 - [TEST_CASE][FAILED] - Test Cases/Тренер/Оценка навыков: Test Cases/Тренер/Оценка навыков FAILED.
Reason:
com.kms.katalon.core.exception.StepFailedException: Verify element text of test object 'Object Repository/Avangard New/Object (Тренер)/Case (Оценка навыков)/alert home add' FAILED.
	at com.kms.katalon.core.webui.keyword.internal.WebUIKeywordMain.stepFailed(WebUIKeywordMain.groovy:64)
	at com.kms.katalon.core.webui.keyword.internal.WebUIKeywordMain.runKeyword(WebUIKeywordMain.groovy:26)
	at com.kms.katalon.core.webui.keyword.builtin.VerifyElementTextKeyword.verifyElementText(VerifyElementTextKeyword.groovy:72)
	at com.kms.katalon.core.webui.keyword.builtin.VerifyElementTextKeyword.execute(VerifyElementTextKeyword.groovy:40)
	at com.kms.katalon.core.keyword.internal.KeywordExecutor.executeKeywordForPlatform(KeywordExecutor.groovy:74)
	at com.kms.katalon.core.webui.keyword.WebUiBuiltInKeywords.verifyElementText(WebUiBuiltInKeywords.groovy:4749)
	at com.kms.katalon.core.webui.keyword.WebUiBuiltInKeywords$verifyElementText$6.call(Unknown Source)
	at Оценка навыков.run(Оценка навыков:34)
	at com.kms.katalon.core.main.ScriptEngine.run(ScriptEngine.java:194)
	at com.kms.katalon.core.main.ScriptEngine.runScriptAsRawText(ScriptEngine.java:119)
	at com.kms.katalon.core.main.TestCaseExecutor.runScript(TestCaseExecutor.java:442)
	at com.kms.katalon.core.main.TestCaseExecutor.doExecute(TestCaseExecutor.java:433)
	at com.kms.katalon.core.main.TestCaseExecutor.processExecutionPhase(TestCaseExecutor.java:412)
	at com.kms.katalon.core.main.TestCaseExecutor.accessMainPhase(TestCaseExecutor.java:404)
	at com.kms.katalon.core.main.TestCaseExecutor.execute(TestCaseExecutor.java:281)
	at com.kms.katalon.core.main.TestSuiteExecutor.accessTestCaseMainPhase(TestSuiteExecutor.java:202)
	at com.kms.katalon.core.main.TestSuiteExecutor.accessTestSuiteMainPhase(TestSuiteExecutor.java:164)
	at com.kms.katalon.core.main.TestSuiteExecutor.execute(TestSuiteExecutor.java:105)
	at com.kms.katalon.core.main.TestCaseMain.startTestSuite(TestCaseMain.java:185)
	at com.kms.katalon.core.main.TestCaseMain$startTestSuite$0.call(Unknown Source)
	at TempTestSuite1649143154707.run(TempTestSuite1649143154707.groovy:36)
Caused by: com.kms.katalon.core.exception.StepFailedException: com.kms.katalon.core.webui.exception.WebElementNotFoundException: Web element with id: 'Object Repository/Avangard New/Object (Тренер)/Case (Оценка навыков)/alert home add' located by '(.//*[normalize-space(text()) and normalize-space(.)='Ошибка при заполнении'])[1]/following::p[1]' not found
	at com.kms.katalon.core.webui.keyword.internal.WebUIKeywordMain.stepFailed(WebUIKeywordMain.groovy:64)
	at com.kms.katalon.core.webui.keyword.builtin.VerifyElementTextKeyword$_verifyElementText_closure1.doCall(VerifyElementTextKeyword.groovy:64)
	at com.kms.katalon.core.webui.keyword.builtin.VerifyElementTextKeyword$_verifyElementText_closure1.call(VerifyElementTextKeyword.groovy)
	at com.kms.katalon.core.webui.keyword.internal.WebUIKeywordMain.runKeyword(WebUIKeywordMain.groovy:20)
	... 19 more]]></system-err>
      </testcase>
      <testcase name="Test Cases/Тренер/Оценка по играм" time="293.895" classname="Test Cases/Тренер/Оценка по играм" status="FAILED">
         <failure type="FAILED" message="Test Cases/Тренер/Оценка по играм FAILED.
Reason:
com.kms.katalon.core.exception.StepFailedException: Verify element text of test object 'Object Repository/Avangard New/Object (Тренер)/Case (Оценка по играм)/alert save' FAILED.
	at com.kms.katalon.core.webui.keyword.internal.WebUIKeywordMain.stepFailed(WebUIKeywordMain.groovy:64)
	at com.kms.katalon.core.webui.keyword.internal.WebUIKeywordMain.runKeyword(WebUIKeywordMain.groovy:26)
	at com.kms.katalon.core.webui.keyword.builtin.VerifyElementTextKeyword.verifyElementText(VerifyElementTextKeyword.groovy:72)
	at com.kms.katalon.core.webui.keyword.builtin.VerifyElementTextKeyword.execute(VerifyElementTextKeyword.groovy:40)
	at com.kms.katalon.core.keyword.internal.KeywordExecutor.executeKeywordForPlatform(KeywordExecutor.groovy:74)
	at com.kms.katalon.core.webui.keyword.WebUiBuiltInKeywords.verifyElementText(WebUiBuiltInKeywords.groovy:4749)
	at com.kms.katalon.core.webui.keyword.WebUiBuiltInKeywords$verifyElementText$6.call(Unknown Source)
	at Оценка по играм.run(Оценка по играм:38)
	at com.kms.katalon.core.main.ScriptEngine.run(ScriptEngine.java:194)
	at com.kms.katalon.core.main.ScriptEngine.runScriptAsRawText(ScriptEngine.java:119)
	at com.kms.katalon.core.main.TestCaseExecutor.runScript(TestCaseExecutor.java:442)
	at com.kms.katalon.core.main.TestCaseExecutor.doExecute(TestCaseExecutor.java:433)
	at com.kms.katalon.core.main.TestCaseExecutor.processExecutionPhase(TestCaseExecutor.java:412)
	at com.kms.katalon.core.main.TestCaseExecutor.accessMainPhase(TestCaseExecutor.java:404)
	at com.kms.katalon.core.main.TestCaseExecutor.execute(TestCaseExecutor.java:281)
	at com.kms.katalon.core.main.TestSuiteExecutor.accessTestCaseMainPhase(TestSuiteExecutor.java:202)
	at com.kms.katalon.core.main.TestSuiteExecutor.accessTestSuiteMainPhase(TestSuiteExecutor.java:164)
	at com.kms.katalon.core.main.TestSuiteExecutor.execute(TestSuiteExecutor.java:105)
	at com.kms.katalon.core.main.TestCaseMain.startTestSuite(TestCaseMain.java:185)
	at com.kms.katalon.core.main.TestCaseMain$startTestSuite$0.call(Unknown Source)
	at TempTestSuite1649143154707.run(TempTestSuite1649143154707.groovy:36)
Caused by: com.kms.katalon.core.exception.StepFailedException: com.kms.katalon.core.webui.exception.WebElementNotFoundException: Web element with id: 'Object Repository/Avangard New/Object (Тренер)/Case (Оценка по играм)/alert save' located by '//p[(text() = 'Оценка сохранена' or . = 'Оценка сохранена')]' not found
	at com.kms.katalon.core.webui.keyword.internal.WebUIKeywordMain.stepFailed(WebUIKeywordMain.groovy:64)
	at com.kms.katalon.core.webui.keyword.builtin.VerifyElementTextKeyword$_verifyElementText_closure1.doCall(VerifyElementTextKeyword.groovy:64)
	at com.kms.katalon.core.webui.keyword.builtin.VerifyElementTextKeyword$_verifyElementText_closure1.call(VerifyElementTextKeyword.groovy)
	at com.kms.katalon.core.webui.keyword.internal.WebUIKeywordMain.runKeyword(WebUIKeywordMain.groovy:20)
	... 19 more
"/>
         <system-out><![CDATA[2022-04-05 10:47:47 - [TEST_CASE][FAILED] - Test Cases/Тренер/Оценка по играм: Test Cases/Тренер/Оценка по играм FAILED.
Reason:
com.kms.katalon.core.exception.StepFailedException: Verify element text of test object 'Object Repository/Avangard New/Object (Тренер)/Case (Оценка по играм)/alert save' FAILED.
	at com.kms.katalon.core.webui.keyword.internal.WebUIKeywordMain.stepFailed(WebUIKeywordMain.groovy:64)
	at com.kms.katalon.core.webui.keyword.internal.WebUIKeywordMain.runKeyword(WebUIKeywordMain.groovy:26)
	at com.kms.katalon.core.webui.keyword.builtin.VerifyElementTextKeyword.verifyElementText(VerifyElementTextKeyword.groovy:72)
	at com.kms.katalon.core.webui.keyword.builtin.VerifyElementTextKeyword.execute(VerifyElementTextKeyword.groovy:40)
	at com.kms.katalon.core.keyword.internal.KeywordExecutor.executeKeywordForPlatform(KeywordExecutor.groovy:74)
	at com.kms.katalon.core.webui.keyword.WebUiBuiltInKeywords.verifyElementText(WebUiBuiltInKeywords.groovy:4749)
	at com.kms.katalon.core.webui.keyword.WebUiBuiltInKeywords$verifyElementText$6.call(Unknown Source)
	at Оценка по играм.run(Оценка по играм:38)
	at com.kms.katalon.core.main.ScriptEngine.run(ScriptEngine.java:194)
	at com.kms.katalon.core.main.ScriptEngine.runScriptAsRawText(ScriptEngine.java:119)
	at com.kms.katalon.core.main.TestCaseExecutor.runScript(TestCaseExecutor.java:442)
	at com.kms.katalon.core.main.TestCaseExecutor.doExecute(TestCaseExecutor.java:433)
	at com.kms.katalon.core.main.TestCaseExecutor.processExecutionPhase(TestCaseExecutor.java:412)
	at com.kms.katalon.core.main.TestCaseExecutor.accessMainPhase(TestCaseExecutor.java:404)
	at com.kms.katalon.core.main.TestCaseExecutor.execute(TestCaseExecutor.java:281)
	at com.kms.katalon.core.main.TestSuiteExecutor.accessTestCaseMainPhase(TestSuiteExecutor.java:202)
	at com.kms.katalon.core.main.TestSuiteExecutor.accessTestSuiteMainPhase(TestSuiteExecutor.java:164)
	at com.kms.katalon.core.main.TestSuiteExecutor.execute(TestSuiteExecutor.java:105)
	at com.kms.katalon.core.main.TestCaseMain.startTestSuite(TestCaseMain.java:185)
	at com.kms.katalon.core.main.TestCaseMain$startTestSuite$0.call(Unknown Source)
	at TempTestSuite1649143154707.run(TempTestSuite1649143154707.groovy:36)
Caused by: com.kms.katalon.core.exception.StepFailedException: com.kms.katalon.core.webui.exception.WebElementNotFoundException: Web element with id: 'Object Repository/Avangard New/Object (Тренер)/Case (Оценка по играм)/alert save' located by '//p[(text() = 'Оценка сохранена' or . = 'Оценка сохранена')]' not found
	at com.kms.katalon.core.webui.keyword.internal.WebUIKeywordMain.stepFailed(WebUIKeywordMain.groovy:64)
	at com.kms.katalon.core.webui.keyword.builtin.VerifyElementTextKeyword$_verifyElementText_closure1.doCall(VerifyElementTextKeyword.groovy:64)
	at com.kms.katalon.core.webui.keyword.builtin.VerifyElementTextKeyword$_verifyElementText_closure1.call(VerifyElementTextKeyword.groovy)
	at com.kms.katalon.core.webui.keyword.internal.WebUIKeywordMain.runKeyword(WebUIKeywordMain.groovy:20)
	... 19 more


2022-04-05 10:47:47 - [TEST_STEP][PASSED] - callTestCase(findTestCase("Тренер/Авторизация"), [:], STOP_ON_FAILURE): Call Test Case 'Test Cases/Тренер/Авторизация' successfully

2022-04-05 10:47:47 - [TEST_CASE][PASSED] - Test Cases/Тренер/Авторизация: Test Cases/Тренер/Авторизация

2022-04-05 10:47:47 - [TEST_STEP][PASSED] - openBrowser(""): Browser is opened with url: ''

2022-04-05 10:47:47 - [MESSAGE][WARNING] - A browser is already opened. Closing browser and opening a new one

2022-04-05 10:47:48 - [MESSAGE][INFO] - User set preference: ['os', 'linux']

2022-04-05 10:47:48 - [MESSAGE][INFO] - User set preference: ['browserName', 'chrome']

2022-04-05 10:47:48 - [MESSAGE][INFO] - User set preference: ['browserVersion', '97']

2022-04-05 10:47:48 - [MESSAGE][INFO] - User set preference: ['katalon:option', '{organizationId=632442, tunnelId=, usingTunnel=false}']

2022-04-05 10:47:48 - [MESSAGE][INFO] - Connecting to remote web server 'testcloud.katalon.com/hub' with type 'Selenium'

2022-04-05 10:47:48 - [MESSAGE][INFO] - Action delay is set to 100 milliseconds

2022-04-05 10:51:10 - [MESSAGE][PASSED] - Browser is opened with url: ''

2022-04-05 10:51:10 - [TEST_STEP][PASSED] - maximizeWindow(): Current window maximized

2022-04-05 10:51:11 - [MESSAGE][PASSED] - Current window maximized

2022-04-05 10:51:11 - [TEST_STEP][PASSED] - navigateToUrl(url): Navigate to 'https://stars-stage.hawk.ru:8080' successfully

2022-04-05 10:51:17 - [MESSAGE][PASSED] - Navigate to 'https://stars-stage.hawk.ru:8080' successfully

2022-04-05 10:51:17 - [TEST_STEP][PASSED] - setText(findTestObject("Object Repository/manager/Page_/input__sc-lnrBVv eqPACj"), coach_login): Text 'ageev.da@hc-avangard.com' is set on object 'Object Repository/manager/Page_/input__sc-lnrBVv eqPACj'

2022-04-05 10:51:22 - [MESSAGE][PASSED] - Text 'ageev.da@hc-avangard.com' is set on object 'Object Repository/manager/Page_/input__sc-lnrBVv eqPACj'

2022-04-05 10:51:22 - [TEST_STEP][PASSED] - setText(findTestObject("Object Repository/manager/Page_/input__sc-lnrBVv eqPACj_1"), coach_password): Text 'zz4waxq6' is set on object 'Object Repository/manager/Page_/input__sc-lnrBVv eqPACj_1'

2022-04-05 10:51:26 - [MESSAGE][PASSED] - Text 'zz4waxq6' is set on object 'Object Repository/manager/Page_/input__sc-lnrBVv eqPACj_1'

2022-04-05 10:51:26 - [TEST_STEP][PASSED] - click(findTestObject("manager/Page_/go")): Object: 'Object Repository/manager/Page_/go' is clicked on

2022-04-05 10:51:29 - [MESSAGE][PASSED] - Object: 'Object Repository/manager/Page_/go' is clicked on

2022-04-05 10:51:29 - [MESSAGE][PASSED] - Call Test Case 'Test Cases/Тренер/Авторизация' successfully

2022-04-05 10:51:29 - [TEST_STEP][PASSED] - click(findTestObject("Avangard New/Object (Тренер)/Case (Оценка по играм)/grade for game")): Object: 'Object Repository/Avangard New/Object (Тренер)/Case (Оценка по играм)/grade for game' is clicked on

2022-04-05 10:51:43 - [MESSAGE][PASSED] - Object: 'Object Repository/Avangard New/Object (Тренер)/Case (Оценка по играм)/grade for game' is clicked on

2022-04-05 10:51:43 - [TEST_STEP][PASSED] - click(findTestObject("Avangard New/Object (Тренер)/Case (Оценка по играм)/edit")): Object: 'Object Repository/Avangard New/Object (Тренер)/Case (Оценка по играм)/edit' is clicked on

2022-04-05 10:51:46 - [MESSAGE][PASSED] - Object: 'Object Repository/Avangard New/Object (Тренер)/Case (Оценка по играм)/edit' is clicked on

2022-04-05 10:51:46 - [TEST_STEP][PASSED] - verifyElementClickable(findTestObject("Avangard New/Object (Тренер)/Case (Оценка по играм)/edit 4")): Object 'Object Repository/Avangard New/Object (Тренер)/Case (Оценка по играм)/edit 4' is clickable

2022-04-05 10:51:49 - [MESSAGE][PASSED] - Object 'Object Repository/Avangard New/Object (Тренер)/Case (Оценка по играм)/edit 4' is clickable

2022-04-05 10:51:49 - [TEST_STEP][PASSED] - scrollToElement(findTestObject("Avangard New/Object (Тренер)/Case (Оценка по играм)/button_"), 0): Scroll to object 'Object Repository/Avangard New/Object (Тренер)/Case (Оценка по играм)/button_' successfully

2022-04-05 10:51:49 - [MESSAGE][WARNING] - Timeout '0' is invalid. Using default page load timeout: '30'

2022-04-05 10:51:50 - [MESSAGE][PASSED] - Scroll to object 'Object Repository/Avangard New/Object (Тренер)/Case (Оценка по играм)/button_' successfully

2022-04-05 10:51:50 - [TEST_STEP][PASSED] - click(findTestObject("Avangard New/Object (Тренер)/Case (Оценка по играм)/button_")): Object: 'Object Repository/Avangard New/Object (Тренер)/Case (Оценка по играм)/button_' is clicked on

2022-04-05 10:51:53 - [MESSAGE][PASSED] - Object: 'Object Repository/Avangard New/Object (Тренер)/Case (Оценка по играм)/button_' is clicked on

2022-04-05 10:51:53 - [TEST_STEP][FAILED] - verifyElementText(findTestObject("Avangard New/Object (Тренер)/Case (Оценка по играм)/alert save"), "Оценка сохранена"): Verify element text of test object 'Object Repository/Avangard New/Object (Тренер)/Case (Оценка по играм)/alert save' FAILED. (Root cause: com.kms.katalon.core.exception.StepFailedException: Verify element text of test object 'Object Repository/Avangard New/Object (Тренер)/Case (Оценка по играм)/alert save' FAILED.
	at com.kms.katalon.core.webui.keyword.internal.WebUIKeywordMain.stepFailed(WebUIKeywordMain.groovy:64)
	at com.kms.katalon.core.webui.keyword.internal.WebUIKeywordMain.runKeyword(WebUIKeywordMain.groovy:26)
	at com.kms.katalon.core.webui.keyword.builtin.VerifyElementTextKeyword.verifyElementText(VerifyElementTextKeyword.groovy:72)
	at com.kms.katalon.core.webui.keyword.builtin.VerifyElementTextKeyword.execute(VerifyElementTextKeyword.groovy:40)
	at com.kms.katalon.core.keyword.internal.KeywordExecutor.executeKeywordForPlatform(KeywordExecutor.groovy:74)
	at com.kms.katalon.core.webui.keyword.WebUiBuiltInKeywords.verifyElementText(WebUiBuiltInKeywords.groovy:4749)
	at com.kms.katalon.core.webui.keyword.WebUiBuiltInKeywords$verifyElementText$6.call(Unknown Source)
	at Оценка по играм.run(Оценка по играм:38)
	at com.kms.katalon.core.main.ScriptEngine.run(ScriptEngine.java:194)
	at com.kms.katalon.core.main.ScriptEngine.runScriptAsRawText(ScriptEngine.java:119)
	at com.kms.katalon.core.main.TestCaseExecutor.runScript(TestCaseExecutor.java:442)
	at com.kms.katalon.core.main.TestCaseExecutor.doExecute(TestCaseExecutor.java:433)
	at com.kms.katalon.core.main.TestCaseExecutor.processExecutionPhase(TestCaseExecutor.java:412)
	at com.kms.katalon.core.main.TestCaseExecutor.accessMainPhase(TestCaseExecutor.java:404)
	at com.kms.katalon.core.main.TestCaseExecutor.execute(TestCaseExecutor.java:281)
	at com.kms.katalon.core.main.TestSuiteExecutor.accessTestCaseMainPhase(TestSuiteExecutor.java:202)
	at com.kms.katalon.core.main.TestSuiteExecutor.accessTestSuiteMainPhase(TestSuiteExecutor.java:164)
	at com.kms.katalon.core.main.TestSuiteExecutor.execute(TestSuiteExecutor.java:105)
	at com.kms.katalon.core.main.TestCaseMain.startTestSuite(TestCaseMain.java:185)
	at com.kms.katalon.core.main.TestCaseMain$startTestSuite$0.call(Unknown Source)
	at TempTestSuite1649143154707.run(TempTestSuite1649143154707.groovy:36)
Caused by: com.kms.katalon.core.exception.StepFailedException: com.kms.katalon.core.webui.exception.WebElementNotFoundException: Web element with id: 'Object Repository/Avangard New/Object (Тренер)/Case (Оценка по играм)/alert save' located by '//p[(text() = 'Оценка сохранена' or . = 'Оценка сохранена')]' not found
	at com.kms.katalon.core.webui.keyword.internal.WebUIKeywordMain.stepFailed(WebUIKeywordMain.groovy:64)
	at com.kms.katalon.core.webui.keyword.builtin.VerifyElementTextKeyword$_verifyElementText_closure1.doCall(VerifyElementTextKeyword.groovy:64)
	at com.kms.katalon.core.webui.keyword.builtin.VerifyElementTextKeyword$_verifyElementText_closure1.call(VerifyElementTextKeyword.groovy)
	at com.kms.katalon.core.webui.keyword.internal.WebUIKeywordMain.runKeyword(WebUIKeywordMain.groovy:20)
	... 19 more
)

2022-04-05 10:52:25 - [MESSAGE][INFO] - Unable to find the element located by 'By.xpath: //p[(text() = 'Оценка сохранена' or . = 'Оценка сохранена')]'. Please recheck the objects properties to make sure the desired element is located. 

2022-04-05 10:52:25 - [MESSAGE][WARNING] - [SELF-HEALING] Failed to find element with id 'Object Repository/Avangard New/Object (Тренер)/Case (Оценка по играм)/alert save'. Try using Self-healing.

2022-04-05 10:52:27 - [MESSAGE][INFO] - [SELF-HEALING] Failed Locator: '(.//*[normalize-space(text()) and normalize-space(.)='Успех'])[1]/following::p[1]'.

2022-04-05 10:52:28 - [MESSAGE][INFO] - [SELF-HEALING] Failed Locator: '(.//*[normalize-space(text()) and normalize-space(.)='Редактирование профиля'])[1]/following::p[1]'.

2022-04-05 10:52:30 - [MESSAGE][INFO] - [SELF-HEALING] Failed Locator: '//*/text()[normalize-space(.)='Оценка сохранена']/parent::*'.

2022-04-05 10:52:31 - [MESSAGE][INFO] - [SELF-HEALING] Failed Locator: '//div[3]/div/div/div/div/div/div/p'.

2022-04-05 10:52:33 - [MESSAGE][INFO] - [SELF-HEALING] Failed Locator: '//p[(text() = 'Оценка сохранена' or . = 'Оценка сохранена')]'.

2022-04-05 10:52:34 - [MESSAGE][INFO] - Unable to find the element located by 'By.xpath: //*[(text() = 'Оценка сохранена' or . = 'Оценка сохранена')]'. Please recheck the objects properties to make sure the desired element is located. 

2022-04-05 10:52:35 - [MESSAGE][INFO] - Unable to find the element located by 'By.cssSelector: p.ReactComponentNotification__NotificationText-sc-1wfzr6b-3.JWcOG'. Please recheck the objects properties to make sure the desired element is located. 

2022-04-05 10:52:37 - [MESSAGE][FAILED] - com.kms.katalon.core.webui.exception.WebElementNotFoundException: Web element with id: 'Object Repository/Avangard New/Object (Тренер)/Case (Оценка по играм)/alert save' located by '//p[(text() = 'Оценка сохранена' or . = 'Оценка сохранена')]' not found (Root cause: com.kms.katalon.core.exception.StepFailedException: com.kms.katalon.core.webui.exception.WebElementNotFoundException: Web element with id: 'Object Repository/Avangard New/Object (Тренер)/Case (Оценка по играм)/alert save' located by '//p[(text() = 'Оценка сохранена' or . = 'Оценка сохранена')]' not found
	at com.kms.katalon.core.webui.keyword.internal.WebUIKeywordMain.stepFailed(WebUIKeywordMain.groovy:64)
	at com.kms.katalon.core.webui.keyword.builtin.VerifyElementTextKeyword$_verifyElementText_closure1.doCall(VerifyElementTextKeyword.groovy:64)
	at com.kms.katalon.core.webui.keyword.builtin.VerifyElementTextKeyword$_verifyElementText_closure1.call(VerifyElementTextKeyword.groovy)
	at com.kms.katalon.core.webui.keyword.internal.WebUIKeywordMain.runKeyword(WebUIKeywordMain.groovy:20)
	at com.kms.katalon.core.webui.keyword.builtin.VerifyElementTextKeyword.verifyElementText(VerifyElementTextKeyword.groovy:72)
	at com.kms.katalon.core.webui.keyword.builtin.VerifyElementTextKeyword.execute(VerifyElementTextKeyword.groovy:40)
	at com.kms.katalon.core.keyword.internal.KeywordExecutor.executeKeywordForPlatform(KeywordExecutor.groovy:74)
	at com.kms.katalon.core.webui.keyword.WebUiBuiltInKeywords.verifyElementText(WebUiBuiltInKeywords.groovy:4749)
	at com.kms.katalon.core.webui.keyword.WebUiBuiltInKeywords$verifyElementText$6.call(Unknown Source)
	at Оценка по играм.run(Оценка по играм:38)
	at com.kms.katalon.core.main.ScriptEngine.run(ScriptEngine.java:194)
	at com.kms.katalon.core.main.ScriptEngine.runScriptAsRawText(ScriptEngine.java:119)
	at com.kms.katalon.core.main.TestCaseExecutor.runScript(TestCaseExecutor.java:442)
	at com.kms.katalon.core.main.TestCaseExecutor.doExecute(TestCaseExecutor.java:433)
	at com.kms.katalon.core.main.TestCaseExecutor.processExecutionPhase(TestCaseExecutor.java:412)
	at com.kms.katalon.core.main.TestCaseExecutor.accessMainPhase(TestCaseExecutor.java:404)
	at com.kms.katalon.core.main.TestCaseExecutor.execute(TestCaseExecutor.java:281)
	at com.kms.katalon.core.main.TestSuiteExecutor.accessTestCaseMainPhase(TestSuiteExecutor.java:202)
	at com.kms.katalon.core.main.TestSuiteExecutor.accessTestSuiteMainPhase(TestSuiteExecutor.java:164)
	at com.kms.katalon.core.main.TestSuiteExecutor.execute(TestSuiteExecutor.java:105)
	at com.kms.katalon.core.main.TestCaseMain.startTestSuite(TestCaseMain.java:185)
	at com.kms.katalon.core.main.TestCaseMain$startTestSuite$0.call(Unknown Source)
	at TempTestSuite1649143154707.run(TempTestSuite1649143154707.groovy:36)
)
[[ATTACHMENT|C:\\Users\\LENOVO\\Katalon Studio\\Avangard\\Reports\\20220405_101904\\\u0422\u0440\u0435\u043D\u0435\u0440\\20220405_101914\\1649145155814.png]]

2022-04-05 10:52:39 - [MESSAGE][FAILED] - Verify element text of test object 'Object Repository/Avangard New/Object (Тренер)/Case (Оценка по играм)/alert save' FAILED. (Root cause: com.kms.katalon.core.exception.StepFailedException: Verify element text of test object 'Object Repository/Avangard New/Object (Тренер)/Case (Оценка по играм)/alert save' FAILED.
	at com.kms.katalon.core.webui.keyword.internal.WebUIKeywordMain.stepFailed(WebUIKeywordMain.groovy:64)
	at com.kms.katalon.core.webui.keyword.internal.WebUIKeywordMain.runKeyword(WebUIKeywordMain.groovy:26)
	at com.kms.katalon.core.webui.keyword.builtin.VerifyElementTextKeyword.verifyElementText(VerifyElementTextKeyword.groovy:72)
	at com.kms.katalon.core.webui.keyword.builtin.VerifyElementTextKeyword.execute(VerifyElementTextKeyword.groovy:40)
	at com.kms.katalon.core.keyword.internal.KeywordExecutor.executeKeywordForPlatform(KeywordExecutor.groovy:74)
	at com.kms.katalon.core.webui.keyword.WebUiBuiltInKeywords.verifyElementText(WebUiBuiltInKeywords.groovy:4749)
	at com.kms.katalon.core.webui.keyword.WebUiBuiltInKeywords$verifyElementText$6.call(Unknown Source)
	at Оценка по играм.run(Оценка по играм:38)
	at com.kms.katalon.core.main.ScriptEngine.run(ScriptEngine.java:194)
	at com.kms.katalon.core.main.ScriptEngine.runScriptAsRawText(ScriptEngine.java:119)
	at com.kms.katalon.core.main.TestCaseExecutor.runScript(TestCaseExecutor.java:442)
	at com.kms.katalon.core.main.TestCaseExecutor.doExecute(TestCaseExecutor.java:433)
	at com.kms.katalon.core.main.TestCaseExecutor.processExecutionPhase(TestCaseExecutor.java:412)
	at com.kms.katalon.core.main.TestCaseExecutor.accessMainPhase(TestCaseExecutor.java:404)
	at com.kms.katalon.core.main.TestCaseExecutor.execute(TestCaseExecutor.java:281)
	at com.kms.katalon.core.main.TestSuiteExecutor.accessTestCaseMainPhase(TestSuiteExecutor.java:202)
	at com.kms.katalon.core.main.TestSuiteExecutor.accessTestSuiteMainPhase(TestSuiteExecutor.java:164)
	at com.kms.katalon.core.main.TestSuiteExecutor.execute(TestSuiteExecutor.java:105)
	at com.kms.katalon.core.main.TestCaseMain.startTestSuite(TestCaseMain.java:185)
	at com.kms.katalon.core.main.TestCaseMain$startTestSuite$0.call(Unknown Source)
	at TempTestSuite1649143154707.run(TempTestSuite1649143154707.groovy:36)
Caused by: com.kms.katalon.core.exception.StepFailedException: com.kms.katalon.core.webui.exception.WebElementNotFoundException: Web element with id: 'Object Repository/Avangard New/Object (Тренер)/Case (Оценка по играм)/alert save' located by '//p[(text() = 'Оценка сохранена' or . = 'Оценка сохранена')]' not found
	at com.kms.katalon.core.webui.keyword.internal.WebUIKeywordMain.stepFailed(WebUIKeywordMain.groovy:64)
	at com.kms.katalon.core.webui.keyword.builtin.VerifyElementTextKeyword$_verifyElementText_closure1.doCall(VerifyElementTextKeyword.groovy:64)
	at com.kms.katalon.core.webui.keyword.builtin.VerifyElementTextKeyword$_verifyElementText_closure1.call(VerifyElementTextKeyword.groovy)
	at com.kms.katalon.core.webui.keyword.internal.WebUIKeywordMain.runKeyword(WebUIKeywordMain.groovy:20)
	... 19 more
)
[[ATTACHMENT|C:\\Users\\LENOVO\\Katalon Studio\\Avangard\\Reports\\20220405_101904\\\u0422\u0440\u0435\u043D\u0435\u0440\\20220405_101914\\1649145157589.png]]]]></system-out>
         <system-err><![CDATA[2022-04-05 10:47:47 - [TEST_CASE][FAILED] - Test Cases/Тренер/Оценка по играм: Test Cases/Тренер/Оценка по играм FAILED.
Reason:
com.kms.katalon.core.exception.StepFailedException: Verify element text of test object 'Object Repository/Avangard New/Object (Тренер)/Case (Оценка по играм)/alert save' FAILED.
	at com.kms.katalon.core.webui.keyword.internal.WebUIKeywordMain.stepFailed(WebUIKeywordMain.groovy:64)
	at com.kms.katalon.core.webui.keyword.internal.WebUIKeywordMain.runKeyword(WebUIKeywordMain.groovy:26)
	at com.kms.katalon.core.webui.keyword.builtin.VerifyElementTextKeyword.verifyElementText(VerifyElementTextKeyword.groovy:72)
	at com.kms.katalon.core.webui.keyword.builtin.VerifyElementTextKeyword.execute(VerifyElementTextKeyword.groovy:40)
	at com.kms.katalon.core.keyword.internal.KeywordExecutor.executeKeywordForPlatform(KeywordExecutor.groovy:74)
	at com.kms.katalon.core.webui.keyword.WebUiBuiltInKeywords.verifyElementText(WebUiBuiltInKeywords.groovy:4749)
	at com.kms.katalon.core.webui.keyword.WebUiBuiltInKeywords$verifyElementText$6.call(Unknown Source)
	at Оценка по играм.run(Оценка по играм:38)
	at com.kms.katalon.core.main.ScriptEngine.run(ScriptEngine.java:194)
	at com.kms.katalon.core.main.ScriptEngine.runScriptAsRawText(ScriptEngine.java:119)
	at com.kms.katalon.core.main.TestCaseExecutor.runScript(TestCaseExecutor.java:442)
	at com.kms.katalon.core.main.TestCaseExecutor.doExecute(TestCaseExecutor.java:433)
	at com.kms.katalon.core.main.TestCaseExecutor.processExecutionPhase(TestCaseExecutor.java:412)
	at com.kms.katalon.core.main.TestCaseExecutor.accessMainPhase(TestCaseExecutor.java:404)
	at com.kms.katalon.core.main.TestCaseExecutor.execute(TestCaseExecutor.java:281)
	at com.kms.katalon.core.main.TestSuiteExecutor.accessTestCaseMainPhase(TestSuiteExecutor.java:202)
	at com.kms.katalon.core.main.TestSuiteExecutor.accessTestSuiteMainPhase(TestSuiteExecutor.java:164)
	at com.kms.katalon.core.main.TestSuiteExecutor.execute(TestSuiteExecutor.java:105)
	at com.kms.katalon.core.main.TestCaseMain.startTestSuite(TestCaseMain.java:185)
	at com.kms.katalon.core.main.TestCaseMain$startTestSuite$0.call(Unknown Source)
	at TempTestSuite1649143154707.run(TempTestSuite1649143154707.groovy:36)
Caused by: com.kms.katalon.core.exception.StepFailedException: com.kms.katalon.core.webui.exception.WebElementNotFoundException: Web element with id: 'Object Repository/Avangard New/Object (Тренер)/Case (Оценка по играм)/alert save' located by '//p[(text() = 'Оценка сохранена' or . = 'Оценка сохранена')]' not found
	at com.kms.katalon.core.webui.keyword.internal.WebUIKeywordMain.stepFailed(WebUIKeywordMain.groovy:64)
	at com.kms.katalon.core.webui.keyword.builtin.VerifyElementTextKeyword$_verifyElementText_closure1.doCall(VerifyElementTextKeyword.groovy:64)
	at com.kms.katalon.core.webui.keyword.builtin.VerifyElementTextKeyword$_verifyElementText_closure1.call(VerifyElementTextKeyword.groovy)
	at com.kms.katalon.core.webui.keyword.internal.WebUIKeywordMain.runKeyword(WebUIKeywordMain.groovy:20)
	... 19 more]]></system-err>
      </testcase>
      <testcase name="Test Cases/Тренер/Физическое тестирование" time="560.248" classname="Test Cases/Тренер/Физическое тестирование" status="PASSED">
         <system-out><![CDATA[2022-04-05 10:52:41 - [TEST_CASE][PASSED] - Test Cases/Тренер/Физическое тестирование: Test Cases/Тренер/Физическое тестирование

2022-04-05 10:52:41 - [TEST_STEP][PASSED] - openBrowser(""): Browser is opened with url: ''

2022-04-05 10:52:41 - [MESSAGE][WARNING] - A browser is already opened. Closing browser and opening a new one

2022-04-05 10:52:42 - [MESSAGE][INFO] - User set preference: ['os', 'linux']

2022-04-05 10:52:42 - [MESSAGE][INFO] - User set preference: ['browserName', 'chrome']

2022-04-05 10:52:42 - [MESSAGE][INFO] - User set preference: ['browserVersion', '97']

2022-04-05 10:52:42 - [MESSAGE][INFO] - User set preference: ['katalon:option', '{organizationId=632442, tunnelId=, usingTunnel=false}']

2022-04-05 10:52:42 - [MESSAGE][INFO] - Connecting to remote web server 'testcloud.katalon.com/hub' with type 'Selenium'

2022-04-05 10:52:42 - [MESSAGE][INFO] - Action delay is set to 100 milliseconds

2022-04-05 10:54:14 - [MESSAGE][PASSED] - Browser is opened with url: ''

2022-04-05 10:54:14 - [TEST_STEP][PASSED] - maximizeWindow(): Current window maximized

2022-04-05 10:54:14 - [MESSAGE][PASSED] - Current window maximized

2022-04-05 10:54:14 - [TEST_STEP][PASSED] - navigateToUrl(url): Navigate to 'https://stars-stage.hawk.ru:8080' successfully

2022-04-05 10:54:21 - [MESSAGE][PASSED] - Navigate to 'https://stars-stage.hawk.ru:8080' successfully

2022-04-05 10:54:21 - [TEST_STEP][PASSED] - setText(findTestObject("Object Repository/Avangard New/Object (Тренер)/Case (Физическое тестирование)/input__sc-lnrBVv eqPACj"), OFP_trainer_login): Text 'voityk.av@hc-avangard.com' is set on object 'Object Repository/Avangard New/Object (Тренер)/Case (Физическое тестирование)/input__sc-lnrBVv eqPACj'

2022-04-05 10:54:25 - [MESSAGE][PASSED] - Text 'voityk.av@hc-avangard.com' is set on object 'Object Repository/Avangard New/Object (Тренер)/Case (Физическое тестирование)/input__sc-lnrBVv eqPACj'

2022-04-05 10:54:25 - [TEST_STEP][PASSED] - setText(findTestObject("Object Repository/Avangard New/Object (Тренер)/Case (Физическое тестирование)/input__sc-lnrBVv eqPACj_1"), OFP_trainer_password): Text 'voityk.av' is set on object 'Object Repository/Avangard New/Object (Тренер)/Case (Физическое тестирование)/input__sc-lnrBVv eqPACj_1'

2022-04-05 10:54:30 - [MESSAGE][PASSED] - Text 'voityk.av' is set on object 'Object Repository/Avangard New/Object (Тренер)/Case (Физическое тестирование)/input__sc-lnrBVv eqPACj_1'

2022-04-05 10:54:30 - [TEST_STEP][PASSED] - click(findTestObject("Object Repository/Avangard New/Object (Тренер)/Case (Физическое тестирование)/go")): Object: 'Object Repository/Avangard New/Object (Тренер)/Case (Физическое тестирование)/go' is clicked on

2022-04-05 10:54:32 - [MESSAGE][PASSED] - Object: 'Object Repository/Avangard New/Object (Тренер)/Case (Физическое тестирование)/go' is clicked on

2022-04-05 10:54:32 - [TEST_STEP][PASSED] - click(findTestObject("Object Repository/Avangard New/Object (Тренер)/Case (Физическое тестирование)/buttom  fiz testing")): Object: 'Object Repository/Avangard New/Object (Тренер)/Case (Физическое тестирование)/buttom  fiz testing' is clicked on

2022-04-05 10:54:46 - [MESSAGE][PASSED] - Object: 'Object Repository/Avangard New/Object (Тренер)/Case (Физическое тестирование)/buttom  fiz testing' is clicked on

2022-04-05 10:54:46 - [TEST_STEP][PASSED] - click(findTestObject("Object Repository/Avangard New/Object (Тренер)/Case (Физическое тестирование)/div__exercises"), STOP_ON_FAILURE): Object: 'Object Repository/Avangard New/Object (Тренер)/Case (Физическое тестирование)/div__exercises' is clicked on

2022-04-05 10:54:48 - [MESSAGE][PASSED] - Object: 'Object Repository/Avangard New/Object (Тренер)/Case (Физическое тестирование)/div__exercises' is clicked on

2022-04-05 10:54:48 - [TEST_STEP][PASSED] - setText(findTestObject("Object Repository/Avangard New/Object (Тренер)/Case (Физическое тестирование)/input__exercise"), "FMS тест (баллы)"): Text 'FMS тест (баллы)' is set on object 'Object Repository/Avangard New/Object (Тренер)/Case (Физическое тестирование)/input__exercise'

2022-04-05 10:54:52 - [MESSAGE][PASSED] - Text 'FMS тест (баллы)' is set on object 'Object Repository/Avangard New/Object (Тренер)/Case (Физическое тестирование)/input__exercise'

2022-04-05 10:54:52 - [TEST_STEP][PASSED] - sendKeys(findTestObject("Object Repository/Avangard New/Object (Тренер)/Case (Физическое тестирование)/input__exercise"), Keys.chord(ENTER)): Keys 'ENTER + ' sent to object: 'Object Repository/Avangard New/Object (Тренер)/Case (Физическое тестирование)/input__exercise'

2022-04-05 10:54:54 - [MESSAGE][PASSED] - Keys 'ENTER + ' sent to object: 'Object Repository/Avangard New/Object (Тренер)/Case (Физическое тестирование)/input__exercise'

2022-04-05 10:54:54 - [TEST_STEP][PASSED] - clearText(findTestObject("Object Repository/Avangard New/Object (Тренер)/Case (Физическое тестирование)/input_FMS 1"), STOP_ON_FAILURE): Text of object 'Object Repository/Avangard New/Object (Тренер)/Case (Физическое тестирование)/input_FMS 1' is cleared

2022-04-05 10:54:57 - [MESSAGE][PASSED] - Text of object 'Object Repository/Avangard New/Object (Тренер)/Case (Физическое тестирование)/input_FMS 1' is cleared

2022-04-05 10:54:57 - [TEST_STEP][PASSED] - setText(findTestObject("Object Repository/Avangard New/Object (Тренер)/Case (Физическое тестирование)/input_FMS 1"), "21"): Text '21' is set on object 'Object Repository/Avangard New/Object (Тренер)/Case (Физическое тестирование)/input_FMS 1'

2022-04-05 10:55:01 - [MESSAGE][PASSED] - Text '21' is set on object 'Object Repository/Avangard New/Object (Тренер)/Case (Физическое тестирование)/input_FMS 1'

2022-04-05 10:55:01 - [TEST_STEP][PASSED] - clearText(findTestObject("Object Repository/Avangard New/Object (Тренер)/Case (Физическое тестирование)/input_FMS 2"), STOP_ON_FAILURE): Text of object 'Object Repository/Avangard New/Object (Тренер)/Case (Физическое тестирование)/input_FMS 2' is cleared

2022-04-05 10:55:03 - [MESSAGE][PASSED] - Text of object 'Object Repository/Avangard New/Object (Тренер)/Case (Физическое тестирование)/input_FMS 2' is cleared

2022-04-05 10:55:03 - [TEST_STEP][PASSED] - setText(findTestObject("Object Repository/Avangard New/Object (Тренер)/Case (Физическое тестирование)/input_FMS 2"), "15"): Text '15' is set on object 'Object Repository/Avangard New/Object (Тренер)/Case (Физическое тестирование)/input_FMS 2'

2022-04-05 10:55:07 - [MESSAGE][PASSED] - Text '15' is set on object 'Object Repository/Avangard New/Object (Тренер)/Case (Физическое тестирование)/input_FMS 2'

2022-04-05 10:55:07 - [TEST_STEP][PASSED] - clearText(findTestObject("Object Repository/Avangard New/Object (Тренер)/Case (Физическое тестирование)/input_FMS 3"), STOP_ON_FAILURE): Text of object 'Object Repository/Avangard New/Object (Тренер)/Case (Физическое тестирование)/input_FMS 3' is cleared

2022-04-05 10:55:09 - [MESSAGE][PASSED] - Text of object 'Object Repository/Avangard New/Object (Тренер)/Case (Физическое тестирование)/input_FMS 3' is cleared

2022-04-05 10:55:09 - [TEST_STEP][PASSED] - setText(findTestObject("Object Repository/Avangard New/Object (Тренер)/Case (Физическое тестирование)/input_FMS 3"), "7"): Text '7' is set on object 'Object Repository/Avangard New/Object (Тренер)/Case (Физическое тестирование)/input_FMS 3'

2022-04-05 10:55:13 - [MESSAGE][PASSED] - Text '7' is set on object 'Object Repository/Avangard New/Object (Тренер)/Case (Физическое тестирование)/input_FMS 3'

2022-04-05 10:55:13 - [TEST_STEP][PASSED] - scrollToElement(findTestObject("Object Repository/Avangard New/Object (Тренер)/Case (Физическое тестирование)/input_FMS 6"), 0): Scroll to object 'Object Repository/Avangard New/Object (Тренер)/Case (Физическое тестирование)/input_FMS 6' successfully

2022-04-05 10:55:13 - [MESSAGE][WARNING] - Timeout '0' is invalid. Using default page load timeout: '30'

2022-04-05 10:55:15 - [MESSAGE][PASSED] - Scroll to object 'Object Repository/Avangard New/Object (Тренер)/Case (Физическое тестирование)/input_FMS 6' successfully

2022-04-05 10:55:15 - [TEST_STEP][PASSED] - clearText(findTestObject("Object Repository/Avangard New/Object (Тренер)/Case (Физическое тестирование)/input_FMS 6"), STOP_ON_FAILURE): Text of object 'Object Repository/Avangard New/Object (Тренер)/Case (Физическое тестирование)/input_FMS 6' is cleared

2022-04-05 10:55:17 - [MESSAGE][PASSED] - Text of object 'Object Repository/Avangard New/Object (Тренер)/Case (Физическое тестирование)/input_FMS 6' is cleared

2022-04-05 10:55:17 - [TEST_STEP][PASSED] - setText(findTestObject("Object Repository/Avangard New/Object (Тренер)/Case (Физическое тестирование)/input_FMS 6"), "0"): Text '0' is set on object 'Object Repository/Avangard New/Object (Тренер)/Case (Физическое тестирование)/input_FMS 6'

2022-04-05 10:55:21 - [MESSAGE][PASSED] - Text '0' is set on object 'Object Repository/Avangard New/Object (Тренер)/Case (Физическое тестирование)/input_FMS 6'

2022-04-05 10:55:21 - [TEST_STEP][PASSED] - clearText(findTestObject("Object Repository/Avangard New/Object (Тренер)/Case (Физическое тестирование)/input_FMS 4"), STOP_ON_FAILURE): Text of object 'Object Repository/Avangard New/Object (Тренер)/Case (Физическое тестирование)/input_FMS 4' is cleared

2022-04-05 10:55:23 - [MESSAGE][PASSED] - Text of object 'Object Repository/Avangard New/Object (Тренер)/Case (Физическое тестирование)/input_FMS 4' is cleared

2022-04-05 10:55:23 - [TEST_STEP][PASSED] - setText(findTestObject("Object Repository/Avangard New/Object (Тренер)/Case (Физическое тестирование)/input_FMS 4"), "3,7"): Text '3,7' is set on object 'Object Repository/Avangard New/Object (Тренер)/Case (Физическое тестирование)/input_FMS 4'

2022-04-05 10:55:27 - [MESSAGE][PASSED] - Text '3,7' is set on object 'Object Repository/Avangard New/Object (Тренер)/Case (Физическое тестирование)/input_FMS 4'

2022-04-05 10:55:27 - [TEST_STEP][PASSED] - clearText(findTestObject("Object Repository/Avangard New/Object (Тренер)/Case (Физическое тестирование)/input_FMS 5"), STOP_ON_FAILURE): Text of object 'Object Repository/Avangard New/Object (Тренер)/Case (Физическое тестирование)/input_FMS 5' is cleared

2022-04-05 10:55:29 - [MESSAGE][PASSED] - Text of object 'Object Repository/Avangard New/Object (Тренер)/Case (Физическое тестирование)/input_FMS 5' is cleared

2022-04-05 10:55:29 - [TEST_STEP][PASSED] - setText(findTestObject("Object Repository/Avangard New/Object (Тренер)/Case (Физическое тестирование)/input_FMS 5"), "1000"): Text '1000' is set on object 'Object Repository/Avangard New/Object (Тренер)/Case (Физическое тестирование)/input_FMS 5'

2022-04-05 10:55:34 - [MESSAGE][PASSED] - Text '1000' is set on object 'Object Repository/Avangard New/Object (Тренер)/Case (Физическое тестирование)/input_FMS 5'

2022-04-05 10:55:34 - [TEST_STEP][PASSED] - scrollToElement(findTestObject("Object Repository/Avangard New/Object (Тренер)/Case (Физическое тестирование)/stage 2"), 0): Scroll to object 'Object Repository/Avangard New/Object (Тренер)/Case (Физическое тестирование)/stage 2' successfully

2022-04-05 10:55:34 - [MESSAGE][WARNING] - Timeout '0' is invalid. Using default page load timeout: '30'

2022-04-05 10:55:36 - [MESSAGE][PASSED] - Scroll to object 'Object Repository/Avangard New/Object (Тренер)/Case (Физическое тестирование)/stage 2' successfully

2022-04-05 10:55:36 - [TEST_STEP][PASSED] - click(findTestObject("Object Repository/Avangard New/Object (Тренер)/Case (Физическое тестирование)/stage 2")): Object: 'Object Repository/Avangard New/Object (Тренер)/Case (Физическое тестирование)/stage 2' is clicked on

2022-04-05 10:55:38 - [MESSAGE][PASSED] - Object: 'Object Repository/Avangard New/Object (Тренер)/Case (Физическое тестирование)/stage 2' is clicked on

2022-04-05 10:55:38 - [TEST_STEP][PASSED] - setText(findTestObject("Object Repository/Avangard New/Object (Тренер)/Case (Физическое тестирование)/input__etapi"), "Этап №2"): Text 'Этап №2' is set on object 'Object Repository/Avangard New/Object (Тренер)/Case (Физическое тестирование)/input__etapi'

2022-04-05 10:55:42 - [MESSAGE][PASSED] - Text 'Этап №2' is set on object 'Object Repository/Avangard New/Object (Тренер)/Case (Физическое тестирование)/input__etapi'

2022-04-05 10:55:42 - [TEST_STEP][PASSED] - sendKeys(findTestObject("Object Repository/Avangard New/Object (Тренер)/Case (Физическое тестирование)/input__etapi"), Keys.chord(ENTER)): Keys 'ENTER + ' sent to object: 'Object Repository/Avangard New/Object (Тренер)/Case (Физическое тестирование)/input__etapi'

2022-04-05 10:55:44 - [MESSAGE][PASSED] - Keys 'ENTER + ' sent to object: 'Object Repository/Avangard New/Object (Тренер)/Case (Физическое тестирование)/input__etapi'

2022-04-05 10:55:44 - [TEST_STEP][PASSED] - clearText(findTestObject("Object Repository/Avangard New/Object (Тренер)/Case (Физическое тестирование)/input_FMS 3"), STOP_ON_FAILURE): Text of object 'Object Repository/Avangard New/Object (Тренер)/Case (Физическое тестирование)/input_FMS 3' is cleared

2022-04-05 10:55:46 - [MESSAGE][PASSED] - Text of object 'Object Repository/Avangard New/Object (Тренер)/Case (Физическое тестирование)/input_FMS 3' is cleared

2022-04-05 10:55:46 - [TEST_STEP][PASSED] - setText(findTestObject("Object Repository/Avangard New/Object (Тренер)/Case (Физическое тестирование)/input_FMS 3"), "10,4"): Text '10,4' is set on object 'Object Repository/Avangard New/Object (Тренер)/Case (Физическое тестирование)/input_FMS 3'

2022-04-05 10:55:50 - [MESSAGE][PASSED] - Text '10,4' is set on object 'Object Repository/Avangard New/Object (Тренер)/Case (Физическое тестирование)/input_FMS 3'

2022-04-05 10:55:50 - [TEST_STEP][PASSED] - scrollToElement(findTestObject("Object Repository/Avangard New/Object (Тренер)/Case (Физическое тестирование)/button_save"), 0): Scroll to object 'Object Repository/Avangard New/Object (Тренер)/Case (Физическое тестирование)/button_save' successfully

2022-04-05 10:55:50 - [MESSAGE][WARNING] - Timeout '0' is invalid. Using default page load timeout: '30'

2022-04-05 10:55:52 - [MESSAGE][PASSED] - Scroll to object 'Object Repository/Avangard New/Object (Тренер)/Case (Физическое тестирование)/button_save' successfully

2022-04-05 10:55:52 - [TEST_STEP][PASSED] - click(findTestObject("Object Repository/Avangard New/Object (Тренер)/Case (Физическое тестирование)/button_save")): Object: 'Object Repository/Avangard New/Object (Тренер)/Case (Физическое тестирование)/button_save' is clicked on

2022-04-05 10:55:54 - [MESSAGE][PASSED] - Object: 'Object Repository/Avangard New/Object (Тренер)/Case (Физическое тестирование)/button_save' is clicked on

2022-04-05 10:55:54 - [TEST_STEP][PASSED] - verifyElementText(findTestObject("Object Repository/Avangard New/Object (Тренер)/Case (Физическое тестирование)/alert fiz testing"), "Оценка сохранена"): Actual text and expected text of test object 'Object Repository/Avangard New/Object (Тренер)/Case (Физическое тестирование)/alert fiz testing' are matched.

2022-04-05 10:55:57 - [MESSAGE][PASSED] - Actual text and expected text of test object 'Object Repository/Avangard New/Object (Тренер)/Case (Физическое тестирование)/alert fiz testing' are matched.

2022-04-05 10:55:57 - [TEST_STEP][PASSED] - scrollToElement(findTestObject("Object Repository/Avangard New/Object (Тренер)/Case (Физическое тестирование)/button_close fiz test"), 0): Scroll to object 'Object Repository/Avangard New/Object (Тренер)/Case (Физическое тестирование)/button_close fiz test' successfully

2022-04-05 10:55:57 - [MESSAGE][WARNING] - Timeout '0' is invalid. Using default page load timeout: '30'

2022-04-05 10:55:59 - [MESSAGE][PASSED] - Scroll to object 'Object Repository/Avangard New/Object (Тренер)/Case (Физическое тестирование)/button_close fiz test' successfully

2022-04-05 10:55:59 - [TEST_STEP][PASSED] - click(findTestObject("Object Repository/Avangard New/Object (Тренер)/Case (Физическое тестирование)/button_close fiz test")): Object: 'Object Repository/Avangard New/Object (Тренер)/Case (Физическое тестирование)/button_close fiz test' is clicked on

2022-04-05 10:56:01 - [MESSAGE][PASSED] - Object: 'Object Repository/Avangard New/Object (Тренер)/Case (Физическое тестирование)/button_close fiz test' is clicked on

2022-04-05 10:56:01 - [TEST_STEP][PASSED] - click(findTestObject("Object Repository/Avangard New/Object (Тренер)/Case (Физическое тестирование)/button__close 2 fiz test")): Object: 'Object Repository/Avangard New/Object (Тренер)/Case (Физическое тестирование)/button__close 2 fiz test' is clicked on

2022-04-05 10:56:03 - [MESSAGE][PASSED] - Object: 'Object Repository/Avangard New/Object (Тренер)/Case (Физическое тестирование)/button__close 2 fiz test' is clicked on

2022-04-05 10:56:03 - [TEST_STEP][PASSED] - callTestCase(findTestCase("Тренер/Отчет физического тестирования (переиспользуется в Физ. тестировании)"), [:], STOP_ON_FAILURE): Call Test Case 'Test Cases/Тренер/Отчет физического тестирования (переиспользуется в Физ. тестировании)' successfully

2022-04-05 10:56:03 - [TEST_CASE][PASSED] - Test Cases/Тренер/Отчет физического тестирования (переиспользуется в Физ. тестировании): Test Cases/Тренер/Отчет физического тестирования (переиспользуется в Физ. тестировании)

2022-04-05 10:56:04 - [TEST_STEP][PASSED] - openBrowser(""): Browser is opened with url: ''

2022-04-05 10:56:04 - [MESSAGE][WARNING] - A browser is already opened. Closing browser and opening a new one

2022-04-05 10:56:04 - [MESSAGE][INFO] - User set preference: ['os', 'linux']

2022-04-05 10:56:04 - [MESSAGE][INFO] - User set preference: ['browserName', 'chrome']

2022-04-05 10:56:04 - [MESSAGE][INFO] - User set preference: ['browserVersion', '97']

2022-04-05 10:56:04 - [MESSAGE][INFO] - User set preference: ['katalon:option', '{organizationId=632442, tunnelId=, usingTunnel=false}']

2022-04-05 10:56:04 - [MESSAGE][INFO] - Connecting to remote web server 'testcloud.katalon.com/hub' with type 'Selenium'

2022-04-05 10:56:04 - [MESSAGE][INFO] - Action delay is set to 100 milliseconds

2022-04-05 10:58:08 - [MESSAGE][PASSED] - Browser is opened with url: ''

2022-04-05 10:58:08 - [TEST_STEP][PASSED] - maximizeWindow(): Current window maximized

2022-04-05 10:58:09 - [MESSAGE][PASSED] - Current window maximized

2022-04-05 10:58:09 - [TEST_STEP][PASSED] - navigateToUrl(url): Navigate to 'https://stars-stage.hawk.ru:8080' successfully

2022-04-05 10:58:16 - [MESSAGE][PASSED] - Navigate to 'https://stars-stage.hawk.ru:8080' successfully

2022-04-05 10:58:16 - [TEST_STEP][PASSED] - setText(findTestObject("Object Repository/Avangard New/Object (Тренер)/Case (Физическое тестирование)/input__sc-lnrBVv eqPACj"), OFP_trainer_login): Text 'voityk.av@hc-avangard.com' is set on object 'Object Repository/Avangard New/Object (Тренер)/Case (Физическое тестирование)/input__sc-lnrBVv eqPACj'

2022-04-05 10:58:20 - [MESSAGE][PASSED] - Text 'voityk.av@hc-avangard.com' is set on object 'Object Repository/Avangard New/Object (Тренер)/Case (Физическое тестирование)/input__sc-lnrBVv eqPACj'

2022-04-05 10:58:20 - [TEST_STEP][PASSED] - setText(findTestObject("Object Repository/Avangard New/Object (Тренер)/Case (Физическое тестирование)/input__sc-lnrBVv eqPACj_1"), OFP_trainer_password): Text 'voityk.av' is set on object 'Object Repository/Avangard New/Object (Тренер)/Case (Физическое тестирование)/input__sc-lnrBVv eqPACj_1'

2022-04-05 10:58:24 - [MESSAGE][PASSED] - Text 'voityk.av' is set on object 'Object Repository/Avangard New/Object (Тренер)/Case (Физическое тестирование)/input__sc-lnrBVv eqPACj_1'

2022-04-05 10:58:24 - [TEST_STEP][PASSED] - click(findTestObject("Object Repository/Avangard New/Object (Тренер)/Case (Физическое тестирование)/go")): Object: 'Object Repository/Avangard New/Object (Тренер)/Case (Физическое тестирование)/go' is clicked on

2022-04-05 10:58:26 - [MESSAGE][PASSED] - Object: 'Object Repository/Avangard New/Object (Тренер)/Case (Физическое тестирование)/go' is clicked on

2022-04-05 10:58:26 - [TEST_STEP][PASSED] - click(findTestObject("Object Repository/Avangard New/Object (Тренер)/Case (Физическое тестирование)/span_report fiz")): Object: 'Object Repository/Avangard New/Object (Тренер)/Case (Физическое тестирование)/span_report fiz' is clicked on

2022-04-05 10:58:39 - [MESSAGE][PASSED] - Object: 'Object Repository/Avangard New/Object (Тренер)/Case (Физическое тестирование)/span_report fiz' is clicked on

2022-04-05 10:58:39 - [TEST_STEP][PASSED] - click(findTestObject("Object Repository/Avangard New/Object (Тренер)/Case (Физическое тестирование)/fiz test report")): Object: 'Object Repository/Avangard New/Object (Тренер)/Case (Физическое тестирование)/fiz test report' is clicked on

2022-04-05 10:58:41 - [MESSAGE][PASSED] - Object: 'Object Repository/Avangard New/Object (Тренер)/Case (Физическое тестирование)/fiz test report' is clicked on

2022-04-05 10:58:41 - [TEST_STEP][PASSED] - click(findTestObject("Object Repository/Avangard New/Object (Тренер)/Case (Физическое тестирование)/div_report uprazhnenie")): Object: 'Object Repository/Avangard New/Object (Тренер)/Case (Физическое тестирование)/div_report uprazhnenie' is clicked on

2022-04-05 10:58:44 - [MESSAGE][PASSED] - Object: 'Object Repository/Avangard New/Object (Тренер)/Case (Физическое тестирование)/div_report uprazhnenie' is clicked on

2022-04-05 10:58:44 - [TEST_STEP][PASSED] - setText(findTestObject("Object Repository/Avangard New/Object (Тренер)/Case (Физическое тестирование)/input__yprazhnenia report"), "FMS тест (баллы)"): Text 'FMS тест (баллы)' is set on object 'Object Repository/Avangard New/Object (Тренер)/Case (Физическое тестирование)/input__yprazhnenia report'

2022-04-05 10:58:48 - [MESSAGE][PASSED] - Text 'FMS тест (баллы)' is set on object 'Object Repository/Avangard New/Object (Тренер)/Case (Физическое тестирование)/input__yprazhnenia report'

2022-04-05 10:58:48 - [TEST_STEP][PASSED] - sendKeys(findTestObject("Object Repository/Avangard New/Object (Тренер)/Case (Физическое тестирование)/input__yprazhnenia report"), Keys.chord(ENTER)): Keys 'ENTER + ' sent to object: 'Object Repository/Avangard New/Object (Тренер)/Case (Физическое тестирование)/input__yprazhnenia report'

2022-04-05 10:58:50 - [MESSAGE][PASSED] - Keys 'ENTER + ' sent to object: 'Object Repository/Avangard New/Object (Тренер)/Case (Физическое тестирование)/input__yprazhnenia report'

2022-04-05 10:58:50 - [TEST_STEP][PASSED] - verifyElementText(findTestObject("Object Repository/Avangard New/Object (Тренер)/Case (Физическое тестирование)/div_21"), "21"): Actual text and expected text of test object 'Object Repository/Avangard New/Object (Тренер)/Case (Физическое тестирование)/div_21' are matched.

2022-04-05 10:58:53 - [MESSAGE][PASSED] - Actual text and expected text of test object 'Object Repository/Avangard New/Object (Тренер)/Case (Физическое тестирование)/div_21' are matched.

2022-04-05 10:58:53 - [TEST_STEP][PASSED] - verifyElementText(findTestObject("Object Repository/Avangard New/Object (Тренер)/Case (Физическое тестирование)/div_10"), "10"): Actual text and expected text of test object 'Object Repository/Avangard New/Object (Тренер)/Case (Физическое тестирование)/div_10' are matched.

2022-04-05 10:58:54 - [MESSAGE][PASSED] - Actual text and expected text of test object 'Object Repository/Avangard New/Object (Тренер)/Case (Физическое тестирование)/div_10' are matched.

2022-04-05 10:58:54 - [TEST_STEP][PASSED] - verifyElementText(findTestObject("Object Repository/Avangard New/Object (Тренер)/Case (Физическое тестирование)/div_15"), "15"): Actual text and expected text of test object 'Object Repository/Avangard New/Object (Тренер)/Case (Физическое тестирование)/div_15' are matched.

2022-04-05 10:58:56 - [MESSAGE][PASSED] - Actual text and expected text of test object 'Object Repository/Avangard New/Object (Тренер)/Case (Физическое тестирование)/div_15' are matched.

2022-04-05 10:58:56 - [TEST_STEP][PASSED] - verifyElementText(findTestObject("Object Repository/Avangard New/Object (Тренер)/Case (Физическое тестирование)/div_7"), "7"): Actual text and expected text of test object 'Object Repository/Avangard New/Object (Тренер)/Case (Физическое тестирование)/div_7' are matched.

2022-04-05 10:58:58 - [MESSAGE][PASSED] - Actual text and expected text of test object 'Object Repository/Avangard New/Object (Тренер)/Case (Физическое тестирование)/div_7' are matched.

2022-04-05 10:58:58 - [TEST_STEP][PASSED] - scrollToElement(findTestObject("Object Repository/Avangard New/Object (Тренер)/Case (Физическое тестирование)/div_3,7"), 0): Scroll to object 'Object Repository/Avangard New/Object (Тренер)/Case (Физическое тестирование)/div_3,7' successfully

2022-04-05 10:58:58 - [MESSAGE][WARNING] - Timeout '0' is invalid. Using default page load timeout: '30'

2022-04-05 10:59:00 - [MESSAGE][PASSED] - Scroll to object 'Object Repository/Avangard New/Object (Тренер)/Case (Физическое тестирование)/div_3,7' successfully

2022-04-05 10:59:00 - [TEST_STEP][PASSED] - verifyElementText(findTestObject("Object Repository/Avangard New/Object (Тренер)/Case (Физическое тестирование)/div_3,7"), "3,7"): Actual text and expected text of test object 'Object Repository/Avangard New/Object (Тренер)/Case (Физическое тестирование)/div_3,7' are matched.

2022-04-05 10:59:02 - [MESSAGE][PASSED] - Actual text and expected text of test object 'Object Repository/Avangard New/Object (Тренер)/Case (Физическое тестирование)/div_3,7' are matched.

2022-04-05 10:59:02 - [TEST_STEP][PASSED] - verifyElementText(findTestObject("Object Repository/Avangard New/Object (Тренер)/Case (Физическое тестирование)/div_2"), "2"): Actual text and expected text of test object 'Object Repository/Avangard New/Object (Тренер)/Case (Физическое тестирование)/div_2' are matched.

2022-04-05 10:59:04 - [MESSAGE][PASSED] - Actual text and expected text of test object 'Object Repository/Avangard New/Object (Тренер)/Case (Физическое тестирование)/div_2' are matched.

2022-04-05 10:59:04 - [TEST_STEP][PASSED] - scrollToElement(findTestObject("Object Repository/Avangard New/Object (Тренер)/Case (Физическое тестирование)/div_stage 2  10,4"), 0): Scroll to object 'Object Repository/Avangard New/Object (Тренер)/Case (Физическое тестирование)/div_stage 2  10,4' successfully

2022-04-05 10:59:04 - [MESSAGE][WARNING] - Timeout '0' is invalid. Using default page load timeout: '30'

2022-04-05 10:59:06 - [MESSAGE][PASSED] - Scroll to object 'Object Repository/Avangard New/Object (Тренер)/Case (Физическое тестирование)/div_stage 2  10,4' successfully

2022-04-05 10:59:06 - [TEST_STEP][PASSED] - verifyElementText(findTestObject("Object Repository/Avangard New/Object (Тренер)/Case (Физическое тестирование)/div_stage 2  10,4"), "10,4"): Actual text and expected text of test object 'Object Repository/Avangard New/Object (Тренер)/Case (Физическое тестирование)/div_stage 2  10,4' are matched.

2022-04-05 10:59:07 - [MESSAGE][PASSED] - Actual text and expected text of test object 'Object Repository/Avangard New/Object (Тренер)/Case (Физическое тестирование)/div_stage 2  10,4' are matched.

2022-04-05 10:59:07 - [TEST_STEP][PASSED] - verifyElementText(findTestObject("Avangard New/Object (Тренер)/Case (Физическое тестирование)/div_stage 2   4,5"), "4,5"): Actual text and expected text of test object 'Object Repository/Avangard New/Object (Тренер)/Case (Физическое тестирование)/div_stage 2   4,5' are matched.

2022-04-05 10:59:09 - [MESSAGE][PASSED] - Actual text and expected text of test object 'Object Repository/Avangard New/Object (Тренер)/Case (Физическое тестирование)/div_stage 2   4,5' are matched.

2022-04-05 10:59:09 - [TEST_STEP][PASSED] - verifyElementText(findTestObject("Object Repository/Avangard New/Object (Тренер)/Case (Физическое тестирование)/div_1,5"), "1,5"): Actual text and expected text of test object 'Object Repository/Avangard New/Object (Тренер)/Case (Физическое тестирование)/div_1,5' are matched.

2022-04-05 10:59:11 - [MESSAGE][PASSED] - Actual text and expected text of test object 'Object Repository/Avangard New/Object (Тренер)/Case (Физическое тестирование)/div_1,5' are matched.

2022-04-05 10:59:11 - [MESSAGE][PASSED] - Call Test Case 'Test Cases/Тренер/Отчет физического тестирования (переиспользуется в Физ. тестировании)' successfully

2022-04-05 10:59:11 - [TEST_STEP][PASSED] - callTestCase(findTestCase("Игрок/Отчет физического тестирования (переиспользуется в физ. тестировании у тренера)"), [:], STOP_ON_FAILURE): Call Test Case 'Test Cases/Игрок/Отчет физического тестирования (переиспользуется в физ. тестировании у тренера)' successfully

2022-04-05 10:59:11 - [TEST_CASE][PASSED] - Test Cases/Игрок/Отчет физического тестирования (переиспользуется в физ. тестировании у тренера): Test Cases/Игрок/Отчет физического тестирования (переиспользуется в физ. тестировании у тренера)

2022-04-05 10:59:12 - [TEST_STEP][PASSED] - callTestCase(findTestCase("Игрок/Авторизация"), [:], STOP_ON_FAILURE): Call Test Case 'Test Cases/Игрок/Авторизация' successfully

2022-04-05 10:59:12 - [TEST_CASE][PASSED] - Test Cases/Игрок/Авторизация: Test Cases/Игрок/Авторизация

2022-04-05 10:59:12 - [TEST_STEP][PASSED] - openBrowser(""): Browser is opened with url: ''

2022-04-05 10:59:12 - [MESSAGE][WARNING] - A browser is already opened. Closing browser and opening a new one

2022-04-05 10:59:12 - [MESSAGE][INFO] - User set preference: ['os', 'linux']

2022-04-05 10:59:12 - [MESSAGE][INFO] - User set preference: ['browserName', 'chrome']

2022-04-05 10:59:12 - [MESSAGE][INFO] - User set preference: ['browserVersion', '97']

2022-04-05 10:59:12 - [MESSAGE][INFO] - User set preference: ['katalon:option', '{organizationId=632442, tunnelId=, usingTunnel=false}']

2022-04-05 10:59:12 - [MESSAGE][INFO] - Connecting to remote web server 'testcloud.katalon.com/hub' with type 'Selenium'

2022-04-05 10:59:12 - [MESSAGE][INFO] - Action delay is set to 100 milliseconds

2022-04-05 11:01:08 - [MESSAGE][PASSED] - Browser is opened with url: ''

2022-04-05 11:01:08 - [TEST_STEP][PASSED] - maximizeWindow(): Current window maximized

2022-04-05 11:01:09 - [MESSAGE][PASSED] - Current window maximized

2022-04-05 11:01:09 - [TEST_STEP][PASSED] - navigateToUrl(url): Navigate to 'https://stars-stage.hawk.ru:8080' successfully

2022-04-05 11:01:16 - [MESSAGE][PASSED] - Navigate to 'https://stars-stage.hawk.ru:8080' successfully

2022-04-05 11:01:16 - [TEST_STEP][PASSED] - setText(findTestObject("Object Repository/manager/Page_/input__sc-lnrBVv eqPACj"), player_login): Text 'danilaganin7218@icloud.com' is set on object 'Object Repository/manager/Page_/input__sc-lnrBVv eqPACj'

2022-04-05 11:01:20 - [MESSAGE][PASSED] - Text 'danilaganin7218@icloud.com' is set on object 'Object Repository/manager/Page_/input__sc-lnrBVv eqPACj'

2022-04-05 11:01:20 - [TEST_STEP][PASSED] - setText(findTestObject("Object Repository/manager/Page_/input__sc-lnrBVv eqPACj_1"), player_password): Text 'danilaganin7218' is set on object 'Object Repository/manager/Page_/input__sc-lnrBVv eqPACj_1'

2022-04-05 11:01:24 - [MESSAGE][PASSED] - Text 'danilaganin7218' is set on object 'Object Repository/manager/Page_/input__sc-lnrBVv eqPACj_1'

2022-04-05 11:01:24 - [TEST_STEP][PASSED] - click(findTestObject("manager/Page_/go")): Object: 'Object Repository/manager/Page_/go' is clicked on

2022-04-05 11:01:26 - [MESSAGE][PASSED] - Object: 'Object Repository/manager/Page_/go' is clicked on

2022-04-05 11:01:26 - [MESSAGE][PASSED] - Call Test Case 'Test Cases/Игрок/Авторизация' successfully

2022-04-05 11:01:26 - [TEST_STEP][PASSED] - click(findTestObject("Object Repository/Avangard New/Object (Игрок)/Сase (Отчет физического тестирования)/span_report player")): Object: 'Object Repository/Avangard New/Object (Игрок)/Сase (Отчет физического тестирования)/span_report player' is clicked on

2022-04-05 11:01:40 - [MESSAGE][PASSED] - Object: 'Object Repository/Avangard New/Object (Игрок)/Сase (Отчет физического тестирования)/span_report player' is clicked on

2022-04-05 11:01:40 - [TEST_STEP][PASSED] - click(findTestObject("Object Repository/Avangard New/Object (Игрок)/Сase (Отчет физического тестирования)/report fiz test player")): Object: 'Object Repository/Avangard New/Object (Игрок)/Сase (Отчет физического тестирования)/report fiz test player' is clicked on

2022-04-05 11:01:42 - [MESSAGE][PASSED] - Object: 'Object Repository/Avangard New/Object (Игрок)/Сase (Отчет физического тестирования)/report fiz test player' is clicked on

2022-04-05 11:01:42 - [TEST_STEP][PASSED] - click(findTestObject("Object Repository/Avangard New/Object (Игрок)/Сase (Отчет физического тестирования)/yprazhnenie palyer")): Object: 'Object Repository/Avangard New/Object (Игрок)/Сase (Отчет физического тестирования)/yprazhnenie palyer' is clicked on

2022-04-05 11:01:44 - [MESSAGE][PASSED] - Object: 'Object Repository/Avangard New/Object (Игрок)/Сase (Отчет физического тестирования)/yprazhnenie palyer' is clicked on

2022-04-05 11:01:44 - [TEST_STEP][PASSED] - setText(findTestObject("Object Repository/Avangard New/Object (Игрок)/Сase (Отчет физического тестирования)/input__player report"), "FMS тест (баллы)"): Text 'FMS тест (баллы)' is set on object 'Object Repository/Avangard New/Object (Игрок)/Сase (Отчет физического тестирования)/input__player report'

2022-04-05 11:01:49 - [MESSAGE][PASSED] - Text 'FMS тест (баллы)' is set on object 'Object Repository/Avangard New/Object (Игрок)/Сase (Отчет физического тестирования)/input__player report'

2022-04-05 11:01:49 - [TEST_STEP][PASSED] - sendKeys(findTestObject("Object Repository/Avangard New/Object (Игрок)/Сase (Отчет физического тестирования)/input__player report"), Keys.chord(ENTER)): Keys 'ENTER + ' sent to object: 'Object Repository/Avangard New/Object (Игрок)/Сase (Отчет физического тестирования)/input__player report'

2022-04-05 11:01:51 - [MESSAGE][PASSED] - Keys 'ENTER + ' sent to object: 'Object Repository/Avangard New/Object (Игрок)/Сase (Отчет физического тестирования)/input__player report'

2022-04-05 11:01:51 - [TEST_STEP][PASSED] - verifyElementText(findTestObject("Object Repository/Avangard New/Object (Игрок)/Сase (Отчет физического тестирования)/div_7"), "7"): Actual text and expected text of test object 'Object Repository/Avangard New/Object (Игрок)/Сase (Отчет физического тестирования)/div_7' are matched.

2022-04-05 11:01:53 - [MESSAGE][PASSED] - Actual text and expected text of test object 'Object Repository/Avangard New/Object (Игрок)/Сase (Отчет физического тестирования)/div_7' are matched.

2022-04-05 11:01:53 - [TEST_STEP][PASSED] - verifyElementText(findTestObject("Object Repository/Avangard New/Object (Игрок)/Сase (Отчет физического тестирования)/div_3"), "3"): Actual text and expected text of test object 'Object Repository/Avangard New/Object (Игрок)/Сase (Отчет физического тестирования)/div_3' are matched.

2022-04-05 11:01:55 - [MESSAGE][PASSED] - Actual text and expected text of test object 'Object Repository/Avangard New/Object (Игрок)/Сase (Отчет физического тестирования)/div_3' are matched.

2022-04-05 11:01:55 - [TEST_STEP][PASSED] - verifyElementText(findTestObject("Object Repository/Avangard New/Object (Игрок)/Сase (Отчет физического тестирования)/div_10,4"), "10,4"): Actual text and expected text of test object 'Object Repository/Avangard New/Object (Игрок)/Сase (Отчет физического тестирования)/div_10,4' are matched.

2022-04-05 11:01:57 - [MESSAGE][PASSED] - Actual text and expected text of test object 'Object Repository/Avangard New/Object (Игрок)/Сase (Отчет физического тестирования)/div_10,4' are matched.

2022-04-05 11:01:57 - [TEST_STEP][PASSED] - verifyElementText(findTestObject("Object Repository/Avangard New/Object (Игрок)/Сase (Отчет физического тестирования)/div_4,5"), "4,5"): Actual text and expected text of test object 'Object Repository/Avangard New/Object (Игрок)/Сase (Отчет физического тестирования)/div_4,5' are matched.

2022-04-05 11:01:59 - [MESSAGE][PASSED] - Actual text and expected text of test object 'Object Repository/Avangard New/Object (Игрок)/Сase (Отчет физического тестирования)/div_4,5' are matched.

2022-04-05 11:01:59 - [TEST_STEP][PASSED] - verifyElementText(findTestObject("Object Repository/Avangard New/Object (Игрок)/Сase (Отчет физического тестирования)/div_1,5"), "1,5"): Actual text and expected text of test object 'Object Repository/Avangard New/Object (Игрок)/Сase (Отчет физического тестирования)/div_1,5' are matched.

2022-04-05 11:02:01 - [MESSAGE][PASSED] - Actual text and expected text of test object 'Object Repository/Avangard New/Object (Игрок)/Сase (Отчет физического тестирования)/div_1,5' are matched.

2022-04-05 11:02:01 - [MESSAGE][PASSED] - Call Test Case 'Test Cases/Игрок/Отчет физического тестирования (переиспользуется в физ. тестировании у тренера)' successfully]]></system-out>
         <system-err><![CDATA[]]></system-err>
      </testcase>
      <system-out><![CDATA[2022-04-05 10:19:34 - [TEST_SUITE][FAILED] - Тренер: Test Cases/Тренер/Составы FAILED.
Reason:
com.kms.katalon.core.exception.StepFailedException: Call Test Case 'Test Cases/Тренер/Cоставы у игрока (переиспользуется в Составы)' failed
	at com.kms.katalon.core.keyword.builtin.CallTestCaseKeyword$_callTestCase_closure1.doCall(CallTestCaseKeyword.groovy:63)
	at com.kms.katalon.core.keyword.builtin.CallTestCaseKeyword$_callTestCase_closure1.call(CallTestCaseKeyword.groovy)
	at com.kms.katalon.core.keyword.internal.KeywordMain.runKeyword(KeywordMain.groovy:74)
	at com.kms.katalon.core.keyword.builtin.CallTestCaseKeyword.callTestCase(CallTestCaseKeyword.groovy:81)
	at com.kms.katalon.core.keyword.builtin.CallTestCaseKeyword.execute(CallTestCaseKeyword.groovy:44)
	at com.kms.katalon.core.keyword.internal.KeywordExecutor.executeKeywordForPlatform(KeywordExecutor.groovy:74)
	at com.kms.katalon.core.keyword.BuiltinKeywords.callTestCase(BuiltinKeywords.groovy:334)
	at Составы.run(Составы:74)
	at com.kms.katalon.core.main.ScriptEngine.run(ScriptEngine.java:194)
	at com.kms.katalon.core.main.ScriptEngine.runScriptAsRawText(ScriptEngine.java:119)
	at com.kms.katalon.core.main.TestCaseExecutor.runScript(TestCaseExecutor.java:442)
	at com.kms.katalon.core.main.TestCaseExecutor.doExecute(TestCaseExecutor.java:433)
	at com.kms.katalon.core.main.TestCaseExecutor.processExecutionPhase(TestCaseExecutor.java:412)
	at com.kms.katalon.core.main.TestCaseExecutor.accessMainPhase(TestCaseExecutor.java:404)
	at com.kms.katalon.core.main.TestCaseExecutor.execute(TestCaseExecutor.java:281)
	at com.kms.katalon.core.main.TestSuiteExecutor.accessTestCaseMainPhase(TestSuiteExecutor.java:202)
	at com.kms.katalon.core.main.TestSuiteExecutor.accessTestSuiteMainPhase(TestSuiteExecutor.java:164)
	at com.kms.katalon.core.main.TestSuiteExecutor.execute(TestSuiteExecutor.java:105)
	at com.kms.katalon.core.main.TestCaseMain.startTestSuite(TestCaseMain.java:185)
	at com.kms.katalon.core.main.TestCaseMain$startTestSuite$0.call(Unknown Source)
	at TempTestSuite1649143154707.run(TempTestSuite1649143154707.groovy:36)
Caused by: com.kms.katalon.core.exception.StepFailedException: Verify element text of test object 'Object Repository/Avangard New/Object (Тренер)/Case (Составы)/leuka palayer' FAILED.
	at com.kms.katalon.core.webui.keyword.internal.WebUIKeywordMain.stepFailed(WebUIKeywordMain.groovy:64)
	at com.kms.katalon.core.webui.keyword.internal.WebUIKeywordMain.runKeyword(WebUIKeywordMain.groovy:26)
	at com.kms.katalon.core.webui.keyword.builtin.VerifyElementTextKeyword.verifyElementText(VerifyElementTextKeyword.groovy:72)
	at com.kms.katalon.core.webui.keyword.builtin.VerifyElementTextKeyword.execute(VerifyElementTextKeyword.groovy:40)
	at com.kms.katalon.core.keyword.internal.KeywordExecutor.executeKeywordForPlatform(KeywordExecutor.groovy:74)
	at com.kms.katalon.core.webui.keyword.WebUiBuiltInKeywords.verifyElementText(WebUiBuiltInKeywords.groovy:4749)
	at com.kms.katalon.core.webui.keyword.WebUiBuiltInKeywords$verifyElementText$6.call(Unknown Source)
	at Cоставы у игрока (переиспользуется в Составы).run(Cоставы у игрока (переиспользуется в Составы):30)
	at com.kms.katalon.core.main.ScriptEngine.run(ScriptEngine.java:194)
	at com.kms.katalon.core.main.ScriptEngine.runScriptAsRawText(ScriptEngine.java:119)
	at com.kms.katalon.core.main.TestCaseExecutor.runScript(TestCaseExecutor.java:442)
	at com.kms.katalon.core.main.TestCaseExecutor.doExecute(TestCaseExecutor.java:433)
	at com.kms.katalon.core.main.TestCaseExecutor.processExecutionPhase(TestCaseExecutor.java:412)
	at com.kms.katalon.core.main.TestCaseExecutor.accessMainPhase(TestCaseExecutor.java:404)
	at com.kms.katalon.core.main.TestCaseExecutor.execute(TestCaseExecutor.java:281)
	at com.kms.katalon.core.main.TestCaseMain.runTestCase(TestCaseMain.java:142)
	at com.kms.katalon.core.keyword.builtin.CallTestCaseKeyword$_callTestCase_closure1.doCall(CallTestCaseKeyword.groovy:59)
	... 20 more
Caused by: com.kms.katalon.core.exception.StepFailedException: Actual text '' and expected text 'Леука' of test object 'Object Repository/Avangard New/Object (Тренер)/Case (Составы)/leuka palayer' are NOT matched.
	at com.kms.katalon.core.webui.keyword.internal.WebUIKeywordMain.stepFailed(WebUIKeywordMain.groovy:64)
	at com.kms.katalon.core.webui.keyword.builtin.VerifyElementTextKeyword$_verifyElementText_closure1.doCall(VerifyElementTextKeyword.groovy:57)
	at com.kms.katalon.core.webui.keyword.builtin.VerifyElementTextKeyword$_verifyElementText_closure1.call(VerifyElementTextKeyword.groovy)
	at com.kms.katalon.core.webui.keyword.internal.WebUIKeywordMain.runKeyword(WebUIKeywordMain.groovy:20)
	... 35 more]]></system-out>
      <system-err><![CDATA[2022-04-05 10:19:34 - [TEST_SUITE][FAILED] - Тренер: Test Cases/Тренер/Составы FAILED.
Reason:
com.kms.katalon.core.exception.StepFailedException: Call Test Case 'Test Cases/Тренер/Cоставы у игрока (переиспользуется в Составы)' failed
	at com.kms.katalon.core.keyword.builtin.CallTestCaseKeyword$_callTestCase_closure1.doCall(CallTestCaseKeyword.groovy:63)
	at com.kms.katalon.core.keyword.builtin.CallTestCaseKeyword$_callTestCase_closure1.call(CallTestCaseKeyword.groovy)
	at com.kms.katalon.core.keyword.internal.KeywordMain.runKeyword(KeywordMain.groovy:74)
	at com.kms.katalon.core.keyword.builtin.CallTestCaseKeyword.callTestCase(CallTestCaseKeyword.groovy:81)
	at com.kms.katalon.core.keyword.builtin.CallTestCaseKeyword.execute(CallTestCaseKeyword.groovy:44)
	at com.kms.katalon.core.keyword.internal.KeywordExecutor.executeKeywordForPlatform(KeywordExecutor.groovy:74)
	at com.kms.katalon.core.keyword.BuiltinKeywords.callTestCase(BuiltinKeywords.groovy:334)
	at Составы.run(Составы:74)
	at com.kms.katalon.core.main.ScriptEngine.run(ScriptEngine.java:194)
	at com.kms.katalon.core.main.ScriptEngine.runScriptAsRawText(ScriptEngine.java:119)
	at com.kms.katalon.core.main.TestCaseExecutor.runScript(TestCaseExecutor.java:442)
	at com.kms.katalon.core.main.TestCaseExecutor.doExecute(TestCaseExecutor.java:433)
	at com.kms.katalon.core.main.TestCaseExecutor.processExecutionPhase(TestCaseExecutor.java:412)
	at com.kms.katalon.core.main.TestCaseExecutor.accessMainPhase(TestCaseExecutor.java:404)
	at com.kms.katalon.core.main.TestCaseExecutor.execute(TestCaseExecutor.java:281)
	at com.kms.katalon.core.main.TestSuiteExecutor.accessTestCaseMainPhase(TestSuiteExecutor.java:202)
	at com.kms.katalon.core.main.TestSuiteExecutor.accessTestSuiteMainPhase(TestSuiteExecutor.java:164)
	at com.kms.katalon.core.main.TestSuiteExecutor.execute(TestSuiteExecutor.java:105)
	at com.kms.katalon.core.main.TestCaseMain.startTestSuite(TestCaseMain.java:185)
	at com.kms.katalon.core.main.TestCaseMain$startTestSuite$0.call(Unknown Source)
	at TempTestSuite1649143154707.run(TempTestSuite1649143154707.groovy:36)
Caused by: com.kms.katalon.core.exception.StepFailedException: Verify element text of test object 'Object Repository/Avangard New/Object (Тренер)/Case (Составы)/leuka palayer' FAILED.
	at com.kms.katalon.core.webui.keyword.internal.WebUIKeywordMain.stepFailed(WebUIKeywordMain.groovy:64)
	at com.kms.katalon.core.webui.keyword.internal.WebUIKeywordMain.runKeyword(WebUIKeywordMain.groovy:26)
	at com.kms.katalon.core.webui.keyword.builtin.VerifyElementTextKeyword.verifyElementText(VerifyElementTextKeyword.groovy:72)
	at com.kms.katalon.core.webui.keyword.builtin.VerifyElementTextKeyword.execute(VerifyElementTextKeyword.groovy:40)
	at com.kms.katalon.core.keyword.internal.KeywordExecutor.executeKeywordForPlatform(KeywordExecutor.groovy:74)
	at com.kms.katalon.core.webui.keyword.WebUiBuiltInKeywords.verifyElementText(WebUiBuiltInKeywords.groovy:4749)
	at com.kms.katalon.core.webui.keyword.WebUiBuiltInKeywords$verifyElementText$6.call(Unknown Source)
	at Cоставы у игрока (переиспользуется в Составы).run(Cоставы у игрока (переиспользуется в Составы):30)
	at com.kms.katalon.core.main.ScriptEngine.run(ScriptEngine.java:194)
	at com.kms.katalon.core.main.ScriptEngine.runScriptAsRawText(ScriptEngine.java:119)
	at com.kms.katalon.core.main.TestCaseExecutor.runScript(TestCaseExecutor.java:442)
	at com.kms.katalon.core.main.TestCaseExecutor.doExecute(TestCaseExecutor.java:433)
	at com.kms.katalon.core.main.TestCaseExecutor.processExecutionPhase(TestCaseExecutor.java:412)
	at com.kms.katalon.core.main.TestCaseExecutor.accessMainPhase(TestCaseExecutor.java:404)
	at com.kms.katalon.core.main.TestCaseExecutor.execute(TestCaseExecutor.java:281)
	at com.kms.katalon.core.main.TestCaseMain.runTestCase(TestCaseMain.java:142)
	at com.kms.katalon.core.keyword.builtin.CallTestCaseKeyword$_callTestCase_closure1.doCall(CallTestCaseKeyword.groovy:59)
	... 20 more
Caused by: com.kms.katalon.core.exception.StepFailedException: Actual text '' and expected text 'Леука' of test object 'Object Repository/Avangard New/Object (Тренер)/Case (Составы)/leuka palayer' are NOT matched.
	at com.kms.katalon.core.webui.keyword.internal.WebUIKeywordMain.stepFailed(WebUIKeywordMain.groovy:64)
	at com.kms.katalon.core.webui.keyword.builtin.VerifyElementTextKeyword$_verifyElementText_closure1.doCall(VerifyElementTextKeyword.groovy:57)
	at com.kms.katalon.core.webui.keyword.builtin.VerifyElementTextKeyword$_verifyElementText_closure1.call(VerifyElementTextKeyword.groovy)
	at com.kms.katalon.core.webui.keyword.internal.WebUIKeywordMain.runKeyword(WebUIKeywordMain.groovy:20)
	... 35 more]]></system-err>
   </testsuite>
   <testsuite name="Тренер" tests="7" failures="5" errors="0" time="2446.13" skipped="0" timestamp="2022-04-05 10:19:34" hostname="LENOVO - DESKTOP-KNHN0AA" id="Test Suites/Тренер">
      <properties>
         <property name="deviceName" value=""/>
         <property name="devicePlatform" value=""/>
         <property name="logFolder" value="C:\\Users\\LENOVO\\Katalon Studio\\Avangard\\Reports\\20220405_101904\\\u0422\u0440\u0435\u043D\u0435\u0440\\20220405_101916"/>
         <property name="logFiles" value="C:\\Users\\LENOVO\\Katalon Studio\\Avangard\\Reports\\20220405_101904\\\u0422\u0440\u0435\u043D\u0435\u0440\\20220405_101916\\execution0.log"/>
         <property name="attachments" value="C:\\Users\\LENOVO\\Katalon Studio\\Avangard\\Reports\\20220405_101904\\\u0422\u0440\u0435\u043D\u0435\u0440\\20220405_101916\\1649143587716.png, C:\\Users\\LENOVO\\Katalon Studio\\Avangard\\Reports\\20220405_101904\\\u0422\u0440\u0435\u043D\u0435\u0440\\20220405_101916\\1649144179764.png, C:\\Users\\LENOVO\\Katalon Studio\\Avangard\\Reports\\20220405_101904\\\u0422\u0440\u0435\u043D\u0435\u0440\\20220405_101916\\1649144492032.png, C:\\Users\\LENOVO\\Katalon Studio\\Avangard\\Reports\\20220405_101904\\\u0422\u0440\u0435\u043D\u0435\u0440\\20220405_101916\\1649144493829.png, C:\\Users\\LENOVO\\Katalon Studio\\Avangard\\Reports\\20220405_101904\\\u0422\u0440\u0435\u043D\u0435\u0440\\20220405_101916\\1649144862371.png, C:\\Users\\LENOVO\\Katalon Studio\\Avangard\\Reports\\20220405_101904\\\u0422\u0440\u0435\u043D\u0435\u0440\\20220405_101916\\1649144865071.png, C:\\Users\\LENOVO\\Katalon Studio\\Avangard\\Reports\\20220405_101904\\\u0422\u0440\u0435\u043D\u0435\u0440\\20220405_101916\\1649145613418.png, C:\\Users\\LENOVO\\Katalon Studio\\Avangard\\Reports\\20220405_101904\\\u0422\u0440\u0435\u043D\u0435\u0440\\20220405_101916\\1649145615306.png"/>
         <property name="hostName" value="LENOVO - DESKTOP-KNHN0AA"/>
         <property name="remoteDriverUrl" value="testcloud.katalon.com/hub"/>
         <property name="desiredCapabilities" value="{
  &quot;acceptInsecureCerts&quot;: false,
  &quot;browserName&quot;: &quot;chrome&quot;,
  &quot;browserVersion&quot;: &quot;97.0.4692.71&quot;,
  &quot;chrome&quot;: {
    &quot;chromedriverVersion&quot;: &quot;97.0.4692.71 (adefa7837d02a07a604c1e6eff0b3a09422ab88d-refs/branch-heads/4692@{#1247})&quot;,
    &quot;userDataDir&quot;: &quot;/tmp/.com.google.Chrome.jHYxRn&quot;
  },
  &quot;goog:chromeOptions&quot;: {
    &quot;debuggerAddress&quot;: &quot;localhost:43155&quot;
  },
  &quot;javascriptEnabled&quot;: true,
  &quot;networkConnectionEnabled&quot;: false,
  &quot;pageLoadStrategy&quot;: &quot;normal&quot;,
  &quot;platform&quot;: &quot;LINUX&quot;,
  &quot;platformName&quot;: &quot;LINUX&quot;,
  &quot;proxy&quot;: {
    &quot;proxyType&quot;: &quot;DIRECT&quot;,
    &quot;autodetect&quot;: false
  },
  &quot;se:cdp&quot;: &quot;ws://172.48.49.75:4444/session/1be325c563980eacdd1f66a9cde56768/se/cdp&quot;,
  &quot;se:cdpVersion&quot;: &quot;97.0.4692.71&quot;,
  &quot;se:vnc&quot;: &quot;ws://172.48.49.75:4444/session/1be325c563980eacdd1f66a9cde56768/se/vnc&quot;,
  &quot;se:vncEnabled&quot;: true,
  &quot;se:vncLocalAddress&quot;: &quot;ws://172.48.49.75:7900&quot;,
  &quot;setWindowRect&quot;: true,
  &quot;strictFileInteractability&quot;: false,
  &quot;timeouts&quot;: {
    &quot;implicit&quot;: 0,
    &quot;pageLoad&quot;: 300000,
    &quot;script&quot;: 30000
  },
  &quot;unhandledPromptBehavior&quot;: &quot;dismiss and notify&quot;,
  &quot;webauthn:extension:credBlob&quot;: true,
  &quot;webauthn:extension:largeBlob&quot;: true,
  &quot;webauthn:virtualAuthenticators&quot;: true
}"/>
         <property name="os" value="Windows 10 64bit"/>
         <property name="remoteOS" value="Linux"/>
         <property name="katalonVersion" value="8.2.5.208"/>
         <property name="browser" value="Chrome 97.0.4692.71"/>
         <property name="hostAddress" value="192.168.2.114"/>
         <property name="sessionId" value="1be325c563980eacdd1f66a9cde56768"/>
         <property name="seleniumVersion" value="3.141.59"/>
         <property name="proxyInformation" value="ProxyInformation { proxyOption=NO_PROXY, proxyServerType=HTTP, username=, password=********, proxyServerAddress=, proxyServerPort=0, executionList=&quot;&quot;, isApplyToDesiredCapabilities=true }"/>
         <property name="platform" value="Windows 10"/>
      </properties>
      <testcase name="Test Cases/Тренер/Авторизация" time="117.929" classname="Test Cases/Тренер/Авторизация" status="PASSED">
         <system-out><![CDATA[2022-04-05 10:19:36 - [TEST_CASE][PASSED] - Test Cases/Тренер/Авторизация: Test Cases/Тренер/Авторизация

2022-04-05 10:19:38 - [TEST_STEP][PASSED] - openBrowser(""): Browser is opened with url: ''

2022-04-05 10:19:41 - [MESSAGE][INFO] - User set preference: ['os', 'linux']

2022-04-05 10:19:41 - [MESSAGE][INFO] - User set preference: ['browserName', 'chrome']

2022-04-05 10:19:41 - [MESSAGE][INFO] - User set preference: ['browserVersion', '97']

2022-04-05 10:19:41 - [MESSAGE][INFO] - User set preference: ['katalon:option', '{organizationId=632442, tunnelId=, usingTunnel=false}']

2022-04-05 10:19:41 - [MESSAGE][INFO] - Connecting to remote web server 'testcloud.katalon.com/hub' with type 'Selenium'

2022-04-05 10:19:44 - [MESSAGE][INFO] - Action delay is set to 100 milliseconds

2022-04-05 10:21:15 - [MESSAGE][PASSED] - Browser is opened with url: ''

2022-04-05 10:21:15 - [TEST_STEP][PASSED] - maximizeWindow(): Current window maximized

2022-04-05 10:21:15 - [MESSAGE][PASSED] - Current window maximized

2022-04-05 10:21:15 - [TEST_STEP][PASSED] - navigateToUrl(url): Navigate to 'https://stars-stage.hawk.ru:8080' successfully

2022-04-05 10:21:23 - [MESSAGE][PASSED] - Navigate to 'https://stars-stage.hawk.ru:8080' successfully

2022-04-05 10:21:23 - [TEST_STEP][PASSED] - setText(findTestObject("Object Repository/manager/Page_/input__sc-lnrBVv eqPACj"), coach_login): Text 'levashev.ps@hc-avangard.com' is set on object 'Object Repository/manager/Page_/input__sc-lnrBVv eqPACj'

2022-04-05 10:21:27 - [MESSAGE][PASSED] - Text 'levashev.ps@hc-avangard.com' is set on object 'Object Repository/manager/Page_/input__sc-lnrBVv eqPACj'

2022-04-05 10:21:27 - [TEST_STEP][PASSED] - setText(findTestObject("Object Repository/manager/Page_/input__sc-lnrBVv eqPACj_1"), coach_password): Text 'Darden41087' is set on object 'Object Repository/manager/Page_/input__sc-lnrBVv eqPACj_1'

2022-04-05 10:21:32 - [MESSAGE][PASSED] - Text 'Darden41087' is set on object 'Object Repository/manager/Page_/input__sc-lnrBVv eqPACj_1'

2022-04-05 10:21:32 - [TEST_STEP][PASSED] - click(findTestObject("manager/Page_/go")): Object: 'Object Repository/manager/Page_/go' is clicked on

2022-04-05 10:21:34 - [MESSAGE][PASSED] - Object: 'Object Repository/manager/Page_/go' is clicked on]]></system-out>
         <system-err><![CDATA[]]></system-err>
      </testcase>
      <testcase name="Test Cases/Тренер/Составы" time="299.78" classname="Test Cases/Тренер/Составы" status="FAILED">
         <failure type="FAILED" message="Test Cases/Тренер/Составы FAILED.
Reason:
com.kms.katalon.core.exception.StepFailedException: Unable to verify text 'Изменения в составе сохранены' is present 
	at com.kms.katalon.core.webui.keyword.internal.WebUIKeywordMain.stepFailed(WebUIKeywordMain.groovy:64)
	at com.kms.katalon.core.webui.keyword.internal.WebUIKeywordMain.runKeyword(WebUIKeywordMain.groovy:26)
	at com.kms.katalon.core.webui.keyword.builtin.VerifyTextPresentKeyword.verifyTextPresent(VerifyTextPresentKeyword.groovy:83)
	at com.kms.katalon.core.webui.keyword.builtin.VerifyTextPresentKeyword.execute(VerifyTextPresentKeyword.groovy:68)
	at com.kms.katalon.core.keyword.internal.KeywordExecutor.executeKeywordForPlatform(KeywordExecutor.groovy:74)
	at com.kms.katalon.core.webui.keyword.WebUiBuiltInKeywords.verifyTextPresent(WebUiBuiltInKeywords.groovy:1723)
	at com.kms.katalon.core.webui.keyword.WebUiBuiltInKeywords$verifyTextPresent$5.call(Unknown Source)
	at Составы.run(Составы:71)
	at com.kms.katalon.core.main.ScriptEngine.run(ScriptEngine.java:194)
	at com.kms.katalon.core.main.ScriptEngine.runScriptAsRawText(ScriptEngine.java:119)
	at com.kms.katalon.core.main.TestCaseExecutor.runScript(TestCaseExecutor.java:442)
	at com.kms.katalon.core.main.TestCaseExecutor.doExecute(TestCaseExecutor.java:433)
	at com.kms.katalon.core.main.TestCaseExecutor.processExecutionPhase(TestCaseExecutor.java:412)
	at com.kms.katalon.core.main.TestCaseExecutor.accessMainPhase(TestCaseExecutor.java:404)
	at com.kms.katalon.core.main.TestCaseExecutor.execute(TestCaseExecutor.java:281)
	at com.kms.katalon.core.main.TestSuiteExecutor.accessTestCaseMainPhase(TestSuiteExecutor.java:202)
	at com.kms.katalon.core.main.TestSuiteExecutor.accessTestSuiteMainPhase(TestSuiteExecutor.java:164)
	at com.kms.katalon.core.main.TestSuiteExecutor.execute(TestSuiteExecutor.java:105)
	at com.kms.katalon.core.main.TestCaseMain.startTestSuite(TestCaseMain.java:185)
	at com.kms.katalon.core.main.TestCaseMain$startTestSuite$0.call(Unknown Source)
	at TempTestSuite1649143156543.run(TempTestSuite1649143156543.groovy:36)
Caused by: com.kms.katalon.core.exception.StepFailedException: Text 'Изменения в составе сохранены' is not present on page 
	at com.kms.katalon.core.webui.keyword.internal.WebUIKeywordMain.stepFailed(WebUIKeywordMain.groovy:64)
	at com.kms.katalon.core.webui.keyword.builtin.VerifyTextPresentKeyword$_verifyTextPresent_closure1.doCall(VerifyTextPresentKeyword.groovy:79)
	at com.kms.katalon.core.webui.keyword.builtin.VerifyTextPresentKeyword$_verifyTextPresent_closure1.call(VerifyTextPresentKeyword.groovy)
	at com.kms.katalon.core.webui.keyword.internal.WebUIKeywordMain.runKeyword(WebUIKeywordMain.groovy:20)
	... 19 more
"/>
         <system-out><![CDATA[2022-04-05 10:21:34 - [TEST_CASE][FAILED] - Test Cases/Тренер/Составы: Test Cases/Тренер/Составы FAILED.
Reason:
com.kms.katalon.core.exception.StepFailedException: Unable to verify text 'Изменения в составе сохранены' is present 
	at com.kms.katalon.core.webui.keyword.internal.WebUIKeywordMain.stepFailed(WebUIKeywordMain.groovy:64)
	at com.kms.katalon.core.webui.keyword.internal.WebUIKeywordMain.runKeyword(WebUIKeywordMain.groovy:26)
	at com.kms.katalon.core.webui.keyword.builtin.VerifyTextPresentKeyword.verifyTextPresent(VerifyTextPresentKeyword.groovy:83)
	at com.kms.katalon.core.webui.keyword.builtin.VerifyTextPresentKeyword.execute(VerifyTextPresentKeyword.groovy:68)
	at com.kms.katalon.core.keyword.internal.KeywordExecutor.executeKeywordForPlatform(KeywordExecutor.groovy:74)
	at com.kms.katalon.core.webui.keyword.WebUiBuiltInKeywords.verifyTextPresent(WebUiBuiltInKeywords.groovy:1723)
	at com.kms.katalon.core.webui.keyword.WebUiBuiltInKeywords$verifyTextPresent$5.call(Unknown Source)
	at Составы.run(Составы:71)
	at com.kms.katalon.core.main.ScriptEngine.run(ScriptEngine.java:194)
	at com.kms.katalon.core.main.ScriptEngine.runScriptAsRawText(ScriptEngine.java:119)
	at com.kms.katalon.core.main.TestCaseExecutor.runScript(TestCaseExecutor.java:442)
	at com.kms.katalon.core.main.TestCaseExecutor.doExecute(TestCaseExecutor.java:433)
	at com.kms.katalon.core.main.TestCaseExecutor.processExecutionPhase(TestCaseExecutor.java:412)
	at com.kms.katalon.core.main.TestCaseExecutor.accessMainPhase(TestCaseExecutor.java:404)
	at com.kms.katalon.core.main.TestCaseExecutor.execute(TestCaseExecutor.java:281)
	at com.kms.katalon.core.main.TestSuiteExecutor.accessTestCaseMainPhase(TestSuiteExecutor.java:202)
	at com.kms.katalon.core.main.TestSuiteExecutor.accessTestSuiteMainPhase(TestSuiteExecutor.java:164)
	at com.kms.katalon.core.main.TestSuiteExecutor.execute(TestSuiteExecutor.java:105)
	at com.kms.katalon.core.main.TestCaseMain.startTestSuite(TestCaseMain.java:185)
	at com.kms.katalon.core.main.TestCaseMain$startTestSuite$0.call(Unknown Source)
	at TempTestSuite1649143156543.run(TempTestSuite1649143156543.groovy:36)
Caused by: com.kms.katalon.core.exception.StepFailedException: Text 'Изменения в составе сохранены' is not present on page 
	at com.kms.katalon.core.webui.keyword.internal.WebUIKeywordMain.stepFailed(WebUIKeywordMain.groovy:64)
	at com.kms.katalon.core.webui.keyword.builtin.VerifyTextPresentKeyword$_verifyTextPresent_closure1.doCall(VerifyTextPresentKeyword.groovy:79)
	at com.kms.katalon.core.webui.keyword.builtin.VerifyTextPresentKeyword$_verifyTextPresent_closure1.call(VerifyTextPresentKeyword.groovy)
	at com.kms.katalon.core.webui.keyword.internal.WebUIKeywordMain.runKeyword(WebUIKeywordMain.groovy:20)
	... 19 more


2022-04-05 10:21:34 - [TEST_STEP][PASSED] - callTestCase(findTestCase("Тренер/Авторизация"), [:], STOP_ON_FAILURE): Call Test Case 'Test Cases/Тренер/Авторизация' successfully

2022-04-05 10:21:34 - [TEST_CASE][PASSED] - Test Cases/Тренер/Авторизация: Test Cases/Тренер/Авторизация

2022-04-05 10:21:34 - [TEST_STEP][PASSED] - openBrowser(""): Browser is opened with url: ''

2022-04-05 10:21:34 - [MESSAGE][WARNING] - A browser is already opened. Closing browser and opening a new one

2022-04-05 10:21:35 - [MESSAGE][INFO] - User set preference: ['os', 'linux']

2022-04-05 10:21:35 - [MESSAGE][INFO] - User set preference: ['browserName', 'chrome']

2022-04-05 10:21:35 - [MESSAGE][INFO] - User set preference: ['browserVersion', '97']

2022-04-05 10:21:35 - [MESSAGE][INFO] - User set preference: ['katalon:option', '{organizationId=632442, tunnelId=, usingTunnel=false}']

2022-04-05 10:21:35 - [MESSAGE][INFO] - Connecting to remote web server 'testcloud.katalon.com/hub' with type 'Selenium'

2022-04-05 10:21:35 - [MESSAGE][INFO] - Action delay is set to 100 milliseconds

2022-04-05 10:25:10 - [MESSAGE][PASSED] - Browser is opened with url: ''

2022-04-05 10:25:10 - [TEST_STEP][PASSED] - maximizeWindow(): Current window maximized

2022-04-05 10:25:11 - [MESSAGE][PASSED] - Current window maximized

2022-04-05 10:25:11 - [TEST_STEP][PASSED] - navigateToUrl(url): Navigate to 'https://stars-stage.hawk.ru:8080' successfully

2022-04-05 10:25:17 - [MESSAGE][PASSED] - Navigate to 'https://stars-stage.hawk.ru:8080' successfully

2022-04-05 10:25:17 - [TEST_STEP][PASSED] - setText(findTestObject("Object Repository/manager/Page_/input__sc-lnrBVv eqPACj"), coach_login): Text 'levashev.ps@hc-avangard.com' is set on object 'Object Repository/manager/Page_/input__sc-lnrBVv eqPACj'

2022-04-05 10:25:21 - [MESSAGE][PASSED] - Text 'levashev.ps@hc-avangard.com' is set on object 'Object Repository/manager/Page_/input__sc-lnrBVv eqPACj'

2022-04-05 10:25:21 - [TEST_STEP][PASSED] - setText(findTestObject("Object Repository/manager/Page_/input__sc-lnrBVv eqPACj_1"), coach_password): Text 'Darden41087' is set on object 'Object Repository/manager/Page_/input__sc-lnrBVv eqPACj_1'

2022-04-05 10:25:25 - [MESSAGE][PASSED] - Text 'Darden41087' is set on object 'Object Repository/manager/Page_/input__sc-lnrBVv eqPACj_1'

2022-04-05 10:25:25 - [TEST_STEP][PASSED] - click(findTestObject("manager/Page_/go")): Object: 'Object Repository/manager/Page_/go' is clicked on

2022-04-05 10:25:27 - [MESSAGE][PASSED] - Object: 'Object Repository/manager/Page_/go' is clicked on

2022-04-05 10:25:27 - [MESSAGE][PASSED] - Call Test Case 'Test Cases/Тренер/Авторизация' successfully

2022-04-05 10:25:27 - [TEST_STEP][PASSED] - click(findTestObject("Avangard New/Object (Тренер)/Case (Составы)/lines")): Object: 'Object Repository/Avangard New/Object (Тренер)/Case (Составы)/lines' is clicked on

2022-04-05 10:25:38 - [MESSAGE][PASSED] - Object: 'Object Repository/Avangard New/Object (Тренер)/Case (Составы)/lines' is clicked on

2022-04-05 10:25:38 - [TEST_STEP][PASSED] - click(findTestObject("Avangard New/Object (Тренер)/Case (Составы)/clear")): Object: 'Object Repository/Avangard New/Object (Тренер)/Case (Составы)/clear' is clicked on

2022-04-05 10:25:46 - [MESSAGE][PASSED] - Object: 'Object Repository/Avangard New/Object (Тренер)/Case (Составы)/clear' is clicked on

2022-04-05 10:25:46 - [TEST_STEP][PASSED] - click(findTestObject("Avangard New/Object (Тренер)/Case (Составы)/button_yes")): Object: 'Object Repository/Avangard New/Object (Тренер)/Case (Составы)/button_yes' is clicked on

2022-04-05 10:25:48 - [MESSAGE][PASSED] - Object: 'Object Repository/Avangard New/Object (Тренер)/Case (Составы)/button_yes' is clicked on

2022-04-05 10:25:48 - [TEST_STEP][PASSED] - click(findTestObject("Avangard New/Object (Тренер)/Case (Составы)/choice_player")): Object: 'Object Repository/Avangard New/Object (Тренер)/Case (Составы)/choice_player' is clicked on

2022-04-05 10:25:50 - [MESSAGE][PASSED] - Object: 'Object Repository/Avangard New/Object (Тренер)/Case (Составы)/choice_player' is clicked on

2022-04-05 10:25:50 - [TEST_STEP][PASSED] - scrollToElement(findTestObject("Avangard New/Object (Тренер)/Case (Составы)/line_position"), 0): Scroll to object 'Object Repository/Avangard New/Object (Тренер)/Case (Составы)/line_position' successfully

2022-04-05 10:25:50 - [MESSAGE][WARNING] - Timeout '0' is invalid. Using default page load timeout: '30'

2022-04-05 10:25:52 - [MESSAGE][PASSED] - Scroll to object 'Object Repository/Avangard New/Object (Тренер)/Case (Составы)/line_position' successfully

2022-04-05 10:25:52 - [TEST_STEP][PASSED] - click(findTestObject("Avangard New/Object (Тренер)/Case (Составы)/line_position")): Object: 'Object Repository/Avangard New/Object (Тренер)/Case (Составы)/line_position' is clicked on

2022-04-05 10:25:54 - [MESSAGE][PASSED] - Object: 'Object Repository/Avangard New/Object (Тренер)/Case (Составы)/line_position' is clicked on

2022-04-05 10:25:54 - [TEST_STEP][PASSED] - click(findTestObject("Avangard New/Object (Тренер)/Case (Составы)/player 1")): Object: 'Object Repository/Avangard New/Object (Тренер)/Case (Составы)/player 1' is clicked on

2022-04-05 10:25:57 - [MESSAGE][PASSED] - Object: 'Object Repository/Avangard New/Object (Тренер)/Case (Составы)/player 1' is clicked on

2022-04-05 10:25:57 - [TEST_STEP][PASSED] - click(findTestObject("Avangard New/Object (Тренер)/Case (Составы)/pos2")): Object: 'Object Repository/Avangard New/Object (Тренер)/Case (Составы)/pos2' is clicked on

2022-04-05 10:25:59 - [MESSAGE][PASSED] - Object: 'Object Repository/Avangard New/Object (Тренер)/Case (Составы)/pos2' is clicked on

2022-04-05 10:25:59 - [TEST_STEP][PASSED] - scrollToElement(findTestObject("Avangard New/Object (Тренер)/Case (Составы)/player3"), 0): Scroll to object 'Object Repository/Avangard New/Object (Тренер)/Case (Составы)/player3' successfully

2022-04-05 10:25:59 - [MESSAGE][WARNING] - Timeout '0' is invalid. Using default page load timeout: '30'

2022-04-05 10:26:00 - [MESSAGE][PASSED] - Scroll to object 'Object Repository/Avangard New/Object (Тренер)/Case (Составы)/player3' successfully

2022-04-05 10:26:00 - [TEST_STEP][PASSED] - click(findTestObject("Avangard New/Object (Тренер)/Case (Составы)/player3")): Object: 'Object Repository/Avangard New/Object (Тренер)/Case (Составы)/player3' is clicked on

2022-04-05 10:26:02 - [MESSAGE][PASSED] - Object: 'Object Repository/Avangard New/Object (Тренер)/Case (Составы)/player3' is clicked on

2022-04-05 10:26:02 - [TEST_STEP][PASSED] - click(findTestObject("Avangard New/Object (Тренер)/Case (Составы)/po3")): Object: 'Object Repository/Avangard New/Object (Тренер)/Case (Составы)/po3' is clicked on

2022-04-05 10:26:04 - [MESSAGE][PASSED] - Object: 'Object Repository/Avangard New/Object (Тренер)/Case (Составы)/po3' is clicked on

2022-04-05 10:26:04 - [TEST_STEP][PASSED] - scrollToElement(findTestObject("Avangard New/Object (Тренер)/Case (Составы)/player4"), 0): Scroll to object 'Object Repository/Avangard New/Object (Тренер)/Case (Составы)/player4' successfully

2022-04-05 10:26:04 - [MESSAGE][WARNING] - Timeout '0' is invalid. Using default page load timeout: '30'

2022-04-05 10:26:06 - [MESSAGE][PASSED] - Scroll to object 'Object Repository/Avangard New/Object (Тренер)/Case (Составы)/player4' successfully

2022-04-05 10:26:06 - [TEST_STEP][PASSED] - click(findTestObject("Avangard New/Object (Тренер)/Case (Составы)/player4")): Object: 'Object Repository/Avangard New/Object (Тренер)/Case (Составы)/player4' is clicked on

2022-04-05 10:26:08 - [MESSAGE][PASSED] - Object: 'Object Repository/Avangard New/Object (Тренер)/Case (Составы)/player4' is clicked on

2022-04-05 10:26:08 - [TEST_STEP][PASSED] - click(findTestObject("Avangard New/Object (Тренер)/Case (Составы)/pos4")): Object: 'Object Repository/Avangard New/Object (Тренер)/Case (Составы)/pos4' is clicked on

2022-04-05 10:26:10 - [MESSAGE][PASSED] - Object: 'Object Repository/Avangard New/Object (Тренер)/Case (Составы)/pos4' is clicked on

2022-04-05 10:26:10 - [TEST_STEP][PASSED] - scrollToElement(findTestObject("Avangard New/Object (Тренер)/Case (Составы)/player5"), 0): Scroll to object 'Object Repository/Avangard New/Object (Тренер)/Case (Составы)/player5' successfully

2022-04-05 10:26:10 - [MESSAGE][WARNING] - Timeout '0' is invalid. Using default page load timeout: '30'

2022-04-05 10:26:12 - [MESSAGE][PASSED] - Scroll to object 'Object Repository/Avangard New/Object (Тренер)/Case (Составы)/player5' successfully

2022-04-05 10:26:12 - [TEST_STEP][PASSED] - click(findTestObject("Avangard New/Object (Тренер)/Case (Составы)/player5")): Object: 'Object Repository/Avangard New/Object (Тренер)/Case (Составы)/player5' is clicked on

2022-04-05 10:26:14 - [MESSAGE][PASSED] - Object: 'Object Repository/Avangard New/Object (Тренер)/Case (Составы)/player5' is clicked on

2022-04-05 10:26:14 - [TEST_STEP][PASSED] - verifyTextPresent("Игрок недоступен для выбора", false): Text 'Игрок недоступен для выбора' is present on page 

2022-04-05 10:26:17 - [MESSAGE][PASSED] - Text 'Игрок недоступен для выбора' is present on page 

2022-04-05 10:26:17 - [TEST_STEP][PASSED] - click(findTestObject("Avangard New/Object (Тренер)/Case (Составы)/button_save")): Object: 'Object Repository/Avangard New/Object (Тренер)/Case (Составы)/button_save' is clicked on

2022-04-05 10:26:19 - [MESSAGE][PASSED] - Object: 'Object Repository/Avangard New/Object (Тренер)/Case (Составы)/button_save' is clicked on

2022-04-05 10:26:19 - [TEST_STEP][FAILED] - verifyTextPresent("Изменения в составе сохранены", false): Unable to verify text 'Изменения в составе сохранены' is present  (Root cause: com.kms.katalon.core.exception.StepFailedException: Unable to verify text 'Изменения в составе сохранены' is present 
	at com.kms.katalon.core.webui.keyword.internal.WebUIKeywordMain.stepFailed(WebUIKeywordMain.groovy:64)
	at com.kms.katalon.core.webui.keyword.internal.WebUIKeywordMain.runKeyword(WebUIKeywordMain.groovy:26)
	at com.kms.katalon.core.webui.keyword.builtin.VerifyTextPresentKeyword.verifyTextPresent(VerifyTextPresentKeyword.groovy:83)
	at com.kms.katalon.core.webui.keyword.builtin.VerifyTextPresentKeyword.execute(VerifyTextPresentKeyword.groovy:68)
	at com.kms.katalon.core.keyword.internal.KeywordExecutor.executeKeywordForPlatform(KeywordExecutor.groovy:74)
	at com.kms.katalon.core.webui.keyword.WebUiBuiltInKeywords.verifyTextPresent(WebUiBuiltInKeywords.groovy:1723)
	at com.kms.katalon.core.webui.keyword.WebUiBuiltInKeywords$verifyTextPresent$5.call(Unknown Source)
	at Составы.run(Составы:71)
	at com.kms.katalon.core.main.ScriptEngine.run(ScriptEngine.java:194)
	at com.kms.katalon.core.main.ScriptEngine.runScriptAsRawText(ScriptEngine.java:119)
	at com.kms.katalon.core.main.TestCaseExecutor.runScript(TestCaseExecutor.java:442)
	at com.kms.katalon.core.main.TestCaseExecutor.doExecute(TestCaseExecutor.java:433)
	at com.kms.katalon.core.main.TestCaseExecutor.processExecutionPhase(TestCaseExecutor.java:412)
	at com.kms.katalon.core.main.TestCaseExecutor.accessMainPhase(TestCaseExecutor.java:404)
	at com.kms.katalon.core.main.TestCaseExecutor.execute(TestCaseExecutor.java:281)
	at com.kms.katalon.core.main.TestSuiteExecutor.accessTestCaseMainPhase(TestSuiteExecutor.java:202)
	at com.kms.katalon.core.main.TestSuiteExecutor.accessTestSuiteMainPhase(TestSuiteExecutor.java:164)
	at com.kms.katalon.core.main.TestSuiteExecutor.execute(TestSuiteExecutor.java:105)
	at com.kms.katalon.core.main.TestCaseMain.startTestSuite(TestCaseMain.java:185)
	at com.kms.katalon.core.main.TestCaseMain$startTestSuite$0.call(Unknown Source)
	at TempTestSuite1649143156543.run(TempTestSuite1649143156543.groovy:36)
Caused by: com.kms.katalon.core.exception.StepFailedException: Text 'Изменения в составе сохранены' is not present on page 
	at com.kms.katalon.core.webui.keyword.internal.WebUIKeywordMain.stepFailed(WebUIKeywordMain.groovy:64)
	at com.kms.katalon.core.webui.keyword.builtin.VerifyTextPresentKeyword$_verifyTextPresent_closure1.doCall(VerifyTextPresentKeyword.groovy:79)
	at com.kms.katalon.core.webui.keyword.builtin.VerifyTextPresentKeyword$_verifyTextPresent_closure1.call(VerifyTextPresentKeyword.groovy)
	at com.kms.katalon.core.webui.keyword.internal.WebUIKeywordMain.runKeyword(WebUIKeywordMain.groovy:20)
	... 19 more
)

2022-04-05 10:26:27 - [MESSAGE][FAILED] - Text 'Изменения в составе сохранены' is not present on page  (Root cause: com.kms.katalon.core.exception.StepFailedException: Text 'Изменения в составе сохранены' is not present on page 
	at com.kms.katalon.core.webui.keyword.internal.WebUIKeywordMain.stepFailed(WebUIKeywordMain.groovy:64)
	at com.kms.katalon.core.webui.keyword.builtin.VerifyTextPresentKeyword$_verifyTextPresent_closure1.doCall(VerifyTextPresentKeyword.groovy:79)
	at com.kms.katalon.core.webui.keyword.builtin.VerifyTextPresentKeyword$_verifyTextPresent_closure1.call(VerifyTextPresentKeyword.groovy)
	at com.kms.katalon.core.webui.keyword.internal.WebUIKeywordMain.runKeyword(WebUIKeywordMain.groovy:20)
	at com.kms.katalon.core.webui.keyword.builtin.VerifyTextPresentKeyword.verifyTextPresent(VerifyTextPresentKeyword.groovy:83)
	at com.kms.katalon.core.webui.keyword.builtin.VerifyTextPresentKeyword.execute(VerifyTextPresentKeyword.groovy:68)
	at com.kms.katalon.core.keyword.internal.KeywordExecutor.executeKeywordForPlatform(KeywordExecutor.groovy:74)
	at com.kms.katalon.core.webui.keyword.WebUiBuiltInKeywords.verifyTextPresent(WebUiBuiltInKeywords.groovy:1723)
	at com.kms.katalon.core.webui.keyword.WebUiBuiltInKeywords$verifyTextPresent$5.call(Unknown Source)
	at Составы.run(Составы:71)
	at com.kms.katalon.core.main.ScriptEngine.run(ScriptEngine.java:194)
	at com.kms.katalon.core.main.ScriptEngine.runScriptAsRawText(ScriptEngine.java:119)
	at com.kms.katalon.core.main.TestCaseExecutor.runScript(TestCaseExecutor.java:442)
	at com.kms.katalon.core.main.TestCaseExecutor.doExecute(TestCaseExecutor.java:433)
	at com.kms.katalon.core.main.TestCaseExecutor.processExecutionPhase(TestCaseExecutor.java:412)
	at com.kms.katalon.core.main.TestCaseExecutor.accessMainPhase(TestCaseExecutor.java:404)
	at com.kms.katalon.core.main.TestCaseExecutor.execute(TestCaseExecutor.java:281)
	at com.kms.katalon.core.main.TestSuiteExecutor.accessTestCaseMainPhase(TestSuiteExecutor.java:202)
	at com.kms.katalon.core.main.TestSuiteExecutor.accessTestSuiteMainPhase(TestSuiteExecutor.java:164)
	at com.kms.katalon.core.main.TestSuiteExecutor.execute(TestSuiteExecutor.java:105)
	at com.kms.katalon.core.main.TestCaseMain.startTestSuite(TestCaseMain.java:185)
	at com.kms.katalon.core.main.TestCaseMain$startTestSuite$0.call(Unknown Source)
	at TempTestSuite1649143156543.run(TempTestSuite1649143156543.groovy:36)
)

2022-04-05 10:26:31 - [MESSAGE][FAILED] - Unable to verify text 'Изменения в составе сохранены' is present  (Root cause: com.kms.katalon.core.exception.StepFailedException: Unable to verify text 'Изменения в составе сохранены' is present 
	at com.kms.katalon.core.webui.keyword.internal.WebUIKeywordMain.stepFailed(WebUIKeywordMain.groovy:64)
	at com.kms.katalon.core.webui.keyword.internal.WebUIKeywordMain.runKeyword(WebUIKeywordMain.groovy:26)
	at com.kms.katalon.core.webui.keyword.builtin.VerifyTextPresentKeyword.verifyTextPresent(VerifyTextPresentKeyword.groovy:83)
	at com.kms.katalon.core.webui.keyword.builtin.VerifyTextPresentKeyword.execute(VerifyTextPresentKeyword.groovy:68)
	at com.kms.katalon.core.keyword.internal.KeywordExecutor.executeKeywordForPlatform(KeywordExecutor.groovy:74)
	at com.kms.katalon.core.webui.keyword.WebUiBuiltInKeywords.verifyTextPresent(WebUiBuiltInKeywords.groovy:1723)
	at com.kms.katalon.core.webui.keyword.WebUiBuiltInKeywords$verifyTextPresent$5.call(Unknown Source)
	at Составы.run(Составы:71)
	at com.kms.katalon.core.main.ScriptEngine.run(ScriptEngine.java:194)
	at com.kms.katalon.core.main.ScriptEngine.runScriptAsRawText(ScriptEngine.java:119)
	at com.kms.katalon.core.main.TestCaseExecutor.runScript(TestCaseExecutor.java:442)
	at com.kms.katalon.core.main.TestCaseExecutor.doExecute(TestCaseExecutor.java:433)
	at com.kms.katalon.core.main.TestCaseExecutor.processExecutionPhase(TestCaseExecutor.java:412)
	at com.kms.katalon.core.main.TestCaseExecutor.accessMainPhase(TestCaseExecutor.java:404)
	at com.kms.katalon.core.main.TestCaseExecutor.execute(TestCaseExecutor.java:281)
	at com.kms.katalon.core.main.TestSuiteExecutor.accessTestCaseMainPhase(TestSuiteExecutor.java:202)
	at com.kms.katalon.core.main.TestSuiteExecutor.accessTestSuiteMainPhase(TestSuiteExecutor.java:164)
	at com.kms.katalon.core.main.TestSuiteExecutor.execute(TestSuiteExecutor.java:105)
	at com.kms.katalon.core.main.TestCaseMain.startTestSuite(TestCaseMain.java:185)
	at com.kms.katalon.core.main.TestCaseMain$startTestSuite$0.call(Unknown Source)
	at TempTestSuite1649143156543.run(TempTestSuite1649143156543.groovy:36)
Caused by: com.kms.katalon.core.exception.StepFailedException: Text 'Изменения в составе сохранены' is not present on page 
	at com.kms.katalon.core.webui.keyword.internal.WebUIKeywordMain.stepFailed(WebUIKeywordMain.groovy:64)
	at com.kms.katalon.core.webui.keyword.builtin.VerifyTextPresentKeyword$_verifyTextPresent_closure1.doCall(VerifyTextPresentKeyword.groovy:79)
	at com.kms.katalon.core.webui.keyword.builtin.VerifyTextPresentKeyword$_verifyTextPresent_closure1.call(VerifyTextPresentKeyword.groovy)
	at com.kms.katalon.core.webui.keyword.internal.WebUIKeywordMain.runKeyword(WebUIKeywordMain.groovy:20)
	... 19 more
)
[[ATTACHMENT|C:\\Users\\LENOVO\\Katalon Studio\\Avangard\\Reports\\20220405_101904\\\u0422\u0440\u0435\u043D\u0435\u0440\\20220405_101916\\1649143587716.png]]]]></system-out>
         <system-err><![CDATA[2022-04-05 10:21:34 - [TEST_CASE][FAILED] - Test Cases/Тренер/Составы: Test Cases/Тренер/Составы FAILED.
Reason:
com.kms.katalon.core.exception.StepFailedException: Unable to verify text 'Изменения в составе сохранены' is present 
	at com.kms.katalon.core.webui.keyword.internal.WebUIKeywordMain.stepFailed(WebUIKeywordMain.groovy:64)
	at com.kms.katalon.core.webui.keyword.internal.WebUIKeywordMain.runKeyword(WebUIKeywordMain.groovy:26)
	at com.kms.katalon.core.webui.keyword.builtin.VerifyTextPresentKeyword.verifyTextPresent(VerifyTextPresentKeyword.groovy:83)
	at com.kms.katalon.core.webui.keyword.builtin.VerifyTextPresentKeyword.execute(VerifyTextPresentKeyword.groovy:68)
	at com.kms.katalon.core.keyword.internal.KeywordExecutor.executeKeywordForPlatform(KeywordExecutor.groovy:74)
	at com.kms.katalon.core.webui.keyword.WebUiBuiltInKeywords.verifyTextPresent(WebUiBuiltInKeywords.groovy:1723)
	at com.kms.katalon.core.webui.keyword.WebUiBuiltInKeywords$verifyTextPresent$5.call(Unknown Source)
	at Составы.run(Составы:71)
	at com.kms.katalon.core.main.ScriptEngine.run(ScriptEngine.java:194)
	at com.kms.katalon.core.main.ScriptEngine.runScriptAsRawText(ScriptEngine.java:119)
	at com.kms.katalon.core.main.TestCaseExecutor.runScript(TestCaseExecutor.java:442)
	at com.kms.katalon.core.main.TestCaseExecutor.doExecute(TestCaseExecutor.java:433)
	at com.kms.katalon.core.main.TestCaseExecutor.processExecutionPhase(TestCaseExecutor.java:412)
	at com.kms.katalon.core.main.TestCaseExecutor.accessMainPhase(TestCaseExecutor.java:404)
	at com.kms.katalon.core.main.TestCaseExecutor.execute(TestCaseExecutor.java:281)
	at com.kms.katalon.core.main.TestSuiteExecutor.accessTestCaseMainPhase(TestSuiteExecutor.java:202)
	at com.kms.katalon.core.main.TestSuiteExecutor.accessTestSuiteMainPhase(TestSuiteExecutor.java:164)
	at com.kms.katalon.core.main.TestSuiteExecutor.execute(TestSuiteExecutor.java:105)
	at com.kms.katalon.core.main.TestCaseMain.startTestSuite(TestCaseMain.java:185)
	at com.kms.katalon.core.main.TestCaseMain$startTestSuite$0.call(Unknown Source)
	at TempTestSuite1649143156543.run(TempTestSuite1649143156543.groovy:36)
Caused by: com.kms.katalon.core.exception.StepFailedException: Text 'Изменения в составе сохранены' is not present on page 
	at com.kms.katalon.core.webui.keyword.internal.WebUIKeywordMain.stepFailed(WebUIKeywordMain.groovy:64)
	at com.kms.katalon.core.webui.keyword.builtin.VerifyTextPresentKeyword$_verifyTextPresent_closure1.doCall(VerifyTextPresentKeyword.groovy:79)
	at com.kms.katalon.core.webui.keyword.builtin.VerifyTextPresentKeyword$_verifyTextPresent_closure1.call(VerifyTextPresentKeyword.groovy)
	at com.kms.katalon.core.webui.keyword.internal.WebUIKeywordMain.runKeyword(WebUIKeywordMain.groovy:20)
	... 19 more]]></system-err>
      </testcase>
      <testcase name="Test Cases/Тренер/Профиль Тренера" time="310.645" classname="Test Cases/Тренер/Профиль Тренера" status="PASSED">
         <system-out><![CDATA[2022-04-05 10:26:33 - [TEST_CASE][PASSED] - Test Cases/Тренер/Профиль Тренера: Test Cases/Тренер/Профиль Тренера

2022-04-05 10:26:34 - [TEST_STEP][PASSED] - callTestCase(findTestCase("Тренер/Авторизация"), [:], STOP_ON_FAILURE): Call Test Case 'Test Cases/Тренер/Авторизация' successfully

2022-04-05 10:26:34 - [TEST_CASE][PASSED] - Test Cases/Тренер/Авторизация: Test Cases/Тренер/Авторизация

2022-04-05 10:26:34 - [TEST_STEP][PASSED] - openBrowser(""): Browser is opened with url: ''

2022-04-05 10:26:34 - [MESSAGE][WARNING] - A browser is already opened. Closing browser and opening a new one

2022-04-05 10:26:34 - [MESSAGE][INFO] - User set preference: ['os', 'linux']

2022-04-05 10:26:34 - [MESSAGE][INFO] - User set preference: ['browserName', 'chrome']

2022-04-05 10:26:34 - [MESSAGE][INFO] - User set preference: ['browserVersion', '97']

2022-04-05 10:26:34 - [MESSAGE][INFO] - User set preference: ['katalon:option', '{organizationId=632442, tunnelId=, usingTunnel=false}']

2022-04-05 10:26:34 - [MESSAGE][INFO] - Connecting to remote web server 'testcloud.katalon.com/hub' with type 'Selenium'

2022-04-05 10:26:34 - [MESSAGE][INFO] - Action delay is set to 100 milliseconds

2022-04-05 10:31:09 - [MESSAGE][PASSED] - Browser is opened with url: ''

2022-04-05 10:31:09 - [TEST_STEP][PASSED] - maximizeWindow(): Current window maximized

2022-04-05 10:31:10 - [MESSAGE][PASSED] - Current window maximized

2022-04-05 10:31:10 - [TEST_STEP][PASSED] - navigateToUrl(url): Navigate to 'https://stars-stage.hawk.ru:8080' successfully

2022-04-05 10:31:16 - [MESSAGE][PASSED] - Navigate to 'https://stars-stage.hawk.ru:8080' successfully

2022-04-05 10:31:16 - [TEST_STEP][PASSED] - setText(findTestObject("Object Repository/manager/Page_/input__sc-lnrBVv eqPACj"), coach_login): Text 'levashev.ps@hc-avangard.com' is set on object 'Object Repository/manager/Page_/input__sc-lnrBVv eqPACj'

2022-04-05 10:31:20 - [MESSAGE][PASSED] - Text 'levashev.ps@hc-avangard.com' is set on object 'Object Repository/manager/Page_/input__sc-lnrBVv eqPACj'

2022-04-05 10:31:20 - [TEST_STEP][PASSED] - setText(findTestObject("Object Repository/manager/Page_/input__sc-lnrBVv eqPACj_1"), coach_password): Text 'Darden41087' is set on object 'Object Repository/manager/Page_/input__sc-lnrBVv eqPACj_1'

2022-04-05 10:31:24 - [MESSAGE][PASSED] - Text 'Darden41087' is set on object 'Object Repository/manager/Page_/input__sc-lnrBVv eqPACj_1'

2022-04-05 10:31:24 - [TEST_STEP][PASSED] - click(findTestObject("manager/Page_/go")): Object: 'Object Repository/manager/Page_/go' is clicked on

2022-04-05 10:31:26 - [MESSAGE][PASSED] - Object: 'Object Repository/manager/Page_/go' is clicked on

2022-04-05 10:31:26 - [MESSAGE][PASSED] - Call Test Case 'Test Cases/Тренер/Авторизация' successfully

2022-04-05 10:31:26 - [TEST_STEP][PASSED] - click(findTestObject("Object Repository/ТРЕНЕР/reports/IMT/Page_/Page_/div_ (1)")): Object: 'Object Repository/ТРЕНЕР/reports/IMT/Page_/Page_/div_ (1)' is clicked on

2022-04-05 10:31:37 - [MESSAGE][PASSED] - Object: 'Object Repository/ТРЕНЕР/reports/IMT/Page_/Page_/div_ (1)' is clicked on

2022-04-05 10:31:37 - [TEST_STEP][PASSED] - click(findTestObject("Object Repository/ТРЕНЕР/reports/IMT/Page_/Page_/save")): Object: 'Object Repository/ТРЕНЕР/reports/IMT/Page_/Page_/save' is clicked on

2022-04-05 10:31:39 - [MESSAGE][PASSED] - Object: 'Object Repository/ТРЕНЕР/reports/IMT/Page_/Page_/save' is clicked on

2022-04-05 10:31:39 - [TEST_STEP][PASSED] - verifyTextPresent("Пользователь сохранен", false): Text 'Пользователь сохранен' is present on page 

2022-04-05 10:31:42 - [MESSAGE][PASSED] - Text 'Пользователь сохранен' is present on page 

2022-04-05 10:31:42 - [TEST_STEP][PASSED] - click(findTestObject("Object Repository/ТРЕНЕР/reports/IMT/Page_/Page_/root")): Object: 'Object Repository/ТРЕНЕР/reports/IMT/Page_/Page_/root' is clicked on

2022-04-05 10:31:44 - [MESSAGE][PASSED] - Object: 'Object Repository/ТРЕНЕР/reports/IMT/Page_/Page_/root' is clicked on

2022-04-05 10:31:44 - [TEST_STEP][PASSED] - closeBrowser(): Browser is closed

2022-04-05 10:31:44 - [MESSAGE][PASSED] - Browser is closed]]></system-out>
         <system-err><![CDATA[]]></system-err>
      </testcase>
      <testcase name="Test Cases/Тренер/Статистика" time="279.422" classname="Test Cases/Тренер/Статистика" status="FAILED">
         <failure type="FAILED" message="Test Cases/Тренер/Статистика FAILED.
Reason:
com.kms.katalon.core.exception.StepFailedException: Unable to click on object 'Object Repository/Avangard New/Object (Тренер)/Case (Статистика)/team'
	at com.kms.katalon.core.webui.keyword.internal.WebUIKeywordMain.stepFailed(WebUIKeywordMain.groovy:64)
	at com.kms.katalon.core.webui.keyword.internal.WebUIKeywordMain.runKeyword(WebUIKeywordMain.groovy:26)
	at com.kms.katalon.core.webui.keyword.builtin.ClickKeyword.click(ClickKeyword.groovy:74)
	at com.kms.katalon.core.webui.keyword.builtin.ClickKeyword.execute(ClickKeyword.groovy:40)
	at com.kms.katalon.core.keyword.internal.KeywordExecutor.executeKeywordForPlatform(KeywordExecutor.groovy:74)
	at com.kms.katalon.core.webui.keyword.WebUiBuiltInKeywords.click(WebUiBuiltInKeywords.groovy:620)
	at com.kms.katalon.core.webui.keyword.WebUiBuiltInKeywords$click$3.call(Unknown Source)
	at Статистика.run(Статистика:29)
	at com.kms.katalon.core.main.ScriptEngine.run(ScriptEngine.java:194)
	at com.kms.katalon.core.main.ScriptEngine.runScriptAsRawText(ScriptEngine.java:119)
	at com.kms.katalon.core.main.TestCaseExecutor.runScript(TestCaseExecutor.java:442)
	at com.kms.katalon.core.main.TestCaseExecutor.doExecute(TestCaseExecutor.java:433)
	at com.kms.katalon.core.main.TestCaseExecutor.processExecutionPhase(TestCaseExecutor.java:412)
	at com.kms.katalon.core.main.TestCaseExecutor.accessMainPhase(TestCaseExecutor.java:404)
	at com.kms.katalon.core.main.TestCaseExecutor.execute(TestCaseExecutor.java:281)
	at com.kms.katalon.core.main.TestSuiteExecutor.accessTestCaseMainPhase(TestSuiteExecutor.java:202)
	at com.kms.katalon.core.main.TestSuiteExecutor.accessTestSuiteMainPhase(TestSuiteExecutor.java:164)
	at com.kms.katalon.core.main.TestSuiteExecutor.execute(TestSuiteExecutor.java:105)
	at com.kms.katalon.core.main.TestCaseMain.startTestSuite(TestCaseMain.java:185)
	at com.kms.katalon.core.main.TestCaseMain$startTestSuite$0.call(Unknown Source)
	at TempTestSuite1649143156543.run(TempTestSuite1649143156543.groovy:36)
Caused by: org.openqa.selenium.ElementClickInterceptedException: element click intercepted: Element &lt;div class=&quot;css-1hwfws3&quot;>...&lt;/div> is not clickable at point (922, 133). Other element would receive the click: &lt;div class=&quot;Select__SelectContainer-sc-d2163e-0 dIyxuE SelectContainer disabled&quot;>...&lt;/div>
  (Session info: chrome=97.0.4692.71)
Build info: version: '3.141.59', revision: 'e82be7d358', time: '2018-11-14T08:25:53'
System info: host: 'DESKTOP-KNHN0AA', ip: '192.168.2.114', os.name: 'Windows 10', os.arch: 'amd64', os.version: '10.0', java.version: '1.8.0_282'
Driver info: com.kms.katalon.selenium.driver.CRemoteWebDriver
Capabilities {acceptInsecureCerts: false, browserName: chrome, browserVersion: 97.0.4692.71, chrome: {chromedriverVersion: 97.0.4692.71 (adefa7837d02a..., userDataDir: /tmp/.com.google.Chrome.pTjFzn}, goog:chromeOptions: {debuggerAddress: localhost:43787}, javascriptEnabled: true, networkConnectionEnabled: false, pageLoadStrategy: normal, platform: LINUX, platformName: LINUX, proxy: Proxy(direct), se:cdp: ws://172.48.55.136:4444/ses..., se:cdpVersion: 97.0.4692.71, se:vnc: ws://172.48.55.136:4444/ses..., se:vncEnabled: true, se:vncLocalAddress: ws://172.48.55.136:7900, setWindowRect: true, strictFileInteractability: false, timeouts: {implicit: 0, pageLoad: 300000, script: 30000}, unhandledPromptBehavior: dismiss and notify, webauthn:extension:credBlob: true, webauthn:extension:largeBlob: true, webauthn:virtualAuthenticators: true}
Session ID: aa54e4ecc08ccf396b5ee7daf84dff7b
	at org.openqa.selenium.remote.http.W3CHttpResponseCodec.createException(W3CHttpResponseCodec.java:187)
	at org.openqa.selenium.remote.http.W3CHttpResponseCodec.decode(W3CHttpResponseCodec.java:122)
	at org.openqa.selenium.remote.http.W3CHttpResponseCodec.decode(W3CHttpResponseCodec.java:49)
	at org.openqa.selenium.remote.HttpCommandExecutor.execute(HttpCommandExecutor.java:158)
	at org.openqa.selenium.remote.RemoteWebDriver.execute(RemoteWebDriver.java:552)
	at com.kms.katalon.selenium.driver.CRemoteWebDriver.execute(CRemoteWebDriver.java:30)
	at org.openqa.selenium.remote.RemoteWebElement.execute(RemoteWebElement.java:285)
	at org.openqa.selenium.remote.RemoteWebElement.click(RemoteWebElement.java:84)
	at org.openqa.selenium.support.events.EventFiringWebDriver$EventFiringWebElement.lambda$new$0(EventFiringWebDriver.java:404)
	at com.sun.proxy.$Proxy11.click(Unknown Source)
	at org.openqa.selenium.support.events.EventFiringWebDriver$EventFiringWebElement.click(EventFiringWebDriver.java:417)
	at org.openqa.selenium.WebElement$click.call(Unknown Source)
	at com.kms.katalon.core.webui.keyword.builtin.ClickKeyword.clickUntilSuccessWithTimeout(ClickKeyword.groovy:81)
	at com.kms.katalon.core.webui.keyword.builtin.ClickKeyword.clickUntilSuccessWithTimeout(ClickKeyword.groovy)
	at com.kms.katalon.core.webui.keyword.builtin.ClickKeyword$_click_closure1.doCall(ClickKeyword.groovy:67)
	at com.kms.katalon.core.webui.keyword.builtin.ClickKeyword$_click_closure1.call(ClickKeyword.groovy)
	at com.kms.katalon.core.webui.keyword.internal.WebUIKeywordMain.runKeyword(WebUIKeywordMain.groovy:20)
	... 19 more
"/>
         <system-out><![CDATA[2022-04-05 10:31:44 - [TEST_CASE][FAILED] - Test Cases/Тренер/Статистика: Test Cases/Тренер/Статистика FAILED.
Reason:
com.kms.katalon.core.exception.StepFailedException: Unable to click on object 'Object Repository/Avangard New/Object (Тренер)/Case (Статистика)/team'
	at com.kms.katalon.core.webui.keyword.internal.WebUIKeywordMain.stepFailed(WebUIKeywordMain.groovy:64)
	at com.kms.katalon.core.webui.keyword.internal.WebUIKeywordMain.runKeyword(WebUIKeywordMain.groovy:26)
	at com.kms.katalon.core.webui.keyword.builtin.ClickKeyword.click(ClickKeyword.groovy:74)
	at com.kms.katalon.core.webui.keyword.builtin.ClickKeyword.execute(ClickKeyword.groovy:40)
	at com.kms.katalon.core.keyword.internal.KeywordExecutor.executeKeywordForPlatform(KeywordExecutor.groovy:74)
	at com.kms.katalon.core.webui.keyword.WebUiBuiltInKeywords.click(WebUiBuiltInKeywords.groovy:620)
	at com.kms.katalon.core.webui.keyword.WebUiBuiltInKeywords$click$3.call(Unknown Source)
	at Статистика.run(Статистика:29)
	at com.kms.katalon.core.main.ScriptEngine.run(ScriptEngine.java:194)
	at com.kms.katalon.core.main.ScriptEngine.runScriptAsRawText(ScriptEngine.java:119)
	at com.kms.katalon.core.main.TestCaseExecutor.runScript(TestCaseExecutor.java:442)
	at com.kms.katalon.core.main.TestCaseExecutor.doExecute(TestCaseExecutor.java:433)
	at com.kms.katalon.core.main.TestCaseExecutor.processExecutionPhase(TestCaseExecutor.java:412)
	at com.kms.katalon.core.main.TestCaseExecutor.accessMainPhase(TestCaseExecutor.java:404)
	at com.kms.katalon.core.main.TestCaseExecutor.execute(TestCaseExecutor.java:281)
	at com.kms.katalon.core.main.TestSuiteExecutor.accessTestCaseMainPhase(TestSuiteExecutor.java:202)
	at com.kms.katalon.core.main.TestSuiteExecutor.accessTestSuiteMainPhase(TestSuiteExecutor.java:164)
	at com.kms.katalon.core.main.TestSuiteExecutor.execute(TestSuiteExecutor.java:105)
	at com.kms.katalon.core.main.TestCaseMain.startTestSuite(TestCaseMain.java:185)
	at com.kms.katalon.core.main.TestCaseMain$startTestSuite$0.call(Unknown Source)
	at TempTestSuite1649143156543.run(TempTestSuite1649143156543.groovy:36)
Caused by: org.openqa.selenium.ElementClickInterceptedException: element click intercepted: Element <div class="css-1hwfws3">...</div> is not clickable at point (922, 133). Other element would receive the click: <div class="Select__SelectContainer-sc-d2163e-0 dIyxuE SelectContainer disabled">...</div>
  (Session info: chrome=97.0.4692.71)
Build info: version: '3.141.59', revision: 'e82be7d358', time: '2018-11-14T08:25:53'
System info: host: 'DESKTOP-KNHN0AA', ip: '192.168.2.114', os.name: 'Windows 10', os.arch: 'amd64', os.version: '10.0', java.version: '1.8.0_282'
Driver info: com.kms.katalon.selenium.driver.CRemoteWebDriver
Capabilities {acceptInsecureCerts: false, browserName: chrome, browserVersion: 97.0.4692.71, chrome: {chromedriverVersion: 97.0.4692.71 (adefa7837d02a..., userDataDir: /tmp/.com.google.Chrome.pTjFzn}, goog:chromeOptions: {debuggerAddress: localhost:43787}, javascriptEnabled: true, networkConnectionEnabled: false, pageLoadStrategy: normal, platform: LINUX, platformName: LINUX, proxy: Proxy(direct), se:cdp: ws://172.48.55.136:4444/ses..., se:cdpVersion: 97.0.4692.71, se:vnc: ws://172.48.55.136:4444/ses..., se:vncEnabled: true, se:vncLocalAddress: ws://172.48.55.136:7900, setWindowRect: true, strictFileInteractability: false, timeouts: {implicit: 0, pageLoad: 300000, script: 30000}, unhandledPromptBehavior: dismiss and notify, webauthn:extension:credBlob: true, webauthn:extension:largeBlob: true, webauthn:virtualAuthenticators: true}
Session ID: aa54e4ecc08ccf396b5ee7daf84dff7b
	at org.openqa.selenium.remote.http.W3CHttpResponseCodec.createException(W3CHttpResponseCodec.java:187)
	at org.openqa.selenium.remote.http.W3CHttpResponseCodec.decode(W3CHttpResponseCodec.java:122)
	at org.openqa.selenium.remote.http.W3CHttpResponseCodec.decode(W3CHttpResponseCodec.java:49)
	at org.openqa.selenium.remote.HttpCommandExecutor.execute(HttpCommandExecutor.java:158)
	at org.openqa.selenium.remote.RemoteWebDriver.execute(RemoteWebDriver.java:552)
	at com.kms.katalon.selenium.driver.CRemoteWebDriver.execute(CRemoteWebDriver.java:30)
	at org.openqa.selenium.remote.RemoteWebElement.execute(RemoteWebElement.java:285)
	at org.openqa.selenium.remote.RemoteWebElement.click(RemoteWebElement.java:84)
	at org.openqa.selenium.support.events.EventFiringWebDriver$EventFiringWebElement.lambda$new$0(EventFiringWebDriver.java:404)
	at com.sun.proxy.$Proxy11.click(Unknown Source)
	at org.openqa.selenium.support.events.EventFiringWebDriver$EventFiringWebElement.click(EventFiringWebDriver.java:417)
	at org.openqa.selenium.WebElement$click.call(Unknown Source)
	at com.kms.katalon.core.webui.keyword.builtin.ClickKeyword.clickUntilSuccessWithTimeout(ClickKeyword.groovy:81)
	at com.kms.katalon.core.webui.keyword.builtin.ClickKeyword.clickUntilSuccessWithTimeout(ClickKeyword.groovy)
	at com.kms.katalon.core.webui.keyword.builtin.ClickKeyword$_click_closure1.doCall(ClickKeyword.groovy:67)
	at com.kms.katalon.core.webui.keyword.builtin.ClickKeyword$_click_closure1.call(ClickKeyword.groovy)
	at com.kms.katalon.core.webui.keyword.internal.WebUIKeywordMain.runKeyword(WebUIKeywordMain.groovy:20)
	... 19 more


2022-04-05 10:31:44 - [TEST_STEP][PASSED] - callTestCase(findTestCase("Тренер/Авторизация"), [:], STOP_ON_FAILURE): Call Test Case 'Test Cases/Тренер/Авторизация' successfully

2022-04-05 10:31:45 - [TEST_CASE][PASSED] - Test Cases/Тренер/Авторизация: Test Cases/Тренер/Авторизация

2022-04-05 10:31:45 - [TEST_STEP][PASSED] - openBrowser(""): Browser is opened with url: ''

2022-04-05 10:31:45 - [MESSAGE][INFO] - User set preference: ['os', 'linux']

2022-04-05 10:31:45 - [MESSAGE][INFO] - User set preference: ['browserName', 'chrome']

2022-04-05 10:31:45 - [MESSAGE][INFO] - User set preference: ['browserVersion', '97']

2022-04-05 10:31:45 - [MESSAGE][INFO] - User set preference: ['katalon:option', '{organizationId=632442, tunnelId=, usingTunnel=false}']

2022-04-05 10:31:45 - [MESSAGE][INFO] - Connecting to remote web server 'testcloud.katalon.com/hub' with type 'Selenium'

2022-04-05 10:31:45 - [MESSAGE][INFO] - Action delay is set to 100 milliseconds

2022-04-05 10:35:12 - [MESSAGE][PASSED] - Browser is opened with url: ''

2022-04-05 10:35:12 - [TEST_STEP][PASSED] - maximizeWindow(): Current window maximized

2022-04-05 10:35:12 - [MESSAGE][PASSED] - Current window maximized

2022-04-05 10:35:12 - [TEST_STEP][PASSED] - navigateToUrl(url): Navigate to 'https://stars-stage.hawk.ru:8080' successfully

2022-04-05 10:35:18 - [MESSAGE][PASSED] - Navigate to 'https://stars-stage.hawk.ru:8080' successfully

2022-04-05 10:35:18 - [TEST_STEP][PASSED] - setText(findTestObject("Object Repository/manager/Page_/input__sc-lnrBVv eqPACj"), coach_login): Text 'levashev.ps@hc-avangard.com' is set on object 'Object Repository/manager/Page_/input__sc-lnrBVv eqPACj'

2022-04-05 10:35:22 - [MESSAGE][PASSED] - Text 'levashev.ps@hc-avangard.com' is set on object 'Object Repository/manager/Page_/input__sc-lnrBVv eqPACj'

2022-04-05 10:35:22 - [TEST_STEP][PASSED] - setText(findTestObject("Object Repository/manager/Page_/input__sc-lnrBVv eqPACj_1"), coach_password): Text 'Darden41087' is set on object 'Object Repository/manager/Page_/input__sc-lnrBVv eqPACj_1'

2022-04-05 10:35:27 - [MESSAGE][PASSED] - Text 'Darden41087' is set on object 'Object Repository/manager/Page_/input__sc-lnrBVv eqPACj_1'

2022-04-05 10:35:27 - [TEST_STEP][PASSED] - click(findTestObject("manager/Page_/go")): Object: 'Object Repository/manager/Page_/go' is clicked on

2022-04-05 10:35:29 - [MESSAGE][PASSED] - Object: 'Object Repository/manager/Page_/go' is clicked on

2022-04-05 10:35:29 - [MESSAGE][PASSED] - Call Test Case 'Test Cases/Тренер/Авторизация' successfully

2022-04-05 10:35:29 - [TEST_STEP][PASSED] - click(findTestObject("Object Repository/Avangard New/Object (Тренер)/Case (Статистика)/report")): Object: 'Object Repository/Avangard New/Object (Тренер)/Case (Статистика)/report' is clicked on

2022-04-05 10:35:42 - [MESSAGE][PASSED] - Object: 'Object Repository/Avangard New/Object (Тренер)/Case (Статистика)/report' is clicked on

2022-04-05 10:35:42 - [TEST_STEP][PASSED] - click(findTestObject("Object Repository/Avangard New/Object (Тренер)/Case (Статистика)/statsreport")): Object: 'Object Repository/Avangard New/Object (Тренер)/Case (Статистика)/statsreport' is clicked on

2022-04-05 10:35:45 - [MESSAGE][PASSED] - Object: 'Object Repository/Avangard New/Object (Тренер)/Case (Статистика)/statsreport' is clicked on

2022-04-05 10:35:45 - [TEST_STEP][FAILED] - click(findTestObject("Object Repository/Avangard New/Object (Тренер)/Case (Статистика)/team")): Unable to click on object 'Object Repository/Avangard New/Object (Тренер)/Case (Статистика)/team' (Root cause: com.kms.katalon.core.exception.StepFailedException: Unable to click on object 'Object Repository/Avangard New/Object (Тренер)/Case (Статистика)/team'
	at com.kms.katalon.core.webui.keyword.internal.WebUIKeywordMain.stepFailed(WebUIKeywordMain.groovy:64)
	at com.kms.katalon.core.webui.keyword.internal.WebUIKeywordMain.runKeyword(WebUIKeywordMain.groovy:26)
	at com.kms.katalon.core.webui.keyword.builtin.ClickKeyword.click(ClickKeyword.groovy:74)
	at com.kms.katalon.core.webui.keyword.builtin.ClickKeyword.execute(ClickKeyword.groovy:40)
	at com.kms.katalon.core.keyword.internal.KeywordExecutor.executeKeywordForPlatform(KeywordExecutor.groovy:74)
	at com.kms.katalon.core.webui.keyword.WebUiBuiltInKeywords.click(WebUiBuiltInKeywords.groovy:620)
	at com.kms.katalon.core.webui.keyword.WebUiBuiltInKeywords$click$3.call(Unknown Source)
	at Статистика.run(Статистика:29)
	at com.kms.katalon.core.main.ScriptEngine.run(ScriptEngine.java:194)
	at com.kms.katalon.core.main.ScriptEngine.runScriptAsRawText(ScriptEngine.java:119)
	at com.kms.katalon.core.main.TestCaseExecutor.runScript(TestCaseExecutor.java:442)
	at com.kms.katalon.core.main.TestCaseExecutor.doExecute(TestCaseExecutor.java:433)
	at com.kms.katalon.core.main.TestCaseExecutor.processExecutionPhase(TestCaseExecutor.java:412)
	at com.kms.katalon.core.main.TestCaseExecutor.accessMainPhase(TestCaseExecutor.java:404)
	at com.kms.katalon.core.main.TestCaseExecutor.execute(TestCaseExecutor.java:281)
	at com.kms.katalon.core.main.TestSuiteExecutor.accessTestCaseMainPhase(TestSuiteExecutor.java:202)
	at com.kms.katalon.core.main.TestSuiteExecutor.accessTestSuiteMainPhase(TestSuiteExecutor.java:164)
	at com.kms.katalon.core.main.TestSuiteExecutor.execute(TestSuiteExecutor.java:105)
	at com.kms.katalon.core.main.TestCaseMain.startTestSuite(TestCaseMain.java:185)
	at com.kms.katalon.core.main.TestCaseMain$startTestSuite$0.call(Unknown Source)
	at TempTestSuite1649143156543.run(TempTestSuite1649143156543.groovy:36)
Caused by: org.openqa.selenium.ElementClickInterceptedException: element click intercepted: Element <div class="css-1hwfws3">...</div> is not clickable at point (922, 133). Other element would receive the click: <div class="Select__SelectContainer-sc-d2163e-0 dIyxuE SelectContainer disabled">...</div>
  (Session info: chrome=97.0.4692.71)
Build info: version: '3.141.59', revision: 'e82be7d358', time: '2018-11-14T08:25:53'
System info: host: 'DESKTOP-KNHN0AA', ip: '192.168.2.114', os.name: 'Windows 10', os.arch: 'amd64', os.version: '10.0', java.version: '1.8.0_282'
Driver info: com.kms.katalon.selenium.driver.CRemoteWebDriver
Capabilities {acceptInsecureCerts: false, browserName: chrome, browserVersion: 97.0.4692.71, chrome: {chromedriverVersion: 97.0.4692.71 (adefa7837d02a..., userDataDir: /tmp/.com.google.Chrome.pTjFzn}, goog:chromeOptions: {debuggerAddress: localhost:43787}, javascriptEnabled: true, networkConnectionEnabled: false, pageLoadStrategy: normal, platform: LINUX, platformName: LINUX, proxy: Proxy(direct), se:cdp: ws://172.48.55.136:4444/ses..., se:cdpVersion: 97.0.4692.71, se:vnc: ws://172.48.55.136:4444/ses..., se:vncEnabled: true, se:vncLocalAddress: ws://172.48.55.136:7900, setWindowRect: true, strictFileInteractability: false, timeouts: {implicit: 0, pageLoad: 300000, script: 30000}, unhandledPromptBehavior: dismiss and notify, webauthn:extension:credBlob: true, webauthn:extension:largeBlob: true, webauthn:virtualAuthenticators: true}
Session ID: aa54e4ecc08ccf396b5ee7daf84dff7b
	at org.openqa.selenium.remote.http.W3CHttpResponseCodec.createException(W3CHttpResponseCodec.java:187)
	at org.openqa.selenium.remote.http.W3CHttpResponseCodec.decode(W3CHttpResponseCodec.java:122)
	at org.openqa.selenium.remote.http.W3CHttpResponseCodec.decode(W3CHttpResponseCodec.java:49)
	at org.openqa.selenium.remote.HttpCommandExecutor.execute(HttpCommandExecutor.java:158)
	at org.openqa.selenium.remote.RemoteWebDriver.execute(RemoteWebDriver.java:552)
	at com.kms.katalon.selenium.driver.CRemoteWebDriver.execute(CRemoteWebDriver.java:30)
	at org.openqa.selenium.remote.RemoteWebElement.execute(RemoteWebElement.java:285)
	at org.openqa.selenium.remote.RemoteWebElement.click(RemoteWebElement.java:84)
	at org.openqa.selenium.support.events.EventFiringWebDriver$EventFiringWebElement.lambda$new$0(EventFiringWebDriver.java:404)
	at com.sun.proxy.$Proxy11.click(Unknown Source)
	at org.openqa.selenium.support.events.EventFiringWebDriver$EventFiringWebElement.click(EventFiringWebDriver.java:417)
	at org.openqa.selenium.WebElement$click.call(Unknown Source)
	at com.kms.katalon.core.webui.keyword.builtin.ClickKeyword.clickUntilSuccessWithTimeout(ClickKeyword.groovy:81)
	at com.kms.katalon.core.webui.keyword.builtin.ClickKeyword.clickUntilSuccessWithTimeout(ClickKeyword.groovy)
	at com.kms.katalon.core.webui.keyword.builtin.ClickKeyword$_click_closure1.doCall(ClickKeyword.groovy:67)
	at com.kms.katalon.core.webui.keyword.builtin.ClickKeyword$_click_closure1.call(ClickKeyword.groovy)
	at com.kms.katalon.core.webui.keyword.internal.WebUIKeywordMain.runKeyword(WebUIKeywordMain.groovy:20)
	at com.kms.katalon.core.webui.keyword.builtin.ClickKeyword.click(ClickKeyword.groovy:74)
	at com.kms.katalon.core.webui.keyword.builtin.ClickKeyword.execute(ClickKeyword.groovy:40)
	at com.kms.katalon.core.keyword.internal.KeywordExecutor.executeKeywordForPlatform(KeywordExecutor.groovy:74)
	at com.kms.katalon.core.webui.keyword.WebUiBuiltInKeywords.click(WebUiBuiltInKeywords.groovy:620)
	at com.kms.katalon.core.webui.keyword.WebUiBuiltInKeywords$click$3.call(Unknown Source)
	at Script1645285819922.run(Script1645285819922.groovy:29)
	... 13 more
)

2022-04-05 10:36:21 - [MESSAGE][FAILED] - Unable to click on object 'Object Repository/Avangard New/Object (Тренер)/Case (Статистика)/team' (Root cause: com.kms.katalon.core.exception.StepFailedException: Unable to click on object 'Object Repository/Avangard New/Object (Тренер)/Case (Статистика)/team'
	at com.kms.katalon.core.webui.keyword.internal.WebUIKeywordMain.stepFailed(WebUIKeywordMain.groovy:64)
	at com.kms.katalon.core.webui.keyword.internal.WebUIKeywordMain.runKeyword(WebUIKeywordMain.groovy:26)
	at com.kms.katalon.core.webui.keyword.builtin.ClickKeyword.click(ClickKeyword.groovy:74)
	at com.kms.katalon.core.webui.keyword.builtin.ClickKeyword.execute(ClickKeyword.groovy:40)
	at com.kms.katalon.core.keyword.internal.KeywordExecutor.executeKeywordForPlatform(KeywordExecutor.groovy:74)
	at com.kms.katalon.core.webui.keyword.WebUiBuiltInKeywords.click(WebUiBuiltInKeywords.groovy:620)
	at com.kms.katalon.core.webui.keyword.WebUiBuiltInKeywords$click$3.call(Unknown Source)
	at Статистика.run(Статистика:29)
	at com.kms.katalon.core.main.ScriptEngine.run(ScriptEngine.java:194)
	at com.kms.katalon.core.main.ScriptEngine.runScriptAsRawText(ScriptEngine.java:119)
	at com.kms.katalon.core.main.TestCaseExecutor.runScript(TestCaseExecutor.java:442)
	at com.kms.katalon.core.main.TestCaseExecutor.doExecute(TestCaseExecutor.java:433)
	at com.kms.katalon.core.main.TestCaseExecutor.processExecutionPhase(TestCaseExecutor.java:412)
	at com.kms.katalon.core.main.TestCaseExecutor.accessMainPhase(TestCaseExecutor.java:404)
	at com.kms.katalon.core.main.TestCaseExecutor.execute(TestCaseExecutor.java:281)
	at com.kms.katalon.core.main.TestSuiteExecutor.accessTestCaseMainPhase(TestSuiteExecutor.java:202)
	at com.kms.katalon.core.main.TestSuiteExecutor.accessTestSuiteMainPhase(TestSuiteExecutor.java:164)
	at com.kms.katalon.core.main.TestSuiteExecutor.execute(TestSuiteExecutor.java:105)
	at com.kms.katalon.core.main.TestCaseMain.startTestSuite(TestCaseMain.java:185)
	at com.kms.katalon.core.main.TestCaseMain$startTestSuite$0.call(Unknown Source)
	at TempTestSuite1649143156543.run(TempTestSuite1649143156543.groovy:36)
Caused by: org.openqa.selenium.ElementClickInterceptedException: element click intercepted: Element <div class="css-1hwfws3">...</div> is not clickable at point (922, 133). Other element would receive the click: <div class="Select__SelectContainer-sc-d2163e-0 dIyxuE SelectContainer disabled">...</div>
  (Session info: chrome=97.0.4692.71)
Build info: version: '3.141.59', revision: 'e82be7d358', time: '2018-11-14T08:25:53'
System info: host: 'DESKTOP-KNHN0AA', ip: '192.168.2.114', os.name: 'Windows 10', os.arch: 'amd64', os.version: '10.0', java.version: '1.8.0_282'
Driver info: com.kms.katalon.selenium.driver.CRemoteWebDriver
Capabilities {acceptInsecureCerts: false, browserName: chrome, browserVersion: 97.0.4692.71, chrome: {chromedriverVersion: 97.0.4692.71 (adefa7837d02a..., userDataDir: /tmp/.com.google.Chrome.pTjFzn}, goog:chromeOptions: {debuggerAddress: localhost:43787}, javascriptEnabled: true, networkConnectionEnabled: false, pageLoadStrategy: normal, platform: LINUX, platformName: LINUX, proxy: Proxy(direct), se:cdp: ws://172.48.55.136:4444/ses..., se:cdpVersion: 97.0.4692.71, se:vnc: ws://172.48.55.136:4444/ses..., se:vncEnabled: true, se:vncLocalAddress: ws://172.48.55.136:7900, setWindowRect: true, strictFileInteractability: false, timeouts: {implicit: 0, pageLoad: 300000, script: 30000}, unhandledPromptBehavior: dismiss and notify, webauthn:extension:credBlob: true, webauthn:extension:largeBlob: true, webauthn:virtualAuthenticators: true}
Session ID: aa54e4ecc08ccf396b5ee7daf84dff7b
	at org.openqa.selenium.remote.http.W3CHttpResponseCodec.createException(W3CHttpResponseCodec.java:187)
	at org.openqa.selenium.remote.http.W3CHttpResponseCodec.decode(W3CHttpResponseCodec.java:122)
	at org.openqa.selenium.remote.http.W3CHttpResponseCodec.decode(W3CHttpResponseCodec.java:49)
	at org.openqa.selenium.remote.HttpCommandExecutor.execute(HttpCommandExecutor.java:158)
	at org.openqa.selenium.remote.RemoteWebDriver.execute(RemoteWebDriver.java:552)
	at com.kms.katalon.selenium.driver.CRemoteWebDriver.execute(CRemoteWebDriver.java:30)
	at org.openqa.selenium.remote.RemoteWebElement.execute(RemoteWebElement.java:285)
	at org.openqa.selenium.remote.RemoteWebElement.click(RemoteWebElement.java:84)
	at org.openqa.selenium.support.events.EventFiringWebDriver$EventFiringWebElement.lambda$new$0(EventFiringWebDriver.java:404)
	at com.sun.proxy.$Proxy11.click(Unknown Source)
	at org.openqa.selenium.support.events.EventFiringWebDriver$EventFiringWebElement.click(EventFiringWebDriver.java:417)
	at org.openqa.selenium.WebElement$click.call(Unknown Source)
	at com.kms.katalon.core.webui.keyword.builtin.ClickKeyword.clickUntilSuccessWithTimeout(ClickKeyword.groovy:81)
	at com.kms.katalon.core.webui.keyword.builtin.ClickKeyword.clickUntilSuccessWithTimeout(ClickKeyword.groovy)
	at com.kms.katalon.core.webui.keyword.builtin.ClickKeyword$_click_closure1.doCall(ClickKeyword.groovy:67)
	at com.kms.katalon.core.webui.keyword.builtin.ClickKeyword$_click_closure1.call(ClickKeyword.groovy)
	at com.kms.katalon.core.webui.keyword.internal.WebUIKeywordMain.runKeyword(WebUIKeywordMain.groovy:20)
	at com.kms.katalon.core.webui.keyword.builtin.ClickKeyword.click(ClickKeyword.groovy:74)
	at com.kms.katalon.core.webui.keyword.builtin.ClickKeyword.execute(ClickKeyword.groovy:40)
	at com.kms.katalon.core.keyword.internal.KeywordExecutor.executeKeywordForPlatform(KeywordExecutor.groovy:74)
	at com.kms.katalon.core.webui.keyword.WebUiBuiltInKeywords.click(WebUiBuiltInKeywords.groovy:620)
	at com.kms.katalon.core.webui.keyword.WebUiBuiltInKeywords$click$3.call(Unknown Source)
	at Script1645285819922.run(Script1645285819922.groovy:29)
	... 13 more
)
[[ATTACHMENT|C:\\Users\\LENOVO\\Katalon Studio\\Avangard\\Reports\\20220405_101904\\\u0422\u0440\u0435\u043D\u0435\u0440\\20220405_101916\\1649144179764.png]]]]></system-out>
         <system-err><![CDATA[2022-04-05 10:31:44 - [TEST_CASE][FAILED] - Test Cases/Тренер/Статистика: Test Cases/Тренер/Статистика FAILED.
Reason:
com.kms.katalon.core.exception.StepFailedException: Unable to click on object 'Object Repository/Avangard New/Object (Тренер)/Case (Статистика)/team'
	at com.kms.katalon.core.webui.keyword.internal.WebUIKeywordMain.stepFailed(WebUIKeywordMain.groovy:64)
	at com.kms.katalon.core.webui.keyword.internal.WebUIKeywordMain.runKeyword(WebUIKeywordMain.groovy:26)
	at com.kms.katalon.core.webui.keyword.builtin.ClickKeyword.click(ClickKeyword.groovy:74)
	at com.kms.katalon.core.webui.keyword.builtin.ClickKeyword.execute(ClickKeyword.groovy:40)
	at com.kms.katalon.core.keyword.internal.KeywordExecutor.executeKeywordForPlatform(KeywordExecutor.groovy:74)
	at com.kms.katalon.core.webui.keyword.WebUiBuiltInKeywords.click(WebUiBuiltInKeywords.groovy:620)
	at com.kms.katalon.core.webui.keyword.WebUiBuiltInKeywords$click$3.call(Unknown Source)
	at Статистика.run(Статистика:29)
	at com.kms.katalon.core.main.ScriptEngine.run(ScriptEngine.java:194)
	at com.kms.katalon.core.main.ScriptEngine.runScriptAsRawText(ScriptEngine.java:119)
	at com.kms.katalon.core.main.TestCaseExecutor.runScript(TestCaseExecutor.java:442)
	at com.kms.katalon.core.main.TestCaseExecutor.doExecute(TestCaseExecutor.java:433)
	at com.kms.katalon.core.main.TestCaseExecutor.processExecutionPhase(TestCaseExecutor.java:412)
	at com.kms.katalon.core.main.TestCaseExecutor.accessMainPhase(TestCaseExecutor.java:404)
	at com.kms.katalon.core.main.TestCaseExecutor.execute(TestCaseExecutor.java:281)
	at com.kms.katalon.core.main.TestSuiteExecutor.accessTestCaseMainPhase(TestSuiteExecutor.java:202)
	at com.kms.katalon.core.main.TestSuiteExecutor.accessTestSuiteMainPhase(TestSuiteExecutor.java:164)
	at com.kms.katalon.core.main.TestSuiteExecutor.execute(TestSuiteExecutor.java:105)
	at com.kms.katalon.core.main.TestCaseMain.startTestSuite(TestCaseMain.java:185)
	at com.kms.katalon.core.main.TestCaseMain$startTestSuite$0.call(Unknown Source)
	at TempTestSuite1649143156543.run(TempTestSuite1649143156543.groovy:36)
Caused by: org.openqa.selenium.ElementClickInterceptedException: element click intercepted: Element <div class="css-1hwfws3">...</div> is not clickable at point (922, 133). Other element would receive the click: <div class="Select__SelectContainer-sc-d2163e-0 dIyxuE SelectContainer disabled">...</div>
  (Session info: chrome=97.0.4692.71)
Build info: version: '3.141.59', revision: 'e82be7d358', time: '2018-11-14T08:25:53'
System info: host: 'DESKTOP-KNHN0AA', ip: '192.168.2.114', os.name: 'Windows 10', os.arch: 'amd64', os.version: '10.0', java.version: '1.8.0_282'
Driver info: com.kms.katalon.selenium.driver.CRemoteWebDriver
Capabilities {acceptInsecureCerts: false, browserName: chrome, browserVersion: 97.0.4692.71, chrome: {chromedriverVersion: 97.0.4692.71 (adefa7837d02a..., userDataDir: /tmp/.com.google.Chrome.pTjFzn}, goog:chromeOptions: {debuggerAddress: localhost:43787}, javascriptEnabled: true, networkConnectionEnabled: false, pageLoadStrategy: normal, platform: LINUX, platformName: LINUX, proxy: Proxy(direct), se:cdp: ws://172.48.55.136:4444/ses..., se:cdpVersion: 97.0.4692.71, se:vnc: ws://172.48.55.136:4444/ses..., se:vncEnabled: true, se:vncLocalAddress: ws://172.48.55.136:7900, setWindowRect: true, strictFileInteractability: false, timeouts: {implicit: 0, pageLoad: 300000, script: 30000}, unhandledPromptBehavior: dismiss and notify, webauthn:extension:credBlob: true, webauthn:extension:largeBlob: true, webauthn:virtualAuthenticators: true}
Session ID: aa54e4ecc08ccf396b5ee7daf84dff7b
	at org.openqa.selenium.remote.http.W3CHttpResponseCodec.createException(W3CHttpResponseCodec.java:187)
	at org.openqa.selenium.remote.http.W3CHttpResponseCodec.decode(W3CHttpResponseCodec.java:122)
	at org.openqa.selenium.remote.http.W3CHttpResponseCodec.decode(W3CHttpResponseCodec.java:49)
	at org.openqa.selenium.remote.HttpCommandExecutor.execute(HttpCommandExecutor.java:158)
	at org.openqa.selenium.remote.RemoteWebDriver.execute(RemoteWebDriver.java:552)
	at com.kms.katalon.selenium.driver.CRemoteWebDriver.execute(CRemoteWebDriver.java:30)
	at org.openqa.selenium.remote.RemoteWebElement.execute(RemoteWebElement.java:285)
	at org.openqa.selenium.remote.RemoteWebElement.click(RemoteWebElement.java:84)
	at org.openqa.selenium.support.events.EventFiringWebDriver$EventFiringWebElement.lambda$new$0(EventFiringWebDriver.java:404)
	at com.sun.proxy.$Proxy11.click(Unknown Source)
	at org.openqa.selenium.support.events.EventFiringWebDriver$EventFiringWebElement.click(EventFiringWebDriver.java:417)
	at org.openqa.selenium.WebElement$click.call(Unknown Source)
	at com.kms.katalon.core.webui.keyword.builtin.ClickKeyword.clickUntilSuccessWithTimeout(ClickKeyword.groovy:81)
	at com.kms.katalon.core.webui.keyword.builtin.ClickKeyword.clickUntilSuccessWithTimeout(ClickKeyword.groovy)
	at com.kms.katalon.core.webui.keyword.builtin.ClickKeyword$_click_closure1.doCall(ClickKeyword.groovy:67)
	at com.kms.katalon.core.webui.keyword.builtin.ClickKeyword$_click_closure1.call(ClickKeyword.groovy)
	at com.kms.katalon.core.webui.keyword.internal.WebUIKeywordMain.runKeyword(WebUIKeywordMain.groovy:20)
	... 19 more]]></system-err>
      </testcase>
      <testcase name="Test Cases/Тренер/Оценка навыков" time="313.288" classname="Test Cases/Тренер/Оценка навыков" status="FAILED">
         <failure type="FAILED" message="Test Cases/Тренер/Оценка навыков FAILED.
Reason:
com.kms.katalon.core.exception.StepFailedException: Verify element text of test object 'Object Repository/Avangard New/Object (Тренер)/Case (Оценка навыков)/alert home add' FAILED.
	at com.kms.katalon.core.webui.keyword.internal.WebUIKeywordMain.stepFailed(WebUIKeywordMain.groovy:64)
	at com.kms.katalon.core.webui.keyword.internal.WebUIKeywordMain.runKeyword(WebUIKeywordMain.groovy:26)
	at com.kms.katalon.core.webui.keyword.builtin.VerifyElementTextKeyword.verifyElementText(VerifyElementTextKeyword.groovy:72)
	at com.kms.katalon.core.webui.keyword.builtin.VerifyElementTextKeyword.execute(VerifyElementTextKeyword.groovy:40)
	at com.kms.katalon.core.keyword.internal.KeywordExecutor.executeKeywordForPlatform(KeywordExecutor.groovy:74)
	at com.kms.katalon.core.webui.keyword.WebUiBuiltInKeywords.verifyElementText(WebUiBuiltInKeywords.groovy:4749)
	at com.kms.katalon.core.webui.keyword.WebUiBuiltInKeywords$verifyElementText$7.call(Unknown Source)
	at Оценка навыков.run(Оценка навыков:34)
	at com.kms.katalon.core.main.ScriptEngine.run(ScriptEngine.java:194)
	at com.kms.katalon.core.main.ScriptEngine.runScriptAsRawText(ScriptEngine.java:119)
	at com.kms.katalon.core.main.TestCaseExecutor.runScript(TestCaseExecutor.java:442)
	at com.kms.katalon.core.main.TestCaseExecutor.doExecute(TestCaseExecutor.java:433)
	at com.kms.katalon.core.main.TestCaseExecutor.processExecutionPhase(TestCaseExecutor.java:412)
	at com.kms.katalon.core.main.TestCaseExecutor.accessMainPhase(TestCaseExecutor.java:404)
	at com.kms.katalon.core.main.TestCaseExecutor.execute(TestCaseExecutor.java:281)
	at com.kms.katalon.core.main.TestSuiteExecutor.accessTestCaseMainPhase(TestSuiteExecutor.java:202)
	at com.kms.katalon.core.main.TestSuiteExecutor.accessTestSuiteMainPhase(TestSuiteExecutor.java:164)
	at com.kms.katalon.core.main.TestSuiteExecutor.execute(TestSuiteExecutor.java:105)
	at com.kms.katalon.core.main.TestCaseMain.startTestSuite(TestCaseMain.java:185)
	at com.kms.katalon.core.main.TestCaseMain$startTestSuite$0.call(Unknown Source)
	at TempTestSuite1649143156543.run(TempTestSuite1649143156543.groovy:36)
Caused by: com.kms.katalon.core.exception.StepFailedException: com.kms.katalon.core.webui.exception.WebElementNotFoundException: Web element with id: 'Object Repository/Avangard New/Object (Тренер)/Case (Оценка навыков)/alert home add' located by '(.//*[normalize-space(text()) and normalize-space(.)='Ошибка при заполнении'])[1]/following::p[1]' not found
	at com.kms.katalon.core.webui.keyword.internal.WebUIKeywordMain.stepFailed(WebUIKeywordMain.groovy:64)
	at com.kms.katalon.core.webui.keyword.builtin.VerifyElementTextKeyword$_verifyElementText_closure1.doCall(VerifyElementTextKeyword.groovy:64)
	at com.kms.katalon.core.webui.keyword.builtin.VerifyElementTextKeyword$_verifyElementText_closure1.call(VerifyElementTextKeyword.groovy)
	at com.kms.katalon.core.webui.keyword.internal.WebUIKeywordMain.runKeyword(WebUIKeywordMain.groovy:20)
	... 19 more
"/>
         <system-out><![CDATA[2022-04-05 10:36:24 - [TEST_CASE][FAILED] - Test Cases/Тренер/Оценка навыков: Test Cases/Тренер/Оценка навыков FAILED.
Reason:
com.kms.katalon.core.exception.StepFailedException: Verify element text of test object 'Object Repository/Avangard New/Object (Тренер)/Case (Оценка навыков)/alert home add' FAILED.
	at com.kms.katalon.core.webui.keyword.internal.WebUIKeywordMain.stepFailed(WebUIKeywordMain.groovy:64)
	at com.kms.katalon.core.webui.keyword.internal.WebUIKeywordMain.runKeyword(WebUIKeywordMain.groovy:26)
	at com.kms.katalon.core.webui.keyword.builtin.VerifyElementTextKeyword.verifyElementText(VerifyElementTextKeyword.groovy:72)
	at com.kms.katalon.core.webui.keyword.builtin.VerifyElementTextKeyword.execute(VerifyElementTextKeyword.groovy:40)
	at com.kms.katalon.core.keyword.internal.KeywordExecutor.executeKeywordForPlatform(KeywordExecutor.groovy:74)
	at com.kms.katalon.core.webui.keyword.WebUiBuiltInKeywords.verifyElementText(WebUiBuiltInKeywords.groovy:4749)
	at com.kms.katalon.core.webui.keyword.WebUiBuiltInKeywords$verifyElementText$7.call(Unknown Source)
	at Оценка навыков.run(Оценка навыков:34)
	at com.kms.katalon.core.main.ScriptEngine.run(ScriptEngine.java:194)
	at com.kms.katalon.core.main.ScriptEngine.runScriptAsRawText(ScriptEngine.java:119)
	at com.kms.katalon.core.main.TestCaseExecutor.runScript(TestCaseExecutor.java:442)
	at com.kms.katalon.core.main.TestCaseExecutor.doExecute(TestCaseExecutor.java:433)
	at com.kms.katalon.core.main.TestCaseExecutor.processExecutionPhase(TestCaseExecutor.java:412)
	at com.kms.katalon.core.main.TestCaseExecutor.accessMainPhase(TestCaseExecutor.java:404)
	at com.kms.katalon.core.main.TestCaseExecutor.execute(TestCaseExecutor.java:281)
	at com.kms.katalon.core.main.TestSuiteExecutor.accessTestCaseMainPhase(TestSuiteExecutor.java:202)
	at com.kms.katalon.core.main.TestSuiteExecutor.accessTestSuiteMainPhase(TestSuiteExecutor.java:164)
	at com.kms.katalon.core.main.TestSuiteExecutor.execute(TestSuiteExecutor.java:105)
	at com.kms.katalon.core.main.TestCaseMain.startTestSuite(TestCaseMain.java:185)
	at com.kms.katalon.core.main.TestCaseMain$startTestSuite$0.call(Unknown Source)
	at TempTestSuite1649143156543.run(TempTestSuite1649143156543.groovy:36)
Caused by: com.kms.katalon.core.exception.StepFailedException: com.kms.katalon.core.webui.exception.WebElementNotFoundException: Web element with id: 'Object Repository/Avangard New/Object (Тренер)/Case (Оценка навыков)/alert home add' located by '(.//*[normalize-space(text()) and normalize-space(.)='Ошибка при заполнении'])[1]/following::p[1]' not found
	at com.kms.katalon.core.webui.keyword.internal.WebUIKeywordMain.stepFailed(WebUIKeywordMain.groovy:64)
	at com.kms.katalon.core.webui.keyword.builtin.VerifyElementTextKeyword$_verifyElementText_closure1.doCall(VerifyElementTextKeyword.groovy:64)
	at com.kms.katalon.core.webui.keyword.builtin.VerifyElementTextKeyword$_verifyElementText_closure1.call(VerifyElementTextKeyword.groovy)
	at com.kms.katalon.core.webui.keyword.internal.WebUIKeywordMain.runKeyword(WebUIKeywordMain.groovy:20)
	... 19 more


2022-04-05 10:36:24 - [TEST_STEP][PASSED] - callTestCase(findTestCase("Тренер/Авторизация"), [:], STOP_ON_FAILURE): Call Test Case 'Test Cases/Тренер/Авторизация' successfully

2022-04-05 10:36:24 - [TEST_CASE][PASSED] - Test Cases/Тренер/Авторизация: Test Cases/Тренер/Авторизация

2022-04-05 10:36:24 - [TEST_STEP][PASSED] - openBrowser(""): Browser is opened with url: ''

2022-04-05 10:36:24 - [MESSAGE][WARNING] - A browser is already opened. Closing browser and opening a new one

2022-04-05 10:36:25 - [MESSAGE][INFO] - User set preference: ['os', 'linux']

2022-04-05 10:36:25 - [MESSAGE][INFO] - User set preference: ['browserName', 'chrome']

2022-04-05 10:36:25 - [MESSAGE][INFO] - User set preference: ['browserVersion', '97']

2022-04-05 10:36:25 - [MESSAGE][INFO] - User set preference: ['katalon:option', '{organizationId=632442, tunnelId=, usingTunnel=false}']

2022-04-05 10:36:25 - [MESSAGE][INFO] - Connecting to remote web server 'testcloud.katalon.com/hub' with type 'Selenium'

2022-04-05 10:36:25 - [MESSAGE][INFO] - Action delay is set to 100 milliseconds

2022-04-05 10:40:12 - [MESSAGE][PASSED] - Browser is opened with url: ''

2022-04-05 10:40:12 - [TEST_STEP][PASSED] - maximizeWindow(): Current window maximized

2022-04-05 10:40:12 - [MESSAGE][PASSED] - Current window maximized

2022-04-05 10:40:12 - [TEST_STEP][PASSED] - navigateToUrl(url): Navigate to 'https://stars-stage.hawk.ru:8080' successfully

2022-04-05 10:40:19 - [MESSAGE][PASSED] - Navigate to 'https://stars-stage.hawk.ru:8080' successfully

2022-04-05 10:40:19 - [TEST_STEP][PASSED] - setText(findTestObject("Object Repository/manager/Page_/input__sc-lnrBVv eqPACj"), coach_login): Text 'levashev.ps@hc-avangard.com' is set on object 'Object Repository/manager/Page_/input__sc-lnrBVv eqPACj'

2022-04-05 10:40:23 - [MESSAGE][PASSED] - Text 'levashev.ps@hc-avangard.com' is set on object 'Object Repository/manager/Page_/input__sc-lnrBVv eqPACj'

2022-04-05 10:40:23 - [TEST_STEP][PASSED] - setText(findTestObject("Object Repository/manager/Page_/input__sc-lnrBVv eqPACj_1"), coach_password): Text 'Darden41087' is set on object 'Object Repository/manager/Page_/input__sc-lnrBVv eqPACj_1'

2022-04-05 10:40:27 - [MESSAGE][PASSED] - Text 'Darden41087' is set on object 'Object Repository/manager/Page_/input__sc-lnrBVv eqPACj_1'

2022-04-05 10:40:27 - [TEST_STEP][PASSED] - click(findTestObject("manager/Page_/go")): Object: 'Object Repository/manager/Page_/go' is clicked on

2022-04-05 10:40:29 - [MESSAGE][PASSED] - Object: 'Object Repository/manager/Page_/go' is clicked on

2022-04-05 10:40:29 - [MESSAGE][PASSED] - Call Test Case 'Test Cases/Тренер/Авторизация' successfully

2022-04-05 10:40:29 - [TEST_STEP][PASSED] - click(findTestObject("Object Repository/Avangard New/Object (Тренер)/Case (Оценка навыков)/span_home")): Object: 'Object Repository/Avangard New/Object (Тренер)/Case (Оценка навыков)/span_home' is clicked on

2022-04-05 10:40:42 - [MESSAGE][PASSED] - Object: 'Object Repository/Avangard New/Object (Тренер)/Case (Оценка навыков)/span_home' is clicked on

2022-04-05 10:40:42 - [TEST_STEP][PASSED] - click(findTestObject("Object Repository/Avangard New/Object (Тренер)/Case (Оценка навыков)/edit home")): Object: 'Object Repository/Avangard New/Object (Тренер)/Case (Оценка навыков)/edit home' is clicked on

2022-04-05 10:40:45 - [MESSAGE][PASSED] - Object: 'Object Repository/Avangard New/Object (Тренер)/Case (Оценка навыков)/edit home' is clicked on

2022-04-05 10:40:45 - [TEST_STEP][PASSED] - scrollToElement(findTestObject("Avangard New/Object (Тренер)/Case (Оценка навыков)/button_save_home"), 0): Scroll to object 'Object Repository/Avangard New/Object (Тренер)/Case (Оценка навыков)/button_save_home' successfully

2022-04-05 10:40:45 - [MESSAGE][WARNING] - Timeout '0' is invalid. Using default page load timeout: '30'

2022-04-05 10:40:48 - [MESSAGE][PASSED] - Scroll to object 'Object Repository/Avangard New/Object (Тренер)/Case (Оценка навыков)/button_save_home' successfully

2022-04-05 10:40:48 - [TEST_STEP][PASSED] - click(findTestObject("Avangard New/Object (Тренер)/Case (Оценка навыков)/button_save_home")): Object: 'Object Repository/Avangard New/Object (Тренер)/Case (Оценка навыков)/button_save_home' is clicked on

2022-04-05 10:40:51 - [MESSAGE][PASSED] - Object: 'Object Repository/Avangard New/Object (Тренер)/Case (Оценка навыков)/button_save_home' is clicked on

2022-04-05 10:40:51 - [TEST_STEP][FAILED] - verifyElementText(findTestObject("Avangard New/Object (Тренер)/Case (Оценка навыков)/alert home add"), "Добавьте от 1 до 7 навыков для развития."): Verify element text of test object 'Object Repository/Avangard New/Object (Тренер)/Case (Оценка навыков)/alert home add' FAILED. (Root cause: com.kms.katalon.core.exception.StepFailedException: Verify element text of test object 'Object Repository/Avangard New/Object (Тренер)/Case (Оценка навыков)/alert home add' FAILED.
	at com.kms.katalon.core.webui.keyword.internal.WebUIKeywordMain.stepFailed(WebUIKeywordMain.groovy:64)
	at com.kms.katalon.core.webui.keyword.internal.WebUIKeywordMain.runKeyword(WebUIKeywordMain.groovy:26)
	at com.kms.katalon.core.webui.keyword.builtin.VerifyElementTextKeyword.verifyElementText(VerifyElementTextKeyword.groovy:72)
	at com.kms.katalon.core.webui.keyword.builtin.VerifyElementTextKeyword.execute(VerifyElementTextKeyword.groovy:40)
	at com.kms.katalon.core.keyword.internal.KeywordExecutor.executeKeywordForPlatform(KeywordExecutor.groovy:74)
	at com.kms.katalon.core.webui.keyword.WebUiBuiltInKeywords.verifyElementText(WebUiBuiltInKeywords.groovy:4749)
	at com.kms.katalon.core.webui.keyword.WebUiBuiltInKeywords$verifyElementText$7.call(Unknown Source)
	at Оценка навыков.run(Оценка навыков:34)
	at com.kms.katalon.core.main.ScriptEngine.run(ScriptEngine.java:194)
	at com.kms.katalon.core.main.ScriptEngine.runScriptAsRawText(ScriptEngine.java:119)
	at com.kms.katalon.core.main.TestCaseExecutor.runScript(TestCaseExecutor.java:442)
	at com.kms.katalon.core.main.TestCaseExecutor.doExecute(TestCaseExecutor.java:433)
	at com.kms.katalon.core.main.TestCaseExecutor.processExecutionPhase(TestCaseExecutor.java:412)
	at com.kms.katalon.core.main.TestCaseExecutor.accessMainPhase(TestCaseExecutor.java:404)
	at com.kms.katalon.core.main.TestCaseExecutor.execute(TestCaseExecutor.java:281)
	at com.kms.katalon.core.main.TestSuiteExecutor.accessTestCaseMainPhase(TestSuiteExecutor.java:202)
	at com.kms.katalon.core.main.TestSuiteExecutor.accessTestSuiteMainPhase(TestSuiteExecutor.java:164)
	at com.kms.katalon.core.main.TestSuiteExecutor.execute(TestSuiteExecutor.java:105)
	at com.kms.katalon.core.main.TestCaseMain.startTestSuite(TestCaseMain.java:185)
	at com.kms.katalon.core.main.TestCaseMain$startTestSuite$0.call(Unknown Source)
	at TempTestSuite1649143156543.run(TempTestSuite1649143156543.groovy:36)
Caused by: com.kms.katalon.core.exception.StepFailedException: com.kms.katalon.core.webui.exception.WebElementNotFoundException: Web element with id: 'Object Repository/Avangard New/Object (Тренер)/Case (Оценка навыков)/alert home add' located by '(.//*[normalize-space(text()) and normalize-space(.)='Ошибка при заполнении'])[1]/following::p[1]' not found
	at com.kms.katalon.core.webui.keyword.internal.WebUIKeywordMain.stepFailed(WebUIKeywordMain.groovy:64)
	at com.kms.katalon.core.webui.keyword.builtin.VerifyElementTextKeyword$_verifyElementText_closure1.doCall(VerifyElementTextKeyword.groovy:64)
	at com.kms.katalon.core.webui.keyword.builtin.VerifyElementTextKeyword$_verifyElementText_closure1.call(VerifyElementTextKeyword.groovy)
	at com.kms.katalon.core.webui.keyword.internal.WebUIKeywordMain.runKeyword(WebUIKeywordMain.groovy:20)
	... 19 more
)

2022-04-05 10:41:22 - [MESSAGE][INFO] - Unable to find the element located by 'By.xpath: (.//*[normalize-space(text()) and normalize-space(.)='Ошибка при заполнении'])[1]/following::p[1]'. Please recheck the objects properties to make sure the desired element is located. 

2022-04-05 10:41:22 - [MESSAGE][WARNING] - [SELF-HEALING] Failed to find element with id 'Object Repository/Avangard New/Object (Тренер)/Case (Оценка навыков)/alert home add'. Try using Self-healing.

2022-04-05 10:41:24 - [MESSAGE][INFO] - [SELF-HEALING] Failed Locator: '(.//*[normalize-space(text()) and normalize-space(.)='Ошибка при заполнении'])[1]/following::p[1]'.

2022-04-05 10:41:25 - [MESSAGE][INFO] - [SELF-HEALING] Failed Locator: '(.//*[normalize-space(text()) and normalize-space(.)='Нет'])[1]/following::p[1]'.

2022-04-05 10:41:26 - [MESSAGE][INFO] - [SELF-HEALING] Failed Locator: '//*/text()[normalize-space(.)='Добавьте от 1 до 7 навыков для развития.']/parent::*'.

2022-04-05 10:41:28 - [MESSAGE][INFO] - [SELF-HEALING] Failed Locator: '//div[4]/div/div/div/div/div/div/p'.

2022-04-05 10:41:29 - [MESSAGE][INFO] - [SELF-HEALING] Failed Locator: '//p[(text() = 'Добавьте от 1 до 7 навыков для развития.' or . = 'Добавьте от 1 до 7 навыков для развития.')]'.

2022-04-05 10:41:30 - [MESSAGE][INFO] - Unable to find the element located by 'By.xpath: //*[(text() = 'Добавьте от 1 до 7 навыков для развития.' or . = 'Добавьте от 1 до 7 навыков для развития.')]'. Please recheck the objects properties to make sure the desired element is located. 

2022-04-05 10:41:32 - [MESSAGE][INFO] - Unable to find the element located by 'By.cssSelector: p.ReactComponentNotification__NotificationText-sc-1wfzr6b-3.JWcOG'. Please recheck the objects properties to make sure the desired element is located. 

2022-04-05 10:41:33 - [MESSAGE][FAILED] - com.kms.katalon.core.webui.exception.WebElementNotFoundException: Web element with id: 'Object Repository/Avangard New/Object (Тренер)/Case (Оценка навыков)/alert home add' located by '(.//*[normalize-space(text()) and normalize-space(.)='Ошибка при заполнении'])[1]/following::p[1]' not found (Root cause: com.kms.katalon.core.exception.StepFailedException: com.kms.katalon.core.webui.exception.WebElementNotFoundException: Web element with id: 'Object Repository/Avangard New/Object (Тренер)/Case (Оценка навыков)/alert home add' located by '(.//*[normalize-space(text()) and normalize-space(.)='Ошибка при заполнении'])[1]/following::p[1]' not found
	at com.kms.katalon.core.webui.keyword.internal.WebUIKeywordMain.stepFailed(WebUIKeywordMain.groovy:64)
	at com.kms.katalon.core.webui.keyword.builtin.VerifyElementTextKeyword$_verifyElementText_closure1.doCall(VerifyElementTextKeyword.groovy:64)
	at com.kms.katalon.core.webui.keyword.builtin.VerifyElementTextKeyword$_verifyElementText_closure1.call(VerifyElementTextKeyword.groovy)
	at com.kms.katalon.core.webui.keyword.internal.WebUIKeywordMain.runKeyword(WebUIKeywordMain.groovy:20)
	at com.kms.katalon.core.webui.keyword.builtin.VerifyElementTextKeyword.verifyElementText(VerifyElementTextKeyword.groovy:72)
	at com.kms.katalon.core.webui.keyword.builtin.VerifyElementTextKeyword.execute(VerifyElementTextKeyword.groovy:40)
	at com.kms.katalon.core.keyword.internal.KeywordExecutor.executeKeywordForPlatform(KeywordExecutor.groovy:74)
	at com.kms.katalon.core.webui.keyword.WebUiBuiltInKeywords.verifyElementText(WebUiBuiltInKeywords.groovy:4749)
	at com.kms.katalon.core.webui.keyword.WebUiBuiltInKeywords$verifyElementText$7.call(Unknown Source)
	at Оценка навыков.run(Оценка навыков:34)
	at com.kms.katalon.core.main.ScriptEngine.run(ScriptEngine.java:194)
	at com.kms.katalon.core.main.ScriptEngine.runScriptAsRawText(ScriptEngine.java:119)
	at com.kms.katalon.core.main.TestCaseExecutor.runScript(TestCaseExecutor.java:442)
	at com.kms.katalon.core.main.TestCaseExecutor.doExecute(TestCaseExecutor.java:433)
	at com.kms.katalon.core.main.TestCaseExecutor.processExecutionPhase(TestCaseExecutor.java:412)
	at com.kms.katalon.core.main.TestCaseExecutor.accessMainPhase(TestCaseExecutor.java:404)
	at com.kms.katalon.core.main.TestCaseExecutor.execute(TestCaseExecutor.java:281)
	at com.kms.katalon.core.main.TestSuiteExecutor.accessTestCaseMainPhase(TestSuiteExecutor.java:202)
	at com.kms.katalon.core.main.TestSuiteExecutor.accessTestSuiteMainPhase(TestSuiteExecutor.java:164)
	at com.kms.katalon.core.main.TestSuiteExecutor.execute(TestSuiteExecutor.java:105)
	at com.kms.katalon.core.main.TestCaseMain.startTestSuite(TestCaseMain.java:185)
	at com.kms.katalon.core.main.TestCaseMain$startTestSuite$0.call(Unknown Source)
	at TempTestSuite1649143156543.run(TempTestSuite1649143156543.groovy:36)
)
[[ATTACHMENT|C:\\Users\\LENOVO\\Katalon Studio\\Avangard\\Reports\\20220405_101904\\\u0422\u0440\u0435\u043D\u0435\u0440\\20220405_101916\\1649144492032.png]]

2022-04-05 10:41:35 - [MESSAGE][FAILED] - Verify element text of test object 'Object Repository/Avangard New/Object (Тренер)/Case (Оценка навыков)/alert home add' FAILED. (Root cause: com.kms.katalon.core.exception.StepFailedException: Verify element text of test object 'Object Repository/Avangard New/Object (Тренер)/Case (Оценка навыков)/alert home add' FAILED.
	at com.kms.katalon.core.webui.keyword.internal.WebUIKeywordMain.stepFailed(WebUIKeywordMain.groovy:64)
	at com.kms.katalon.core.webui.keyword.internal.WebUIKeywordMain.runKeyword(WebUIKeywordMain.groovy:26)
	at com.kms.katalon.core.webui.keyword.builtin.VerifyElementTextKeyword.verifyElementText(VerifyElementTextKeyword.groovy:72)
	at com.kms.katalon.core.webui.keyword.builtin.VerifyElementTextKeyword.execute(VerifyElementTextKeyword.groovy:40)
	at com.kms.katalon.core.keyword.internal.KeywordExecutor.executeKeywordForPlatform(KeywordExecutor.groovy:74)
	at com.kms.katalon.core.webui.keyword.WebUiBuiltInKeywords.verifyElementText(WebUiBuiltInKeywords.groovy:4749)
	at com.kms.katalon.core.webui.keyword.WebUiBuiltInKeywords$verifyElementText$7.call(Unknown Source)
	at Оценка навыков.run(Оценка навыков:34)
	at com.kms.katalon.core.main.ScriptEngine.run(ScriptEngine.java:194)
	at com.kms.katalon.core.main.ScriptEngine.runScriptAsRawText(ScriptEngine.java:119)
	at com.kms.katalon.core.main.TestCaseExecutor.runScript(TestCaseExecutor.java:442)
	at com.kms.katalon.core.main.TestCaseExecutor.doExecute(TestCaseExecutor.java:433)
	at com.kms.katalon.core.main.TestCaseExecutor.processExecutionPhase(TestCaseExecutor.java:412)
	at com.kms.katalon.core.main.TestCaseExecutor.accessMainPhase(TestCaseExecutor.java:404)
	at com.kms.katalon.core.main.TestCaseExecutor.execute(TestCaseExecutor.java:281)
	at com.kms.katalon.core.main.TestSuiteExecutor.accessTestCaseMainPhase(TestSuiteExecutor.java:202)
	at com.kms.katalon.core.main.TestSuiteExecutor.accessTestSuiteMainPhase(TestSuiteExecutor.java:164)
	at com.kms.katalon.core.main.TestSuiteExecutor.execute(TestSuiteExecutor.java:105)
	at com.kms.katalon.core.main.TestCaseMain.startTestSuite(TestCaseMain.java:185)
	at com.kms.katalon.core.main.TestCaseMain$startTestSuite$0.call(Unknown Source)
	at TempTestSuite1649143156543.run(TempTestSuite1649143156543.groovy:36)
Caused by: com.kms.katalon.core.exception.StepFailedException: com.kms.katalon.core.webui.exception.WebElementNotFoundException: Web element with id: 'Object Repository/Avangard New/Object (Тренер)/Case (Оценка навыков)/alert home add' located by '(.//*[normalize-space(text()) and normalize-space(.)='Ошибка при заполнении'])[1]/following::p[1]' not found
	at com.kms.katalon.core.webui.keyword.internal.WebUIKeywordMain.stepFailed(WebUIKeywordMain.groovy:64)
	at com.kms.katalon.core.webui.keyword.builtin.VerifyElementTextKeyword$_verifyElementText_closure1.doCall(VerifyElementTextKeyword.groovy:64)
	at com.kms.katalon.core.webui.keyword.builtin.VerifyElementTextKeyword$_verifyElementText_closure1.call(VerifyElementTextKeyword.groovy)
	at com.kms.katalon.core.webui.keyword.internal.WebUIKeywordMain.runKeyword(WebUIKeywordMain.groovy:20)
	... 19 more
)
[[ATTACHMENT|C:\\Users\\LENOVO\\Katalon Studio\\Avangard\\Reports\\20220405_101904\\\u0422\u0440\u0435\u043D\u0435\u0440\\20220405_101916\\1649144493829.png]]]]></system-out>
         <system-err><![CDATA[2022-04-05 10:36:24 - [TEST_CASE][FAILED] - Test Cases/Тренер/Оценка навыков: Test Cases/Тренер/Оценка навыков FAILED.
Reason:
com.kms.katalon.core.exception.StepFailedException: Verify element text of test object 'Object Repository/Avangard New/Object (Тренер)/Case (Оценка навыков)/alert home add' FAILED.
	at com.kms.katalon.core.webui.keyword.internal.WebUIKeywordMain.stepFailed(WebUIKeywordMain.groovy:64)
	at com.kms.katalon.core.webui.keyword.internal.WebUIKeywordMain.runKeyword(WebUIKeywordMain.groovy:26)
	at com.kms.katalon.core.webui.keyword.builtin.VerifyElementTextKeyword.verifyElementText(VerifyElementTextKeyword.groovy:72)
	at com.kms.katalon.core.webui.keyword.builtin.VerifyElementTextKeyword.execute(VerifyElementTextKeyword.groovy:40)
	at com.kms.katalon.core.keyword.internal.KeywordExecutor.executeKeywordForPlatform(KeywordExecutor.groovy:74)
	at com.kms.katalon.core.webui.keyword.WebUiBuiltInKeywords.verifyElementText(WebUiBuiltInKeywords.groovy:4749)
	at com.kms.katalon.core.webui.keyword.WebUiBuiltInKeywords$verifyElementText$7.call(Unknown Source)
	at Оценка навыков.run(Оценка навыков:34)
	at com.kms.katalon.core.main.ScriptEngine.run(ScriptEngine.java:194)
	at com.kms.katalon.core.main.ScriptEngine.runScriptAsRawText(ScriptEngine.java:119)
	at com.kms.katalon.core.main.TestCaseExecutor.runScript(TestCaseExecutor.java:442)
	at com.kms.katalon.core.main.TestCaseExecutor.doExecute(TestCaseExecutor.java:433)
	at com.kms.katalon.core.main.TestCaseExecutor.processExecutionPhase(TestCaseExecutor.java:412)
	at com.kms.katalon.core.main.TestCaseExecutor.accessMainPhase(TestCaseExecutor.java:404)
	at com.kms.katalon.core.main.TestCaseExecutor.execute(TestCaseExecutor.java:281)
	at com.kms.katalon.core.main.TestSuiteExecutor.accessTestCaseMainPhase(TestSuiteExecutor.java:202)
	at com.kms.katalon.core.main.TestSuiteExecutor.accessTestSuiteMainPhase(TestSuiteExecutor.java:164)
	at com.kms.katalon.core.main.TestSuiteExecutor.execute(TestSuiteExecutor.java:105)
	at com.kms.katalon.core.main.TestCaseMain.startTestSuite(TestCaseMain.java:185)
	at com.kms.katalon.core.main.TestCaseMain$startTestSuite$0.call(Unknown Source)
	at TempTestSuite1649143156543.run(TempTestSuite1649143156543.groovy:36)
Caused by: com.kms.katalon.core.exception.StepFailedException: com.kms.katalon.core.webui.exception.WebElementNotFoundException: Web element with id: 'Object Repository/Avangard New/Object (Тренер)/Case (Оценка навыков)/alert home add' located by '(.//*[normalize-space(text()) and normalize-space(.)='Ошибка при заполнении'])[1]/following::p[1]' not found
	at com.kms.katalon.core.webui.keyword.internal.WebUIKeywordMain.stepFailed(WebUIKeywordMain.groovy:64)
	at com.kms.katalon.core.webui.keyword.builtin.VerifyElementTextKeyword$_verifyElementText_closure1.doCall(VerifyElementTextKeyword.groovy:64)
	at com.kms.katalon.core.webui.keyword.builtin.VerifyElementTextKeyword$_verifyElementText_closure1.call(VerifyElementTextKeyword.groovy)
	at com.kms.katalon.core.webui.keyword.internal.WebUIKeywordMain.runKeyword(WebUIKeywordMain.groovy:20)
	... 19 more]]></system-err>
      </testcase>
      <testcase name="Test Cases/Тренер/Оценка по играм" time="371.573" classname="Test Cases/Тренер/Оценка по играм" status="FAILED">
         <failure type="FAILED" message="Test Cases/Тренер/Оценка по играм FAILED.
Reason:
com.kms.katalon.core.exception.StepFailedException: Verify element text of test object 'Object Repository/Avangard New/Object (Тренер)/Case (Оценка по играм)/alert save' FAILED.
	at com.kms.katalon.core.webui.keyword.internal.WebUIKeywordMain.stepFailed(WebUIKeywordMain.groovy:64)
	at com.kms.katalon.core.webui.keyword.internal.WebUIKeywordMain.runKeyword(WebUIKeywordMain.groovy:26)
	at com.kms.katalon.core.webui.keyword.builtin.VerifyElementTextKeyword.verifyElementText(VerifyElementTextKeyword.groovy:72)
	at com.kms.katalon.core.webui.keyword.builtin.VerifyElementTextKeyword.execute(VerifyElementTextKeyword.groovy:40)
	at com.kms.katalon.core.keyword.internal.KeywordExecutor.executeKeywordForPlatform(KeywordExecutor.groovy:74)
	at com.kms.katalon.core.webui.keyword.WebUiBuiltInKeywords.verifyElementText(WebUiBuiltInKeywords.groovy:4749)
	at com.kms.katalon.core.webui.keyword.WebUiBuiltInKeywords$verifyElementText$7.call(Unknown Source)
	at Оценка по играм.run(Оценка по играм:38)
	at com.kms.katalon.core.main.ScriptEngine.run(ScriptEngine.java:194)
	at com.kms.katalon.core.main.ScriptEngine.runScriptAsRawText(ScriptEngine.java:119)
	at com.kms.katalon.core.main.TestCaseExecutor.runScript(TestCaseExecutor.java:442)
	at com.kms.katalon.core.main.TestCaseExecutor.doExecute(TestCaseExecutor.java:433)
	at com.kms.katalon.core.main.TestCaseExecutor.processExecutionPhase(TestCaseExecutor.java:412)
	at com.kms.katalon.core.main.TestCaseExecutor.accessMainPhase(TestCaseExecutor.java:404)
	at com.kms.katalon.core.main.TestCaseExecutor.execute(TestCaseExecutor.java:281)
	at com.kms.katalon.core.main.TestSuiteExecutor.accessTestCaseMainPhase(TestSuiteExecutor.java:202)
	at com.kms.katalon.core.main.TestSuiteExecutor.accessTestSuiteMainPhase(TestSuiteExecutor.java:164)
	at com.kms.katalon.core.main.TestSuiteExecutor.execute(TestSuiteExecutor.java:105)
	at com.kms.katalon.core.main.TestCaseMain.startTestSuite(TestCaseMain.java:185)
	at com.kms.katalon.core.main.TestCaseMain$startTestSuite$0.call(Unknown Source)
	at TempTestSuite1649143156543.run(TempTestSuite1649143156543.groovy:36)
Caused by: com.kms.katalon.core.exception.StepFailedException: com.kms.katalon.core.webui.exception.WebElementNotFoundException: Web element with id: 'Object Repository/Avangard New/Object (Тренер)/Case (Оценка по играм)/alert save' located by '//p[(text() = 'Оценка сохранена' or . = 'Оценка сохранена')]' not found
	at com.kms.katalon.core.webui.keyword.internal.WebUIKeywordMain.stepFailed(WebUIKeywordMain.groovy:64)
	at com.kms.katalon.core.webui.keyword.builtin.VerifyElementTextKeyword$_verifyElementText_closure1.doCall(VerifyElementTextKeyword.groovy:64)
	at com.kms.katalon.core.webui.keyword.builtin.VerifyElementTextKeyword$_verifyElementText_closure1.call(VerifyElementTextKeyword.groovy)
	at com.kms.katalon.core.webui.keyword.internal.WebUIKeywordMain.runKeyword(WebUIKeywordMain.groovy:20)
	... 19 more
"/>
         <system-out><![CDATA[2022-04-05 10:41:37 - [TEST_CASE][FAILED] - Test Cases/Тренер/Оценка по играм: Test Cases/Тренер/Оценка по играм FAILED.
Reason:
com.kms.katalon.core.exception.StepFailedException: Verify element text of test object 'Object Repository/Avangard New/Object (Тренер)/Case (Оценка по играм)/alert save' FAILED.
	at com.kms.katalon.core.webui.keyword.internal.WebUIKeywordMain.stepFailed(WebUIKeywordMain.groovy:64)
	at com.kms.katalon.core.webui.keyword.internal.WebUIKeywordMain.runKeyword(WebUIKeywordMain.groovy:26)
	at com.kms.katalon.core.webui.keyword.builtin.VerifyElementTextKeyword.verifyElementText(VerifyElementTextKeyword.groovy:72)
	at com.kms.katalon.core.webui.keyword.builtin.VerifyElementTextKeyword.execute(VerifyElementTextKeyword.groovy:40)
	at com.kms.katalon.core.keyword.internal.KeywordExecutor.executeKeywordForPlatform(KeywordExecutor.groovy:74)
	at com.kms.katalon.core.webui.keyword.WebUiBuiltInKeywords.verifyElementText(WebUiBuiltInKeywords.groovy:4749)
	at com.kms.katalon.core.webui.keyword.WebUiBuiltInKeywords$verifyElementText$7.call(Unknown Source)
	at Оценка по играм.run(Оценка по играм:38)
	at com.kms.katalon.core.main.ScriptEngine.run(ScriptEngine.java:194)
	at com.kms.katalon.core.main.ScriptEngine.runScriptAsRawText(ScriptEngine.java:119)
	at com.kms.katalon.core.main.TestCaseExecutor.runScript(TestCaseExecutor.java:442)
	at com.kms.katalon.core.main.TestCaseExecutor.doExecute(TestCaseExecutor.java:433)
	at com.kms.katalon.core.main.TestCaseExecutor.processExecutionPhase(TestCaseExecutor.java:412)
	at com.kms.katalon.core.main.TestCaseExecutor.accessMainPhase(TestCaseExecutor.java:404)
	at com.kms.katalon.core.main.TestCaseExecutor.execute(TestCaseExecutor.java:281)
	at com.kms.katalon.core.main.TestSuiteExecutor.accessTestCaseMainPhase(TestSuiteExecutor.java:202)
	at com.kms.katalon.core.main.TestSuiteExecutor.accessTestSuiteMainPhase(TestSuiteExecutor.java:164)
	at com.kms.katalon.core.main.TestSuiteExecutor.execute(TestSuiteExecutor.java:105)
	at com.kms.katalon.core.main.TestCaseMain.startTestSuite(TestCaseMain.java:185)
	at com.kms.katalon.core.main.TestCaseMain$startTestSuite$0.call(Unknown Source)
	at TempTestSuite1649143156543.run(TempTestSuite1649143156543.groovy:36)
Caused by: com.kms.katalon.core.exception.StepFailedException: com.kms.katalon.core.webui.exception.WebElementNotFoundException: Web element with id: 'Object Repository/Avangard New/Object (Тренер)/Case (Оценка по играм)/alert save' located by '//p[(text() = 'Оценка сохранена' or . = 'Оценка сохранена')]' not found
	at com.kms.katalon.core.webui.keyword.internal.WebUIKeywordMain.stepFailed(WebUIKeywordMain.groovy:64)
	at com.kms.katalon.core.webui.keyword.builtin.VerifyElementTextKeyword$_verifyElementText_closure1.doCall(VerifyElementTextKeyword.groovy:64)
	at com.kms.katalon.core.webui.keyword.builtin.VerifyElementTextKeyword$_verifyElementText_closure1.call(VerifyElementTextKeyword.groovy)
	at com.kms.katalon.core.webui.keyword.internal.WebUIKeywordMain.runKeyword(WebUIKeywordMain.groovy:20)
	... 19 more


2022-04-05 10:41:37 - [TEST_STEP][PASSED] - callTestCase(findTestCase("Тренер/Авторизация"), [:], STOP_ON_FAILURE): Call Test Case 'Test Cases/Тренер/Авторизация' successfully

2022-04-05 10:41:37 - [TEST_CASE][PASSED] - Test Cases/Тренер/Авторизация: Test Cases/Тренер/Авторизация

2022-04-05 10:41:37 - [TEST_STEP][PASSED] - openBrowser(""): Browser is opened with url: ''

2022-04-05 10:41:37 - [MESSAGE][WARNING] - A browser is already opened. Closing browser and opening a new one

2022-04-05 10:41:38 - [MESSAGE][INFO] - User set preference: ['os', 'linux']

2022-04-05 10:41:38 - [MESSAGE][INFO] - User set preference: ['browserName', 'chrome']

2022-04-05 10:41:38 - [MESSAGE][INFO] - User set preference: ['browserVersion', '97']

2022-04-05 10:41:38 - [MESSAGE][INFO] - User set preference: ['katalon:option', '{organizationId=632442, tunnelId=, usingTunnel=false}']

2022-04-05 10:41:38 - [MESSAGE][INFO] - Connecting to remote web server 'testcloud.katalon.com/hub' with type 'Selenium'

2022-04-05 10:41:38 - [MESSAGE][INFO] - Action delay is set to 100 milliseconds

2022-04-05 10:45:10 - [MESSAGE][PASSED] - Browser is opened with url: ''

2022-04-05 10:45:10 - [TEST_STEP][PASSED] - maximizeWindow(): Current window maximized

2022-04-05 10:45:10 - [MESSAGE][PASSED] - Current window maximized

2022-04-05 10:45:10 - [TEST_STEP][PASSED] - navigateToUrl(url): Navigate to 'https://stars-stage.hawk.ru:8080' successfully

2022-04-05 10:45:16 - [MESSAGE][PASSED] - Navigate to 'https://stars-stage.hawk.ru:8080' successfully

2022-04-05 10:45:16 - [TEST_STEP][PASSED] - setText(findTestObject("Object Repository/manager/Page_/input__sc-lnrBVv eqPACj"), coach_login): Text 'levashev.ps@hc-avangard.com' is set on object 'Object Repository/manager/Page_/input__sc-lnrBVv eqPACj'

2022-04-05 10:45:20 - [MESSAGE][PASSED] - Text 'levashev.ps@hc-avangard.com' is set on object 'Object Repository/manager/Page_/input__sc-lnrBVv eqPACj'

2022-04-05 10:45:20 - [TEST_STEP][PASSED] - setText(findTestObject("Object Repository/manager/Page_/input__sc-lnrBVv eqPACj_1"), coach_password): Text 'Darden41087' is set on object 'Object Repository/manager/Page_/input__sc-lnrBVv eqPACj_1'

2022-04-05 10:45:25 - [MESSAGE][PASSED] - Text 'Darden41087' is set on object 'Object Repository/manager/Page_/input__sc-lnrBVv eqPACj_1'

2022-04-05 10:45:25 - [TEST_STEP][PASSED] - click(findTestObject("manager/Page_/go")): Object: 'Object Repository/manager/Page_/go' is clicked on

2022-04-05 10:45:27 - [MESSAGE][PASSED] - Object: 'Object Repository/manager/Page_/go' is clicked on

2022-04-05 10:45:27 - [MESSAGE][PASSED] - Call Test Case 'Test Cases/Тренер/Авторизация' successfully

2022-04-05 10:45:27 - [TEST_STEP][PASSED] - click(findTestObject("Avangard New/Object (Тренер)/Case (Оценка по играм)/grade for game")): Object: 'Object Repository/Avangard New/Object (Тренер)/Case (Оценка по играм)/grade for game' is clicked on

2022-04-05 10:45:39 - [MESSAGE][PASSED] - Object: 'Object Repository/Avangard New/Object (Тренер)/Case (Оценка по играм)/grade for game' is clicked on

2022-04-05 10:45:39 - [TEST_STEP][PASSED] - click(findTestObject("Avangard New/Object (Тренер)/Case (Оценка по играм)/edit")): Object: 'Object Repository/Avangard New/Object (Тренер)/Case (Оценка по играм)/edit' is clicked on

2022-04-05 10:45:43 - [MESSAGE][PASSED] - Object: 'Object Repository/Avangard New/Object (Тренер)/Case (Оценка по играм)/edit' is clicked on

2022-04-05 10:45:43 - [TEST_STEP][PASSED] - verifyElementClickable(findTestObject("Avangard New/Object (Тренер)/Case (Оценка по играм)/edit 4")): Object 'Object Repository/Avangard New/Object (Тренер)/Case (Оценка по играм)/edit 4' is clickable

2022-04-05 10:45:49 - [MESSAGE][PASSED] - Object 'Object Repository/Avangard New/Object (Тренер)/Case (Оценка по играм)/edit 4' is clickable

2022-04-05 10:45:49 - [TEST_STEP][PASSED] - scrollToElement(findTestObject("Avangard New/Object (Тренер)/Case (Оценка по играм)/button_"), 0): Scroll to object 'Object Repository/Avangard New/Object (Тренер)/Case (Оценка по играм)/button_' successfully

2022-04-05 10:45:49 - [MESSAGE][WARNING] - Timeout '0' is invalid. Using default page load timeout: '30'

2022-04-05 10:46:21 - [MESSAGE][INFO] - Unable to find the element located by 'By.xpath: //button[@type = 'button' and (text() = 'Сохранить' or . = 'Сохранить')]'. Please recheck the objects properties to make sure the desired element is located. 

2022-04-05 10:46:21 - [MESSAGE][WARNING] - [SELF-HEALING] Failed to find element with id 'Object Repository/Avangard New/Object (Тренер)/Case (Оценка по играм)/button_'. Try using Self-healing.

2022-04-05 10:46:23 - [MESSAGE][INFO] - [SELF-HEALING] Working Locator: '//button[@type='button']'.

2022-04-05 10:46:24 - [MESSAGE][INFO] - [SELF-HEALING] Screenshot: C:/Users/LENOVO/Katalon Studio/Avangard/Reports/Self-healing/Object Repository/Avangard New/Object (Тренер)/Case (Оценка по играм)/button__attributes.png

2022-04-05 10:46:24 - [MESSAGE][WARNING] - [SELF-HEALING] The current locator of test object 'Object Repository/Avangard New/Object (Тренер)/Case (Оценка по играм)/button_' was broken. Propose an alternative one: '//button[@type='button']'.

2022-04-05 10:46:25 - [MESSAGE][PASSED] - Scroll to object 'Object Repository/Avangard New/Object (Тренер)/Case (Оценка по играм)/button_' successfully

2022-04-05 10:46:25 - [TEST_STEP][PASSED] - click(findTestObject("Avangard New/Object (Тренер)/Case (Оценка по играм)/button_")): Object: 'Object Repository/Avangard New/Object (Тренер)/Case (Оценка по играм)/button_' is clicked on

2022-04-05 10:46:57 - [MESSAGE][INFO] - Unable to find the element located by 'By.xpath: //button[@type = 'button' and (text() = 'Сохранить' or . = 'Сохранить')]'. Please recheck the objects properties to make sure the desired element is located. 

2022-04-05 10:46:57 - [MESSAGE][WARNING] - [SELF-HEALING] Failed to find element with id 'Object Repository/Avangard New/Object (Тренер)/Case (Оценка по играм)/button_'. Try using Self-healing.

2022-04-05 10:46:59 - [MESSAGE][WARNING] - [SELF-HEALING] The current locator of test object 'Object Repository/Avangard New/Object (Тренер)/Case (Оценка по играм)/button_' was broken. Propose an alternative one: '//button[@type='button']'.

2022-04-05 10:47:00 - [MESSAGE][PASSED] - Object: 'Object Repository/Avangard New/Object (Тренер)/Case (Оценка по играм)/button_' is clicked on

2022-04-05 10:47:00 - [TEST_STEP][FAILED] - verifyElementText(findTestObject("Avangard New/Object (Тренер)/Case (Оценка по играм)/alert save"), "Оценка сохранена"): Verify element text of test object 'Object Repository/Avangard New/Object (Тренер)/Case (Оценка по играм)/alert save' FAILED. (Root cause: com.kms.katalon.core.exception.StepFailedException: Verify element text of test object 'Object Repository/Avangard New/Object (Тренер)/Case (Оценка по играм)/alert save' FAILED.
	at com.kms.katalon.core.webui.keyword.internal.WebUIKeywordMain.stepFailed(WebUIKeywordMain.groovy:64)
	at com.kms.katalon.core.webui.keyword.internal.WebUIKeywordMain.runKeyword(WebUIKeywordMain.groovy:26)
	at com.kms.katalon.core.webui.keyword.builtin.VerifyElementTextKeyword.verifyElementText(VerifyElementTextKeyword.groovy:72)
	at com.kms.katalon.core.webui.keyword.builtin.VerifyElementTextKeyword.execute(VerifyElementTextKeyword.groovy:40)
	at com.kms.katalon.core.keyword.internal.KeywordExecutor.executeKeywordForPlatform(KeywordExecutor.groovy:74)
	at com.kms.katalon.core.webui.keyword.WebUiBuiltInKeywords.verifyElementText(WebUiBuiltInKeywords.groovy:4749)
	at com.kms.katalon.core.webui.keyword.WebUiBuiltInKeywords$verifyElementText$7.call(Unknown Source)
	at Оценка по играм.run(Оценка по играм:38)
	at com.kms.katalon.core.main.ScriptEngine.run(ScriptEngine.java:194)
	at com.kms.katalon.core.main.ScriptEngine.runScriptAsRawText(ScriptEngine.java:119)
	at com.kms.katalon.core.main.TestCaseExecutor.runScript(TestCaseExecutor.java:442)
	at com.kms.katalon.core.main.TestCaseExecutor.doExecute(TestCaseExecutor.java:433)
	at com.kms.katalon.core.main.TestCaseExecutor.processExecutionPhase(TestCaseExecutor.java:412)
	at com.kms.katalon.core.main.TestCaseExecutor.accessMainPhase(TestCaseExecutor.java:404)
	at com.kms.katalon.core.main.TestCaseExecutor.execute(TestCaseExecutor.java:281)
	at com.kms.katalon.core.main.TestSuiteExecutor.accessTestCaseMainPhase(TestSuiteExecutor.java:202)
	at com.kms.katalon.core.main.TestSuiteExecutor.accessTestSuiteMainPhase(TestSuiteExecutor.java:164)
	at com.kms.katalon.core.main.TestSuiteExecutor.execute(TestSuiteExecutor.java:105)
	at com.kms.katalon.core.main.TestCaseMain.startTestSuite(TestCaseMain.java:185)
	at com.kms.katalon.core.main.TestCaseMain$startTestSuite$0.call(Unknown Source)
	at TempTestSuite1649143156543.run(TempTestSuite1649143156543.groovy:36)
Caused by: com.kms.katalon.core.exception.StepFailedException: com.kms.katalon.core.webui.exception.WebElementNotFoundException: Web element with id: 'Object Repository/Avangard New/Object (Тренер)/Case (Оценка по играм)/alert save' located by '//p[(text() = 'Оценка сохранена' or . = 'Оценка сохранена')]' not found
	at com.kms.katalon.core.webui.keyword.internal.WebUIKeywordMain.stepFailed(WebUIKeywordMain.groovy:64)
	at com.kms.katalon.core.webui.keyword.builtin.VerifyElementTextKeyword$_verifyElementText_closure1.doCall(VerifyElementTextKeyword.groovy:64)
	at com.kms.katalon.core.webui.keyword.builtin.VerifyElementTextKeyword$_verifyElementText_closure1.call(VerifyElementTextKeyword.groovy)
	at com.kms.katalon.core.webui.keyword.internal.WebUIKeywordMain.runKeyword(WebUIKeywordMain.groovy:20)
	... 19 more
)

2022-04-05 10:47:31 - [MESSAGE][INFO] - Unable to find the element located by 'By.xpath: //p[(text() = 'Оценка сохранена' or . = 'Оценка сохранена')]'. Please recheck the objects properties to make sure the desired element is located. 

2022-04-05 10:47:31 - [MESSAGE][WARNING] - [SELF-HEALING] Failed to find element with id 'Object Repository/Avangard New/Object (Тренер)/Case (Оценка по играм)/alert save'. Try using Self-healing.

2022-04-05 10:47:32 - [MESSAGE][INFO] - [SELF-HEALING] Failed Locator: '(.//*[normalize-space(text()) and normalize-space(.)='Успех'])[1]/following::p[1]'.

2022-04-05 10:47:34 - [MESSAGE][INFO] - [SELF-HEALING] Failed Locator: '(.//*[normalize-space(text()) and normalize-space(.)='Редактирование профиля'])[1]/following::p[1]'.

2022-04-05 10:47:35 - [MESSAGE][INFO] - [SELF-HEALING] Failed Locator: '//*/text()[normalize-space(.)='Оценка сохранена']/parent::*'.

2022-04-05 10:47:37 - [MESSAGE][INFO] - [SELF-HEALING] Failed Locator: '//div[3]/div/div/div/div/div/div/p'.

2022-04-05 10:47:39 - [MESSAGE][INFO] - [SELF-HEALING] Failed Locator: '//p[(text() = 'Оценка сохранена' or . = 'Оценка сохранена')]'.

2022-04-05 10:47:40 - [MESSAGE][INFO] - Unable to find the element located by 'By.xpath: //*[(text() = 'Оценка сохранена' or . = 'Оценка сохранена')]'. Please recheck the objects properties to make sure the desired element is located. 

2022-04-05 10:47:42 - [MESSAGE][INFO] - Unable to find the element located by 'By.cssSelector: p.ReactComponentNotification__NotificationText-sc-1wfzr6b-3.JWcOG'. Please recheck the objects properties to make sure the desired element is located. 

2022-04-05 10:47:45 - [MESSAGE][FAILED] - com.kms.katalon.core.webui.exception.WebElementNotFoundException: Web element with id: 'Object Repository/Avangard New/Object (Тренер)/Case (Оценка по играм)/alert save' located by '//p[(text() = 'Оценка сохранена' or . = 'Оценка сохранена')]' not found (Root cause: com.kms.katalon.core.exception.StepFailedException: com.kms.katalon.core.webui.exception.WebElementNotFoundException: Web element with id: 'Object Repository/Avangard New/Object (Тренер)/Case (Оценка по играм)/alert save' located by '//p[(text() = 'Оценка сохранена' or . = 'Оценка сохранена')]' not found
	at com.kms.katalon.core.webui.keyword.internal.WebUIKeywordMain.stepFailed(WebUIKeywordMain.groovy:64)
	at com.kms.katalon.core.webui.keyword.builtin.VerifyElementTextKeyword$_verifyElementText_closure1.doCall(VerifyElementTextKeyword.groovy:64)
	at com.kms.katalon.core.webui.keyword.builtin.VerifyElementTextKeyword$_verifyElementText_closure1.call(VerifyElementTextKeyword.groovy)
	at com.kms.katalon.core.webui.keyword.internal.WebUIKeywordMain.runKeyword(WebUIKeywordMain.groovy:20)
	at com.kms.katalon.core.webui.keyword.builtin.VerifyElementTextKeyword.verifyElementText(VerifyElementTextKeyword.groovy:72)
	at com.kms.katalon.core.webui.keyword.builtin.VerifyElementTextKeyword.execute(VerifyElementTextKeyword.groovy:40)
	at com.kms.katalon.core.keyword.internal.KeywordExecutor.executeKeywordForPlatform(KeywordExecutor.groovy:74)
	at com.kms.katalon.core.webui.keyword.WebUiBuiltInKeywords.verifyElementText(WebUiBuiltInKeywords.groovy:4749)
	at com.kms.katalon.core.webui.keyword.WebUiBuiltInKeywords$verifyElementText$7.call(Unknown Source)
	at Оценка по играм.run(Оценка по играм:38)
	at com.kms.katalon.core.main.ScriptEngine.run(ScriptEngine.java:194)
	at com.kms.katalon.core.main.ScriptEngine.runScriptAsRawText(ScriptEngine.java:119)
	at com.kms.katalon.core.main.TestCaseExecutor.runScript(TestCaseExecutor.java:442)
	at com.kms.katalon.core.main.TestCaseExecutor.doExecute(TestCaseExecutor.java:433)
	at com.kms.katalon.core.main.TestCaseExecutor.processExecutionPhase(TestCaseExecutor.java:412)
	at com.kms.katalon.core.main.TestCaseExecutor.accessMainPhase(TestCaseExecutor.java:404)
	at com.kms.katalon.core.main.TestCaseExecutor.execute(TestCaseExecutor.java:281)
	at com.kms.katalon.core.main.TestSuiteExecutor.accessTestCaseMainPhase(TestSuiteExecutor.java:202)
	at com.kms.katalon.core.main.TestSuiteExecutor.accessTestSuiteMainPhase(TestSuiteExecutor.java:164)
	at com.kms.katalon.core.main.TestSuiteExecutor.execute(TestSuiteExecutor.java:105)
	at com.kms.katalon.core.main.TestCaseMain.startTestSuite(TestCaseMain.java:185)
	at com.kms.katalon.core.main.TestCaseMain$startTestSuite$0.call(Unknown Source)
	at TempTestSuite1649143156543.run(TempTestSuite1649143156543.groovy:36)
)
[[ATTACHMENT|C:\\Users\\LENOVO\\Katalon Studio\\Avangard\\Reports\\20220405_101904\\\u0422\u0440\u0435\u043D\u0435\u0440\\20220405_101916\\1649144862371.png]]

2022-04-05 10:47:46 - [MESSAGE][FAILED] - Verify element text of test object 'Object Repository/Avangard New/Object (Тренер)/Case (Оценка по играм)/alert save' FAILED. (Root cause: com.kms.katalon.core.exception.StepFailedException: Verify element text of test object 'Object Repository/Avangard New/Object (Тренер)/Case (Оценка по играм)/alert save' FAILED.
	at com.kms.katalon.core.webui.keyword.internal.WebUIKeywordMain.stepFailed(WebUIKeywordMain.groovy:64)
	at com.kms.katalon.core.webui.keyword.internal.WebUIKeywordMain.runKeyword(WebUIKeywordMain.groovy:26)
	at com.kms.katalon.core.webui.keyword.builtin.VerifyElementTextKeyword.verifyElementText(VerifyElementTextKeyword.groovy:72)
	at com.kms.katalon.core.webui.keyword.builtin.VerifyElementTextKeyword.execute(VerifyElementTextKeyword.groovy:40)
	at com.kms.katalon.core.keyword.internal.KeywordExecutor.executeKeywordForPlatform(KeywordExecutor.groovy:74)
	at com.kms.katalon.core.webui.keyword.WebUiBuiltInKeywords.verifyElementText(WebUiBuiltInKeywords.groovy:4749)
	at com.kms.katalon.core.webui.keyword.WebUiBuiltInKeywords$verifyElementText$7.call(Unknown Source)
	at Оценка по играм.run(Оценка по играм:38)
	at com.kms.katalon.core.main.ScriptEngine.run(ScriptEngine.java:194)
	at com.kms.katalon.core.main.ScriptEngine.runScriptAsRawText(ScriptEngine.java:119)
	at com.kms.katalon.core.main.TestCaseExecutor.runScript(TestCaseExecutor.java:442)
	at com.kms.katalon.core.main.TestCaseExecutor.doExecute(TestCaseExecutor.java:433)
	at com.kms.katalon.core.main.TestCaseExecutor.processExecutionPhase(TestCaseExecutor.java:412)
	at com.kms.katalon.core.main.TestCaseExecutor.accessMainPhase(TestCaseExecutor.java:404)
	at com.kms.katalon.core.main.TestCaseExecutor.execute(TestCaseExecutor.java:281)
	at com.kms.katalon.core.main.TestSuiteExecutor.accessTestCaseMainPhase(TestSuiteExecutor.java:202)
	at com.kms.katalon.core.main.TestSuiteExecutor.accessTestSuiteMainPhase(TestSuiteExecutor.java:164)
	at com.kms.katalon.core.main.TestSuiteExecutor.execute(TestSuiteExecutor.java:105)
	at com.kms.katalon.core.main.TestCaseMain.startTestSuite(TestCaseMain.java:185)
	at com.kms.katalon.core.main.TestCaseMain$startTestSuite$0.call(Unknown Source)
	at TempTestSuite1649143156543.run(TempTestSuite1649143156543.groovy:36)
Caused by: com.kms.katalon.core.exception.StepFailedException: com.kms.katalon.core.webui.exception.WebElementNotFoundException: Web element with id: 'Object Repository/Avangard New/Object (Тренер)/Case (Оценка по играм)/alert save' located by '//p[(text() = 'Оценка сохранена' or . = 'Оценка сохранена')]' not found
	at com.kms.katalon.core.webui.keyword.internal.WebUIKeywordMain.stepFailed(WebUIKeywordMain.groovy:64)
	at com.kms.katalon.core.webui.keyword.builtin.VerifyElementTextKeyword$_verifyElementText_closure1.doCall(VerifyElementTextKeyword.groovy:64)
	at com.kms.katalon.core.webui.keyword.builtin.VerifyElementTextKeyword$_verifyElementText_closure1.call(VerifyElementTextKeyword.groovy)
	at com.kms.katalon.core.webui.keyword.internal.WebUIKeywordMain.runKeyword(WebUIKeywordMain.groovy:20)
	... 19 more
)
[[ATTACHMENT|C:\\Users\\LENOVO\\Katalon Studio\\Avangard\\Reports\\20220405_101904\\\u0422\u0440\u0435\u043D\u0435\u0440\\20220405_101916\\1649144865071.png]]]]></system-out>
         <system-err><![CDATA[2022-04-05 10:41:37 - [TEST_CASE][FAILED] - Test Cases/Тренер/Оценка по играм: Test Cases/Тренер/Оценка по играм FAILED.
Reason:
com.kms.katalon.core.exception.StepFailedException: Verify element text of test object 'Object Repository/Avangard New/Object (Тренер)/Case (Оценка по играм)/alert save' FAILED.
	at com.kms.katalon.core.webui.keyword.internal.WebUIKeywordMain.stepFailed(WebUIKeywordMain.groovy:64)
	at com.kms.katalon.core.webui.keyword.internal.WebUIKeywordMain.runKeyword(WebUIKeywordMain.groovy:26)
	at com.kms.katalon.core.webui.keyword.builtin.VerifyElementTextKeyword.verifyElementText(VerifyElementTextKeyword.groovy:72)
	at com.kms.katalon.core.webui.keyword.builtin.VerifyElementTextKeyword.execute(VerifyElementTextKeyword.groovy:40)
	at com.kms.katalon.core.keyword.internal.KeywordExecutor.executeKeywordForPlatform(KeywordExecutor.groovy:74)
	at com.kms.katalon.core.webui.keyword.WebUiBuiltInKeywords.verifyElementText(WebUiBuiltInKeywords.groovy:4749)
	at com.kms.katalon.core.webui.keyword.WebUiBuiltInKeywords$verifyElementText$7.call(Unknown Source)
	at Оценка по играм.run(Оценка по играм:38)
	at com.kms.katalon.core.main.ScriptEngine.run(ScriptEngine.java:194)
	at com.kms.katalon.core.main.ScriptEngine.runScriptAsRawText(ScriptEngine.java:119)
	at com.kms.katalon.core.main.TestCaseExecutor.runScript(TestCaseExecutor.java:442)
	at com.kms.katalon.core.main.TestCaseExecutor.doExecute(TestCaseExecutor.java:433)
	at com.kms.katalon.core.main.TestCaseExecutor.processExecutionPhase(TestCaseExecutor.java:412)
	at com.kms.katalon.core.main.TestCaseExecutor.accessMainPhase(TestCaseExecutor.java:404)
	at com.kms.katalon.core.main.TestCaseExecutor.execute(TestCaseExecutor.java:281)
	at com.kms.katalon.core.main.TestSuiteExecutor.accessTestCaseMainPhase(TestSuiteExecutor.java:202)
	at com.kms.katalon.core.main.TestSuiteExecutor.accessTestSuiteMainPhase(TestSuiteExecutor.java:164)
	at com.kms.katalon.core.main.TestSuiteExecutor.execute(TestSuiteExecutor.java:105)
	at com.kms.katalon.core.main.TestCaseMain.startTestSuite(TestCaseMain.java:185)
	at com.kms.katalon.core.main.TestCaseMain$startTestSuite$0.call(Unknown Source)
	at TempTestSuite1649143156543.run(TempTestSuite1649143156543.groovy:36)
Caused by: com.kms.katalon.core.exception.StepFailedException: com.kms.katalon.core.webui.exception.WebElementNotFoundException: Web element with id: 'Object Repository/Avangard New/Object (Тренер)/Case (Оценка по играм)/alert save' located by '//p[(text() = 'Оценка сохранена' or . = 'Оценка сохранена')]' not found
	at com.kms.katalon.core.webui.keyword.internal.WebUIKeywordMain.stepFailed(WebUIKeywordMain.groovy:64)
	at com.kms.katalon.core.webui.keyword.builtin.VerifyElementTextKeyword$_verifyElementText_closure1.doCall(VerifyElementTextKeyword.groovy:64)
	at com.kms.katalon.core.webui.keyword.builtin.VerifyElementTextKeyword$_verifyElementText_closure1.call(VerifyElementTextKeyword.groovy)
	at com.kms.katalon.core.webui.keyword.internal.WebUIKeywordMain.runKeyword(WebUIKeywordMain.groovy:20)
	... 19 more]]></system-err>
      </testcase>
      <testcase name="Test Cases/Тренер/Физическое тестирование" time="751.985" classname="Test Cases/Тренер/Физическое тестирование" status="FAILED">
         <failure type="FAILED" message="Test Cases/Тренер/Физическое тестирование FAILED.
Reason:
com.kms.katalon.core.exception.StepFailedException: Call Test Case 'Test Cases/Игрок/Отчет физического тестирования (переиспользуется в физ. тестировании у тренера)' failed
	at com.kms.katalon.core.keyword.builtin.CallTestCaseKeyword$_callTestCase_closure1.doCall(CallTestCaseKeyword.groovy:63)
	at com.kms.katalon.core.keyword.builtin.CallTestCaseKeyword$_callTestCase_closure1.call(CallTestCaseKeyword.groovy)
	at com.kms.katalon.core.keyword.internal.KeywordMain.runKeyword(KeywordMain.groovy:74)
	at com.kms.katalon.core.keyword.builtin.CallTestCaseKeyword.callTestCase(CallTestCaseKeyword.groovy:81)
	at com.kms.katalon.core.keyword.builtin.CallTestCaseKeyword.execute(CallTestCaseKeyword.groovy:44)
	at com.kms.katalon.core.keyword.internal.KeywordExecutor.executeKeywordForPlatform(KeywordExecutor.groovy:74)
	at com.kms.katalon.core.keyword.BuiltinKeywords.callTestCase(BuiltinKeywords.groovy:334)
	at Физическое тестирование.run(Физическое тестирование:139)
	at com.kms.katalon.core.main.ScriptEngine.run(ScriptEngine.java:194)
	at com.kms.katalon.core.main.ScriptEngine.runScriptAsRawText(ScriptEngine.java:119)
	at com.kms.katalon.core.main.TestCaseExecutor.runScript(TestCaseExecutor.java:442)
	at com.kms.katalon.core.main.TestCaseExecutor.doExecute(TestCaseExecutor.java:433)
	at com.kms.katalon.core.main.TestCaseExecutor.processExecutionPhase(TestCaseExecutor.java:412)
	at com.kms.katalon.core.main.TestCaseExecutor.accessMainPhase(TestCaseExecutor.java:404)
	at com.kms.katalon.core.main.TestCaseExecutor.execute(TestCaseExecutor.java:281)
	at com.kms.katalon.core.main.TestSuiteExecutor.accessTestCaseMainPhase(TestSuiteExecutor.java:202)
	at com.kms.katalon.core.main.TestSuiteExecutor.accessTestSuiteMainPhase(TestSuiteExecutor.java:164)
	at com.kms.katalon.core.main.TestSuiteExecutor.execute(TestSuiteExecutor.java:105)
	at com.kms.katalon.core.main.TestCaseMain.startTestSuite(TestCaseMain.java:185)
	at com.kms.katalon.core.main.TestCaseMain$startTestSuite$0.call(Unknown Source)
	at TempTestSuite1649143156543.run(TempTestSuite1649143156543.groovy:36)
Caused by: com.kms.katalon.core.exception.StepFailedException: Verify element text of test object 'Object Repository/Avangard New/Object (Игрок)/Сase (Отчет физического тестирования)/div_7' FAILED.
	at com.kms.katalon.core.webui.keyword.internal.WebUIKeywordMain.stepFailed(WebUIKeywordMain.groovy:64)
	at com.kms.katalon.core.webui.keyword.internal.WebUIKeywordMain.runKeyword(WebUIKeywordMain.groovy:26)
	at com.kms.katalon.core.webui.keyword.builtin.VerifyElementTextKeyword.verifyElementText(VerifyElementTextKeyword.groovy:72)
	at com.kms.katalon.core.webui.keyword.builtin.VerifyElementTextKeyword.execute(VerifyElementTextKeyword.groovy:40)
	at com.kms.katalon.core.keyword.internal.KeywordExecutor.executeKeywordForPlatform(KeywordExecutor.groovy:74)
	at com.kms.katalon.core.webui.keyword.WebUiBuiltInKeywords.verifyElementText(WebUiBuiltInKeywords.groovy:4749)
	at com.kms.katalon.core.webui.keyword.WebUiBuiltInKeywords$verifyElementText$7.call(Unknown Source)
	at Отчет физического тестирования (переиспользуется в физ. тестировании у тренера).run(Отчет физического тестирования (переиспользуется в физ. тестировании у тренера):40)
	at com.kms.katalon.core.main.ScriptEngine.run(ScriptEngine.java:194)
	at com.kms.katalon.core.main.ScriptEngine.runScriptAsRawText(ScriptEngine.java:119)
	at com.kms.katalon.core.main.TestCaseExecutor.runScript(TestCaseExecutor.java:442)
	at com.kms.katalon.core.main.TestCaseExecutor.doExecute(TestCaseExecutor.java:433)
	at com.kms.katalon.core.main.TestCaseExecutor.processExecutionPhase(TestCaseExecutor.java:412)
	at com.kms.katalon.core.main.TestCaseExecutor.accessMainPhase(TestCaseExecutor.java:404)
	at com.kms.katalon.core.main.TestCaseExecutor.execute(TestCaseExecutor.java:281)
	at com.kms.katalon.core.main.TestCaseMain.runTestCase(TestCaseMain.java:142)
	at com.kms.katalon.core.keyword.builtin.CallTestCaseKeyword$_callTestCase_closure1.doCall(CallTestCaseKeyword.groovy:59)
	... 20 more
Caused by: com.kms.katalon.core.exception.StepFailedException: Actual text '-' and expected text '7' of test object 'Object Repository/Avangard New/Object (Игрок)/Сase (Отчет физического тестирования)/div_7' are NOT matched.
	at com.kms.katalon.core.webui.keyword.internal.WebUIKeywordMain.stepFailed(WebUIKeywordMain.groovy:64)
	at com.kms.katalon.core.webui.keyword.builtin.VerifyElementTextKeyword$_verifyElementText_closure1.doCall(VerifyElementTextKeyword.groovy:57)
	at com.kms.katalon.core.webui.keyword.builtin.VerifyElementTextKeyword$_verifyElementText_closure1.call(VerifyElementTextKeyword.groovy)
	at com.kms.katalon.core.webui.keyword.internal.WebUIKeywordMain.runKeyword(WebUIKeywordMain.groovy:20)
	... 35 more
"/>
         <system-out><![CDATA[2022-04-05 10:47:48 - [TEST_CASE][FAILED] - Test Cases/Тренер/Физическое тестирование: Test Cases/Тренер/Физическое тестирование FAILED.
Reason:
com.kms.katalon.core.exception.StepFailedException: Call Test Case 'Test Cases/Игрок/Отчет физического тестирования (переиспользуется в физ. тестировании у тренера)' failed
	at com.kms.katalon.core.keyword.builtin.CallTestCaseKeyword$_callTestCase_closure1.doCall(CallTestCaseKeyword.groovy:63)
	at com.kms.katalon.core.keyword.builtin.CallTestCaseKeyword$_callTestCase_closure1.call(CallTestCaseKeyword.groovy)
	at com.kms.katalon.core.keyword.internal.KeywordMain.runKeyword(KeywordMain.groovy:74)
	at com.kms.katalon.core.keyword.builtin.CallTestCaseKeyword.callTestCase(CallTestCaseKeyword.groovy:81)
	at com.kms.katalon.core.keyword.builtin.CallTestCaseKeyword.execute(CallTestCaseKeyword.groovy:44)
	at com.kms.katalon.core.keyword.internal.KeywordExecutor.executeKeywordForPlatform(KeywordExecutor.groovy:74)
	at com.kms.katalon.core.keyword.BuiltinKeywords.callTestCase(BuiltinKeywords.groovy:334)
	at Физическое тестирование.run(Физическое тестирование:139)
	at com.kms.katalon.core.main.ScriptEngine.run(ScriptEngine.java:194)
	at com.kms.katalon.core.main.ScriptEngine.runScriptAsRawText(ScriptEngine.java:119)
	at com.kms.katalon.core.main.TestCaseExecutor.runScript(TestCaseExecutor.java:442)
	at com.kms.katalon.core.main.TestCaseExecutor.doExecute(TestCaseExecutor.java:433)
	at com.kms.katalon.core.main.TestCaseExecutor.processExecutionPhase(TestCaseExecutor.java:412)
	at com.kms.katalon.core.main.TestCaseExecutor.accessMainPhase(TestCaseExecutor.java:404)
	at com.kms.katalon.core.main.TestCaseExecutor.execute(TestCaseExecutor.java:281)
	at com.kms.katalon.core.main.TestSuiteExecutor.accessTestCaseMainPhase(TestSuiteExecutor.java:202)
	at com.kms.katalon.core.main.TestSuiteExecutor.accessTestSuiteMainPhase(TestSuiteExecutor.java:164)
	at com.kms.katalon.core.main.TestSuiteExecutor.execute(TestSuiteExecutor.java:105)
	at com.kms.katalon.core.main.TestCaseMain.startTestSuite(TestCaseMain.java:185)
	at com.kms.katalon.core.main.TestCaseMain$startTestSuite$0.call(Unknown Source)
	at TempTestSuite1649143156543.run(TempTestSuite1649143156543.groovy:36)
Caused by: com.kms.katalon.core.exception.StepFailedException: Verify element text of test object 'Object Repository/Avangard New/Object (Игрок)/Сase (Отчет физического тестирования)/div_7' FAILED.
	at com.kms.katalon.core.webui.keyword.internal.WebUIKeywordMain.stepFailed(WebUIKeywordMain.groovy:64)
	at com.kms.katalon.core.webui.keyword.internal.WebUIKeywordMain.runKeyword(WebUIKeywordMain.groovy:26)
	at com.kms.katalon.core.webui.keyword.builtin.VerifyElementTextKeyword.verifyElementText(VerifyElementTextKeyword.groovy:72)
	at com.kms.katalon.core.webui.keyword.builtin.VerifyElementTextKeyword.execute(VerifyElementTextKeyword.groovy:40)
	at com.kms.katalon.core.keyword.internal.KeywordExecutor.executeKeywordForPlatform(KeywordExecutor.groovy:74)
	at com.kms.katalon.core.webui.keyword.WebUiBuiltInKeywords.verifyElementText(WebUiBuiltInKeywords.groovy:4749)
	at com.kms.katalon.core.webui.keyword.WebUiBuiltInKeywords$verifyElementText$7.call(Unknown Source)
	at Отчет физического тестирования (переиспользуется в физ. тестировании у тренера).run(Отчет физического тестирования (переиспользуется в физ. тестировании у тренера):40)
	at com.kms.katalon.core.main.ScriptEngine.run(ScriptEngine.java:194)
	at com.kms.katalon.core.main.ScriptEngine.runScriptAsRawText(ScriptEngine.java:119)
	at com.kms.katalon.core.main.TestCaseExecutor.runScript(TestCaseExecutor.java:442)
	at com.kms.katalon.core.main.TestCaseExecutor.doExecute(TestCaseExecutor.java:433)
	at com.kms.katalon.core.main.TestCaseExecutor.processExecutionPhase(TestCaseExecutor.java:412)
	at com.kms.katalon.core.main.TestCaseExecutor.accessMainPhase(TestCaseExecutor.java:404)
	at com.kms.katalon.core.main.TestCaseExecutor.execute(TestCaseExecutor.java:281)
	at com.kms.katalon.core.main.TestCaseMain.runTestCase(TestCaseMain.java:142)
	at com.kms.katalon.core.keyword.builtin.CallTestCaseKeyword$_callTestCase_closure1.doCall(CallTestCaseKeyword.groovy:59)
	... 20 more
Caused by: com.kms.katalon.core.exception.StepFailedException: Actual text '-' and expected text '7' of test object 'Object Repository/Avangard New/Object (Игрок)/Сase (Отчет физического тестирования)/div_7' are NOT matched.
	at com.kms.katalon.core.webui.keyword.internal.WebUIKeywordMain.stepFailed(WebUIKeywordMain.groovy:64)
	at com.kms.katalon.core.webui.keyword.builtin.VerifyElementTextKeyword$_verifyElementText_closure1.doCall(VerifyElementTextKeyword.groovy:57)
	at com.kms.katalon.core.webui.keyword.builtin.VerifyElementTextKeyword$_verifyElementText_closure1.call(VerifyElementTextKeyword.groovy)
	at com.kms.katalon.core.webui.keyword.internal.WebUIKeywordMain.runKeyword(WebUIKeywordMain.groovy:20)
	... 35 more


2022-04-05 10:47:49 - [TEST_STEP][PASSED] - openBrowser(""): Browser is opened with url: ''

2022-04-05 10:47:49 - [MESSAGE][WARNING] - A browser is already opened. Closing browser and opening a new one

2022-04-05 10:47:49 - [MESSAGE][INFO] - User set preference: ['os', 'linux']

2022-04-05 10:47:49 - [MESSAGE][INFO] - User set preference: ['browserName', 'chrome']

2022-04-05 10:47:49 - [MESSAGE][INFO] - User set preference: ['browserVersion', '97']

2022-04-05 10:47:49 - [MESSAGE][INFO] - User set preference: ['katalon:option', '{organizationId=632442, tunnelId=, usingTunnel=false}']

2022-04-05 10:47:49 - [MESSAGE][INFO] - Connecting to remote web server 'testcloud.katalon.com/hub' with type 'Selenium'

2022-04-05 10:47:49 - [MESSAGE][INFO] - Action delay is set to 100 milliseconds

2022-04-05 10:51:12 - [MESSAGE][PASSED] - Browser is opened with url: ''

2022-04-05 10:51:12 - [TEST_STEP][PASSED] - maximizeWindow(): Current window maximized

2022-04-05 10:51:12 - [MESSAGE][PASSED] - Current window maximized

2022-04-05 10:51:12 - [TEST_STEP][PASSED] - navigateToUrl(url): Navigate to 'https://stars-stage.hawk.ru:8080' successfully

2022-04-05 10:51:18 - [MESSAGE][PASSED] - Navigate to 'https://stars-stage.hawk.ru:8080' successfully

2022-04-05 10:51:18 - [TEST_STEP][PASSED] - setText(findTestObject("Object Repository/Avangard New/Object (Тренер)/Case (Физическое тестирование)/input__sc-lnrBVv eqPACj"), OFP_trainer_login): Text 'voityk.av@hc-avangard.com' is set on object 'Object Repository/Avangard New/Object (Тренер)/Case (Физическое тестирование)/input__sc-lnrBVv eqPACj'

2022-04-05 10:51:23 - [MESSAGE][PASSED] - Text 'voityk.av@hc-avangard.com' is set on object 'Object Repository/Avangard New/Object (Тренер)/Case (Физическое тестирование)/input__sc-lnrBVv eqPACj'

2022-04-05 10:51:23 - [TEST_STEP][PASSED] - setText(findTestObject("Object Repository/Avangard New/Object (Тренер)/Case (Физическое тестирование)/input__sc-lnrBVv eqPACj_1"), OFP_trainer_password): Text 'voityk.av' is set on object 'Object Repository/Avangard New/Object (Тренер)/Case (Физическое тестирование)/input__sc-lnrBVv eqPACj_1'

2022-04-05 10:51:27 - [MESSAGE][PASSED] - Text 'voityk.av' is set on object 'Object Repository/Avangard New/Object (Тренер)/Case (Физическое тестирование)/input__sc-lnrBVv eqPACj_1'

2022-04-05 10:51:27 - [TEST_STEP][PASSED] - click(findTestObject("Object Repository/Avangard New/Object (Тренер)/Case (Физическое тестирование)/go")): Object: 'Object Repository/Avangard New/Object (Тренер)/Case (Физическое тестирование)/go' is clicked on

2022-04-05 10:51:29 - [MESSAGE][PASSED] - Object: 'Object Repository/Avangard New/Object (Тренер)/Case (Физическое тестирование)/go' is clicked on

2022-04-05 10:51:29 - [TEST_STEP][PASSED] - click(findTestObject("Object Repository/Avangard New/Object (Тренер)/Case (Физическое тестирование)/buttom  fiz testing")): Object: 'Object Repository/Avangard New/Object (Тренер)/Case (Физическое тестирование)/buttom  fiz testing' is clicked on

2022-04-05 10:51:44 - [MESSAGE][PASSED] - Object: 'Object Repository/Avangard New/Object (Тренер)/Case (Физическое тестирование)/buttom  fiz testing' is clicked on

2022-04-05 10:51:44 - [TEST_STEP][PASSED] - click(findTestObject("Object Repository/Avangard New/Object (Тренер)/Case (Физическое тестирование)/div__exercises"), STOP_ON_FAILURE): Object: 'Object Repository/Avangard New/Object (Тренер)/Case (Физическое тестирование)/div__exercises' is clicked on

2022-04-05 10:51:47 - [MESSAGE][PASSED] - Object: 'Object Repository/Avangard New/Object (Тренер)/Case (Физическое тестирование)/div__exercises' is clicked on

2022-04-05 10:51:47 - [TEST_STEP][PASSED] - setText(findTestObject("Object Repository/Avangard New/Object (Тренер)/Case (Физическое тестирование)/input__exercise"), "FMS тест (баллы)"): Text 'FMS тест (баллы)' is set on object 'Object Repository/Avangard New/Object (Тренер)/Case (Физическое тестирование)/input__exercise'

2022-04-05 10:51:51 - [MESSAGE][PASSED] - Text 'FMS тест (баллы)' is set on object 'Object Repository/Avangard New/Object (Тренер)/Case (Физическое тестирование)/input__exercise'

2022-04-05 10:51:51 - [TEST_STEP][PASSED] - sendKeys(findTestObject("Object Repository/Avangard New/Object (Тренер)/Case (Физическое тестирование)/input__exercise"), Keys.chord(ENTER)): Keys 'ENTER + ' sent to object: 'Object Repository/Avangard New/Object (Тренер)/Case (Физическое тестирование)/input__exercise'

2022-04-05 10:51:53 - [MESSAGE][PASSED] - Keys 'ENTER + ' sent to object: 'Object Repository/Avangard New/Object (Тренер)/Case (Физическое тестирование)/input__exercise'

2022-04-05 10:51:53 - [TEST_STEP][PASSED] - clearText(findTestObject("Object Repository/Avangard New/Object (Тренер)/Case (Физическое тестирование)/input_FMS 1"), STOP_ON_FAILURE): Text of object 'Object Repository/Avangard New/Object (Тренер)/Case (Физическое тестирование)/input_FMS 1' is cleared

2022-04-05 10:51:55 - [MESSAGE][PASSED] - Text of object 'Object Repository/Avangard New/Object (Тренер)/Case (Физическое тестирование)/input_FMS 1' is cleared

2022-04-05 10:51:55 - [TEST_STEP][PASSED] - setText(findTestObject("Object Repository/Avangard New/Object (Тренер)/Case (Физическое тестирование)/input_FMS 1"), "21"): Text '21' is set on object 'Object Repository/Avangard New/Object (Тренер)/Case (Физическое тестирование)/input_FMS 1'

2022-04-05 10:51:59 - [MESSAGE][PASSED] - Text '21' is set on object 'Object Repository/Avangard New/Object (Тренер)/Case (Физическое тестирование)/input_FMS 1'

2022-04-05 10:51:59 - [TEST_STEP][PASSED] - clearText(findTestObject("Object Repository/Avangard New/Object (Тренер)/Case (Физическое тестирование)/input_FMS 2"), STOP_ON_FAILURE): Text of object 'Object Repository/Avangard New/Object (Тренер)/Case (Физическое тестирование)/input_FMS 2' is cleared

2022-04-05 10:52:01 - [MESSAGE][PASSED] - Text of object 'Object Repository/Avangard New/Object (Тренер)/Case (Физическое тестирование)/input_FMS 2' is cleared

2022-04-05 10:52:01 - [TEST_STEP][PASSED] - setText(findTestObject("Object Repository/Avangard New/Object (Тренер)/Case (Физическое тестирование)/input_FMS 2"), "15"): Text '15' is set on object 'Object Repository/Avangard New/Object (Тренер)/Case (Физическое тестирование)/input_FMS 2'

2022-04-05 10:52:05 - [MESSAGE][PASSED] - Text '15' is set on object 'Object Repository/Avangard New/Object (Тренер)/Case (Физическое тестирование)/input_FMS 2'

2022-04-05 10:52:05 - [TEST_STEP][PASSED] - clearText(findTestObject("Object Repository/Avangard New/Object (Тренер)/Case (Физическое тестирование)/input_FMS 3"), STOP_ON_FAILURE): Text of object 'Object Repository/Avangard New/Object (Тренер)/Case (Физическое тестирование)/input_FMS 3' is cleared

2022-04-05 10:52:07 - [MESSAGE][PASSED] - Text of object 'Object Repository/Avangard New/Object (Тренер)/Case (Физическое тестирование)/input_FMS 3' is cleared

2022-04-05 10:52:07 - [TEST_STEP][PASSED] - setText(findTestObject("Object Repository/Avangard New/Object (Тренер)/Case (Физическое тестирование)/input_FMS 3"), "7"): Text '7' is set on object 'Object Repository/Avangard New/Object (Тренер)/Case (Физическое тестирование)/input_FMS 3'

2022-04-05 10:52:11 - [MESSAGE][PASSED] - Text '7' is set on object 'Object Repository/Avangard New/Object (Тренер)/Case (Физическое тестирование)/input_FMS 3'

2022-04-05 10:52:11 - [TEST_STEP][PASSED] - scrollToElement(findTestObject("Object Repository/Avangard New/Object (Тренер)/Case (Физическое тестирование)/input_FMS 6"), 0): Scroll to object 'Object Repository/Avangard New/Object (Тренер)/Case (Физическое тестирование)/input_FMS 6' successfully

2022-04-05 10:52:11 - [MESSAGE][WARNING] - Timeout '0' is invalid. Using default page load timeout: '30'

2022-04-05 10:52:13 - [MESSAGE][PASSED] - Scroll to object 'Object Repository/Avangard New/Object (Тренер)/Case (Физическое тестирование)/input_FMS 6' successfully

2022-04-05 10:52:13 - [TEST_STEP][PASSED] - clearText(findTestObject("Object Repository/Avangard New/Object (Тренер)/Case (Физическое тестирование)/input_FMS 6"), STOP_ON_FAILURE): Text of object 'Object Repository/Avangard New/Object (Тренер)/Case (Физическое тестирование)/input_FMS 6' is cleared

2022-04-05 10:52:15 - [MESSAGE][PASSED] - Text of object 'Object Repository/Avangard New/Object (Тренер)/Case (Физическое тестирование)/input_FMS 6' is cleared

2022-04-05 10:52:15 - [TEST_STEP][PASSED] - setText(findTestObject("Object Repository/Avangard New/Object (Тренер)/Case (Физическое тестирование)/input_FMS 6"), "0"): Text '0' is set on object 'Object Repository/Avangard New/Object (Тренер)/Case (Физическое тестирование)/input_FMS 6'

2022-04-05 10:52:19 - [MESSAGE][PASSED] - Text '0' is set on object 'Object Repository/Avangard New/Object (Тренер)/Case (Физическое тестирование)/input_FMS 6'

2022-04-05 10:52:19 - [TEST_STEP][PASSED] - clearText(findTestObject("Object Repository/Avangard New/Object (Тренер)/Case (Физическое тестирование)/input_FMS 4"), STOP_ON_FAILURE): Text of object 'Object Repository/Avangard New/Object (Тренер)/Case (Физическое тестирование)/input_FMS 4' is cleared

2022-04-05 10:52:20 - [MESSAGE][PASSED] - Text of object 'Object Repository/Avangard New/Object (Тренер)/Case (Физическое тестирование)/input_FMS 4' is cleared

2022-04-05 10:52:20 - [TEST_STEP][PASSED] - setText(findTestObject("Object Repository/Avangard New/Object (Тренер)/Case (Физическое тестирование)/input_FMS 4"), "3,7"): Text '3,7' is set on object 'Object Repository/Avangard New/Object (Тренер)/Case (Физическое тестирование)/input_FMS 4'

2022-04-05 10:52:24 - [MESSAGE][PASSED] - Text '3,7' is set on object 'Object Repository/Avangard New/Object (Тренер)/Case (Физическое тестирование)/input_FMS 4'

2022-04-05 10:52:24 - [TEST_STEP][PASSED] - clearText(findTestObject("Object Repository/Avangard New/Object (Тренер)/Case (Физическое тестирование)/input_FMS 5"), STOP_ON_FAILURE): Text of object 'Object Repository/Avangard New/Object (Тренер)/Case (Физическое тестирование)/input_FMS 5' is cleared

2022-04-05 10:52:27 - [MESSAGE][PASSED] - Text of object 'Object Repository/Avangard New/Object (Тренер)/Case (Физическое тестирование)/input_FMS 5' is cleared

2022-04-05 10:52:27 - [TEST_STEP][PASSED] - setText(findTestObject("Object Repository/Avangard New/Object (Тренер)/Case (Физическое тестирование)/input_FMS 5"), "1000"): Text '1000' is set on object 'Object Repository/Avangard New/Object (Тренер)/Case (Физическое тестирование)/input_FMS 5'

2022-04-05 10:52:30 - [MESSAGE][PASSED] - Text '1000' is set on object 'Object Repository/Avangard New/Object (Тренер)/Case (Физическое тестирование)/input_FMS 5'

2022-04-05 10:52:30 - [TEST_STEP][PASSED] - scrollToElement(findTestObject("Object Repository/Avangard New/Object (Тренер)/Case (Физическое тестирование)/stage 2"), 0): Scroll to object 'Object Repository/Avangard New/Object (Тренер)/Case (Физическое тестирование)/stage 2' successfully

2022-04-05 10:52:30 - [MESSAGE][WARNING] - Timeout '0' is invalid. Using default page load timeout: '30'

2022-04-05 10:52:32 - [MESSAGE][PASSED] - Scroll to object 'Object Repository/Avangard New/Object (Тренер)/Case (Физическое тестирование)/stage 2' successfully

2022-04-05 10:52:32 - [TEST_STEP][PASSED] - click(findTestObject("Object Repository/Avangard New/Object (Тренер)/Case (Физическое тестирование)/stage 2")): Object: 'Object Repository/Avangard New/Object (Тренер)/Case (Физическое тестирование)/stage 2' is clicked on

2022-04-05 10:52:34 - [MESSAGE][PASSED] - Object: 'Object Repository/Avangard New/Object (Тренер)/Case (Физическое тестирование)/stage 2' is clicked on

2022-04-05 10:52:34 - [TEST_STEP][PASSED] - setText(findTestObject("Object Repository/Avangard New/Object (Тренер)/Case (Физическое тестирование)/input__etapi"), "Этап №2"): Text 'Этап №2' is set on object 'Object Repository/Avangard New/Object (Тренер)/Case (Физическое тестирование)/input__etapi'

2022-04-05 10:52:38 - [MESSAGE][PASSED] - Text 'Этап №2' is set on object 'Object Repository/Avangard New/Object (Тренер)/Case (Физическое тестирование)/input__etapi'

2022-04-05 10:52:38 - [TEST_STEP][PASSED] - sendKeys(findTestObject("Object Repository/Avangard New/Object (Тренер)/Case (Физическое тестирование)/input__etapi"), Keys.chord(ENTER)): Keys 'ENTER + ' sent to object: 'Object Repository/Avangard New/Object (Тренер)/Case (Физическое тестирование)/input__etapi'

2022-04-05 10:52:40 - [MESSAGE][PASSED] - Keys 'ENTER + ' sent to object: 'Object Repository/Avangard New/Object (Тренер)/Case (Физическое тестирование)/input__etapi'

2022-04-05 10:52:40 - [TEST_STEP][PASSED] - clearText(findTestObject("Object Repository/Avangard New/Object (Тренер)/Case (Физическое тестирование)/input_FMS 3"), STOP_ON_FAILURE): Text of object 'Object Repository/Avangard New/Object (Тренер)/Case (Физическое тестирование)/input_FMS 3' is cleared

2022-04-05 10:52:42 - [MESSAGE][PASSED] - Text of object 'Object Repository/Avangard New/Object (Тренер)/Case (Физическое тестирование)/input_FMS 3' is cleared

2022-04-05 10:52:42 - [TEST_STEP][PASSED] - setText(findTestObject("Object Repository/Avangard New/Object (Тренер)/Case (Физическое тестирование)/input_FMS 3"), "10,4"): Text '10,4' is set on object 'Object Repository/Avangard New/Object (Тренер)/Case (Физическое тестирование)/input_FMS 3'

2022-04-05 10:52:46 - [MESSAGE][PASSED] - Text '10,4' is set on object 'Object Repository/Avangard New/Object (Тренер)/Case (Физическое тестирование)/input_FMS 3'

2022-04-05 10:52:46 - [TEST_STEP][PASSED] - scrollToElement(findTestObject("Object Repository/Avangard New/Object (Тренер)/Case (Физическое тестирование)/button_save"), 0): Scroll to object 'Object Repository/Avangard New/Object (Тренер)/Case (Физическое тестирование)/button_save' successfully

2022-04-05 10:52:46 - [MESSAGE][WARNING] - Timeout '0' is invalid. Using default page load timeout: '30'

2022-04-05 10:52:48 - [MESSAGE][PASSED] - Scroll to object 'Object Repository/Avangard New/Object (Тренер)/Case (Физическое тестирование)/button_save' successfully

2022-04-05 10:52:48 - [TEST_STEP][PASSED] - click(findTestObject("Object Repository/Avangard New/Object (Тренер)/Case (Физическое тестирование)/button_save")): Object: 'Object Repository/Avangard New/Object (Тренер)/Case (Физическое тестирование)/button_save' is clicked on

2022-04-05 10:52:49 - [MESSAGE][PASSED] - Object: 'Object Repository/Avangard New/Object (Тренер)/Case (Физическое тестирование)/button_save' is clicked on

2022-04-05 10:52:49 - [TEST_STEP][PASSED] - verifyElementText(findTestObject("Object Repository/Avangard New/Object (Тренер)/Case (Физическое тестирование)/alert fiz testing"), "Оценка сохранена"): Actual text and expected text of test object 'Object Repository/Avangard New/Object (Тренер)/Case (Физическое тестирование)/alert fiz testing' are matched.

2022-04-05 10:52:52 - [MESSAGE][PASSED] - Actual text and expected text of test object 'Object Repository/Avangard New/Object (Тренер)/Case (Физическое тестирование)/alert fiz testing' are matched.

2022-04-05 10:52:52 - [TEST_STEP][PASSED] - scrollToElement(findTestObject("Object Repository/Avangard New/Object (Тренер)/Case (Физическое тестирование)/button_close fiz test"), 0): Scroll to object 'Object Repository/Avangard New/Object (Тренер)/Case (Физическое тестирование)/button_close fiz test' successfully

2022-04-05 10:52:52 - [MESSAGE][WARNING] - Timeout '0' is invalid. Using default page load timeout: '30'

2022-04-05 10:52:54 - [MESSAGE][PASSED] - Scroll to object 'Object Repository/Avangard New/Object (Тренер)/Case (Физическое тестирование)/button_close fiz test' successfully

2022-04-05 10:52:54 - [TEST_STEP][PASSED] - click(findTestObject("Object Repository/Avangard New/Object (Тренер)/Case (Физическое тестирование)/button_close fiz test")): Object: 'Object Repository/Avangard New/Object (Тренер)/Case (Физическое тестирование)/button_close fiz test' is clicked on

2022-04-05 10:52:56 - [MESSAGE][PASSED] - Object: 'Object Repository/Avangard New/Object (Тренер)/Case (Физическое тестирование)/button_close fiz test' is clicked on

2022-04-05 10:52:56 - [TEST_STEP][PASSED] - click(findTestObject("Object Repository/Avangard New/Object (Тренер)/Case (Физическое тестирование)/button__close 2 fiz test")): Object: 'Object Repository/Avangard New/Object (Тренер)/Case (Физическое тестирование)/button__close 2 fiz test' is clicked on

2022-04-05 10:52:59 - [MESSAGE][PASSED] - Object: 'Object Repository/Avangard New/Object (Тренер)/Case (Физическое тестирование)/button__close 2 fiz test' is clicked on

2022-04-05 10:52:59 - [TEST_STEP][PASSED] - callTestCase(findTestCase("Тренер/Отчет физического тестирования (переиспользуется в Физ. тестировании)"), [:], STOP_ON_FAILURE): Call Test Case 'Test Cases/Тренер/Отчет физического тестирования (переиспользуется в Физ. тестировании)' successfully

2022-04-05 10:52:59 - [TEST_CASE][PASSED] - Test Cases/Тренер/Отчет физического тестирования (переиспользуется в Физ. тестировании): Test Cases/Тренер/Отчет физического тестирования (переиспользуется в Физ. тестировании)

2022-04-05 10:52:59 - [TEST_STEP][PASSED] - openBrowser(""): Browser is opened with url: ''

2022-04-05 10:52:59 - [MESSAGE][WARNING] - A browser is already opened. Closing browser and opening a new one

2022-04-05 10:53:00 - [MESSAGE][INFO] - User set preference: ['os', 'linux']

2022-04-05 10:53:00 - [MESSAGE][INFO] - User set preference: ['browserName', 'chrome']

2022-04-05 10:53:00 - [MESSAGE][INFO] - User set preference: ['browserVersion', '97']

2022-04-05 10:53:00 - [MESSAGE][INFO] - User set preference: ['katalon:option', '{organizationId=632442, tunnelId=, usingTunnel=false}']

2022-04-05 10:53:00 - [MESSAGE][INFO] - Connecting to remote web server 'testcloud.katalon.com/hub' with type 'Selenium'

2022-04-05 10:53:00 - [MESSAGE][INFO] - Action delay is set to 100 milliseconds

2022-04-05 10:56:12 - [MESSAGE][PASSED] - Browser is opened with url: ''

2022-04-05 10:56:12 - [TEST_STEP][PASSED] - maximizeWindow(): Current window maximized

2022-04-05 10:56:13 - [MESSAGE][PASSED] - Current window maximized

2022-04-05 10:56:13 - [TEST_STEP][PASSED] - navigateToUrl(url): Navigate to 'https://stars-stage.hawk.ru:8080' successfully

2022-04-05 10:56:19 - [MESSAGE][PASSED] - Navigate to 'https://stars-stage.hawk.ru:8080' successfully

2022-04-05 10:56:19 - [TEST_STEP][PASSED] - setText(findTestObject("Object Repository/Avangard New/Object (Тренер)/Case (Физическое тестирование)/input__sc-lnrBVv eqPACj"), OFP_trainer_login): Text 'voityk.av@hc-avangard.com' is set on object 'Object Repository/Avangard New/Object (Тренер)/Case (Физическое тестирование)/input__sc-lnrBVv eqPACj'

2022-04-05 10:56:23 - [MESSAGE][PASSED] - Text 'voityk.av@hc-avangard.com' is set on object 'Object Repository/Avangard New/Object (Тренер)/Case (Физическое тестирование)/input__sc-lnrBVv eqPACj'

2022-04-05 10:56:23 - [TEST_STEP][PASSED] - setText(findTestObject("Object Repository/Avangard New/Object (Тренер)/Case (Физическое тестирование)/input__sc-lnrBVv eqPACj_1"), OFP_trainer_password): Text 'voityk.av' is set on object 'Object Repository/Avangard New/Object (Тренер)/Case (Физическое тестирование)/input__sc-lnrBVv eqPACj_1'

2022-04-05 10:56:28 - [MESSAGE][PASSED] - Text 'voityk.av' is set on object 'Object Repository/Avangard New/Object (Тренер)/Case (Физическое тестирование)/input__sc-lnrBVv eqPACj_1'

2022-04-05 10:56:28 - [TEST_STEP][PASSED] - click(findTestObject("Object Repository/Avangard New/Object (Тренер)/Case (Физическое тестирование)/go")): Object: 'Object Repository/Avangard New/Object (Тренер)/Case (Физическое тестирование)/go' is clicked on

2022-04-05 10:56:30 - [MESSAGE][PASSED] - Object: 'Object Repository/Avangard New/Object (Тренер)/Case (Физическое тестирование)/go' is clicked on

2022-04-05 10:56:30 - [TEST_STEP][PASSED] - click(findTestObject("Object Repository/Avangard New/Object (Тренер)/Case (Физическое тестирование)/span_report fiz")): Object: 'Object Repository/Avangard New/Object (Тренер)/Case (Физическое тестирование)/span_report fiz' is clicked on

2022-04-05 10:57:02 - [MESSAGE][PASSED] - Object: 'Object Repository/Avangard New/Object (Тренер)/Case (Физическое тестирование)/span_report fiz' is clicked on

2022-04-05 10:57:02 - [TEST_STEP][PASSED] - click(findTestObject("Object Repository/Avangard New/Object (Тренер)/Case (Физическое тестирование)/fiz test report")): Object: 'Object Repository/Avangard New/Object (Тренер)/Case (Физическое тестирование)/fiz test report' is clicked on

2022-04-05 10:57:04 - [MESSAGE][PASSED] - Object: 'Object Repository/Avangard New/Object (Тренер)/Case (Физическое тестирование)/fiz test report' is clicked on

2022-04-05 10:57:04 - [TEST_STEP][PASSED] - click(findTestObject("Object Repository/Avangard New/Object (Тренер)/Case (Физическое тестирование)/div_report uprazhnenie")): Object: 'Object Repository/Avangard New/Object (Тренер)/Case (Физическое тестирование)/div_report uprazhnenie' is clicked on

2022-04-05 10:57:07 - [MESSAGE][PASSED] - Object: 'Object Repository/Avangard New/Object (Тренер)/Case (Физическое тестирование)/div_report uprazhnenie' is clicked on

2022-04-05 10:57:07 - [TEST_STEP][PASSED] - setText(findTestObject("Object Repository/Avangard New/Object (Тренер)/Case (Физическое тестирование)/input__yprazhnenia report"), "FMS тест (баллы)"): Text 'FMS тест (баллы)' is set on object 'Object Repository/Avangard New/Object (Тренер)/Case (Физическое тестирование)/input__yprazhnenia report'

2022-04-05 10:57:10 - [MESSAGE][PASSED] - Text 'FMS тест (баллы)' is set on object 'Object Repository/Avangard New/Object (Тренер)/Case (Физическое тестирование)/input__yprazhnenia report'

2022-04-05 10:57:10 - [TEST_STEP][PASSED] - sendKeys(findTestObject("Object Repository/Avangard New/Object (Тренер)/Case (Физическое тестирование)/input__yprazhnenia report"), Keys.chord(ENTER)): Keys 'ENTER + ' sent to object: 'Object Repository/Avangard New/Object (Тренер)/Case (Физическое тестирование)/input__yprazhnenia report'

2022-04-05 10:57:12 - [MESSAGE][PASSED] - Keys 'ENTER + ' sent to object: 'Object Repository/Avangard New/Object (Тренер)/Case (Физическое тестирование)/input__yprazhnenia report'

2022-04-05 10:57:12 - [TEST_STEP][PASSED] - verifyElementText(findTestObject("Object Repository/Avangard New/Object (Тренер)/Case (Физическое тестирование)/div_21"), "21"): Actual text and expected text of test object 'Object Repository/Avangard New/Object (Тренер)/Case (Физическое тестирование)/div_21' are matched.

2022-04-05 10:57:15 - [MESSAGE][PASSED] - Actual text and expected text of test object 'Object Repository/Avangard New/Object (Тренер)/Case (Физическое тестирование)/div_21' are matched.

2022-04-05 10:57:15 - [TEST_STEP][PASSED] - verifyElementText(findTestObject("Object Repository/Avangard New/Object (Тренер)/Case (Физическое тестирование)/div_10"), "10"): Actual text and expected text of test object 'Object Repository/Avangard New/Object (Тренер)/Case (Физическое тестирование)/div_10' are matched.

2022-04-05 10:57:17 - [MESSAGE][PASSED] - Actual text and expected text of test object 'Object Repository/Avangard New/Object (Тренер)/Case (Физическое тестирование)/div_10' are matched.

2022-04-05 10:57:17 - [TEST_STEP][PASSED] - verifyElementText(findTestObject("Object Repository/Avangard New/Object (Тренер)/Case (Физическое тестирование)/div_15"), "15"): Actual text and expected text of test object 'Object Repository/Avangard New/Object (Тренер)/Case (Физическое тестирование)/div_15' are matched.

2022-04-05 10:57:19 - [MESSAGE][PASSED] - Actual text and expected text of test object 'Object Repository/Avangard New/Object (Тренер)/Case (Физическое тестирование)/div_15' are matched.

2022-04-05 10:57:19 - [TEST_STEP][PASSED] - verifyElementText(findTestObject("Object Repository/Avangard New/Object (Тренер)/Case (Физическое тестирование)/div_7"), "7"): Actual text and expected text of test object 'Object Repository/Avangard New/Object (Тренер)/Case (Физическое тестирование)/div_7' are matched.

2022-04-05 10:57:21 - [MESSAGE][PASSED] - Actual text and expected text of test object 'Object Repository/Avangard New/Object (Тренер)/Case (Физическое тестирование)/div_7' are matched.

2022-04-05 10:57:21 - [TEST_STEP][PASSED] - scrollToElement(findTestObject("Object Repository/Avangard New/Object (Тренер)/Case (Физическое тестирование)/div_3,7"), 0): Scroll to object 'Object Repository/Avangard New/Object (Тренер)/Case (Физическое тестирование)/div_3,7' successfully

2022-04-05 10:57:21 - [MESSAGE][WARNING] - Timeout '0' is invalid. Using default page load timeout: '30'

2022-04-05 10:57:23 - [MESSAGE][PASSED] - Scroll to object 'Object Repository/Avangard New/Object (Тренер)/Case (Физическое тестирование)/div_3,7' successfully

2022-04-05 10:57:23 - [TEST_STEP][PASSED] - verifyElementText(findTestObject("Object Repository/Avangard New/Object (Тренер)/Case (Физическое тестирование)/div_3,7"), "3,7"): Actual text and expected text of test object 'Object Repository/Avangard New/Object (Тренер)/Case (Физическое тестирование)/div_3,7' are matched.

2022-04-05 10:57:25 - [MESSAGE][PASSED] - Actual text and expected text of test object 'Object Repository/Avangard New/Object (Тренер)/Case (Физическое тестирование)/div_3,7' are matched.

2022-04-05 10:57:25 - [TEST_STEP][PASSED] - verifyElementText(findTestObject("Object Repository/Avangard New/Object (Тренер)/Case (Физическое тестирование)/div_2"), "2"): Actual text and expected text of test object 'Object Repository/Avangard New/Object (Тренер)/Case (Физическое тестирование)/div_2' are matched.

2022-04-05 10:57:27 - [MESSAGE][PASSED] - Actual text and expected text of test object 'Object Repository/Avangard New/Object (Тренер)/Case (Физическое тестирование)/div_2' are matched.

2022-04-05 10:57:27 - [TEST_STEP][PASSED] - scrollToElement(findTestObject("Object Repository/Avangard New/Object (Тренер)/Case (Физическое тестирование)/div_stage 2  10,4"), 0): Scroll to object 'Object Repository/Avangard New/Object (Тренер)/Case (Физическое тестирование)/div_stage 2  10,4' successfully

2022-04-05 10:57:27 - [MESSAGE][WARNING] - Timeout '0' is invalid. Using default page load timeout: '30'

2022-04-05 10:57:29 - [MESSAGE][PASSED] - Scroll to object 'Object Repository/Avangard New/Object (Тренер)/Case (Физическое тестирование)/div_stage 2  10,4' successfully

2022-04-05 10:57:29 - [TEST_STEP][PASSED] - verifyElementText(findTestObject("Object Repository/Avangard New/Object (Тренер)/Case (Физическое тестирование)/div_stage 2  10,4"), "10,4"): Actual text and expected text of test object 'Object Repository/Avangard New/Object (Тренер)/Case (Физическое тестирование)/div_stage 2  10,4' are matched.

2022-04-05 10:57:31 - [MESSAGE][PASSED] - Actual text and expected text of test object 'Object Repository/Avangard New/Object (Тренер)/Case (Физическое тестирование)/div_stage 2  10,4' are matched.

2022-04-05 10:57:31 - [TEST_STEP][PASSED] - verifyElementText(findTestObject("Avangard New/Object (Тренер)/Case (Физическое тестирование)/div_stage 2   4,5"), "4,5"): Actual text and expected text of test object 'Object Repository/Avangard New/Object (Тренер)/Case (Физическое тестирование)/div_stage 2   4,5' are matched.

2022-04-05 10:57:33 - [MESSAGE][PASSED] - Actual text and expected text of test object 'Object Repository/Avangard New/Object (Тренер)/Case (Физическое тестирование)/div_stage 2   4,5' are matched.

2022-04-05 10:57:33 - [TEST_STEP][PASSED] - verifyElementText(findTestObject("Object Repository/Avangard New/Object (Тренер)/Case (Физическое тестирование)/div_1,5"), "1,5"): Actual text and expected text of test object 'Object Repository/Avangard New/Object (Тренер)/Case (Физическое тестирование)/div_1,5' are matched.

2022-04-05 10:57:34 - [MESSAGE][PASSED] - Actual text and expected text of test object 'Object Repository/Avangard New/Object (Тренер)/Case (Физическое тестирование)/div_1,5' are matched.

2022-04-05 10:57:34 - [MESSAGE][PASSED] - Call Test Case 'Test Cases/Тренер/Отчет физического тестирования (переиспользуется в Физ. тестировании)' successfully

2022-04-05 10:57:34 - [TEST_STEP][FAILED] - callTestCase(findTestCase("Игрок/Отчет физического тестирования (переиспользуется в физ. тестировании у тренера)"), [:], STOP_ON_FAILURE): Unable to call Test Case 'Test Cases/Игрок/Отчет физического тестирования (переиспользуется в физ. тестировании у тренера)' (Root cause: com.kms.katalon.core.exception.StepFailedException: Call Test Case 'Test Cases/Игрок/Отчет физического тестирования (переиспользуется в физ. тестировании у тренера)' failed
	at com.kms.katalon.core.keyword.builtin.CallTestCaseKeyword$_callTestCase_closure1.doCall(CallTestCaseKeyword.groovy:63)
	at com.kms.katalon.core.keyword.builtin.CallTestCaseKeyword$_callTestCase_closure1.call(CallTestCaseKeyword.groovy)
	at com.kms.katalon.core.keyword.internal.KeywordMain.runKeyword(KeywordMain.groovy:74)
	at com.kms.katalon.core.keyword.builtin.CallTestCaseKeyword.callTestCase(CallTestCaseKeyword.groovy:81)
	at com.kms.katalon.core.keyword.builtin.CallTestCaseKeyword.execute(CallTestCaseKeyword.groovy:44)
	at com.kms.katalon.core.keyword.internal.KeywordExecutor.executeKeywordForPlatform(KeywordExecutor.groovy:74)
	at com.kms.katalon.core.keyword.BuiltinKeywords.callTestCase(BuiltinKeywords.groovy:334)
	at Физическое тестирование.run(Физическое тестирование:139)
	at com.kms.katalon.core.main.ScriptEngine.run(ScriptEngine.java:194)
	at com.kms.katalon.core.main.ScriptEngine.runScriptAsRawText(ScriptEngine.java:119)
	at com.kms.katalon.core.main.TestCaseExecutor.runScript(TestCaseExecutor.java:442)
	at com.kms.katalon.core.main.TestCaseExecutor.doExecute(TestCaseExecutor.java:433)
	at com.kms.katalon.core.main.TestCaseExecutor.processExecutionPhase(TestCaseExecutor.java:412)
	at com.kms.katalon.core.main.TestCaseExecutor.accessMainPhase(TestCaseExecutor.java:404)
	at com.kms.katalon.core.main.TestCaseExecutor.execute(TestCaseExecutor.java:281)
	at com.kms.katalon.core.main.TestSuiteExecutor.accessTestCaseMainPhase(TestSuiteExecutor.java:202)
	at com.kms.katalon.core.main.TestSuiteExecutor.accessTestSuiteMainPhase(TestSuiteExecutor.java:164)
	at com.kms.katalon.core.main.TestSuiteExecutor.execute(TestSuiteExecutor.java:105)
	at com.kms.katalon.core.main.TestCaseMain.startTestSuite(TestCaseMain.java:185)
	at com.kms.katalon.core.main.TestCaseMain$startTestSuite$0.call(Unknown Source)
	at TempTestSuite1649143156543.run(TempTestSuite1649143156543.groovy:36)
Caused by: com.kms.katalon.core.exception.StepFailedException: Verify element text of test object 'Object Repository/Avangard New/Object (Игрок)/Сase (Отчет физического тестирования)/div_7' FAILED.
	at com.kms.katalon.core.webui.keyword.internal.WebUIKeywordMain.stepFailed(WebUIKeywordMain.groovy:64)
	at com.kms.katalon.core.webui.keyword.internal.WebUIKeywordMain.runKeyword(WebUIKeywordMain.groovy:26)
	at com.kms.katalon.core.webui.keyword.builtin.VerifyElementTextKeyword.verifyElementText(VerifyElementTextKeyword.groovy:72)
	at com.kms.katalon.core.webui.keyword.builtin.VerifyElementTextKeyword.execute(VerifyElementTextKeyword.groovy:40)
	at com.kms.katalon.core.keyword.internal.KeywordExecutor.executeKeywordForPlatform(KeywordExecutor.groovy:74)
	at com.kms.katalon.core.webui.keyword.WebUiBuiltInKeywords.verifyElementText(WebUiBuiltInKeywords.groovy:4749)
	at com.kms.katalon.core.webui.keyword.WebUiBuiltInKeywords$verifyElementText$7.call(Unknown Source)
	at Отчет физического тестирования (переиспользуется в физ. тестировании у тренера).run(Отчет физического тестирования (переиспользуется в физ. тестировании у тренера):40)
	at com.kms.katalon.core.main.ScriptEngine.run(ScriptEngine.java:194)
	at com.kms.katalon.core.main.ScriptEngine.runScriptAsRawText(ScriptEngine.java:119)
	at com.kms.katalon.core.main.TestCaseExecutor.runScript(TestCaseExecutor.java:442)
	at com.kms.katalon.core.main.TestCaseExecutor.doExecute(TestCaseExecutor.java:433)
	at com.kms.katalon.core.main.TestCaseExecutor.processExecutionPhase(TestCaseExecutor.java:412)
	at com.kms.katalon.core.main.TestCaseExecutor.accessMainPhase(TestCaseExecutor.java:404)
	at com.kms.katalon.core.main.TestCaseExecutor.execute(TestCaseExecutor.java:281)
	at com.kms.katalon.core.main.TestCaseMain.runTestCase(TestCaseMain.java:142)
	at com.kms.katalon.core.keyword.builtin.CallTestCaseKeyword$_callTestCase_closure1.doCall(CallTestCaseKeyword.groovy:59)
	... 20 more
Caused by: com.kms.katalon.core.exception.StepFailedException: Actual text '-' and expected text '7' of test object 'Object Repository/Avangard New/Object (Игрок)/Сase (Отчет физического тестирования)/div_7' are NOT matched.
	at com.kms.katalon.core.webui.keyword.internal.WebUIKeywordMain.stepFailed(WebUIKeywordMain.groovy:64)
	at com.kms.katalon.core.webui.keyword.builtin.VerifyElementTextKeyword$_verifyElementText_closure1.doCall(VerifyElementTextKeyword.groovy:57)
	at com.kms.katalon.core.webui.keyword.builtin.VerifyElementTextKeyword$_verifyElementText_closure1.call(VerifyElementTextKeyword.groovy)
	at com.kms.katalon.core.webui.keyword.internal.WebUIKeywordMain.runKeyword(WebUIKeywordMain.groovy:20)
	... 35 more
)

2022-04-05 10:57:34 - [TEST_CASE][FAILED] - Test Cases/Игрок/Отчет физического тестирования (переиспользуется в физ. тестировании у тренера): Test Cases/Игрок/Отчет физического тестирования (переиспользуется в физ. тестировании у тренера) FAILED.
Reason:
com.kms.katalon.core.exception.StepFailedException: Verify element text of test object 'Object Repository/Avangard New/Object (Игрок)/Сase (Отчет физического тестирования)/div_7' FAILED.
	at com.kms.katalon.core.webui.keyword.internal.WebUIKeywordMain.stepFailed(WebUIKeywordMain.groovy:64)
	at com.kms.katalon.core.webui.keyword.internal.WebUIKeywordMain.runKeyword(WebUIKeywordMain.groovy:26)
	at com.kms.katalon.core.webui.keyword.builtin.VerifyElementTextKeyword.verifyElementText(VerifyElementTextKeyword.groovy:72)
	at com.kms.katalon.core.webui.keyword.builtin.VerifyElementTextKeyword.execute(VerifyElementTextKeyword.groovy:40)
	at com.kms.katalon.core.keyword.internal.KeywordExecutor.executeKeywordForPlatform(KeywordExecutor.groovy:74)
	at com.kms.katalon.core.webui.keyword.WebUiBuiltInKeywords.verifyElementText(WebUiBuiltInKeywords.groovy:4749)
	at com.kms.katalon.core.webui.keyword.WebUiBuiltInKeywords$verifyElementText$7.call(Unknown Source)
	at Отчет физического тестирования (переиспользуется в физ. тестировании у тренера).run(Отчет физического тестирования (переиспользуется в физ. тестировании у тренера):40)
	at com.kms.katalon.core.main.ScriptEngine.run(ScriptEngine.java:194)
	at com.kms.katalon.core.main.ScriptEngine.runScriptAsRawText(ScriptEngine.java:119)
	at com.kms.katalon.core.main.TestCaseExecutor.runScript(TestCaseExecutor.java:442)
	at com.kms.katalon.core.main.TestCaseExecutor.doExecute(TestCaseExecutor.java:433)
	at com.kms.katalon.core.main.TestCaseExecutor.processExecutionPhase(TestCaseExecutor.java:412)
	at com.kms.katalon.core.main.TestCaseExecutor.accessMainPhase(TestCaseExecutor.java:404)
	at com.kms.katalon.core.main.TestCaseExecutor.execute(TestCaseExecutor.java:281)
	at com.kms.katalon.core.main.TestCaseMain.runTestCase(TestCaseMain.java:142)
	at com.kms.katalon.core.keyword.builtin.CallTestCaseKeyword$_callTestCase_closure1.doCall(CallTestCaseKeyword.groovy:59)
	at com.kms.katalon.core.keyword.builtin.CallTestCaseKeyword$_callTestCase_closure1.call(CallTestCaseKeyword.groovy)
	at com.kms.katalon.core.keyword.internal.KeywordMain.runKeyword(KeywordMain.groovy:74)
	at com.kms.katalon.core.keyword.builtin.CallTestCaseKeyword.callTestCase(CallTestCaseKeyword.groovy:81)
	at com.kms.katalon.core.keyword.builtin.CallTestCaseKeyword.execute(CallTestCaseKeyword.groovy:44)
	at com.kms.katalon.core.keyword.internal.KeywordExecutor.executeKeywordForPlatform(KeywordExecutor.groovy:74)
	at com.kms.katalon.core.keyword.BuiltinKeywords.callTestCase(BuiltinKeywords.groovy:334)
	at Физическое тестирование.run(Физическое тестирование:139)
	at com.kms.katalon.core.main.ScriptEngine.run(ScriptEngine.java:194)
	at com.kms.katalon.core.main.ScriptEngine.runScriptAsRawText(ScriptEngine.java:119)
	at com.kms.katalon.core.main.TestCaseExecutor.runScript(TestCaseExecutor.java:442)
	at com.kms.katalon.core.main.TestCaseExecutor.doExecute(TestCaseExecutor.java:433)
	at com.kms.katalon.core.main.TestCaseExecutor.processExecutionPhase(TestCaseExecutor.java:412)
	at com.kms.katalon.core.main.TestCaseExecutor.accessMainPhase(TestCaseExecutor.java:404)
	at com.kms.katalon.core.main.TestCaseExecutor.execute(TestCaseExecutor.java:281)
	at com.kms.katalon.core.main.TestSuiteExecutor.accessTestCaseMainPhase(TestSuiteExecutor.java:202)
	at com.kms.katalon.core.main.TestSuiteExecutor.accessTestSuiteMainPhase(TestSuiteExecutor.java:164)
	at com.kms.katalon.core.main.TestSuiteExecutor.execute(TestSuiteExecutor.java:105)
	at com.kms.katalon.core.main.TestCaseMain.startTestSuite(TestCaseMain.java:185)
	at com.kms.katalon.core.main.TestCaseMain$startTestSuite$0.call(Unknown Source)
	at TempTestSuite1649143156543.run(TempTestSuite1649143156543.groovy:36)
Caused by: com.kms.katalon.core.exception.StepFailedException: Actual text '-' and expected text '7' of test object 'Object Repository/Avangard New/Object (Игрок)/Сase (Отчет физического тестирования)/div_7' are NOT matched.
	at com.kms.katalon.core.webui.keyword.internal.WebUIKeywordMain.stepFailed(WebUIKeywordMain.groovy:64)
	at com.kms.katalon.core.webui.keyword.builtin.VerifyElementTextKeyword$_verifyElementText_closure1.doCall(VerifyElementTextKeyword.groovy:57)
	at com.kms.katalon.core.webui.keyword.builtin.VerifyElementTextKeyword$_verifyElementText_closure1.call(VerifyElementTextKeyword.groovy)
	at com.kms.katalon.core.webui.keyword.internal.WebUIKeywordMain.runKeyword(WebUIKeywordMain.groovy:20)
	... 35 more


2022-04-05 10:57:35 - [TEST_STEP][PASSED] - callTestCase(findTestCase("Игрок/Авторизация"), [:], STOP_ON_FAILURE): Call Test Case 'Test Cases/Игрок/Авторизация' successfully

2022-04-05 10:57:35 - [TEST_CASE][PASSED] - Test Cases/Игрок/Авторизация: Test Cases/Игрок/Авторизация

2022-04-05 10:57:35 - [TEST_STEP][PASSED] - openBrowser(""): Browser is opened with url: ''

2022-04-05 10:57:35 - [MESSAGE][WARNING] - A browser is already opened. Closing browser and opening a new one

2022-04-05 10:57:36 - [MESSAGE][INFO] - User set preference: ['os', 'linux']

2022-04-05 10:57:36 - [MESSAGE][INFO] - User set preference: ['browserName', 'chrome']

2022-04-05 10:57:36 - [MESSAGE][INFO] - User set preference: ['browserVersion', '97']

2022-04-05 10:57:36 - [MESSAGE][INFO] - User set preference: ['katalon:option', '{organizationId=632442, tunnelId=, usingTunnel=false}']

2022-04-05 10:57:36 - [MESSAGE][INFO] - Connecting to remote web server 'testcloud.katalon.com/hub' with type 'Selenium'

2022-04-05 10:57:36 - [MESSAGE][INFO] - Action delay is set to 100 milliseconds

2022-04-05 10:59:11 - [MESSAGE][PASSED] - Browser is opened with url: ''

2022-04-05 10:59:11 - [TEST_STEP][PASSED] - maximizeWindow(): Current window maximized

2022-04-05 10:59:12 - [MESSAGE][PASSED] - Current window maximized

2022-04-05 10:59:12 - [TEST_STEP][PASSED] - navigateToUrl(url): Navigate to 'https://stars-stage.hawk.ru:8080' successfully

2022-04-05 10:59:18 - [MESSAGE][PASSED] - Navigate to 'https://stars-stage.hawk.ru:8080' successfully

2022-04-05 10:59:18 - [TEST_STEP][PASSED] - setText(findTestObject("Object Repository/manager/Page_/input__sc-lnrBVv eqPACj"), player_login): Text 'dima.vlasenko18@mail.ru' is set on object 'Object Repository/manager/Page_/input__sc-lnrBVv eqPACj'

2022-04-05 10:59:22 - [MESSAGE][PASSED] - Text 'dima.vlasenko18@mail.ru' is set on object 'Object Repository/manager/Page_/input__sc-lnrBVv eqPACj'

2022-04-05 10:59:22 - [TEST_STEP][PASSED] - setText(findTestObject("Object Repository/manager/Page_/input__sc-lnrBVv eqPACj_1"), player_password): Text 'dima.vlasenko18' is set on object 'Object Repository/manager/Page_/input__sc-lnrBVv eqPACj_1'

2022-04-05 10:59:26 - [MESSAGE][PASSED] - Text 'dima.vlasenko18' is set on object 'Object Repository/manager/Page_/input__sc-lnrBVv eqPACj_1'

2022-04-05 10:59:26 - [TEST_STEP][PASSED] - click(findTestObject("manager/Page_/go")): Object: 'Object Repository/manager/Page_/go' is clicked on

2022-04-05 10:59:28 - [MESSAGE][PASSED] - Object: 'Object Repository/manager/Page_/go' is clicked on

2022-04-05 10:59:28 - [MESSAGE][PASSED] - Call Test Case 'Test Cases/Игрок/Авторизация' successfully

2022-04-05 10:59:28 - [TEST_STEP][PASSED] - click(findTestObject("Object Repository/Avangard New/Object (Игрок)/Сase (Отчет физического тестирования)/span_report player")): Object: 'Object Repository/Avangard New/Object (Игрок)/Сase (Отчет физического тестирования)/span_report player' is clicked on

2022-04-05 10:59:59 - [MESSAGE][PASSED] - Object: 'Object Repository/Avangard New/Object (Игрок)/Сase (Отчет физического тестирования)/span_report player' is clicked on

2022-04-05 10:59:59 - [TEST_STEP][PASSED] - click(findTestObject("Object Repository/Avangard New/Object (Игрок)/Сase (Отчет физического тестирования)/report fiz test player")): Object: 'Object Repository/Avangard New/Object (Игрок)/Сase (Отчет физического тестирования)/report fiz test player' is clicked on

2022-04-05 11:00:02 - [MESSAGE][PASSED] - Object: 'Object Repository/Avangard New/Object (Игрок)/Сase (Отчет физического тестирования)/report fiz test player' is clicked on

2022-04-05 11:00:02 - [TEST_STEP][PASSED] - click(findTestObject("Object Repository/Avangard New/Object (Игрок)/Сase (Отчет физического тестирования)/yprazhnenie palyer")): Object: 'Object Repository/Avangard New/Object (Игрок)/Сase (Отчет физического тестирования)/yprazhnenie palyer' is clicked on

2022-04-05 11:00:04 - [MESSAGE][PASSED] - Object: 'Object Repository/Avangard New/Object (Игрок)/Сase (Отчет физического тестирования)/yprazhnenie palyer' is clicked on

2022-04-05 11:00:04 - [TEST_STEP][PASSED] - setText(findTestObject("Object Repository/Avangard New/Object (Игрок)/Сase (Отчет физического тестирования)/input__player report"), "FMS тест (баллы)"): Text 'FMS тест (баллы)' is set on object 'Object Repository/Avangard New/Object (Игрок)/Сase (Отчет физического тестирования)/input__player report'

2022-04-05 11:00:08 - [MESSAGE][PASSED] - Text 'FMS тест (баллы)' is set on object 'Object Repository/Avangard New/Object (Игрок)/Сase (Отчет физического тестирования)/input__player report'

2022-04-05 11:00:08 - [TEST_STEP][PASSED] - sendKeys(findTestObject("Object Repository/Avangard New/Object (Игрок)/Сase (Отчет физического тестирования)/input__player report"), Keys.chord(ENTER)): Keys 'ENTER + ' sent to object: 'Object Repository/Avangard New/Object (Игрок)/Сase (Отчет физического тестирования)/input__player report'

2022-04-05 11:00:10 - [MESSAGE][PASSED] - Keys 'ENTER + ' sent to object: 'Object Repository/Avangard New/Object (Игрок)/Сase (Отчет физического тестирования)/input__player report'

2022-04-05 11:00:10 - [TEST_STEP][FAILED] - verifyElementText(findTestObject("Object Repository/Avangard New/Object (Игрок)/Сase (Отчет физического тестирования)/div_7"), "7"): Verify element text of test object 'Object Repository/Avangard New/Object (Игрок)/Сase (Отчет физического тестирования)/div_7' FAILED. (Root cause: com.kms.katalon.core.exception.StepFailedException: Verify element text of test object 'Object Repository/Avangard New/Object (Игрок)/Сase (Отчет физического тестирования)/div_7' FAILED.
	at com.kms.katalon.core.webui.keyword.internal.WebUIKeywordMain.stepFailed(WebUIKeywordMain.groovy:64)
	at com.kms.katalon.core.webui.keyword.internal.WebUIKeywordMain.runKeyword(WebUIKeywordMain.groovy:26)
	at com.kms.katalon.core.webui.keyword.builtin.VerifyElementTextKeyword.verifyElementText(VerifyElementTextKeyword.groovy:72)
	at com.kms.katalon.core.webui.keyword.builtin.VerifyElementTextKeyword.execute(VerifyElementTextKeyword.groovy:40)
	at com.kms.katalon.core.keyword.internal.KeywordExecutor.executeKeywordForPlatform(KeywordExecutor.groovy:74)
	at com.kms.katalon.core.webui.keyword.WebUiBuiltInKeywords.verifyElementText(WebUiBuiltInKeywords.groovy:4749)
	at com.kms.katalon.core.webui.keyword.WebUiBuiltInKeywords$verifyElementText$7.call(Unknown Source)
	at Отчет физического тестирования (переиспользуется в физ. тестировании у тренера).run(Отчет физического тестирования (переиспользуется в физ. тестировании у тренера):40)
	at com.kms.katalon.core.main.ScriptEngine.run(ScriptEngine.java:194)
	at com.kms.katalon.core.main.ScriptEngine.runScriptAsRawText(ScriptEngine.java:119)
	at com.kms.katalon.core.main.TestCaseExecutor.runScript(TestCaseExecutor.java:442)
	at com.kms.katalon.core.main.TestCaseExecutor.doExecute(TestCaseExecutor.java:433)
	at com.kms.katalon.core.main.TestCaseExecutor.processExecutionPhase(TestCaseExecutor.java:412)
	at com.kms.katalon.core.main.TestCaseExecutor.accessMainPhase(TestCaseExecutor.java:404)
	at com.kms.katalon.core.main.TestCaseExecutor.execute(TestCaseExecutor.java:281)
	at com.kms.katalon.core.main.TestCaseMain.runTestCase(TestCaseMain.java:142)
	at com.kms.katalon.core.keyword.builtin.CallTestCaseKeyword$_callTestCase_closure1.doCall(CallTestCaseKeyword.groovy:59)
	at com.kms.katalon.core.keyword.builtin.CallTestCaseKeyword$_callTestCase_closure1.call(CallTestCaseKeyword.groovy)
	at com.kms.katalon.core.keyword.internal.KeywordMain.runKeyword(KeywordMain.groovy:74)
	at com.kms.katalon.core.keyword.builtin.CallTestCaseKeyword.callTestCase(CallTestCaseKeyword.groovy:81)
	at com.kms.katalon.core.keyword.builtin.CallTestCaseKeyword.execute(CallTestCaseKeyword.groovy:44)
	at com.kms.katalon.core.keyword.internal.KeywordExecutor.executeKeywordForPlatform(KeywordExecutor.groovy:74)
	at com.kms.katalon.core.keyword.BuiltinKeywords.callTestCase(BuiltinKeywords.groovy:334)
	at Физическое тестирование.run(Физическое тестирование:139)
	at com.kms.katalon.core.main.ScriptEngine.run(ScriptEngine.java:194)
	at com.kms.katalon.core.main.ScriptEngine.runScriptAsRawText(ScriptEngine.java:119)
	at com.kms.katalon.core.main.TestCaseExecutor.runScript(TestCaseExecutor.java:442)
	at com.kms.katalon.core.main.TestCaseExecutor.doExecute(TestCaseExecutor.java:433)
	at com.kms.katalon.core.main.TestCaseExecutor.processExecutionPhase(TestCaseExecutor.java:412)
	at com.kms.katalon.core.main.TestCaseExecutor.accessMainPhase(TestCaseExecutor.java:404)
	at com.kms.katalon.core.main.TestCaseExecutor.execute(TestCaseExecutor.java:281)
	at com.kms.katalon.core.main.TestSuiteExecutor.accessTestCaseMainPhase(TestSuiteExecutor.java:202)
	at com.kms.katalon.core.main.TestSuiteExecutor.accessTestSuiteMainPhase(TestSuiteExecutor.java:164)
	at com.kms.katalon.core.main.TestSuiteExecutor.execute(TestSuiteExecutor.java:105)
	at com.kms.katalon.core.main.TestCaseMain.startTestSuite(TestCaseMain.java:185)
	at com.kms.katalon.core.main.TestCaseMain$startTestSuite$0.call(Unknown Source)
	at TempTestSuite1649143156543.run(TempTestSuite1649143156543.groovy:36)
Caused by: com.kms.katalon.core.exception.StepFailedException: Actual text '-' and expected text '7' of test object 'Object Repository/Avangard New/Object (Игрок)/Сase (Отчет физического тестирования)/div_7' are NOT matched.
	at com.kms.katalon.core.webui.keyword.internal.WebUIKeywordMain.stepFailed(WebUIKeywordMain.groovy:64)
	at com.kms.katalon.core.webui.keyword.builtin.VerifyElementTextKeyword$_verifyElementText_closure1.doCall(VerifyElementTextKeyword.groovy:57)
	at com.kms.katalon.core.webui.keyword.builtin.VerifyElementTextKeyword$_verifyElementText_closure1.call(VerifyElementTextKeyword.groovy)
	at com.kms.katalon.core.webui.keyword.internal.WebUIKeywordMain.runKeyword(WebUIKeywordMain.groovy:20)
	... 35 more
)

2022-04-05 11:00:15 - [MESSAGE][FAILED] - Actual text '-' and expected text '7' of test object 'Object Repository/Avangard New/Object (Игрок)/Сase (Отчет физического тестирования)/div_7' are NOT matched. (Root cause: com.kms.katalon.core.exception.StepFailedException: Actual text '-' and expected text '7' of test object 'Object Repository/Avangard New/Object (Игрок)/Сase (Отчет физического тестирования)/div_7' are NOT matched.
	at com.kms.katalon.core.webui.keyword.internal.WebUIKeywordMain.stepFailed(WebUIKeywordMain.groovy:64)
	at com.kms.katalon.core.webui.keyword.builtin.VerifyElementTextKeyword$_verifyElementText_closure1.doCall(VerifyElementTextKeyword.groovy:57)
	at com.kms.katalon.core.webui.keyword.builtin.VerifyElementTextKeyword$_verifyElementText_closure1.call(VerifyElementTextKeyword.groovy)
	at com.kms.katalon.core.webui.keyword.internal.WebUIKeywordMain.runKeyword(WebUIKeywordMain.groovy:20)
	at com.kms.katalon.core.webui.keyword.builtin.VerifyElementTextKeyword.verifyElementText(VerifyElementTextKeyword.groovy:72)
	at com.kms.katalon.core.webui.keyword.builtin.VerifyElementTextKeyword.execute(VerifyElementTextKeyword.groovy:40)
	at com.kms.katalon.core.keyword.internal.KeywordExecutor.executeKeywordForPlatform(KeywordExecutor.groovy:74)
	at com.kms.katalon.core.webui.keyword.WebUiBuiltInKeywords.verifyElementText(WebUiBuiltInKeywords.groovy:4749)
	at com.kms.katalon.core.webui.keyword.WebUiBuiltInKeywords$verifyElementText$7.call(Unknown Source)
	at Отчет физического тестирования (переиспользуется в физ. тестировании у тренера).run(Отчет физического тестирования (переиспользуется в физ. тестировании у тренера):40)
	at com.kms.katalon.core.main.ScriptEngine.run(ScriptEngine.java:194)
	at com.kms.katalon.core.main.ScriptEngine.runScriptAsRawText(ScriptEngine.java:119)
	at com.kms.katalon.core.main.TestCaseExecutor.runScript(TestCaseExecutor.java:442)
	at com.kms.katalon.core.main.TestCaseExecutor.doExecute(TestCaseExecutor.java:433)
	at com.kms.katalon.core.main.TestCaseExecutor.processExecutionPhase(TestCaseExecutor.java:412)
	at com.kms.katalon.core.main.TestCaseExecutor.accessMainPhase(TestCaseExecutor.java:404)
	at com.kms.katalon.core.main.TestCaseExecutor.execute(TestCaseExecutor.java:281)
	at com.kms.katalon.core.main.TestCaseMain.runTestCase(TestCaseMain.java:142)
	at com.kms.katalon.core.keyword.builtin.CallTestCaseKeyword$_callTestCase_closure1.doCall(CallTestCaseKeyword.groovy:59)
	at com.kms.katalon.core.keyword.builtin.CallTestCaseKeyword$_callTestCase_closure1.call(CallTestCaseKeyword.groovy)
	at com.kms.katalon.core.keyword.internal.KeywordMain.runKeyword(KeywordMain.groovy:74)
	at com.kms.katalon.core.keyword.builtin.CallTestCaseKeyword.callTestCase(CallTestCaseKeyword.groovy:81)
	at com.kms.katalon.core.keyword.builtin.CallTestCaseKeyword.execute(CallTestCaseKeyword.groovy:44)
	at com.kms.katalon.core.keyword.internal.KeywordExecutor.executeKeywordForPlatform(KeywordExecutor.groovy:74)
	at com.kms.katalon.core.keyword.BuiltinKeywords.callTestCase(BuiltinKeywords.groovy:334)
	at Физическое тестирование.run(Физическое тестирование:139)
	at com.kms.katalon.core.main.ScriptEngine.run(ScriptEngine.java:194)
	at com.kms.katalon.core.main.ScriptEngine.runScriptAsRawText(ScriptEngine.java:119)
	at com.kms.katalon.core.main.TestCaseExecutor.runScript(TestCaseExecutor.java:442)
	at com.kms.katalon.core.main.TestCaseExecutor.doExecute(TestCaseExecutor.java:433)
	at com.kms.katalon.core.main.TestCaseExecutor.processExecutionPhase(TestCaseExecutor.java:412)
	at com.kms.katalon.core.main.TestCaseExecutor.accessMainPhase(TestCaseExecutor.java:404)
	at com.kms.katalon.core.main.TestCaseExecutor.execute(TestCaseExecutor.java:281)
	at com.kms.katalon.core.main.TestSuiteExecutor.accessTestCaseMainPhase(TestSuiteExecutor.java:202)
	at com.kms.katalon.core.main.TestSuiteExecutor.accessTestSuiteMainPhase(TestSuiteExecutor.java:164)
	at com.kms.katalon.core.main.TestSuiteExecutor.execute(TestSuiteExecutor.java:105)
	at com.kms.katalon.core.main.TestCaseMain.startTestSuite(TestCaseMain.java:185)
	at com.kms.katalon.core.main.TestCaseMain$startTestSuite$0.call(Unknown Source)
	at TempTestSuite1649143156543.run(TempTestSuite1649143156543.groovy:36)
)
[[ATTACHMENT|C:\\Users\\LENOVO\\Katalon Studio\\Avangard\\Reports\\20220405_101904\\\u0422\u0440\u0435\u043D\u0435\u0440\\20220405_101916\\1649145613418.png]]

2022-04-05 11:00:16 - [MESSAGE][FAILED] - Verify element text of test object 'Object Repository/Avangard New/Object (Игрок)/Сase (Отчет физического тестирования)/div_7' FAILED. (Root cause: com.kms.katalon.core.exception.StepFailedException: Verify element text of test object 'Object Repository/Avangard New/Object (Игрок)/Сase (Отчет физического тестирования)/div_7' FAILED.
	at com.kms.katalon.core.webui.keyword.internal.WebUIKeywordMain.stepFailed(WebUIKeywordMain.groovy:64)
	at com.kms.katalon.core.webui.keyword.internal.WebUIKeywordMain.runKeyword(WebUIKeywordMain.groovy:26)
	at com.kms.katalon.core.webui.keyword.builtin.VerifyElementTextKeyword.verifyElementText(VerifyElementTextKeyword.groovy:72)
	at com.kms.katalon.core.webui.keyword.builtin.VerifyElementTextKeyword.execute(VerifyElementTextKeyword.groovy:40)
	at com.kms.katalon.core.keyword.internal.KeywordExecutor.executeKeywordForPlatform(KeywordExecutor.groovy:74)
	at com.kms.katalon.core.webui.keyword.WebUiBuiltInKeywords.verifyElementText(WebUiBuiltInKeywords.groovy:4749)
	at com.kms.katalon.core.webui.keyword.WebUiBuiltInKeywords$verifyElementText$7.call(Unknown Source)
	at Отчет физического тестирования (переиспользуется в физ. тестировании у тренера).run(Отчет физического тестирования (переиспользуется в физ. тестировании у тренера):40)
	at com.kms.katalon.core.main.ScriptEngine.run(ScriptEngine.java:194)
	at com.kms.katalon.core.main.ScriptEngine.runScriptAsRawText(ScriptEngine.java:119)
	at com.kms.katalon.core.main.TestCaseExecutor.runScript(TestCaseExecutor.java:442)
	at com.kms.katalon.core.main.TestCaseExecutor.doExecute(TestCaseExecutor.java:433)
	at com.kms.katalon.core.main.TestCaseExecutor.processExecutionPhase(TestCaseExecutor.java:412)
	at com.kms.katalon.core.main.TestCaseExecutor.accessMainPhase(TestCaseExecutor.java:404)
	at com.kms.katalon.core.main.TestCaseExecutor.execute(TestCaseExecutor.java:281)
	at com.kms.katalon.core.main.TestCaseMain.runTestCase(TestCaseMain.java:142)
	at com.kms.katalon.core.keyword.builtin.CallTestCaseKeyword$_callTestCase_closure1.doCall(CallTestCaseKeyword.groovy:59)
	at com.kms.katalon.core.keyword.builtin.CallTestCaseKeyword$_callTestCase_closure1.call(CallTestCaseKeyword.groovy)
	at com.kms.katalon.core.keyword.internal.KeywordMain.runKeyword(KeywordMain.groovy:74)
	at com.kms.katalon.core.keyword.builtin.CallTestCaseKeyword.callTestCase(CallTestCaseKeyword.groovy:81)
	at com.kms.katalon.core.keyword.builtin.CallTestCaseKeyword.execute(CallTestCaseKeyword.groovy:44)
	at com.kms.katalon.core.keyword.internal.KeywordExecutor.executeKeywordForPlatform(KeywordExecutor.groovy:74)
	at com.kms.katalon.core.keyword.BuiltinKeywords.callTestCase(BuiltinKeywords.groovy:334)
	at Физическое тестирование.run(Физическое тестирование:139)
	at com.kms.katalon.core.main.ScriptEngine.run(ScriptEngine.java:194)
	at com.kms.katalon.core.main.ScriptEngine.runScriptAsRawText(ScriptEngine.java:119)
	at com.kms.katalon.core.main.TestCaseExecutor.runScript(TestCaseExecutor.java:442)
	at com.kms.katalon.core.main.TestCaseExecutor.doExecute(TestCaseExecutor.java:433)
	at com.kms.katalon.core.main.TestCaseExecutor.processExecutionPhase(TestCaseExecutor.java:412)
	at com.kms.katalon.core.main.TestCaseExecutor.accessMainPhase(TestCaseExecutor.java:404)
	at com.kms.katalon.core.main.TestCaseExecutor.execute(TestCaseExecutor.java:281)
	at com.kms.katalon.core.main.TestSuiteExecutor.accessTestCaseMainPhase(TestSuiteExecutor.java:202)
	at com.kms.katalon.core.main.TestSuiteExecutor.accessTestSuiteMainPhase(TestSuiteExecutor.java:164)
	at com.kms.katalon.core.main.TestSuiteExecutor.execute(TestSuiteExecutor.java:105)
	at com.kms.katalon.core.main.TestCaseMain.startTestSuite(TestCaseMain.java:185)
	at com.kms.katalon.core.main.TestCaseMain$startTestSuite$0.call(Unknown Source)
	at TempTestSuite1649143156543.run(TempTestSuite1649143156543.groovy:36)
Caused by: com.kms.katalon.core.exception.StepFailedException: Actual text '-' and expected text '7' of test object 'Object Repository/Avangard New/Object (Игрок)/Сase (Отчет физического тестирования)/div_7' are NOT matched.
	at com.kms.katalon.core.webui.keyword.internal.WebUIKeywordMain.stepFailed(WebUIKeywordMain.groovy:64)
	at com.kms.katalon.core.webui.keyword.builtin.VerifyElementTextKeyword$_verifyElementText_closure1.doCall(VerifyElementTextKeyword.groovy:57)
	at com.kms.katalon.core.webui.keyword.builtin.VerifyElementTextKeyword$_verifyElementText_closure1.call(VerifyElementTextKeyword.groovy)
	at com.kms.katalon.core.webui.keyword.internal.WebUIKeywordMain.runKeyword(WebUIKeywordMain.groovy:20)
	... 35 more
)
[[ATTACHMENT|C:\\Users\\LENOVO\\Katalon Studio\\Avangard\\Reports\\20220405_101904\\\u0422\u0440\u0435\u043D\u0435\u0440\\20220405_101916\\1649145615306.png]]

2022-04-05 11:00:18 - [MESSAGE][FAILED] - Unable to call Test Case 'Test Cases/Игрок/Отчет физического тестирования (переиспользуется в физ. тестировании у тренера)' (Root cause: com.kms.katalon.core.exception.StepFailedException: Call Test Case 'Test Cases/Игрок/Отчет физического тестирования (переиспользуется в физ. тестировании у тренера)' failed
	at com.kms.katalon.core.keyword.builtin.CallTestCaseKeyword$_callTestCase_closure1.doCall(CallTestCaseKeyword.groovy:63)
	at com.kms.katalon.core.keyword.builtin.CallTestCaseKeyword$_callTestCase_closure1.call(CallTestCaseKeyword.groovy)
	at com.kms.katalon.core.keyword.internal.KeywordMain.runKeyword(KeywordMain.groovy:74)
	at com.kms.katalon.core.keyword.builtin.CallTestCaseKeyword.callTestCase(CallTestCaseKeyword.groovy:81)
	at com.kms.katalon.core.keyword.builtin.CallTestCaseKeyword.execute(CallTestCaseKeyword.groovy:44)
	at com.kms.katalon.core.keyword.internal.KeywordExecutor.executeKeywordForPlatform(KeywordExecutor.groovy:74)
	at com.kms.katalon.core.keyword.BuiltinKeywords.callTestCase(BuiltinKeywords.groovy:334)
	at Физическое тестирование.run(Физическое тестирование:139)
	at com.kms.katalon.core.main.ScriptEngine.run(ScriptEngine.java:194)
	at com.kms.katalon.core.main.ScriptEngine.runScriptAsRawText(ScriptEngine.java:119)
	at com.kms.katalon.core.main.TestCaseExecutor.runScript(TestCaseExecutor.java:442)
	at com.kms.katalon.core.main.TestCaseExecutor.doExecute(TestCaseExecutor.java:433)
	at com.kms.katalon.core.main.TestCaseExecutor.processExecutionPhase(TestCaseExecutor.java:412)
	at com.kms.katalon.core.main.TestCaseExecutor.accessMainPhase(TestCaseExecutor.java:404)
	at com.kms.katalon.core.main.TestCaseExecutor.execute(TestCaseExecutor.java:281)
	at com.kms.katalon.core.main.TestSuiteExecutor.accessTestCaseMainPhase(TestSuiteExecutor.java:202)
	at com.kms.katalon.core.main.TestSuiteExecutor.accessTestSuiteMainPhase(TestSuiteExecutor.java:164)
	at com.kms.katalon.core.main.TestSuiteExecutor.execute(TestSuiteExecutor.java:105)
	at com.kms.katalon.core.main.TestCaseMain.startTestSuite(TestCaseMain.java:185)
	at com.kms.katalon.core.main.TestCaseMain$startTestSuite$0.call(Unknown Source)
	at TempTestSuite1649143156543.run(TempTestSuite1649143156543.groovy:36)
Caused by: com.kms.katalon.core.exception.StepFailedException: Verify element text of test object 'Object Repository/Avangard New/Object (Игрок)/Сase (Отчет физического тестирования)/div_7' FAILED.
	at com.kms.katalon.core.webui.keyword.internal.WebUIKeywordMain.stepFailed(WebUIKeywordMain.groovy:64)
	at com.kms.katalon.core.webui.keyword.internal.WebUIKeywordMain.runKeyword(WebUIKeywordMain.groovy:26)
	at com.kms.katalon.core.webui.keyword.builtin.VerifyElementTextKeyword.verifyElementText(VerifyElementTextKeyword.groovy:72)
	at com.kms.katalon.core.webui.keyword.builtin.VerifyElementTextKeyword.execute(VerifyElementTextKeyword.groovy:40)
	at com.kms.katalon.core.keyword.internal.KeywordExecutor.executeKeywordForPlatform(KeywordExecutor.groovy:74)
	at com.kms.katalon.core.webui.keyword.WebUiBuiltInKeywords.verifyElementText(WebUiBuiltInKeywords.groovy:4749)
	at com.kms.katalon.core.webui.keyword.WebUiBuiltInKeywords$verifyElementText$7.call(Unknown Source)
	at Отчет физического тестирования (переиспользуется в физ. тестировании у тренера).run(Отчет физического тестирования (переиспользуется в физ. тестировании у тренера):40)
	at com.kms.katalon.core.main.ScriptEngine.run(ScriptEngine.java:194)
	at com.kms.katalon.core.main.ScriptEngine.runScriptAsRawText(ScriptEngine.java:119)
	at com.kms.katalon.core.main.TestCaseExecutor.runScript(TestCaseExecutor.java:442)
	at com.kms.katalon.core.main.TestCaseExecutor.doExecute(TestCaseExecutor.java:433)
	at com.kms.katalon.core.main.TestCaseExecutor.processExecutionPhase(TestCaseExecutor.java:412)
	at com.kms.katalon.core.main.TestCaseExecutor.accessMainPhase(TestCaseExecutor.java:404)
	at com.kms.katalon.core.main.TestCaseExecutor.execute(TestCaseExecutor.java:281)
	at com.kms.katalon.core.main.TestCaseMain.runTestCase(TestCaseMain.java:142)
	at com.kms.katalon.core.keyword.builtin.CallTestCaseKeyword$_callTestCase_closure1.doCall(CallTestCaseKeyword.groovy:59)
	... 20 more
Caused by: com.kms.katalon.core.exception.StepFailedException: Actual text '-' and expected text '7' of test object 'Object Repository/Avangard New/Object (Игрок)/Сase (Отчет физического тестирования)/div_7' are NOT matched.
	at com.kms.katalon.core.webui.keyword.internal.WebUIKeywordMain.stepFailed(WebUIKeywordMain.groovy:64)
	at com.kms.katalon.core.webui.keyword.builtin.VerifyElementTextKeyword$_verifyElementText_closure1.doCall(VerifyElementTextKeyword.groovy:57)
	at com.kms.katalon.core.webui.keyword.builtin.VerifyElementTextKeyword$_verifyElementText_closure1.call(VerifyElementTextKeyword.groovy)
	at com.kms.katalon.core.webui.keyword.internal.WebUIKeywordMain.runKeyword(WebUIKeywordMain.groovy:20)
	... 35 more
)]]></system-out>
         <system-err><![CDATA[2022-04-05 10:47:48 - [TEST_CASE][FAILED] - Test Cases/Тренер/Физическое тестирование: Test Cases/Тренер/Физическое тестирование FAILED.
Reason:
com.kms.katalon.core.exception.StepFailedException: Call Test Case 'Test Cases/Игрок/Отчет физического тестирования (переиспользуется в физ. тестировании у тренера)' failed
	at com.kms.katalon.core.keyword.builtin.CallTestCaseKeyword$_callTestCase_closure1.doCall(CallTestCaseKeyword.groovy:63)
	at com.kms.katalon.core.keyword.builtin.CallTestCaseKeyword$_callTestCase_closure1.call(CallTestCaseKeyword.groovy)
	at com.kms.katalon.core.keyword.internal.KeywordMain.runKeyword(KeywordMain.groovy:74)
	at com.kms.katalon.core.keyword.builtin.CallTestCaseKeyword.callTestCase(CallTestCaseKeyword.groovy:81)
	at com.kms.katalon.core.keyword.builtin.CallTestCaseKeyword.execute(CallTestCaseKeyword.groovy:44)
	at com.kms.katalon.core.keyword.internal.KeywordExecutor.executeKeywordForPlatform(KeywordExecutor.groovy:74)
	at com.kms.katalon.core.keyword.BuiltinKeywords.callTestCase(BuiltinKeywords.groovy:334)
	at Физическое тестирование.run(Физическое тестирование:139)
	at com.kms.katalon.core.main.ScriptEngine.run(ScriptEngine.java:194)
	at com.kms.katalon.core.main.ScriptEngine.runScriptAsRawText(ScriptEngine.java:119)
	at com.kms.katalon.core.main.TestCaseExecutor.runScript(TestCaseExecutor.java:442)
	at com.kms.katalon.core.main.TestCaseExecutor.doExecute(TestCaseExecutor.java:433)
	at com.kms.katalon.core.main.TestCaseExecutor.processExecutionPhase(TestCaseExecutor.java:412)
	at com.kms.katalon.core.main.TestCaseExecutor.accessMainPhase(TestCaseExecutor.java:404)
	at com.kms.katalon.core.main.TestCaseExecutor.execute(TestCaseExecutor.java:281)
	at com.kms.katalon.core.main.TestSuiteExecutor.accessTestCaseMainPhase(TestSuiteExecutor.java:202)
	at com.kms.katalon.core.main.TestSuiteExecutor.accessTestSuiteMainPhase(TestSuiteExecutor.java:164)
	at com.kms.katalon.core.main.TestSuiteExecutor.execute(TestSuiteExecutor.java:105)
	at com.kms.katalon.core.main.TestCaseMain.startTestSuite(TestCaseMain.java:185)
	at com.kms.katalon.core.main.TestCaseMain$startTestSuite$0.call(Unknown Source)
	at TempTestSuite1649143156543.run(TempTestSuite1649143156543.groovy:36)
Caused by: com.kms.katalon.core.exception.StepFailedException: Verify element text of test object 'Object Repository/Avangard New/Object (Игрок)/Сase (Отчет физического тестирования)/div_7' FAILED.
	at com.kms.katalon.core.webui.keyword.internal.WebUIKeywordMain.stepFailed(WebUIKeywordMain.groovy:64)
	at com.kms.katalon.core.webui.keyword.internal.WebUIKeywordMain.runKeyword(WebUIKeywordMain.groovy:26)
	at com.kms.katalon.core.webui.keyword.builtin.VerifyElementTextKeyword.verifyElementText(VerifyElementTextKeyword.groovy:72)
	at com.kms.katalon.core.webui.keyword.builtin.VerifyElementTextKeyword.execute(VerifyElementTextKeyword.groovy:40)
	at com.kms.katalon.core.keyword.internal.KeywordExecutor.executeKeywordForPlatform(KeywordExecutor.groovy:74)
	at com.kms.katalon.core.webui.keyword.WebUiBuiltInKeywords.verifyElementText(WebUiBuiltInKeywords.groovy:4749)
	at com.kms.katalon.core.webui.keyword.WebUiBuiltInKeywords$verifyElementText$7.call(Unknown Source)
	at Отчет физического тестирования (переиспользуется в физ. тестировании у тренера).run(Отчет физического тестирования (переиспользуется в физ. тестировании у тренера):40)
	at com.kms.katalon.core.main.ScriptEngine.run(ScriptEngine.java:194)
	at com.kms.katalon.core.main.ScriptEngine.runScriptAsRawText(ScriptEngine.java:119)
	at com.kms.katalon.core.main.TestCaseExecutor.runScript(TestCaseExecutor.java:442)
	at com.kms.katalon.core.main.TestCaseExecutor.doExecute(TestCaseExecutor.java:433)
	at com.kms.katalon.core.main.TestCaseExecutor.processExecutionPhase(TestCaseExecutor.java:412)
	at com.kms.katalon.core.main.TestCaseExecutor.accessMainPhase(TestCaseExecutor.java:404)
	at com.kms.katalon.core.main.TestCaseExecutor.execute(TestCaseExecutor.java:281)
	at com.kms.katalon.core.main.TestCaseMain.runTestCase(TestCaseMain.java:142)
	at com.kms.katalon.core.keyword.builtin.CallTestCaseKeyword$_callTestCase_closure1.doCall(CallTestCaseKeyword.groovy:59)
	... 20 more
Caused by: com.kms.katalon.core.exception.StepFailedException: Actual text '-' and expected text '7' of test object 'Object Repository/Avangard New/Object (Игрок)/Сase (Отчет физического тестирования)/div_7' are NOT matched.
	at com.kms.katalon.core.webui.keyword.internal.WebUIKeywordMain.stepFailed(WebUIKeywordMain.groovy:64)
	at com.kms.katalon.core.webui.keyword.builtin.VerifyElementTextKeyword$_verifyElementText_closure1.doCall(VerifyElementTextKeyword.groovy:57)
	at com.kms.katalon.core.webui.keyword.builtin.VerifyElementTextKeyword$_verifyElementText_closure1.call(VerifyElementTextKeyword.groovy)
	at com.kms.katalon.core.webui.keyword.internal.WebUIKeywordMain.runKeyword(WebUIKeywordMain.groovy:20)
	... 35 more]]></system-err>
      </testcase>
      <system-out><![CDATA[2022-04-05 10:19:34 - [TEST_SUITE][FAILED] - Тренер: Test Cases/Тренер/Составы FAILED.
Reason:
com.kms.katalon.core.exception.StepFailedException: Unable to verify text 'Изменения в составе сохранены' is present 
	at com.kms.katalon.core.webui.keyword.internal.WebUIKeywordMain.stepFailed(WebUIKeywordMain.groovy:64)
	at com.kms.katalon.core.webui.keyword.internal.WebUIKeywordMain.runKeyword(WebUIKeywordMain.groovy:26)
	at com.kms.katalon.core.webui.keyword.builtin.VerifyTextPresentKeyword.verifyTextPresent(VerifyTextPresentKeyword.groovy:83)
	at com.kms.katalon.core.webui.keyword.builtin.VerifyTextPresentKeyword.execute(VerifyTextPresentKeyword.groovy:68)
	at com.kms.katalon.core.keyword.internal.KeywordExecutor.executeKeywordForPlatform(KeywordExecutor.groovy:74)
	at com.kms.katalon.core.webui.keyword.WebUiBuiltInKeywords.verifyTextPresent(WebUiBuiltInKeywords.groovy:1723)
	at com.kms.katalon.core.webui.keyword.WebUiBuiltInKeywords$verifyTextPresent$5.call(Unknown Source)
	at Составы.run(Составы:71)
	at com.kms.katalon.core.main.ScriptEngine.run(ScriptEngine.java:194)
	at com.kms.katalon.core.main.ScriptEngine.runScriptAsRawText(ScriptEngine.java:119)
	at com.kms.katalon.core.main.TestCaseExecutor.runScript(TestCaseExecutor.java:442)
	at com.kms.katalon.core.main.TestCaseExecutor.doExecute(TestCaseExecutor.java:433)
	at com.kms.katalon.core.main.TestCaseExecutor.processExecutionPhase(TestCaseExecutor.java:412)
	at com.kms.katalon.core.main.TestCaseExecutor.accessMainPhase(TestCaseExecutor.java:404)
	at com.kms.katalon.core.main.TestCaseExecutor.execute(TestCaseExecutor.java:281)
	at com.kms.katalon.core.main.TestSuiteExecutor.accessTestCaseMainPhase(TestSuiteExecutor.java:202)
	at com.kms.katalon.core.main.TestSuiteExecutor.accessTestSuiteMainPhase(TestSuiteExecutor.java:164)
	at com.kms.katalon.core.main.TestSuiteExecutor.execute(TestSuiteExecutor.java:105)
	at com.kms.katalon.core.main.TestCaseMain.startTestSuite(TestCaseMain.java:185)
	at com.kms.katalon.core.main.TestCaseMain$startTestSuite$0.call(Unknown Source)
	at TempTestSuite1649143156543.run(TempTestSuite1649143156543.groovy:36)
Caused by: com.kms.katalon.core.exception.StepFailedException: Text 'Изменения в составе сохранены' is not present on page 
	at com.kms.katalon.core.webui.keyword.internal.WebUIKeywordMain.stepFailed(WebUIKeywordMain.groovy:64)
	at com.kms.katalon.core.webui.keyword.builtin.VerifyTextPresentKeyword$_verifyTextPresent_closure1.doCall(VerifyTextPresentKeyword.groovy:79)
	at com.kms.katalon.core.webui.keyword.builtin.VerifyTextPresentKeyword$_verifyTextPresent_closure1.call(VerifyTextPresentKeyword.groovy)
	at com.kms.katalon.core.webui.keyword.internal.WebUIKeywordMain.runKeyword(WebUIKeywordMain.groovy:20)
	... 19 more]]></system-out>
      <system-err><![CDATA[2022-04-05 10:19:34 - [TEST_SUITE][FAILED] - Тренер: Test Cases/Тренер/Составы FAILED.
Reason:
com.kms.katalon.core.exception.StepFailedException: Unable to verify text 'Изменения в составе сохранены' is present 
	at com.kms.katalon.core.webui.keyword.internal.WebUIKeywordMain.stepFailed(WebUIKeywordMain.groovy:64)
	at com.kms.katalon.core.webui.keyword.internal.WebUIKeywordMain.runKeyword(WebUIKeywordMain.groovy:26)
	at com.kms.katalon.core.webui.keyword.builtin.VerifyTextPresentKeyword.verifyTextPresent(VerifyTextPresentKeyword.groovy:83)
	at com.kms.katalon.core.webui.keyword.builtin.VerifyTextPresentKeyword.execute(VerifyTextPresentKeyword.groovy:68)
	at com.kms.katalon.core.keyword.internal.KeywordExecutor.executeKeywordForPlatform(KeywordExecutor.groovy:74)
	at com.kms.katalon.core.webui.keyword.WebUiBuiltInKeywords.verifyTextPresent(WebUiBuiltInKeywords.groovy:1723)
	at com.kms.katalon.core.webui.keyword.WebUiBuiltInKeywords$verifyTextPresent$5.call(Unknown Source)
	at Составы.run(Составы:71)
	at com.kms.katalon.core.main.ScriptEngine.run(ScriptEngine.java:194)
	at com.kms.katalon.core.main.ScriptEngine.runScriptAsRawText(ScriptEngine.java:119)
	at com.kms.katalon.core.main.TestCaseExecutor.runScript(TestCaseExecutor.java:442)
	at com.kms.katalon.core.main.TestCaseExecutor.doExecute(TestCaseExecutor.java:433)
	at com.kms.katalon.core.main.TestCaseExecutor.processExecutionPhase(TestCaseExecutor.java:412)
	at com.kms.katalon.core.main.TestCaseExecutor.accessMainPhase(TestCaseExecutor.java:404)
	at com.kms.katalon.core.main.TestCaseExecutor.execute(TestCaseExecutor.java:281)
	at com.kms.katalon.core.main.TestSuiteExecutor.accessTestCaseMainPhase(TestSuiteExecutor.java:202)
	at com.kms.katalon.core.main.TestSuiteExecutor.accessTestSuiteMainPhase(TestSuiteExecutor.java:164)
	at com.kms.katalon.core.main.TestSuiteExecutor.execute(TestSuiteExecutor.java:105)
	at com.kms.katalon.core.main.TestCaseMain.startTestSuite(TestCaseMain.java:185)
	at com.kms.katalon.core.main.TestCaseMain$startTestSuite$0.call(Unknown Source)
	at TempTestSuite1649143156543.run(TempTestSuite1649143156543.groovy:36)
Caused by: com.kms.katalon.core.exception.StepFailedException: Text 'Изменения в составе сохранены' is not present on page 
	at com.kms.katalon.core.webui.keyword.internal.WebUIKeywordMain.stepFailed(WebUIKeywordMain.groovy:64)
	at com.kms.katalon.core.webui.keyword.builtin.VerifyTextPresentKeyword$_verifyTextPresent_closure1.doCall(VerifyTextPresentKeyword.groovy:79)
	at com.kms.katalon.core.webui.keyword.builtin.VerifyTextPresentKeyword$_verifyTextPresent_closure1.call(VerifyTextPresentKeyword.groovy)
	at com.kms.katalon.core.webui.keyword.internal.WebUIKeywordMain.runKeyword(WebUIKeywordMain.groovy:20)
	... 19 more]]></system-err>
   </testsuite>
   <testsuite name="Игрок" tests="4" failures="1" errors="0" time="1133.801" skipped="0" timestamp="2022-04-05 10:19:35" hostname="LENOVO - DESKTOP-KNHN0AA" id="Test Suites/Игрок">
      <properties>
         <property name="deviceName" value=""/>
         <property name="devicePlatform" value=""/>
         <property name="logFolder" value="C:\\Users\\LENOVO\\Katalon Studio\\Avangard\\Reports\\20220405_101904\\\u0418\u0433\u0440\u043E\u043A\\20220405_101918"/>
         <property name="logFiles" value="C:\\Users\\LENOVO\\Katalon Studio\\Avangard\\Reports\\20220405_101904\\\u0418\u0433\u0440\u043E\u043A\\20220405_101918\\execution0.log"/>
         <property name="attachments" value="C:\\Users\\LENOVO\\Katalon Studio\\Avangard\\Reports\\20220405_101904\\\u0418\u0433\u0440\u043E\u043A\\20220405_101918\\1649143674647.png"/>
         <property name="hostName" value="LENOVO - DESKTOP-KNHN0AA"/>
         <property name="remoteDriverUrl" value="testcloud.katalon.com/hub"/>
         <property name="desiredCapabilities" value="{
  &quot;acceptInsecureCerts&quot;: false,
  &quot;browserName&quot;: &quot;chrome&quot;,
  &quot;browserVersion&quot;: &quot;97.0.4692.71&quot;,
  &quot;chrome&quot;: {
    &quot;chromedriverVersion&quot;: &quot;97.0.4692.71 (adefa7837d02a07a604c1e6eff0b3a09422ab88d-refs/branch-heads/4692@{#1247})&quot;,
    &quot;userDataDir&quot;: &quot;/tmp/.com.google.Chrome.p69wml&quot;
  },
  &quot;goog:chromeOptions&quot;: {
    &quot;debuggerAddress&quot;: &quot;localhost:35183&quot;
  },
  &quot;javascriptEnabled&quot;: true,
  &quot;networkConnectionEnabled&quot;: false,
  &quot;pageLoadStrategy&quot;: &quot;normal&quot;,
  &quot;platform&quot;: &quot;LINUX&quot;,
  &quot;platformName&quot;: &quot;LINUX&quot;,
  &quot;proxy&quot;: {
    &quot;proxyType&quot;: &quot;DIRECT&quot;,
    &quot;autodetect&quot;: false
  },
  &quot;se:cdp&quot;: &quot;ws://172.48.52.50:4444/session/fe6034431064ee2cea7c9aa6fd13e082/se/cdp&quot;,
  &quot;se:cdpVersion&quot;: &quot;97.0.4692.71&quot;,
  &quot;se:vnc&quot;: &quot;ws://172.48.52.50:4444/session/fe6034431064ee2cea7c9aa6fd13e082/se/vnc&quot;,
  &quot;se:vncEnabled&quot;: true,
  &quot;se:vncLocalAddress&quot;: &quot;ws://172.48.52.50:7900&quot;,
  &quot;setWindowRect&quot;: true,
  &quot;strictFileInteractability&quot;: false,
  &quot;timeouts&quot;: {
    &quot;implicit&quot;: 0,
    &quot;pageLoad&quot;: 300000,
    &quot;script&quot;: 30000
  },
  &quot;unhandledPromptBehavior&quot;: &quot;dismiss and notify&quot;,
  &quot;webauthn:extension:credBlob&quot;: true,
  &quot;webauthn:extension:largeBlob&quot;: true,
  &quot;webauthn:virtualAuthenticators&quot;: true
}"/>
         <property name="os" value="Windows 10 64bit"/>
         <property name="remoteOS" value="Linux"/>
         <property name="katalonVersion" value="8.2.5.208"/>
         <property name="browser" value="Chrome 97.0.4692.71"/>
         <property name="hostAddress" value="192.168.2.114"/>
         <property name="sessionId" value="fe6034431064ee2cea7c9aa6fd13e082"/>
         <property name="seleniumVersion" value="3.141.59"/>
         <property name="proxyInformation" value="ProxyInformation { proxyOption=NO_PROXY, proxyServerType=HTTP, username=, password=********, proxyServerAddress=, proxyServerPort=0, executionList=&quot;&quot;, isApplyToDesiredCapabilities=true }"/>
         <property name="platform" value="Windows 10"/>
      </properties>
      <testcase name="Test Cases/Игрок/Авторизация" time="118.185" classname="Test Cases/Игрок/Авторизация" status="PASSED">
         <system-out><![CDATA[2022-04-05 10:19:36 - [TEST_CASE][PASSED] - Test Cases/Игрок/Авторизация: Test Cases/Игрок/Авторизация

2022-04-05 10:19:41 - [TEST_STEP][PASSED] - openBrowser(""): Browser is opened with url: ''

2022-04-05 10:19:43 - [MESSAGE][INFO] - User set preference: ['os', 'linux']

2022-04-05 10:19:43 - [MESSAGE][INFO] - User set preference: ['browserName', 'chrome']

2022-04-05 10:19:43 - [MESSAGE][INFO] - User set preference: ['browserVersion', '97']

2022-04-05 10:19:43 - [MESSAGE][INFO] - User set preference: ['katalon:option', '{organizationId=632442, tunnelId=, usingTunnel=false}']

2022-04-05 10:19:43 - [MESSAGE][INFO] - Connecting to remote web server 'testcloud.katalon.com/hub' with type 'Selenium'

2022-04-05 10:19:45 - [MESSAGE][INFO] - Action delay is set to 100 milliseconds

2022-04-05 10:21:16 - [MESSAGE][PASSED] - Browser is opened with url: ''

2022-04-05 10:21:16 - [TEST_STEP][PASSED] - maximizeWindow(): Current window maximized

2022-04-05 10:21:17 - [MESSAGE][PASSED] - Current window maximized

2022-04-05 10:21:17 - [TEST_STEP][PASSED] - navigateToUrl(url): Navigate to 'https://stars-stage.hawk.ru:8080' successfully

2022-04-05 10:21:24 - [MESSAGE][PASSED] - Navigate to 'https://stars-stage.hawk.ru:8080' successfully

2022-04-05 10:21:24 - [TEST_STEP][PASSED] - setText(findTestObject("Object Repository/manager/Page_/input__sc-lnrBVv eqPACj"), player_login): Text 'danilaganin7218@icloud.com' is set on object 'Object Repository/manager/Page_/input__sc-lnrBVv eqPACj'

2022-04-05 10:21:29 - [MESSAGE][PASSED] - Text 'danilaganin7218@icloud.com' is set on object 'Object Repository/manager/Page_/input__sc-lnrBVv eqPACj'

2022-04-05 10:21:29 - [TEST_STEP][PASSED] - setText(findTestObject("Object Repository/manager/Page_/input__sc-lnrBVv eqPACj_1"), player_password): Text 'danilaganin7218' is set on object 'Object Repository/manager/Page_/input__sc-lnrBVv eqPACj_1'

2022-04-05 10:21:33 - [MESSAGE][PASSED] - Text 'danilaganin7218' is set on object 'Object Repository/manager/Page_/input__sc-lnrBVv eqPACj_1'

2022-04-05 10:21:33 - [TEST_STEP][PASSED] - click(findTestObject("manager/Page_/go")): Object: 'Object Repository/manager/Page_/go' is clicked on

2022-04-05 10:21:35 - [MESSAGE][PASSED] - Object: 'Object Repository/manager/Page_/go' is clicked on]]></system-out>
         <system-err><![CDATA[]]></system-err>
      </testcase>
      <testcase name="Test Cases/Игрок/Отчеты психофиз профиля" time="382.66" classname="Test Cases/Игрок/Отчеты психофиз профиля" status="FAILED">
         <failure type="FAILED" message="Test Cases/Игрок/Отчеты психофиз профиля FAILED.
Reason:
com.kms.katalon.core.exception.StepFailedException: Unable to scroll to object 'Object Repository/Avangard New/Object (Игрок)/Case (Отчеты)/xarakteristika'
	at com.kms.katalon.core.webui.keyword.internal.WebUIKeywordMain.stepFailed(WebUIKeywordMain.groovy:64)
	at com.kms.katalon.core.webui.keyword.internal.WebUIKeywordMain.runKeyword(WebUIKeywordMain.groovy:26)
	at com.kms.katalon.core.webui.keyword.builtin.ScrollToElementKeyword.scrollToElement(ScrollToElementKeyword.groovy:88)
	at com.kms.katalon.core.webui.keyword.builtin.ScrollToElementKeyword.execute(ScrollToElementKeyword.groovy:68)
	at com.kms.katalon.core.keyword.internal.KeywordExecutor.executeKeywordForPlatform(KeywordExecutor.groovy:74)
	at com.kms.katalon.core.webui.keyword.WebUiBuiltInKeywords.scrollToElement(WebUiBuiltInKeywords.groovy:4061)
	at com.kms.katalon.core.webui.keyword.WebUiBuiltInKeywords$scrollToElement$5.call(Unknown Source)
	at Отчеты психофиз профиля.run(Отчеты психофиз профиля:66)
	at com.kms.katalon.core.main.ScriptEngine.run(ScriptEngine.java:194)
	at com.kms.katalon.core.main.ScriptEngine.runScriptAsRawText(ScriptEngine.java:119)
	at com.kms.katalon.core.main.TestCaseExecutor.runScript(TestCaseExecutor.java:442)
	at com.kms.katalon.core.main.TestCaseExecutor.doExecute(TestCaseExecutor.java:433)
	at com.kms.katalon.core.main.TestCaseExecutor.processExecutionPhase(TestCaseExecutor.java:412)
	at com.kms.katalon.core.main.TestCaseExecutor.accessMainPhase(TestCaseExecutor.java:404)
	at com.kms.katalon.core.main.TestCaseExecutor.execute(TestCaseExecutor.java:281)
	at com.kms.katalon.core.main.TestSuiteExecutor.accessTestCaseMainPhase(TestSuiteExecutor.java:202)
	at com.kms.katalon.core.main.TestSuiteExecutor.accessTestSuiteMainPhase(TestSuiteExecutor.java:164)
	at com.kms.katalon.core.main.TestSuiteExecutor.execute(TestSuiteExecutor.java:105)
	at com.kms.katalon.core.main.TestCaseMain.startTestSuite(TestCaseMain.java:185)
	at com.kms.katalon.core.main.TestCaseMain$startTestSuite$0.call(Unknown Source)
	at TempTestSuite1649143158438.run(TempTestSuite1649143158438.groovy:36)
Caused by: com.kms.katalon.core.webui.exception.WebElementNotFoundException: Web element with id: 'Object Repository/Avangard New/Object (Игрок)/Case (Отчеты)/xarakteristika' located by '//*/text()[normalize-space(.)='Экстраверсия']/parent::*' not found
	at com.kms.katalon.core.webui.common.WebUiCommonHelper.findWebElement(WebUiCommonHelper.java:1370)
	at com.kms.katalon.core.webui.keyword.internal.WebUIAbstractKeyword.findWebElement(WebUIAbstractKeyword.groovy:27)
	at com.kms.katalon.core.webui.keyword.internal.WebUIAbstractKeyword.findWebElement(WebUIAbstractKeyword.groovy:26)
	at com.kms.katalon.core.webui.keyword.builtin.ScrollToElementKeyword$_scrollToElement_closure1.doCall(ScrollToElementKeyword.groovy:79)
	at com.kms.katalon.core.webui.keyword.builtin.ScrollToElementKeyword$_scrollToElement_closure1.call(ScrollToElementKeyword.groovy)
	at com.kms.katalon.core.webui.keyword.internal.WebUIKeywordMain.runKeyword(WebUIKeywordMain.groovy:20)
	... 19 more
"/>
         <system-out><![CDATA[2022-04-05 10:21:35 - [TEST_CASE][FAILED] - Test Cases/Игрок/Отчеты психофиз профиля: Test Cases/Игрок/Отчеты психофиз профиля FAILED.
Reason:
com.kms.katalon.core.exception.StepFailedException: Unable to scroll to object 'Object Repository/Avangard New/Object (Игрок)/Case (Отчеты)/xarakteristika'
	at com.kms.katalon.core.webui.keyword.internal.WebUIKeywordMain.stepFailed(WebUIKeywordMain.groovy:64)
	at com.kms.katalon.core.webui.keyword.internal.WebUIKeywordMain.runKeyword(WebUIKeywordMain.groovy:26)
	at com.kms.katalon.core.webui.keyword.builtin.ScrollToElementKeyword.scrollToElement(ScrollToElementKeyword.groovy:88)
	at com.kms.katalon.core.webui.keyword.builtin.ScrollToElementKeyword.execute(ScrollToElementKeyword.groovy:68)
	at com.kms.katalon.core.keyword.internal.KeywordExecutor.executeKeywordForPlatform(KeywordExecutor.groovy:74)
	at com.kms.katalon.core.webui.keyword.WebUiBuiltInKeywords.scrollToElement(WebUiBuiltInKeywords.groovy:4061)
	at com.kms.katalon.core.webui.keyword.WebUiBuiltInKeywords$scrollToElement$5.call(Unknown Source)
	at Отчеты психофиз профиля.run(Отчеты психофиз профиля:66)
	at com.kms.katalon.core.main.ScriptEngine.run(ScriptEngine.java:194)
	at com.kms.katalon.core.main.ScriptEngine.runScriptAsRawText(ScriptEngine.java:119)
	at com.kms.katalon.core.main.TestCaseExecutor.runScript(TestCaseExecutor.java:442)
	at com.kms.katalon.core.main.TestCaseExecutor.doExecute(TestCaseExecutor.java:433)
	at com.kms.katalon.core.main.TestCaseExecutor.processExecutionPhase(TestCaseExecutor.java:412)
	at com.kms.katalon.core.main.TestCaseExecutor.accessMainPhase(TestCaseExecutor.java:404)
	at com.kms.katalon.core.main.TestCaseExecutor.execute(TestCaseExecutor.java:281)
	at com.kms.katalon.core.main.TestSuiteExecutor.accessTestCaseMainPhase(TestSuiteExecutor.java:202)
	at com.kms.katalon.core.main.TestSuiteExecutor.accessTestSuiteMainPhase(TestSuiteExecutor.java:164)
	at com.kms.katalon.core.main.TestSuiteExecutor.execute(TestSuiteExecutor.java:105)
	at com.kms.katalon.core.main.TestCaseMain.startTestSuite(TestCaseMain.java:185)
	at com.kms.katalon.core.main.TestCaseMain$startTestSuite$0.call(Unknown Source)
	at TempTestSuite1649143158438.run(TempTestSuite1649143158438.groovy:36)
Caused by: com.kms.katalon.core.webui.exception.WebElementNotFoundException: Web element with id: 'Object Repository/Avangard New/Object (Игрок)/Case (Отчеты)/xarakteristika' located by '//*/text()[normalize-space(.)='Экстраверсия']/parent::*' not found
	at com.kms.katalon.core.webui.common.WebUiCommonHelper.findWebElement(WebUiCommonHelper.java:1370)
	at com.kms.katalon.core.webui.keyword.internal.WebUIAbstractKeyword.findWebElement(WebUIAbstractKeyword.groovy:27)
	at com.kms.katalon.core.webui.keyword.internal.WebUIAbstractKeyword.findWebElement(WebUIAbstractKeyword.groovy:26)
	at com.kms.katalon.core.webui.keyword.builtin.ScrollToElementKeyword$_scrollToElement_closure1.doCall(ScrollToElementKeyword.groovy:79)
	at com.kms.katalon.core.webui.keyword.builtin.ScrollToElementKeyword$_scrollToElement_closure1.call(ScrollToElementKeyword.groovy)
	at com.kms.katalon.core.webui.keyword.internal.WebUIKeywordMain.runKeyword(WebUIKeywordMain.groovy:20)
	... 19 more


2022-04-05 10:21:35 - [TEST_STEP][PASSED] - callTestCase(findTestCase("Игрок/Авторизация"), [:], STOP_ON_FAILURE): Call Test Case 'Test Cases/Игрок/Авторизация' successfully

2022-04-05 10:21:35 - [TEST_CASE][PASSED] - Test Cases/Игрок/Авторизация: Test Cases/Игрок/Авторизация

2022-04-05 10:21:35 - [TEST_STEP][PASSED] - openBrowser(""): Browser is opened with url: ''

2022-04-05 10:21:35 - [MESSAGE][WARNING] - A browser is already opened. Closing browser and opening a new one

2022-04-05 10:21:36 - [MESSAGE][INFO] - User set preference: ['os', 'linux']

2022-04-05 10:21:36 - [MESSAGE][INFO] - User set preference: ['browserName', 'chrome']

2022-04-05 10:21:36 - [MESSAGE][INFO] - User set preference: ['browserVersion', '97']

2022-04-05 10:21:36 - [MESSAGE][INFO] - User set preference: ['katalon:option', '{organizationId=632442, tunnelId=, usingTunnel=false}']

2022-04-05 10:21:36 - [MESSAGE][INFO] - Connecting to remote web server 'testcloud.katalon.com/hub' with type 'Selenium'

2022-04-05 10:21:36 - [MESSAGE][INFO] - Action delay is set to 100 milliseconds

2022-04-05 10:26:08 - [MESSAGE][PASSED] - Browser is opened with url: ''

2022-04-05 10:26:08 - [TEST_STEP][PASSED] - maximizeWindow(): Current window maximized

2022-04-05 10:26:09 - [MESSAGE][PASSED] - Current window maximized

2022-04-05 10:26:09 - [TEST_STEP][PASSED] - navigateToUrl(url): Navigate to 'https://stars-stage.hawk.ru:8080' successfully

2022-04-05 10:26:16 - [MESSAGE][PASSED] - Navigate to 'https://stars-stage.hawk.ru:8080' successfully

2022-04-05 10:26:16 - [TEST_STEP][PASSED] - setText(findTestObject("Object Repository/manager/Page_/input__sc-lnrBVv eqPACj"), player_login): Text 'danilaganin7218@icloud.com' is set on object 'Object Repository/manager/Page_/input__sc-lnrBVv eqPACj'

2022-04-05 10:26:20 - [MESSAGE][PASSED] - Text 'danilaganin7218@icloud.com' is set on object 'Object Repository/manager/Page_/input__sc-lnrBVv eqPACj'

2022-04-05 10:26:20 - [TEST_STEP][PASSED] - setText(findTestObject("Object Repository/manager/Page_/input__sc-lnrBVv eqPACj_1"), player_password): Text 'danilaganin7218' is set on object 'Object Repository/manager/Page_/input__sc-lnrBVv eqPACj_1'

2022-04-05 10:26:24 - [MESSAGE][PASSED] - Text 'danilaganin7218' is set on object 'Object Repository/manager/Page_/input__sc-lnrBVv eqPACj_1'

2022-04-05 10:26:24 - [TEST_STEP][PASSED] - click(findTestObject("manager/Page_/go")): Object: 'Object Repository/manager/Page_/go' is clicked on

2022-04-05 10:26:26 - [MESSAGE][PASSED] - Object: 'Object Repository/manager/Page_/go' is clicked on

2022-04-05 10:26:26 - [MESSAGE][PASSED] - Call Test Case 'Test Cases/Игрок/Авторизация' successfully

2022-04-05 10:26:26 - [TEST_STEP][PASSED] - click(findTestObject("Avangard New/Object (Игрок)/Case (Отчеты)/report")): Object: 'Object Repository/Avangard New/Object (Игрок)/Case (Отчеты)/report' is clicked on

2022-04-05 10:26:46 - [MESSAGE][PASSED] - Object: 'Object Repository/Avangard New/Object (Игрок)/Case (Отчеты)/report' is clicked on

2022-04-05 10:26:46 - [TEST_STEP][PASSED] - click(findTestObject("Avangard New/Object (Игрок)/Case (Отчеты)/psixolog")): Object: 'Object Repository/Avangard New/Object (Игрок)/Case (Отчеты)/psixolog' is clicked on

2022-04-05 10:26:48 - [MESSAGE][PASSED] - Object: 'Object Repository/Avangard New/Object (Игрок)/Case (Отчеты)/psixolog' is clicked on

2022-04-05 10:26:48 - [TEST_STEP][PASSED] - if (verifyElementText(findTestObject("Avangard New/Object (Игрок)/Case (Отчеты)/div_ganin"), "Ганин Данила", OPTIONAL) == true): Object: 'Object Repository/Avangard New/Object (Игрок)/Case (Отчеты)/div_30.06.2021' is clicked on

2022-04-05 10:26:51 - [MESSAGE][PASSED] - Actual text and expected text of test object 'Object Repository/Avangard New/Object (Игрок)/Case (Отчеты)/div_ganin' are matched.

2022-04-05 10:26:51 - [TEST_STEP][PASSED] - click(findTestObject("Avangard New/Object (Игрок)/Case (Отчеты)/div_burger date")): Object: 'Object Repository/Avangard New/Object (Игрок)/Case (Отчеты)/div_burger date' is clicked on

2022-04-05 10:26:53 - [MESSAGE][PASSED] - Object: 'Object Repository/Avangard New/Object (Игрок)/Case (Отчеты)/div_burger date' is clicked on

2022-04-05 10:26:53 - [TEST_STEP][PASSED] - click(findTestObject("Avangard New/Object (Игрок)/Case (Отчеты)/div_30.06.2021")): Object: 'Object Repository/Avangard New/Object (Игрок)/Case (Отчеты)/div_30.06.2021' is clicked on

2022-04-05 10:26:55 - [MESSAGE][PASSED] - Object: 'Object Repository/Avangard New/Object (Игрок)/Case (Отчеты)/div_30.06.2021' is clicked on

2022-04-05 10:26:55 - [TEST_STEP][NOT_RUN] - verifyElementText(findTestObject("Avangard New/Object (Игрок)/Case (Отчеты)/div_ganin"), "Ганин Данила"): NOT_RUN: verifyElementText(findTestObject("Avangard New/Object (Игрок)/Case (Отчеты)/div_ganin"), "Ганин Данила")

2022-04-05 10:26:55 - [MESSAGE][NOT_RUN] - NOT_RUN: verifyElementText(findTestObject("Avangard New/Object (Игрок)/Case (Отчеты)/div_ganin"), "Ганин Данила")

2022-04-05 10:26:55 - [TEST_STEP][PASSED] - scrollToElement(findTestObject("Avangard New/Object (Игрок)/Case (Отчеты)/reaction easy"), 0): Scroll to object 'Object Repository/Avangard New/Object (Игрок)/Case (Отчеты)/reaction easy' successfully

2022-04-05 10:26:55 - [MESSAGE][WARNING] - Timeout '0' is invalid. Using default page load timeout: '30'

2022-04-05 10:26:57 - [MESSAGE][PASSED] - Scroll to object 'Object Repository/Avangard New/Object (Игрок)/Case (Отчеты)/reaction easy' successfully

2022-04-05 10:26:57 - [TEST_STEP][PASSED] - verifyElementText(findTestObject("Avangard New/Object (Игрок)/Case (Отчеты)/reaction easy"), "Реакция на простой стимул"): Actual text and expected text of test object 'Object Repository/Avangard New/Object (Игрок)/Case (Отчеты)/reaction easy' are matched.

2022-04-05 10:26:59 - [MESSAGE][PASSED] - Actual text and expected text of test object 'Object Repository/Avangard New/Object (Игрок)/Case (Отчеты)/reaction easy' are matched.

2022-04-05 10:26:59 - [TEST_STEP][PASSED] - verifyElementText(findTestObject("Avangard New/Object (Игрок)/Case (Отчеты)/reaction hard"), "Реакция на сложный стимул"): Actual text and expected text of test object 'Object Repository/Avangard New/Object (Игрок)/Case (Отчеты)/reaction hard' are matched.

2022-04-05 10:27:01 - [MESSAGE][PASSED] - Actual text and expected text of test object 'Object Repository/Avangard New/Object (Игрок)/Case (Отчеты)/reaction hard' are matched.

2022-04-05 10:27:01 - [TEST_STEP][PASSED] - scrollToElement(findTestObject("Avangard New/Object (Игрок)/Case (Отчеты)/button burg date (1)"), 0): Scroll to object 'Object Repository/Avangard New/Object (Игрок)/Case (Отчеты)/button burg date (1)' successfully

2022-04-05 10:27:01 - [MESSAGE][WARNING] - Timeout '0' is invalid. Using default page load timeout: '30'

2022-04-05 10:27:03 - [MESSAGE][PASSED] - Scroll to object 'Object Repository/Avangard New/Object (Игрок)/Case (Отчеты)/button burg date (1)' successfully

2022-04-05 10:27:03 - [TEST_STEP][PASSED] - click(findTestObject("Avangard New/Object (Игрок)/Case (Отчеты)/tab")): Object: 'Object Repository/Avangard New/Object (Игрок)/Case (Отчеты)/tab' is clicked on

2022-04-05 10:27:05 - [MESSAGE][PASSED] - Object: 'Object Repository/Avangard New/Object (Игрок)/Case (Отчеты)/tab' is clicked on

2022-04-05 10:27:05 - [TEST_STEP][PASSED] - if (verifyElementText(findTestObject("Avangard New/Object (Игрок)/Case (Отчеты)/div_ganin"), "Ганин Данила", OPTIONAL) == true): Object: 'Object Repository/Avangard New/Object (Игрок)/Case (Отчеты)/div_21-22' is clicked on

2022-04-05 10:27:06 - [MESSAGE][PASSED] - Actual text and expected text of test object 'Object Repository/Avangard New/Object (Игрок)/Case (Отчеты)/div_ganin' are matched.

2022-04-05 10:27:06 - [TEST_STEP][PASSED] - click(findTestObject("Avangard New/Object (Игрок)/Case (Отчеты)/div_sezon")): Object: 'Object Repository/Avangard New/Object (Игрок)/Case (Отчеты)/div_sezon' is clicked on

2022-04-05 10:27:08 - [MESSAGE][PASSED] - Object: 'Object Repository/Avangard New/Object (Игрок)/Case (Отчеты)/div_sezon' is clicked on

2022-04-05 10:27:08 - [TEST_STEP][PASSED] - click(findTestObject("Avangard New/Object (Игрок)/Case (Отчеты)/div_21-22")): Object: 'Object Repository/Avangard New/Object (Игрок)/Case (Отчеты)/div_21-22' is clicked on

2022-04-05 10:27:11 - [MESSAGE][PASSED] - Object: 'Object Repository/Avangard New/Object (Игрок)/Case (Отчеты)/div_21-22' is clicked on

2022-04-05 10:27:11 - [TEST_STEP][FAILED] - scrollToElement(findTestObject("Avangard New/Object (Игрок)/Case (Отчеты)/xarakteristika"), 0): Unable to scroll to object 'Object Repository/Avangard New/Object (Игрок)/Case (Отчеты)/xarakteristika' (Root cause: com.kms.katalon.core.exception.StepFailedException: Unable to scroll to object 'Object Repository/Avangard New/Object (Игрок)/Case (Отчеты)/xarakteristika'
	at com.kms.katalon.core.webui.keyword.internal.WebUIKeywordMain.stepFailed(WebUIKeywordMain.groovy:64)
	at com.kms.katalon.core.webui.keyword.internal.WebUIKeywordMain.runKeyword(WebUIKeywordMain.groovy:26)
	at com.kms.katalon.core.webui.keyword.builtin.ScrollToElementKeyword.scrollToElement(ScrollToElementKeyword.groovy:88)
	at com.kms.katalon.core.webui.keyword.builtin.ScrollToElementKeyword.execute(ScrollToElementKeyword.groovy:68)
	at com.kms.katalon.core.keyword.internal.KeywordExecutor.executeKeywordForPlatform(KeywordExecutor.groovy:74)
	at com.kms.katalon.core.webui.keyword.WebUiBuiltInKeywords.scrollToElement(WebUiBuiltInKeywords.groovy:4061)
	at com.kms.katalon.core.webui.keyword.WebUiBuiltInKeywords$scrollToElement$5.call(Unknown Source)
	at Отчеты психофиз профиля.run(Отчеты психофиз профиля:66)
	at com.kms.katalon.core.main.ScriptEngine.run(ScriptEngine.java:194)
	at com.kms.katalon.core.main.ScriptEngine.runScriptAsRawText(ScriptEngine.java:119)
	at com.kms.katalon.core.main.TestCaseExecutor.runScript(TestCaseExecutor.java:442)
	at com.kms.katalon.core.main.TestCaseExecutor.doExecute(TestCaseExecutor.java:433)
	at com.kms.katalon.core.main.TestCaseExecutor.processExecutionPhase(TestCaseExecutor.java:412)
	at com.kms.katalon.core.main.TestCaseExecutor.accessMainPhase(TestCaseExecutor.java:404)
	at com.kms.katalon.core.main.TestCaseExecutor.execute(TestCaseExecutor.java:281)
	at com.kms.katalon.core.main.TestSuiteExecutor.accessTestCaseMainPhase(TestSuiteExecutor.java:202)
	at com.kms.katalon.core.main.TestSuiteExecutor.accessTestSuiteMainPhase(TestSuiteExecutor.java:164)
	at com.kms.katalon.core.main.TestSuiteExecutor.execute(TestSuiteExecutor.java:105)
	at com.kms.katalon.core.main.TestCaseMain.startTestSuite(TestCaseMain.java:185)
	at com.kms.katalon.core.main.TestCaseMain$startTestSuite$0.call(Unknown Source)
	at TempTestSuite1649143158438.run(TempTestSuite1649143158438.groovy:36)
Caused by: com.kms.katalon.core.webui.exception.WebElementNotFoundException: Web element with id: 'Object Repository/Avangard New/Object (Игрок)/Case (Отчеты)/xarakteristika' located by '//*/text()[normalize-space(.)='Экстраверсия']/parent::*' not found
	at com.kms.katalon.core.webui.common.WebUiCommonHelper.findWebElement(WebUiCommonHelper.java:1370)
	at com.kms.katalon.core.webui.keyword.internal.WebUIAbstractKeyword.findWebElement(WebUIAbstractKeyword.groovy:27)
	at com.kms.katalon.core.webui.keyword.internal.WebUIAbstractKeyword.findWebElement(WebUIAbstractKeyword.groovy:26)
	at com.kms.katalon.core.webui.keyword.builtin.ScrollToElementKeyword$_scrollToElement_closure1.doCall(ScrollToElementKeyword.groovy:79)
	at com.kms.katalon.core.webui.keyword.builtin.ScrollToElementKeyword$_scrollToElement_closure1.call(ScrollToElementKeyword.groovy)
	at com.kms.katalon.core.webui.keyword.internal.WebUIKeywordMain.runKeyword(WebUIKeywordMain.groovy:20)
	at com.kms.katalon.core.webui.keyword.builtin.ScrollToElementKeyword.scrollToElement(ScrollToElementKeyword.groovy:88)
	at com.kms.katalon.core.webui.keyword.builtin.ScrollToElementKeyword.execute(ScrollToElementKeyword.groovy:68)
	at com.kms.katalon.core.keyword.internal.KeywordExecutor.executeKeywordForPlatform(KeywordExecutor.groovy:74)
	at com.kms.katalon.core.webui.keyword.WebUiBuiltInKeywords.scrollToElement(WebUiBuiltInKeywords.groovy:4061)
	at com.kms.katalon.core.webui.keyword.WebUiBuiltInKeywords$scrollToElement$5.call(Unknown Source)
	at Script1647367632978.run(Script1647367632978.groovy:66)
	... 13 more
)

2022-04-05 10:27:11 - [MESSAGE][WARNING] - Timeout '0' is invalid. Using default page load timeout: '30'

2022-04-05 10:27:42 - [MESSAGE][INFO] - Unable to find the element located by 'By.xpath: //*/text()[normalize-space(.)='Экстраверсия']/parent::*'. Please recheck the objects properties to make sure the desired element is located. 

2022-04-05 10:27:42 - [MESSAGE][WARNING] - [SELF-HEALING] Failed to find element with id 'Object Repository/Avangard New/Object (Игрок)/Case (Отчеты)/xarakteristika'. Try using Self-healing.

2022-04-05 10:27:43 - [MESSAGE][INFO] - [SELF-HEALING] Failed Locator: '//div[@id='rc-tabs-1-panel-1']/div[2]/div[2]/div/div/div/div/div[2]/p[2]'.

2022-04-05 10:27:45 - [MESSAGE][INFO] - [SELF-HEALING] Failed Locator: '(.//*[normalize-space(text()) and normalize-space(.)='Индивидуально-типологический'])[1]/following::p[17]'.

2022-04-05 10:27:46 - [MESSAGE][INFO] - [SELF-HEALING] Failed Locator: '(.//*[normalize-space(text()) and normalize-space(.)='Психологический'])[1]/following::p[17]'.

2022-04-05 10:27:47 - [MESSAGE][INFO] - [SELF-HEALING] Failed Locator: '(.//*[normalize-space(text()) and normalize-space(.)='Редактирование профиля'])[1]/preceding::p[29]'.

2022-04-05 10:27:49 - [MESSAGE][INFO] - [SELF-HEALING] Failed Locator: '//*/text()[normalize-space(.)='Экстраверсия']/parent::*'.

2022-04-05 10:27:50 - [MESSAGE][INFO] - [SELF-HEALING] Failed Locator: '//div[2]/div/div/div/div/div[2]/p[2]'.

2022-04-05 10:27:52 - [MESSAGE][INFO] - [SELF-HEALING] Failed Locator: '//p[(text() = 'Экстраверсия' or . = 'Экстраверсия')]'.

2022-04-05 10:27:53 - [MESSAGE][INFO] - Unable to find the element located by 'By.xpath: //*[(text() = 'Экстраверсия' or . = 'Экстраверсия')]'. Please recheck the objects properties to make sure the desired element is located. 

2022-04-05 10:27:54 - [MESSAGE][INFO] - Unable to find the element located by 'By.cssSelector: p.styles__SkillName-sc-8xsnvi-9.fxKVA'. Please recheck the objects properties to make sure the desired element is located. 

2022-04-05 10:27:55 - [MESSAGE][FAILED] - Unable to scroll to object 'Object Repository/Avangard New/Object (Игрок)/Case (Отчеты)/xarakteristika' (Root cause: com.kms.katalon.core.exception.StepFailedException: Unable to scroll to object 'Object Repository/Avangard New/Object (Игрок)/Case (Отчеты)/xarakteristika'
	at com.kms.katalon.core.webui.keyword.internal.WebUIKeywordMain.stepFailed(WebUIKeywordMain.groovy:64)
	at com.kms.katalon.core.webui.keyword.internal.WebUIKeywordMain.runKeyword(WebUIKeywordMain.groovy:26)
	at com.kms.katalon.core.webui.keyword.builtin.ScrollToElementKeyword.scrollToElement(ScrollToElementKeyword.groovy:88)
	at com.kms.katalon.core.webui.keyword.builtin.ScrollToElementKeyword.execute(ScrollToElementKeyword.groovy:68)
	at com.kms.katalon.core.keyword.internal.KeywordExecutor.executeKeywordForPlatform(KeywordExecutor.groovy:74)
	at com.kms.katalon.core.webui.keyword.WebUiBuiltInKeywords.scrollToElement(WebUiBuiltInKeywords.groovy:4061)
	at com.kms.katalon.core.webui.keyword.WebUiBuiltInKeywords$scrollToElement$5.call(Unknown Source)
	at Отчеты психофиз профиля.run(Отчеты психофиз профиля:66)
	at com.kms.katalon.core.main.ScriptEngine.run(ScriptEngine.java:194)
	at com.kms.katalon.core.main.ScriptEngine.runScriptAsRawText(ScriptEngine.java:119)
	at com.kms.katalon.core.main.TestCaseExecutor.runScript(TestCaseExecutor.java:442)
	at com.kms.katalon.core.main.TestCaseExecutor.doExecute(TestCaseExecutor.java:433)
	at com.kms.katalon.core.main.TestCaseExecutor.processExecutionPhase(TestCaseExecutor.java:412)
	at com.kms.katalon.core.main.TestCaseExecutor.accessMainPhase(TestCaseExecutor.java:404)
	at com.kms.katalon.core.main.TestCaseExecutor.execute(TestCaseExecutor.java:281)
	at com.kms.katalon.core.main.TestSuiteExecutor.accessTestCaseMainPhase(TestSuiteExecutor.java:202)
	at com.kms.katalon.core.main.TestSuiteExecutor.accessTestSuiteMainPhase(TestSuiteExecutor.java:164)
	at com.kms.katalon.core.main.TestSuiteExecutor.execute(TestSuiteExecutor.java:105)
	at com.kms.katalon.core.main.TestCaseMain.startTestSuite(TestCaseMain.java:185)
	at com.kms.katalon.core.main.TestCaseMain$startTestSuite$0.call(Unknown Source)
	at TempTestSuite1649143158438.run(TempTestSuite1649143158438.groovy:36)
Caused by: com.kms.katalon.core.webui.exception.WebElementNotFoundException: Web element with id: 'Object Repository/Avangard New/Object (Игрок)/Case (Отчеты)/xarakteristika' located by '//*/text()[normalize-space(.)='Экстраверсия']/parent::*' not found
	at com.kms.katalon.core.webui.common.WebUiCommonHelper.findWebElement(WebUiCommonHelper.java:1370)
	at com.kms.katalon.core.webui.keyword.internal.WebUIAbstractKeyword.findWebElement(WebUIAbstractKeyword.groovy:27)
	at com.kms.katalon.core.webui.keyword.internal.WebUIAbstractKeyword.findWebElement(WebUIAbstractKeyword.groovy:26)
	at com.kms.katalon.core.webui.keyword.builtin.ScrollToElementKeyword$_scrollToElement_closure1.doCall(ScrollToElementKeyword.groovy:79)
	at com.kms.katalon.core.webui.keyword.builtin.ScrollToElementKeyword$_scrollToElement_closure1.call(ScrollToElementKeyword.groovy)
	at com.kms.katalon.core.webui.keyword.internal.WebUIKeywordMain.runKeyword(WebUIKeywordMain.groovy:20)
	at com.kms.katalon.core.webui.keyword.builtin.ScrollToElementKeyword.scrollToElement(ScrollToElementKeyword.groovy:88)
	at com.kms.katalon.core.webui.keyword.builtin.ScrollToElementKeyword.execute(ScrollToElementKeyword.groovy:68)
	at com.kms.katalon.core.keyword.internal.KeywordExecutor.executeKeywordForPlatform(KeywordExecutor.groovy:74)
	at com.kms.katalon.core.webui.keyword.WebUiBuiltInKeywords.scrollToElement(WebUiBuiltInKeywords.groovy:4061)
	at com.kms.katalon.core.webui.keyword.WebUiBuiltInKeywords$scrollToElement$5.call(Unknown Source)
	at Script1647367632978.run(Script1647367632978.groovy:66)
	... 13 more
)
[[ATTACHMENT|C:\\Users\\LENOVO\\Katalon Studio\\Avangard\\Reports\\20220405_101904\\\u0418\u0433\u0440\u043E\u043A\\20220405_101918\\1649143674647.png]]]]></system-out>
         <system-err><![CDATA[2022-04-05 10:21:35 - [TEST_CASE][FAILED] - Test Cases/Игрок/Отчеты психофиз профиля: Test Cases/Игрок/Отчеты психофиз профиля FAILED.
Reason:
com.kms.katalon.core.exception.StepFailedException: Unable to scroll to object 'Object Repository/Avangard New/Object (Игрок)/Case (Отчеты)/xarakteristika'
	at com.kms.katalon.core.webui.keyword.internal.WebUIKeywordMain.stepFailed(WebUIKeywordMain.groovy:64)
	at com.kms.katalon.core.webui.keyword.internal.WebUIKeywordMain.runKeyword(WebUIKeywordMain.groovy:26)
	at com.kms.katalon.core.webui.keyword.builtin.ScrollToElementKeyword.scrollToElement(ScrollToElementKeyword.groovy:88)
	at com.kms.katalon.core.webui.keyword.builtin.ScrollToElementKeyword.execute(ScrollToElementKeyword.groovy:68)
	at com.kms.katalon.core.keyword.internal.KeywordExecutor.executeKeywordForPlatform(KeywordExecutor.groovy:74)
	at com.kms.katalon.core.webui.keyword.WebUiBuiltInKeywords.scrollToElement(WebUiBuiltInKeywords.groovy:4061)
	at com.kms.katalon.core.webui.keyword.WebUiBuiltInKeywords$scrollToElement$5.call(Unknown Source)
	at Отчеты психофиз профиля.run(Отчеты психофиз профиля:66)
	at com.kms.katalon.core.main.ScriptEngine.run(ScriptEngine.java:194)
	at com.kms.katalon.core.main.ScriptEngine.runScriptAsRawText(ScriptEngine.java:119)
	at com.kms.katalon.core.main.TestCaseExecutor.runScript(TestCaseExecutor.java:442)
	at com.kms.katalon.core.main.TestCaseExecutor.doExecute(TestCaseExecutor.java:433)
	at com.kms.katalon.core.main.TestCaseExecutor.processExecutionPhase(TestCaseExecutor.java:412)
	at com.kms.katalon.core.main.TestCaseExecutor.accessMainPhase(TestCaseExecutor.java:404)
	at com.kms.katalon.core.main.TestCaseExecutor.execute(TestCaseExecutor.java:281)
	at com.kms.katalon.core.main.TestSuiteExecutor.accessTestCaseMainPhase(TestSuiteExecutor.java:202)
	at com.kms.katalon.core.main.TestSuiteExecutor.accessTestSuiteMainPhase(TestSuiteExecutor.java:164)
	at com.kms.katalon.core.main.TestSuiteExecutor.execute(TestSuiteExecutor.java:105)
	at com.kms.katalon.core.main.TestCaseMain.startTestSuite(TestCaseMain.java:185)
	at com.kms.katalon.core.main.TestCaseMain$startTestSuite$0.call(Unknown Source)
	at TempTestSuite1649143158438.run(TempTestSuite1649143158438.groovy:36)
Caused by: com.kms.katalon.core.webui.exception.WebElementNotFoundException: Web element with id: 'Object Repository/Avangard New/Object (Игрок)/Case (Отчеты)/xarakteristika' located by '//*/text()[normalize-space(.)='Экстраверсия']/parent::*' not found
	at com.kms.katalon.core.webui.common.WebUiCommonHelper.findWebElement(WebUiCommonHelper.java:1370)
	at com.kms.katalon.core.webui.keyword.internal.WebUIAbstractKeyword.findWebElement(WebUIAbstractKeyword.groovy:27)
	at com.kms.katalon.core.webui.keyword.internal.WebUIAbstractKeyword.findWebElement(WebUIAbstractKeyword.groovy:26)
	at com.kms.katalon.core.webui.keyword.builtin.ScrollToElementKeyword$_scrollToElement_closure1.doCall(ScrollToElementKeyword.groovy:79)
	at com.kms.katalon.core.webui.keyword.builtin.ScrollToElementKeyword$_scrollToElement_closure1.call(ScrollToElementKeyword.groovy)
	at com.kms.katalon.core.webui.keyword.internal.WebUIKeywordMain.runKeyword(WebUIKeywordMain.groovy:20)
	... 19 more]]></system-err>
      </testcase>
      <testcase name="Test Cases/Игрок/Отчет по навыкам" time="299.58" classname="Test Cases/Игрок/Отчет по навыкам" status="PASSED">
         <system-out><![CDATA[2022-04-05 10:27:57 - [TEST_CASE][PASSED] - Test Cases/Игрок/Отчет по навыкам: Test Cases/Игрок/Отчет по навыкам

2022-04-05 10:27:58 - [TEST_STEP][PASSED] - callTestCase(findTestCase("Игрок/Авторизация"), [:], STOP_ON_FAILURE): Call Test Case 'Test Cases/Игрок/Авторизация' successfully

2022-04-05 10:27:58 - [TEST_CASE][PASSED] - Test Cases/Игрок/Авторизация: Test Cases/Игрок/Авторизация

2022-04-05 10:27:58 - [TEST_STEP][PASSED] - openBrowser(""): Browser is opened with url: ''

2022-04-05 10:27:58 - [MESSAGE][WARNING] - A browser is already opened. Closing browser and opening a new one

2022-04-05 10:27:58 - [MESSAGE][INFO] - User set preference: ['os', 'linux']

2022-04-05 10:27:58 - [MESSAGE][INFO] - User set preference: ['browserName', 'chrome']

2022-04-05 10:27:58 - [MESSAGE][INFO] - User set preference: ['browserVersion', '97']

2022-04-05 10:27:58 - [MESSAGE][INFO] - User set preference: ['katalon:option', '{organizationId=632442, tunnelId=, usingTunnel=false}']

2022-04-05 10:27:58 - [MESSAGE][INFO] - Connecting to remote web server 'testcloud.katalon.com/hub' with type 'Selenium'

2022-04-05 10:27:58 - [MESSAGE][INFO] - Action delay is set to 100 milliseconds

2022-04-05 10:32:11 - [MESSAGE][PASSED] - Browser is opened with url: ''

2022-04-05 10:32:11 - [TEST_STEP][PASSED] - maximizeWindow(): Current window maximized

2022-04-05 10:32:11 - [MESSAGE][PASSED] - Current window maximized

2022-04-05 10:32:11 - [TEST_STEP][PASSED] - navigateToUrl(url): Navigate to 'https://stars-stage.hawk.ru:8080' successfully

2022-04-05 10:32:17 - [MESSAGE][PASSED] - Navigate to 'https://stars-stage.hawk.ru:8080' successfully

2022-04-05 10:32:17 - [TEST_STEP][PASSED] - setText(findTestObject("Object Repository/manager/Page_/input__sc-lnrBVv eqPACj"), player_login): Text 'danilaganin7218@icloud.com' is set on object 'Object Repository/manager/Page_/input__sc-lnrBVv eqPACj'

2022-04-05 10:32:22 - [MESSAGE][PASSED] - Text 'danilaganin7218@icloud.com' is set on object 'Object Repository/manager/Page_/input__sc-lnrBVv eqPACj'

2022-04-05 10:32:22 - [TEST_STEP][PASSED] - setText(findTestObject("Object Repository/manager/Page_/input__sc-lnrBVv eqPACj_1"), player_password): Text 'danilaganin7218' is set on object 'Object Repository/manager/Page_/input__sc-lnrBVv eqPACj_1'

2022-04-05 10:32:26 - [MESSAGE][PASSED] - Text 'danilaganin7218' is set on object 'Object Repository/manager/Page_/input__sc-lnrBVv eqPACj_1'

2022-04-05 10:32:26 - [TEST_STEP][PASSED] - click(findTestObject("manager/Page_/go")): Object: 'Object Repository/manager/Page_/go' is clicked on

2022-04-05 10:32:28 - [MESSAGE][PASSED] - Object: 'Object Repository/manager/Page_/go' is clicked on

2022-04-05 10:32:28 - [MESSAGE][PASSED] - Call Test Case 'Test Cases/Игрок/Авторизация' successfully

2022-04-05 10:32:28 - [TEST_STEP][PASSED] - click(findTestObject("Object Repository/Avangard New/Object (Игрок)/Case (Отчеты по навыкам)/span_reports")): Object: 'Object Repository/Avangard New/Object (Игрок)/Case (Отчеты по навыкам)/span_reports' is clicked on

2022-04-05 10:32:49 - [MESSAGE][PASSED] - Object: 'Object Repository/Avangard New/Object (Игрок)/Case (Отчеты по навыкам)/span_reports' is clicked on

2022-04-05 10:32:49 - [TEST_STEP][PASSED] - click(findTestObject("Object Repository/Avangard New/Object (Игрок)/Case (Отчеты по навыкам)/div_report_skills")): Object: 'Object Repository/Avangard New/Object (Игрок)/Case (Отчеты по навыкам)/div_report_skills' is clicked on

2022-04-05 10:32:52 - [MESSAGE][PASSED] - Object: 'Object Repository/Avangard New/Object (Игрок)/Case (Отчеты по навыкам)/div_report_skills' is clicked on

2022-04-05 10:32:52 - [TEST_STEP][PASSED] - verifyElementVisible(findTestObject("Object Repository/Avangard New/Object (Игрок)/Case (Отчеты по навыкам)/div_10")): Object 'Object Repository/Avangard New/Object (Игрок)/Case (Отчеты по навыкам)/div_10' is visible

2022-04-05 10:32:55 - [MESSAGE][PASSED] - Object 'Object Repository/Avangard New/Object (Игрок)/Case (Отчеты по навыкам)/div_10' is visible

2022-04-05 10:32:55 - [TEST_STEP][PASSED] - verifyElementText(findTestObject("Avangard New/Object (Игрок)/Case (Отчеты по навыкам)/div_name"), player_for_test): Actual text and expected text of test object 'Object Repository/Avangard New/Object (Игрок)/Case (Отчеты по навыкам)/div_name' are matched.

2022-04-05 10:32:57 - [MESSAGE][PASSED] - Actual text and expected text of test object 'Object Repository/Avangard New/Object (Игрок)/Case (Отчеты по навыкам)/div_name' are matched.]]></system-out>
         <system-err><![CDATA[]]></system-err>
      </testcase>
      <testcase name="Test Cases/Игрок/Оценка навыков" time="332.389" classname="Test Cases/Игрок/Оценка навыков" status="PASSED">
         <system-out><![CDATA[2022-04-05 10:32:57 - [TEST_CASE][PASSED] - Test Cases/Игрок/Оценка навыков: Test Cases/Игрок/Оценка навыков

2022-04-05 10:32:57 - [TEST_STEP][PASSED] - callTestCase(findTestCase("Игрок/Авторизация"), [:], STOP_ON_FAILURE): Call Test Case 'Test Cases/Игрок/Авторизация' successfully

2022-04-05 10:32:57 - [TEST_CASE][PASSED] - Test Cases/Игрок/Авторизация: Test Cases/Игрок/Авторизация

2022-04-05 10:32:57 - [TEST_STEP][PASSED] - openBrowser(""): Browser is opened with url: ''

2022-04-05 10:32:57 - [MESSAGE][WARNING] - A browser is already opened. Closing browser and opening a new one

2022-04-05 10:32:58 - [MESSAGE][INFO] - User set preference: ['os', 'linux']

2022-04-05 10:32:58 - [MESSAGE][INFO] - User set preference: ['browserName', 'chrome']

2022-04-05 10:32:58 - [MESSAGE][INFO] - User set preference: ['browserVersion', '97']

2022-04-05 10:32:58 - [MESSAGE][INFO] - User set preference: ['katalon:option', '{organizationId=632442, tunnelId=, usingTunnel=false}']

2022-04-05 10:32:58 - [MESSAGE][INFO] - Connecting to remote web server 'testcloud.katalon.com/hub' with type 'Selenium'

2022-04-05 10:32:58 - [MESSAGE][INFO] - Action delay is set to 100 milliseconds

2022-04-05 10:37:13 - [MESSAGE][PASSED] - Browser is opened with url: ''

2022-04-05 10:37:13 - [TEST_STEP][PASSED] - maximizeWindow(): Current window maximized

2022-04-05 10:37:14 - [MESSAGE][PASSED] - Current window maximized

2022-04-05 10:37:14 - [TEST_STEP][PASSED] - navigateToUrl(url): Navigate to 'https://stars-stage.hawk.ru:8080' successfully

2022-04-05 10:37:21 - [MESSAGE][PASSED] - Navigate to 'https://stars-stage.hawk.ru:8080' successfully

2022-04-05 10:37:21 - [TEST_STEP][PASSED] - setText(findTestObject("Object Repository/manager/Page_/input__sc-lnrBVv eqPACj"), player_login): Text 'danilaganin7218@icloud.com' is set on object 'Object Repository/manager/Page_/input__sc-lnrBVv eqPACj'

2022-04-05 10:37:25 - [MESSAGE][PASSED] - Text 'danilaganin7218@icloud.com' is set on object 'Object Repository/manager/Page_/input__sc-lnrBVv eqPACj'

2022-04-05 10:37:25 - [TEST_STEP][PASSED] - setText(findTestObject("Object Repository/manager/Page_/input__sc-lnrBVv eqPACj_1"), player_password): Text 'danilaganin7218' is set on object 'Object Repository/manager/Page_/input__sc-lnrBVv eqPACj_1'

2022-04-05 10:37:30 - [MESSAGE][PASSED] - Text 'danilaganin7218' is set on object 'Object Repository/manager/Page_/input__sc-lnrBVv eqPACj_1'

2022-04-05 10:37:30 - [TEST_STEP][PASSED] - click(findTestObject("manager/Page_/go")): Object: 'Object Repository/manager/Page_/go' is clicked on

2022-04-05 10:37:32 - [MESSAGE][PASSED] - Object: 'Object Repository/manager/Page_/go' is clicked on

2022-04-05 10:37:32 - [MESSAGE][PASSED] - Call Test Case 'Test Cases/Игрок/Авторизация' successfully

2022-04-05 10:37:32 - [TEST_STEP][PASSED] - click(findTestObject("Avangard New/Object (Игрок)/Case (Оценка навыков)/skill")): Object: 'Object Repository/Avangard New/Object (Игрок)/Case (Оценка навыков)/skill' is clicked on

2022-04-05 10:37:54 - [MESSAGE][PASSED] - Object: 'Object Repository/Avangard New/Object (Игрок)/Case (Оценка навыков)/skill' is clicked on

2022-04-05 10:37:54 - [TEST_STEP][PASSED] - click(findTestObject("Object Repository/Avangard New/Object (Игрок)/Case (Оценка навыков)/span_1")): Object: 'Object Repository/Avangard New/Object (Игрок)/Case (Оценка навыков)/span_1' is clicked on

2022-04-05 10:37:58 - [MESSAGE][PASSED] - Object: 'Object Repository/Avangard New/Object (Игрок)/Case (Оценка навыков)/span_1' is clicked on

2022-04-05 10:37:58 - [TEST_STEP][PASSED] - verifyElementText(findTestObject("Avangard New/Object (Игрок)/Case (Оценка навыков)/fast fast"), "Ускорение"): Actual text and expected text of test object 'Object Repository/Avangard New/Object (Игрок)/Case (Оценка навыков)/fast fast' are matched.

2022-04-05 10:37:59 - [MESSAGE][PASSED] - Actual text and expected text of test object 'Object Repository/Avangard New/Object (Игрок)/Case (Оценка навыков)/fast fast' are matched.

2022-04-05 10:37:59 - [TEST_STEP][PASSED] - scrollToElement(findTestObject("Avangard New/Object (Игрок)/Case (Оценка навыков)/button_save"), 0): Scroll to object 'Object Repository/Avangard New/Object (Игрок)/Case (Оценка навыков)/button_save' successfully

2022-04-05 10:38:00 - [MESSAGE][WARNING] - Timeout '0' is invalid. Using default page load timeout: '30'

2022-04-05 10:38:01 - [MESSAGE][PASSED] - Scroll to object 'Object Repository/Avangard New/Object (Игрок)/Case (Оценка навыков)/button_save' successfully

2022-04-05 10:38:01 - [TEST_STEP][PASSED] - click(findTestObject("Avangard New/Object (Игрок)/Case (Оценка навыков)/button_save")): Object: 'Object Repository/Avangard New/Object (Игрок)/Case (Оценка навыков)/button_save' is clicked on

2022-04-05 10:38:04 - [MESSAGE][PASSED] - Object: 'Object Repository/Avangard New/Object (Игрок)/Case (Оценка навыков)/button_save' is clicked on

2022-04-05 10:38:04 - [TEST_STEP][PASSED] - verifyElementText(findTestObject("Avangard New/Object (Игрок)/Case (Оценка навыков)/alert skill"), "Оценки успешно сохранены."): Actual text and expected text of test object 'Object Repository/Avangard New/Object (Игрок)/Case (Оценка навыков)/alert skill' are matched.

2022-04-05 10:38:07 - [MESSAGE][PASSED] - Actual text and expected text of test object 'Object Repository/Avangard New/Object (Игрок)/Case (Оценка навыков)/alert skill' are matched.

2022-04-05 10:38:07 - [TEST_STEP][PASSED] - click(findTestObject("Object Repository/Avangard New/Object (Игрок)/Case (Оценка навыков)/report")): Object: 'Object Repository/Avangard New/Object (Игрок)/Case (Оценка навыков)/report' is clicked on

2022-04-05 10:38:09 - [MESSAGE][PASSED] - Object: 'Object Repository/Avangard New/Object (Игрок)/Case (Оценка навыков)/report' is clicked on

2022-04-05 10:38:09 - [TEST_STEP][PASSED] - click(findTestObject("Object Repository/Avangard New/Object (Игрок)/Case (Оценка навыков)/repor skill")): Object: 'Object Repository/Avangard New/Object (Игрок)/Case (Оценка навыков)/repor skill' is clicked on

2022-04-05 10:38:11 - [MESSAGE][PASSED] - Object: 'Object Repository/Avangard New/Object (Игрок)/Case (Оценка навыков)/repor skill' is clicked on

2022-04-05 10:38:11 - [TEST_STEP][PASSED] - verifyElementText(findTestObject("Avangard New/Object (Игрок)/Case (Оценка навыков)/div_1"), "1"): Actual text and expected text of test object 'Object Repository/Avangard New/Object (Игрок)/Case (Оценка навыков)/div_1' are matched.

2022-04-05 10:38:14 - [MESSAGE][PASSED] - Actual text and expected text of test object 'Object Repository/Avangard New/Object (Игрок)/Case (Оценка навыков)/div_1' are matched.

2022-04-05 10:38:14 - [TEST_STEP][PASSED] - verifyElementText(findTestObject("Avangard New/Object (Игрок)/Case (Оценка навыков)/div_katanie"), "Катание"): Actual text and expected text of test object 'Object Repository/Avangard New/Object (Игрок)/Case (Оценка навыков)/div_katanie' are matched.

2022-04-05 10:38:17 - [MESSAGE][PASSED] - Actual text and expected text of test object 'Object Repository/Avangard New/Object (Игрок)/Case (Оценка навыков)/div_katanie' are matched.

2022-04-05 10:38:17 - [TEST_STEP][PASSED] - click(findTestObject("Avangard New/Object (Игрок)/Case (Оценка навыков)/skill")): Object: 'Object Repository/Avangard New/Object (Игрок)/Case (Оценка навыков)/skill' is clicked on

2022-04-05 10:38:19 - [MESSAGE][PASSED] - Object: 'Object Repository/Avangard New/Object (Игрок)/Case (Оценка навыков)/skill' is clicked on

2022-04-05 10:38:19 - [TEST_STEP][PASSED] - click(findTestObject("Object Repository/Avangard New/Object (Игрок)/Case (Оценка навыков)/span_8")): Object: 'Object Repository/Avangard New/Object (Игрок)/Case (Оценка навыков)/span_8' is clicked on

2022-04-05 10:38:22 - [MESSAGE][PASSED] - Object: 'Object Repository/Avangard New/Object (Игрок)/Case (Оценка навыков)/span_8' is clicked on

2022-04-05 10:38:22 - [TEST_STEP][PASSED] - scrollToElement(findTestObject("Avangard New/Object (Игрок)/Case (Оценка навыков)/button_save"), 0): Scroll to object 'Object Repository/Avangard New/Object (Игрок)/Case (Оценка навыков)/button_save' successfully

2022-04-05 10:38:22 - [MESSAGE][WARNING] - Timeout '0' is invalid. Using default page load timeout: '30'

2022-04-05 10:38:24 - [MESSAGE][PASSED] - Scroll to object 'Object Repository/Avangard New/Object (Игрок)/Case (Оценка навыков)/button_save' successfully

2022-04-05 10:38:24 - [TEST_STEP][PASSED] - click(findTestObject("Avangard New/Object (Игрок)/Case (Оценка навыков)/button_save")): Object: 'Object Repository/Avangard New/Object (Игрок)/Case (Оценка навыков)/button_save' is clicked on

2022-04-05 10:38:26 - [MESSAGE][PASSED] - Object: 'Object Repository/Avangard New/Object (Игрок)/Case (Оценка навыков)/button_save' is clicked on

2022-04-05 10:38:26 - [TEST_STEP][PASSED] - verifyElementText(findTestObject("Avangard New/Object (Игрок)/Case (Оценка навыков)/alert skill"), "Оценки успешно сохранены."): Actual text and expected text of test object 'Object Repository/Avangard New/Object (Игрок)/Case (Оценка навыков)/alert skill' are matched.

2022-04-05 10:38:29 - [MESSAGE][PASSED] - Actual text and expected text of test object 'Object Repository/Avangard New/Object (Игрок)/Case (Оценка навыков)/alert skill' are matched.]]></system-out>
         <system-err><![CDATA[]]></system-err>
      </testcase>
      <system-out><![CDATA[2022-04-05 10:19:35 - [TEST_SUITE][FAILED] - Игрок: Test Cases/Игрок/Отчеты психофиз профиля FAILED.
Reason:
com.kms.katalon.core.exception.StepFailedException: Unable to scroll to object 'Object Repository/Avangard New/Object (Игрок)/Case (Отчеты)/xarakteristika'
	at com.kms.katalon.core.webui.keyword.internal.WebUIKeywordMain.stepFailed(WebUIKeywordMain.groovy:64)
	at com.kms.katalon.core.webui.keyword.internal.WebUIKeywordMain.runKeyword(WebUIKeywordMain.groovy:26)
	at com.kms.katalon.core.webui.keyword.builtin.ScrollToElementKeyword.scrollToElement(ScrollToElementKeyword.groovy:88)
	at com.kms.katalon.core.webui.keyword.builtin.ScrollToElementKeyword.execute(ScrollToElementKeyword.groovy:68)
	at com.kms.katalon.core.keyword.internal.KeywordExecutor.executeKeywordForPlatform(KeywordExecutor.groovy:74)
	at com.kms.katalon.core.webui.keyword.WebUiBuiltInKeywords.scrollToElement(WebUiBuiltInKeywords.groovy:4061)
	at com.kms.katalon.core.webui.keyword.WebUiBuiltInKeywords$scrollToElement$5.call(Unknown Source)
	at Отчеты психофиз профиля.run(Отчеты психофиз профиля:66)
	at com.kms.katalon.core.main.ScriptEngine.run(ScriptEngine.java:194)
	at com.kms.katalon.core.main.ScriptEngine.runScriptAsRawText(ScriptEngine.java:119)
	at com.kms.katalon.core.main.TestCaseExecutor.runScript(TestCaseExecutor.java:442)
	at com.kms.katalon.core.main.TestCaseExecutor.doExecute(TestCaseExecutor.java:433)
	at com.kms.katalon.core.main.TestCaseExecutor.processExecutionPhase(TestCaseExecutor.java:412)
	at com.kms.katalon.core.main.TestCaseExecutor.accessMainPhase(TestCaseExecutor.java:404)
	at com.kms.katalon.core.main.TestCaseExecutor.execute(TestCaseExecutor.java:281)
	at com.kms.katalon.core.main.TestSuiteExecutor.accessTestCaseMainPhase(TestSuiteExecutor.java:202)
	at com.kms.katalon.core.main.TestSuiteExecutor.accessTestSuiteMainPhase(TestSuiteExecutor.java:164)
	at com.kms.katalon.core.main.TestSuiteExecutor.execute(TestSuiteExecutor.java:105)
	at com.kms.katalon.core.main.TestCaseMain.startTestSuite(TestCaseMain.java:185)
	at com.kms.katalon.core.main.TestCaseMain$startTestSuite$0.call(Unknown Source)
	at TempTestSuite1649143158438.run(TempTestSuite1649143158438.groovy:36)
Caused by: com.kms.katalon.core.webui.exception.WebElementNotFoundException: Web element with id: 'Object Repository/Avangard New/Object (Игрок)/Case (Отчеты)/xarakteristika' located by '//*/text()[normalize-space(.)='Экстраверсия']/parent::*' not found
	at com.kms.katalon.core.webui.common.WebUiCommonHelper.findWebElement(WebUiCommonHelper.java:1370)
	at com.kms.katalon.core.webui.keyword.internal.WebUIAbstractKeyword.findWebElement(WebUIAbstractKeyword.groovy:27)
	at com.kms.katalon.core.webui.keyword.internal.WebUIAbstractKeyword.findWebElement(WebUIAbstractKeyword.groovy:26)
	at com.kms.katalon.core.webui.keyword.builtin.ScrollToElementKeyword$_scrollToElement_closure1.doCall(ScrollToElementKeyword.groovy:79)
	at com.kms.katalon.core.webui.keyword.builtin.ScrollToElementKeyword$_scrollToElement_closure1.call(ScrollToElementKeyword.groovy)
	at com.kms.katalon.core.webui.keyword.internal.WebUIKeywordMain.runKeyword(WebUIKeywordMain.groovy:20)
	... 19 more]]></system-out>
      <system-err><![CDATA[2022-04-05 10:19:35 - [TEST_SUITE][FAILED] - Игрок: Test Cases/Игрок/Отчеты психофиз профиля FAILED.
Reason:
com.kms.katalon.core.exception.StepFailedException: Unable to scroll to object 'Object Repository/Avangard New/Object (Игрок)/Case (Отчеты)/xarakteristika'
	at com.kms.katalon.core.webui.keyword.internal.WebUIKeywordMain.stepFailed(WebUIKeywordMain.groovy:64)
	at com.kms.katalon.core.webui.keyword.internal.WebUIKeywordMain.runKeyword(WebUIKeywordMain.groovy:26)
	at com.kms.katalon.core.webui.keyword.builtin.ScrollToElementKeyword.scrollToElement(ScrollToElementKeyword.groovy:88)
	at com.kms.katalon.core.webui.keyword.builtin.ScrollToElementKeyword.execute(ScrollToElementKeyword.groovy:68)
	at com.kms.katalon.core.keyword.internal.KeywordExecutor.executeKeywordForPlatform(KeywordExecutor.groovy:74)
	at com.kms.katalon.core.webui.keyword.WebUiBuiltInKeywords.scrollToElement(WebUiBuiltInKeywords.groovy:4061)
	at com.kms.katalon.core.webui.keyword.WebUiBuiltInKeywords$scrollToElement$5.call(Unknown Source)
	at Отчеты психофиз профиля.run(Отчеты психофиз профиля:66)
	at com.kms.katalon.core.main.ScriptEngine.run(ScriptEngine.java:194)
	at com.kms.katalon.core.main.ScriptEngine.runScriptAsRawText(ScriptEngine.java:119)
	at com.kms.katalon.core.main.TestCaseExecutor.runScript(TestCaseExecutor.java:442)
	at com.kms.katalon.core.main.TestCaseExecutor.doExecute(TestCaseExecutor.java:433)
	at com.kms.katalon.core.main.TestCaseExecutor.processExecutionPhase(TestCaseExecutor.java:412)
	at com.kms.katalon.core.main.TestCaseExecutor.accessMainPhase(TestCaseExecutor.java:404)
	at com.kms.katalon.core.main.TestCaseExecutor.execute(TestCaseExecutor.java:281)
	at com.kms.katalon.core.main.TestSuiteExecutor.accessTestCaseMainPhase(TestSuiteExecutor.java:202)
	at com.kms.katalon.core.main.TestSuiteExecutor.accessTestSuiteMainPhase(TestSuiteExecutor.java:164)
	at com.kms.katalon.core.main.TestSuiteExecutor.execute(TestSuiteExecutor.java:105)
	at com.kms.katalon.core.main.TestCaseMain.startTestSuite(TestCaseMain.java:185)
	at com.kms.katalon.core.main.TestCaseMain$startTestSuite$0.call(Unknown Source)
	at TempTestSuite1649143158438.run(TempTestSuite1649143158438.groovy:36)
Caused by: com.kms.katalon.core.webui.exception.WebElementNotFoundException: Web element with id: 'Object Repository/Avangard New/Object (Игрок)/Case (Отчеты)/xarakteristika' located by '//*/text()[normalize-space(.)='Экстраверсия']/parent::*' not found
	at com.kms.katalon.core.webui.common.WebUiCommonHelper.findWebElement(WebUiCommonHelper.java:1370)
	at com.kms.katalon.core.webui.keyword.internal.WebUIAbstractKeyword.findWebElement(WebUIAbstractKeyword.groovy:27)
	at com.kms.katalon.core.webui.keyword.internal.WebUIAbstractKeyword.findWebElement(WebUIAbstractKeyword.groovy:26)
	at com.kms.katalon.core.webui.keyword.builtin.ScrollToElementKeyword$_scrollToElement_closure1.doCall(ScrollToElementKeyword.groovy:79)
	at com.kms.katalon.core.webui.keyword.builtin.ScrollToElementKeyword$_scrollToElement_closure1.call(ScrollToElementKeyword.groovy)
	at com.kms.katalon.core.webui.keyword.internal.WebUIKeywordMain.runKeyword(WebUIKeywordMain.groovy:20)
	... 19 more]]></system-err>
   </testsuite>
   <testsuite name="Игрок" tests="4" failures="0" errors="0" time="1297.352" skipped="0" timestamp="2022-04-05 10:19:42" hostname="LENOVO - DESKTOP-KNHN0AA" id="Test Suites/Игрок">
      <properties>
         <property name="deviceName" value=""/>
         <property name="devicePlatform" value=""/>
         <property name="logFolder" value="C:\\Users\\LENOVO\\Katalon Studio\\Avangard\\Reports\\20220405_101904\\\u0418\u0433\u0440\u043E\u043A\\20220405_101920"/>
         <property name="logFiles" value="C:\\Users\\LENOVO\\Katalon Studio\\Avangard\\Reports\\20220405_101904\\\u0418\u0433\u0440\u043E\u043A\\20220405_101920\\execution0.log"/>
         <property name="attachments" value="C:\\Users\\LENOVO\\Katalon Studio\\Avangard\\Reports\\20220405_101904\\\u0418\u0433\u0440\u043E\u043A\\20220405_101920\\1649143773365.png, C:\\Users\\LENOVO\\Katalon Studio\\Avangard\\Reports\\20220405_101904\\\u0418\u0433\u0440\u043E\u043A\\20220405_101920\\1649143825026.png"/>
         <property name="hostName" value="LENOVO - DESKTOP-KNHN0AA"/>
         <property name="remoteDriverUrl" value="testcloud.katalon.com/hub"/>
         <property name="desiredCapabilities" value="{
  &quot;acceptInsecureCerts&quot;: false,
  &quot;browserName&quot;: &quot;chrome&quot;,
  &quot;browserVersion&quot;: &quot;97.0.4692.71&quot;,
  &quot;chrome&quot;: {
    &quot;chromedriverVersion&quot;: &quot;97.0.4692.71 (adefa7837d02a07a604c1e6eff0b3a09422ab88d-refs/branch-heads/4692@{#1247})&quot;,
    &quot;userDataDir&quot;: &quot;/tmp/.com.google.Chrome.kHAcvq&quot;
  },
  &quot;goog:chromeOptions&quot;: {
    &quot;debuggerAddress&quot;: &quot;localhost:38431&quot;
  },
  &quot;javascriptEnabled&quot;: true,
  &quot;networkConnectionEnabled&quot;: false,
  &quot;pageLoadStrategy&quot;: &quot;normal&quot;,
  &quot;platform&quot;: &quot;LINUX&quot;,
  &quot;platformName&quot;: &quot;LINUX&quot;,
  &quot;proxy&quot;: {
    &quot;proxyType&quot;: &quot;DIRECT&quot;,
    &quot;autodetect&quot;: false
  },
  &quot;se:cdp&quot;: &quot;ws://172.48.55.136:4444/session/b8933404d69c4b868360538a9b2379ba/se/cdp&quot;,
  &quot;se:cdpVersion&quot;: &quot;97.0.4692.71&quot;,
  &quot;se:vnc&quot;: &quot;ws://172.48.55.136:4444/session/b8933404d69c4b868360538a9b2379ba/se/vnc&quot;,
  &quot;se:vncEnabled&quot;: true,
  &quot;se:vncLocalAddress&quot;: &quot;ws://172.48.55.136:7900&quot;,
  &quot;setWindowRect&quot;: true,
  &quot;strictFileInteractability&quot;: false,
  &quot;timeouts&quot;: {
    &quot;implicit&quot;: 0,
    &quot;pageLoad&quot;: 300000,
    &quot;script&quot;: 30000
  },
  &quot;unhandledPromptBehavior&quot;: &quot;dismiss and notify&quot;,
  &quot;webauthn:extension:credBlob&quot;: true,
  &quot;webauthn:extension:largeBlob&quot;: true,
  &quot;webauthn:virtualAuthenticators&quot;: true
}"/>
         <property name="os" value="Windows 10 64bit"/>
         <property name="remoteOS" value="Linux"/>
         <property name="katalonVersion" value="8.2.5.208"/>
         <property name="browser" value="Chrome 97.0.4692.71"/>
         <property name="hostAddress" value="192.168.2.114"/>
         <property name="sessionId" value="b8933404d69c4b868360538a9b2379ba"/>
         <property name="seleniumVersion" value="3.141.59"/>
         <property name="proxyInformation" value="ProxyInformation { proxyOption=NO_PROXY, proxyServerType=HTTP, username=, password=********, proxyServerAddress=, proxyServerPort=0, executionList=&quot;&quot;, isApplyToDesiredCapabilities=true }"/>
         <property name="platform" value="Windows 10"/>
      </properties>
      <testcase name="Test Cases/Игрок/Авторизация" time="224.506" classname="Test Cases/Игрок/Авторизация" status="PASSED">
         <system-out><![CDATA[2022-04-05 10:19:43 - [TEST_CASE][PASSED] - Test Cases/Игрок/Авторизация: Test Cases/Игрок/Авторизация

2022-04-05 10:19:46 - [TEST_STEP][PASSED] - openBrowser(""): Browser is opened with url: ''

2022-04-05 10:19:47 - [MESSAGE][INFO] - User set preference: ['os', 'linux']

2022-04-05 10:19:47 - [MESSAGE][INFO] - User set preference: ['browserName', 'chrome']

2022-04-05 10:19:47 - [MESSAGE][INFO] - User set preference: ['browserVersion', '97']

2022-04-05 10:19:47 - [MESSAGE][INFO] - User set preference: ['katalon:option', '{organizationId=632442, tunnelId=, usingTunnel=false}']

2022-04-05 10:19:47 - [MESSAGE][INFO] - Connecting to remote web server 'testcloud.katalon.com/hub' with type 'Selenium'

2022-04-05 10:19:48 - [MESSAGE][INFO] - Action delay is set to 100 milliseconds

2022-04-05 10:23:11 - [MESSAGE][PASSED] - Browser is opened with url: ''

2022-04-05 10:23:11 - [TEST_STEP][PASSED] - maximizeWindow(): Current window maximized

2022-04-05 10:23:11 - [MESSAGE][PASSED] - Current window maximized

2022-04-05 10:23:11 - [TEST_STEP][PASSED] - navigateToUrl(url): Navigate to 'https://stars-stage.hawk.ru:8080' successfully

2022-04-05 10:23:18 - [MESSAGE][PASSED] - Navigate to 'https://stars-stage.hawk.ru:8080' successfully

2022-04-05 10:23:18 - [TEST_STEP][PASSED] - setText(findTestObject("Object Repository/manager/Page_/input__sc-lnrBVv eqPACj"), player_login): Text 'dima.vlasenko18@mail.ru' is set on object 'Object Repository/manager/Page_/input__sc-lnrBVv eqPACj'

2022-04-05 10:23:22 - [MESSAGE][PASSED] - Text 'dima.vlasenko18@mail.ru' is set on object 'Object Repository/manager/Page_/input__sc-lnrBVv eqPACj'

2022-04-05 10:23:22 - [TEST_STEP][PASSED] - setText(findTestObject("Object Repository/manager/Page_/input__sc-lnrBVv eqPACj_1"), player_password): Text 'dima.vlasenko18' is set on object 'Object Repository/manager/Page_/input__sc-lnrBVv eqPACj_1'

2022-04-05 10:23:26 - [MESSAGE][PASSED] - Text 'dima.vlasenko18' is set on object 'Object Repository/manager/Page_/input__sc-lnrBVv eqPACj_1'

2022-04-05 10:23:26 - [TEST_STEP][PASSED] - click(findTestObject("manager/Page_/go")): Object: 'Object Repository/manager/Page_/go' is clicked on

2022-04-05 10:23:28 - [MESSAGE][PASSED] - Object: 'Object Repository/manager/Page_/go' is clicked on]]></system-out>
         <system-err><![CDATA[]]></system-err>
      </testcase>
      <testcase name="Test Cases/Игрок/Отчеты психофиз профиля" time="430.798" classname="Test Cases/Игрок/Отчеты психофиз профиля" status="PASSED">
         <system-out><![CDATA[2022-04-05 10:23:28 - [TEST_CASE][PASSED] - Test Cases/Игрок/Отчеты психофиз профиля: Test Cases/Игрок/Отчеты психофиз профиля

2022-04-05 10:23:28 - [TEST_STEP][PASSED] - callTestCase(findTestCase("Игрок/Авторизация"), [:], STOP_ON_FAILURE): Call Test Case 'Test Cases/Игрок/Авторизация' successfully

2022-04-05 10:23:28 - [TEST_CASE][PASSED] - Test Cases/Игрок/Авторизация: Test Cases/Игрок/Авторизация

2022-04-05 10:23:28 - [TEST_STEP][PASSED] - openBrowser(""): Browser is opened with url: ''

2022-04-05 10:23:28 - [MESSAGE][WARNING] - A browser is already opened. Closing browser and opening a new one

2022-04-05 10:23:29 - [MESSAGE][INFO] - User set preference: ['os', 'linux']

2022-04-05 10:23:29 - [MESSAGE][INFO] - User set preference: ['browserName', 'chrome']

2022-04-05 10:23:29 - [MESSAGE][INFO] - User set preference: ['browserVersion', '97']

2022-04-05 10:23:29 - [MESSAGE][INFO] - User set preference: ['katalon:option', '{organizationId=632442, tunnelId=, usingTunnel=false}']

2022-04-05 10:23:29 - [MESSAGE][INFO] - Connecting to remote web server 'testcloud.katalon.com/hub' with type 'Selenium'

2022-04-05 10:23:29 - [MESSAGE][INFO] - Action delay is set to 100 milliseconds

2022-04-05 10:28:10 - [MESSAGE][PASSED] - Browser is opened with url: ''

2022-04-05 10:28:10 - [TEST_STEP][PASSED] - maximizeWindow(): Current window maximized

2022-04-05 10:28:11 - [MESSAGE][PASSED] - Current window maximized

2022-04-05 10:28:11 - [TEST_STEP][PASSED] - navigateToUrl(url): Navigate to 'https://stars-stage.hawk.ru:8080' successfully

2022-04-05 10:28:17 - [MESSAGE][PASSED] - Navigate to 'https://stars-stage.hawk.ru:8080' successfully

2022-04-05 10:28:17 - [TEST_STEP][PASSED] - setText(findTestObject("Object Repository/manager/Page_/input__sc-lnrBVv eqPACj"), player_login): Text 'dima.vlasenko18@mail.ru' is set on object 'Object Repository/manager/Page_/input__sc-lnrBVv eqPACj'

2022-04-05 10:28:22 - [MESSAGE][PASSED] - Text 'dima.vlasenko18@mail.ru' is set on object 'Object Repository/manager/Page_/input__sc-lnrBVv eqPACj'

2022-04-05 10:28:22 - [TEST_STEP][PASSED] - setText(findTestObject("Object Repository/manager/Page_/input__sc-lnrBVv eqPACj_1"), player_password): Text 'dima.vlasenko18' is set on object 'Object Repository/manager/Page_/input__sc-lnrBVv eqPACj_1'

2022-04-05 10:28:26 - [MESSAGE][PASSED] - Text 'dima.vlasenko18' is set on object 'Object Repository/manager/Page_/input__sc-lnrBVv eqPACj_1'

2022-04-05 10:28:26 - [TEST_STEP][PASSED] - click(findTestObject("manager/Page_/go")): Object: 'Object Repository/manager/Page_/go' is clicked on

2022-04-05 10:28:28 - [MESSAGE][PASSED] - Object: 'Object Repository/manager/Page_/go' is clicked on

2022-04-05 10:28:28 - [MESSAGE][PASSED] - Call Test Case 'Test Cases/Игрок/Авторизация' successfully

2022-04-05 10:28:28 - [TEST_STEP][PASSED] - click(findTestObject("Avangard New/Object (Игрок)/Case (Отчеты)/report")): Object: 'Object Repository/Avangard New/Object (Игрок)/Case (Отчеты)/report' is clicked on

2022-04-05 10:28:55 - [MESSAGE][PASSED] - Object: 'Object Repository/Avangard New/Object (Игрок)/Case (Отчеты)/report' is clicked on

2022-04-05 10:28:55 - [TEST_STEP][PASSED] - click(findTestObject("Avangard New/Object (Игрок)/Case (Отчеты)/psixolog")): Object: 'Object Repository/Avangard New/Object (Игрок)/Case (Отчеты)/psixolog' is clicked on

2022-04-05 10:28:58 - [MESSAGE][PASSED] - Object: 'Object Repository/Avangard New/Object (Игрок)/Case (Отчеты)/psixolog' is clicked on

2022-04-05 10:28:58 - [TEST_STEP][PASSED] - if (verifyElementText(findTestObject("Avangard New/Object (Игрок)/Case (Отчеты)/div_ganin"), "Ганин Данила", OPTIONAL) == true): Actual text 'Власенко Дмитрий' and expected text 'Ганин Данила' of test object 'Object Repository/Avangard New/Object (Игрок)/Case (Отчеты)/div_ganin' are NOT matched. (Root cause: com.kms.katalon.core.exception.StepFailedException: Actual text 'Власенко Дмитрий' and expected text 'Ганин Данила' of test object 'Object Repository/Avangard New/Object (Игрок)/Case (Отчеты)/div_ganin' are NOT matched.
	at com.kms.katalon.core.webui.keyword.internal.WebUIKeywordMain.stepFailed(WebUIKeywordMain.groovy:64)
	at com.kms.katalon.core.webui.keyword.builtin.VerifyElementTextKeyword$_verifyElementText_closure1.doCall(VerifyElementTextKeyword.groovy:57)
	at com.kms.katalon.core.webui.keyword.builtin.VerifyElementTextKeyword$_verifyElementText_closure1.call(VerifyElementTextKeyword.groovy)
	at com.kms.katalon.core.webui.keyword.internal.WebUIKeywordMain.runKeyword(WebUIKeywordMain.groovy:20)
	at com.kms.katalon.core.webui.keyword.builtin.VerifyElementTextKeyword.verifyElementText(VerifyElementTextKeyword.groovy:72)
	at com.kms.katalon.core.webui.keyword.builtin.VerifyElementTextKeyword.execute(VerifyElementTextKeyword.groovy:40)
	at com.kms.katalon.core.keyword.internal.KeywordExecutor.executeKeywordForPlatform(KeywordExecutor.groovy:74)
	at com.kms.katalon.core.webui.keyword.WebUiBuiltInKeywords.verifyElementText(WebUiBuiltInKeywords.groovy:4733)
	at com.kms.katalon.core.webui.keyword.WebUiBuiltInKeywords$verifyElementText$4.call(Unknown Source)
	at Отчеты психофиз профиля.run(Отчеты психофиз профиля:28)
	at com.kms.katalon.core.main.ScriptEngine.run(ScriptEngine.java:194)
	at com.kms.katalon.core.main.ScriptEngine.runScriptAsRawText(ScriptEngine.java:119)
	at com.kms.katalon.core.main.TestCaseExecutor.runScript(TestCaseExecutor.java:442)
	at com.kms.katalon.core.main.TestCaseExecutor.doExecute(TestCaseExecutor.java:433)
	at com.kms.katalon.core.main.TestCaseExecutor.processExecutionPhase(TestCaseExecutor.java:412)
	at com.kms.katalon.core.main.TestCaseExecutor.accessMainPhase(TestCaseExecutor.java:404)
	at com.kms.katalon.core.main.TestCaseExecutor.execute(TestCaseExecutor.java:281)
	at com.kms.katalon.core.main.TestSuiteExecutor.accessTestCaseMainPhase(TestSuiteExecutor.java:202)
	at com.kms.katalon.core.main.TestSuiteExecutor.accessTestSuiteMainPhase(TestSuiteExecutor.java:164)
	at com.kms.katalon.core.main.TestSuiteExecutor.execute(TestSuiteExecutor.java:105)
	at com.kms.katalon.core.main.TestCaseMain.startTestSuite(TestCaseMain.java:185)
	at com.kms.katalon.core.main.TestCaseMain$startTestSuite$0.call(Unknown Source)
	at TempTestSuite1649143160361.run(TempTestSuite1649143160361.groovy:36)
)

2022-04-05 10:29:30 - [MESSAGE][INFO] - Unable to find the element located by 'By.xpath: //div[(text() = 'Ганин Данила' or . = 'Ганин Данила')]'. Please recheck the objects properties to make sure the desired element is located. 

2022-04-05 10:29:30 - [MESSAGE][WARNING] - [SELF-HEALING] Failed to find element with id 'Object Repository/Avangard New/Object (Игрок)/Case (Отчеты)/div_ganin'. Try using Self-healing.

2022-04-05 10:29:31 - [MESSAGE][INFO] - [SELF-HEALING] Working Locator: '//div[@id='root']/div/div/div/div/div[2]/div/div[3]/div/div/div[2]/div/div/div/div'.

2022-04-05 10:29:32 - [MESSAGE][INFO] - [SELF-HEALING] Screenshot: C:/Users/LENOVO/Katalon Studio/Avangard/Reports/Self-healing/Object Repository/Avangard New/Object (Игрок)/Case (Отчеты)/div_ganin_idRelative.png

2022-04-05 10:29:32 - [MESSAGE][WARNING] - [SELF-HEALING] The current locator of test object 'Object Repository/Avangard New/Object (Игрок)/Case (Отчеты)/div_ganin' was broken. Propose an alternative one: '//div[@id='root']/div/div/div/div/div[2]/div/div[3]/div/div/div[2]/div/div/div/div'.

2022-04-05 10:29:35 - [MESSAGE][WARNING] - Actual text 'Власенко Дмитрий' and expected text 'Ганин Данила' of test object 'Object Repository/Avangard New/Object (Игрок)/Case (Отчеты)/div_ganin' are NOT matched. (Root cause: com.kms.katalon.core.exception.StepFailedException: Actual text 'Власенко Дмитрий' and expected text 'Ганин Данила' of test object 'Object Repository/Avangard New/Object (Игрок)/Case (Отчеты)/div_ganin' are NOT matched.
	at com.kms.katalon.core.webui.keyword.internal.WebUIKeywordMain.stepFailed(WebUIKeywordMain.groovy:64)
	at com.kms.katalon.core.webui.keyword.builtin.VerifyElementTextKeyword$_verifyElementText_closure1.doCall(VerifyElementTextKeyword.groovy:57)
	at com.kms.katalon.core.webui.keyword.builtin.VerifyElementTextKeyword$_verifyElementText_closure1.call(VerifyElementTextKeyword.groovy)
	at com.kms.katalon.core.webui.keyword.internal.WebUIKeywordMain.runKeyword(WebUIKeywordMain.groovy:20)
	at com.kms.katalon.core.webui.keyword.builtin.VerifyElementTextKeyword.verifyElementText(VerifyElementTextKeyword.groovy:72)
	at com.kms.katalon.core.webui.keyword.builtin.VerifyElementTextKeyword.execute(VerifyElementTextKeyword.groovy:40)
	at com.kms.katalon.core.keyword.internal.KeywordExecutor.executeKeywordForPlatform(KeywordExecutor.groovy:74)
	at com.kms.katalon.core.webui.keyword.WebUiBuiltInKeywords.verifyElementText(WebUiBuiltInKeywords.groovy:4733)
	at com.kms.katalon.core.webui.keyword.WebUiBuiltInKeywords$verifyElementText$4.call(Unknown Source)
	at Отчеты психофиз профиля.run(Отчеты психофиз профиля:28)
	at com.kms.katalon.core.main.ScriptEngine.run(ScriptEngine.java:194)
	at com.kms.katalon.core.main.ScriptEngine.runScriptAsRawText(ScriptEngine.java:119)
	at com.kms.katalon.core.main.TestCaseExecutor.runScript(TestCaseExecutor.java:442)
	at com.kms.katalon.core.main.TestCaseExecutor.doExecute(TestCaseExecutor.java:433)
	at com.kms.katalon.core.main.TestCaseExecutor.processExecutionPhase(TestCaseExecutor.java:412)
	at com.kms.katalon.core.main.TestCaseExecutor.accessMainPhase(TestCaseExecutor.java:404)
	at com.kms.katalon.core.main.TestCaseExecutor.execute(TestCaseExecutor.java:281)
	at com.kms.katalon.core.main.TestSuiteExecutor.accessTestCaseMainPhase(TestSuiteExecutor.java:202)
	at com.kms.katalon.core.main.TestSuiteExecutor.accessTestSuiteMainPhase(TestSuiteExecutor.java:164)
	at com.kms.katalon.core.main.TestSuiteExecutor.execute(TestSuiteExecutor.java:105)
	at com.kms.katalon.core.main.TestCaseMain.startTestSuite(TestCaseMain.java:185)
	at com.kms.katalon.core.main.TestCaseMain$startTestSuite$0.call(Unknown Source)
	at TempTestSuite1649143160361.run(TempTestSuite1649143160361.groovy:36)
)
[[ATTACHMENT|C:\\Users\\LENOVO\\Katalon Studio\\Avangard\\Reports\\20220405_101904\\\u0418\u0433\u0440\u043E\u043A\\20220405_101920\\1649143773365.png]]

2022-04-05 10:29:35 - [TEST_STEP][PASSED] - else: Object: 'Object Repository/Avangard New/Object (Игрок)/Case (Отчеты)/div_26.08.2021' is clicked on

2022-04-05 10:29:35 - [TEST_STEP][PASSED] - click(findTestObject("Avangard New/Object (Игрок)/Case (Отчеты)/div_date report")): Object: 'Object Repository/Avangard New/Object (Игрок)/Case (Отчеты)/div_date report' is clicked on

2022-04-05 10:29:37 - [MESSAGE][PASSED] - Object: 'Object Repository/Avangard New/Object (Игрок)/Case (Отчеты)/div_date report' is clicked on

2022-04-05 10:29:37 - [TEST_STEP][PASSED] - click(findTestObject("Avangard New/Object (Игрок)/Case (Отчеты)/div_26.08.2021")): Object: 'Object Repository/Avangard New/Object (Игрок)/Case (Отчеты)/div_26.08.2021' is clicked on

2022-04-05 10:29:39 - [MESSAGE][PASSED] - Object: 'Object Repository/Avangard New/Object (Игрок)/Case (Отчеты)/div_26.08.2021' is clicked on

2022-04-05 10:29:39 - [TEST_STEP][NOT_RUN] - verifyElementText(findTestObject("Avangard New/Object (Игрок)/Case (Отчеты)/div_ganin"), "Ганин Данила"): NOT_RUN: verifyElementText(findTestObject("Avangard New/Object (Игрок)/Case (Отчеты)/div_ganin"), "Ганин Данила")

2022-04-05 10:29:39 - [MESSAGE][NOT_RUN] - NOT_RUN: verifyElementText(findTestObject("Avangard New/Object (Игрок)/Case (Отчеты)/div_ganin"), "Ганин Данила")

2022-04-05 10:29:39 - [TEST_STEP][PASSED] - scrollToElement(findTestObject("Avangard New/Object (Игрок)/Case (Отчеты)/reaction easy"), 0): Scroll to object 'Object Repository/Avangard New/Object (Игрок)/Case (Отчеты)/reaction easy' successfully

2022-04-05 10:29:39 - [MESSAGE][WARNING] - Timeout '0' is invalid. Using default page load timeout: '30'

2022-04-05 10:29:42 - [MESSAGE][PASSED] - Scroll to object 'Object Repository/Avangard New/Object (Игрок)/Case (Отчеты)/reaction easy' successfully

2022-04-05 10:29:42 - [TEST_STEP][PASSED] - verifyElementText(findTestObject("Avangard New/Object (Игрок)/Case (Отчеты)/reaction easy"), "Реакция на простой стимул"): Actual text and expected text of test object 'Object Repository/Avangard New/Object (Игрок)/Case (Отчеты)/reaction easy' are matched.

2022-04-05 10:29:44 - [MESSAGE][PASSED] - Actual text and expected text of test object 'Object Repository/Avangard New/Object (Игрок)/Case (Отчеты)/reaction easy' are matched.

2022-04-05 10:29:44 - [TEST_STEP][PASSED] - verifyElementText(findTestObject("Avangard New/Object (Игрок)/Case (Отчеты)/reaction hard"), "Реакция на сложный стимул"): Actual text and expected text of test object 'Object Repository/Avangard New/Object (Игрок)/Case (Отчеты)/reaction hard' are matched.

2022-04-05 10:29:46 - [MESSAGE][PASSED] - Actual text and expected text of test object 'Object Repository/Avangard New/Object (Игрок)/Case (Отчеты)/reaction hard' are matched.

2022-04-05 10:29:46 - [TEST_STEP][PASSED] - scrollToElement(findTestObject("Avangard New/Object (Игрок)/Case (Отчеты)/button burg date (1)"), 0): Scroll to object 'Object Repository/Avangard New/Object (Игрок)/Case (Отчеты)/button burg date (1)' successfully

2022-04-05 10:29:47 - [MESSAGE][WARNING] - Timeout '0' is invalid. Using default page load timeout: '30'

2022-04-05 10:29:49 - [MESSAGE][PASSED] - Scroll to object 'Object Repository/Avangard New/Object (Игрок)/Case (Отчеты)/button burg date (1)' successfully

2022-04-05 10:29:49 - [TEST_STEP][PASSED] - click(findTestObject("Avangard New/Object (Игрок)/Case (Отчеты)/tab")): Object: 'Object Repository/Avangard New/Object (Игрок)/Case (Отчеты)/tab' is clicked on

2022-04-05 10:29:51 - [MESSAGE][PASSED] - Object: 'Object Repository/Avangard New/Object (Игрок)/Case (Отчеты)/tab' is clicked on

2022-04-05 10:29:51 - [TEST_STEP][PASSED] - if (verifyElementText(findTestObject("Avangard New/Object (Игрок)/Case (Отчеты)/div_ganin"), "Ганин Данила", OPTIONAL) == true): Actual text 'Власенко Дмитрий' and expected text 'Ганин Данила' of test object 'Object Repository/Avangard New/Object (Игрок)/Case (Отчеты)/div_ganin' are NOT matched. (Root cause: com.kms.katalon.core.exception.StepFailedException: Actual text 'Власенко Дмитрий' and expected text 'Ганин Данила' of test object 'Object Repository/Avangard New/Object (Игрок)/Case (Отчеты)/div_ganin' are NOT matched.
	at com.kms.katalon.core.webui.keyword.internal.WebUIKeywordMain.stepFailed(WebUIKeywordMain.groovy:64)
	at com.kms.katalon.core.webui.keyword.builtin.VerifyElementTextKeyword$_verifyElementText_closure1.doCall(VerifyElementTextKeyword.groovy:57)
	at com.kms.katalon.core.webui.keyword.builtin.VerifyElementTextKeyword$_verifyElementText_closure1.call(VerifyElementTextKeyword.groovy)
	at com.kms.katalon.core.webui.keyword.internal.WebUIKeywordMain.runKeyword(WebUIKeywordMain.groovy:20)
	at com.kms.katalon.core.webui.keyword.builtin.VerifyElementTextKeyword.verifyElementText(VerifyElementTextKeyword.groovy:72)
	at com.kms.katalon.core.webui.keyword.builtin.VerifyElementTextKeyword.execute(VerifyElementTextKeyword.groovy:40)
	at com.kms.katalon.core.keyword.internal.KeywordExecutor.executeKeywordForPlatform(KeywordExecutor.groovy:74)
	at com.kms.katalon.core.webui.keyword.WebUiBuiltInKeywords.verifyElementText(WebUiBuiltInKeywords.groovy:4733)
	at com.kms.katalon.core.webui.keyword.WebUiBuiltInKeywords$verifyElementText$4.call(Unknown Source)
	at Отчеты психофиз профиля.run(Отчеты психофиз профиля:55)
	at com.kms.katalon.core.main.ScriptEngine.run(ScriptEngine.java:194)
	at com.kms.katalon.core.main.ScriptEngine.runScriptAsRawText(ScriptEngine.java:119)
	at com.kms.katalon.core.main.TestCaseExecutor.runScript(TestCaseExecutor.java:442)
	at com.kms.katalon.core.main.TestCaseExecutor.doExecute(TestCaseExecutor.java:433)
	at com.kms.katalon.core.main.TestCaseExecutor.processExecutionPhase(TestCaseExecutor.java:412)
	at com.kms.katalon.core.main.TestCaseExecutor.accessMainPhase(TestCaseExecutor.java:404)
	at com.kms.katalon.core.main.TestCaseExecutor.execute(TestCaseExecutor.java:281)
	at com.kms.katalon.core.main.TestSuiteExecutor.accessTestCaseMainPhase(TestSuiteExecutor.java:202)
	at com.kms.katalon.core.main.TestSuiteExecutor.accessTestSuiteMainPhase(TestSuiteExecutor.java:164)
	at com.kms.katalon.core.main.TestSuiteExecutor.execute(TestSuiteExecutor.java:105)
	at com.kms.katalon.core.main.TestCaseMain.startTestSuite(TestCaseMain.java:185)
	at com.kms.katalon.core.main.TestCaseMain$startTestSuite$0.call(Unknown Source)
	at TempTestSuite1649143160361.run(TempTestSuite1649143160361.groovy:36)
)

2022-04-05 10:30:23 - [MESSAGE][INFO] - Unable to find the element located by 'By.xpath: //div[(text() = 'Ганин Данила' or . = 'Ганин Данила')]'. Please recheck the objects properties to make sure the desired element is located. 

2022-04-05 10:30:23 - [MESSAGE][WARNING] - [SELF-HEALING] Failed to find element with id 'Object Repository/Avangard New/Object (Игрок)/Case (Отчеты)/div_ganin'. Try using Self-healing.

2022-04-05 10:30:24 - [MESSAGE][WARNING] - [SELF-HEALING] The current locator of test object 'Object Repository/Avangard New/Object (Игрок)/Case (Отчеты)/div_ganin' was broken. Propose an alternative one: '//div[@id='root']/div/div/div/div/div[2]/div/div[3]/div/div/div[2]/div/div/div/div'.

2022-04-05 10:30:26 - [MESSAGE][WARNING] - Actual text 'Власенко Дмитрий' and expected text 'Ганин Данила' of test object 'Object Repository/Avangard New/Object (Игрок)/Case (Отчеты)/div_ganin' are NOT matched. (Root cause: com.kms.katalon.core.exception.StepFailedException: Actual text 'Власенко Дмитрий' and expected text 'Ганин Данила' of test object 'Object Repository/Avangard New/Object (Игрок)/Case (Отчеты)/div_ganin' are NOT matched.
	at com.kms.katalon.core.webui.keyword.internal.WebUIKeywordMain.stepFailed(WebUIKeywordMain.groovy:64)
	at com.kms.katalon.core.webui.keyword.builtin.VerifyElementTextKeyword$_verifyElementText_closure1.doCall(VerifyElementTextKeyword.groovy:57)
	at com.kms.katalon.core.webui.keyword.builtin.VerifyElementTextKeyword$_verifyElementText_closure1.call(VerifyElementTextKeyword.groovy)
	at com.kms.katalon.core.webui.keyword.internal.WebUIKeywordMain.runKeyword(WebUIKeywordMain.groovy:20)
	at com.kms.katalon.core.webui.keyword.builtin.VerifyElementTextKeyword.verifyElementText(VerifyElementTextKeyword.groovy:72)
	at com.kms.katalon.core.webui.keyword.builtin.VerifyElementTextKeyword.execute(VerifyElementTextKeyword.groovy:40)
	at com.kms.katalon.core.keyword.internal.KeywordExecutor.executeKeywordForPlatform(KeywordExecutor.groovy:74)
	at com.kms.katalon.core.webui.keyword.WebUiBuiltInKeywords.verifyElementText(WebUiBuiltInKeywords.groovy:4733)
	at com.kms.katalon.core.webui.keyword.WebUiBuiltInKeywords$verifyElementText$4.call(Unknown Source)
	at Отчеты психофиз профиля.run(Отчеты психофиз профиля:55)
	at com.kms.katalon.core.main.ScriptEngine.run(ScriptEngine.java:194)
	at com.kms.katalon.core.main.ScriptEngine.runScriptAsRawText(ScriptEngine.java:119)
	at com.kms.katalon.core.main.TestCaseExecutor.runScript(TestCaseExecutor.java:442)
	at com.kms.katalon.core.main.TestCaseExecutor.doExecute(TestCaseExecutor.java:433)
	at com.kms.katalon.core.main.TestCaseExecutor.processExecutionPhase(TestCaseExecutor.java:412)
	at com.kms.katalon.core.main.TestCaseExecutor.accessMainPhase(TestCaseExecutor.java:404)
	at com.kms.katalon.core.main.TestCaseExecutor.execute(TestCaseExecutor.java:281)
	at com.kms.katalon.core.main.TestSuiteExecutor.accessTestCaseMainPhase(TestSuiteExecutor.java:202)
	at com.kms.katalon.core.main.TestSuiteExecutor.accessTestSuiteMainPhase(TestSuiteExecutor.java:164)
	at com.kms.katalon.core.main.TestSuiteExecutor.execute(TestSuiteExecutor.java:105)
	at com.kms.katalon.core.main.TestCaseMain.startTestSuite(TestCaseMain.java:185)
	at com.kms.katalon.core.main.TestCaseMain$startTestSuite$0.call(Unknown Source)
	at TempTestSuite1649143160361.run(TempTestSuite1649143160361.groovy:36)
)
[[ATTACHMENT|C:\\Users\\LENOVO\\Katalon Studio\\Avangard\\Reports\\20220405_101904\\\u0418\u0433\u0440\u043E\u043A\\20220405_101920\\1649143825026.png]]

2022-04-05 10:30:26 - [TEST_STEP][PASSED] - else: Object: 'Object Repository/Avangard New/Object (Игрок)/Case (Отчеты)/div_20-21' is clicked on

2022-04-05 10:30:26 - [TEST_STEP][PASSED] - click(findTestObject("Avangard New/Object (Игрок)/Case (Отчеты)/div_sezon")): Object: 'Object Repository/Avangard New/Object (Игрок)/Case (Отчеты)/div_sezon' is clicked on

2022-04-05 10:30:28 - [MESSAGE][PASSED] - Object: 'Object Repository/Avangard New/Object (Игрок)/Case (Отчеты)/div_sezon' is clicked on

2022-04-05 10:30:28 - [TEST_STEP][PASSED] - click(findTestObject("Avangard New/Object (Игрок)/Case (Отчеты)/div_20-21")): Object: 'Object Repository/Avangard New/Object (Игрок)/Case (Отчеты)/div_20-21' is clicked on

2022-04-05 10:30:30 - [MESSAGE][PASSED] - Object: 'Object Repository/Avangard New/Object (Игрок)/Case (Отчеты)/div_20-21' is clicked on

2022-04-05 10:30:30 - [TEST_STEP][PASSED] - scrollToElement(findTestObject("Avangard New/Object (Игрок)/Case (Отчеты)/xarakteristika"), 0): Scroll to object 'Object Repository/Avangard New/Object (Игрок)/Case (Отчеты)/xarakteristika' successfully

2022-04-05 10:30:30 - [MESSAGE][WARNING] - Timeout '0' is invalid. Using default page load timeout: '30'

2022-04-05 10:30:32 - [MESSAGE][PASSED] - Scroll to object 'Object Repository/Avangard New/Object (Игрок)/Case (Отчеты)/xarakteristika' successfully

2022-04-05 10:30:32 - [TEST_STEP][PASSED] - verifyElementText(findTestObject("Avangard New/Object (Игрок)/Case (Отчеты)/xarakteristika"), "Экстраверсия"): Actual text and expected text of test object 'Object Repository/Avangard New/Object (Игрок)/Case (Отчеты)/xarakteristika' are matched.

2022-04-05 10:30:34 - [MESSAGE][PASSED] - Actual text and expected text of test object 'Object Repository/Avangard New/Object (Игрок)/Case (Отчеты)/xarakteristika' are matched.

2022-04-05 10:30:34 - [TEST_STEP][PASSED] - verifyElementText(findTestObject("Avangard New/Object (Игрок)/Case (Отчеты)/xarakteristika 2"), "Спонтанность"): Actual text and expected text of test object 'Object Repository/Avangard New/Object (Игрок)/Case (Отчеты)/xarakteristika 2' are matched.

2022-04-05 10:30:36 - [MESSAGE][PASSED] - Actual text and expected text of test object 'Object Repository/Avangard New/Object (Игрок)/Case (Отчеты)/xarakteristika 2' are matched.

2022-04-05 10:30:36 - [TEST_STEP][PASSED] - click(findTestObject("Avangard New/Object (Игрок)/Case (Отчеты)/home g (1)")): Object: 'Object Repository/Avangard New/Object (Игрок)/Case (Отчеты)/home g (1)' is clicked on

2022-04-05 10:30:38 - [MESSAGE][PASSED] - Object: 'Object Repository/Avangard New/Object (Игрок)/Case (Отчеты)/home g (1)' is clicked on

2022-04-05 10:30:38 - [TEST_STEP][PASSED] - closeBrowser(): Browser is closed

2022-04-05 10:30:39 - [MESSAGE][PASSED] - Browser is closed]]></system-out>
         <system-err><![CDATA[]]></system-err>
      </testcase>
      <testcase name="Test Cases/Игрок/Отчет по навыкам" time="310.192" classname="Test Cases/Игрок/Отчет по навыкам" status="PASSED">
         <system-out><![CDATA[2022-04-05 10:30:39 - [TEST_CASE][PASSED] - Test Cases/Игрок/Отчет по навыкам: Test Cases/Игрок/Отчет по навыкам

2022-04-05 10:30:39 - [TEST_STEP][PASSED] - callTestCase(findTestCase("Игрок/Авторизация"), [:], STOP_ON_FAILURE): Call Test Case 'Test Cases/Игрок/Авторизация' successfully

2022-04-05 10:30:39 - [TEST_CASE][PASSED] - Test Cases/Игрок/Авторизация: Test Cases/Игрок/Авторизация

2022-04-05 10:30:39 - [TEST_STEP][PASSED] - openBrowser(""): Browser is opened with url: ''

2022-04-05 10:30:39 - [MESSAGE][INFO] - User set preference: ['os', 'linux']

2022-04-05 10:30:39 - [MESSAGE][INFO] - User set preference: ['browserName', 'chrome']

2022-04-05 10:30:39 - [MESSAGE][INFO] - User set preference: ['browserVersion', '97']

2022-04-05 10:30:39 - [MESSAGE][INFO] - User set preference: ['katalon:option', '{organizationId=632442, tunnelId=, usingTunnel=false}']

2022-04-05 10:30:39 - [MESSAGE][INFO] - Connecting to remote web server 'testcloud.katalon.com/hub' with type 'Selenium'

2022-04-05 10:30:39 - [MESSAGE][INFO] - Action delay is set to 100 milliseconds

2022-04-05 10:35:10 - [MESSAGE][PASSED] - Browser is opened with url: ''

2022-04-05 10:35:10 - [TEST_STEP][PASSED] - maximizeWindow(): Current window maximized

2022-04-05 10:35:11 - [MESSAGE][PASSED] - Current window maximized

2022-04-05 10:35:11 - [TEST_STEP][PASSED] - navigateToUrl(url): Navigate to 'https://stars-stage.hawk.ru:8080' successfully

2022-04-05 10:35:16 - [MESSAGE][PASSED] - Navigate to 'https://stars-stage.hawk.ru:8080' successfully

2022-04-05 10:35:16 - [TEST_STEP][PASSED] - setText(findTestObject("Object Repository/manager/Page_/input__sc-lnrBVv eqPACj"), player_login): Text 'dima.vlasenko18@mail.ru' is set on object 'Object Repository/manager/Page_/input__sc-lnrBVv eqPACj'

2022-04-05 10:35:21 - [MESSAGE][PASSED] - Text 'dima.vlasenko18@mail.ru' is set on object 'Object Repository/manager/Page_/input__sc-lnrBVv eqPACj'

2022-04-05 10:35:21 - [TEST_STEP][PASSED] - setText(findTestObject("Object Repository/manager/Page_/input__sc-lnrBVv eqPACj_1"), player_password): Text 'dima.vlasenko18' is set on object 'Object Repository/manager/Page_/input__sc-lnrBVv eqPACj_1'

2022-04-05 10:35:25 - [MESSAGE][PASSED] - Text 'dima.vlasenko18' is set on object 'Object Repository/manager/Page_/input__sc-lnrBVv eqPACj_1'

2022-04-05 10:35:25 - [TEST_STEP][PASSED] - click(findTestObject("manager/Page_/go")): Object: 'Object Repository/manager/Page_/go' is clicked on

2022-04-05 10:35:28 - [MESSAGE][PASSED] - Object: 'Object Repository/manager/Page_/go' is clicked on

2022-04-05 10:35:28 - [MESSAGE][PASSED] - Call Test Case 'Test Cases/Игрок/Авторизация' successfully

2022-04-05 10:35:28 - [TEST_STEP][PASSED] - click(findTestObject("Object Repository/Avangard New/Object (Игрок)/Case (Отчеты по навыкам)/span_reports")): Object: 'Object Repository/Avangard New/Object (Игрок)/Case (Отчеты по навыкам)/span_reports' is clicked on

2022-04-05 10:35:42 - [MESSAGE][PASSED] - Object: 'Object Repository/Avangard New/Object (Игрок)/Case (Отчеты по навыкам)/span_reports' is clicked on

2022-04-05 10:35:42 - [TEST_STEP][PASSED] - click(findTestObject("Object Repository/Avangard New/Object (Игрок)/Case (Отчеты по навыкам)/div_report_skills")): Object: 'Object Repository/Avangard New/Object (Игрок)/Case (Отчеты по навыкам)/div_report_skills' is clicked on

2022-04-05 10:35:44 - [MESSAGE][PASSED] - Object: 'Object Repository/Avangard New/Object (Игрок)/Case (Отчеты по навыкам)/div_report_skills' is clicked on

2022-04-05 10:35:44 - [TEST_STEP][PASSED] - verifyElementVisible(findTestObject("Object Repository/Avangard New/Object (Игрок)/Case (Отчеты по навыкам)/div_10")): Object 'Object Repository/Avangard New/Object (Игрок)/Case (Отчеты по навыкам)/div_10' is visible

2022-04-05 10:35:47 - [MESSAGE][PASSED] - Object 'Object Repository/Avangard New/Object (Игрок)/Case (Отчеты по навыкам)/div_10' is visible

2022-04-05 10:35:47 - [TEST_STEP][PASSED] - verifyElementText(findTestObject("Avangard New/Object (Игрок)/Case (Отчеты по навыкам)/div_name"), player_for_test): Actual text and expected text of test object 'Object Repository/Avangard New/Object (Игрок)/Case (Отчеты по навыкам)/div_name' are matched.

2022-04-05 10:35:49 - [MESSAGE][PASSED] - Actual text and expected text of test object 'Object Repository/Avangard New/Object (Игрок)/Case (Отчеты по навыкам)/div_name' are matched.]]></system-out>
         <system-err><![CDATA[]]></system-err>
      </testcase>
      <testcase name="Test Cases/Игрок/Оценка навыков" time="330.271" classname="Test Cases/Игрок/Оценка навыков" status="PASSED">
         <system-out><![CDATA[2022-04-05 10:35:49 - [TEST_CASE][PASSED] - Test Cases/Игрок/Оценка навыков: Test Cases/Игрок/Оценка навыков

2022-04-05 10:35:50 - [TEST_STEP][PASSED] - callTestCase(findTestCase("Игрок/Авторизация"), [:], STOP_ON_FAILURE): Call Test Case 'Test Cases/Игрок/Авторизация' successfully

2022-04-05 10:35:50 - [TEST_CASE][PASSED] - Test Cases/Игрок/Авторизация: Test Cases/Игрок/Авторизация

2022-04-05 10:35:50 - [TEST_STEP][PASSED] - openBrowser(""): Browser is opened with url: ''

2022-04-05 10:35:50 - [MESSAGE][WARNING] - A browser is already opened. Closing browser and opening a new one

2022-04-05 10:35:51 - [MESSAGE][INFO] - User set preference: ['os', 'linux']

2022-04-05 10:35:51 - [MESSAGE][INFO] - User set preference: ['browserName', 'chrome']

2022-04-05 10:35:51 - [MESSAGE][INFO] - User set preference: ['browserVersion', '97']

2022-04-05 10:35:51 - [MESSAGE][INFO] - User set preference: ['katalon:option', '{organizationId=632442, tunnelId=, usingTunnel=false}']

2022-04-05 10:35:51 - [MESSAGE][INFO] - Connecting to remote web server 'testcloud.katalon.com/hub' with type 'Selenium'

2022-04-05 10:35:51 - [MESSAGE][INFO] - Action delay is set to 100 milliseconds

2022-04-05 10:40:10 - [MESSAGE][PASSED] - Browser is opened with url: ''

2022-04-05 10:40:10 - [TEST_STEP][PASSED] - maximizeWindow(): Current window maximized

2022-04-05 10:40:11 - [MESSAGE][PASSED] - Current window maximized

2022-04-05 10:40:11 - [TEST_STEP][PASSED] - navigateToUrl(url): Navigate to 'https://stars-stage.hawk.ru:8080' successfully

2022-04-05 10:40:18 - [MESSAGE][PASSED] - Navigate to 'https://stars-stage.hawk.ru:8080' successfully

2022-04-05 10:40:18 - [TEST_STEP][PASSED] - setText(findTestObject("Object Repository/manager/Page_/input__sc-lnrBVv eqPACj"), player_login): Text 'dima.vlasenko18@mail.ru' is set on object 'Object Repository/manager/Page_/input__sc-lnrBVv eqPACj'

2022-04-05 10:40:22 - [MESSAGE][PASSED] - Text 'dima.vlasenko18@mail.ru' is set on object 'Object Repository/manager/Page_/input__sc-lnrBVv eqPACj'

2022-04-05 10:40:22 - [TEST_STEP][PASSED] - setText(findTestObject("Object Repository/manager/Page_/input__sc-lnrBVv eqPACj_1"), player_password): Text 'dima.vlasenko18' is set on object 'Object Repository/manager/Page_/input__sc-lnrBVv eqPACj_1'

2022-04-05 10:40:27 - [MESSAGE][PASSED] - Text 'dima.vlasenko18' is set on object 'Object Repository/manager/Page_/input__sc-lnrBVv eqPACj_1'

2022-04-05 10:40:27 - [TEST_STEP][PASSED] - click(findTestObject("manager/Page_/go")): Object: 'Object Repository/manager/Page_/go' is clicked on

2022-04-05 10:40:29 - [MESSAGE][PASSED] - Object: 'Object Repository/manager/Page_/go' is clicked on

2022-04-05 10:40:29 - [MESSAGE][PASSED] - Call Test Case 'Test Cases/Игрок/Авторизация' successfully

2022-04-05 10:40:29 - [TEST_STEP][PASSED] - click(findTestObject("Avangard New/Object (Игрок)/Case (Оценка навыков)/skill")): Object: 'Object Repository/Avangard New/Object (Игрок)/Case (Оценка навыков)/skill' is clicked on

2022-04-05 10:40:42 - [MESSAGE][PASSED] - Object: 'Object Repository/Avangard New/Object (Игрок)/Case (Оценка навыков)/skill' is clicked on

2022-04-05 10:40:42 - [TEST_STEP][PASSED] - click(findTestObject("Object Repository/Avangard New/Object (Игрок)/Case (Оценка навыков)/span_1")): Object: 'Object Repository/Avangard New/Object (Игрок)/Case (Оценка навыков)/span_1' is clicked on

2022-04-05 10:40:46 - [MESSAGE][PASSED] - Object: 'Object Repository/Avangard New/Object (Игрок)/Case (Оценка навыков)/span_1' is clicked on

2022-04-05 10:40:46 - [TEST_STEP][PASSED] - verifyElementText(findTestObject("Avangard New/Object (Игрок)/Case (Оценка навыков)/fast fast"), "Ускорение"): Actual text and expected text of test object 'Object Repository/Avangard New/Object (Игрок)/Case (Оценка навыков)/fast fast' are matched.

2022-04-05 10:40:49 - [MESSAGE][PASSED] - Actual text and expected text of test object 'Object Repository/Avangard New/Object (Игрок)/Case (Оценка навыков)/fast fast' are matched.

2022-04-05 10:40:49 - [TEST_STEP][PASSED] - scrollToElement(findTestObject("Avangard New/Object (Игрок)/Case (Оценка навыков)/button_save"), 0): Scroll to object 'Object Repository/Avangard New/Object (Игрок)/Case (Оценка навыков)/button_save' successfully

2022-04-05 10:40:49 - [MESSAGE][WARNING] - Timeout '0' is invalid. Using default page load timeout: '30'

2022-04-05 10:40:51 - [MESSAGE][PASSED] - Scroll to object 'Object Repository/Avangard New/Object (Игрок)/Case (Оценка навыков)/button_save' successfully

2022-04-05 10:40:51 - [TEST_STEP][PASSED] - click(findTestObject("Avangard New/Object (Игрок)/Case (Оценка навыков)/button_save")): Object: 'Object Repository/Avangard New/Object (Игрок)/Case (Оценка навыков)/button_save' is clicked on

2022-04-05 10:40:53 - [MESSAGE][PASSED] - Object: 'Object Repository/Avangard New/Object (Игрок)/Case (Оценка навыков)/button_save' is clicked on

2022-04-05 10:40:53 - [TEST_STEP][PASSED] - verifyElementText(findTestObject("Avangard New/Object (Игрок)/Case (Оценка навыков)/alert skill"), "Оценки успешно сохранены."): Actual text and expected text of test object 'Object Repository/Avangard New/Object (Игрок)/Case (Оценка навыков)/alert skill' are matched.

2022-04-05 10:40:56 - [MESSAGE][PASSED] - Actual text and expected text of test object 'Object Repository/Avangard New/Object (Игрок)/Case (Оценка навыков)/alert skill' are matched.

2022-04-05 10:40:56 - [TEST_STEP][PASSED] - click(findTestObject("Object Repository/Avangard New/Object (Игрок)/Case (Оценка навыков)/report")): Object: 'Object Repository/Avangard New/Object (Игрок)/Case (Оценка навыков)/report' is clicked on

2022-04-05 10:40:58 - [MESSAGE][PASSED] - Object: 'Object Repository/Avangard New/Object (Игрок)/Case (Оценка навыков)/report' is clicked on

2022-04-05 10:40:58 - [TEST_STEP][PASSED] - click(findTestObject("Object Repository/Avangard New/Object (Игрок)/Case (Оценка навыков)/repor skill")): Object: 'Object Repository/Avangard New/Object (Игрок)/Case (Оценка навыков)/repor skill' is clicked on

2022-04-05 10:41:01 - [MESSAGE][PASSED] - Object: 'Object Repository/Avangard New/Object (Игрок)/Case (Оценка навыков)/repor skill' is clicked on

2022-04-05 10:41:01 - [TEST_STEP][PASSED] - verifyElementText(findTestObject("Avangard New/Object (Игрок)/Case (Оценка навыков)/div_1"), "1"): Actual text and expected text of test object 'Object Repository/Avangard New/Object (Игрок)/Case (Оценка навыков)/div_1' are matched.

2022-04-05 10:41:04 - [MESSAGE][PASSED] - Actual text and expected text of test object 'Object Repository/Avangard New/Object (Игрок)/Case (Оценка навыков)/div_1' are matched.

2022-04-05 10:41:04 - [TEST_STEP][PASSED] - verifyElementText(findTestObject("Avangard New/Object (Игрок)/Case (Оценка навыков)/div_katanie"), "Катание"): Actual text and expected text of test object 'Object Repository/Avangard New/Object (Игрок)/Case (Оценка навыков)/div_katanie' are matched.

2022-04-05 10:41:06 - [MESSAGE][PASSED] - Actual text and expected text of test object 'Object Repository/Avangard New/Object (Игрок)/Case (Оценка навыков)/div_katanie' are matched.

2022-04-05 10:41:06 - [TEST_STEP][PASSED] - click(findTestObject("Avangard New/Object (Игрок)/Case (Оценка навыков)/skill")): Object: 'Object Repository/Avangard New/Object (Игрок)/Case (Оценка навыков)/skill' is clicked on

2022-04-05 10:41:09 - [MESSAGE][PASSED] - Object: 'Object Repository/Avangard New/Object (Игрок)/Case (Оценка навыков)/skill' is clicked on

2022-04-05 10:41:09 - [TEST_STEP][PASSED] - click(findTestObject("Object Repository/Avangard New/Object (Игрок)/Case (Оценка навыков)/span_8")): Object: 'Object Repository/Avangard New/Object (Игрок)/Case (Оценка навыков)/span_8' is clicked on

2022-04-05 10:41:12 - [MESSAGE][PASSED] - Object: 'Object Repository/Avangard New/Object (Игрок)/Case (Оценка навыков)/span_8' is clicked on

2022-04-05 10:41:12 - [TEST_STEP][PASSED] - scrollToElement(findTestObject("Avangard New/Object (Игрок)/Case (Оценка навыков)/button_save"), 0): Scroll to object 'Object Repository/Avangard New/Object (Игрок)/Case (Оценка навыков)/button_save' successfully

2022-04-05 10:41:12 - [MESSAGE][WARNING] - Timeout '0' is invalid. Using default page load timeout: '30'

2022-04-05 10:41:14 - [MESSAGE][PASSED] - Scroll to object 'Object Repository/Avangard New/Object (Игрок)/Case (Оценка навыков)/button_save' successfully

2022-04-05 10:41:14 - [TEST_STEP][PASSED] - click(findTestObject("Avangard New/Object (Игрок)/Case (Оценка навыков)/button_save")): Object: 'Object Repository/Avangard New/Object (Игрок)/Case (Оценка навыков)/button_save' is clicked on

2022-04-05 10:41:16 - [MESSAGE][PASSED] - Object: 'Object Repository/Avangard New/Object (Игрок)/Case (Оценка навыков)/button_save' is clicked on

2022-04-05 10:41:16 - [TEST_STEP][PASSED] - verifyElementText(findTestObject("Avangard New/Object (Игрок)/Case (Оценка навыков)/alert skill"), "Оценки успешно сохранены."): Actual text and expected text of test object 'Object Repository/Avangard New/Object (Игрок)/Case (Оценка навыков)/alert skill' are matched.

2022-04-05 10:41:19 - [MESSAGE][PASSED] - Actual text and expected text of test object 'Object Repository/Avangard New/Object (Игрок)/Case (Оценка навыков)/alert skill' are matched.]]></system-out>
         <system-err><![CDATA[]]></system-err>
      </testcase>
      <system-out><![CDATA[2022-04-05 10:19:42 - [TEST_SUITE][PASSED] - Игрок: Test Cases/Игрок/Оценка навыков]]></system-out>
      <system-err><![CDATA[]]></system-err>
   </testsuite>
   <testsuite name="Менеждер" tests="10" failures="3" errors="0" time="4549.96" skipped="0" timestamp="2022-04-05 10:19:43" hostname="LENOVO - DESKTOP-KNHN0AA" id="Test Suites/Менеждер">
      <properties>
         <property name="deviceName" value=""/>
         <property name="devicePlatform" value=""/>
         <property name="logFolder" value="C:\\Users\\LENOVO\\Katalon Studio\\Avangard\\Reports\\20220405_101904\\\u041C\u0435\u043D\u0435\u0436\u0434\u0435\u0440\\20220405_101922"/>
         <property name="logFiles" value="C:\\Users\\LENOVO\\Katalon Studio\\Avangard\\Reports\\20220405_101904\\\u041C\u0435\u043D\u0435\u0436\u0434\u0435\u0440\\20220405_101922\\execution0.log"/>
         <property name="attachments" value="C:\scr\Омские Ястребы43.jpg, C:\scr\Омские Ястребы44.jpg, C:\scr\Омские Ястребы45.jpg, C:\\Users\\LENOVO\\Katalon Studio\\Avangard\\Reports\\20220405_101904\\\u041C\u0435\u043D\u0435\u0436\u0434\u0435\u0440\\20220405_101922\\1649143629832.png, C:\scr\Омские Ястребы43.jpg, C:\scr\Омские Ястребы44.jpg, C:\scr\Омские Ястребы45.jpg, C:\\Users\\LENOVO\\Katalon Studio\\Avangard\\Reports\\20220405_101904\\\u041C\u0435\u043D\u0435\u0436\u0434\u0435\u0440\\20220405_101922\\1649143999874.png, C:\scr\Омские Ястребы43.jpg, C:\scr\Омские Ястребы44.jpg, C:\scr\Омские Ястребы45.jpg, C:\\Users\\LENOVO\\Katalon Studio\\Avangard\\Reports\\20220405_101904\\\u041C\u0435\u043D\u0435\u0436\u0434\u0435\u0440\\20220405_101922\\1649144425827.png, C:\scr\Омские Ястребы43.jpg, C:\scr\Омские Ястребы44.jpg, C:\scr\Омские Ястребы45.jpg, C:\\Users\\LENOVO\\Katalon Studio\\Avangard\\Reports\\20220405_101904\\\u041C\u0435\u043D\u0435\u0436\u0434\u0435\u0440\\20220405_101922\\1649144767839.png, C:\scr\Омские Ястребы34.jpg, C:\scr\Омские Ястребы37.jpg, C:\scr\Омские Ястребы39.jpg, C:\scr\Омские Ястребы40.jpg, C:\scr\Омские Ястребы38.jpg, C:\scr\Омские Ястребы29.jpg, C:\scr\Омские Ястребы30.jpg, C:\scr\Омские Ястребы10.jpg, C:\\Users\\LENOVO\\Katalon Studio\\Avangard\\Reports\\20220405_101904\\\u041C\u0435\u043D\u0435\u0436\u0434\u0435\u0440\\20220405_101922\\1649145909195.png, C:\scr\Омские Ястребы10.jpg, C:\\Users\\LENOVO\\Katalon Studio\\Avangard\\Reports\\20220405_101904\\\u041C\u0435\u043D\u0435\u0436\u0434\u0435\u0440\\20220405_101922\\1649146148513.png, C:\scr\Омские Ястребы10.jpg, C:\\Users\\LENOVO\\Katalon Studio\\Avangard\\Reports\\20220405_101904\\\u041C\u0435\u043D\u0435\u0436\u0434\u0435\u0440\\20220405_101922\\1649146394439.png, C:\scr\Омские Ястребы10.jpg, C:\\Users\\LENOVO\\Katalon Studio\\Avangard\\Reports\\20220405_101904\\\u041C\u0435\u043D\u0435\u0436\u0434\u0435\u0440\\20220405_101922\\1649146634513.png, C:\\Users\\LENOVO\\Katalon Studio\\Avangard\\Reports\\20220405_101904\\\u041C\u0435\u043D\u0435\u0436\u0434\u0435\u0440\\20220405_101922\\1649147189483.png, C:\\Users\\LENOVO\\Katalon Studio\\Avangard\\Reports\\20220405_101904\\\u041C\u0435\u043D\u0435\u0436\u0434\u0435\u0440\\20220405_101922\\1649147371453.png, C:\\Users\\LENOVO\\Katalon Studio\\Avangard\\Reports\\20220405_101904\\\u041C\u0435\u043D\u0435\u0436\u0434\u0435\u0440\\20220405_101922\\1649147553018.png, C:\\Users\\LENOVO\\Katalon Studio\\Avangard\\Reports\\20220405_101904\\\u041C\u0435\u043D\u0435\u0436\u0434\u0435\u0440\\20220405_101922\\1649147729739.png"/>
         <property name="hostName" value="LENOVO - DESKTOP-KNHN0AA"/>
         <property name="remoteDriverUrl" value="testcloud.katalon.com/hub"/>
         <property name="desiredCapabilities" value="{
  &quot;acceptInsecureCerts&quot;: false,
  &quot;browserName&quot;: &quot;chrome&quot;,
  &quot;browserVersion&quot;: &quot;97.0.4692.71&quot;,
  &quot;chrome&quot;: {
    &quot;chromedriverVersion&quot;: &quot;97.0.4692.71 (adefa7837d02a07a604c1e6eff0b3a09422ab88d-refs/branch-heads/4692@{#1247})&quot;,
    &quot;userDataDir&quot;: &quot;/tmp/.com.google.Chrome.Gi2gTi&quot;
  },
  &quot;goog:chromeOptions&quot;: {
    &quot;debuggerAddress&quot;: &quot;localhost:35113&quot;
  },
  &quot;javascriptEnabled&quot;: true,
  &quot;networkConnectionEnabled&quot;: false,
  &quot;pageLoadStrategy&quot;: &quot;normal&quot;,
  &quot;platform&quot;: &quot;LINUX&quot;,
  &quot;platformName&quot;: &quot;LINUX&quot;,
  &quot;proxy&quot;: {
    &quot;proxyType&quot;: &quot;DIRECT&quot;,
    &quot;autodetect&quot;: false
  },
  &quot;se:cdp&quot;: &quot;ws://172.48.59.16:4444/session/c5ccf36a1333076b0aa33499d096009c/se/cdp&quot;,
  &quot;se:cdpVersion&quot;: &quot;97.0.4692.71&quot;,
  &quot;se:vnc&quot;: &quot;ws://172.48.59.16:4444/session/c5ccf36a1333076b0aa33499d096009c/se/vnc&quot;,
  &quot;se:vncEnabled&quot;: true,
  &quot;se:vncLocalAddress&quot;: &quot;ws://172.48.59.16:7900&quot;,
  &quot;setWindowRect&quot;: true,
  &quot;strictFileInteractability&quot;: false,
  &quot;timeouts&quot;: {
    &quot;implicit&quot;: 0,
    &quot;pageLoad&quot;: 300000,
    &quot;script&quot;: 30000
  },
  &quot;unhandledPromptBehavior&quot;: &quot;dismiss and notify&quot;,
  &quot;webauthn:extension:credBlob&quot;: true,
  &quot;webauthn:extension:largeBlob&quot;: true,
  &quot;webauthn:virtualAuthenticators&quot;: true
}"/>
         <property name="os" value="Windows 10 64bit"/>
         <property name="remoteOS" value="Linux"/>
         <property name="katalonVersion" value="8.2.5.208"/>
         <property name="browser" value="Chrome 97.0.4692.71"/>
         <property name="hostAddress" value="192.168.2.114"/>
         <property name="sessionId" value="c5ccf36a1333076b0aa33499d096009c"/>
         <property name="seleniumVersion" value="3.141.59"/>
         <property name="proxyInformation" value="ProxyInformation { proxyOption=NO_PROXY, proxyServerType=HTTP, username=, password=********, proxyServerAddress=, proxyServerPort=0, executionList=&quot;&quot;, isApplyToDesiredCapabilities=true }"/>
         <property name="platform" value="Windows 10"/>
      </properties>
      <testcase name="Test Cases/Администратор/будет переделываться Школы" time="343.756" classname="Test Cases/Администратор/будет переделываться Школы" status="FAILED">
         <failure type="FAILED" message="Test Cases/Администратор/будет переделываться Школы FAILED.
Reason:
com.kms.katalon.core.exception.StepFailedException: Unable to click on object 'Object Repository/admin/school/Page_/omsk'
	at com.kms.katalon.core.webui.keyword.internal.WebUIKeywordMain.stepFailed(WebUIKeywordMain.groovy:64)
	at com.kms.katalon.core.webui.keyword.internal.WebUIKeywordMain.runKeyword(WebUIKeywordMain.groovy:26)
	at com.kms.katalon.core.webui.keyword.builtin.ClickKeyword.click(ClickKeyword.groovy:74)
	at com.kms.katalon.core.webui.keyword.builtin.ClickKeyword.execute(ClickKeyword.groovy:40)
	at com.kms.katalon.core.keyword.internal.KeywordExecutor.executeKeywordForPlatform(KeywordExecutor.groovy:74)
	at com.kms.katalon.core.webui.keyword.WebUiBuiltInKeywords.click(WebUiBuiltInKeywords.groovy:620)
	at com.kms.katalon.core.webui.keyword.WebUiBuiltInKeywords$click$3.call(Unknown Source)
	at будет переделываться Школы.run(будет переделываться Школы:45)
	at com.kms.katalon.core.main.ScriptEngine.run(ScriptEngine.java:194)
	at com.kms.katalon.core.main.ScriptEngine.runScriptAsRawText(ScriptEngine.java:119)
	at com.kms.katalon.core.main.TestCaseExecutor.runScript(TestCaseExecutor.java:442)
	at com.kms.katalon.core.main.TestCaseExecutor.doExecute(TestCaseExecutor.java:433)
	at com.kms.katalon.core.main.TestCaseExecutor.processExecutionPhase(TestCaseExecutor.java:412)
	at com.kms.katalon.core.main.TestCaseExecutor.accessMainPhase(TestCaseExecutor.java:404)
	at com.kms.katalon.core.main.TestCaseExecutor.execute(TestCaseExecutor.java:281)
	at com.kms.katalon.core.main.TestCaseExecutor.execute(TestCaseExecutor.java:363)
	at com.kms.katalon.core.main.TestCaseExecutor.execute(TestCaseExecutor.java:363)
	at com.kms.katalon.core.main.TestCaseExecutor.execute(TestCaseExecutor.java:363)
	at com.kms.katalon.core.main.TestSuiteExecutor.accessTestCaseMainPhase(TestSuiteExecutor.java:202)
	at com.kms.katalon.core.main.TestSuiteExecutor.accessTestSuiteMainPhase(TestSuiteExecutor.java:164)
	at com.kms.katalon.core.main.TestSuiteExecutor.execute(TestSuiteExecutor.java:105)
	at com.kms.katalon.core.main.TestCaseMain.startTestSuite(TestCaseMain.java:185)
	at com.kms.katalon.core.main.TestCaseMain$startTestSuite$0.call(Unknown Source)
	at TempTestSuite1649143162219.run(TempTestSuite1649143162219.groovy:36)
Caused by: org.openqa.selenium.ElementNotInteractableException: element not interactable
  (Session info: chrome=97.0.4692.71)
Build info: version: '3.141.59', revision: 'e82be7d358', time: '2018-11-14T08:25:53'
System info: host: 'DESKTOP-KNHN0AA', ip: '192.168.2.114', os.name: 'Windows 10', os.arch: 'amd64', os.version: '10.0', java.version: '1.8.0_282'
Driver info: com.kms.katalon.selenium.driver.CRemoteWebDriver
Capabilities {acceptInsecureCerts: false, browserName: chrome, browserVersion: 97.0.4692.71, chrome: {chromedriverVersion: 97.0.4692.71 (adefa7837d02a..., userDataDir: /tmp/.com.google.Chrome.4mTG5t}, goog:chromeOptions: {debuggerAddress: localhost:35673}, javascriptEnabled: true, networkConnectionEnabled: false, pageLoadStrategy: normal, platform: LINUX, platformName: LINUX, proxy: Proxy(direct), se:cdp: ws://172.48.49.75:4444/sess..., se:cdpVersion: 97.0.4692.71, se:vnc: ws://172.48.49.75:4444/sess..., se:vncEnabled: true, se:vncLocalAddress: ws://172.48.49.75:7900, setWindowRect: true, strictFileInteractability: false, timeouts: {implicit: 0, pageLoad: 300000, script: 30000}, unhandledPromptBehavior: dismiss and notify, webauthn:extension:credBlob: true, webauthn:extension:largeBlob: true, webauthn:virtualAuthenticators: true}
Session ID: a95924e6679cc2302fa5f1af7983732e
	at org.openqa.selenium.remote.http.W3CHttpResponseCodec.createException(W3CHttpResponseCodec.java:187)
	at org.openqa.selenium.remote.http.W3CHttpResponseCodec.decode(W3CHttpResponseCodec.java:122)
	at org.openqa.selenium.remote.http.W3CHttpResponseCodec.decode(W3CHttpResponseCodec.java:49)
	at org.openqa.selenium.remote.HttpCommandExecutor.execute(HttpCommandExecutor.java:158)
	at org.openqa.selenium.remote.RemoteWebDriver.execute(RemoteWebDriver.java:552)
	at com.kms.katalon.selenium.driver.CRemoteWebDriver.execute(CRemoteWebDriver.java:30)
	at org.openqa.selenium.remote.RemoteWebElement.execute(RemoteWebElement.java:285)
	at org.openqa.selenium.remote.RemoteWebElement.click(RemoteWebElement.java:84)
	at org.openqa.selenium.support.events.EventFiringWebDriver$EventFiringWebElement.lambda$new$0(EventFiringWebDriver.java:404)
	at com.sun.proxy.$Proxy11.click(Unknown Source)
	at org.openqa.selenium.support.events.EventFiringWebDriver$EventFiringWebElement.click(EventFiringWebDriver.java:417)
	at org.openqa.selenium.WebElement$click.call(Unknown Source)
	at com.kms.katalon.core.webui.keyword.builtin.ClickKeyword.clickUntilSuccessWithTimeout(ClickKeyword.groovy:81)
	at com.kms.katalon.core.webui.keyword.builtin.ClickKeyword.clickUntilSuccessWithTimeout(ClickKeyword.groovy)
	at com.kms.katalon.core.webui.keyword.builtin.ClickKeyword$_click_closure1.doCall(ClickKeyword.groovy:67)
	at com.kms.katalon.core.webui.keyword.builtin.ClickKeyword$_click_closure1.call(ClickKeyword.groovy)
	at com.kms.katalon.core.webui.keyword.internal.WebUIKeywordMain.runKeyword(WebUIKeywordMain.groovy:20)
	... 22 more
"/>
         <system-out><![CDATA[2022-04-05 10:40:28 - [TEST_CASE][FAILED] - Test Cases/Администратор/будет переделываться Школы: Test Cases/Администратор/будет переделываться Школы FAILED.
Reason:
com.kms.katalon.core.exception.StepFailedException: Unable to click on object 'Object Repository/admin/school/Page_/omsk'
	at com.kms.katalon.core.webui.keyword.internal.WebUIKeywordMain.stepFailed(WebUIKeywordMain.groovy:64)
	at com.kms.katalon.core.webui.keyword.internal.WebUIKeywordMain.runKeyword(WebUIKeywordMain.groovy:26)
	at com.kms.katalon.core.webui.keyword.builtin.ClickKeyword.click(ClickKeyword.groovy:74)
	at com.kms.katalon.core.webui.keyword.builtin.ClickKeyword.execute(ClickKeyword.groovy:40)
	at com.kms.katalon.core.keyword.internal.KeywordExecutor.executeKeywordForPlatform(KeywordExecutor.groovy:74)
	at com.kms.katalon.core.webui.keyword.WebUiBuiltInKeywords.click(WebUiBuiltInKeywords.groovy:620)
	at com.kms.katalon.core.webui.keyword.WebUiBuiltInKeywords$click$3.call(Unknown Source)
	at будет переделываться Школы.run(будет переделываться Школы:45)
	at com.kms.katalon.core.main.ScriptEngine.run(ScriptEngine.java:194)
	at com.kms.katalon.core.main.ScriptEngine.runScriptAsRawText(ScriptEngine.java:119)
	at com.kms.katalon.core.main.TestCaseExecutor.runScript(TestCaseExecutor.java:442)
	at com.kms.katalon.core.main.TestCaseExecutor.doExecute(TestCaseExecutor.java:433)
	at com.kms.katalon.core.main.TestCaseExecutor.processExecutionPhase(TestCaseExecutor.java:412)
	at com.kms.katalon.core.main.TestCaseExecutor.accessMainPhase(TestCaseExecutor.java:404)
	at com.kms.katalon.core.main.TestCaseExecutor.execute(TestCaseExecutor.java:281)
	at com.kms.katalon.core.main.TestCaseExecutor.execute(TestCaseExecutor.java:363)
	at com.kms.katalon.core.main.TestCaseExecutor.execute(TestCaseExecutor.java:363)
	at com.kms.katalon.core.main.TestCaseExecutor.execute(TestCaseExecutor.java:363)
	at com.kms.katalon.core.main.TestSuiteExecutor.accessTestCaseMainPhase(TestSuiteExecutor.java:202)
	at com.kms.katalon.core.main.TestSuiteExecutor.accessTestSuiteMainPhase(TestSuiteExecutor.java:164)
	at com.kms.katalon.core.main.TestSuiteExecutor.execute(TestSuiteExecutor.java:105)
	at com.kms.katalon.core.main.TestCaseMain.startTestSuite(TestCaseMain.java:185)
	at com.kms.katalon.core.main.TestCaseMain$startTestSuite$0.call(Unknown Source)
	at TempTestSuite1649143162219.run(TempTestSuite1649143162219.groovy:36)
Caused by: org.openqa.selenium.ElementNotInteractableException: element not interactable
  (Session info: chrome=97.0.4692.71)
Build info: version: '3.141.59', revision: 'e82be7d358', time: '2018-11-14T08:25:53'
System info: host: 'DESKTOP-KNHN0AA', ip: '192.168.2.114', os.name: 'Windows 10', os.arch: 'amd64', os.version: '10.0', java.version: '1.8.0_282'
Driver info: com.kms.katalon.selenium.driver.CRemoteWebDriver
Capabilities {acceptInsecureCerts: false, browserName: chrome, browserVersion: 97.0.4692.71, chrome: {chromedriverVersion: 97.0.4692.71 (adefa7837d02a..., userDataDir: /tmp/.com.google.Chrome.4mTG5t}, goog:chromeOptions: {debuggerAddress: localhost:35673}, javascriptEnabled: true, networkConnectionEnabled: false, pageLoadStrategy: normal, platform: LINUX, platformName: LINUX, proxy: Proxy(direct), se:cdp: ws://172.48.49.75:4444/sess..., se:cdpVersion: 97.0.4692.71, se:vnc: ws://172.48.49.75:4444/sess..., se:vncEnabled: true, se:vncLocalAddress: ws://172.48.49.75:7900, setWindowRect: true, strictFileInteractability: false, timeouts: {implicit: 0, pageLoad: 300000, script: 30000}, unhandledPromptBehavior: dismiss and notify, webauthn:extension:credBlob: true, webauthn:extension:largeBlob: true, webauthn:virtualAuthenticators: true}
Session ID: a95924e6679cc2302fa5f1af7983732e
	at org.openqa.selenium.remote.http.W3CHttpResponseCodec.createException(W3CHttpResponseCodec.java:187)
	at org.openqa.selenium.remote.http.W3CHttpResponseCodec.decode(W3CHttpResponseCodec.java:122)
	at org.openqa.selenium.remote.http.W3CHttpResponseCodec.decode(W3CHttpResponseCodec.java:49)
	at org.openqa.selenium.remote.HttpCommandExecutor.execute(HttpCommandExecutor.java:158)
	at org.openqa.selenium.remote.RemoteWebDriver.execute(RemoteWebDriver.java:552)
	at com.kms.katalon.selenium.driver.CRemoteWebDriver.execute(CRemoteWebDriver.java:30)
	at org.openqa.selenium.remote.RemoteWebElement.execute(RemoteWebElement.java:285)
	at org.openqa.selenium.remote.RemoteWebElement.click(RemoteWebElement.java:84)
	at org.openqa.selenium.support.events.EventFiringWebDriver$EventFiringWebElement.lambda$new$0(EventFiringWebDriver.java:404)
	at com.sun.proxy.$Proxy11.click(Unknown Source)
	at org.openqa.selenium.support.events.EventFiringWebDriver$EventFiringWebElement.click(EventFiringWebDriver.java:417)
	at org.openqa.selenium.WebElement$click.call(Unknown Source)
	at com.kms.katalon.core.webui.keyword.builtin.ClickKeyword.clickUntilSuccessWithTimeout(ClickKeyword.groovy:81)
	at com.kms.katalon.core.webui.keyword.builtin.ClickKeyword.clickUntilSuccessWithTimeout(ClickKeyword.groovy)
	at com.kms.katalon.core.webui.keyword.builtin.ClickKeyword$_click_closure1.doCall(ClickKeyword.groovy:67)
	at com.kms.katalon.core.webui.keyword.builtin.ClickKeyword$_click_closure1.call(ClickKeyword.groovy)
	at com.kms.katalon.core.webui.keyword.internal.WebUIKeywordMain.runKeyword(WebUIKeywordMain.groovy:20)
	... 22 more


2022-04-05 10:40:28 - [TEST_STEP][PASSED] - callTestCase(findTestCase("Администратор/Авторизация"), [:], STOP_ON_FAILURE): Call Test Case 'Test Cases/Администратор/Авторизация' successfully

2022-04-05 10:40:28 - [TEST_CASE][PASSED] - Test Cases/Администратор/Авторизация: Test Cases/Администратор/Авторизация

2022-04-05 10:40:28 - [TEST_STEP][PASSED] - openBrowser(""): Browser is opened with url: ''

2022-04-05 10:40:28 - [MESSAGE][WARNING] - A browser is already opened. Closing browser and opening a new one

2022-04-05 10:40:29 - [MESSAGE][INFO] - User set preference: ['os', 'linux']

2022-04-05 10:40:29 - [MESSAGE][INFO] - User set preference: ['browserName', 'chrome']

2022-04-05 10:40:29 - [MESSAGE][INFO] - User set preference: ['browserVersion', '97']

2022-04-05 10:40:29 - [MESSAGE][INFO] - User set preference: ['katalon:option', '{organizationId=632442, tunnelId=, usingTunnel=false}']

2022-04-05 10:40:29 - [MESSAGE][INFO] - Connecting to remote web server 'testcloud.katalon.com/hub' with type 'Selenium'

2022-04-05 10:40:29 - [MESSAGE][INFO] - Action delay is set to 100 milliseconds

2022-04-05 10:43:12 - [MESSAGE][PASSED] - Browser is opened with url: ''

2022-04-05 10:43:12 - [TEST_STEP][PASSED] - maximizeWindow(): Current window maximized

2022-04-05 10:43:12 - [MESSAGE][PASSED] - Current window maximized

2022-04-05 10:43:12 - [TEST_STEP][PASSED] - navigateToUrl(url): Navigate to 'https://stars-stage.hawk.ru:8080' successfully

2022-04-05 10:43:18 - [MESSAGE][PASSED] - Navigate to 'https://stars-stage.hawk.ru:8080' successfully

2022-04-05 10:43:18 - [TEST_STEP][PASSED] - setText(findTestObject("Object Repository/Page_/input__sc-lnrBVv eqPACj"), admin_login): Text 'eronko.i@hc-avangard.com' is set on object 'Object Repository/Page_/input__sc-lnrBVv eqPACj'

2022-04-05 10:43:22 - [MESSAGE][PASSED] - Text 'eronko.i@hc-avangard.com' is set on object 'Object Repository/Page_/input__sc-lnrBVv eqPACj'

2022-04-05 10:43:22 - [TEST_STEP][PASSED] - setText(findTestObject("Object Repository/Page_/input__sc-lnrBVv eqPACj_1"), admin_password): Text 'eronko.i' is set on object 'Object Repository/Page_/input__sc-lnrBVv eqPACj_1'

2022-04-05 10:43:26 - [MESSAGE][PASSED] - Text 'eronko.i' is set on object 'Object Repository/Page_/input__sc-lnrBVv eqPACj_1'

2022-04-05 10:43:26 - [TEST_STEP][PASSED] - click(findTestObject("Object Repository/Page_/go")): Object: 'Object Repository/Page_/go' is clicked on

2022-04-05 10:43:28 - [MESSAGE][PASSED] - Object: 'Object Repository/Page_/go' is clicked on

2022-04-05 10:43:28 - [MESSAGE][PASSED] - Call Test Case 'Test Cases/Администратор/Авторизация' successfully

2022-04-05 10:43:28 - [TEST_STEP][PASSED] - click(findTestObject("Object Repository/admin/school/schools/schools")): Object: 'Object Repository/admin/school/schools/schools' is clicked on

2022-04-05 10:44:01 - [MESSAGE][PASSED] - Object: 'Object Repository/admin/school/schools/schools' is clicked on

2022-04-05 10:44:01 - [TEST_STEP][PASSED] - takeFullPageScreenshot("C:\scr\" + school + "43.jpg"): Taking screenshot successfully

2022-04-05 10:44:15 - [MESSAGE][INFO] - 0 hidden object(s)

2022-04-05 10:44:15 - [MESSAGE][PASSED] - Taking screenshot successfully
[[ATTACHMENT|C:\scr\Омские Ястребы43.jpg]]

2022-04-05 10:44:15 - [TEST_STEP][PASSED] - click(findTestObject("Object Repository/admin/school/Page_/div_")): Object: 'Object Repository/admin/school/Page_/div_' is clicked on

2022-04-05 10:44:18 - [MESSAGE][PASSED] - Object: 'Object Repository/admin/school/Page_/div_' is clicked on

2022-04-05 10:44:18 - [TEST_STEP][PASSED] - scrollToElement(findTestObject("Object Repository/admin/school/Page_/players"), 0): Scroll to object 'Object Repository/admin/school/Page_/players' successfully

2022-04-05 10:44:19 - [MESSAGE][WARNING] - Timeout '0' is invalid. Using default page load timeout: '30'

2022-04-05 10:44:25 - [MESSAGE][PASSED] - Scroll to object 'Object Repository/admin/school/Page_/players' successfully

2022-04-05 10:44:25 - [TEST_STEP][PASSED] - click(findTestObject("Object Repository/admin/school/Page_/players")): Object: 'Object Repository/admin/school/Page_/players' is clicked on

2022-04-05 10:44:28 - [MESSAGE][PASSED] - Object: 'Object Repository/admin/school/Page_/players' is clicked on

2022-04-05 10:44:28 - [TEST_STEP][PASSED] - takeFullPageScreenshot("C:\scr\" + school + "44.jpg"): Taking screenshot successfully

2022-04-05 10:44:50 - [MESSAGE][INFO] - 0 hidden object(s)

2022-04-05 10:44:50 - [MESSAGE][PASSED] - Taking screenshot successfully
[[ATTACHMENT|C:\scr\Омские Ястребы44.jpg]]

2022-04-05 10:44:50 - [TEST_STEP][PASSED] - click(findTestObject("Object Repository/admin/school/Page_/team")): Object: 'Object Repository/admin/school/Page_/team' is clicked on

2022-04-05 10:45:22 - [MESSAGE][INFO] - Unable to find the element located by 'By.xpath: //*[@id="root"]/div[1]/div/div[2]/div/div[1]/div[2]/div[1]/div[2]/a[3]/div'. Please recheck the objects properties to make sure the desired element is located. 

2022-04-05 10:45:22 - [MESSAGE][WARNING] - [SELF-HEALING] Failed to find element with id 'Object Repository/admin/school/Page_/team'. Try using Self-healing.

2022-04-05 10:45:24 - [MESSAGE][WARNING] - [SELF-HEALING] The current locator of test object 'Object Repository/admin/school/Page_/team' was broken. Propose an alternative one: '(.//*[normalize-space(text()) and normalize-space(.)='Игроки'])[2]/following::div[1]'.

2022-04-05 10:45:24 - [MESSAGE][PASSED] - Object: 'Object Repository/admin/school/Page_/team' is clicked on

2022-04-05 10:45:24 - [TEST_STEP][PASSED] - takeFullPageScreenshot("C:\scr\" + school + "45.jpg"): Taking screenshot successfully

2022-04-05 10:45:33 - [MESSAGE][INFO] - 0 hidden object(s)

2022-04-05 10:45:33 - [MESSAGE][PASSED] - Taking screenshot successfully
[[ATTACHMENT|C:\scr\Омские Ястребы45.jpg]]

2022-04-05 10:45:33 - [TEST_STEP][FAILED] - click(findTestObject("Object Repository/admin/school/Page_/omsk")): Unable to click on object 'Object Repository/admin/school/Page_/omsk' (Root cause: com.kms.katalon.core.exception.StepFailedException: Unable to click on object 'Object Repository/admin/school/Page_/omsk'
	at com.kms.katalon.core.webui.keyword.internal.WebUIKeywordMain.stepFailed(WebUIKeywordMain.groovy:64)
	at com.kms.katalon.core.webui.keyword.internal.WebUIKeywordMain.runKeyword(WebUIKeywordMain.groovy:26)
	at com.kms.katalon.core.webui.keyword.builtin.ClickKeyword.click(ClickKeyword.groovy:74)
	at com.kms.katalon.core.webui.keyword.builtin.ClickKeyword.execute(ClickKeyword.groovy:40)
	at com.kms.katalon.core.keyword.internal.KeywordExecutor.executeKeywordForPlatform(KeywordExecutor.groovy:74)
	at com.kms.katalon.core.webui.keyword.WebUiBuiltInKeywords.click(WebUiBuiltInKeywords.groovy:620)
	at com.kms.katalon.core.webui.keyword.WebUiBuiltInKeywords$click$3.call(Unknown Source)
	at будет переделываться Школы.run(будет переделываться Школы:45)
	at com.kms.katalon.core.main.ScriptEngine.run(ScriptEngine.java:194)
	at com.kms.katalon.core.main.ScriptEngine.runScriptAsRawText(ScriptEngine.java:119)
	at com.kms.katalon.core.main.TestCaseExecutor.runScript(TestCaseExecutor.java:442)
	at com.kms.katalon.core.main.TestCaseExecutor.doExecute(TestCaseExecutor.java:433)
	at com.kms.katalon.core.main.TestCaseExecutor.processExecutionPhase(TestCaseExecutor.java:412)
	at com.kms.katalon.core.main.TestCaseExecutor.accessMainPhase(TestCaseExecutor.java:404)
	at com.kms.katalon.core.main.TestCaseExecutor.execute(TestCaseExecutor.java:281)
	at com.kms.katalon.core.main.TestCaseExecutor.execute(TestCaseExecutor.java:363)
	at com.kms.katalon.core.main.TestCaseExecutor.execute(TestCaseExecutor.java:363)
	at com.kms.katalon.core.main.TestCaseExecutor.execute(TestCaseExecutor.java:363)
	at com.kms.katalon.core.main.TestSuiteExecutor.accessTestCaseMainPhase(TestSuiteExecutor.java:202)
	at com.kms.katalon.core.main.TestSuiteExecutor.accessTestSuiteMainPhase(TestSuiteExecutor.java:164)
	at com.kms.katalon.core.main.TestSuiteExecutor.execute(TestSuiteExecutor.java:105)
	at com.kms.katalon.core.main.TestCaseMain.startTestSuite(TestCaseMain.java:185)
	at com.kms.katalon.core.main.TestCaseMain$startTestSuite$0.call(Unknown Source)
	at TempTestSuite1649143162219.run(TempTestSuite1649143162219.groovy:36)
Caused by: org.openqa.selenium.ElementNotInteractableException: element not interactable
  (Session info: chrome=97.0.4692.71)
Build info: version: '3.141.59', revision: 'e82be7d358', time: '2018-11-14T08:25:53'
System info: host: 'DESKTOP-KNHN0AA', ip: '192.168.2.114', os.name: 'Windows 10', os.arch: 'amd64', os.version: '10.0', java.version: '1.8.0_282'
Driver info: com.kms.katalon.selenium.driver.CRemoteWebDriver
Capabilities {acceptInsecureCerts: false, browserName: chrome, browserVersion: 97.0.4692.71, chrome: {chromedriverVersion: 97.0.4692.71 (adefa7837d02a..., userDataDir: /tmp/.com.google.Chrome.4mTG5t}, goog:chromeOptions: {debuggerAddress: localhost:35673}, javascriptEnabled: true, networkConnectionEnabled: false, pageLoadStrategy: normal, platform: LINUX, platformName: LINUX, proxy: Proxy(direct), se:cdp: ws://172.48.49.75:4444/sess..., se:cdpVersion: 97.0.4692.71, se:vnc: ws://172.48.49.75:4444/sess..., se:vncEnabled: true, se:vncLocalAddress: ws://172.48.49.75:7900, setWindowRect: true, strictFileInteractability: false, timeouts: {implicit: 0, pageLoad: 300000, script: 30000}, unhandledPromptBehavior: dismiss and notify, webauthn:extension:credBlob: true, webauthn:extension:largeBlob: true, webauthn:virtualAuthenticators: true}
Session ID: a95924e6679cc2302fa5f1af7983732e
	at org.openqa.selenium.remote.http.W3CHttpResponseCodec.createException(W3CHttpResponseCodec.java:187)
	at org.openqa.selenium.remote.http.W3CHttpResponseCodec.decode(W3CHttpResponseCodec.java:122)
	at org.openqa.selenium.remote.http.W3CHttpResponseCodec.decode(W3CHttpResponseCodec.java:49)
	at org.openqa.selenium.remote.HttpCommandExecutor.execute(HttpCommandExecutor.java:158)
	at org.openqa.selenium.remote.RemoteWebDriver.execute(RemoteWebDriver.java:552)
	at com.kms.katalon.selenium.driver.CRemoteWebDriver.execute(CRemoteWebDriver.java:30)
	at org.openqa.selenium.remote.RemoteWebElement.execute(RemoteWebElement.java:285)
	at org.openqa.selenium.remote.RemoteWebElement.click(RemoteWebElement.java:84)
	at org.openqa.selenium.support.events.EventFiringWebDriver$EventFiringWebElement.lambda$new$0(EventFiringWebDriver.java:404)
	at com.sun.proxy.$Proxy11.click(Unknown Source)
	at org.openqa.selenium.support.events.EventFiringWebDriver$EventFiringWebElement.click(EventFiringWebDriver.java:417)
	at org.openqa.selenium.WebElement$click.call(Unknown Source)
	at com.kms.katalon.core.webui.keyword.builtin.ClickKeyword.clickUntilSuccessWithTimeout(ClickKeyword.groovy:81)
	at com.kms.katalon.core.webui.keyword.builtin.ClickKeyword.clickUntilSuccessWithTimeout(ClickKeyword.groovy)
	at com.kms.katalon.core.webui.keyword.builtin.ClickKeyword$_click_closure1.doCall(ClickKeyword.groovy:67)
	at com.kms.katalon.core.webui.keyword.builtin.ClickKeyword$_click_closure1.call(ClickKeyword.groovy)
	at com.kms.katalon.core.webui.keyword.internal.WebUIKeywordMain.runKeyword(WebUIKeywordMain.groovy:20)
	at com.kms.katalon.core.webui.keyword.builtin.ClickKeyword.click(ClickKeyword.groovy:74)
	at com.kms.katalon.core.webui.keyword.builtin.ClickKeyword.execute(ClickKeyword.groovy:40)
	at com.kms.katalon.core.keyword.internal.KeywordExecutor.executeKeywordForPlatform(KeywordExecutor.groovy:74)
	at com.kms.katalon.core.webui.keyword.WebUiBuiltInKeywords.click(WebUiBuiltInKeywords.groovy:620)
	at com.kms.katalon.core.webui.keyword.WebUiBuiltInKeywords$click$3.call(Unknown Source)
	at Script1649142188981.run(Script1649142188981.groovy:45)
	... 16 more
)

2022-04-05 10:46:05 - [MESSAGE][INFO] - Unable to find the element located by 'By.xpath: //div[@id='root']/div/div/div[2]/div/div/div[2]/div[2]/div/div/div/div[3]/div/div/div/div[6]/div/div'. Please recheck the objects properties to make sure the desired element is located. 

2022-04-05 10:46:05 - [MESSAGE][WARNING] - [SELF-HEALING] Failed to find element with id 'Object Repository/admin/school/Page_/omsk'. Try using Self-healing.

2022-04-05 10:46:07 - [MESSAGE][WARNING] - [SELF-HEALING] The current locator of test object 'Object Repository/admin/school/Page_/omsk' was broken. Propose an alternative one: '(.//*[normalize-space(text()) and normalize-space(.)='Назад'])[1]/preceding::div[3]'.

2022-04-05 10:46:10 - [MESSAGE][FAILED] - Unable to click on object 'Object Repository/admin/school/Page_/omsk' (Root cause: com.kms.katalon.core.exception.StepFailedException: Unable to click on object 'Object Repository/admin/school/Page_/omsk'
	at com.kms.katalon.core.webui.keyword.internal.WebUIKeywordMain.stepFailed(WebUIKeywordMain.groovy:64)
	at com.kms.katalon.core.webui.keyword.internal.WebUIKeywordMain.runKeyword(WebUIKeywordMain.groovy:26)
	at com.kms.katalon.core.webui.keyword.builtin.ClickKeyword.click(ClickKeyword.groovy:74)
	at com.kms.katalon.core.webui.keyword.builtin.ClickKeyword.execute(ClickKeyword.groovy:40)
	at com.kms.katalon.core.keyword.internal.KeywordExecutor.executeKeywordForPlatform(KeywordExecutor.groovy:74)
	at com.kms.katalon.core.webui.keyword.WebUiBuiltInKeywords.click(WebUiBuiltInKeywords.groovy:620)
	at com.kms.katalon.core.webui.keyword.WebUiBuiltInKeywords$click$3.call(Unknown Source)
	at будет переделываться Школы.run(будет переделываться Школы:45)
	at com.kms.katalon.core.main.ScriptEngine.run(ScriptEngine.java:194)
	at com.kms.katalon.core.main.ScriptEngine.runScriptAsRawText(ScriptEngine.java:119)
	at com.kms.katalon.core.main.TestCaseExecutor.runScript(TestCaseExecutor.java:442)
	at com.kms.katalon.core.main.TestCaseExecutor.doExecute(TestCaseExecutor.java:433)
	at com.kms.katalon.core.main.TestCaseExecutor.processExecutionPhase(TestCaseExecutor.java:412)
	at com.kms.katalon.core.main.TestCaseExecutor.accessMainPhase(TestCaseExecutor.java:404)
	at com.kms.katalon.core.main.TestCaseExecutor.execute(TestCaseExecutor.java:281)
	at com.kms.katalon.core.main.TestCaseExecutor.execute(TestCaseExecutor.java:363)
	at com.kms.katalon.core.main.TestCaseExecutor.execute(TestCaseExecutor.java:363)
	at com.kms.katalon.core.main.TestCaseExecutor.execute(TestCaseExecutor.java:363)
	at com.kms.katalon.core.main.TestSuiteExecutor.accessTestCaseMainPhase(TestSuiteExecutor.java:202)
	at com.kms.katalon.core.main.TestSuiteExecutor.accessTestSuiteMainPhase(TestSuiteExecutor.java:164)
	at com.kms.katalon.core.main.TestSuiteExecutor.execute(TestSuiteExecutor.java:105)
	at com.kms.katalon.core.main.TestCaseMain.startTestSuite(TestCaseMain.java:185)
	at com.kms.katalon.core.main.TestCaseMain$startTestSuite$0.call(Unknown Source)
	at TempTestSuite1649143162219.run(TempTestSuite1649143162219.groovy:36)
Caused by: org.openqa.selenium.ElementNotInteractableException: element not interactable
  (Session info: chrome=97.0.4692.71)
Build info: version: '3.141.59', revision: 'e82be7d358', time: '2018-11-14T08:25:53'
System info: host: 'DESKTOP-KNHN0AA', ip: '192.168.2.114', os.name: 'Windows 10', os.arch: 'amd64', os.version: '10.0', java.version: '1.8.0_282'
Driver info: com.kms.katalon.selenium.driver.CRemoteWebDriver
Capabilities {acceptInsecureCerts: false, browserName: chrome, browserVersion: 97.0.4692.71, chrome: {chromedriverVersion: 97.0.4692.71 (adefa7837d02a..., userDataDir: /tmp/.com.google.Chrome.4mTG5t}, goog:chromeOptions: {debuggerAddress: localhost:35673}, javascriptEnabled: true, networkConnectionEnabled: false, pageLoadStrategy: normal, platform: LINUX, platformName: LINUX, proxy: Proxy(direct), se:cdp: ws://172.48.49.75:4444/sess..., se:cdpVersion: 97.0.4692.71, se:vnc: ws://172.48.49.75:4444/sess..., se:vncEnabled: true, se:vncLocalAddress: ws://172.48.49.75:7900, setWindowRect: true, strictFileInteractability: false, timeouts: {implicit: 0, pageLoad: 300000, script: 30000}, unhandledPromptBehavior: dismiss and notify, webauthn:extension:credBlob: true, webauthn:extension:largeBlob: true, webauthn:virtualAuthenticators: true}
Session ID: a95924e6679cc2302fa5f1af7983732e
	at org.openqa.selenium.remote.http.W3CHttpResponseCodec.createException(W3CHttpResponseCodec.java:187)
	at org.openqa.selenium.remote.http.W3CHttpResponseCodec.decode(W3CHttpResponseCodec.java:122)
	at org.openqa.selenium.remote.http.W3CHttpResponseCodec.decode(W3CHttpResponseCodec.java:49)
	at org.openqa.selenium.remote.HttpCommandExecutor.execute(HttpCommandExecutor.java:158)
	at org.openqa.selenium.remote.RemoteWebDriver.execute(RemoteWebDriver.java:552)
	at com.kms.katalon.selenium.driver.CRemoteWebDriver.execute(CRemoteWebDriver.java:30)
	at org.openqa.selenium.remote.RemoteWebElement.execute(RemoteWebElement.java:285)
	at org.openqa.selenium.remote.RemoteWebElement.click(RemoteWebElement.java:84)
	at org.openqa.selenium.support.events.EventFiringWebDriver$EventFiringWebElement.lambda$new$0(EventFiringWebDriver.java:404)
	at com.sun.proxy.$Proxy11.click(Unknown Source)
	at org.openqa.selenium.support.events.EventFiringWebDriver$EventFiringWebElement.click(EventFiringWebDriver.java:417)
	at org.openqa.selenium.WebElement$click.call(Unknown Source)
	at com.kms.katalon.core.webui.keyword.builtin.ClickKeyword.clickUntilSuccessWithTimeout(ClickKeyword.groovy:81)
	at com.kms.katalon.core.webui.keyword.builtin.ClickKeyword.clickUntilSuccessWithTimeout(ClickKeyword.groovy)
	at com.kms.katalon.core.webui.keyword.builtin.ClickKeyword$_click_closure1.doCall(ClickKeyword.groovy:67)
	at com.kms.katalon.core.webui.keyword.builtin.ClickKeyword$_click_closure1.call(ClickKeyword.groovy)
	at com.kms.katalon.core.webui.keyword.internal.WebUIKeywordMain.runKeyword(WebUIKeywordMain.groovy:20)
	at com.kms.katalon.core.webui.keyword.builtin.ClickKeyword.click(ClickKeyword.groovy:74)
	at com.kms.katalon.core.webui.keyword.builtin.ClickKeyword.execute(ClickKeyword.groovy:40)
	at com.kms.katalon.core.keyword.internal.KeywordExecutor.executeKeywordForPlatform(KeywordExecutor.groovy:74)
	at com.kms.katalon.core.webui.keyword.WebUiBuiltInKeywords.click(WebUiBuiltInKeywords.groovy:620)
	at com.kms.katalon.core.webui.keyword.WebUiBuiltInKeywords$click$3.call(Unknown Source)
	at Script1649142188981.run(Script1649142188981.groovy:45)
	... 16 more
)
[[ATTACHMENT|C:\\Users\\LENOVO\\Katalon Studio\\Avangard\\Reports\\20220405_101904\\\u041C\u0435\u043D\u0435\u0436\u0434\u0435\u0440\\20220405_101922\\1649144767839.png]]]]></system-out>
         <system-err><![CDATA[2022-04-05 10:40:28 - [TEST_CASE][FAILED] - Test Cases/Администратор/будет переделываться Школы: Test Cases/Администратор/будет переделываться Школы FAILED.
Reason:
com.kms.katalon.core.exception.StepFailedException: Unable to click on object 'Object Repository/admin/school/Page_/omsk'
	at com.kms.katalon.core.webui.keyword.internal.WebUIKeywordMain.stepFailed(WebUIKeywordMain.groovy:64)
	at com.kms.katalon.core.webui.keyword.internal.WebUIKeywordMain.runKeyword(WebUIKeywordMain.groovy:26)
	at com.kms.katalon.core.webui.keyword.builtin.ClickKeyword.click(ClickKeyword.groovy:74)
	at com.kms.katalon.core.webui.keyword.builtin.ClickKeyword.execute(ClickKeyword.groovy:40)
	at com.kms.katalon.core.keyword.internal.KeywordExecutor.executeKeywordForPlatform(KeywordExecutor.groovy:74)
	at com.kms.katalon.core.webui.keyword.WebUiBuiltInKeywords.click(WebUiBuiltInKeywords.groovy:620)
	at com.kms.katalon.core.webui.keyword.WebUiBuiltInKeywords$click$3.call(Unknown Source)
	at будет переделываться Школы.run(будет переделываться Школы:45)
	at com.kms.katalon.core.main.ScriptEngine.run(ScriptEngine.java:194)
	at com.kms.katalon.core.main.ScriptEngine.runScriptAsRawText(ScriptEngine.java:119)
	at com.kms.katalon.core.main.TestCaseExecutor.runScript(TestCaseExecutor.java:442)
	at com.kms.katalon.core.main.TestCaseExecutor.doExecute(TestCaseExecutor.java:433)
	at com.kms.katalon.core.main.TestCaseExecutor.processExecutionPhase(TestCaseExecutor.java:412)
	at com.kms.katalon.core.main.TestCaseExecutor.accessMainPhase(TestCaseExecutor.java:404)
	at com.kms.katalon.core.main.TestCaseExecutor.execute(TestCaseExecutor.java:281)
	at com.kms.katalon.core.main.TestCaseExecutor.execute(TestCaseExecutor.java:363)
	at com.kms.katalon.core.main.TestCaseExecutor.execute(TestCaseExecutor.java:363)
	at com.kms.katalon.core.main.TestCaseExecutor.execute(TestCaseExecutor.java:363)
	at com.kms.katalon.core.main.TestSuiteExecutor.accessTestCaseMainPhase(TestSuiteExecutor.java:202)
	at com.kms.katalon.core.main.TestSuiteExecutor.accessTestSuiteMainPhase(TestSuiteExecutor.java:164)
	at com.kms.katalon.core.main.TestSuiteExecutor.execute(TestSuiteExecutor.java:105)
	at com.kms.katalon.core.main.TestCaseMain.startTestSuite(TestCaseMain.java:185)
	at com.kms.katalon.core.main.TestCaseMain$startTestSuite$0.call(Unknown Source)
	at TempTestSuite1649143162219.run(TempTestSuite1649143162219.groovy:36)
Caused by: org.openqa.selenium.ElementNotInteractableException: element not interactable
  (Session info: chrome=97.0.4692.71)
Build info: version: '3.141.59', revision: 'e82be7d358', time: '2018-11-14T08:25:53'
System info: host: 'DESKTOP-KNHN0AA', ip: '192.168.2.114', os.name: 'Windows 10', os.arch: 'amd64', os.version: '10.0', java.version: '1.8.0_282'
Driver info: com.kms.katalon.selenium.driver.CRemoteWebDriver
Capabilities {acceptInsecureCerts: false, browserName: chrome, browserVersion: 97.0.4692.71, chrome: {chromedriverVersion: 97.0.4692.71 (adefa7837d02a..., userDataDir: /tmp/.com.google.Chrome.4mTG5t}, goog:chromeOptions: {debuggerAddress: localhost:35673}, javascriptEnabled: true, networkConnectionEnabled: false, pageLoadStrategy: normal, platform: LINUX, platformName: LINUX, proxy: Proxy(direct), se:cdp: ws://172.48.49.75:4444/sess..., se:cdpVersion: 97.0.4692.71, se:vnc: ws://172.48.49.75:4444/sess..., se:vncEnabled: true, se:vncLocalAddress: ws://172.48.49.75:7900, setWindowRect: true, strictFileInteractability: false, timeouts: {implicit: 0, pageLoad: 300000, script: 30000}, unhandledPromptBehavior: dismiss and notify, webauthn:extension:credBlob: true, webauthn:extension:largeBlob: true, webauthn:virtualAuthenticators: true}
Session ID: a95924e6679cc2302fa5f1af7983732e
	at org.openqa.selenium.remote.http.W3CHttpResponseCodec.createException(W3CHttpResponseCodec.java:187)
	at org.openqa.selenium.remote.http.W3CHttpResponseCodec.decode(W3CHttpResponseCodec.java:122)
	at org.openqa.selenium.remote.http.W3CHttpResponseCodec.decode(W3CHttpResponseCodec.java:49)
	at org.openqa.selenium.remote.HttpCommandExecutor.execute(HttpCommandExecutor.java:158)
	at org.openqa.selenium.remote.RemoteWebDriver.execute(RemoteWebDriver.java:552)
	at com.kms.katalon.selenium.driver.CRemoteWebDriver.execute(CRemoteWebDriver.java:30)
	at org.openqa.selenium.remote.RemoteWebElement.execute(RemoteWebElement.java:285)
	at org.openqa.selenium.remote.RemoteWebElement.click(RemoteWebElement.java:84)
	at org.openqa.selenium.support.events.EventFiringWebDriver$EventFiringWebElement.lambda$new$0(EventFiringWebDriver.java:404)
	at com.sun.proxy.$Proxy11.click(Unknown Source)
	at org.openqa.selenium.support.events.EventFiringWebDriver$EventFiringWebElement.click(EventFiringWebDriver.java:417)
	at org.openqa.selenium.WebElement$click.call(Unknown Source)
	at com.kms.katalon.core.webui.keyword.builtin.ClickKeyword.clickUntilSuccessWithTimeout(ClickKeyword.groovy:81)
	at com.kms.katalon.core.webui.keyword.builtin.ClickKeyword.clickUntilSuccessWithTimeout(ClickKeyword.groovy)
	at com.kms.katalon.core.webui.keyword.builtin.ClickKeyword$_click_closure1.doCall(ClickKeyword.groovy:67)
	at com.kms.katalon.core.webui.keyword.builtin.ClickKeyword$_click_closure1.call(ClickKeyword.groovy)
	at com.kms.katalon.core.webui.keyword.internal.WebUIKeywordMain.runKeyword(WebUIKeywordMain.groovy:20)
	... 22 more]]></system-err>
      </testcase>
      <testcase name="Test Cases/Администратор/Рейтинг" time="281.842" classname="Test Cases/Администратор/Рейтинг" status="PASSED">
         <system-out><![CDATA[2022-04-05 10:46:12 - [TEST_CASE][PASSED] - Test Cases/Администратор/Рейтинг: Test Cases/Администратор/Рейтинг

2022-04-05 10:46:12 - [TEST_STEP][PASSED] - callTestCase(findTestCase("Администратор/Авторизация"), [:], STOP_ON_FAILURE): Call Test Case 'Test Cases/Администратор/Авторизация' successfully

2022-04-05 10:46:12 - [TEST_CASE][PASSED] - Test Cases/Администратор/Авторизация: Test Cases/Администратор/Авторизация

2022-04-05 10:46:12 - [TEST_STEP][PASSED] - openBrowser(""): Browser is opened with url: ''

2022-04-05 10:46:12 - [MESSAGE][WARNING] - A browser is already opened. Closing browser and opening a new one

2022-04-05 10:46:13 - [MESSAGE][INFO] - User set preference: ['os', 'linux']

2022-04-05 10:46:13 - [MESSAGE][INFO] - User set preference: ['browserName', 'chrome']

2022-04-05 10:46:13 - [MESSAGE][INFO] - User set preference: ['browserVersion', '97']

2022-04-05 10:46:13 - [MESSAGE][INFO] - User set preference: ['katalon:option', '{organizationId=632442, tunnelId=, usingTunnel=false}']

2022-04-05 10:46:13 - [MESSAGE][INFO] - Connecting to remote web server 'testcloud.katalon.com/hub' with type 'Selenium'

2022-04-05 10:46:13 - [MESSAGE][INFO] - Action delay is set to 100 milliseconds

2022-04-05 10:49:10 - [MESSAGE][PASSED] - Browser is opened with url: ''

2022-04-05 10:49:10 - [TEST_STEP][PASSED] - maximizeWindow(): Current window maximized

2022-04-05 10:49:10 - [MESSAGE][PASSED] - Current window maximized

2022-04-05 10:49:10 - [TEST_STEP][PASSED] - navigateToUrl(url): Navigate to 'https://stars-stage.hawk.ru:8080' successfully

2022-04-05 10:49:16 - [MESSAGE][PASSED] - Navigate to 'https://stars-stage.hawk.ru:8080' successfully

2022-04-05 10:49:16 - [TEST_STEP][PASSED] - setText(findTestObject("Object Repository/Page_/input__sc-lnrBVv eqPACj"), admin_login): Text 'eronko.i@hc-avangard.com' is set on object 'Object Repository/Page_/input__sc-lnrBVv eqPACj'

2022-04-05 10:49:20 - [MESSAGE][PASSED] - Text 'eronko.i@hc-avangard.com' is set on object 'Object Repository/Page_/input__sc-lnrBVv eqPACj'

2022-04-05 10:49:20 - [TEST_STEP][PASSED] - setText(findTestObject("Object Repository/Page_/input__sc-lnrBVv eqPACj_1"), admin_password): Text 'eronko.i' is set on object 'Object Repository/Page_/input__sc-lnrBVv eqPACj_1'

2022-04-05 10:49:24 - [MESSAGE][PASSED] - Text 'eronko.i' is set on object 'Object Repository/Page_/input__sc-lnrBVv eqPACj_1'

2022-04-05 10:49:24 - [TEST_STEP][PASSED] - click(findTestObject("Object Repository/Page_/go")): Object: 'Object Repository/Page_/go' is clicked on

2022-04-05 10:49:26 - [MESSAGE][PASSED] - Object: 'Object Repository/Page_/go' is clicked on

2022-04-05 10:49:26 - [MESSAGE][PASSED] - Call Test Case 'Test Cases/Администратор/Авторизация' successfully

2022-04-05 10:49:26 - [TEST_STEP][PASSED] - click(findTestObject("Object Repository/admin/rating/grating")): Object: 'Object Repository/admin/rating/grating' is clicked on

2022-04-05 10:49:38 - [MESSAGE][PASSED] - Object: 'Object Repository/admin/rating/grating' is clicked on

2022-04-05 10:49:38 - [TEST_STEP][PASSED] - takeFullPageScreenshot("C:\scr\" + school + "34.jpg"): Taking screenshot successfully

2022-04-05 10:49:45 - [MESSAGE][INFO] - 0 hidden object(s)

2022-04-05 10:49:45 - [MESSAGE][PASSED] - Taking screenshot successfully
[[ATTACHMENT|C:\scr\Омские Ястребы34.jpg]]

2022-04-05 10:49:45 - [TEST_STEP][PASSED] - click(findTestObject("Object Repository/admin/Page_/shkool")): Object: 'Object Repository/admin/Page_/shkool' is clicked on

2022-04-05 10:49:47 - [MESSAGE][PASSED] - Object: 'Object Repository/admin/Page_/shkool' is clicked on

2022-04-05 10:49:47 - [TEST_STEP][PASSED] - click(findTestObject("Object Repository/admin/Page_/div_ (2)")): Object: 'Object Repository/admin/Page_/div_ (2)' is clicked on

2022-04-05 10:49:50 - [MESSAGE][PASSED] - Object: 'Object Repository/admin/Page_/div_ (2)' is clicked on

2022-04-05 10:49:50 - [TEST_STEP][PASSED] - click(findTestObject("Object Repository/admin/Page_/team")): Object: 'Object Repository/admin/Page_/team' is clicked on

2022-04-05 10:49:52 - [MESSAGE][PASSED] - Object: 'Object Repository/admin/Page_/team' is clicked on

2022-04-05 10:49:52 - [TEST_STEP][PASSED] - click(findTestObject("Object Repository/admin/Page_/omsk")): Object: 'Object Repository/admin/Page_/omsk' is clicked on

2022-04-05 10:49:54 - [MESSAGE][PASSED] - Object: 'Object Repository/admin/Page_/omsk' is clicked on

2022-04-05 10:49:54 - [TEST_STEP][PASSED] - scrollToElement(findTestObject("Object Repository/admin/Page_/top1"), 0): Scroll to object 'Object Repository/admin/Page_/top1' successfully

2022-04-05 10:49:54 - [MESSAGE][WARNING] - Timeout '0' is invalid. Using default page load timeout: '30'

2022-04-05 10:50:04 - [MESSAGE][PASSED] - Scroll to object 'Object Repository/admin/Page_/top1' successfully

2022-04-05 10:50:04 - [TEST_STEP][PASSED] - click(findTestObject("Object Repository/admin/Page_/top1")): Object: 'Object Repository/admin/Page_/top1' is clicked on

2022-04-05 10:50:06 - [MESSAGE][PASSED] - Object: 'Object Repository/admin/Page_/top1' is clicked on

2022-04-05 10:50:06 - [TEST_STEP][PASSED] - takeFullPageScreenshot("C:\scr\" + school + "37.jpg", CONTINUE_ON_FAILURE): Taking screenshot successfully

2022-04-05 10:50:12 - [MESSAGE][INFO] - 0 hidden object(s)

2022-04-05 10:50:12 - [MESSAGE][PASSED] - Taking screenshot successfully
[[ATTACHMENT|C:\scr\Омские Ястребы37.jpg]]

2022-04-05 10:50:12 - [TEST_STEP][PASSED] - click(findTestObject("Object Repository/admin/Page_/skill")): Object: 'Object Repository/admin/Page_/skill' is clicked on

2022-04-05 10:50:14 - [MESSAGE][PASSED] - Object: 'Object Repository/admin/Page_/skill' is clicked on

2022-04-05 10:50:14 - [TEST_STEP][PASSED] - verifyTextPresent("Ускорение", true): Text 'Ускорение' is present on page  using regular expression

2022-04-05 10:50:18 - [MESSAGE][PASSED] - Text 'Ускорение' is present on page  using regular expression

2022-04-05 10:50:18 - [TEST_STEP][PASSED] - verifyTextPresent("Скорость", true): Text 'Скорость' is present on page  using regular expression

2022-04-05 10:50:20 - [MESSAGE][PASSED] - Text 'Скорость' is present on page  using regular expression

2022-04-05 10:50:20 - [TEST_STEP][PASSED] - takeFullPageScreenshot("C:\scr\" + school + "39.jpg", CONTINUE_ON_FAILURE): Taking screenshot successfully

2022-04-05 10:50:26 - [MESSAGE][INFO] - 0 hidden object(s)

2022-04-05 10:50:26 - [MESSAGE][PASSED] - Taking screenshot successfully
[[ATTACHMENT|C:\scr\Омские Ястребы39.jpg]]

2022-04-05 10:50:26 - [TEST_STEP][PASSED] - click(findTestObject("Object Repository/admin/Page_/stat")): Object: 'Object Repository/admin/Page_/stat' is clicked on

2022-04-05 10:50:28 - [MESSAGE][PASSED] - Object: 'Object Repository/admin/Page_/stat' is clicked on

2022-04-05 10:50:28 - [TEST_STEP][PASSED] - verifyTextPresent("Матчи", true, CONTINUE_ON_FAILURE): Text 'Матчи' is present on page  using regular expression

2022-04-05 10:50:31 - [MESSAGE][PASSED] - Text 'Матчи' is present on page  using regular expression

2022-04-05 10:50:31 - [TEST_STEP][PASSED] - verifyTextPresent("Ранг", true, CONTINUE_ON_FAILURE): Text 'Ранг' is present on page  using regular expression

2022-04-05 10:50:33 - [MESSAGE][PASSED] - Text 'Ранг' is present on page  using regular expression

2022-04-05 10:50:33 - [TEST_STEP][PASSED] - takeFullPageScreenshot("C:\scr\" + school + "40.jpg", CONTINUE_ON_FAILURE): Taking screenshot successfully

2022-04-05 10:50:39 - [MESSAGE][INFO] - 0 hidden object(s)

2022-04-05 10:50:39 - [MESSAGE][PASSED] - Taking screenshot successfully
[[ATTACHMENT|C:\scr\Омские Ястребы40.jpg]]

2022-04-05 10:50:39 - [TEST_STEP][PASSED] - click(findTestObject("Object Repository/admin/Page_/ptest")): Object: 'Object Repository/admin/Page_/ptest' is clicked on

2022-04-05 10:50:41 - [MESSAGE][PASSED] - Object: 'Object Repository/admin/Page_/ptest' is clicked on

2022-04-05 10:50:41 - [TEST_STEP][PASSED] - verifyTextPresent("СРЕДНЯЯ ОЦЕНКА", true): Text 'СРЕДНЯЯ ОЦЕНКА' is present on page  using regular expression

2022-04-05 10:50:43 - [MESSAGE][PASSED] - Text 'СРЕДНЯЯ ОЦЕНКА' is present on page  using regular expression

2022-04-05 10:50:43 - [TEST_STEP][PASSED] - verifyTextPresent("Список навыков и характеристики", true): Text 'Список навыков и характеристики' is present on page  using regular expression

2022-04-05 10:50:45 - [MESSAGE][PASSED] - Text 'Список навыков и характеристики' is present on page  using regular expression

2022-04-05 10:50:45 - [TEST_STEP][PASSED] - takeFullPageScreenshot("C:\scr\" + school + "38.jpg", CONTINUE_ON_FAILURE): Taking screenshot successfully

2022-04-05 10:50:51 - [MESSAGE][INFO] - 0 hidden object(s)

2022-04-05 10:50:51 - [MESSAGE][PASSED] - Taking screenshot successfully
[[ATTACHMENT|C:\scr\Омские Ястребы38.jpg]]

2022-04-05 10:50:51 - [TEST_STEP][PASSED] - click(findTestObject("Object Repository/admin/Page_/root")): Object: 'Object Repository/admin/Page_/root' is clicked on

2022-04-05 10:50:53 - [MESSAGE][PASSED] - Object: 'Object Repository/admin/Page_/root' is clicked on

2022-04-05 10:50:53 - [TEST_STEP][PASSED] - closeBrowser(): Browser is closed

2022-04-05 10:50:54 - [MESSAGE][PASSED] - Browser is closed]]></system-out>
         <system-err><![CDATA[]]></system-err>
      </testcase>
      <testcase name="Test Cases/Администратор/ОТЧЕТЫ функциональные тесты/Список участников без оценки" time="212.823" classname="Test Cases/Администратор/ОТЧЕТЫ функциональные тесты/Список участников без оценки" status="PASSED">
         <system-out><![CDATA[2022-04-05 10:50:54 - [TEST_CASE][PASSED] - Test Cases/Администратор/ОТЧЕТЫ функциональные тесты/Список участников без оценки: Test Cases/Администратор/ОТЧЕТЫ функциональные тесты/Список участников без оценки

2022-04-05 10:50:54 - [TEST_STEP][PASSED] - callTestCase(findTestCase("Администратор/Отчет для тк"), [:], STOP_ON_FAILURE): Call Test Case 'Test Cases/Администратор/Отчет для тк' successfully

2022-04-05 10:50:54 - [TEST_CASE][PASSED] - Test Cases/Администратор/Отчет для тк: Test Cases/Администратор/Отчет для тк

2022-04-05 10:50:54 - [TEST_STEP][PASSED] - callTestCase(findTestCase("Администратор/Авторизация"), [:], STOP_ON_FAILURE): Call Test Case 'Test Cases/Администратор/Авторизация' successfully

2022-04-05 10:50:54 - [TEST_CASE][PASSED] - Test Cases/Администратор/Авторизация: Test Cases/Администратор/Авторизация

2022-04-05 10:50:54 - [TEST_STEP][PASSED] - openBrowser(""): Browser is opened with url: ''

2022-04-05 10:50:54 - [MESSAGE][INFO] - User set preference: ['os', 'linux']

2022-04-05 10:50:54 - [MESSAGE][INFO] - User set preference: ['browserName', 'chrome']

2022-04-05 10:50:54 - [MESSAGE][INFO] - User set preference: ['browserVersion', '97']

2022-04-05 10:50:54 - [MESSAGE][INFO] - User set preference: ['katalon:option', '{organizationId=632442, tunnelId=, usingTunnel=false}']

2022-04-05 10:50:54 - [MESSAGE][INFO] - Connecting to remote web server 'testcloud.katalon.com/hub' with type 'Selenium'

2022-04-05 10:50:54 - [MESSAGE][INFO] - Action delay is set to 100 milliseconds

2022-04-05 10:53:12 - [MESSAGE][PASSED] - Browser is opened with url: ''

2022-04-05 10:53:12 - [TEST_STEP][PASSED] - maximizeWindow(): Current window maximized

2022-04-05 10:53:12 - [MESSAGE][PASSED] - Current window maximized

2022-04-05 10:53:12 - [TEST_STEP][PASSED] - navigateToUrl(url): Navigate to 'https://stars-stage.hawk.ru:8080' successfully

2022-04-05 10:53:18 - [MESSAGE][PASSED] - Navigate to 'https://stars-stage.hawk.ru:8080' successfully

2022-04-05 10:53:18 - [TEST_STEP][PASSED] - setText(findTestObject("Object Repository/Page_/input__sc-lnrBVv eqPACj"), admin_login): Text 'eronko.i@hc-avangard.com' is set on object 'Object Repository/Page_/input__sc-lnrBVv eqPACj'

2022-04-05 10:53:23 - [MESSAGE][PASSED] - Text 'eronko.i@hc-avangard.com' is set on object 'Object Repository/Page_/input__sc-lnrBVv eqPACj'

2022-04-05 10:53:23 - [TEST_STEP][PASSED] - setText(findTestObject("Object Repository/Page_/input__sc-lnrBVv eqPACj_1"), admin_password): Text 'eronko.i' is set on object 'Object Repository/Page_/input__sc-lnrBVv eqPACj_1'

2022-04-05 10:53:27 - [MESSAGE][PASSED] - Text 'eronko.i' is set on object 'Object Repository/Page_/input__sc-lnrBVv eqPACj_1'

2022-04-05 10:53:27 - [TEST_STEP][PASSED] - click(findTestObject("Object Repository/Page_/go")): Object: 'Object Repository/Page_/go' is clicked on

2022-04-05 10:53:29 - [MESSAGE][PASSED] - Object: 'Object Repository/Page_/go' is clicked on

2022-04-05 10:53:29 - [MESSAGE][PASSED] - Call Test Case 'Test Cases/Администратор/Авторизация' successfully

2022-04-05 10:53:29 - [TEST_STEP][PASSED] - click(findTestObject("admin/reports/keys/reports/report")): Object: 'Object Repository/admin/reports/keys/reports/report' is clicked on

2022-04-05 10:53:42 - [MESSAGE][PASSED] - Object: 'Object Repository/admin/reports/keys/reports/report' is clicked on

2022-04-05 10:53:42 - [MESSAGE][PASSED] - Call Test Case 'Test Cases/Администратор/Отчет для тк' successfully

2022-04-05 10:53:42 - [TEST_STEP][PASSED] - click(findTestObject("Object Repository/admin/reports/not/Page_/not")): Object: 'Object Repository/admin/reports/not/Page_/not' is clicked on

2022-04-05 10:53:44 - [MESSAGE][PASSED] - Object: 'Object Repository/admin/reports/not/Page_/not' is clicked on

2022-04-05 10:53:44 - [TEST_STEP][PASSED] - verifyTextPresent("СПИСОК УЧАСТНИКОВ БЕЗ ОЦЕНКИ", true): Text 'СПИСОК УЧАСТНИКОВ БЕЗ ОЦЕНКИ' is present on page  using regular expression

2022-04-05 10:53:55 - [MESSAGE][PASSED] - Text 'СПИСОК УЧАСТНИКОВ БЕЗ ОЦЕНКИ' is present on page  using regular expression

2022-04-05 10:53:55 - [TEST_STEP][PASSED] - takeFullPageScreenshot("C:\scr\" + school + "29.jpg"): Taking screenshot successfully

2022-04-05 10:54:00 - [MESSAGE][INFO] - 0 hidden object(s)

2022-04-05 10:54:00 - [MESSAGE][PASSED] - Taking screenshot successfully
[[ATTACHMENT|C:\scr\Омские Ястребы29.jpg]]

2022-04-05 10:54:00 - [TEST_STEP][PASSED] - setText(findTestObject("Object Repository/admin/reports/not/Page_/input__react-select-2-input"), "ака"): Text 'ака' is set on object 'Object Repository/admin/reports/not/Page_/input__react-select-2-input'

2022-04-05 10:54:04 - [MESSAGE][PASSED] - Text 'ака' is set on object 'Object Repository/admin/reports/not/Page_/input__react-select-2-input'

2022-04-05 10:54:04 - [TEST_STEP][PASSED] - sendKeys(findTestObject("Object Repository/admin/reports/not/Page_/input__react-select-2-input"), Keys.chord(ENTER)): Keys 'ENTER + ' sent to object: 'Object Repository/admin/reports/not/Page_/input__react-select-2-input'

2022-04-05 10:54:07 - [MESSAGE][PASSED] - Keys 'ENTER + ' sent to object: 'Object Repository/admin/reports/not/Page_/input__react-select-2-input'

2022-04-05 10:54:07 - [TEST_STEP][PASSED] - setText(findTestObject("Object Repository/admin/reports/not/Page_/input__react-select-3-input"), school): Text 'Омские Ястребы' is set on object 'Object Repository/admin/reports/not/Page_/input__react-select-3-input'

2022-04-05 10:54:11 - [MESSAGE][PASSED] - Text 'Омские Ястребы' is set on object 'Object Repository/admin/reports/not/Page_/input__react-select-3-input'

2022-04-05 10:54:11 - [TEST_STEP][PASSED] - sendKeys(findTestObject("Object Repository/admin/reports/not/Page_/input__react-select-3-input"), Keys.chord(ENTER)): Keys 'ENTER + ' sent to object: 'Object Repository/admin/reports/not/Page_/input__react-select-3-input'

2022-04-05 10:54:13 - [MESSAGE][PASSED] - Keys 'ENTER + ' sent to object: 'Object Repository/admin/reports/not/Page_/input__react-select-3-input'

2022-04-05 10:54:13 - [TEST_STEP][PASSED] - setText(findTestObject("Object Repository/admin/reports/not/Page_/input__react-select-4-input"), "26.8"): Text '26.8' is set on object 'Object Repository/admin/reports/not/Page_/input__react-select-4-input'

2022-04-05 10:54:17 - [MESSAGE][PASSED] - Text '26.8' is set on object 'Object Repository/admin/reports/not/Page_/input__react-select-4-input'

2022-04-05 10:54:17 - [TEST_STEP][PASSED] - sendKeys(findTestObject("Object Repository/admin/reports/not/Page_/input__react-select-4-input"), Keys.chord(ENTER)): Keys 'ENTER + ' sent to object: 'Object Repository/admin/reports/not/Page_/input__react-select-4-input'

2022-04-05 10:54:18 - [MESSAGE][PASSED] - Keys 'ENTER + ' sent to object: 'Object Repository/admin/reports/not/Page_/input__react-select-4-input'

2022-04-05 10:54:18 - [TEST_STEP][PASSED] - takeFullPageScreenshot("C:\scr\" + school + "30.jpg"): Taking screenshot successfully

2022-04-05 10:54:24 - [MESSAGE][INFO] - 0 hidden object(s)

2022-04-05 10:54:24 - [MESSAGE][PASSED] - Taking screenshot successfully
[[ATTACHMENT|C:\scr\Омские Ястребы30.jpg]]

2022-04-05 10:54:24 - [TEST_STEP][PASSED] - click(findTestObject("Object Repository/manager/kale/Page_/root")): Object: 'Object Repository/manager/kale/Page_/root' is clicked on

2022-04-05 10:54:26 - [MESSAGE][PASSED] - Object: 'Object Repository/manager/kale/Page_/root' is clicked on

2022-04-05 10:54:26 - [TEST_STEP][PASSED] - closeBrowser(): Browser is closed

2022-04-05 10:54:26 - [MESSAGE][PASSED] - Browser is closed]]></system-out>
         <system-err><![CDATA[]]></system-err>
      </testcase>
      <testcase name="Test Cases/Администратор/ОТЧЕТЫ функциональные тесты/Отчет психофиз" time="207.023" classname="Test Cases/Администратор/ОТЧЕТЫ функциональные тесты/Отчет психофиз" status="PASSED">
         <system-out><![CDATA[2022-04-05 10:54:26 - [TEST_CASE][PASSED] - Test Cases/Администратор/ОТЧЕТЫ функциональные тесты/Отчет психофиз: Test Cases/Администратор/ОТЧЕТЫ функциональные тесты/Отчет психофиз

2022-04-05 10:54:27 - [TEST_STEP][PASSED] - callTestCase(findTestCase("Администратор/Отчет для тк"), [:], STOP_ON_FAILURE): Call Test Case 'Test Cases/Администратор/Отчет для тк' successfully

2022-04-05 10:54:27 - [TEST_CASE][PASSED] - Test Cases/Администратор/Отчет для тк: Test Cases/Администратор/Отчет для тк

2022-04-05 10:54:27 - [TEST_STEP][PASSED] - callTestCase(findTestCase("Администратор/Авторизация"), [:], STOP_ON_FAILURE): Call Test Case 'Test Cases/Администратор/Авторизация' successfully

2022-04-05 10:54:27 - [TEST_CASE][PASSED] - Test Cases/Администратор/Авторизация: Test Cases/Администратор/Авторизация

2022-04-05 10:54:27 - [TEST_STEP][PASSED] - openBrowser(""): Browser is opened with url: ''

2022-04-05 10:54:27 - [MESSAGE][INFO] - User set preference: ['os', 'linux']

2022-04-05 10:54:27 - [MESSAGE][INFO] - User set preference: ['browserName', 'chrome']

2022-04-05 10:54:27 - [MESSAGE][INFO] - User set preference: ['browserVersion', '97']

2022-04-05 10:54:27 - [MESSAGE][INFO] - User set preference: ['katalon:option', '{organizationId=632442, tunnelId=, usingTunnel=false}']

2022-04-05 10:54:27 - [MESSAGE][INFO] - Connecting to remote web server 'testcloud.katalon.com/hub' with type 'Selenium'

2022-04-05 10:54:27 - [MESSAGE][INFO] - Action delay is set to 100 milliseconds

2022-04-05 10:56:14 - [MESSAGE][PASSED] - Browser is opened with url: ''

2022-04-05 10:56:14 - [TEST_STEP][PASSED] - maximizeWindow(): Current window maximized

2022-04-05 10:56:14 - [MESSAGE][PASSED] - Current window maximized

2022-04-05 10:56:14 - [TEST_STEP][PASSED] - navigateToUrl(url): Navigate to 'https://stars-stage.hawk.ru:8080' successfully

2022-04-05 10:56:20 - [MESSAGE][PASSED] - Navigate to 'https://stars-stage.hawk.ru:8080' successfully

2022-04-05 10:56:20 - [TEST_STEP][PASSED] - setText(findTestObject("Object Repository/Page_/input__sc-lnrBVv eqPACj"), admin_login): Text 'eronko.i@hc-avangard.com' is set on object 'Object Repository/Page_/input__sc-lnrBVv eqPACj'

2022-04-05 10:56:24 - [MESSAGE][PASSED] - Text 'eronko.i@hc-avangard.com' is set on object 'Object Repository/Page_/input__sc-lnrBVv eqPACj'

2022-04-05 10:56:24 - [TEST_STEP][PASSED] - setText(findTestObject("Object Repository/Page_/input__sc-lnrBVv eqPACj_1"), admin_password): Text 'eronko.i' is set on object 'Object Repository/Page_/input__sc-lnrBVv eqPACj_1'

2022-04-05 10:56:28 - [MESSAGE][PASSED] - Text 'eronko.i' is set on object 'Object Repository/Page_/input__sc-lnrBVv eqPACj_1'

2022-04-05 10:56:28 - [TEST_STEP][PASSED] - click(findTestObject("Object Repository/Page_/go")): Object: 'Object Repository/Page_/go' is clicked on

2022-04-05 10:56:30 - [MESSAGE][PASSED] - Object: 'Object Repository/Page_/go' is clicked on

2022-04-05 10:56:30 - [MESSAGE][PASSED] - Call Test Case 'Test Cases/Администратор/Авторизация' successfully

2022-04-05 10:56:30 - [TEST_STEP][PASSED] - click(findTestObject("admin/reports/keys/reports/report")): Object: 'Object Repository/admin/reports/keys/reports/report' is clicked on

2022-04-05 10:57:05 - [MESSAGE][PASSED] - Object: 'Object Repository/admin/reports/keys/reports/report' is clicked on

2022-04-05 10:57:05 - [MESSAGE][PASSED] - Call Test Case 'Test Cases/Администратор/Отчет для тк' successfully

2022-04-05 10:57:05 - [TEST_STEP][PASSED] - click(findTestObject("Object Repository/Avangard New/Object (Администратор)/Case (Психофиз)/psyxofiz report")): Object: 'Object Repository/Avangard New/Object (Администратор)/Case (Психофиз)/psyxofiz report' is clicked on

2022-04-05 10:57:07 - [MESSAGE][PASSED] - Object: 'Object Repository/Avangard New/Object (Администратор)/Case (Психофиз)/psyxofiz report' is clicked on

2022-04-05 10:57:07 - [TEST_STEP][PASSED] - verifyElementText(findTestObject("Object Repository/Avangard New/Object (Администратор)/Case (Психофиз)/header report"), "ОТЧЕТ ПСИХОЛОГИЧЕСКОГО ПРОФИЛЯ"): Actual text and expected text of test object 'Object Repository/Avangard New/Object (Администратор)/Case (Психофиз)/header report' are matched.

2022-04-05 10:57:10 - [MESSAGE][PASSED] - Actual text and expected text of test object 'Object Repository/Avangard New/Object (Администратор)/Case (Психофиз)/header report' are matched.

2022-04-05 10:57:10 - [TEST_STEP][PASSED] - click(findTestObject("Object Repository/Avangard New/Object (Администратор)/Case (Психофиз)/scool")): Object: 'Object Repository/Avangard New/Object (Администратор)/Case (Психофиз)/scool' is clicked on

2022-04-05 10:57:12 - [MESSAGE][PASSED] - Object: 'Object Repository/Avangard New/Object (Администратор)/Case (Психофиз)/scool' is clicked on

2022-04-05 10:57:12 - [TEST_STEP][PASSED] - click(findTestObject("Object Repository/Avangard New/Object (Администратор)/Case (Психофиз)/div_")): Object: 'Object Repository/Avangard New/Object (Администратор)/Case (Психофиз)/div_' is clicked on

2022-04-05 10:57:14 - [MESSAGE][PASSED] - Object: 'Object Repository/Avangard New/Object (Администратор)/Case (Психофиз)/div_' is clicked on

2022-04-05 10:57:14 - [TEST_STEP][PASSED] - click(findTestObject("Object Repository/Avangard New/Object (Администратор)/Case (Психофиз)/team")): Object: 'Object Repository/Avangard New/Object (Администратор)/Case (Психофиз)/team' is clicked on

2022-04-05 10:57:16 - [MESSAGE][PASSED] - Object: 'Object Repository/Avangard New/Object (Администратор)/Case (Психофиз)/team' is clicked on

2022-04-05 10:57:16 - [TEST_STEP][PASSED] - click(findTestObject("Object Repository/Avangard New/Object (Администратор)/Case (Психофиз)/oya")): Object: 'Object Repository/Avangard New/Object (Администратор)/Case (Психофиз)/oya' is clicked on

2022-04-05 10:57:18 - [MESSAGE][PASSED] - Object: 'Object Repository/Avangard New/Object (Администратор)/Case (Психофиз)/oya' is clicked on

2022-04-05 10:57:18 - [TEST_STEP][PASSED] - setText(findTestObject("Object Repository/Avangard New/Object (Администратор)/Case (Психофиз)/input__ganin"), player_for_test): Text 'Ганин Данила' is set on object 'Object Repository/Avangard New/Object (Администратор)/Case (Психофиз)/input__ganin'

2022-04-05 10:57:23 - [MESSAGE][PASSED] - Text 'Ганин Данила' is set on object 'Object Repository/Avangard New/Object (Администратор)/Case (Психофиз)/input__ganin'

2022-04-05 10:57:23 - [TEST_STEP][PASSED] - sendKeys(findTestObject("Object Repository/admin/Global player"), Keys.chord(ENTER)): Keys 'ENTER + ' sent to object: 'Object Repository/admin/Global player'

2022-04-05 10:57:25 - [MESSAGE][PASSED] - Keys 'ENTER + ' sent to object: 'Object Repository/admin/Global player'

2022-04-05 10:57:25 - [TEST_STEP][PASSED] - click(findTestObject("Object Repository/Avangard New/Object (Администратор)/Case (Психофиз)/date")): Object: 'Object Repository/Avangard New/Object (Администратор)/Case (Психофиз)/date' is clicked on

2022-04-05 10:57:27 - [MESSAGE][PASSED] - Object: 'Object Repository/Avangard New/Object (Администратор)/Case (Психофиз)/date' is clicked on

2022-04-05 10:57:27 - [TEST_STEP][PASSED] - click(findTestObject("Object Repository/Avangard New/Object (Администратор)/Case (Психофиз)/date 14 01")): Object: 'Object Repository/Avangard New/Object (Администратор)/Case (Психофиз)/date 14 01' is clicked on

2022-04-05 10:57:29 - [MESSAGE][PASSED] - Object: 'Object Repository/Avangard New/Object (Администратор)/Case (Психофиз)/date 14 01' is clicked on

2022-04-05 10:57:29 - [TEST_STEP][PASSED] - scrollToElement(findTestObject("Avangard New/Object (Администратор)/Case (Психофиз)/reaction easy1"), 0): Scroll to object 'Object Repository/Avangard New/Object (Администратор)/Case (Психофиз)/reaction easy1' successfully

2022-04-05 10:57:29 - [MESSAGE][WARNING] - Timeout '0' is invalid. Using default page load timeout: '30'

2022-04-05 10:57:32 - [MESSAGE][PASSED] - Scroll to object 'Object Repository/Avangard New/Object (Администратор)/Case (Психофиз)/reaction easy1' successfully

2022-04-05 10:57:32 - [TEST_STEP][PASSED] - verifyElementText(findTestObject("Avangard New/Object (Администратор)/Case (Психофиз)/reaction easy1"), "Реакция на простой стимул"): Actual text and expected text of test object 'Object Repository/Avangard New/Object (Администратор)/Case (Психофиз)/reaction easy1' are matched.

2022-04-05 10:57:34 - [MESSAGE][PASSED] - Actual text and expected text of test object 'Object Repository/Avangard New/Object (Администратор)/Case (Психофиз)/reaction easy1' are matched.

2022-04-05 10:57:34 - [TEST_STEP][PASSED] - verifyElementText(findTestObject("Avangard New/Object (Администратор)/Case (Психофиз)/reaction hard1"), "Реакция на сложный стимул"): Actual text and expected text of test object 'Object Repository/Avangard New/Object (Администратор)/Case (Психофиз)/reaction hard1' are matched.

2022-04-05 10:57:36 - [MESSAGE][PASSED] - Actual text and expected text of test object 'Object Repository/Avangard New/Object (Администратор)/Case (Психофиз)/reaction hard1' are matched.

2022-04-05 10:57:36 - [TEST_STEP][PASSED] - scrollToElement(findTestObject("Object Repository/Avangard New/Object (Администратор)/Case (Психофиз)/season (1)"), 0): Scroll to object 'Object Repository/Avangard New/Object (Администратор)/Case (Психофиз)/season (1)' successfully

2022-04-05 10:57:36 - [MESSAGE][WARNING] - Timeout '0' is invalid. Using default page load timeout: '30'

2022-04-05 10:57:38 - [MESSAGE][PASSED] - Scroll to object 'Object Repository/Avangard New/Object (Администратор)/Case (Психофиз)/season (1)' successfully

2022-04-05 10:57:38 - [TEST_STEP][PASSED] - click(findTestObject("Object Repository/Avangard New/Object (Администратор)/Case (Психофиз)/topologic")): Object: 'Object Repository/Avangard New/Object (Администратор)/Case (Психофиз)/topologic' is clicked on

2022-04-05 10:57:40 - [MESSAGE][PASSED] - Object: 'Object Repository/Avangard New/Object (Администратор)/Case (Психофиз)/topologic' is clicked on

2022-04-05 10:57:40 - [TEST_STEP][PASSED] - click(findTestObject("Object Repository/Avangard New/Object (Администратор)/Case (Психофиз)/season (1)")): Object: 'Object Repository/Avangard New/Object (Администратор)/Case (Психофиз)/season (1)' is clicked on

2022-04-05 10:57:42 - [MESSAGE][PASSED] - Object: 'Object Repository/Avangard New/Object (Администратор)/Case (Психофиз)/season (1)' is clicked on

2022-04-05 10:57:42 - [TEST_STEP][PASSED] - click(findTestObject("Object Repository/Avangard New/Object (Администратор)/Case (Психофиз)/21-22")): Object: 'Object Repository/Avangard New/Object (Администратор)/Case (Психофиз)/21-22' is clicked on

2022-04-05 10:57:44 - [MESSAGE][PASSED] - Object: 'Object Repository/Avangard New/Object (Администратор)/Case (Психофиз)/21-22' is clicked on

2022-04-05 10:57:44 - [TEST_STEP][PASSED] - scrollToElement(findTestObject("Avangard New/Object (Администратор)/Case (Психофиз)/exstraversi"), 0): Scroll to object 'Object Repository/Avangard New/Object (Администратор)/Case (Психофиз)/exstraversi' successfully

2022-04-05 10:57:44 - [MESSAGE][WARNING] - Timeout '0' is invalid. Using default page load timeout: '30'

2022-04-05 10:57:47 - [MESSAGE][PASSED] - Scroll to object 'Object Repository/Avangard New/Object (Администратор)/Case (Психофиз)/exstraversi' successfully

2022-04-05 10:57:47 - [TEST_STEP][PASSED] - verifyElementText(findTestObject("Avangard New/Object (Администратор)/Case (Психофиз)/exstraversi"), "Экстраверсия"): Actual text and expected text of test object 'Object Repository/Avangard New/Object (Администратор)/Case (Психофиз)/exstraversi' are matched.

2022-04-05 10:57:49 - [MESSAGE][PASSED] - Actual text and expected text of test object 'Object Repository/Avangard New/Object (Администратор)/Case (Психофиз)/exstraversi' are matched.

2022-04-05 10:57:49 - [TEST_STEP][PASSED] - verifyElementText(findTestObject("Avangard New/Object (Администратор)/Case (Психофиз)/spontannost"), "Спонтанность"): Actual text and expected text of test object 'Object Repository/Avangard New/Object (Администратор)/Case (Психофиз)/spontannost' are matched.

2022-04-05 10:57:51 - [MESSAGE][PASSED] - Actual text and expected text of test object 'Object Repository/Avangard New/Object (Администратор)/Case (Психофиз)/spontannost' are matched.

2022-04-05 10:57:51 - [TEST_STEP][PASSED] - click(findTestObject("Object Repository/Avangard New/Object (Администратор)/Case (Психофиз)/home")): Object: 'Object Repository/Avangard New/Object (Администратор)/Case (Психофиз)/home' is clicked on

2022-04-05 10:57:53 - [MESSAGE][PASSED] - Object: 'Object Repository/Avangard New/Object (Администратор)/Case (Психофиз)/home' is clicked on

2022-04-05 10:57:53 - [TEST_STEP][PASSED] - closeBrowser(): Browser is closed

2022-04-05 10:57:53 - [MESSAGE][PASSED] - Browser is closed]]></system-out>
         <system-err><![CDATA[]]></system-err>
      </testcase>
      <testcase name="Test Cases/Администратор/ОТЧЕТЫ функциональные тесты/Отчет по играм за период" time="196.388" classname="Test Cases/Администратор/ОТЧЕТЫ функциональные тесты/Отчет по играм за период" status="PASSED">
         <system-out><![CDATA[2022-04-05 10:57:53 - [TEST_CASE][PASSED] - Test Cases/Администратор/ОТЧЕТЫ функциональные тесты/Отчет по играм за период: Test Cases/Администратор/ОТЧЕТЫ функциональные тесты/Отчет по играм за период

2022-04-05 10:57:54 - [TEST_STEP][PASSED] - callTestCase(findTestCase("Администратор/Отчет для тк"), [:], STOP_ON_FAILURE): Call Test Case 'Test Cases/Администратор/Отчет для тк' successfully

2022-04-05 10:57:54 - [TEST_CASE][PASSED] - Test Cases/Администратор/Отчет для тк: Test Cases/Администратор/Отчет для тк

2022-04-05 10:57:54 - [TEST_STEP][PASSED] - callTestCase(findTestCase("Администратор/Авторизация"), [:], STOP_ON_FAILURE): Call Test Case 'Test Cases/Администратор/Авторизация' successfully

2022-04-05 10:57:54 - [TEST_CASE][PASSED] - Test Cases/Администратор/Авторизация: Test Cases/Администратор/Авторизация

2022-04-05 10:57:54 - [TEST_STEP][PASSED] - openBrowser(""): Browser is opened with url: ''

2022-04-05 10:57:54 - [MESSAGE][INFO] - User set preference: ['os', 'linux']

2022-04-05 10:57:54 - [MESSAGE][INFO] - User set preference: ['browserName', 'chrome']

2022-04-05 10:57:54 - [MESSAGE][INFO] - User set preference: ['browserVersion', '97']

2022-04-05 10:57:54 - [MESSAGE][INFO] - User set preference: ['katalon:option', '{organizationId=632442, tunnelId=, usingTunnel=false}']

2022-04-05 10:57:54 - [MESSAGE][INFO] - Connecting to remote web server 'testcloud.katalon.com/hub' with type 'Selenium'

2022-04-05 10:57:54 - [MESSAGE][INFO] - Action delay is set to 100 milliseconds

2022-04-05 10:59:13 - [MESSAGE][PASSED] - Browser is opened with url: ''

2022-04-05 10:59:13 - [TEST_STEP][PASSED] - maximizeWindow(): Current window maximized

2022-04-05 10:59:13 - [MESSAGE][PASSED] - Current window maximized

2022-04-05 10:59:13 - [TEST_STEP][PASSED] - navigateToUrl(url): Navigate to 'https://stars-stage.hawk.ru:8080' successfully

2022-04-05 10:59:19 - [MESSAGE][PASSED] - Navigate to 'https://stars-stage.hawk.ru:8080' successfully

2022-04-05 10:59:19 - [TEST_STEP][PASSED] - setText(findTestObject("Object Repository/Page_/input__sc-lnrBVv eqPACj"), admin_login): Text 'eronko.i@hc-avangard.com' is set on object 'Object Repository/Page_/input__sc-lnrBVv eqPACj'

2022-04-05 10:59:23 - [MESSAGE][PASSED] - Text 'eronko.i@hc-avangard.com' is set on object 'Object Repository/Page_/input__sc-lnrBVv eqPACj'

2022-04-05 10:59:23 - [TEST_STEP][PASSED] - setText(findTestObject("Object Repository/Page_/input__sc-lnrBVv eqPACj_1"), admin_password): Text 'eronko.i' is set on object 'Object Repository/Page_/input__sc-lnrBVv eqPACj_1'

2022-04-05 10:59:27 - [MESSAGE][PASSED] - Text 'eronko.i' is set on object 'Object Repository/Page_/input__sc-lnrBVv eqPACj_1'

2022-04-05 10:59:27 - [TEST_STEP][PASSED] - click(findTestObject("Object Repository/Page_/go")): Object: 'Object Repository/Page_/go' is clicked on

2022-04-05 10:59:29 - [MESSAGE][PASSED] - Object: 'Object Repository/Page_/go' is clicked on

2022-04-05 10:59:29 - [MESSAGE][PASSED] - Call Test Case 'Test Cases/Администратор/Авторизация' successfully

2022-04-05 10:59:29 - [TEST_STEP][PASSED] - click(findTestObject("admin/reports/keys/reports/report")): Object: 'Object Repository/admin/reports/keys/reports/report' is clicked on

2022-04-05 11:00:00 - [MESSAGE][PASSED] - Object: 'Object Repository/admin/reports/keys/reports/report' is clicked on

2022-04-05 11:00:00 - [MESSAGE][PASSED] - Call Test Case 'Test Cases/Администратор/Отчет для тк' successfully

2022-04-05 11:00:00 - [TEST_STEP][PASSED] - click(findTestObject("Object Repository/admin/reports/period/Page_/div_")): Object: 'Object Repository/admin/reports/period/Page_/div_' is clicked on

2022-04-05 11:00:03 - [MESSAGE][PASSED] - Object: 'Object Repository/admin/reports/period/Page_/div_' is clicked on

2022-04-05 11:00:03 - [TEST_STEP][PASSED] - verifyTextPresent("ОТЧЕТ ПО ИГРАМ ЗА ПЕРИОД", true): Text 'ОТЧЕТ ПО ИГРАМ ЗА ПЕРИОД' is present on page  using regular expression

2022-04-05 11:00:05 - [MESSAGE][PASSED] - Text 'ОТЧЕТ ПО ИГРАМ ЗА ПЕРИОД' is present on page  using regular expression

2022-04-05 11:00:05 - [TEST_STEP][PASSED] - setText(findTestObject("Object Repository/admin/reports/period/Page_/input__react-select-2-input"), "академия"): Text 'академия' is set on object 'Object Repository/admin/reports/period/Page_/input__react-select-2-input'

2022-04-05 11:00:09 - [MESSAGE][PASSED] - Text 'академия' is set on object 'Object Repository/admin/reports/period/Page_/input__react-select-2-input'

2022-04-05 11:00:09 - [TEST_STEP][PASSED] - sendKeys(findTestObject("Object Repository/admin/reports/period/Page_/input__react-select-2-input"), Keys.chord(ENTER)): Keys 'ENTER + ' sent to object: 'Object Repository/admin/reports/period/Page_/input__react-select-2-input'

2022-04-05 11:00:11 - [MESSAGE][PASSED] - Keys 'ENTER + ' sent to object: 'Object Repository/admin/reports/period/Page_/input__react-select-2-input'

2022-04-05 11:00:11 - [TEST_STEP][PASSED] - setText(findTestObject("Object Repository/admin/reports/period/Page_/input__react-select-3-input"), school): Text 'Омские Ястребы' is set on object 'Object Repository/admin/reports/period/Page_/input__react-select-3-input'

2022-04-05 11:00:16 - [MESSAGE][PASSED] - Text 'Омские Ястребы' is set on object 'Object Repository/admin/reports/period/Page_/input__react-select-3-input'

2022-04-05 11:00:16 - [TEST_STEP][PASSED] - sendKeys(findTestObject("Object Repository/admin/reports/period/Page_/input__react-select-3-input"), Keys.chord(ENTER)): Keys 'ENTER + ' sent to object: 'Object Repository/admin/reports/period/Page_/input__react-select-3-input'

2022-04-05 11:00:18 - [MESSAGE][PASSED] - Keys 'ENTER + ' sent to object: 'Object Repository/admin/reports/period/Page_/input__react-select-3-input'

2022-04-05 11:00:18 - [TEST_STEP][PASSED] - setText(findTestObject("Object Repository/admin/reports/period/Page_/input_._year"), "2020"): Text '2020' is set on object 'Object Repository/admin/reports/period/Page_/input_._year'

2022-04-05 11:00:34 - [MESSAGE][PASSED] - Text '2020' is set on object 'Object Repository/admin/reports/period/Page_/input_._year'

2022-04-05 11:00:34 - [TEST_STEP][PASSED] - waitForElementNotPresent(findTestObject("Object Repository/admin/reports/period/Page_/img_ _sc-cMljjf KiCqS"), 0): Web element with id: 'Object Repository/admin/reports/period/Page_/img_ _sc-cMljjf KiCqS' located by 'By.xpath: //div[@id='root']/div/div/div[2]/div/div[2]/div/div/div/img' is not present after '30' second(s)

2022-04-05 11:00:34 - [MESSAGE][WARNING] - Timeout '0' is invalid. Using default page load timeout: '30'

2022-04-05 11:00:42 - [MESSAGE][PASSED] - Web element with id: 'Object Repository/admin/reports/period/Page_/img_ _sc-cMljjf KiCqS' located by 'By.xpath: //div[@id='root']/div/div/div[2]/div/div[2]/div/div/div/img' is not present after '30' second(s)

2022-04-05 11:00:42 - [TEST_STEP][PASSED] - verifyTextPresent("Управление командой со скамейки", true): Text 'Управление командой со скамейки' is present on page  using regular expression

2022-04-05 11:00:47 - [MESSAGE][PASSED] - Text 'Управление командой со скамейки' is present on page  using regular expression

2022-04-05 11:00:47 - [TEST_STEP][PASSED] - verifyTextPresent("Самоотверженность / воля к победе", true): Text 'Самоотверженность / воля к победе' is present on page  using regular expression

2022-04-05 11:00:50 - [MESSAGE][PASSED] - Text 'Самоотверженность / воля к победе' is present on page  using regular expression

2022-04-05 11:00:50 - [TEST_STEP][PASSED] - verifyTextPresent("СРЕДНЯЯ ОЦЕНКА", false): Text 'СРЕДНЯЯ ОЦЕНКА' is present on page 

2022-04-05 11:00:53 - [MESSAGE][PASSED] - Text 'СРЕДНЯЯ ОЦЕНКА' is present on page 

2022-04-05 11:00:53 - [TEST_STEP][PASSED] - verifyTextPresent("АТАКУЮЩИЕ ДЕЙСТВИЯ", false): Text 'АТАКУЮЩИЕ ДЕЙСТВИЯ' is present on page 

2022-04-05 11:00:57 - [MESSAGE][PASSED] - Text 'АТАКУЮЩИЕ ДЕЙСТВИЯ' is present on page 

2022-04-05 11:00:57 - [TEST_STEP][PASSED] - verifyTextPresent("ОБОРОНИТЕЛЬНЫЕ ДЕЙСТВИЯ", false): Text 'ОБОРОНИТЕЛЬНЫЕ ДЕЙСТВИЯ' is present on page 

2022-04-05 11:01:00 - [MESSAGE][PASSED] - Text 'ОБОРОНИТЕЛЬНЫЕ ДЕЙСТВИЯ' is present on page 

2022-04-05 11:01:00 - [TEST_STEP][PASSED] - verifyTextPresent("Защитник", false): Text 'Защитник' is present on page 

2022-04-05 11:01:04 - [MESSAGE][PASSED] - Text 'Защитник' is present on page 

2022-04-05 11:01:04 - [TEST_STEP][PASSED] - verifyTextPresent("Нападающий", false): Text 'Нападающий' is present on page 

2022-04-05 11:01:07 - [MESSAGE][PASSED] - Text 'Нападающий' is present on page 

2022-04-05 11:01:07 - [TEST_STEP][PASSED] - click(findTestObject("Object Repository/admin/reports/period/Page_/root")): Object: 'Object Repository/admin/reports/period/Page_/root' is clicked on

2022-04-05 11:01:09 - [MESSAGE][PASSED] - Object: 'Object Repository/admin/reports/period/Page_/root' is clicked on

2022-04-05 11:01:09 - [TEST_STEP][PASSED] - closeBrowser(): Browser is closed

2022-04-05 11:01:10 - [MESSAGE][PASSED] - Browser is closed]]></system-out>
         <system-err><![CDATA[]]></system-err>
      </testcase>
      <testcase name="Test Cases/Администратор/ОТЧЕТЫ функциональные тесты/Игровая статистика" time="240.366" classname="Test Cases/Администратор/ОТЧЕТЫ функциональные тесты/Игровая статистика" status="FAILED">
         <failure type="FAILED" message="Test Cases/Администратор/ОТЧЕТЫ функциональные тесты/Игровая статистика FAILED.
Reason:
com.kms.katalon.core.exception.StepFailedException: Unable to verify text 'Матчи' is present  using regular expression
	at com.kms.katalon.core.webui.keyword.internal.WebUIKeywordMain.stepFailed(WebUIKeywordMain.groovy:64)
	at com.kms.katalon.core.webui.keyword.internal.WebUIKeywordMain.runKeyword(WebUIKeywordMain.groovy:26)
	at com.kms.katalon.core.webui.keyword.builtin.VerifyTextPresentKeyword.verifyTextPresent(VerifyTextPresentKeyword.groovy:83)
	at com.kms.katalon.core.webui.keyword.builtin.VerifyTextPresentKeyword.execute(VerifyTextPresentKeyword.groovy:68)
	at com.kms.katalon.core.keyword.internal.KeywordExecutor.executeKeywordForPlatform(KeywordExecutor.groovy:74)
	at com.kms.katalon.core.webui.keyword.WebUiBuiltInKeywords.verifyTextPresent(WebUiBuiltInKeywords.groovy:1723)
	at com.kms.katalon.core.webui.keyword.WebUiBuiltInKeywords$verifyTextPresent$7.call(Unknown Source)
	at Игровая статистика.run(Игровая статистика:48)
	at com.kms.katalon.core.main.ScriptEngine.run(ScriptEngine.java:194)
	at com.kms.katalon.core.main.ScriptEngine.runScriptAsRawText(ScriptEngine.java:119)
	at com.kms.katalon.core.main.TestCaseExecutor.runScript(TestCaseExecutor.java:442)
	at com.kms.katalon.core.main.TestCaseExecutor.doExecute(TestCaseExecutor.java:433)
	at com.kms.katalon.core.main.TestCaseExecutor.processExecutionPhase(TestCaseExecutor.java:412)
	at com.kms.katalon.core.main.TestCaseExecutor.accessMainPhase(TestCaseExecutor.java:404)
	at com.kms.katalon.core.main.TestCaseExecutor.execute(TestCaseExecutor.java:281)
	at com.kms.katalon.core.main.TestCaseExecutor.execute(TestCaseExecutor.java:363)
	at com.kms.katalon.core.main.TestCaseExecutor.execute(TestCaseExecutor.java:363)
	at com.kms.katalon.core.main.TestCaseExecutor.execute(TestCaseExecutor.java:363)
	at com.kms.katalon.core.main.TestSuiteExecutor.accessTestCaseMainPhase(TestSuiteExecutor.java:202)
	at com.kms.katalon.core.main.TestSuiteExecutor.accessTestSuiteMainPhase(TestSuiteExecutor.java:164)
	at com.kms.katalon.core.main.TestSuiteExecutor.execute(TestSuiteExecutor.java:105)
	at com.kms.katalon.core.main.TestCaseMain.startTestSuite(TestCaseMain.java:185)
	at com.kms.katalon.core.main.TestCaseMain$startTestSuite$0.call(Unknown Source)
	at TempTestSuite1649143162219.run(TempTestSuite1649143162219.groovy:36)
Caused by: com.kms.katalon.core.exception.StepFailedException: Text 'Матчи' is not present on page  using regular expression
	at com.kms.katalon.core.webui.keyword.internal.WebUIKeywordMain.stepFailed(WebUIKeywordMain.groovy:64)
	at com.kms.katalon.core.webui.keyword.builtin.VerifyTextPresentKeyword$_verifyTextPresent_closure1.doCall(VerifyTextPresentKeyword.groovy:79)
	at com.kms.katalon.core.webui.keyword.builtin.VerifyTextPresentKeyword$_verifyTextPresent_closure1.call(VerifyTextPresentKeyword.groovy)
	at com.kms.katalon.core.webui.keyword.internal.WebUIKeywordMain.runKeyword(WebUIKeywordMain.groovy:20)
	... 22 more
"/>
         <system-out><![CDATA[2022-04-05 11:13:18 - [TEST_CASE][FAILED] - Test Cases/Администратор/ОТЧЕТЫ функциональные тесты/Игровая статистика: Test Cases/Администратор/ОТЧЕТЫ функциональные тесты/Игровая статистика FAILED.
Reason:
com.kms.katalon.core.exception.StepFailedException: Unable to verify text 'Матчи' is present  using regular expression
	at com.kms.katalon.core.webui.keyword.internal.WebUIKeywordMain.stepFailed(WebUIKeywordMain.groovy:64)
	at com.kms.katalon.core.webui.keyword.internal.WebUIKeywordMain.runKeyword(WebUIKeywordMain.groovy:26)
	at com.kms.katalon.core.webui.keyword.builtin.VerifyTextPresentKeyword.verifyTextPresent(VerifyTextPresentKeyword.groovy:83)
	at com.kms.katalon.core.webui.keyword.builtin.VerifyTextPresentKeyword.execute(VerifyTextPresentKeyword.groovy:68)
	at com.kms.katalon.core.keyword.internal.KeywordExecutor.executeKeywordForPlatform(KeywordExecutor.groovy:74)
	at com.kms.katalon.core.webui.keyword.WebUiBuiltInKeywords.verifyTextPresent(WebUiBuiltInKeywords.groovy:1723)
	at com.kms.katalon.core.webui.keyword.WebUiBuiltInKeywords$verifyTextPresent$7.call(Unknown Source)
	at Игровая статистика.run(Игровая статистика:48)
	at com.kms.katalon.core.main.ScriptEngine.run(ScriptEngine.java:194)
	at com.kms.katalon.core.main.ScriptEngine.runScriptAsRawText(ScriptEngine.java:119)
	at com.kms.katalon.core.main.TestCaseExecutor.runScript(TestCaseExecutor.java:442)
	at com.kms.katalon.core.main.TestCaseExecutor.doExecute(TestCaseExecutor.java:433)
	at com.kms.katalon.core.main.TestCaseExecutor.processExecutionPhase(TestCaseExecutor.java:412)
	at com.kms.katalon.core.main.TestCaseExecutor.accessMainPhase(TestCaseExecutor.java:404)
	at com.kms.katalon.core.main.TestCaseExecutor.execute(TestCaseExecutor.java:281)
	at com.kms.katalon.core.main.TestCaseExecutor.execute(TestCaseExecutor.java:363)
	at com.kms.katalon.core.main.TestCaseExecutor.execute(TestCaseExecutor.java:363)
	at com.kms.katalon.core.main.TestCaseExecutor.execute(TestCaseExecutor.java:363)
	at com.kms.katalon.core.main.TestSuiteExecutor.accessTestCaseMainPhase(TestSuiteExecutor.java:202)
	at com.kms.katalon.core.main.TestSuiteExecutor.accessTestSuiteMainPhase(TestSuiteExecutor.java:164)
	at com.kms.katalon.core.main.TestSuiteExecutor.execute(TestSuiteExecutor.java:105)
	at com.kms.katalon.core.main.TestCaseMain.startTestSuite(TestCaseMain.java:185)
	at com.kms.katalon.core.main.TestCaseMain$startTestSuite$0.call(Unknown Source)
	at TempTestSuite1649143162219.run(TempTestSuite1649143162219.groovy:36)
Caused by: com.kms.katalon.core.exception.StepFailedException: Text 'Матчи' is not present on page  using regular expression
	at com.kms.katalon.core.webui.keyword.internal.WebUIKeywordMain.stepFailed(WebUIKeywordMain.groovy:64)
	at com.kms.katalon.core.webui.keyword.builtin.VerifyTextPresentKeyword$_verifyTextPresent_closure1.doCall(VerifyTextPresentKeyword.groovy:79)
	at com.kms.katalon.core.webui.keyword.builtin.VerifyTextPresentKeyword$_verifyTextPresent_closure1.call(VerifyTextPresentKeyword.groovy)
	at com.kms.katalon.core.webui.keyword.internal.WebUIKeywordMain.runKeyword(WebUIKeywordMain.groovy:20)
	... 22 more


2022-04-05 11:13:18 - [TEST_STEP][PASSED] - callTestCase(findTestCase("Администратор/Авторизация"), [:], STOP_ON_FAILURE): Call Test Case 'Test Cases/Администратор/Авторизация' successfully

2022-04-05 11:13:18 - [TEST_CASE][PASSED] - Test Cases/Администратор/Авторизация: Test Cases/Администратор/Авторизация

2022-04-05 11:13:18 - [TEST_STEP][PASSED] - openBrowser(""): Browser is opened with url: ''

2022-04-05 11:13:18 - [MESSAGE][WARNING] - A browser is already opened. Closing browser and opening a new one

2022-04-05 11:13:19 - [MESSAGE][INFO] - User set preference: ['os', 'linux']

2022-04-05 11:13:19 - [MESSAGE][INFO] - User set preference: ['browserName', 'chrome']

2022-04-05 11:13:19 - [MESSAGE][INFO] - User set preference: ['browserVersion', '97']

2022-04-05 11:13:19 - [MESSAGE][INFO] - User set preference: ['katalon:option', '{organizationId=632442, tunnelId=, usingTunnel=false}']

2022-04-05 11:13:19 - [MESSAGE][INFO] - Connecting to remote web server 'testcloud.katalon.com/hub' with type 'Selenium'

2022-04-05 11:13:19 - [MESSAGE][INFO] - Action delay is set to 100 milliseconds

2022-04-05 11:15:10 - [MESSAGE][PASSED] - Browser is opened with url: ''

2022-04-05 11:15:10 - [TEST_STEP][PASSED] - maximizeWindow(): Current window maximized

2022-04-05 11:15:11 - [MESSAGE][PASSED] - Current window maximized

2022-04-05 11:15:11 - [TEST_STEP][PASSED] - navigateToUrl(url): Navigate to 'https://stars-stage.hawk.ru:8080' successfully

2022-04-05 11:15:18 - [MESSAGE][PASSED] - Navigate to 'https://stars-stage.hawk.ru:8080' successfully

2022-04-05 11:15:18 - [TEST_STEP][PASSED] - setText(findTestObject("Object Repository/Page_/input__sc-lnrBVv eqPACj"), admin_login): Text 'eronko.i@hc-avangard.com' is set on object 'Object Repository/Page_/input__sc-lnrBVv eqPACj'

2022-04-05 11:15:23 - [MESSAGE][PASSED] - Text 'eronko.i@hc-avangard.com' is set on object 'Object Repository/Page_/input__sc-lnrBVv eqPACj'

2022-04-05 11:15:23 - [TEST_STEP][PASSED] - setText(findTestObject("Object Repository/Page_/input__sc-lnrBVv eqPACj_1"), admin_password): Text 'eronko.i' is set on object 'Object Repository/Page_/input__sc-lnrBVv eqPACj_1'

2022-04-05 11:15:27 - [MESSAGE][PASSED] - Text 'eronko.i' is set on object 'Object Repository/Page_/input__sc-lnrBVv eqPACj_1'

2022-04-05 11:15:27 - [TEST_STEP][PASSED] - click(findTestObject("Object Repository/Page_/go")): Object: 'Object Repository/Page_/go' is clicked on

2022-04-05 11:15:29 - [MESSAGE][PASSED] - Object: 'Object Repository/Page_/go' is clicked on

2022-04-05 11:15:29 - [MESSAGE][PASSED] - Call Test Case 'Test Cases/Администратор/Авторизация' successfully

2022-04-05 11:15:29 - [TEST_STEP][PASSED] - click(findTestObject("Object Repository/admin/reports/gamestat/reports/report")): Object: 'Object Repository/admin/reports/gamestat/reports/report' is clicked on

2022-04-05 11:15:41 - [MESSAGE][PASSED] - Object: 'Object Repository/admin/reports/gamestat/reports/report' is clicked on

2022-04-05 11:15:41 - [TEST_STEP][PASSED] - click(findTestObject("Object Repository/admin/reports/gamestat/Page_/stats_report")): Object: 'Object Repository/admin/reports/gamestat/Page_/stats_report' is clicked on

2022-04-05 11:15:43 - [MESSAGE][PASSED] - Object: 'Object Repository/admin/reports/gamestat/Page_/stats_report' is clicked on

2022-04-05 11:15:43 - [TEST_STEP][PASSED] - verifyTextPresent("ИГРОВАЯ СТАТИСТИКА", true): Text 'ИГРОВАЯ СТАТИСТИКА' is present on page  using regular expression

2022-04-05 11:15:45 - [MESSAGE][PASSED] - Text 'ИГРОВАЯ СТАТИСТИКА' is present on page  using regular expression

2022-04-05 11:15:45 - [TEST_STEP][PASSED] - click(findTestObject("Object Repository/admin/reports/gamestat/Page_/school")): Object: 'Object Repository/admin/reports/gamestat/Page_/school' is clicked on

2022-04-05 11:16:17 - [MESSAGE][INFO] - Unable to find the element located by 'By.xpath: //div[(text() = 'Школа' or . = 'Школа')]'. Please recheck the objects properties to make sure the desired element is located. 

2022-04-05 11:16:17 - [MESSAGE][WARNING] - [SELF-HEALING] Failed to find element with id 'Object Repository/admin/reports/gamestat/Page_/school'. Try using Self-healing.

2022-04-05 11:16:19 - [MESSAGE][WARNING] - [SELF-HEALING] The current locator of test object 'Object Repository/admin/reports/gamestat/Page_/school' was broken. Propose an alternative one: '(.//*[normalize-space(text()) and normalize-space(.)='Школа'])[1]/following::div[4]'.

2022-04-05 11:16:19 - [MESSAGE][PASSED] - Object: 'Object Repository/admin/reports/gamestat/Page_/school' is clicked on

2022-04-05 11:16:19 - [TEST_STEP][PASSED] - click(findTestObject("Object Repository/admin/reports/gamestat/Page_/Academy")): Object: 'Object Repository/admin/reports/gamestat/Page_/Academy' is clicked on

2022-04-05 11:16:21 - [MESSAGE][PASSED] - Object: 'Object Repository/admin/reports/gamestat/Page_/Academy' is clicked on

2022-04-05 11:16:21 - [TEST_STEP][PASSED] - click(findTestObject("Object Repository/admin/reports/gamestat/Page_/team")): Object: 'Object Repository/admin/reports/gamestat/Page_/team' is clicked on

2022-04-05 11:16:54 - [MESSAGE][INFO] - Unable to find the element located by 'By.xpath: //div[(text() = 'Выберите команду' or . = 'Выберите команду')]'. Please recheck the objects properties to make sure the desired element is located. 

2022-04-05 11:16:54 - [MESSAGE][WARNING] - [SELF-HEALING] Failed to find element with id 'Object Repository/admin/reports/gamestat/Page_/team'. Try using Self-healing.

2022-04-05 11:16:56 - [MESSAGE][WARNING] - [SELF-HEALING] The current locator of test object 'Object Repository/admin/reports/gamestat/Page_/team' was broken. Propose an alternative one: '(.//*[normalize-space(text()) and normalize-space(.)='Команда'])[1]/following::div[4]'.

2022-04-05 11:16:56 - [MESSAGE][PASSED] - Object: 'Object Repository/admin/reports/gamestat/Page_/team' is clicked on

2022-04-05 11:16:56 - [TEST_STEP][PASSED] - click(findTestObject("Object Repository/admin/reports/gamestat/Page_/varteam")): Object: 'Object Repository/admin/reports/gamestat/Page_/varteam' is clicked on

2022-04-05 11:16:59 - [MESSAGE][PASSED] - Object: 'Object Repository/admin/reports/gamestat/Page_/varteam' is clicked on

2022-04-05 11:16:59 - [TEST_STEP][PASSED] - click(findTestObject("Object Repository/admin/reports/gamestat/Page_/choseSeason")): Object: 'Object Repository/admin/reports/gamestat/Page_/choseSeason' is clicked on

2022-04-05 11:17:01 - [MESSAGE][PASSED] - Object: 'Object Repository/admin/reports/gamestat/Page_/choseSeason' is clicked on

2022-04-05 11:17:01 - [TEST_STEP][PASSED] - click(findTestObject("Object Repository/admin/reports/gamestat/Page_/div_21-22_1")): Object: 'Object Repository/admin/reports/gamestat/Page_/div_21-22_1' is clicked on

2022-04-05 11:17:04 - [MESSAGE][PASSED] - Object: 'Object Repository/admin/reports/gamestat/Page_/div_21-22_1' is clicked on

2022-04-05 11:17:04 - [TEST_STEP][PASSED] - takeFullPageScreenshot("C:\scr\" + school + "10.jpg"): Taking screenshot successfully

2022-04-05 11:17:12 - [MESSAGE][INFO] - 0 hidden object(s)

2022-04-05 11:17:12 - [MESSAGE][PASSED] - Taking screenshot successfully
[[ATTACHMENT|C:\scr\Омские Ястребы10.jpg]]

2022-04-05 11:17:12 - [TEST_STEP][FAILED] - verifyTextPresent("Матчи", true): Unable to verify text 'Матчи' is present  using regular expression (Root cause: com.kms.katalon.core.exception.StepFailedException: Unable to verify text 'Матчи' is present  using regular expression
	at com.kms.katalon.core.webui.keyword.internal.WebUIKeywordMain.stepFailed(WebUIKeywordMain.groovy:64)
	at com.kms.katalon.core.webui.keyword.internal.WebUIKeywordMain.runKeyword(WebUIKeywordMain.groovy:26)
	at com.kms.katalon.core.webui.keyword.builtin.VerifyTextPresentKeyword.verifyTextPresent(VerifyTextPresentKeyword.groovy:83)
	at com.kms.katalon.core.webui.keyword.builtin.VerifyTextPresentKeyword.execute(VerifyTextPresentKeyword.groovy:68)
	at com.kms.katalon.core.keyword.internal.KeywordExecutor.executeKeywordForPlatform(KeywordExecutor.groovy:74)
	at com.kms.katalon.core.webui.keyword.WebUiBuiltInKeywords.verifyTextPresent(WebUiBuiltInKeywords.groovy:1723)
	at com.kms.katalon.core.webui.keyword.WebUiBuiltInKeywords$verifyTextPresent$7.call(Unknown Source)
	at Игровая статистика.run(Игровая статистика:48)
	at com.kms.katalon.core.main.ScriptEngine.run(ScriptEngine.java:194)
	at com.kms.katalon.core.main.ScriptEngine.runScriptAsRawText(ScriptEngine.java:119)
	at com.kms.katalon.core.main.TestCaseExecutor.runScript(TestCaseExecutor.java:442)
	at com.kms.katalon.core.main.TestCaseExecutor.doExecute(TestCaseExecutor.java:433)
	at com.kms.katalon.core.main.TestCaseExecutor.processExecutionPhase(TestCaseExecutor.java:412)
	at com.kms.katalon.core.main.TestCaseExecutor.accessMainPhase(TestCaseExecutor.java:404)
	at com.kms.katalon.core.main.TestCaseExecutor.execute(TestCaseExecutor.java:281)
	at com.kms.katalon.core.main.TestCaseExecutor.execute(TestCaseExecutor.java:363)
	at com.kms.katalon.core.main.TestCaseExecutor.execute(TestCaseExecutor.java:363)
	at com.kms.katalon.core.main.TestCaseExecutor.execute(TestCaseExecutor.java:363)
	at com.kms.katalon.core.main.TestSuiteExecutor.accessTestCaseMainPhase(TestSuiteExecutor.java:202)
	at com.kms.katalon.core.main.TestSuiteExecutor.accessTestSuiteMainPhase(TestSuiteExecutor.java:164)
	at com.kms.katalon.core.main.TestSuiteExecutor.execute(TestSuiteExecutor.java:105)
	at com.kms.katalon.core.main.TestCaseMain.startTestSuite(TestCaseMain.java:185)
	at com.kms.katalon.core.main.TestCaseMain$startTestSuite$0.call(Unknown Source)
	at TempTestSuite1649143162219.run(TempTestSuite1649143162219.groovy:36)
Caused by: com.kms.katalon.core.exception.StepFailedException: Text 'Матчи' is not present on page  using regular expression
	at com.kms.katalon.core.webui.keyword.internal.WebUIKeywordMain.stepFailed(WebUIKeywordMain.groovy:64)
	at com.kms.katalon.core.webui.keyword.builtin.VerifyTextPresentKeyword$_verifyTextPresent_closure1.doCall(VerifyTextPresentKeyword.groovy:79)
	at com.kms.katalon.core.webui.keyword.builtin.VerifyTextPresentKeyword$_verifyTextPresent_closure1.call(VerifyTextPresentKeyword.groovy)
	at com.kms.katalon.core.webui.keyword.internal.WebUIKeywordMain.runKeyword(WebUIKeywordMain.groovy:20)
	... 22 more
)

2022-04-05 11:17:14 - [MESSAGE][FAILED] - Text 'Матчи' is not present on page  using regular expression (Root cause: com.kms.katalon.core.exception.StepFailedException: Text 'Матчи' is not present on page  using regular expression
	at com.kms.katalon.core.webui.keyword.internal.WebUIKeywordMain.stepFailed(WebUIKeywordMain.groovy:64)
	at com.kms.katalon.core.webui.keyword.builtin.VerifyTextPresentKeyword$_verifyTextPresent_closure1.doCall(VerifyTextPresentKeyword.groovy:79)
	at com.kms.katalon.core.webui.keyword.builtin.VerifyTextPresentKeyword$_verifyTextPresent_closure1.call(VerifyTextPresentKeyword.groovy)
	at com.kms.katalon.core.webui.keyword.internal.WebUIKeywordMain.runKeyword(WebUIKeywordMain.groovy:20)
	at com.kms.katalon.core.webui.keyword.builtin.VerifyTextPresentKeyword.verifyTextPresent(VerifyTextPresentKeyword.groovy:83)
	at com.kms.katalon.core.webui.keyword.builtin.VerifyTextPresentKeyword.execute(VerifyTextPresentKeyword.groovy:68)
	at com.kms.katalon.core.keyword.internal.KeywordExecutor.executeKeywordForPlatform(KeywordExecutor.groovy:74)
	at com.kms.katalon.core.webui.keyword.WebUiBuiltInKeywords.verifyTextPresent(WebUiBuiltInKeywords.groovy:1723)
	at com.kms.katalon.core.webui.keyword.WebUiBuiltInKeywords$verifyTextPresent$7.call(Unknown Source)
	at Игровая статистика.run(Игровая статистика:48)
	at com.kms.katalon.core.main.ScriptEngine.run(ScriptEngine.java:194)
	at com.kms.katalon.core.main.ScriptEngine.runScriptAsRawText(ScriptEngine.java:119)
	at com.kms.katalon.core.main.TestCaseExecutor.runScript(TestCaseExecutor.java:442)
	at com.kms.katalon.core.main.TestCaseExecutor.doExecute(TestCaseExecutor.java:433)
	at com.kms.katalon.core.main.TestCaseExecutor.processExecutionPhase(TestCaseExecutor.java:412)
	at com.kms.katalon.core.main.TestCaseExecutor.accessMainPhase(TestCaseExecutor.java:404)
	at com.kms.katalon.core.main.TestCaseExecutor.execute(TestCaseExecutor.java:281)
	at com.kms.katalon.core.main.TestCaseExecutor.execute(TestCaseExecutor.java:363)
	at com.kms.katalon.core.main.TestCaseExecutor.execute(TestCaseExecutor.java:363)
	at com.kms.katalon.core.main.TestCaseExecutor.execute(TestCaseExecutor.java:363)
	at com.kms.katalon.core.main.TestSuiteExecutor.accessTestCaseMainPhase(TestSuiteExecutor.java:202)
	at com.kms.katalon.core.main.TestSuiteExecutor.accessTestSuiteMainPhase(TestSuiteExecutor.java:164)
	at com.kms.katalon.core.main.TestSuiteExecutor.execute(TestSuiteExecutor.java:105)
	at com.kms.katalon.core.main.TestCaseMain.startTestSuite(TestCaseMain.java:185)
	at com.kms.katalon.core.main.TestCaseMain$startTestSuite$0.call(Unknown Source)
	at TempTestSuite1649143162219.run(TempTestSuite1649143162219.groovy:36)
)

2022-04-05 11:17:16 - [MESSAGE][FAILED] - Unable to verify text 'Матчи' is present  using regular expression (Root cause: com.kms.katalon.core.exception.StepFailedException: Unable to verify text 'Матчи' is present  using regular expression
	at com.kms.katalon.core.webui.keyword.internal.WebUIKeywordMain.stepFailed(WebUIKeywordMain.groovy:64)
	at com.kms.katalon.core.webui.keyword.internal.WebUIKeywordMain.runKeyword(WebUIKeywordMain.groovy:26)
	at com.kms.katalon.core.webui.keyword.builtin.VerifyTextPresentKeyword.verifyTextPresent(VerifyTextPresentKeyword.groovy:83)
	at com.kms.katalon.core.webui.keyword.builtin.VerifyTextPresentKeyword.execute(VerifyTextPresentKeyword.groovy:68)
	at com.kms.katalon.core.keyword.internal.KeywordExecutor.executeKeywordForPlatform(KeywordExecutor.groovy:74)
	at com.kms.katalon.core.webui.keyword.WebUiBuiltInKeywords.verifyTextPresent(WebUiBuiltInKeywords.groovy:1723)
	at com.kms.katalon.core.webui.keyword.WebUiBuiltInKeywords$verifyTextPresent$7.call(Unknown Source)
	at Игровая статистика.run(Игровая статистика:48)
	at com.kms.katalon.core.main.ScriptEngine.run(ScriptEngine.java:194)
	at com.kms.katalon.core.main.ScriptEngine.runScriptAsRawText(ScriptEngine.java:119)
	at com.kms.katalon.core.main.TestCaseExecutor.runScript(TestCaseExecutor.java:442)
	at com.kms.katalon.core.main.TestCaseExecutor.doExecute(TestCaseExecutor.java:433)
	at com.kms.katalon.core.main.TestCaseExecutor.processExecutionPhase(TestCaseExecutor.java:412)
	at com.kms.katalon.core.main.TestCaseExecutor.accessMainPhase(TestCaseExecutor.java:404)
	at com.kms.katalon.core.main.TestCaseExecutor.execute(TestCaseExecutor.java:281)
	at com.kms.katalon.core.main.TestCaseExecutor.execute(TestCaseExecutor.java:363)
	at com.kms.katalon.core.main.TestCaseExecutor.execute(TestCaseExecutor.java:363)
	at com.kms.katalon.core.main.TestCaseExecutor.execute(TestCaseExecutor.java:363)
	at com.kms.katalon.core.main.TestSuiteExecutor.accessTestCaseMainPhase(TestSuiteExecutor.java:202)
	at com.kms.katalon.core.main.TestSuiteExecutor.accessTestSuiteMainPhase(TestSuiteExecutor.java:164)
	at com.kms.katalon.core.main.TestSuiteExecutor.execute(TestSuiteExecutor.java:105)
	at com.kms.katalon.core.main.TestCaseMain.startTestSuite(TestCaseMain.java:185)
	at com.kms.katalon.core.main.TestCaseMain$startTestSuite$0.call(Unknown Source)
	at TempTestSuite1649143162219.run(TempTestSuite1649143162219.groovy:36)
Caused by: com.kms.katalon.core.exception.StepFailedException: Text 'Матчи' is not present on page  using regular expression
	at com.kms.katalon.core.webui.keyword.internal.WebUIKeywordMain.stepFailed(WebUIKeywordMain.groovy:64)
	at com.kms.katalon.core.webui.keyword.builtin.VerifyTextPresentKeyword$_verifyTextPresent_closure1.doCall(VerifyTextPresentKeyword.groovy:79)
	at com.kms.katalon.core.webui.keyword.builtin.VerifyTextPresentKeyword$_verifyTextPresent_closure1.call(VerifyTextPresentKeyword.groovy)
	at com.kms.katalon.core.webui.keyword.internal.WebUIKeywordMain.runKeyword(WebUIKeywordMain.groovy:20)
	... 22 more
)
[[ATTACHMENT|C:\\Users\\LENOVO\\Katalon Studio\\Avangard\\Reports\\20220405_101904\\\u041C\u0435\u043D\u0435\u0436\u0434\u0435\u0440\\20220405_101922\\1649146634513.png]]]]></system-out>
         <system-err><![CDATA[2022-04-05 11:13:18 - [TEST_CASE][FAILED] - Test Cases/Администратор/ОТЧЕТЫ функциональные тесты/Игровая статистика: Test Cases/Администратор/ОТЧЕТЫ функциональные тесты/Игровая статистика FAILED.
Reason:
com.kms.katalon.core.exception.StepFailedException: Unable to verify text 'Матчи' is present  using regular expression
	at com.kms.katalon.core.webui.keyword.internal.WebUIKeywordMain.stepFailed(WebUIKeywordMain.groovy:64)
	at com.kms.katalon.core.webui.keyword.internal.WebUIKeywordMain.runKeyword(WebUIKeywordMain.groovy:26)
	at com.kms.katalon.core.webui.keyword.builtin.VerifyTextPresentKeyword.verifyTextPresent(VerifyTextPresentKeyword.groovy:83)
	at com.kms.katalon.core.webui.keyword.builtin.VerifyTextPresentKeyword.execute(VerifyTextPresentKeyword.groovy:68)
	at com.kms.katalon.core.keyword.internal.KeywordExecutor.executeKeywordForPlatform(KeywordExecutor.groovy:74)
	at com.kms.katalon.core.webui.keyword.WebUiBuiltInKeywords.verifyTextPresent(WebUiBuiltInKeywords.groovy:1723)
	at com.kms.katalon.core.webui.keyword.WebUiBuiltInKeywords$verifyTextPresent$7.call(Unknown Source)
	at Игровая статистика.run(Игровая статистика:48)
	at com.kms.katalon.core.main.ScriptEngine.run(ScriptEngine.java:194)
	at com.kms.katalon.core.main.ScriptEngine.runScriptAsRawText(ScriptEngine.java:119)
	at com.kms.katalon.core.main.TestCaseExecutor.runScript(TestCaseExecutor.java:442)
	at com.kms.katalon.core.main.TestCaseExecutor.doExecute(TestCaseExecutor.java:433)
	at com.kms.katalon.core.main.TestCaseExecutor.processExecutionPhase(TestCaseExecutor.java:412)
	at com.kms.katalon.core.main.TestCaseExecutor.accessMainPhase(TestCaseExecutor.java:404)
	at com.kms.katalon.core.main.TestCaseExecutor.execute(TestCaseExecutor.java:281)
	at com.kms.katalon.core.main.TestCaseExecutor.execute(TestCaseExecutor.java:363)
	at com.kms.katalon.core.main.TestCaseExecutor.execute(TestCaseExecutor.java:363)
	at com.kms.katalon.core.main.TestCaseExecutor.execute(TestCaseExecutor.java:363)
	at com.kms.katalon.core.main.TestSuiteExecutor.accessTestCaseMainPhase(TestSuiteExecutor.java:202)
	at com.kms.katalon.core.main.TestSuiteExecutor.accessTestSuiteMainPhase(TestSuiteExecutor.java:164)
	at com.kms.katalon.core.main.TestSuiteExecutor.execute(TestSuiteExecutor.java:105)
	at com.kms.katalon.core.main.TestCaseMain.startTestSuite(TestCaseMain.java:185)
	at com.kms.katalon.core.main.TestCaseMain$startTestSuite$0.call(Unknown Source)
	at TempTestSuite1649143162219.run(TempTestSuite1649143162219.groovy:36)
Caused by: com.kms.katalon.core.exception.StepFailedException: Text 'Матчи' is not present on page  using regular expression
	at com.kms.katalon.core.webui.keyword.internal.WebUIKeywordMain.stepFailed(WebUIKeywordMain.groovy:64)
	at com.kms.katalon.core.webui.keyword.builtin.VerifyTextPresentKeyword$_verifyTextPresent_closure1.doCall(VerifyTextPresentKeyword.groovy:79)
	at com.kms.katalon.core.webui.keyword.builtin.VerifyTextPresentKeyword$_verifyTextPresent_closure1.call(VerifyTextPresentKeyword.groovy)
	at com.kms.katalon.core.webui.keyword.internal.WebUIKeywordMain.runKeyword(WebUIKeywordMain.groovy:20)
	... 22 more]]></system-err>
      </testcase>
      <testcase name="Test Cases/Администратор/Отчет для тк" time="145.846" classname="Test Cases/Администратор/Отчет для тк" status="PASSED">
         <system-out><![CDATA[2022-04-05 11:17:18 - [TEST_CASE][PASSED] - Test Cases/Администратор/Отчет для тк: Test Cases/Администратор/Отчет для тк

2022-04-05 11:17:18 - [TEST_STEP][PASSED] - callTestCase(findTestCase("Администратор/Авторизация"), [:], STOP_ON_FAILURE): Call Test Case 'Test Cases/Администратор/Авторизация' successfully

2022-04-05 11:17:18 - [TEST_CASE][PASSED] - Test Cases/Администратор/Авторизация: Test Cases/Администратор/Авторизация

2022-04-05 11:17:18 - [TEST_STEP][PASSED] - openBrowser(""): Browser is opened with url: ''

2022-04-05 11:17:18 - [MESSAGE][WARNING] - A browser is already opened. Closing browser and opening a new one

2022-04-05 11:17:19 - [MESSAGE][INFO] - User set preference: ['os', 'linux']

2022-04-05 11:17:19 - [MESSAGE][INFO] - User set preference: ['browserName', 'chrome']

2022-04-05 11:17:19 - [MESSAGE][INFO] - User set preference: ['browserVersion', '97']

2022-04-05 11:17:19 - [MESSAGE][INFO] - User set preference: ['katalon:option', '{organizationId=632442, tunnelId=, usingTunnel=false}']

2022-04-05 11:17:19 - [MESSAGE][INFO] - Connecting to remote web server 'testcloud.katalon.com/hub' with type 'Selenium'

2022-04-05 11:17:19 - [MESSAGE][INFO] - Action delay is set to 100 milliseconds

2022-04-05 11:19:11 - [MESSAGE][PASSED] - Browser is opened with url: ''

2022-04-05 11:19:11 - [TEST_STEP][PASSED] - maximizeWindow(): Current window maximized

2022-04-05 11:19:12 - [MESSAGE][PASSED] - Current window maximized

2022-04-05 11:19:12 - [TEST_STEP][PASSED] - navigateToUrl(url): Navigate to 'https://stars-stage.hawk.ru:8080' successfully

2022-04-05 11:19:19 - [MESSAGE][PASSED] - Navigate to 'https://stars-stage.hawk.ru:8080' successfully

2022-04-05 11:19:19 - [TEST_STEP][PASSED] - setText(findTestObject("Object Repository/Page_/input__sc-lnrBVv eqPACj"), admin_login): Text 'eronko.i@hc-avangard.com' is set on object 'Object Repository/Page_/input__sc-lnrBVv eqPACj'

2022-04-05 11:19:25 - [MESSAGE][PASSED] - Text 'eronko.i@hc-avangard.com' is set on object 'Object Repository/Page_/input__sc-lnrBVv eqPACj'

2022-04-05 11:19:25 - [TEST_STEP][PASSED] - setText(findTestObject("Object Repository/Page_/input__sc-lnrBVv eqPACj_1"), admin_password): Text 'eronko.i' is set on object 'Object Repository/Page_/input__sc-lnrBVv eqPACj_1'

2022-04-05 11:19:29 - [MESSAGE][PASSED] - Text 'eronko.i' is set on object 'Object Repository/Page_/input__sc-lnrBVv eqPACj_1'

2022-04-05 11:19:29 - [TEST_STEP][PASSED] - click(findTestObject("Object Repository/Page_/go")): Object: 'Object Repository/Page_/go' is clicked on

2022-04-05 11:19:31 - [MESSAGE][PASSED] - Object: 'Object Repository/Page_/go' is clicked on

2022-04-05 11:19:31 - [MESSAGE][PASSED] - Call Test Case 'Test Cases/Администратор/Авторизация' successfully

2022-04-05 11:19:31 - [TEST_STEP][PASSED] - click(findTestObject("admin/reports/keys/reports/report")): Object: 'Object Repository/admin/reports/keys/reports/report' is clicked on

2022-04-05 11:19:44 - [MESSAGE][PASSED] - Object: 'Object Repository/admin/reports/keys/reports/report' is clicked on]]></system-out>
         <system-err><![CDATA[]]></system-err>
      </testcase>
      <testcase name="Test Cases/Менеджер/Менеджер Документы" time="129.419" classname="Test Cases/Менеджер/Менеджер Документы" status="PASSED">
         <system-out><![CDATA[2022-04-05 11:19:44 - [TEST_CASE][PASSED] - Test Cases/Менеджер/Менеджер Документы: Test Cases/Менеджер/Менеджер Документы

2022-04-05 11:19:44 - [TEST_STEP][PASSED] - callTestCase(findTestCase("Администратор/Авторизация"), [:], STOP_ON_FAILURE): Call Test Case 'Test Cases/Администратор/Авторизация' successfully

2022-04-05 11:19:44 - [TEST_CASE][PASSED] - Test Cases/Администратор/Авторизация: Test Cases/Администратор/Авторизация

2022-04-05 11:19:44 - [TEST_STEP][PASSED] - openBrowser(""): Browser is opened with url: ''

2022-04-05 11:19:44 - [MESSAGE][WARNING] - A browser is already opened. Closing browser and opening a new one

2022-04-05 11:19:45 - [MESSAGE][INFO] - User set preference: ['os', 'linux']

2022-04-05 11:19:45 - [MESSAGE][INFO] - User set preference: ['browserName', 'chrome']

2022-04-05 11:19:45 - [MESSAGE][INFO] - User set preference: ['browserVersion', '97']

2022-04-05 11:19:45 - [MESSAGE][INFO] - User set preference: ['katalon:option', '{organizationId=632442, tunnelId=, usingTunnel=false}']

2022-04-05 11:19:45 - [MESSAGE][INFO] - Connecting to remote web server 'testcloud.katalon.com/hub' with type 'Selenium'

2022-04-05 11:19:45 - [MESSAGE][INFO] - Action delay is set to 100 milliseconds

2022-04-05 11:21:11 - [MESSAGE][PASSED] - Browser is opened with url: ''

2022-04-05 11:21:11 - [TEST_STEP][PASSED] - maximizeWindow(): Current window maximized

2022-04-05 11:21:12 - [MESSAGE][PASSED] - Current window maximized

2022-04-05 11:21:12 - [TEST_STEP][PASSED] - navigateToUrl(url): Navigate to 'https://stars-stage.hawk.ru:8080' successfully

2022-04-05 11:21:19 - [MESSAGE][PASSED] - Navigate to 'https://stars-stage.hawk.ru:8080' successfully

2022-04-05 11:21:19 - [TEST_STEP][PASSED] - setText(findTestObject("Object Repository/Page_/input__sc-lnrBVv eqPACj"), admin_login): Text 'eronko.i@hc-avangard.com' is set on object 'Object Repository/Page_/input__sc-lnrBVv eqPACj'

2022-04-05 11:21:23 - [MESSAGE][PASSED] - Text 'eronko.i@hc-avangard.com' is set on object 'Object Repository/Page_/input__sc-lnrBVv eqPACj'

2022-04-05 11:21:23 - [TEST_STEP][PASSED] - setText(findTestObject("Object Repository/Page_/input__sc-lnrBVv eqPACj_1"), admin_password): Text 'eronko.i' is set on object 'Object Repository/Page_/input__sc-lnrBVv eqPACj_1'

2022-04-05 11:21:28 - [MESSAGE][PASSED] - Text 'eronko.i' is set on object 'Object Repository/Page_/input__sc-lnrBVv eqPACj_1'

2022-04-05 11:21:28 - [TEST_STEP][PASSED] - click(findTestObject("Object Repository/Page_/go")): Object: 'Object Repository/Page_/go' is clicked on

2022-04-05 11:21:30 - [MESSAGE][PASSED] - Object: 'Object Repository/Page_/go' is clicked on

2022-04-05 11:21:30 - [MESSAGE][PASSED] - Call Test Case 'Test Cases/Администратор/Авторизация' successfully

2022-04-05 11:21:30 - [TEST_STEP][PASSED] - click(findTestObject("Avangard New/Object (Менеджер)/documents (Вкладка)")): Object: 'Object Repository/Avangard New/Object (Менеджер)/documents (Вкладка)' is clicked on

2022-04-05 11:21:42 - [MESSAGE][PASSED] - Object: 'Object Repository/Avangard New/Object (Менеджер)/documents (Вкладка)' is clicked on

2022-04-05 11:21:42 - [TEST_STEP][PASSED] - waitForPageLoad(10): Wait for page load successfully

2022-04-05 11:21:43 - [MESSAGE][PASSED] - Wait for page load successfully

2022-04-05 11:21:43 - [TEST_STEP][PASSED] - click(findTestObject("Avangard New/Object (Менеджер)/document (Сам документ)")): Object: 'Object Repository/Avangard New/Object (Менеджер)/document (Сам документ)' is clicked on

2022-04-05 11:21:46 - [MESSAGE][PASSED] - Object: 'Object Repository/Avangard New/Object (Менеджер)/document (Сам документ)' is clicked on

2022-04-05 11:21:46 - [TEST_STEP][PASSED] - verifyElementClickable(findTestObject("Avangard New/Object (Менеджер)/button download")): Object 'Object Repository/Avangard New/Object (Менеджер)/button download' is clickable

2022-04-05 11:21:48 - [MESSAGE][PASSED] - Object 'Object Repository/Avangard New/Object (Менеджер)/button download' is clickable

2022-04-05 11:21:48 - [TEST_STEP][NOT_RUN] - sendKeys(findTestObject("Avangard New/Object (Менеджер)/button download"), Keys.chord(ESCAPE)): NOT_RUN: sendKeys(findTestObject("Avangard New/Object (Менеджер)/button download"), Keys.chord(ESCAPE))

2022-04-05 11:21:48 - [MESSAGE][NOT_RUN] - NOT_RUN: sendKeys(findTestObject("Avangard New/Object (Менеджер)/button download"), Keys.chord(ESCAPE))

2022-04-05 11:21:48 - [TEST_STEP][PASSED] - click(findTestObject("Avangard New/Object (Менеджер)/exit (Выход с формы)")): Object: 'Object Repository/Avangard New/Object (Менеджер)/exit (Выход с формы)' is clicked on

2022-04-05 11:21:51 - [MESSAGE][PASSED] - Object: 'Object Repository/Avangard New/Object (Менеджер)/exit (Выход с формы)' is clicked on

2022-04-05 11:21:51 - [TEST_STEP][PASSED] - click(findTestObject("Avangard New/Object (Менеджер)/home (Главная)")): Object: 'Object Repository/Avangard New/Object (Менеджер)/home (Главная)' is clicked on

2022-04-05 11:21:53 - [MESSAGE][PASSED] - Object: 'Object Repository/Avangard New/Object (Менеджер)/home (Главная)' is clicked on

2022-04-05 11:21:53 - [TEST_STEP][PASSED] - closeBrowser(): Browser is closed

2022-04-05 11:21:53 - [MESSAGE][PASSED] - Browser is closed]]></system-out>
         <system-err><![CDATA[]]></system-err>
      </testcase>
      <testcase name="Test Cases/Менеджер/Профиль Менеджера" time="121.214" classname="Test Cases/Менеджер/Профиль Менеджера" status="PASSED">
         <system-out><![CDATA[2022-04-05 11:21:54 - [TEST_CASE][PASSED] - Test Cases/Менеджер/Профиль Менеджера: Test Cases/Менеджер/Профиль Менеджера

2022-04-05 11:21:54 - [TEST_STEP][PASSED] - callTestCase(findTestCase("Администратор/Авторизация"), [:], STOP_ON_FAILURE): Call Test Case 'Test Cases/Администратор/Авторизация' successfully

2022-04-05 11:21:54 - [TEST_CASE][PASSED] - Test Cases/Администратор/Авторизация: Test Cases/Администратор/Авторизация

2022-04-05 11:21:54 - [TEST_STEP][PASSED] - openBrowser(""): Browser is opened with url: ''

2022-04-05 11:21:54 - [MESSAGE][INFO] - User set preference: ['os', 'linux']

2022-04-05 11:21:54 - [MESSAGE][INFO] - User set preference: ['browserName', 'chrome']

2022-04-05 11:21:54 - [MESSAGE][INFO] - User set preference: ['browserVersion', '97']

2022-04-05 11:21:54 - [MESSAGE][INFO] - User set preference: ['katalon:option', '{organizationId=632442, tunnelId=, usingTunnel=false}']

2022-04-05 11:21:54 - [MESSAGE][INFO] - Connecting to remote web server 'testcloud.katalon.com/hub' with type 'Selenium'

2022-04-05 11:21:54 - [MESSAGE][INFO] - Action delay is set to 100 milliseconds

2022-04-05 11:23:12 - [MESSAGE][PASSED] - Browser is opened with url: ''

2022-04-05 11:23:12 - [TEST_STEP][PASSED] - maximizeWindow(): Current window maximized

2022-04-05 11:23:12 - [MESSAGE][PASSED] - Current window maximized

2022-04-05 11:23:12 - [TEST_STEP][PASSED] - navigateToUrl(url): Navigate to 'https://stars-stage.hawk.ru:8080' successfully

2022-04-05 11:23:20 - [MESSAGE][PASSED] - Navigate to 'https://stars-stage.hawk.ru:8080' successfully

2022-04-05 11:23:20 - [TEST_STEP][PASSED] - setText(findTestObject("Object Repository/Page_/input__sc-lnrBVv eqPACj"), admin_login): Text 'eronko.i@hc-avangard.com' is set on object 'Object Repository/Page_/input__sc-lnrBVv eqPACj'

2022-04-05 11:23:24 - [MESSAGE][PASSED] - Text 'eronko.i@hc-avangard.com' is set on object 'Object Repository/Page_/input__sc-lnrBVv eqPACj'

2022-04-05 11:23:24 - [TEST_STEP][PASSED] - setText(findTestObject("Object Repository/Page_/input__sc-lnrBVv eqPACj_1"), admin_password): Text 'eronko.i' is set on object 'Object Repository/Page_/input__sc-lnrBVv eqPACj_1'

2022-04-05 11:23:29 - [MESSAGE][PASSED] - Text 'eronko.i' is set on object 'Object Repository/Page_/input__sc-lnrBVv eqPACj_1'

2022-04-05 11:23:29 - [TEST_STEP][PASSED] - click(findTestObject("Object Repository/Page_/go")): Object: 'Object Repository/Page_/go' is clicked on

2022-04-05 11:23:31 - [MESSAGE][PASSED] - Object: 'Object Repository/Page_/go' is clicked on

2022-04-05 11:23:31 - [MESSAGE][PASSED] - Call Test Case 'Test Cases/Администратор/Авторизация' successfully

2022-04-05 11:23:31 - [TEST_STEP][PASSED] - scrollToElement(findTestObject("Object Repository/Avangard New/Object (Менеджер)/Eronko"), 0): Scroll to object 'Object Repository/Avangard New/Object (Менеджер)/Eronko' successfully

2022-04-05 11:23:31 - [MESSAGE][WARNING] - Timeout '0' is invalid. Using default page load timeout: '30'

2022-04-05 11:23:44 - [MESSAGE][PASSED] - Scroll to object 'Object Repository/Avangard New/Object (Менеджер)/Eronko' successfully

2022-04-05 11:23:44 - [TEST_STEP][PASSED] - click(findTestObject("Object Repository/Avangard New/Object (Менеджер)/Eronko")): Object: 'Object Repository/Avangard New/Object (Менеджер)/Eronko' is clicked on

2022-04-05 11:23:46 - [MESSAGE][PASSED] - Object: 'Object Repository/Avangard New/Object (Менеджер)/Eronko' is clicked on

2022-04-05 11:23:46 - [TEST_STEP][PASSED] - verifyTextPresent("РЕДАКТИРОВАНИЕ ПРОФИЛЯ", true): Text 'РЕДАКТИРОВАНИЕ ПРОФИЛЯ' is present on page  using regular expression

2022-04-05 11:23:49 - [MESSAGE][PASSED] - Text 'РЕДАКТИРОВАНИЕ ПРОФИЛЯ' is present on page  using regular expression

2022-04-05 11:23:49 - [TEST_STEP][NOT_RUN] - takeFullPageScreenshot("C:\scr\" + school + "33.jpg"): NOT_RUN: takeFullPageScreenshot("C:\scr\" + school + "33.jpg")

2022-04-05 11:23:49 - [MESSAGE][NOT_RUN] - NOT_RUN: takeFullPageScreenshot("C:\scr\" + school + "33.jpg")

2022-04-05 11:23:49 - [TEST_STEP][PASSED] - click(findTestObject("Avangard New/Object (Менеджер)/save (кнопка)")): Object: 'Object Repository/Avangard New/Object (Менеджер)/save (кнопка)' is clicked on

2022-04-05 11:23:51 - [MESSAGE][PASSED] - Object: 'Object Repository/Avangard New/Object (Менеджер)/save (кнопка)' is clicked on

2022-04-05 11:23:51 - [TEST_STEP][PASSED] - verifyTextPresent("Пользователь сохранен", false): Text 'Пользователь сохранен' is present on page 

2022-04-05 11:23:54 - [MESSAGE][PASSED] - Text 'Пользователь сохранен' is present on page 

2022-04-05 11:23:54 - [TEST_STEP][PASSED] - closeBrowser(): Browser is closed

2022-04-05 11:23:55 - [MESSAGE][PASSED] - Browser is closed]]></system-out>
         <system-err><![CDATA[]]></system-err>
      </testcase>
      <testcase name="Test Cases/Менеджер/Менеджер Профиль игрока" time="176.732" classname="Test Cases/Менеджер/Менеджер Профиль игрока" status="FAILED">
         <failure type="FAILED" message="Test Cases/Менеджер/Менеджер Профиль игрока FAILED.
Reason:
com.kms.katalon.core.exception.StepFailedException: Unable to click on object 'Object Repository/admin/students/Page_/artur'
	at com.kms.katalon.core.webui.keyword.internal.WebUIKeywordMain.stepFailed(WebUIKeywordMain.groovy:64)
	at com.kms.katalon.core.webui.keyword.internal.WebUIKeywordMain.runKeyword(WebUIKeywordMain.groovy:26)
	at com.kms.katalon.core.webui.keyword.builtin.ClickKeyword.click(ClickKeyword.groovy:74)
	at com.kms.katalon.core.webui.keyword.builtin.ClickKeyword.execute(ClickKeyword.groovy:40)
	at com.kms.katalon.core.keyword.internal.KeywordExecutor.executeKeywordForPlatform(KeywordExecutor.groovy:74)
	at com.kms.katalon.core.webui.keyword.WebUiBuiltInKeywords.click(WebUiBuiltInKeywords.groovy:620)
	at com.kms.katalon.core.webui.keyword.WebUiBuiltInKeywords$click$3.call(Unknown Source)
	at Менеджер Профиль игрока.run(Менеджер Профиль игрока:29)
	at com.kms.katalon.core.main.ScriptEngine.run(ScriptEngine.java:194)
	at com.kms.katalon.core.main.ScriptEngine.runScriptAsRawText(ScriptEngine.java:119)
	at com.kms.katalon.core.main.TestCaseExecutor.runScript(TestCaseExecutor.java:442)
	at com.kms.katalon.core.main.TestCaseExecutor.doExecute(TestCaseExecutor.java:433)
	at com.kms.katalon.core.main.TestCaseExecutor.processExecutionPhase(TestCaseExecutor.java:412)
	at com.kms.katalon.core.main.TestCaseExecutor.accessMainPhase(TestCaseExecutor.java:404)
	at com.kms.katalon.core.main.TestCaseExecutor.execute(TestCaseExecutor.java:281)
	at com.kms.katalon.core.main.TestCaseExecutor.execute(TestCaseExecutor.java:363)
	at com.kms.katalon.core.main.TestCaseExecutor.execute(TestCaseExecutor.java:363)
	at com.kms.katalon.core.main.TestCaseExecutor.execute(TestCaseExecutor.java:363)
	at com.kms.katalon.core.main.TestSuiteExecutor.accessTestCaseMainPhase(TestSuiteExecutor.java:202)
	at com.kms.katalon.core.main.TestSuiteExecutor.accessTestSuiteMainPhase(TestSuiteExecutor.java:164)
	at com.kms.katalon.core.main.TestSuiteExecutor.execute(TestSuiteExecutor.java:105)
	at com.kms.katalon.core.main.TestCaseMain.startTestSuite(TestCaseMain.java:185)
	at com.kms.katalon.core.main.TestCaseMain$startTestSuite$0.call(Unknown Source)
	at TempTestSuite1649143162219.run(TempTestSuite1649143162219.groovy:36)
Caused by: com.kms.katalon.core.webui.exception.WebElementNotFoundException: Web element with id: 'Object Repository/admin/students/Page_/artur' located by '//td[(text() = 'Ганин Данила' or . = 'Ганин Данила')]' not found
	at com.kms.katalon.core.webui.common.WebUiCommonHelper.findWebElement(WebUiCommonHelper.java:1370)
	at com.kms.katalon.core.webui.keyword.internal.WebUIAbstractKeyword.findWebElement(WebUIAbstractKeyword.groovy:27)
	at com.kms.katalon.core.webui.keyword.builtin.ClickKeyword$_click_closure1.doCall(ClickKeyword.groovy:65)
	at com.kms.katalon.core.webui.keyword.builtin.ClickKeyword$_click_closure1.call(ClickKeyword.groovy)
	at com.kms.katalon.core.webui.keyword.internal.WebUIKeywordMain.runKeyword(WebUIKeywordMain.groovy:20)
	... 22 more
"/>
         <system-out><![CDATA[2022-04-05 11:32:36 - [TEST_CASE][FAILED] - Test Cases/Менеджер/Менеджер Профиль игрока: Test Cases/Менеджер/Менеджер Профиль игрока FAILED.
Reason:
com.kms.katalon.core.exception.StepFailedException: Unable to click on object 'Object Repository/admin/students/Page_/artur'
	at com.kms.katalon.core.webui.keyword.internal.WebUIKeywordMain.stepFailed(WebUIKeywordMain.groovy:64)
	at com.kms.katalon.core.webui.keyword.internal.WebUIKeywordMain.runKeyword(WebUIKeywordMain.groovy:26)
	at com.kms.katalon.core.webui.keyword.builtin.ClickKeyword.click(ClickKeyword.groovy:74)
	at com.kms.katalon.core.webui.keyword.builtin.ClickKeyword.execute(ClickKeyword.groovy:40)
	at com.kms.katalon.core.keyword.internal.KeywordExecutor.executeKeywordForPlatform(KeywordExecutor.groovy:74)
	at com.kms.katalon.core.webui.keyword.WebUiBuiltInKeywords.click(WebUiBuiltInKeywords.groovy:620)
	at com.kms.katalon.core.webui.keyword.WebUiBuiltInKeywords$click$3.call(Unknown Source)
	at Менеджер Профиль игрока.run(Менеджер Профиль игрока:29)
	at com.kms.katalon.core.main.ScriptEngine.run(ScriptEngine.java:194)
	at com.kms.katalon.core.main.ScriptEngine.runScriptAsRawText(ScriptEngine.java:119)
	at com.kms.katalon.core.main.TestCaseExecutor.runScript(TestCaseExecutor.java:442)
	at com.kms.katalon.core.main.TestCaseExecutor.doExecute(TestCaseExecutor.java:433)
	at com.kms.katalon.core.main.TestCaseExecutor.processExecutionPhase(TestCaseExecutor.java:412)
	at com.kms.katalon.core.main.TestCaseExecutor.accessMainPhase(TestCaseExecutor.java:404)
	at com.kms.katalon.core.main.TestCaseExecutor.execute(TestCaseExecutor.java:281)
	at com.kms.katalon.core.main.TestCaseExecutor.execute(TestCaseExecutor.java:363)
	at com.kms.katalon.core.main.TestCaseExecutor.execute(TestCaseExecutor.java:363)
	at com.kms.katalon.core.main.TestCaseExecutor.execute(TestCaseExecutor.java:363)
	at com.kms.katalon.core.main.TestSuiteExecutor.accessTestCaseMainPhase(TestSuiteExecutor.java:202)
	at com.kms.katalon.core.main.TestSuiteExecutor.accessTestSuiteMainPhase(TestSuiteExecutor.java:164)
	at com.kms.katalon.core.main.TestSuiteExecutor.execute(TestSuiteExecutor.java:105)
	at com.kms.katalon.core.main.TestCaseMain.startTestSuite(TestCaseMain.java:185)
	at com.kms.katalon.core.main.TestCaseMain$startTestSuite$0.call(Unknown Source)
	at TempTestSuite1649143162219.run(TempTestSuite1649143162219.groovy:36)
Caused by: com.kms.katalon.core.webui.exception.WebElementNotFoundException: Web element with id: 'Object Repository/admin/students/Page_/artur' located by '//td[(text() = 'Ганин Данила' or . = 'Ганин Данила')]' not found
	at com.kms.katalon.core.webui.common.WebUiCommonHelper.findWebElement(WebUiCommonHelper.java:1370)
	at com.kms.katalon.core.webui.keyword.internal.WebUIAbstractKeyword.findWebElement(WebUIAbstractKeyword.groovy:27)
	at com.kms.katalon.core.webui.keyword.builtin.ClickKeyword$_click_closure1.doCall(ClickKeyword.groovy:65)
	at com.kms.katalon.core.webui.keyword.builtin.ClickKeyword$_click_closure1.call(ClickKeyword.groovy)
	at com.kms.katalon.core.webui.keyword.internal.WebUIKeywordMain.runKeyword(WebUIKeywordMain.groovy:20)
	... 22 more


2022-04-05 11:32:36 - [TEST_STEP][PASSED] - callTestCase(findTestCase("Администратор/Авторизация"), [:], STOP_ON_FAILURE): Call Test Case 'Test Cases/Администратор/Авторизация' successfully

2022-04-05 11:32:36 - [TEST_CASE][PASSED] - Test Cases/Администратор/Авторизация: Test Cases/Администратор/Авторизация

2022-04-05 11:32:36 - [TEST_STEP][PASSED] - openBrowser(""): Browser is opened with url: ''

2022-04-05 11:32:36 - [MESSAGE][WARNING] - A browser is already opened. Closing browser and opening a new one

2022-04-05 11:32:37 - [MESSAGE][INFO] - User set preference: ['os', 'linux']

2022-04-05 11:32:37 - [MESSAGE][INFO] - User set preference: ['browserName', 'chrome']

2022-04-05 11:32:37 - [MESSAGE][INFO] - User set preference: ['browserVersion', '97']

2022-04-05 11:32:37 - [MESSAGE][INFO] - User set preference: ['katalon:option', '{organizationId=632442, tunnelId=, usingTunnel=false}']

2022-04-05 11:32:37 - [MESSAGE][INFO] - Connecting to remote web server 'testcloud.katalon.com/hub' with type 'Selenium'

2022-04-05 11:32:37 - [MESSAGE][INFO] - Action delay is set to 100 milliseconds

2022-04-05 11:34:12 - [MESSAGE][PASSED] - Browser is opened with url: ''

2022-04-05 11:34:12 - [TEST_STEP][PASSED] - maximizeWindow(): Current window maximized

2022-04-05 11:34:13 - [MESSAGE][PASSED] - Current window maximized

2022-04-05 11:34:13 - [TEST_STEP][PASSED] - navigateToUrl(url): Navigate to 'https://stars-stage.hawk.ru:8080' successfully

2022-04-05 11:34:20 - [MESSAGE][PASSED] - Navigate to 'https://stars-stage.hawk.ru:8080' successfully

2022-04-05 11:34:20 - [TEST_STEP][PASSED] - setText(findTestObject("Object Repository/Page_/input__sc-lnrBVv eqPACj"), admin_login): Text 'eronko.i@hc-avangard.com' is set on object 'Object Repository/Page_/input__sc-lnrBVv eqPACj'

2022-04-05 11:34:24 - [MESSAGE][PASSED] - Text 'eronko.i@hc-avangard.com' is set on object 'Object Repository/Page_/input__sc-lnrBVv eqPACj'

2022-04-05 11:34:24 - [TEST_STEP][PASSED] - setText(findTestObject("Object Repository/Page_/input__sc-lnrBVv eqPACj_1"), admin_password): Text 'eronko.i' is set on object 'Object Repository/Page_/input__sc-lnrBVv eqPACj_1'

2022-04-05 11:34:28 - [MESSAGE][PASSED] - Text 'eronko.i' is set on object 'Object Repository/Page_/input__sc-lnrBVv eqPACj_1'

2022-04-05 11:34:28 - [TEST_STEP][PASSED] - click(findTestObject("Object Repository/Page_/go")): Object: 'Object Repository/Page_/go' is clicked on

2022-04-05 11:34:30 - [MESSAGE][PASSED] - Object: 'Object Repository/Page_/go' is clicked on

2022-04-05 11:34:30 - [MESSAGE][PASSED] - Call Test Case 'Test Cases/Администратор/Авторизация' successfully

2022-04-05 11:34:30 - [TEST_STEP][PASSED] - click(findTestObject("Object Repository/admin/students/Page_/students")): Object: 'Object Repository/admin/students/Page_/students' is clicked on

2022-04-05 11:34:43 - [MESSAGE][PASSED] - Object: 'Object Repository/admin/students/Page_/students' is clicked on

2022-04-05 11:34:43 - [TEST_STEP][PASSED] - setText(findTestObject("Object Repository/admin/students/input"), player_for_test_1): Text 'Ганин' is set on object 'Object Repository/admin/students/input'

2022-04-05 11:34:49 - [MESSAGE][PASSED] - Text 'Ганин' is set on object 'Object Repository/admin/students/input'

2022-04-05 11:34:49 - [TEST_STEP][FAILED] - click(findTestObject("Object Repository/admin/students/Page_/artur")): Unable to click on object 'Object Repository/admin/students/Page_/artur' (Root cause: com.kms.katalon.core.exception.StepFailedException: Unable to click on object 'Object Repository/admin/students/Page_/artur'
	at com.kms.katalon.core.webui.keyword.internal.WebUIKeywordMain.stepFailed(WebUIKeywordMain.groovy:64)
	at com.kms.katalon.core.webui.keyword.internal.WebUIKeywordMain.runKeyword(WebUIKeywordMain.groovy:26)
	at com.kms.katalon.core.webui.keyword.builtin.ClickKeyword.click(ClickKeyword.groovy:74)
	at com.kms.katalon.core.webui.keyword.builtin.ClickKeyword.execute(ClickKeyword.groovy:40)
	at com.kms.katalon.core.keyword.internal.KeywordExecutor.executeKeywordForPlatform(KeywordExecutor.groovy:74)
	at com.kms.katalon.core.webui.keyword.WebUiBuiltInKeywords.click(WebUiBuiltInKeywords.groovy:620)
	at com.kms.katalon.core.webui.keyword.WebUiBuiltInKeywords$click$3.call(Unknown Source)
	at Менеджер Профиль игрока.run(Менеджер Профиль игрока:29)
	at com.kms.katalon.core.main.ScriptEngine.run(ScriptEngine.java:194)
	at com.kms.katalon.core.main.ScriptEngine.runScriptAsRawText(ScriptEngine.java:119)
	at com.kms.katalon.core.main.TestCaseExecutor.runScript(TestCaseExecutor.java:442)
	at com.kms.katalon.core.main.TestCaseExecutor.doExecute(TestCaseExecutor.java:433)
	at com.kms.katalon.core.main.TestCaseExecutor.processExecutionPhase(TestCaseExecutor.java:412)
	at com.kms.katalon.core.main.TestCaseExecutor.accessMainPhase(TestCaseExecutor.java:404)
	at com.kms.katalon.core.main.TestCaseExecutor.execute(TestCaseExecutor.java:281)
	at com.kms.katalon.core.main.TestCaseExecutor.execute(TestCaseExecutor.java:363)
	at com.kms.katalon.core.main.TestCaseExecutor.execute(TestCaseExecutor.java:363)
	at com.kms.katalon.core.main.TestCaseExecutor.execute(TestCaseExecutor.java:363)
	at com.kms.katalon.core.main.TestSuiteExecutor.accessTestCaseMainPhase(TestSuiteExecutor.java:202)
	at com.kms.katalon.core.main.TestSuiteExecutor.accessTestSuiteMainPhase(TestSuiteExecutor.java:164)
	at com.kms.katalon.core.main.TestSuiteExecutor.execute(TestSuiteExecutor.java:105)
	at com.kms.katalon.core.main.TestCaseMain.startTestSuite(TestCaseMain.java:185)
	at com.kms.katalon.core.main.TestCaseMain$startTestSuite$0.call(Unknown Source)
	at TempTestSuite1649143162219.run(TempTestSuite1649143162219.groovy:36)
Caused by: com.kms.katalon.core.webui.exception.WebElementNotFoundException: Web element with id: 'Object Repository/admin/students/Page_/artur' located by '//td[(text() = 'Ганин Данила' or . = 'Ганин Данила')]' not found
	at com.kms.katalon.core.webui.common.WebUiCommonHelper.findWebElement(WebUiCommonHelper.java:1370)
	at com.kms.katalon.core.webui.keyword.internal.WebUIAbstractKeyword.findWebElement(WebUIAbstractKeyword.groovy:27)
	at com.kms.katalon.core.webui.keyword.builtin.ClickKeyword$_click_closure1.doCall(ClickKeyword.groovy:65)
	at com.kms.katalon.core.webui.keyword.builtin.ClickKeyword$_click_closure1.call(ClickKeyword.groovy)
	at com.kms.katalon.core.webui.keyword.internal.WebUIKeywordMain.runKeyword(WebUIKeywordMain.groovy:20)
	at com.kms.katalon.core.webui.keyword.builtin.ClickKeyword.click(ClickKeyword.groovy:74)
	at com.kms.katalon.core.webui.keyword.builtin.ClickKeyword.execute(ClickKeyword.groovy:40)
	at com.kms.katalon.core.keyword.internal.KeywordExecutor.executeKeywordForPlatform(KeywordExecutor.groovy:74)
	at com.kms.katalon.core.webui.keyword.WebUiBuiltInKeywords.click(WebUiBuiltInKeywords.groovy:620)
	at com.kms.katalon.core.webui.keyword.WebUiBuiltInKeywords$click$3.call(Unknown Source)
	at Script1645271695615.run(Script1645271695615.groovy:29)
	... 16 more
)

2022-04-05 11:35:20 - [MESSAGE][INFO] - Unable to find the element located by 'By.xpath: //td[(text() = 'Ганин Данила' or . = 'Ганин Данила')]'. Please recheck the objects properties to make sure the desired element is located. 

2022-04-05 11:35:20 - [MESSAGE][WARNING] - [SELF-HEALING] Failed to find element with id 'Object Repository/admin/students/Page_/artur'. Try using Self-healing.

2022-04-05 11:35:22 - [MESSAGE][INFO] - Unable to find the element located by 'By.xpath: //*[@id="Students"]/tbody/tr/a/td'. Please recheck the objects properties to make sure the desired element is located. 

2022-04-05 11:35:23 - [MESSAGE][INFO] - [SELF-HEALING] Failed Locator: '//table[@id='Students']/tbody/tr[12]/td'.

2022-04-05 11:35:24 - [MESSAGE][INFO] - [SELF-HEALING] Failed Locator: '(.//*[normalize-space(text()) and normalize-space(.)='гр. 2010'])[3]/following::td[1]'.

2022-04-05 11:35:25 - [MESSAGE][INFO] - [SELF-HEALING] Failed Locator: '(.//*[normalize-space(text()) and normalize-space(.)='ДЮСШ ДХЦ'])[9]/following::td[2]'.

2022-04-05 11:35:27 - [MESSAGE][INFO] - [SELF-HEALING] Failed Locator: '(.//*[normalize-space(text()) and normalize-space(.)='Евгений Хацей'])[12]/preceding::td[1]'.

2022-04-05 11:35:28 - [MESSAGE][INFO] - [SELF-HEALING] Failed Locator: '//tr[12]/td'.

2022-04-05 11:35:29 - [MESSAGE][INFO] - Unable to find the element located by 'By.cssSelector: '. Please recheck the objects properties to make sure the desired element is located. 

2022-04-05 11:35:31 - [MESSAGE][FAILED] - Unable to click on object 'Object Repository/admin/students/Page_/artur' (Root cause: com.kms.katalon.core.exception.StepFailedException: Unable to click on object 'Object Repository/admin/students/Page_/artur'
	at com.kms.katalon.core.webui.keyword.internal.WebUIKeywordMain.stepFailed(WebUIKeywordMain.groovy:64)
	at com.kms.katalon.core.webui.keyword.internal.WebUIKeywordMain.runKeyword(WebUIKeywordMain.groovy:26)
	at com.kms.katalon.core.webui.keyword.builtin.ClickKeyword.click(ClickKeyword.groovy:74)
	at com.kms.katalon.core.webui.keyword.builtin.ClickKeyword.execute(ClickKeyword.groovy:40)
	at com.kms.katalon.core.keyword.internal.KeywordExecutor.executeKeywordForPlatform(KeywordExecutor.groovy:74)
	at com.kms.katalon.core.webui.keyword.WebUiBuiltInKeywords.click(WebUiBuiltInKeywords.groovy:620)
	at com.kms.katalon.core.webui.keyword.WebUiBuiltInKeywords$click$3.call(Unknown Source)
	at Менеджер Профиль игрока.run(Менеджер Профиль игрока:29)
	at com.kms.katalon.core.main.ScriptEngine.run(ScriptEngine.java:194)
	at com.kms.katalon.core.main.ScriptEngine.runScriptAsRawText(ScriptEngine.java:119)
	at com.kms.katalon.core.main.TestCaseExecutor.runScript(TestCaseExecutor.java:442)
	at com.kms.katalon.core.main.TestCaseExecutor.doExecute(TestCaseExecutor.java:433)
	at com.kms.katalon.core.main.TestCaseExecutor.processExecutionPhase(TestCaseExecutor.java:412)
	at com.kms.katalon.core.main.TestCaseExecutor.accessMainPhase(TestCaseExecutor.java:404)
	at com.kms.katalon.core.main.TestCaseExecutor.execute(TestCaseExecutor.java:281)
	at com.kms.katalon.core.main.TestCaseExecutor.execute(TestCaseExecutor.java:363)
	at com.kms.katalon.core.main.TestCaseExecutor.execute(TestCaseExecutor.java:363)
	at com.kms.katalon.core.main.TestCaseExecutor.execute(TestCaseExecutor.java:363)
	at com.kms.katalon.core.main.TestSuiteExecutor.accessTestCaseMainPhase(TestSuiteExecutor.java:202)
	at com.kms.katalon.core.main.TestSuiteExecutor.accessTestSuiteMainPhase(TestSuiteExecutor.java:164)
	at com.kms.katalon.core.main.TestSuiteExecutor.execute(TestSuiteExecutor.java:105)
	at com.kms.katalon.core.main.TestCaseMain.startTestSuite(TestCaseMain.java:185)
	at com.kms.katalon.core.main.TestCaseMain$startTestSuite$0.call(Unknown Source)
	at TempTestSuite1649143162219.run(TempTestSuite1649143162219.groovy:36)
Caused by: com.kms.katalon.core.webui.exception.WebElementNotFoundException: Web element with id: 'Object Repository/admin/students/Page_/artur' located by '//td[(text() = 'Ганин Данила' or . = 'Ганин Данила')]' not found
	at com.kms.katalon.core.webui.common.WebUiCommonHelper.findWebElement(WebUiCommonHelper.java:1370)
	at com.kms.katalon.core.webui.keyword.internal.WebUIAbstractKeyword.findWebElement(WebUIAbstractKeyword.groovy:27)
	at com.kms.katalon.core.webui.keyword.builtin.ClickKeyword$_click_closure1.doCall(ClickKeyword.groovy:65)
	at com.kms.katalon.core.webui.keyword.builtin.ClickKeyword$_click_closure1.call(ClickKeyword.groovy)
	at com.kms.katalon.core.webui.keyword.internal.WebUIKeywordMain.runKeyword(WebUIKeywordMain.groovy:20)
	at com.kms.katalon.core.webui.keyword.builtin.ClickKeyword.click(ClickKeyword.groovy:74)
	at com.kms.katalon.core.webui.keyword.builtin.ClickKeyword.execute(ClickKeyword.groovy:40)
	at com.kms.katalon.core.keyword.internal.KeywordExecutor.executeKeywordForPlatform(KeywordExecutor.groovy:74)
	at com.kms.katalon.core.webui.keyword.WebUiBuiltInKeywords.click(WebUiBuiltInKeywords.groovy:620)
	at com.kms.katalon.core.webui.keyword.WebUiBuiltInKeywords$click$3.call(Unknown Source)
	at Script1645271695615.run(Script1645271695615.groovy:29)
	... 16 more
)
[[ATTACHMENT|C:\\Users\\LENOVO\\Katalon Studio\\Avangard\\Reports\\20220405_101904\\\u041C\u0435\u043D\u0435\u0436\u0434\u0435\u0440\\20220405_101922\\1649147729739.png]]]]></system-out>
         <system-err><![CDATA[2022-04-05 11:32:36 - [TEST_CASE][FAILED] - Test Cases/Менеджер/Менеджер Профиль игрока: Test Cases/Менеджер/Менеджер Профиль игрока FAILED.
Reason:
com.kms.katalon.core.exception.StepFailedException: Unable to click on object 'Object Repository/admin/students/Page_/artur'
	at com.kms.katalon.core.webui.keyword.internal.WebUIKeywordMain.stepFailed(WebUIKeywordMain.groovy:64)
	at com.kms.katalon.core.webui.keyword.internal.WebUIKeywordMain.runKeyword(WebUIKeywordMain.groovy:26)
	at com.kms.katalon.core.webui.keyword.builtin.ClickKeyword.click(ClickKeyword.groovy:74)
	at com.kms.katalon.core.webui.keyword.builtin.ClickKeyword.execute(ClickKeyword.groovy:40)
	at com.kms.katalon.core.keyword.internal.KeywordExecutor.executeKeywordForPlatform(KeywordExecutor.groovy:74)
	at com.kms.katalon.core.webui.keyword.WebUiBuiltInKeywords.click(WebUiBuiltInKeywords.groovy:620)
	at com.kms.katalon.core.webui.keyword.WebUiBuiltInKeywords$click$3.call(Unknown Source)
	at Менеджер Профиль игрока.run(Менеджер Профиль игрока:29)
	at com.kms.katalon.core.main.ScriptEngine.run(ScriptEngine.java:194)
	at com.kms.katalon.core.main.ScriptEngine.runScriptAsRawText(ScriptEngine.java:119)
	at com.kms.katalon.core.main.TestCaseExecutor.runScript(TestCaseExecutor.java:442)
	at com.kms.katalon.core.main.TestCaseExecutor.doExecute(TestCaseExecutor.java:433)
	at com.kms.katalon.core.main.TestCaseExecutor.processExecutionPhase(TestCaseExecutor.java:412)
	at com.kms.katalon.core.main.TestCaseExecutor.accessMainPhase(TestCaseExecutor.java:404)
	at com.kms.katalon.core.main.TestCaseExecutor.execute(TestCaseExecutor.java:281)
	at com.kms.katalon.core.main.TestCaseExecutor.execute(TestCaseExecutor.java:363)
	at com.kms.katalon.core.main.TestCaseExecutor.execute(TestCaseExecutor.java:363)
	at com.kms.katalon.core.main.TestCaseExecutor.execute(TestCaseExecutor.java:363)
	at com.kms.katalon.core.main.TestSuiteExecutor.accessTestCaseMainPhase(TestSuiteExecutor.java:202)
	at com.kms.katalon.core.main.TestSuiteExecutor.accessTestSuiteMainPhase(TestSuiteExecutor.java:164)
	at com.kms.katalon.core.main.TestSuiteExecutor.execute(TestSuiteExecutor.java:105)
	at com.kms.katalon.core.main.TestCaseMain.startTestSuite(TestCaseMain.java:185)
	at com.kms.katalon.core.main.TestCaseMain$startTestSuite$0.call(Unknown Source)
	at TempTestSuite1649143162219.run(TempTestSuite1649143162219.groovy:36)
Caused by: com.kms.katalon.core.webui.exception.WebElementNotFoundException: Web element with id: 'Object Repository/admin/students/Page_/artur' located by '//td[(text() = 'Ганин Данила' or . = 'Ганин Данила')]' not found
	at com.kms.katalon.core.webui.common.WebUiCommonHelper.findWebElement(WebUiCommonHelper.java:1370)
	at com.kms.katalon.core.webui.keyword.internal.WebUIAbstractKeyword.findWebElement(WebUIAbstractKeyword.groovy:27)
	at com.kms.katalon.core.webui.keyword.builtin.ClickKeyword$_click_closure1.doCall(ClickKeyword.groovy:65)
	at com.kms.katalon.core.webui.keyword.builtin.ClickKeyword$_click_closure1.call(ClickKeyword.groovy)
	at com.kms.katalon.core.webui.keyword.internal.WebUIKeywordMain.runKeyword(WebUIKeywordMain.groovy:20)
	... 22 more]]></system-err>
      </testcase>
      <system-out><![CDATA[2022-04-05 10:19:43 - [TEST_SUITE][FAILED] - Менеждер: Test Cases/Администратор/будет переделываться Школы FAILED.
Reason:
com.kms.katalon.core.exception.StepFailedException: Unable to click on object 'Object Repository/admin/school/Page_/edit'
	at com.kms.katalon.core.webui.keyword.internal.WebUIKeywordMain.stepFailed(WebUIKeywordMain.groovy:64)
	at com.kms.katalon.core.webui.keyword.internal.WebUIKeywordMain.runKeyword(WebUIKeywordMain.groovy:26)
	at com.kms.katalon.core.webui.keyword.builtin.ClickKeyword.click(ClickKeyword.groovy:74)
	at com.kms.katalon.core.webui.keyword.builtin.ClickKeyword.execute(ClickKeyword.groovy:40)
	at com.kms.katalon.core.keyword.internal.KeywordExecutor.executeKeywordForPlatform(KeywordExecutor.groovy:74)
	at com.kms.katalon.core.webui.keyword.WebUiBuiltInKeywords.click(WebUiBuiltInKeywords.groovy:620)
	at com.kms.katalon.core.webui.keyword.WebUiBuiltInKeywords$click$3.call(Unknown Source)
	at будет переделываться Школы.run(будет переделываться Школы:48)
	at com.kms.katalon.core.main.ScriptEngine.run(ScriptEngine.java:194)
	at com.kms.katalon.core.main.ScriptEngine.runScriptAsRawText(ScriptEngine.java:119)
	at com.kms.katalon.core.main.TestCaseExecutor.runScript(TestCaseExecutor.java:442)
	at com.kms.katalon.core.main.TestCaseExecutor.doExecute(TestCaseExecutor.java:433)
	at com.kms.katalon.core.main.TestCaseExecutor.processExecutionPhase(TestCaseExecutor.java:412)
	at com.kms.katalon.core.main.TestCaseExecutor.accessMainPhase(TestCaseExecutor.java:404)
	at com.kms.katalon.core.main.TestCaseExecutor.execute(TestCaseExecutor.java:281)
	at com.kms.katalon.core.main.TestSuiteExecutor.accessTestCaseMainPhase(TestSuiteExecutor.java:202)
	at com.kms.katalon.core.main.TestSuiteExecutor.accessTestSuiteMainPhase(TestSuiteExecutor.java:164)
	at com.kms.katalon.core.main.TestSuiteExecutor.execute(TestSuiteExecutor.java:105)
	at com.kms.katalon.core.main.TestCaseMain.startTestSuite(TestCaseMain.java:185)
	at com.kms.katalon.core.main.TestCaseMain$startTestSuite$0.call(Unknown Source)
	at TempTestSuite1649143162219.run(TempTestSuite1649143162219.groovy:36)
Caused by: com.kms.katalon.core.webui.exception.WebElementNotFoundException: Web element with id: 'Object Repository/admin/school/Page_/edit' located by '//div[@id='root']/div/div/div[2]/div/div/div[2]/div[2]/div/div/div/div[5]/div[2]/div/div/div/div/div[2]' not found
	at com.kms.katalon.core.webui.common.WebUiCommonHelper.findWebElement(WebUiCommonHelper.java:1370)
	at com.kms.katalon.core.webui.keyword.internal.WebUIAbstractKeyword.findWebElement(WebUIAbstractKeyword.groovy:27)
	at com.kms.katalon.core.webui.keyword.builtin.ClickKeyword$_click_closure1.doCall(ClickKeyword.groovy:65)
	at com.kms.katalon.core.webui.keyword.builtin.ClickKeyword$_click_closure1.call(ClickKeyword.groovy)
	at com.kms.katalon.core.webui.keyword.internal.WebUIKeywordMain.runKeyword(WebUIKeywordMain.groovy:20)
	... 19 more]]></system-out>
      <system-err><![CDATA[2022-04-05 10:19:43 - [TEST_SUITE][FAILED] - Менеждер: Test Cases/Администратор/будет переделываться Школы FAILED.
Reason:
com.kms.katalon.core.exception.StepFailedException: Unable to click on object 'Object Repository/admin/school/Page_/edit'
	at com.kms.katalon.core.webui.keyword.internal.WebUIKeywordMain.stepFailed(WebUIKeywordMain.groovy:64)
	at com.kms.katalon.core.webui.keyword.internal.WebUIKeywordMain.runKeyword(WebUIKeywordMain.groovy:26)
	at com.kms.katalon.core.webui.keyword.builtin.ClickKeyword.click(ClickKeyword.groovy:74)
	at com.kms.katalon.core.webui.keyword.builtin.ClickKeyword.execute(ClickKeyword.groovy:40)
	at com.kms.katalon.core.keyword.internal.KeywordExecutor.executeKeywordForPlatform(KeywordExecutor.groovy:74)
	at com.kms.katalon.core.webui.keyword.WebUiBuiltInKeywords.click(WebUiBuiltInKeywords.groovy:620)
	at com.kms.katalon.core.webui.keyword.WebUiBuiltInKeywords$click$3.call(Unknown Source)
	at будет переделываться Школы.run(будет переделываться Школы:48)
	at com.kms.katalon.core.main.ScriptEngine.run(ScriptEngine.java:194)
	at com.kms.katalon.core.main.ScriptEngine.runScriptAsRawText(ScriptEngine.java:119)
	at com.kms.katalon.core.main.TestCaseExecutor.runScript(TestCaseExecutor.java:442)
	at com.kms.katalon.core.main.TestCaseExecutor.doExecute(TestCaseExecutor.java:433)
	at com.kms.katalon.core.main.TestCaseExecutor.processExecutionPhase(TestCaseExecutor.java:412)
	at com.kms.katalon.core.main.TestCaseExecutor.accessMainPhase(TestCaseExecutor.java:404)
	at com.kms.katalon.core.main.TestCaseExecutor.execute(TestCaseExecutor.java:281)
	at com.kms.katalon.core.main.TestSuiteExecutor.accessTestCaseMainPhase(TestSuiteExecutor.java:202)
	at com.kms.katalon.core.main.TestSuiteExecutor.accessTestSuiteMainPhase(TestSuiteExecutor.java:164)
	at com.kms.katalon.core.main.TestSuiteExecutor.execute(TestSuiteExecutor.java:105)
	at com.kms.katalon.core.main.TestCaseMain.startTestSuite(TestCaseMain.java:185)
	at com.kms.katalon.core.main.TestCaseMain$startTestSuite$0.call(Unknown Source)
	at TempTestSuite1649143162219.run(TempTestSuite1649143162219.groovy:36)
Caused by: com.kms.katalon.core.webui.exception.WebElementNotFoundException: Web element with id: 'Object Repository/admin/school/Page_/edit' located by '//div[@id='root']/div/div/div[2]/div/div/div[2]/div[2]/div/div/div/div[5]/div[2]/div/div/div/div/div[2]' not found
	at com.kms.katalon.core.webui.common.WebUiCommonHelper.findWebElement(WebUiCommonHelper.java:1370)
	at com.kms.katalon.core.webui.keyword.internal.WebUIAbstractKeyword.findWebElement(WebUIAbstractKeyword.groovy:27)
	at com.kms.katalon.core.webui.keyword.builtin.ClickKeyword$_click_closure1.doCall(ClickKeyword.groovy:65)
	at com.kms.katalon.core.webui.keyword.builtin.ClickKeyword$_click_closure1.call(ClickKeyword.groovy)
	at com.kms.katalon.core.webui.keyword.internal.WebUIKeywordMain.runKeyword(WebUIKeywordMain.groovy:20)
	... 19 more]]></system-err>
   </testsuite>
</testsuites>
