<?xml version="1.0" encoding="UTF-8"?>
<testsuites name="Доктор" time="234.754" tests="5" failures="0" errors="0">
   <testsuite name="Доктор" tests="5" failures="0" errors="0" time="234.754" skipped="0" timestamp="2022-04-14 15:59:27" hostname="LENOVO - DESKTOP-KNHN0AA" id="Test Suites/Доктор">
      <properties>
         <property name="deviceName" value=""/>
         <property name="devicePlatform" value=""/>
         <property name="logFolder" value="C:\\Users\\LENOVO\\Katalon Studio\\Avangard\\Reports\\20220414_155908\\\u0414\u043E\u043A\u0442\u043E\u0440\\20220414_155909"/>
         <property name="logFiles" value="C:\\Users\\LENOVO\\Katalon Studio\\Avangard\\Reports\\20220414_155908\\\u0414\u043E\u043A\u0442\u043E\u0440\\20220414_155909\\execution0.log"/>
         <property name="attachments" value=""/>
         <property name="hostName" value="LENOVO - DESKTOP-KNHN0AA"/>
         <property name="os" value="Windows 10 64bit"/>
         <property name="katalonVersion" value="8.2.5.208"/>
         <property name="browser" value="Chrome 100.0.4896.75"/>
         <property name="hostAddress" value="192.168.0.11"/>
         <property name="sessionId" value="abcfc7d5dbe0234ce251c6a9a5ea44f4"/>
         <property name="seleniumVersion" value="3.141.59"/>
         <property name="proxyInformation" value="ProxyInformation { proxyOption=NO_PROXY, proxyServerType=HTTP, username=, password=********, proxyServerAddress=, proxyServerPort=0, executionList=&quot;&quot;, isApplyToDesiredCapabilities=true }"/>
         <property name="platform" value="Windows 10"/>
      </properties>
      <testcase name="Test Cases/Доктор/Авторизация врач" time="11.125" classname="Test Cases/Доктор/Авторизация врач" status="PASSED">
         <system-out><![CDATA[2022-04-14 15:59:28 - [TEST_CASE][PASSED] - Test Cases/Доктор/Авторизация врач: Test Cases/Доктор/Авторизация врач

2022-04-14 15:59:28 - [TEST_STEP][PASSED] - openBrowser(""): Browser is opened with url: ''

2022-04-14 15:59:28 - [MESSAGE][INFO] - Starting 'Chrome' driver

2022-04-14 15:59:28 - [MESSAGE][INFO] - Action delay is set to 100 milliseconds

2022-04-14 15:59:30 - [MESSAGE][PASSED] - Browser is opened with url: ''

2022-04-14 15:59:30 - [TEST_STEP][PASSED] - maximizeWindow(): Current window maximized

2022-04-14 15:59:30 - [MESSAGE][PASSED] - Current window maximized

2022-04-14 15:59:30 - [TEST_STEP][PASSED] - navigateToUrl(url): Navigate to 'https://stars-stage.hawk.ru:8080' successfully

2022-04-14 15:59:36 - [MESSAGE][PASSED] - Navigate to 'https://stars-stage.hawk.ru:8080' successfully

2022-04-14 15:59:36 - [TEST_STEP][PASSED] - setText(findTestObject("Object Repository/vra/Page_/input__sc-lnrBVv eqPACj"), doktor_login): Text 'TestDoctor@mail.ru' is set on object 'Object Repository/vra/Page_/input__sc-lnrBVv eqPACj'

2022-04-14 15:59:37 - [MESSAGE][PASSED] - Text 'TestDoctor@mail.ru' is set on object 'Object Repository/vra/Page_/input__sc-lnrBVv eqPACj'

2022-04-14 15:59:37 - [TEST_STEP][PASSED] - setText(findTestObject("Object Repository/vra/Page_/input__sc-lnrBVv eqPACj_1"), doktor_password, STOP_ON_FAILURE): Text 'testdoctor@mail.ru' is set on object 'Object Repository/vra/Page_/input__sc-lnrBVv eqPACj_1'

2022-04-14 15:59:38 - [MESSAGE][PASSED] - Text 'testdoctor@mail.ru' is set on object 'Object Repository/vra/Page_/input__sc-lnrBVv eqPACj_1'

2022-04-14 15:59:38 - [TEST_STEP][PASSED] - click(findTestObject("Object Repository/vrach/Page_/Page_/go")): Object: 'Object Repository/vrach/Page_/Page_/go' is clicked on

2022-04-14 15:59:39 - [MESSAGE][PASSED] - Object: 'Object Repository/vrach/Page_/Page_/go' is clicked on]]></system-out>
         <system-err><![CDATA[]]></system-err>
      </testcase>
      <testcase name="Test Cases/Доктор/Просмотр профиля" time="16.301" classname="Test Cases/Доктор/Просмотр профиля" status="PASSED">
         <system-out><![CDATA[2022-04-14 15:59:39 - [TEST_CASE][PASSED] - Test Cases/Доктор/Просмотр профиля: Test Cases/Доктор/Просмотр профиля

2022-04-14 15:59:39 - [TEST_STEP][PASSED] - callTestCase(findTestCase("Доктор/Авторизация врач"), [:], STOP_ON_FAILURE): Call Test Case 'Test Cases/Доктор/Авторизация врач' successfully

2022-04-14 15:59:39 - [TEST_CASE][PASSED] - Test Cases/Доктор/Авторизация врач: Test Cases/Доктор/Авторизация врач

2022-04-14 15:59:39 - [TEST_STEP][PASSED] - openBrowser(""): Browser is opened with url: ''

2022-04-14 15:59:39 - [MESSAGE][WARNING] - A browser is already opened. Closing browser and opening a new one

2022-04-14 15:59:40 - [MESSAGE][INFO] - Starting 'Chrome' driver

2022-04-14 15:59:40 - [MESSAGE][INFO] - Action delay is set to 100 milliseconds

2022-04-14 15:59:41 - [MESSAGE][PASSED] - Browser is opened with url: ''

2022-04-14 15:59:41 - [TEST_STEP][PASSED] - maximizeWindow(): Current window maximized

2022-04-14 15:59:41 - [MESSAGE][PASSED] - Current window maximized

2022-04-14 15:59:41 - [TEST_STEP][PASSED] - navigateToUrl(url): Navigate to 'https://stars-stage.hawk.ru:8080' successfully

2022-04-14 15:59:45 - [MESSAGE][PASSED] - Navigate to 'https://stars-stage.hawk.ru:8080' successfully

2022-04-14 15:59:45 - [TEST_STEP][PASSED] - setText(findTestObject("Object Repository/vra/Page_/input__sc-lnrBVv eqPACj"), doktor_login): Text 'TestDoctor@mail.ru' is set on object 'Object Repository/vra/Page_/input__sc-lnrBVv eqPACj'

2022-04-14 15:59:46 - [MESSAGE][PASSED] - Text 'TestDoctor@mail.ru' is set on object 'Object Repository/vra/Page_/input__sc-lnrBVv eqPACj'

2022-04-14 15:59:46 - [TEST_STEP][PASSED] - setText(findTestObject("Object Repository/vra/Page_/input__sc-lnrBVv eqPACj_1"), doktor_password, STOP_ON_FAILURE): Text 'testdoctor@mail.ru' is set on object 'Object Repository/vra/Page_/input__sc-lnrBVv eqPACj_1'

2022-04-14 15:59:47 - [MESSAGE][PASSED] - Text 'testdoctor@mail.ru' is set on object 'Object Repository/vra/Page_/input__sc-lnrBVv eqPACj_1'

2022-04-14 15:59:47 - [TEST_STEP][PASSED] - click(findTestObject("Object Repository/vrach/Page_/Page_/go")): Object: 'Object Repository/vrach/Page_/Page_/go' is clicked on

2022-04-14 15:59:47 - [MESSAGE][PASSED] - Object: 'Object Repository/vrach/Page_/Page_/go' is clicked on

2022-04-14 15:59:47 - [MESSAGE][PASSED] - Call Test Case 'Test Cases/Доктор/Авторизация врач' successfully

2022-04-14 15:59:47 - [TEST_STEP][PASSED] - click(findTestObject("Object Repository/vrach/profile/Page_/span_TestDoctormail.ru")): Object: 'Object Repository/vrach/profile/Page_/span_TestDoctormail.ru' is clicked on

2022-04-14 15:59:52 - [MESSAGE][PASSED] - Object: 'Object Repository/vrach/profile/Page_/span_TestDoctormail.ru' is clicked on

2022-04-14 15:59:52 - [TEST_STEP][PASSED] - click(findTestObject("Object Repository/vrach/profile/Page_/save")): Object: 'Object Repository/vrach/profile/Page_/save' is clicked on

2022-04-14 15:59:53 - [MESSAGE][PASSED] - Object: 'Object Repository/vrach/profile/Page_/save' is clicked on

2022-04-14 15:59:53 - [TEST_STEP][PASSED] - verifyTextPresent("Пользователь сохранен", true): Text 'Пользователь сохранен' is present on page  using regular expression

2022-04-14 15:59:54 - [MESSAGE][PASSED] - Text 'Пользователь сохранен' is present on page  using regular expression

2022-04-14 15:59:54 - [TEST_STEP][PASSED] - click(findTestObject("Object Repository/vrach/profile/Page_/exit")): Object: 'Object Repository/vrach/profile/Page_/exit' is clicked on

2022-04-14 15:59:54 - [MESSAGE][PASSED] - Object: 'Object Repository/vrach/profile/Page_/exit' is clicked on

2022-04-14 15:59:54 - [TEST_STEP][PASSED] - closeBrowser(): Browser is closed

2022-04-14 15:59:55 - [MESSAGE][PASSED] - Browser is closed]]></system-out>
         <system-err><![CDATA[]]></system-err>
      </testcase>
      <testcase name="Test Cases/Доктор/Психотест (психолог)" time="22.891" classname="Test Cases/Доктор/Психотест (психолог)" status="PASSED">
         <system-out><![CDATA[2022-04-14 15:59:55 - [TEST_CASE][PASSED] - Test Cases/Доктор/Психотест (психолог): Test Cases/Доктор/Психотест (психолог)

2022-04-14 15:59:55 - [TEST_STEP][PASSED] - openBrowser(""): Browser is opened with url: ''

2022-04-14 15:59:55 - [MESSAGE][INFO] - Starting 'Chrome' driver

2022-04-14 15:59:55 - [MESSAGE][INFO] - Action delay is set to 100 milliseconds

2022-04-14 15:59:57 - [MESSAGE][PASSED] - Browser is opened with url: ''

2022-04-14 15:59:57 - [TEST_STEP][PASSED] - maximizeWindow(): Current window maximized

2022-04-14 15:59:57 - [MESSAGE][PASSED] - Current window maximized

2022-04-14 15:59:57 - [TEST_STEP][PASSED] - navigateToUrl("https://stars-stage.hawk.ru:8080/"): Navigate to 'https://stars-stage.hawk.ru:8080/' successfully

2022-04-14 16:00:00 - [MESSAGE][PASSED] - Navigate to 'https://stars-stage.hawk.ru:8080/' successfully

2022-04-14 16:00:00 - [TEST_STEP][PASSED] - setText(findTestObject("Avangard New/Object (Психолог)/login (Логин Психолог)"), "psychotest@test.ru"): Text 'psychotest@test.ru' is set on object 'Object Repository/Avangard New/Object (Психолог)/login (Логин Психолог)'

2022-04-14 16:00:01 - [MESSAGE][PASSED] - Text 'psychotest@test.ru' is set on object 'Object Repository/Avangard New/Object (Психолог)/login (Логин Психолог)'

2022-04-14 16:00:01 - [TEST_STEP][PASSED] - setText(findTestObject("Avangard New/Object (Психолог)/password (Пароль Психолог)"), "psychotest@test.ru", STOP_ON_FAILURE): Text 'psychotest@test.ru' is set on object 'Object Repository/Avangard New/Object (Психолог)/password (Пароль Психолог)'

2022-04-14 16:00:02 - [MESSAGE][PASSED] - Text 'psychotest@test.ru' is set on object 'Object Repository/Avangard New/Object (Психолог)/password (Пароль Психолог)'

2022-04-14 16:00:02 - [TEST_STEP][PASSED] - click(findTestObject("Object Repository/vrach/psychotest/Page_/go")): Object: 'Object Repository/vrach/psychotest/Page_/go' is clicked on

2022-04-14 16:00:03 - [MESSAGE][PASSED] - Object: 'Object Repository/vrach/psychotest/Page_/go' is clicked on

2022-04-14 16:00:03 - [TEST_STEP][PASSED] - click(findTestObject("Object Repository/vrach/psychotest/Page_/psychotest")): Object: 'Object Repository/vrach/psychotest/Page_/psychotest' is clicked on

2022-04-14 16:00:09 - [MESSAGE][PASSED] - Object: 'Object Repository/vrach/psychotest/Page_/psychotest' is clicked on

2022-04-14 16:00:09 - [TEST_STEP][PASSED] - verifyTextPresent("Психологический профиль", false): Text 'Психологический профиль' is present on page 

2022-04-14 16:00:09 - [MESSAGE][PASSED] - Text 'Психологический профиль' is present on page 

2022-04-14 16:00:09 - [TEST_STEP][NOT_RUN] - click(findTestObject("Object Repository/vrach/psychotest/Page_/school")): NOT_RUN: click(findTestObject("Object Repository/vrach/psychotest/Page_/school"))

2022-04-14 16:00:09 - [MESSAGE][NOT_RUN] - NOT_RUN: click(findTestObject("Object Repository/vrach/psychotest/Page_/school"))

2022-04-14 16:00:09 - [TEST_STEP][NOT_RUN] - click(findTestObject("Object Repository/vrach/psychotest/Page_/avanguard")): NOT_RUN: click(findTestObject("Object Repository/vrach/psychotest/Page_/avanguard"))

2022-04-14 16:00:09 - [MESSAGE][NOT_RUN] - NOT_RUN: click(findTestObject("Object Repository/vrach/psychotest/Page_/avanguard"))

2022-04-14 16:00:09 - [TEST_STEP][PASSED] - click(findTestObject("Object Repository/vrach/psychotest/Page_/team")): Object: 'Object Repository/vrach/psychotest/Page_/team' is clicked on

2022-04-14 16:00:10 - [MESSAGE][PASSED] - Object: 'Object Repository/vrach/psychotest/Page_/team' is clicked on

2022-04-14 16:00:10 - [TEST_STEP][PASSED] - click(findTestObject("Object Repository/vrach/psychotest/Page_/varteam")): Object: 'Object Repository/vrach/psychotest/Page_/varteam' is clicked on

2022-04-14 16:00:11 - [MESSAGE][PASSED] - Object: 'Object Repository/vrach/psychotest/Page_/varteam' is clicked on

2022-04-14 16:00:11 - [TEST_STEP][PASSED] - click(findTestObject("Object Repository/vrach/psychotest/Page_/player")): Object: 'Object Repository/vrach/psychotest/Page_/player' is clicked on

2022-04-14 16:00:12 - [MESSAGE][PASSED] - Object: 'Object Repository/vrach/psychotest/Page_/player' is clicked on

2022-04-14 16:00:12 - [TEST_STEP][PASSED] - click(findTestObject("Object Repository/vrach/psychotest/Page_/varplayer")): Object: 'Object Repository/vrach/psychotest/Page_/varplayer' is clicked on

2022-04-14 16:00:13 - [MESSAGE][PASSED] - Object: 'Object Repository/vrach/psychotest/Page_/varplayer' is clicked on

2022-04-14 16:00:13 - [TEST_STEP][PASSED] - click(findTestObject("Object Repository/vrach/psychotest/Page_/date")): Object: 'Object Repository/vrach/psychotest/Page_/date' is clicked on

2022-04-14 16:00:14 - [MESSAGE][PASSED] - Object: 'Object Repository/vrach/psychotest/Page_/date' is clicked on

2022-04-14 16:00:14 - [TEST_STEP][PASSED] - click(findTestObject("Object Repository/vrach/psychotest/Page_/enter_date")): Object: 'Object Repository/vrach/psychotest/Page_/enter_date' is clicked on

2022-04-14 16:00:15 - [MESSAGE][PASSED] - Object: 'Object Repository/vrach/psychotest/Page_/enter_date' is clicked on

2022-04-14 16:00:15 - [TEST_STEP][PASSED] - verifyTextPresent("Реакция на простой стимул", false): Text 'Реакция на простой стимул' is present on page 

2022-04-14 16:00:15 - [MESSAGE][PASSED] - Text 'Реакция на простой стимул' is present on page 

2022-04-14 16:00:15 - [TEST_STEP][PASSED] - scrollToElement(findTestObject("Object Repository/vrach/psychotest/Page_/thinking"), 0): Scroll to object 'Object Repository/vrach/psychotest/Page_/thinking' successfully

2022-04-14 16:00:15 - [MESSAGE][WARNING] - Timeout '0' is invalid. Using default page load timeout: '30'

2022-04-14 16:00:16 - [MESSAGE][PASSED] - Scroll to object 'Object Repository/vrach/psychotest/Page_/thinking' successfully

2022-04-14 16:00:16 - [TEST_STEP][PASSED] - setText(findTestObject("Object Repository/vrach/psychotest/Page_/thinking"), "9"): Text '9' is set on object 'Object Repository/vrach/psychotest/Page_/thinking'

2022-04-14 16:00:17 - [MESSAGE][PASSED] - Text '9' is set on object 'Object Repository/vrach/psychotest/Page_/thinking'

2022-04-14 16:00:17 - [TEST_STEP][PASSED] - click(findTestObject("Object Repository/vrach/psychotest/Page_/button_save")): Object: 'Object Repository/vrach/psychotest/Page_/button_save' is clicked on

2022-04-14 16:00:17 - [MESSAGE][PASSED] - Object: 'Object Repository/vrach/psychotest/Page_/button_save' is clicked on

2022-04-14 16:00:17 - [TEST_STEP][PASSED] - closeBrowser(): Browser is closed

2022-04-14 16:00:18 - [MESSAGE][PASSED] - Browser is closed]]></system-out>
         <system-err><![CDATA[]]></system-err>
      </testcase>
      <testcase name="Test Cases/Доктор/дописать проверку на игрока Проверка вкладки Питание" time="61.426" classname="Test Cases/Доктор/дописать проверку на игрока Проверка вкладки Питание" status="PASSED">
         <system-out><![CDATA[2022-04-14 16:00:18 - [TEST_CASE][PASSED] - Test Cases/Доктор/дописать проверку на игрока Проверка вкладки Питание: Test Cases/Доктор/дописать проверку на игрока Проверка вкладки Питание

2022-04-14 16:00:18 - [TEST_STEP][PASSED] - callTestCase(findTestCase("Доктор/Авторизация врач"), [:], STOP_ON_FAILURE): Call Test Case 'Test Cases/Доктор/Авторизация врач' successfully

2022-04-14 16:00:18 - [TEST_CASE][PASSED] - Test Cases/Доктор/Авторизация врач: Test Cases/Доктор/Авторизация врач

2022-04-14 16:00:18 - [TEST_STEP][PASSED] - openBrowser(""): Browser is opened with url: ''

2022-04-14 16:00:18 - [MESSAGE][INFO] - Starting 'Chrome' driver

2022-04-14 16:00:18 - [MESSAGE][INFO] - Action delay is set to 100 milliseconds

2022-04-14 16:00:20 - [MESSAGE][PASSED] - Browser is opened with url: ''

2022-04-14 16:00:20 - [TEST_STEP][PASSED] - maximizeWindow(): Current window maximized

2022-04-14 16:00:20 - [MESSAGE][PASSED] - Current window maximized

2022-04-14 16:00:20 - [TEST_STEP][PASSED] - navigateToUrl(url): Navigate to 'https://stars-stage.hawk.ru:8080' successfully

2022-04-14 16:00:24 - [MESSAGE][PASSED] - Navigate to 'https://stars-stage.hawk.ru:8080' successfully

2022-04-14 16:00:24 - [TEST_STEP][PASSED] - setText(findTestObject("Object Repository/vra/Page_/input__sc-lnrBVv eqPACj"), doktor_login): Text 'TestDoctor@mail.ru' is set on object 'Object Repository/vra/Page_/input__sc-lnrBVv eqPACj'

2022-04-14 16:00:25 - [MESSAGE][PASSED] - Text 'TestDoctor@mail.ru' is set on object 'Object Repository/vra/Page_/input__sc-lnrBVv eqPACj'

2022-04-14 16:00:25 - [TEST_STEP][PASSED] - setText(findTestObject("Object Repository/vra/Page_/input__sc-lnrBVv eqPACj_1"), doktor_password, STOP_ON_FAILURE): Text 'testdoctor@mail.ru' is set on object 'Object Repository/vra/Page_/input__sc-lnrBVv eqPACj_1'

2022-04-14 16:00:26 - [MESSAGE][PASSED] - Text 'testdoctor@mail.ru' is set on object 'Object Repository/vra/Page_/input__sc-lnrBVv eqPACj_1'

2022-04-14 16:00:26 - [TEST_STEP][PASSED] - click(findTestObject("Object Repository/vrach/Page_/Page_/go")): Object: 'Object Repository/vrach/Page_/Page_/go' is clicked on

2022-04-14 16:00:27 - [MESSAGE][PASSED] - Object: 'Object Repository/vrach/Page_/Page_/go' is clicked on

2022-04-14 16:00:27 - [MESSAGE][PASSED] - Call Test Case 'Test Cases/Доктор/Авторизация врач' successfully

2022-04-14 16:00:27 - [TEST_STEP][PASSED] - click(findTestObject("Object Repository/Avangard New/Object (Доктор)/Case (Питание)/span_pitanie")): Object: 'Object Repository/Avangard New/Object (Доктор)/Case (Питание)/span_pitanie' is clicked on

2022-04-14 16:00:31 - [MESSAGE][PASSED] - Object: 'Object Repository/Avangard New/Object (Доктор)/Case (Питание)/span_pitanie' is clicked on

2022-04-14 16:00:31 - [TEST_STEP][PASSED] - click(findTestObject("Object Repository/Avangard New/Object (Доктор)/Case (Питание)/place_choose school")): Object: 'Object Repository/Avangard New/Object (Доктор)/Case (Питание)/place_choose school' is clicked on

2022-04-14 16:00:32 - [MESSAGE][PASSED] - Object: 'Object Repository/Avangard New/Object (Доктор)/Case (Питание)/place_choose school' is clicked on

2022-04-14 16:00:32 - [TEST_STEP][PASSED] - click(findTestObject("Object Repository/Avangard New/Object (Доктор)/Case (Питание)/div_Avangard")): Object: 'Object Repository/Avangard New/Object (Доктор)/Case (Питание)/div_Avangard' is clicked on

2022-04-14 16:00:33 - [MESSAGE][PASSED] - Object: 'Object Repository/Avangard New/Object (Доктор)/Case (Питание)/div_Avangard' is clicked on

2022-04-14 16:00:33 - [TEST_STEP][PASSED] - click(findTestObject("Object Repository/Avangard New/Object (Доктор)/Case (Питание)/place choose team")): Object: 'Object Repository/Avangard New/Object (Доктор)/Case (Питание)/place choose team' is clicked on

2022-04-14 16:00:33 - [MESSAGE][PASSED] - Object: 'Object Repository/Avangard New/Object (Доктор)/Case (Питание)/place choose team' is clicked on

2022-04-14 16:00:33 - [TEST_STEP][NOT_RUN] - click(findTestObject("Object Repository/Avangard New/Object (Доктор)/Case (Питание)/div_omsk")): NOT_RUN: click(findTestObject("Object Repository/Avangard New/Object (Доктор)/Case (Питание)/div_omsk"))

2022-04-14 16:00:33 - [MESSAGE][NOT_RUN] - NOT_RUN: click(findTestObject("Object Repository/Avangard New/Object (Доктор)/Case (Питание)/div_omsk"))

2022-04-14 16:00:33 - [TEST_STEP][PASSED] - setText(findTestObject("Object Repository/Avangard New/Object (Доктор)/Case (Питание)/input__team imt"), school): Text 'Омские Ястребы' is set on object 'Object Repository/Avangard New/Object (Доктор)/Case (Питание)/input__team imt'

2022-04-14 16:00:34 - [MESSAGE][PASSED] - Text 'Омские Ястребы' is set on object 'Object Repository/Avangard New/Object (Доктор)/Case (Питание)/input__team imt'

2022-04-14 16:00:34 - [TEST_STEP][PASSED] - sendKeys(findTestObject("Object Repository/Avangard New/Object (Доктор)/Case (Питание)/input__team imt"), Keys.chord(ENTER)): Keys 'ENTER + ' sent to object: 'Object Repository/Avangard New/Object (Доктор)/Case (Питание)/input__team imt'

2022-04-14 16:00:35 - [MESSAGE][PASSED] - Keys 'ENTER + ' sent to object: 'Object Repository/Avangard New/Object (Доктор)/Case (Питание)/input__team imt'

2022-04-14 16:00:35 - [TEST_STEP][PASSED] - click(findTestObject("Object Repository/Avangard New/Object (Доктор)/Case (Питание)/button_edit")): Object: 'Object Repository/Avangard New/Object (Доктор)/Case (Питание)/button_edit' is clicked on

2022-04-14 16:00:36 - [MESSAGE][PASSED] - Object: 'Object Repository/Avangard New/Object (Доктор)/Case (Питание)/button_edit' is clicked on

2022-04-14 16:00:36 - [TEST_STEP][PASSED] - click(findTestObject("Object Repository/Avangard New/Object (Доктор)/Case (Питание)/span_add")): Object: 'Object Repository/Avangard New/Object (Доктор)/Case (Питание)/span_add' is clicked on

2022-04-14 16:00:37 - [MESSAGE][PASSED] - Object: 'Object Repository/Avangard New/Object (Доктор)/Case (Питание)/span_add' is clicked on

2022-04-14 16:00:37 - [TEST_STEP][PASSED] - click(findTestObject("Object Repository/Avangard New/Object (Доктор)/Case (Питание)/div_place recomendation1")): Object: 'Object Repository/Avangard New/Object (Доктор)/Case (Питание)/div_place recomendation1' is clicked on

2022-04-14 16:00:40 - [MESSAGE][PASSED] - Object: 'Object Repository/Avangard New/Object (Доктор)/Case (Питание)/div_place recomendation1' is clicked on

2022-04-14 16:00:40 - [TEST_STEP][PASSED] - click(findTestObject("Object Repository/Avangard New/Object (Доктор)/Case (Питание)/div__uglevodi1")): Object: 'Object Repository/Avangard New/Object (Доктор)/Case (Питание)/div__uglevodi1' is clicked on

2022-04-14 16:00:40 - [MESSAGE][PASSED] - Object: 'Object Repository/Avangard New/Object (Доктор)/Case (Питание)/div__uglevodi1' is clicked on

2022-04-14 16:00:40 - [TEST_STEP][PASSED] - setText(findTestObject("Object Repository/Avangard New/Object (Доктор)/Case (Питание)/body_opisaniee"), "автотест питания1"): Text 'автотест питания1' is set on object 'Object Repository/Avangard New/Object (Доктор)/Case (Питание)/body_opisaniee'

2022-04-14 16:00:42 - [MESSAGE][PASSED] - Text 'автотест питания1' is set on object 'Object Repository/Avangard New/Object (Доктор)/Case (Питание)/body_opisaniee'

2022-04-14 16:00:42 - [TEST_STEP][PASSED] - click(findTestObject("Object Repository/Avangard New/Object (Доктор)/Case (Питание)/button_task")): Object: 'Object Repository/Avangard New/Object (Доктор)/Case (Питание)/button_task' is clicked on

2022-04-14 16:00:42 - [MESSAGE][PASSED] - Object: 'Object Repository/Avangard New/Object (Доктор)/Case (Питание)/button_task' is clicked on

2022-04-14 16:00:42 - [TEST_STEP][PASSED] - setText(findTestObject("Object Repository/Avangard New/Object (Доктор)/Case (Питание)/input_task"), "автотест питания"): Text 'автотест питания' is set on object 'Object Repository/Avangard New/Object (Доктор)/Case (Питание)/input_task'

2022-04-14 16:00:44 - [MESSAGE][PASSED] - Text 'автотест питания' is set on object 'Object Repository/Avangard New/Object (Доктор)/Case (Питание)/input_task'

2022-04-14 16:00:44 - [TEST_STEP][PASSED] - scrollToElement(findTestObject("Object Repository/Avangard New/Object (Доктор)/Case (Питание)/button_save"), 0): Scroll to object 'Object Repository/Avangard New/Object (Доктор)/Case (Питание)/button_save' successfully

2022-04-14 16:00:44 - [MESSAGE][WARNING] - Timeout '0' is invalid. Using default page load timeout: '30'

2022-04-14 16:00:44 - [MESSAGE][PASSED] - Scroll to object 'Object Repository/Avangard New/Object (Доктор)/Case (Питание)/button_save' successfully

2022-04-14 16:00:44 - [TEST_STEP][PASSED] - click(findTestObject("Object Repository/Avangard New/Object (Доктор)/Case (Питание)/button_save")): Object: 'Object Repository/Avangard New/Object (Доктор)/Case (Питание)/button_save' is clicked on

2022-04-14 16:00:45 - [MESSAGE][PASSED] - Object: 'Object Repository/Avangard New/Object (Доктор)/Case (Питание)/button_save' is clicked on

2022-04-14 16:00:45 - [TEST_STEP][PASSED] - verifyElementText(findTestObject("Object Repository/Avangard New/Object (Доктор)/Case (Питание)/alert verif"), "Рекомендация успешно добавлена"): Actual text and expected text of test object 'Object Repository/Avangard New/Object (Доктор)/Case (Питание)/alert verif' are matched.

2022-04-14 16:00:46 - [MESSAGE][PASSED] - Actual text and expected text of test object 'Object Repository/Avangard New/Object (Доктор)/Case (Питание)/alert verif' are matched.

2022-04-14 16:00:46 - [TEST_STEP][PASSED] - click(findTestObject("Object Repository/Avangard New/Object (Доктор)/Case (Питание)/span_home")): Object: 'Object Repository/Avangard New/Object (Доктор)/Case (Питание)/span_home' is clicked on

2022-04-14 16:00:46 - [MESSAGE][PASSED] - Object: 'Object Repository/Avangard New/Object (Доктор)/Case (Питание)/span_home' is clicked on

2022-04-14 16:00:46 - [TEST_STEP][NOT_RUN] - callTestCase(findTestCase("Игрок/Авторизация"), [:], STOP_ON_FAILURE): NOT_RUN: callTestCase(findTestCase("Игрок/Авторизация"), [:], STOP_ON_FAILURE)

2022-04-14 16:00:46 - [MESSAGE][NOT_RUN] - NOT_RUN: callTestCase(findTestCase("Игрок/Авторизация"), [:], STOP_ON_FAILURE)

2022-04-14 16:00:46 - [TEST_STEP][NOT_RUN] - comment(""): NOT_RUN: comment("")

2022-04-14 16:00:46 - [MESSAGE][NOT_RUN] - NOT_RUN: comment("")

2022-04-14 16:00:46 - [TEST_STEP][NOT_RUN] - callTestCase(findTestCase("Тренер/будет переделываться Рекомендации (переиспользуется в проверке Питания у доктора)"), [:], STOP_ON_FAILURE): NOT_RUN: callTestCase(findTestCase("Тренер/будет переделываться Рекомендации (переиспользуется в проверке Питания у доктора)"), [:], STOP_ON_FAILURE)

2022-04-14 16:00:46 - [MESSAGE][NOT_RUN] - NOT_RUN: callTestCase(findTestCase("Тренер/будет переделываться Рекомендации (переиспользуется в проверке Питания у доктора)"), [:], STOP_ON_FAILURE)

2022-04-14 16:00:46 - [TEST_STEP][PASSED] - callTestCase(findTestCase("Доктор/Авторизация врач"), [:], STOP_ON_FAILURE): Call Test Case 'Test Cases/Доктор/Авторизация врач' successfully

2022-04-14 16:00:46 - [TEST_CASE][PASSED] - Test Cases/Доктор/Авторизация врач: Test Cases/Доктор/Авторизация врач

2022-04-14 16:00:46 - [TEST_STEP][PASSED] - openBrowser(""): Browser is opened with url: ''

2022-04-14 16:00:46 - [MESSAGE][WARNING] - A browser is already opened. Closing browser and opening a new one

2022-04-14 16:00:47 - [MESSAGE][INFO] - Starting 'Chrome' driver

2022-04-14 16:00:47 - [MESSAGE][INFO] - Action delay is set to 100 milliseconds

2022-04-14 16:00:48 - [MESSAGE][PASSED] - Browser is opened with url: ''

2022-04-14 16:00:48 - [TEST_STEP][PASSED] - maximizeWindow(): Current window maximized

2022-04-14 16:00:48 - [MESSAGE][PASSED] - Current window maximized

2022-04-14 16:00:48 - [TEST_STEP][PASSED] - navigateToUrl(url): Navigate to 'https://stars-stage.hawk.ru:8080' successfully

2022-04-14 16:00:53 - [MESSAGE][PASSED] - Navigate to 'https://stars-stage.hawk.ru:8080' successfully

2022-04-14 16:00:53 - [TEST_STEP][PASSED] - setText(findTestObject("Object Repository/vra/Page_/input__sc-lnrBVv eqPACj"), doktor_login): Text 'TestDoctor@mail.ru' is set on object 'Object Repository/vra/Page_/input__sc-lnrBVv eqPACj'

2022-04-14 16:00:54 - [MESSAGE][PASSED] - Text 'TestDoctor@mail.ru' is set on object 'Object Repository/vra/Page_/input__sc-lnrBVv eqPACj'

2022-04-14 16:00:54 - [TEST_STEP][PASSED] - setText(findTestObject("Object Repository/vra/Page_/input__sc-lnrBVv eqPACj_1"), doktor_password, STOP_ON_FAILURE): Text 'testdoctor@mail.ru' is set on object 'Object Repository/vra/Page_/input__sc-lnrBVv eqPACj_1'

2022-04-14 16:00:55 - [MESSAGE][PASSED] - Text 'testdoctor@mail.ru' is set on object 'Object Repository/vra/Page_/input__sc-lnrBVv eqPACj_1'

2022-04-14 16:00:55 - [TEST_STEP][PASSED] - click(findTestObject("Object Repository/vrach/Page_/Page_/go")): Object: 'Object Repository/vrach/Page_/Page_/go' is clicked on

2022-04-14 16:00:55 - [MESSAGE][PASSED] - Object: 'Object Repository/vrach/Page_/Page_/go' is clicked on

2022-04-14 16:00:55 - [MESSAGE][PASSED] - Call Test Case 'Test Cases/Доктор/Авторизация врач' successfully

2022-04-14 16:00:55 - [TEST_STEP][PASSED] - click(findTestObject("Object Repository/Avangard New/Object (Доктор)/Case (Питание)/span_pitanie")): Object: 'Object Repository/Avangard New/Object (Доктор)/Case (Питание)/span_pitanie' is clicked on

2022-04-14 16:01:10 - [MESSAGE][PASSED] - Object: 'Object Repository/Avangard New/Object (Доктор)/Case (Питание)/span_pitanie' is clicked on

2022-04-14 16:01:10 - [TEST_STEP][PASSED] - click(findTestObject("Object Repository/Avangard New/Object (Доктор)/Case (Питание)/place_choose school")): Object: 'Object Repository/Avangard New/Object (Доктор)/Case (Питание)/place_choose school' is clicked on

2022-04-14 16:01:11 - [MESSAGE][PASSED] - Object: 'Object Repository/Avangard New/Object (Доктор)/Case (Питание)/place_choose school' is clicked on

2022-04-14 16:01:11 - [TEST_STEP][PASSED] - click(findTestObject("Object Repository/Avangard New/Object (Доктор)/Case (Питание)/div_Avangard")): Object: 'Object Repository/Avangard New/Object (Доктор)/Case (Питание)/div_Avangard' is clicked on

2022-04-14 16:01:12 - [MESSAGE][PASSED] - Object: 'Object Repository/Avangard New/Object (Доктор)/Case (Питание)/div_Avangard' is clicked on

2022-04-14 16:01:12 - [TEST_STEP][PASSED] - click(findTestObject("Object Repository/Avangard New/Object (Доктор)/Case (Питание)/place choose team")): Object: 'Object Repository/Avangard New/Object (Доктор)/Case (Питание)/place choose team' is clicked on

2022-04-14 16:01:12 - [MESSAGE][PASSED] - Object: 'Object Repository/Avangard New/Object (Доктор)/Case (Питание)/place choose team' is clicked on

2022-04-14 16:01:12 - [TEST_STEP][NOT_RUN] - click(findTestObject("Object Repository/Avangard New/Object (Доктор)/Case (Питание)/div_omsk")): NOT_RUN: click(findTestObject("Object Repository/Avangard New/Object (Доктор)/Case (Питание)/div_omsk"))

2022-04-14 16:01:12 - [MESSAGE][NOT_RUN] - NOT_RUN: click(findTestObject("Object Repository/Avangard New/Object (Доктор)/Case (Питание)/div_omsk"))

2022-04-14 16:01:12 - [TEST_STEP][PASSED] - setText(findTestObject("Object Repository/Avangard New/Object (Доктор)/Case (Питание)/input__team imt"), school): Text 'Омские Ястребы' is set on object 'Object Repository/Avangard New/Object (Доктор)/Case (Питание)/input__team imt'

2022-04-14 16:01:13 - [MESSAGE][PASSED] - Text 'Омские Ястребы' is set on object 'Object Repository/Avangard New/Object (Доктор)/Case (Питание)/input__team imt'

2022-04-14 16:01:13 - [TEST_STEP][PASSED] - sendKeys(findTestObject("Object Repository/Avangard New/Object (Доктор)/Case (Питание)/input__team imt"), Keys.chord(ENTER)): Keys 'ENTER + ' sent to object: 'Object Repository/Avangard New/Object (Доктор)/Case (Питание)/input__team imt'

2022-04-14 16:01:14 - [MESSAGE][PASSED] - Keys 'ENTER + ' sent to object: 'Object Repository/Avangard New/Object (Доктор)/Case (Питание)/input__team imt'

2022-04-14 16:01:14 - [TEST_STEP][PASSED] - click(findTestObject("Object Repository/Avangard New/Object (Доктор)/Case (Питание)/button_edit")): Object: 'Object Repository/Avangard New/Object (Доктор)/Case (Питание)/button_edit' is clicked on

2022-04-14 16:01:15 - [MESSAGE][PASSED] - Object: 'Object Repository/Avangard New/Object (Доктор)/Case (Питание)/button_edit' is clicked on

2022-04-14 16:01:15 - [TEST_STEP][PASSED] - click(findTestObject("Avangard New/Object (Доктор)/Case (Питание)/span_add")): Object: 'Object Repository/Avangard New/Object (Доктор)/Case (Питание)/span_add' is clicked on

2022-04-14 16:01:16 - [MESSAGE][PASSED] - Object: 'Object Repository/Avangard New/Object (Доктор)/Case (Питание)/span_add' is clicked on

2022-04-14 16:01:16 - [TEST_STEP][PASSED] - scrollToElement(findTestObject("Object Repository/Avangard New/Object (Доктор)/Case (Питание)/button_delete"), 0): Scroll to object 'Object Repository/Avangard New/Object (Доктор)/Case (Питание)/button_delete' successfully

2022-04-14 16:01:16 - [MESSAGE][WARNING] - Timeout '0' is invalid. Using default page load timeout: '30'

2022-04-14 16:01:17 - [MESSAGE][PASSED] - Scroll to object 'Object Repository/Avangard New/Object (Доктор)/Case (Питание)/button_delete' successfully

2022-04-14 16:01:17 - [TEST_STEP][PASSED] - click(findTestObject("Object Repository/Avangard New/Object (Доктор)/Case (Питание)/button_delete")): Object: 'Object Repository/Avangard New/Object (Доктор)/Case (Питание)/button_delete' is clicked on

2022-04-14 16:01:18 - [MESSAGE][PASSED] - Object: 'Object Repository/Avangard New/Object (Доктор)/Case (Питание)/button_delete' is clicked on

2022-04-14 16:01:18 - [TEST_STEP][PASSED] - verifyElementText(findTestObject("Object Repository/Avangard New/Object (Доктор)/Case (Питание)/alert delete"), "Рекомендация успешно удалена"): Actual text and expected text of test object 'Object Repository/Avangard New/Object (Доктор)/Case (Питание)/alert delete' are matched.

2022-04-14 16:01:18 - [MESSAGE][PASSED] - Actual text and expected text of test object 'Object Repository/Avangard New/Object (Доктор)/Case (Питание)/alert delete' are matched.

2022-04-14 16:01:18 - [TEST_STEP][PASSED] - verifyElementText(findTestObject("Object Repository/Avangard New/Object (Доктор)/Case (Питание)/span_add"), "Добавить рацион"): Actual text and expected text of test object 'Object Repository/Avangard New/Object (Доктор)/Case (Питание)/span_add' are matched.

2022-04-14 16:01:19 - [MESSAGE][PASSED] - Actual text and expected text of test object 'Object Repository/Avangard New/Object (Доктор)/Case (Питание)/span_add' are matched.

2022-04-14 16:01:19 - [TEST_STEP][PASSED] - closeBrowser(): Browser is closed

2022-04-14 16:01:19 - [MESSAGE][PASSED] - Browser is closed]]></system-out>
         <system-err><![CDATA[]]></system-err>
      </testcase>
      <testcase name="Test Cases/Доктор/Создание карточки болезни" time="122.444" classname="Test Cases/Доктор/Создание карточки болезни" status="PASSED">
         <system-out><![CDATA[2022-04-14 16:01:20 - [TEST_CASE][PASSED] - Test Cases/Доктор/Создание карточки болезни: Test Cases/Доктор/Создание карточки болезни

2022-04-14 16:01:20 - [TEST_STEP][PASSED] - callTestCase(findTestCase("Доктор/Авторизация врач"), [:], STOP_ON_FAILURE): Call Test Case 'Test Cases/Доктор/Авторизация врач' successfully

2022-04-14 16:01:20 - [TEST_CASE][PASSED] - Test Cases/Доктор/Авторизация врач: Test Cases/Доктор/Авторизация врач

2022-04-14 16:01:20 - [TEST_STEP][PASSED] - openBrowser(""): Browser is opened with url: ''

2022-04-14 16:01:20 - [MESSAGE][INFO] - Starting 'Chrome' driver

2022-04-14 16:01:20 - [MESSAGE][INFO] - Action delay is set to 100 milliseconds

2022-04-14 16:01:21 - [MESSAGE][PASSED] - Browser is opened with url: ''

2022-04-14 16:01:21 - [TEST_STEP][PASSED] - maximizeWindow(): Current window maximized

2022-04-14 16:01:21 - [MESSAGE][PASSED] - Current window maximized

2022-04-14 16:01:21 - [TEST_STEP][PASSED] - navigateToUrl(url): Navigate to 'https://stars-stage.hawk.ru:8080' successfully

2022-04-14 16:01:27 - [MESSAGE][PASSED] - Navigate to 'https://stars-stage.hawk.ru:8080' successfully

2022-04-14 16:01:27 - [TEST_STEP][PASSED] - setText(findTestObject("Object Repository/vra/Page_/input__sc-lnrBVv eqPACj"), doktor_login): Text 'TestDoctor@mail.ru' is set on object 'Object Repository/vra/Page_/input__sc-lnrBVv eqPACj'

2022-04-14 16:01:28 - [MESSAGE][PASSED] - Text 'TestDoctor@mail.ru' is set on object 'Object Repository/vra/Page_/input__sc-lnrBVv eqPACj'

2022-04-14 16:01:28 - [TEST_STEP][PASSED] - setText(findTestObject("Object Repository/vra/Page_/input__sc-lnrBVv eqPACj_1"), doktor_password, STOP_ON_FAILURE): Text 'testdoctor@mail.ru' is set on object 'Object Repository/vra/Page_/input__sc-lnrBVv eqPACj_1'

2022-04-14 16:01:29 - [MESSAGE][PASSED] - Text 'testdoctor@mail.ru' is set on object 'Object Repository/vra/Page_/input__sc-lnrBVv eqPACj_1'

2022-04-14 16:01:29 - [TEST_STEP][PASSED] - click(findTestObject("Object Repository/vrach/Page_/Page_/go")): Object: 'Object Repository/vrach/Page_/Page_/go' is clicked on

2022-04-14 16:01:29 - [MESSAGE][PASSED] - Object: 'Object Repository/vrach/Page_/Page_/go' is clicked on

2022-04-14 16:01:29 - [MESSAGE][PASSED] - Call Test Case 'Test Cases/Доктор/Авторизация врач' successfully

2022-04-14 16:01:29 - [TEST_STEP][PASSED] - click(findTestObject("Avangard New/Object (Доктор)/Case (Создание карточки и удаление)/button_add")): Object: 'Object Repository/Avangard New/Object (Доктор)/Case (Создание карточки и удаление)/button_add' is clicked on

2022-04-14 16:01:33 - [MESSAGE][PASSED] - Object: 'Object Repository/Avangard New/Object (Доктор)/Case (Создание карточки и удаление)/button_add' is clicked on

2022-04-14 16:01:33 - [TEST_STEP][PASSED] - click(findTestObject("Avangard New/Object (Доктор)/Case (Создание карточки и удаление)/school")): Object: 'Object Repository/Avangard New/Object (Доктор)/Case (Создание карточки и удаление)/school' is clicked on

2022-04-14 16:01:33 - [MESSAGE][PASSED] - Object: 'Object Repository/Avangard New/Object (Доктор)/Case (Создание карточки и удаление)/school' is clicked on

2022-04-14 16:01:33 - [TEST_STEP][PASSED] - click(findTestObject("Avangard New/Object (Доктор)/Case (Создание карточки и удаление)/avanguard")): Object: 'Object Repository/Avangard New/Object (Доктор)/Case (Создание карточки и удаление)/avanguard' is clicked on

2022-04-14 16:01:34 - [MESSAGE][PASSED] - Object: 'Object Repository/Avangard New/Object (Доктор)/Case (Создание карточки и удаление)/avanguard' is clicked on

2022-04-14 16:01:34 - [TEST_STEP][PASSED] - click(findTestObject("Avangard New/Object (Доктор)/Case (Создание карточки и удаление)/team")): Object: 'Object Repository/Avangard New/Object (Доктор)/Case (Создание карточки и удаление)/team' is clicked on

2022-04-14 16:01:35 - [MESSAGE][PASSED] - Object: 'Object Repository/Avangard New/Object (Доктор)/Case (Создание карточки и удаление)/team' is clicked on

2022-04-14 16:01:35 - [TEST_STEP][PASSED] - click(findTestObject("Avangard New/Object (Доктор)/Case (Создание карточки и удаление)/var_team")): Object: 'Object Repository/Avangard New/Object (Доктор)/Case (Создание карточки и удаление)/var_team' is clicked on

2022-04-14 16:01:36 - [MESSAGE][PASSED] - Object: 'Object Repository/Avangard New/Object (Доктор)/Case (Создание карточки и удаление)/var_team' is clicked on

2022-04-14 16:01:36 - [TEST_STEP][PASSED] - click(findTestObject("Avangard New/Object (Доктор)/Case (Создание карточки и удаление)/player")): Object: 'Object Repository/Avangard New/Object (Доктор)/Case (Создание карточки и удаление)/player' is clicked on

2022-04-14 16:01:36 - [MESSAGE][PASSED] - Object: 'Object Repository/Avangard New/Object (Доктор)/Case (Создание карточки и удаление)/player' is clicked on

2022-04-14 16:01:36 - [TEST_STEP][PASSED] - click(findTestObject("Avangard New/Object (Доктор)/Case (Создание карточки и удаление)/var_player")): Object: 'Object Repository/Avangard New/Object (Доктор)/Case (Создание карточки и удаление)/var_player' is clicked on

2022-04-14 16:01:37 - [MESSAGE][PASSED] - Object: 'Object Repository/Avangard New/Object (Доктор)/Case (Создание карточки и удаление)/var_player' is clicked on

2022-04-14 16:01:37 - [TEST_STEP][PASSED] - click(findTestObject("Avangard New/Object (Доктор)/Case (Создание карточки и удаление)/tip")): Object: 'Object Repository/Avangard New/Object (Доктор)/Case (Создание карточки и удаление)/tip' is clicked on

2022-04-14 16:01:38 - [MESSAGE][PASSED] - Object: 'Object Repository/Avangard New/Object (Доктор)/Case (Создание карточки и удаление)/tip' is clicked on

2022-04-14 16:01:38 - [TEST_STEP][PASSED] - click(findTestObject("Avangard New/Object (Доктор)/Case (Создание карточки и удаление)/travma")): Object: 'Object Repository/Avangard New/Object (Доктор)/Case (Создание карточки и удаление)/travma' is clicked on

2022-04-14 16:01:38 - [MESSAGE][PASSED] - Object: 'Object Repository/Avangard New/Object (Доктор)/Case (Создание карточки и удаление)/travma' is clicked on

2022-04-14 16:01:38 - [TEST_STEP][PASSED] - click(findTestObject("Avangard New/Object (Доктор)/Case (Создание карточки и удаление)/stady 1")): Object: 'Object Repository/Avangard New/Object (Доктор)/Case (Создание карточки и удаление)/stady 1' is clicked on

2022-04-14 16:01:39 - [MESSAGE][PASSED] - Object: 'Object Repository/Avangard New/Object (Доктор)/Case (Создание карточки и удаление)/stady 1' is clicked on

2022-04-14 16:01:39 - [TEST_STEP][PASSED] - click(findTestObject("Avangard New/Object (Доктор)/Case (Создание карточки и удаление)/choise_stady")): Object: 'Object Repository/Avangard New/Object (Доктор)/Case (Создание карточки и удаление)/choise_stady' is clicked on

2022-04-14 16:01:39 - [MESSAGE][PASSED] - Object: 'Object Repository/Avangard New/Object (Доктор)/Case (Создание карточки и удаление)/choise_stady' is clicked on

2022-04-14 16:01:39 - [TEST_STEP][PASSED] - click(findTestObject("Avangard New/Object (Доктор)/Case (Создание карточки и удаление)/tip travm")): Object: 'Object Repository/Avangard New/Object (Доктор)/Case (Создание карточки и удаление)/tip travm' is clicked on

2022-04-14 16:01:40 - [MESSAGE][PASSED] - Object: 'Object Repository/Avangard New/Object (Доктор)/Case (Создание карточки и удаление)/tip travm' is clicked on

2022-04-14 16:01:40 - [TEST_STEP][PASSED] - click(findTestObject("Avangard New/Object (Доктор)/Case (Создание карточки и удаление)/choise_travm")): Object: 'Object Repository/Avangard New/Object (Доктор)/Case (Создание карточки и удаление)/choise_travm' is clicked on

2022-04-14 16:01:41 - [MESSAGE][PASSED] - Object: 'Object Repository/Avangard New/Object (Доктор)/Case (Создание карточки и удаление)/choise_travm' is clicked on

2022-04-14 16:01:41 - [TEST_STEP][PASSED] - setText(findTestObject("Avangard New/Object (Доктор)/Case (Создание карточки и удаление)/dop opisanie"), "автотестирование "): Text 'автотестирование ' is set on object 'Object Repository/Avangard New/Object (Доктор)/Case (Создание карточки и удаление)/dop opisanie'

2022-04-14 16:01:42 - [MESSAGE][PASSED] - Text 'автотестирование ' is set on object 'Object Repository/Avangard New/Object (Доктор)/Case (Создание карточки и удаление)/dop opisanie'

2022-04-14 16:01:42 - [TEST_STEP][PASSED] - click(findTestObject("Avangard New/Object (Доктор)/Case (Создание карточки и удаление)/button_save")): Object: 'Object Repository/Avangard New/Object (Доктор)/Case (Создание карточки и удаление)/button_save' is clicked on

2022-04-14 16:01:43 - [MESSAGE][PASSED] - Object: 'Object Repository/Avangard New/Object (Доктор)/Case (Создание карточки и удаление)/button_save' is clicked on

2022-04-14 16:01:43 - [TEST_STEP][PASSED] - verifyTextPresent("Карточка успешно сохранена", false): Text 'Карточка успешно сохранена' is present on page 

2022-04-14 16:01:45 - [MESSAGE][PASSED] - Text 'Карточка успешно сохранена' is present on page 

2022-04-14 16:01:45 - [TEST_STEP][PASSED] - callTestCase(findTestCase("Доктор/Проверка в профиле статуса Травмирован (переиспользуется в Создание карточки болезни)"), [:], STOP_ON_FAILURE): Call Test Case 'Test Cases/Доктор/Проверка в профиле статуса Травмирован (переиспользуется в Создание карточки болезни)' successfully

2022-04-14 16:01:45 - [TEST_CASE][PASSED] - Test Cases/Доктор/Проверка в профиле статуса Травмирован (переиспользуется в Создание карточки болезни): Test Cases/Доктор/Проверка в профиле статуса Травмирован (переиспользуется в Создание карточки болезни)

2022-04-14 16:01:46 - [TEST_STEP][PASSED] - callTestCase(findTestCase("Доктор/Авторизация врач"), [:], STOP_ON_FAILURE): Call Test Case 'Test Cases/Доктор/Авторизация врач' successfully

2022-04-14 16:01:46 - [TEST_CASE][PASSED] - Test Cases/Доктор/Авторизация врач: Test Cases/Доктор/Авторизация врач

2022-04-14 16:01:46 - [TEST_STEP][PASSED] - openBrowser(""): Browser is opened with url: ''

2022-04-14 16:01:46 - [MESSAGE][WARNING] - A browser is already opened. Closing browser and opening a new one

2022-04-14 16:01:46 - [MESSAGE][INFO] - Starting 'Chrome' driver

2022-04-14 16:01:46 - [MESSAGE][INFO] - Action delay is set to 100 milliseconds

2022-04-14 16:01:47 - [MESSAGE][PASSED] - Browser is opened with url: ''

2022-04-14 16:01:47 - [TEST_STEP][PASSED] - maximizeWindow(): Current window maximized

2022-04-14 16:01:48 - [MESSAGE][PASSED] - Current window maximized

2022-04-14 16:01:48 - [TEST_STEP][PASSED] - navigateToUrl(url): Navigate to 'https://stars-stage.hawk.ru:8080' successfully

2022-04-14 16:01:52 - [MESSAGE][PASSED] - Navigate to 'https://stars-stage.hawk.ru:8080' successfully

2022-04-14 16:01:52 - [TEST_STEP][PASSED] - setText(findTestObject("Object Repository/vra/Page_/input__sc-lnrBVv eqPACj"), doktor_login): Text 'TestDoctor@mail.ru' is set on object 'Object Repository/vra/Page_/input__sc-lnrBVv eqPACj'

2022-04-14 16:01:53 - [MESSAGE][PASSED] - Text 'TestDoctor@mail.ru' is set on object 'Object Repository/vra/Page_/input__sc-lnrBVv eqPACj'

2022-04-14 16:01:53 - [TEST_STEP][PASSED] - setText(findTestObject("Object Repository/vra/Page_/input__sc-lnrBVv eqPACj_1"), doktor_password, STOP_ON_FAILURE): Text 'testdoctor@mail.ru' is set on object 'Object Repository/vra/Page_/input__sc-lnrBVv eqPACj_1'

2022-04-14 16:01:54 - [MESSAGE][PASSED] - Text 'testdoctor@mail.ru' is set on object 'Object Repository/vra/Page_/input__sc-lnrBVv eqPACj_1'

2022-04-14 16:01:54 - [TEST_STEP][PASSED] - click(findTestObject("Object Repository/vrach/Page_/Page_/go")): Object: 'Object Repository/vrach/Page_/Page_/go' is clicked on

2022-04-14 16:01:54 - [MESSAGE][PASSED] - Object: 'Object Repository/vrach/Page_/Page_/go' is clicked on

2022-04-14 16:01:54 - [MESSAGE][PASSED] - Call Test Case 'Test Cases/Доктор/Авторизация врач' successfully

2022-04-14 16:01:54 - [TEST_STEP][PASSED] - click(findTestObject("Avangard New/Object (Доктор)/Case (Создание карточки и удаление)/player_menu")): Object: 'Object Repository/Avangard New/Object (Доктор)/Case (Создание карточки и удаление)/player_menu' is clicked on

2022-04-14 16:02:06 - [MESSAGE][PASSED] - Object: 'Object Repository/Avangard New/Object (Доктор)/Case (Создание карточки и удаление)/player_menu' is clicked on

2022-04-14 16:02:06 - [TEST_STEP][PASSED] - setText(findTestObject("Avangard New/Object (Доктор)/Case (Создание карточки и удаление)/input__Search"), player_for_test_1): Text 'Ганин' is set on object 'Object Repository/Avangard New/Object (Доктор)/Case (Создание карточки и удаление)/input__Search'

2022-04-14 16:02:09 - [MESSAGE][PASSED] - Text 'Ганин' is set on object 'Object Repository/Avangard New/Object (Доктор)/Case (Создание карточки и удаление)/input__Search'

2022-04-14 16:02:09 - [TEST_STEP][PASSED] - click(findTestObject("Avangard New/Object (Доктор)/Case (Создание карточки и удаление)/var_player")): Object: 'Object Repository/Avangard New/Object (Доктор)/Case (Создание карточки и удаление)/var_player' is clicked on

2022-04-14 16:02:12 - [MESSAGE][PASSED] - Object: 'Object Repository/Avangard New/Object (Доктор)/Case (Создание карточки и удаление)/var_player' is clicked on

2022-04-14 16:02:12 - [TEST_STEP][PASSED] - verifyElementText(findTestObject("Avangard New/Object (Доктор)/Case (Создание карточки и удаление)/chek_stat"), "Травмирован"): Actual text and expected text of test object 'Object Repository/Avangard New/Object (Доктор)/Case (Создание карточки и удаление)/chek_stat' are matched.

2022-04-14 16:02:12 - [MESSAGE][PASSED] - Actual text and expected text of test object 'Object Repository/Avangard New/Object (Доктор)/Case (Создание карточки и удаление)/chek_stat' are matched.

2022-04-14 16:02:12 - [MESSAGE][PASSED] - Call Test Case 'Test Cases/Доктор/Проверка в профиле статуса Травмирован (переиспользуется в Создание карточки болезни)' successfully

2022-04-14 16:02:12 - [TEST_STEP][PASSED] - callTestCase(findTestCase("Доктор/Вкладки удаление (переиспользуется в Создание карточки болезни)"), [:], STOP_ON_FAILURE): Call Test Case 'Test Cases/Доктор/Вкладки удаление (переиспользуется в Создание карточки болезни)' successfully

2022-04-14 16:02:12 - [TEST_CASE][PASSED] - Test Cases/Доктор/Вкладки удаление (переиспользуется в Создание карточки болезни): Test Cases/Доктор/Вкладки удаление (переиспользуется в Создание карточки болезни)

2022-04-14 16:02:13 - [TEST_STEP][PASSED] - callTestCase(findTestCase("Доктор/Авторизация врач"), [:], STOP_ON_FAILURE): Call Test Case 'Test Cases/Доктор/Авторизация врач' successfully

2022-04-14 16:02:13 - [TEST_CASE][PASSED] - Test Cases/Доктор/Авторизация врач: Test Cases/Доктор/Авторизация врач

2022-04-14 16:02:13 - [TEST_STEP][PASSED] - openBrowser(""): Browser is opened with url: ''

2022-04-14 16:02:13 - [MESSAGE][WARNING] - A browser is already opened. Closing browser and opening a new one

2022-04-14 16:02:13 - [MESSAGE][INFO] - Starting 'Chrome' driver

2022-04-14 16:02:13 - [MESSAGE][INFO] - Action delay is set to 100 milliseconds

2022-04-14 16:02:15 - [MESSAGE][PASSED] - Browser is opened with url: ''

2022-04-14 16:02:15 - [TEST_STEP][PASSED] - maximizeWindow(): Current window maximized

2022-04-14 16:02:15 - [MESSAGE][PASSED] - Current window maximized

2022-04-14 16:02:15 - [TEST_STEP][PASSED] - navigateToUrl(url): Navigate to 'https://stars-stage.hawk.ru:8080' successfully

2022-04-14 16:02:19 - [MESSAGE][PASSED] - Navigate to 'https://stars-stage.hawk.ru:8080' successfully

2022-04-14 16:02:19 - [TEST_STEP][PASSED] - setText(findTestObject("Object Repository/vra/Page_/input__sc-lnrBVv eqPACj"), doktor_login): Text 'TestDoctor@mail.ru' is set on object 'Object Repository/vra/Page_/input__sc-lnrBVv eqPACj'

2022-04-14 16:02:20 - [MESSAGE][PASSED] - Text 'TestDoctor@mail.ru' is set on object 'Object Repository/vra/Page_/input__sc-lnrBVv eqPACj'

2022-04-14 16:02:20 - [TEST_STEP][PASSED] - setText(findTestObject("Object Repository/vra/Page_/input__sc-lnrBVv eqPACj_1"), doktor_password, STOP_ON_FAILURE): Text 'testdoctor@mail.ru' is set on object 'Object Repository/vra/Page_/input__sc-lnrBVv eqPACj_1'

2022-04-14 16:02:21 - [MESSAGE][PASSED] - Text 'testdoctor@mail.ru' is set on object 'Object Repository/vra/Page_/input__sc-lnrBVv eqPACj_1'

2022-04-14 16:02:21 - [TEST_STEP][PASSED] - click(findTestObject("Object Repository/vrach/Page_/Page_/go")): Object: 'Object Repository/vrach/Page_/Page_/go' is clicked on

2022-04-14 16:02:22 - [MESSAGE][PASSED] - Object: 'Object Repository/vrach/Page_/Page_/go' is clicked on

2022-04-14 16:02:22 - [MESSAGE][PASSED] - Call Test Case 'Test Cases/Доктор/Авторизация врач' successfully

2022-04-14 16:02:22 - [TEST_STEP][PASSED] - setText(findTestObject("Object Repository/Avangard New/Object (Доктор)/Case (Создание карточки и удаление)/input__school eat"), ""Авангард" Академия"): Text '"Авангард" Академия' is set on object 'Object Repository/Avangard New/Object (Доктор)/Case (Создание карточки и удаление)/input__school eat'

2022-04-14 16:02:25 - [MESSAGE][PASSED] - Text '"Авангард" Академия' is set on object 'Object Repository/Avangard New/Object (Доктор)/Case (Создание карточки и удаление)/input__school eat'

2022-04-14 16:02:25 - [TEST_STEP][PASSED] - click(findTestObject("Object Repository/Avangard New/Object (Доктор)/Case (Создание карточки и удаление)/1 posithion school eat")): Object: 'Object Repository/Avangard New/Object (Доктор)/Case (Создание карточки и удаление)/1 posithion school eat' is clicked on

2022-04-14 16:02:26 - [MESSAGE][PASSED] - Object: 'Object Repository/Avangard New/Object (Доктор)/Case (Создание карточки и удаление)/1 posithion school eat' is clicked on

2022-04-14 16:02:26 - [TEST_STEP][NOT_RUN] - sendKeys(findTestObject("Object Repository/Avangard New/Object (Доктор)/Case (Создание карточки и удаление)/input__school eat keys"), Keys.chord(ENTER)): NOT_RUN: sendKeys(findTestObject("Object Repository/Avangard New/Object (Доктор)/Case (Создание карточки и удаление)/input__school eat keys"), Keys.chord(ENTER))

2022-04-14 16:02:26 - [MESSAGE][NOT_RUN] - NOT_RUN: sendKeys(findTestObject("Object Repository/Avangard New/Object (Доктор)/Case (Создание карточки и удаление)/input__school eat keys"), Keys.chord(ENTER))

2022-04-14 16:02:26 - [TEST_STEP][PASSED] - setText(findTestObject("Object Repository/Avangard New/Object (Доктор)/Case (Создание карточки и удаление)/input__team eat"), school): Text 'Омские Ястребы' is set on object 'Object Repository/Avangard New/Object (Доктор)/Case (Создание карточки и удаление)/input__team eat'

2022-04-14 16:02:28 - [MESSAGE][PASSED] - Text 'Омские Ястребы' is set on object 'Object Repository/Avangard New/Object (Доктор)/Case (Создание карточки и удаление)/input__team eat'

2022-04-14 16:02:28 - [TEST_STEP][PASSED] - click(findTestObject("Object Repository/Avangard New/Object (Доктор)/Case (Создание карточки и удаление)/1 posithion team eat")): Object: 'Object Repository/Avangard New/Object (Доктор)/Case (Создание карточки и удаление)/1 posithion team eat' is clicked on

2022-04-14 16:02:29 - [MESSAGE][PASSED] - Object: 'Object Repository/Avangard New/Object (Доктор)/Case (Создание карточки и удаление)/1 posithion team eat' is clicked on

2022-04-14 16:02:29 - [TEST_STEP][NOT_RUN] - sendKeys(findTestObject("Object Repository/Avangard New/Object (Доктор)/Case (Создание карточки и удаление)/input__school eat keys"), Keys.chord(ENTER)): NOT_RUN: sendKeys(findTestObject("Object Repository/Avangard New/Object (Доктор)/Case (Создание карточки и удаление)/input__school eat keys"), Keys.chord(ENTER))

2022-04-14 16:02:29 - [MESSAGE][NOT_RUN] - NOT_RUN: sendKeys(findTestObject("Object Repository/Avangard New/Object (Доктор)/Case (Создание карточки и удаление)/input__school eat keys"), Keys.chord(ENTER))

2022-04-14 16:02:29 - [TEST_STEP][PASSED] - scrollToElement(findTestObject("Object Repository/Avangard New/Object (Доктор)/Case (Создание карточки и удаление)/card avtotestirovanie"), 0): Scroll to object 'Object Repository/Avangard New/Object (Доктор)/Case (Создание карточки и удаление)/card avtotestirovanie' successfully

2022-04-14 16:02:29 - [MESSAGE][WARNING] - Timeout '0' is invalid. Using default page load timeout: '30'

2022-04-14 16:02:29 - [MESSAGE][PASSED] - Scroll to object 'Object Repository/Avangard New/Object (Доктор)/Case (Создание карточки и удаление)/card avtotestirovanie' successfully

2022-04-14 16:02:29 - [TEST_STEP][PASSED] - click(findTestObject("Object Repository/Avangard New/Object (Доктор)/Case (Создание карточки и удаление)/card avtotestirovanie")): Object: 'Object Repository/Avangard New/Object (Доктор)/Case (Создание карточки и удаление)/card avtotestirovanie' is clicked on

2022-04-14 16:02:30 - [MESSAGE][PASSED] - Object: 'Object Repository/Avangard New/Object (Доктор)/Case (Создание карточки и удаление)/card avtotestirovanie' is clicked on

2022-04-14 16:02:30 - [TEST_STEP][PASSED] - setText(findTestObject("Object Repository/Avangard New/Object (Доктор)/Case (Создание карточки и удаление)/input__stady"), "Допуск на игру"): Text 'Допуск на игру' is set on object 'Object Repository/Avangard New/Object (Доктор)/Case (Создание карточки и удаление)/input__stady'

2022-04-14 16:02:31 - [MESSAGE][PASSED] - Text 'Допуск на игру' is set on object 'Object Repository/Avangard New/Object (Доктор)/Case (Создание карточки и удаление)/input__stady'

2022-04-14 16:02:31 - [TEST_STEP][PASSED] - sendKeys(findTestObject("Object Repository/Avangard New/Object (Доктор)/Case (Создание карточки и удаление)/input__stady"), Keys.chord(ENTER)): Keys 'ENTER + ' sent to object: 'Object Repository/Avangard New/Object (Доктор)/Case (Создание карточки и удаление)/input__stady'

2022-04-14 16:02:32 - [MESSAGE][PASSED] - Keys 'ENTER + ' sent to object: 'Object Repository/Avangard New/Object (Доктор)/Case (Создание карточки и удаление)/input__stady'

2022-04-14 16:02:32 - [TEST_STEP][PASSED] - scrollToElement(findTestObject("Object Repository/Avangard New/Object (Доктор)/Case (Создание карточки и удаление)/button_save"), 0): Scroll to object 'Object Repository/Avangard New/Object (Доктор)/Case (Создание карточки и удаление)/button_save' successfully

2022-04-14 16:02:32 - [MESSAGE][WARNING] - Timeout '0' is invalid. Using default page load timeout: '30'

2022-04-14 16:02:32 - [MESSAGE][PASSED] - Scroll to object 'Object Repository/Avangard New/Object (Доктор)/Case (Создание карточки и удаление)/button_save' successfully

2022-04-14 16:02:32 - [TEST_STEP][PASSED] - click(findTestObject("Object Repository/Avangard New/Object (Доктор)/Case (Создание карточки и удаление)/button_save")): Object: 'Object Repository/Avangard New/Object (Доктор)/Case (Создание карточки и удаление)/button_save' is clicked on

2022-04-14 16:02:33 - [MESSAGE][PASSED] - Object: 'Object Repository/Avangard New/Object (Доктор)/Case (Создание карточки и удаление)/button_save' is clicked on

2022-04-14 16:02:33 - [TEST_STEP][PASSED] - verifyElementText(findTestObject("Object Repository/Avangard New/Object (Доктор)/Case (Создание карточки и удаление)/verif eat alert"), "Карточка успешно сохранена"): Actual text and expected text of test object 'Object Repository/Avangard New/Object (Доктор)/Case (Создание карточки и удаление)/verif eat alert' are matched.

2022-04-14 16:02:34 - [MESSAGE][PASSED] - Actual text and expected text of test object 'Object Repository/Avangard New/Object (Доктор)/Case (Создание карточки и удаление)/verif eat alert' are matched.

2022-04-14 16:02:34 - [TEST_STEP][PASSED] - callTestCase(findTestCase("Доктор/Проверка в профиле статуса Доступен (переиспользуется во Вкладке удаление)"), [:], STOP_ON_FAILURE): Call Test Case 'Test Cases/Доктор/Проверка в профиле статуса Доступен (переиспользуется во Вкладке удаление)' successfully

2022-04-14 16:02:34 - [TEST_CASE][PASSED] - Test Cases/Доктор/Проверка в профиле статуса Доступен (переиспользуется во Вкладке удаление): Test Cases/Доктор/Проверка в профиле статуса Доступен (переиспользуется во Вкладке удаление)

2022-04-14 16:02:34 - [TEST_STEP][PASSED] - callTestCase(findTestCase("Доктор/Авторизация врач"), [:], STOP_ON_FAILURE): Call Test Case 'Test Cases/Доктор/Авторизация врач' successfully

2022-04-14 16:02:34 - [TEST_CASE][PASSED] - Test Cases/Доктор/Авторизация врач: Test Cases/Доктор/Авторизация врач

2022-04-14 16:02:34 - [TEST_STEP][PASSED] - openBrowser(""): Browser is opened with url: ''

2022-04-14 16:02:34 - [MESSAGE][WARNING] - A browser is already opened. Closing browser and opening a new one

2022-04-14 16:02:35 - [MESSAGE][INFO] - Starting 'Chrome' driver

2022-04-14 16:02:35 - [MESSAGE][INFO] - Action delay is set to 100 milliseconds

2022-04-14 16:02:36 - [MESSAGE][PASSED] - Browser is opened with url: ''

2022-04-14 16:02:36 - [TEST_STEP][PASSED] - maximizeWindow(): Current window maximized

2022-04-14 16:02:36 - [MESSAGE][PASSED] - Current window maximized

2022-04-14 16:02:36 - [TEST_STEP][PASSED] - navigateToUrl(url): Navigate to 'https://stars-stage.hawk.ru:8080' successfully

2022-04-14 16:02:40 - [MESSAGE][PASSED] - Navigate to 'https://stars-stage.hawk.ru:8080' successfully

2022-04-14 16:02:40 - [TEST_STEP][PASSED] - setText(findTestObject("Object Repository/vra/Page_/input__sc-lnrBVv eqPACj"), doktor_login): Text 'TestDoctor@mail.ru' is set on object 'Object Repository/vra/Page_/input__sc-lnrBVv eqPACj'

2022-04-14 16:02:41 - [MESSAGE][PASSED] - Text 'TestDoctor@mail.ru' is set on object 'Object Repository/vra/Page_/input__sc-lnrBVv eqPACj'

2022-04-14 16:02:41 - [TEST_STEP][PASSED] - setText(findTestObject("Object Repository/vra/Page_/input__sc-lnrBVv eqPACj_1"), doktor_password, STOP_ON_FAILURE): Text 'testdoctor@mail.ru' is set on object 'Object Repository/vra/Page_/input__sc-lnrBVv eqPACj_1'

2022-04-14 16:02:42 - [MESSAGE][PASSED] - Text 'testdoctor@mail.ru' is set on object 'Object Repository/vra/Page_/input__sc-lnrBVv eqPACj_1'

2022-04-14 16:02:42 - [TEST_STEP][PASSED] - click(findTestObject("Object Repository/vrach/Page_/Page_/go")): Object: 'Object Repository/vrach/Page_/Page_/go' is clicked on

2022-04-14 16:02:42 - [MESSAGE][PASSED] - Object: 'Object Repository/vrach/Page_/Page_/go' is clicked on

2022-04-14 16:02:42 - [MESSAGE][PASSED] - Call Test Case 'Test Cases/Доктор/Авторизация врач' successfully

2022-04-14 16:02:42 - [TEST_STEP][PASSED] - click(findTestObject("Avangard New/Object (Доктор)/Case (Создание карточки и удаление)/player_menu")): Object: 'Object Repository/Avangard New/Object (Доктор)/Case (Создание карточки и удаление)/player_menu' is clicked on

2022-04-14 16:02:54 - [MESSAGE][PASSED] - Object: 'Object Repository/Avangard New/Object (Доктор)/Case (Создание карточки и удаление)/player_menu' is clicked on

2022-04-14 16:02:54 - [TEST_STEP][PASSED] - setText(findTestObject("Avangard New/Object (Доктор)/Case (Создание карточки и удаление)/input__Search"), player_for_test_1): Text 'Ганин' is set on object 'Object Repository/Avangard New/Object (Доктор)/Case (Создание карточки и удаление)/input__Search'

2022-04-14 16:02:58 - [MESSAGE][PASSED] - Text 'Ганин' is set on object 'Object Repository/Avangard New/Object (Доктор)/Case (Создание карточки и удаление)/input__Search'

2022-04-14 16:02:58 - [TEST_STEP][PASSED] - click(findTestObject("Avangard New/Object (Доктор)/Case (Создание карточки и удаление)/var_player")): Object: 'Object Repository/Avangard New/Object (Доктор)/Case (Создание карточки и удаление)/var_player' is clicked on

2022-04-14 16:03:00 - [MESSAGE][PASSED] - Object: 'Object Repository/Avangard New/Object (Доктор)/Case (Создание карточки и удаление)/var_player' is clicked on

2022-04-14 16:03:00 - [TEST_STEP][PASSED] - verifyElementText(findTestObject("Avangard New/Object (Доктор)/Case (Создание карточки и удаление)/chek_stat"), "Доступен"): Actual text and expected text of test object 'Object Repository/Avangard New/Object (Доктор)/Case (Создание карточки и удаление)/chek_stat' are matched.

2022-04-14 16:03:00 - [MESSAGE][PASSED] - Actual text and expected text of test object 'Object Repository/Avangard New/Object (Доктор)/Case (Создание карточки и удаление)/chek_stat' are matched.

2022-04-14 16:03:00 - [MESSAGE][PASSED] - Call Test Case 'Test Cases/Доктор/Проверка в профиле статуса Доступен (переиспользуется во Вкладке удаление)' successfully

2022-04-14 16:03:00 - [TEST_STEP][PASSED] - callTestCase(findTestCase("Доктор/Авторизация врач"), [:], STOP_ON_FAILURE): Call Test Case 'Test Cases/Доктор/Авторизация врач' successfully

2022-04-14 16:03:00 - [TEST_CASE][PASSED] - Test Cases/Доктор/Авторизация врач: Test Cases/Доктор/Авторизация врач

2022-04-14 16:03:00 - [TEST_STEP][PASSED] - openBrowser(""): Browser is opened with url: ''

2022-04-14 16:03:00 - [MESSAGE][WARNING] - A browser is already opened. Closing browser and opening a new one

2022-04-14 16:03:01 - [MESSAGE][INFO] - Starting 'Chrome' driver

2022-04-14 16:03:01 - [MESSAGE][INFO] - Action delay is set to 100 milliseconds

2022-04-14 16:03:02 - [MESSAGE][PASSED] - Browser is opened with url: ''

2022-04-14 16:03:02 - [TEST_STEP][PASSED] - maximizeWindow(): Current window maximized

2022-04-14 16:03:02 - [MESSAGE][PASSED] - Current window maximized

2022-04-14 16:03:02 - [TEST_STEP][PASSED] - navigateToUrl(url): Navigate to 'https://stars-stage.hawk.ru:8080' successfully

2022-04-14 16:03:07 - [MESSAGE][PASSED] - Navigate to 'https://stars-stage.hawk.ru:8080' successfully

2022-04-14 16:03:07 - [TEST_STEP][PASSED] - setText(findTestObject("Object Repository/vra/Page_/input__sc-lnrBVv eqPACj"), doktor_login): Text 'TestDoctor@mail.ru' is set on object 'Object Repository/vra/Page_/input__sc-lnrBVv eqPACj'

2022-04-14 16:03:08 - [MESSAGE][PASSED] - Text 'TestDoctor@mail.ru' is set on object 'Object Repository/vra/Page_/input__sc-lnrBVv eqPACj'

2022-04-14 16:03:08 - [TEST_STEP][PASSED] - setText(findTestObject("Object Repository/vra/Page_/input__sc-lnrBVv eqPACj_1"), doktor_password, STOP_ON_FAILURE): Text 'testdoctor@mail.ru' is set on object 'Object Repository/vra/Page_/input__sc-lnrBVv eqPACj_1'

2022-04-14 16:03:09 - [MESSAGE][PASSED] - Text 'testdoctor@mail.ru' is set on object 'Object Repository/vra/Page_/input__sc-lnrBVv eqPACj_1'

2022-04-14 16:03:09 - [TEST_STEP][PASSED] - click(findTestObject("Object Repository/vrach/Page_/Page_/go")): Object: 'Object Repository/vrach/Page_/Page_/go' is clicked on

2022-04-14 16:03:10 - [MESSAGE][PASSED] - Object: 'Object Repository/vrach/Page_/Page_/go' is clicked on

2022-04-14 16:03:10 - [MESSAGE][PASSED] - Call Test Case 'Test Cases/Доктор/Авторизация врач' successfully

2022-04-14 16:03:10 - [TEST_STEP][PASSED] - setText(findTestObject("Object Repository/Avangard New/Object (Доктор)/Case (Создание карточки и удаление)/input__school eat"), ""Авангард" Академия"): Text '"Авангард" Академия' is set on object 'Object Repository/Avangard New/Object (Доктор)/Case (Создание карточки и удаление)/input__school eat'

2022-04-14 16:03:13 - [MESSAGE][PASSED] - Text '"Авангард" Академия' is set on object 'Object Repository/Avangard New/Object (Доктор)/Case (Создание карточки и удаление)/input__school eat'

2022-04-14 16:03:13 - [TEST_STEP][PASSED] - click(findTestObject("Object Repository/Avangard New/Object (Доктор)/Case (Создание карточки и удаление)/1 posithion school eat")): Object: 'Object Repository/Avangard New/Object (Доктор)/Case (Создание карточки и удаление)/1 posithion school eat' is clicked on

2022-04-14 16:03:14 - [MESSAGE][PASSED] - Object: 'Object Repository/Avangard New/Object (Доктор)/Case (Создание карточки и удаление)/1 posithion school eat' is clicked on

2022-04-14 16:03:14 - [TEST_STEP][NOT_RUN] - sendKeys(findTestObject("Object Repository/Avangard New/Object (Доктор)/Case (Создание карточки и удаление)/input__school eat keys"), Keys.chord(ENTER)): NOT_RUN: sendKeys(findTestObject("Object Repository/Avangard New/Object (Доктор)/Case (Создание карточки и удаление)/input__school eat keys"), Keys.chord(ENTER))

2022-04-14 16:03:14 - [MESSAGE][NOT_RUN] - NOT_RUN: sendKeys(findTestObject("Object Repository/Avangard New/Object (Доктор)/Case (Создание карточки и удаление)/input__school eat keys"), Keys.chord(ENTER))

2022-04-14 16:03:14 - [TEST_STEP][PASSED] - setText(findTestObject("Object Repository/Avangard New/Object (Доктор)/Case (Создание карточки и удаление)/input__team eat"), school): Text 'Омские Ястребы' is set on object 'Object Repository/Avangard New/Object (Доктор)/Case (Создание карточки и удаление)/input__team eat'

2022-04-14 16:03:15 - [MESSAGE][PASSED] - Text 'Омские Ястребы' is set on object 'Object Repository/Avangard New/Object (Доктор)/Case (Создание карточки и удаление)/input__team eat'

2022-04-14 16:03:15 - [TEST_STEP][PASSED] - click(findTestObject("Object Repository/Avangard New/Object (Доктор)/Case (Создание карточки и удаление)/1 posithion team eat")): Object: 'Object Repository/Avangard New/Object (Доктор)/Case (Создание карточки и удаление)/1 posithion team eat' is clicked on

2022-04-14 16:03:16 - [MESSAGE][PASSED] - Object: 'Object Repository/Avangard New/Object (Доктор)/Case (Создание карточки и удаление)/1 posithion team eat' is clicked on

2022-04-14 16:03:16 - [TEST_STEP][NOT_RUN] - sendKeys(findTestObject("Object Repository/Avangard New/Object (Доктор)/Case (Создание карточки и удаление)/input__team eat keys"), Keys.chord(ENTER)): NOT_RUN: sendKeys(findTestObject("Object Repository/Avangard New/Object (Доктор)/Case (Создание карточки и удаление)/input__team eat keys"), Keys.chord(ENTER))

2022-04-14 16:03:16 - [MESSAGE][NOT_RUN] - NOT_RUN: sendKeys(findTestObject("Object Repository/Avangard New/Object (Доктор)/Case (Создание карточки и удаление)/input__team eat keys"), Keys.chord(ENTER))

2022-04-14 16:03:16 - [TEST_STEP][PASSED] - scrollToElement(findTestObject("Object Repository/Avangard New/Object (Доктор)/Case (Создание карточки и удаление)/card avtotestirovanie"), 0): Scroll to object 'Object Repository/Avangard New/Object (Доктор)/Case (Создание карточки и удаление)/card avtotestirovanie' successfully

2022-04-14 16:03:16 - [MESSAGE][WARNING] - Timeout '0' is invalid. Using default page load timeout: '30'

2022-04-14 16:03:18 - [MESSAGE][PASSED] - Scroll to object 'Object Repository/Avangard New/Object (Доктор)/Case (Создание карточки и удаление)/card avtotestirovanie' successfully

2022-04-14 16:03:18 - [TEST_STEP][PASSED] - click(findTestObject("Object Repository/Avangard New/Object (Доктор)/Case (Создание карточки и удаление)/card avtotestirovanie")): Object: 'Object Repository/Avangard New/Object (Доктор)/Case (Создание карточки и удаление)/card avtotestirovanie' is clicked on

2022-04-14 16:03:18 - [MESSAGE][PASSED] - Object: 'Object Repository/Avangard New/Object (Доктор)/Case (Создание карточки и удаление)/card avtotestirovanie' is clicked on

2022-04-14 16:03:18 - [TEST_STEP][PASSED] - verifyElementText(findTestObject("Object Repository/Avangard New/Object (Доктор)/Case (Создание карточки и удаление)/stady"), "Допуск на игру"): Actual text and expected text of test object 'Object Repository/Avangard New/Object (Доктор)/Case (Создание карточки и удаление)/stady' are matched.

2022-04-14 16:03:19 - [MESSAGE][PASSED] - Actual text and expected text of test object 'Object Repository/Avangard New/Object (Доктор)/Case (Создание карточки и удаление)/stady' are matched.

2022-04-14 16:03:19 - [TEST_STEP][PASSED] - click(findTestObject("Object Repository/Avangard New/Object (Доктор)/Case (Создание карточки и удаление)/button_delete")): Object: 'Object Repository/Avangard New/Object (Доктор)/Case (Создание карточки и удаление)/button_delete' is clicked on

2022-04-14 16:03:20 - [MESSAGE][PASSED] - Object: 'Object Repository/Avangard New/Object (Доктор)/Case (Создание карточки и удаление)/button_delete' is clicked on

2022-04-14 16:03:20 - [TEST_STEP][PASSED] - click(findTestObject("Object Repository/Avangard New/Object (Доктор)/Case (Создание карточки и удаление)/confirm")): Object: 'Object Repository/Avangard New/Object (Доктор)/Case (Создание карточки и удаление)/confirm' is clicked on

2022-04-14 16:03:20 - [MESSAGE][PASSED] - Object: 'Object Repository/Avangard New/Object (Доктор)/Case (Создание карточки и удаление)/confirm' is clicked on

2022-04-14 16:03:20 - [TEST_STEP][PASSED] - verifyTextPresent("Карточка успешно удалена", false): Text 'Карточка успешно удалена' is present on page 

2022-04-14 16:03:21 - [MESSAGE][PASSED] - Text 'Карточка успешно удалена' is present on page 

2022-04-14 16:03:21 - [TEST_STEP][PASSED] - closeBrowser(): Browser is closed

2022-04-14 16:03:22 - [MESSAGE][PASSED] - Browser is closed

2022-04-14 16:03:22 - [TEST_STEP][NOT_RUN] - click(findTestObject("Object Repository/Avangard New/Object (Доктор)/Case (Создание карточки и удаление)/span_home eat")): NOT_RUN: click(findTestObject("Object Repository/Avangard New/Object (Доктор)/Case (Создание карточки и удаление)/span_home eat"))

2022-04-14 16:03:22 - [MESSAGE][NOT_RUN] - NOT_RUN: click(findTestObject("Object Repository/Avangard New/Object (Доктор)/Case (Создание карточки и удаление)/span_home eat"))

2022-04-14 16:03:22 - [TEST_STEP][NOT_RUN] - click(findTestObject("Object Repository/Avangard New/Object (Доктор)/Case (Создание карточки и удаление)/div_school click")): NOT_RUN: click(findTestObject("Object Repository/Avangard New/Object (Доктор)/Case (Создание карточки и удаление)/div_school click"))

2022-04-14 16:03:22 - [MESSAGE][NOT_RUN] - NOT_RUN: click(findTestObject("Object Repository/Avangard New/Object (Доктор)/Case (Создание карточки и удаление)/div_school click"))

2022-04-14 16:03:22 - [TEST_STEP][NOT_RUN] - click(findTestObject("Object Repository/Avangard New/Object (Доктор)/Case (Создание карточки и удаление)/div__team click")): NOT_RUN: click(findTestObject("Object Repository/Avangard New/Object (Доктор)/Case (Создание карточки и удаление)/div__team click"))

2022-04-14 16:03:22 - [MESSAGE][NOT_RUN] - NOT_RUN: click(findTestObject("Object Repository/Avangard New/Object (Доктор)/Case (Создание карточки и удаление)/div__team click"))

2022-04-14 16:03:22 - [TEST_STEP][NOT_RUN] - click(findTestObject("Object Repository/Avangard New/Object (Доктор)/Case (Создание карточки и удаление)/1 posithion school eat")): NOT_RUN: click(findTestObject("Object Repository/Avangard New/Object (Доктор)/Case (Создание карточки и удаление)/1 posithion school eat"))

2022-04-14 16:03:22 - [MESSAGE][NOT_RUN] - NOT_RUN: click(findTestObject("Object Repository/Avangard New/Object (Доктор)/Case (Создание карточки и удаление)/1 posithion school eat"))

2022-04-14 16:03:22 - [TEST_STEP][NOT_RUN] - click(findTestObject("Object Repository/Avangard New/Object (Доктор)/Case (Создание карточки и удаление)/1 posithion team eat")): NOT_RUN: click(findTestObject("Object Repository/Avangard New/Object (Доктор)/Case (Создание карточки и удаление)/1 posithion team eat"))

2022-04-14 16:03:22 - [MESSAGE][NOT_RUN] - NOT_RUN: click(findTestObject("Object Repository/Avangard New/Object (Доктор)/Case (Создание карточки и удаление)/1 posithion team eat"))

2022-04-14 16:03:22 - [MESSAGE][PASSED] - Call Test Case 'Test Cases/Доктор/Вкладки удаление (переиспользуется в Создание карточки болезни)' successfully

2022-04-14 16:03:22 - [TEST_STEP][PASSED] - closeBrowser(): Browser is closed

2022-04-14 16:03:22 - [MESSAGE][PASSED] - Browser is closed]]></system-out>
         <system-err><![CDATA[]]></system-err>
      </testcase>
      <system-out><![CDATA[2022-04-14 15:59:27 - [TEST_SUITE][PASSED] - Доктор: Test Cases/Доктор/Создание карточки болезни]]></system-out>
      <system-err><![CDATA[]]></system-err>
   </testsuite>
</testsuites>
