<?xml version="1.0" encoding="UTF-8"?>
<testsuites name="all_test - Copy" time="1810.648" tests="62" failures="9" errors="0">
   <testsuite name="Администратор" tests="13" failures="0" errors="0" time="1669.019" skipped="0" timestamp="2022-02-25 08:54:22" hostname="LENOVO - DESKTOP-KNHN0AA" id="Test Suites/Администратор">
      <properties>
         <property name="deviceName" value=""/>
         <property name="devicePlatform" value=""/>
         <property name="logFolder" value="C:\\Users\\LENOVO\\Katalon Studio\\Avangard\\Reports\\20220225_085350\\\u0410\u0434\u043C\u0438\u043D\u0438\u0441\u0442\u0440\u0430\u0442\u043E\u0440\\20220225_085353"/>
         <property name="logFiles" value="C:\\Users\\LENOVO\\Katalon Studio\\Avangard\\Reports\\20220225_085350\\\u0410\u0434\u043C\u0438\u043D\u0438\u0441\u0442\u0440\u0430\u0442\u043E\u0440\\20220225_085353\\execution0.log"/>
         <property name="attachments" value="C:\scr\Омские Ястребы43.jpg, C:\scr\Омские Ястребы44.jpg, C:\scr\Омские Ястребы45.jpg, C:\scr\Омские Ястребы47.jpg, C:\scr\Омские Ястребы48.jpg, C:\scr\Омские Ястребы41.jpg, C:\scr\Омские Ястребы42.jpg, C:\scr\Омские Ястребы34.jpg, C:\scr\Омские Ястребы37.jpg, C:\scr\Омские Ястребы39.jpg, C:\scr\Омские Ястребы40.jpg, C:\scr\Омские Ястребы38.jpg, C:\scr\Омские Ястребы33.jpg, C:\scr\Омские Ястребы29.jpg, C:\scr\Омские Ястребы30.jpg, C:\scr\Омские Ястребы10.jpg, C:\scr\Омские Ястребы11.jpg, C:\scr\Омские Ястребы4.jpg, C:\scr\Омские Ястребы5.jpg"/>
         <property name="hostName" value="LENOVO - DESKTOP-KNHN0AA"/>
         <property name="remoteDriverUrl" value="testcloud.katalon.com/hub"/>
         <property name="desiredCapabilities" value="{
  &quot;acceptInsecureCerts&quot;: false,
  &quot;browserName&quot;: &quot;chrome&quot;,
  &quot;browserVersion&quot;: &quot;97.0.4692.71&quot;,
  &quot;chrome&quot;: {
    &quot;chromedriverVersion&quot;: &quot;97.0.4692.71 (adefa7837d02a07a604c1e6eff0b3a09422ab88d-refs/branch-heads/4692@{#1247})&quot;,
    &quot;userDataDir&quot;: &quot;/tmp/.com.google.Chrome.ROrSQ7&quot;
  },
  &quot;goog:chromeOptions&quot;: {
    &quot;debuggerAddress&quot;: &quot;localhost:36187&quot;
  },
  &quot;javascriptEnabled&quot;: true,
  &quot;networkConnectionEnabled&quot;: false,
  &quot;pageLoadStrategy&quot;: &quot;normal&quot;,
  &quot;platform&quot;: &quot;LINUX&quot;,
  &quot;platformName&quot;: &quot;LINUX&quot;,
  &quot;proxy&quot;: {
    &quot;proxyType&quot;: &quot;DIRECT&quot;,
    &quot;autodetect&quot;: false
  },
  &quot;se:cdp&quot;: &quot;ws://172.48.144.20:4444/session/3690b56afe40a0fcf00c296b79adf659/se/cdp&quot;,
  &quot;se:cdpVersion&quot;: &quot;97.0.4692.71&quot;,
  &quot;se:vnc&quot;: &quot;ws://172.48.144.20:4444/session/3690b56afe40a0fcf00c296b79adf659/se/vnc&quot;,
  &quot;se:vncEnabled&quot;: true,
  &quot;se:vncLocalAddress&quot;: &quot;ws://172.48.144.20:7900&quot;,
  &quot;setWindowRect&quot;: true,
  &quot;strictFileInteractability&quot;: false,
  &quot;timeouts&quot;: {
    &quot;implicit&quot;: 0,
    &quot;pageLoad&quot;: 300000,
    &quot;script&quot;: 30000
  },
  &quot;unhandledPromptBehavior&quot;: &quot;dismiss and notify&quot;,
  &quot;webauthn:extension:credBlob&quot;: true,
  &quot;webauthn:extension:largeBlob&quot;: true,
  &quot;webauthn:virtualAuthenticators&quot;: true
}"/>
         <property name="os" value="Windows 10 64bit"/>
         <property name="remoteOS" value="Linux"/>
         <property name="katalonVersion" value="8.2.5.208"/>
         <property name="browser" value="Chrome 97.0.4692.71"/>
         <property name="hostAddress" value="192.168.2.113"/>
         <property name="sessionId" value="3690b56afe40a0fcf00c296b79adf659"/>
         <property name="seleniumVersion" value="3.141.59"/>
         <property name="proxyInformation" value="ProxyInformation { proxyOption=NO_PROXY, proxyServerType=HTTP, username=, password=********, proxyServerAddress=, proxyServerPort=0, executionList=&quot;&quot;, isApplyToDesiredCapabilities=true }"/>
         <property name="platform" value="Windows 10"/>
      </properties>
      <testcase name="Test Cases/Администратор/Школы" time="245.817" classname="Test Cases/Администратор/Школы" status="PASSED">
         <system-out><![CDATA[2022-02-25 08:54:23 - [TEST_CASE][PASSED] - Test Cases/Администратор/Школы: Test Cases/Администратор/Школы

2022-02-25 08:54:27 - [TEST_STEP][PASSED] - callTestCase(findTestCase("Администратор/Авторизация"), [:], STOP_ON_FAILURE): Call Test Case 'Test Cases/Администратор/Авторизация' successfully

2022-02-25 08:54:28 - [TEST_CASE][PASSED] - Test Cases/Администратор/Авторизация: Test Cases/Администратор/Авторизация

2022-02-25 08:54:32 - [TEST_STEP][PASSED] - openBrowser(""): Browser is opened with url: ''

2022-02-25 08:54:34 - [MESSAGE][INFO] - User set preference: ['os', 'linux']

2022-02-25 08:54:34 - [MESSAGE][INFO] - User set preference: ['browserName', 'chrome']

2022-02-25 08:54:34 - [MESSAGE][INFO] - User set preference: ['browserVersion', '97']

2022-02-25 08:54:34 - [MESSAGE][INFO] - User set preference: ['katalon:option', '{organizationId=564672, tunnelId=, usingTunnel=false}']

2022-02-25 08:54:34 - [MESSAGE][INFO] - Connecting to remote web server 'testcloud.katalon.com/hub' with type 'Selenium'

2022-02-25 08:54:36 - [MESSAGE][INFO] - Action delay is set to 100 milliseconds

2022-02-25 08:56:51 - [MESSAGE][PASSED] - Browser is opened with url: ''

2022-02-25 08:56:51 - [TEST_STEP][PASSED] - maximizeWindow(): Current window maximized

2022-02-25 08:56:51 - [MESSAGE][PASSED] - Current window maximized

2022-02-25 08:56:51 - [TEST_STEP][PASSED] - navigateToUrl(url): Navigate to 'https://stars-stage.hawk.ru:8080' successfully

2022-02-25 08:56:59 - [MESSAGE][PASSED] - Navigate to 'https://stars-stage.hawk.ru:8080' successfully

2022-02-25 08:56:59 - [TEST_STEP][PASSED] - setText(findTestObject("Object Repository/Page_/input__sc-lnrBVv eqPACj"), admin_login): Text 'TestAdmin@test.ru' is set on object 'Object Repository/Page_/input__sc-lnrBVv eqPACj'

2022-02-25 08:57:03 - [MESSAGE][PASSED] - Text 'TestAdmin@test.ru' is set on object 'Object Repository/Page_/input__sc-lnrBVv eqPACj'

2022-02-25 08:57:03 - [TEST_STEP][PASSED] - setText(findTestObject("Object Repository/Page_/input__sc-lnrBVv eqPACj_1"), admin_password): Text 'TestAdmin@test.ru' is set on object 'Object Repository/Page_/input__sc-lnrBVv eqPACj_1'

2022-02-25 08:57:07 - [MESSAGE][PASSED] - Text 'TestAdmin@test.ru' is set on object 'Object Repository/Page_/input__sc-lnrBVv eqPACj_1'

2022-02-25 08:57:07 - [TEST_STEP][PASSED] - click(findTestObject("Object Repository/Page_/go")): Object: 'Object Repository/Page_/go' is clicked on

2022-02-25 08:57:10 - [MESSAGE][PASSED] - Object: 'Object Repository/Page_/go' is clicked on

2022-02-25 08:57:10 - [MESSAGE][PASSED] - Call Test Case 'Test Cases/Администратор/Авторизация' successfully

2022-02-25 08:57:10 - [TEST_STEP][PASSED] - click(findTestObject("Object Repository/admin/school/schools/schools")): Object: 'Object Repository/admin/school/schools/schools' is clicked on

2022-02-25 08:57:32 - [MESSAGE][PASSED] - Object: 'Object Repository/admin/school/schools/schools' is clicked on

2022-02-25 08:57:32 - [TEST_STEP][PASSED] - takeFullPageScreenshot("C:\scr\" + school + "43.jpg"): Taking screenshot successfully

2022-02-25 08:57:38 - [MESSAGE][INFO] - 0 hidden object(s)

2022-02-25 08:57:39 - [MESSAGE][PASSED] - Taking screenshot successfully
[[ATTACHMENT|C:\scr\Омские Ястребы43.jpg]]

2022-02-25 08:57:39 - [TEST_STEP][PASSED] - click(findTestObject("Object Repository/admin/school/Page_/div_")): Object: 'Object Repository/admin/school/Page_/div_' is clicked on

2022-02-25 08:57:42 - [MESSAGE][PASSED] - Object: 'Object Repository/admin/school/Page_/div_' is clicked on

2022-02-25 08:57:42 - [TEST_STEP][PASSED] - scrollToElement(findTestObject("Object Repository/admin/school/Page_/players"), 0): Scroll to object 'Object Repository/admin/school/Page_/players' successfully

2022-02-25 08:57:42 - [MESSAGE][WARNING] - Timeout '0' is invalid. Using default page load timeout: '30'

2022-02-25 08:57:47 - [MESSAGE][PASSED] - Scroll to object 'Object Repository/admin/school/Page_/players' successfully

2022-02-25 08:57:47 - [TEST_STEP][PASSED] - click(findTestObject("Object Repository/admin/school/Page_/players")): Object: 'Object Repository/admin/school/Page_/players' is clicked on

2022-02-25 08:57:49 - [MESSAGE][PASSED] - Object: 'Object Repository/admin/school/Page_/players' is clicked on

2022-02-25 08:57:49 - [TEST_STEP][PASSED] - takeFullPageScreenshot("C:\scr\" + school + "44.jpg"): Taking screenshot successfully

2022-02-25 08:57:54 - [MESSAGE][INFO] - 0 hidden object(s)

2022-02-25 08:57:54 - [MESSAGE][PASSED] - Taking screenshot successfully
[[ATTACHMENT|C:\scr\Омские Ястребы44.jpg]]

2022-02-25 08:57:54 - [TEST_STEP][PASSED] - click(findTestObject("Object Repository/admin/school/Page_/team")): Object: 'Object Repository/admin/school/Page_/team' is clicked on

2022-02-25 08:57:57 - [MESSAGE][PASSED] - Object: 'Object Repository/admin/school/Page_/team' is clicked on

2022-02-25 08:57:57 - [TEST_STEP][PASSED] - takeFullPageScreenshot("C:\scr\" + school + "45.jpg"): Taking screenshot successfully

2022-02-25 08:58:02 - [MESSAGE][INFO] - 0 hidden object(s)

2022-02-25 08:58:02 - [MESSAGE][PASSED] - Taking screenshot successfully
[[ATTACHMENT|C:\scr\Омские Ястребы45.jpg]]

2022-02-25 08:58:02 - [TEST_STEP][PASSED] - click(findTestObject("Object Repository/admin/school/Page_/omsk")): Object: 'Object Repository/admin/school/Page_/omsk' is clicked on

2022-02-25 08:58:04 - [MESSAGE][PASSED] - Object: 'Object Repository/admin/school/Page_/omsk' is clicked on

2022-02-25 08:58:04 - [TEST_STEP][PASSED] - click(findTestObject("Object Repository/admin/school/Page_/edit")): Object: 'Object Repository/admin/school/Page_/edit' is clicked on

2022-02-25 08:58:08 - [MESSAGE][PASSED] - Object: 'Object Repository/admin/school/Page_/edit' is clicked on

2022-02-25 08:58:08 - [TEST_STEP][PASSED] - takeFullPageScreenshot("C:\scr\" + school + "47.jpg"): Taking screenshot successfully

2022-02-25 08:58:13 - [MESSAGE][INFO] - 0 hidden object(s)

2022-02-25 08:58:13 - [MESSAGE][PASSED] - Taking screenshot successfully
[[ATTACHMENT|C:\scr\Омские Ястребы47.jpg]]

2022-02-25 08:58:13 - [TEST_STEP][PASSED] - click(findTestObject("Object Repository/admin/school/Page_/allplayer")): Object: 'Object Repository/admin/school/Page_/allplayer' is clicked on

2022-02-25 08:58:15 - [MESSAGE][PASSED] - Object: 'Object Repository/admin/school/Page_/allplayer' is clicked on

2022-02-25 08:58:15 - [TEST_STEP][PASSED] - takeFullPageScreenshot("C:\scr\" + school + "48.jpg"): Taking screenshot successfully

2022-02-25 08:58:20 - [MESSAGE][INFO] - 0 hidden object(s)

2022-02-25 08:58:21 - [MESSAGE][PASSED] - Taking screenshot successfully
[[ATTACHMENT|C:\scr\Омские Ястребы48.jpg]]

2022-02-25 08:58:21 - [TEST_STEP][PASSED] - click(findTestObject("Object Repository/admin/school/Page_/groups")): Object: 'Object Repository/admin/school/Page_/groups' is clicked on

2022-02-25 08:58:23 - [MESSAGE][PASSED] - Object: 'Object Repository/admin/school/Page_/groups' is clicked on

2022-02-25 08:58:23 - [TEST_STEP][PASSED] - click(findTestObject("manager/schools/overlay"), CONTINUE_ON_FAILURE): Object: 'Object Repository/manager/schools/overlay' is clicked on

2022-02-25 08:58:26 - [MESSAGE][PASSED] - Object: 'Object Repository/manager/schools/overlay' is clicked on

2022-02-25 08:58:26 - [TEST_STEP][PASSED] - click(findTestObject("Object Repository/admin/school/Page_/root")): Object: 'Object Repository/admin/school/Page_/root' is clicked on

2022-02-25 08:58:29 - [MESSAGE][PASSED] - Object: 'Object Repository/admin/school/Page_/root' is clicked on

2022-02-25 08:58:29 - [TEST_STEP][PASSED] - closeBrowser(): Browser is closed

2022-02-25 08:58:29 - [MESSAGE][PASSED] - Browser is closed]]></system-out>
         <system-err><![CDATA[]]></system-err>
      </testcase>
      <testcase name="Test Cases/Администратор/Тренеры" time="155.83" classname="Test Cases/Администратор/Тренеры" status="PASSED">
         <system-out><![CDATA[2022-02-25 08:58:29 - [TEST_CASE][PASSED] - Test Cases/Администратор/Тренеры: Test Cases/Администратор/Тренеры

2022-02-25 08:58:30 - [TEST_STEP][PASSED] - callTestCase(findTestCase("Администратор/Авторизация"), [:], STOP_ON_FAILURE): Call Test Case 'Test Cases/Администратор/Авторизация' successfully

2022-02-25 08:58:30 - [TEST_CASE][PASSED] - Test Cases/Администратор/Авторизация: Test Cases/Администратор/Авторизация

2022-02-25 08:58:30 - [TEST_STEP][PASSED] - openBrowser(""): Browser is opened with url: ''

2022-02-25 08:58:30 - [MESSAGE][INFO] - User set preference: ['os', 'linux']

2022-02-25 08:58:30 - [MESSAGE][INFO] - User set preference: ['browserName', 'chrome']

2022-02-25 08:58:30 - [MESSAGE][INFO] - User set preference: ['browserVersion', '97']

2022-02-25 08:58:30 - [MESSAGE][INFO] - User set preference: ['katalon:option', '{organizationId=564672, tunnelId=, usingTunnel=false}']

2022-02-25 08:58:30 - [MESSAGE][INFO] - Connecting to remote web server 'testcloud.katalon.com/hub' with type 'Selenium'

2022-02-25 08:58:30 - [MESSAGE][INFO] - Action delay is set to 100 milliseconds

2022-02-25 09:00:06 - [MESSAGE][PASSED] - Browser is opened with url: ''

2022-02-25 09:00:06 - [TEST_STEP][PASSED] - maximizeWindow(): Current window maximized

2022-02-25 09:00:07 - [MESSAGE][PASSED] - Current window maximized

2022-02-25 09:00:07 - [TEST_STEP][PASSED] - navigateToUrl(url): Navigate to 'https://stars-stage.hawk.ru:8080' successfully

2022-02-25 09:00:12 - [MESSAGE][PASSED] - Navigate to 'https://stars-stage.hawk.ru:8080' successfully

2022-02-25 09:00:12 - [TEST_STEP][PASSED] - setText(findTestObject("Object Repository/Page_/input__sc-lnrBVv eqPACj"), admin_login): Text 'TestAdmin@test.ru' is set on object 'Object Repository/Page_/input__sc-lnrBVv eqPACj'

2022-02-25 09:00:16 - [MESSAGE][PASSED] - Text 'TestAdmin@test.ru' is set on object 'Object Repository/Page_/input__sc-lnrBVv eqPACj'

2022-02-25 09:00:16 - [TEST_STEP][PASSED] - setText(findTestObject("Object Repository/Page_/input__sc-lnrBVv eqPACj_1"), admin_password): Text 'TestAdmin@test.ru' is set on object 'Object Repository/Page_/input__sc-lnrBVv eqPACj_1'

2022-02-25 09:00:20 - [MESSAGE][PASSED] - Text 'TestAdmin@test.ru' is set on object 'Object Repository/Page_/input__sc-lnrBVv eqPACj_1'

2022-02-25 09:00:20 - [TEST_STEP][PASSED] - click(findTestObject("Object Repository/Page_/go")): Object: 'Object Repository/Page_/go' is clicked on

2022-02-25 09:00:22 - [MESSAGE][PASSED] - Object: 'Object Repository/Page_/go' is clicked on

2022-02-25 09:00:22 - [MESSAGE][PASSED] - Call Test Case 'Test Cases/Администратор/Авторизация' successfully

2022-02-25 09:00:22 - [TEST_STEP][PASSED] - click(findTestObject("Object Repository/admin/teachers/Page_/teach")): Object: 'Object Repository/admin/teachers/Page_/teach' is clicked on

2022-02-25 09:00:39 - [MESSAGE][PASSED] - Object: 'Object Repository/admin/teachers/Page_/teach' is clicked on

2022-02-25 09:00:39 - [TEST_STEP][PASSED] - click(findTestObject("Object Repository/admin/teachers/Page_/span_")): Object: 'Object Repository/admin/teachers/Page_/span_' is clicked on

2022-02-25 09:00:41 - [MESSAGE][PASSED] - Object: 'Object Repository/admin/teachers/Page_/span_' is clicked on

2022-02-25 09:00:41 - [TEST_STEP][PASSED] - verifyTextPresent("ПРОФИЛЬ ПРЕПОДАВАТЕЛЯ", false): Text 'ПРОФИЛЬ ПРЕПОДАВАТЕЛЯ' is present on page 

2022-02-25 09:00:44 - [MESSAGE][PASSED] - Text 'ПРОФИЛЬ ПРЕПОДАВАТЕЛЯ' is present on page 

2022-02-25 09:00:44 - [TEST_STEP][PASSED] - takeFullPageScreenshot("C:\scr\" + school + "41.jpg"): Taking screenshot successfully

2022-02-25 09:00:48 - [MESSAGE][INFO] - 0 hidden object(s)

2022-02-25 09:00:49 - [MESSAGE][PASSED] - Taking screenshot successfully
[[ATTACHMENT|C:\scr\Омские Ястребы41.jpg]]

2022-02-25 09:00:49 - [TEST_STEP][PASSED] - click(findTestObject("Object Repository/admin/teachers/Page_/career")): Object: 'Object Repository/admin/teachers/Page_/career' is clicked on

2022-02-25 09:00:51 - [MESSAGE][PASSED] - Object: 'Object Repository/admin/teachers/Page_/career' is clicked on

2022-02-25 09:00:51 - [TEST_STEP][PASSED] - verifyTextPresent("КАРЬЕРА ТРЕНЕРА", false): Text 'КАРЬЕРА ТРЕНЕРА' is present on page 

2022-02-25 09:00:53 - [MESSAGE][PASSED] - Text 'КАРЬЕРА ТРЕНЕРА' is present on page 

2022-02-25 09:00:53 - [TEST_STEP][PASSED] - takeFullPageScreenshot("C:\scr\" + school + "42.jpg"): Taking screenshot successfully

2022-02-25 09:00:57 - [MESSAGE][INFO] - 0 hidden object(s)

2022-02-25 09:00:58 - [MESSAGE][PASSED] - Taking screenshot successfully
[[ATTACHMENT|C:\scr\Омские Ястребы42.jpg]]

2022-02-25 09:00:58 - [TEST_STEP][PASSED] - click(findTestObject("Object Repository/admin/teachers/Page_/button_")): Object: 'Object Repository/admin/teachers/Page_/button_' is clicked on

2022-02-25 09:01:00 - [MESSAGE][PASSED] - Object: 'Object Repository/admin/teachers/Page_/button_' is clicked on

2022-02-25 09:01:00 - [TEST_STEP][PASSED] - verifyTextPresent("Пользователь сохранен", false): Text 'Пользователь сохранен' is present on page 

2022-02-25 09:01:02 - [MESSAGE][PASSED] - Text 'Пользователь сохранен' is present on page 

2022-02-25 09:01:02 - [TEST_STEP][PASSED] - click(findTestObject("Object Repository/admin/teachers/Page_/root")): Object: 'Object Repository/admin/teachers/Page_/root' is clicked on

2022-02-25 09:01:05 - [MESSAGE][PASSED] - Object: 'Object Repository/admin/teachers/Page_/root' is clicked on

2022-02-25 09:01:05 - [TEST_STEP][PASSED] - closeBrowser(): Browser is closed

2022-02-25 09:01:05 - [MESSAGE][PASSED] - Browser is closed]]></system-out>
         <system-err><![CDATA[]]></system-err>
      </testcase>
      <testcase name="Test Cases/Администратор/Рейтинг" time="194.542" classname="Test Cases/Администратор/Рейтинг" status="PASSED">
         <system-out><![CDATA[2022-02-25 09:01:05 - [TEST_CASE][PASSED] - Test Cases/Администратор/Рейтинг: Test Cases/Администратор/Рейтинг

2022-02-25 09:01:06 - [TEST_STEP][PASSED] - callTestCase(findTestCase("Администратор/Авторизация"), [:], STOP_ON_FAILURE): Call Test Case 'Test Cases/Администратор/Авторизация' successfully

2022-02-25 09:01:06 - [TEST_CASE][PASSED] - Test Cases/Администратор/Авторизация: Test Cases/Администратор/Авторизация

2022-02-25 09:01:06 - [TEST_STEP][PASSED] - openBrowser(""): Browser is opened with url: ''

2022-02-25 09:01:06 - [MESSAGE][INFO] - User set preference: ['os', 'linux']

2022-02-25 09:01:06 - [MESSAGE][INFO] - User set preference: ['browserName', 'chrome']

2022-02-25 09:01:06 - [MESSAGE][INFO] - User set preference: ['browserVersion', '97']

2022-02-25 09:01:06 - [MESSAGE][INFO] - User set preference: ['katalon:option', '{organizationId=564672, tunnelId=, usingTunnel=false}']

2022-02-25 09:01:06 - [MESSAGE][INFO] - Connecting to remote web server 'testcloud.katalon.com/hub' with type 'Selenium'

2022-02-25 09:01:06 - [MESSAGE][INFO] - Action delay is set to 100 milliseconds

2022-02-25 09:02:37 - [MESSAGE][PASSED] - Browser is opened with url: ''

2022-02-25 09:02:37 - [TEST_STEP][PASSED] - maximizeWindow(): Current window maximized

2022-02-25 09:02:38 - [MESSAGE][PASSED] - Current window maximized

2022-02-25 09:02:38 - [TEST_STEP][PASSED] - navigateToUrl(url): Navigate to 'https://stars-stage.hawk.ru:8080' successfully

2022-02-25 09:02:44 - [MESSAGE][PASSED] - Navigate to 'https://stars-stage.hawk.ru:8080' successfully

2022-02-25 09:02:44 - [TEST_STEP][PASSED] - setText(findTestObject("Object Repository/Page_/input__sc-lnrBVv eqPACj"), admin_login): Text 'TestAdmin@test.ru' is set on object 'Object Repository/Page_/input__sc-lnrBVv eqPACj'

2022-02-25 09:02:48 - [MESSAGE][PASSED] - Text 'TestAdmin@test.ru' is set on object 'Object Repository/Page_/input__sc-lnrBVv eqPACj'

2022-02-25 09:02:48 - [TEST_STEP][PASSED] - setText(findTestObject("Object Repository/Page_/input__sc-lnrBVv eqPACj_1"), admin_password): Text 'TestAdmin@test.ru' is set on object 'Object Repository/Page_/input__sc-lnrBVv eqPACj_1'

2022-02-25 09:02:52 - [MESSAGE][PASSED] - Text 'TestAdmin@test.ru' is set on object 'Object Repository/Page_/input__sc-lnrBVv eqPACj_1'

2022-02-25 09:02:52 - [TEST_STEP][PASSED] - click(findTestObject("Object Repository/Page_/go")): Object: 'Object Repository/Page_/go' is clicked on

2022-02-25 09:02:54 - [MESSAGE][PASSED] - Object: 'Object Repository/Page_/go' is clicked on

2022-02-25 09:02:54 - [MESSAGE][PASSED] - Call Test Case 'Test Cases/Администратор/Авторизация' successfully

2022-02-25 09:02:54 - [TEST_STEP][PASSED] - click(findTestObject("Object Repository/admin/rating/grating")): Object: 'Object Repository/admin/rating/grating' is clicked on

2022-02-25 09:03:17 - [MESSAGE][PASSED] - Object: 'Object Repository/admin/rating/grating' is clicked on

2022-02-25 09:03:17 - [TEST_STEP][PASSED] - takeFullPageScreenshot("C:\scr\" + school + "34.jpg"): Taking screenshot successfully

2022-02-25 09:03:22 - [MESSAGE][INFO] - 0 hidden object(s)

2022-02-25 09:03:22 - [MESSAGE][PASSED] - Taking screenshot successfully
[[ATTACHMENT|C:\scr\Омские Ястребы34.jpg]]

2022-02-25 09:03:22 - [TEST_STEP][PASSED] - click(findTestObject("Object Repository/admin/Page_/shkool")): Object: 'Object Repository/admin/Page_/shkool' is clicked on

2022-02-25 09:03:24 - [MESSAGE][PASSED] - Object: 'Object Repository/admin/Page_/shkool' is clicked on

2022-02-25 09:03:24 - [TEST_STEP][PASSED] - click(findTestObject("Object Repository/admin/Page_/div_ (2)")): Object: 'Object Repository/admin/Page_/div_ (2)' is clicked on

2022-02-25 09:03:26 - [MESSAGE][PASSED] - Object: 'Object Repository/admin/Page_/div_ (2)' is clicked on

2022-02-25 09:03:26 - [TEST_STEP][PASSED] - click(findTestObject("Object Repository/admin/Page_/team")): Object: 'Object Repository/admin/Page_/team' is clicked on

2022-02-25 09:03:29 - [MESSAGE][PASSED] - Object: 'Object Repository/admin/Page_/team' is clicked on

2022-02-25 09:03:29 - [TEST_STEP][PASSED] - click(findTestObject("Object Repository/admin/Page_/omsk")): Object: 'Object Repository/admin/Page_/omsk' is clicked on

2022-02-25 09:03:31 - [MESSAGE][PASSED] - Object: 'Object Repository/admin/Page_/omsk' is clicked on

2022-02-25 09:03:31 - [TEST_STEP][PASSED] - scrollToElement(findTestObject("Object Repository/admin/Page_/top1"), 0): Scroll to object 'Object Repository/admin/Page_/top1' successfully

2022-02-25 09:03:31 - [MESSAGE][WARNING] - Timeout '0' is invalid. Using default page load timeout: '30'

2022-02-25 09:03:33 - [MESSAGE][PASSED] - Scroll to object 'Object Repository/admin/Page_/top1' successfully

2022-02-25 09:03:33 - [TEST_STEP][PASSED] - click(findTestObject("Object Repository/admin/Page_/top1")): Object: 'Object Repository/admin/Page_/top1' is clicked on

2022-02-25 09:03:36 - [MESSAGE][PASSED] - Object: 'Object Repository/admin/Page_/top1' is clicked on

2022-02-25 09:03:36 - [TEST_STEP][PASSED] - takeFullPageScreenshot("C:\scr\" + school + "37.jpg", CONTINUE_ON_FAILURE): Taking screenshot successfully

2022-02-25 09:03:41 - [MESSAGE][INFO] - 0 hidden object(s)

2022-02-25 09:03:41 - [MESSAGE][PASSED] - Taking screenshot successfully
[[ATTACHMENT|C:\scr\Омские Ястребы37.jpg]]

2022-02-25 09:03:41 - [TEST_STEP][PASSED] - click(findTestObject("Object Repository/admin/Page_/skill")): Object: 'Object Repository/admin/Page_/skill' is clicked on

2022-02-25 09:03:43 - [MESSAGE][PASSED] - Object: 'Object Repository/admin/Page_/skill' is clicked on

2022-02-25 09:03:43 - [TEST_STEP][PASSED] - verifyTextPresent("Ускорение", true): Text 'Ускорение' is present on page  using regular expression

2022-02-25 09:03:47 - [MESSAGE][PASSED] - Text 'Ускорение' is present on page  using regular expression

2022-02-25 09:03:47 - [TEST_STEP][PASSED] - verifyTextPresent("Скорость", true): Text 'Скорость' is present on page  using regular expression

2022-02-25 09:03:50 - [MESSAGE][PASSED] - Text 'Скорость' is present on page  using regular expression

2022-02-25 09:03:50 - [TEST_STEP][PASSED] - takeFullPageScreenshot("C:\scr\" + school + "39.jpg", CONTINUE_ON_FAILURE): Taking screenshot successfully

2022-02-25 09:03:55 - [MESSAGE][INFO] - 0 hidden object(s)

2022-02-25 09:03:55 - [MESSAGE][PASSED] - Taking screenshot successfully
[[ATTACHMENT|C:\scr\Омские Ястребы39.jpg]]

2022-02-25 09:03:55 - [TEST_STEP][PASSED] - click(findTestObject("Object Repository/admin/Page_/stat")): Object: 'Object Repository/admin/Page_/stat' is clicked on

2022-02-25 09:03:57 - [MESSAGE][PASSED] - Object: 'Object Repository/admin/Page_/stat' is clicked on

2022-02-25 09:03:57 - [TEST_STEP][PASSED] - verifyTextPresent("Матчи", true, CONTINUE_ON_FAILURE): Text 'Матчи' is present on page  using regular expression

2022-02-25 09:03:59 - [MESSAGE][PASSED] - Text 'Матчи' is present on page  using regular expression

2022-02-25 09:03:59 - [TEST_STEP][PASSED] - verifyTextPresent("Ранг", true, CONTINUE_ON_FAILURE): Text 'Ранг' is present on page  using regular expression

2022-02-25 09:04:01 - [MESSAGE][PASSED] - Text 'Ранг' is present on page  using regular expression

2022-02-25 09:04:01 - [TEST_STEP][PASSED] - takeFullPageScreenshot("C:\scr\" + school + "40.jpg", CONTINUE_ON_FAILURE): Taking screenshot successfully

2022-02-25 09:04:06 - [MESSAGE][INFO] - 0 hidden object(s)

2022-02-25 09:04:06 - [MESSAGE][PASSED] - Taking screenshot successfully
[[ATTACHMENT|C:\scr\Омские Ястребы40.jpg]]

2022-02-25 09:04:06 - [TEST_STEP][PASSED] - click(findTestObject("Object Repository/admin/Page_/ptest")): Object: 'Object Repository/admin/Page_/ptest' is clicked on

2022-02-25 09:04:08 - [MESSAGE][PASSED] - Object: 'Object Repository/admin/Page_/ptest' is clicked on

2022-02-25 09:04:08 - [TEST_STEP][PASSED] - verifyTextPresent("СРЕДНЯЯ ОЦЕНКА", true): Text 'СРЕДНЯЯ ОЦЕНКА' is present on page  using regular expression

2022-02-25 09:04:10 - [MESSAGE][PASSED] - Text 'СРЕДНЯЯ ОЦЕНКА' is present on page  using regular expression

2022-02-25 09:04:10 - [TEST_STEP][PASSED] - verifyTextPresent("Список навыков и характеристики", true): Text 'Список навыков и характеристики' is present on page  using regular expression

2022-02-25 09:04:12 - [MESSAGE][PASSED] - Text 'Список навыков и характеристики' is present on page  using regular expression

2022-02-25 09:04:12 - [TEST_STEP][PASSED] - takeFullPageScreenshot("C:\scr\" + school + "38.jpg", CONTINUE_ON_FAILURE): Taking screenshot successfully

2022-02-25 09:04:17 - [MESSAGE][INFO] - 0 hidden object(s)

2022-02-25 09:04:17 - [MESSAGE][PASSED] - Taking screenshot successfully
[[ATTACHMENT|C:\scr\Омские Ястребы38.jpg]]

2022-02-25 09:04:17 - [TEST_STEP][PASSED] - click(findTestObject("Object Repository/admin/Page_/root")): Object: 'Object Repository/admin/Page_/root' is clicked on

2022-02-25 09:04:19 - [MESSAGE][PASSED] - Object: 'Object Repository/admin/Page_/root' is clicked on

2022-02-25 09:04:19 - [TEST_STEP][PASSED] - closeBrowser(): Browser is closed

2022-02-25 09:04:20 - [MESSAGE][PASSED] - Browser is closed]]></system-out>
         <system-err><![CDATA[]]></system-err>
      </testcase>
      <testcase name="Test Cases/Администратор/Профиль" time="99.28" classname="Test Cases/Администратор/Профиль" status="PASSED">
         <system-out><![CDATA[2022-02-25 09:04:20 - [TEST_CASE][PASSED] - Test Cases/Администратор/Профиль: Test Cases/Администратор/Профиль

2022-02-25 09:04:21 - [TEST_STEP][PASSED] - callTestCase(findTestCase("Администратор/Авторизация"), [:], STOP_ON_FAILURE): Call Test Case 'Test Cases/Администратор/Авторизация' successfully

2022-02-25 09:04:21 - [TEST_CASE][PASSED] - Test Cases/Администратор/Авторизация: Test Cases/Администратор/Авторизация

2022-02-25 09:04:21 - [TEST_STEP][PASSED] - openBrowser(""): Browser is opened with url: ''

2022-02-25 09:04:21 - [MESSAGE][INFO] - User set preference: ['os', 'linux']

2022-02-25 09:04:21 - [MESSAGE][INFO] - User set preference: ['browserName', 'chrome']

2022-02-25 09:04:21 - [MESSAGE][INFO] - User set preference: ['browserVersion', '97']

2022-02-25 09:04:21 - [MESSAGE][INFO] - User set preference: ['katalon:option', '{organizationId=564672, tunnelId=, usingTunnel=false}']

2022-02-25 09:04:21 - [MESSAGE][INFO] - Connecting to remote web server 'testcloud.katalon.com/hub' with type 'Selenium'

2022-02-25 09:04:21 - [MESSAGE][INFO] - Action delay is set to 100 milliseconds

2022-02-25 09:05:08 - [MESSAGE][PASSED] - Browser is opened with url: ''

2022-02-25 09:05:08 - [TEST_STEP][PASSED] - maximizeWindow(): Current window maximized

2022-02-25 09:05:08 - [MESSAGE][PASSED] - Current window maximized

2022-02-25 09:05:08 - [TEST_STEP][PASSED] - navigateToUrl(url): Navigate to 'https://stars-stage.hawk.ru:8080' successfully

2022-02-25 09:05:15 - [MESSAGE][PASSED] - Navigate to 'https://stars-stage.hawk.ru:8080' successfully

2022-02-25 09:05:15 - [TEST_STEP][PASSED] - setText(findTestObject("Object Repository/Page_/input__sc-lnrBVv eqPACj"), admin_login): Text 'TestAdmin@test.ru' is set on object 'Object Repository/Page_/input__sc-lnrBVv eqPACj'

2022-02-25 09:05:19 - [MESSAGE][PASSED] - Text 'TestAdmin@test.ru' is set on object 'Object Repository/Page_/input__sc-lnrBVv eqPACj'

2022-02-25 09:05:19 - [TEST_STEP][PASSED] - setText(findTestObject("Object Repository/Page_/input__sc-lnrBVv eqPACj_1"), admin_password): Text 'TestAdmin@test.ru' is set on object 'Object Repository/Page_/input__sc-lnrBVv eqPACj_1'

2022-02-25 09:05:23 - [MESSAGE][PASSED] - Text 'TestAdmin@test.ru' is set on object 'Object Repository/Page_/input__sc-lnrBVv eqPACj_1'

2022-02-25 09:05:23 - [TEST_STEP][PASSED] - click(findTestObject("Object Repository/Page_/go")): Object: 'Object Repository/Page_/go' is clicked on

2022-02-25 09:05:25 - [MESSAGE][PASSED] - Object: 'Object Repository/Page_/go' is clicked on

2022-02-25 09:05:25 - [MESSAGE][PASSED] - Call Test Case 'Test Cases/Администратор/Авторизация' successfully

2022-02-25 09:05:25 - [TEST_STEP][PASSED] - click(findTestObject("Object Repository/admin/Page_/div_Admin Admin")): Object: 'Object Repository/admin/Page_/div_Admin Admin' is clicked on

2022-02-25 09:05:47 - [MESSAGE][PASSED] - Object: 'Object Repository/admin/Page_/div_Admin Admin' is clicked on

2022-02-25 09:05:47 - [TEST_STEP][PASSED] - verifyTextPresent("РЕДАКТИРОВАНИЕ ПРОФИЛЯ", true): Text 'РЕДАКТИРОВАНИЕ ПРОФИЛЯ' is present on page  using regular expression

2022-02-25 09:05:48 - [MESSAGE][PASSED] - Text 'РЕДАКТИРОВАНИЕ ПРОФИЛЯ' is present on page  using regular expression

2022-02-25 09:05:48 - [TEST_STEP][PASSED] - takeFullPageScreenshot("C:\scr\" + school + "33.jpg"): Taking screenshot successfully

2022-02-25 09:05:54 - [MESSAGE][INFO] - 0 hidden object(s)

2022-02-25 09:05:54 - [MESSAGE][PASSED] - Taking screenshot successfully
[[ATTACHMENT|C:\scr\Омские Ястребы33.jpg]]

2022-02-25 09:05:54 - [TEST_STEP][PASSED] - click(findTestObject("Object Repository/admin/Page_/save")): Object: 'Object Repository/admin/Page_/save' is clicked on

2022-02-25 09:05:56 - [MESSAGE][PASSED] - Object: 'Object Repository/admin/Page_/save' is clicked on

2022-02-25 09:05:56 - [TEST_STEP][PASSED] - click(findTestObject("admin/Page_/root")): Object: 'Object Repository/admin/Page_/root' is clicked on

2022-02-25 09:05:58 - [MESSAGE][PASSED] - Object: 'Object Repository/admin/Page_/root' is clicked on

2022-02-25 09:05:58 - [TEST_STEP][PASSED] - closeBrowser(): Browser is closed

2022-02-25 09:05:59 - [MESSAGE][PASSED] - Browser is closed]]></system-out>
         <system-err><![CDATA[]]></system-err>
      </testcase>
      <testcase name="Test Cases/Администратор/ОТЧЕТЫ функциональные тесты/Физическое тестирование (Поменяется в спринте)" time="147.349" classname="Test Cases/Администратор/ОТЧЕТЫ функциональные тесты/Физическое тестирование (Поменяется в спринте)" status="PASSED">
         <system-out><![CDATA[2022-02-25 09:05:59 - [TEST_CASE][PASSED] - Test Cases/Администратор/ОТЧЕТЫ функциональные тесты/Физическое тестирование (Поменяется в спринте): Test Cases/Администратор/ОТЧЕТЫ функциональные тесты/Физическое тестирование (Поменяется в спринте)

2022-02-25 09:06:00 - [TEST_STEP][PASSED] - callTestCase(findTestCase("Администратор/Отчет для тк"), [:], STOP_ON_FAILURE): Call Test Case 'Test Cases/Администратор/Отчет для тк' successfully

2022-02-25 09:06:00 - [TEST_CASE][PASSED] - Test Cases/Администратор/Отчет для тк: Test Cases/Администратор/Отчет для тк

2022-02-25 09:06:01 - [TEST_STEP][PASSED] - callTestCase(findTestCase("Администратор/Авторизация"), [:], STOP_ON_FAILURE): Call Test Case 'Test Cases/Администратор/Авторизация' successfully

2022-02-25 09:06:01 - [TEST_CASE][PASSED] - Test Cases/Администратор/Авторизация: Test Cases/Администратор/Авторизация

2022-02-25 09:06:01 - [TEST_STEP][PASSED] - openBrowser(""): Browser is opened with url: ''

2022-02-25 09:06:01 - [MESSAGE][INFO] - User set preference: ['os', 'linux']

2022-02-25 09:06:01 - [MESSAGE][INFO] - User set preference: ['browserName', 'chrome']

2022-02-25 09:06:01 - [MESSAGE][INFO] - User set preference: ['browserVersion', '97']

2022-02-25 09:06:01 - [MESSAGE][INFO] - User set preference: ['katalon:option', '{organizationId=564672, tunnelId=, usingTunnel=false}']

2022-02-25 09:06:01 - [MESSAGE][INFO] - Connecting to remote web server 'testcloud.katalon.com/hub' with type 'Selenium'

2022-02-25 09:06:01 - [MESSAGE][INFO] - Action delay is set to 100 milliseconds

2022-02-25 09:06:39 - [MESSAGE][PASSED] - Browser is opened with url: ''

2022-02-25 09:06:39 - [TEST_STEP][PASSED] - maximizeWindow(): Current window maximized

2022-02-25 09:06:40 - [MESSAGE][PASSED] - Current window maximized

2022-02-25 09:06:40 - [TEST_STEP][PASSED] - navigateToUrl(url): Navigate to 'https://stars-stage.hawk.ru:8080' successfully

2022-02-25 09:06:49 - [MESSAGE][PASSED] - Navigate to 'https://stars-stage.hawk.ru:8080' successfully

2022-02-25 09:06:49 - [TEST_STEP][PASSED] - setText(findTestObject("Object Repository/Page_/input__sc-lnrBVv eqPACj"), admin_login): Text 'TestAdmin@test.ru' is set on object 'Object Repository/Page_/input__sc-lnrBVv eqPACj'

2022-02-25 09:06:53 - [MESSAGE][PASSED] - Text 'TestAdmin@test.ru' is set on object 'Object Repository/Page_/input__sc-lnrBVv eqPACj'

2022-02-25 09:06:53 - [TEST_STEP][PASSED] - setText(findTestObject("Object Repository/Page_/input__sc-lnrBVv eqPACj_1"), admin_password): Text 'TestAdmin@test.ru' is set on object 'Object Repository/Page_/input__sc-lnrBVv eqPACj_1'

2022-02-25 09:06:57 - [MESSAGE][PASSED] - Text 'TestAdmin@test.ru' is set on object 'Object Repository/Page_/input__sc-lnrBVv eqPACj_1'

2022-02-25 09:06:57 - [TEST_STEP][PASSED] - click(findTestObject("Object Repository/Page_/go")): Object: 'Object Repository/Page_/go' is clicked on

2022-02-25 09:06:59 - [MESSAGE][PASSED] - Object: 'Object Repository/Page_/go' is clicked on

2022-02-25 09:06:59 - [MESSAGE][PASSED] - Call Test Case 'Test Cases/Администратор/Авторизация' successfully

2022-02-25 09:06:59 - [TEST_STEP][PASSED] - click(findTestObject("admin/reports/keys/reports/report")): Object: 'Object Repository/admin/reports/keys/reports/report' is clicked on

2022-02-25 09:07:18 - [MESSAGE][PASSED] - Object: 'Object Repository/admin/reports/keys/reports/report' is clicked on

2022-02-25 09:07:18 - [MESSAGE][PASSED] - Call Test Case 'Test Cases/Администратор/Отчет для тк' successfully

2022-02-25 09:07:18 - [TEST_STEP][PASSED] - click(findTestObject("Object Repository/admin/phyz/Page_/phys")): Object: 'Object Repository/admin/phyz/Page_/phys' is clicked on

2022-02-25 09:07:21 - [MESSAGE][PASSED] - Object: 'Object Repository/admin/phyz/Page_/phys' is clicked on

2022-02-25 09:07:21 - [TEST_STEP][PASSED] - click(findTestObject("Object Repository/admin/phyz/Page_/school")): Object: 'Object Repository/admin/phyz/Page_/school' is clicked on

2022-02-25 09:07:23 - [MESSAGE][PASSED] - Object: 'Object Repository/admin/phyz/Page_/school' is clicked on

2022-02-25 09:07:23 - [TEST_STEP][PASSED] - click(findTestObject("Object Repository/admin/phyz/Page_/div_")): Object: 'Object Repository/admin/phyz/Page_/div_' is clicked on

2022-02-25 09:07:25 - [MESSAGE][PASSED] - Object: 'Object Repository/admin/phyz/Page_/div_' is clicked on

2022-02-25 09:07:25 - [TEST_STEP][PASSED] - click(findTestObject("Object Repository/admin/phyz/Page_/div_31.07.2020")): Object: 'Object Repository/admin/phyz/Page_/div_31.07.2020' is clicked on

2022-02-25 09:07:28 - [MESSAGE][PASSED] - Object: 'Object Repository/admin/phyz/Page_/div_31.07.2020' is clicked on

2022-02-25 09:07:28 - [TEST_STEP][PASSED] - click(findTestObject("Object Repository/admin/phyz/Page_/div_31.12.2020")): Object: 'Object Repository/admin/phyz/Page_/div_31.12.2020' is clicked on

2022-02-25 09:07:30 - [MESSAGE][PASSED] - Object: 'Object Repository/admin/phyz/Page_/div_31.12.2020' is clicked on

2022-02-25 09:07:30 - [TEST_STEP][PASSED] - click(findTestObject("Object Repository/admin/phyz/Page_/team")): Object: 'Object Repository/admin/phyz/Page_/team' is clicked on

2022-02-25 09:07:32 - [MESSAGE][PASSED] - Object: 'Object Repository/admin/phyz/Page_/team' is clicked on

2022-02-25 09:07:32 - [TEST_STEP][PASSED] - click(findTestObject("Object Repository/admin/phyz/Page_/oya")): Object: 'Object Repository/admin/phyz/Page_/oya' is clicked on

2022-02-25 09:07:34 - [MESSAGE][PASSED] - Object: 'Object Repository/admin/phyz/Page_/oya' is clicked on

2022-02-25 09:07:34 - [TEST_STEP][PASSED] - verifyTextPresent("Жим штанги лежа", true): Text 'Жим штанги лежа' is present on page  using regular expression

2022-02-25 09:07:38 - [MESSAGE][PASSED] - Text 'Жим штанги лежа' is present on page  using regular expression

2022-02-25 09:07:38 - [TEST_STEP][PASSED] - verifyTextPresent("Подтягивание из виса на перекладине", true): Text 'Подтягивание из виса на перекладине' is present on page  using regular expression

2022-02-25 09:07:40 - [MESSAGE][PASSED] - Text 'Подтягивание из виса на перекладине' is present on page  using regular expression

2022-02-25 09:07:40 - [TEST_STEP][PASSED] - verifyTextPresent("Уголок из виса на турнике", true): Text 'Уголок из виса на турнике' is present on page  using regular expression

2022-02-25 09:07:42 - [MESSAGE][PASSED] - Text 'Уголок из виса на турнике' is present on page  using regular expression

2022-02-25 09:07:42 - [TEST_STEP][PASSED] - click(findTestObject("Object Repository/admin/phyz/Page_/individ")): Object: 'Object Repository/admin/phyz/Page_/individ' is clicked on

2022-02-25 09:07:45 - [MESSAGE][PASSED] - Object: 'Object Repository/admin/phyz/Page_/individ' is clicked on

2022-02-25 09:07:45 - [TEST_STEP][PASSED] - click(findTestObject("Object Repository/admin/phyz/Page_/school")): Object: 'Object Repository/admin/phyz/Page_/school' is clicked on

2022-02-25 09:07:47 - [MESSAGE][PASSED] - Object: 'Object Repository/admin/phyz/Page_/school' is clicked on

2022-02-25 09:07:47 - [TEST_STEP][PASSED] - click(findTestObject("Object Repository/admin/phyz/Page_/div_   . _1")): Object: 'Object Repository/admin/phyz/Page_/div_   . _1' is clicked on

2022-02-25 09:07:49 - [MESSAGE][PASSED] - Object: 'Object Repository/admin/phyz/Page_/div_   . _1' is clicked on

2022-02-25 09:07:49 - [TEST_STEP][PASSED] - click(findTestObject("Object Repository/admin/phyz/Page_/team")): Object: 'Object Repository/admin/phyz/Page_/team' is clicked on

2022-02-25 09:07:51 - [MESSAGE][PASSED] - Object: 'Object Repository/admin/phyz/Page_/team' is clicked on

2022-02-25 09:07:51 - [TEST_STEP][PASSED] - click(findTestObject("Object Repository/admin/phyz/Page_/omsk")): Object: 'Object Repository/admin/phyz/Page_/omsk' is clicked on

2022-02-25 09:07:53 - [MESSAGE][PASSED] - Object: 'Object Repository/admin/phyz/Page_/omsk' is clicked on

2022-02-25 09:07:53 - [TEST_STEP][PASSED] - click(findTestObject("Object Repository/admin/phyz/Page_/div_ (1)")): Object: 'Object Repository/admin/phyz/Page_/div_ (1)' is clicked on

2022-02-25 09:07:56 - [MESSAGE][PASSED] - Object: 'Object Repository/admin/phyz/Page_/div_ (1)' is clicked on

2022-02-25 09:07:56 - [TEST_STEP][PASSED] - setText(findTestObject("Object Repository/admin/phyz/Page_/input__react-select-9-input"), player_for_test): Text 'Ганин Данила' is set on object 'Object Repository/admin/phyz/Page_/input__react-select-9-input'

2022-02-25 09:08:01 - [MESSAGE][PASSED] - Text 'Ганин Данила' is set on object 'Object Repository/admin/phyz/Page_/input__react-select-9-input'

2022-02-25 09:08:01 - [TEST_STEP][PASSED] - sendKeys(findTestObject("Object Repository/admin/phyz/Page_/input__react-select-9-input"), Keys.chord(ENTER)): Keys 'ENTER + ' sent to object: 'Object Repository/admin/phyz/Page_/input__react-select-9-input'

2022-02-25 09:08:03 - [MESSAGE][PASSED] - Keys 'ENTER + ' sent to object: 'Object Repository/admin/phyz/Page_/input__react-select-9-input'

2022-02-25 09:08:03 - [TEST_STEP][PASSED] - verifyTextPresent("Прыжок в высоту", true): Text 'Прыжок в высоту' is present on page  using regular expression

2022-02-25 09:08:06 - [MESSAGE][PASSED] - Text 'Прыжок в высоту' is present on page  using regular expression

2022-02-25 09:08:06 - [TEST_STEP][PASSED] - verifyTextPresent("Челночный бег 5-10-5 \(сек\)", true): Text 'Челночный бег 5-10-5 \(сек\)' is present on page  using regular expression

2022-02-25 09:08:08 - [MESSAGE][PASSED] - Text 'Челночный бег 5-10-5 \(сек\)' is present on page  using regular expression

2022-02-25 09:08:08 - [TEST_STEP][PASSED] - verifyTextPresent("СРЕДНЯЯ ОЦЕНКА", true): Text 'СРЕДНЯЯ ОЦЕНКА' is present on page  using regular expression

2022-02-25 09:08:10 - [MESSAGE][PASSED] - Text 'СРЕДНЯЯ ОЦЕНКА' is present on page  using regular expression

2022-02-25 09:08:10 - [TEST_STEP][PASSED] - verifyTextPresent("Список навыков и характеристики", true): Text 'Список навыков и характеристики' is present on page  using regular expression

2022-02-25 09:08:12 - [MESSAGE][PASSED] - Text 'Список навыков и характеристики' is present on page  using regular expression

2022-02-25 09:08:12 - [TEST_STEP][PASSED] - click(findTestObject("Object Repository/admin/phyz/Page_/home")): Object: 'Object Repository/admin/phyz/Page_/home' is clicked on

2022-02-25 09:08:14 - [MESSAGE][PASSED] - Object: 'Object Repository/admin/phyz/Page_/home' is clicked on

2022-02-25 09:08:14 - [TEST_STEP][PASSED] - scrollToElement(findTestObject("Object Repository/admin/phyz/Page_/exit"), 0): Scroll to object 'Object Repository/admin/phyz/Page_/exit' successfully

2022-02-25 09:08:14 - [MESSAGE][WARNING] - Timeout '0' is invalid. Using default page load timeout: '30'

2022-02-25 09:08:24 - [MESSAGE][PASSED] - Scroll to object 'Object Repository/admin/phyz/Page_/exit' successfully

2022-02-25 09:08:24 - [TEST_STEP][PASSED] - click(findTestObject("Object Repository/admin/phyz/Page_/exit")): Object: 'Object Repository/admin/phyz/Page_/exit' is clicked on

2022-02-25 09:08:26 - [MESSAGE][PASSED] - Object: 'Object Repository/admin/phyz/Page_/exit' is clicked on

2022-02-25 09:08:26 - [TEST_STEP][PASSED] - closeBrowser(): Browser is closed

2022-02-25 09:08:26 - [MESSAGE][PASSED] - Browser is closed]]></system-out>
         <system-err><![CDATA[]]></system-err>
      </testcase>
      <testcase name="Test Cases/Администратор/ОТЧЕТЫ функциональные тесты/Список участников без оценки" time="140.001" classname="Test Cases/Администратор/ОТЧЕТЫ функциональные тесты/Список участников без оценки" status="PASSED">
         <system-out><![CDATA[2022-02-25 09:08:26 - [TEST_CASE][PASSED] - Test Cases/Администратор/ОТЧЕТЫ функциональные тесты/Список участников без оценки: Test Cases/Администратор/ОТЧЕТЫ функциональные тесты/Список участников без оценки

2022-02-25 09:08:27 - [TEST_STEP][PASSED] - callTestCase(findTestCase("Администратор/Отчет для тк"), [:], STOP_ON_FAILURE): Call Test Case 'Test Cases/Администратор/Отчет для тк' successfully

2022-02-25 09:08:27 - [TEST_CASE][PASSED] - Test Cases/Администратор/Отчет для тк: Test Cases/Администратор/Отчет для тк

2022-02-25 09:08:27 - [TEST_STEP][PASSED] - callTestCase(findTestCase("Администратор/Авторизация"), [:], STOP_ON_FAILURE): Call Test Case 'Test Cases/Администратор/Авторизация' successfully

2022-02-25 09:08:27 - [TEST_CASE][PASSED] - Test Cases/Администратор/Авторизация: Test Cases/Администратор/Авторизация

2022-02-25 09:08:27 - [TEST_STEP][PASSED] - openBrowser(""): Browser is opened with url: ''

2022-02-25 09:08:27 - [MESSAGE][INFO] - User set preference: ['os', 'linux']

2022-02-25 09:08:27 - [MESSAGE][INFO] - User set preference: ['browserName', 'chrome']

2022-02-25 09:08:27 - [MESSAGE][INFO] - User set preference: ['browserVersion', '97']

2022-02-25 09:08:27 - [MESSAGE][INFO] - User set preference: ['katalon:option', '{organizationId=564672, tunnelId=, usingTunnel=false}']

2022-02-25 09:08:27 - [MESSAGE][INFO] - Connecting to remote web server 'testcloud.katalon.com/hub' with type 'Selenium'

2022-02-25 09:08:27 - [MESSAGE][INFO] - Action delay is set to 100 milliseconds

2022-02-25 09:09:25 - [MESSAGE][PASSED] - Browser is opened with url: ''

2022-02-25 09:09:25 - [TEST_STEP][PASSED] - maximizeWindow(): Current window maximized

2022-02-25 09:09:26 - [MESSAGE][PASSED] - Current window maximized

2022-02-25 09:09:26 - [TEST_STEP][PASSED] - navigateToUrl(url): Navigate to 'https://stars-stage.hawk.ru:8080' successfully

2022-02-25 09:09:33 - [MESSAGE][PASSED] - Navigate to 'https://stars-stage.hawk.ru:8080' successfully

2022-02-25 09:09:33 - [TEST_STEP][PASSED] - setText(findTestObject("Object Repository/Page_/input__sc-lnrBVv eqPACj"), admin_login): Text 'TestAdmin@test.ru' is set on object 'Object Repository/Page_/input__sc-lnrBVv eqPACj'

2022-02-25 09:09:37 - [MESSAGE][PASSED] - Text 'TestAdmin@test.ru' is set on object 'Object Repository/Page_/input__sc-lnrBVv eqPACj'

2022-02-25 09:09:37 - [TEST_STEP][PASSED] - setText(findTestObject("Object Repository/Page_/input__sc-lnrBVv eqPACj_1"), admin_password): Text 'TestAdmin@test.ru' is set on object 'Object Repository/Page_/input__sc-lnrBVv eqPACj_1'

2022-02-25 09:09:41 - [MESSAGE][PASSED] - Text 'TestAdmin@test.ru' is set on object 'Object Repository/Page_/input__sc-lnrBVv eqPACj_1'

2022-02-25 09:09:41 - [TEST_STEP][PASSED] - click(findTestObject("Object Repository/Page_/go")): Object: 'Object Repository/Page_/go' is clicked on

2022-02-25 09:09:44 - [MESSAGE][PASSED] - Object: 'Object Repository/Page_/go' is clicked on

2022-02-25 09:09:44 - [MESSAGE][PASSED] - Call Test Case 'Test Cases/Администратор/Авторизация' successfully

2022-02-25 09:09:44 - [TEST_STEP][PASSED] - click(findTestObject("admin/reports/keys/reports/report")): Object: 'Object Repository/admin/reports/keys/reports/report' is clicked on

2022-02-25 09:10:02 - [MESSAGE][PASSED] - Object: 'Object Repository/admin/reports/keys/reports/report' is clicked on

2022-02-25 09:10:02 - [MESSAGE][PASSED] - Call Test Case 'Test Cases/Администратор/Отчет для тк' successfully

2022-02-25 09:10:02 - [TEST_STEP][PASSED] - click(findTestObject("Object Repository/admin/reports/not/Page_/not")): Object: 'Object Repository/admin/reports/not/Page_/not' is clicked on

2022-02-25 09:10:04 - [MESSAGE][PASSED] - Object: 'Object Repository/admin/reports/not/Page_/not' is clicked on

2022-02-25 09:10:04 - [TEST_STEP][PASSED] - verifyTextPresent("СПИСОК УЧАСТНИКОВ БЕЗ ОЦЕНКИ", true): Text 'СПИСОК УЧАСТНИКОВ БЕЗ ОЦЕНКИ' is present on page  using regular expression

2022-02-25 09:10:13 - [MESSAGE][PASSED] - Text 'СПИСОК УЧАСТНИКОВ БЕЗ ОЦЕНКИ' is present on page  using regular expression

2022-02-25 09:10:13 - [TEST_STEP][PASSED] - takeFullPageScreenshot("C:\scr\" + school + "29.jpg"): Taking screenshot successfully

2022-02-25 09:10:19 - [MESSAGE][INFO] - 0 hidden object(s)

2022-02-25 09:10:19 - [MESSAGE][PASSED] - Taking screenshot successfully
[[ATTACHMENT|C:\scr\Омские Ястребы29.jpg]]

2022-02-25 09:10:19 - [TEST_STEP][PASSED] - setText(findTestObject("Object Repository/admin/reports/not/Page_/input__react-select-2-input"), "ака"): Text 'ака' is set on object 'Object Repository/admin/reports/not/Page_/input__react-select-2-input'

2022-02-25 09:10:23 - [MESSAGE][PASSED] - Text 'ака' is set on object 'Object Repository/admin/reports/not/Page_/input__react-select-2-input'

2022-02-25 09:10:23 - [TEST_STEP][PASSED] - sendKeys(findTestObject("Object Repository/admin/reports/not/Page_/input__react-select-2-input"), Keys.chord(ENTER)): Keys 'ENTER + ' sent to object: 'Object Repository/admin/reports/not/Page_/input__react-select-2-input'

2022-02-25 09:10:25 - [MESSAGE][PASSED] - Keys 'ENTER + ' sent to object: 'Object Repository/admin/reports/not/Page_/input__react-select-2-input'

2022-02-25 09:10:25 - [TEST_STEP][PASSED] - setText(findTestObject("Object Repository/admin/reports/not/Page_/input__react-select-3-input"), school): Text 'Омские Ястребы' is set on object 'Object Repository/admin/reports/not/Page_/input__react-select-3-input'

2022-02-25 09:10:29 - [MESSAGE][PASSED] - Text 'Омские Ястребы' is set on object 'Object Repository/admin/reports/not/Page_/input__react-select-3-input'

2022-02-25 09:10:29 - [TEST_STEP][PASSED] - sendKeys(findTestObject("Object Repository/admin/reports/not/Page_/input__react-select-3-input"), Keys.chord(ENTER)): Keys 'ENTER + ' sent to object: 'Object Repository/admin/reports/not/Page_/input__react-select-3-input'

2022-02-25 09:10:31 - [MESSAGE][PASSED] - Keys 'ENTER + ' sent to object: 'Object Repository/admin/reports/not/Page_/input__react-select-3-input'

2022-02-25 09:10:31 - [TEST_STEP][PASSED] - setText(findTestObject("Object Repository/admin/reports/not/Page_/input__react-select-4-input"), "26.8"): Text '26.8' is set on object 'Object Repository/admin/reports/not/Page_/input__react-select-4-input'

2022-02-25 09:10:36 - [MESSAGE][PASSED] - Text '26.8' is set on object 'Object Repository/admin/reports/not/Page_/input__react-select-4-input'

2022-02-25 09:10:36 - [TEST_STEP][PASSED] - sendKeys(findTestObject("Object Repository/admin/reports/not/Page_/input__react-select-4-input"), Keys.chord(ENTER)): Keys 'ENTER + ' sent to object: 'Object Repository/admin/reports/not/Page_/input__react-select-4-input'

2022-02-25 09:10:38 - [MESSAGE][PASSED] - Keys 'ENTER + ' sent to object: 'Object Repository/admin/reports/not/Page_/input__react-select-4-input'

2022-02-25 09:10:38 - [TEST_STEP][PASSED] - takeFullPageScreenshot("C:\scr\" + school + "30.jpg"): Taking screenshot successfully

2022-02-25 09:10:43 - [MESSAGE][INFO] - 0 hidden object(s)

2022-02-25 09:10:44 - [MESSAGE][PASSED] - Taking screenshot successfully
[[ATTACHMENT|C:\scr\Омские Ястребы30.jpg]]

2022-02-25 09:10:44 - [TEST_STEP][PASSED] - click(findTestObject("Object Repository/manager/kale/Page_/root")): Object: 'Object Repository/manager/kale/Page_/root' is clicked on

2022-02-25 09:10:46 - [MESSAGE][PASSED] - Object: 'Object Repository/manager/kale/Page_/root' is clicked on

2022-02-25 09:10:46 - [TEST_STEP][PASSED] - closeBrowser(): Browser is closed

2022-02-25 09:10:46 - [MESSAGE][PASSED] - Browser is closed]]></system-out>
         <system-err><![CDATA[]]></system-err>
      </testcase>
      <testcase name="Test Cases/Администратор/ОТЧЕТЫ функциональные тесты/Отчет психофиз" time="138.071" classname="Test Cases/Администратор/ОТЧЕТЫ функциональные тесты/Отчет психофиз" status="PASSED">
         <system-out><![CDATA[2022-02-25 09:10:46 - [TEST_CASE][PASSED] - Test Cases/Администратор/ОТЧЕТЫ функциональные тесты/Отчет психофиз: Test Cases/Администратор/ОТЧЕТЫ функциональные тесты/Отчет психофиз

2022-02-25 09:10:47 - [TEST_STEP][PASSED] - callTestCase(findTestCase("Администратор/Отчет для тк"), [:], STOP_ON_FAILURE): Call Test Case 'Test Cases/Администратор/Отчет для тк' successfully

2022-02-25 09:10:47 - [TEST_CASE][PASSED] - Test Cases/Администратор/Отчет для тк: Test Cases/Администратор/Отчет для тк

2022-02-25 09:10:47 - [TEST_STEP][PASSED] - callTestCase(findTestCase("Администратор/Авторизация"), [:], STOP_ON_FAILURE): Call Test Case 'Test Cases/Администратор/Авторизация' successfully

2022-02-25 09:10:48 - [TEST_CASE][PASSED] - Test Cases/Администратор/Авторизация: Test Cases/Администратор/Авторизация

2022-02-25 09:10:48 - [TEST_STEP][PASSED] - openBrowser(""): Browser is opened with url: ''

2022-02-25 09:10:48 - [MESSAGE][INFO] - User set preference: ['os', 'linux']

2022-02-25 09:10:48 - [MESSAGE][INFO] - User set preference: ['browserName', 'chrome']

2022-02-25 09:10:48 - [MESSAGE][INFO] - User set preference: ['browserVersion', '97']

2022-02-25 09:10:48 - [MESSAGE][INFO] - User set preference: ['katalon:option', '{organizationId=564672, tunnelId=, usingTunnel=false}']

2022-02-25 09:10:48 - [MESSAGE][INFO] - Connecting to remote web server 'testcloud.katalon.com/hub' with type 'Selenium'

2022-02-25 09:10:48 - [MESSAGE][INFO] - Action delay is set to 100 milliseconds

2022-02-25 09:11:38 - [MESSAGE][PASSED] - Browser is opened with url: ''

2022-02-25 09:11:38 - [TEST_STEP][PASSED] - maximizeWindow(): Current window maximized

2022-02-25 09:11:39 - [MESSAGE][PASSED] - Current window maximized

2022-02-25 09:11:39 - [TEST_STEP][PASSED] - navigateToUrl(url): Navigate to 'https://stars-stage.hawk.ru:8080' successfully

2022-02-25 09:11:45 - [MESSAGE][PASSED] - Navigate to 'https://stars-stage.hawk.ru:8080' successfully

2022-02-25 09:11:45 - [TEST_STEP][PASSED] - setText(findTestObject("Object Repository/Page_/input__sc-lnrBVv eqPACj"), admin_login): Text 'TestAdmin@test.ru' is set on object 'Object Repository/Page_/input__sc-lnrBVv eqPACj'

2022-02-25 09:11:49 - [MESSAGE][PASSED] - Text 'TestAdmin@test.ru' is set on object 'Object Repository/Page_/input__sc-lnrBVv eqPACj'

2022-02-25 09:11:49 - [TEST_STEP][PASSED] - setText(findTestObject("Object Repository/Page_/input__sc-lnrBVv eqPACj_1"), admin_password): Text 'TestAdmin@test.ru' is set on object 'Object Repository/Page_/input__sc-lnrBVv eqPACj_1'

2022-02-25 09:11:53 - [MESSAGE][PASSED] - Text 'TestAdmin@test.ru' is set on object 'Object Repository/Page_/input__sc-lnrBVv eqPACj_1'

2022-02-25 09:11:53 - [TEST_STEP][PASSED] - click(findTestObject("Object Repository/Page_/go")): Object: 'Object Repository/Page_/go' is clicked on

2022-02-25 09:11:55 - [MESSAGE][PASSED] - Object: 'Object Repository/Page_/go' is clicked on

2022-02-25 09:11:55 - [MESSAGE][PASSED] - Call Test Case 'Test Cases/Администратор/Авторизация' successfully

2022-02-25 09:11:55 - [TEST_STEP][PASSED] - click(findTestObject("admin/reports/keys/reports/report")): Object: 'Object Repository/admin/reports/keys/reports/report' is clicked on

2022-02-25 09:12:18 - [MESSAGE][PASSED] - Object: 'Object Repository/admin/reports/keys/reports/report' is clicked on

2022-02-25 09:12:18 - [MESSAGE][PASSED] - Call Test Case 'Test Cases/Администратор/Отчет для тк' successfully

2022-02-25 09:12:18 - [TEST_STEP][PASSED] - click(findTestObject("Object Repository/Avangard New/Object (Администратор)/Case (Психофиз)/psyxofiz report")): Object: 'Object Repository/Avangard New/Object (Администратор)/Case (Психофиз)/psyxofiz report' is clicked on

2022-02-25 09:12:20 - [MESSAGE][PASSED] - Object: 'Object Repository/Avangard New/Object (Администратор)/Case (Психофиз)/psyxofiz report' is clicked on

2022-02-25 09:12:20 - [TEST_STEP][PASSED] - verifyElementText(findTestObject("Object Repository/Avangard New/Object (Администратор)/Case (Психофиз)/header report"), "ОТЧЕТ ПСИХОЛОГИЧЕСКОГО ПРОФИЛЯ"): Actual text and expected text of test object 'Object Repository/Avangard New/Object (Администратор)/Case (Психофиз)/header report' are matched.

2022-02-25 09:12:22 - [MESSAGE][PASSED] - Actual text and expected text of test object 'Object Repository/Avangard New/Object (Администратор)/Case (Психофиз)/header report' are matched.

2022-02-25 09:12:22 - [TEST_STEP][PASSED] - click(findTestObject("Object Repository/Avangard New/Object (Администратор)/Case (Психофиз)/scool")): Object: 'Object Repository/Avangard New/Object (Администратор)/Case (Психофиз)/scool' is clicked on

2022-02-25 09:12:24 - [MESSAGE][PASSED] - Object: 'Object Repository/Avangard New/Object (Администратор)/Case (Психофиз)/scool' is clicked on

2022-02-25 09:12:24 - [TEST_STEP][PASSED] - click(findTestObject("Object Repository/Avangard New/Object (Администратор)/Case (Психофиз)/div_")): Object: 'Object Repository/Avangard New/Object (Администратор)/Case (Психофиз)/div_' is clicked on

2022-02-25 09:12:26 - [MESSAGE][PASSED] - Object: 'Object Repository/Avangard New/Object (Администратор)/Case (Психофиз)/div_' is clicked on

2022-02-25 09:12:26 - [TEST_STEP][PASSED] - click(findTestObject("Object Repository/Avangard New/Object (Администратор)/Case (Психофиз)/team")): Object: 'Object Repository/Avangard New/Object (Администратор)/Case (Психофиз)/team' is clicked on

2022-02-25 09:12:29 - [MESSAGE][PASSED] - Object: 'Object Repository/Avangard New/Object (Администратор)/Case (Психофиз)/team' is clicked on

2022-02-25 09:12:29 - [TEST_STEP][PASSED] - click(findTestObject("Object Repository/Avangard New/Object (Администратор)/Case (Психофиз)/oya")): Object: 'Object Repository/Avangard New/Object (Администратор)/Case (Психофиз)/oya' is clicked on

2022-02-25 09:12:31 - [MESSAGE][PASSED] - Object: 'Object Repository/Avangard New/Object (Администратор)/Case (Психофиз)/oya' is clicked on

2022-02-25 09:12:31 - [TEST_STEP][PASSED] - setText(findTestObject("Object Repository/Avangard New/Object (Администратор)/Case (Психофиз)/input__ganin"), player_for_test): Text 'Ганин Данила' is set on object 'Object Repository/Avangard New/Object (Администратор)/Case (Психофиз)/input__ganin'

2022-02-25 09:12:35 - [MESSAGE][PASSED] - Text 'Ганин Данила' is set on object 'Object Repository/Avangard New/Object (Администратор)/Case (Психофиз)/input__ganin'

2022-02-25 09:12:35 - [TEST_STEP][PASSED] - sendKeys(findTestObject("Object Repository/admin/Global player"), Keys.chord(ENTER)): Keys 'ENTER + ' sent to object: 'Object Repository/admin/Global player'

2022-02-25 09:12:37 - [MESSAGE][PASSED] - Keys 'ENTER + ' sent to object: 'Object Repository/admin/Global player'

2022-02-25 09:12:37 - [TEST_STEP][PASSED] - click(findTestObject("Object Repository/Avangard New/Object (Администратор)/Case (Психофиз)/date")): Object: 'Object Repository/Avangard New/Object (Администратор)/Case (Психофиз)/date' is clicked on

2022-02-25 09:12:40 - [MESSAGE][PASSED] - Object: 'Object Repository/Avangard New/Object (Администратор)/Case (Психофиз)/date' is clicked on

2022-02-25 09:12:40 - [TEST_STEP][PASSED] - click(findTestObject("Object Repository/Avangard New/Object (Администратор)/Case (Психофиз)/date 14 01")): Object: 'Object Repository/Avangard New/Object (Администратор)/Case (Психофиз)/date 14 01' is clicked on

2022-02-25 09:12:42 - [MESSAGE][PASSED] - Object: 'Object Repository/Avangard New/Object (Администратор)/Case (Психофиз)/date 14 01' is clicked on

2022-02-25 09:12:42 - [TEST_STEP][PASSED] - scrollToElement(findTestObject("Avangard New/Object (Администратор)/Case (Психофиз)/reaction easy1"), 0): Scroll to object 'Object Repository/Avangard New/Object (Администратор)/Case (Психофиз)/reaction easy1' successfully

2022-02-25 09:12:42 - [MESSAGE][WARNING] - Timeout '0' is invalid. Using default page load timeout: '30'

2022-02-25 09:12:44 - [MESSAGE][PASSED] - Scroll to object 'Object Repository/Avangard New/Object (Администратор)/Case (Психофиз)/reaction easy1' successfully

2022-02-25 09:12:44 - [TEST_STEP][PASSED] - verifyElementText(findTestObject("Avangard New/Object (Администратор)/Case (Психофиз)/reaction easy1"), "Реакция на простой стимул"): Actual text and expected text of test object 'Object Repository/Avangard New/Object (Администратор)/Case (Психофиз)/reaction easy1' are matched.

2022-02-25 09:12:46 - [MESSAGE][PASSED] - Actual text and expected text of test object 'Object Repository/Avangard New/Object (Администратор)/Case (Психофиз)/reaction easy1' are matched.

2022-02-25 09:12:46 - [TEST_STEP][PASSED] - verifyElementText(findTestObject("Avangard New/Object (Администратор)/Case (Психофиз)/reaction hard1"), "Реакция на сложный стимул"): Actual text and expected text of test object 'Object Repository/Avangard New/Object (Администратор)/Case (Психофиз)/reaction hard1' are matched.

2022-02-25 09:12:48 - [MESSAGE][PASSED] - Actual text and expected text of test object 'Object Repository/Avangard New/Object (Администратор)/Case (Психофиз)/reaction hard1' are matched.

2022-02-25 09:12:48 - [TEST_STEP][PASSED] - scrollToElement(findTestObject("Object Repository/Avangard New/Object (Администратор)/Case (Психофиз)/season (1)"), 0): Scroll to object 'Object Repository/Avangard New/Object (Администратор)/Case (Психофиз)/season (1)' successfully

2022-02-25 09:12:48 - [MESSAGE][WARNING] - Timeout '0' is invalid. Using default page load timeout: '30'

2022-02-25 09:12:50 - [MESSAGE][PASSED] - Scroll to object 'Object Repository/Avangard New/Object (Администратор)/Case (Психофиз)/season (1)' successfully

2022-02-25 09:12:50 - [TEST_STEP][PASSED] - click(findTestObject("Object Repository/Avangard New/Object (Администратор)/Case (Психофиз)/topologic")): Object: 'Object Repository/Avangard New/Object (Администратор)/Case (Психофиз)/topologic' is clicked on

2022-02-25 09:12:52 - [MESSAGE][PASSED] - Object: 'Object Repository/Avangard New/Object (Администратор)/Case (Психофиз)/topologic' is clicked on

2022-02-25 09:12:52 - [TEST_STEP][PASSED] - click(findTestObject("Object Repository/Avangard New/Object (Администратор)/Case (Психофиз)/season (1)")): Object: 'Object Repository/Avangard New/Object (Администратор)/Case (Психофиз)/season (1)' is clicked on

2022-02-25 09:12:54 - [MESSAGE][PASSED] - Object: 'Object Repository/Avangard New/Object (Администратор)/Case (Психофиз)/season (1)' is clicked on

2022-02-25 09:12:54 - [TEST_STEP][PASSED] - click(findTestObject("Object Repository/Avangard New/Object (Администратор)/Case (Психофиз)/21-22")): Object: 'Object Repository/Avangard New/Object (Администратор)/Case (Психофиз)/21-22' is clicked on

2022-02-25 09:12:56 - [MESSAGE][PASSED] - Object: 'Object Repository/Avangard New/Object (Администратор)/Case (Психофиз)/21-22' is clicked on

2022-02-25 09:12:56 - [TEST_STEP][PASSED] - scrollToElement(findTestObject("Avangard New/Object (Администратор)/Case (Психофиз)/exstraversi"), 0): Scroll to object 'Object Repository/Avangard New/Object (Администратор)/Case (Психофиз)/exstraversi' successfully

2022-02-25 09:12:56 - [MESSAGE][WARNING] - Timeout '0' is invalid. Using default page load timeout: '30'

2022-02-25 09:12:58 - [MESSAGE][PASSED] - Scroll to object 'Object Repository/Avangard New/Object (Администратор)/Case (Психофиз)/exstraversi' successfully

2022-02-25 09:12:58 - [TEST_STEP][PASSED] - verifyElementText(findTestObject("Avangard New/Object (Администратор)/Case (Психофиз)/exstraversi"), "Экстраверсия"): Actual text and expected text of test object 'Object Repository/Avangard New/Object (Администратор)/Case (Психофиз)/exstraversi' are matched.

2022-02-25 09:13:00 - [MESSAGE][PASSED] - Actual text and expected text of test object 'Object Repository/Avangard New/Object (Администратор)/Case (Психофиз)/exstraversi' are matched.

2022-02-25 09:13:00 - [TEST_STEP][PASSED] - verifyElementText(findTestObject("Avangard New/Object (Администратор)/Case (Психофиз)/spontannost"), "Спонтанность"): Actual text and expected text of test object 'Object Repository/Avangard New/Object (Администратор)/Case (Психофиз)/spontannost' are matched.

2022-02-25 09:13:02 - [MESSAGE][PASSED] - Actual text and expected text of test object 'Object Repository/Avangard New/Object (Администратор)/Case (Психофиз)/spontannost' are matched.

2022-02-25 09:13:02 - [TEST_STEP][PASSED] - click(findTestObject("Object Repository/Avangard New/Object (Администратор)/Case (Психофиз)/home")): Object: 'Object Repository/Avangard New/Object (Администратор)/Case (Психофиз)/home' is clicked on

2022-02-25 09:13:04 - [MESSAGE][PASSED] - Object: 'Object Repository/Avangard New/Object (Администратор)/Case (Психофиз)/home' is clicked on

2022-02-25 09:13:04 - [TEST_STEP][PASSED] - closeBrowser(): Browser is closed

2022-02-25 09:13:04 - [MESSAGE][PASSED] - Browser is closed]]></system-out>
         <system-err><![CDATA[]]></system-err>
      </testcase>
      <testcase name="Test Cases/Администратор/ОТЧЕТЫ функциональные тесты/Отчет по играм за период" time="160.342" classname="Test Cases/Администратор/ОТЧЕТЫ функциональные тесты/Отчет по играм за период" status="PASSED">
         <system-out><![CDATA[2022-02-25 09:13:04 - [TEST_CASE][PASSED] - Test Cases/Администратор/ОТЧЕТЫ функциональные тесты/Отчет по играм за период: Test Cases/Администратор/ОТЧЕТЫ функциональные тесты/Отчет по играм за период

2022-02-25 09:13:06 - [TEST_STEP][PASSED] - callTestCase(findTestCase("Администратор/Отчет для тк"), [:], STOP_ON_FAILURE): Call Test Case 'Test Cases/Администратор/Отчет для тк' successfully

2022-02-25 09:13:06 - [TEST_CASE][PASSED] - Test Cases/Администратор/Отчет для тк: Test Cases/Администратор/Отчет для тк

2022-02-25 09:13:06 - [TEST_STEP][PASSED] - callTestCase(findTestCase("Администратор/Авторизация"), [:], STOP_ON_FAILURE): Call Test Case 'Test Cases/Администратор/Авторизация' successfully

2022-02-25 09:13:06 - [TEST_CASE][PASSED] - Test Cases/Администратор/Авторизация: Test Cases/Администратор/Авторизация

2022-02-25 09:13:06 - [TEST_STEP][PASSED] - openBrowser(""): Browser is opened with url: ''

2022-02-25 09:13:06 - [MESSAGE][INFO] - User set preference: ['os', 'linux']

2022-02-25 09:13:06 - [MESSAGE][INFO] - User set preference: ['browserName', 'chrome']

2022-02-25 09:13:06 - [MESSAGE][INFO] - User set preference: ['browserVersion', '97']

2022-02-25 09:13:06 - [MESSAGE][INFO] - User set preference: ['katalon:option', '{organizationId=564672, tunnelId=, usingTunnel=false}']

2022-02-25 09:13:06 - [MESSAGE][INFO] - Connecting to remote web server 'testcloud.katalon.com/hub' with type 'Selenium'

2022-02-25 09:13:06 - [MESSAGE][INFO] - Action delay is set to 100 milliseconds

2022-02-25 09:14:09 - [MESSAGE][PASSED] - Browser is opened with url: ''

2022-02-25 09:14:09 - [TEST_STEP][PASSED] - maximizeWindow(): Current window maximized

2022-02-25 09:14:10 - [MESSAGE][PASSED] - Current window maximized

2022-02-25 09:14:10 - [TEST_STEP][PASSED] - navigateToUrl(url): Navigate to 'https://stars-stage.hawk.ru:8080' successfully

2022-02-25 09:14:18 - [MESSAGE][PASSED] - Navigate to 'https://stars-stage.hawk.ru:8080' successfully

2022-02-25 09:14:18 - [TEST_STEP][PASSED] - setText(findTestObject("Object Repository/Page_/input__sc-lnrBVv eqPACj"), admin_login): Text 'TestAdmin@test.ru' is set on object 'Object Repository/Page_/input__sc-lnrBVv eqPACj'

2022-02-25 09:14:22 - [MESSAGE][PASSED] - Text 'TestAdmin@test.ru' is set on object 'Object Repository/Page_/input__sc-lnrBVv eqPACj'

2022-02-25 09:14:22 - [TEST_STEP][PASSED] - setText(findTestObject("Object Repository/Page_/input__sc-lnrBVv eqPACj_1"), admin_password): Text 'TestAdmin@test.ru' is set on object 'Object Repository/Page_/input__sc-lnrBVv eqPACj_1'

2022-02-25 09:14:26 - [MESSAGE][PASSED] - Text 'TestAdmin@test.ru' is set on object 'Object Repository/Page_/input__sc-lnrBVv eqPACj_1'

2022-02-25 09:14:26 - [TEST_STEP][PASSED] - click(findTestObject("Object Repository/Page_/go")): Object: 'Object Repository/Page_/go' is clicked on

2022-02-25 09:14:28 - [MESSAGE][PASSED] - Object: 'Object Repository/Page_/go' is clicked on

2022-02-25 09:14:28 - [MESSAGE][PASSED] - Call Test Case 'Test Cases/Администратор/Авторизация' successfully

2022-02-25 09:14:28 - [TEST_STEP][PASSED] - click(findTestObject("admin/reports/keys/reports/report")): Object: 'Object Repository/admin/reports/keys/reports/report' is clicked on

2022-02-25 09:14:47 - [MESSAGE][PASSED] - Object: 'Object Repository/admin/reports/keys/reports/report' is clicked on

2022-02-25 09:14:47 - [MESSAGE][PASSED] - Call Test Case 'Test Cases/Администратор/Отчет для тк' successfully

2022-02-25 09:14:47 - [TEST_STEP][PASSED] - click(findTestObject("Object Repository/admin/reports/period/Page_/div_")): Object: 'Object Repository/admin/reports/period/Page_/div_' is clicked on

2022-02-25 09:14:49 - [MESSAGE][PASSED] - Object: 'Object Repository/admin/reports/period/Page_/div_' is clicked on

2022-02-25 09:14:49 - [TEST_STEP][PASSED] - verifyTextPresent("ОТЧЕТ ПО ИГРАМ ЗА ПЕРИОД", true): Text 'ОТЧЕТ ПО ИГРАМ ЗА ПЕРИОД' is present on page  using regular expression

2022-02-25 09:14:51 - [MESSAGE][PASSED] - Text 'ОТЧЕТ ПО ИГРАМ ЗА ПЕРИОД' is present on page  using regular expression

2022-02-25 09:14:51 - [TEST_STEP][PASSED] - setText(findTestObject("Object Repository/admin/reports/period/Page_/input__react-select-2-input"), "академия"): Text 'академия' is set on object 'Object Repository/admin/reports/period/Page_/input__react-select-2-input'

2022-02-25 09:14:55 - [MESSAGE][PASSED] - Text 'академия' is set on object 'Object Repository/admin/reports/period/Page_/input__react-select-2-input'

2022-02-25 09:14:55 - [TEST_STEP][PASSED] - sendKeys(findTestObject("Object Repository/admin/reports/period/Page_/input__react-select-2-input"), Keys.chord(ENTER)): Keys 'ENTER + ' sent to object: 'Object Repository/admin/reports/period/Page_/input__react-select-2-input'

2022-02-25 09:14:57 - [MESSAGE][PASSED] - Keys 'ENTER + ' sent to object: 'Object Repository/admin/reports/period/Page_/input__react-select-2-input'

2022-02-25 09:14:57 - [TEST_STEP][PASSED] - setText(findTestObject("Object Repository/admin/reports/period/Page_/input__react-select-3-input"), school): Text 'Омские Ястребы' is set on object 'Object Repository/admin/reports/period/Page_/input__react-select-3-input'

2022-02-25 09:15:01 - [MESSAGE][PASSED] - Text 'Омские Ястребы' is set on object 'Object Repository/admin/reports/period/Page_/input__react-select-3-input'

2022-02-25 09:15:01 - [TEST_STEP][PASSED] - sendKeys(findTestObject("Object Repository/admin/reports/period/Page_/input__react-select-3-input"), Keys.chord(ENTER)): Keys 'ENTER + ' sent to object: 'Object Repository/admin/reports/period/Page_/input__react-select-3-input'

2022-02-25 09:15:03 - [MESSAGE][PASSED] - Keys 'ENTER + ' sent to object: 'Object Repository/admin/reports/period/Page_/input__react-select-3-input'

2022-02-25 09:15:03 - [TEST_STEP][PASSED] - setText(findTestObject("Object Repository/admin/reports/period/Page_/input_._year"), "2020"): Text '2020' is set on object 'Object Repository/admin/reports/period/Page_/input_._year'

2022-02-25 09:15:09 - [MESSAGE][PASSED] - Text '2020' is set on object 'Object Repository/admin/reports/period/Page_/input_._year'

2022-02-25 09:15:09 - [TEST_STEP][PASSED] - waitForElementNotPresent(findTestObject("Object Repository/admin/reports/period/Page_/img_ _sc-cMljjf KiCqS"), 0): Web element with id: 'Object Repository/admin/reports/period/Page_/img_ _sc-cMljjf KiCqS' located by 'By.xpath: //div[@id='root']/div/div/div[2]/div/div[2]/div/div/div/img' is not present after '30' second(s)

2022-02-25 09:15:10 - [MESSAGE][WARNING] - Timeout '0' is invalid. Using default page load timeout: '30'

2022-02-25 09:15:17 - [MESSAGE][PASSED] - Web element with id: 'Object Repository/admin/reports/period/Page_/img_ _sc-cMljjf KiCqS' located by 'By.xpath: //div[@id='root']/div/div/div[2]/div/div[2]/div/div/div/img' is not present after '30' second(s)

2022-02-25 09:15:17 - [TEST_STEP][PASSED] - verifyTextPresent("Управление командой со скамейки", true): Text 'Управление командой со скамейки' is present on page  using regular expression

2022-02-25 09:15:21 - [MESSAGE][PASSED] - Text 'Управление командой со скамейки' is present on page  using regular expression

2022-02-25 09:15:21 - [TEST_STEP][PASSED] - verifyTextPresent("Самоотверженность / воля к победе", true): Text 'Самоотверженность / воля к победе' is present on page  using regular expression

2022-02-25 09:15:25 - [MESSAGE][PASSED] - Text 'Самоотверженность / воля к победе' is present on page  using regular expression

2022-02-25 09:15:25 - [TEST_STEP][PASSED] - verifyTextPresent("СРЕДНЯЯ ОЦЕНКА", false): Text 'СРЕДНЯЯ ОЦЕНКА' is present on page 

2022-02-25 09:15:28 - [MESSAGE][PASSED] - Text 'СРЕДНЯЯ ОЦЕНКА' is present on page 

2022-02-25 09:15:28 - [TEST_STEP][PASSED] - verifyTextPresent("АТАКУЮЩИЕ ДЕЙСТВИЯ", false): Text 'АТАКУЮЩИЕ ДЕЙСТВИЯ' is present on page 

2022-02-25 09:15:32 - [MESSAGE][PASSED] - Text 'АТАКУЮЩИЕ ДЕЙСТВИЯ' is present on page 

2022-02-25 09:15:32 - [TEST_STEP][PASSED] - verifyTextPresent("ОБОРОНИТЕЛЬНЫЕ ДЕЙСТВИЯ", false): Text 'ОБОРОНИТЕЛЬНЫЕ ДЕЙСТВИЯ' is present on page 

2022-02-25 09:15:36 - [MESSAGE][PASSED] - Text 'ОБОРОНИТЕЛЬНЫЕ ДЕЙСТВИЯ' is present on page 

2022-02-25 09:15:36 - [TEST_STEP][PASSED] - verifyTextPresent("Защитник", false): Text 'Защитник' is present on page 

2022-02-25 09:15:39 - [MESSAGE][PASSED] - Text 'Защитник' is present on page 

2022-02-25 09:15:39 - [TEST_STEP][PASSED] - verifyTextPresent("Нападающий", false): Text 'Нападающий' is present on page 

2022-02-25 09:15:42 - [MESSAGE][PASSED] - Text 'Нападающий' is present on page 

2022-02-25 09:15:42 - [TEST_STEP][PASSED] - click(findTestObject("Object Repository/admin/reports/period/Page_/root")): Object: 'Object Repository/admin/reports/period/Page_/root' is clicked on

2022-02-25 09:15:44 - [MESSAGE][PASSED] - Object: 'Object Repository/admin/reports/period/Page_/root' is clicked on

2022-02-25 09:15:44 - [TEST_STEP][PASSED] - closeBrowser(): Browser is closed

2022-02-25 09:15:45 - [MESSAGE][PASSED] - Browser is closed]]></system-out>
         <system-err><![CDATA[]]></system-err>
      </testcase>
      <testcase name="Test Cases/Администратор/ОТЧЕТЫ функциональные тесты/Игровая статистика" time="105.981" classname="Test Cases/Администратор/ОТЧЕТЫ функциональные тесты/Игровая статистика" status="PASSED">
         <system-out><![CDATA[2022-02-25 09:15:45 - [TEST_CASE][PASSED] - Test Cases/Администратор/ОТЧЕТЫ функциональные тесты/Игровая статистика: Test Cases/Администратор/ОТЧЕТЫ функциональные тесты/Игровая статистика

2022-02-25 09:15:46 - [TEST_STEP][PASSED] - callTestCase(findTestCase("Администратор/Авторизация"), [:], STOP_ON_FAILURE): Call Test Case 'Test Cases/Администратор/Авторизация' successfully

2022-02-25 09:15:46 - [TEST_CASE][PASSED] - Test Cases/Администратор/Авторизация: Test Cases/Администратор/Авторизация

2022-02-25 09:15:46 - [TEST_STEP][PASSED] - openBrowser(""): Browser is opened with url: ''

2022-02-25 09:15:46 - [MESSAGE][INFO] - User set preference: ['os', 'linux']

2022-02-25 09:15:46 - [MESSAGE][INFO] - User set preference: ['browserName', 'chrome']

2022-02-25 09:15:46 - [MESSAGE][INFO] - User set preference: ['browserVersion', '97']

2022-02-25 09:15:46 - [MESSAGE][INFO] - User set preference: ['katalon:option', '{organizationId=564672, tunnelId=, usingTunnel=false}']

2022-02-25 09:15:46 - [MESSAGE][INFO] - Connecting to remote web server 'testcloud.katalon.com/hub' with type 'Selenium'

2022-02-25 09:15:46 - [MESSAGE][INFO] - Action delay is set to 100 milliseconds

2022-02-25 09:16:10 - [MESSAGE][PASSED] - Browser is opened with url: ''

2022-02-25 09:16:10 - [TEST_STEP][PASSED] - maximizeWindow(): Current window maximized

2022-02-25 09:16:10 - [MESSAGE][PASSED] - Current window maximized

2022-02-25 09:16:10 - [TEST_STEP][PASSED] - navigateToUrl(url): Navigate to 'https://stars-stage.hawk.ru:8080' successfully

2022-02-25 09:16:16 - [MESSAGE][PASSED] - Navigate to 'https://stars-stage.hawk.ru:8080' successfully

2022-02-25 09:16:16 - [TEST_STEP][PASSED] - setText(findTestObject("Object Repository/Page_/input__sc-lnrBVv eqPACj"), admin_login): Text 'TestAdmin@test.ru' is set on object 'Object Repository/Page_/input__sc-lnrBVv eqPACj'

2022-02-25 09:16:20 - [MESSAGE][PASSED] - Text 'TestAdmin@test.ru' is set on object 'Object Repository/Page_/input__sc-lnrBVv eqPACj'

2022-02-25 09:16:20 - [TEST_STEP][PASSED] - setText(findTestObject("Object Repository/Page_/input__sc-lnrBVv eqPACj_1"), admin_password): Text 'TestAdmin@test.ru' is set on object 'Object Repository/Page_/input__sc-lnrBVv eqPACj_1'

2022-02-25 09:16:24 - [MESSAGE][PASSED] - Text 'TestAdmin@test.ru' is set on object 'Object Repository/Page_/input__sc-lnrBVv eqPACj_1'

2022-02-25 09:16:24 - [TEST_STEP][PASSED] - click(findTestObject("Object Repository/Page_/go")): Object: 'Object Repository/Page_/go' is clicked on

2022-02-25 09:16:26 - [MESSAGE][PASSED] - Object: 'Object Repository/Page_/go' is clicked on

2022-02-25 09:16:26 - [MESSAGE][PASSED] - Call Test Case 'Test Cases/Администратор/Авторизация' successfully

2022-02-25 09:16:26 - [TEST_STEP][PASSED] - click(findTestObject("Object Repository/admin/reports/gamestat/reports/report")): Object: 'Object Repository/admin/reports/gamestat/reports/report' is clicked on

2022-02-25 09:16:43 - [MESSAGE][PASSED] - Object: 'Object Repository/admin/reports/gamestat/reports/report' is clicked on

2022-02-25 09:16:43 - [TEST_STEP][PASSED] - click(findTestObject("Object Repository/admin/reports/gamestat/Page_/stats_report")): Object: 'Object Repository/admin/reports/gamestat/Page_/stats_report' is clicked on

2022-02-25 09:16:45 - [MESSAGE][PASSED] - Object: 'Object Repository/admin/reports/gamestat/Page_/stats_report' is clicked on

2022-02-25 09:16:45 - [TEST_STEP][PASSED] - verifyTextPresent("ИГРОВАЯ СТАТИСТИКА", true): Text 'ИГРОВАЯ СТАТИСТИКА' is present on page  using regular expression

2022-02-25 09:16:47 - [MESSAGE][PASSED] - Text 'ИГРОВАЯ СТАТИСТИКА' is present on page  using regular expression

2022-02-25 09:16:47 - [TEST_STEP][PASSED] - click(findTestObject("Object Repository/admin/reports/gamestat/Page_/school")): Object: 'Object Repository/admin/reports/gamestat/Page_/school' is clicked on

2022-02-25 09:16:49 - [MESSAGE][PASSED] - Object: 'Object Repository/admin/reports/gamestat/Page_/school' is clicked on

2022-02-25 09:16:49 - [TEST_STEP][PASSED] - click(findTestObject("Object Repository/admin/reports/gamestat/Page_/Academy")): Object: 'Object Repository/admin/reports/gamestat/Page_/Academy' is clicked on

2022-02-25 09:16:51 - [MESSAGE][PASSED] - Object: 'Object Repository/admin/reports/gamestat/Page_/Academy' is clicked on

2022-02-25 09:16:51 - [TEST_STEP][PASSED] - click(findTestObject("Object Repository/admin/reports/gamestat/Page_/team")): Object: 'Object Repository/admin/reports/gamestat/Page_/team' is clicked on

2022-02-25 09:16:58 - [MESSAGE][PASSED] - Object: 'Object Repository/admin/reports/gamestat/Page_/team' is clicked on

2022-02-25 09:16:58 - [TEST_STEP][PASSED] - click(findTestObject("Object Repository/admin/reports/gamestat/Page_/varteam")): Object: 'Object Repository/admin/reports/gamestat/Page_/varteam' is clicked on

2022-02-25 09:17:00 - [MESSAGE][PASSED] - Object: 'Object Repository/admin/reports/gamestat/Page_/varteam' is clicked on

2022-02-25 09:17:00 - [TEST_STEP][PASSED] - click(findTestObject("Object Repository/admin/reports/gamestat/Page_/choseSeason")): Object: 'Object Repository/admin/reports/gamestat/Page_/choseSeason' is clicked on

2022-02-25 09:17:04 - [MESSAGE][PASSED] - Object: 'Object Repository/admin/reports/gamestat/Page_/choseSeason' is clicked on

2022-02-25 09:17:04 - [TEST_STEP][PASSED] - click(findTestObject("Object Repository/admin/reports/gamestat/Page_/div_21-22_1")): Object: 'Object Repository/admin/reports/gamestat/Page_/div_21-22_1' is clicked on

2022-02-25 09:17:06 - [MESSAGE][PASSED] - Object: 'Object Repository/admin/reports/gamestat/Page_/div_21-22_1' is clicked on

2022-02-25 09:17:06 - [TEST_STEP][PASSED] - takeFullPageScreenshot("C:\scr\" + school + "10.jpg"): Taking screenshot successfully

2022-02-25 09:17:12 - [MESSAGE][INFO] - 0 hidden object(s)

2022-02-25 09:17:12 - [MESSAGE][PASSED] - Taking screenshot successfully
[[ATTACHMENT|C:\scr\Омские Ястребы10.jpg]]

2022-02-25 09:17:12 - [TEST_STEP][PASSED] - verifyTextPresent("Матчи", true): Text 'Матчи' is present on page  using regular expression

2022-02-25 09:17:15 - [MESSAGE][PASSED] - Text 'Матчи' is present on page  using regular expression

2022-02-25 09:17:15 - [TEST_STEP][PASSED] - verifyTextPresent("Смены", true): Text 'Смены' is present on page  using regular expression

2022-02-25 09:17:17 - [MESSAGE][PASSED] - Text 'Смены' is present on page  using regular expression

2022-02-25 09:17:17 - [TEST_STEP][PASSED] - verifyTextPresent("Голы за", false): Text 'Голы за' is present on page 

2022-02-25 09:17:19 - [MESSAGE][PASSED] - Text 'Голы за' is present on page 

2022-02-25 09:17:19 - [TEST_STEP][PASSED] - verifyTextPresent("Голы против", false): Text 'Голы против' is present on page 

2022-02-25 09:17:22 - [MESSAGE][PASSED] - Text 'Голы против' is present on page 

2022-02-25 09:17:22 - [TEST_STEP][PASSED] - takeFullPageScreenshot("C:\scr\" + school + "11.jpg"): Taking screenshot successfully

2022-02-25 09:17:28 - [MESSAGE][INFO] - 0 hidden object(s)

2022-02-25 09:17:28 - [MESSAGE][PASSED] - Taking screenshot successfully
[[ATTACHMENT|C:\scr\Омские Ястребы11.jpg]]

2022-02-25 09:17:28 - [TEST_STEP][PASSED] - click(findTestObject("Object Repository/admin/reports/gamestat/Page_/root")): Object: 'Object Repository/admin/reports/gamestat/Page_/root' is clicked on

2022-02-25 09:17:30 - [MESSAGE][PASSED] - Object: 'Object Repository/admin/reports/gamestat/Page_/root' is clicked on

2022-02-25 09:17:30 - [TEST_STEP][PASSED] - closeBrowser(): Browser is closed

2022-02-25 09:17:31 - [MESSAGE][PASSED] - Browser is closed]]></system-out>
         <system-err><![CDATA[]]></system-err>
      </testcase>
      <testcase name="Test Cases/Администратор/Отчет для тк" time="59.697" classname="Test Cases/Администратор/Отчет для тк" status="PASSED">
         <system-out><![CDATA[2022-02-25 09:17:31 - [TEST_CASE][PASSED] - Test Cases/Администратор/Отчет для тк: Test Cases/Администратор/Отчет для тк

2022-02-25 09:17:31 - [TEST_STEP][PASSED] - callTestCase(findTestCase("Администратор/Авторизация"), [:], STOP_ON_FAILURE): Call Test Case 'Test Cases/Администратор/Авторизация' successfully

2022-02-25 09:17:31 - [TEST_CASE][PASSED] - Test Cases/Администратор/Авторизация: Test Cases/Администратор/Авторизация

2022-02-25 09:17:31 - [TEST_STEP][PASSED] - openBrowser(""): Browser is opened with url: ''

2022-02-25 09:17:31 - [MESSAGE][INFO] - User set preference: ['os', 'linux']

2022-02-25 09:17:31 - [MESSAGE][INFO] - User set preference: ['browserName', 'chrome']

2022-02-25 09:17:31 - [MESSAGE][INFO] - User set preference: ['browserVersion', '97']

2022-02-25 09:17:31 - [MESSAGE][INFO] - User set preference: ['katalon:option', '{organizationId=564672, tunnelId=, usingTunnel=false}']

2022-02-25 09:17:31 - [MESSAGE][INFO] - Connecting to remote web server 'testcloud.katalon.com/hub' with type 'Selenium'

2022-02-25 09:17:31 - [MESSAGE][INFO] - Action delay is set to 100 milliseconds

2022-02-25 09:17:52 - [MESSAGE][PASSED] - Browser is opened with url: ''

2022-02-25 09:17:52 - [TEST_STEP][PASSED] - maximizeWindow(): Current window maximized

2022-02-25 09:17:53 - [MESSAGE][PASSED] - Current window maximized

2022-02-25 09:17:53 - [TEST_STEP][PASSED] - navigateToUrl(url): Navigate to 'https://stars-stage.hawk.ru:8080' successfully

2022-02-25 09:17:59 - [MESSAGE][PASSED] - Navigate to 'https://stars-stage.hawk.ru:8080' successfully

2022-02-25 09:17:59 - [TEST_STEP][PASSED] - setText(findTestObject("Object Repository/Page_/input__sc-lnrBVv eqPACj"), admin_login): Text 'TestAdmin@test.ru' is set on object 'Object Repository/Page_/input__sc-lnrBVv eqPACj'

2022-02-25 09:18:03 - [MESSAGE][PASSED] - Text 'TestAdmin@test.ru' is set on object 'Object Repository/Page_/input__sc-lnrBVv eqPACj'

2022-02-25 09:18:03 - [TEST_STEP][PASSED] - setText(findTestObject("Object Repository/Page_/input__sc-lnrBVv eqPACj_1"), admin_password): Text 'TestAdmin@test.ru' is set on object 'Object Repository/Page_/input__sc-lnrBVv eqPACj_1'

2022-02-25 09:18:08 - [MESSAGE][PASSED] - Text 'TestAdmin@test.ru' is set on object 'Object Repository/Page_/input__sc-lnrBVv eqPACj_1'

2022-02-25 09:18:08 - [TEST_STEP][PASSED] - click(findTestObject("Object Repository/Page_/go")): Object: 'Object Repository/Page_/go' is clicked on

2022-02-25 09:18:10 - [MESSAGE][PASSED] - Object: 'Object Repository/Page_/go' is clicked on

2022-02-25 09:18:10 - [MESSAGE][PASSED] - Call Test Case 'Test Cases/Администратор/Авторизация' successfully

2022-02-25 09:18:10 - [TEST_STEP][PASSED] - click(findTestObject("admin/reports/keys/reports/report")): Object: 'Object Repository/admin/reports/keys/reports/report' is clicked on

2022-02-25 09:18:30 - [MESSAGE][PASSED] - Object: 'Object Repository/admin/reports/keys/reports/report' is clicked on]]></system-out>
         <system-err><![CDATA[]]></system-err>
      </testcase>
      <testcase name="Test Cases/Администратор/Команды" time="90.391" classname="Test Cases/Администратор/Команды" status="PASSED">
         <system-out><![CDATA[2022-02-25 09:18:31 - [TEST_CASE][PASSED] - Test Cases/Администратор/Команды: Test Cases/Администратор/Команды

2022-02-25 09:18:31 - [TEST_STEP][PASSED] - callTestCase(findTestCase("Администратор/Авторизация"), [:], STOP_ON_FAILURE): Call Test Case 'Test Cases/Администратор/Авторизация' successfully

2022-02-25 09:18:31 - [TEST_CASE][PASSED] - Test Cases/Администратор/Авторизация: Test Cases/Администратор/Авторизация

2022-02-25 09:18:31 - [TEST_STEP][PASSED] - openBrowser(""): Browser is opened with url: ''

2022-02-25 09:18:31 - [MESSAGE][WARNING] - A browser is already opened. Closing browser and opening a new one

2022-02-25 09:18:32 - [MESSAGE][INFO] - User set preference: ['os', 'linux']

2022-02-25 09:18:32 - [MESSAGE][INFO] - User set preference: ['browserName', 'chrome']

2022-02-25 09:18:32 - [MESSAGE][INFO] - User set preference: ['browserVersion', '97']

2022-02-25 09:18:32 - [MESSAGE][INFO] - User set preference: ['katalon:option', '{organizationId=564672, tunnelId=, usingTunnel=false}']

2022-02-25 09:18:32 - [MESSAGE][INFO] - Connecting to remote web server 'testcloud.katalon.com/hub' with type 'Selenium'

2022-02-25 09:18:32 - [MESSAGE][INFO] - Action delay is set to 100 milliseconds

2022-02-25 09:18:51 - [MESSAGE][PASSED] - Browser is opened with url: ''

2022-02-25 09:18:51 - [TEST_STEP][PASSED] - maximizeWindow(): Current window maximized

2022-02-25 09:18:52 - [MESSAGE][PASSED] - Current window maximized

2022-02-25 09:18:52 - [TEST_STEP][PASSED] - navigateToUrl(url): Navigate to 'https://stars-stage.hawk.ru:8080' successfully

2022-02-25 09:18:58 - [MESSAGE][PASSED] - Navigate to 'https://stars-stage.hawk.ru:8080' successfully

2022-02-25 09:18:58 - [TEST_STEP][PASSED] - setText(findTestObject("Object Repository/Page_/input__sc-lnrBVv eqPACj"), admin_login): Text 'TestAdmin@test.ru' is set on object 'Object Repository/Page_/input__sc-lnrBVv eqPACj'

2022-02-25 09:19:02 - [MESSAGE][PASSED] - Text 'TestAdmin@test.ru' is set on object 'Object Repository/Page_/input__sc-lnrBVv eqPACj'

2022-02-25 09:19:02 - [TEST_STEP][PASSED] - setText(findTestObject("Object Repository/Page_/input__sc-lnrBVv eqPACj_1"), admin_password): Text 'TestAdmin@test.ru' is set on object 'Object Repository/Page_/input__sc-lnrBVv eqPACj_1'

2022-02-25 09:19:06 - [MESSAGE][PASSED] - Text 'TestAdmin@test.ru' is set on object 'Object Repository/Page_/input__sc-lnrBVv eqPACj_1'

2022-02-25 09:19:06 - [TEST_STEP][PASSED] - click(findTestObject("Object Repository/Page_/go")): Object: 'Object Repository/Page_/go' is clicked on

2022-02-25 09:19:08 - [MESSAGE][PASSED] - Object: 'Object Repository/Page_/go' is clicked on

2022-02-25 09:19:08 - [MESSAGE][PASSED] - Call Test Case 'Test Cases/Администратор/Авторизация' successfully

2022-02-25 09:19:08 - [TEST_STEP][PASSED] - click(findTestObject("Object Repository/admin/school/Page_/Page_/teams")): Object: 'Object Repository/admin/school/Page_/Page_/teams' is clicked on

2022-02-25 09:19:26 - [MESSAGE][PASSED] - Object: 'Object Repository/admin/school/Page_/Page_/teams' is clicked on

2022-02-25 09:19:26 - [TEST_STEP][PASSED] - takeFullPageScreenshot("C:\scr\" + school + "4.jpg"): Taking screenshot successfully

2022-02-25 09:19:31 - [MESSAGE][INFO] - 0 hidden object(s)

2022-02-25 09:19:31 - [MESSAGE][PASSED] - Taking screenshot successfully
[[ATTACHMENT|C:\scr\Омские Ястребы4.jpg]]

2022-02-25 09:19:31 - [TEST_STEP][PASSED] - scrollToElement(findTestObject("Object Repository/admin/school/Page_/Page_/td_"), 0): Scroll to object 'Object Repository/admin/school/Page_/Page_/td_' successfully

2022-02-25 09:19:31 - [MESSAGE][WARNING] - Timeout '0' is invalid. Using default page load timeout: '30'

2022-02-25 09:19:33 - [MESSAGE][PASSED] - Scroll to object 'Object Repository/admin/school/Page_/Page_/td_' successfully

2022-02-25 09:19:33 - [TEST_STEP][PASSED] - click(findTestObject("Object Repository/admin/school/Page_/Page_/td_")): Object: 'Object Repository/admin/school/Page_/Page_/td_' is clicked on

2022-02-25 09:19:35 - [MESSAGE][PASSED] - Object: 'Object Repository/admin/school/Page_/Page_/td_' is clicked on

2022-02-25 09:19:35 - [TEST_STEP][PASSED] - takeFullPageScreenshot("C:\scr\" + school + "5.jpg"): Taking screenshot successfully

2022-02-25 09:19:40 - [MESSAGE][INFO] - 0 hidden object(s)

2022-02-25 09:19:40 - [MESSAGE][PASSED] - Taking screenshot successfully
[[ATTACHMENT|C:\scr\Омские Ястребы5.jpg]]

2022-02-25 09:19:40 - [TEST_STEP][PASSED] - verifyTextPresent("ИНФОРМАЦИЯ О КОМАНДЕ", false): Text 'ИНФОРМАЦИЯ О КОМАНДЕ' is present on page 

2022-02-25 09:19:42 - [MESSAGE][PASSED] - Text 'ИНФОРМАЦИЯ О КОМАНДЕ' is present on page 

2022-02-25 09:19:42 - [TEST_STEP][PASSED] - click(findTestObject("Object Repository/admin/school/Page_/Page_/all")): Object: 'Object Repository/admin/school/Page_/Page_/all' is clicked on

2022-02-25 09:19:44 - [MESSAGE][PASSED] - Object: 'Object Repository/admin/school/Page_/Page_/all' is clicked on

2022-02-25 09:19:44 - [TEST_STEP][PASSED] - click(findTestObject("Object Repository/admin/school/Page_/Page_/game-estimation")): Object: 'Object Repository/admin/school/Page_/Page_/game-estimation' is clicked on

2022-02-25 09:19:46 - [MESSAGE][PASSED] - Object: 'Object Repository/admin/school/Page_/Page_/game-estimation' is clicked on

2022-02-25 09:19:46 - [TEST_STEP][PASSED] - verifyTextPresent("ОЦЕНКА ИГРЫ ПО АМПЛУА", false): Text 'ОЦЕНКА ИГРЫ ПО АМПЛУА' is present on page 

2022-02-25 09:19:50 - [MESSAGE][PASSED] - Text 'ОЦЕНКА ИГРЫ ПО АМПЛУА' is present on page 

2022-02-25 09:19:50 - [TEST_STEP][PASSED] - verifyTextPresent("ОЦЕНКА ИГРЫ ПО КОМАНДЕ", false): Text 'ОЦЕНКА ИГРЫ ПО КОМАНДЕ' is present on page 

2022-02-25 09:19:52 - [MESSAGE][PASSED] - Text 'ОЦЕНКА ИГРЫ ПО КОМАНДЕ' is present on page 

2022-02-25 09:19:52 - [TEST_STEP][PASSED] - click(findTestObject("Object Repository/admin/school/Page_/Page_/lesson")): Object: 'Object Repository/admin/school/Page_/Page_/lesson' is clicked on

2022-02-25 09:19:54 - [MESSAGE][PASSED] - Object: 'Object Repository/admin/school/Page_/Page_/lesson' is clicked on

2022-02-25 09:19:54 - [TEST_STEP][PASSED] - verifyTextPresent("ДОБАВИТЬ МЕРОПРИЯТИЕ", false): Text 'ДОБАВИТЬ МЕРОПРИЯТИЕ' is present on page 

2022-02-25 09:19:58 - [MESSAGE][PASSED] - Text 'ДОБАВИТЬ МЕРОПРИЯТИЕ' is present on page 

2022-02-25 09:19:58 - [TEST_STEP][PASSED] - click(findTestObject("Object Repository/admin/school/Page_/Page_/div_")): Object: 'Object Repository/admin/school/Page_/Page_/div_' is clicked on

2022-02-25 09:20:00 - [MESSAGE][PASSED] - Object: 'Object Repository/admin/school/Page_/Page_/div_' is clicked on

2022-02-25 09:20:00 - [TEST_STEP][PASSED] - closeBrowser(): Browser is closed

2022-02-25 09:20:01 - [MESSAGE][PASSED] - Browser is closed]]></system-out>
         <system-err><![CDATA[]]></system-err>
      </testcase>
      <testcase name="Test Cases/Администратор/Документы (возможна проверка и под аккаунтом Менеджера)" time="77.448" classname="Test Cases/Администратор/Документы (возможна проверка и под аккаунтом Менеджера)" status="PASSED">
         <system-out><![CDATA[2022-02-25 09:20:01 - [TEST_CASE][PASSED] - Test Cases/Администратор/Документы (возможна проверка и под аккаунтом Менеджера): Test Cases/Администратор/Документы (возможна проверка и под аккаунтом Менеджера)

2022-02-25 09:20:02 - [TEST_STEP][PASSED] - callTestCase(findTestCase("Администратор/Авторизация"), [:], STOP_ON_FAILURE): Call Test Case 'Test Cases/Администратор/Авторизация' successfully

2022-02-25 09:20:02 - [TEST_CASE][PASSED] - Test Cases/Администратор/Авторизация: Test Cases/Администратор/Авторизация

2022-02-25 09:20:02 - [TEST_STEP][PASSED] - openBrowser(""): Browser is opened with url: ''

2022-02-25 09:20:02 - [MESSAGE][INFO] - User set preference: ['os', 'linux']

2022-02-25 09:20:02 - [MESSAGE][INFO] - User set preference: ['browserName', 'chrome']

2022-02-25 09:20:02 - [MESSAGE][INFO] - User set preference: ['browserVersion', '97']

2022-02-25 09:20:02 - [MESSAGE][INFO] - User set preference: ['katalon:option', '{organizationId=564672, tunnelId=, usingTunnel=false}']

2022-02-25 09:20:02 - [MESSAGE][INFO] - Connecting to remote web server 'testcloud.katalon.com/hub' with type 'Selenium'

2022-02-25 09:20:02 - [MESSAGE][INFO] - Action delay is set to 100 milliseconds

2022-02-25 09:20:21 - [MESSAGE][PASSED] - Browser is opened with url: ''

2022-02-25 09:20:21 - [TEST_STEP][PASSED] - maximizeWindow(): Current window maximized

2022-02-25 09:20:21 - [MESSAGE][PASSED] - Current window maximized

2022-02-25 09:20:21 - [TEST_STEP][PASSED] - navigateToUrl(url): Navigate to 'https://stars-stage.hawk.ru:8080' successfully

2022-02-25 09:20:29 - [MESSAGE][PASSED] - Navigate to 'https://stars-stage.hawk.ru:8080' successfully

2022-02-25 09:20:29 - [TEST_STEP][PASSED] - setText(findTestObject("Object Repository/Page_/input__sc-lnrBVv eqPACj"), admin_login): Text 'TestAdmin@test.ru' is set on object 'Object Repository/Page_/input__sc-lnrBVv eqPACj'

2022-02-25 09:20:33 - [MESSAGE][PASSED] - Text 'TestAdmin@test.ru' is set on object 'Object Repository/Page_/input__sc-lnrBVv eqPACj'

2022-02-25 09:20:33 - [TEST_STEP][PASSED] - setText(findTestObject("Object Repository/Page_/input__sc-lnrBVv eqPACj_1"), admin_password): Text 'TestAdmin@test.ru' is set on object 'Object Repository/Page_/input__sc-lnrBVv eqPACj_1'

2022-02-25 09:20:37 - [MESSAGE][PASSED] - Text 'TestAdmin@test.ru' is set on object 'Object Repository/Page_/input__sc-lnrBVv eqPACj_1'

2022-02-25 09:20:37 - [TEST_STEP][PASSED] - click(findTestObject("Object Repository/Page_/go")): Object: 'Object Repository/Page_/go' is clicked on

2022-02-25 09:20:39 - [MESSAGE][PASSED] - Object: 'Object Repository/Page_/go' is clicked on

2022-02-25 09:20:39 - [MESSAGE][PASSED] - Call Test Case 'Test Cases/Администратор/Авторизация' successfully

2022-02-25 09:20:39 - [TEST_STEP][PASSED] - click(findTestObject("Avangard New/Object (Администратор)/documents (вкладка документы)")): Object: 'Object Repository/Avangard New/Object (Администратор)/documents (вкладка документы)' is clicked on

2022-02-25 09:20:59 - [MESSAGE][PASSED] - Object: 'Object Repository/Avangard New/Object (Администратор)/documents (вкладка документы)' is clicked on

2022-02-25 09:20:59 - [TEST_STEP][PASSED] - waitForPageLoad(10): Wait for page load successfully

2022-02-25 09:20:59 - [MESSAGE][PASSED] - Wait for page load successfully

2022-02-25 09:20:59 - [TEST_STEP][PASSED] - click(findTestObject("Avangard New/Object (Администратор)/document (нажать на документ)")): Object: 'Object Repository/Avangard New/Object (Администратор)/document (нажать на документ)' is clicked on

2022-02-25 09:21:02 - [MESSAGE][PASSED] - Object: 'Object Repository/Avangard New/Object (Администратор)/document (нажать на документ)' is clicked on

2022-02-25 09:21:02 - [TEST_STEP][PASSED] - verifyElementClickable(findTestObject("Avangard New/Object (Администратор)/button download")): Object 'Object Repository/Avangard New/Object (Администратор)/button download' is clickable

2022-02-25 09:21:04 - [MESSAGE][PASSED] - Object 'Object Repository/Avangard New/Object (Администратор)/button download' is clickable

2022-02-25 09:21:04 - [TEST_STEP][PASSED] - sendKeys(findTestObject("Avangard New/Object (Администратор)/button download"), Keys.chord(ESCAPE)): Keys 'ESCAPE + ' sent to object: 'Object Repository/Avangard New/Object (Администратор)/button download'

2022-02-25 09:21:06 - [MESSAGE][PASSED] - Keys 'ESCAPE + ' sent to object: 'Object Repository/Avangard New/Object (Администратор)/button download'

2022-02-25 09:21:06 - [TEST_STEP][PASSED] - scrollToElement(findTestObject("admin/documents/documents (4)/add"), 0, OPTIONAL): Scroll to object 'Object Repository/admin/documents/documents (4)/add' successfully

2022-02-25 09:21:06 - [MESSAGE][WARNING] - Timeout '0' is invalid. Using default page load timeout: '30'

2022-02-25 09:21:08 - [MESSAGE][PASSED] - Scroll to object 'Object Repository/admin/documents/documents (4)/add' successfully

2022-02-25 09:21:08 - [TEST_STEP][PASSED] - while (verifyElementVisible(findTestObject("admin/documents/Page_/add"), OPTIONAL) == true): null

2022-02-25 09:21:10 - [MESSAGE][PASSED] - Object 'Object Repository/admin/documents/Page_/add' is visible

2022-02-25 09:21:10 - [TEST_STEP][PASSED] - click(findTestObject("admin/documents/documents (4)/add")): Object: 'Object Repository/admin/documents/documents (4)/add' is clicked on

2022-02-25 09:21:12 - [MESSAGE][PASSED] - Object: 'Object Repository/admin/documents/documents (4)/add' is clicked on

2022-02-25 09:21:12 - [TEST_STEP][PASSED] - verifyElementVisible(findTestObject("admin/documents/Page_/div_    05.02.21")): Object 'Object Repository/admin/documents/Page_/div_    05.02.21' is visible

2022-02-25 09:21:14 - [MESSAGE][PASSED] - Object 'Object Repository/admin/documents/Page_/div_    05.02.21' is visible

2022-02-25 09:21:14 - [TEST_STEP][PASSED] - click(findTestObject("admin/documents/Page_/div_ _sidebar__overlay sidebar__overlay_visible")): Object: 'Object Repository/admin/documents/Page_/div_ _sidebar__overlay sidebar__overlay_visible' is clicked on

2022-02-25 09:21:16 - [MESSAGE][PASSED] - Object: 'Object Repository/admin/documents/Page_/div_ _sidebar__overlay sidebar__overlay_visible' is clicked on

2022-02-25 09:21:16 - [TEST_STEP][PASSED] - break: null

2022-02-25 09:21:16 - [TEST_STEP][PASSED] - click(findTestObject("Avangard New/Object (Администратор)/home (вкладка главная)")): Object: 'Object Repository/Avangard New/Object (Администратор)/home (вкладка главная)' is clicked on

2022-02-25 09:21:18 - [MESSAGE][PASSED] - Object: 'Object Repository/Avangard New/Object (Администратор)/home (вкладка главная)' is clicked on

2022-02-25 09:21:18 - [TEST_STEP][PASSED] - closeBrowser(): Browser is closed

2022-02-25 09:21:18 - [MESSAGE][PASSED] - Browser is closed]]></system-out>
         <system-err><![CDATA[]]></system-err>
      </testcase>
      <testcase name="Test Cases/Администратор/Авторизация" time="52.54" classname="Test Cases/Администратор/Авторизация" status="PASSED">
         <system-out><![CDATA[2022-02-25 09:21:18 - [TEST_CASE][PASSED] - Test Cases/Администратор/Авторизация: Test Cases/Администратор/Авторизация

2022-02-25 09:21:18 - [TEST_STEP][PASSED] - openBrowser(""): Browser is opened with url: ''

2022-02-25 09:21:18 - [MESSAGE][INFO] - User set preference: ['os', 'linux']

2022-02-25 09:21:18 - [MESSAGE][INFO] - User set preference: ['browserName', 'chrome']

2022-02-25 09:21:18 - [MESSAGE][INFO] - User set preference: ['browserVersion', '97']

2022-02-25 09:21:18 - [MESSAGE][INFO] - User set preference: ['katalon:option', '{organizationId=564672, tunnelId=, usingTunnel=false}']

2022-02-25 09:21:18 - [MESSAGE][INFO] - Connecting to remote web server 'testcloud.katalon.com/hub' with type 'Selenium'

2022-02-25 09:21:19 - [MESSAGE][INFO] - Action delay is set to 100 milliseconds

2022-02-25 09:21:51 - [MESSAGE][PASSED] - Browser is opened with url: ''

2022-02-25 09:21:51 - [TEST_STEP][PASSED] - maximizeWindow(): Current window maximized

2022-02-25 09:21:52 - [MESSAGE][PASSED] - Current window maximized

2022-02-25 09:21:52 - [TEST_STEP][PASSED] - navigateToUrl(url): Navigate to 'https://stars-stage.hawk.ru:8080' successfully

2022-02-25 09:22:01 - [MESSAGE][PASSED] - Navigate to 'https://stars-stage.hawk.ru:8080' successfully

2022-02-25 09:22:01 - [TEST_STEP][PASSED] - setText(findTestObject("Object Repository/Page_/input__sc-lnrBVv eqPACj"), admin_login): Text 'TestAdmin@test.ru' is set on object 'Object Repository/Page_/input__sc-lnrBVv eqPACj'

2022-02-25 09:22:05 - [MESSAGE][PASSED] - Text 'TestAdmin@test.ru' is set on object 'Object Repository/Page_/input__sc-lnrBVv eqPACj'

2022-02-25 09:22:05 - [TEST_STEP][PASSED] - setText(findTestObject("Object Repository/Page_/input__sc-lnrBVv eqPACj_1"), admin_password): Text 'TestAdmin@test.ru' is set on object 'Object Repository/Page_/input__sc-lnrBVv eqPACj_1'

2022-02-25 09:22:09 - [MESSAGE][PASSED] - Text 'TestAdmin@test.ru' is set on object 'Object Repository/Page_/input__sc-lnrBVv eqPACj_1'

2022-02-25 09:22:09 - [TEST_STEP][PASSED] - click(findTestObject("Object Repository/Page_/go")): Object: 'Object Repository/Page_/go' is clicked on

2022-02-25 09:22:11 - [MESSAGE][PASSED] - Object: 'Object Repository/Page_/go' is clicked on]]></system-out>
         <system-err><![CDATA[]]></system-err>
      </testcase>
      <system-out><![CDATA[2022-02-25 08:54:22 - [TEST_SUITE][PASSED] - Администратор: Test Cases/Администратор/Авторизация]]></system-out>
      <system-err><![CDATA[]]></system-err>
   </testsuite>
   <testsuite name="Администратор" tests="13" failures="1" errors="0" time="1785.331" skipped="0" timestamp="2022-02-25 08:54:22" hostname="LENOVO - DESKTOP-KNHN0AA" id="Test Suites/Администратор">
      <properties>
         <property name="deviceName" value=""/>
         <property name="devicePlatform" value=""/>
         <property name="logFolder" value="C:\\Users\\LENOVO\\Katalon Studio\\Avangard\\Reports\\20220225_085350\\\u0410\u0434\u043C\u0438\u043D\u0438\u0441\u0442\u0440\u0430\u0442\u043E\u0440\\20220225_085355"/>
         <property name="logFiles" value="C:\\Users\\LENOVO\\Katalon Studio\\Avangard\\Reports\\20220225_085350\\\u0410\u0434\u043C\u0438\u043D\u0438\u0441\u0442\u0440\u0430\u0442\u043E\u0440\\20220225_085355\\execution0.log"/>
         <property name="attachments" value="C:\scr\Авангард-200543.jpg, C:\scr\Авангард-200544.jpg, C:\scr\Авангард-200545.jpg, C:\scr\Авангард-200547.jpg, C:\scr\Авангард-200548.jpg, C:\scr\Авангард-200541.jpg, C:\scr\Авангард-200542.jpg, C:\scr\Авангард-200534.jpg, C:\scr\Авангард-200537.jpg, C:\scr\Авангард-200539.jpg, C:\scr\Авангард-200540.jpg, C:\scr\Авангард-200538.jpg, C:\scr\Авангард-200533.jpg, C:\scr\Авангард-200529.jpg, C:\scr\Авангард-200530.jpg, C:\\Users\\LENOVO\\Katalon Studio\\Avangard\\Reports\\20220225_085350\\\u0410\u0434\u043C\u0438\u043D\u0438\u0441\u0442\u0440\u0430\u0442\u043E\u0440\\20220225_085355\\1645769742059.png, C:\scr\Авангард-200510.jpg, C:\scr\Авангард-200511.jpg, C:\scr\Авангард-20054.jpg, C:\scr\Авангард-20055.jpg"/>
         <property name="hostName" value="LENOVO - DESKTOP-KNHN0AA"/>
         <property name="remoteDriverUrl" value="testcloud.katalon.com/hub"/>
         <property name="desiredCapabilities" value="{
  &quot;acceptInsecureCerts&quot;: false,
  &quot;browserName&quot;: &quot;chrome&quot;,
  &quot;browserVersion&quot;: &quot;97.0.4692.71&quot;,
  &quot;chrome&quot;: {
    &quot;chromedriverVersion&quot;: &quot;97.0.4692.71 (adefa7837d02a07a604c1e6eff0b3a09422ab88d-refs/branch-heads/4692@{#1247})&quot;,
    &quot;userDataDir&quot;: &quot;/tmp/.com.google.Chrome.ojy9s4&quot;
  },
  &quot;goog:chromeOptions&quot;: {
    &quot;debuggerAddress&quot;: &quot;localhost:40807&quot;
  },
  &quot;javascriptEnabled&quot;: true,
  &quot;networkConnectionEnabled&quot;: false,
  &quot;pageLoadStrategy&quot;: &quot;normal&quot;,
  &quot;platform&quot;: &quot;LINUX&quot;,
  &quot;platformName&quot;: &quot;LINUX&quot;,
  &quot;proxy&quot;: {
    &quot;proxyType&quot;: &quot;DIRECT&quot;,
    &quot;autodetect&quot;: false
  },
  &quot;se:cdp&quot;: &quot;ws://172.48.131.48:4444/session/d7da49032117b84d4c6b21062226f9d0/se/cdp&quot;,
  &quot;se:cdpVersion&quot;: &quot;97.0.4692.71&quot;,
  &quot;se:vnc&quot;: &quot;ws://172.48.131.48:4444/session/d7da49032117b84d4c6b21062226f9d0/se/vnc&quot;,
  &quot;se:vncEnabled&quot;: true,
  &quot;se:vncLocalAddress&quot;: &quot;ws://172.48.131.48:7900&quot;,
  &quot;setWindowRect&quot;: true,
  &quot;strictFileInteractability&quot;: false,
  &quot;timeouts&quot;: {
    &quot;implicit&quot;: 0,
    &quot;pageLoad&quot;: 300000,
    &quot;script&quot;: 30000
  },
  &quot;unhandledPromptBehavior&quot;: &quot;dismiss and notify&quot;,
  &quot;webauthn:extension:credBlob&quot;: true,
  &quot;webauthn:extension:largeBlob&quot;: true,
  &quot;webauthn:virtualAuthenticators&quot;: true
}"/>
         <property name="os" value="Windows 10 64bit"/>
         <property name="remoteOS" value="Linux"/>
         <property name="katalonVersion" value="8.2.5.208"/>
         <property name="browser" value="Chrome 97.0.4692.71"/>
         <property name="hostAddress" value="192.168.2.113"/>
         <property name="sessionId" value="d7da49032117b84d4c6b21062226f9d0"/>
         <property name="seleniumVersion" value="3.141.59"/>
         <property name="proxyInformation" value="ProxyInformation { proxyOption=NO_PROXY, proxyServerType=HTTP, username=, password=********, proxyServerAddress=, proxyServerPort=0, executionList=&quot;&quot;, isApplyToDesiredCapabilities=true }"/>
         <property name="platform" value="Windows 10"/>
      </properties>
      <testcase name="Test Cases/Администратор/Школы" time="249.943" classname="Test Cases/Администратор/Школы" status="PASSED">
         <system-out><![CDATA[2022-02-25 08:54:24 - [TEST_CASE][PASSED] - Test Cases/Администратор/Школы: Test Cases/Администратор/Школы

2022-02-25 08:54:29 - [TEST_STEP][PASSED] - callTestCase(findTestCase("Администратор/Авторизация"), [:], STOP_ON_FAILURE): Call Test Case 'Test Cases/Администратор/Авторизация' successfully

2022-02-25 08:54:29 - [TEST_CASE][PASSED] - Test Cases/Администратор/Авторизация: Test Cases/Администратор/Авторизация

2022-02-25 08:54:33 - [TEST_STEP][PASSED] - openBrowser(""): Browser is opened with url: ''

2022-02-25 08:54:34 - [MESSAGE][INFO] - User set preference: ['os', 'linux']

2022-02-25 08:54:34 - [MESSAGE][INFO] - User set preference: ['browserName', 'chrome']

2022-02-25 08:54:34 - [MESSAGE][INFO] - User set preference: ['browserVersion', '97']

2022-02-25 08:54:34 - [MESSAGE][INFO] - User set preference: ['katalon:option', '{organizationId=564672, tunnelId=, usingTunnel=false}']

2022-02-25 08:54:34 - [MESSAGE][INFO] - Connecting to remote web server 'testcloud.katalon.com/hub' with type 'Selenium'

2022-02-25 08:54:37 - [MESSAGE][INFO] - Action delay is set to 100 milliseconds

2022-02-25 08:56:55 - [MESSAGE][PASSED] - Browser is opened with url: ''

2022-02-25 08:56:55 - [TEST_STEP][PASSED] - maximizeWindow(): Current window maximized

2022-02-25 08:56:55 - [MESSAGE][PASSED] - Current window maximized

2022-02-25 08:56:55 - [TEST_STEP][PASSED] - navigateToUrl(url): Navigate to 'https://stars-stage.hawk.ru:8080' successfully

2022-02-25 08:57:02 - [MESSAGE][PASSED] - Navigate to 'https://stars-stage.hawk.ru:8080' successfully

2022-02-25 08:57:02 - [TEST_STEP][PASSED] - setText(findTestObject("Object Repository/Page_/input__sc-lnrBVv eqPACj"), admin_login): Text 'TestAdmin@test.ru' is set on object 'Object Repository/Page_/input__sc-lnrBVv eqPACj'

2022-02-25 08:57:07 - [MESSAGE][PASSED] - Text 'TestAdmin@test.ru' is set on object 'Object Repository/Page_/input__sc-lnrBVv eqPACj'

2022-02-25 08:57:07 - [TEST_STEP][PASSED] - setText(findTestObject("Object Repository/Page_/input__sc-lnrBVv eqPACj_1"), admin_password): Text 'TestAdmin@test.ru' is set on object 'Object Repository/Page_/input__sc-lnrBVv eqPACj_1'

2022-02-25 08:57:11 - [MESSAGE][PASSED] - Text 'TestAdmin@test.ru' is set on object 'Object Repository/Page_/input__sc-lnrBVv eqPACj_1'

2022-02-25 08:57:11 - [TEST_STEP][PASSED] - click(findTestObject("Object Repository/Page_/go")): Object: 'Object Repository/Page_/go' is clicked on

2022-02-25 08:57:13 - [MESSAGE][PASSED] - Object: 'Object Repository/Page_/go' is clicked on

2022-02-25 08:57:13 - [MESSAGE][PASSED] - Call Test Case 'Test Cases/Администратор/Авторизация' successfully

2022-02-25 08:57:13 - [TEST_STEP][PASSED] - click(findTestObject("Object Repository/admin/school/schools/schools")): Object: 'Object Repository/admin/school/schools/schools' is clicked on

2022-02-25 08:57:37 - [MESSAGE][PASSED] - Object: 'Object Repository/admin/school/schools/schools' is clicked on

2022-02-25 08:57:37 - [TEST_STEP][PASSED] - takeFullPageScreenshot("C:\scr\" + school + "43.jpg"): Taking screenshot successfully

2022-02-25 08:57:42 - [MESSAGE][INFO] - 0 hidden object(s)

2022-02-25 08:57:43 - [MESSAGE][PASSED] - Taking screenshot successfully
[[ATTACHMENT|C:\scr\Авангард-200543.jpg]]

2022-02-25 08:57:43 - [TEST_STEP][PASSED] - click(findTestObject("Object Repository/admin/school/Page_/div_")): Object: 'Object Repository/admin/school/Page_/div_' is clicked on

2022-02-25 08:57:46 - [MESSAGE][PASSED] - Object: 'Object Repository/admin/school/Page_/div_' is clicked on

2022-02-25 08:57:46 - [TEST_STEP][PASSED] - scrollToElement(findTestObject("Object Repository/admin/school/Page_/players"), 0): Scroll to object 'Object Repository/admin/school/Page_/players' successfully

2022-02-25 08:57:46 - [MESSAGE][WARNING] - Timeout '0' is invalid. Using default page load timeout: '30'

2022-02-25 08:57:51 - [MESSAGE][PASSED] - Scroll to object 'Object Repository/admin/school/Page_/players' successfully

2022-02-25 08:57:51 - [TEST_STEP][PASSED] - click(findTestObject("Object Repository/admin/school/Page_/players")): Object: 'Object Repository/admin/school/Page_/players' is clicked on

2022-02-25 08:57:53 - [MESSAGE][PASSED] - Object: 'Object Repository/admin/school/Page_/players' is clicked on

2022-02-25 08:57:53 - [TEST_STEP][PASSED] - takeFullPageScreenshot("C:\scr\" + school + "44.jpg"): Taking screenshot successfully

2022-02-25 08:57:58 - [MESSAGE][INFO] - 0 hidden object(s)

2022-02-25 08:57:58 - [MESSAGE][PASSED] - Taking screenshot successfully
[[ATTACHMENT|C:\scr\Авангард-200544.jpg]]

2022-02-25 08:57:58 - [TEST_STEP][PASSED] - click(findTestObject("Object Repository/admin/school/Page_/team")): Object: 'Object Repository/admin/school/Page_/team' is clicked on

2022-02-25 08:58:01 - [MESSAGE][PASSED] - Object: 'Object Repository/admin/school/Page_/team' is clicked on

2022-02-25 08:58:01 - [TEST_STEP][PASSED] - takeFullPageScreenshot("C:\scr\" + school + "45.jpg"): Taking screenshot successfully

2022-02-25 08:58:05 - [MESSAGE][INFO] - 0 hidden object(s)

2022-02-25 08:58:06 - [MESSAGE][PASSED] - Taking screenshot successfully
[[ATTACHMENT|C:\scr\Авангард-200545.jpg]]

2022-02-25 08:58:06 - [TEST_STEP][PASSED] - click(findTestObject("Object Repository/admin/school/Page_/omsk")): Object: 'Object Repository/admin/school/Page_/omsk' is clicked on

2022-02-25 08:58:08 - [MESSAGE][PASSED] - Object: 'Object Repository/admin/school/Page_/omsk' is clicked on

2022-02-25 08:58:08 - [TEST_STEP][PASSED] - click(findTestObject("Object Repository/admin/school/Page_/edit")): Object: 'Object Repository/admin/school/Page_/edit' is clicked on

2022-02-25 08:58:11 - [MESSAGE][PASSED] - Object: 'Object Repository/admin/school/Page_/edit' is clicked on

2022-02-25 08:58:11 - [TEST_STEP][PASSED] - takeFullPageScreenshot("C:\scr\" + school + "47.jpg"): Taking screenshot successfully

2022-02-25 08:58:16 - [MESSAGE][INFO] - 0 hidden object(s)

2022-02-25 08:58:17 - [MESSAGE][PASSED] - Taking screenshot successfully
[[ATTACHMENT|C:\scr\Авангард-200547.jpg]]

2022-02-25 08:58:17 - [TEST_STEP][PASSED] - click(findTestObject("Object Repository/admin/school/Page_/allplayer")): Object: 'Object Repository/admin/school/Page_/allplayer' is clicked on

2022-02-25 08:58:19 - [MESSAGE][PASSED] - Object: 'Object Repository/admin/school/Page_/allplayer' is clicked on

2022-02-25 08:58:19 - [TEST_STEP][PASSED] - takeFullPageScreenshot("C:\scr\" + school + "48.jpg"): Taking screenshot successfully

2022-02-25 08:58:24 - [MESSAGE][INFO] - 0 hidden object(s)

2022-02-25 08:58:24 - [MESSAGE][PASSED] - Taking screenshot successfully
[[ATTACHMENT|C:\scr\Авангард-200548.jpg]]

2022-02-25 08:58:24 - [TEST_STEP][PASSED] - click(findTestObject("Object Repository/admin/school/Page_/groups")): Object: 'Object Repository/admin/school/Page_/groups' is clicked on

2022-02-25 08:58:26 - [MESSAGE][PASSED] - Object: 'Object Repository/admin/school/Page_/groups' is clicked on

2022-02-25 08:58:26 - [TEST_STEP][PASSED] - click(findTestObject("manager/schools/overlay"), CONTINUE_ON_FAILURE): Object: 'Object Repository/manager/schools/overlay' is clicked on

2022-02-25 08:58:31 - [MESSAGE][PASSED] - Object: 'Object Repository/manager/schools/overlay' is clicked on

2022-02-25 08:58:31 - [TEST_STEP][PASSED] - click(findTestObject("Object Repository/admin/school/Page_/root")): Object: 'Object Repository/admin/school/Page_/root' is clicked on

2022-02-25 08:58:34 - [MESSAGE][PASSED] - Object: 'Object Repository/admin/school/Page_/root' is clicked on

2022-02-25 08:58:34 - [TEST_STEP][PASSED] - closeBrowser(): Browser is closed

2022-02-25 08:58:34 - [MESSAGE][PASSED] - Browser is closed]]></system-out>
         <system-err><![CDATA[]]></system-err>
      </testcase>
      <testcase name="Test Cases/Администратор/Тренеры" time="202.749" classname="Test Cases/Администратор/Тренеры" status="PASSED">
         <system-out><![CDATA[2022-02-25 08:58:34 - [TEST_CASE][PASSED] - Test Cases/Администратор/Тренеры: Test Cases/Администратор/Тренеры

2022-02-25 08:58:35 - [TEST_STEP][PASSED] - callTestCase(findTestCase("Администратор/Авторизация"), [:], STOP_ON_FAILURE): Call Test Case 'Test Cases/Администратор/Авторизация' successfully

2022-02-25 08:58:35 - [TEST_CASE][PASSED] - Test Cases/Администратор/Авторизация: Test Cases/Администратор/Авторизация

2022-02-25 08:58:35 - [TEST_STEP][PASSED] - openBrowser(""): Browser is opened with url: ''

2022-02-25 08:58:35 - [MESSAGE][INFO] - User set preference: ['os', 'linux']

2022-02-25 08:58:35 - [MESSAGE][INFO] - User set preference: ['browserName', 'chrome']

2022-02-25 08:58:35 - [MESSAGE][INFO] - User set preference: ['browserVersion', '97']

2022-02-25 08:58:35 - [MESSAGE][INFO] - User set preference: ['katalon:option', '{organizationId=564672, tunnelId=, usingTunnel=false}']

2022-02-25 08:58:35 - [MESSAGE][INFO] - Connecting to remote web server 'testcloud.katalon.com/hub' with type 'Selenium'

2022-02-25 08:58:35 - [MESSAGE][INFO] - Action delay is set to 100 milliseconds

2022-02-25 09:00:52 - [MESSAGE][PASSED] - Browser is opened with url: ''

2022-02-25 09:00:52 - [TEST_STEP][PASSED] - maximizeWindow(): Current window maximized

2022-02-25 09:00:52 - [MESSAGE][PASSED] - Current window maximized

2022-02-25 09:00:52 - [TEST_STEP][PASSED] - navigateToUrl(url): Navigate to 'https://stars-stage.hawk.ru:8080' successfully

2022-02-25 09:00:58 - [MESSAGE][PASSED] - Navigate to 'https://stars-stage.hawk.ru:8080' successfully

2022-02-25 09:00:58 - [TEST_STEP][PASSED] - setText(findTestObject("Object Repository/Page_/input__sc-lnrBVv eqPACj"), admin_login): Text 'TestAdmin@test.ru' is set on object 'Object Repository/Page_/input__sc-lnrBVv eqPACj'

2022-02-25 09:01:02 - [MESSAGE][PASSED] - Text 'TestAdmin@test.ru' is set on object 'Object Repository/Page_/input__sc-lnrBVv eqPACj'

2022-02-25 09:01:02 - [TEST_STEP][PASSED] - setText(findTestObject("Object Repository/Page_/input__sc-lnrBVv eqPACj_1"), admin_password): Text 'TestAdmin@test.ru' is set on object 'Object Repository/Page_/input__sc-lnrBVv eqPACj_1'

2022-02-25 09:01:07 - [MESSAGE][PASSED] - Text 'TestAdmin@test.ru' is set on object 'Object Repository/Page_/input__sc-lnrBVv eqPACj_1'

2022-02-25 09:01:07 - [TEST_STEP][PASSED] - click(findTestObject("Object Repository/Page_/go")): Object: 'Object Repository/Page_/go' is clicked on

2022-02-25 09:01:09 - [MESSAGE][PASSED] - Object: 'Object Repository/Page_/go' is clicked on

2022-02-25 09:01:09 - [MESSAGE][PASSED] - Call Test Case 'Test Cases/Администратор/Авторизация' successfully

2022-02-25 09:01:09 - [TEST_STEP][PASSED] - click(findTestObject("Object Repository/admin/teachers/Page_/teach")): Object: 'Object Repository/admin/teachers/Page_/teach' is clicked on

2022-02-25 09:01:28 - [MESSAGE][PASSED] - Object: 'Object Repository/admin/teachers/Page_/teach' is clicked on

2022-02-25 09:01:28 - [TEST_STEP][PASSED] - click(findTestObject("Object Repository/admin/teachers/Page_/span_")): Object: 'Object Repository/admin/teachers/Page_/span_' is clicked on

2022-02-25 09:01:31 - [MESSAGE][PASSED] - Object: 'Object Repository/admin/teachers/Page_/span_' is clicked on

2022-02-25 09:01:31 - [TEST_STEP][PASSED] - verifyTextPresent("ПРОФИЛЬ ПРЕПОДАВАТЕЛЯ", false): Text 'ПРОФИЛЬ ПРЕПОДАВАТЕЛЯ' is present on page 

2022-02-25 09:01:33 - [MESSAGE][PASSED] - Text 'ПРОФИЛЬ ПРЕПОДАВАТЕЛЯ' is present on page 

2022-02-25 09:01:33 - [TEST_STEP][PASSED] - takeFullPageScreenshot("C:\scr\" + school + "41.jpg"): Taking screenshot successfully

2022-02-25 09:01:39 - [MESSAGE][INFO] - 0 hidden object(s)

2022-02-25 09:01:40 - [MESSAGE][PASSED] - Taking screenshot successfully
[[ATTACHMENT|C:\scr\Авангард-200541.jpg]]

2022-02-25 09:01:40 - [TEST_STEP][PASSED] - click(findTestObject("Object Repository/admin/teachers/Page_/career")): Object: 'Object Repository/admin/teachers/Page_/career' is clicked on

2022-02-25 09:01:42 - [MESSAGE][PASSED] - Object: 'Object Repository/admin/teachers/Page_/career' is clicked on

2022-02-25 09:01:42 - [TEST_STEP][PASSED] - verifyTextPresent("КАРЬЕРА ТРЕНЕРА", false): Text 'КАРЬЕРА ТРЕНЕРА' is present on page 

2022-02-25 09:01:44 - [MESSAGE][PASSED] - Text 'КАРЬЕРА ТРЕНЕРА' is present on page 

2022-02-25 09:01:44 - [TEST_STEP][PASSED] - takeFullPageScreenshot("C:\scr\" + school + "42.jpg"): Taking screenshot successfully

2022-02-25 09:01:49 - [MESSAGE][INFO] - 0 hidden object(s)

2022-02-25 09:01:50 - [MESSAGE][PASSED] - Taking screenshot successfully
[[ATTACHMENT|C:\scr\Авангард-200542.jpg]]

2022-02-25 09:01:50 - [TEST_STEP][PASSED] - click(findTestObject("Object Repository/admin/teachers/Page_/button_")): Object: 'Object Repository/admin/teachers/Page_/button_' is clicked on

2022-02-25 09:01:52 - [MESSAGE][PASSED] - Object: 'Object Repository/admin/teachers/Page_/button_' is clicked on

2022-02-25 09:01:52 - [TEST_STEP][PASSED] - verifyTextPresent("Пользователь сохранен", false): Text 'Пользователь сохранен' is present on page 

2022-02-25 09:01:54 - [MESSAGE][PASSED] - Text 'Пользователь сохранен' is present on page 

2022-02-25 09:01:54 - [TEST_STEP][PASSED] - click(findTestObject("Object Repository/admin/teachers/Page_/root")): Object: 'Object Repository/admin/teachers/Page_/root' is clicked on

2022-02-25 09:01:56 - [MESSAGE][PASSED] - Object: 'Object Repository/admin/teachers/Page_/root' is clicked on

2022-02-25 09:01:56 - [TEST_STEP][PASSED] - closeBrowser(): Browser is closed

2022-02-25 09:01:57 - [MESSAGE][PASSED] - Browser is closed]]></system-out>
         <system-err><![CDATA[]]></system-err>
      </testcase>
      <testcase name="Test Cases/Администратор/Рейтинг" time="149.748" classname="Test Cases/Администратор/Рейтинг" status="PASSED">
         <system-out><![CDATA[2022-02-25 09:01:57 - [TEST_CASE][PASSED] - Test Cases/Администратор/Рейтинг: Test Cases/Администратор/Рейтинг

2022-02-25 09:01:58 - [TEST_STEP][PASSED] - callTestCase(findTestCase("Администратор/Авторизация"), [:], STOP_ON_FAILURE): Call Test Case 'Test Cases/Администратор/Авторизация' successfully

2022-02-25 09:01:58 - [TEST_CASE][PASSED] - Test Cases/Администратор/Авторизация: Test Cases/Администратор/Авторизация

2022-02-25 09:01:58 - [TEST_STEP][PASSED] - openBrowser(""): Browser is opened with url: ''

2022-02-25 09:01:58 - [MESSAGE][INFO] - User set preference: ['os', 'linux']

2022-02-25 09:01:58 - [MESSAGE][INFO] - User set preference: ['browserName', 'chrome']

2022-02-25 09:01:58 - [MESSAGE][INFO] - User set preference: ['browserVersion', '97']

2022-02-25 09:01:58 - [MESSAGE][INFO] - User set preference: ['katalon:option', '{organizationId=564672, tunnelId=, usingTunnel=false}']

2022-02-25 09:01:58 - [MESSAGE][INFO] - Connecting to remote web server 'testcloud.katalon.com/hub' with type 'Selenium'

2022-02-25 09:01:58 - [MESSAGE][INFO] - Action delay is set to 100 milliseconds

2022-02-25 09:02:39 - [MESSAGE][PASSED] - Browser is opened with url: ''

2022-02-25 09:02:39 - [TEST_STEP][PASSED] - maximizeWindow(): Current window maximized

2022-02-25 09:02:39 - [MESSAGE][PASSED] - Current window maximized

2022-02-25 09:02:39 - [TEST_STEP][PASSED] - navigateToUrl(url): Navigate to 'https://stars-stage.hawk.ru:8080' successfully

2022-02-25 09:02:47 - [MESSAGE][PASSED] - Navigate to 'https://stars-stage.hawk.ru:8080' successfully

2022-02-25 09:02:47 - [TEST_STEP][PASSED] - setText(findTestObject("Object Repository/Page_/input__sc-lnrBVv eqPACj"), admin_login): Text 'TestAdmin@test.ru' is set on object 'Object Repository/Page_/input__sc-lnrBVv eqPACj'

2022-02-25 09:02:51 - [MESSAGE][PASSED] - Text 'TestAdmin@test.ru' is set on object 'Object Repository/Page_/input__sc-lnrBVv eqPACj'

2022-02-25 09:02:51 - [TEST_STEP][PASSED] - setText(findTestObject("Object Repository/Page_/input__sc-lnrBVv eqPACj_1"), admin_password): Text 'TestAdmin@test.ru' is set on object 'Object Repository/Page_/input__sc-lnrBVv eqPACj_1'

2022-02-25 09:02:56 - [MESSAGE][PASSED] - Text 'TestAdmin@test.ru' is set on object 'Object Repository/Page_/input__sc-lnrBVv eqPACj_1'

2022-02-25 09:02:56 - [TEST_STEP][PASSED] - click(findTestObject("Object Repository/Page_/go")): Object: 'Object Repository/Page_/go' is clicked on

2022-02-25 09:02:58 - [MESSAGE][PASSED] - Object: 'Object Repository/Page_/go' is clicked on

2022-02-25 09:02:58 - [MESSAGE][PASSED] - Call Test Case 'Test Cases/Администратор/Авторизация' successfully

2022-02-25 09:02:58 - [TEST_STEP][PASSED] - click(findTestObject("Object Repository/admin/rating/grating")): Object: 'Object Repository/admin/rating/grating' is clicked on

2022-02-25 09:03:22 - [MESSAGE][PASSED] - Object: 'Object Repository/admin/rating/grating' is clicked on

2022-02-25 09:03:22 - [TEST_STEP][PASSED] - takeFullPageScreenshot("C:\scr\" + school + "34.jpg"): Taking screenshot successfully

2022-02-25 09:03:28 - [MESSAGE][INFO] - 0 hidden object(s)

2022-02-25 09:03:28 - [MESSAGE][PASSED] - Taking screenshot successfully
[[ATTACHMENT|C:\scr\Авангард-200534.jpg]]

2022-02-25 09:03:28 - [TEST_STEP][PASSED] - click(findTestObject("Object Repository/admin/Page_/shkool")): Object: 'Object Repository/admin/Page_/shkool' is clicked on

2022-02-25 09:03:30 - [MESSAGE][PASSED] - Object: 'Object Repository/admin/Page_/shkool' is clicked on

2022-02-25 09:03:30 - [TEST_STEP][PASSED] - click(findTestObject("Object Repository/admin/Page_/div_ (2)")): Object: 'Object Repository/admin/Page_/div_ (2)' is clicked on

2022-02-25 09:03:32 - [MESSAGE][PASSED] - Object: 'Object Repository/admin/Page_/div_ (2)' is clicked on

2022-02-25 09:03:32 - [TEST_STEP][PASSED] - click(findTestObject("Object Repository/admin/Page_/team")): Object: 'Object Repository/admin/Page_/team' is clicked on

2022-02-25 09:03:35 - [MESSAGE][PASSED] - Object: 'Object Repository/admin/Page_/team' is clicked on

2022-02-25 09:03:35 - [TEST_STEP][PASSED] - click(findTestObject("Object Repository/admin/Page_/omsk")): Object: 'Object Repository/admin/Page_/omsk' is clicked on

2022-02-25 09:03:37 - [MESSAGE][PASSED] - Object: 'Object Repository/admin/Page_/omsk' is clicked on

2022-02-25 09:03:37 - [TEST_STEP][PASSED] - scrollToElement(findTestObject("Object Repository/admin/Page_/top1"), 0): Scroll to object 'Object Repository/admin/Page_/top1' successfully

2022-02-25 09:03:38 - [MESSAGE][WARNING] - Timeout '0' is invalid. Using default page load timeout: '30'

2022-02-25 09:03:40 - [MESSAGE][PASSED] - Scroll to object 'Object Repository/admin/Page_/top1' successfully

2022-02-25 09:03:40 - [TEST_STEP][PASSED] - click(findTestObject("Object Repository/admin/Page_/top1")): Object: 'Object Repository/admin/Page_/top1' is clicked on

2022-02-25 09:03:42 - [MESSAGE][PASSED] - Object: 'Object Repository/admin/Page_/top1' is clicked on

2022-02-25 09:03:42 - [TEST_STEP][PASSED] - takeFullPageScreenshot("C:\scr\" + school + "37.jpg", CONTINUE_ON_FAILURE): Taking screenshot successfully

2022-02-25 09:03:47 - [MESSAGE][INFO] - 0 hidden object(s)

2022-02-25 09:03:47 - [MESSAGE][PASSED] - Taking screenshot successfully
[[ATTACHMENT|C:\scr\Авангард-200537.jpg]]

2022-02-25 09:03:47 - [TEST_STEP][PASSED] - click(findTestObject("Object Repository/admin/Page_/skill")): Object: 'Object Repository/admin/Page_/skill' is clicked on

2022-02-25 09:03:50 - [MESSAGE][PASSED] - Object: 'Object Repository/admin/Page_/skill' is clicked on

2022-02-25 09:03:50 - [TEST_STEP][PASSED] - verifyTextPresent("Ускорение", true): Text 'Ускорение' is present on page  using regular expression

2022-02-25 09:03:53 - [MESSAGE][PASSED] - Text 'Ускорение' is present on page  using regular expression

2022-02-25 09:03:53 - [TEST_STEP][PASSED] - verifyTextPresent("Скорость", true): Text 'Скорость' is present on page  using regular expression

2022-02-25 09:03:55 - [MESSAGE][PASSED] - Text 'Скорость' is present on page  using regular expression

2022-02-25 09:03:55 - [TEST_STEP][PASSED] - takeFullPageScreenshot("C:\scr\" + school + "39.jpg", CONTINUE_ON_FAILURE): Taking screenshot successfully

2022-02-25 09:04:00 - [MESSAGE][INFO] - 0 hidden object(s)

2022-02-25 09:04:00 - [MESSAGE][PASSED] - Taking screenshot successfully
[[ATTACHMENT|C:\scr\Авангард-200539.jpg]]

2022-02-25 09:04:00 - [TEST_STEP][PASSED] - click(findTestObject("Object Repository/admin/Page_/stat")): Object: 'Object Repository/admin/Page_/stat' is clicked on

2022-02-25 09:04:02 - [MESSAGE][PASSED] - Object: 'Object Repository/admin/Page_/stat' is clicked on

2022-02-25 09:04:02 - [TEST_STEP][PASSED] - verifyTextPresent("Матчи", true, CONTINUE_ON_FAILURE): Text 'Матчи' is present on page  using regular expression

2022-02-25 09:04:05 - [MESSAGE][PASSED] - Text 'Матчи' is present on page  using regular expression

2022-02-25 09:04:05 - [TEST_STEP][PASSED] - verifyTextPresent("Ранг", true, CONTINUE_ON_FAILURE): Text 'Ранг' is present on page  using regular expression

2022-02-25 09:04:07 - [MESSAGE][PASSED] - Text 'Ранг' is present on page  using regular expression

2022-02-25 09:04:07 - [TEST_STEP][PASSED] - takeFullPageScreenshot("C:\scr\" + school + "40.jpg", CONTINUE_ON_FAILURE): Taking screenshot successfully

2022-02-25 09:04:12 - [MESSAGE][INFO] - 0 hidden object(s)

2022-02-25 09:04:12 - [MESSAGE][PASSED] - Taking screenshot successfully
[[ATTACHMENT|C:\scr\Авангард-200540.jpg]]

2022-02-25 09:04:12 - [TEST_STEP][PASSED] - click(findTestObject("Object Repository/admin/Page_/ptest")): Object: 'Object Repository/admin/Page_/ptest' is clicked on

2022-02-25 09:04:14 - [MESSAGE][PASSED] - Object: 'Object Repository/admin/Page_/ptest' is clicked on

2022-02-25 09:04:14 - [TEST_STEP][PASSED] - verifyTextPresent("СРЕДНЯЯ ОЦЕНКА", true): Text 'СРЕДНЯЯ ОЦЕНКА' is present on page  using regular expression

2022-02-25 09:04:16 - [MESSAGE][PASSED] - Text 'СРЕДНЯЯ ОЦЕНКА' is present on page  using regular expression

2022-02-25 09:04:16 - [TEST_STEP][PASSED] - verifyTextPresent("Список навыков и характеристики", true): Text 'Список навыков и характеристики' is present on page  using regular expression

2022-02-25 09:04:18 - [MESSAGE][PASSED] - Text 'Список навыков и характеристики' is present on page  using regular expression

2022-02-25 09:04:18 - [TEST_STEP][PASSED] - takeFullPageScreenshot("C:\scr\" + school + "38.jpg", CONTINUE_ON_FAILURE): Taking screenshot successfully

2022-02-25 09:04:24 - [MESSAGE][INFO] - 0 hidden object(s)

2022-02-25 09:04:24 - [MESSAGE][PASSED] - Taking screenshot successfully
[[ATTACHMENT|C:\scr\Авангард-200538.jpg]]

2022-02-25 09:04:24 - [TEST_STEP][PASSED] - click(findTestObject("Object Repository/admin/Page_/root")): Object: 'Object Repository/admin/Page_/root' is clicked on

2022-02-25 09:04:26 - [MESSAGE][PASSED] - Object: 'Object Repository/admin/Page_/root' is clicked on

2022-02-25 09:04:26 - [TEST_STEP][PASSED] - closeBrowser(): Browser is closed

2022-02-25 09:04:27 - [MESSAGE][PASSED] - Browser is closed]]></system-out>
         <system-err><![CDATA[]]></system-err>
      </testcase>
      <testcase name="Test Cases/Администратор/Профиль" time="116.963" classname="Test Cases/Администратор/Профиль" status="PASSED">
         <system-out><![CDATA[2022-02-25 09:04:27 - [TEST_CASE][PASSED] - Test Cases/Администратор/Профиль: Test Cases/Администратор/Профиль

2022-02-25 09:04:28 - [TEST_STEP][PASSED] - callTestCase(findTestCase("Администратор/Авторизация"), [:], STOP_ON_FAILURE): Call Test Case 'Test Cases/Администратор/Авторизация' successfully

2022-02-25 09:04:28 - [TEST_CASE][PASSED] - Test Cases/Администратор/Авторизация: Test Cases/Администратор/Авторизация

2022-02-25 09:04:28 - [TEST_STEP][PASSED] - openBrowser(""): Browser is opened with url: ''

2022-02-25 09:04:28 - [MESSAGE][INFO] - User set preference: ['os', 'linux']

2022-02-25 09:04:28 - [MESSAGE][INFO] - User set preference: ['browserName', 'chrome']

2022-02-25 09:04:28 - [MESSAGE][INFO] - User set preference: ['browserVersion', '97']

2022-02-25 09:04:28 - [MESSAGE][INFO] - User set preference: ['katalon:option', '{organizationId=564672, tunnelId=, usingTunnel=false}']

2022-02-25 09:04:28 - [MESSAGE][INFO] - Connecting to remote web server 'testcloud.katalon.com/hub' with type 'Selenium'

2022-02-25 09:04:28 - [MESSAGE][INFO] - Action delay is set to 100 milliseconds

2022-02-25 09:05:38 - [MESSAGE][PASSED] - Browser is opened with url: ''

2022-02-25 09:05:38 - [TEST_STEP][PASSED] - maximizeWindow(): Current window maximized

2022-02-25 09:05:38 - [MESSAGE][PASSED] - Current window maximized

2022-02-25 09:05:38 - [TEST_STEP][PASSED] - navigateToUrl(url): Navigate to 'https://stars-stage.hawk.ru:8080' successfully

2022-02-25 09:05:45 - [MESSAGE][PASSED] - Navigate to 'https://stars-stage.hawk.ru:8080' successfully

2022-02-25 09:05:45 - [TEST_STEP][PASSED] - setText(findTestObject("Object Repository/Page_/input__sc-lnrBVv eqPACj"), admin_login): Text 'TestAdmin@test.ru' is set on object 'Object Repository/Page_/input__sc-lnrBVv eqPACj'

2022-02-25 09:05:49 - [MESSAGE][PASSED] - Text 'TestAdmin@test.ru' is set on object 'Object Repository/Page_/input__sc-lnrBVv eqPACj'

2022-02-25 09:05:49 - [TEST_STEP][PASSED] - setText(findTestObject("Object Repository/Page_/input__sc-lnrBVv eqPACj_1"), admin_password): Text 'TestAdmin@test.ru' is set on object 'Object Repository/Page_/input__sc-lnrBVv eqPACj_1'

2022-02-25 09:05:54 - [MESSAGE][PASSED] - Text 'TestAdmin@test.ru' is set on object 'Object Repository/Page_/input__sc-lnrBVv eqPACj_1'

2022-02-25 09:05:54 - [TEST_STEP][PASSED] - click(findTestObject("Object Repository/Page_/go")): Object: 'Object Repository/Page_/go' is clicked on

2022-02-25 09:05:56 - [MESSAGE][PASSED] - Object: 'Object Repository/Page_/go' is clicked on

2022-02-25 09:05:56 - [MESSAGE][PASSED] - Call Test Case 'Test Cases/Администратор/Авторизация' successfully

2022-02-25 09:05:56 - [TEST_STEP][PASSED] - click(findTestObject("Object Repository/admin/Page_/div_Admin Admin")): Object: 'Object Repository/admin/Page_/div_Admin Admin' is clicked on

2022-02-25 09:06:12 - [MESSAGE][PASSED] - Object: 'Object Repository/admin/Page_/div_Admin Admin' is clicked on

2022-02-25 09:06:12 - [TEST_STEP][PASSED] - verifyTextPresent("РЕДАКТИРОВАНИЕ ПРОФИЛЯ", true): Text 'РЕДАКТИРОВАНИЕ ПРОФИЛЯ' is present on page  using regular expression

2022-02-25 09:06:14 - [MESSAGE][PASSED] - Text 'РЕДАКТИРОВАНИЕ ПРОФИЛЯ' is present on page  using regular expression

2022-02-25 09:06:14 - [TEST_STEP][PASSED] - takeFullPageScreenshot("C:\scr\" + school + "33.jpg"): Taking screenshot successfully

2022-02-25 09:06:18 - [MESSAGE][INFO] - 0 hidden object(s)

2022-02-25 09:06:19 - [MESSAGE][PASSED] - Taking screenshot successfully
[[ATTACHMENT|C:\scr\Авангард-200533.jpg]]

2022-02-25 09:06:19 - [TEST_STEP][PASSED] - click(findTestObject("Object Repository/admin/Page_/save")): Object: 'Object Repository/admin/Page_/save' is clicked on

2022-02-25 09:06:20 - [MESSAGE][PASSED] - Object: 'Object Repository/admin/Page_/save' is clicked on

2022-02-25 09:06:20 - [TEST_STEP][PASSED] - click(findTestObject("admin/Page_/root")): Object: 'Object Repository/admin/Page_/root' is clicked on

2022-02-25 09:06:23 - [MESSAGE][PASSED] - Object: 'Object Repository/admin/Page_/root' is clicked on

2022-02-25 09:06:23 - [TEST_STEP][PASSED] - closeBrowser(): Browser is closed

2022-02-25 09:06:24 - [MESSAGE][PASSED] - Browser is closed]]></system-out>
         <system-err><![CDATA[]]></system-err>
      </testcase>
      <testcase name="Test Cases/Администратор/ОТЧЕТЫ функциональные тесты/Физическое тестирование (Поменяется в спринте)" time="196.667" classname="Test Cases/Администратор/ОТЧЕТЫ функциональные тесты/Физическое тестирование (Поменяется в спринте)" status="PASSED">
         <system-out><![CDATA[2022-02-25 09:06:24 - [TEST_CASE][PASSED] - Test Cases/Администратор/ОТЧЕТЫ функциональные тесты/Физическое тестирование (Поменяется в спринте): Test Cases/Администратор/ОТЧЕТЫ функциональные тесты/Физическое тестирование (Поменяется в спринте)

2022-02-25 09:06:25 - [TEST_STEP][PASSED] - callTestCase(findTestCase("Администратор/Отчет для тк"), [:], STOP_ON_FAILURE): Call Test Case 'Test Cases/Администратор/Отчет для тк' successfully

2022-02-25 09:06:25 - [TEST_CASE][PASSED] - Test Cases/Администратор/Отчет для тк: Test Cases/Администратор/Отчет для тк

2022-02-25 09:06:25 - [TEST_STEP][PASSED] - callTestCase(findTestCase("Администратор/Авторизация"), [:], STOP_ON_FAILURE): Call Test Case 'Test Cases/Администратор/Авторизация' successfully

2022-02-25 09:06:26 - [TEST_CASE][PASSED] - Test Cases/Администратор/Авторизация: Test Cases/Администратор/Авторизация

2022-02-25 09:06:26 - [TEST_STEP][PASSED] - openBrowser(""): Browser is opened with url: ''

2022-02-25 09:06:26 - [MESSAGE][INFO] - User set preference: ['os', 'linux']

2022-02-25 09:06:26 - [MESSAGE][INFO] - User set preference: ['browserName', 'chrome']

2022-02-25 09:06:26 - [MESSAGE][INFO] - User set preference: ['browserVersion', '97']

2022-02-25 09:06:26 - [MESSAGE][INFO] - User set preference: ['katalon:option', '{organizationId=564672, tunnelId=, usingTunnel=false}']

2022-02-25 09:06:26 - [MESSAGE][INFO] - Connecting to remote web server 'testcloud.katalon.com/hub' with type 'Selenium'

2022-02-25 09:06:26 - [MESSAGE][INFO] - Action delay is set to 100 milliseconds

2022-02-25 09:07:55 - [MESSAGE][PASSED] - Browser is opened with url: ''

2022-02-25 09:07:55 - [TEST_STEP][PASSED] - maximizeWindow(): Current window maximized

2022-02-25 09:07:56 - [MESSAGE][PASSED] - Current window maximized

2022-02-25 09:07:56 - [TEST_STEP][PASSED] - navigateToUrl(url): Navigate to 'https://stars-stage.hawk.ru:8080' successfully

2022-02-25 09:08:02 - [MESSAGE][PASSED] - Navigate to 'https://stars-stage.hawk.ru:8080' successfully

2022-02-25 09:08:02 - [TEST_STEP][PASSED] - setText(findTestObject("Object Repository/Page_/input__sc-lnrBVv eqPACj"), admin_login): Text 'TestAdmin@test.ru' is set on object 'Object Repository/Page_/input__sc-lnrBVv eqPACj'

2022-02-25 09:08:06 - [MESSAGE][PASSED] - Text 'TestAdmin@test.ru' is set on object 'Object Repository/Page_/input__sc-lnrBVv eqPACj'

2022-02-25 09:08:06 - [TEST_STEP][PASSED] - setText(findTestObject("Object Repository/Page_/input__sc-lnrBVv eqPACj_1"), admin_password): Text 'TestAdmin@test.ru' is set on object 'Object Repository/Page_/input__sc-lnrBVv eqPACj_1'

2022-02-25 09:08:10 - [MESSAGE][PASSED] - Text 'TestAdmin@test.ru' is set on object 'Object Repository/Page_/input__sc-lnrBVv eqPACj_1'

2022-02-25 09:08:10 - [TEST_STEP][PASSED] - click(findTestObject("Object Repository/Page_/go")): Object: 'Object Repository/Page_/go' is clicked on

2022-02-25 09:08:12 - [MESSAGE][PASSED] - Object: 'Object Repository/Page_/go' is clicked on

2022-02-25 09:08:12 - [MESSAGE][PASSED] - Call Test Case 'Test Cases/Администратор/Авторизация' successfully

2022-02-25 09:08:12 - [TEST_STEP][PASSED] - click(findTestObject("admin/reports/keys/reports/report")): Object: 'Object Repository/admin/reports/keys/reports/report' is clicked on

2022-02-25 09:08:37 - [MESSAGE][PASSED] - Object: 'Object Repository/admin/reports/keys/reports/report' is clicked on

2022-02-25 09:08:37 - [MESSAGE][PASSED] - Call Test Case 'Test Cases/Администратор/Отчет для тк' successfully

2022-02-25 09:08:37 - [TEST_STEP][PASSED] - click(findTestObject("Object Repository/admin/phyz/Page_/phys")): Object: 'Object Repository/admin/phyz/Page_/phys' is clicked on

2022-02-25 09:08:39 - [MESSAGE][PASSED] - Object: 'Object Repository/admin/phyz/Page_/phys' is clicked on

2022-02-25 09:08:39 - [TEST_STEP][PASSED] - click(findTestObject("Object Repository/admin/phyz/Page_/school")): Object: 'Object Repository/admin/phyz/Page_/school' is clicked on

2022-02-25 09:08:41 - [MESSAGE][PASSED] - Object: 'Object Repository/admin/phyz/Page_/school' is clicked on

2022-02-25 09:08:41 - [TEST_STEP][PASSED] - click(findTestObject("Object Repository/admin/phyz/Page_/div_")): Object: 'Object Repository/admin/phyz/Page_/div_' is clicked on

2022-02-25 09:08:43 - [MESSAGE][PASSED] - Object: 'Object Repository/admin/phyz/Page_/div_' is clicked on

2022-02-25 09:08:43 - [TEST_STEP][PASSED] - click(findTestObject("Object Repository/admin/phyz/Page_/div_31.07.2020")): Object: 'Object Repository/admin/phyz/Page_/div_31.07.2020' is clicked on

2022-02-25 09:08:45 - [MESSAGE][PASSED] - Object: 'Object Repository/admin/phyz/Page_/div_31.07.2020' is clicked on

2022-02-25 09:08:45 - [TEST_STEP][PASSED] - click(findTestObject("Object Repository/admin/phyz/Page_/div_31.12.2020")): Object: 'Object Repository/admin/phyz/Page_/div_31.12.2020' is clicked on

2022-02-25 09:08:47 - [MESSAGE][PASSED] - Object: 'Object Repository/admin/phyz/Page_/div_31.12.2020' is clicked on

2022-02-25 09:08:47 - [TEST_STEP][PASSED] - click(findTestObject("Object Repository/admin/phyz/Page_/team")): Object: 'Object Repository/admin/phyz/Page_/team' is clicked on

2022-02-25 09:08:49 - [MESSAGE][PASSED] - Object: 'Object Repository/admin/phyz/Page_/team' is clicked on

2022-02-25 09:08:49 - [TEST_STEP][PASSED] - click(findTestObject("Object Repository/admin/phyz/Page_/oya")): Object: 'Object Repository/admin/phyz/Page_/oya' is clicked on

2022-02-25 09:08:51 - [MESSAGE][PASSED] - Object: 'Object Repository/admin/phyz/Page_/oya' is clicked on

2022-02-25 09:08:51 - [TEST_STEP][PASSED] - verifyTextPresent("Жим штанги лежа", true): Text 'Жим штанги лежа' is present on page  using regular expression

2022-02-25 09:08:54 - [MESSAGE][PASSED] - Text 'Жим штанги лежа' is present on page  using regular expression

2022-02-25 09:08:54 - [TEST_STEP][PASSED] - verifyTextPresent("Подтягивание из виса на перекладине", true): Text 'Подтягивание из виса на перекладине' is present on page  using regular expression

2022-02-25 09:08:56 - [MESSAGE][PASSED] - Text 'Подтягивание из виса на перекладине' is present on page  using regular expression

2022-02-25 09:08:56 - [TEST_STEP][PASSED] - verifyTextPresent("Уголок из виса на турнике", true): Text 'Уголок из виса на турнике' is present on page  using regular expression

2022-02-25 09:08:58 - [MESSAGE][PASSED] - Text 'Уголок из виса на турнике' is present on page  using regular expression

2022-02-25 09:08:58 - [TEST_STEP][PASSED] - click(findTestObject("Object Repository/admin/phyz/Page_/individ")): Object: 'Object Repository/admin/phyz/Page_/individ' is clicked on

2022-02-25 09:09:00 - [MESSAGE][PASSED] - Object: 'Object Repository/admin/phyz/Page_/individ' is clicked on

2022-02-25 09:09:00 - [TEST_STEP][PASSED] - click(findTestObject("Object Repository/admin/phyz/Page_/school")): Object: 'Object Repository/admin/phyz/Page_/school' is clicked on

2022-02-25 09:09:02 - [MESSAGE][PASSED] - Object: 'Object Repository/admin/phyz/Page_/school' is clicked on

2022-02-25 09:09:02 - [TEST_STEP][PASSED] - click(findTestObject("Object Repository/admin/phyz/Page_/div_   . _1")): Object: 'Object Repository/admin/phyz/Page_/div_   . _1' is clicked on

2022-02-25 09:09:04 - [MESSAGE][PASSED] - Object: 'Object Repository/admin/phyz/Page_/div_   . _1' is clicked on

2022-02-25 09:09:04 - [TEST_STEP][PASSED] - click(findTestObject("Object Repository/admin/phyz/Page_/team")): Object: 'Object Repository/admin/phyz/Page_/team' is clicked on

2022-02-25 09:09:06 - [MESSAGE][PASSED] - Object: 'Object Repository/admin/phyz/Page_/team' is clicked on

2022-02-25 09:09:06 - [TEST_STEP][PASSED] - click(findTestObject("Object Repository/admin/phyz/Page_/omsk")): Object: 'Object Repository/admin/phyz/Page_/omsk' is clicked on

2022-02-25 09:09:08 - [MESSAGE][PASSED] - Object: 'Object Repository/admin/phyz/Page_/omsk' is clicked on

2022-02-25 09:09:08 - [TEST_STEP][PASSED] - click(findTestObject("Object Repository/admin/phyz/Page_/div_ (1)")): Object: 'Object Repository/admin/phyz/Page_/div_ (1)' is clicked on

2022-02-25 09:09:10 - [MESSAGE][PASSED] - Object: 'Object Repository/admin/phyz/Page_/div_ (1)' is clicked on

2022-02-25 09:09:10 - [TEST_STEP][PASSED] - setText(findTestObject("Object Repository/admin/phyz/Page_/input__react-select-9-input"), player_for_test): Text 'Власенко Дмитрий' is set on object 'Object Repository/admin/phyz/Page_/input__react-select-9-input'

2022-02-25 09:09:14 - [MESSAGE][PASSED] - Text 'Власенко Дмитрий' is set on object 'Object Repository/admin/phyz/Page_/input__react-select-9-input'

2022-02-25 09:09:14 - [TEST_STEP][PASSED] - sendKeys(findTestObject("Object Repository/admin/phyz/Page_/input__react-select-9-input"), Keys.chord(ENTER)): Keys 'ENTER + ' sent to object: 'Object Repository/admin/phyz/Page_/input__react-select-9-input'

2022-02-25 09:09:16 - [MESSAGE][PASSED] - Keys 'ENTER + ' sent to object: 'Object Repository/admin/phyz/Page_/input__react-select-9-input'

2022-02-25 09:09:16 - [TEST_STEP][PASSED] - verifyTextPresent("Прыжок в высоту", true): Text 'Прыжок в высоту' is present on page  using regular expression

2022-02-25 09:09:18 - [MESSAGE][PASSED] - Text 'Прыжок в высоту' is present on page  using regular expression

2022-02-25 09:09:18 - [TEST_STEP][PASSED] - verifyTextPresent("Челночный бег 5-10-5 \(сек\)", true): Text 'Челночный бег 5-10-5 \(сек\)' is present on page  using regular expression

2022-02-25 09:09:20 - [MESSAGE][PASSED] - Text 'Челночный бег 5-10-5 \(сек\)' is present on page  using regular expression

2022-02-25 09:09:20 - [TEST_STEP][PASSED] - verifyTextPresent("СРЕДНЯЯ ОЦЕНКА", true): Text 'СРЕДНЯЯ ОЦЕНКА' is present on page  using regular expression

2022-02-25 09:09:22 - [MESSAGE][PASSED] - Text 'СРЕДНЯЯ ОЦЕНКА' is present on page  using regular expression

2022-02-25 09:09:22 - [TEST_STEP][PASSED] - verifyTextPresent("Список навыков и характеристики", true): Text 'Список навыков и характеристики' is present on page  using regular expression

2022-02-25 09:09:24 - [MESSAGE][PASSED] - Text 'Список навыков и характеристики' is present on page  using regular expression

2022-02-25 09:09:24 - [TEST_STEP][PASSED] - click(findTestObject("Object Repository/admin/phyz/Page_/home")): Object: 'Object Repository/admin/phyz/Page_/home' is clicked on

2022-02-25 09:09:26 - [MESSAGE][PASSED] - Object: 'Object Repository/admin/phyz/Page_/home' is clicked on

2022-02-25 09:09:26 - [TEST_STEP][PASSED] - scrollToElement(findTestObject("Object Repository/admin/phyz/Page_/exit"), 0): Scroll to object 'Object Repository/admin/phyz/Page_/exit' successfully

2022-02-25 09:09:27 - [MESSAGE][WARNING] - Timeout '0' is invalid. Using default page load timeout: '30'

2022-02-25 09:09:38 - [MESSAGE][PASSED] - Scroll to object 'Object Repository/admin/phyz/Page_/exit' successfully

2022-02-25 09:09:38 - [TEST_STEP][PASSED] - click(findTestObject("Object Repository/admin/phyz/Page_/exit")): Object: 'Object Repository/admin/phyz/Page_/exit' is clicked on

2022-02-25 09:09:40 - [MESSAGE][PASSED] - Object: 'Object Repository/admin/phyz/Page_/exit' is clicked on

2022-02-25 09:09:40 - [TEST_STEP][PASSED] - closeBrowser(): Browser is closed

2022-02-25 09:09:40 - [MESSAGE][PASSED] - Browser is closed]]></system-out>
         <system-err><![CDATA[]]></system-err>
      </testcase>
      <testcase name="Test Cases/Администратор/ОТЧЕТЫ функциональные тесты/Список участников без оценки" time="184.228" classname="Test Cases/Администратор/ОТЧЕТЫ функциональные тесты/Список участников без оценки" status="PASSED">
         <system-out><![CDATA[2022-02-25 09:09:40 - [TEST_CASE][PASSED] - Test Cases/Администратор/ОТЧЕТЫ функциональные тесты/Список участников без оценки: Test Cases/Администратор/ОТЧЕТЫ функциональные тесты/Список участников без оценки

2022-02-25 09:09:41 - [TEST_STEP][PASSED] - callTestCase(findTestCase("Администратор/Отчет для тк"), [:], STOP_ON_FAILURE): Call Test Case 'Test Cases/Администратор/Отчет для тк' successfully

2022-02-25 09:09:41 - [TEST_CASE][PASSED] - Test Cases/Администратор/Отчет для тк: Test Cases/Администратор/Отчет для тк

2022-02-25 09:09:41 - [TEST_STEP][PASSED] - callTestCase(findTestCase("Администратор/Авторизация"), [:], STOP_ON_FAILURE): Call Test Case 'Test Cases/Администратор/Авторизация' successfully

2022-02-25 09:09:42 - [TEST_CASE][PASSED] - Test Cases/Администратор/Авторизация: Test Cases/Администратор/Авторизация

2022-02-25 09:09:42 - [TEST_STEP][PASSED] - openBrowser(""): Browser is opened with url: ''

2022-02-25 09:09:42 - [MESSAGE][INFO] - User set preference: ['os', 'linux']

2022-02-25 09:09:42 - [MESSAGE][INFO] - User set preference: ['browserName', 'chrome']

2022-02-25 09:09:42 - [MESSAGE][INFO] - User set preference: ['browserVersion', '97']

2022-02-25 09:09:42 - [MESSAGE][INFO] - User set preference: ['katalon:option', '{organizationId=564672, tunnelId=, usingTunnel=false}']

2022-02-25 09:09:42 - [MESSAGE][INFO] - Connecting to remote web server 'testcloud.katalon.com/hub' with type 'Selenium'

2022-02-25 09:09:42 - [MESSAGE][INFO] - Action delay is set to 100 milliseconds

2022-02-25 09:11:24 - [MESSAGE][PASSED] - Browser is opened with url: ''

2022-02-25 09:11:24 - [TEST_STEP][PASSED] - maximizeWindow(): Current window maximized

2022-02-25 09:11:24 - [MESSAGE][PASSED] - Current window maximized

2022-02-25 09:11:24 - [TEST_STEP][PASSED] - navigateToUrl(url): Navigate to 'https://stars-stage.hawk.ru:8080' successfully

2022-02-25 09:11:30 - [MESSAGE][PASSED] - Navigate to 'https://stars-stage.hawk.ru:8080' successfully

2022-02-25 09:11:30 - [TEST_STEP][PASSED] - setText(findTestObject("Object Repository/Page_/input__sc-lnrBVv eqPACj"), admin_login): Text 'TestAdmin@test.ru' is set on object 'Object Repository/Page_/input__sc-lnrBVv eqPACj'

2022-02-25 09:11:34 - [MESSAGE][PASSED] - Text 'TestAdmin@test.ru' is set on object 'Object Repository/Page_/input__sc-lnrBVv eqPACj'

2022-02-25 09:11:34 - [TEST_STEP][PASSED] - setText(findTestObject("Object Repository/Page_/input__sc-lnrBVv eqPACj_1"), admin_password): Text 'TestAdmin@test.ru' is set on object 'Object Repository/Page_/input__sc-lnrBVv eqPACj_1'

2022-02-25 09:11:38 - [MESSAGE][PASSED] - Text 'TestAdmin@test.ru' is set on object 'Object Repository/Page_/input__sc-lnrBVv eqPACj_1'

2022-02-25 09:11:38 - [TEST_STEP][PASSED] - click(findTestObject("Object Repository/Page_/go")): Object: 'Object Repository/Page_/go' is clicked on

2022-02-25 09:11:41 - [MESSAGE][PASSED] - Object: 'Object Repository/Page_/go' is clicked on

2022-02-25 09:11:41 - [MESSAGE][PASSED] - Call Test Case 'Test Cases/Администратор/Авторизация' successfully

2022-02-25 09:11:41 - [TEST_STEP][PASSED] - click(findTestObject("admin/reports/keys/reports/report")): Object: 'Object Repository/admin/reports/keys/reports/report' is clicked on

2022-02-25 09:11:58 - [MESSAGE][PASSED] - Object: 'Object Repository/admin/reports/keys/reports/report' is clicked on

2022-02-25 09:11:58 - [MESSAGE][PASSED] - Call Test Case 'Test Cases/Администратор/Отчет для тк' successfully

2022-02-25 09:11:58 - [TEST_STEP][PASSED] - click(findTestObject("Object Repository/admin/reports/not/Page_/not")): Object: 'Object Repository/admin/reports/not/Page_/not' is clicked on

2022-02-25 09:12:00 - [MESSAGE][PASSED] - Object: 'Object Repository/admin/reports/not/Page_/not' is clicked on

2022-02-25 09:12:00 - [TEST_STEP][PASSED] - verifyTextPresent("СПИСОК УЧАСТНИКОВ БЕЗ ОЦЕНКИ", true): Text 'СПИСОК УЧАСТНИКОВ БЕЗ ОЦЕНКИ' is present on page  using regular expression

2022-02-25 09:12:11 - [MESSAGE][PASSED] - Text 'СПИСОК УЧАСТНИКОВ БЕЗ ОЦЕНКИ' is present on page  using regular expression

2022-02-25 09:12:11 - [TEST_STEP][PASSED] - takeFullPageScreenshot("C:\scr\" + school + "29.jpg"): Taking screenshot successfully

2022-02-25 09:12:16 - [MESSAGE][INFO] - 0 hidden object(s)

2022-02-25 09:12:17 - [MESSAGE][PASSED] - Taking screenshot successfully
[[ATTACHMENT|C:\scr\Авангард-200529.jpg]]

2022-02-25 09:12:17 - [TEST_STEP][PASSED] - setText(findTestObject("Object Repository/admin/reports/not/Page_/input__react-select-2-input"), "ака"): Text 'ака' is set on object 'Object Repository/admin/reports/not/Page_/input__react-select-2-input'

2022-02-25 09:12:21 - [MESSAGE][PASSED] - Text 'ака' is set on object 'Object Repository/admin/reports/not/Page_/input__react-select-2-input'

2022-02-25 09:12:21 - [TEST_STEP][PASSED] - sendKeys(findTestObject("Object Repository/admin/reports/not/Page_/input__react-select-2-input"), Keys.chord(ENTER)): Keys 'ENTER + ' sent to object: 'Object Repository/admin/reports/not/Page_/input__react-select-2-input'

2022-02-25 09:12:23 - [MESSAGE][PASSED] - Keys 'ENTER + ' sent to object: 'Object Repository/admin/reports/not/Page_/input__react-select-2-input'

2022-02-25 09:12:23 - [TEST_STEP][PASSED] - setText(findTestObject("Object Repository/admin/reports/not/Page_/input__react-select-3-input"), school): Text 'Авангард-2005' is set on object 'Object Repository/admin/reports/not/Page_/input__react-select-3-input'

2022-02-25 09:12:27 - [MESSAGE][PASSED] - Text 'Авангард-2005' is set on object 'Object Repository/admin/reports/not/Page_/input__react-select-3-input'

2022-02-25 09:12:27 - [TEST_STEP][PASSED] - sendKeys(findTestObject("Object Repository/admin/reports/not/Page_/input__react-select-3-input"), Keys.chord(ENTER)): Keys 'ENTER + ' sent to object: 'Object Repository/admin/reports/not/Page_/input__react-select-3-input'

2022-02-25 09:12:30 - [MESSAGE][PASSED] - Keys 'ENTER + ' sent to object: 'Object Repository/admin/reports/not/Page_/input__react-select-3-input'

2022-02-25 09:12:30 - [TEST_STEP][PASSED] - setText(findTestObject("Object Repository/admin/reports/not/Page_/input__react-select-4-input"), "26.8"): Text '26.8' is set on object 'Object Repository/admin/reports/not/Page_/input__react-select-4-input'

2022-02-25 09:12:34 - [MESSAGE][PASSED] - Text '26.8' is set on object 'Object Repository/admin/reports/not/Page_/input__react-select-4-input'

2022-02-25 09:12:34 - [TEST_STEP][PASSED] - sendKeys(findTestObject("Object Repository/admin/reports/not/Page_/input__react-select-4-input"), Keys.chord(ENTER)): Keys 'ENTER + ' sent to object: 'Object Repository/admin/reports/not/Page_/input__react-select-4-input'

2022-02-25 09:12:36 - [MESSAGE][PASSED] - Keys 'ENTER + ' sent to object: 'Object Repository/admin/reports/not/Page_/input__react-select-4-input'

2022-02-25 09:12:36 - [TEST_STEP][PASSED] - takeFullPageScreenshot("C:\scr\" + school + "30.jpg"): Taking screenshot successfully

2022-02-25 09:12:41 - [MESSAGE][INFO] - 0 hidden object(s)

2022-02-25 09:12:42 - [MESSAGE][PASSED] - Taking screenshot successfully
[[ATTACHMENT|C:\scr\Авангард-200530.jpg]]

2022-02-25 09:12:42 - [TEST_STEP][PASSED] - click(findTestObject("Object Repository/manager/kale/Page_/root")): Object: 'Object Repository/manager/kale/Page_/root' is clicked on

2022-02-25 09:12:44 - [MESSAGE][PASSED] - Object: 'Object Repository/manager/kale/Page_/root' is clicked on

2022-02-25 09:12:44 - [TEST_STEP][PASSED] - closeBrowser(): Browser is closed

2022-02-25 09:12:45 - [MESSAGE][PASSED] - Browser is closed]]></system-out>
         <system-err><![CDATA[]]></system-err>
      </testcase>
      <testcase name="Test Cases/Администратор/ОТЧЕТЫ функциональные тесты/Отчет психофиз" time="182.271" classname="Test Cases/Администратор/ОТЧЕТЫ функциональные тесты/Отчет психофиз" status="FAILED">
         <failure type="FAILED" message="Test Cases/Администратор/ОТЧЕТЫ функциональные тесты/Отчет психофиз FAILED.
Reason:
com.kms.katalon.core.exception.StepFailedException: Unable to scroll to object 'Object Repository/Avangard New/Object (Администратор)/Case (Психофиз)/exstraversi'
	at com.kms.katalon.core.webui.keyword.internal.WebUIKeywordMain.stepFailed(WebUIKeywordMain.groovy:64)
	at com.kms.katalon.core.webui.keyword.internal.WebUIKeywordMain.runKeyword(WebUIKeywordMain.groovy:26)
	at com.kms.katalon.core.webui.keyword.builtin.ScrollToElementKeyword.scrollToElement(ScrollToElementKeyword.groovy:88)
	at com.kms.katalon.core.webui.keyword.builtin.ScrollToElementKeyword.execute(ScrollToElementKeyword.groovy:68)
	at com.kms.katalon.core.keyword.internal.KeywordExecutor.executeKeywordForPlatform(KeywordExecutor.groovy:74)
	at com.kms.katalon.core.webui.keyword.WebUiBuiltInKeywords.scrollToElement(WebUiBuiltInKeywords.groovy:4061)
	at com.kms.katalon.core.webui.keyword.WebUiBuiltInKeywords$scrollToElement$5.call(Unknown Source)
	at Отчет психофиз.run(Отчет психофиз:70)
	at com.kms.katalon.core.main.ScriptEngine.run(ScriptEngine.java:194)
	at com.kms.katalon.core.main.ScriptEngine.runScriptAsRawText(ScriptEngine.java:119)
	at com.kms.katalon.core.main.TestCaseExecutor.runScript(TestCaseExecutor.java:442)
	at com.kms.katalon.core.main.TestCaseExecutor.doExecute(TestCaseExecutor.java:433)
	at com.kms.katalon.core.main.TestCaseExecutor.processExecutionPhase(TestCaseExecutor.java:412)
	at com.kms.katalon.core.main.TestCaseExecutor.accessMainPhase(TestCaseExecutor.java:404)
	at com.kms.katalon.core.main.TestCaseExecutor.execute(TestCaseExecutor.java:281)
	at com.kms.katalon.core.main.TestSuiteExecutor.accessTestCaseMainPhase(TestSuiteExecutor.java:202)
	at com.kms.katalon.core.main.TestSuiteExecutor.accessTestSuiteMainPhase(TestSuiteExecutor.java:164)
	at com.kms.katalon.core.main.TestSuiteExecutor.execute(TestSuiteExecutor.java:105)
	at com.kms.katalon.core.main.TestCaseMain.startTestSuite(TestCaseMain.java:185)
	at com.kms.katalon.core.main.TestCaseMain$startTestSuite$0.call(Unknown Source)
	at TempTestSuite1645768435326.run(TempTestSuite1645768435326.groovy:36)
Caused by: com.kms.katalon.core.webui.exception.WebElementNotFoundException: Web element with id: 'Object Repository/Avangard New/Object (Администратор)/Case (Психофиз)/exstraversi' located by '//p[(text() = 'Экстраверсия' or . = 'Экстраверсия')]' not found
	at com.kms.katalon.core.webui.common.WebUiCommonHelper.findWebElement(WebUiCommonHelper.java:1370)
	at com.kms.katalon.core.webui.keyword.internal.WebUIAbstractKeyword.findWebElement(WebUIAbstractKeyword.groovy:27)
	at com.kms.katalon.core.webui.keyword.internal.WebUIAbstractKeyword.findWebElement(WebUIAbstractKeyword.groovy:26)
	at com.kms.katalon.core.webui.keyword.builtin.ScrollToElementKeyword$_scrollToElement_closure1.doCall(ScrollToElementKeyword.groovy:79)
	at com.kms.katalon.core.webui.keyword.builtin.ScrollToElementKeyword$_scrollToElement_closure1.call(ScrollToElementKeyword.groovy)
	at com.kms.katalon.core.webui.keyword.internal.WebUIKeywordMain.runKeyword(WebUIKeywordMain.groovy:20)
	... 19 more
"/>
         <system-out><![CDATA[2022-02-25 09:12:45 - [TEST_CASE][FAILED] - Test Cases/Администратор/ОТЧЕТЫ функциональные тесты/Отчет психофиз: Test Cases/Администратор/ОТЧЕТЫ функциональные тесты/Отчет психофиз FAILED.
Reason:
com.kms.katalon.core.exception.StepFailedException: Unable to scroll to object 'Object Repository/Avangard New/Object (Администратор)/Case (Психофиз)/exstraversi'
	at com.kms.katalon.core.webui.keyword.internal.WebUIKeywordMain.stepFailed(WebUIKeywordMain.groovy:64)
	at com.kms.katalon.core.webui.keyword.internal.WebUIKeywordMain.runKeyword(WebUIKeywordMain.groovy:26)
	at com.kms.katalon.core.webui.keyword.builtin.ScrollToElementKeyword.scrollToElement(ScrollToElementKeyword.groovy:88)
	at com.kms.katalon.core.webui.keyword.builtin.ScrollToElementKeyword.execute(ScrollToElementKeyword.groovy:68)
	at com.kms.katalon.core.keyword.internal.KeywordExecutor.executeKeywordForPlatform(KeywordExecutor.groovy:74)
	at com.kms.katalon.core.webui.keyword.WebUiBuiltInKeywords.scrollToElement(WebUiBuiltInKeywords.groovy:4061)
	at com.kms.katalon.core.webui.keyword.WebUiBuiltInKeywords$scrollToElement$5.call(Unknown Source)
	at Отчет психофиз.run(Отчет психофиз:70)
	at com.kms.katalon.core.main.ScriptEngine.run(ScriptEngine.java:194)
	at com.kms.katalon.core.main.ScriptEngine.runScriptAsRawText(ScriptEngine.java:119)
	at com.kms.katalon.core.main.TestCaseExecutor.runScript(TestCaseExecutor.java:442)
	at com.kms.katalon.core.main.TestCaseExecutor.doExecute(TestCaseExecutor.java:433)
	at com.kms.katalon.core.main.TestCaseExecutor.processExecutionPhase(TestCaseExecutor.java:412)
	at com.kms.katalon.core.main.TestCaseExecutor.accessMainPhase(TestCaseExecutor.java:404)
	at com.kms.katalon.core.main.TestCaseExecutor.execute(TestCaseExecutor.java:281)
	at com.kms.katalon.core.main.TestSuiteExecutor.accessTestCaseMainPhase(TestSuiteExecutor.java:202)
	at com.kms.katalon.core.main.TestSuiteExecutor.accessTestSuiteMainPhase(TestSuiteExecutor.java:164)
	at com.kms.katalon.core.main.TestSuiteExecutor.execute(TestSuiteExecutor.java:105)
	at com.kms.katalon.core.main.TestCaseMain.startTestSuite(TestCaseMain.java:185)
	at com.kms.katalon.core.main.TestCaseMain$startTestSuite$0.call(Unknown Source)
	at TempTestSuite1645768435326.run(TempTestSuite1645768435326.groovy:36)
Caused by: com.kms.katalon.core.webui.exception.WebElementNotFoundException: Web element with id: 'Object Repository/Avangard New/Object (Администратор)/Case (Психофиз)/exstraversi' located by '//p[(text() = 'Экстраверсия' or . = 'Экстраверсия')]' not found
	at com.kms.katalon.core.webui.common.WebUiCommonHelper.findWebElement(WebUiCommonHelper.java:1370)
	at com.kms.katalon.core.webui.keyword.internal.WebUIAbstractKeyword.findWebElement(WebUIAbstractKeyword.groovy:27)
	at com.kms.katalon.core.webui.keyword.internal.WebUIAbstractKeyword.findWebElement(WebUIAbstractKeyword.groovy:26)
	at com.kms.katalon.core.webui.keyword.builtin.ScrollToElementKeyword$_scrollToElement_closure1.doCall(ScrollToElementKeyword.groovy:79)
	at com.kms.katalon.core.webui.keyword.builtin.ScrollToElementKeyword$_scrollToElement_closure1.call(ScrollToElementKeyword.groovy)
	at com.kms.katalon.core.webui.keyword.internal.WebUIKeywordMain.runKeyword(WebUIKeywordMain.groovy:20)
	... 19 more


2022-02-25 09:12:46 - [TEST_STEP][PASSED] - callTestCase(findTestCase("Администратор/Отчет для тк"), [:], STOP_ON_FAILURE): Call Test Case 'Test Cases/Администратор/Отчет для тк' successfully

2022-02-25 09:12:46 - [TEST_CASE][PASSED] - Test Cases/Администратор/Отчет для тк: Test Cases/Администратор/Отчет для тк

2022-02-25 09:12:46 - [TEST_STEP][PASSED] - callTestCase(findTestCase("Администратор/Авторизация"), [:], STOP_ON_FAILURE): Call Test Case 'Test Cases/Администратор/Авторизация' successfully

2022-02-25 09:12:46 - [TEST_CASE][PASSED] - Test Cases/Администратор/Авторизация: Test Cases/Администратор/Авторизация

2022-02-25 09:12:46 - [TEST_STEP][PASSED] - openBrowser(""): Browser is opened with url: ''

2022-02-25 09:12:46 - [MESSAGE][INFO] - User set preference: ['os', 'linux']

2022-02-25 09:12:46 - [MESSAGE][INFO] - User set preference: ['browserName', 'chrome']

2022-02-25 09:12:46 - [MESSAGE][INFO] - User set preference: ['browserVersion', '97']

2022-02-25 09:12:46 - [MESSAGE][INFO] - User set preference: ['katalon:option', '{organizationId=564672, tunnelId=, usingTunnel=false}']

2022-02-25 09:12:46 - [MESSAGE][INFO] - Connecting to remote web server 'testcloud.katalon.com/hub' with type 'Selenium'

2022-02-25 09:12:46 - [MESSAGE][INFO] - Action delay is set to 100 milliseconds

2022-02-25 09:13:39 - [MESSAGE][PASSED] - Browser is opened with url: ''

2022-02-25 09:13:39 - [TEST_STEP][PASSED] - maximizeWindow(): Current window maximized

2022-02-25 09:13:39 - [MESSAGE][PASSED] - Current window maximized

2022-02-25 09:13:39 - [TEST_STEP][PASSED] - navigateToUrl(url): Navigate to 'https://stars-stage.hawk.ru:8080' successfully

2022-02-25 09:13:45 - [MESSAGE][PASSED] - Navigate to 'https://stars-stage.hawk.ru:8080' successfully

2022-02-25 09:13:45 - [TEST_STEP][PASSED] - setText(findTestObject("Object Repository/Page_/input__sc-lnrBVv eqPACj"), admin_login): Text 'TestAdmin@test.ru' is set on object 'Object Repository/Page_/input__sc-lnrBVv eqPACj'

2022-02-25 09:13:49 - [MESSAGE][PASSED] - Text 'TestAdmin@test.ru' is set on object 'Object Repository/Page_/input__sc-lnrBVv eqPACj'

2022-02-25 09:13:49 - [TEST_STEP][PASSED] - setText(findTestObject("Object Repository/Page_/input__sc-lnrBVv eqPACj_1"), admin_password): Text 'TestAdmin@test.ru' is set on object 'Object Repository/Page_/input__sc-lnrBVv eqPACj_1'

2022-02-25 09:13:53 - [MESSAGE][PASSED] - Text 'TestAdmin@test.ru' is set on object 'Object Repository/Page_/input__sc-lnrBVv eqPACj_1'

2022-02-25 09:13:53 - [TEST_STEP][PASSED] - click(findTestObject("Object Repository/Page_/go")): Object: 'Object Repository/Page_/go' is clicked on

2022-02-25 09:13:55 - [MESSAGE][PASSED] - Object: 'Object Repository/Page_/go' is clicked on

2022-02-25 09:13:55 - [MESSAGE][PASSED] - Call Test Case 'Test Cases/Администратор/Авторизация' successfully

2022-02-25 09:13:55 - [TEST_STEP][PASSED] - click(findTestObject("admin/reports/keys/reports/report")): Object: 'Object Repository/admin/reports/keys/reports/report' is clicked on

2022-02-25 09:14:13 - [MESSAGE][PASSED] - Object: 'Object Repository/admin/reports/keys/reports/report' is clicked on

2022-02-25 09:14:13 - [MESSAGE][PASSED] - Call Test Case 'Test Cases/Администратор/Отчет для тк' successfully

2022-02-25 09:14:13 - [TEST_STEP][PASSED] - click(findTestObject("Object Repository/Avangard New/Object (Администратор)/Case (Психофиз)/psyxofiz report")): Object: 'Object Repository/Avangard New/Object (Администратор)/Case (Психофиз)/psyxofiz report' is clicked on

2022-02-25 09:14:17 - [MESSAGE][PASSED] - Object: 'Object Repository/Avangard New/Object (Администратор)/Case (Психофиз)/psyxofiz report' is clicked on

2022-02-25 09:14:17 - [TEST_STEP][PASSED] - verifyElementText(findTestObject("Object Repository/Avangard New/Object (Администратор)/Case (Психофиз)/header report"), "ОТЧЕТ ПСИХОЛОГИЧЕСКОГО ПРОФИЛЯ"): Actual text and expected text of test object 'Object Repository/Avangard New/Object (Администратор)/Case (Психофиз)/header report' are matched.

2022-02-25 09:14:19 - [MESSAGE][PASSED] - Actual text and expected text of test object 'Object Repository/Avangard New/Object (Администратор)/Case (Психофиз)/header report' are matched.

2022-02-25 09:14:19 - [TEST_STEP][PASSED] - click(findTestObject("Object Repository/Avangard New/Object (Администратор)/Case (Психофиз)/scool")): Object: 'Object Repository/Avangard New/Object (Администратор)/Case (Психофиз)/scool' is clicked on

2022-02-25 09:14:21 - [MESSAGE][PASSED] - Object: 'Object Repository/Avangard New/Object (Администратор)/Case (Психофиз)/scool' is clicked on

2022-02-25 09:14:21 - [TEST_STEP][PASSED] - click(findTestObject("Object Repository/Avangard New/Object (Администратор)/Case (Психофиз)/div_")): Object: 'Object Repository/Avangard New/Object (Администратор)/Case (Психофиз)/div_' is clicked on

2022-02-25 09:14:23 - [MESSAGE][PASSED] - Object: 'Object Repository/Avangard New/Object (Администратор)/Case (Психофиз)/div_' is clicked on

2022-02-25 09:14:23 - [TEST_STEP][PASSED] - click(findTestObject("Object Repository/Avangard New/Object (Администратор)/Case (Психофиз)/team")): Object: 'Object Repository/Avangard New/Object (Администратор)/Case (Психофиз)/team' is clicked on

2022-02-25 09:14:25 - [MESSAGE][PASSED] - Object: 'Object Repository/Avangard New/Object (Администратор)/Case (Психофиз)/team' is clicked on

2022-02-25 09:14:25 - [TEST_STEP][PASSED] - click(findTestObject("Object Repository/Avangard New/Object (Администратор)/Case (Психофиз)/oya")): Object: 'Object Repository/Avangard New/Object (Администратор)/Case (Психофиз)/oya' is clicked on

2022-02-25 09:14:28 - [MESSAGE][PASSED] - Object: 'Object Repository/Avangard New/Object (Администратор)/Case (Психофиз)/oya' is clicked on

2022-02-25 09:14:28 - [TEST_STEP][PASSED] - setText(findTestObject("Object Repository/Avangard New/Object (Администратор)/Case (Психофиз)/input__ganin"), player_for_test): Text 'Власенко Дмитрий' is set on object 'Object Repository/Avangard New/Object (Администратор)/Case (Психофиз)/input__ganin'

2022-02-25 09:14:32 - [MESSAGE][PASSED] - Text 'Власенко Дмитрий' is set on object 'Object Repository/Avangard New/Object (Администратор)/Case (Психофиз)/input__ganin'

2022-02-25 09:14:32 - [TEST_STEP][PASSED] - sendKeys(findTestObject("Object Repository/admin/Global player"), Keys.chord(ENTER)): Keys 'ENTER + ' sent to object: 'Object Repository/admin/Global player'

2022-02-25 09:14:33 - [MESSAGE][PASSED] - Keys 'ENTER + ' sent to object: 'Object Repository/admin/Global player'

2022-02-25 09:14:33 - [TEST_STEP][PASSED] - click(findTestObject("Object Repository/Avangard New/Object (Администратор)/Case (Психофиз)/date")): Object: 'Object Repository/Avangard New/Object (Администратор)/Case (Психофиз)/date' is clicked on

2022-02-25 09:14:39 - [MESSAGE][PASSED] - Object: 'Object Repository/Avangard New/Object (Администратор)/Case (Психофиз)/date' is clicked on

2022-02-25 09:14:39 - [TEST_STEP][PASSED] - click(findTestObject("Object Repository/Avangard New/Object (Администратор)/Case (Психофиз)/date 14 01")): Object: 'Object Repository/Avangard New/Object (Администратор)/Case (Психофиз)/date 14 01' is clicked on

2022-02-25 09:14:40 - [MESSAGE][PASSED] - Object: 'Object Repository/Avangard New/Object (Администратор)/Case (Психофиз)/date 14 01' is clicked on

2022-02-25 09:14:40 - [TEST_STEP][PASSED] - scrollToElement(findTestObject("Avangard New/Object (Администратор)/Case (Психофиз)/reaction easy1"), 0): Scroll to object 'Object Repository/Avangard New/Object (Администратор)/Case (Психофиз)/reaction easy1' successfully

2022-02-25 09:14:41 - [MESSAGE][WARNING] - Timeout '0' is invalid. Using default page load timeout: '30'

2022-02-25 09:14:46 - [MESSAGE][PASSED] - Scroll to object 'Object Repository/Avangard New/Object (Администратор)/Case (Психофиз)/reaction easy1' successfully

2022-02-25 09:14:46 - [TEST_STEP][PASSED] - verifyElementText(findTestObject("Avangard New/Object (Администратор)/Case (Психофиз)/reaction easy1"), "Реакция на простой стимул"): Actual text and expected text of test object 'Object Repository/Avangard New/Object (Администратор)/Case (Психофиз)/reaction easy1' are matched.

2022-02-25 09:14:48 - [MESSAGE][PASSED] - Actual text and expected text of test object 'Object Repository/Avangard New/Object (Администратор)/Case (Психофиз)/reaction easy1' are matched.

2022-02-25 09:14:48 - [TEST_STEP][PASSED] - verifyElementText(findTestObject("Avangard New/Object (Администратор)/Case (Психофиз)/reaction hard1"), "Реакция на сложный стимул"): Actual text and expected text of test object 'Object Repository/Avangard New/Object (Администратор)/Case (Психофиз)/reaction hard1' are matched.

2022-02-25 09:14:49 - [MESSAGE][PASSED] - Actual text and expected text of test object 'Object Repository/Avangard New/Object (Администратор)/Case (Психофиз)/reaction hard1' are matched.

2022-02-25 09:14:49 - [TEST_STEP][PASSED] - scrollToElement(findTestObject("Object Repository/Avangard New/Object (Администратор)/Case (Психофиз)/season (1)"), 0): Scroll to object 'Object Repository/Avangard New/Object (Администратор)/Case (Психофиз)/season (1)' successfully

2022-02-25 09:14:49 - [MESSAGE][WARNING] - Timeout '0' is invalid. Using default page load timeout: '30'

2022-02-25 09:14:51 - [MESSAGE][PASSED] - Scroll to object 'Object Repository/Avangard New/Object (Администратор)/Case (Психофиз)/season (1)' successfully

2022-02-25 09:14:51 - [TEST_STEP][PASSED] - click(findTestObject("Object Repository/Avangard New/Object (Администратор)/Case (Психофиз)/topologic")): Object: 'Object Repository/Avangard New/Object (Администратор)/Case (Психофиз)/topologic' is clicked on

2022-02-25 09:14:53 - [MESSAGE][PASSED] - Object: 'Object Repository/Avangard New/Object (Администратор)/Case (Психофиз)/topologic' is clicked on

2022-02-25 09:14:53 - [TEST_STEP][PASSED] - click(findTestObject("Object Repository/Avangard New/Object (Администратор)/Case (Психофиз)/season (1)")): Object: 'Object Repository/Avangard New/Object (Администратор)/Case (Психофиз)/season (1)' is clicked on

2022-02-25 09:14:55 - [MESSAGE][PASSED] - Object: 'Object Repository/Avangard New/Object (Администратор)/Case (Психофиз)/season (1)' is clicked on

2022-02-25 09:14:55 - [TEST_STEP][PASSED] - click(findTestObject("Object Repository/Avangard New/Object (Администратор)/Case (Психофиз)/21-22")): Object: 'Object Repository/Avangard New/Object (Администратор)/Case (Психофиз)/21-22' is clicked on

2022-02-25 09:14:58 - [MESSAGE][PASSED] - Object: 'Object Repository/Avangard New/Object (Администратор)/Case (Психофиз)/21-22' is clicked on

2022-02-25 09:14:58 - [TEST_STEP][FAILED] - scrollToElement(findTestObject("Avangard New/Object (Администратор)/Case (Психофиз)/exstraversi"), 0): Unable to scroll to object 'Object Repository/Avangard New/Object (Администратор)/Case (Психофиз)/exstraversi' (Root cause: com.kms.katalon.core.exception.StepFailedException: Unable to scroll to object 'Object Repository/Avangard New/Object (Администратор)/Case (Психофиз)/exstraversi'
	at com.kms.katalon.core.webui.keyword.internal.WebUIKeywordMain.stepFailed(WebUIKeywordMain.groovy:64)
	at com.kms.katalon.core.webui.keyword.internal.WebUIKeywordMain.runKeyword(WebUIKeywordMain.groovy:26)
	at com.kms.katalon.core.webui.keyword.builtin.ScrollToElementKeyword.scrollToElement(ScrollToElementKeyword.groovy:88)
	at com.kms.katalon.core.webui.keyword.builtin.ScrollToElementKeyword.execute(ScrollToElementKeyword.groovy:68)
	at com.kms.katalon.core.keyword.internal.KeywordExecutor.executeKeywordForPlatform(KeywordExecutor.groovy:74)
	at com.kms.katalon.core.webui.keyword.WebUiBuiltInKeywords.scrollToElement(WebUiBuiltInKeywords.groovy:4061)
	at com.kms.katalon.core.webui.keyword.WebUiBuiltInKeywords$scrollToElement$5.call(Unknown Source)
	at Отчет психофиз.run(Отчет психофиз:70)
	at com.kms.katalon.core.main.ScriptEngine.run(ScriptEngine.java:194)
	at com.kms.katalon.core.main.ScriptEngine.runScriptAsRawText(ScriptEngine.java:119)
	at com.kms.katalon.core.main.TestCaseExecutor.runScript(TestCaseExecutor.java:442)
	at com.kms.katalon.core.main.TestCaseExecutor.doExecute(TestCaseExecutor.java:433)
	at com.kms.katalon.core.main.TestCaseExecutor.processExecutionPhase(TestCaseExecutor.java:412)
	at com.kms.katalon.core.main.TestCaseExecutor.accessMainPhase(TestCaseExecutor.java:404)
	at com.kms.katalon.core.main.TestCaseExecutor.execute(TestCaseExecutor.java:281)
	at com.kms.katalon.core.main.TestSuiteExecutor.accessTestCaseMainPhase(TestSuiteExecutor.java:202)
	at com.kms.katalon.core.main.TestSuiteExecutor.accessTestSuiteMainPhase(TestSuiteExecutor.java:164)
	at com.kms.katalon.core.main.TestSuiteExecutor.execute(TestSuiteExecutor.java:105)
	at com.kms.katalon.core.main.TestCaseMain.startTestSuite(TestCaseMain.java:185)
	at com.kms.katalon.core.main.TestCaseMain$startTestSuite$0.call(Unknown Source)
	at TempTestSuite1645768435326.run(TempTestSuite1645768435326.groovy:36)
Caused by: com.kms.katalon.core.webui.exception.WebElementNotFoundException: Web element with id: 'Object Repository/Avangard New/Object (Администратор)/Case (Психофиз)/exstraversi' located by '//p[(text() = 'Экстраверсия' or . = 'Экстраверсия')]' not found
	at com.kms.katalon.core.webui.common.WebUiCommonHelper.findWebElement(WebUiCommonHelper.java:1370)
	at com.kms.katalon.core.webui.keyword.internal.WebUIAbstractKeyword.findWebElement(WebUIAbstractKeyword.groovy:27)
	at com.kms.katalon.core.webui.keyword.internal.WebUIAbstractKeyword.findWebElement(WebUIAbstractKeyword.groovy:26)
	at com.kms.katalon.core.webui.keyword.builtin.ScrollToElementKeyword$_scrollToElement_closure1.doCall(ScrollToElementKeyword.groovy:79)
	at com.kms.katalon.core.webui.keyword.builtin.ScrollToElementKeyword$_scrollToElement_closure1.call(ScrollToElementKeyword.groovy)
	at com.kms.katalon.core.webui.keyword.internal.WebUIKeywordMain.runKeyword(WebUIKeywordMain.groovy:20)
	at com.kms.katalon.core.webui.keyword.builtin.ScrollToElementKeyword.scrollToElement(ScrollToElementKeyword.groovy:88)
	at com.kms.katalon.core.webui.keyword.builtin.ScrollToElementKeyword.execute(ScrollToElementKeyword.groovy:68)
	at com.kms.katalon.core.keyword.internal.KeywordExecutor.executeKeywordForPlatform(KeywordExecutor.groovy:74)
	at com.kms.katalon.core.webui.keyword.WebUiBuiltInKeywords.scrollToElement(WebUiBuiltInKeywords.groovy:4061)
	at com.kms.katalon.core.webui.keyword.WebUiBuiltInKeywords$scrollToElement$5.call(Unknown Source)
	at Script1645083258462.run(Script1645083258462.groovy:70)
	... 13 more
)

2022-02-25 09:14:58 - [MESSAGE][WARNING] - Timeout '0' is invalid. Using default page load timeout: '30'

2022-02-25 09:15:29 - [MESSAGE][INFO] - Unable to find the element located by 'By.xpath: //p[(text() = 'Экстраверсия' or . = 'Экстраверсия')]'. Please recheck the objects properties to make sure the desired element is located. 

2022-02-25 09:15:29 - [MESSAGE][WARNING] - [SELF-HEALING] Failed to find element with id 'Object Repository/Avangard New/Object (Администратор)/Case (Психофиз)/exstraversi'. Try using Self-healing.

2022-02-25 09:15:31 - [MESSAGE][INFO] - [SELF-HEALING] Failed Locator: '//div[@id='rc-tabs-0-panel-1']/div[2]/div[2]/div/div/div/div/div[2]/p[2]'.

2022-02-25 09:15:32 - [MESSAGE][INFO] - [SELF-HEALING] Failed Locator: '(.//*[normalize-space(text()) and normalize-space(.)='Индивидуально-типологический'])[1]/following::p[17]'.

2022-02-25 09:15:34 - [MESSAGE][INFO] - [SELF-HEALING] Failed Locator: '(.//*[normalize-space(text()) and normalize-space(.)='Психологический'])[1]/following::p[17]'.

2022-02-25 09:15:35 - [MESSAGE][INFO] - [SELF-HEALING] Failed Locator: '(.//*[normalize-space(text()) and normalize-space(.)='Редактирование профиля'])[1]/preceding::p[29]'.

2022-02-25 09:15:36 - [MESSAGE][INFO] - [SELF-HEALING] Failed Locator: '//*/text()[normalize-space(.)='Экстраверсия']/parent::*'.

2022-02-25 09:15:38 - [MESSAGE][INFO] - [SELF-HEALING] Failed Locator: '//div[2]/div/div/div/div/div[2]/p[2]'.

2022-02-25 09:15:39 - [MESSAGE][INFO] - [SELF-HEALING] Failed Locator: '//p[(text() = 'Экстраверсия' or . = 'Экстраверсия')]'.

2022-02-25 09:15:40 - [MESSAGE][INFO] - Unable to find the element located by 'By.xpath: //*[(text() = 'Экстраверсия' or . = 'Экстраверсия')]'. Please recheck the objects properties to make sure the desired element is located. 

2022-02-25 09:15:42 - [MESSAGE][INFO] - Unable to find the element located by 'By.cssSelector: p.styles__SkillName-sc-8xsnvi-9.fxKVA'. Please recheck the objects properties to make sure the desired element is located. 

2022-02-25 09:15:44 - [MESSAGE][FAILED] - Unable to scroll to object 'Object Repository/Avangard New/Object (Администратор)/Case (Психофиз)/exstraversi' (Root cause: com.kms.katalon.core.exception.StepFailedException: Unable to scroll to object 'Object Repository/Avangard New/Object (Администратор)/Case (Психофиз)/exstraversi'
	at com.kms.katalon.core.webui.keyword.internal.WebUIKeywordMain.stepFailed(WebUIKeywordMain.groovy:64)
	at com.kms.katalon.core.webui.keyword.internal.WebUIKeywordMain.runKeyword(WebUIKeywordMain.groovy:26)
	at com.kms.katalon.core.webui.keyword.builtin.ScrollToElementKeyword.scrollToElement(ScrollToElementKeyword.groovy:88)
	at com.kms.katalon.core.webui.keyword.builtin.ScrollToElementKeyword.execute(ScrollToElementKeyword.groovy:68)
	at com.kms.katalon.core.keyword.internal.KeywordExecutor.executeKeywordForPlatform(KeywordExecutor.groovy:74)
	at com.kms.katalon.core.webui.keyword.WebUiBuiltInKeywords.scrollToElement(WebUiBuiltInKeywords.groovy:4061)
	at com.kms.katalon.core.webui.keyword.WebUiBuiltInKeywords$scrollToElement$5.call(Unknown Source)
	at Отчет психофиз.run(Отчет психофиз:70)
	at com.kms.katalon.core.main.ScriptEngine.run(ScriptEngine.java:194)
	at com.kms.katalon.core.main.ScriptEngine.runScriptAsRawText(ScriptEngine.java:119)
	at com.kms.katalon.core.main.TestCaseExecutor.runScript(TestCaseExecutor.java:442)
	at com.kms.katalon.core.main.TestCaseExecutor.doExecute(TestCaseExecutor.java:433)
	at com.kms.katalon.core.main.TestCaseExecutor.processExecutionPhase(TestCaseExecutor.java:412)
	at com.kms.katalon.core.main.TestCaseExecutor.accessMainPhase(TestCaseExecutor.java:404)
	at com.kms.katalon.core.main.TestCaseExecutor.execute(TestCaseExecutor.java:281)
	at com.kms.katalon.core.main.TestSuiteExecutor.accessTestCaseMainPhase(TestSuiteExecutor.java:202)
	at com.kms.katalon.core.main.TestSuiteExecutor.accessTestSuiteMainPhase(TestSuiteExecutor.java:164)
	at com.kms.katalon.core.main.TestSuiteExecutor.execute(TestSuiteExecutor.java:105)
	at com.kms.katalon.core.main.TestCaseMain.startTestSuite(TestCaseMain.java:185)
	at com.kms.katalon.core.main.TestCaseMain$startTestSuite$0.call(Unknown Source)
	at TempTestSuite1645768435326.run(TempTestSuite1645768435326.groovy:36)
Caused by: com.kms.katalon.core.webui.exception.WebElementNotFoundException: Web element with id: 'Object Repository/Avangard New/Object (Администратор)/Case (Психофиз)/exstraversi' located by '//p[(text() = 'Экстраверсия' or . = 'Экстраверсия')]' not found
	at com.kms.katalon.core.webui.common.WebUiCommonHelper.findWebElement(WebUiCommonHelper.java:1370)
	at com.kms.katalon.core.webui.keyword.internal.WebUIAbstractKeyword.findWebElement(WebUIAbstractKeyword.groovy:27)
	at com.kms.katalon.core.webui.keyword.internal.WebUIAbstractKeyword.findWebElement(WebUIAbstractKeyword.groovy:26)
	at com.kms.katalon.core.webui.keyword.builtin.ScrollToElementKeyword$_scrollToElement_closure1.doCall(ScrollToElementKeyword.groovy:79)
	at com.kms.katalon.core.webui.keyword.builtin.ScrollToElementKeyword$_scrollToElement_closure1.call(ScrollToElementKeyword.groovy)
	at com.kms.katalon.core.webui.keyword.internal.WebUIKeywordMain.runKeyword(WebUIKeywordMain.groovy:20)
	at com.kms.katalon.core.webui.keyword.builtin.ScrollToElementKeyword.scrollToElement(ScrollToElementKeyword.groovy:88)
	at com.kms.katalon.core.webui.keyword.builtin.ScrollToElementKeyword.execute(ScrollToElementKeyword.groovy:68)
	at com.kms.katalon.core.keyword.internal.KeywordExecutor.executeKeywordForPlatform(KeywordExecutor.groovy:74)
	at com.kms.katalon.core.webui.keyword.WebUiBuiltInKeywords.scrollToElement(WebUiBuiltInKeywords.groovy:4061)
	at com.kms.katalon.core.webui.keyword.WebUiBuiltInKeywords$scrollToElement$5.call(Unknown Source)
	at Script1645083258462.run(Script1645083258462.groovy:70)
	... 13 more
)
[[ATTACHMENT|C:\\Users\\LENOVO\\Katalon Studio\\Avangard\\Reports\\20220225_085350\\\u0410\u0434\u043C\u0438\u043D\u0438\u0441\u0442\u0440\u0430\u0442\u043E\u0440\\20220225_085355\\1645769742059.png]]]]></system-out>
         <system-err><![CDATA[2022-02-25 09:12:45 - [TEST_CASE][FAILED] - Test Cases/Администратор/ОТЧЕТЫ функциональные тесты/Отчет психофиз: Test Cases/Администратор/ОТЧЕТЫ функциональные тесты/Отчет психофиз FAILED.
Reason:
com.kms.katalon.core.exception.StepFailedException: Unable to scroll to object 'Object Repository/Avangard New/Object (Администратор)/Case (Психофиз)/exstraversi'
	at com.kms.katalon.core.webui.keyword.internal.WebUIKeywordMain.stepFailed(WebUIKeywordMain.groovy:64)
	at com.kms.katalon.core.webui.keyword.internal.WebUIKeywordMain.runKeyword(WebUIKeywordMain.groovy:26)
	at com.kms.katalon.core.webui.keyword.builtin.ScrollToElementKeyword.scrollToElement(ScrollToElementKeyword.groovy:88)
	at com.kms.katalon.core.webui.keyword.builtin.ScrollToElementKeyword.execute(ScrollToElementKeyword.groovy:68)
	at com.kms.katalon.core.keyword.internal.KeywordExecutor.executeKeywordForPlatform(KeywordExecutor.groovy:74)
	at com.kms.katalon.core.webui.keyword.WebUiBuiltInKeywords.scrollToElement(WebUiBuiltInKeywords.groovy:4061)
	at com.kms.katalon.core.webui.keyword.WebUiBuiltInKeywords$scrollToElement$5.call(Unknown Source)
	at Отчет психофиз.run(Отчет психофиз:70)
	at com.kms.katalon.core.main.ScriptEngine.run(ScriptEngine.java:194)
	at com.kms.katalon.core.main.ScriptEngine.runScriptAsRawText(ScriptEngine.java:119)
	at com.kms.katalon.core.main.TestCaseExecutor.runScript(TestCaseExecutor.java:442)
	at com.kms.katalon.core.main.TestCaseExecutor.doExecute(TestCaseExecutor.java:433)
	at com.kms.katalon.core.main.TestCaseExecutor.processExecutionPhase(TestCaseExecutor.java:412)
	at com.kms.katalon.core.main.TestCaseExecutor.accessMainPhase(TestCaseExecutor.java:404)
	at com.kms.katalon.core.main.TestCaseExecutor.execute(TestCaseExecutor.java:281)
	at com.kms.katalon.core.main.TestSuiteExecutor.accessTestCaseMainPhase(TestSuiteExecutor.java:202)
	at com.kms.katalon.core.main.TestSuiteExecutor.accessTestSuiteMainPhase(TestSuiteExecutor.java:164)
	at com.kms.katalon.core.main.TestSuiteExecutor.execute(TestSuiteExecutor.java:105)
	at com.kms.katalon.core.main.TestCaseMain.startTestSuite(TestCaseMain.java:185)
	at com.kms.katalon.core.main.TestCaseMain$startTestSuite$0.call(Unknown Source)
	at TempTestSuite1645768435326.run(TempTestSuite1645768435326.groovy:36)
Caused by: com.kms.katalon.core.webui.exception.WebElementNotFoundException: Web element with id: 'Object Repository/Avangard New/Object (Администратор)/Case (Психофиз)/exstraversi' located by '//p[(text() = 'Экстраверсия' or . = 'Экстраверсия')]' not found
	at com.kms.katalon.core.webui.common.WebUiCommonHelper.findWebElement(WebUiCommonHelper.java:1370)
	at com.kms.katalon.core.webui.keyword.internal.WebUIAbstractKeyword.findWebElement(WebUIAbstractKeyword.groovy:27)
	at com.kms.katalon.core.webui.keyword.internal.WebUIAbstractKeyword.findWebElement(WebUIAbstractKeyword.groovy:26)
	at com.kms.katalon.core.webui.keyword.builtin.ScrollToElementKeyword$_scrollToElement_closure1.doCall(ScrollToElementKeyword.groovy:79)
	at com.kms.katalon.core.webui.keyword.builtin.ScrollToElementKeyword$_scrollToElement_closure1.call(ScrollToElementKeyword.groovy)
	at com.kms.katalon.core.webui.keyword.internal.WebUIKeywordMain.runKeyword(WebUIKeywordMain.groovy:20)
	... 19 more]]></system-err>
      </testcase>
      <testcase name="Test Cases/Администратор/ОТЧЕТЫ функциональные тесты/Отчет по играм за период" time="134.509" classname="Test Cases/Администратор/ОТЧЕТЫ функциональные тесты/Отчет по играм за период" status="PASSED">
         <system-out><![CDATA[2022-02-25 09:15:47 - [TEST_CASE][PASSED] - Test Cases/Администратор/ОТЧЕТЫ функциональные тесты/Отчет по играм за период: Test Cases/Администратор/ОТЧЕТЫ функциональные тесты/Отчет по играм за период

2022-02-25 09:15:48 - [TEST_STEP][PASSED] - callTestCase(findTestCase("Администратор/Отчет для тк"), [:], STOP_ON_FAILURE): Call Test Case 'Test Cases/Администратор/Отчет для тк' successfully

2022-02-25 09:15:48 - [TEST_CASE][PASSED] - Test Cases/Администратор/Отчет для тк: Test Cases/Администратор/Отчет для тк

2022-02-25 09:15:48 - [TEST_STEP][PASSED] - callTestCase(findTestCase("Администратор/Авторизация"), [:], STOP_ON_FAILURE): Call Test Case 'Test Cases/Администратор/Авторизация' successfully

2022-02-25 09:15:48 - [TEST_CASE][PASSED] - Test Cases/Администратор/Авторизация: Test Cases/Администратор/Авторизация

2022-02-25 09:15:48 - [TEST_STEP][PASSED] - openBrowser(""): Browser is opened with url: ''

2022-02-25 09:15:48 - [MESSAGE][WARNING] - A browser is already opened. Closing browser and opening a new one

2022-02-25 09:15:48 - [MESSAGE][INFO] - User set preference: ['os', 'linux']

2022-02-25 09:15:48 - [MESSAGE][INFO] - User set preference: ['browserName', 'chrome']

2022-02-25 09:15:48 - [MESSAGE][INFO] - User set preference: ['browserVersion', '97']

2022-02-25 09:15:48 - [MESSAGE][INFO] - User set preference: ['katalon:option', '{organizationId=564672, tunnelId=, usingTunnel=false}']

2022-02-25 09:15:48 - [MESSAGE][INFO] - Connecting to remote web server 'testcloud.katalon.com/hub' with type 'Selenium'

2022-02-25 09:15:48 - [MESSAGE][INFO] - Action delay is set to 100 milliseconds

2022-02-25 09:16:25 - [MESSAGE][PASSED] - Browser is opened with url: ''

2022-02-25 09:16:25 - [TEST_STEP][PASSED] - maximizeWindow(): Current window maximized

2022-02-25 09:16:26 - [MESSAGE][PASSED] - Current window maximized

2022-02-25 09:16:26 - [TEST_STEP][PASSED] - navigateToUrl(url): Navigate to 'https://stars-stage.hawk.ru:8080' successfully

2022-02-25 09:16:32 - [MESSAGE][PASSED] - Navigate to 'https://stars-stage.hawk.ru:8080' successfully

2022-02-25 09:16:32 - [TEST_STEP][PASSED] - setText(findTestObject("Object Repository/Page_/input__sc-lnrBVv eqPACj"), admin_login): Text 'TestAdmin@test.ru' is set on object 'Object Repository/Page_/input__sc-lnrBVv eqPACj'

2022-02-25 09:16:36 - [MESSAGE][PASSED] - Text 'TestAdmin@test.ru' is set on object 'Object Repository/Page_/input__sc-lnrBVv eqPACj'

2022-02-25 09:16:36 - [TEST_STEP][PASSED] - setText(findTestObject("Object Repository/Page_/input__sc-lnrBVv eqPACj_1"), admin_password): Text 'TestAdmin@test.ru' is set on object 'Object Repository/Page_/input__sc-lnrBVv eqPACj_1'

2022-02-25 09:16:40 - [MESSAGE][PASSED] - Text 'TestAdmin@test.ru' is set on object 'Object Repository/Page_/input__sc-lnrBVv eqPACj_1'

2022-02-25 09:16:40 - [TEST_STEP][PASSED] - click(findTestObject("Object Repository/Page_/go")): Object: 'Object Repository/Page_/go' is clicked on

2022-02-25 09:16:42 - [MESSAGE][PASSED] - Object: 'Object Repository/Page_/go' is clicked on

2022-02-25 09:16:42 - [MESSAGE][PASSED] - Call Test Case 'Test Cases/Администратор/Авторизация' successfully

2022-02-25 09:16:42 - [TEST_STEP][PASSED] - click(findTestObject("admin/reports/keys/reports/report")): Object: 'Object Repository/admin/reports/keys/reports/report' is clicked on

2022-02-25 09:17:03 - [MESSAGE][PASSED] - Object: 'Object Repository/admin/reports/keys/reports/report' is clicked on

2022-02-25 09:17:03 - [MESSAGE][PASSED] - Call Test Case 'Test Cases/Администратор/Отчет для тк' successfully

2022-02-25 09:17:03 - [TEST_STEP][PASSED] - click(findTestObject("Object Repository/admin/reports/period/Page_/div_")): Object: 'Object Repository/admin/reports/period/Page_/div_' is clicked on

2022-02-25 09:17:06 - [MESSAGE][PASSED] - Object: 'Object Repository/admin/reports/period/Page_/div_' is clicked on

2022-02-25 09:17:06 - [TEST_STEP][PASSED] - verifyTextPresent("ОТЧЕТ ПО ИГРАМ ЗА ПЕРИОД", true): Text 'ОТЧЕТ ПО ИГРАМ ЗА ПЕРИОД' is present on page  using regular expression

2022-02-25 09:17:08 - [MESSAGE][PASSED] - Text 'ОТЧЕТ ПО ИГРАМ ЗА ПЕРИОД' is present on page  using regular expression

2022-02-25 09:17:08 - [TEST_STEP][PASSED] - setText(findTestObject("Object Repository/admin/reports/period/Page_/input__react-select-2-input"), "академия"): Text 'академия' is set on object 'Object Repository/admin/reports/period/Page_/input__react-select-2-input'

2022-02-25 09:17:12 - [MESSAGE][PASSED] - Text 'академия' is set on object 'Object Repository/admin/reports/period/Page_/input__react-select-2-input'

2022-02-25 09:17:12 - [TEST_STEP][PASSED] - sendKeys(findTestObject("Object Repository/admin/reports/period/Page_/input__react-select-2-input"), Keys.chord(ENTER)): Keys 'ENTER + ' sent to object: 'Object Repository/admin/reports/period/Page_/input__react-select-2-input'

2022-02-25 09:17:14 - [MESSAGE][PASSED] - Keys 'ENTER + ' sent to object: 'Object Repository/admin/reports/period/Page_/input__react-select-2-input'

2022-02-25 09:17:14 - [TEST_STEP][PASSED] - setText(findTestObject("Object Repository/admin/reports/period/Page_/input__react-select-3-input"), school): Text 'Авангард-2005' is set on object 'Object Repository/admin/reports/period/Page_/input__react-select-3-input'

2022-02-25 09:17:18 - [MESSAGE][PASSED] - Text 'Авангард-2005' is set on object 'Object Repository/admin/reports/period/Page_/input__react-select-3-input'

2022-02-25 09:17:18 - [TEST_STEP][PASSED] - sendKeys(findTestObject("Object Repository/admin/reports/period/Page_/input__react-select-3-input"), Keys.chord(ENTER)): Keys 'ENTER + ' sent to object: 'Object Repository/admin/reports/period/Page_/input__react-select-3-input'

2022-02-25 09:17:20 - [MESSAGE][PASSED] - Keys 'ENTER + ' sent to object: 'Object Repository/admin/reports/period/Page_/input__react-select-3-input'

2022-02-25 09:17:20 - [TEST_STEP][PASSED] - setText(findTestObject("Object Repository/admin/reports/period/Page_/input_._year"), "2020"): Text '2020' is set on object 'Object Repository/admin/reports/period/Page_/input_._year'

2022-02-25 09:17:27 - [MESSAGE][PASSED] - Text '2020' is set on object 'Object Repository/admin/reports/period/Page_/input_._year'

2022-02-25 09:17:27 - [TEST_STEP][PASSED] - waitForElementNotPresent(findTestObject("Object Repository/admin/reports/period/Page_/img_ _sc-cMljjf KiCqS"), 0): Web element with id: 'Object Repository/admin/reports/period/Page_/img_ _sc-cMljjf KiCqS' located by 'By.xpath: //div[@id='root']/div/div/div[2]/div/div[2]/div/div/div/img' is not present after '30' second(s)

2022-02-25 09:17:28 - [MESSAGE][WARNING] - Timeout '0' is invalid. Using default page load timeout: '30'

2022-02-25 09:17:38 - [MESSAGE][PASSED] - Web element with id: 'Object Repository/admin/reports/period/Page_/img_ _sc-cMljjf KiCqS' located by 'By.xpath: //div[@id='root']/div/div/div[2]/div/div[2]/div/div/div/img' is not present after '30' second(s)

2022-02-25 09:17:38 - [TEST_STEP][PASSED] - verifyTextPresent("Управление командой со скамейки", true): Text 'Управление командой со скамейки' is present on page  using regular expression

2022-02-25 09:17:41 - [MESSAGE][PASSED] - Text 'Управление командой со скамейки' is present on page  using regular expression

2022-02-25 09:17:41 - [TEST_STEP][PASSED] - verifyTextPresent("Самоотверженность / воля к победе", true): Text 'Самоотверженность / воля к победе' is present on page  using regular expression

2022-02-25 09:17:44 - [MESSAGE][PASSED] - Text 'Самоотверженность / воля к победе' is present on page  using regular expression

2022-02-25 09:17:44 - [TEST_STEP][PASSED] - verifyTextPresent("СРЕДНЯЯ ОЦЕНКА", false): Text 'СРЕДНЯЯ ОЦЕНКА' is present on page 

2022-02-25 09:17:47 - [MESSAGE][PASSED] - Text 'СРЕДНЯЯ ОЦЕНКА' is present on page 

2022-02-25 09:17:47 - [TEST_STEP][PASSED] - verifyTextPresent("АТАКУЮЩИЕ ДЕЙСТВИЯ", false): Text 'АТАКУЮЩИЕ ДЕЙСТВИЯ' is present on page 

2022-02-25 09:17:50 - [MESSAGE][PASSED] - Text 'АТАКУЮЩИЕ ДЕЙСТВИЯ' is present on page 

2022-02-25 09:17:50 - [TEST_STEP][PASSED] - verifyTextPresent("ОБОРОНИТЕЛЬНЫЕ ДЕЙСТВИЯ", false): Text 'ОБОРОНИТЕЛЬНЫЕ ДЕЙСТВИЯ' is present on page 

2022-02-25 09:17:53 - [MESSAGE][PASSED] - Text 'ОБОРОНИТЕЛЬНЫЕ ДЕЙСТВИЯ' is present on page 

2022-02-25 09:17:53 - [TEST_STEP][PASSED] - verifyTextPresent("Защитник", false): Text 'Защитник' is present on page 

2022-02-25 09:17:56 - [MESSAGE][PASSED] - Text 'Защитник' is present on page 

2022-02-25 09:17:56 - [TEST_STEP][PASSED] - verifyTextPresent("Нападающий", false): Text 'Нападающий' is present on page 

2022-02-25 09:17:59 - [MESSAGE][PASSED] - Text 'Нападающий' is present on page 

2022-02-25 09:17:59 - [TEST_STEP][PASSED] - click(findTestObject("Object Repository/admin/reports/period/Page_/root")): Object: 'Object Repository/admin/reports/period/Page_/root' is clicked on

2022-02-25 09:18:01 - [MESSAGE][PASSED] - Object: 'Object Repository/admin/reports/period/Page_/root' is clicked on

2022-02-25 09:18:01 - [TEST_STEP][PASSED] - closeBrowser(): Browser is closed

2022-02-25 09:18:01 - [MESSAGE][PASSED] - Browser is closed]]></system-out>
         <system-err><![CDATA[]]></system-err>
      </testcase>
      <testcase name="Test Cases/Администратор/ОТЧЕТЫ функциональные тесты/Игровая статистика" time="97.775" classname="Test Cases/Администратор/ОТЧЕТЫ функциональные тесты/Игровая статистика" status="PASSED">
         <system-out><![CDATA[2022-02-25 09:18:01 - [TEST_CASE][PASSED] - Test Cases/Администратор/ОТЧЕТЫ функциональные тесты/Игровая статистика: Test Cases/Администратор/ОТЧЕТЫ функциональные тесты/Игровая статистика

2022-02-25 09:18:02 - [TEST_STEP][PASSED] - callTestCase(findTestCase("Администратор/Авторизация"), [:], STOP_ON_FAILURE): Call Test Case 'Test Cases/Администратор/Авторизация' successfully

2022-02-25 09:18:02 - [TEST_CASE][PASSED] - Test Cases/Администратор/Авторизация: Test Cases/Администратор/Авторизация

2022-02-25 09:18:02 - [TEST_STEP][PASSED] - openBrowser(""): Browser is opened with url: ''

2022-02-25 09:18:03 - [MESSAGE][INFO] - User set preference: ['os', 'linux']

2022-02-25 09:18:03 - [MESSAGE][INFO] - User set preference: ['browserName', 'chrome']

2022-02-25 09:18:03 - [MESSAGE][INFO] - User set preference: ['browserVersion', '97']

2022-02-25 09:18:03 - [MESSAGE][INFO] - User set preference: ['katalon:option', '{organizationId=564672, tunnelId=, usingTunnel=false}']

2022-02-25 09:18:03 - [MESSAGE][INFO] - Connecting to remote web server 'testcloud.katalon.com/hub' with type 'Selenium'

2022-02-25 09:18:03 - [MESSAGE][INFO] - Action delay is set to 100 milliseconds

2022-02-25 09:18:21 - [MESSAGE][PASSED] - Browser is opened with url: ''

2022-02-25 09:18:21 - [TEST_STEP][PASSED] - maximizeWindow(): Current window maximized

2022-02-25 09:18:21 - [MESSAGE][PASSED] - Current window maximized

2022-02-25 09:18:21 - [TEST_STEP][PASSED] - navigateToUrl(url): Navigate to 'https://stars-stage.hawk.ru:8080' successfully

2022-02-25 09:18:27 - [MESSAGE][PASSED] - Navigate to 'https://stars-stage.hawk.ru:8080' successfully

2022-02-25 09:18:27 - [TEST_STEP][PASSED] - setText(findTestObject("Object Repository/Page_/input__sc-lnrBVv eqPACj"), admin_login): Text 'TestAdmin@test.ru' is set on object 'Object Repository/Page_/input__sc-lnrBVv eqPACj'

2022-02-25 09:18:31 - [MESSAGE][PASSED] - Text 'TestAdmin@test.ru' is set on object 'Object Repository/Page_/input__sc-lnrBVv eqPACj'

2022-02-25 09:18:31 - [TEST_STEP][PASSED] - setText(findTestObject("Object Repository/Page_/input__sc-lnrBVv eqPACj_1"), admin_password): Text 'TestAdmin@test.ru' is set on object 'Object Repository/Page_/input__sc-lnrBVv eqPACj_1'

2022-02-25 09:18:35 - [MESSAGE][PASSED] - Text 'TestAdmin@test.ru' is set on object 'Object Repository/Page_/input__sc-lnrBVv eqPACj_1'

2022-02-25 09:18:35 - [TEST_STEP][PASSED] - click(findTestObject("Object Repository/Page_/go")): Object: 'Object Repository/Page_/go' is clicked on

2022-02-25 09:18:37 - [MESSAGE][PASSED] - Object: 'Object Repository/Page_/go' is clicked on

2022-02-25 09:18:37 - [MESSAGE][PASSED] - Call Test Case 'Test Cases/Администратор/Авторизация' successfully

2022-02-25 09:18:37 - [TEST_STEP][PASSED] - click(findTestObject("Object Repository/admin/reports/gamestat/reports/report")): Object: 'Object Repository/admin/reports/gamestat/reports/report' is clicked on

2022-02-25 09:18:54 - [MESSAGE][PASSED] - Object: 'Object Repository/admin/reports/gamestat/reports/report' is clicked on

2022-02-25 09:18:54 - [TEST_STEP][PASSED] - click(findTestObject("Object Repository/admin/reports/gamestat/Page_/stats_report")): Object: 'Object Repository/admin/reports/gamestat/Page_/stats_report' is clicked on

2022-02-25 09:18:57 - [MESSAGE][PASSED] - Object: 'Object Repository/admin/reports/gamestat/Page_/stats_report' is clicked on

2022-02-25 09:18:57 - [TEST_STEP][PASSED] - verifyTextPresent("ИГРОВАЯ СТАТИСТИКА", true): Text 'ИГРОВАЯ СТАТИСТИКА' is present on page  using regular expression

2022-02-25 09:18:58 - [MESSAGE][PASSED] - Text 'ИГРОВАЯ СТАТИСТИКА' is present on page  using regular expression

2022-02-25 09:18:58 - [TEST_STEP][PASSED] - click(findTestObject("Object Repository/admin/reports/gamestat/Page_/school")): Object: 'Object Repository/admin/reports/gamestat/Page_/school' is clicked on

2022-02-25 09:19:00 - [MESSAGE][PASSED] - Object: 'Object Repository/admin/reports/gamestat/Page_/school' is clicked on

2022-02-25 09:19:00 - [TEST_STEP][PASSED] - click(findTestObject("Object Repository/admin/reports/gamestat/Page_/Academy")): Object: 'Object Repository/admin/reports/gamestat/Page_/Academy' is clicked on

2022-02-25 09:19:02 - [MESSAGE][PASSED] - Object: 'Object Repository/admin/reports/gamestat/Page_/Academy' is clicked on

2022-02-25 09:19:02 - [TEST_STEP][PASSED] - click(findTestObject("Object Repository/admin/reports/gamestat/Page_/team")): Object: 'Object Repository/admin/reports/gamestat/Page_/team' is clicked on

2022-02-25 09:19:05 - [MESSAGE][PASSED] - Object: 'Object Repository/admin/reports/gamestat/Page_/team' is clicked on

2022-02-25 09:19:05 - [TEST_STEP][PASSED] - click(findTestObject("Object Repository/admin/reports/gamestat/Page_/varteam")): Object: 'Object Repository/admin/reports/gamestat/Page_/varteam' is clicked on

2022-02-25 09:19:07 - [MESSAGE][PASSED] - Object: 'Object Repository/admin/reports/gamestat/Page_/varteam' is clicked on

2022-02-25 09:19:07 - [TEST_STEP][PASSED] - click(findTestObject("Object Repository/admin/reports/gamestat/Page_/choseSeason")): Object: 'Object Repository/admin/reports/gamestat/Page_/choseSeason' is clicked on

2022-02-25 09:19:10 - [MESSAGE][PASSED] - Object: 'Object Repository/admin/reports/gamestat/Page_/choseSeason' is clicked on

2022-02-25 09:19:10 - [TEST_STEP][PASSED] - click(findTestObject("Object Repository/admin/reports/gamestat/Page_/div_21-22_1")): Object: 'Object Repository/admin/reports/gamestat/Page_/div_21-22_1' is clicked on

2022-02-25 09:19:13 - [MESSAGE][PASSED] - Object: 'Object Repository/admin/reports/gamestat/Page_/div_21-22_1' is clicked on

2022-02-25 09:19:13 - [TEST_STEP][PASSED] - takeFullPageScreenshot("C:\scr\" + school + "10.jpg"): Taking screenshot successfully

2022-02-25 09:19:18 - [MESSAGE][INFO] - 0 hidden object(s)

2022-02-25 09:19:18 - [MESSAGE][PASSED] - Taking screenshot successfully
[[ATTACHMENT|C:\scr\Авангард-200510.jpg]]

2022-02-25 09:19:18 - [TEST_STEP][PASSED] - verifyTextPresent("Матчи", true): Text 'Матчи' is present on page  using regular expression

2022-02-25 09:19:25 - [MESSAGE][PASSED] - Text 'Матчи' is present on page  using regular expression

2022-02-25 09:19:25 - [TEST_STEP][PASSED] - verifyTextPresent("Смены", true): Text 'Смены' is present on page  using regular expression

2022-02-25 09:19:27 - [MESSAGE][PASSED] - Text 'Смены' is present on page  using regular expression

2022-02-25 09:19:27 - [TEST_STEP][PASSED] - verifyTextPresent("Голы за", false): Text 'Голы за' is present on page 

2022-02-25 09:19:29 - [MESSAGE][PASSED] - Text 'Голы за' is present on page 

2022-02-25 09:19:29 - [TEST_STEP][PASSED] - verifyTextPresent("Голы против", false): Text 'Голы против' is present on page 

2022-02-25 09:19:31 - [MESSAGE][PASSED] - Text 'Голы против' is present on page 

2022-02-25 09:19:31 - [TEST_STEP][PASSED] - takeFullPageScreenshot("C:\scr\" + school + "11.jpg"): Taking screenshot successfully

2022-02-25 09:19:36 - [MESSAGE][INFO] - 0 hidden object(s)

2022-02-25 09:19:36 - [MESSAGE][PASSED] - Taking screenshot successfully
[[ATTACHMENT|C:\scr\Авангард-200511.jpg]]

2022-02-25 09:19:36 - [TEST_STEP][PASSED] - click(findTestObject("Object Repository/admin/reports/gamestat/Page_/root")): Object: 'Object Repository/admin/reports/gamestat/Page_/root' is clicked on

2022-02-25 09:19:39 - [MESSAGE][PASSED] - Object: 'Object Repository/admin/reports/gamestat/Page_/root' is clicked on

2022-02-25 09:19:39 - [TEST_STEP][PASSED] - closeBrowser(): Browser is closed

2022-02-25 09:19:39 - [MESSAGE][PASSED] - Browser is closed]]></system-out>
         <system-err><![CDATA[]]></system-err>
      </testcase>
      <testcase name="Test Cases/Администратор/Отчет для тк" time="61.115" classname="Test Cases/Администратор/Отчет для тк" status="PASSED">
         <system-out><![CDATA[2022-02-25 09:19:39 - [TEST_CASE][PASSED] - Test Cases/Администратор/Отчет для тк: Test Cases/Администратор/Отчет для тк

2022-02-25 09:19:39 - [TEST_STEP][PASSED] - callTestCase(findTestCase("Администратор/Авторизация"), [:], STOP_ON_FAILURE): Call Test Case 'Test Cases/Администратор/Авторизация' successfully

2022-02-25 09:19:39 - [TEST_CASE][PASSED] - Test Cases/Администратор/Авторизация: Test Cases/Администратор/Авторизация

2022-02-25 09:19:39 - [TEST_STEP][PASSED] - openBrowser(""): Browser is opened with url: ''

2022-02-25 09:19:39 - [MESSAGE][INFO] - User set preference: ['os', 'linux']

2022-02-25 09:19:39 - [MESSAGE][INFO] - User set preference: ['browserName', 'chrome']

2022-02-25 09:19:39 - [MESSAGE][INFO] - User set preference: ['browserVersion', '97']

2022-02-25 09:19:39 - [MESSAGE][INFO] - User set preference: ['katalon:option', '{organizationId=564672, tunnelId=, usingTunnel=false}']

2022-02-25 09:19:39 - [MESSAGE][INFO] - Connecting to remote web server 'testcloud.katalon.com/hub' with type 'Selenium'

2022-02-25 09:19:39 - [MESSAGE][INFO] - Action delay is set to 100 milliseconds

2022-02-25 09:20:06 - [MESSAGE][PASSED] - Browser is opened with url: ''

2022-02-25 09:20:06 - [TEST_STEP][PASSED] - maximizeWindow(): Current window maximized

2022-02-25 09:20:07 - [MESSAGE][PASSED] - Current window maximized

2022-02-25 09:20:07 - [TEST_STEP][PASSED] - navigateToUrl(url): Navigate to 'https://stars-stage.hawk.ru:8080' successfully

2022-02-25 09:20:13 - [MESSAGE][PASSED] - Navigate to 'https://stars-stage.hawk.ru:8080' successfully

2022-02-25 09:20:13 - [TEST_STEP][PASSED] - setText(findTestObject("Object Repository/Page_/input__sc-lnrBVv eqPACj"), admin_login): Text 'TestAdmin@test.ru' is set on object 'Object Repository/Page_/input__sc-lnrBVv eqPACj'

2022-02-25 09:20:17 - [MESSAGE][PASSED] - Text 'TestAdmin@test.ru' is set on object 'Object Repository/Page_/input__sc-lnrBVv eqPACj'

2022-02-25 09:20:17 - [TEST_STEP][PASSED] - setText(findTestObject("Object Repository/Page_/input__sc-lnrBVv eqPACj_1"), admin_password): Text 'TestAdmin@test.ru' is set on object 'Object Repository/Page_/input__sc-lnrBVv eqPACj_1'

2022-02-25 09:20:21 - [MESSAGE][PASSED] - Text 'TestAdmin@test.ru' is set on object 'Object Repository/Page_/input__sc-lnrBVv eqPACj_1'

2022-02-25 09:20:21 - [TEST_STEP][PASSED] - click(findTestObject("Object Repository/Page_/go")): Object: 'Object Repository/Page_/go' is clicked on

2022-02-25 09:20:23 - [MESSAGE][PASSED] - Object: 'Object Repository/Page_/go' is clicked on

2022-02-25 09:20:23 - [MESSAGE][PASSED] - Call Test Case 'Test Cases/Администратор/Авторизация' successfully

2022-02-25 09:20:23 - [TEST_STEP][PASSED] - click(findTestObject("admin/reports/keys/reports/report")): Object: 'Object Repository/admin/reports/keys/reports/report' is clicked on

2022-02-25 09:20:40 - [MESSAGE][PASSED] - Object: 'Object Repository/admin/reports/keys/reports/report' is clicked on]]></system-out>
         <system-err><![CDATA[]]></system-err>
      </testcase>
      <testcase name="Test Cases/Администратор/Команды" time="94.309" classname="Test Cases/Администратор/Команды" status="PASSED">
         <system-out><![CDATA[2022-02-25 09:20:40 - [TEST_CASE][PASSED] - Test Cases/Администратор/Команды: Test Cases/Администратор/Команды

2022-02-25 09:20:41 - [TEST_STEP][PASSED] - callTestCase(findTestCase("Администратор/Авторизация"), [:], STOP_ON_FAILURE): Call Test Case 'Test Cases/Администратор/Авторизация' successfully

2022-02-25 09:20:41 - [TEST_CASE][PASSED] - Test Cases/Администратор/Авторизация: Test Cases/Администратор/Авторизация

2022-02-25 09:20:41 - [TEST_STEP][PASSED] - openBrowser(""): Browser is opened with url: ''

2022-02-25 09:20:41 - [MESSAGE][WARNING] - A browser is already opened. Closing browser and opening a new one

2022-02-25 09:20:42 - [MESSAGE][INFO] - User set preference: ['os', 'linux']

2022-02-25 09:20:42 - [MESSAGE][INFO] - User set preference: ['browserName', 'chrome']

2022-02-25 09:20:42 - [MESSAGE][INFO] - User set preference: ['browserVersion', '97']

2022-02-25 09:20:42 - [MESSAGE][INFO] - User set preference: ['katalon:option', '{organizationId=564672, tunnelId=, usingTunnel=false}']

2022-02-25 09:20:42 - [MESSAGE][INFO] - Connecting to remote web server 'testcloud.katalon.com/hub' with type 'Selenium'

2022-02-25 09:20:42 - [MESSAGE][INFO] - Action delay is set to 100 milliseconds

2022-02-25 09:21:06 - [MESSAGE][PASSED] - Browser is opened with url: ''

2022-02-25 09:21:06 - [TEST_STEP][PASSED] - maximizeWindow(): Current window maximized

2022-02-25 09:21:07 - [MESSAGE][PASSED] - Current window maximized

2022-02-25 09:21:07 - [TEST_STEP][PASSED] - navigateToUrl(url): Navigate to 'https://stars-stage.hawk.ru:8080' successfully

2022-02-25 09:21:13 - [MESSAGE][PASSED] - Navigate to 'https://stars-stage.hawk.ru:8080' successfully

2022-02-25 09:21:13 - [TEST_STEP][PASSED] - setText(findTestObject("Object Repository/Page_/input__sc-lnrBVv eqPACj"), admin_login): Text 'TestAdmin@test.ru' is set on object 'Object Repository/Page_/input__sc-lnrBVv eqPACj'

2022-02-25 09:21:17 - [MESSAGE][PASSED] - Text 'TestAdmin@test.ru' is set on object 'Object Repository/Page_/input__sc-lnrBVv eqPACj'

2022-02-25 09:21:17 - [TEST_STEP][PASSED] - setText(findTestObject("Object Repository/Page_/input__sc-lnrBVv eqPACj_1"), admin_password): Text 'TestAdmin@test.ru' is set on object 'Object Repository/Page_/input__sc-lnrBVv eqPACj_1'

2022-02-25 09:21:20 - [MESSAGE][PASSED] - Text 'TestAdmin@test.ru' is set on object 'Object Repository/Page_/input__sc-lnrBVv eqPACj_1'

2022-02-25 09:21:20 - [TEST_STEP][PASSED] - click(findTestObject("Object Repository/Page_/go")): Object: 'Object Repository/Page_/go' is clicked on

2022-02-25 09:21:22 - [MESSAGE][PASSED] - Object: 'Object Repository/Page_/go' is clicked on

2022-02-25 09:21:22 - [MESSAGE][PASSED] - Call Test Case 'Test Cases/Администратор/Авторизация' successfully

2022-02-25 09:21:22 - [TEST_STEP][PASSED] - click(findTestObject("Object Repository/admin/school/Page_/Page_/teams")): Object: 'Object Repository/admin/school/Page_/Page_/teams' is clicked on

2022-02-25 09:21:41 - [MESSAGE][PASSED] - Object: 'Object Repository/admin/school/Page_/Page_/teams' is clicked on

2022-02-25 09:21:41 - [TEST_STEP][PASSED] - takeFullPageScreenshot("C:\scr\" + school + "4.jpg"): Taking screenshot successfully

2022-02-25 09:21:46 - [MESSAGE][INFO] - 0 hidden object(s)

2022-02-25 09:21:46 - [MESSAGE][PASSED] - Taking screenshot successfully
[[ATTACHMENT|C:\scr\Авангард-20054.jpg]]

2022-02-25 09:21:46 - [TEST_STEP][PASSED] - scrollToElement(findTestObject("Object Repository/admin/school/Page_/Page_/td_"), 0): Scroll to object 'Object Repository/admin/school/Page_/Page_/td_' successfully

2022-02-25 09:21:46 - [MESSAGE][WARNING] - Timeout '0' is invalid. Using default page load timeout: '30'

2022-02-25 09:21:48 - [MESSAGE][PASSED] - Scroll to object 'Object Repository/admin/school/Page_/Page_/td_' successfully

2022-02-25 09:21:48 - [TEST_STEP][PASSED] - click(findTestObject("Object Repository/admin/school/Page_/Page_/td_")): Object: 'Object Repository/admin/school/Page_/Page_/td_' is clicked on

2022-02-25 09:21:50 - [MESSAGE][PASSED] - Object: 'Object Repository/admin/school/Page_/Page_/td_' is clicked on

2022-02-25 09:21:50 - [TEST_STEP][PASSED] - takeFullPageScreenshot("C:\scr\" + school + "5.jpg"): Taking screenshot successfully

2022-02-25 09:21:55 - [MESSAGE][INFO] - 0 hidden object(s)

2022-02-25 09:21:55 - [MESSAGE][PASSED] - Taking screenshot successfully
[[ATTACHMENT|C:\scr\Авангард-20055.jpg]]

2022-02-25 09:21:55 - [TEST_STEP][PASSED] - verifyTextPresent("ИНФОРМАЦИЯ О КОМАНДЕ", false): Text 'ИНФОРМАЦИЯ О КОМАНДЕ' is present on page 

2022-02-25 09:21:57 - [MESSAGE][PASSED] - Text 'ИНФОРМАЦИЯ О КОМАНДЕ' is present on page 

2022-02-25 09:21:57 - [TEST_STEP][PASSED] - click(findTestObject("Object Repository/admin/school/Page_/Page_/all")): Object: 'Object Repository/admin/school/Page_/Page_/all' is clicked on

2022-02-25 09:21:59 - [MESSAGE][PASSED] - Object: 'Object Repository/admin/school/Page_/Page_/all' is clicked on

2022-02-25 09:21:59 - [TEST_STEP][PASSED] - click(findTestObject("Object Repository/admin/school/Page_/Page_/game-estimation")): Object: 'Object Repository/admin/school/Page_/Page_/game-estimation' is clicked on

2022-02-25 09:22:01 - [MESSAGE][PASSED] - Object: 'Object Repository/admin/school/Page_/Page_/game-estimation' is clicked on

2022-02-25 09:22:01 - [TEST_STEP][PASSED] - verifyTextPresent("ОЦЕНКА ИГРЫ ПО АМПЛУА", false): Text 'ОЦЕНКА ИГРЫ ПО АМПЛУА' is present on page 

2022-02-25 09:22:04 - [MESSAGE][PASSED] - Text 'ОЦЕНКА ИГРЫ ПО АМПЛУА' is present on page 

2022-02-25 09:22:04 - [TEST_STEP][PASSED] - verifyTextPresent("ОЦЕНКА ИГРЫ ПО КОМАНДЕ", false): Text 'ОЦЕНКА ИГРЫ ПО КОМАНДЕ' is present on page 

2022-02-25 09:22:06 - [MESSAGE][PASSED] - Text 'ОЦЕНКА ИГРЫ ПО КОМАНДЕ' is present on page 

2022-02-25 09:22:06 - [TEST_STEP][PASSED] - click(findTestObject("Object Repository/admin/school/Page_/Page_/lesson")): Object: 'Object Repository/admin/school/Page_/Page_/lesson' is clicked on

2022-02-25 09:22:09 - [MESSAGE][PASSED] - Object: 'Object Repository/admin/school/Page_/Page_/lesson' is clicked on

2022-02-25 09:22:09 - [TEST_STEP][PASSED] - verifyTextPresent("ДОБАВИТЬ МЕРОПРИЯТИЕ", false): Text 'ДОБАВИТЬ МЕРОПРИЯТИЕ' is present on page 

2022-02-25 09:22:12 - [MESSAGE][PASSED] - Text 'ДОБАВИТЬ МЕРОПРИЯТИЕ' is present on page 

2022-02-25 09:22:12 - [TEST_STEP][PASSED] - click(findTestObject("Object Repository/admin/school/Page_/Page_/div_")): Object: 'Object Repository/admin/school/Page_/Page_/div_' is clicked on

2022-02-25 09:22:14 - [MESSAGE][PASSED] - Object: 'Object Repository/admin/school/Page_/Page_/div_' is clicked on

2022-02-25 09:22:14 - [TEST_STEP][PASSED] - closeBrowser(): Browser is closed

2022-02-25 09:22:15 - [MESSAGE][PASSED] - Browser is closed]]></system-out>
         <system-err><![CDATA[]]></system-err>
      </testcase>
      <testcase name="Test Cases/Администратор/Документы (возможна проверка и под аккаунтом Менеджера)" time="73.303" classname="Test Cases/Администратор/Документы (возможна проверка и под аккаунтом Менеджера)" status="PASSED">
         <system-out><![CDATA[2022-02-25 09:22:15 - [TEST_CASE][PASSED] - Test Cases/Администратор/Документы (возможна проверка и под аккаунтом Менеджера): Test Cases/Администратор/Документы (возможна проверка и под аккаунтом Менеджера)

2022-02-25 09:22:15 - [TEST_STEP][PASSED] - callTestCase(findTestCase("Администратор/Авторизация"), [:], STOP_ON_FAILURE): Call Test Case 'Test Cases/Администратор/Авторизация' successfully

2022-02-25 09:22:16 - [TEST_CASE][PASSED] - Test Cases/Администратор/Авторизация: Test Cases/Администратор/Авторизация

2022-02-25 09:22:16 - [TEST_STEP][PASSED] - openBrowser(""): Browser is opened with url: ''

2022-02-25 09:22:16 - [MESSAGE][INFO] - User set preference: ['os', 'linux']

2022-02-25 09:22:16 - [MESSAGE][INFO] - User set preference: ['browserName', 'chrome']

2022-02-25 09:22:16 - [MESSAGE][INFO] - User set preference: ['browserVersion', '97']

2022-02-25 09:22:16 - [MESSAGE][INFO] - User set preference: ['katalon:option', '{organizationId=564672, tunnelId=, usingTunnel=false}']

2022-02-25 09:22:16 - [MESSAGE][INFO] - Connecting to remote web server 'testcloud.katalon.com/hub' with type 'Selenium'

2022-02-25 09:22:16 - [MESSAGE][INFO] - Action delay is set to 100 milliseconds

2022-02-25 09:22:36 - [MESSAGE][PASSED] - Browser is opened with url: ''

2022-02-25 09:22:36 - [TEST_STEP][PASSED] - maximizeWindow(): Current window maximized

2022-02-25 09:22:37 - [MESSAGE][PASSED] - Current window maximized

2022-02-25 09:22:37 - [TEST_STEP][PASSED] - navigateToUrl(url): Navigate to 'https://stars-stage.hawk.ru:8080' successfully

2022-02-25 09:22:43 - [MESSAGE][PASSED] - Navigate to 'https://stars-stage.hawk.ru:8080' successfully

2022-02-25 09:22:43 - [TEST_STEP][PASSED] - setText(findTestObject("Object Repository/Page_/input__sc-lnrBVv eqPACj"), admin_login): Text 'TestAdmin@test.ru' is set on object 'Object Repository/Page_/input__sc-lnrBVv eqPACj'

2022-02-25 09:22:46 - [MESSAGE][PASSED] - Text 'TestAdmin@test.ru' is set on object 'Object Repository/Page_/input__sc-lnrBVv eqPACj'

2022-02-25 09:22:46 - [TEST_STEP][PASSED] - setText(findTestObject("Object Repository/Page_/input__sc-lnrBVv eqPACj_1"), admin_password): Text 'TestAdmin@test.ru' is set on object 'Object Repository/Page_/input__sc-lnrBVv eqPACj_1'

2022-02-25 09:22:50 - [MESSAGE][PASSED] - Text 'TestAdmin@test.ru' is set on object 'Object Repository/Page_/input__sc-lnrBVv eqPACj_1'

2022-02-25 09:22:50 - [TEST_STEP][PASSED] - click(findTestObject("Object Repository/Page_/go")): Object: 'Object Repository/Page_/go' is clicked on

2022-02-25 09:22:52 - [MESSAGE][PASSED] - Object: 'Object Repository/Page_/go' is clicked on

2022-02-25 09:22:52 - [MESSAGE][PASSED] - Call Test Case 'Test Cases/Администратор/Авторизация' successfully

2022-02-25 09:22:52 - [TEST_STEP][PASSED] - click(findTestObject("Avangard New/Object (Администратор)/documents (вкладка документы)")): Object: 'Object Repository/Avangard New/Object (Администратор)/documents (вкладка документы)' is clicked on

2022-02-25 09:23:09 - [MESSAGE][PASSED] - Object: 'Object Repository/Avangard New/Object (Администратор)/documents (вкладка документы)' is clicked on

2022-02-25 09:23:09 - [TEST_STEP][PASSED] - waitForPageLoad(10): Wait for page load successfully

2022-02-25 09:23:10 - [MESSAGE][PASSED] - Wait for page load successfully

2022-02-25 09:23:10 - [TEST_STEP][PASSED] - click(findTestObject("Avangard New/Object (Администратор)/document (нажать на документ)")): Object: 'Object Repository/Avangard New/Object (Администратор)/document (нажать на документ)' is clicked on

2022-02-25 09:23:13 - [MESSAGE][PASSED] - Object: 'Object Repository/Avangard New/Object (Администратор)/document (нажать на документ)' is clicked on

2022-02-25 09:23:13 - [TEST_STEP][PASSED] - verifyElementClickable(findTestObject("Avangard New/Object (Администратор)/button download")): Object 'Object Repository/Avangard New/Object (Администратор)/button download' is clickable

2022-02-25 09:23:15 - [MESSAGE][PASSED] - Object 'Object Repository/Avangard New/Object (Администратор)/button download' is clickable

2022-02-25 09:23:15 - [TEST_STEP][PASSED] - sendKeys(findTestObject("Avangard New/Object (Администратор)/button download"), Keys.chord(ESCAPE)): Keys 'ESCAPE + ' sent to object: 'Object Repository/Avangard New/Object (Администратор)/button download'

2022-02-25 09:23:17 - [MESSAGE][PASSED] - Keys 'ESCAPE + ' sent to object: 'Object Repository/Avangard New/Object (Администратор)/button download'

2022-02-25 09:23:17 - [TEST_STEP][PASSED] - scrollToElement(findTestObject("admin/documents/documents (4)/add"), 0, OPTIONAL): Scroll to object 'Object Repository/admin/documents/documents (4)/add' successfully

2022-02-25 09:23:17 - [MESSAGE][WARNING] - Timeout '0' is invalid. Using default page load timeout: '30'

2022-02-25 09:23:18 - [MESSAGE][PASSED] - Scroll to object 'Object Repository/admin/documents/documents (4)/add' successfully

2022-02-25 09:23:18 - [TEST_STEP][PASSED] - while (verifyElementVisible(findTestObject("admin/documents/Page_/add"), OPTIONAL) == true): null

2022-02-25 09:23:20 - [MESSAGE][PASSED] - Object 'Object Repository/admin/documents/Page_/add' is visible

2022-02-25 09:23:20 - [TEST_STEP][PASSED] - click(findTestObject("admin/documents/documents (4)/add")): Object: 'Object Repository/admin/documents/documents (4)/add' is clicked on

2022-02-25 09:23:22 - [MESSAGE][PASSED] - Object: 'Object Repository/admin/documents/documents (4)/add' is clicked on

2022-02-25 09:23:22 - [TEST_STEP][PASSED] - verifyElementVisible(findTestObject("admin/documents/Page_/div_    05.02.21")): Object 'Object Repository/admin/documents/Page_/div_    05.02.21' is visible

2022-02-25 09:23:24 - [MESSAGE][PASSED] - Object 'Object Repository/admin/documents/Page_/div_    05.02.21' is visible

2022-02-25 09:23:24 - [TEST_STEP][PASSED] - click(findTestObject("admin/documents/Page_/div_ _sidebar__overlay sidebar__overlay_visible")): Object: 'Object Repository/admin/documents/Page_/div_ _sidebar__overlay sidebar__overlay_visible' is clicked on

2022-02-25 09:23:26 - [MESSAGE][PASSED] - Object: 'Object Repository/admin/documents/Page_/div_ _sidebar__overlay sidebar__overlay_visible' is clicked on

2022-02-25 09:23:26 - [TEST_STEP][PASSED] - break: null

2022-02-25 09:23:26 - [TEST_STEP][PASSED] - click(findTestObject("Avangard New/Object (Администратор)/home (вкладка главная)")): Object: 'Object Repository/Avangard New/Object (Администратор)/home (вкладка главная)' is clicked on

2022-02-25 09:23:28 - [MESSAGE][PASSED] - Object: 'Object Repository/Avangard New/Object (Администратор)/home (вкладка главная)' is clicked on

2022-02-25 09:23:28 - [TEST_STEP][PASSED] - closeBrowser(): Browser is closed

2022-02-25 09:23:28 - [MESSAGE][PASSED] - Browser is closed]]></system-out>
         <system-err><![CDATA[]]></system-err>
      </testcase>
      <testcase name="Test Cases/Администратор/Авторизация" time="39.471" classname="Test Cases/Администратор/Авторизация" status="PASSED">
         <system-out><![CDATA[2022-02-25 09:23:28 - [TEST_CASE][PASSED] - Test Cases/Администратор/Авторизация: Test Cases/Администратор/Авторизация

2022-02-25 09:23:28 - [TEST_STEP][PASSED] - openBrowser(""): Browser is opened with url: ''

2022-02-25 09:23:28 - [MESSAGE][INFO] - User set preference: ['os', 'linux']

2022-02-25 09:23:28 - [MESSAGE][INFO] - User set preference: ['browserName', 'chrome']

2022-02-25 09:23:28 - [MESSAGE][INFO] - User set preference: ['browserVersion', '97']

2022-02-25 09:23:28 - [MESSAGE][INFO] - User set preference: ['katalon:option', '{organizationId=564672, tunnelId=, usingTunnel=false}']

2022-02-25 09:23:28 - [MESSAGE][INFO] - Connecting to remote web server 'testcloud.katalon.com/hub' with type 'Selenium'

2022-02-25 09:23:28 - [MESSAGE][INFO] - Action delay is set to 100 milliseconds

2022-02-25 09:23:51 - [MESSAGE][PASSED] - Browser is opened with url: ''

2022-02-25 09:23:51 - [TEST_STEP][PASSED] - maximizeWindow(): Current window maximized

2022-02-25 09:23:52 - [MESSAGE][PASSED] - Current window maximized

2022-02-25 09:23:52 - [TEST_STEP][PASSED] - navigateToUrl(url): Navigate to 'https://stars-stage.hawk.ru:8080' successfully

2022-02-25 09:23:58 - [MESSAGE][PASSED] - Navigate to 'https://stars-stage.hawk.ru:8080' successfully

2022-02-25 09:23:58 - [TEST_STEP][PASSED] - setText(findTestObject("Object Repository/Page_/input__sc-lnrBVv eqPACj"), admin_login): Text 'TestAdmin@test.ru' is set on object 'Object Repository/Page_/input__sc-lnrBVv eqPACj'

2022-02-25 09:24:02 - [MESSAGE][PASSED] - Text 'TestAdmin@test.ru' is set on object 'Object Repository/Page_/input__sc-lnrBVv eqPACj'

2022-02-25 09:24:02 - [TEST_STEP][PASSED] - setText(findTestObject("Object Repository/Page_/input__sc-lnrBVv eqPACj_1"), admin_password): Text 'TestAdmin@test.ru' is set on object 'Object Repository/Page_/input__sc-lnrBVv eqPACj_1'

2022-02-25 09:24:06 - [MESSAGE][PASSED] - Text 'TestAdmin@test.ru' is set on object 'Object Repository/Page_/input__sc-lnrBVv eqPACj_1'

2022-02-25 09:24:06 - [TEST_STEP][PASSED] - click(findTestObject("Object Repository/Page_/go")): Object: 'Object Repository/Page_/go' is clicked on

2022-02-25 09:24:07 - [MESSAGE][PASSED] - Object: 'Object Repository/Page_/go' is clicked on]]></system-out>
         <system-err><![CDATA[]]></system-err>
      </testcase>
      <system-out><![CDATA[2022-02-25 08:54:22 - [TEST_SUITE][FAILED] - Администратор: Test Cases/Администратор/ОТЧЕТЫ функциональные тесты/Отчет психофиз FAILED.
Reason:
com.kms.katalon.core.exception.StepFailedException: Unable to scroll to object 'Object Repository/Avangard New/Object (Администратор)/Case (Психофиз)/exstraversi'
	at com.kms.katalon.core.webui.keyword.internal.WebUIKeywordMain.stepFailed(WebUIKeywordMain.groovy:64)
	at com.kms.katalon.core.webui.keyword.internal.WebUIKeywordMain.runKeyword(WebUIKeywordMain.groovy:26)
	at com.kms.katalon.core.webui.keyword.builtin.ScrollToElementKeyword.scrollToElement(ScrollToElementKeyword.groovy:88)
	at com.kms.katalon.core.webui.keyword.builtin.ScrollToElementKeyword.execute(ScrollToElementKeyword.groovy:68)
	at com.kms.katalon.core.keyword.internal.KeywordExecutor.executeKeywordForPlatform(KeywordExecutor.groovy:74)
	at com.kms.katalon.core.webui.keyword.WebUiBuiltInKeywords.scrollToElement(WebUiBuiltInKeywords.groovy:4061)
	at com.kms.katalon.core.webui.keyword.WebUiBuiltInKeywords$scrollToElement$5.call(Unknown Source)
	at Отчет психофиз.run(Отчет психофиз:70)
	at com.kms.katalon.core.main.ScriptEngine.run(ScriptEngine.java:194)
	at com.kms.katalon.core.main.ScriptEngine.runScriptAsRawText(ScriptEngine.java:119)
	at com.kms.katalon.core.main.TestCaseExecutor.runScript(TestCaseExecutor.java:442)
	at com.kms.katalon.core.main.TestCaseExecutor.doExecute(TestCaseExecutor.java:433)
	at com.kms.katalon.core.main.TestCaseExecutor.processExecutionPhase(TestCaseExecutor.java:412)
	at com.kms.katalon.core.main.TestCaseExecutor.accessMainPhase(TestCaseExecutor.java:404)
	at com.kms.katalon.core.main.TestCaseExecutor.execute(TestCaseExecutor.java:281)
	at com.kms.katalon.core.main.TestSuiteExecutor.accessTestCaseMainPhase(TestSuiteExecutor.java:202)
	at com.kms.katalon.core.main.TestSuiteExecutor.accessTestSuiteMainPhase(TestSuiteExecutor.java:164)
	at com.kms.katalon.core.main.TestSuiteExecutor.execute(TestSuiteExecutor.java:105)
	at com.kms.katalon.core.main.TestCaseMain.startTestSuite(TestCaseMain.java:185)
	at com.kms.katalon.core.main.TestCaseMain$startTestSuite$0.call(Unknown Source)
	at TempTestSuite1645768435326.run(TempTestSuite1645768435326.groovy:36)
Caused by: com.kms.katalon.core.webui.exception.WebElementNotFoundException: Web element with id: 'Object Repository/Avangard New/Object (Администратор)/Case (Психофиз)/exstraversi' located by '//p[(text() = 'Экстраверсия' or . = 'Экстраверсия')]' not found
	at com.kms.katalon.core.webui.common.WebUiCommonHelper.findWebElement(WebUiCommonHelper.java:1370)
	at com.kms.katalon.core.webui.keyword.internal.WebUIAbstractKeyword.findWebElement(WebUIAbstractKeyword.groovy:27)
	at com.kms.katalon.core.webui.keyword.internal.WebUIAbstractKeyword.findWebElement(WebUIAbstractKeyword.groovy:26)
	at com.kms.katalon.core.webui.keyword.builtin.ScrollToElementKeyword$_scrollToElement_closure1.doCall(ScrollToElementKeyword.groovy:79)
	at com.kms.katalon.core.webui.keyword.builtin.ScrollToElementKeyword$_scrollToElement_closure1.call(ScrollToElementKeyword.groovy)
	at com.kms.katalon.core.webui.keyword.internal.WebUIKeywordMain.runKeyword(WebUIKeywordMain.groovy:20)
	... 19 more]]></system-out>
      <system-err><![CDATA[2022-02-25 08:54:22 - [TEST_SUITE][FAILED] - Администратор: Test Cases/Администратор/ОТЧЕТЫ функциональные тесты/Отчет психофиз FAILED.
Reason:
com.kms.katalon.core.exception.StepFailedException: Unable to scroll to object 'Object Repository/Avangard New/Object (Администратор)/Case (Психофиз)/exstraversi'
	at com.kms.katalon.core.webui.keyword.internal.WebUIKeywordMain.stepFailed(WebUIKeywordMain.groovy:64)
	at com.kms.katalon.core.webui.keyword.internal.WebUIKeywordMain.runKeyword(WebUIKeywordMain.groovy:26)
	at com.kms.katalon.core.webui.keyword.builtin.ScrollToElementKeyword.scrollToElement(ScrollToElementKeyword.groovy:88)
	at com.kms.katalon.core.webui.keyword.builtin.ScrollToElementKeyword.execute(ScrollToElementKeyword.groovy:68)
	at com.kms.katalon.core.keyword.internal.KeywordExecutor.executeKeywordForPlatform(KeywordExecutor.groovy:74)
	at com.kms.katalon.core.webui.keyword.WebUiBuiltInKeywords.scrollToElement(WebUiBuiltInKeywords.groovy:4061)
	at com.kms.katalon.core.webui.keyword.WebUiBuiltInKeywords$scrollToElement$5.call(Unknown Source)
	at Отчет психофиз.run(Отчет психофиз:70)
	at com.kms.katalon.core.main.ScriptEngine.run(ScriptEngine.java:194)
	at com.kms.katalon.core.main.ScriptEngine.runScriptAsRawText(ScriptEngine.java:119)
	at com.kms.katalon.core.main.TestCaseExecutor.runScript(TestCaseExecutor.java:442)
	at com.kms.katalon.core.main.TestCaseExecutor.doExecute(TestCaseExecutor.java:433)
	at com.kms.katalon.core.main.TestCaseExecutor.processExecutionPhase(TestCaseExecutor.java:412)
	at com.kms.katalon.core.main.TestCaseExecutor.accessMainPhase(TestCaseExecutor.java:404)
	at com.kms.katalon.core.main.TestCaseExecutor.execute(TestCaseExecutor.java:281)
	at com.kms.katalon.core.main.TestSuiteExecutor.accessTestCaseMainPhase(TestSuiteExecutor.java:202)
	at com.kms.katalon.core.main.TestSuiteExecutor.accessTestSuiteMainPhase(TestSuiteExecutor.java:164)
	at com.kms.katalon.core.main.TestSuiteExecutor.execute(TestSuiteExecutor.java:105)
	at com.kms.katalon.core.main.TestCaseMain.startTestSuite(TestCaseMain.java:185)
	at com.kms.katalon.core.main.TestCaseMain$startTestSuite$0.call(Unknown Source)
	at TempTestSuite1645768435326.run(TempTestSuite1645768435326.groovy:36)
Caused by: com.kms.katalon.core.webui.exception.WebElementNotFoundException: Web element with id: 'Object Repository/Avangard New/Object (Администратор)/Case (Психофиз)/exstraversi' located by '//p[(text() = 'Экстраверсия' or . = 'Экстраверсия')]' not found
	at com.kms.katalon.core.webui.common.WebUiCommonHelper.findWebElement(WebUiCommonHelper.java:1370)
	at com.kms.katalon.core.webui.keyword.internal.WebUIAbstractKeyword.findWebElement(WebUIAbstractKeyword.groovy:27)
	at com.kms.katalon.core.webui.keyword.internal.WebUIAbstractKeyword.findWebElement(WebUIAbstractKeyword.groovy:26)
	at com.kms.katalon.core.webui.keyword.builtin.ScrollToElementKeyword$_scrollToElement_closure1.doCall(ScrollToElementKeyword.groovy:79)
	at com.kms.katalon.core.webui.keyword.builtin.ScrollToElementKeyword$_scrollToElement_closure1.call(ScrollToElementKeyword.groovy)
	at com.kms.katalon.core.webui.keyword.internal.WebUIKeywordMain.runKeyword(WebUIKeywordMain.groovy:20)
	... 19 more]]></system-err>
   </testsuite>
   <testsuite name="Доктор" tests="4" failures="1" errors="0" time="1182.29" skipped="0" timestamp="2022-02-25 08:54:23" hostname="LENOVO - DESKTOP-KNHN0AA" id="Test Suites/Доктор">
      <properties>
         <property name="deviceName" value=""/>
         <property name="devicePlatform" value=""/>
         <property name="logFolder" value="C:\\Users\\LENOVO\\Katalon Studio\\Avangard\\Reports\\20220225_085350\\\u0414\u043E\u043A\u0442\u043E\u0440\\20220225_085357"/>
         <property name="logFiles" value="C:\\Users\\LENOVO\\Katalon Studio\\Avangard\\Reports\\20220225_085350\\\u0414\u043E\u043A\u0442\u043E\u0440\\20220225_085357\\execution0.log"/>
         <property name="attachments" value="C:\\Users\\LENOVO\\Katalon Studio\\Avangard\\Reports\\20220225_085350\\\u0414\u043E\u043A\u0442\u043E\u0440\\20220225_085357\\1645768771277.png"/>
         <property name="hostName" value="LENOVO - DESKTOP-KNHN0AA"/>
         <property name="remoteDriverUrl" value="testcloud.katalon.com/hub"/>
         <property name="desiredCapabilities" value="{
  &quot;acceptInsecureCerts&quot;: false,
  &quot;browserName&quot;: &quot;chrome&quot;,
  &quot;browserVersion&quot;: &quot;97.0.4692.71&quot;,
  &quot;chrome&quot;: {
    &quot;chromedriverVersion&quot;: &quot;97.0.4692.71 (adefa7837d02a07a604c1e6eff0b3a09422ab88d-refs/branch-heads/4692@{#1247})&quot;,
    &quot;userDataDir&quot;: &quot;/tmp/.com.google.Chrome.R9kQ45&quot;
  },
  &quot;goog:chromeOptions&quot;: {
    &quot;debuggerAddress&quot;: &quot;localhost:37673&quot;
  },
  &quot;javascriptEnabled&quot;: true,
  &quot;networkConnectionEnabled&quot;: false,
  &quot;pageLoadStrategy&quot;: &quot;normal&quot;,
  &quot;platform&quot;: &quot;LINUX&quot;,
  &quot;platformName&quot;: &quot;LINUX&quot;,
  &quot;proxy&quot;: {
    &quot;proxyType&quot;: &quot;DIRECT&quot;,
    &quot;autodetect&quot;: false
  },
  &quot;se:cdp&quot;: &quot;ws://172.48.138.54:4444/session/c53cfd1db7213b2927ecf4190b545f1f/se/cdp&quot;,
  &quot;se:cdpVersion&quot;: &quot;97.0.4692.71&quot;,
  &quot;se:vnc&quot;: &quot;ws://172.48.138.54:4444/session/c53cfd1db7213b2927ecf4190b545f1f/se/vnc&quot;,
  &quot;se:vncEnabled&quot;: true,
  &quot;se:vncLocalAddress&quot;: &quot;ws://172.48.138.54:7900&quot;,
  &quot;setWindowRect&quot;: true,
  &quot;strictFileInteractability&quot;: false,
  &quot;timeouts&quot;: {
    &quot;implicit&quot;: 0,
    &quot;pageLoad&quot;: 300000,
    &quot;script&quot;: 30000
  },
  &quot;unhandledPromptBehavior&quot;: &quot;dismiss and notify&quot;,
  &quot;webauthn:extension:credBlob&quot;: true,
  &quot;webauthn:extension:largeBlob&quot;: true,
  &quot;webauthn:virtualAuthenticators&quot;: true
}"/>
         <property name="os" value="Windows 10 64bit"/>
         <property name="remoteOS" value="Linux"/>
         <property name="katalonVersion" value="8.2.5.208"/>
         <property name="browser" value="Chrome 97.0.4692.71"/>
         <property name="hostAddress" value="192.168.2.113"/>
         <property name="sessionId" value="c53cfd1db7213b2927ecf4190b545f1f"/>
         <property name="seleniumVersion" value="3.141.59"/>
         <property name="proxyInformation" value="ProxyInformation { proxyOption=NO_PROXY, proxyServerType=HTTP, username=, password=********, proxyServerAddress=, proxyServerPort=0, executionList=&quot;&quot;, isApplyToDesiredCapabilities=true }"/>
         <property name="platform" value="Windows 10"/>
      </properties>
      <testcase name="Test Cases/Доктор/дописать проверку на игрока Проверка вкладки Питание" time="309.056" classname="Test Cases/Доктор/дописать проверку на игрока Проверка вкладки Питание" status="FAILED">
         <failure type="FAILED" message="Test Cases/Доктор/дописать проверку на игрока Проверка вкладки Питание FAILED.
Reason:
com.kms.katalon.core.exception.StepFailedException: Unable to set text 'автотест питания' of object 'Object Repository/Avangard New/Object (Доктор)/Case (Питание)/input_task'
	at com.kms.katalon.core.webui.keyword.internal.WebUIKeywordMain.stepFailed(WebUIKeywordMain.groovy:64)
	at com.kms.katalon.core.webui.keyword.internal.WebUIKeywordMain.runKeyword(WebUIKeywordMain.groovy:26)
	at com.kms.katalon.core.webui.keyword.builtin.SetTextKeyword.setText(SetTextKeyword.groovy:66)
	at com.kms.katalon.core.webui.keyword.builtin.SetTextKeyword.execute(SetTextKeyword.groovy:37)
	at com.kms.katalon.core.keyword.internal.KeywordExecutor.executeKeywordForPlatform(KeywordExecutor.groovy:74)
	at com.kms.katalon.core.webui.keyword.WebUiBuiltInKeywords.setText(WebUiBuiltInKeywords.groovy:980)
	at com.kms.katalon.core.webui.keyword.WebUiBuiltInKeywords$setText$2.call(Unknown Source)
	at дописать проверку на игрока Проверка вкладки Питание.run(дописать проверку на игрока Проверка вкладки Питание:51)
	at com.kms.katalon.core.main.ScriptEngine.run(ScriptEngine.java:194)
	at com.kms.katalon.core.main.ScriptEngine.runScriptAsRawText(ScriptEngine.java:119)
	at com.kms.katalon.core.main.TestCaseExecutor.runScript(TestCaseExecutor.java:442)
	at com.kms.katalon.core.main.TestCaseExecutor.doExecute(TestCaseExecutor.java:433)
	at com.kms.katalon.core.main.TestCaseExecutor.processExecutionPhase(TestCaseExecutor.java:412)
	at com.kms.katalon.core.main.TestCaseExecutor.accessMainPhase(TestCaseExecutor.java:404)
	at com.kms.katalon.core.main.TestCaseExecutor.execute(TestCaseExecutor.java:281)
	at com.kms.katalon.core.main.TestSuiteExecutor.accessTestCaseMainPhase(TestSuiteExecutor.java:202)
	at com.kms.katalon.core.main.TestSuiteExecutor.accessTestSuiteMainPhase(TestSuiteExecutor.java:164)
	at com.kms.katalon.core.main.TestSuiteExecutor.execute(TestSuiteExecutor.java:105)
	at com.kms.katalon.core.main.TestCaseMain.startTestSuite(TestCaseMain.java:185)
	at com.kms.katalon.core.main.TestCaseMain$startTestSuite$0.call(Unknown Source)
	at TempTestSuite1645768437880.run(TempTestSuite1645768437880.groovy:36)
Caused by: com.kms.katalon.core.webui.exception.WebElementNotFoundException: Web element with id: 'Object Repository/Avangard New/Object (Доктор)/Case (Питание)/input_task' located by '//div[@id='root']/div/div/div[2]/div/div[3]/div/div[2]/div/div/div[2]/div/div/div[2]/div[3]/div/div/div/div/div/input' not found
	at com.kms.katalon.core.webui.common.WebUiCommonHelper.findWebElement(WebUiCommonHelper.java:1370)
	at com.kms.katalon.core.webui.keyword.internal.WebUIAbstractKeyword.findWebElement(WebUIAbstractKeyword.groovy:27)
	at com.kms.katalon.core.webui.keyword.internal.WebUIAbstractKeyword.findWebElement(WebUIAbstractKeyword.groovy:26)
	at com.kms.katalon.core.webui.keyword.builtin.SetTextKeyword$_setText_closure1.doCall(SetTextKeyword.groovy:51)
	at com.kms.katalon.core.webui.keyword.builtin.SetTextKeyword$_setText_closure1.call(SetTextKeyword.groovy)
	at com.kms.katalon.core.webui.keyword.internal.WebUIKeywordMain.runKeyword(WebUIKeywordMain.groovy:20)
	... 19 more
"/>
         <system-out><![CDATA[2022-02-25 08:54:25 - [TEST_CASE][FAILED] - Test Cases/Доктор/дописать проверку на игрока Проверка вкладки Питание: Test Cases/Доктор/дописать проверку на игрока Проверка вкладки Питание FAILED.
Reason:
com.kms.katalon.core.exception.StepFailedException: Unable to set text 'автотест питания' of object 'Object Repository/Avangard New/Object (Доктор)/Case (Питание)/input_task'
	at com.kms.katalon.core.webui.keyword.internal.WebUIKeywordMain.stepFailed(WebUIKeywordMain.groovy:64)
	at com.kms.katalon.core.webui.keyword.internal.WebUIKeywordMain.runKeyword(WebUIKeywordMain.groovy:26)
	at com.kms.katalon.core.webui.keyword.builtin.SetTextKeyword.setText(SetTextKeyword.groovy:66)
	at com.kms.katalon.core.webui.keyword.builtin.SetTextKeyword.execute(SetTextKeyword.groovy:37)
	at com.kms.katalon.core.keyword.internal.KeywordExecutor.executeKeywordForPlatform(KeywordExecutor.groovy:74)
	at com.kms.katalon.core.webui.keyword.WebUiBuiltInKeywords.setText(WebUiBuiltInKeywords.groovy:980)
	at com.kms.katalon.core.webui.keyword.WebUiBuiltInKeywords$setText$2.call(Unknown Source)
	at дописать проверку на игрока Проверка вкладки Питание.run(дописать проверку на игрока Проверка вкладки Питание:51)
	at com.kms.katalon.core.main.ScriptEngine.run(ScriptEngine.java:194)
	at com.kms.katalon.core.main.ScriptEngine.runScriptAsRawText(ScriptEngine.java:119)
	at com.kms.katalon.core.main.TestCaseExecutor.runScript(TestCaseExecutor.java:442)
	at com.kms.katalon.core.main.TestCaseExecutor.doExecute(TestCaseExecutor.java:433)
	at com.kms.katalon.core.main.TestCaseExecutor.processExecutionPhase(TestCaseExecutor.java:412)
	at com.kms.katalon.core.main.TestCaseExecutor.accessMainPhase(TestCaseExecutor.java:404)
	at com.kms.katalon.core.main.TestCaseExecutor.execute(TestCaseExecutor.java:281)
	at com.kms.katalon.core.main.TestSuiteExecutor.accessTestCaseMainPhase(TestSuiteExecutor.java:202)
	at com.kms.katalon.core.main.TestSuiteExecutor.accessTestSuiteMainPhase(TestSuiteExecutor.java:164)
	at com.kms.katalon.core.main.TestSuiteExecutor.execute(TestSuiteExecutor.java:105)
	at com.kms.katalon.core.main.TestCaseMain.startTestSuite(TestCaseMain.java:185)
	at com.kms.katalon.core.main.TestCaseMain$startTestSuite$0.call(Unknown Source)
	at TempTestSuite1645768437880.run(TempTestSuite1645768437880.groovy:36)
Caused by: com.kms.katalon.core.webui.exception.WebElementNotFoundException: Web element with id: 'Object Repository/Avangard New/Object (Доктор)/Case (Питание)/input_task' located by '//div[@id='root']/div/div/div[2]/div/div[3]/div/div[2]/div/div/div[2]/div/div/div[2]/div[3]/div/div/div/div/div/input' not found
	at com.kms.katalon.core.webui.common.WebUiCommonHelper.findWebElement(WebUiCommonHelper.java:1370)
	at com.kms.katalon.core.webui.keyword.internal.WebUIAbstractKeyword.findWebElement(WebUIAbstractKeyword.groovy:27)
	at com.kms.katalon.core.webui.keyword.internal.WebUIAbstractKeyword.findWebElement(WebUIAbstractKeyword.groovy:26)
	at com.kms.katalon.core.webui.keyword.builtin.SetTextKeyword$_setText_closure1.doCall(SetTextKeyword.groovy:51)
	at com.kms.katalon.core.webui.keyword.builtin.SetTextKeyword$_setText_closure1.call(SetTextKeyword.groovy)
	at com.kms.katalon.core.webui.keyword.internal.WebUIKeywordMain.runKeyword(WebUIKeywordMain.groovy:20)
	... 19 more


2022-02-25 08:54:30 - [TEST_STEP][PASSED] - callTestCase(findTestCase("Доктор/Авторизация врач"), [:], STOP_ON_FAILURE): Call Test Case 'Test Cases/Доктор/Авторизация врач' successfully

2022-02-25 08:54:33 - [TEST_CASE][PASSED] - Test Cases/Доктор/Авторизация врач: Test Cases/Доктор/Авторизация врач

2022-02-25 08:54:35 - [TEST_STEP][PASSED] - openBrowser(""): Browser is opened with url: ''

2022-02-25 08:54:36 - [MESSAGE][INFO] - User set preference: ['os', 'linux']

2022-02-25 08:54:36 - [MESSAGE][INFO] - User set preference: ['browserName', 'chrome']

2022-02-25 08:54:36 - [MESSAGE][INFO] - User set preference: ['browserVersion', '97']

2022-02-25 08:54:36 - [MESSAGE][INFO] - User set preference: ['katalon:option', '{organizationId=564672, tunnelId=, usingTunnel=false}']

2022-02-25 08:54:36 - [MESSAGE][INFO] - Connecting to remote web server 'testcloud.katalon.com/hub' with type 'Selenium'

2022-02-25 08:54:38 - [MESSAGE][INFO] - Action delay is set to 100 milliseconds

2022-02-25 08:57:58 - [MESSAGE][PASSED] - Browser is opened with url: ''

2022-02-25 08:57:58 - [TEST_STEP][PASSED] - maximizeWindow(): Current window maximized

2022-02-25 08:57:58 - [MESSAGE][PASSED] - Current window maximized

2022-02-25 08:57:58 - [TEST_STEP][PASSED] - navigateToUrl(url): Navigate to 'https://stars-stage.hawk.ru:8080' successfully

2022-02-25 08:58:05 - [MESSAGE][PASSED] - Navigate to 'https://stars-stage.hawk.ru:8080' successfully

2022-02-25 08:58:05 - [TEST_STEP][PASSED] - setText(findTestObject("Object Repository/vra/Page_/input__sc-lnrBVv eqPACj"), doktor_login): Text 'TestDoctor@mail.ru' is set on object 'Object Repository/vra/Page_/input__sc-lnrBVv eqPACj'

2022-02-25 08:58:09 - [MESSAGE][PASSED] - Text 'TestDoctor@mail.ru' is set on object 'Object Repository/vra/Page_/input__sc-lnrBVv eqPACj'

2022-02-25 08:58:09 - [TEST_STEP][PASSED] - setText(findTestObject("Object Repository/vra/Page_/input__sc-lnrBVv eqPACj_1"), doktor_password, STOP_ON_FAILURE): Text 'TestDoctor@mail.ru' is set on object 'Object Repository/vra/Page_/input__sc-lnrBVv eqPACj_1'

2022-02-25 08:58:13 - [MESSAGE][PASSED] - Text 'TestDoctor@mail.ru' is set on object 'Object Repository/vra/Page_/input__sc-lnrBVv eqPACj_1'

2022-02-25 08:58:13 - [TEST_STEP][PASSED] - click(findTestObject("Object Repository/vrach/Page_/Page_/go")): Object: 'Object Repository/vrach/Page_/Page_/go' is clicked on

2022-02-25 08:58:16 - [MESSAGE][PASSED] - Object: 'Object Repository/vrach/Page_/Page_/go' is clicked on

2022-02-25 08:58:16 - [MESSAGE][PASSED] - Call Test Case 'Test Cases/Доктор/Авторизация врач' successfully

2022-02-25 08:58:16 - [TEST_STEP][PASSED] - click(findTestObject("Object Repository/Avangard New/Object (Доктор)/Case (Питание)/span_pitanie")): Object: 'Object Repository/Avangard New/Object (Доктор)/Case (Питание)/span_pitanie' is clicked on

2022-02-25 08:58:24 - [MESSAGE][PASSED] - Object: 'Object Repository/Avangard New/Object (Доктор)/Case (Питание)/span_pitanie' is clicked on

2022-02-25 08:58:24 - [TEST_STEP][PASSED] - click(findTestObject("Object Repository/Avangard New/Object (Доктор)/Case (Питание)/place_choose school")): Object: 'Object Repository/Avangard New/Object (Доктор)/Case (Питание)/place_choose school' is clicked on

2022-02-25 08:58:27 - [MESSAGE][PASSED] - Object: 'Object Repository/Avangard New/Object (Доктор)/Case (Питание)/place_choose school' is clicked on

2022-02-25 08:58:27 - [TEST_STEP][PASSED] - click(findTestObject("Object Repository/Avangard New/Object (Доктор)/Case (Питание)/div_Avangard")): Object: 'Object Repository/Avangard New/Object (Доктор)/Case (Питание)/div_Avangard' is clicked on

2022-02-25 08:58:29 - [MESSAGE][PASSED] - Object: 'Object Repository/Avangard New/Object (Доктор)/Case (Питание)/div_Avangard' is clicked on

2022-02-25 08:58:29 - [TEST_STEP][PASSED] - click(findTestObject("Object Repository/Avangard New/Object (Доктор)/Case (Питание)/place choose team")): Object: 'Object Repository/Avangard New/Object (Доктор)/Case (Питание)/place choose team' is clicked on

2022-02-25 08:58:31 - [MESSAGE][PASSED] - Object: 'Object Repository/Avangard New/Object (Доктор)/Case (Питание)/place choose team' is clicked on

2022-02-25 08:58:31 - [TEST_STEP][PASSED] - click(findTestObject("Object Repository/Avangard New/Object (Доктор)/Case (Питание)/div_omsk")): Object: 'Object Repository/Avangard New/Object (Доктор)/Case (Питание)/div_omsk' is clicked on

2022-02-25 08:58:34 - [MESSAGE][PASSED] - Object: 'Object Repository/Avangard New/Object (Доктор)/Case (Питание)/div_omsk' is clicked on

2022-02-25 08:58:34 - [TEST_STEP][PASSED] - click(findTestObject("Object Repository/Avangard New/Object (Доктор)/Case (Питание)/button_edit")): Object: 'Object Repository/Avangard New/Object (Доктор)/Case (Питание)/button_edit' is clicked on

2022-02-25 08:58:41 - [MESSAGE][PASSED] - Object: 'Object Repository/Avangard New/Object (Доктор)/Case (Питание)/button_edit' is clicked on

2022-02-25 08:58:41 - [TEST_STEP][PASSED] - click(findTestObject("Object Repository/Avangard New/Object (Доктор)/Case (Питание)/span_add")): Object: 'Object Repository/Avangard New/Object (Доктор)/Case (Питание)/span_add' is clicked on

2022-02-25 08:58:44 - [MESSAGE][PASSED] - Object: 'Object Repository/Avangard New/Object (Доктор)/Case (Питание)/span_add' is clicked on

2022-02-25 08:58:44 - [TEST_STEP][PASSED] - click(findTestObject("Object Repository/Avangard New/Object (Доктор)/Case (Питание)/div_place recomendation1")): Object: 'Object Repository/Avangard New/Object (Доктор)/Case (Питание)/div_place recomendation1' is clicked on

2022-02-25 08:58:46 - [MESSAGE][PASSED] - Object: 'Object Repository/Avangard New/Object (Доктор)/Case (Питание)/div_place recomendation1' is clicked on

2022-02-25 08:58:46 - [TEST_STEP][PASSED] - click(findTestObject("Object Repository/Avangard New/Object (Доктор)/Case (Питание)/div__uglevodi1")): Object: 'Object Repository/Avangard New/Object (Доктор)/Case (Питание)/div__uglevodi1' is clicked on

2022-02-25 08:58:48 - [MESSAGE][PASSED] - Object: 'Object Repository/Avangard New/Object (Доктор)/Case (Питание)/div__uglevodi1' is clicked on

2022-02-25 08:58:48 - [TEST_STEP][PASSED] - click(findTestObject("Object Repository/Avangard New/Object (Доктор)/Case (Питание)/button_task")): Object: 'Object Repository/Avangard New/Object (Доктор)/Case (Питание)/button_task' is clicked on

2022-02-25 08:58:50 - [MESSAGE][PASSED] - Object: 'Object Repository/Avangard New/Object (Доктор)/Case (Питание)/button_task' is clicked on

2022-02-25 08:58:50 - [TEST_STEP][FAILED] - setText(findTestObject("Object Repository/Avangard New/Object (Доктор)/Case (Питание)/input_task"), "автотест питания"): Unable to set text 'автотест питания' of object 'Object Repository/Avangard New/Object (Доктор)/Case (Питание)/input_task' (Root cause: com.kms.katalon.core.exception.StepFailedException: Unable to set text 'автотест питания' of object 'Object Repository/Avangard New/Object (Доктор)/Case (Питание)/input_task'
	at com.kms.katalon.core.webui.keyword.internal.WebUIKeywordMain.stepFailed(WebUIKeywordMain.groovy:64)
	at com.kms.katalon.core.webui.keyword.internal.WebUIKeywordMain.runKeyword(WebUIKeywordMain.groovy:26)
	at com.kms.katalon.core.webui.keyword.builtin.SetTextKeyword.setText(SetTextKeyword.groovy:66)
	at com.kms.katalon.core.webui.keyword.builtin.SetTextKeyword.execute(SetTextKeyword.groovy:37)
	at com.kms.katalon.core.keyword.internal.KeywordExecutor.executeKeywordForPlatform(KeywordExecutor.groovy:74)
	at com.kms.katalon.core.webui.keyword.WebUiBuiltInKeywords.setText(WebUiBuiltInKeywords.groovy:980)
	at com.kms.katalon.core.webui.keyword.WebUiBuiltInKeywords$setText$2.call(Unknown Source)
	at дописать проверку на игрока Проверка вкладки Питание.run(дописать проверку на игрока Проверка вкладки Питание:51)
	at com.kms.katalon.core.main.ScriptEngine.run(ScriptEngine.java:194)
	at com.kms.katalon.core.main.ScriptEngine.runScriptAsRawText(ScriptEngine.java:119)
	at com.kms.katalon.core.main.TestCaseExecutor.runScript(TestCaseExecutor.java:442)
	at com.kms.katalon.core.main.TestCaseExecutor.doExecute(TestCaseExecutor.java:433)
	at com.kms.katalon.core.main.TestCaseExecutor.processExecutionPhase(TestCaseExecutor.java:412)
	at com.kms.katalon.core.main.TestCaseExecutor.accessMainPhase(TestCaseExecutor.java:404)
	at com.kms.katalon.core.main.TestCaseExecutor.execute(TestCaseExecutor.java:281)
	at com.kms.katalon.core.main.TestSuiteExecutor.accessTestCaseMainPhase(TestSuiteExecutor.java:202)
	at com.kms.katalon.core.main.TestSuiteExecutor.accessTestSuiteMainPhase(TestSuiteExecutor.java:164)
	at com.kms.katalon.core.main.TestSuiteExecutor.execute(TestSuiteExecutor.java:105)
	at com.kms.katalon.core.main.TestCaseMain.startTestSuite(TestCaseMain.java:185)
	at com.kms.katalon.core.main.TestCaseMain$startTestSuite$0.call(Unknown Source)
	at TempTestSuite1645768437880.run(TempTestSuite1645768437880.groovy:36)
Caused by: com.kms.katalon.core.webui.exception.WebElementNotFoundException: Web element with id: 'Object Repository/Avangard New/Object (Доктор)/Case (Питание)/input_task' located by '//div[@id='root']/div/div/div[2]/div/div[3]/div/div[2]/div/div/div[2]/div/div/div[2]/div[3]/div/div/div/div/div/input' not found
	at com.kms.katalon.core.webui.common.WebUiCommonHelper.findWebElement(WebUiCommonHelper.java:1370)
	at com.kms.katalon.core.webui.keyword.internal.WebUIAbstractKeyword.findWebElement(WebUIAbstractKeyword.groovy:27)
	at com.kms.katalon.core.webui.keyword.internal.WebUIAbstractKeyword.findWebElement(WebUIAbstractKeyword.groovy:26)
	at com.kms.katalon.core.webui.keyword.builtin.SetTextKeyword$_setText_closure1.doCall(SetTextKeyword.groovy:51)
	at com.kms.katalon.core.webui.keyword.builtin.SetTextKeyword$_setText_closure1.call(SetTextKeyword.groovy)
	at com.kms.katalon.core.webui.keyword.internal.WebUIKeywordMain.runKeyword(WebUIKeywordMain.groovy:20)
	at com.kms.katalon.core.webui.keyword.builtin.SetTextKeyword.setText(SetTextKeyword.groovy:66)
	at com.kms.katalon.core.webui.keyword.builtin.SetTextKeyword.execute(SetTextKeyword.groovy:37)
	at com.kms.katalon.core.keyword.internal.KeywordExecutor.executeKeywordForPlatform(KeywordExecutor.groovy:74)
	at com.kms.katalon.core.webui.keyword.WebUiBuiltInKeywords.setText(WebUiBuiltInKeywords.groovy:980)
	at com.kms.katalon.core.webui.keyword.WebUiBuiltInKeywords$setText$2.call(Unknown Source)
	at Script1645638970189.run(Script1645638970189.groovy:51)
	... 13 more
)

2022-02-25 08:59:23 - [MESSAGE][INFO] - Unable to find the element located by 'By.xpath: //div[@id='root']/div/div/div[2]/div/div[3]/div/div[2]/div/div/div[2]/div/div/div[2]/div[3]/div/div/div/div/div/input'. Please recheck the objects properties to make sure the desired element is located. 

2022-02-25 08:59:23 - [MESSAGE][WARNING] - [SELF-HEALING] Failed to find element with id 'Object Repository/Avangard New/Object (Доктор)/Case (Питание)/input_task'. Try using Self-healing.

2022-02-25 08:59:24 - [MESSAGE][INFO] - [SELF-HEALING] Failed Locator: '(//input[@value=''])[4]'.

2022-02-25 08:59:26 - [MESSAGE][INFO] - [SELF-HEALING] Failed Locator: '//div[@id='root']/div/div/div[2]/div/div[3]/div/div[2]/div/div/div[2]/div/div/div[2]/div[3]/div/div/div/div/div/input'.

2022-02-25 08:59:27 - [MESSAGE][INFO] - [SELF-HEALING] Failed Locator: '//div[3]/div/div/div/div/div/input'.

2022-02-25 08:59:28 - [MESSAGE][INFO] - [SELF-HEALING] Failed Locator: '//input[@placeholder = 'Введите название задачи']'.

2022-02-25 08:59:30 - [MESSAGE][INFO] - Unable to find the element located by 'By.xpath: //*[@placeholder = 'Введите название задачи']'. Please recheck the objects properties to make sure the desired element is located. 

2022-02-25 08:59:31 - [MESSAGE][INFO] - Unable to find the element located by 'By.cssSelector: input.Input-sc-rbewbw-0.cOHhWz'. Please recheck the objects properties to make sure the desired element is located. 

2022-02-25 08:59:32 - [MESSAGE][FAILED] - Unable to set text 'автотест питания' of object 'Object Repository/Avangard New/Object (Доктор)/Case (Питание)/input_task' (Root cause: com.kms.katalon.core.exception.StepFailedException: Unable to set text 'автотест питания' of object 'Object Repository/Avangard New/Object (Доктор)/Case (Питание)/input_task'
	at com.kms.katalon.core.webui.keyword.internal.WebUIKeywordMain.stepFailed(WebUIKeywordMain.groovy:64)
	at com.kms.katalon.core.webui.keyword.internal.WebUIKeywordMain.runKeyword(WebUIKeywordMain.groovy:26)
	at com.kms.katalon.core.webui.keyword.builtin.SetTextKeyword.setText(SetTextKeyword.groovy:66)
	at com.kms.katalon.core.webui.keyword.builtin.SetTextKeyword.execute(SetTextKeyword.groovy:37)
	at com.kms.katalon.core.keyword.internal.KeywordExecutor.executeKeywordForPlatform(KeywordExecutor.groovy:74)
	at com.kms.katalon.core.webui.keyword.WebUiBuiltInKeywords.setText(WebUiBuiltInKeywords.groovy:980)
	at com.kms.katalon.core.webui.keyword.WebUiBuiltInKeywords$setText$2.call(Unknown Source)
	at дописать проверку на игрока Проверка вкладки Питание.run(дописать проверку на игрока Проверка вкладки Питание:51)
	at com.kms.katalon.core.main.ScriptEngine.run(ScriptEngine.java:194)
	at com.kms.katalon.core.main.ScriptEngine.runScriptAsRawText(ScriptEngine.java:119)
	at com.kms.katalon.core.main.TestCaseExecutor.runScript(TestCaseExecutor.java:442)
	at com.kms.katalon.core.main.TestCaseExecutor.doExecute(TestCaseExecutor.java:433)
	at com.kms.katalon.core.main.TestCaseExecutor.processExecutionPhase(TestCaseExecutor.java:412)
	at com.kms.katalon.core.main.TestCaseExecutor.accessMainPhase(TestCaseExecutor.java:404)
	at com.kms.katalon.core.main.TestCaseExecutor.execute(TestCaseExecutor.java:281)
	at com.kms.katalon.core.main.TestSuiteExecutor.accessTestCaseMainPhase(TestSuiteExecutor.java:202)
	at com.kms.katalon.core.main.TestSuiteExecutor.accessTestSuiteMainPhase(TestSuiteExecutor.java:164)
	at com.kms.katalon.core.main.TestSuiteExecutor.execute(TestSuiteExecutor.java:105)
	at com.kms.katalon.core.main.TestCaseMain.startTestSuite(TestCaseMain.java:185)
	at com.kms.katalon.core.main.TestCaseMain$startTestSuite$0.call(Unknown Source)
	at TempTestSuite1645768437880.run(TempTestSuite1645768437880.groovy:36)
Caused by: com.kms.katalon.core.webui.exception.WebElementNotFoundException: Web element with id: 'Object Repository/Avangard New/Object (Доктор)/Case (Питание)/input_task' located by '//div[@id='root']/div/div/div[2]/div/div[3]/div/div[2]/div/div/div[2]/div/div/div[2]/div[3]/div/div/div/div/div/input' not found
	at com.kms.katalon.core.webui.common.WebUiCommonHelper.findWebElement(WebUiCommonHelper.java:1370)
	at com.kms.katalon.core.webui.keyword.internal.WebUIAbstractKeyword.findWebElement(WebUIAbstractKeyword.groovy:27)
	at com.kms.katalon.core.webui.keyword.internal.WebUIAbstractKeyword.findWebElement(WebUIAbstractKeyword.groovy:26)
	at com.kms.katalon.core.webui.keyword.builtin.SetTextKeyword$_setText_closure1.doCall(SetTextKeyword.groovy:51)
	at com.kms.katalon.core.webui.keyword.builtin.SetTextKeyword$_setText_closure1.call(SetTextKeyword.groovy)
	at com.kms.katalon.core.webui.keyword.internal.WebUIKeywordMain.runKeyword(WebUIKeywordMain.groovy:20)
	at com.kms.katalon.core.webui.keyword.builtin.SetTextKeyword.setText(SetTextKeyword.groovy:66)
	at com.kms.katalon.core.webui.keyword.builtin.SetTextKeyword.execute(SetTextKeyword.groovy:37)
	at com.kms.katalon.core.keyword.internal.KeywordExecutor.executeKeywordForPlatform(KeywordExecutor.groovy:74)
	at com.kms.katalon.core.webui.keyword.WebUiBuiltInKeywords.setText(WebUiBuiltInKeywords.groovy:980)
	at com.kms.katalon.core.webui.keyword.WebUiBuiltInKeywords$setText$2.call(Unknown Source)
	at Script1645638970189.run(Script1645638970189.groovy:51)
	... 13 more
)
[[ATTACHMENT|C:\\Users\\LENOVO\\Katalon Studio\\Avangard\\Reports\\20220225_085350\\\u0414\u043E\u043A\u0442\u043E\u0440\\20220225_085357\\1645768771277.png]]]]></system-out>
         <system-err><![CDATA[2022-02-25 08:54:25 - [TEST_CASE][FAILED] - Test Cases/Доктор/дописать проверку на игрока Проверка вкладки Питание: Test Cases/Доктор/дописать проверку на игрока Проверка вкладки Питание FAILED.
Reason:
com.kms.katalon.core.exception.StepFailedException: Unable to set text 'автотест питания' of object 'Object Repository/Avangard New/Object (Доктор)/Case (Питание)/input_task'
	at com.kms.katalon.core.webui.keyword.internal.WebUIKeywordMain.stepFailed(WebUIKeywordMain.groovy:64)
	at com.kms.katalon.core.webui.keyword.internal.WebUIKeywordMain.runKeyword(WebUIKeywordMain.groovy:26)
	at com.kms.katalon.core.webui.keyword.builtin.SetTextKeyword.setText(SetTextKeyword.groovy:66)
	at com.kms.katalon.core.webui.keyword.builtin.SetTextKeyword.execute(SetTextKeyword.groovy:37)
	at com.kms.katalon.core.keyword.internal.KeywordExecutor.executeKeywordForPlatform(KeywordExecutor.groovy:74)
	at com.kms.katalon.core.webui.keyword.WebUiBuiltInKeywords.setText(WebUiBuiltInKeywords.groovy:980)
	at com.kms.katalon.core.webui.keyword.WebUiBuiltInKeywords$setText$2.call(Unknown Source)
	at дописать проверку на игрока Проверка вкладки Питание.run(дописать проверку на игрока Проверка вкладки Питание:51)
	at com.kms.katalon.core.main.ScriptEngine.run(ScriptEngine.java:194)
	at com.kms.katalon.core.main.ScriptEngine.runScriptAsRawText(ScriptEngine.java:119)
	at com.kms.katalon.core.main.TestCaseExecutor.runScript(TestCaseExecutor.java:442)
	at com.kms.katalon.core.main.TestCaseExecutor.doExecute(TestCaseExecutor.java:433)
	at com.kms.katalon.core.main.TestCaseExecutor.processExecutionPhase(TestCaseExecutor.java:412)
	at com.kms.katalon.core.main.TestCaseExecutor.accessMainPhase(TestCaseExecutor.java:404)
	at com.kms.katalon.core.main.TestCaseExecutor.execute(TestCaseExecutor.java:281)
	at com.kms.katalon.core.main.TestSuiteExecutor.accessTestCaseMainPhase(TestSuiteExecutor.java:202)
	at com.kms.katalon.core.main.TestSuiteExecutor.accessTestSuiteMainPhase(TestSuiteExecutor.java:164)
	at com.kms.katalon.core.main.TestSuiteExecutor.execute(TestSuiteExecutor.java:105)
	at com.kms.katalon.core.main.TestCaseMain.startTestSuite(TestCaseMain.java:185)
	at com.kms.katalon.core.main.TestCaseMain$startTestSuite$0.call(Unknown Source)
	at TempTestSuite1645768437880.run(TempTestSuite1645768437880.groovy:36)
Caused by: com.kms.katalon.core.webui.exception.WebElementNotFoundException: Web element with id: 'Object Repository/Avangard New/Object (Доктор)/Case (Питание)/input_task' located by '//div[@id='root']/div/div/div[2]/div/div[3]/div/div[2]/div/div/div[2]/div/div/div[2]/div[3]/div/div/div/div/div/input' not found
	at com.kms.katalon.core.webui.common.WebUiCommonHelper.findWebElement(WebUiCommonHelper.java:1370)
	at com.kms.katalon.core.webui.keyword.internal.WebUIAbstractKeyword.findWebElement(WebUIAbstractKeyword.groovy:27)
	at com.kms.katalon.core.webui.keyword.internal.WebUIAbstractKeyword.findWebElement(WebUIAbstractKeyword.groovy:26)
	at com.kms.katalon.core.webui.keyword.builtin.SetTextKeyword$_setText_closure1.doCall(SetTextKeyword.groovy:51)
	at com.kms.katalon.core.webui.keyword.builtin.SetTextKeyword$_setText_closure1.call(SetTextKeyword.groovy)
	at com.kms.katalon.core.webui.keyword.internal.WebUIKeywordMain.runKeyword(WebUIKeywordMain.groovy:20)
	... 19 more]]></system-err>
      </testcase>
      <testcase name="Test Cases/Доктор/Просмотр профиля" time="169.825" classname="Test Cases/Доктор/Просмотр профиля" status="PASSED">
         <system-out><![CDATA[2022-02-25 08:59:34 - [TEST_CASE][PASSED] - Test Cases/Доктор/Просмотр профиля: Test Cases/Доктор/Просмотр профиля

2022-02-25 08:59:35 - [TEST_STEP][PASSED] - callTestCase(findTestCase("Доктор/Авторизация врач"), [:], STOP_ON_FAILURE): Call Test Case 'Test Cases/Доктор/Авторизация врач' successfully

2022-02-25 08:59:35 - [TEST_CASE][PASSED] - Test Cases/Доктор/Авторизация врач: Test Cases/Доктор/Авторизация врач

2022-02-25 08:59:35 - [TEST_STEP][PASSED] - openBrowser(""): Browser is opened with url: ''

2022-02-25 08:59:35 - [MESSAGE][WARNING] - A browser is already opened. Closing browser and opening a new one

2022-02-25 08:59:36 - [MESSAGE][INFO] - User set preference: ['os', 'linux']

2022-02-25 08:59:36 - [MESSAGE][INFO] - User set preference: ['browserName', 'chrome']

2022-02-25 08:59:36 - [MESSAGE][INFO] - User set preference: ['browserVersion', '97']

2022-02-25 08:59:36 - [MESSAGE][INFO] - User set preference: ['katalon:option', '{organizationId=564672, tunnelId=, usingTunnel=false}']

2022-02-25 08:59:36 - [MESSAGE][INFO] - Connecting to remote web server 'testcloud.katalon.com/hub' with type 'Selenium'

2022-02-25 08:59:36 - [MESSAGE][INFO] - Action delay is set to 100 milliseconds

2022-02-25 09:01:52 - [MESSAGE][PASSED] - Browser is opened with url: ''

2022-02-25 09:01:52 - [TEST_STEP][PASSED] - maximizeWindow(): Current window maximized

2022-02-25 09:01:53 - [MESSAGE][PASSED] - Current window maximized

2022-02-25 09:01:53 - [TEST_STEP][PASSED] - navigateToUrl(url): Navigate to 'https://stars-stage.hawk.ru:8080' successfully

2022-02-25 09:01:59 - [MESSAGE][PASSED] - Navigate to 'https://stars-stage.hawk.ru:8080' successfully

2022-02-25 09:01:59 - [TEST_STEP][PASSED] - setText(findTestObject("Object Repository/vra/Page_/input__sc-lnrBVv eqPACj"), doktor_login): Text 'TestDoctor@mail.ru' is set on object 'Object Repository/vra/Page_/input__sc-lnrBVv eqPACj'

2022-02-25 09:02:03 - [MESSAGE][PASSED] - Text 'TestDoctor@mail.ru' is set on object 'Object Repository/vra/Page_/input__sc-lnrBVv eqPACj'

2022-02-25 09:02:03 - [TEST_STEP][PASSED] - setText(findTestObject("Object Repository/vra/Page_/input__sc-lnrBVv eqPACj_1"), doktor_password, STOP_ON_FAILURE): Text 'TestDoctor@mail.ru' is set on object 'Object Repository/vra/Page_/input__sc-lnrBVv eqPACj_1'

2022-02-25 09:02:07 - [MESSAGE][PASSED] - Text 'TestDoctor@mail.ru' is set on object 'Object Repository/vra/Page_/input__sc-lnrBVv eqPACj_1'

2022-02-25 09:02:07 - [TEST_STEP][PASSED] - click(findTestObject("Object Repository/vrach/Page_/Page_/go")): Object: 'Object Repository/vrach/Page_/Page_/go' is clicked on

2022-02-25 09:02:09 - [MESSAGE][PASSED] - Object: 'Object Repository/vrach/Page_/Page_/go' is clicked on

2022-02-25 09:02:09 - [MESSAGE][PASSED] - Call Test Case 'Test Cases/Доктор/Авторизация врач' successfully

2022-02-25 09:02:09 - [TEST_STEP][PASSED] - click(findTestObject("Object Repository/vrach/profile/Page_/span_TestDoctormail.ru")): Object: 'Object Repository/vrach/profile/Page_/span_TestDoctormail.ru' is clicked on

2022-02-25 09:02:17 - [MESSAGE][PASSED] - Object: 'Object Repository/vrach/profile/Page_/span_TestDoctormail.ru' is clicked on

2022-02-25 09:02:17 - [TEST_STEP][PASSED] - click(findTestObject("Object Repository/vrach/profile/Page_/save")): Object: 'Object Repository/vrach/profile/Page_/save' is clicked on

2022-02-25 09:02:19 - [MESSAGE][PASSED] - Object: 'Object Repository/vrach/profile/Page_/save' is clicked on

2022-02-25 09:02:19 - [TEST_STEP][PASSED] - verifyTextPresent("Пользователь сохранен", true): Text 'Пользователь сохранен' is present on page  using regular expression

2022-02-25 09:02:22 - [MESSAGE][PASSED] - Text 'Пользователь сохранен' is present on page  using regular expression

2022-02-25 09:02:22 - [TEST_STEP][PASSED] - click(findTestObject("Object Repository/vrach/profile/Page_/exit")): Object: 'Object Repository/vrach/profile/Page_/exit' is clicked on

2022-02-25 09:02:24 - [MESSAGE][PASSED] - Object: 'Object Repository/vrach/profile/Page_/exit' is clicked on

2022-02-25 09:02:24 - [TEST_STEP][PASSED] - closeBrowser(): Browser is closed

2022-02-25 09:02:24 - [MESSAGE][PASSED] - Browser is closed]]></system-out>
         <system-err><![CDATA[]]></system-err>
      </testcase>
      <testcase name="Test Cases/Доктор/Психотест (психолог)" time="160.635" classname="Test Cases/Доктор/Психотест (психолог)" status="PASSED">
         <system-out><![CDATA[2022-02-25 09:02:24 - [TEST_CASE][PASSED] - Test Cases/Доктор/Психотест (психолог): Test Cases/Доктор/Психотест (психолог)

2022-02-25 09:02:25 - [TEST_STEP][PASSED] - openBrowser(""): Browser is opened with url: ''

2022-02-25 09:02:25 - [MESSAGE][INFO] - User set preference: ['os', 'linux']

2022-02-25 09:02:25 - [MESSAGE][INFO] - User set preference: ['browserName', 'chrome']

2022-02-25 09:02:25 - [MESSAGE][INFO] - User set preference: ['browserVersion', '97']

2022-02-25 09:02:25 - [MESSAGE][INFO] - User set preference: ['katalon:option', '{organizationId=564672, tunnelId=, usingTunnel=false}']

2022-02-25 09:02:25 - [MESSAGE][INFO] - Connecting to remote web server 'testcloud.katalon.com/hub' with type 'Selenium'

2022-02-25 09:02:25 - [MESSAGE][INFO] - Action delay is set to 100 milliseconds

2022-02-25 09:04:07 - [MESSAGE][PASSED] - Browser is opened with url: ''

2022-02-25 09:04:07 - [TEST_STEP][PASSED] - maximizeWindow(): Current window maximized

2022-02-25 09:04:08 - [MESSAGE][PASSED] - Current window maximized

2022-02-25 09:04:08 - [TEST_STEP][PASSED] - navigateToUrl("https://stars-stage.hawk.ru:8080/"): Navigate to 'https://stars-stage.hawk.ru:8080/' successfully

2022-02-25 09:04:14 - [MESSAGE][PASSED] - Navigate to 'https://stars-stage.hawk.ru:8080/' successfully

2022-02-25 09:04:14 - [TEST_STEP][PASSED] - setText(findTestObject("Avangard New/Object (Психолог)/login (Логин Психолог)"), "psychoTEST@mail.ru"): Text 'psychoTEST@mail.ru' is set on object 'Object Repository/Avangard New/Object (Психолог)/login (Логин Психолог)'

2022-02-25 09:04:18 - [MESSAGE][PASSED] - Text 'psychoTEST@mail.ru' is set on object 'Object Repository/Avangard New/Object (Психолог)/login (Логин Психолог)'

2022-02-25 09:04:18 - [TEST_STEP][PASSED] - setText(findTestObject("Avangard New/Object (Психолог)/password (Пароль Психолог)"), "psychoTEST@mail.ru", STOP_ON_FAILURE): Text 'psychoTEST@mail.ru' is set on object 'Object Repository/Avangard New/Object (Психолог)/password (Пароль Психолог)'

2022-02-25 09:04:23 - [MESSAGE][PASSED] - Text 'psychoTEST@mail.ru' is set on object 'Object Repository/Avangard New/Object (Психолог)/password (Пароль Психолог)'

2022-02-25 09:04:23 - [TEST_STEP][PASSED] - click(findTestObject("Object Repository/vrach/psychotest/Page_/go")): Object: 'Object Repository/vrach/psychotest/Page_/go' is clicked on

2022-02-25 09:04:25 - [MESSAGE][PASSED] - Object: 'Object Repository/vrach/psychotest/Page_/go' is clicked on

2022-02-25 09:04:25 - [TEST_STEP][PASSED] - click(findTestObject("Object Repository/vrach/psychotest/Page_/psychotest")): Object: 'Object Repository/vrach/psychotest/Page_/psychotest' is clicked on

2022-02-25 09:04:35 - [MESSAGE][PASSED] - Object: 'Object Repository/vrach/psychotest/Page_/psychotest' is clicked on

2022-02-25 09:04:35 - [TEST_STEP][PASSED] - verifyTextPresent("Психологический профиль", false): Text 'Психологический профиль' is present on page 

2022-02-25 09:04:37 - [MESSAGE][PASSED] - Text 'Психологический профиль' is present on page 

2022-02-25 09:04:37 - [TEST_STEP][PASSED] - click(findTestObject("Object Repository/vrach/psychotest/Page_/school")): Object: 'Object Repository/vrach/psychotest/Page_/school' is clicked on

2022-02-25 09:04:39 - [MESSAGE][PASSED] - Object: 'Object Repository/vrach/psychotest/Page_/school' is clicked on

2022-02-25 09:04:39 - [TEST_STEP][PASSED] - click(findTestObject("Object Repository/vrach/psychotest/Page_/avanguard")): Object: 'Object Repository/vrach/psychotest/Page_/avanguard' is clicked on

2022-02-25 09:04:41 - [MESSAGE][PASSED] - Object: 'Object Repository/vrach/psychotest/Page_/avanguard' is clicked on

2022-02-25 09:04:41 - [TEST_STEP][PASSED] - click(findTestObject("Object Repository/vrach/psychotest/Page_/team")): Object: 'Object Repository/vrach/psychotest/Page_/team' is clicked on

2022-02-25 09:04:43 - [MESSAGE][PASSED] - Object: 'Object Repository/vrach/psychotest/Page_/team' is clicked on

2022-02-25 09:04:43 - [TEST_STEP][PASSED] - click(findTestObject("Object Repository/vrach/psychotest/Page_/varteam")): Object: 'Object Repository/vrach/psychotest/Page_/varteam' is clicked on

2022-02-25 09:04:45 - [MESSAGE][PASSED] - Object: 'Object Repository/vrach/psychotest/Page_/varteam' is clicked on

2022-02-25 09:04:45 - [TEST_STEP][PASSED] - click(findTestObject("Object Repository/vrach/psychotest/Page_/player")): Object: 'Object Repository/vrach/psychotest/Page_/player' is clicked on

2022-02-25 09:04:48 - [MESSAGE][PASSED] - Object: 'Object Repository/vrach/psychotest/Page_/player' is clicked on

2022-02-25 09:04:48 - [TEST_STEP][PASSED] - click(findTestObject("Object Repository/vrach/psychotest/Page_/varplayer")): Object: 'Object Repository/vrach/psychotest/Page_/varplayer' is clicked on

2022-02-25 09:04:50 - [MESSAGE][PASSED] - Object: 'Object Repository/vrach/psychotest/Page_/varplayer' is clicked on

2022-02-25 09:04:50 - [TEST_STEP][PASSED] - click(findTestObject("Object Repository/vrach/psychotest/Page_/date")): Object: 'Object Repository/vrach/psychotest/Page_/date' is clicked on

2022-02-25 09:04:53 - [MESSAGE][PASSED] - Object: 'Object Repository/vrach/psychotest/Page_/date' is clicked on

2022-02-25 09:04:53 - [TEST_STEP][PASSED] - click(findTestObject("Object Repository/vrach/psychotest/Page_/enter_date")): Object: 'Object Repository/vrach/psychotest/Page_/enter_date' is clicked on

2022-02-25 09:04:55 - [MESSAGE][PASSED] - Object: 'Object Repository/vrach/psychotest/Page_/enter_date' is clicked on

2022-02-25 09:04:55 - [TEST_STEP][PASSED] - verifyTextPresent("Реакция на простой стимул", false): Text 'Реакция на простой стимул' is present on page 

2022-02-25 09:04:57 - [MESSAGE][PASSED] - Text 'Реакция на простой стимул' is present on page 

2022-02-25 09:04:57 - [TEST_STEP][PASSED] - scrollToElement(findTestObject("Object Repository/vrach/psychotest/Page_/thinking"), 0): Scroll to object 'Object Repository/vrach/psychotest/Page_/thinking' successfully

2022-02-25 09:04:57 - [MESSAGE][WARNING] - Timeout '0' is invalid. Using default page load timeout: '30'

2022-02-25 09:04:59 - [MESSAGE][PASSED] - Scroll to object 'Object Repository/vrach/psychotest/Page_/thinking' successfully

2022-02-25 09:04:59 - [TEST_STEP][PASSED] - setText(findTestObject("Object Repository/vrach/psychotest/Page_/thinking"), "9"): Text '9' is set on object 'Object Repository/vrach/psychotest/Page_/thinking'

2022-02-25 09:05:03 - [MESSAGE][PASSED] - Text '9' is set on object 'Object Repository/vrach/psychotest/Page_/thinking'

2022-02-25 09:05:03 - [TEST_STEP][PASSED] - click(findTestObject("Object Repository/vrach/psychotest/Page_/button_save")): Object: 'Object Repository/vrach/psychotest/Page_/button_save' is clicked on

2022-02-25 09:05:05 - [MESSAGE][PASSED] - Object: 'Object Repository/vrach/psychotest/Page_/button_save' is clicked on]]></system-out>
         <system-err><![CDATA[]]></system-err>
      </testcase>
      <testcase name="Test Cases/Доктор/создание карточки болезни" time="540.648" classname="Test Cases/Доктор/создание карточки болезни" status="PASSED">
         <system-out><![CDATA[2022-02-25 09:05:05 - [TEST_CASE][PASSED] - Test Cases/Доктор/создание карточки болезни: Test Cases/Доктор/создание карточки болезни

2022-02-25 09:05:06 - [TEST_STEP][PASSED] - callTestCase(findTestCase("Доктор/Авторизация врач"), [:], STOP_ON_FAILURE): Call Test Case 'Test Cases/Доктор/Авторизация врач' successfully

2022-02-25 09:05:06 - [TEST_CASE][PASSED] - Test Cases/Доктор/Авторизация врач: Test Cases/Доктор/Авторизация врач

2022-02-25 09:05:06 - [TEST_STEP][PASSED] - openBrowser(""): Browser is opened with url: ''

2022-02-25 09:05:06 - [MESSAGE][WARNING] - A browser is already opened. Closing browser and opening a new one

2022-02-25 09:05:06 - [MESSAGE][INFO] - User set preference: ['os', 'linux']

2022-02-25 09:05:06 - [MESSAGE][INFO] - User set preference: ['browserName', 'chrome']

2022-02-25 09:05:06 - [MESSAGE][INFO] - User set preference: ['browserVersion', '97']

2022-02-25 09:05:06 - [MESSAGE][INFO] - User set preference: ['katalon:option', '{organizationId=564672, tunnelId=, usingTunnel=false}']

2022-02-25 09:05:06 - [MESSAGE][INFO] - Connecting to remote web server 'testcloud.katalon.com/hub' with type 'Selenium'

2022-02-25 09:05:06 - [MESSAGE][INFO] - Action delay is set to 100 milliseconds

2022-02-25 09:06:25 - [MESSAGE][PASSED] - Browser is opened with url: ''

2022-02-25 09:06:25 - [TEST_STEP][PASSED] - maximizeWindow(): Current window maximized

2022-02-25 09:06:25 - [MESSAGE][PASSED] - Current window maximized

2022-02-25 09:06:25 - [TEST_STEP][PASSED] - navigateToUrl(url): Navigate to 'https://stars-stage.hawk.ru:8080' successfully

2022-02-25 09:06:33 - [MESSAGE][PASSED] - Navigate to 'https://stars-stage.hawk.ru:8080' successfully

2022-02-25 09:06:33 - [TEST_STEP][PASSED] - setText(findTestObject("Object Repository/vra/Page_/input__sc-lnrBVv eqPACj"), doktor_login): Text 'TestDoctor@mail.ru' is set on object 'Object Repository/vra/Page_/input__sc-lnrBVv eqPACj'

2022-02-25 09:06:37 - [MESSAGE][PASSED] - Text 'TestDoctor@mail.ru' is set on object 'Object Repository/vra/Page_/input__sc-lnrBVv eqPACj'

2022-02-25 09:06:37 - [TEST_STEP][PASSED] - setText(findTestObject("Object Repository/vra/Page_/input__sc-lnrBVv eqPACj_1"), doktor_password, STOP_ON_FAILURE): Text 'TestDoctor@mail.ru' is set on object 'Object Repository/vra/Page_/input__sc-lnrBVv eqPACj_1'

2022-02-25 09:06:42 - [MESSAGE][PASSED] - Text 'TestDoctor@mail.ru' is set on object 'Object Repository/vra/Page_/input__sc-lnrBVv eqPACj_1'

2022-02-25 09:06:42 - [TEST_STEP][PASSED] - click(findTestObject("Object Repository/vrach/Page_/Page_/go")): Object: 'Object Repository/vrach/Page_/Page_/go' is clicked on

2022-02-25 09:06:44 - [MESSAGE][PASSED] - Object: 'Object Repository/vrach/Page_/Page_/go' is clicked on

2022-02-25 09:06:44 - [MESSAGE][PASSED] - Call Test Case 'Test Cases/Доктор/Авторизация врач' successfully

2022-02-25 09:06:44 - [TEST_STEP][PASSED] - click(findTestObject("Avangard New/Object (Доктор)/doctor case (создание карточки и удаление)/button_add")): Object: 'Object Repository/Avangard New/Object (Доктор)/doctor case (создание карточки и удаление)/button_add' is clicked on

2022-02-25 09:06:52 - [MESSAGE][PASSED] - Object: 'Object Repository/Avangard New/Object (Доктор)/doctor case (создание карточки и удаление)/button_add' is clicked on

2022-02-25 09:06:52 - [TEST_STEP][PASSED] - click(findTestObject("Avangard New/Object (Доктор)/doctor case (создание карточки и удаление)/school")): Object: 'Object Repository/Avangard New/Object (Доктор)/doctor case (создание карточки и удаление)/school' is clicked on

2022-02-25 09:06:55 - [MESSAGE][PASSED] - Object: 'Object Repository/Avangard New/Object (Доктор)/doctor case (создание карточки и удаление)/school' is clicked on

2022-02-25 09:06:55 - [TEST_STEP][PASSED] - click(findTestObject("Avangard New/Object (Доктор)/doctor case (создание карточки и удаление)/avanguard")): Object: 'Object Repository/Avangard New/Object (Доктор)/doctor case (создание карточки и удаление)/avanguard' is clicked on

2022-02-25 09:06:57 - [MESSAGE][PASSED] - Object: 'Object Repository/Avangard New/Object (Доктор)/doctor case (создание карточки и удаление)/avanguard' is clicked on

2022-02-25 09:06:57 - [TEST_STEP][PASSED] - click(findTestObject("Avangard New/Object (Доктор)/doctor case (создание карточки и удаление)/team")): Object: 'Object Repository/Avangard New/Object (Доктор)/doctor case (создание карточки и удаление)/team' is clicked on

2022-02-25 09:06:59 - [MESSAGE][PASSED] - Object: 'Object Repository/Avangard New/Object (Доктор)/doctor case (создание карточки и удаление)/team' is clicked on

2022-02-25 09:06:59 - [TEST_STEP][PASSED] - click(findTestObject("Avangard New/Object (Доктор)/doctor case (создание карточки и удаление)/var_team")): Object: 'Object Repository/Avangard New/Object (Доктор)/doctor case (создание карточки и удаление)/var_team' is clicked on

2022-02-25 09:07:01 - [MESSAGE][PASSED] - Object: 'Object Repository/Avangard New/Object (Доктор)/doctor case (создание карточки и удаление)/var_team' is clicked on

2022-02-25 09:07:01 - [TEST_STEP][PASSED] - click(findTestObject("Avangard New/Object (Доктор)/doctor case (создание карточки и удаление)/player")): Object: 'Object Repository/Avangard New/Object (Доктор)/doctor case (создание карточки и удаление)/player' is clicked on

2022-02-25 09:07:03 - [MESSAGE][PASSED] - Object: 'Object Repository/Avangard New/Object (Доктор)/doctor case (создание карточки и удаление)/player' is clicked on

2022-02-25 09:07:03 - [TEST_STEP][PASSED] - click(findTestObject("Avangard New/Object (Доктор)/doctor case (создание карточки и удаление)/var_player")): Object: 'Object Repository/Avangard New/Object (Доктор)/doctor case (создание карточки и удаление)/var_player' is clicked on

2022-02-25 09:07:05 - [MESSAGE][PASSED] - Object: 'Object Repository/Avangard New/Object (Доктор)/doctor case (создание карточки и удаление)/var_player' is clicked on

2022-02-25 09:07:05 - [TEST_STEP][PASSED] - click(findTestObject("Avangard New/Object (Доктор)/doctor case (создание карточки и удаление)/tip")): Object: 'Object Repository/Avangard New/Object (Доктор)/doctor case (создание карточки и удаление)/tip' is clicked on

2022-02-25 09:07:08 - [MESSAGE][PASSED] - Object: 'Object Repository/Avangard New/Object (Доктор)/doctor case (создание карточки и удаление)/tip' is clicked on

2022-02-25 09:07:08 - [TEST_STEP][PASSED] - click(findTestObject("Avangard New/Object (Доктор)/doctor case (создание карточки и удаление)/travma")): Object: 'Object Repository/Avangard New/Object (Доктор)/doctor case (создание карточки и удаление)/travma' is clicked on

2022-02-25 09:07:10 - [MESSAGE][PASSED] - Object: 'Object Repository/Avangard New/Object (Доктор)/doctor case (создание карточки и удаление)/travma' is clicked on

2022-02-25 09:07:10 - [TEST_STEP][PASSED] - click(findTestObject("Avangard New/Object (Доктор)/doctor case (создание карточки и удаление)/stady 1")): Object: 'Object Repository/Avangard New/Object (Доктор)/doctor case (создание карточки и удаление)/stady 1' is clicked on

2022-02-25 09:07:12 - [MESSAGE][PASSED] - Object: 'Object Repository/Avangard New/Object (Доктор)/doctor case (создание карточки и удаление)/stady 1' is clicked on

2022-02-25 09:07:12 - [TEST_STEP][PASSED] - click(findTestObject("Avangard New/Object (Доктор)/doctor case (создание карточки и удаление)/choise_stady")): Object: 'Object Repository/Avangard New/Object (Доктор)/doctor case (создание карточки и удаление)/choise_stady' is clicked on

2022-02-25 09:07:14 - [MESSAGE][PASSED] - Object: 'Object Repository/Avangard New/Object (Доктор)/doctor case (создание карточки и удаление)/choise_stady' is clicked on

2022-02-25 09:07:14 - [TEST_STEP][PASSED] - click(findTestObject("Avangard New/Object (Доктор)/doctor case (создание карточки и удаление)/tip travm")): Object: 'Object Repository/Avangard New/Object (Доктор)/doctor case (создание карточки и удаление)/tip travm' is clicked on

2022-02-25 09:07:16 - [MESSAGE][PASSED] - Object: 'Object Repository/Avangard New/Object (Доктор)/doctor case (создание карточки и удаление)/tip travm' is clicked on

2022-02-25 09:07:16 - [TEST_STEP][PASSED] - click(findTestObject("Avangard New/Object (Доктор)/doctor case (создание карточки и удаление)/choise_travm")): Object: 'Object Repository/Avangard New/Object (Доктор)/doctor case (создание карточки и удаление)/choise_travm' is clicked on

2022-02-25 09:07:18 - [MESSAGE][PASSED] - Object: 'Object Repository/Avangard New/Object (Доктор)/doctor case (создание карточки и удаление)/choise_travm' is clicked on

2022-02-25 09:07:18 - [TEST_STEP][PASSED] - setText(findTestObject("Avangard New/Object (Доктор)/doctor case (создание карточки и удаление)/dop opisanie"), "автотестирование "): Text 'автотестирование ' is set on object 'Object Repository/Avangard New/Object (Доктор)/doctor case (создание карточки и удаление)/dop opisanie'

2022-02-25 09:07:23 - [MESSAGE][PASSED] - Text 'автотестирование ' is set on object 'Object Repository/Avangard New/Object (Доктор)/doctor case (создание карточки и удаление)/dop opisanie'

2022-02-25 09:07:23 - [TEST_STEP][PASSED] - click(findTestObject("Avangard New/Object (Доктор)/doctor case (создание карточки и удаление)/button_save")): Object: 'Object Repository/Avangard New/Object (Доктор)/doctor case (создание карточки и удаление)/button_save' is clicked on

2022-02-25 09:07:25 - [MESSAGE][PASSED] - Object: 'Object Repository/Avangard New/Object (Доктор)/doctor case (создание карточки и удаление)/button_save' is clicked on

2022-02-25 09:07:25 - [TEST_STEP][PASSED] - verifyTextPresent("Карточка успешно сохранена", false): Text 'Карточка успешно сохранена' is present on page 

2022-02-25 09:07:28 - [MESSAGE][PASSED] - Text 'Карточка успешно сохранена' is present on page 

2022-02-25 09:07:28 - [TEST_STEP][PASSED] - callTestCase(findTestCase("Доктор/проверка в профиле статуса (переиспользуется)"), [:], STOP_ON_FAILURE): Call Test Case 'Test Cases/Доктор/проверка в профиле статуса (переиспользуется)' successfully

2022-02-25 09:07:28 - [TEST_CASE][PASSED] - Test Cases/Доктор/проверка в профиле статуса (переиспользуется): Test Cases/Доктор/проверка в профиле статуса (переиспользуется)

2022-02-25 09:07:29 - [TEST_STEP][PASSED] - callTestCase(findTestCase("Доктор/Авторизация врач"), [:], STOP_ON_FAILURE): Call Test Case 'Test Cases/Доктор/Авторизация врач' successfully

2022-02-25 09:07:29 - [TEST_CASE][PASSED] - Test Cases/Доктор/Авторизация врач: Test Cases/Доктор/Авторизация врач

2022-02-25 09:07:29 - [TEST_STEP][PASSED] - openBrowser(""): Browser is opened with url: ''

2022-02-25 09:07:29 - [MESSAGE][WARNING] - A browser is already opened. Closing browser and opening a new one

2022-02-25 09:07:30 - [MESSAGE][INFO] - User set preference: ['os', 'linux']

2022-02-25 09:07:30 - [MESSAGE][INFO] - User set preference: ['browserName', 'chrome']

2022-02-25 09:07:30 - [MESSAGE][INFO] - User set preference: ['browserVersion', '97']

2022-02-25 09:07:30 - [MESSAGE][INFO] - User set preference: ['katalon:option', '{organizationId=564672, tunnelId=, usingTunnel=false}']

2022-02-25 09:07:30 - [MESSAGE][INFO] - Connecting to remote web server 'testcloud.katalon.com/hub' with type 'Selenium'

2022-02-25 09:07:30 - [MESSAGE][INFO] - Action delay is set to 100 milliseconds

2022-02-25 09:08:53 - [MESSAGE][PASSED] - Browser is opened with url: ''

2022-02-25 09:08:53 - [TEST_STEP][PASSED] - maximizeWindow(): Current window maximized

2022-02-25 09:08:54 - [MESSAGE][PASSED] - Current window maximized

2022-02-25 09:08:54 - [TEST_STEP][PASSED] - navigateToUrl(url): Navigate to 'https://stars-stage.hawk.ru:8080' successfully

2022-02-25 09:09:02 - [MESSAGE][PASSED] - Navigate to 'https://stars-stage.hawk.ru:8080' successfully

2022-02-25 09:09:02 - [TEST_STEP][PASSED] - setText(findTestObject("Object Repository/vra/Page_/input__sc-lnrBVv eqPACj"), doktor_login): Text 'TestDoctor@mail.ru' is set on object 'Object Repository/vra/Page_/input__sc-lnrBVv eqPACj'

2022-02-25 09:09:05 - [MESSAGE][PASSED] - Text 'TestDoctor@mail.ru' is set on object 'Object Repository/vra/Page_/input__sc-lnrBVv eqPACj'

2022-02-25 09:09:05 - [TEST_STEP][PASSED] - setText(findTestObject("Object Repository/vra/Page_/input__sc-lnrBVv eqPACj_1"), doktor_password, STOP_ON_FAILURE): Text 'TestDoctor@mail.ru' is set on object 'Object Repository/vra/Page_/input__sc-lnrBVv eqPACj_1'

2022-02-25 09:09:09 - [MESSAGE][PASSED] - Text 'TestDoctor@mail.ru' is set on object 'Object Repository/vra/Page_/input__sc-lnrBVv eqPACj_1'

2022-02-25 09:09:09 - [TEST_STEP][PASSED] - click(findTestObject("Object Repository/vrach/Page_/Page_/go")): Object: 'Object Repository/vrach/Page_/Page_/go' is clicked on

2022-02-25 09:09:11 - [MESSAGE][PASSED] - Object: 'Object Repository/vrach/Page_/Page_/go' is clicked on

2022-02-25 09:09:11 - [MESSAGE][PASSED] - Call Test Case 'Test Cases/Доктор/Авторизация врач' successfully

2022-02-25 09:09:11 - [TEST_STEP][PASSED] - click(findTestObject("Avangard New/Object (Доктор)/doctor case (создание карточки и удаление)/player_menu")): Object: 'Object Repository/Avangard New/Object (Доктор)/doctor case (создание карточки и удаление)/player_menu' is clicked on

2022-02-25 09:09:19 - [MESSAGE][PASSED] - Object: 'Object Repository/Avangard New/Object (Доктор)/doctor case (создание карточки и удаление)/player_menu' is clicked on

2022-02-25 09:09:19 - [TEST_STEP][PASSED] - setText(findTestObject("Avangard New/Object (Доктор)/doctor case (создание карточки и удаление)/input__Search"), player_for_test_1): Text 'Ганин' is set on object 'Object Repository/Avangard New/Object (Доктор)/doctor case (создание карточки и удаление)/input__Search'

2022-02-25 09:09:24 - [MESSAGE][PASSED] - Text 'Ганин' is set on object 'Object Repository/Avangard New/Object (Доктор)/doctor case (создание карточки и удаление)/input__Search'

2022-02-25 09:09:24 - [TEST_STEP][PASSED] - click(findTestObject("Avangard New/Object (Доктор)/doctor case (создание карточки и удаление)/var_player")): Object: 'Object Repository/Avangard New/Object (Доктор)/doctor case (создание карточки и удаление)/var_player' is clicked on

2022-02-25 09:09:28 - [MESSAGE][PASSED] - Object: 'Object Repository/Avangard New/Object (Доктор)/doctor case (создание карточки и удаление)/var_player' is clicked on

2022-02-25 09:09:28 - [TEST_STEP][PASSED] - verifyElementText(findTestObject("Avangard New/Object (Доктор)/doctor case (создание карточки и удаление)/chek_stat"), "Травмирован"): Actual text and expected text of test object 'Object Repository/Avangard New/Object (Доктор)/doctor case (создание карточки и удаление)/chek_stat' are matched.

2022-02-25 09:09:34 - [MESSAGE][PASSED] - Actual text and expected text of test object 'Object Repository/Avangard New/Object (Доктор)/doctor case (создание карточки и удаление)/chek_stat' are matched.

2022-02-25 09:09:34 - [MESSAGE][PASSED] - Call Test Case 'Test Cases/Доктор/проверка в профиле статуса (переиспользуется)' successfully

2022-02-25 09:09:34 - [TEST_STEP][PASSED] - callTestCase(findTestCase("Доктор/вкладки удаление (переиспользуется)"), [:], STOP_ON_FAILURE): Call Test Case 'Test Cases/Доктор/вкладки удаление (переиспользуется)' successfully

2022-02-25 09:09:34 - [TEST_CASE][PASSED] - Test Cases/Доктор/вкладки удаление (переиспользуется): Test Cases/Доктор/вкладки удаление (переиспользуется)

2022-02-25 09:09:35 - [TEST_STEP][PASSED] - callTestCase(findTestCase("Доктор/Авторизация врач"), [:], STOP_ON_FAILURE): Call Test Case 'Test Cases/Доктор/Авторизация врач' successfully

2022-02-25 09:09:35 - [TEST_CASE][PASSED] - Test Cases/Доктор/Авторизация врач: Test Cases/Доктор/Авторизация врач

2022-02-25 09:09:35 - [TEST_STEP][PASSED] - openBrowser(""): Browser is opened with url: ''

2022-02-25 09:09:35 - [MESSAGE][WARNING] - A browser is already opened. Closing browser and opening a new one

2022-02-25 09:09:35 - [MESSAGE][INFO] - User set preference: ['os', 'linux']

2022-02-25 09:09:35 - [MESSAGE][INFO] - User set preference: ['browserName', 'chrome']

2022-02-25 09:09:35 - [MESSAGE][INFO] - User set preference: ['browserVersion', '97']

2022-02-25 09:09:35 - [MESSAGE][INFO] - User set preference: ['katalon:option', '{organizationId=564672, tunnelId=, usingTunnel=false}']

2022-02-25 09:09:35 - [MESSAGE][INFO] - Connecting to remote web server 'testcloud.katalon.com/hub' with type 'Selenium'

2022-02-25 09:09:35 - [MESSAGE][INFO] - Action delay is set to 100 milliseconds

2022-02-25 09:11:09 - [MESSAGE][PASSED] - Browser is opened with url: ''

2022-02-25 09:11:09 - [TEST_STEP][PASSED] - maximizeWindow(): Current window maximized

2022-02-25 09:11:10 - [MESSAGE][PASSED] - Current window maximized

2022-02-25 09:11:10 - [TEST_STEP][PASSED] - navigateToUrl(url): Navigate to 'https://stars-stage.hawk.ru:8080' successfully

2022-02-25 09:11:16 - [MESSAGE][PASSED] - Navigate to 'https://stars-stage.hawk.ru:8080' successfully

2022-02-25 09:11:16 - [TEST_STEP][PASSED] - setText(findTestObject("Object Repository/vra/Page_/input__sc-lnrBVv eqPACj"), doktor_login): Text 'TestDoctor@mail.ru' is set on object 'Object Repository/vra/Page_/input__sc-lnrBVv eqPACj'

2022-02-25 09:11:20 - [MESSAGE][PASSED] - Text 'TestDoctor@mail.ru' is set on object 'Object Repository/vra/Page_/input__sc-lnrBVv eqPACj'

2022-02-25 09:11:20 - [TEST_STEP][PASSED] - setText(findTestObject("Object Repository/vra/Page_/input__sc-lnrBVv eqPACj_1"), doktor_password, STOP_ON_FAILURE): Text 'TestDoctor@mail.ru' is set on object 'Object Repository/vra/Page_/input__sc-lnrBVv eqPACj_1'

2022-02-25 09:11:24 - [MESSAGE][PASSED] - Text 'TestDoctor@mail.ru' is set on object 'Object Repository/vra/Page_/input__sc-lnrBVv eqPACj_1'

2022-02-25 09:11:24 - [TEST_STEP][PASSED] - click(findTestObject("Object Repository/vrach/Page_/Page_/go")): Object: 'Object Repository/vrach/Page_/Page_/go' is clicked on

2022-02-25 09:11:26 - [MESSAGE][PASSED] - Object: 'Object Repository/vrach/Page_/Page_/go' is clicked on

2022-02-25 09:11:26 - [MESSAGE][PASSED] - Call Test Case 'Test Cases/Доктор/Авторизация врач' successfully

2022-02-25 09:11:26 - [TEST_STEP][PASSED] - click(findTestObject("Object Repository/vra/Page_/school")): Object: 'Object Repository/vra/Page_/school' is clicked on

2022-02-25 09:11:34 - [MESSAGE][PASSED] - Object: 'Object Repository/vra/Page_/school' is clicked on

2022-02-25 09:11:34 - [TEST_STEP][PASSED] - click(findTestObject("Object Repository/vra/Page_/var_school")): Object: 'Object Repository/vra/Page_/var_school' is clicked on

2022-02-25 09:11:36 - [MESSAGE][PASSED] - Object: 'Object Repository/vra/Page_/var_school' is clicked on

2022-02-25 09:11:36 - [TEST_STEP][PASSED] - click(findTestObject("Object Repository/vra/Page_/team")): Object: 'Object Repository/vra/Page_/team' is clicked on

2022-02-25 09:11:39 - [MESSAGE][PASSED] - Object: 'Object Repository/vra/Page_/team' is clicked on

2022-02-25 09:11:39 - [TEST_STEP][PASSED] - click(findTestObject("Avangard New/Object (Доктор)/doctor case (создание карточки и удаление)/Global school")): Object: 'Object Repository/Avangard New/Object (Доктор)/doctor case (создание карточки и удаление)/Global school' is clicked on

2022-02-25 09:11:42 - [MESSAGE][PASSED] - Object: 'Object Repository/Avangard New/Object (Доктор)/doctor case (создание карточки и удаление)/Global school' is clicked on

2022-02-25 09:11:42 - [TEST_STEP][PASSED] - click(findTestObject("Object Repository/vra/Page_/p_1")): Object: 'Object Repository/vra/Page_/p_1' is clicked on

2022-02-25 09:11:45 - [MESSAGE][PASSED] - Object: 'Object Repository/vra/Page_/p_1' is clicked on

2022-02-25 09:11:45 - [TEST_STEP][PASSED] - setText(findTestObject("Avangard New/Object (Доктор)/doctor case (создание карточки и удаление)/stady"), "Допуск на игру"): Text 'Допуск на игру' is set on object 'Object Repository/Avangard New/Object (Доктор)/doctor case (создание карточки и удаление)/stady'

2022-02-25 09:11:53 - [MESSAGE][PASSED] - Text 'Допуск на игру' is set on object 'Object Repository/Avangard New/Object (Доктор)/doctor case (создание карточки и удаление)/stady'

2022-02-25 09:11:53 - [TEST_STEP][PASSED] - sendKeys(findTestObject("Avangard New/Object (Доктор)/doctor case (создание карточки и удаление)/stady"), Keys.chord(ENTER)): Keys 'ENTER + ' sent to object: 'Object Repository/Avangard New/Object (Доктор)/doctor case (создание карточки и удаление)/stady'

2022-02-25 09:11:55 - [MESSAGE][PASSED] - Keys 'ENTER + ' sent to object: 'Object Repository/Avangard New/Object (Доктор)/doctor case (создание карточки и удаление)/stady'

2022-02-25 09:11:55 - [TEST_STEP][PASSED] - click(findTestObject("Avangard New/Object (Доктор)/doctor case (создание карточки и удаление)/button_save")): Object: 'Object Repository/Avangard New/Object (Доктор)/doctor case (создание карточки и удаление)/button_save' is clicked on

2022-02-25 09:11:57 - [MESSAGE][PASSED] - Object: 'Object Repository/Avangard New/Object (Доктор)/doctor case (создание карточки и удаление)/button_save' is clicked on

2022-02-25 09:11:57 - [TEST_STEP][PASSED] - click(findTestObject("Object Repository/vra/Page_/p_1")): Object: 'Object Repository/vra/Page_/p_1' is clicked on

2022-02-25 09:12:10 - [MESSAGE][PASSED] - Object: 'Object Repository/vra/Page_/p_1' is clicked on

2022-02-25 09:12:10 - [TEST_STEP][PASSED] - click(findTestObject("Object Repository/vra/Page_/button_delete")): Object: 'Object Repository/vra/Page_/button_delete' is clicked on

2022-02-25 09:12:16 - [MESSAGE][PASSED] - Object: 'Object Repository/vra/Page_/button_delete' is clicked on

2022-02-25 09:12:16 - [TEST_STEP][PASSED] - click(findTestObject("Object Repository/vra/Page_/confirm")): Object: 'Object Repository/vra/Page_/confirm' is clicked on

2022-02-25 09:12:18 - [MESSAGE][PASSED] - Object: 'Object Repository/vra/Page_/confirm' is clicked on

2022-02-25 09:12:18 - [TEST_STEP][PASSED] - verifyTextPresent("Карточка успешно удалена", false): Text 'Карточка успешно удалена' is present on page 

2022-02-25 09:12:20 - [MESSAGE][PASSED] - Text 'Карточка успешно удалена' is present on page 

2022-02-25 09:12:20 - [TEST_STEP][PASSED] - closeBrowser(): Browser is closed

2022-02-25 09:12:21 - [MESSAGE][PASSED] - Browser is closed

2022-02-25 09:12:21 - [MESSAGE][PASSED] - Call Test Case 'Test Cases/Доктор/вкладки удаление (переиспользуется)' successfully

2022-02-25 09:12:21 - [TEST_STEP][PASSED] - callTestCase(findTestCase("Доктор/проверка доступности игрока (переиспользуется)"), [:], STOP_ON_FAILURE): Call Test Case 'Test Cases/Доктор/проверка доступности игрока (переиспользуется)' successfully

2022-02-25 09:12:21 - [TEST_CASE][PASSED] - Test Cases/Доктор/проверка доступности игрока (переиспользуется): Test Cases/Доктор/проверка доступности игрока (переиспользуется)

2022-02-25 09:12:22 - [TEST_STEP][PASSED] - callTestCase(findTestCase("Доктор/Авторизация врач"), [:], STOP_ON_FAILURE): Call Test Case 'Test Cases/Доктор/Авторизация врач' successfully

2022-02-25 09:12:22 - [TEST_CASE][PASSED] - Test Cases/Доктор/Авторизация врач: Test Cases/Доктор/Авторизация врач

2022-02-25 09:12:22 - [TEST_STEP][PASSED] - openBrowser(""): Browser is opened with url: ''

2022-02-25 09:12:22 - [MESSAGE][INFO] - User set preference: ['os', 'linux']

2022-02-25 09:12:22 - [MESSAGE][INFO] - User set preference: ['browserName', 'chrome']

2022-02-25 09:12:22 - [MESSAGE][INFO] - User set preference: ['browserVersion', '97']

2022-02-25 09:12:22 - [MESSAGE][INFO] - User set preference: ['katalon:option', '{organizationId=564672, tunnelId=, usingTunnel=false}']

2022-02-25 09:12:22 - [MESSAGE][INFO] - Connecting to remote web server 'testcloud.katalon.com/hub' with type 'Selenium'

2022-02-25 09:12:22 - [MESSAGE][INFO] - Action delay is set to 100 milliseconds

2022-02-25 09:13:24 - [MESSAGE][PASSED] - Browser is opened with url: ''

2022-02-25 09:13:24 - [TEST_STEP][PASSED] - maximizeWindow(): Current window maximized

2022-02-25 09:13:25 - [MESSAGE][PASSED] - Current window maximized

2022-02-25 09:13:25 - [TEST_STEP][PASSED] - navigateToUrl(url): Navigate to 'https://stars-stage.hawk.ru:8080' successfully

2022-02-25 09:13:30 - [MESSAGE][PASSED] - Navigate to 'https://stars-stage.hawk.ru:8080' successfully

2022-02-25 09:13:30 - [TEST_STEP][PASSED] - setText(findTestObject("Object Repository/vra/Page_/input__sc-lnrBVv eqPACj"), doktor_login): Text 'TestDoctor@mail.ru' is set on object 'Object Repository/vra/Page_/input__sc-lnrBVv eqPACj'

2022-02-25 09:13:34 - [MESSAGE][PASSED] - Text 'TestDoctor@mail.ru' is set on object 'Object Repository/vra/Page_/input__sc-lnrBVv eqPACj'

2022-02-25 09:13:34 - [TEST_STEP][PASSED] - setText(findTestObject("Object Repository/vra/Page_/input__sc-lnrBVv eqPACj_1"), doktor_password, STOP_ON_FAILURE): Text 'TestDoctor@mail.ru' is set on object 'Object Repository/vra/Page_/input__sc-lnrBVv eqPACj_1'

2022-02-25 09:13:38 - [MESSAGE][PASSED] - Text 'TestDoctor@mail.ru' is set on object 'Object Repository/vra/Page_/input__sc-lnrBVv eqPACj_1'

2022-02-25 09:13:38 - [TEST_STEP][PASSED] - click(findTestObject("Object Repository/vrach/Page_/Page_/go")): Object: 'Object Repository/vrach/Page_/Page_/go' is clicked on

2022-02-25 09:13:40 - [MESSAGE][PASSED] - Object: 'Object Repository/vrach/Page_/Page_/go' is clicked on

2022-02-25 09:13:40 - [MESSAGE][PASSED] - Call Test Case 'Test Cases/Доктор/Авторизация врач' successfully

2022-02-25 09:13:40 - [TEST_STEP][PASSED] - click(findTestObject("Avangard New/Object (Доктор)/doctor case (создание карточки и удаление)/player_menu")): Object: 'Object Repository/Avangard New/Object (Доктор)/doctor case (создание карточки и удаление)/player_menu' is clicked on

2022-02-25 09:13:49 - [MESSAGE][PASSED] - Object: 'Object Repository/Avangard New/Object (Доктор)/doctor case (создание карточки и удаление)/player_menu' is clicked on

2022-02-25 09:13:49 - [TEST_STEP][PASSED] - setText(findTestObject("Avangard New/Object (Доктор)/doctor case (создание карточки и удаление)/input__Search"), player_for_test_1): Text 'Ганин' is set on object 'Object Repository/Avangard New/Object (Доктор)/doctor case (создание карточки и удаление)/input__Search'

2022-02-25 09:13:55 - [MESSAGE][PASSED] - Text 'Ганин' is set on object 'Object Repository/Avangard New/Object (Доктор)/doctor case (создание карточки и удаление)/input__Search'

2022-02-25 09:13:55 - [TEST_STEP][PASSED] - click(findTestObject("Avangard New/Object (Доктор)/doctor case (создание карточки и удаление)/var_player")): Object: 'Object Repository/Avangard New/Object (Доктор)/doctor case (создание карточки и удаление)/var_player' is clicked on

2022-02-25 09:13:59 - [MESSAGE][PASSED] - Object: 'Object Repository/Avangard New/Object (Доктор)/doctor case (создание карточки и удаление)/var_player' is clicked on

2022-02-25 09:13:59 - [TEST_STEP][PASSED] - verifyElementText(findTestObject("Avangard New/Object (Доктор)/doctor case (создание карточки и удаление)/chek_stat"), "Доступен"): Actual text and expected text of test object 'Object Repository/Avangard New/Object (Доктор)/doctor case (создание карточки и удаление)/chek_stat' are matched.

2022-02-25 09:14:05 - [MESSAGE][PASSED] - Actual text and expected text of test object 'Object Repository/Avangard New/Object (Доктор)/doctor case (создание карточки и удаление)/chek_stat' are matched.

2022-02-25 09:14:05 - [MESSAGE][PASSED] - Call Test Case 'Test Cases/Доктор/проверка доступности игрока (переиспользуется)' successfully

2022-02-25 09:14:05 - [TEST_STEP][PASSED] - closeBrowser(): Browser is closed

2022-02-25 09:14:06 - [MESSAGE][PASSED] - Browser is closed]]></system-out>
         <system-err><![CDATA[]]></system-err>
      </testcase>
      <system-out><![CDATA[2022-02-25 08:54:23 - [TEST_SUITE][FAILED] - Доктор: Test Cases/Доктор/дописать проверку на игрока Проверка вкладки Питание FAILED.
Reason:
com.kms.katalon.core.exception.StepFailedException: Unable to set text 'автотест питания' of object 'Object Repository/Avangard New/Object (Доктор)/Case (Питание)/input_task'
	at com.kms.katalon.core.webui.keyword.internal.WebUIKeywordMain.stepFailed(WebUIKeywordMain.groovy:64)
	at com.kms.katalon.core.webui.keyword.internal.WebUIKeywordMain.runKeyword(WebUIKeywordMain.groovy:26)
	at com.kms.katalon.core.webui.keyword.builtin.SetTextKeyword.setText(SetTextKeyword.groovy:66)
	at com.kms.katalon.core.webui.keyword.builtin.SetTextKeyword.execute(SetTextKeyword.groovy:37)
	at com.kms.katalon.core.keyword.internal.KeywordExecutor.executeKeywordForPlatform(KeywordExecutor.groovy:74)
	at com.kms.katalon.core.webui.keyword.WebUiBuiltInKeywords.setText(WebUiBuiltInKeywords.groovy:980)
	at com.kms.katalon.core.webui.keyword.WebUiBuiltInKeywords$setText$2.call(Unknown Source)
	at дописать проверку на игрока Проверка вкладки Питание.run(дописать проверку на игрока Проверка вкладки Питание:51)
	at com.kms.katalon.core.main.ScriptEngine.run(ScriptEngine.java:194)
	at com.kms.katalon.core.main.ScriptEngine.runScriptAsRawText(ScriptEngine.java:119)
	at com.kms.katalon.core.main.TestCaseExecutor.runScript(TestCaseExecutor.java:442)
	at com.kms.katalon.core.main.TestCaseExecutor.doExecute(TestCaseExecutor.java:433)
	at com.kms.katalon.core.main.TestCaseExecutor.processExecutionPhase(TestCaseExecutor.java:412)
	at com.kms.katalon.core.main.TestCaseExecutor.accessMainPhase(TestCaseExecutor.java:404)
	at com.kms.katalon.core.main.TestCaseExecutor.execute(TestCaseExecutor.java:281)
	at com.kms.katalon.core.main.TestSuiteExecutor.accessTestCaseMainPhase(TestSuiteExecutor.java:202)
	at com.kms.katalon.core.main.TestSuiteExecutor.accessTestSuiteMainPhase(TestSuiteExecutor.java:164)
	at com.kms.katalon.core.main.TestSuiteExecutor.execute(TestSuiteExecutor.java:105)
	at com.kms.katalon.core.main.TestCaseMain.startTestSuite(TestCaseMain.java:185)
	at com.kms.katalon.core.main.TestCaseMain$startTestSuite$0.call(Unknown Source)
	at TempTestSuite1645768437880.run(TempTestSuite1645768437880.groovy:36)
Caused by: com.kms.katalon.core.webui.exception.WebElementNotFoundException: Web element with id: 'Object Repository/Avangard New/Object (Доктор)/Case (Питание)/input_task' located by '//div[@id='root']/div/div/div[2]/div/div[3]/div/div[2]/div/div/div[2]/div/div/div[2]/div[3]/div/div/div/div/div/input' not found
	at com.kms.katalon.core.webui.common.WebUiCommonHelper.findWebElement(WebUiCommonHelper.java:1370)
	at com.kms.katalon.core.webui.keyword.internal.WebUIAbstractKeyword.findWebElement(WebUIAbstractKeyword.groovy:27)
	at com.kms.katalon.core.webui.keyword.internal.WebUIAbstractKeyword.findWebElement(WebUIAbstractKeyword.groovy:26)
	at com.kms.katalon.core.webui.keyword.builtin.SetTextKeyword$_setText_closure1.doCall(SetTextKeyword.groovy:51)
	at com.kms.katalon.core.webui.keyword.builtin.SetTextKeyword$_setText_closure1.call(SetTextKeyword.groovy)
	at com.kms.katalon.core.webui.keyword.internal.WebUIKeywordMain.runKeyword(WebUIKeywordMain.groovy:20)
	... 19 more]]></system-out>
      <system-err><![CDATA[2022-02-25 08:54:23 - [TEST_SUITE][FAILED] - Доктор: Test Cases/Доктор/дописать проверку на игрока Проверка вкладки Питание FAILED.
Reason:
com.kms.katalon.core.exception.StepFailedException: Unable to set text 'автотест питания' of object 'Object Repository/Avangard New/Object (Доктор)/Case (Питание)/input_task'
	at com.kms.katalon.core.webui.keyword.internal.WebUIKeywordMain.stepFailed(WebUIKeywordMain.groovy:64)
	at com.kms.katalon.core.webui.keyword.internal.WebUIKeywordMain.runKeyword(WebUIKeywordMain.groovy:26)
	at com.kms.katalon.core.webui.keyword.builtin.SetTextKeyword.setText(SetTextKeyword.groovy:66)
	at com.kms.katalon.core.webui.keyword.builtin.SetTextKeyword.execute(SetTextKeyword.groovy:37)
	at com.kms.katalon.core.keyword.internal.KeywordExecutor.executeKeywordForPlatform(KeywordExecutor.groovy:74)
	at com.kms.katalon.core.webui.keyword.WebUiBuiltInKeywords.setText(WebUiBuiltInKeywords.groovy:980)
	at com.kms.katalon.core.webui.keyword.WebUiBuiltInKeywords$setText$2.call(Unknown Source)
	at дописать проверку на игрока Проверка вкладки Питание.run(дописать проверку на игрока Проверка вкладки Питание:51)
	at com.kms.katalon.core.main.ScriptEngine.run(ScriptEngine.java:194)
	at com.kms.katalon.core.main.ScriptEngine.runScriptAsRawText(ScriptEngine.java:119)
	at com.kms.katalon.core.main.TestCaseExecutor.runScript(TestCaseExecutor.java:442)
	at com.kms.katalon.core.main.TestCaseExecutor.doExecute(TestCaseExecutor.java:433)
	at com.kms.katalon.core.main.TestCaseExecutor.processExecutionPhase(TestCaseExecutor.java:412)
	at com.kms.katalon.core.main.TestCaseExecutor.accessMainPhase(TestCaseExecutor.java:404)
	at com.kms.katalon.core.main.TestCaseExecutor.execute(TestCaseExecutor.java:281)
	at com.kms.katalon.core.main.TestSuiteExecutor.accessTestCaseMainPhase(TestSuiteExecutor.java:202)
	at com.kms.katalon.core.main.TestSuiteExecutor.accessTestSuiteMainPhase(TestSuiteExecutor.java:164)
	at com.kms.katalon.core.main.TestSuiteExecutor.execute(TestSuiteExecutor.java:105)
	at com.kms.katalon.core.main.TestCaseMain.startTestSuite(TestCaseMain.java:185)
	at com.kms.katalon.core.main.TestCaseMain$startTestSuite$0.call(Unknown Source)
	at TempTestSuite1645768437880.run(TempTestSuite1645768437880.groovy:36)
Caused by: com.kms.katalon.core.webui.exception.WebElementNotFoundException: Web element with id: 'Object Repository/Avangard New/Object (Доктор)/Case (Питание)/input_task' located by '//div[@id='root']/div/div/div[2]/div/div[3]/div/div[2]/div/div/div[2]/div/div/div[2]/div[3]/div/div/div/div/div/input' not found
	at com.kms.katalon.core.webui.common.WebUiCommonHelper.findWebElement(WebUiCommonHelper.java:1370)
	at com.kms.katalon.core.webui.keyword.internal.WebUIAbstractKeyword.findWebElement(WebUIAbstractKeyword.groovy:27)
	at com.kms.katalon.core.webui.keyword.internal.WebUIAbstractKeyword.findWebElement(WebUIAbstractKeyword.groovy:26)
	at com.kms.katalon.core.webui.keyword.builtin.SetTextKeyword$_setText_closure1.doCall(SetTextKeyword.groovy:51)
	at com.kms.katalon.core.webui.keyword.builtin.SetTextKeyword$_setText_closure1.call(SetTextKeyword.groovy)
	at com.kms.katalon.core.webui.keyword.internal.WebUIKeywordMain.runKeyword(WebUIKeywordMain.groovy:20)
	... 19 more]]></system-err>
   </testsuite>
   <testsuite name="Доктор" tests="4" failures="1" errors="0" time="1119.781" skipped="0" timestamp="2022-02-25 08:54:23" hostname="LENOVO - DESKTOP-KNHN0AA" id="Test Suites/Доктор">
      <properties>
         <property name="deviceName" value=""/>
         <property name="devicePlatform" value=""/>
         <property name="logFolder" value="C:\\Users\\LENOVO\\Katalon Studio\\Avangard\\Reports\\20220225_085350\\\u0414\u043E\u043A\u0442\u043E\u0440\\20220225_085359"/>
         <property name="logFiles" value="C:\\Users\\LENOVO\\Katalon Studio\\Avangard\\Reports\\20220225_085350\\\u0414\u043E\u043A\u0442\u043E\u0440\\20220225_085359\\execution0.log"/>
         <property name="attachments" value="C:\\Users\\LENOVO\\Katalon Studio\\Avangard\\Reports\\20220225_085350\\\u0414\u043E\u043A\u0442\u043E\u0440\\20220225_085359\\1645768769230.png"/>
         <property name="hostName" value="LENOVO - DESKTOP-KNHN0AA"/>
         <property name="remoteDriverUrl" value="testcloud.katalon.com/hub"/>
         <property name="desiredCapabilities" value="{
  &quot;acceptInsecureCerts&quot;: false,
  &quot;browserName&quot;: &quot;chrome&quot;,
  &quot;browserVersion&quot;: &quot;97.0.4692.71&quot;,
  &quot;chrome&quot;: {
    &quot;chromedriverVersion&quot;: &quot;97.0.4692.71 (adefa7837d02a07a604c1e6eff0b3a09422ab88d-refs/branch-heads/4692@{#1247})&quot;,
    &quot;userDataDir&quot;: &quot;/tmp/.com.google.Chrome.UBNyQY&quot;
  },
  &quot;goog:chromeOptions&quot;: {
    &quot;debuggerAddress&quot;: &quot;localhost:34043&quot;
  },
  &quot;javascriptEnabled&quot;: true,
  &quot;networkConnectionEnabled&quot;: false,
  &quot;pageLoadStrategy&quot;: &quot;normal&quot;,
  &quot;platform&quot;: &quot;LINUX&quot;,
  &quot;platformName&quot;: &quot;LINUX&quot;,
  &quot;proxy&quot;: {
    &quot;proxyType&quot;: &quot;DIRECT&quot;,
    &quot;autodetect&quot;: false
  },
  &quot;se:cdp&quot;: &quot;ws://172.48.144.20:4444/session/388b3fc90885897fccaa2fc37805999b/se/cdp&quot;,
  &quot;se:cdpVersion&quot;: &quot;97.0.4692.71&quot;,
  &quot;se:vnc&quot;: &quot;ws://172.48.144.20:4444/session/388b3fc90885897fccaa2fc37805999b/se/vnc&quot;,
  &quot;se:vncEnabled&quot;: true,
  &quot;se:vncLocalAddress&quot;: &quot;ws://172.48.144.20:7900&quot;,
  &quot;setWindowRect&quot;: true,
  &quot;strictFileInteractability&quot;: false,
  &quot;timeouts&quot;: {
    &quot;implicit&quot;: 0,
    &quot;pageLoad&quot;: 300000,
    &quot;script&quot;: 30000
  },
  &quot;unhandledPromptBehavior&quot;: &quot;dismiss and notify&quot;,
  &quot;webauthn:extension:credBlob&quot;: true,
  &quot;webauthn:extension:largeBlob&quot;: true,
  &quot;webauthn:virtualAuthenticators&quot;: true
}"/>
         <property name="os" value="Windows 10 64bit"/>
         <property name="remoteOS" value="Linux"/>
         <property name="katalonVersion" value="8.2.5.208"/>
         <property name="browser" value="Chrome 97.0.4692.71"/>
         <property name="hostAddress" value="192.168.2.113"/>
         <property name="sessionId" value="388b3fc90885897fccaa2fc37805999b"/>
         <property name="seleniumVersion" value="3.141.59"/>
         <property name="proxyInformation" value="ProxyInformation { proxyOption=NO_PROXY, proxyServerType=HTTP, username=, password=********, proxyServerAddress=, proxyServerPort=0, executionList=&quot;&quot;, isApplyToDesiredCapabilities=true }"/>
         <property name="platform" value="Windows 10"/>
      </properties>
      <testcase name="Test Cases/Доктор/дописать проверку на игрока Проверка вкладки Питание" time="306.609" classname="Test Cases/Доктор/дописать проверку на игрока Проверка вкладки Питание" status="FAILED">
         <failure type="FAILED" message="Test Cases/Доктор/дописать проверку на игрока Проверка вкладки Питание FAILED.
Reason:
com.kms.katalon.core.exception.StepFailedException: Unable to set text 'автотест питания' of object 'Object Repository/Avangard New/Object (Доктор)/Case (Питание)/input_task'
	at com.kms.katalon.core.webui.keyword.internal.WebUIKeywordMain.stepFailed(WebUIKeywordMain.groovy:64)
	at com.kms.katalon.core.webui.keyword.internal.WebUIKeywordMain.runKeyword(WebUIKeywordMain.groovy:26)
	at com.kms.katalon.core.webui.keyword.builtin.SetTextKeyword.setText(SetTextKeyword.groovy:66)
	at com.kms.katalon.core.webui.keyword.builtin.SetTextKeyword.execute(SetTextKeyword.groovy:37)
	at com.kms.katalon.core.keyword.internal.KeywordExecutor.executeKeywordForPlatform(KeywordExecutor.groovy:74)
	at com.kms.katalon.core.webui.keyword.WebUiBuiltInKeywords.setText(WebUiBuiltInKeywords.groovy:980)
	at com.kms.katalon.core.webui.keyword.WebUiBuiltInKeywords$setText$2.call(Unknown Source)
	at дописать проверку на игрока Проверка вкладки Питание.run(дописать проверку на игрока Проверка вкладки Питание:51)
	at com.kms.katalon.core.main.ScriptEngine.run(ScriptEngine.java:194)
	at com.kms.katalon.core.main.ScriptEngine.runScriptAsRawText(ScriptEngine.java:119)
	at com.kms.katalon.core.main.TestCaseExecutor.runScript(TestCaseExecutor.java:442)
	at com.kms.katalon.core.main.TestCaseExecutor.doExecute(TestCaseExecutor.java:433)
	at com.kms.katalon.core.main.TestCaseExecutor.processExecutionPhase(TestCaseExecutor.java:412)
	at com.kms.katalon.core.main.TestCaseExecutor.accessMainPhase(TestCaseExecutor.java:404)
	at com.kms.katalon.core.main.TestCaseExecutor.execute(TestCaseExecutor.java:281)
	at com.kms.katalon.core.main.TestSuiteExecutor.accessTestCaseMainPhase(TestSuiteExecutor.java:202)
	at com.kms.katalon.core.main.TestSuiteExecutor.accessTestSuiteMainPhase(TestSuiteExecutor.java:164)
	at com.kms.katalon.core.main.TestSuiteExecutor.execute(TestSuiteExecutor.java:105)
	at com.kms.katalon.core.main.TestCaseMain.startTestSuite(TestCaseMain.java:185)
	at com.kms.katalon.core.main.TestCaseMain$startTestSuite$0.call(Unknown Source)
	at TempTestSuite1645768439158.run(TempTestSuite1645768439158.groovy:36)
Caused by: com.kms.katalon.core.webui.exception.WebElementNotFoundException: Web element with id: 'Object Repository/Avangard New/Object (Доктор)/Case (Питание)/input_task' located by '//div[@id='root']/div/div/div[2]/div/div[3]/div/div[2]/div/div/div[2]/div/div/div[2]/div[3]/div/div/div/div/div/input' not found
	at com.kms.katalon.core.webui.common.WebUiCommonHelper.findWebElement(WebUiCommonHelper.java:1370)
	at com.kms.katalon.core.webui.keyword.internal.WebUIAbstractKeyword.findWebElement(WebUIAbstractKeyword.groovy:27)
	at com.kms.katalon.core.webui.keyword.internal.WebUIAbstractKeyword.findWebElement(WebUIAbstractKeyword.groovy:26)
	at com.kms.katalon.core.webui.keyword.builtin.SetTextKeyword$_setText_closure1.doCall(SetTextKeyword.groovy:51)
	at com.kms.katalon.core.webui.keyword.builtin.SetTextKeyword$_setText_closure1.call(SetTextKeyword.groovy)
	at com.kms.katalon.core.webui.keyword.internal.WebUIKeywordMain.runKeyword(WebUIKeywordMain.groovy:20)
	... 19 more
"/>
         <system-out><![CDATA[2022-02-25 08:54:26 - [TEST_CASE][FAILED] - Test Cases/Доктор/дописать проверку на игрока Проверка вкладки Питание: Test Cases/Доктор/дописать проверку на игрока Проверка вкладки Питание FAILED.
Reason:
com.kms.katalon.core.exception.StepFailedException: Unable to set text 'автотест питания' of object 'Object Repository/Avangard New/Object (Доктор)/Case (Питание)/input_task'
	at com.kms.katalon.core.webui.keyword.internal.WebUIKeywordMain.stepFailed(WebUIKeywordMain.groovy:64)
	at com.kms.katalon.core.webui.keyword.internal.WebUIKeywordMain.runKeyword(WebUIKeywordMain.groovy:26)
	at com.kms.katalon.core.webui.keyword.builtin.SetTextKeyword.setText(SetTextKeyword.groovy:66)
	at com.kms.katalon.core.webui.keyword.builtin.SetTextKeyword.execute(SetTextKeyword.groovy:37)
	at com.kms.katalon.core.keyword.internal.KeywordExecutor.executeKeywordForPlatform(KeywordExecutor.groovy:74)
	at com.kms.katalon.core.webui.keyword.WebUiBuiltInKeywords.setText(WebUiBuiltInKeywords.groovy:980)
	at com.kms.katalon.core.webui.keyword.WebUiBuiltInKeywords$setText$2.call(Unknown Source)
	at дописать проверку на игрока Проверка вкладки Питание.run(дописать проверку на игрока Проверка вкладки Питание:51)
	at com.kms.katalon.core.main.ScriptEngine.run(ScriptEngine.java:194)
	at com.kms.katalon.core.main.ScriptEngine.runScriptAsRawText(ScriptEngine.java:119)
	at com.kms.katalon.core.main.TestCaseExecutor.runScript(TestCaseExecutor.java:442)
	at com.kms.katalon.core.main.TestCaseExecutor.doExecute(TestCaseExecutor.java:433)
	at com.kms.katalon.core.main.TestCaseExecutor.processExecutionPhase(TestCaseExecutor.java:412)
	at com.kms.katalon.core.main.TestCaseExecutor.accessMainPhase(TestCaseExecutor.java:404)
	at com.kms.katalon.core.main.TestCaseExecutor.execute(TestCaseExecutor.java:281)
	at com.kms.katalon.core.main.TestSuiteExecutor.accessTestCaseMainPhase(TestSuiteExecutor.java:202)
	at com.kms.katalon.core.main.TestSuiteExecutor.accessTestSuiteMainPhase(TestSuiteExecutor.java:164)
	at com.kms.katalon.core.main.TestSuiteExecutor.execute(TestSuiteExecutor.java:105)
	at com.kms.katalon.core.main.TestCaseMain.startTestSuite(TestCaseMain.java:185)
	at com.kms.katalon.core.main.TestCaseMain$startTestSuite$0.call(Unknown Source)
	at TempTestSuite1645768439158.run(TempTestSuite1645768439158.groovy:36)
Caused by: com.kms.katalon.core.webui.exception.WebElementNotFoundException: Web element with id: 'Object Repository/Avangard New/Object (Доктор)/Case (Питание)/input_task' located by '//div[@id='root']/div/div/div[2]/div/div[3]/div/div[2]/div/div/div[2]/div/div/div[2]/div[3]/div/div/div/div/div/input' not found
	at com.kms.katalon.core.webui.common.WebUiCommonHelper.findWebElement(WebUiCommonHelper.java:1370)
	at com.kms.katalon.core.webui.keyword.internal.WebUIAbstractKeyword.findWebElement(WebUIAbstractKeyword.groovy:27)
	at com.kms.katalon.core.webui.keyword.internal.WebUIAbstractKeyword.findWebElement(WebUIAbstractKeyword.groovy:26)
	at com.kms.katalon.core.webui.keyword.builtin.SetTextKeyword$_setText_closure1.doCall(SetTextKeyword.groovy:51)
	at com.kms.katalon.core.webui.keyword.builtin.SetTextKeyword$_setText_closure1.call(SetTextKeyword.groovy)
	at com.kms.katalon.core.webui.keyword.internal.WebUIKeywordMain.runKeyword(WebUIKeywordMain.groovy:20)
	... 19 more


2022-02-25 08:54:30 - [TEST_STEP][PASSED] - callTestCase(findTestCase("Доктор/Авторизация врач"), [:], STOP_ON_FAILURE): Call Test Case 'Test Cases/Доктор/Авторизация врач' successfully

2022-02-25 08:54:32 - [TEST_CASE][PASSED] - Test Cases/Доктор/Авторизация врач: Test Cases/Доктор/Авторизация врач

2022-02-25 08:54:34 - [TEST_STEP][PASSED] - openBrowser(""): Browser is opened with url: ''

2022-02-25 08:54:35 - [MESSAGE][INFO] - User set preference: ['os', 'linux']

2022-02-25 08:54:35 - [MESSAGE][INFO] - User set preference: ['browserName', 'chrome']

2022-02-25 08:54:35 - [MESSAGE][INFO] - User set preference: ['browserVersion', '97']

2022-02-25 08:54:35 - [MESSAGE][INFO] - User set preference: ['katalon:option', '{organizationId=564672, tunnelId=, usingTunnel=false}']

2022-02-25 08:54:35 - [MESSAGE][INFO] - Connecting to remote web server 'testcloud.katalon.com/hub' with type 'Selenium'

2022-02-25 08:54:37 - [MESSAGE][INFO] - Action delay is set to 100 milliseconds

2022-02-25 08:57:56 - [MESSAGE][PASSED] - Browser is opened with url: ''

2022-02-25 08:57:56 - [TEST_STEP][PASSED] - maximizeWindow(): Current window maximized

2022-02-25 08:57:56 - [MESSAGE][PASSED] - Current window maximized

2022-02-25 08:57:56 - [TEST_STEP][PASSED] - navigateToUrl(url): Navigate to 'https://stars-stage.hawk.ru:8080' successfully

2022-02-25 08:58:03 - [MESSAGE][PASSED] - Navigate to 'https://stars-stage.hawk.ru:8080' successfully

2022-02-25 08:58:03 - [TEST_STEP][PASSED] - setText(findTestObject("Object Repository/vra/Page_/input__sc-lnrBVv eqPACj"), doktor_login): Text 'TestDoctor@mail.ru' is set on object 'Object Repository/vra/Page_/input__sc-lnrBVv eqPACj'

2022-02-25 08:58:08 - [MESSAGE][PASSED] - Text 'TestDoctor@mail.ru' is set on object 'Object Repository/vra/Page_/input__sc-lnrBVv eqPACj'

2022-02-25 08:58:08 - [TEST_STEP][PASSED] - setText(findTestObject("Object Repository/vra/Page_/input__sc-lnrBVv eqPACj_1"), doktor_password, STOP_ON_FAILURE): Text 'TestDoctor@mail.ru' is set on object 'Object Repository/vra/Page_/input__sc-lnrBVv eqPACj_1'

2022-02-25 08:58:12 - [MESSAGE][PASSED] - Text 'TestDoctor@mail.ru' is set on object 'Object Repository/vra/Page_/input__sc-lnrBVv eqPACj_1'

2022-02-25 08:58:12 - [TEST_STEP][PASSED] - click(findTestObject("Object Repository/vrach/Page_/Page_/go")): Object: 'Object Repository/vrach/Page_/Page_/go' is clicked on

2022-02-25 08:58:14 - [MESSAGE][PASSED] - Object: 'Object Repository/vrach/Page_/Page_/go' is clicked on

2022-02-25 08:58:14 - [MESSAGE][PASSED] - Call Test Case 'Test Cases/Доктор/Авторизация врач' successfully

2022-02-25 08:58:14 - [TEST_STEP][PASSED] - click(findTestObject("Object Repository/Avangard New/Object (Доктор)/Case (Питание)/span_pitanie")): Object: 'Object Repository/Avangard New/Object (Доктор)/Case (Питание)/span_pitanie' is clicked on

2022-02-25 08:58:23 - [MESSAGE][PASSED] - Object: 'Object Repository/Avangard New/Object (Доктор)/Case (Питание)/span_pitanie' is clicked on

2022-02-25 08:58:23 - [TEST_STEP][PASSED] - click(findTestObject("Object Repository/Avangard New/Object (Доктор)/Case (Питание)/place_choose school")): Object: 'Object Repository/Avangard New/Object (Доктор)/Case (Питание)/place_choose school' is clicked on

2022-02-25 08:58:25 - [MESSAGE][PASSED] - Object: 'Object Repository/Avangard New/Object (Доктор)/Case (Питание)/place_choose school' is clicked on

2022-02-25 08:58:25 - [TEST_STEP][PASSED] - click(findTestObject("Object Repository/Avangard New/Object (Доктор)/Case (Питание)/div_Avangard")): Object: 'Object Repository/Avangard New/Object (Доктор)/Case (Питание)/div_Avangard' is clicked on

2022-02-25 08:58:27 - [MESSAGE][PASSED] - Object: 'Object Repository/Avangard New/Object (Доктор)/Case (Питание)/div_Avangard' is clicked on

2022-02-25 08:58:27 - [TEST_STEP][PASSED] - click(findTestObject("Object Repository/Avangard New/Object (Доктор)/Case (Питание)/place choose team")): Object: 'Object Repository/Avangard New/Object (Доктор)/Case (Питание)/place choose team' is clicked on

2022-02-25 08:58:29 - [MESSAGE][PASSED] - Object: 'Object Repository/Avangard New/Object (Доктор)/Case (Питание)/place choose team' is clicked on

2022-02-25 08:58:30 - [TEST_STEP][PASSED] - click(findTestObject("Object Repository/Avangard New/Object (Доктор)/Case (Питание)/div_omsk")): Object: 'Object Repository/Avangard New/Object (Доктор)/Case (Питание)/div_omsk' is clicked on

2022-02-25 08:58:32 - [MESSAGE][PASSED] - Object: 'Object Repository/Avangard New/Object (Доктор)/Case (Питание)/div_omsk' is clicked on

2022-02-25 08:58:32 - [TEST_STEP][PASSED] - click(findTestObject("Object Repository/Avangard New/Object (Доктор)/Case (Питание)/button_edit")): Object: 'Object Repository/Avangard New/Object (Доктор)/Case (Питание)/button_edit' is clicked on

2022-02-25 08:58:40 - [MESSAGE][PASSED] - Object: 'Object Repository/Avangard New/Object (Доктор)/Case (Питание)/button_edit' is clicked on

2022-02-25 08:58:40 - [TEST_STEP][PASSED] - click(findTestObject("Object Repository/Avangard New/Object (Доктор)/Case (Питание)/span_add")): Object: 'Object Repository/Avangard New/Object (Доктор)/Case (Питание)/span_add' is clicked on

2022-02-25 08:58:43 - [MESSAGE][PASSED] - Object: 'Object Repository/Avangard New/Object (Доктор)/Case (Питание)/span_add' is clicked on

2022-02-25 08:58:43 - [TEST_STEP][PASSED] - click(findTestObject("Object Repository/Avangard New/Object (Доктор)/Case (Питание)/div_place recomendation1")): Object: 'Object Repository/Avangard New/Object (Доктор)/Case (Питание)/div_place recomendation1' is clicked on

2022-02-25 08:58:45 - [MESSAGE][PASSED] - Object: 'Object Repository/Avangard New/Object (Доктор)/Case (Питание)/div_place recomendation1' is clicked on

2022-02-25 08:58:45 - [TEST_STEP][PASSED] - click(findTestObject("Object Repository/Avangard New/Object (Доктор)/Case (Питание)/div__uglevodi1")): Object: 'Object Repository/Avangard New/Object (Доктор)/Case (Питание)/div__uglevodi1' is clicked on

2022-02-25 08:58:47 - [MESSAGE][PASSED] - Object: 'Object Repository/Avangard New/Object (Доктор)/Case (Питание)/div__uglevodi1' is clicked on

2022-02-25 08:58:47 - [TEST_STEP][PASSED] - click(findTestObject("Object Repository/Avangard New/Object (Доктор)/Case (Питание)/button_task")): Object: 'Object Repository/Avangard New/Object (Доктор)/Case (Питание)/button_task' is clicked on

2022-02-25 08:58:49 - [MESSAGE][PASSED] - Object: 'Object Repository/Avangard New/Object (Доктор)/Case (Питание)/button_task' is clicked on

2022-02-25 08:58:49 - [TEST_STEP][FAILED] - setText(findTestObject("Object Repository/Avangard New/Object (Доктор)/Case (Питание)/input_task"), "автотест питания"): Unable to set text 'автотест питания' of object 'Object Repository/Avangard New/Object (Доктор)/Case (Питание)/input_task' (Root cause: com.kms.katalon.core.exception.StepFailedException: Unable to set text 'автотест питания' of object 'Object Repository/Avangard New/Object (Доктор)/Case (Питание)/input_task'
	at com.kms.katalon.core.webui.keyword.internal.WebUIKeywordMain.stepFailed(WebUIKeywordMain.groovy:64)
	at com.kms.katalon.core.webui.keyword.internal.WebUIKeywordMain.runKeyword(WebUIKeywordMain.groovy:26)
	at com.kms.katalon.core.webui.keyword.builtin.SetTextKeyword.setText(SetTextKeyword.groovy:66)
	at com.kms.katalon.core.webui.keyword.builtin.SetTextKeyword.execute(SetTextKeyword.groovy:37)
	at com.kms.katalon.core.keyword.internal.KeywordExecutor.executeKeywordForPlatform(KeywordExecutor.groovy:74)
	at com.kms.katalon.core.webui.keyword.WebUiBuiltInKeywords.setText(WebUiBuiltInKeywords.groovy:980)
	at com.kms.katalon.core.webui.keyword.WebUiBuiltInKeywords$setText$2.call(Unknown Source)
	at дописать проверку на игрока Проверка вкладки Питание.run(дописать проверку на игрока Проверка вкладки Питание:51)
	at com.kms.katalon.core.main.ScriptEngine.run(ScriptEngine.java:194)
	at com.kms.katalon.core.main.ScriptEngine.runScriptAsRawText(ScriptEngine.java:119)
	at com.kms.katalon.core.main.TestCaseExecutor.runScript(TestCaseExecutor.java:442)
	at com.kms.katalon.core.main.TestCaseExecutor.doExecute(TestCaseExecutor.java:433)
	at com.kms.katalon.core.main.TestCaseExecutor.processExecutionPhase(TestCaseExecutor.java:412)
	at com.kms.katalon.core.main.TestCaseExecutor.accessMainPhase(TestCaseExecutor.java:404)
	at com.kms.katalon.core.main.TestCaseExecutor.execute(TestCaseExecutor.java:281)
	at com.kms.katalon.core.main.TestSuiteExecutor.accessTestCaseMainPhase(TestSuiteExecutor.java:202)
	at com.kms.katalon.core.main.TestSuiteExecutor.accessTestSuiteMainPhase(TestSuiteExecutor.java:164)
	at com.kms.katalon.core.main.TestSuiteExecutor.execute(TestSuiteExecutor.java:105)
	at com.kms.katalon.core.main.TestCaseMain.startTestSuite(TestCaseMain.java:185)
	at com.kms.katalon.core.main.TestCaseMain$startTestSuite$0.call(Unknown Source)
	at TempTestSuite1645768439158.run(TempTestSuite1645768439158.groovy:36)
Caused by: com.kms.katalon.core.webui.exception.WebElementNotFoundException: Web element with id: 'Object Repository/Avangard New/Object (Доктор)/Case (Питание)/input_task' located by '//div[@id='root']/div/div/div[2]/div/div[3]/div/div[2]/div/div/div[2]/div/div/div[2]/div[3]/div/div/div/div/div/input' not found
	at com.kms.katalon.core.webui.common.WebUiCommonHelper.findWebElement(WebUiCommonHelper.java:1370)
	at com.kms.katalon.core.webui.keyword.internal.WebUIAbstractKeyword.findWebElement(WebUIAbstractKeyword.groovy:27)
	at com.kms.katalon.core.webui.keyword.internal.WebUIAbstractKeyword.findWebElement(WebUIAbstractKeyword.groovy:26)
	at com.kms.katalon.core.webui.keyword.builtin.SetTextKeyword$_setText_closure1.doCall(SetTextKeyword.groovy:51)
	at com.kms.katalon.core.webui.keyword.builtin.SetTextKeyword$_setText_closure1.call(SetTextKeyword.groovy)
	at com.kms.katalon.core.webui.keyword.internal.WebUIKeywordMain.runKeyword(WebUIKeywordMain.groovy:20)
	at com.kms.katalon.core.webui.keyword.builtin.SetTextKeyword.setText(SetTextKeyword.groovy:66)
	at com.kms.katalon.core.webui.keyword.builtin.SetTextKeyword.execute(SetTextKeyword.groovy:37)
	at com.kms.katalon.core.keyword.internal.KeywordExecutor.executeKeywordForPlatform(KeywordExecutor.groovy:74)
	at com.kms.katalon.core.webui.keyword.WebUiBuiltInKeywords.setText(WebUiBuiltInKeywords.groovy:980)
	at com.kms.katalon.core.webui.keyword.WebUiBuiltInKeywords$setText$2.call(Unknown Source)
	at Script1645638970189.run(Script1645638970189.groovy:51)
	... 13 more
)

2022-02-25 08:59:20 - [MESSAGE][INFO] - Unable to find the element located by 'By.xpath: //div[@id='root']/div/div/div[2]/div/div[3]/div/div[2]/div/div/div[2]/div/div/div[2]/div[3]/div/div/div/div/div/input'. Please recheck the objects properties to make sure the desired element is located. 

2022-02-25 08:59:20 - [MESSAGE][WARNING] - [SELF-HEALING] Failed to find element with id 'Object Repository/Avangard New/Object (Доктор)/Case (Питание)/input_task'. Try using Self-healing.

2022-02-25 08:59:22 - [MESSAGE][INFO] - [SELF-HEALING] Failed Locator: '(//input[@value=''])[4]'.

2022-02-25 08:59:23 - [MESSAGE][INFO] - [SELF-HEALING] Failed Locator: '//div[@id='root']/div/div/div[2]/div/div[3]/div/div[2]/div/div/div[2]/div/div/div[2]/div[3]/div/div/div/div/div/input'.

2022-02-25 08:59:25 - [MESSAGE][INFO] - [SELF-HEALING] Failed Locator: '//div[3]/div/div/div/div/div/input'.

2022-02-25 08:59:26 - [MESSAGE][INFO] - [SELF-HEALING] Failed Locator: '//input[@placeholder = 'Введите название задачи']'.

2022-02-25 08:59:27 - [MESSAGE][INFO] - Unable to find the element located by 'By.xpath: //*[@placeholder = 'Введите название задачи']'. Please recheck the objects properties to make sure the desired element is located. 

2022-02-25 08:59:29 - [MESSAGE][INFO] - Unable to find the element located by 'By.cssSelector: input.Input-sc-rbewbw-0.cOHhWz'. Please recheck the objects properties to make sure the desired element is located. 

2022-02-25 08:59:30 - [MESSAGE][FAILED] - Unable to set text 'автотест питания' of object 'Object Repository/Avangard New/Object (Доктор)/Case (Питание)/input_task' (Root cause: com.kms.katalon.core.exception.StepFailedException: Unable to set text 'автотест питания' of object 'Object Repository/Avangard New/Object (Доктор)/Case (Питание)/input_task'
	at com.kms.katalon.core.webui.keyword.internal.WebUIKeywordMain.stepFailed(WebUIKeywordMain.groovy:64)
	at com.kms.katalon.core.webui.keyword.internal.WebUIKeywordMain.runKeyword(WebUIKeywordMain.groovy:26)
	at com.kms.katalon.core.webui.keyword.builtin.SetTextKeyword.setText(SetTextKeyword.groovy:66)
	at com.kms.katalon.core.webui.keyword.builtin.SetTextKeyword.execute(SetTextKeyword.groovy:37)
	at com.kms.katalon.core.keyword.internal.KeywordExecutor.executeKeywordForPlatform(KeywordExecutor.groovy:74)
	at com.kms.katalon.core.webui.keyword.WebUiBuiltInKeywords.setText(WebUiBuiltInKeywords.groovy:980)
	at com.kms.katalon.core.webui.keyword.WebUiBuiltInKeywords$setText$2.call(Unknown Source)
	at дописать проверку на игрока Проверка вкладки Питание.run(дописать проверку на игрока Проверка вкладки Питание:51)
	at com.kms.katalon.core.main.ScriptEngine.run(ScriptEngine.java:194)
	at com.kms.katalon.core.main.ScriptEngine.runScriptAsRawText(ScriptEngine.java:119)
	at com.kms.katalon.core.main.TestCaseExecutor.runScript(TestCaseExecutor.java:442)
	at com.kms.katalon.core.main.TestCaseExecutor.doExecute(TestCaseExecutor.java:433)
	at com.kms.katalon.core.main.TestCaseExecutor.processExecutionPhase(TestCaseExecutor.java:412)
	at com.kms.katalon.core.main.TestCaseExecutor.accessMainPhase(TestCaseExecutor.java:404)
	at com.kms.katalon.core.main.TestCaseExecutor.execute(TestCaseExecutor.java:281)
	at com.kms.katalon.core.main.TestSuiteExecutor.accessTestCaseMainPhase(TestSuiteExecutor.java:202)
	at com.kms.katalon.core.main.TestSuiteExecutor.accessTestSuiteMainPhase(TestSuiteExecutor.java:164)
	at com.kms.katalon.core.main.TestSuiteExecutor.execute(TestSuiteExecutor.java:105)
	at com.kms.katalon.core.main.TestCaseMain.startTestSuite(TestCaseMain.java:185)
	at com.kms.katalon.core.main.TestCaseMain$startTestSuite$0.call(Unknown Source)
	at TempTestSuite1645768439158.run(TempTestSuite1645768439158.groovy:36)
Caused by: com.kms.katalon.core.webui.exception.WebElementNotFoundException: Web element with id: 'Object Repository/Avangard New/Object (Доктор)/Case (Питание)/input_task' located by '//div[@id='root']/div/div/div[2]/div/div[3]/div/div[2]/div/div/div[2]/div/div/div[2]/div[3]/div/div/div/div/div/input' not found
	at com.kms.katalon.core.webui.common.WebUiCommonHelper.findWebElement(WebUiCommonHelper.java:1370)
	at com.kms.katalon.core.webui.keyword.internal.WebUIAbstractKeyword.findWebElement(WebUIAbstractKeyword.groovy:27)
	at com.kms.katalon.core.webui.keyword.internal.WebUIAbstractKeyword.findWebElement(WebUIAbstractKeyword.groovy:26)
	at com.kms.katalon.core.webui.keyword.builtin.SetTextKeyword$_setText_closure1.doCall(SetTextKeyword.groovy:51)
	at com.kms.katalon.core.webui.keyword.builtin.SetTextKeyword$_setText_closure1.call(SetTextKeyword.groovy)
	at com.kms.katalon.core.webui.keyword.internal.WebUIKeywordMain.runKeyword(WebUIKeywordMain.groovy:20)
	at com.kms.katalon.core.webui.keyword.builtin.SetTextKeyword.setText(SetTextKeyword.groovy:66)
	at com.kms.katalon.core.webui.keyword.builtin.SetTextKeyword.execute(SetTextKeyword.groovy:37)
	at com.kms.katalon.core.keyword.internal.KeywordExecutor.executeKeywordForPlatform(KeywordExecutor.groovy:74)
	at com.kms.katalon.core.webui.keyword.WebUiBuiltInKeywords.setText(WebUiBuiltInKeywords.groovy:980)
	at com.kms.katalon.core.webui.keyword.WebUiBuiltInKeywords$setText$2.call(Unknown Source)
	at Script1645638970189.run(Script1645638970189.groovy:51)
	... 13 more
)
[[ATTACHMENT|C:\\Users\\LENOVO\\Katalon Studio\\Avangard\\Reports\\20220225_085350\\\u0414\u043E\u043A\u0442\u043E\u0440\\20220225_085359\\1645768769230.png]]]]></system-out>
         <system-err><![CDATA[2022-02-25 08:54:26 - [TEST_CASE][FAILED] - Test Cases/Доктор/дописать проверку на игрока Проверка вкладки Питание: Test Cases/Доктор/дописать проверку на игрока Проверка вкладки Питание FAILED.
Reason:
com.kms.katalon.core.exception.StepFailedException: Unable to set text 'автотест питания' of object 'Object Repository/Avangard New/Object (Доктор)/Case (Питание)/input_task'
	at com.kms.katalon.core.webui.keyword.internal.WebUIKeywordMain.stepFailed(WebUIKeywordMain.groovy:64)
	at com.kms.katalon.core.webui.keyword.internal.WebUIKeywordMain.runKeyword(WebUIKeywordMain.groovy:26)
	at com.kms.katalon.core.webui.keyword.builtin.SetTextKeyword.setText(SetTextKeyword.groovy:66)
	at com.kms.katalon.core.webui.keyword.builtin.SetTextKeyword.execute(SetTextKeyword.groovy:37)
	at com.kms.katalon.core.keyword.internal.KeywordExecutor.executeKeywordForPlatform(KeywordExecutor.groovy:74)
	at com.kms.katalon.core.webui.keyword.WebUiBuiltInKeywords.setText(WebUiBuiltInKeywords.groovy:980)
	at com.kms.katalon.core.webui.keyword.WebUiBuiltInKeywords$setText$2.call(Unknown Source)
	at дописать проверку на игрока Проверка вкладки Питание.run(дописать проверку на игрока Проверка вкладки Питание:51)
	at com.kms.katalon.core.main.ScriptEngine.run(ScriptEngine.java:194)
	at com.kms.katalon.core.main.ScriptEngine.runScriptAsRawText(ScriptEngine.java:119)
	at com.kms.katalon.core.main.TestCaseExecutor.runScript(TestCaseExecutor.java:442)
	at com.kms.katalon.core.main.TestCaseExecutor.doExecute(TestCaseExecutor.java:433)
	at com.kms.katalon.core.main.TestCaseExecutor.processExecutionPhase(TestCaseExecutor.java:412)
	at com.kms.katalon.core.main.TestCaseExecutor.accessMainPhase(TestCaseExecutor.java:404)
	at com.kms.katalon.core.main.TestCaseExecutor.execute(TestCaseExecutor.java:281)
	at com.kms.katalon.core.main.TestSuiteExecutor.accessTestCaseMainPhase(TestSuiteExecutor.java:202)
	at com.kms.katalon.core.main.TestSuiteExecutor.accessTestSuiteMainPhase(TestSuiteExecutor.java:164)
	at com.kms.katalon.core.main.TestSuiteExecutor.execute(TestSuiteExecutor.java:105)
	at com.kms.katalon.core.main.TestCaseMain.startTestSuite(TestCaseMain.java:185)
	at com.kms.katalon.core.main.TestCaseMain$startTestSuite$0.call(Unknown Source)
	at TempTestSuite1645768439158.run(TempTestSuite1645768439158.groovy:36)
Caused by: com.kms.katalon.core.webui.exception.WebElementNotFoundException: Web element with id: 'Object Repository/Avangard New/Object (Доктор)/Case (Питание)/input_task' located by '//div[@id='root']/div/div/div[2]/div/div[3]/div/div[2]/div/div/div[2]/div/div/div[2]/div[3]/div/div/div/div/div/input' not found
	at com.kms.katalon.core.webui.common.WebUiCommonHelper.findWebElement(WebUiCommonHelper.java:1370)
	at com.kms.katalon.core.webui.keyword.internal.WebUIAbstractKeyword.findWebElement(WebUIAbstractKeyword.groovy:27)
	at com.kms.katalon.core.webui.keyword.internal.WebUIAbstractKeyword.findWebElement(WebUIAbstractKeyword.groovy:26)
	at com.kms.katalon.core.webui.keyword.builtin.SetTextKeyword$_setText_closure1.doCall(SetTextKeyword.groovy:51)
	at com.kms.katalon.core.webui.keyword.builtin.SetTextKeyword$_setText_closure1.call(SetTextKeyword.groovy)
	at com.kms.katalon.core.webui.keyword.internal.WebUIKeywordMain.runKeyword(WebUIKeywordMain.groovy:20)
	... 19 more]]></system-err>
      </testcase>
      <testcase name="Test Cases/Доктор/Просмотр профиля" time="161.1" classname="Test Cases/Доктор/Просмотр профиля" status="PASSED">
         <system-out><![CDATA[2022-02-25 08:59:32 - [TEST_CASE][PASSED] - Test Cases/Доктор/Просмотр профиля: Test Cases/Доктор/Просмотр профиля

2022-02-25 08:59:33 - [TEST_STEP][PASSED] - callTestCase(findTestCase("Доктор/Авторизация врач"), [:], STOP_ON_FAILURE): Call Test Case 'Test Cases/Доктор/Авторизация врач' successfully

2022-02-25 08:59:33 - [TEST_CASE][PASSED] - Test Cases/Доктор/Авторизация врач: Test Cases/Доктор/Авторизация врач

2022-02-25 08:59:33 - [TEST_STEP][PASSED] - openBrowser(""): Browser is opened with url: ''

2022-02-25 08:59:33 - [MESSAGE][WARNING] - A browser is already opened. Closing browser and opening a new one

2022-02-25 08:59:34 - [MESSAGE][INFO] - User set preference: ['os', 'linux']

2022-02-25 08:59:34 - [MESSAGE][INFO] - User set preference: ['browserName', 'chrome']

2022-02-25 08:59:34 - [MESSAGE][INFO] - User set preference: ['browserVersion', '97']

2022-02-25 08:59:34 - [MESSAGE][INFO] - User set preference: ['katalon:option', '{organizationId=564672, tunnelId=, usingTunnel=false}']

2022-02-25 08:59:34 - [MESSAGE][INFO] - Connecting to remote web server 'testcloud.katalon.com/hub' with type 'Selenium'

2022-02-25 08:59:34 - [MESSAGE][INFO] - Action delay is set to 100 milliseconds

2022-02-25 09:01:38 - [MESSAGE][PASSED] - Browser is opened with url: ''

2022-02-25 09:01:38 - [TEST_STEP][PASSED] - maximizeWindow(): Current window maximized

2022-02-25 09:01:38 - [MESSAGE][PASSED] - Current window maximized

2022-02-25 09:01:38 - [TEST_STEP][PASSED] - navigateToUrl(url): Navigate to 'https://stars-stage.hawk.ru:8080' successfully

2022-02-25 09:01:44 - [MESSAGE][PASSED] - Navigate to 'https://stars-stage.hawk.ru:8080' successfully

2022-02-25 09:01:44 - [TEST_STEP][PASSED] - setText(findTestObject("Object Repository/vra/Page_/input__sc-lnrBVv eqPACj"), doktor_login): Text 'TestDoctor@mail.ru' is set on object 'Object Repository/vra/Page_/input__sc-lnrBVv eqPACj'

2022-02-25 09:01:48 - [MESSAGE][PASSED] - Text 'TestDoctor@mail.ru' is set on object 'Object Repository/vra/Page_/input__sc-lnrBVv eqPACj'

2022-02-25 09:01:48 - [TEST_STEP][PASSED] - setText(findTestObject("Object Repository/vra/Page_/input__sc-lnrBVv eqPACj_1"), doktor_password, STOP_ON_FAILURE): Text 'TestDoctor@mail.ru' is set on object 'Object Repository/vra/Page_/input__sc-lnrBVv eqPACj_1'

2022-02-25 09:01:52 - [MESSAGE][PASSED] - Text 'TestDoctor@mail.ru' is set on object 'Object Repository/vra/Page_/input__sc-lnrBVv eqPACj_1'

2022-02-25 09:01:52 - [TEST_STEP][PASSED] - click(findTestObject("Object Repository/vrach/Page_/Page_/go")): Object: 'Object Repository/vrach/Page_/Page_/go' is clicked on

2022-02-25 09:01:54 - [MESSAGE][PASSED] - Object: 'Object Repository/vrach/Page_/Page_/go' is clicked on

2022-02-25 09:01:54 - [MESSAGE][PASSED] - Call Test Case 'Test Cases/Доктор/Авторизация врач' successfully

2022-02-25 09:01:54 - [TEST_STEP][PASSED] - click(findTestObject("Object Repository/vrach/profile/Page_/span_TestDoctormail.ru")): Object: 'Object Repository/vrach/profile/Page_/span_TestDoctormail.ru' is clicked on

2022-02-25 09:02:06 - [MESSAGE][PASSED] - Object: 'Object Repository/vrach/profile/Page_/span_TestDoctormail.ru' is clicked on

2022-02-25 09:02:06 - [TEST_STEP][PASSED] - click(findTestObject("Object Repository/vrach/profile/Page_/save")): Object: 'Object Repository/vrach/profile/Page_/save' is clicked on

2022-02-25 09:02:08 - [MESSAGE][PASSED] - Object: 'Object Repository/vrach/profile/Page_/save' is clicked on

2022-02-25 09:02:08 - [TEST_STEP][PASSED] - verifyTextPresent("Пользователь сохранен", true): Text 'Пользователь сохранен' is present on page  using regular expression

2022-02-25 09:02:11 - [MESSAGE][PASSED] - Text 'Пользователь сохранен' is present on page  using regular expression

2022-02-25 09:02:11 - [TEST_STEP][PASSED] - click(findTestObject("Object Repository/vrach/profile/Page_/exit")): Object: 'Object Repository/vrach/profile/Page_/exit' is clicked on

2022-02-25 09:02:13 - [MESSAGE][PASSED] - Object: 'Object Repository/vrach/profile/Page_/exit' is clicked on

2022-02-25 09:02:13 - [TEST_STEP][PASSED] - closeBrowser(): Browser is closed

2022-02-25 09:02:13 - [MESSAGE][PASSED] - Browser is closed]]></system-out>
         <system-err><![CDATA[]]></system-err>
      </testcase>
      <testcase name="Test Cases/Доктор/Психотест (психолог)" time="140.223" classname="Test Cases/Доктор/Психотест (психолог)" status="PASSED">
         <system-out><![CDATA[2022-02-25 09:02:13 - [TEST_CASE][PASSED] - Test Cases/Доктор/Психотест (психолог): Test Cases/Доктор/Психотест (психолог)

2022-02-25 09:02:14 - [TEST_STEP][PASSED] - openBrowser(""): Browser is opened with url: ''

2022-02-25 09:02:14 - [MESSAGE][INFO] - User set preference: ['os', 'linux']

2022-02-25 09:02:14 - [MESSAGE][INFO] - User set preference: ['browserName', 'chrome']

2022-02-25 09:02:14 - [MESSAGE][INFO] - User set preference: ['browserVersion', '97']

2022-02-25 09:02:14 - [MESSAGE][INFO] - User set preference: ['katalon:option', '{organizationId=564672, tunnelId=, usingTunnel=false}']

2022-02-25 09:02:14 - [MESSAGE][INFO] - Connecting to remote web server 'testcloud.katalon.com/hub' with type 'Selenium'

2022-02-25 09:02:14 - [MESSAGE][INFO] - Action delay is set to 100 milliseconds

2022-02-25 09:03:38 - [MESSAGE][PASSED] - Browser is opened with url: ''

2022-02-25 09:03:38 - [TEST_STEP][PASSED] - maximizeWindow(): Current window maximized

2022-02-25 09:03:38 - [MESSAGE][PASSED] - Current window maximized

2022-02-25 09:03:38 - [TEST_STEP][PASSED] - navigateToUrl("https://stars-stage.hawk.ru:8080/"): Navigate to 'https://stars-stage.hawk.ru:8080/' successfully

2022-02-25 09:03:44 - [MESSAGE][PASSED] - Navigate to 'https://stars-stage.hawk.ru:8080/' successfully

2022-02-25 09:03:44 - [TEST_STEP][PASSED] - setText(findTestObject("Avangard New/Object (Психолог)/login (Логин Психолог)"), "psychoTEST@mail.ru"): Text 'psychoTEST@mail.ru' is set on object 'Object Repository/Avangard New/Object (Психолог)/login (Логин Психолог)'

2022-02-25 09:03:48 - [MESSAGE][PASSED] - Text 'psychoTEST@mail.ru' is set on object 'Object Repository/Avangard New/Object (Психолог)/login (Логин Психолог)'

2022-02-25 09:03:48 - [TEST_STEP][PASSED] - setText(findTestObject("Avangard New/Object (Психолог)/password (Пароль Психолог)"), "psychoTEST@mail.ru", STOP_ON_FAILURE): Text 'psychoTEST@mail.ru' is set on object 'Object Repository/Avangard New/Object (Психолог)/password (Пароль Психолог)'

2022-02-25 09:03:52 - [MESSAGE][PASSED] - Text 'psychoTEST@mail.ru' is set on object 'Object Repository/Avangard New/Object (Психолог)/password (Пароль Психолог)'

2022-02-25 09:03:52 - [TEST_STEP][PASSED] - click(findTestObject("Object Repository/vrach/psychotest/Page_/go")): Object: 'Object Repository/vrach/psychotest/Page_/go' is clicked on

2022-02-25 09:03:54 - [MESSAGE][PASSED] - Object: 'Object Repository/vrach/psychotest/Page_/go' is clicked on

2022-02-25 09:03:54 - [TEST_STEP][PASSED] - click(findTestObject("Object Repository/vrach/psychotest/Page_/psychotest")): Object: 'Object Repository/vrach/psychotest/Page_/psychotest' is clicked on

2022-02-25 09:04:04 - [MESSAGE][PASSED] - Object: 'Object Repository/vrach/psychotest/Page_/psychotest' is clicked on

2022-02-25 09:04:04 - [TEST_STEP][PASSED] - verifyTextPresent("Психологический профиль", false): Text 'Психологический профиль' is present on page 

2022-02-25 09:04:06 - [MESSAGE][PASSED] - Text 'Психологический профиль' is present on page 

2022-02-25 09:04:06 - [TEST_STEP][PASSED] - click(findTestObject("Object Repository/vrach/psychotest/Page_/school")): Object: 'Object Repository/vrach/psychotest/Page_/school' is clicked on

2022-02-25 09:04:08 - [MESSAGE][PASSED] - Object: 'Object Repository/vrach/psychotest/Page_/school' is clicked on

2022-02-25 09:04:08 - [TEST_STEP][PASSED] - click(findTestObject("Object Repository/vrach/psychotest/Page_/avanguard")): Object: 'Object Repository/vrach/psychotest/Page_/avanguard' is clicked on

2022-02-25 09:04:10 - [MESSAGE][PASSED] - Object: 'Object Repository/vrach/psychotest/Page_/avanguard' is clicked on

2022-02-25 09:04:10 - [TEST_STEP][PASSED] - click(findTestObject("Object Repository/vrach/psychotest/Page_/team")): Object: 'Object Repository/vrach/psychotest/Page_/team' is clicked on

2022-02-25 09:04:12 - [MESSAGE][PASSED] - Object: 'Object Repository/vrach/psychotest/Page_/team' is clicked on

2022-02-25 09:04:12 - [TEST_STEP][PASSED] - click(findTestObject("Object Repository/vrach/psychotest/Page_/varteam")): Object: 'Object Repository/vrach/psychotest/Page_/varteam' is clicked on

2022-02-25 09:04:14 - [MESSAGE][PASSED] - Object: 'Object Repository/vrach/psychotest/Page_/varteam' is clicked on

2022-02-25 09:04:14 - [TEST_STEP][PASSED] - click(findTestObject("Object Repository/vrach/psychotest/Page_/player")): Object: 'Object Repository/vrach/psychotest/Page_/player' is clicked on

2022-02-25 09:04:16 - [MESSAGE][PASSED] - Object: 'Object Repository/vrach/psychotest/Page_/player' is clicked on

2022-02-25 09:04:16 - [TEST_STEP][PASSED] - click(findTestObject("Object Repository/vrach/psychotest/Page_/varplayer")): Object: 'Object Repository/vrach/psychotest/Page_/varplayer' is clicked on

2022-02-25 09:04:18 - [MESSAGE][PASSED] - Object: 'Object Repository/vrach/psychotest/Page_/varplayer' is clicked on

2022-02-25 09:04:18 - [TEST_STEP][PASSED] - click(findTestObject("Object Repository/vrach/psychotest/Page_/date")): Object: 'Object Repository/vrach/psychotest/Page_/date' is clicked on

2022-02-25 09:04:20 - [MESSAGE][PASSED] - Object: 'Object Repository/vrach/psychotest/Page_/date' is clicked on

2022-02-25 09:04:20 - [TEST_STEP][PASSED] - click(findTestObject("Object Repository/vrach/psychotest/Page_/enter_date")): Object: 'Object Repository/vrach/psychotest/Page_/enter_date' is clicked on

2022-02-25 09:04:22 - [MESSAGE][PASSED] - Object: 'Object Repository/vrach/psychotest/Page_/enter_date' is clicked on

2022-02-25 09:04:22 - [TEST_STEP][PASSED] - verifyTextPresent("Реакция на простой стимул", false): Text 'Реакция на простой стимул' is present on page 

2022-02-25 09:04:26 - [MESSAGE][PASSED] - Text 'Реакция на простой стимул' is present on page 

2022-02-25 09:04:26 - [TEST_STEP][PASSED] - scrollToElement(findTestObject("Object Repository/vrach/psychotest/Page_/thinking"), 0): Scroll to object 'Object Repository/vrach/psychotest/Page_/thinking' successfully

2022-02-25 09:04:26 - [MESSAGE][WARNING] - Timeout '0' is invalid. Using default page load timeout: '30'

2022-02-25 09:04:28 - [MESSAGE][PASSED] - Scroll to object 'Object Repository/vrach/psychotest/Page_/thinking' successfully

2022-02-25 09:04:28 - [TEST_STEP][PASSED] - setText(findTestObject("Object Repository/vrach/psychotest/Page_/thinking"), "9"): Text '9' is set on object 'Object Repository/vrach/psychotest/Page_/thinking'

2022-02-25 09:04:32 - [MESSAGE][PASSED] - Text '9' is set on object 'Object Repository/vrach/psychotest/Page_/thinking'

2022-02-25 09:04:32 - [TEST_STEP][PASSED] - click(findTestObject("Object Repository/vrach/psychotest/Page_/button_save")): Object: 'Object Repository/vrach/psychotest/Page_/button_save' is clicked on

2022-02-25 09:04:34 - [MESSAGE][PASSED] - Object: 'Object Repository/vrach/psychotest/Page_/button_save' is clicked on]]></system-out>
         <system-err><![CDATA[]]></system-err>
      </testcase>
      <testcase name="Test Cases/Доктор/создание карточки болезни" time="509.401" classname="Test Cases/Доктор/создание карточки болезни" status="PASSED">
         <system-out><![CDATA[2022-02-25 09:04:34 - [TEST_CASE][PASSED] - Test Cases/Доктор/создание карточки болезни: Test Cases/Доктор/создание карточки болезни

2022-02-25 09:04:35 - [TEST_STEP][PASSED] - callTestCase(findTestCase("Доктор/Авторизация врач"), [:], STOP_ON_FAILURE): Call Test Case 'Test Cases/Доктор/Авторизация врач' successfully

2022-02-25 09:04:35 - [TEST_CASE][PASSED] - Test Cases/Доктор/Авторизация врач: Test Cases/Доктор/Авторизация врач

2022-02-25 09:04:35 - [TEST_STEP][PASSED] - openBrowser(""): Browser is opened with url: ''

2022-02-25 09:04:35 - [MESSAGE][WARNING] - A browser is already opened. Closing browser and opening a new one

2022-02-25 09:04:35 - [MESSAGE][INFO] - User set preference: ['os', 'linux']

2022-02-25 09:04:35 - [MESSAGE][INFO] - User set preference: ['browserName', 'chrome']

2022-02-25 09:04:35 - [MESSAGE][INFO] - User set preference: ['browserVersion', '97']

2022-02-25 09:04:35 - [MESSAGE][INFO] - User set preference: ['katalon:option', '{organizationId=564672, tunnelId=, usingTunnel=false}']

2022-02-25 09:04:35 - [MESSAGE][INFO] - Connecting to remote web server 'testcloud.katalon.com/hub' with type 'Selenium'

2022-02-25 09:04:35 - [MESSAGE][INFO] - Action delay is set to 100 milliseconds

2022-02-25 09:06:23 - [MESSAGE][PASSED] - Browser is opened with url: ''

2022-02-25 09:06:23 - [TEST_STEP][PASSED] - maximizeWindow(): Current window maximized

2022-02-25 09:06:24 - [MESSAGE][PASSED] - Current window maximized

2022-02-25 09:06:24 - [TEST_STEP][PASSED] - navigateToUrl(url): Navigate to 'https://stars-stage.hawk.ru:8080' successfully

2022-02-25 09:06:30 - [MESSAGE][PASSED] - Navigate to 'https://stars-stage.hawk.ru:8080' successfully

2022-02-25 09:06:30 - [TEST_STEP][PASSED] - setText(findTestObject("Object Repository/vra/Page_/input__sc-lnrBVv eqPACj"), doktor_login): Text 'TestDoctor@mail.ru' is set on object 'Object Repository/vra/Page_/input__sc-lnrBVv eqPACj'

2022-02-25 09:06:34 - [MESSAGE][PASSED] - Text 'TestDoctor@mail.ru' is set on object 'Object Repository/vra/Page_/input__sc-lnrBVv eqPACj'

2022-02-25 09:06:34 - [TEST_STEP][PASSED] - setText(findTestObject("Object Repository/vra/Page_/input__sc-lnrBVv eqPACj_1"), doktor_password, STOP_ON_FAILURE): Text 'TestDoctor@mail.ru' is set on object 'Object Repository/vra/Page_/input__sc-lnrBVv eqPACj_1'

2022-02-25 09:06:38 - [MESSAGE][PASSED] - Text 'TestDoctor@mail.ru' is set on object 'Object Repository/vra/Page_/input__sc-lnrBVv eqPACj_1'

2022-02-25 09:06:38 - [TEST_STEP][PASSED] - click(findTestObject("Object Repository/vrach/Page_/Page_/go")): Object: 'Object Repository/vrach/Page_/Page_/go' is clicked on

2022-02-25 09:06:41 - [MESSAGE][PASSED] - Object: 'Object Repository/vrach/Page_/Page_/go' is clicked on

2022-02-25 09:06:41 - [MESSAGE][PASSED] - Call Test Case 'Test Cases/Доктор/Авторизация врач' successfully

2022-02-25 09:06:41 - [TEST_STEP][PASSED] - click(findTestObject("Avangard New/Object (Доктор)/doctor case (создание карточки и удаление)/button_add")): Object: 'Object Repository/Avangard New/Object (Доктор)/doctor case (создание карточки и удаление)/button_add' is clicked on

2022-02-25 09:06:50 - [MESSAGE][PASSED] - Object: 'Object Repository/Avangard New/Object (Доктор)/doctor case (создание карточки и удаление)/button_add' is clicked on

2022-02-25 09:06:50 - [TEST_STEP][PASSED] - click(findTestObject("Avangard New/Object (Доктор)/doctor case (создание карточки и удаление)/school")): Object: 'Object Repository/Avangard New/Object (Доктор)/doctor case (создание карточки и удаление)/school' is clicked on

2022-02-25 09:06:52 - [MESSAGE][PASSED] - Object: 'Object Repository/Avangard New/Object (Доктор)/doctor case (создание карточки и удаление)/school' is clicked on

2022-02-25 09:06:52 - [TEST_STEP][PASSED] - click(findTestObject("Avangard New/Object (Доктор)/doctor case (создание карточки и удаление)/avanguard")): Object: 'Object Repository/Avangard New/Object (Доктор)/doctor case (создание карточки и удаление)/avanguard' is clicked on

2022-02-25 09:06:55 - [MESSAGE][PASSED] - Object: 'Object Repository/Avangard New/Object (Доктор)/doctor case (создание карточки и удаление)/avanguard' is clicked on

2022-02-25 09:06:55 - [TEST_STEP][PASSED] - click(findTestObject("Avangard New/Object (Доктор)/doctor case (создание карточки и удаление)/team")): Object: 'Object Repository/Avangard New/Object (Доктор)/doctor case (создание карточки и удаление)/team' is clicked on

2022-02-25 09:06:57 - [MESSAGE][PASSED] - Object: 'Object Repository/Avangard New/Object (Доктор)/doctor case (создание карточки и удаление)/team' is clicked on

2022-02-25 09:06:57 - [TEST_STEP][PASSED] - click(findTestObject("Avangard New/Object (Доктор)/doctor case (создание карточки и удаление)/var_team")): Object: 'Object Repository/Avangard New/Object (Доктор)/doctor case (создание карточки и удаление)/var_team' is clicked on

2022-02-25 09:06:59 - [MESSAGE][PASSED] - Object: 'Object Repository/Avangard New/Object (Доктор)/doctor case (создание карточки и удаление)/var_team' is clicked on

2022-02-25 09:06:59 - [TEST_STEP][PASSED] - click(findTestObject("Avangard New/Object (Доктор)/doctor case (создание карточки и удаление)/player")): Object: 'Object Repository/Avangard New/Object (Доктор)/doctor case (создание карточки и удаление)/player' is clicked on

2022-02-25 09:07:02 - [MESSAGE][PASSED] - Object: 'Object Repository/Avangard New/Object (Доктор)/doctor case (создание карточки и удаление)/player' is clicked on

2022-02-25 09:07:02 - [TEST_STEP][PASSED] - click(findTestObject("Avangard New/Object (Доктор)/doctor case (создание карточки и удаление)/var_player")): Object: 'Object Repository/Avangard New/Object (Доктор)/doctor case (создание карточки и удаление)/var_player' is clicked on

2022-02-25 09:07:04 - [MESSAGE][PASSED] - Object: 'Object Repository/Avangard New/Object (Доктор)/doctor case (создание карточки и удаление)/var_player' is clicked on

2022-02-25 09:07:04 - [TEST_STEP][PASSED] - click(findTestObject("Avangard New/Object (Доктор)/doctor case (создание карточки и удаление)/tip")): Object: 'Object Repository/Avangard New/Object (Доктор)/doctor case (создание карточки и удаление)/tip' is clicked on

2022-02-25 09:07:06 - [MESSAGE][PASSED] - Object: 'Object Repository/Avangard New/Object (Доктор)/doctor case (создание карточки и удаление)/tip' is clicked on

2022-02-25 09:07:06 - [TEST_STEP][PASSED] - click(findTestObject("Avangard New/Object (Доктор)/doctor case (создание карточки и удаление)/travma")): Object: 'Object Repository/Avangard New/Object (Доктор)/doctor case (создание карточки и удаление)/travma' is clicked on

2022-02-25 09:07:08 - [MESSAGE][PASSED] - Object: 'Object Repository/Avangard New/Object (Доктор)/doctor case (создание карточки и удаление)/travma' is clicked on

2022-02-25 09:07:08 - [TEST_STEP][PASSED] - click(findTestObject("Avangard New/Object (Доктор)/doctor case (создание карточки и удаление)/stady 1")): Object: 'Object Repository/Avangard New/Object (Доктор)/doctor case (создание карточки и удаление)/stady 1' is clicked on

2022-02-25 09:07:10 - [MESSAGE][PASSED] - Object: 'Object Repository/Avangard New/Object (Доктор)/doctor case (создание карточки и удаление)/stady 1' is clicked on

2022-02-25 09:07:10 - [TEST_STEP][PASSED] - click(findTestObject("Avangard New/Object (Доктор)/doctor case (создание карточки и удаление)/choise_stady")): Object: 'Object Repository/Avangard New/Object (Доктор)/doctor case (создание карточки и удаление)/choise_stady' is clicked on

2022-02-25 09:07:12 - [MESSAGE][PASSED] - Object: 'Object Repository/Avangard New/Object (Доктор)/doctor case (создание карточки и удаление)/choise_stady' is clicked on

2022-02-25 09:07:12 - [TEST_STEP][PASSED] - click(findTestObject("Avangard New/Object (Доктор)/doctor case (создание карточки и удаление)/tip travm")): Object: 'Object Repository/Avangard New/Object (Доктор)/doctor case (создание карточки и удаление)/tip travm' is clicked on

2022-02-25 09:07:14 - [MESSAGE][PASSED] - Object: 'Object Repository/Avangard New/Object (Доктор)/doctor case (создание карточки и удаление)/tip travm' is clicked on

2022-02-25 09:07:14 - [TEST_STEP][PASSED] - click(findTestObject("Avangard New/Object (Доктор)/doctor case (создание карточки и удаление)/choise_travm")): Object: 'Object Repository/Avangard New/Object (Доктор)/doctor case (создание карточки и удаление)/choise_travm' is clicked on

2022-02-25 09:07:17 - [MESSAGE][PASSED] - Object: 'Object Repository/Avangard New/Object (Доктор)/doctor case (создание карточки и удаление)/choise_travm' is clicked on

2022-02-25 09:07:17 - [TEST_STEP][PASSED] - setText(findTestObject("Avangard New/Object (Доктор)/doctor case (создание карточки и удаление)/dop opisanie"), "автотестирование "): Text 'автотестирование ' is set on object 'Object Repository/Avangard New/Object (Доктор)/doctor case (создание карточки и удаление)/dop opisanie'

2022-02-25 09:07:22 - [MESSAGE][PASSED] - Text 'автотестирование ' is set on object 'Object Repository/Avangard New/Object (Доктор)/doctor case (создание карточки и удаление)/dop opisanie'

2022-02-25 09:07:22 - [TEST_STEP][PASSED] - click(findTestObject("Avangard New/Object (Доктор)/doctor case (создание карточки и удаление)/button_save")): Object: 'Object Repository/Avangard New/Object (Доктор)/doctor case (создание карточки и удаление)/button_save' is clicked on

2022-02-25 09:07:24 - [MESSAGE][PASSED] - Object: 'Object Repository/Avangard New/Object (Доктор)/doctor case (создание карточки и удаление)/button_save' is clicked on

2022-02-25 09:07:24 - [TEST_STEP][PASSED] - verifyTextPresent("Карточка успешно сохранена", false): Text 'Карточка успешно сохранена' is present on page 

2022-02-25 09:07:27 - [MESSAGE][PASSED] - Text 'Карточка успешно сохранена' is present on page 

2022-02-25 09:07:27 - [TEST_STEP][PASSED] - callTestCase(findTestCase("Доктор/проверка в профиле статуса (переиспользуется)"), [:], STOP_ON_FAILURE): Call Test Case 'Test Cases/Доктор/проверка в профиле статуса (переиспользуется)' successfully

2022-02-25 09:07:27 - [TEST_CASE][PASSED] - Test Cases/Доктор/проверка в профиле статуса (переиспользуется): Test Cases/Доктор/проверка в профиле статуса (переиспользуется)

2022-02-25 09:07:28 - [TEST_STEP][PASSED] - callTestCase(findTestCase("Доктор/Авторизация врач"), [:], STOP_ON_FAILURE): Call Test Case 'Test Cases/Доктор/Авторизация врач' successfully

2022-02-25 09:07:28 - [TEST_CASE][PASSED] - Test Cases/Доктор/Авторизация врач: Test Cases/Доктор/Авторизация врач

2022-02-25 09:07:28 - [TEST_STEP][PASSED] - openBrowser(""): Browser is opened with url: ''

2022-02-25 09:07:28 - [MESSAGE][WARNING] - A browser is already opened. Closing browser and opening a new one

2022-02-25 09:07:29 - [MESSAGE][INFO] - User set preference: ['os', 'linux']

2022-02-25 09:07:29 - [MESSAGE][INFO] - User set preference: ['browserName', 'chrome']

2022-02-25 09:07:29 - [MESSAGE][INFO] - User set preference: ['browserVersion', '97']

2022-02-25 09:07:29 - [MESSAGE][INFO] - User set preference: ['katalon:option', '{organizationId=564672, tunnelId=, usingTunnel=false}']

2022-02-25 09:07:29 - [MESSAGE][INFO] - Connecting to remote web server 'testcloud.katalon.com/hub' with type 'Selenium'

2022-02-25 09:07:29 - [MESSAGE][INFO] - Action delay is set to 100 milliseconds

2022-02-25 09:08:38 - [MESSAGE][PASSED] - Browser is opened with url: ''

2022-02-25 09:08:38 - [TEST_STEP][PASSED] - maximizeWindow(): Current window maximized

2022-02-25 09:08:39 - [MESSAGE][PASSED] - Current window maximized

2022-02-25 09:08:39 - [TEST_STEP][PASSED] - navigateToUrl(url): Navigate to 'https://stars-stage.hawk.ru:8080' successfully

2022-02-25 09:08:45 - [MESSAGE][PASSED] - Navigate to 'https://stars-stage.hawk.ru:8080' successfully

2022-02-25 09:08:45 - [TEST_STEP][PASSED] - setText(findTestObject("Object Repository/vra/Page_/input__sc-lnrBVv eqPACj"), doktor_login): Text 'TestDoctor@mail.ru' is set on object 'Object Repository/vra/Page_/input__sc-lnrBVv eqPACj'

2022-02-25 09:08:49 - [MESSAGE][PASSED] - Text 'TestDoctor@mail.ru' is set on object 'Object Repository/vra/Page_/input__sc-lnrBVv eqPACj'

2022-02-25 09:08:49 - [TEST_STEP][PASSED] - setText(findTestObject("Object Repository/vra/Page_/input__sc-lnrBVv eqPACj_1"), doktor_password, STOP_ON_FAILURE): Text 'TestDoctor@mail.ru' is set on object 'Object Repository/vra/Page_/input__sc-lnrBVv eqPACj_1'

2022-02-25 09:08:53 - [MESSAGE][PASSED] - Text 'TestDoctor@mail.ru' is set on object 'Object Repository/vra/Page_/input__sc-lnrBVv eqPACj_1'

2022-02-25 09:08:53 - [TEST_STEP][PASSED] - click(findTestObject("Object Repository/vrach/Page_/Page_/go")): Object: 'Object Repository/vrach/Page_/Page_/go' is clicked on

2022-02-25 09:08:55 - [MESSAGE][PASSED] - Object: 'Object Repository/vrach/Page_/Page_/go' is clicked on

2022-02-25 09:08:55 - [MESSAGE][PASSED] - Call Test Case 'Test Cases/Доктор/Авторизация врач' successfully

2022-02-25 09:08:55 - [TEST_STEP][PASSED] - click(findTestObject("Avangard New/Object (Доктор)/doctor case (создание карточки и удаление)/player_menu")): Object: 'Object Repository/Avangard New/Object (Доктор)/doctor case (создание карточки и удаление)/player_menu' is clicked on

2022-02-25 09:09:03 - [MESSAGE][PASSED] - Object: 'Object Repository/Avangard New/Object (Доктор)/doctor case (создание карточки и удаление)/player_menu' is clicked on

2022-02-25 09:09:03 - [TEST_STEP][PASSED] - setText(findTestObject("Avangard New/Object (Доктор)/doctor case (создание карточки и удаление)/input__Search"), player_for_test_1): Text 'Власенко' is set on object 'Object Repository/Avangard New/Object (Доктор)/doctor case (создание карточки и удаление)/input__Search'

2022-02-25 09:09:08 - [MESSAGE][PASSED] - Text 'Власенко' is set on object 'Object Repository/Avangard New/Object (Доктор)/doctor case (создание карточки и удаление)/input__Search'

2022-02-25 09:09:08 - [TEST_STEP][PASSED] - click(findTestObject("Avangard New/Object (Доктор)/doctor case (создание карточки и удаление)/var_player")): Object: 'Object Repository/Avangard New/Object (Доктор)/doctor case (создание карточки и удаление)/var_player' is clicked on

2022-02-25 09:09:12 - [MESSAGE][PASSED] - Object: 'Object Repository/Avangard New/Object (Доктор)/doctor case (создание карточки и удаление)/var_player' is clicked on

2022-02-25 09:09:12 - [TEST_STEP][PASSED] - verifyElementText(findTestObject("Avangard New/Object (Доктор)/doctor case (создание карточки и удаление)/chek_stat"), "Травмирован"): Actual text and expected text of test object 'Object Repository/Avangard New/Object (Доктор)/doctor case (создание карточки и удаление)/chek_stat' are matched.

2022-02-25 09:09:14 - [MESSAGE][PASSED] - Actual text and expected text of test object 'Object Repository/Avangard New/Object (Доктор)/doctor case (создание карточки и удаление)/chek_stat' are matched.

2022-02-25 09:09:14 - [MESSAGE][PASSED] - Call Test Case 'Test Cases/Доктор/проверка в профиле статуса (переиспользуется)' successfully

2022-02-25 09:09:14 - [TEST_STEP][PASSED] - callTestCase(findTestCase("Доктор/вкладки удаление (переиспользуется)"), [:], STOP_ON_FAILURE): Call Test Case 'Test Cases/Доктор/вкладки удаление (переиспользуется)' successfully

2022-02-25 09:09:14 - [TEST_CASE][PASSED] - Test Cases/Доктор/вкладки удаление (переиспользуется): Test Cases/Доктор/вкладки удаление (переиспользуется)

2022-02-25 09:09:15 - [TEST_STEP][PASSED] - callTestCase(findTestCase("Доктор/Авторизация врач"), [:], STOP_ON_FAILURE): Call Test Case 'Test Cases/Доктор/Авторизация врач' successfully

2022-02-25 09:09:15 - [TEST_CASE][PASSED] - Test Cases/Доктор/Авторизация врач: Test Cases/Доктор/Авторизация врач

2022-02-25 09:09:15 - [TEST_STEP][PASSED] - openBrowser(""): Browser is opened with url: ''

2022-02-25 09:09:15 - [MESSAGE][WARNING] - A browser is already opened. Closing browser and opening a new one

2022-02-25 09:09:16 - [MESSAGE][INFO] - User set preference: ['os', 'linux']

2022-02-25 09:09:16 - [MESSAGE][INFO] - User set preference: ['browserName', 'chrome']

2022-02-25 09:09:16 - [MESSAGE][INFO] - User set preference: ['browserVersion', '97']

2022-02-25 09:09:16 - [MESSAGE][INFO] - User set preference: ['katalon:option', '{organizationId=564672, tunnelId=, usingTunnel=false}']

2022-02-25 09:09:16 - [MESSAGE][INFO] - Connecting to remote web server 'testcloud.katalon.com/hub' with type 'Selenium'

2022-02-25 09:09:16 - [MESSAGE][INFO] - Action delay is set to 100 milliseconds

2022-02-25 09:10:10 - [MESSAGE][PASSED] - Browser is opened with url: ''

2022-02-25 09:10:10 - [TEST_STEP][PASSED] - maximizeWindow(): Current window maximized

2022-02-25 09:10:11 - [MESSAGE][PASSED] - Current window maximized

2022-02-25 09:10:11 - [TEST_STEP][PASSED] - navigateToUrl(url): Navigate to 'https://stars-stage.hawk.ru:8080' successfully

2022-02-25 09:10:17 - [MESSAGE][PASSED] - Navigate to 'https://stars-stage.hawk.ru:8080' successfully

2022-02-25 09:10:17 - [TEST_STEP][PASSED] - setText(findTestObject("Object Repository/vra/Page_/input__sc-lnrBVv eqPACj"), doktor_login): Text 'TestDoctor@mail.ru' is set on object 'Object Repository/vra/Page_/input__sc-lnrBVv eqPACj'

2022-02-25 09:10:21 - [MESSAGE][PASSED] - Text 'TestDoctor@mail.ru' is set on object 'Object Repository/vra/Page_/input__sc-lnrBVv eqPACj'

2022-02-25 09:10:21 - [TEST_STEP][PASSED] - setText(findTestObject("Object Repository/vra/Page_/input__sc-lnrBVv eqPACj_1"), doktor_password, STOP_ON_FAILURE): Text 'TestDoctor@mail.ru' is set on object 'Object Repository/vra/Page_/input__sc-lnrBVv eqPACj_1'

2022-02-25 09:10:25 - [MESSAGE][PASSED] - Text 'TestDoctor@mail.ru' is set on object 'Object Repository/vra/Page_/input__sc-lnrBVv eqPACj_1'

2022-02-25 09:10:25 - [TEST_STEP][PASSED] - click(findTestObject("Object Repository/vrach/Page_/Page_/go")): Object: 'Object Repository/vrach/Page_/Page_/go' is clicked on

2022-02-25 09:10:27 - [MESSAGE][PASSED] - Object: 'Object Repository/vrach/Page_/Page_/go' is clicked on

2022-02-25 09:10:27 - [MESSAGE][PASSED] - Call Test Case 'Test Cases/Доктор/Авторизация врач' successfully

2022-02-25 09:10:27 - [TEST_STEP][PASSED] - click(findTestObject("Object Repository/vra/Page_/school")): Object: 'Object Repository/vra/Page_/school' is clicked on

2022-02-25 09:10:35 - [MESSAGE][PASSED] - Object: 'Object Repository/vra/Page_/school' is clicked on

2022-02-25 09:10:35 - [TEST_STEP][PASSED] - click(findTestObject("Object Repository/vra/Page_/var_school")): Object: 'Object Repository/vra/Page_/var_school' is clicked on

2022-02-25 09:10:37 - [MESSAGE][PASSED] - Object: 'Object Repository/vra/Page_/var_school' is clicked on

2022-02-25 09:10:37 - [TEST_STEP][PASSED] - click(findTestObject("Object Repository/vra/Page_/team")): Object: 'Object Repository/vra/Page_/team' is clicked on

2022-02-25 09:10:40 - [MESSAGE][PASSED] - Object: 'Object Repository/vra/Page_/team' is clicked on

2022-02-25 09:10:40 - [TEST_STEP][PASSED] - click(findTestObject("Avangard New/Object (Доктор)/doctor case (создание карточки и удаление)/Global school")): Object: 'Object Repository/Avangard New/Object (Доктор)/doctor case (создание карточки и удаление)/Global school' is clicked on

2022-02-25 09:10:43 - [MESSAGE][PASSED] - Object: 'Object Repository/Avangard New/Object (Доктор)/doctor case (создание карточки и удаление)/Global school' is clicked on

2022-02-25 09:10:43 - [TEST_STEP][PASSED] - click(findTestObject("Object Repository/vra/Page_/p_1")): Object: 'Object Repository/vra/Page_/p_1' is clicked on

2022-02-25 09:10:46 - [MESSAGE][PASSED] - Object: 'Object Repository/vra/Page_/p_1' is clicked on

2022-02-25 09:10:46 - [TEST_STEP][PASSED] - setText(findTestObject("Avangard New/Object (Доктор)/doctor case (создание карточки и удаление)/stady"), "Допуск на игру"): Text 'Допуск на игру' is set on object 'Object Repository/Avangard New/Object (Доктор)/doctor case (создание карточки и удаление)/stady'

2022-02-25 09:10:52 - [MESSAGE][PASSED] - Text 'Допуск на игру' is set on object 'Object Repository/Avangard New/Object (Доктор)/doctor case (создание карточки и удаление)/stady'

2022-02-25 09:10:52 - [TEST_STEP][PASSED] - sendKeys(findTestObject("Avangard New/Object (Доктор)/doctor case (создание карточки и удаление)/stady"), Keys.chord(ENTER)): Keys 'ENTER + ' sent to object: 'Object Repository/Avangard New/Object (Доктор)/doctor case (создание карточки и удаление)/stady'

2022-02-25 09:10:54 - [MESSAGE][PASSED] - Keys 'ENTER + ' sent to object: 'Object Repository/Avangard New/Object (Доктор)/doctor case (создание карточки и удаление)/stady'

2022-02-25 09:10:54 - [TEST_STEP][PASSED] - click(findTestObject("Avangard New/Object (Доктор)/doctor case (создание карточки и удаление)/button_save")): Object: 'Object Repository/Avangard New/Object (Доктор)/doctor case (создание карточки и удаление)/button_save' is clicked on

2022-02-25 09:10:56 - [MESSAGE][PASSED] - Object: 'Object Repository/Avangard New/Object (Доктор)/doctor case (создание карточки и удаление)/button_save' is clicked on

2022-02-25 09:10:56 - [TEST_STEP][PASSED] - click(findTestObject("Object Repository/vra/Page_/p_1")): Object: 'Object Repository/vra/Page_/p_1' is clicked on

2022-02-25 09:11:01 - [MESSAGE][PASSED] - Object: 'Object Repository/vra/Page_/p_1' is clicked on

2022-02-25 09:11:01 - [TEST_STEP][PASSED] - click(findTestObject("Object Repository/vra/Page_/button_delete")): Object: 'Object Repository/vra/Page_/button_delete' is clicked on

2022-02-25 09:11:03 - [MESSAGE][PASSED] - Object: 'Object Repository/vra/Page_/button_delete' is clicked on

2022-02-25 09:11:03 - [TEST_STEP][PASSED] - click(findTestObject("Object Repository/vra/Page_/confirm")): Object: 'Object Repository/vra/Page_/confirm' is clicked on

2022-02-25 09:11:06 - [MESSAGE][PASSED] - Object: 'Object Repository/vra/Page_/confirm' is clicked on

2022-02-25 09:11:06 - [TEST_STEP][PASSED] - verifyTextPresent("Карточка успешно удалена", false): Text 'Карточка успешно удалена' is present on page 

2022-02-25 09:11:09 - [MESSAGE][PASSED] - Text 'Карточка успешно удалена' is present on page 

2022-02-25 09:11:09 - [TEST_STEP][PASSED] - closeBrowser(): Browser is closed

2022-02-25 09:11:10 - [MESSAGE][PASSED] - Browser is closed

2022-02-25 09:11:10 - [MESSAGE][PASSED] - Call Test Case 'Test Cases/Доктор/вкладки удаление (переиспользуется)' successfully

2022-02-25 09:11:10 - [TEST_STEP][PASSED] - callTestCase(findTestCase("Доктор/проверка доступности игрока (переиспользуется)"), [:], STOP_ON_FAILURE): Call Test Case 'Test Cases/Доктор/проверка доступности игрока (переиспользуется)' successfully

2022-02-25 09:11:10 - [TEST_CASE][PASSED] - Test Cases/Доктор/проверка доступности игрока (переиспользуется): Test Cases/Доктор/проверка доступности игрока (переиспользуется)

2022-02-25 09:11:10 - [TEST_STEP][PASSED] - callTestCase(findTestCase("Доктор/Авторизация врач"), [:], STOP_ON_FAILURE): Call Test Case 'Test Cases/Доктор/Авторизация врач' successfully

2022-02-25 09:11:10 - [TEST_CASE][PASSED] - Test Cases/Доктор/Авторизация врач: Test Cases/Доктор/Авторизация врач

2022-02-25 09:11:10 - [TEST_STEP][PASSED] - openBrowser(""): Browser is opened with url: ''

2022-02-25 09:11:10 - [MESSAGE][INFO] - User set preference: ['os', 'linux']

2022-02-25 09:11:10 - [MESSAGE][INFO] - User set preference: ['browserName', 'chrome']

2022-02-25 09:11:10 - [MESSAGE][INFO] - User set preference: ['browserVersion', '97']

2022-02-25 09:11:10 - [MESSAGE][INFO] - User set preference: ['katalon:option', '{organizationId=564672, tunnelId=, usingTunnel=false}']

2022-02-25 09:11:10 - [MESSAGE][INFO] - Connecting to remote web server 'testcloud.katalon.com/hub' with type 'Selenium'

2022-02-25 09:11:11 - [MESSAGE][INFO] - Action delay is set to 100 milliseconds

2022-02-25 09:12:24 - [MESSAGE][PASSED] - Browser is opened with url: ''

2022-02-25 09:12:24 - [TEST_STEP][PASSED] - maximizeWindow(): Current window maximized

2022-02-25 09:12:25 - [MESSAGE][PASSED] - Current window maximized

2022-02-25 09:12:25 - [TEST_STEP][PASSED] - navigateToUrl(url): Navigate to 'https://stars-stage.hawk.ru:8080' successfully

2022-02-25 09:12:31 - [MESSAGE][PASSED] - Navigate to 'https://stars-stage.hawk.ru:8080' successfully

2022-02-25 09:12:31 - [TEST_STEP][PASSED] - setText(findTestObject("Object Repository/vra/Page_/input__sc-lnrBVv eqPACj"), doktor_login): Text 'TestDoctor@mail.ru' is set on object 'Object Repository/vra/Page_/input__sc-lnrBVv eqPACj'

2022-02-25 09:12:35 - [MESSAGE][PASSED] - Text 'TestDoctor@mail.ru' is set on object 'Object Repository/vra/Page_/input__sc-lnrBVv eqPACj'

2022-02-25 09:12:35 - [TEST_STEP][PASSED] - setText(findTestObject("Object Repository/vra/Page_/input__sc-lnrBVv eqPACj_1"), doktor_password, STOP_ON_FAILURE): Text 'TestDoctor@mail.ru' is set on object 'Object Repository/vra/Page_/input__sc-lnrBVv eqPACj_1'

2022-02-25 09:12:40 - [MESSAGE][PASSED] - Text 'TestDoctor@mail.ru' is set on object 'Object Repository/vra/Page_/input__sc-lnrBVv eqPACj_1'

2022-02-25 09:12:40 - [TEST_STEP][PASSED] - click(findTestObject("Object Repository/vrach/Page_/Page_/go")): Object: 'Object Repository/vrach/Page_/Page_/go' is clicked on

2022-02-25 09:12:42 - [MESSAGE][PASSED] - Object: 'Object Repository/vrach/Page_/Page_/go' is clicked on

2022-02-25 09:12:42 - [MESSAGE][PASSED] - Call Test Case 'Test Cases/Доктор/Авторизация врач' successfully

2022-02-25 09:12:42 - [TEST_STEP][PASSED] - click(findTestObject("Avangard New/Object (Доктор)/doctor case (создание карточки и удаление)/player_menu")): Object: 'Object Repository/Avangard New/Object (Доктор)/doctor case (создание карточки и удаление)/player_menu' is clicked on

2022-02-25 09:12:53 - [MESSAGE][PASSED] - Object: 'Object Repository/Avangard New/Object (Доктор)/doctor case (создание карточки и удаление)/player_menu' is clicked on

2022-02-25 09:12:53 - [TEST_STEP][PASSED] - setText(findTestObject("Avangard New/Object (Доктор)/doctor case (создание карточки и удаление)/input__Search"), player_for_test_1): Text 'Власенко' is set on object 'Object Repository/Avangard New/Object (Доктор)/doctor case (создание карточки и удаление)/input__Search'

2022-02-25 09:12:58 - [MESSAGE][PASSED] - Text 'Власенко' is set on object 'Object Repository/Avangard New/Object (Доктор)/doctor case (создание карточки и удаление)/input__Search'

2022-02-25 09:12:58 - [TEST_STEP][PASSED] - click(findTestObject("Avangard New/Object (Доктор)/doctor case (создание карточки и удаление)/var_player")): Object: 'Object Repository/Avangard New/Object (Доктор)/doctor case (создание карточки и удаление)/var_player' is clicked on

2022-02-25 09:13:00 - [MESSAGE][PASSED] - Object: 'Object Repository/Avangard New/Object (Доктор)/doctor case (создание карточки и удаление)/var_player' is clicked on

2022-02-25 09:13:00 - [TEST_STEP][PASSED] - verifyElementText(findTestObject("Avangard New/Object (Доктор)/doctor case (создание карточки и удаление)/chek_stat"), "Доступен"): Actual text and expected text of test object 'Object Repository/Avangard New/Object (Доктор)/doctor case (создание карточки и удаление)/chek_stat' are matched.

2022-02-25 09:13:03 - [MESSAGE][PASSED] - Actual text and expected text of test object 'Object Repository/Avangard New/Object (Доктор)/doctor case (создание карточки и удаление)/chek_stat' are matched.

2022-02-25 09:13:03 - [MESSAGE][PASSED] - Call Test Case 'Test Cases/Доктор/проверка доступности игрока (переиспользуется)' successfully

2022-02-25 09:13:03 - [TEST_STEP][PASSED] - closeBrowser(): Browser is closed

2022-02-25 09:13:03 - [MESSAGE][PASSED] - Browser is closed]]></system-out>
         <system-err><![CDATA[]]></system-err>
      </testcase>
      <system-out><![CDATA[2022-02-25 08:54:23 - [TEST_SUITE][FAILED] - Доктор: Test Cases/Доктор/дописать проверку на игрока Проверка вкладки Питание FAILED.
Reason:
com.kms.katalon.core.exception.StepFailedException: Unable to set text 'автотест питания' of object 'Object Repository/Avangard New/Object (Доктор)/Case (Питание)/input_task'
	at com.kms.katalon.core.webui.keyword.internal.WebUIKeywordMain.stepFailed(WebUIKeywordMain.groovy:64)
	at com.kms.katalon.core.webui.keyword.internal.WebUIKeywordMain.runKeyword(WebUIKeywordMain.groovy:26)
	at com.kms.katalon.core.webui.keyword.builtin.SetTextKeyword.setText(SetTextKeyword.groovy:66)
	at com.kms.katalon.core.webui.keyword.builtin.SetTextKeyword.execute(SetTextKeyword.groovy:37)
	at com.kms.katalon.core.keyword.internal.KeywordExecutor.executeKeywordForPlatform(KeywordExecutor.groovy:74)
	at com.kms.katalon.core.webui.keyword.WebUiBuiltInKeywords.setText(WebUiBuiltInKeywords.groovy:980)
	at com.kms.katalon.core.webui.keyword.WebUiBuiltInKeywords$setText$2.call(Unknown Source)
	at дописать проверку на игрока Проверка вкладки Питание.run(дописать проверку на игрока Проверка вкладки Питание:51)
	at com.kms.katalon.core.main.ScriptEngine.run(ScriptEngine.java:194)
	at com.kms.katalon.core.main.ScriptEngine.runScriptAsRawText(ScriptEngine.java:119)
	at com.kms.katalon.core.main.TestCaseExecutor.runScript(TestCaseExecutor.java:442)
	at com.kms.katalon.core.main.TestCaseExecutor.doExecute(TestCaseExecutor.java:433)
	at com.kms.katalon.core.main.TestCaseExecutor.processExecutionPhase(TestCaseExecutor.java:412)
	at com.kms.katalon.core.main.TestCaseExecutor.accessMainPhase(TestCaseExecutor.java:404)
	at com.kms.katalon.core.main.TestCaseExecutor.execute(TestCaseExecutor.java:281)
	at com.kms.katalon.core.main.TestSuiteExecutor.accessTestCaseMainPhase(TestSuiteExecutor.java:202)
	at com.kms.katalon.core.main.TestSuiteExecutor.accessTestSuiteMainPhase(TestSuiteExecutor.java:164)
	at com.kms.katalon.core.main.TestSuiteExecutor.execute(TestSuiteExecutor.java:105)
	at com.kms.katalon.core.main.TestCaseMain.startTestSuite(TestCaseMain.java:185)
	at com.kms.katalon.core.main.TestCaseMain$startTestSuite$0.call(Unknown Source)
	at TempTestSuite1645768439158.run(TempTestSuite1645768439158.groovy:36)
Caused by: com.kms.katalon.core.webui.exception.WebElementNotFoundException: Web element with id: 'Object Repository/Avangard New/Object (Доктор)/Case (Питание)/input_task' located by '//div[@id='root']/div/div/div[2]/div/div[3]/div/div[2]/div/div/div[2]/div/div/div[2]/div[3]/div/div/div/div/div/input' not found
	at com.kms.katalon.core.webui.common.WebUiCommonHelper.findWebElement(WebUiCommonHelper.java:1370)
	at com.kms.katalon.core.webui.keyword.internal.WebUIAbstractKeyword.findWebElement(WebUIAbstractKeyword.groovy:27)
	at com.kms.katalon.core.webui.keyword.internal.WebUIAbstractKeyword.findWebElement(WebUIAbstractKeyword.groovy:26)
	at com.kms.katalon.core.webui.keyword.builtin.SetTextKeyword$_setText_closure1.doCall(SetTextKeyword.groovy:51)
	at com.kms.katalon.core.webui.keyword.builtin.SetTextKeyword$_setText_closure1.call(SetTextKeyword.groovy)
	at com.kms.katalon.core.webui.keyword.internal.WebUIKeywordMain.runKeyword(WebUIKeywordMain.groovy:20)
	... 19 more]]></system-out>
      <system-err><![CDATA[2022-02-25 08:54:23 - [TEST_SUITE][FAILED] - Доктор: Test Cases/Доктор/дописать проверку на игрока Проверка вкладки Питание FAILED.
Reason:
com.kms.katalon.core.exception.StepFailedException: Unable to set text 'автотест питания' of object 'Object Repository/Avangard New/Object (Доктор)/Case (Питание)/input_task'
	at com.kms.katalon.core.webui.keyword.internal.WebUIKeywordMain.stepFailed(WebUIKeywordMain.groovy:64)
	at com.kms.katalon.core.webui.keyword.internal.WebUIKeywordMain.runKeyword(WebUIKeywordMain.groovy:26)
	at com.kms.katalon.core.webui.keyword.builtin.SetTextKeyword.setText(SetTextKeyword.groovy:66)
	at com.kms.katalon.core.webui.keyword.builtin.SetTextKeyword.execute(SetTextKeyword.groovy:37)
	at com.kms.katalon.core.keyword.internal.KeywordExecutor.executeKeywordForPlatform(KeywordExecutor.groovy:74)
	at com.kms.katalon.core.webui.keyword.WebUiBuiltInKeywords.setText(WebUiBuiltInKeywords.groovy:980)
	at com.kms.katalon.core.webui.keyword.WebUiBuiltInKeywords$setText$2.call(Unknown Source)
	at дописать проверку на игрока Проверка вкладки Питание.run(дописать проверку на игрока Проверка вкладки Питание:51)
	at com.kms.katalon.core.main.ScriptEngine.run(ScriptEngine.java:194)
	at com.kms.katalon.core.main.ScriptEngine.runScriptAsRawText(ScriptEngine.java:119)
	at com.kms.katalon.core.main.TestCaseExecutor.runScript(TestCaseExecutor.java:442)
	at com.kms.katalon.core.main.TestCaseExecutor.doExecute(TestCaseExecutor.java:433)
	at com.kms.katalon.core.main.TestCaseExecutor.processExecutionPhase(TestCaseExecutor.java:412)
	at com.kms.katalon.core.main.TestCaseExecutor.accessMainPhase(TestCaseExecutor.java:404)
	at com.kms.katalon.core.main.TestCaseExecutor.execute(TestCaseExecutor.java:281)
	at com.kms.katalon.core.main.TestSuiteExecutor.accessTestCaseMainPhase(TestSuiteExecutor.java:202)
	at com.kms.katalon.core.main.TestSuiteExecutor.accessTestSuiteMainPhase(TestSuiteExecutor.java:164)
	at com.kms.katalon.core.main.TestSuiteExecutor.execute(TestSuiteExecutor.java:105)
	at com.kms.katalon.core.main.TestCaseMain.startTestSuite(TestCaseMain.java:185)
	at com.kms.katalon.core.main.TestCaseMain$startTestSuite$0.call(Unknown Source)
	at TempTestSuite1645768439158.run(TempTestSuite1645768439158.groovy:36)
Caused by: com.kms.katalon.core.webui.exception.WebElementNotFoundException: Web element with id: 'Object Repository/Avangard New/Object (Доктор)/Case (Питание)/input_task' located by '//div[@id='root']/div/div/div[2]/div/div[3]/div/div[2]/div/div/div[2]/div/div/div[2]/div[3]/div/div/div/div/div/input' not found
	at com.kms.katalon.core.webui.common.WebUiCommonHelper.findWebElement(WebUiCommonHelper.java:1370)
	at com.kms.katalon.core.webui.keyword.internal.WebUIAbstractKeyword.findWebElement(WebUIAbstractKeyword.groovy:27)
	at com.kms.katalon.core.webui.keyword.internal.WebUIAbstractKeyword.findWebElement(WebUIAbstractKeyword.groovy:26)
	at com.kms.katalon.core.webui.keyword.builtin.SetTextKeyword$_setText_closure1.doCall(SetTextKeyword.groovy:51)
	at com.kms.katalon.core.webui.keyword.builtin.SetTextKeyword$_setText_closure1.call(SetTextKeyword.groovy)
	at com.kms.katalon.core.webui.keyword.internal.WebUIKeywordMain.runKeyword(WebUIKeywordMain.groovy:20)
	... 19 more]]></system-err>
   </testsuite>
   <testsuite name="Тренер" tests="7" failures="1" errors="0" time="1426.37" skipped="0" timestamp="2022-02-25 08:54:24" hostname="LENOVO - DESKTOP-KNHN0AA" id="Test Suites/Тренер">
      <properties>
         <property name="deviceName" value=""/>
         <property name="devicePlatform" value=""/>
         <property name="logFolder" value="C:\\Users\\LENOVO\\Katalon Studio\\Avangard\\Reports\\20220225_085350\\\u0422\u0440\u0435\u043D\u0435\u0440\\20220225_085401"/>
         <property name="logFiles" value="C:\\Users\\LENOVO\\Katalon Studio\\Avangard\\Reports\\20220225_085350\\\u0422\u0440\u0435\u043D\u0435\u0440\\20220225_085401\\execution0.log"/>
         <property name="attachments" value="C:\\Users\\LENOVO\\Katalon Studio\\Avangard\\Reports\\20220225_085350\\\u0422\u0440\u0435\u043D\u0435\u0440\\20220225_085401\\1645769669673.png, C:\\Users\\LENOVO\\Katalon Studio\\Avangard\\Reports\\20220225_085350\\\u0422\u0440\u0435\u043D\u0435\u0440\\20220225_085401\\1645769672469.png"/>
         <property name="hostName" value="LENOVO - DESKTOP-KNHN0AA"/>
         <property name="remoteDriverUrl" value="testcloud.katalon.com/hub"/>
         <property name="desiredCapabilities" value="{
  &quot;acceptInsecureCerts&quot;: false,
  &quot;browserName&quot;: &quot;chrome&quot;,
  &quot;browserVersion&quot;: &quot;97.0.4692.71&quot;,
  &quot;chrome&quot;: {
    &quot;chromedriverVersion&quot;: &quot;97.0.4692.71 (adefa7837d02a07a604c1e6eff0b3a09422ab88d-refs/branch-heads/4692@{#1247})&quot;,
    &quot;userDataDir&quot;: &quot;/tmp/.com.google.Chrome.ndMWq7&quot;
  },
  &quot;goog:chromeOptions&quot;: {
    &quot;debuggerAddress&quot;: &quot;localhost:33585&quot;
  },
  &quot;javascriptEnabled&quot;: true,
  &quot;networkConnectionEnabled&quot;: false,
  &quot;pageLoadStrategy&quot;: &quot;normal&quot;,
  &quot;platform&quot;: &quot;LINUX&quot;,
  &quot;platformName&quot;: &quot;LINUX&quot;,
  &quot;proxy&quot;: {
    &quot;proxyType&quot;: &quot;DIRECT&quot;,
    &quot;autodetect&quot;: false
  },
  &quot;se:cdp&quot;: &quot;ws://172.48.144.20:4444/session/1b99f10a71cf48e9b88c2e1bf61dde1c/se/cdp&quot;,
  &quot;se:cdpVersion&quot;: &quot;97.0.4692.71&quot;,
  &quot;se:vnc&quot;: &quot;ws://172.48.144.20:4444/session/1b99f10a71cf48e9b88c2e1bf61dde1c/se/vnc&quot;,
  &quot;se:vncEnabled&quot;: true,
  &quot;se:vncLocalAddress&quot;: &quot;ws://172.48.144.20:7900&quot;,
  &quot;setWindowRect&quot;: true,
  &quot;strictFileInteractability&quot;: false,
  &quot;timeouts&quot;: {
    &quot;implicit&quot;: 0,
    &quot;pageLoad&quot;: 300000,
    &quot;script&quot;: 30000
  },
  &quot;unhandledPromptBehavior&quot;: &quot;dismiss and notify&quot;,
  &quot;webauthn:extension:credBlob&quot;: true,
  &quot;webauthn:extension:largeBlob&quot;: true,
  &quot;webauthn:virtualAuthenticators&quot;: true
}"/>
         <property name="os" value="Windows 10 64bit"/>
         <property name="remoteOS" value="Linux"/>
         <property name="katalonVersion" value="8.2.5.208"/>
         <property name="browser" value="Chrome 97.0.4692.71"/>
         <property name="hostAddress" value="192.168.2.113"/>
         <property name="sessionId" value="1b99f10a71cf48e9b88c2e1bf61dde1c"/>
         <property name="seleniumVersion" value="3.141.59"/>
         <property name="proxyInformation" value="ProxyInformation { proxyOption=NO_PROXY, proxyServerType=HTTP, username=, password=********, proxyServerAddress=, proxyServerPort=0, executionList=&quot;&quot;, isApplyToDesiredCapabilities=true }"/>
         <property name="platform" value="Windows 10"/>
      </properties>
      <testcase name="Test Cases/Тренер/Авторизация" time="167.009" classname="Test Cases/Тренер/Авторизация" status="PASSED">
         <system-out><![CDATA[2022-02-25 08:54:26 - [TEST_CASE][PASSED] - Test Cases/Тренер/Авторизация: Test Cases/Тренер/Авторизация

2022-02-25 08:54:29 - [TEST_STEP][PASSED] - openBrowser(""): Browser is opened with url: ''

2022-02-25 08:54:33 - [MESSAGE][INFO] - User set preference: ['os', 'linux']

2022-02-25 08:54:33 - [MESSAGE][INFO] - User set preference: ['browserName', 'chrome']

2022-02-25 08:54:33 - [MESSAGE][INFO] - User set preference: ['browserVersion', '97']

2022-02-25 08:54:33 - [MESSAGE][INFO] - User set preference: ['katalon:option', '{organizationId=564672, tunnelId=, usingTunnel=false}']

2022-02-25 08:54:33 - [MESSAGE][INFO] - Connecting to remote web server 'testcloud.katalon.com/hub' with type 'Selenium'

2022-02-25 08:54:36 - [MESSAGE][INFO] - Action delay is set to 100 milliseconds

2022-02-25 08:56:52 - [MESSAGE][PASSED] - Browser is opened with url: ''

2022-02-25 08:56:52 - [TEST_STEP][PASSED] - maximizeWindow(): Current window maximized

2022-02-25 08:56:53 - [MESSAGE][PASSED] - Current window maximized

2022-02-25 08:56:53 - [TEST_STEP][PASSED] - navigateToUrl(url): Navigate to 'https://stars-stage.hawk.ru:8080' successfully

2022-02-25 08:57:02 - [MESSAGE][PASSED] - Navigate to 'https://stars-stage.hawk.ru:8080' successfully

2022-02-25 08:57:02 - [TEST_STEP][PASSED] - setText(findTestObject("Object Repository/manager/Page_/input__sc-lnrBVv eqPACj"), coach_login): Text 'ageev.da@hc-avangard.com' is set on object 'Object Repository/manager/Page_/input__sc-lnrBVv eqPACj'

2022-02-25 08:57:07 - [MESSAGE][PASSED] - Text 'ageev.da@hc-avangard.com' is set on object 'Object Repository/manager/Page_/input__sc-lnrBVv eqPACj'

2022-02-25 08:57:07 - [TEST_STEP][PASSED] - setText(findTestObject("Object Repository/manager/Page_/input__sc-lnrBVv eqPACj_1"), coach_password): Text 'zz4waxq6' is set on object 'Object Repository/manager/Page_/input__sc-lnrBVv eqPACj_1'

2022-02-25 08:57:11 - [MESSAGE][PASSED] - Text 'zz4waxq6' is set on object 'Object Repository/manager/Page_/input__sc-lnrBVv eqPACj_1'

2022-02-25 08:57:11 - [TEST_STEP][PASSED] - click(findTestObject("manager/Page_/go")): Object: 'Object Repository/manager/Page_/go' is clicked on

2022-02-25 08:57:13 - [MESSAGE][PASSED] - Object: 'Object Repository/manager/Page_/go' is clicked on]]></system-out>
         <system-err><![CDATA[]]></system-err>
      </testcase>
      <testcase name="Test Cases/Тренер/Составы" time="520.838" classname="Test Cases/Тренер/Составы" status="PASSED">
         <system-out><![CDATA[2022-02-25 08:57:13 - [TEST_CASE][PASSED] - Test Cases/Тренер/Составы: Test Cases/Тренер/Составы

2022-02-25 08:57:14 - [TEST_STEP][PASSED] - callTestCase(findTestCase("Тренер/Авторизация"), [:], STOP_ON_FAILURE): Call Test Case 'Test Cases/Тренер/Авторизация' successfully

2022-02-25 08:57:14 - [TEST_CASE][PASSED] - Test Cases/Тренер/Авторизация: Test Cases/Тренер/Авторизация

2022-02-25 08:57:14 - [TEST_STEP][PASSED] - openBrowser(""): Browser is opened with url: ''

2022-02-25 08:57:14 - [MESSAGE][WARNING] - A browser is already opened. Closing browser and opening a new one

2022-02-25 08:57:15 - [MESSAGE][INFO] - User set preference: ['os', 'linux']

2022-02-25 08:57:15 - [MESSAGE][INFO] - User set preference: ['browserName', 'chrome']

2022-02-25 08:57:15 - [MESSAGE][INFO] - User set preference: ['browserVersion', '97']

2022-02-25 08:57:15 - [MESSAGE][INFO] - User set preference: ['katalon:option', '{organizationId=564672, tunnelId=, usingTunnel=false}']

2022-02-25 08:57:15 - [MESSAGE][INFO] - Connecting to remote web server 'testcloud.katalon.com/hub' with type 'Selenium'

2022-02-25 08:57:15 - [MESSAGE][INFO] - Action delay is set to 100 milliseconds

2022-02-25 08:59:36 - [MESSAGE][PASSED] - Browser is opened with url: ''

2022-02-25 08:59:36 - [TEST_STEP][PASSED] - maximizeWindow(): Current window maximized

2022-02-25 08:59:37 - [MESSAGE][PASSED] - Current window maximized

2022-02-25 08:59:37 - [TEST_STEP][PASSED] - navigateToUrl(url): Navigate to 'https://stars-stage.hawk.ru:8080' successfully

2022-02-25 08:59:43 - [MESSAGE][PASSED] - Navigate to 'https://stars-stage.hawk.ru:8080' successfully

2022-02-25 08:59:43 - [TEST_STEP][PASSED] - setText(findTestObject("Object Repository/manager/Page_/input__sc-lnrBVv eqPACj"), coach_login): Text 'ageev.da@hc-avangard.com' is set on object 'Object Repository/manager/Page_/input__sc-lnrBVv eqPACj'

2022-02-25 08:59:47 - [MESSAGE][PASSED] - Text 'ageev.da@hc-avangard.com' is set on object 'Object Repository/manager/Page_/input__sc-lnrBVv eqPACj'

2022-02-25 08:59:47 - [TEST_STEP][PASSED] - setText(findTestObject("Object Repository/manager/Page_/input__sc-lnrBVv eqPACj_1"), coach_password): Text 'zz4waxq6' is set on object 'Object Repository/manager/Page_/input__sc-lnrBVv eqPACj_1'

2022-02-25 08:59:51 - [MESSAGE][PASSED] - Text 'zz4waxq6' is set on object 'Object Repository/manager/Page_/input__sc-lnrBVv eqPACj_1'

2022-02-25 08:59:51 - [TEST_STEP][PASSED] - click(findTestObject("manager/Page_/go")): Object: 'Object Repository/manager/Page_/go' is clicked on

2022-02-25 08:59:53 - [MESSAGE][PASSED] - Object: 'Object Repository/manager/Page_/go' is clicked on

2022-02-25 08:59:53 - [MESSAGE][PASSED] - Call Test Case 'Test Cases/Тренер/Авторизация' successfully

2022-02-25 08:59:53 - [TEST_STEP][PASSED] - click(findTestObject("Avangard New/Object (Тренер)/Case (Составы)/lines")): Object: 'Object Repository/Avangard New/Object (Тренер)/Case (Составы)/lines' is clicked on

2022-02-25 09:00:06 - [MESSAGE][PASSED] - Object: 'Object Repository/Avangard New/Object (Тренер)/Case (Составы)/lines' is clicked on

2022-02-25 09:00:06 - [TEST_STEP][PASSED] - click(findTestObject("Avangard New/Object (Тренер)/Case (Составы)/clear")): Object: 'Object Repository/Avangard New/Object (Тренер)/Case (Составы)/clear' is clicked on

2022-02-25 09:00:12 - [MESSAGE][PASSED] - Object: 'Object Repository/Avangard New/Object (Тренер)/Case (Составы)/clear' is clicked on

2022-02-25 09:00:12 - [TEST_STEP][PASSED] - click(findTestObject("Avangard New/Object (Тренер)/Case (Составы)/button_yes")): Object: 'Object Repository/Avangard New/Object (Тренер)/Case (Составы)/button_yes' is clicked on

2022-02-25 09:00:14 - [MESSAGE][PASSED] - Object: 'Object Repository/Avangard New/Object (Тренер)/Case (Составы)/button_yes' is clicked on

2022-02-25 09:00:14 - [TEST_STEP][PASSED] - click(findTestObject("Avangard New/Object (Тренер)/Case (Составы)/choice_player")): Object: 'Object Repository/Avangard New/Object (Тренер)/Case (Составы)/choice_player' is clicked on

2022-02-25 09:00:17 - [MESSAGE][PASSED] - Object: 'Object Repository/Avangard New/Object (Тренер)/Case (Составы)/choice_player' is clicked on

2022-02-25 09:00:17 - [TEST_STEP][PASSED] - scrollToElement(findTestObject("Avangard New/Object (Тренер)/Case (Составы)/line_position"), 0): Scroll to object 'Object Repository/Avangard New/Object (Тренер)/Case (Составы)/line_position' successfully

2022-02-25 09:00:17 - [MESSAGE][WARNING] - Timeout '0' is invalid. Using default page load timeout: '30'

2022-02-25 09:00:18 - [MESSAGE][PASSED] - Scroll to object 'Object Repository/Avangard New/Object (Тренер)/Case (Составы)/line_position' successfully

2022-02-25 09:00:18 - [TEST_STEP][PASSED] - click(findTestObject("Avangard New/Object (Тренер)/Case (Составы)/line_position")): Object: 'Object Repository/Avangard New/Object (Тренер)/Case (Составы)/line_position' is clicked on

2022-02-25 09:00:21 - [MESSAGE][PASSED] - Object: 'Object Repository/Avangard New/Object (Тренер)/Case (Составы)/line_position' is clicked on

2022-02-25 09:00:21 - [TEST_STEP][PASSED] - click(findTestObject("Avangard New/Object (Тренер)/Case (Составы)/player 1")): Object: 'Object Repository/Avangard New/Object (Тренер)/Case (Составы)/player 1' is clicked on

2022-02-25 09:00:23 - [MESSAGE][PASSED] - Object: 'Object Repository/Avangard New/Object (Тренер)/Case (Составы)/player 1' is clicked on

2022-02-25 09:00:23 - [TEST_STEP][PASSED] - click(findTestObject("Avangard New/Object (Тренер)/Case (Составы)/pos2")): Object: 'Object Repository/Avangard New/Object (Тренер)/Case (Составы)/pos2' is clicked on

2022-02-25 09:00:25 - [MESSAGE][PASSED] - Object: 'Object Repository/Avangard New/Object (Тренер)/Case (Составы)/pos2' is clicked on

2022-02-25 09:00:25 - [TEST_STEP][PASSED] - scrollToElement(findTestObject("Avangard New/Object (Тренер)/Case (Составы)/player3"), 0): Scroll to object 'Object Repository/Avangard New/Object (Тренер)/Case (Составы)/player3' successfully

2022-02-25 09:00:26 - [MESSAGE][WARNING] - Timeout '0' is invalid. Using default page load timeout: '30'

2022-02-25 09:00:31 - [MESSAGE][PASSED] - Scroll to object 'Object Repository/Avangard New/Object (Тренер)/Case (Составы)/player3' successfully

2022-02-25 09:00:31 - [TEST_STEP][PASSED] - click(findTestObject("Avangard New/Object (Тренер)/Case (Составы)/player3")): Object: 'Object Repository/Avangard New/Object (Тренер)/Case (Составы)/player3' is clicked on

2022-02-25 09:00:33 - [MESSAGE][PASSED] - Object: 'Object Repository/Avangard New/Object (Тренер)/Case (Составы)/player3' is clicked on

2022-02-25 09:00:33 - [TEST_STEP][PASSED] - click(findTestObject("Avangard New/Object (Тренер)/Case (Составы)/po3")): Object: 'Object Repository/Avangard New/Object (Тренер)/Case (Составы)/po3' is clicked on

2022-02-25 09:00:35 - [MESSAGE][PASSED] - Object: 'Object Repository/Avangard New/Object (Тренер)/Case (Составы)/po3' is clicked on

2022-02-25 09:00:35 - [TEST_STEP][PASSED] - scrollToElement(findTestObject("Avangard New/Object (Тренер)/Case (Составы)/player4"), 0): Scroll to object 'Object Repository/Avangard New/Object (Тренер)/Case (Составы)/player4' successfully

2022-02-25 09:00:35 - [MESSAGE][WARNING] - Timeout '0' is invalid. Using default page load timeout: '30'

2022-02-25 09:00:37 - [MESSAGE][PASSED] - Scroll to object 'Object Repository/Avangard New/Object (Тренер)/Case (Составы)/player4' successfully

2022-02-25 09:00:37 - [TEST_STEP][PASSED] - click(findTestObject("Avangard New/Object (Тренер)/Case (Составы)/player4")): Object: 'Object Repository/Avangard New/Object (Тренер)/Case (Составы)/player4' is clicked on

2022-02-25 09:00:40 - [MESSAGE][PASSED] - Object: 'Object Repository/Avangard New/Object (Тренер)/Case (Составы)/player4' is clicked on

2022-02-25 09:00:40 - [TEST_STEP][PASSED] - click(findTestObject("Avangard New/Object (Тренер)/Case (Составы)/pos4")): Object: 'Object Repository/Avangard New/Object (Тренер)/Case (Составы)/pos4' is clicked on

2022-02-25 09:00:42 - [MESSAGE][PASSED] - Object: 'Object Repository/Avangard New/Object (Тренер)/Case (Составы)/pos4' is clicked on

2022-02-25 09:00:42 - [TEST_STEP][PASSED] - scrollToElement(findTestObject("Avangard New/Object (Тренер)/Case (Составы)/player5"), 0): Scroll to object 'Object Repository/Avangard New/Object (Тренер)/Case (Составы)/player5' successfully

2022-02-25 09:00:42 - [MESSAGE][WARNING] - Timeout '0' is invalid. Using default page load timeout: '30'

2022-02-25 09:00:44 - [MESSAGE][PASSED] - Scroll to object 'Object Repository/Avangard New/Object (Тренер)/Case (Составы)/player5' successfully

2022-02-25 09:00:44 - [TEST_STEP][PASSED] - click(findTestObject("Avangard New/Object (Тренер)/Case (Составы)/player5")): Object: 'Object Repository/Avangard New/Object (Тренер)/Case (Составы)/player5' is clicked on

2022-02-25 09:00:46 - [MESSAGE][PASSED] - Object: 'Object Repository/Avangard New/Object (Тренер)/Case (Составы)/player5' is clicked on

2022-02-25 09:00:46 - [TEST_STEP][PASSED] - verifyTextPresent("Игрок недоступен для выбора", false): Text 'Игрок недоступен для выбора' is present on page 

2022-02-25 09:00:48 - [MESSAGE][PASSED] - Text 'Игрок недоступен для выбора' is present on page 

2022-02-25 09:00:48 - [TEST_STEP][PASSED] - click(findTestObject("Avangard New/Object (Тренер)/Case (Составы)/button_save")): Object: 'Object Repository/Avangard New/Object (Тренер)/Case (Составы)/button_save' is clicked on

2022-02-25 09:00:50 - [MESSAGE][PASSED] - Object: 'Object Repository/Avangard New/Object (Тренер)/Case (Составы)/button_save' is clicked on

2022-02-25 09:00:50 - [TEST_STEP][PASSED] - verifyTextPresent("Изменения в составе сохранены", false): Text 'Изменения в составе сохранены' is present on page 

2022-02-25 09:00:55 - [MESSAGE][PASSED] - Text 'Изменения в составе сохранены' is present on page 

2022-02-25 09:00:55 - [TEST_STEP][PASSED] - callTestCase(findTestCase("Тренер/Cоставы у игрока"), [:], STOP_ON_FAILURE): Call Test Case 'Test Cases/Тренер/Cоставы у игрока' successfully

2022-02-25 09:00:55 - [TEST_CASE][PASSED] - Test Cases/Тренер/Cоставы у игрока: Test Cases/Тренер/Cоставы у игрока

2022-02-25 09:00:56 - [TEST_STEP][PASSED] - callTestCase(findTestCase("Игрок/Авторизация"), [:], STOP_ON_FAILURE): Call Test Case 'Test Cases/Игрок/Авторизация' successfully

2022-02-25 09:00:56 - [TEST_CASE][PASSED] - Test Cases/Игрок/Авторизация: Test Cases/Игрок/Авторизация

2022-02-25 09:00:57 - [TEST_STEP][PASSED] - openBrowser(""): Browser is opened with url: ''

2022-02-25 09:00:57 - [MESSAGE][WARNING] - A browser is already opened. Closing browser and opening a new one

2022-02-25 09:00:57 - [MESSAGE][INFO] - User set preference: ['os', 'linux']

2022-02-25 09:00:57 - [MESSAGE][INFO] - User set preference: ['browserName', 'chrome']

2022-02-25 09:00:57 - [MESSAGE][INFO] - User set preference: ['browserVersion', '97']

2022-02-25 09:00:57 - [MESSAGE][INFO] - User set preference: ['katalon:option', '{organizationId=564672, tunnelId=, usingTunnel=false}']

2022-02-25 09:00:57 - [MESSAGE][INFO] - Connecting to remote web server 'testcloud.katalon.com/hub' with type 'Selenium'

2022-02-25 09:00:57 - [MESSAGE][INFO] - Action delay is set to 100 milliseconds

2022-02-25 09:02:23 - [MESSAGE][PASSED] - Browser is opened with url: ''

2022-02-25 09:02:23 - [TEST_STEP][PASSED] - maximizeWindow(): Current window maximized

2022-02-25 09:02:24 - [MESSAGE][PASSED] - Current window maximized

2022-02-25 09:02:24 - [TEST_STEP][PASSED] - navigateToUrl(url): Navigate to 'https://stars-stage.hawk.ru:8080' successfully

2022-02-25 09:02:32 - [MESSAGE][PASSED] - Navigate to 'https://stars-stage.hawk.ru:8080' successfully

2022-02-25 09:02:32 - [TEST_STEP][PASSED] - setText(findTestObject("Object Repository/manager/Page_/input__sc-lnrBVv eqPACj"), player_login): Text 'danilaganin7218@icloud.com' is set on object 'Object Repository/manager/Page_/input__sc-lnrBVv eqPACj'

2022-02-25 09:02:36 - [MESSAGE][PASSED] - Text 'danilaganin7218@icloud.com' is set on object 'Object Repository/manager/Page_/input__sc-lnrBVv eqPACj'

2022-02-25 09:02:36 - [TEST_STEP][PASSED] - setText(findTestObject("Object Repository/manager/Page_/input__sc-lnrBVv eqPACj_1"), player_password): Text 'danilaganin7218' is set on object 'Object Repository/manager/Page_/input__sc-lnrBVv eqPACj_1'

2022-02-25 09:02:40 - [MESSAGE][PASSED] - Text 'danilaganin7218' is set on object 'Object Repository/manager/Page_/input__sc-lnrBVv eqPACj_1'

2022-02-25 09:02:40 - [TEST_STEP][PASSED] - click(findTestObject("manager/Page_/go")): Object: 'Object Repository/manager/Page_/go' is clicked on

2022-02-25 09:02:42 - [MESSAGE][PASSED] - Object: 'Object Repository/manager/Page_/go' is clicked on

2022-02-25 09:02:42 - [MESSAGE][PASSED] - Call Test Case 'Test Cases/Игрок/Авторизация' successfully

2022-02-25 09:02:42 - [TEST_STEP][PASSED] - click(findTestObject("Avangard New/Object (Тренер)/Case (Составы)/span_")): Object: 'Object Repository/Avangard New/Object (Тренер)/Case (Составы)/span_' is clicked on

2022-02-25 09:02:55 - [MESSAGE][PASSED] - Object: 'Object Repository/Avangard New/Object (Тренер)/Case (Составы)/span_' is clicked on

2022-02-25 09:02:55 - [TEST_STEP][PASSED] - verifyElementText(findTestObject("Avangard New/Object (Тренер)/Case (Составы)/ganin player"), "Ганин"): Actual text and expected text of test object 'Object Repository/Avangard New/Object (Тренер)/Case (Составы)/ganin player' are matched.

2022-02-25 09:02:58 - [MESSAGE][PASSED] - Actual text and expected text of test object 'Object Repository/Avangard New/Object (Тренер)/Case (Составы)/ganin player' are matched.

2022-02-25 09:02:58 - [TEST_STEP][PASSED] - verifyElementText(findTestObject("Avangard New/Object (Тренер)/Case (Составы)/bulavchuk player"), "Булавчук"): Actual text and expected text of test object 'Object Repository/Avangard New/Object (Тренер)/Case (Составы)/bulavchuk player' are matched.

2022-02-25 09:03:00 - [MESSAGE][PASSED] - Actual text and expected text of test object 'Object Repository/Avangard New/Object (Тренер)/Case (Составы)/bulavchuk player' are matched.

2022-02-25 09:03:00 - [TEST_STEP][PASSED] - verifyElementText(findTestObject("Avangard New/Object (Тренер)/Case (Составы)/Kocubailo  palyer"), "Коцюбайло"): Actual text and expected text of test object 'Object Repository/Avangard New/Object (Тренер)/Case (Составы)/Kocubailo  palyer' are matched.

2022-02-25 09:03:02 - [MESSAGE][PASSED] - Actual text and expected text of test object 'Object Repository/Avangard New/Object (Тренер)/Case (Составы)/Kocubailo  palyer' are matched.

2022-02-25 09:03:02 - [TEST_STEP][PASSED] - verifyElementText(findTestObject("Avangard New/Object (Тренер)/Case (Составы)/leuka palayer"), "Леука"): Actual text and expected text of test object 'Object Repository/Avangard New/Object (Тренер)/Case (Составы)/leuka palayer' are matched.

2022-02-25 09:03:03 - [MESSAGE][PASSED] - Actual text and expected text of test object 'Object Repository/Avangard New/Object (Тренер)/Case (Составы)/leuka palayer' are matched.

2022-02-25 09:03:03 - [TEST_STEP][PASSED] - click(findTestObject("Avangard New/Object (Тренер)/Case (Составы)/home palyer ganin")): Object: 'Object Repository/Avangard New/Object (Тренер)/Case (Составы)/home palyer ganin' is clicked on

2022-02-25 09:03:06 - [MESSAGE][PASSED] - Object: 'Object Repository/Avangard New/Object (Тренер)/Case (Составы)/home palyer ganin' is clicked on

2022-02-25 09:03:06 - [MESSAGE][PASSED] - Call Test Case 'Test Cases/Тренер/Cоставы у игрока' successfully

2022-02-25 09:03:06 - [TEST_STEP][PASSED] - callTestCase(findTestCase("Тренер/Авторизация"), [:], STOP_ON_FAILURE): Call Test Case 'Test Cases/Тренер/Авторизация' successfully

2022-02-25 09:03:06 - [TEST_CASE][PASSED] - Test Cases/Тренер/Авторизация: Test Cases/Тренер/Авторизация

2022-02-25 09:03:06 - [TEST_STEP][PASSED] - openBrowser(""): Browser is opened with url: ''

2022-02-25 09:03:06 - [MESSAGE][WARNING] - A browser is already opened. Closing browser and opening a new one

2022-02-25 09:03:06 - [MESSAGE][INFO] - User set preference: ['os', 'linux']

2022-02-25 09:03:06 - [MESSAGE][INFO] - User set preference: ['browserName', 'chrome']

2022-02-25 09:03:06 - [MESSAGE][INFO] - User set preference: ['browserVersion', '97']

2022-02-25 09:03:06 - [MESSAGE][INFO] - User set preference: ['katalon:option', '{organizationId=564672, tunnelId=, usingTunnel=false}']

2022-02-25 09:03:06 - [MESSAGE][INFO] - Connecting to remote web server 'testcloud.katalon.com/hub' with type 'Selenium'

2022-02-25 09:03:06 - [MESSAGE][INFO] - Action delay is set to 100 milliseconds

2022-02-25 09:04:23 - [MESSAGE][PASSED] - Browser is opened with url: ''

2022-02-25 09:04:23 - [TEST_STEP][PASSED] - maximizeWindow(): Current window maximized

2022-02-25 09:04:23 - [MESSAGE][PASSED] - Current window maximized

2022-02-25 09:04:23 - [TEST_STEP][PASSED] - navigateToUrl(url): Navigate to 'https://stars-stage.hawk.ru:8080' successfully

2022-02-25 09:04:29 - [MESSAGE][PASSED] - Navigate to 'https://stars-stage.hawk.ru:8080' successfully

2022-02-25 09:04:29 - [TEST_STEP][PASSED] - setText(findTestObject("Object Repository/manager/Page_/input__sc-lnrBVv eqPACj"), coach_login): Text 'ageev.da@hc-avangard.com' is set on object 'Object Repository/manager/Page_/input__sc-lnrBVv eqPACj'

2022-02-25 09:04:33 - [MESSAGE][PASSED] - Text 'ageev.da@hc-avangard.com' is set on object 'Object Repository/manager/Page_/input__sc-lnrBVv eqPACj'

2022-02-25 09:04:33 - [TEST_STEP][PASSED] - setText(findTestObject("Object Repository/manager/Page_/input__sc-lnrBVv eqPACj_1"), coach_password): Text 'zz4waxq6' is set on object 'Object Repository/manager/Page_/input__sc-lnrBVv eqPACj_1'

2022-02-25 09:04:37 - [MESSAGE][PASSED] - Text 'zz4waxq6' is set on object 'Object Repository/manager/Page_/input__sc-lnrBVv eqPACj_1'

2022-02-25 09:04:37 - [TEST_STEP][PASSED] - click(findTestObject("manager/Page_/go")): Object: 'Object Repository/manager/Page_/go' is clicked on

2022-02-25 09:04:39 - [MESSAGE][PASSED] - Object: 'Object Repository/manager/Page_/go' is clicked on

2022-02-25 09:04:39 - [MESSAGE][PASSED] - Call Test Case 'Test Cases/Тренер/Авторизация' successfully

2022-02-25 09:04:39 - [TEST_STEP][PASSED] - click(findTestObject("Avangard New/Object (Тренер)/Case (Составы)/lines")): Object: 'Object Repository/Avangard New/Object (Тренер)/Case (Составы)/lines' is clicked on

2022-02-25 09:04:53 - [MESSAGE][PASSED] - Object: 'Object Repository/Avangard New/Object (Тренер)/Case (Составы)/lines' is clicked on

2022-02-25 09:04:53 - [TEST_STEP][PASSED] - click(findTestObject("Avangard New/Object (Тренер)/Case (Составы)/clear")): Object: 'Object Repository/Avangard New/Object (Тренер)/Case (Составы)/clear' is clicked on

2022-02-25 09:04:59 - [MESSAGE][PASSED] - Object: 'Object Repository/Avangard New/Object (Тренер)/Case (Составы)/clear' is clicked on

2022-02-25 09:04:59 - [TEST_STEP][PASSED] - click(findTestObject("Avangard New/Object (Тренер)/Case (Составы)/button_yes")): Object: 'Object Repository/Avangard New/Object (Тренер)/Case (Составы)/button_yes' is clicked on

2022-02-25 09:05:01 - [MESSAGE][PASSED] - Object: 'Object Repository/Avangard New/Object (Тренер)/Case (Составы)/button_yes' is clicked on

2022-02-25 09:05:01 - [TEST_STEP][PASSED] - click(findTestObject("Avangard New/Object (Тренер)/Case (Составы)/button_save")): Object: 'Object Repository/Avangard New/Object (Тренер)/Case (Составы)/button_save' is clicked on

2022-02-25 09:05:03 - [MESSAGE][PASSED] - Object: 'Object Repository/Avangard New/Object (Тренер)/Case (Составы)/button_save' is clicked on

2022-02-25 09:05:03 - [TEST_STEP][PASSED] - verifyTextPresent("Ошибка при загрузке: Состав не может быть пустым", false): Text 'Ошибка при загрузке: Состав не может быть пустым' is present on page 

2022-02-25 09:05:07 - [MESSAGE][PASSED] - Text 'Ошибка при загрузке: Состав не может быть пустым' is present on page 

2022-02-25 09:05:07 - [TEST_STEP][PASSED] - scrollToElement(findTestObject("Avangard New/Object (Тренер)/Case (Составы)/exit profile"), 0): Scroll to object 'Object Repository/Avangard New/Object (Тренер)/Case (Составы)/exit profile' successfully

2022-02-25 09:05:07 - [MESSAGE][WARNING] - Timeout '0' is invalid. Using default page load timeout: '30'

2022-02-25 09:05:09 - [MESSAGE][PASSED] - Scroll to object 'Object Repository/Avangard New/Object (Тренер)/Case (Составы)/exit profile' successfully

2022-02-25 09:05:09 - [TEST_STEP][PASSED] - click(findTestObject("Avangard New/Object (Тренер)/Case (Составы)/exit profile")): Object: 'Object Repository/Avangard New/Object (Тренер)/Case (Составы)/exit profile' is clicked on

2022-02-25 09:05:11 - [MESSAGE][PASSED] - Object: 'Object Repository/Avangard New/Object (Тренер)/Case (Составы)/exit profile' is clicked on

2022-02-25 09:05:11 - [TEST_STEP][PASSED] - setText(findTestObject("Avangard New/Object (Тренер)/Case (Составы)/input__ui__Input-sc-1cni9v4-1 jzzeSa"), "ageev.da@hc-avangard.com"): Text 'ageev.da@hc-avangard.com' is set on object 'Object Repository/Avangard New/Object (Тренер)/Case (Составы)/input__ui__Input-sc-1cni9v4-1 jzzeSa'

2022-02-25 09:05:17 - [MESSAGE][PASSED] - Text 'ageev.da@hc-avangard.com' is set on object 'Object Repository/Avangard New/Object (Тренер)/Case (Составы)/input__ui__Input-sc-1cni9v4-1 jzzeSa'

2022-02-25 09:05:17 - [TEST_STEP][PASSED] - setEncryptedText(findTestObject("Avangard New/Object (Тренер)/Case (Составы)/input__ui__Input-sc-1cni9v4-1 jzzeSa_1"), "8SjyVsS+U6UG/NSlG18wrA=="): Text ****** has been set on object 'Object Repository/Avangard New/Object (Тренер)/Case (Составы)/input__ui__Input-sc-1cni9v4-1 jzzeSa_1'

2022-02-25 09:05:19 - [MESSAGE][PASSED] - Text ****** has been set on object 'Object Repository/Avangard New/Object (Тренер)/Case (Составы)/input__ui__Input-sc-1cni9v4-1 jzzeSa_1'

2022-02-25 09:05:19 - [TEST_STEP][PASSED] - click(findTestObject("Avangard New/Object (Тренер)/Case (Составы)/div_")): Object: 'Object Repository/Avangard New/Object (Тренер)/Case (Составы)/div_' is clicked on

2022-02-25 09:05:22 - [MESSAGE][PASSED] - Object: 'Object Repository/Avangard New/Object (Тренер)/Case (Составы)/div_' is clicked on

2022-02-25 09:05:22 - [TEST_STEP][PASSED] - click(findTestObject("Avangard New/Object (Тренер)/Case (Составы)/span_")): Object: 'Object Repository/Avangard New/Object (Тренер)/Case (Составы)/span_' is clicked on

2022-02-25 09:05:39 - [MESSAGE][PASSED] - Object: 'Object Repository/Avangard New/Object (Тренер)/Case (Составы)/span_' is clicked on

2022-02-25 09:05:39 - [TEST_STEP][PASSED] - click(findTestObject("Avangard New/Object (Тренер)/Case (Составы)/button_")): Object: 'Object Repository/Avangard New/Object (Тренер)/Case (Составы)/button_' is clicked on

2022-02-25 09:05:48 - [MESSAGE][PASSED] - Object: 'Object Repository/Avangard New/Object (Тренер)/Case (Составы)/button_' is clicked on

2022-02-25 09:05:48 - [TEST_STEP][PASSED] - click(findTestObject("Avangard New/Object (Тренер)/Case (Составы)/button__1")): Object: 'Object Repository/Avangard New/Object (Тренер)/Case (Составы)/button__1' is clicked on

2022-02-25 09:05:50 - [MESSAGE][PASSED] - Object: 'Object Repository/Avangard New/Object (Тренер)/Case (Составы)/button__1' is clicked on

2022-02-25 09:05:50 - [TEST_STEP][PASSED] - click(findTestObject("Avangard New/Object (Тренер)/Case (Составы)/home ageev")): Object: 'Object Repository/Avangard New/Object (Тренер)/Case (Составы)/home ageev' is clicked on

2022-02-25 09:05:53 - [MESSAGE][PASSED] - Object: 'Object Repository/Avangard New/Object (Тренер)/Case (Составы)/home ageev' is clicked on

2022-02-25 09:05:53 - [TEST_STEP][PASSED] - closeBrowser(): Browser is closed

2022-02-25 09:05:54 - [MESSAGE][PASSED] - Browser is closed]]></system-out>
         <system-err><![CDATA[]]></system-err>
      </testcase>
      <testcase name="Test Cases/Тренер/Профиль Тренера" time="91.096" classname="Test Cases/Тренер/Профиль Тренера" status="PASSED">
         <system-out><![CDATA[2022-02-25 09:05:54 - [TEST_CASE][PASSED] - Test Cases/Тренер/Профиль Тренера: Test Cases/Тренер/Профиль Тренера

2022-02-25 09:05:55 - [TEST_STEP][PASSED] - callTestCase(findTestCase("Тренер/Авторизация"), [:], STOP_ON_FAILURE): Call Test Case 'Test Cases/Тренер/Авторизация' successfully

2022-02-25 09:05:55 - [TEST_CASE][PASSED] - Test Cases/Тренер/Авторизация: Test Cases/Тренер/Авторизация

2022-02-25 09:05:55 - [TEST_STEP][PASSED] - openBrowser(""): Browser is opened with url: ''

2022-02-25 09:05:55 - [MESSAGE][INFO] - User set preference: ['os', 'linux']

2022-02-25 09:05:55 - [MESSAGE][INFO] - User set preference: ['browserName', 'chrome']

2022-02-25 09:05:55 - [MESSAGE][INFO] - User set preference: ['browserVersion', '97']

2022-02-25 09:05:55 - [MESSAGE][INFO] - User set preference: ['katalon:option', '{organizationId=564672, tunnelId=, usingTunnel=false}']

2022-02-25 09:05:55 - [MESSAGE][INFO] - Connecting to remote web server 'testcloud.katalon.com/hub' with type 'Selenium'

2022-02-25 09:05:55 - [MESSAGE][INFO] - Action delay is set to 100 milliseconds

2022-02-25 09:06:38 - [MESSAGE][PASSED] - Browser is opened with url: ''

2022-02-25 09:06:38 - [TEST_STEP][PASSED] - maximizeWindow(): Current window maximized

2022-02-25 09:06:39 - [MESSAGE][PASSED] - Current window maximized

2022-02-25 09:06:39 - [TEST_STEP][PASSED] - navigateToUrl(url): Navigate to 'https://stars-stage.hawk.ru:8080' successfully

2022-02-25 09:06:45 - [MESSAGE][PASSED] - Navigate to 'https://stars-stage.hawk.ru:8080' successfully

2022-02-25 09:06:45 - [TEST_STEP][PASSED] - setText(findTestObject("Object Repository/manager/Page_/input__sc-lnrBVv eqPACj"), coach_login): Text 'ageev.da@hc-avangard.com' is set on object 'Object Repository/manager/Page_/input__sc-lnrBVv eqPACj'

2022-02-25 09:06:50 - [MESSAGE][PASSED] - Text 'ageev.da@hc-avangard.com' is set on object 'Object Repository/manager/Page_/input__sc-lnrBVv eqPACj'

2022-02-25 09:06:50 - [TEST_STEP][PASSED] - setText(findTestObject("Object Repository/manager/Page_/input__sc-lnrBVv eqPACj_1"), coach_password): Text 'zz4waxq6' is set on object 'Object Repository/manager/Page_/input__sc-lnrBVv eqPACj_1'

2022-02-25 09:06:54 - [MESSAGE][PASSED] - Text 'zz4waxq6' is set on object 'Object Repository/manager/Page_/input__sc-lnrBVv eqPACj_1'

2022-02-25 09:06:54 - [TEST_STEP][PASSED] - click(findTestObject("manager/Page_/go")): Object: 'Object Repository/manager/Page_/go' is clicked on

2022-02-25 09:06:56 - [MESSAGE][PASSED] - Object: 'Object Repository/manager/Page_/go' is clicked on

2022-02-25 09:06:56 - [MESSAGE][PASSED] - Call Test Case 'Test Cases/Тренер/Авторизация' successfully

2022-02-25 09:06:56 - [TEST_STEP][PASSED] - click(findTestObject("Object Repository/ТРЕНЕР/reports/IMT/Page_/Page_/div_ (1)")): Object: 'Object Repository/ТРЕНЕР/reports/IMT/Page_/Page_/div_ (1)' is clicked on

2022-02-25 09:07:16 - [MESSAGE][PASSED] - Object: 'Object Repository/ТРЕНЕР/reports/IMT/Page_/Page_/div_ (1)' is clicked on

2022-02-25 09:07:16 - [TEST_STEP][PASSED] - click(findTestObject("Object Repository/ТРЕНЕР/reports/IMT/Page_/Page_/save")): Object: 'Object Repository/ТРЕНЕР/reports/IMT/Page_/Page_/save' is clicked on

2022-02-25 09:07:18 - [MESSAGE][PASSED] - Object: 'Object Repository/ТРЕНЕР/reports/IMT/Page_/Page_/save' is clicked on

2022-02-25 09:07:18 - [TEST_STEP][PASSED] - verifyTextPresent("Пользователь сохранен", false): Text 'Пользователь сохранен' is present on page 

2022-02-25 09:07:22 - [MESSAGE][PASSED] - Text 'Пользователь сохранен' is present on page 

2022-02-25 09:07:22 - [TEST_STEP][PASSED] - click(findTestObject("Object Repository/ТРЕНЕР/reports/IMT/Page_/Page_/root")): Object: 'Object Repository/ТРЕНЕР/reports/IMT/Page_/Page_/root' is clicked on

2022-02-25 09:07:24 - [MESSAGE][PASSED] - Object: 'Object Repository/ТРЕНЕР/reports/IMT/Page_/Page_/root' is clicked on

2022-02-25 09:07:24 - [TEST_STEP][PASSED] - closeBrowser(): Browser is closed

2022-02-25 09:07:25 - [MESSAGE][PASSED] - Browser is closed]]></system-out>
         <system-err><![CDATA[]]></system-err>
      </testcase>
      <testcase name="Test Cases/Тренер/Статистика" time="87.702" classname="Test Cases/Тренер/Статистика" status="PASSED">
         <system-out><![CDATA[2022-02-25 09:07:25 - [TEST_CASE][PASSED] - Test Cases/Тренер/Статистика: Test Cases/Тренер/Статистика

2022-02-25 09:07:26 - [TEST_STEP][PASSED] - callTestCase(findTestCase("Тренер/Авторизация"), [:], STOP_ON_FAILURE): Call Test Case 'Test Cases/Тренер/Авторизация' successfully

2022-02-25 09:07:26 - [TEST_CASE][PASSED] - Test Cases/Тренер/Авторизация: Test Cases/Тренер/Авторизация

2022-02-25 09:07:26 - [TEST_STEP][PASSED] - openBrowser(""): Browser is opened with url: ''

2022-02-25 09:07:26 - [MESSAGE][INFO] - User set preference: ['os', 'linux']

2022-02-25 09:07:26 - [MESSAGE][INFO] - User set preference: ['browserName', 'chrome']

2022-02-25 09:07:26 - [MESSAGE][INFO] - User set preference: ['browserVersion', '97']

2022-02-25 09:07:26 - [MESSAGE][INFO] - User set preference: ['katalon:option', '{organizationId=564672, tunnelId=, usingTunnel=false}']

2022-02-25 09:07:26 - [MESSAGE][INFO] - Connecting to remote web server 'testcloud.katalon.com/hub' with type 'Selenium'

2022-02-25 09:07:26 - [MESSAGE][INFO] - Action delay is set to 100 milliseconds

2022-02-25 09:07:59 - [MESSAGE][PASSED] - Browser is opened with url: ''

2022-02-25 09:07:59 - [TEST_STEP][PASSED] - maximizeWindow(): Current window maximized

2022-02-25 09:08:00 - [MESSAGE][PASSED] - Current window maximized

2022-02-25 09:08:00 - [TEST_STEP][PASSED] - navigateToUrl(url): Navigate to 'https://stars-stage.hawk.ru:8080' successfully

2022-02-25 09:08:07 - [MESSAGE][PASSED] - Navigate to 'https://stars-stage.hawk.ru:8080' successfully

2022-02-25 09:08:07 - [TEST_STEP][PASSED] - setText(findTestObject("Object Repository/manager/Page_/input__sc-lnrBVv eqPACj"), coach_login): Text 'ageev.da@hc-avangard.com' is set on object 'Object Repository/manager/Page_/input__sc-lnrBVv eqPACj'

2022-02-25 09:08:11 - [MESSAGE][PASSED] - Text 'ageev.da@hc-avangard.com' is set on object 'Object Repository/manager/Page_/input__sc-lnrBVv eqPACj'

2022-02-25 09:08:11 - [TEST_STEP][PASSED] - setText(findTestObject("Object Repository/manager/Page_/input__sc-lnrBVv eqPACj_1"), coach_password): Text 'zz4waxq6' is set on object 'Object Repository/manager/Page_/input__sc-lnrBVv eqPACj_1'

2022-02-25 09:08:15 - [MESSAGE][PASSED] - Text 'zz4waxq6' is set on object 'Object Repository/manager/Page_/input__sc-lnrBVv eqPACj_1'

2022-02-25 09:08:15 - [TEST_STEP][PASSED] - click(findTestObject("manager/Page_/go")): Object: 'Object Repository/manager/Page_/go' is clicked on

2022-02-25 09:08:17 - [MESSAGE][PASSED] - Object: 'Object Repository/manager/Page_/go' is clicked on

2022-02-25 09:08:17 - [MESSAGE][PASSED] - Call Test Case 'Test Cases/Тренер/Авторизация' successfully

2022-02-25 09:08:17 - [TEST_STEP][PASSED] - click(findTestObject("Object Repository/Avangard New/Object (Тренер)/Case (Статистика)/report")): Object: 'Object Repository/Avangard New/Object (Тренер)/Case (Статистика)/report' is clicked on

2022-02-25 09:08:38 - [MESSAGE][PASSED] - Object: 'Object Repository/Avangard New/Object (Тренер)/Case (Статистика)/report' is clicked on

2022-02-25 09:08:38 - [TEST_STEP][PASSED] - click(findTestObject("Object Repository/Avangard New/Object (Тренер)/Case (Статистика)/statsreport")): Object: 'Object Repository/Avangard New/Object (Тренер)/Case (Статистика)/statsreport' is clicked on

2022-02-25 09:08:40 - [MESSAGE][PASSED] - Object: 'Object Repository/Avangard New/Object (Тренер)/Case (Статистика)/statsreport' is clicked on

2022-02-25 09:08:40 - [TEST_STEP][PASSED] - click(findTestObject("Object Repository/Avangard New/Object (Тренер)/Case (Статистика)/team")): Object: 'Object Repository/Avangard New/Object (Тренер)/Case (Статистика)/team' is clicked on

2022-02-25 09:08:42 - [MESSAGE][PASSED] - Object: 'Object Repository/Avangard New/Object (Тренер)/Case (Статистика)/team' is clicked on

2022-02-25 09:08:42 - [TEST_STEP][PASSED] - click(findTestObject("Object Repository/Avangard New/Object (Тренер)/Case (Статистика)/oms")): Object: 'Object Repository/Avangard New/Object (Тренер)/Case (Статистика)/oms' is clicked on

2022-02-25 09:08:44 - [MESSAGE][PASSED] - Object: 'Object Repository/Avangard New/Object (Тренер)/Case (Статистика)/oms' is clicked on

2022-02-25 09:08:44 - [TEST_STEP][PASSED] - verifyElementText(findTestObject("Avangard New/Object (Тренер)/Case (Статистика)/rank"), "Ранг"): Actual text and expected text of test object 'Object Repository/Avangard New/Object (Тренер)/Case (Статистика)/rank' are matched.

2022-02-25 09:08:48 - [MESSAGE][PASSED] - Actual text and expected text of test object 'Object Repository/Avangard New/Object (Тренер)/Case (Статистика)/rank' are matched.

2022-02-25 09:08:48 - [TEST_STEP][PASSED] - verifyElementText(findTestObject("Avangard New/Object (Тренер)/Case (Статистика)/match"), "Матчи"): Actual text and expected text of test object 'Object Repository/Avangard New/Object (Тренер)/Case (Статистика)/match' are matched.

2022-02-25 09:08:50 - [MESSAGE][PASSED] - Actual text and expected text of test object 'Object Repository/Avangard New/Object (Тренер)/Case (Статистика)/match' are matched.

2022-02-25 09:08:50 - [TEST_STEP][PASSED] - verifyElementText(findTestObject("Avangard New/Object (Тренер)/Case (Статистика)/game time"), "Игр. время"): Actual text and expected text of test object 'Object Repository/Avangard New/Object (Тренер)/Case (Статистика)/game time' are matched.

2022-02-25 09:08:52 - [MESSAGE][PASSED] - Actual text and expected text of test object 'Object Repository/Avangard New/Object (Тренер)/Case (Статистика)/game time' are matched.

2022-02-25 09:08:52 - [TEST_STEP][PASSED] - closeBrowser(): Browser is closed

2022-02-25 09:08:53 - [MESSAGE][PASSED] - Browser is closed]]></system-out>
         <system-err><![CDATA[]]></system-err>
      </testcase>
      <testcase name="Test Cases/Тренер/Оценка навыков" time="186.482" classname="Test Cases/Тренер/Оценка навыков" status="PASSED">
         <system-out><![CDATA[2022-02-25 09:08:53 - [TEST_CASE][PASSED] - Test Cases/Тренер/Оценка навыков: Test Cases/Тренер/Оценка навыков

2022-02-25 09:08:54 - [TEST_STEP][PASSED] - callTestCase(findTestCase("Тренер/Авторизация"), [:], STOP_ON_FAILURE): Call Test Case 'Test Cases/Тренер/Авторизация' successfully

2022-02-25 09:08:54 - [TEST_CASE][PASSED] - Test Cases/Тренер/Авторизация: Test Cases/Тренер/Авторизация

2022-02-25 09:08:54 - [TEST_STEP][PASSED] - openBrowser(""): Browser is opened with url: ''

2022-02-25 09:08:54 - [MESSAGE][INFO] - User set preference: ['os', 'linux']

2022-02-25 09:08:54 - [MESSAGE][INFO] - User set preference: ['browserName', 'chrome']

2022-02-25 09:08:54 - [MESSAGE][INFO] - User set preference: ['browserVersion', '97']

2022-02-25 09:08:54 - [MESSAGE][INFO] - User set preference: ['katalon:option', '{organizationId=564672, tunnelId=, usingTunnel=false}']

2022-02-25 09:08:54 - [MESSAGE][INFO] - Connecting to remote web server 'testcloud.katalon.com/hub' with type 'Selenium'

2022-02-25 09:08:54 - [MESSAGE][INFO] - Action delay is set to 100 milliseconds

2022-02-25 09:09:39 - [MESSAGE][PASSED] - Browser is opened with url: ''

2022-02-25 09:09:39 - [TEST_STEP][PASSED] - maximizeWindow(): Current window maximized

2022-02-25 09:09:39 - [MESSAGE][PASSED] - Current window maximized

2022-02-25 09:09:39 - [TEST_STEP][PASSED] - navigateToUrl(url): Navigate to 'https://stars-stage.hawk.ru:8080' successfully

2022-02-25 09:09:45 - [MESSAGE][PASSED] - Navigate to 'https://stars-stage.hawk.ru:8080' successfully

2022-02-25 09:09:45 - [TEST_STEP][PASSED] - setText(findTestObject("Object Repository/manager/Page_/input__sc-lnrBVv eqPACj"), coach_login): Text 'ageev.da@hc-avangard.com' is set on object 'Object Repository/manager/Page_/input__sc-lnrBVv eqPACj'

2022-02-25 09:09:49 - [MESSAGE][PASSED] - Text 'ageev.da@hc-avangard.com' is set on object 'Object Repository/manager/Page_/input__sc-lnrBVv eqPACj'

2022-02-25 09:09:49 - [TEST_STEP][PASSED] - setText(findTestObject("Object Repository/manager/Page_/input__sc-lnrBVv eqPACj_1"), coach_password): Text 'zz4waxq6' is set on object 'Object Repository/manager/Page_/input__sc-lnrBVv eqPACj_1'

2022-02-25 09:09:53 - [MESSAGE][PASSED] - Text 'zz4waxq6' is set on object 'Object Repository/manager/Page_/input__sc-lnrBVv eqPACj_1'

2022-02-25 09:09:53 - [TEST_STEP][PASSED] - click(findTestObject("manager/Page_/go")): Object: 'Object Repository/manager/Page_/go' is clicked on

2022-02-25 09:09:55 - [MESSAGE][PASSED] - Object: 'Object Repository/manager/Page_/go' is clicked on

2022-02-25 09:09:55 - [MESSAGE][PASSED] - Call Test Case 'Test Cases/Тренер/Авторизация' successfully

2022-02-25 09:09:55 - [TEST_STEP][PASSED] - click(findTestObject("Object Repository/Avangard New/Object (Тренер)/Case (Оценка навыков)/span_home")): Object: 'Object Repository/Avangard New/Object (Тренер)/Case (Оценка навыков)/span_home' is clicked on

2022-02-25 09:10:12 - [MESSAGE][PASSED] - Object: 'Object Repository/Avangard New/Object (Тренер)/Case (Оценка навыков)/span_home' is clicked on

2022-02-25 09:10:12 - [TEST_STEP][PASSED] - click(findTestObject("Object Repository/Avangard New/Object (Тренер)/Case (Оценка навыков)/edit home")): Object: 'Object Repository/Avangard New/Object (Тренер)/Case (Оценка навыков)/edit home' is clicked on

2022-02-25 09:10:14 - [MESSAGE][PASSED] - Object: 'Object Repository/Avangard New/Object (Тренер)/Case (Оценка навыков)/edit home' is clicked on

2022-02-25 09:10:14 - [TEST_STEP][PASSED] - scrollToElement(findTestObject("Avangard New/Object (Тренер)/Case (Оценка навыков)/button_save_home"), 0): Scroll to object 'Object Repository/Avangard New/Object (Тренер)/Case (Оценка навыков)/button_save_home' successfully

2022-02-25 09:10:15 - [MESSAGE][WARNING] - Timeout '0' is invalid. Using default page load timeout: '30'

2022-02-25 09:10:17 - [MESSAGE][PASSED] - Scroll to object 'Object Repository/Avangard New/Object (Тренер)/Case (Оценка навыков)/button_save_home' successfully

2022-02-25 09:10:17 - [TEST_STEP][PASSED] - click(findTestObject("Avangard New/Object (Тренер)/Case (Оценка навыков)/button_save_home")): Object: 'Object Repository/Avangard New/Object (Тренер)/Case (Оценка навыков)/button_save_home' is clicked on

2022-02-25 09:10:20 - [MESSAGE][PASSED] - Object: 'Object Repository/Avangard New/Object (Тренер)/Case (Оценка навыков)/button_save_home' is clicked on

2022-02-25 09:10:20 - [TEST_STEP][PASSED] - verifyElementText(findTestObject("Avangard New/Object (Тренер)/Case (Оценка навыков)/alert home add"), "Добавьте от 1 до 7 навыков для развития."): Actual text and expected text of test object 'Object Repository/Avangard New/Object (Тренер)/Case (Оценка навыков)/alert home add' are matched.

2022-02-25 09:10:22 - [MESSAGE][PASSED] - Actual text and expected text of test object 'Object Repository/Avangard New/Object (Тренер)/Case (Оценка навыков)/alert home add' are matched.

2022-02-25 09:10:22 - [TEST_STEP][PASSED] - scrollToElement(findTestObject("Avangard New/Object (Тренер)/Case (Оценка навыков)/button add1"), 0): Scroll to object 'Object Repository/Avangard New/Object (Тренер)/Case (Оценка навыков)/button add1' successfully

2022-02-25 09:10:22 - [MESSAGE][WARNING] - Timeout '0' is invalid. Using default page load timeout: '30'

2022-02-25 09:10:24 - [MESSAGE][PASSED] - Scroll to object 'Object Repository/Avangard New/Object (Тренер)/Case (Оценка навыков)/button add1' successfully

2022-02-25 09:10:24 - [TEST_STEP][PASSED] - click(findTestObject("Object Repository/Avangard New/Object (Тренер)/Case (Оценка навыков)/span_10")): Object: 'Object Repository/Avangard New/Object (Тренер)/Case (Оценка навыков)/span_10' is clicked on

2022-02-25 09:10:26 - [MESSAGE][PASSED] - Object: 'Object Repository/Avangard New/Object (Тренер)/Case (Оценка навыков)/span_10' is clicked on

2022-02-25 09:10:26 - [TEST_STEP][PASSED] - click(findTestObject("Object Repository/Avangard New/Object (Тренер)/Case (Оценка навыков)/span_9")): Object: 'Object Repository/Avangard New/Object (Тренер)/Case (Оценка навыков)/span_9' is clicked on

2022-02-25 09:10:28 - [MESSAGE][PASSED] - Object: 'Object Repository/Avangard New/Object (Тренер)/Case (Оценка навыков)/span_9' is clicked on

2022-02-25 09:10:28 - [TEST_STEP][PASSED] - click(findTestObject("Object Repository/Avangard New/Object (Тренер)/Case (Оценка навыков)/button add1")): Object: 'Object Repository/Avangard New/Object (Тренер)/Case (Оценка навыков)/button add1' is clicked on

2022-02-25 09:10:30 - [MESSAGE][PASSED] - Object: 'Object Repository/Avangard New/Object (Тренер)/Case (Оценка навыков)/button add1' is clicked on

2022-02-25 09:10:30 - [TEST_STEP][PASSED] - setText(findTestObject("Object Repository/Avangard New/Object (Тренер)/Case (Оценка навыков)/input__title1"), "автотест1"): Text 'автотест1' is set on object 'Object Repository/Avangard New/Object (Тренер)/Case (Оценка навыков)/input__title1'

2022-02-25 09:10:34 - [MESSAGE][PASSED] - Text 'автотест1' is set on object 'Object Repository/Avangard New/Object (Тренер)/Case (Оценка навыков)/input__title1'

2022-02-25 09:10:34 - [TEST_STEP][PASSED] - setText(findTestObject("Avangard New/Object (Тренер)/Case (Оценка навыков)/imput_title2"), "автотест2"): Text 'автотест2' is set on object 'Object Repository/Avangard New/Object (Тренер)/Case (Оценка навыков)/imput_title2'

2022-02-25 09:10:38 - [MESSAGE][PASSED] - Text 'автотест2' is set on object 'Object Repository/Avangard New/Object (Тренер)/Case (Оценка навыков)/imput_title2'

2022-02-25 09:10:38 - [TEST_STEP][PASSED] - click(findTestObject("Object Repository/Avangard New/Object (Тренер)/Case (Оценка навыков)/button_add in focus")): Object: 'Object Repository/Avangard New/Object (Тренер)/Case (Оценка навыков)/button_add in focus' is clicked on

2022-02-25 09:10:40 - [MESSAGE][PASSED] - Object: 'Object Repository/Avangard New/Object (Тренер)/Case (Оценка навыков)/button_add in focus' is clicked on

2022-02-25 09:10:40 - [TEST_STEP][PASSED] - click(findTestObject("Object Repository/Avangard New/Object (Тренер)/Case (Оценка навыков)/button_add2")): Object: 'Object Repository/Avangard New/Object (Тренер)/Case (Оценка навыков)/button_add2' is clicked on

2022-02-25 09:10:42 - [MESSAGE][PASSED] - Object: 'Object Repository/Avangard New/Object (Тренер)/Case (Оценка навыков)/button_add2' is clicked on

2022-02-25 09:10:42 - [TEST_STEP][PASSED] - setText(findTestObject("Object Repository/Avangard New/Object (Тренер)/Case (Оценка навыков)/input__title1"), "тест"): Text 'тест' is set on object 'Object Repository/Avangard New/Object (Тренер)/Case (Оценка навыков)/input__title1'

2022-02-25 09:10:46 - [MESSAGE][PASSED] - Text 'тест' is set on object 'Object Repository/Avangard New/Object (Тренер)/Case (Оценка навыков)/input__title1'

2022-02-25 09:10:46 - [TEST_STEP][PASSED] - setText(findTestObject("Avangard New/Object (Тренер)/Case (Оценка навыков)/imput_title2"), "тест2"): Text 'тест2' is set on object 'Object Repository/Avangard New/Object (Тренер)/Case (Оценка навыков)/imput_title2'

2022-02-25 09:10:50 - [MESSAGE][PASSED] - Text 'тест2' is set on object 'Object Repository/Avangard New/Object (Тренер)/Case (Оценка навыков)/imput_title2'

2022-02-25 09:10:50 - [TEST_STEP][PASSED] - click(findTestObject("Avangard New/Object (Тренер)/Case (Оценка навыков)/button_add in focus")): Object: 'Object Repository/Avangard New/Object (Тренер)/Case (Оценка навыков)/button_add in focus' is clicked on

2022-02-25 09:10:52 - [MESSAGE][PASSED] - Object: 'Object Repository/Avangard New/Object (Тренер)/Case (Оценка навыков)/button_add in focus' is clicked on

2022-02-25 09:10:52 - [TEST_STEP][PASSED] - click(findTestObject("Object Repository/Avangard New/Object (Тренер)/Case (Оценка навыков)/edit3")): Object: 'Object Repository/Avangard New/Object (Тренер)/Case (Оценка навыков)/edit3' is clicked on

2022-02-25 09:10:54 - [MESSAGE][PASSED] - Object: 'Object Repository/Avangard New/Object (Тренер)/Case (Оценка навыков)/edit3' is clicked on

2022-02-25 09:10:54 - [TEST_STEP][PASSED] - setText(findTestObject("Avangard New/Object (Тренер)/Case (Оценка навыков)/input__title1"), "автотест3"): Text 'автотест3' is set on object 'Object Repository/Avangard New/Object (Тренер)/Case (Оценка навыков)/input__title1'

2022-02-25 09:10:58 - [MESSAGE][PASSED] - Text 'автотест3' is set on object 'Object Repository/Avangard New/Object (Тренер)/Case (Оценка навыков)/input__title1'

2022-02-25 09:10:58 - [TEST_STEP][PASSED] - setText(findTestObject("Avangard New/Object (Тренер)/Case (Оценка навыков)/imput_title2"), "автотест4"): Text 'автотест4' is set on object 'Object Repository/Avangard New/Object (Тренер)/Case (Оценка навыков)/imput_title2'

2022-02-25 09:11:02 - [MESSAGE][PASSED] - Text 'автотест4' is set on object 'Object Repository/Avangard New/Object (Тренер)/Case (Оценка навыков)/imput_title2'

2022-02-25 09:11:02 - [TEST_STEP][PASSED] - click(findTestObject("Object Repository/Avangard New/Object (Тренер)/Case (Оценка навыков)/button_save_focuse2")): Object: 'Object Repository/Avangard New/Object (Тренер)/Case (Оценка навыков)/button_save_focuse2' is clicked on

2022-02-25 09:11:04 - [MESSAGE][PASSED] - Object: 'Object Repository/Avangard New/Object (Тренер)/Case (Оценка навыков)/button_save_focuse2' is clicked on

2022-02-25 09:11:04 - [TEST_STEP][PASSED] - scrollToElement(findTestObject("Avangard New/Object (Тренер)/Case (Оценка навыков)/button_save_home"), 0): Scroll to object 'Object Repository/Avangard New/Object (Тренер)/Case (Оценка навыков)/button_save_home' successfully

2022-02-25 09:11:05 - [MESSAGE][WARNING] - Timeout '0' is invalid. Using default page load timeout: '30'

2022-02-25 09:11:07 - [MESSAGE][PASSED] - Scroll to object 'Object Repository/Avangard New/Object (Тренер)/Case (Оценка навыков)/button_save_home' successfully

2022-02-25 09:11:07 - [TEST_STEP][PASSED] - click(findTestObject("Avangard New/Object (Тренер)/Case (Оценка навыков)/button_save_home")): Object: 'Object Repository/Avangard New/Object (Тренер)/Case (Оценка навыков)/button_save_home' is clicked on

2022-02-25 09:11:09 - [MESSAGE][PASSED] - Object: 'Object Repository/Avangard New/Object (Тренер)/Case (Оценка навыков)/button_save_home' is clicked on

2022-02-25 09:11:09 - [TEST_STEP][PASSED] - verifyElementText(findTestObject("Avangard New/Object (Тренер)/Case (Оценка навыков)/alert home"), "Оценки успешно сохранены."): Actual text and expected text of test object 'Object Repository/Avangard New/Object (Тренер)/Case (Оценка навыков)/alert home' are matched.

2022-02-25 09:11:13 - [MESSAGE][PASSED] - Actual text and expected text of test object 'Object Repository/Avangard New/Object (Тренер)/Case (Оценка навыков)/alert home' are matched.

2022-02-25 09:11:13 - [TEST_STEP][PASSED] - click(findTestObject("Object Repository/Avangard New/Object (Тренер)/Case (Оценка навыков)/span_home")): Object: 'Object Repository/Avangard New/Object (Тренер)/Case (Оценка навыков)/span_home' is clicked on

2022-02-25 09:11:15 - [MESSAGE][PASSED] - Object: 'Object Repository/Avangard New/Object (Тренер)/Case (Оценка навыков)/span_home' is clicked on

2022-02-25 09:11:15 - [TEST_STEP][PASSED] - scrollToElement(findTestObject("Object Repository/Avangard New/Object (Тренер)/Case (Оценка навыков)/report home"), 0): Scroll to object 'Object Repository/Avangard New/Object (Тренер)/Case (Оценка навыков)/report home' successfully

2022-02-25 09:11:16 - [MESSAGE][WARNING] - Timeout '0' is invalid. Using default page load timeout: '30'

2022-02-25 09:11:18 - [MESSAGE][PASSED] - Scroll to object 'Object Repository/Avangard New/Object (Тренер)/Case (Оценка навыков)/report home' successfully

2022-02-25 09:11:18 - [TEST_STEP][PASSED] - click(findTestObject("Object Repository/Avangard New/Object (Тренер)/Case (Оценка навыков)/report home")): Object: 'Object Repository/Avangard New/Object (Тренер)/Case (Оценка навыков)/report home' is clicked on

2022-02-25 09:11:20 - [MESSAGE][PASSED] - Object: 'Object Repository/Avangard New/Object (Тренер)/Case (Оценка навыков)/report home' is clicked on

2022-02-25 09:11:20 - [TEST_STEP][PASSED] - if (verifyElementText(findTestObject("Avangard New/Object (Тренер)/Case (Оценка навыков)/player2"), "Бережной Станислав", OPTIONAL) == true): Actual text and expected text of test object 'Object Repository/Avangard New/Object (Тренер)/Case (Оценка навыков)/player2' are matched.

2022-02-25 09:11:23 - [MESSAGE][PASSED] - Actual text and expected text of test object 'Object Repository/Avangard New/Object (Тренер)/Case (Оценка навыков)/player2' are matched.

2022-02-25 09:11:23 - [TEST_STEP][PASSED] - verifyElementText(findTestObject("Avangard New/Object (Тренер)/Case (Оценка навыков)/player2"), "Бережной Станислав", STOP_ON_FAILURE): Actual text and expected text of test object 'Object Repository/Avangard New/Object (Тренер)/Case (Оценка навыков)/player2' are matched.

2022-02-25 09:11:25 - [MESSAGE][PASSED] - Actual text and expected text of test object 'Object Repository/Avangard New/Object (Тренер)/Case (Оценка навыков)/player2' are matched.

2022-02-25 09:11:25 - [TEST_STEP][PASSED] - verifyElementText(findTestObject("Avangard New/Object (Тренер)/Case (Оценка навыков)/div_10"), "10"): Actual text and expected text of test object 'Object Repository/Avangard New/Object (Тренер)/Case (Оценка навыков)/div_10' are matched.

2022-02-25 09:11:26 - [MESSAGE][PASSED] - Actual text and expected text of test object 'Object Repository/Avangard New/Object (Тренер)/Case (Оценка навыков)/div_10' are matched.

2022-02-25 09:11:26 - [TEST_STEP][PASSED] - verifyElementText(findTestObject("Avangard New/Object (Тренер)/Case (Оценка навыков)/div_9"), "9"): Actual text and expected text of test object 'Object Repository/Avangard New/Object (Тренер)/Case (Оценка навыков)/div_9' are matched.

2022-02-25 09:11:28 - [MESSAGE][PASSED] - Actual text and expected text of test object 'Object Repository/Avangard New/Object (Тренер)/Case (Оценка навыков)/div_9' are matched.

2022-02-25 09:11:28 - [TEST_STEP][PASSED] - click(findTestObject("Object Repository/Avangard New/Object (Тренер)/Case (Оценка навыков)/div_10")): Object: 'Object Repository/Avangard New/Object (Тренер)/Case (Оценка навыков)/div_10' is clicked on

2022-02-25 09:11:30 - [MESSAGE][PASSED] - Object: 'Object Repository/Avangard New/Object (Тренер)/Case (Оценка навыков)/div_10' is clicked on

2022-02-25 09:11:30 - [TEST_STEP][PASSED] - verifyElementText(findTestObject("Avangard New/Object (Тренер)/Case (Оценка навыков)/goal"), "автотест1"): Actual text and expected text of test object 'Object Repository/Avangard New/Object (Тренер)/Case (Оценка навыков)/goal' are matched.

2022-02-25 09:11:32 - [MESSAGE][PASSED] - Actual text and expected text of test object 'Object Repository/Avangard New/Object (Тренер)/Case (Оценка навыков)/goal' are matched.

2022-02-25 09:11:32 - [TEST_STEP][PASSED] - verifyElementText(findTestObject("Avangard New/Object (Тренер)/Case (Оценка навыков)/description"), "автотест2"): Actual text and expected text of test object 'Object Repository/Avangard New/Object (Тренер)/Case (Оценка навыков)/description' are matched.

2022-02-25 09:11:34 - [MESSAGE][PASSED] - Actual text and expected text of test object 'Object Repository/Avangard New/Object (Тренер)/Case (Оценка навыков)/description' are matched.

2022-02-25 09:11:34 - [TEST_STEP][PASSED] - click(findTestObject("Object Repository/Avangard New/Object (Тренер)/Case (Оценка навыков)/button_close")): Object: 'Object Repository/Avangard New/Object (Тренер)/Case (Оценка навыков)/button_close' is clicked on

2022-02-25 09:11:36 - [MESSAGE][PASSED] - Object: 'Object Repository/Avangard New/Object (Тренер)/Case (Оценка навыков)/button_close' is clicked on

2022-02-25 09:11:36 - [TEST_STEP][PASSED] - click(findTestObject("Object Repository/Avangard New/Object (Тренер)/Case (Оценка навыков)/span_home")): Object: 'Object Repository/Avangard New/Object (Тренер)/Case (Оценка навыков)/span_home' is clicked on

2022-02-25 09:11:38 - [MESSAGE][PASSED] - Object: 'Object Repository/Avangard New/Object (Тренер)/Case (Оценка навыков)/span_home' is clicked on

2022-02-25 09:11:38 - [TEST_STEP][PASSED] - click(findTestObject("Object Repository/Avangard New/Object (Тренер)/Case (Оценка навыков)/edit home")): Object: 'Object Repository/Avangard New/Object (Тренер)/Case (Оценка навыков)/edit home' is clicked on

2022-02-25 09:11:41 - [MESSAGE][PASSED] - Object: 'Object Repository/Avangard New/Object (Тренер)/Case (Оценка навыков)/edit home' is clicked on

2022-02-25 09:11:41 - [TEST_STEP][PASSED] - click(findTestObject("Object Repository/Avangard New/Object (Тренер)/Case (Оценка навыков)/editf")): Object: 'Object Repository/Avangard New/Object (Тренер)/Case (Оценка навыков)/editf' is clicked on

2022-02-25 09:11:44 - [MESSAGE][PASSED] - Object: 'Object Repository/Avangard New/Object (Тренер)/Case (Оценка навыков)/editf' is clicked on

2022-02-25 09:11:44 - [TEST_STEP][PASSED] - click(findTestObject("Object Repository/Avangard New/Object (Тренер)/Case (Оценка навыков)/button_delete")): Object: 'Object Repository/Avangard New/Object (Тренер)/Case (Оценка навыков)/button_delete' is clicked on

2022-02-25 09:11:46 - [MESSAGE][PASSED] - Object: 'Object Repository/Avangard New/Object (Тренер)/Case (Оценка навыков)/button_delete' is clicked on

2022-02-25 09:11:46 - [TEST_STEP][PASSED] - click(findTestObject("Object Repository/Avangard New/Object (Тренер)/Case (Оценка навыков)/button_delete2")): Object: 'Object Repository/Avangard New/Object (Тренер)/Case (Оценка навыков)/button_delete2' is clicked on

2022-02-25 09:11:48 - [MESSAGE][PASSED] - Object: 'Object Repository/Avangard New/Object (Тренер)/Case (Оценка навыков)/button_delete2' is clicked on

2022-02-25 09:11:48 - [TEST_STEP][PASSED] - verifyElementText(findTestObject("Avangard New/Object (Тренер)/Case (Оценка навыков)/Alert delete"), "Фокус развития успешно удален."): Actual text and expected text of test object 'Object Repository/Avangard New/Object (Тренер)/Case (Оценка навыков)/Alert delete' are matched.

2022-02-25 09:11:50 - [MESSAGE][PASSED] - Actual text and expected text of test object 'Object Repository/Avangard New/Object (Тренер)/Case (Оценка навыков)/Alert delete' are matched.

2022-02-25 09:11:50 - [TEST_STEP][PASSED] - click(findTestObject("Object Repository/Avangard New/Object (Тренер)/Case (Оценка навыков)/edit3")): Object: 'Object Repository/Avangard New/Object (Тренер)/Case (Оценка навыков)/edit3' is clicked on

2022-02-25 09:11:52 - [MESSAGE][PASSED] - Object: 'Object Repository/Avangard New/Object (Тренер)/Case (Оценка навыков)/edit3' is clicked on

2022-02-25 09:11:52 - [TEST_STEP][PASSED] - click(findTestObject("Object Repository/Avangard New/Object (Тренер)/Case (Оценка навыков)/button_delete")): Object: 'Object Repository/Avangard New/Object (Тренер)/Case (Оценка навыков)/button_delete' is clicked on

2022-02-25 09:11:54 - [MESSAGE][PASSED] - Object: 'Object Repository/Avangard New/Object (Тренер)/Case (Оценка навыков)/button_delete' is clicked on

2022-02-25 09:11:54 - [TEST_STEP][PASSED] - click(findTestObject("Object Repository/Avangard New/Object (Тренер)/Case (Оценка навыков)/button_delete2")): Object: 'Object Repository/Avangard New/Object (Тренер)/Case (Оценка навыков)/button_delete2' is clicked on

2022-02-25 09:11:56 - [MESSAGE][PASSED] - Object: 'Object Repository/Avangard New/Object (Тренер)/Case (Оценка навыков)/button_delete2' is clicked on

2022-02-25 09:11:56 - [TEST_STEP][PASSED] - click(findTestObject("Object Repository/Avangard New/Object (Тренер)/Case (Оценка навыков)/span_home home")): Object: 'Object Repository/Avangard New/Object (Тренер)/Case (Оценка навыков)/span_home home' is clicked on

2022-02-25 09:11:59 - [MESSAGE][PASSED] - Object: 'Object Repository/Avangard New/Object (Тренер)/Case (Оценка навыков)/span_home home' is clicked on]]></system-out>
         <system-err><![CDATA[]]></system-err>
      </testcase>
      <testcase name="Test Cases/Тренер/Оценка по играм" time="157.634" classname="Test Cases/Тренер/Оценка по играм" status="FAILED">
         <failure type="FAILED" message="Test Cases/Тренер/Оценка по играм FAILED.
Reason:
com.kms.katalon.core.exception.StepFailedException: Verify element text of test object 'Object Repository/Avangard New/Object (Тренер)/Case (Оценка по играм)/alert save' FAILED.
	at com.kms.katalon.core.webui.keyword.internal.WebUIKeywordMain.stepFailed(WebUIKeywordMain.groovy:64)
	at com.kms.katalon.core.webui.keyword.internal.WebUIKeywordMain.runKeyword(WebUIKeywordMain.groovy:26)
	at com.kms.katalon.core.webui.keyword.builtin.VerifyElementTextKeyword.verifyElementText(VerifyElementTextKeyword.groovy:72)
	at com.kms.katalon.core.webui.keyword.builtin.VerifyElementTextKeyword.execute(VerifyElementTextKeyword.groovy:40)
	at com.kms.katalon.core.keyword.internal.KeywordExecutor.executeKeywordForPlatform(KeywordExecutor.groovy:74)
	at com.kms.katalon.core.webui.keyword.WebUiBuiltInKeywords.verifyElementText(WebUiBuiltInKeywords.groovy:4749)
	at com.kms.katalon.core.webui.keyword.WebUiBuiltInKeywords$verifyElementText$6.call(Unknown Source)
	at Оценка по играм.run(Оценка по играм:38)
	at com.kms.katalon.core.main.ScriptEngine.run(ScriptEngine.java:194)
	at com.kms.katalon.core.main.ScriptEngine.runScriptAsRawText(ScriptEngine.java:119)
	at com.kms.katalon.core.main.TestCaseExecutor.runScript(TestCaseExecutor.java:442)
	at com.kms.katalon.core.main.TestCaseExecutor.doExecute(TestCaseExecutor.java:433)
	at com.kms.katalon.core.main.TestCaseExecutor.processExecutionPhase(TestCaseExecutor.java:412)
	at com.kms.katalon.core.main.TestCaseExecutor.accessMainPhase(TestCaseExecutor.java:404)
	at com.kms.katalon.core.main.TestCaseExecutor.execute(TestCaseExecutor.java:281)
	at com.kms.katalon.core.main.TestSuiteExecutor.accessTestCaseMainPhase(TestSuiteExecutor.java:202)
	at com.kms.katalon.core.main.TestSuiteExecutor.accessTestSuiteMainPhase(TestSuiteExecutor.java:164)
	at com.kms.katalon.core.main.TestSuiteExecutor.execute(TestSuiteExecutor.java:105)
	at com.kms.katalon.core.main.TestCaseMain.startTestSuite(TestCaseMain.java:185)
	at com.kms.katalon.core.main.TestCaseMain$startTestSuite$0.call(Unknown Source)
	at TempTestSuite1645768441363.run(TempTestSuite1645768441363.groovy:36)
Caused by: com.kms.katalon.core.exception.StepFailedException: com.kms.katalon.core.webui.exception.WebElementNotFoundException: Web element with id: 'Object Repository/Avangard New/Object (Тренер)/Case (Оценка по играм)/alert save' located by '//p[(text() = 'Оценка сохранена' or . = 'Оценка сохранена')]' not found
	at com.kms.katalon.core.webui.keyword.internal.WebUIKeywordMain.stepFailed(WebUIKeywordMain.groovy:64)
	at com.kms.katalon.core.webui.keyword.builtin.VerifyElementTextKeyword$_verifyElementText_closure1.doCall(VerifyElementTextKeyword.groovy:64)
	at com.kms.katalon.core.webui.keyword.builtin.VerifyElementTextKeyword$_verifyElementText_closure1.call(VerifyElementTextKeyword.groovy)
	at com.kms.katalon.core.webui.keyword.internal.WebUIKeywordMain.runKeyword(WebUIKeywordMain.groovy:20)
	... 19 more
"/>
         <system-out><![CDATA[2022-02-25 09:11:59 - [TEST_CASE][FAILED] - Test Cases/Тренер/Оценка по играм: Test Cases/Тренер/Оценка по играм FAILED.
Reason:
com.kms.katalon.core.exception.StepFailedException: Verify element text of test object 'Object Repository/Avangard New/Object (Тренер)/Case (Оценка по играм)/alert save' FAILED.
	at com.kms.katalon.core.webui.keyword.internal.WebUIKeywordMain.stepFailed(WebUIKeywordMain.groovy:64)
	at com.kms.katalon.core.webui.keyword.internal.WebUIKeywordMain.runKeyword(WebUIKeywordMain.groovy:26)
	at com.kms.katalon.core.webui.keyword.builtin.VerifyElementTextKeyword.verifyElementText(VerifyElementTextKeyword.groovy:72)
	at com.kms.katalon.core.webui.keyword.builtin.VerifyElementTextKeyword.execute(VerifyElementTextKeyword.groovy:40)
	at com.kms.katalon.core.keyword.internal.KeywordExecutor.executeKeywordForPlatform(KeywordExecutor.groovy:74)
	at com.kms.katalon.core.webui.keyword.WebUiBuiltInKeywords.verifyElementText(WebUiBuiltInKeywords.groovy:4749)
	at com.kms.katalon.core.webui.keyword.WebUiBuiltInKeywords$verifyElementText$6.call(Unknown Source)
	at Оценка по играм.run(Оценка по играм:38)
	at com.kms.katalon.core.main.ScriptEngine.run(ScriptEngine.java:194)
	at com.kms.katalon.core.main.ScriptEngine.runScriptAsRawText(ScriptEngine.java:119)
	at com.kms.katalon.core.main.TestCaseExecutor.runScript(TestCaseExecutor.java:442)
	at com.kms.katalon.core.main.TestCaseExecutor.doExecute(TestCaseExecutor.java:433)
	at com.kms.katalon.core.main.TestCaseExecutor.processExecutionPhase(TestCaseExecutor.java:412)
	at com.kms.katalon.core.main.TestCaseExecutor.accessMainPhase(TestCaseExecutor.java:404)
	at com.kms.katalon.core.main.TestCaseExecutor.execute(TestCaseExecutor.java:281)
	at com.kms.katalon.core.main.TestSuiteExecutor.accessTestCaseMainPhase(TestSuiteExecutor.java:202)
	at com.kms.katalon.core.main.TestSuiteExecutor.accessTestSuiteMainPhase(TestSuiteExecutor.java:164)
	at com.kms.katalon.core.main.TestSuiteExecutor.execute(TestSuiteExecutor.java:105)
	at com.kms.katalon.core.main.TestCaseMain.startTestSuite(TestCaseMain.java:185)
	at com.kms.katalon.core.main.TestCaseMain$startTestSuite$0.call(Unknown Source)
	at TempTestSuite1645768441363.run(TempTestSuite1645768441363.groovy:36)
Caused by: com.kms.katalon.core.exception.StepFailedException: com.kms.katalon.core.webui.exception.WebElementNotFoundException: Web element with id: 'Object Repository/Avangard New/Object (Тренер)/Case (Оценка по играм)/alert save' located by '//p[(text() = 'Оценка сохранена' or . = 'Оценка сохранена')]' not found
	at com.kms.katalon.core.webui.keyword.internal.WebUIKeywordMain.stepFailed(WebUIKeywordMain.groovy:64)
	at com.kms.katalon.core.webui.keyword.builtin.VerifyElementTextKeyword$_verifyElementText_closure1.doCall(VerifyElementTextKeyword.groovy:64)
	at com.kms.katalon.core.webui.keyword.builtin.VerifyElementTextKeyword$_verifyElementText_closure1.call(VerifyElementTextKeyword.groovy)
	at com.kms.katalon.core.webui.keyword.internal.WebUIKeywordMain.runKeyword(WebUIKeywordMain.groovy:20)
	... 19 more


2022-02-25 09:12:00 - [TEST_STEP][PASSED] - callTestCase(findTestCase("Тренер/Авторизация"), [:], STOP_ON_FAILURE): Call Test Case 'Test Cases/Тренер/Авторизация' successfully

2022-02-25 09:12:00 - [TEST_CASE][PASSED] - Test Cases/Тренер/Авторизация: Test Cases/Тренер/Авторизация

2022-02-25 09:12:00 - [TEST_STEP][PASSED] - openBrowser(""): Browser is opened with url: ''

2022-02-25 09:12:00 - [MESSAGE][WARNING] - A browser is already opened. Closing browser and opening a new one

2022-02-25 09:12:01 - [MESSAGE][INFO] - User set preference: ['os', 'linux']

2022-02-25 09:12:01 - [MESSAGE][INFO] - User set preference: ['browserName', 'chrome']

2022-02-25 09:12:01 - [MESSAGE][INFO] - User set preference: ['browserVersion', '97']

2022-02-25 09:12:01 - [MESSAGE][INFO] - User set preference: ['katalon:option', '{organizationId=564672, tunnelId=, usingTunnel=false}']

2022-02-25 09:12:01 - [MESSAGE][INFO] - Connecting to remote web server 'testcloud.katalon.com/hub' with type 'Selenium'

2022-02-25 09:12:01 - [MESSAGE][INFO] - Action delay is set to 100 milliseconds

2022-02-25 09:13:09 - [MESSAGE][PASSED] - Browser is opened with url: ''

2022-02-25 09:13:09 - [TEST_STEP][PASSED] - maximizeWindow(): Current window maximized

2022-02-25 09:13:09 - [MESSAGE][PASSED] - Current window maximized

2022-02-25 09:13:09 - [TEST_STEP][PASSED] - navigateToUrl(url): Navigate to 'https://stars-stage.hawk.ru:8080' successfully

2022-02-25 09:13:15 - [MESSAGE][PASSED] - Navigate to 'https://stars-stage.hawk.ru:8080' successfully

2022-02-25 09:13:15 - [TEST_STEP][PASSED] - setText(findTestObject("Object Repository/manager/Page_/input__sc-lnrBVv eqPACj"), coach_login): Text 'ageev.da@hc-avangard.com' is set on object 'Object Repository/manager/Page_/input__sc-lnrBVv eqPACj'

2022-02-25 09:13:19 - [MESSAGE][PASSED] - Text 'ageev.da@hc-avangard.com' is set on object 'Object Repository/manager/Page_/input__sc-lnrBVv eqPACj'

2022-02-25 09:13:19 - [TEST_STEP][PASSED] - setText(findTestObject("Object Repository/manager/Page_/input__sc-lnrBVv eqPACj_1"), coach_password): Text 'zz4waxq6' is set on object 'Object Repository/manager/Page_/input__sc-lnrBVv eqPACj_1'

2022-02-25 09:13:23 - [MESSAGE][PASSED] - Text 'zz4waxq6' is set on object 'Object Repository/manager/Page_/input__sc-lnrBVv eqPACj_1'

2022-02-25 09:13:23 - [TEST_STEP][PASSED] - click(findTestObject("manager/Page_/go")): Object: 'Object Repository/manager/Page_/go' is clicked on

2022-02-25 09:13:25 - [MESSAGE][PASSED] - Object: 'Object Repository/manager/Page_/go' is clicked on

2022-02-25 09:13:25 - [MESSAGE][PASSED] - Call Test Case 'Test Cases/Тренер/Авторизация' successfully

2022-02-25 09:13:26 - [TEST_STEP][PASSED] - click(findTestObject("Avangard New/Object (Тренер)/Case (Оценка по играм)/grade for game")): Object: 'Object Repository/Avangard New/Object (Тренер)/Case (Оценка по играм)/grade for game' is clicked on

2022-02-25 09:13:38 - [MESSAGE][PASSED] - Object: 'Object Repository/Avangard New/Object (Тренер)/Case (Оценка по играм)/grade for game' is clicked on

2022-02-25 09:13:38 - [TEST_STEP][PASSED] - click(findTestObject("Avangard New/Object (Тренер)/Case (Оценка по играм)/edit")): Object: 'Object Repository/Avangard New/Object (Тренер)/Case (Оценка по играм)/edit' is clicked on

2022-02-25 09:13:41 - [MESSAGE][PASSED] - Object: 'Object Repository/Avangard New/Object (Тренер)/Case (Оценка по играм)/edit' is clicked on

2022-02-25 09:13:41 - [TEST_STEP][PASSED] - verifyElementClickable(findTestObject("Avangard New/Object (Тренер)/Case (Оценка по играм)/edit 4")): Object 'Object Repository/Avangard New/Object (Тренер)/Case (Оценка по играм)/edit 4' is clickable

2022-02-25 09:13:44 - [MESSAGE][PASSED] - Object 'Object Repository/Avangard New/Object (Тренер)/Case (Оценка по играм)/edit 4' is clickable

2022-02-25 09:13:44 - [TEST_STEP][PASSED] - scrollToElement(findTestObject("Avangard New/Object (Тренер)/Case (Оценка по играм)/button_"), 0): Scroll to object 'Object Repository/Avangard New/Object (Тренер)/Case (Оценка по играм)/button_' successfully

2022-02-25 09:13:44 - [MESSAGE][WARNING] - Timeout '0' is invalid. Using default page load timeout: '30'

2022-02-25 09:13:46 - [MESSAGE][PASSED] - Scroll to object 'Object Repository/Avangard New/Object (Тренер)/Case (Оценка по играм)/button_' successfully

2022-02-25 09:13:46 - [TEST_STEP][PASSED] - click(findTestObject("Avangard New/Object (Тренер)/Case (Оценка по играм)/button_")): Object: 'Object Repository/Avangard New/Object (Тренер)/Case (Оценка по играм)/button_' is clicked on

2022-02-25 09:13:48 - [MESSAGE][PASSED] - Object: 'Object Repository/Avangard New/Object (Тренер)/Case (Оценка по играм)/button_' is clicked on

2022-02-25 09:13:48 - [TEST_STEP][FAILED] - verifyElementText(findTestObject("Avangard New/Object (Тренер)/Case (Оценка по играм)/alert save"), "Оценка сохранена"): Verify element text of test object 'Object Repository/Avangard New/Object (Тренер)/Case (Оценка по играм)/alert save' FAILED. (Root cause: com.kms.katalon.core.exception.StepFailedException: Verify element text of test object 'Object Repository/Avangard New/Object (Тренер)/Case (Оценка по играм)/alert save' FAILED.
	at com.kms.katalon.core.webui.keyword.internal.WebUIKeywordMain.stepFailed(WebUIKeywordMain.groovy:64)
	at com.kms.katalon.core.webui.keyword.internal.WebUIKeywordMain.runKeyword(WebUIKeywordMain.groovy:26)
	at com.kms.katalon.core.webui.keyword.builtin.VerifyElementTextKeyword.verifyElementText(VerifyElementTextKeyword.groovy:72)
	at com.kms.katalon.core.webui.keyword.builtin.VerifyElementTextKeyword.execute(VerifyElementTextKeyword.groovy:40)
	at com.kms.katalon.core.keyword.internal.KeywordExecutor.executeKeywordForPlatform(KeywordExecutor.groovy:74)
	at com.kms.katalon.core.webui.keyword.WebUiBuiltInKeywords.verifyElementText(WebUiBuiltInKeywords.groovy:4749)
	at com.kms.katalon.core.webui.keyword.WebUiBuiltInKeywords$verifyElementText$6.call(Unknown Source)
	at Оценка по играм.run(Оценка по играм:38)
	at com.kms.katalon.core.main.ScriptEngine.run(ScriptEngine.java:194)
	at com.kms.katalon.core.main.ScriptEngine.runScriptAsRawText(ScriptEngine.java:119)
	at com.kms.katalon.core.main.TestCaseExecutor.runScript(TestCaseExecutor.java:442)
	at com.kms.katalon.core.main.TestCaseExecutor.doExecute(TestCaseExecutor.java:433)
	at com.kms.katalon.core.main.TestCaseExecutor.processExecutionPhase(TestCaseExecutor.java:412)
	at com.kms.katalon.core.main.TestCaseExecutor.accessMainPhase(TestCaseExecutor.java:404)
	at com.kms.katalon.core.main.TestCaseExecutor.execute(TestCaseExecutor.java:281)
	at com.kms.katalon.core.main.TestSuiteExecutor.accessTestCaseMainPhase(TestSuiteExecutor.java:202)
	at com.kms.katalon.core.main.TestSuiteExecutor.accessTestSuiteMainPhase(TestSuiteExecutor.java:164)
	at com.kms.katalon.core.main.TestSuiteExecutor.execute(TestSuiteExecutor.java:105)
	at com.kms.katalon.core.main.TestCaseMain.startTestSuite(TestCaseMain.java:185)
	at com.kms.katalon.core.main.TestCaseMain$startTestSuite$0.call(Unknown Source)
	at TempTestSuite1645768441363.run(TempTestSuite1645768441363.groovy:36)
Caused by: com.kms.katalon.core.exception.StepFailedException: com.kms.katalon.core.webui.exception.WebElementNotFoundException: Web element with id: 'Object Repository/Avangard New/Object (Тренер)/Case (Оценка по играм)/alert save' located by '//p[(text() = 'Оценка сохранена' or . = 'Оценка сохранена')]' not found
	at com.kms.katalon.core.webui.keyword.internal.WebUIKeywordMain.stepFailed(WebUIKeywordMain.groovy:64)
	at com.kms.katalon.core.webui.keyword.builtin.VerifyElementTextKeyword$_verifyElementText_closure1.doCall(VerifyElementTextKeyword.groovy:64)
	at com.kms.katalon.core.webui.keyword.builtin.VerifyElementTextKeyword$_verifyElementText_closure1.call(VerifyElementTextKeyword.groovy)
	at com.kms.katalon.core.webui.keyword.internal.WebUIKeywordMain.runKeyword(WebUIKeywordMain.groovy:20)
	... 19 more
)

2022-02-25 09:14:20 - [MESSAGE][INFO] - Unable to find the element located by 'By.xpath: //p[(text() = 'Оценка сохранена' or . = 'Оценка сохранена')]'. Please recheck the objects properties to make sure the desired element is located. 

2022-02-25 09:14:20 - [MESSAGE][WARNING] - [SELF-HEALING] Failed to find element with id 'Object Repository/Avangard New/Object (Тренер)/Case (Оценка по играм)/alert save'. Try using Self-healing.

2022-02-25 09:14:21 - [MESSAGE][INFO] - [SELF-HEALING] Failed Locator: '(.//*[normalize-space(text()) and normalize-space(.)='Успех'])[1]/following::p[1]'.

2022-02-25 09:14:23 - [MESSAGE][INFO] - [SELF-HEALING] Failed Locator: '(.//*[normalize-space(text()) and normalize-space(.)='Редактирование профиля'])[1]/following::p[1]'.

2022-02-25 09:14:24 - [MESSAGE][INFO] - [SELF-HEALING] Failed Locator: '//*/text()[normalize-space(.)='Оценка сохранена']/parent::*'.

2022-02-25 09:14:25 - [MESSAGE][INFO] - [SELF-HEALING] Failed Locator: '//div[3]/div/div/div/div/div/div/p'.

2022-02-25 09:14:27 - [MESSAGE][INFO] - [SELF-HEALING] Failed Locator: '//p[(text() = 'Оценка сохранена' or . = 'Оценка сохранена')]'.

2022-02-25 09:14:28 - [MESSAGE][INFO] - Unable to find the element located by 'By.xpath: //*[(text() = 'Оценка сохранена' or . = 'Оценка сохранена')]'. Please recheck the objects properties to make sure the desired element is located. 

2022-02-25 09:14:29 - [MESSAGE][INFO] - Unable to find the element located by 'By.cssSelector: p.ReactComponentNotification__NotificationText-sc-1wfzr6b-3.JWcOG'. Please recheck the objects properties to make sure the desired element is located. 

2022-02-25 09:14:32 - [MESSAGE][FAILED] - com.kms.katalon.core.webui.exception.WebElementNotFoundException: Web element with id: 'Object Repository/Avangard New/Object (Тренер)/Case (Оценка по играм)/alert save' located by '//p[(text() = 'Оценка сохранена' or . = 'Оценка сохранена')]' not found (Root cause: com.kms.katalon.core.exception.StepFailedException: com.kms.katalon.core.webui.exception.WebElementNotFoundException: Web element with id: 'Object Repository/Avangard New/Object (Тренер)/Case (Оценка по играм)/alert save' located by '//p[(text() = 'Оценка сохранена' or . = 'Оценка сохранена')]' not found
	at com.kms.katalon.core.webui.keyword.internal.WebUIKeywordMain.stepFailed(WebUIKeywordMain.groovy:64)
	at com.kms.katalon.core.webui.keyword.builtin.VerifyElementTextKeyword$_verifyElementText_closure1.doCall(VerifyElementTextKeyword.groovy:64)
	at com.kms.katalon.core.webui.keyword.builtin.VerifyElementTextKeyword$_verifyElementText_closure1.call(VerifyElementTextKeyword.groovy)
	at com.kms.katalon.core.webui.keyword.internal.WebUIKeywordMain.runKeyword(WebUIKeywordMain.groovy:20)
	at com.kms.katalon.core.webui.keyword.builtin.VerifyElementTextKeyword.verifyElementText(VerifyElementTextKeyword.groovy:72)
	at com.kms.katalon.core.webui.keyword.builtin.VerifyElementTextKeyword.execute(VerifyElementTextKeyword.groovy:40)
	at com.kms.katalon.core.keyword.internal.KeywordExecutor.executeKeywordForPlatform(KeywordExecutor.groovy:74)
	at com.kms.katalon.core.webui.keyword.WebUiBuiltInKeywords.verifyElementText(WebUiBuiltInKeywords.groovy:4749)
	at com.kms.katalon.core.webui.keyword.WebUiBuiltInKeywords$verifyElementText$6.call(Unknown Source)
	at Оценка по играм.run(Оценка по играм:38)
	at com.kms.katalon.core.main.ScriptEngine.run(ScriptEngine.java:194)
	at com.kms.katalon.core.main.ScriptEngine.runScriptAsRawText(ScriptEngine.java:119)
	at com.kms.katalon.core.main.TestCaseExecutor.runScript(TestCaseExecutor.java:442)
	at com.kms.katalon.core.main.TestCaseExecutor.doExecute(TestCaseExecutor.java:433)
	at com.kms.katalon.core.main.TestCaseExecutor.processExecutionPhase(TestCaseExecutor.java:412)
	at com.kms.katalon.core.main.TestCaseExecutor.accessMainPhase(TestCaseExecutor.java:404)
	at com.kms.katalon.core.main.TestCaseExecutor.execute(TestCaseExecutor.java:281)
	at com.kms.katalon.core.main.TestSuiteExecutor.accessTestCaseMainPhase(TestSuiteExecutor.java:202)
	at com.kms.katalon.core.main.TestSuiteExecutor.accessTestSuiteMainPhase(TestSuiteExecutor.java:164)
	at com.kms.katalon.core.main.TestSuiteExecutor.execute(TestSuiteExecutor.java:105)
	at com.kms.katalon.core.main.TestCaseMain.startTestSuite(TestCaseMain.java:185)
	at com.kms.katalon.core.main.TestCaseMain$startTestSuite$0.call(Unknown Source)
	at TempTestSuite1645768441363.run(TempTestSuite1645768441363.groovy:36)
)
[[ATTACHMENT|C:\\Users\\LENOVO\\Katalon Studio\\Avangard\\Reports\\20220225_085350\\\u0422\u0440\u0435\u043D\u0435\u0440\\20220225_085401\\1645769669673.png]]

2022-02-25 09:14:34 - [MESSAGE][FAILED] - Verify element text of test object 'Object Repository/Avangard New/Object (Тренер)/Case (Оценка по играм)/alert save' FAILED. (Root cause: com.kms.katalon.core.exception.StepFailedException: Verify element text of test object 'Object Repository/Avangard New/Object (Тренер)/Case (Оценка по играм)/alert save' FAILED.
	at com.kms.katalon.core.webui.keyword.internal.WebUIKeywordMain.stepFailed(WebUIKeywordMain.groovy:64)
	at com.kms.katalon.core.webui.keyword.internal.WebUIKeywordMain.runKeyword(WebUIKeywordMain.groovy:26)
	at com.kms.katalon.core.webui.keyword.builtin.VerifyElementTextKeyword.verifyElementText(VerifyElementTextKeyword.groovy:72)
	at com.kms.katalon.core.webui.keyword.builtin.VerifyElementTextKeyword.execute(VerifyElementTextKeyword.groovy:40)
	at com.kms.katalon.core.keyword.internal.KeywordExecutor.executeKeywordForPlatform(KeywordExecutor.groovy:74)
	at com.kms.katalon.core.webui.keyword.WebUiBuiltInKeywords.verifyElementText(WebUiBuiltInKeywords.groovy:4749)
	at com.kms.katalon.core.webui.keyword.WebUiBuiltInKeywords$verifyElementText$6.call(Unknown Source)
	at Оценка по играм.run(Оценка по играм:38)
	at com.kms.katalon.core.main.ScriptEngine.run(ScriptEngine.java:194)
	at com.kms.katalon.core.main.ScriptEngine.runScriptAsRawText(ScriptEngine.java:119)
	at com.kms.katalon.core.main.TestCaseExecutor.runScript(TestCaseExecutor.java:442)
	at com.kms.katalon.core.main.TestCaseExecutor.doExecute(TestCaseExecutor.java:433)
	at com.kms.katalon.core.main.TestCaseExecutor.processExecutionPhase(TestCaseExecutor.java:412)
	at com.kms.katalon.core.main.TestCaseExecutor.accessMainPhase(TestCaseExecutor.java:404)
	at com.kms.katalon.core.main.TestCaseExecutor.execute(TestCaseExecutor.java:281)
	at com.kms.katalon.core.main.TestSuiteExecutor.accessTestCaseMainPhase(TestSuiteExecutor.java:202)
	at com.kms.katalon.core.main.TestSuiteExecutor.accessTestSuiteMainPhase(TestSuiteExecutor.java:164)
	at com.kms.katalon.core.main.TestSuiteExecutor.execute(TestSuiteExecutor.java:105)
	at com.kms.katalon.core.main.TestCaseMain.startTestSuite(TestCaseMain.java:185)
	at com.kms.katalon.core.main.TestCaseMain$startTestSuite$0.call(Unknown Source)
	at TempTestSuite1645768441363.run(TempTestSuite1645768441363.groovy:36)
Caused by: com.kms.katalon.core.exception.StepFailedException: com.kms.katalon.core.webui.exception.WebElementNotFoundException: Web element with id: 'Object Repository/Avangard New/Object (Тренер)/Case (Оценка по играм)/alert save' located by '//p[(text() = 'Оценка сохранена' or . = 'Оценка сохранена')]' not found
	at com.kms.katalon.core.webui.keyword.internal.WebUIKeywordMain.stepFailed(WebUIKeywordMain.groovy:64)
	at com.kms.katalon.core.webui.keyword.builtin.VerifyElementTextKeyword$_verifyElementText_closure1.doCall(VerifyElementTextKeyword.groovy:64)
	at com.kms.katalon.core.webui.keyword.builtin.VerifyElementTextKeyword$_verifyElementText_closure1.call(VerifyElementTextKeyword.groovy)
	at com.kms.katalon.core.webui.keyword.internal.WebUIKeywordMain.runKeyword(WebUIKeywordMain.groovy:20)
	... 19 more
)
[[ATTACHMENT|C:\\Users\\LENOVO\\Katalon Studio\\Avangard\\Reports\\20220225_085350\\\u0422\u0440\u0435\u043D\u0435\u0440\\20220225_085401\\1645769672469.png]]]]></system-out>
         <system-err><![CDATA[2022-02-25 09:11:59 - [TEST_CASE][FAILED] - Test Cases/Тренер/Оценка по играм: Test Cases/Тренер/Оценка по играм FAILED.
Reason:
com.kms.katalon.core.exception.StepFailedException: Verify element text of test object 'Object Repository/Avangard New/Object (Тренер)/Case (Оценка по играм)/alert save' FAILED.
	at com.kms.katalon.core.webui.keyword.internal.WebUIKeywordMain.stepFailed(WebUIKeywordMain.groovy:64)
	at com.kms.katalon.core.webui.keyword.internal.WebUIKeywordMain.runKeyword(WebUIKeywordMain.groovy:26)
	at com.kms.katalon.core.webui.keyword.builtin.VerifyElementTextKeyword.verifyElementText(VerifyElementTextKeyword.groovy:72)
	at com.kms.katalon.core.webui.keyword.builtin.VerifyElementTextKeyword.execute(VerifyElementTextKeyword.groovy:40)
	at com.kms.katalon.core.keyword.internal.KeywordExecutor.executeKeywordForPlatform(KeywordExecutor.groovy:74)
	at com.kms.katalon.core.webui.keyword.WebUiBuiltInKeywords.verifyElementText(WebUiBuiltInKeywords.groovy:4749)
	at com.kms.katalon.core.webui.keyword.WebUiBuiltInKeywords$verifyElementText$6.call(Unknown Source)
	at Оценка по играм.run(Оценка по играм:38)
	at com.kms.katalon.core.main.ScriptEngine.run(ScriptEngine.java:194)
	at com.kms.katalon.core.main.ScriptEngine.runScriptAsRawText(ScriptEngine.java:119)
	at com.kms.katalon.core.main.TestCaseExecutor.runScript(TestCaseExecutor.java:442)
	at com.kms.katalon.core.main.TestCaseExecutor.doExecute(TestCaseExecutor.java:433)
	at com.kms.katalon.core.main.TestCaseExecutor.processExecutionPhase(TestCaseExecutor.java:412)
	at com.kms.katalon.core.main.TestCaseExecutor.accessMainPhase(TestCaseExecutor.java:404)
	at com.kms.katalon.core.main.TestCaseExecutor.execute(TestCaseExecutor.java:281)
	at com.kms.katalon.core.main.TestSuiteExecutor.accessTestCaseMainPhase(TestSuiteExecutor.java:202)
	at com.kms.katalon.core.main.TestSuiteExecutor.accessTestSuiteMainPhase(TestSuiteExecutor.java:164)
	at com.kms.katalon.core.main.TestSuiteExecutor.execute(TestSuiteExecutor.java:105)
	at com.kms.katalon.core.main.TestCaseMain.startTestSuite(TestCaseMain.java:185)
	at com.kms.katalon.core.main.TestCaseMain$startTestSuite$0.call(Unknown Source)
	at TempTestSuite1645768441363.run(TempTestSuite1645768441363.groovy:36)
Caused by: com.kms.katalon.core.exception.StepFailedException: com.kms.katalon.core.webui.exception.WebElementNotFoundException: Web element with id: 'Object Repository/Avangard New/Object (Тренер)/Case (Оценка по играм)/alert save' located by '//p[(text() = 'Оценка сохранена' or . = 'Оценка сохранена')]' not found
	at com.kms.katalon.core.webui.keyword.internal.WebUIKeywordMain.stepFailed(WebUIKeywordMain.groovy:64)
	at com.kms.katalon.core.webui.keyword.builtin.VerifyElementTextKeyword$_verifyElementText_closure1.doCall(VerifyElementTextKeyword.groovy:64)
	at com.kms.katalon.core.webui.keyword.builtin.VerifyElementTextKeyword$_verifyElementText_closure1.call(VerifyElementTextKeyword.groovy)
	at com.kms.katalon.core.webui.keyword.internal.WebUIKeywordMain.runKeyword(WebUIKeywordMain.groovy:20)
	... 19 more]]></system-err>
      </testcase>
      <testcase name="Test Cases/Тренер/Рекомендации по ОФП" time="213.833" classname="Test Cases/Тренер/Рекомендации по ОФП" status="PASSED">
         <system-out><![CDATA[2022-02-25 09:14:37 - [TEST_CASE][PASSED] - Test Cases/Тренер/Рекомендации по ОФП: Test Cases/Тренер/Рекомендации по ОФП

2022-02-25 09:14:38 - [TEST_STEP][PASSED] - callTestCase(findTestCase("Тренер/Авторизация"), [:], STOP_ON_FAILURE): Call Test Case 'Test Cases/Тренер/Авторизация' successfully

2022-02-25 09:14:38 - [TEST_CASE][PASSED] - Test Cases/Тренер/Авторизация: Test Cases/Тренер/Авторизация

2022-02-25 09:14:38 - [TEST_STEP][PASSED] - openBrowser(""): Browser is opened with url: ''

2022-02-25 09:14:38 - [MESSAGE][WARNING] - A browser is already opened. Closing browser and opening a new one

2022-02-25 09:14:38 - [MESSAGE][INFO] - User set preference: ['os', 'linux']

2022-02-25 09:14:38 - [MESSAGE][INFO] - User set preference: ['browserName', 'chrome']

2022-02-25 09:14:38 - [MESSAGE][INFO] - User set preference: ['browserVersion', '97']

2022-02-25 09:14:38 - [MESSAGE][INFO] - User set preference: ['katalon:option', '{organizationId=564672, tunnelId=, usingTunnel=false}']

2022-02-25 09:14:38 - [MESSAGE][INFO] - Connecting to remote web server 'testcloud.katalon.com/hub' with type 'Selenium'

2022-02-25 09:14:38 - [MESSAGE][INFO] - Action delay is set to 100 milliseconds

2022-02-25 09:15:09 - [MESSAGE][PASSED] - Browser is opened with url: ''

2022-02-25 09:15:09 - [TEST_STEP][PASSED] - maximizeWindow(): Current window maximized

2022-02-25 09:15:10 - [MESSAGE][PASSED] - Current window maximized

2022-02-25 09:15:10 - [TEST_STEP][PASSED] - navigateToUrl(url): Navigate to 'https://stars-stage.hawk.ru:8080' successfully

2022-02-25 09:15:16 - [MESSAGE][PASSED] - Navigate to 'https://stars-stage.hawk.ru:8080' successfully

2022-02-25 09:15:16 - [TEST_STEP][PASSED] - setText(findTestObject("Object Repository/manager/Page_/input__sc-lnrBVv eqPACj"), coach_login): Text 'ageev.da@hc-avangard.com' is set on object 'Object Repository/manager/Page_/input__sc-lnrBVv eqPACj'

2022-02-25 09:15:20 - [MESSAGE][PASSED] - Text 'ageev.da@hc-avangard.com' is set on object 'Object Repository/manager/Page_/input__sc-lnrBVv eqPACj'

2022-02-25 09:15:20 - [TEST_STEP][PASSED] - setText(findTestObject("Object Repository/manager/Page_/input__sc-lnrBVv eqPACj_1"), coach_password): Text 'zz4waxq6' is set on object 'Object Repository/manager/Page_/input__sc-lnrBVv eqPACj_1'

2022-02-25 09:15:24 - [MESSAGE][PASSED] - Text 'zz4waxq6' is set on object 'Object Repository/manager/Page_/input__sc-lnrBVv eqPACj_1'

2022-02-25 09:15:24 - [TEST_STEP][PASSED] - click(findTestObject("manager/Page_/go")): Object: 'Object Repository/manager/Page_/go' is clicked on

2022-02-25 09:15:26 - [MESSAGE][PASSED] - Object: 'Object Repository/manager/Page_/go' is clicked on

2022-02-25 09:15:26 - [MESSAGE][PASSED] - Call Test Case 'Test Cases/Тренер/Авторизация' successfully

2022-02-25 09:15:26 - [TEST_STEP][PASSED] - click(findTestObject("Object Repository/Avangard New/Object (Тренер)/physical_testing_report")): Object: 'Object Repository/Avangard New/Object (Тренер)/physical_testing_report' is clicked on

2022-02-25 09:15:39 - [MESSAGE][PASSED] - Object: 'Object Repository/Avangard New/Object (Тренер)/physical_testing_report' is clicked on

2022-02-25 09:15:39 - [TEST_STEP][PASSED] - click(findTestObject("Object Repository/Avangard New/Object (Тренер)/div_31.07.2020")): Object: 'Object Repository/Avangard New/Object (Тренер)/div_31.07.2020' is clicked on

2022-02-25 09:15:43 - [MESSAGE][PASSED] - Object: 'Object Repository/Avangard New/Object (Тренер)/div_31.07.2020' is clicked on

2022-02-25 09:15:43 - [TEST_STEP][PASSED] - click(findTestObject("Object Repository/Avangard New/Object (Тренер)/div_31.10.2020")): Object: 'Object Repository/Avangard New/Object (Тренер)/div_31.10.2020' is clicked on

2022-02-25 09:15:45 - [MESSAGE][PASSED] - Object: 'Object Repository/Avangard New/Object (Тренер)/div_31.10.2020' is clicked on

2022-02-25 09:15:45 - [TEST_STEP][PASSED] - scrollToElement(findTestObject("Object Repository/AA/gazizov"), 0): Scroll to object 'Object Repository/AA/gazizov' successfully

2022-02-25 09:15:45 - [MESSAGE][WARNING] - Timeout '0' is invalid. Using default page load timeout: '30'

2022-02-25 09:15:53 - [MESSAGE][PASSED] - Scroll to object 'Object Repository/AA/gazizov' successfully

2022-02-25 09:15:53 - [TEST_STEP][PASSED] - click(findTestObject("Object Repository/Avangard New/Object (Тренер)/trikozov")): Object: 'Object Repository/Avangard New/Object (Тренер)/trikozov' is clicked on

2022-02-25 09:15:55 - [MESSAGE][PASSED] - Object: 'Object Repository/Avangard New/Object (Тренер)/trikozov' is clicked on

2022-02-25 09:15:55 - [TEST_STEP][NOT_RUN] - click(findTestObject("Object Repository/Avangard New/Object (Тренер)/button exit"), STOP_ON_FAILURE): NOT_RUN: click(findTestObject("Object Repository/Avangard New/Object (Тренер)/button exit"), STOP_ON_FAILURE)

2022-02-25 09:15:55 - [MESSAGE][NOT_RUN] - NOT_RUN: click(findTestObject("Object Repository/Avangard New/Object (Тренер)/button exit"), STOP_ON_FAILURE)

2022-02-25 09:15:55 - [TEST_STEP][PASSED] - while (verifyElementVisible(findTestObject("Object Repository/Avangard New/Object (Тренер)/add"), OPTIONAL) == false): Object 'Object Repository/Avangard New/Object (Тренер)/add' is visible

2022-02-25 09:15:58 - [MESSAGE][PASSED] - Object 'Object Repository/Avangard New/Object (Тренер)/add' is visible

2022-02-25 09:15:58 - [TEST_STEP][PASSED] - click(findTestObject("Object Repository/Avangard New/Object (Тренер)/add")): Object: 'Object Repository/Avangard New/Object (Тренер)/add' is clicked on

2022-02-25 09:16:01 - [MESSAGE][PASSED] - Object: 'Object Repository/Avangard New/Object (Тренер)/add' is clicked on

2022-02-25 09:16:01 - [TEST_STEP][PASSED] - setText(findTestObject("Object Repository/Avangard New/Object (Тренер)/input_ _sc-eqIVtm fYABJt"), "тестовый план тренировки"): Text 'тестовый план тренировки' is set on object 'Object Repository/Avangard New/Object (Тренер)/input_ _sc-eqIVtm fYABJt'

2022-02-25 09:16:05 - [MESSAGE][PASSED] - Text 'тестовый план тренировки' is set on object 'Object Repository/Avangard New/Object (Тренер)/input_ _sc-eqIVtm fYABJt'

2022-02-25 09:16:05 - [TEST_STEP][PASSED] - click(findTestObject("Object Repository/Avangard New/Object (Тренер)/div__1zadacha")): Object: 'Object Repository/Avangard New/Object (Тренер)/div__1zadacha' is clicked on

2022-02-25 09:16:07 - [MESSAGE][PASSED] - Object: 'Object Repository/Avangard New/Object (Тренер)/div__1zadacha' is clicked on

2022-02-25 09:16:07 - [TEST_STEP][NOT_RUN] - click(findTestObject("Object Repository/Avangard New/Object (Тренер)/button close")): NOT_RUN: click(findTestObject("Object Repository/Avangard New/Object (Тренер)/button close"))

2022-02-25 09:16:07 - [MESSAGE][NOT_RUN] - NOT_RUN: click(findTestObject("Object Repository/Avangard New/Object (Тренер)/button close"))

2022-02-25 09:16:07 - [TEST_STEP][PASSED] - while (verifyElementVisible(findTestObject("Object Repository/Avangard New/Object (Тренер)/addzadacha"), OPTIONAL) == false): Object 'Object Repository/Avangard New/Object (Тренер)/addzadacha' is visible

2022-02-25 09:16:09 - [MESSAGE][PASSED] - Object 'Object Repository/Avangard New/Object (Тренер)/addzadacha' is visible

2022-02-25 09:16:09 - [TEST_STEP][PASSED] - click(findTestObject("Object Repository/Avangard New/Object (Тренер)/addzadacha")): Object: 'Object Repository/Avangard New/Object (Тренер)/addzadacha' is clicked on

2022-02-25 09:16:11 - [MESSAGE][PASSED] - Object: 'Object Repository/Avangard New/Object (Тренер)/addzadacha' is clicked on

2022-02-25 09:16:11 - [TEST_STEP][PASSED] - setText(findTestObject("Object Repository/Avangard New/Object (Тренер)/input_ _sc-eqIVtm fYABJt_1"), "тестовая задача "): Text 'тестовая задача ' is set on object 'Object Repository/Avangard New/Object (Тренер)/input_ _sc-eqIVtm fYABJt_1'

2022-02-25 09:16:15 - [MESSAGE][PASSED] - Text 'тестовая задача ' is set on object 'Object Repository/Avangard New/Object (Тренер)/input_ _sc-eqIVtm fYABJt_1'

2022-02-25 09:16:15 - [TEST_STEP][PASSED] - scrollToElement(findTestObject("Object Repository/Avangard New/Object (Тренер)/save"), 0): Scroll to object 'Object Repository/Avangard New/Object (Тренер)/save' successfully

2022-02-25 09:16:15 - [MESSAGE][WARNING] - Timeout '0' is invalid. Using default page load timeout: '30'

2022-02-25 09:16:17 - [MESSAGE][PASSED] - Scroll to object 'Object Repository/Avangard New/Object (Тренер)/save' successfully

2022-02-25 09:16:17 - [TEST_STEP][PASSED] - click(findTestObject("Object Repository/Avangard New/Object (Тренер)/save")): Object: 'Object Repository/Avangard New/Object (Тренер)/save' is clicked on

2022-02-25 09:16:19 - [MESSAGE][PASSED] - Object: 'Object Repository/Avangard New/Object (Тренер)/save' is clicked on

2022-02-25 09:16:19 - [TEST_STEP][PASSED] - verifyTextPresent("Форма сохранена", false): Text 'Форма сохранена' is present on page 

2022-02-25 09:16:23 - [MESSAGE][PASSED] - Text 'Форма сохранена' is present on page 

2022-02-25 09:16:23 - [TEST_STEP][PASSED] - click(findTestObject("Object Repository/Avangard New/Object (Тренер)/root")): Object: 'Object Repository/Avangard New/Object (Тренер)/root' is clicked on

2022-02-25 09:16:26 - [MESSAGE][PASSED] - Object: 'Object Repository/Avangard New/Object (Тренер)/root' is clicked on

2022-02-25 09:16:26 - [TEST_STEP][PASSED] - scrollToElement(findTestObject("Object Repository/Avangard New/Object (Тренер)/exit"), 0): Scroll to object 'Object Repository/Avangard New/Object (Тренер)/exit' successfully

2022-02-25 09:16:26 - [MESSAGE][WARNING] - Timeout '0' is invalid. Using default page load timeout: '30'

2022-02-25 09:16:36 - [MESSAGE][PASSED] - Scroll to object 'Object Repository/Avangard New/Object (Тренер)/exit' successfully

2022-02-25 09:16:36 - [TEST_STEP][PASSED] - click(findTestObject("Object Repository/Avangard New/Object (Тренер)/exit")): Object: 'Object Repository/Avangard New/Object (Тренер)/exit' is clicked on

2022-02-25 09:16:38 - [MESSAGE][PASSED] - Object: 'Object Repository/Avangard New/Object (Тренер)/exit' is clicked on

2022-02-25 09:16:38 - [TEST_STEP][NOT_RUN] - callTestCase(findTestCase("Игрок/Авторизация"), [:], STOP_ON_FAILURE): NOT_RUN: callTestCase(findTestCase("Игрок/Авторизация"), [:], STOP_ON_FAILURE)

2022-02-25 09:16:38 - [MESSAGE][NOT_RUN] - NOT_RUN: callTestCase(findTestCase("Игрок/Авторизация"), [:], STOP_ON_FAILURE)

2022-02-25 09:16:38 - [TEST_STEP][NOT_RUN] - scrollToElement(findTestObject("Object Repository/Avangard New/Object (Тренер)/div_19.02.22"), 0): NOT_RUN: scrollToElement(findTestObject("Object Repository/Avangard New/Object (Тренер)/div_19.02.22"), 0)

2022-02-25 09:16:38 - [MESSAGE][NOT_RUN] - NOT_RUN: scrollToElement(findTestObject("Object Repository/Avangard New/Object (Тренер)/div_19.02.22"), 0)

2022-02-25 09:16:38 - [TEST_STEP][NOT_RUN] - verifyTextPresent("тестовая задача", false): NOT_RUN: verifyTextPresent("тестовая задача", false)

2022-02-25 09:16:38 - [MESSAGE][NOT_RUN] - NOT_RUN: verifyTextPresent("тестовая задача", false)

2022-02-25 09:16:38 - [TEST_STEP][NOT_RUN] - click(findTestObject("Object Repository/Avangard New/Object (Тренер)/exit")): NOT_RUN: click(findTestObject("Object Repository/Avangard New/Object (Тренер)/exit"))

2022-02-25 09:16:38 - [MESSAGE][NOT_RUN] - NOT_RUN: click(findTestObject("Object Repository/Avangard New/Object (Тренер)/exit"))

2022-02-25 09:16:38 - [TEST_STEP][PASSED] - callTestCase(findTestCase("Тренер/Авторизация"), [:], STOP_ON_FAILURE): Call Test Case 'Test Cases/Тренер/Авторизация' successfully

2022-02-25 09:16:38 - [TEST_CASE][PASSED] - Test Cases/Тренер/Авторизация: Test Cases/Тренер/Авторизация

2022-02-25 09:16:38 - [TEST_STEP][PASSED] - openBrowser(""): Browser is opened with url: ''

2022-02-25 09:16:38 - [MESSAGE][WARNING] - A browser is already opened. Closing browser and opening a new one

2022-02-25 09:16:39 - [MESSAGE][INFO] - User set preference: ['os', 'linux']

2022-02-25 09:16:39 - [MESSAGE][INFO] - User set preference: ['browserName', 'chrome']

2022-02-25 09:16:39 - [MESSAGE][INFO] - User set preference: ['browserVersion', '97']

2022-02-25 09:16:39 - [MESSAGE][INFO] - User set preference: ['katalon:option', '{organizationId=564672, tunnelId=, usingTunnel=false}']

2022-02-25 09:16:39 - [MESSAGE][INFO] - Connecting to remote web server 'testcloud.katalon.com/hub' with type 'Selenium'

2022-02-25 09:16:39 - [MESSAGE][INFO] - Action delay is set to 100 milliseconds

2022-02-25 09:17:11 - [MESSAGE][PASSED] - Browser is opened with url: ''

2022-02-25 09:17:11 - [TEST_STEP][PASSED] - maximizeWindow(): Current window maximized

2022-02-25 09:17:12 - [MESSAGE][PASSED] - Current window maximized

2022-02-25 09:17:12 - [TEST_STEP][PASSED] - navigateToUrl(url): Navigate to 'https://stars-stage.hawk.ru:8080' successfully

2022-02-25 09:17:17 - [MESSAGE][PASSED] - Navigate to 'https://stars-stage.hawk.ru:8080' successfully

2022-02-25 09:17:17 - [TEST_STEP][PASSED] - setText(findTestObject("Object Repository/manager/Page_/input__sc-lnrBVv eqPACj"), coach_login): Text 'ageev.da@hc-avangard.com' is set on object 'Object Repository/manager/Page_/input__sc-lnrBVv eqPACj'

2022-02-25 09:17:22 - [MESSAGE][PASSED] - Text 'ageev.da@hc-avangard.com' is set on object 'Object Repository/manager/Page_/input__sc-lnrBVv eqPACj'

2022-02-25 09:17:22 - [TEST_STEP][PASSED] - setText(findTestObject("Object Repository/manager/Page_/input__sc-lnrBVv eqPACj_1"), coach_password): Text 'zz4waxq6' is set on object 'Object Repository/manager/Page_/input__sc-lnrBVv eqPACj_1'

2022-02-25 09:17:27 - [MESSAGE][PASSED] - Text 'zz4waxq6' is set on object 'Object Repository/manager/Page_/input__sc-lnrBVv eqPACj_1'

2022-02-25 09:17:27 - [TEST_STEP][PASSED] - click(findTestObject("manager/Page_/go")): Object: 'Object Repository/manager/Page_/go' is clicked on

2022-02-25 09:17:29 - [MESSAGE][PASSED] - Object: 'Object Repository/manager/Page_/go' is clicked on

2022-02-25 09:17:29 - [MESSAGE][PASSED] - Call Test Case 'Test Cases/Тренер/Авторизация' successfully

2022-02-25 09:17:29 - [TEST_STEP][PASSED] - click(findTestObject("Object Repository/Avangard New/Object (Тренер)/physical_testing_report")): Object: 'Object Repository/Avangard New/Object (Тренер)/physical_testing_report' is clicked on

2022-02-25 09:17:45 - [MESSAGE][PASSED] - Object: 'Object Repository/Avangard New/Object (Тренер)/physical_testing_report' is clicked on

2022-02-25 09:17:45 - [TEST_STEP][PASSED] - click(findTestObject("Object Repository/Avangard New/Object (Тренер)/div_31.07.2020")): Object: 'Object Repository/Avangard New/Object (Тренер)/div_31.07.2020' is clicked on

2022-02-25 09:17:47 - [MESSAGE][PASSED] - Object: 'Object Repository/Avangard New/Object (Тренер)/div_31.07.2020' is clicked on

2022-02-25 09:17:47 - [TEST_STEP][PASSED] - click(findTestObject("Object Repository/Avangard New/Object (Тренер)/div_31.10.2020")): Object: 'Object Repository/Avangard New/Object (Тренер)/div_31.10.2020' is clicked on

2022-02-25 09:17:50 - [MESSAGE][PASSED] - Object: 'Object Repository/Avangard New/Object (Тренер)/div_31.10.2020' is clicked on

2022-02-25 09:17:50 - [TEST_STEP][PASSED] - click(findTestObject("Object Repository/Avangard New/Object (Тренер)/prosmotr")): Object: 'Object Repository/Avangard New/Object (Тренер)/prosmotr' is clicked on

2022-02-25 09:17:53 - [MESSAGE][PASSED] - Object: 'Object Repository/Avangard New/Object (Тренер)/prosmotr' is clicked on

2022-02-25 09:17:53 - [TEST_STEP][NOT_RUN] - click(findTestObject("Object Repository/Avangard New/Object (Тренер)/delete")): NOT_RUN: click(findTestObject("Object Repository/Avangard New/Object (Тренер)/delete"))

2022-02-25 09:17:53 - [MESSAGE][NOT_RUN] - NOT_RUN: click(findTestObject("Object Repository/Avangard New/Object (Тренер)/delete"))

2022-02-25 09:17:53 - [TEST_STEP][PASSED] - click(findTestObject("Object Repository/Avangard New/Object (Тренер)/button exit"), STOP_ON_FAILURE): Object: 'Object Repository/Avangard New/Object (Тренер)/button exit' is clicked on

2022-02-25 09:17:56 - [MESSAGE][PASSED] - Object: 'Object Repository/Avangard New/Object (Тренер)/button exit' is clicked on

2022-02-25 09:17:56 - [TEST_STEP][PASSED] - click(findTestObject("Object Repository/Avangard New/Object (Тренер)/div__1zadacha")): Object: 'Object Repository/Avangard New/Object (Тренер)/div__1zadacha' is clicked on

2022-02-25 09:17:58 - [MESSAGE][PASSED] - Object: 'Object Repository/Avangard New/Object (Тренер)/div__1zadacha' is clicked on

2022-02-25 09:17:58 - [TEST_STEP][NOT_RUN] - click(findTestObject("Object Repository/Avangard New/Object (Тренер)/delete1")): NOT_RUN: click(findTestObject("Object Repository/Avangard New/Object (Тренер)/delete1"))

2022-02-25 09:17:58 - [MESSAGE][NOT_RUN] - NOT_RUN: click(findTestObject("Object Repository/Avangard New/Object (Тренер)/delete1"))

2022-02-25 09:17:58 - [TEST_STEP][PASSED] - click(findTestObject("Object Repository/Avangard New/Object (Тренер)/button close")): Object: 'Object Repository/Avangard New/Object (Тренер)/button close' is clicked on

2022-02-25 09:18:00 - [MESSAGE][PASSED] - Object: 'Object Repository/Avangard New/Object (Тренер)/button close' is clicked on

2022-02-25 09:18:00 - [TEST_STEP][PASSED] - click(findTestObject("Object Repository/Avangard New/Object (Тренер)/save")): Object: 'Object Repository/Avangard New/Object (Тренер)/save' is clicked on

2022-02-25 09:18:02 - [MESSAGE][PASSED] - Object: 'Object Repository/Avangard New/Object (Тренер)/save' is clicked on

2022-02-25 09:18:02 - [TEST_STEP][PASSED] - click(findTestObject("Object Repository/Avangard New/Object (Тренер)/root")): Object: 'Object Repository/Avangard New/Object (Тренер)/root' is clicked on

2022-02-25 09:18:10 - [MESSAGE][PASSED] - Object: 'Object Repository/Avangard New/Object (Тренер)/root' is clicked on

2022-02-25 09:18:10 - [TEST_STEP][PASSED] - closeBrowser(): Browser is closed

2022-02-25 09:18:11 - [MESSAGE][PASSED] - Browser is closed]]></system-out>
         <system-err><![CDATA[]]></system-err>
      </testcase>
      <system-out><![CDATA[2022-02-25 08:54:24 - [TEST_SUITE][FAILED] - Тренер: Test Cases/Тренер/Оценка по играм FAILED.
Reason:
com.kms.katalon.core.exception.StepFailedException: Verify element text of test object 'Object Repository/Avangard New/Object (Тренер)/Case (Оценка по играм)/alert save' FAILED.
	at com.kms.katalon.core.webui.keyword.internal.WebUIKeywordMain.stepFailed(WebUIKeywordMain.groovy:64)
	at com.kms.katalon.core.webui.keyword.internal.WebUIKeywordMain.runKeyword(WebUIKeywordMain.groovy:26)
	at com.kms.katalon.core.webui.keyword.builtin.VerifyElementTextKeyword.verifyElementText(VerifyElementTextKeyword.groovy:72)
	at com.kms.katalon.core.webui.keyword.builtin.VerifyElementTextKeyword.execute(VerifyElementTextKeyword.groovy:40)
	at com.kms.katalon.core.keyword.internal.KeywordExecutor.executeKeywordForPlatform(KeywordExecutor.groovy:74)
	at com.kms.katalon.core.webui.keyword.WebUiBuiltInKeywords.verifyElementText(WebUiBuiltInKeywords.groovy:4749)
	at com.kms.katalon.core.webui.keyword.WebUiBuiltInKeywords$verifyElementText$6.call(Unknown Source)
	at Оценка по играм.run(Оценка по играм:38)
	at com.kms.katalon.core.main.ScriptEngine.run(ScriptEngine.java:194)
	at com.kms.katalon.core.main.ScriptEngine.runScriptAsRawText(ScriptEngine.java:119)
	at com.kms.katalon.core.main.TestCaseExecutor.runScript(TestCaseExecutor.java:442)
	at com.kms.katalon.core.main.TestCaseExecutor.doExecute(TestCaseExecutor.java:433)
	at com.kms.katalon.core.main.TestCaseExecutor.processExecutionPhase(TestCaseExecutor.java:412)
	at com.kms.katalon.core.main.TestCaseExecutor.accessMainPhase(TestCaseExecutor.java:404)
	at com.kms.katalon.core.main.TestCaseExecutor.execute(TestCaseExecutor.java:281)
	at com.kms.katalon.core.main.TestSuiteExecutor.accessTestCaseMainPhase(TestSuiteExecutor.java:202)
	at com.kms.katalon.core.main.TestSuiteExecutor.accessTestSuiteMainPhase(TestSuiteExecutor.java:164)
	at com.kms.katalon.core.main.TestSuiteExecutor.execute(TestSuiteExecutor.java:105)
	at com.kms.katalon.core.main.TestCaseMain.startTestSuite(TestCaseMain.java:185)
	at com.kms.katalon.core.main.TestCaseMain$startTestSuite$0.call(Unknown Source)
	at TempTestSuite1645768441363.run(TempTestSuite1645768441363.groovy:36)
Caused by: com.kms.katalon.core.exception.StepFailedException: com.kms.katalon.core.webui.exception.WebElementNotFoundException: Web element with id: 'Object Repository/Avangard New/Object (Тренер)/Case (Оценка по играм)/alert save' located by '//p[(text() = 'Оценка сохранена' or . = 'Оценка сохранена')]' not found
	at com.kms.katalon.core.webui.keyword.internal.WebUIKeywordMain.stepFailed(WebUIKeywordMain.groovy:64)
	at com.kms.katalon.core.webui.keyword.builtin.VerifyElementTextKeyword$_verifyElementText_closure1.doCall(VerifyElementTextKeyword.groovy:64)
	at com.kms.katalon.core.webui.keyword.builtin.VerifyElementTextKeyword$_verifyElementText_closure1.call(VerifyElementTextKeyword.groovy)
	at com.kms.katalon.core.webui.keyword.internal.WebUIKeywordMain.runKeyword(WebUIKeywordMain.groovy:20)
	... 19 more]]></system-out>
      <system-err><![CDATA[2022-02-25 08:54:24 - [TEST_SUITE][FAILED] - Тренер: Test Cases/Тренер/Оценка по играм FAILED.
Reason:
com.kms.katalon.core.exception.StepFailedException: Verify element text of test object 'Object Repository/Avangard New/Object (Тренер)/Case (Оценка по играм)/alert save' FAILED.
	at com.kms.katalon.core.webui.keyword.internal.WebUIKeywordMain.stepFailed(WebUIKeywordMain.groovy:64)
	at com.kms.katalon.core.webui.keyword.internal.WebUIKeywordMain.runKeyword(WebUIKeywordMain.groovy:26)
	at com.kms.katalon.core.webui.keyword.builtin.VerifyElementTextKeyword.verifyElementText(VerifyElementTextKeyword.groovy:72)
	at com.kms.katalon.core.webui.keyword.builtin.VerifyElementTextKeyword.execute(VerifyElementTextKeyword.groovy:40)
	at com.kms.katalon.core.keyword.internal.KeywordExecutor.executeKeywordForPlatform(KeywordExecutor.groovy:74)
	at com.kms.katalon.core.webui.keyword.WebUiBuiltInKeywords.verifyElementText(WebUiBuiltInKeywords.groovy:4749)
	at com.kms.katalon.core.webui.keyword.WebUiBuiltInKeywords$verifyElementText$6.call(Unknown Source)
	at Оценка по играм.run(Оценка по играм:38)
	at com.kms.katalon.core.main.ScriptEngine.run(ScriptEngine.java:194)
	at com.kms.katalon.core.main.ScriptEngine.runScriptAsRawText(ScriptEngine.java:119)
	at com.kms.katalon.core.main.TestCaseExecutor.runScript(TestCaseExecutor.java:442)
	at com.kms.katalon.core.main.TestCaseExecutor.doExecute(TestCaseExecutor.java:433)
	at com.kms.katalon.core.main.TestCaseExecutor.processExecutionPhase(TestCaseExecutor.java:412)
	at com.kms.katalon.core.main.TestCaseExecutor.accessMainPhase(TestCaseExecutor.java:404)
	at com.kms.katalon.core.main.TestCaseExecutor.execute(TestCaseExecutor.java:281)
	at com.kms.katalon.core.main.TestSuiteExecutor.accessTestCaseMainPhase(TestSuiteExecutor.java:202)
	at com.kms.katalon.core.main.TestSuiteExecutor.accessTestSuiteMainPhase(TestSuiteExecutor.java:164)
	at com.kms.katalon.core.main.TestSuiteExecutor.execute(TestSuiteExecutor.java:105)
	at com.kms.katalon.core.main.TestCaseMain.startTestSuite(TestCaseMain.java:185)
	at com.kms.katalon.core.main.TestCaseMain$startTestSuite$0.call(Unknown Source)
	at TempTestSuite1645768441363.run(TempTestSuite1645768441363.groovy:36)
Caused by: com.kms.katalon.core.exception.StepFailedException: com.kms.katalon.core.webui.exception.WebElementNotFoundException: Web element with id: 'Object Repository/Avangard New/Object (Тренер)/Case (Оценка по играм)/alert save' located by '//p[(text() = 'Оценка сохранена' or . = 'Оценка сохранена')]' not found
	at com.kms.katalon.core.webui.keyword.internal.WebUIKeywordMain.stepFailed(WebUIKeywordMain.groovy:64)
	at com.kms.katalon.core.webui.keyword.builtin.VerifyElementTextKeyword$_verifyElementText_closure1.doCall(VerifyElementTextKeyword.groovy:64)
	at com.kms.katalon.core.webui.keyword.builtin.VerifyElementTextKeyword$_verifyElementText_closure1.call(VerifyElementTextKeyword.groovy)
	at com.kms.katalon.core.webui.keyword.internal.WebUIKeywordMain.runKeyword(WebUIKeywordMain.groovy:20)
	... 19 more]]></system-err>
   </testsuite>
   <testsuite name="Тренер" tests="7" failures="4" errors="0" time="1159.18" skipped="0" timestamp="2022-02-25 08:54:23" hostname="LENOVO - DESKTOP-KNHN0AA" id="Test Suites/Тренер">
      <properties>
         <property name="deviceName" value=""/>
         <property name="devicePlatform" value=""/>
         <property name="logFolder" value="C:\\Users\\LENOVO\\Katalon Studio\\Avangard\\Reports\\20220225_085350\\\u0422\u0440\u0435\u043D\u0435\u0440\\20220225_085403"/>
         <property name="logFiles" value="C:\\Users\\LENOVO\\Katalon Studio\\Avangard\\Reports\\20220225_085350\\\u0422\u0440\u0435\u043D\u0435\u0440\\20220225_085403\\execution0.log"/>
         <property name="attachments" value="C:\\Users\\LENOVO\\Katalon Studio\\Avangard\\Reports\\20220225_085350\\\u0422\u0440\u0435\u043D\u0435\u0440\\20220225_085403\\1645768748271.png, C:\\Users\\LENOVO\\Katalon Studio\\Avangard\\Reports\\20220225_085350\\\u0422\u0440\u0435\u043D\u0435\u0440\\20220225_085403\\1645769170662.png, C:\\Users\\LENOVO\\Katalon Studio\\Avangard\\Reports\\20220225_085350\\\u0422\u0440\u0435\u043D\u0435\u0440\\20220225_085403\\1645769173374.png, C:\\Users\\LENOVO\\Katalon Studio\\Avangard\\Reports\\20220225_085350\\\u0422\u0440\u0435\u043D\u0435\u0440\\20220225_085403\\1645769333278.png"/>
         <property name="hostName" value="LENOVO - DESKTOP-KNHN0AA"/>
         <property name="remoteDriverUrl" value="testcloud.katalon.com/hub"/>
         <property name="desiredCapabilities" value="{
  &quot;acceptInsecureCerts&quot;: false,
  &quot;browserName&quot;: &quot;chrome&quot;,
  &quot;browserVersion&quot;: &quot;97.0.4692.71&quot;,
  &quot;chrome&quot;: {
    &quot;chromedriverVersion&quot;: &quot;97.0.4692.71 (adefa7837d02a07a604c1e6eff0b3a09422ab88d-refs/branch-heads/4692@{#1247})&quot;,
    &quot;userDataDir&quot;: &quot;/tmp/.com.google.Chrome.AdtGC6&quot;
  },
  &quot;goog:chromeOptions&quot;: {
    &quot;debuggerAddress&quot;: &quot;localhost:38699&quot;
  },
  &quot;javascriptEnabled&quot;: true,
  &quot;networkConnectionEnabled&quot;: false,
  &quot;pageLoadStrategy&quot;: &quot;normal&quot;,
  &quot;platform&quot;: &quot;LINUX&quot;,
  &quot;platformName&quot;: &quot;LINUX&quot;,
  &quot;proxy&quot;: {
    &quot;proxyType&quot;: &quot;DIRECT&quot;,
    &quot;autodetect&quot;: false
  },
  &quot;se:cdp&quot;: &quot;ws://172.48.152.250:4444/session/40821cdb5fef1217bafd057d4a97cdf2/se/cdp&quot;,
  &quot;se:cdpVersion&quot;: &quot;97.0.4692.71&quot;,
  &quot;se:vnc&quot;: &quot;ws://172.48.152.250:4444/session/40821cdb5fef1217bafd057d4a97cdf2/se/vnc&quot;,
  &quot;se:vncEnabled&quot;: true,
  &quot;se:vncLocalAddress&quot;: &quot;ws://172.48.152.250:7900&quot;,
  &quot;setWindowRect&quot;: true,
  &quot;strictFileInteractability&quot;: false,
  &quot;timeouts&quot;: {
    &quot;implicit&quot;: 0,
    &quot;pageLoad&quot;: 300000,
    &quot;script&quot;: 30000
  },
  &quot;unhandledPromptBehavior&quot;: &quot;dismiss and notify&quot;,
  &quot;webauthn:extension:credBlob&quot;: true,
  &quot;webauthn:extension:largeBlob&quot;: true,
  &quot;webauthn:virtualAuthenticators&quot;: true
}"/>
         <property name="os" value="Windows 10 64bit"/>
         <property name="remoteOS" value="Linux"/>
         <property name="katalonVersion" value="8.2.5.208"/>
         <property name="browser" value="Chrome 97.0.4692.71"/>
         <property name="hostAddress" value="192.168.2.113"/>
         <property name="sessionId" value="40821cdb5fef1217bafd057d4a97cdf2"/>
         <property name="seleniumVersion" value="3.141.59"/>
         <property name="proxyInformation" value="ProxyInformation { proxyOption=NO_PROXY, proxyServerType=HTTP, username=, password=********, proxyServerAddress=, proxyServerPort=0, executionList=&quot;&quot;, isApplyToDesiredCapabilities=true }"/>
         <property name="platform" value="Windows 10"/>
      </properties>
      <testcase name="Test Cases/Тренер/Авторизация" time="14.198" classname="Test Cases/Тренер/Авторизация" status="FAILED">
         <failure type="FAILED" message="Test Cases/Тренер/Авторизация FAILED.
Reason:
com.kms.katalon.core.exception.StepFailedException: Unable to open browser with url: ''
	at com.kms.katalon.core.webui.keyword.internal.WebUIKeywordMain.stepFailed(WebUIKeywordMain.groovy:64)
	at com.kms.katalon.core.webui.keyword.internal.WebUIKeywordMain.runKeyword(WebUIKeywordMain.groovy:26)
	at com.kms.katalon.core.webui.keyword.builtin.OpenBrowserKeyword.openBrowser(OpenBrowserKeyword.groovy:81)
	at com.kms.katalon.core.webui.keyword.builtin.OpenBrowserKeyword.execute(OpenBrowserKeyword.groovy:67)
	at com.kms.katalon.core.keyword.internal.KeywordExecutor.executeKeywordForPlatform(KeywordExecutor.groovy:74)
	at com.kms.katalon.core.webui.keyword.WebUiBuiltInKeywords.openBrowser(WebUiBuiltInKeywords.groovy:64)
	at com.kms.katalon.core.webui.keyword.WebUiBuiltInKeywords$openBrowser.call(Unknown Source)
	at Авторизация.run(Авторизация:20)
	at com.kms.katalon.core.main.ScriptEngine.run(ScriptEngine.java:194)
	at com.kms.katalon.core.main.ScriptEngine.runScriptAsRawText(ScriptEngine.java:119)
	at com.kms.katalon.core.main.TestCaseExecutor.runScript(TestCaseExecutor.java:442)
	at com.kms.katalon.core.main.TestCaseExecutor.doExecute(TestCaseExecutor.java:433)
	at com.kms.katalon.core.main.TestCaseExecutor.processExecutionPhase(TestCaseExecutor.java:412)
	at com.kms.katalon.core.main.TestCaseExecutor.accessMainPhase(TestCaseExecutor.java:404)
	at com.kms.katalon.core.main.TestCaseExecutor.execute(TestCaseExecutor.java:281)
	at com.kms.katalon.core.main.TestSuiteExecutor.accessTestCaseMainPhase(TestSuiteExecutor.java:202)
	at com.kms.katalon.core.main.TestSuiteExecutor.accessTestSuiteMainPhase(TestSuiteExecutor.java:164)
	at com.kms.katalon.core.main.TestSuiteExecutor.execute(TestSuiteExecutor.java:105)
	at com.kms.katalon.core.main.TestCaseMain.startTestSuite(TestCaseMain.java:185)
	at com.kms.katalon.core.main.TestCaseMain$startTestSuite$0.call(Unknown Source)
	at TempTestSuite1645768443310.run(TempTestSuite1645768443310.groovy:36)
Caused by: org.openqa.selenium.WebDriverException: Unknown error, status code 500
Build info: version: '3.141.59', revision: 'e82be7d358', time: '2018-11-14T08:25:53'
System info: host: 'DESKTOP-KNHN0AA', ip: '192.168.2.113', os.name: 'Windows 10', os.arch: 'amd64', os.version: '10.0', java.version: '1.8.0_282'
Driver info: driver.version: CRemoteWebDriver
remote stacktrace: javax.ws.rs.WebApplicationException: Unknown error, status code 500
	at org.jboss.resteasy.microprofile.client.DefaultResponseExceptionMapper.toThrowable(DefaultResponseExceptionMapper.java:21)
	at org.jboss.resteasy.microprofile.client.ExceptionMapping$HandlerException.mapException(ExceptionMapping.java:41)
	at org.jboss.resteasy.microprofile.client.ProxyInvocationHandler.invoke(ProxyInvocationHandler.java:153)
	at com.sun.proxy.$Proxy30.startOnboardingTenant(Unknown Source)
	at com.katalon.testcloud.grid.app.onboarding.facade.OnboardingFacadeImpl.startOnboardingTenantIfNot(OnboardingFacadeImpl.java:36)
	at com.katalon.testcloud.grid.router.filter.OnboardingFilter.handleNewSessionRequest(OnboardingFilter.java:41)
	at com.katalon.testcloud.grid.router.filter.NewSessionFilter.handleRequest(NewSessionFilter.java:42)
	at com.katalon.testcloud.grid.router.filter.UserAuthFilter.filter(UserAuthFilter.java:36)
	at com.katalon.testcloud.grid.router.filter.AppFilter.lambda$apply$0(AppFilter.java:35)
	at org.openqa.selenium.remote.http.Filter$1.execute(Filter.java:64)
	at org.openqa.selenium.remote.AddWebDriverSpecHeaders.lambda$apply$0(AddWebDriverSpecHeaders.java:35)
	at org.openqa.selenium.remote.ErrorFilter.lambda$apply$0(ErrorFilter.java:44)
	at org.openqa.selenium.remote.http.Filter$1.execute(Filter.java:64)
	at org.openqa.selenium.remote.ErrorFilter.lambda$apply$0(ErrorFilter.java:44)
	at org.openqa.selenium.remote.http.Filter$1.execute(Filter.java:64)
	at org.openqa.selenium.netty.server.SeleniumHandler.lambda$channelRead0$0(SeleniumHandler.java:44)
	at java.base/java.util.concurrent.Executors$RunnableAdapter.call(Executors.java:515)
	at java.base/java.util.concurrent.FutureTask.run(FutureTask.java:264)
	at java.base/java.util.concurrent.ThreadPoolExecutor.runWorker(ThreadPoolExecutor.java:1128)
	at java.base/java.util.concurrent.ThreadPoolExecutor$Worker.run(ThreadPoolExecutor.java:628)
	at java.base/java.lang.Thread.run(Thread.java:829)

	at org.openqa.selenium.remote.W3CHandshakeResponse.lambda$errorHandler$0(W3CHandshakeResponse.java:62)
	at org.openqa.selenium.remote.HandshakeResponse.lambda$getResponseFunction$0(HandshakeResponse.java:30)
	at org.openqa.selenium.remote.ProtocolHandshake.lambda$createSession$0(ProtocolHandshake.java:126)
	at org.openqa.selenium.remote.ProtocolHandshake.createSession(ProtocolHandshake.java:128)
	at org.openqa.selenium.remote.ProtocolHandshake.createSession(ProtocolHandshake.java:74)
	at org.openqa.selenium.remote.HttpCommandExecutor.execute(HttpCommandExecutor.java:136)
	at org.openqa.selenium.remote.RemoteWebDriver.execute(RemoteWebDriver.java:552)
	at com.kms.katalon.selenium.driver.CRemoteWebDriver.execute(CRemoteWebDriver.java:30)
	at org.openqa.selenium.remote.RemoteWebDriver.startSession(RemoteWebDriver.java:213)
	at org.openqa.selenium.remote.RemoteWebDriver.&lt;init>(RemoteWebDriver.java:131)
	at com.kms.katalon.selenium.driver.CRemoteWebDriver.&lt;init>(CRemoteWebDriver.java:20)
	at com.kms.katalon.core.webui.driver.DriverFactory.createNewRemoteWebDriver(DriverFactory.java:542)
	at com.kms.katalon.core.webui.driver.DriverFactory.startRemoteBrowser(DriverFactory.java:326)
	at com.kms.katalon.core.webui.driver.DriverFactory.openWebDriver(DriverFactory.java:251)
	at com.kms.katalon.core.webui.keyword.builtin.OpenBrowserKeyword$_openBrowser_closure1.doCall(OpenBrowserKeyword.groovy:74)
	at com.kms.katalon.core.webui.keyword.builtin.OpenBrowserKeyword$_openBrowser_closure1.call(OpenBrowserKeyword.groovy)
	at com.kms.katalon.core.webui.keyword.internal.WebUIKeywordMain.runKeyword(WebUIKeywordMain.groovy:20)
	... 19 more
"/>
         <system-out><![CDATA[2022-02-25 08:54:25 - [TEST_CASE][FAILED] - Test Cases/Тренер/Авторизация: Test Cases/Тренер/Авторизация FAILED.
Reason:
com.kms.katalon.core.exception.StepFailedException: Unable to open browser with url: ''
	at com.kms.katalon.core.webui.keyword.internal.WebUIKeywordMain.stepFailed(WebUIKeywordMain.groovy:64)
	at com.kms.katalon.core.webui.keyword.internal.WebUIKeywordMain.runKeyword(WebUIKeywordMain.groovy:26)
	at com.kms.katalon.core.webui.keyword.builtin.OpenBrowserKeyword.openBrowser(OpenBrowserKeyword.groovy:81)
	at com.kms.katalon.core.webui.keyword.builtin.OpenBrowserKeyword.execute(OpenBrowserKeyword.groovy:67)
	at com.kms.katalon.core.keyword.internal.KeywordExecutor.executeKeywordForPlatform(KeywordExecutor.groovy:74)
	at com.kms.katalon.core.webui.keyword.WebUiBuiltInKeywords.openBrowser(WebUiBuiltInKeywords.groovy:64)
	at com.kms.katalon.core.webui.keyword.WebUiBuiltInKeywords$openBrowser.call(Unknown Source)
	at Авторизация.run(Авторизация:20)
	at com.kms.katalon.core.main.ScriptEngine.run(ScriptEngine.java:194)
	at com.kms.katalon.core.main.ScriptEngine.runScriptAsRawText(ScriptEngine.java:119)
	at com.kms.katalon.core.main.TestCaseExecutor.runScript(TestCaseExecutor.java:442)
	at com.kms.katalon.core.main.TestCaseExecutor.doExecute(TestCaseExecutor.java:433)
	at com.kms.katalon.core.main.TestCaseExecutor.processExecutionPhase(TestCaseExecutor.java:412)
	at com.kms.katalon.core.main.TestCaseExecutor.accessMainPhase(TestCaseExecutor.java:404)
	at com.kms.katalon.core.main.TestCaseExecutor.execute(TestCaseExecutor.java:281)
	at com.kms.katalon.core.main.TestSuiteExecutor.accessTestCaseMainPhase(TestSuiteExecutor.java:202)
	at com.kms.katalon.core.main.TestSuiteExecutor.accessTestSuiteMainPhase(TestSuiteExecutor.java:164)
	at com.kms.katalon.core.main.TestSuiteExecutor.execute(TestSuiteExecutor.java:105)
	at com.kms.katalon.core.main.TestCaseMain.startTestSuite(TestCaseMain.java:185)
	at com.kms.katalon.core.main.TestCaseMain$startTestSuite$0.call(Unknown Source)
	at TempTestSuite1645768443310.run(TempTestSuite1645768443310.groovy:36)
Caused by: org.openqa.selenium.WebDriverException: Unknown error, status code 500
Build info: version: '3.141.59', revision: 'e82be7d358', time: '2018-11-14T08:25:53'
System info: host: 'DESKTOP-KNHN0AA', ip: '192.168.2.113', os.name: 'Windows 10', os.arch: 'amd64', os.version: '10.0', java.version: '1.8.0_282'
Driver info: driver.version: CRemoteWebDriver
remote stacktrace: javax.ws.rs.WebApplicationException: Unknown error, status code 500
	at org.jboss.resteasy.microprofile.client.DefaultResponseExceptionMapper.toThrowable(DefaultResponseExceptionMapper.java:21)
	at org.jboss.resteasy.microprofile.client.ExceptionMapping$HandlerException.mapException(ExceptionMapping.java:41)
	at org.jboss.resteasy.microprofile.client.ProxyInvocationHandler.invoke(ProxyInvocationHandler.java:153)
	at com.sun.proxy.$Proxy30.startOnboardingTenant(Unknown Source)
	at com.katalon.testcloud.grid.app.onboarding.facade.OnboardingFacadeImpl.startOnboardingTenantIfNot(OnboardingFacadeImpl.java:36)
	at com.katalon.testcloud.grid.router.filter.OnboardingFilter.handleNewSessionRequest(OnboardingFilter.java:41)
	at com.katalon.testcloud.grid.router.filter.NewSessionFilter.handleRequest(NewSessionFilter.java:42)
	at com.katalon.testcloud.grid.router.filter.UserAuthFilter.filter(UserAuthFilter.java:36)
	at com.katalon.testcloud.grid.router.filter.AppFilter.lambda$apply$0(AppFilter.java:35)
	at org.openqa.selenium.remote.http.Filter$1.execute(Filter.java:64)
	at org.openqa.selenium.remote.AddWebDriverSpecHeaders.lambda$apply$0(AddWebDriverSpecHeaders.java:35)
	at org.openqa.selenium.remote.ErrorFilter.lambda$apply$0(ErrorFilter.java:44)
	at org.openqa.selenium.remote.http.Filter$1.execute(Filter.java:64)
	at org.openqa.selenium.remote.ErrorFilter.lambda$apply$0(ErrorFilter.java:44)
	at org.openqa.selenium.remote.http.Filter$1.execute(Filter.java:64)
	at org.openqa.selenium.netty.server.SeleniumHandler.lambda$channelRead0$0(SeleniumHandler.java:44)
	at java.base/java.util.concurrent.Executors$RunnableAdapter.call(Executors.java:515)
	at java.base/java.util.concurrent.FutureTask.run(FutureTask.java:264)
	at java.base/java.util.concurrent.ThreadPoolExecutor.runWorker(ThreadPoolExecutor.java:1128)
	at java.base/java.util.concurrent.ThreadPoolExecutor$Worker.run(ThreadPoolExecutor.java:628)
	at java.base/java.lang.Thread.run(Thread.java:829)

	at org.openqa.selenium.remote.W3CHandshakeResponse.lambda$errorHandler$0(W3CHandshakeResponse.java:62)
	at org.openqa.selenium.remote.HandshakeResponse.lambda$getResponseFunction$0(HandshakeResponse.java:30)
	at org.openqa.selenium.remote.ProtocolHandshake.lambda$createSession$0(ProtocolHandshake.java:126)
	at org.openqa.selenium.remote.ProtocolHandshake.createSession(ProtocolHandshake.java:128)
	at org.openqa.selenium.remote.ProtocolHandshake.createSession(ProtocolHandshake.java:74)
	at org.openqa.selenium.remote.HttpCommandExecutor.execute(HttpCommandExecutor.java:136)
	at org.openqa.selenium.remote.RemoteWebDriver.execute(RemoteWebDriver.java:552)
	at com.kms.katalon.selenium.driver.CRemoteWebDriver.execute(CRemoteWebDriver.java:30)
	at org.openqa.selenium.remote.RemoteWebDriver.startSession(RemoteWebDriver.java:213)
	at org.openqa.selenium.remote.RemoteWebDriver.<init>(RemoteWebDriver.java:131)
	at com.kms.katalon.selenium.driver.CRemoteWebDriver.<init>(CRemoteWebDriver.java:20)
	at com.kms.katalon.core.webui.driver.DriverFactory.createNewRemoteWebDriver(DriverFactory.java:542)
	at com.kms.katalon.core.webui.driver.DriverFactory.startRemoteBrowser(DriverFactory.java:326)
	at com.kms.katalon.core.webui.driver.DriverFactory.openWebDriver(DriverFactory.java:251)
	at com.kms.katalon.core.webui.keyword.builtin.OpenBrowserKeyword$_openBrowser_closure1.doCall(OpenBrowserKeyword.groovy:74)
	at com.kms.katalon.core.webui.keyword.builtin.OpenBrowserKeyword$_openBrowser_closure1.call(OpenBrowserKeyword.groovy)
	at com.kms.katalon.core.webui.keyword.internal.WebUIKeywordMain.runKeyword(WebUIKeywordMain.groovy:20)
	... 19 more


2022-02-25 08:54:29 - [TEST_STEP][FAILED] - openBrowser(""): Unable to open browser with url: '' (Root cause: com.kms.katalon.core.exception.StepFailedException: Unable to open browser with url: ''
	at com.kms.katalon.core.webui.keyword.internal.WebUIKeywordMain.stepFailed(WebUIKeywordMain.groovy:64)
	at com.kms.katalon.core.webui.keyword.internal.WebUIKeywordMain.runKeyword(WebUIKeywordMain.groovy:26)
	at com.kms.katalon.core.webui.keyword.builtin.OpenBrowserKeyword.openBrowser(OpenBrowserKeyword.groovy:81)
	at com.kms.katalon.core.webui.keyword.builtin.OpenBrowserKeyword.execute(OpenBrowserKeyword.groovy:67)
	at com.kms.katalon.core.keyword.internal.KeywordExecutor.executeKeywordForPlatform(KeywordExecutor.groovy:74)
	at com.kms.katalon.core.webui.keyword.WebUiBuiltInKeywords.openBrowser(WebUiBuiltInKeywords.groovy:64)
	at com.kms.katalon.core.webui.keyword.WebUiBuiltInKeywords$openBrowser.call(Unknown Source)
	at Авторизация.run(Авторизация:20)
	at com.kms.katalon.core.main.ScriptEngine.run(ScriptEngine.java:194)
	at com.kms.katalon.core.main.ScriptEngine.runScriptAsRawText(ScriptEngine.java:119)
	at com.kms.katalon.core.main.TestCaseExecutor.runScript(TestCaseExecutor.java:442)
	at com.kms.katalon.core.main.TestCaseExecutor.doExecute(TestCaseExecutor.java:433)
	at com.kms.katalon.core.main.TestCaseExecutor.processExecutionPhase(TestCaseExecutor.java:412)
	at com.kms.katalon.core.main.TestCaseExecutor.accessMainPhase(TestCaseExecutor.java:404)
	at com.kms.katalon.core.main.TestCaseExecutor.execute(TestCaseExecutor.java:281)
	at com.kms.katalon.core.main.TestSuiteExecutor.accessTestCaseMainPhase(TestSuiteExecutor.java:202)
	at com.kms.katalon.core.main.TestSuiteExecutor.accessTestSuiteMainPhase(TestSuiteExecutor.java:164)
	at com.kms.katalon.core.main.TestSuiteExecutor.execute(TestSuiteExecutor.java:105)
	at com.kms.katalon.core.main.TestCaseMain.startTestSuite(TestCaseMain.java:185)
	at com.kms.katalon.core.main.TestCaseMain$startTestSuite$0.call(Unknown Source)
	at TempTestSuite1645768443310.run(TempTestSuite1645768443310.groovy:36)
Caused by: org.openqa.selenium.WebDriverException: Unknown error, status code 500
Build info: version: '3.141.59', revision: 'e82be7d358', time: '2018-11-14T08:25:53'
System info: host: 'DESKTOP-KNHN0AA', ip: '192.168.2.113', os.name: 'Windows 10', os.arch: 'amd64', os.version: '10.0', java.version: '1.8.0_282'
Driver info: driver.version: CRemoteWebDriver
remote stacktrace: javax.ws.rs.WebApplicationException: Unknown error, status code 500
	at org.jboss.resteasy.microprofile.client.DefaultResponseExceptionMapper.toThrowable(DefaultResponseExceptionMapper.java:21)
	at org.jboss.resteasy.microprofile.client.ExceptionMapping$HandlerException.mapException(ExceptionMapping.java:41)
	at org.jboss.resteasy.microprofile.client.ProxyInvocationHandler.invoke(ProxyInvocationHandler.java:153)
	at com.sun.proxy.$Proxy30.startOnboardingTenant(Unknown Source)
	at com.katalon.testcloud.grid.app.onboarding.facade.OnboardingFacadeImpl.startOnboardingTenantIfNot(OnboardingFacadeImpl.java:36)
	at com.katalon.testcloud.grid.router.filter.OnboardingFilter.handleNewSessionRequest(OnboardingFilter.java:41)
	at com.katalon.testcloud.grid.router.filter.NewSessionFilter.handleRequest(NewSessionFilter.java:42)
	at com.katalon.testcloud.grid.router.filter.UserAuthFilter.filter(UserAuthFilter.java:36)
	at com.katalon.testcloud.grid.router.filter.AppFilter.lambda$apply$0(AppFilter.java:35)
	at org.openqa.selenium.remote.http.Filter$1.execute(Filter.java:64)
	at org.openqa.selenium.remote.AddWebDriverSpecHeaders.lambda$apply$0(AddWebDriverSpecHeaders.java:35)
	at org.openqa.selenium.remote.ErrorFilter.lambda$apply$0(ErrorFilter.java:44)
	at org.openqa.selenium.remote.http.Filter$1.execute(Filter.java:64)
	at org.openqa.selenium.remote.ErrorFilter.lambda$apply$0(ErrorFilter.java:44)
	at org.openqa.selenium.remote.http.Filter$1.execute(Filter.java:64)
	at org.openqa.selenium.netty.server.SeleniumHandler.lambda$channelRead0$0(SeleniumHandler.java:44)
	at java.base/java.util.concurrent.Executors$RunnableAdapter.call(Executors.java:515)
	at java.base/java.util.concurrent.FutureTask.run(FutureTask.java:264)
	at java.base/java.util.concurrent.ThreadPoolExecutor.runWorker(ThreadPoolExecutor.java:1128)
	at java.base/java.util.concurrent.ThreadPoolExecutor$Worker.run(ThreadPoolExecutor.java:628)
	at java.base/java.lang.Thread.run(Thread.java:829)

	at org.openqa.selenium.remote.W3CHandshakeResponse.lambda$errorHandler$0(W3CHandshakeResponse.java:62)
	at org.openqa.selenium.remote.HandshakeResponse.lambda$getResponseFunction$0(HandshakeResponse.java:30)
	at org.openqa.selenium.remote.ProtocolHandshake.lambda$createSession$0(ProtocolHandshake.java:126)
	at org.openqa.selenium.remote.ProtocolHandshake.createSession(ProtocolHandshake.java:128)
	at org.openqa.selenium.remote.ProtocolHandshake.createSession(ProtocolHandshake.java:74)
	at org.openqa.selenium.remote.HttpCommandExecutor.execute(HttpCommandExecutor.java:136)
	at org.openqa.selenium.remote.RemoteWebDriver.execute(RemoteWebDriver.java:552)
	at com.kms.katalon.selenium.driver.CRemoteWebDriver.execute(CRemoteWebDriver.java:30)
	at org.openqa.selenium.remote.RemoteWebDriver.startSession(RemoteWebDriver.java:213)
	at org.openqa.selenium.remote.RemoteWebDriver.<init>(RemoteWebDriver.java:131)
	at com.kms.katalon.selenium.driver.CRemoteWebDriver.<init>(CRemoteWebDriver.java:20)
	at com.kms.katalon.core.webui.driver.DriverFactory.createNewRemoteWebDriver(DriverFactory.java:542)
	at com.kms.katalon.core.webui.driver.DriverFactory.startRemoteBrowser(DriverFactory.java:326)
	at com.kms.katalon.core.webui.driver.DriverFactory.openWebDriver(DriverFactory.java:251)
	at com.kms.katalon.core.webui.keyword.builtin.OpenBrowserKeyword$_openBrowser_closure1.doCall(OpenBrowserKeyword.groovy:74)
	at com.kms.katalon.core.webui.keyword.builtin.OpenBrowserKeyword$_openBrowser_closure1.call(OpenBrowserKeyword.groovy)
	at com.kms.katalon.core.webui.keyword.internal.WebUIKeywordMain.runKeyword(WebUIKeywordMain.groovy:20)
	at com.kms.katalon.core.webui.keyword.builtin.OpenBrowserKeyword.openBrowser(OpenBrowserKeyword.groovy:81)
	at com.kms.katalon.core.webui.keyword.builtin.OpenBrowserKeyword.execute(OpenBrowserKeyword.groovy:67)
	at com.kms.katalon.core.keyword.internal.KeywordExecutor.executeKeywordForPlatform(KeywordExecutor.groovy:74)
	at com.kms.katalon.core.webui.keyword.WebUiBuiltInKeywords.openBrowser(WebUiBuiltInKeywords.groovy:64)
	at com.kms.katalon.core.webui.keyword.WebUiBuiltInKeywords$openBrowser.call(Unknown Source)
	at Script1645118523381.run(Script1645118523381.groovy:20)
	... 13 more
)

2022-02-25 08:54:33 - [MESSAGE][INFO] - User set preference: ['os', 'linux']

2022-02-25 08:54:33 - [MESSAGE][INFO] - User set preference: ['browserName', 'chrome']

2022-02-25 08:54:33 - [MESSAGE][INFO] - User set preference: ['browserVersion', '97']

2022-02-25 08:54:33 - [MESSAGE][INFO] - User set preference: ['katalon:option', '{organizationId=564672, tunnelId=, usingTunnel=false}']

2022-02-25 08:54:33 - [MESSAGE][INFO] - Connecting to remote web server 'testcloud.katalon.com/hub' with type 'Selenium'

2022-02-25 08:54:36 - [MESSAGE][INFO] - Action delay is set to 100 milliseconds

2022-02-25 08:54:39 - [MESSAGE][FAILED] - Unable to open browser with url: '' (Root cause: com.kms.katalon.core.exception.StepFailedException: Unable to open browser with url: ''
	at com.kms.katalon.core.webui.keyword.internal.WebUIKeywordMain.stepFailed(WebUIKeywordMain.groovy:64)
	at com.kms.katalon.core.webui.keyword.internal.WebUIKeywordMain.runKeyword(WebUIKeywordMain.groovy:26)
	at com.kms.katalon.core.webui.keyword.builtin.OpenBrowserKeyword.openBrowser(OpenBrowserKeyword.groovy:81)
	at com.kms.katalon.core.webui.keyword.builtin.OpenBrowserKeyword.execute(OpenBrowserKeyword.groovy:67)
	at com.kms.katalon.core.keyword.internal.KeywordExecutor.executeKeywordForPlatform(KeywordExecutor.groovy:74)
	at com.kms.katalon.core.webui.keyword.WebUiBuiltInKeywords.openBrowser(WebUiBuiltInKeywords.groovy:64)
	at com.kms.katalon.core.webui.keyword.WebUiBuiltInKeywords$openBrowser.call(Unknown Source)
	at Авторизация.run(Авторизация:20)
	at com.kms.katalon.core.main.ScriptEngine.run(ScriptEngine.java:194)
	at com.kms.katalon.core.main.ScriptEngine.runScriptAsRawText(ScriptEngine.java:119)
	at com.kms.katalon.core.main.TestCaseExecutor.runScript(TestCaseExecutor.java:442)
	at com.kms.katalon.core.main.TestCaseExecutor.doExecute(TestCaseExecutor.java:433)
	at com.kms.katalon.core.main.TestCaseExecutor.processExecutionPhase(TestCaseExecutor.java:412)
	at com.kms.katalon.core.main.TestCaseExecutor.accessMainPhase(TestCaseExecutor.java:404)
	at com.kms.katalon.core.main.TestCaseExecutor.execute(TestCaseExecutor.java:281)
	at com.kms.katalon.core.main.TestSuiteExecutor.accessTestCaseMainPhase(TestSuiteExecutor.java:202)
	at com.kms.katalon.core.main.TestSuiteExecutor.accessTestSuiteMainPhase(TestSuiteExecutor.java:164)
	at com.kms.katalon.core.main.TestSuiteExecutor.execute(TestSuiteExecutor.java:105)
	at com.kms.katalon.core.main.TestCaseMain.startTestSuite(TestCaseMain.java:185)
	at com.kms.katalon.core.main.TestCaseMain$startTestSuite$0.call(Unknown Source)
	at TempTestSuite1645768443310.run(TempTestSuite1645768443310.groovy:36)
Caused by: org.openqa.selenium.WebDriverException: Unknown error, status code 500
Build info: version: '3.141.59', revision: 'e82be7d358', time: '2018-11-14T08:25:53'
System info: host: 'DESKTOP-KNHN0AA', ip: '192.168.2.113', os.name: 'Windows 10', os.arch: 'amd64', os.version: '10.0', java.version: '1.8.0_282'
Driver info: driver.version: CRemoteWebDriver
remote stacktrace: javax.ws.rs.WebApplicationException: Unknown error, status code 500
	at org.jboss.resteasy.microprofile.client.DefaultResponseExceptionMapper.toThrowable(DefaultResponseExceptionMapper.java:21)
	at org.jboss.resteasy.microprofile.client.ExceptionMapping$HandlerException.mapException(ExceptionMapping.java:41)
	at org.jboss.resteasy.microprofile.client.ProxyInvocationHandler.invoke(ProxyInvocationHandler.java:153)
	at com.sun.proxy.$Proxy30.startOnboardingTenant(Unknown Source)
	at com.katalon.testcloud.grid.app.onboarding.facade.OnboardingFacadeImpl.startOnboardingTenantIfNot(OnboardingFacadeImpl.java:36)
	at com.katalon.testcloud.grid.router.filter.OnboardingFilter.handleNewSessionRequest(OnboardingFilter.java:41)
	at com.katalon.testcloud.grid.router.filter.NewSessionFilter.handleRequest(NewSessionFilter.java:42)
	at com.katalon.testcloud.grid.router.filter.UserAuthFilter.filter(UserAuthFilter.java:36)
	at com.katalon.testcloud.grid.router.filter.AppFilter.lambda$apply$0(AppFilter.java:35)
	at org.openqa.selenium.remote.http.Filter$1.execute(Filter.java:64)
	at org.openqa.selenium.remote.AddWebDriverSpecHeaders.lambda$apply$0(AddWebDriverSpecHeaders.java:35)
	at org.openqa.selenium.remote.ErrorFilter.lambda$apply$0(ErrorFilter.java:44)
	at org.openqa.selenium.remote.http.Filter$1.execute(Filter.java:64)
	at org.openqa.selenium.remote.ErrorFilter.lambda$apply$0(ErrorFilter.java:44)
	at org.openqa.selenium.remote.http.Filter$1.execute(Filter.java:64)
	at org.openqa.selenium.netty.server.SeleniumHandler.lambda$channelRead0$0(SeleniumHandler.java:44)
	at java.base/java.util.concurrent.Executors$RunnableAdapter.call(Executors.java:515)
	at java.base/java.util.concurrent.FutureTask.run(FutureTask.java:264)
	at java.base/java.util.concurrent.ThreadPoolExecutor.runWorker(ThreadPoolExecutor.java:1128)
	at java.base/java.util.concurrent.ThreadPoolExecutor$Worker.run(ThreadPoolExecutor.java:628)
	at java.base/java.lang.Thread.run(Thread.java:829)

	at org.openqa.selenium.remote.W3CHandshakeResponse.lambda$errorHandler$0(W3CHandshakeResponse.java:62)
	at org.openqa.selenium.remote.HandshakeResponse.lambda$getResponseFunction$0(HandshakeResponse.java:30)
	at org.openqa.selenium.remote.ProtocolHandshake.lambda$createSession$0(ProtocolHandshake.java:126)
	at org.openqa.selenium.remote.ProtocolHandshake.createSession(ProtocolHandshake.java:128)
	at org.openqa.selenium.remote.ProtocolHandshake.createSession(ProtocolHandshake.java:74)
	at org.openqa.selenium.remote.HttpCommandExecutor.execute(HttpCommandExecutor.java:136)
	at org.openqa.selenium.remote.RemoteWebDriver.execute(RemoteWebDriver.java:552)
	at com.kms.katalon.selenium.driver.CRemoteWebDriver.execute(CRemoteWebDriver.java:30)
	at org.openqa.selenium.remote.RemoteWebDriver.startSession(RemoteWebDriver.java:213)
	at org.openqa.selenium.remote.RemoteWebDriver.<init>(RemoteWebDriver.java:131)
	at com.kms.katalon.selenium.driver.CRemoteWebDriver.<init>(CRemoteWebDriver.java:20)
	at com.kms.katalon.core.webui.driver.DriverFactory.createNewRemoteWebDriver(DriverFactory.java:542)
	at com.kms.katalon.core.webui.driver.DriverFactory.startRemoteBrowser(DriverFactory.java:326)
	at com.kms.katalon.core.webui.driver.DriverFactory.openWebDriver(DriverFactory.java:251)
	at com.kms.katalon.core.webui.keyword.builtin.OpenBrowserKeyword$_openBrowser_closure1.doCall(OpenBrowserKeyword.groovy:74)
	at com.kms.katalon.core.webui.keyword.builtin.OpenBrowserKeyword$_openBrowser_closure1.call(OpenBrowserKeyword.groovy)
	at com.kms.katalon.core.webui.keyword.internal.WebUIKeywordMain.runKeyword(WebUIKeywordMain.groovy:20)
	at com.kms.katalon.core.webui.keyword.builtin.OpenBrowserKeyword.openBrowser(OpenBrowserKeyword.groovy:81)
	at com.kms.katalon.core.webui.keyword.builtin.OpenBrowserKeyword.execute(OpenBrowserKeyword.groovy:67)
	at com.kms.katalon.core.keyword.internal.KeywordExecutor.executeKeywordForPlatform(KeywordExecutor.groovy:74)
	at com.kms.katalon.core.webui.keyword.WebUiBuiltInKeywords.openBrowser(WebUiBuiltInKeywords.groovy:64)
	at com.kms.katalon.core.webui.keyword.WebUiBuiltInKeywords$openBrowser.call(Unknown Source)
	at Script1645118523381.run(Script1645118523381.groovy:20)
	... 13 more
)]]></system-out>
         <system-err><![CDATA[2022-02-25 08:54:25 - [TEST_CASE][FAILED] - Test Cases/Тренер/Авторизация: Test Cases/Тренер/Авторизация FAILED.
Reason:
com.kms.katalon.core.exception.StepFailedException: Unable to open browser with url: ''
	at com.kms.katalon.core.webui.keyword.internal.WebUIKeywordMain.stepFailed(WebUIKeywordMain.groovy:64)
	at com.kms.katalon.core.webui.keyword.internal.WebUIKeywordMain.runKeyword(WebUIKeywordMain.groovy:26)
	at com.kms.katalon.core.webui.keyword.builtin.OpenBrowserKeyword.openBrowser(OpenBrowserKeyword.groovy:81)
	at com.kms.katalon.core.webui.keyword.builtin.OpenBrowserKeyword.execute(OpenBrowserKeyword.groovy:67)
	at com.kms.katalon.core.keyword.internal.KeywordExecutor.executeKeywordForPlatform(KeywordExecutor.groovy:74)
	at com.kms.katalon.core.webui.keyword.WebUiBuiltInKeywords.openBrowser(WebUiBuiltInKeywords.groovy:64)
	at com.kms.katalon.core.webui.keyword.WebUiBuiltInKeywords$openBrowser.call(Unknown Source)
	at Авторизация.run(Авторизация:20)
	at com.kms.katalon.core.main.ScriptEngine.run(ScriptEngine.java:194)
	at com.kms.katalon.core.main.ScriptEngine.runScriptAsRawText(ScriptEngine.java:119)
	at com.kms.katalon.core.main.TestCaseExecutor.runScript(TestCaseExecutor.java:442)
	at com.kms.katalon.core.main.TestCaseExecutor.doExecute(TestCaseExecutor.java:433)
	at com.kms.katalon.core.main.TestCaseExecutor.processExecutionPhase(TestCaseExecutor.java:412)
	at com.kms.katalon.core.main.TestCaseExecutor.accessMainPhase(TestCaseExecutor.java:404)
	at com.kms.katalon.core.main.TestCaseExecutor.execute(TestCaseExecutor.java:281)
	at com.kms.katalon.core.main.TestSuiteExecutor.accessTestCaseMainPhase(TestSuiteExecutor.java:202)
	at com.kms.katalon.core.main.TestSuiteExecutor.accessTestSuiteMainPhase(TestSuiteExecutor.java:164)
	at com.kms.katalon.core.main.TestSuiteExecutor.execute(TestSuiteExecutor.java:105)
	at com.kms.katalon.core.main.TestCaseMain.startTestSuite(TestCaseMain.java:185)
	at com.kms.katalon.core.main.TestCaseMain$startTestSuite$0.call(Unknown Source)
	at TempTestSuite1645768443310.run(TempTestSuite1645768443310.groovy:36)
Caused by: org.openqa.selenium.WebDriverException: Unknown error, status code 500
Build info: version: '3.141.59', revision: 'e82be7d358', time: '2018-11-14T08:25:53'
System info: host: 'DESKTOP-KNHN0AA', ip: '192.168.2.113', os.name: 'Windows 10', os.arch: 'amd64', os.version: '10.0', java.version: '1.8.0_282'
Driver info: driver.version: CRemoteWebDriver
remote stacktrace: javax.ws.rs.WebApplicationException: Unknown error, status code 500
	at org.jboss.resteasy.microprofile.client.DefaultResponseExceptionMapper.toThrowable(DefaultResponseExceptionMapper.java:21)
	at org.jboss.resteasy.microprofile.client.ExceptionMapping$HandlerException.mapException(ExceptionMapping.java:41)
	at org.jboss.resteasy.microprofile.client.ProxyInvocationHandler.invoke(ProxyInvocationHandler.java:153)
	at com.sun.proxy.$Proxy30.startOnboardingTenant(Unknown Source)
	at com.katalon.testcloud.grid.app.onboarding.facade.OnboardingFacadeImpl.startOnboardingTenantIfNot(OnboardingFacadeImpl.java:36)
	at com.katalon.testcloud.grid.router.filter.OnboardingFilter.handleNewSessionRequest(OnboardingFilter.java:41)
	at com.katalon.testcloud.grid.router.filter.NewSessionFilter.handleRequest(NewSessionFilter.java:42)
	at com.katalon.testcloud.grid.router.filter.UserAuthFilter.filter(UserAuthFilter.java:36)
	at com.katalon.testcloud.grid.router.filter.AppFilter.lambda$apply$0(AppFilter.java:35)
	at org.openqa.selenium.remote.http.Filter$1.execute(Filter.java:64)
	at org.openqa.selenium.remote.AddWebDriverSpecHeaders.lambda$apply$0(AddWebDriverSpecHeaders.java:35)
	at org.openqa.selenium.remote.ErrorFilter.lambda$apply$0(ErrorFilter.java:44)
	at org.openqa.selenium.remote.http.Filter$1.execute(Filter.java:64)
	at org.openqa.selenium.remote.ErrorFilter.lambda$apply$0(ErrorFilter.java:44)
	at org.openqa.selenium.remote.http.Filter$1.execute(Filter.java:64)
	at org.openqa.selenium.netty.server.SeleniumHandler.lambda$channelRead0$0(SeleniumHandler.java:44)
	at java.base/java.util.concurrent.Executors$RunnableAdapter.call(Executors.java:515)
	at java.base/java.util.concurrent.FutureTask.run(FutureTask.java:264)
	at java.base/java.util.concurrent.ThreadPoolExecutor.runWorker(ThreadPoolExecutor.java:1128)
	at java.base/java.util.concurrent.ThreadPoolExecutor$Worker.run(ThreadPoolExecutor.java:628)
	at java.base/java.lang.Thread.run(Thread.java:829)

	at org.openqa.selenium.remote.W3CHandshakeResponse.lambda$errorHandler$0(W3CHandshakeResponse.java:62)
	at org.openqa.selenium.remote.HandshakeResponse.lambda$getResponseFunction$0(HandshakeResponse.java:30)
	at org.openqa.selenium.remote.ProtocolHandshake.lambda$createSession$0(ProtocolHandshake.java:126)
	at org.openqa.selenium.remote.ProtocolHandshake.createSession(ProtocolHandshake.java:128)
	at org.openqa.selenium.remote.ProtocolHandshake.createSession(ProtocolHandshake.java:74)
	at org.openqa.selenium.remote.HttpCommandExecutor.execute(HttpCommandExecutor.java:136)
	at org.openqa.selenium.remote.RemoteWebDriver.execute(RemoteWebDriver.java:552)
	at com.kms.katalon.selenium.driver.CRemoteWebDriver.execute(CRemoteWebDriver.java:30)
	at org.openqa.selenium.remote.RemoteWebDriver.startSession(RemoteWebDriver.java:213)
	at org.openqa.selenium.remote.RemoteWebDriver.<init>(RemoteWebDriver.java:131)
	at com.kms.katalon.selenium.driver.CRemoteWebDriver.<init>(CRemoteWebDriver.java:20)
	at com.kms.katalon.core.webui.driver.DriverFactory.createNewRemoteWebDriver(DriverFactory.java:542)
	at com.kms.katalon.core.webui.driver.DriverFactory.startRemoteBrowser(DriverFactory.java:326)
	at com.kms.katalon.core.webui.driver.DriverFactory.openWebDriver(DriverFactory.java:251)
	at com.kms.katalon.core.webui.keyword.builtin.OpenBrowserKeyword$_openBrowser_closure1.doCall(OpenBrowserKeyword.groovy:74)
	at com.kms.katalon.core.webui.keyword.builtin.OpenBrowserKeyword$_openBrowser_closure1.call(OpenBrowserKeyword.groovy)
	at com.kms.katalon.core.webui.keyword.internal.WebUIKeywordMain.runKeyword(WebUIKeywordMain.groovy:20)
	... 19 more]]></system-err>
      </testcase>
      <testcase name="Test Cases/Тренер/Составы" time="272.342" classname="Test Cases/Тренер/Составы" status="FAILED">
         <failure type="FAILED" message="Test Cases/Тренер/Составы FAILED.
Reason:
com.kms.katalon.core.exception.StepFailedException: Unable to verify text 'Игрок недоступен для выбора' is present 
	at com.kms.katalon.core.webui.keyword.internal.WebUIKeywordMain.stepFailed(WebUIKeywordMain.groovy:64)
	at com.kms.katalon.core.webui.keyword.internal.WebUIKeywordMain.runKeyword(WebUIKeywordMain.groovy:26)
	at com.kms.katalon.core.webui.keyword.builtin.VerifyTextPresentKeyword.verifyTextPresent(VerifyTextPresentKeyword.groovy:83)
	at com.kms.katalon.core.webui.keyword.builtin.VerifyTextPresentKeyword.execute(VerifyTextPresentKeyword.groovy:68)
	at com.kms.katalon.core.keyword.internal.KeywordExecutor.executeKeywordForPlatform(KeywordExecutor.groovy:74)
	at com.kms.katalon.core.webui.keyword.WebUiBuiltInKeywords.verifyTextPresent(WebUiBuiltInKeywords.groovy:1723)
	at com.kms.katalon.core.webui.keyword.WebUiBuiltInKeywords$verifyTextPresent$5.call(Unknown Source)
	at Составы.run(Составы:66)
	at com.kms.katalon.core.main.ScriptEngine.run(ScriptEngine.java:194)
	at com.kms.katalon.core.main.ScriptEngine.runScriptAsRawText(ScriptEngine.java:119)
	at com.kms.katalon.core.main.TestCaseExecutor.runScript(TestCaseExecutor.java:442)
	at com.kms.katalon.core.main.TestCaseExecutor.doExecute(TestCaseExecutor.java:433)
	at com.kms.katalon.core.main.TestCaseExecutor.processExecutionPhase(TestCaseExecutor.java:412)
	at com.kms.katalon.core.main.TestCaseExecutor.accessMainPhase(TestCaseExecutor.java:404)
	at com.kms.katalon.core.main.TestCaseExecutor.execute(TestCaseExecutor.java:281)
	at com.kms.katalon.core.main.TestSuiteExecutor.accessTestCaseMainPhase(TestSuiteExecutor.java:202)
	at com.kms.katalon.core.main.TestSuiteExecutor.accessTestSuiteMainPhase(TestSuiteExecutor.java:164)
	at com.kms.katalon.core.main.TestSuiteExecutor.execute(TestSuiteExecutor.java:105)
	at com.kms.katalon.core.main.TestCaseMain.startTestSuite(TestCaseMain.java:185)
	at com.kms.katalon.core.main.TestCaseMain$startTestSuite$0.call(Unknown Source)
	at TempTestSuite1645768443310.run(TempTestSuite1645768443310.groovy:36)
Caused by: com.kms.katalon.core.exception.StepFailedException: Text 'Игрок недоступен для выбора' is not present on page 
	at com.kms.katalon.core.webui.keyword.internal.WebUIKeywordMain.stepFailed(WebUIKeywordMain.groovy:64)
	at com.kms.katalon.core.webui.keyword.builtin.VerifyTextPresentKeyword$_verifyTextPresent_closure1.doCall(VerifyTextPresentKeyword.groovy:79)
	at com.kms.katalon.core.webui.keyword.builtin.VerifyTextPresentKeyword$_verifyTextPresent_closure1.call(VerifyTextPresentKeyword.groovy)
	at com.kms.katalon.core.webui.keyword.internal.WebUIKeywordMain.runKeyword(WebUIKeywordMain.groovy:20)
	... 19 more
"/>
         <system-out><![CDATA[2022-02-25 08:54:39 - [TEST_CASE][FAILED] - Test Cases/Тренер/Составы: Test Cases/Тренер/Составы FAILED.
Reason:
com.kms.katalon.core.exception.StepFailedException: Unable to verify text 'Игрок недоступен для выбора' is present 
	at com.kms.katalon.core.webui.keyword.internal.WebUIKeywordMain.stepFailed(WebUIKeywordMain.groovy:64)
	at com.kms.katalon.core.webui.keyword.internal.WebUIKeywordMain.runKeyword(WebUIKeywordMain.groovy:26)
	at com.kms.katalon.core.webui.keyword.builtin.VerifyTextPresentKeyword.verifyTextPresent(VerifyTextPresentKeyword.groovy:83)
	at com.kms.katalon.core.webui.keyword.builtin.VerifyTextPresentKeyword.execute(VerifyTextPresentKeyword.groovy:68)
	at com.kms.katalon.core.keyword.internal.KeywordExecutor.executeKeywordForPlatform(KeywordExecutor.groovy:74)
	at com.kms.katalon.core.webui.keyword.WebUiBuiltInKeywords.verifyTextPresent(WebUiBuiltInKeywords.groovy:1723)
	at com.kms.katalon.core.webui.keyword.WebUiBuiltInKeywords$verifyTextPresent$5.call(Unknown Source)
	at Составы.run(Составы:66)
	at com.kms.katalon.core.main.ScriptEngine.run(ScriptEngine.java:194)
	at com.kms.katalon.core.main.ScriptEngine.runScriptAsRawText(ScriptEngine.java:119)
	at com.kms.katalon.core.main.TestCaseExecutor.runScript(TestCaseExecutor.java:442)
	at com.kms.katalon.core.main.TestCaseExecutor.doExecute(TestCaseExecutor.java:433)
	at com.kms.katalon.core.main.TestCaseExecutor.processExecutionPhase(TestCaseExecutor.java:412)
	at com.kms.katalon.core.main.TestCaseExecutor.accessMainPhase(TestCaseExecutor.java:404)
	at com.kms.katalon.core.main.TestCaseExecutor.execute(TestCaseExecutor.java:281)
	at com.kms.katalon.core.main.TestSuiteExecutor.accessTestCaseMainPhase(TestSuiteExecutor.java:202)
	at com.kms.katalon.core.main.TestSuiteExecutor.accessTestSuiteMainPhase(TestSuiteExecutor.java:164)
	at com.kms.katalon.core.main.TestSuiteExecutor.execute(TestSuiteExecutor.java:105)
	at com.kms.katalon.core.main.TestCaseMain.startTestSuite(TestCaseMain.java:185)
	at com.kms.katalon.core.main.TestCaseMain$startTestSuite$0.call(Unknown Source)
	at TempTestSuite1645768443310.run(TempTestSuite1645768443310.groovy:36)
Caused by: com.kms.katalon.core.exception.StepFailedException: Text 'Игрок недоступен для выбора' is not present on page 
	at com.kms.katalon.core.webui.keyword.internal.WebUIKeywordMain.stepFailed(WebUIKeywordMain.groovy:64)
	at com.kms.katalon.core.webui.keyword.builtin.VerifyTextPresentKeyword$_verifyTextPresent_closure1.doCall(VerifyTextPresentKeyword.groovy:79)
	at com.kms.katalon.core.webui.keyword.builtin.VerifyTextPresentKeyword$_verifyTextPresent_closure1.call(VerifyTextPresentKeyword.groovy)
	at com.kms.katalon.core.webui.keyword.internal.WebUIKeywordMain.runKeyword(WebUIKeywordMain.groovy:20)
	... 19 more


2022-02-25 08:54:40 - [TEST_STEP][PASSED] - callTestCase(findTestCase("Тренер/Авторизация"), [:], STOP_ON_FAILURE): Call Test Case 'Test Cases/Тренер/Авторизация' successfully

2022-02-25 08:54:40 - [TEST_CASE][PASSED] - Test Cases/Тренер/Авторизация: Test Cases/Тренер/Авторизация

2022-02-25 08:54:40 - [TEST_STEP][PASSED] - openBrowser(""): Browser is opened with url: ''

2022-02-25 08:54:40 - [MESSAGE][INFO] - User set preference: ['os', 'linux']

2022-02-25 08:54:40 - [MESSAGE][INFO] - User set preference: ['browserName', 'chrome']

2022-02-25 08:54:40 - [MESSAGE][INFO] - User set preference: ['browserVersion', '97']

2022-02-25 08:54:40 - [MESSAGE][INFO] - User set preference: ['katalon:option', '{organizationId=564672, tunnelId=, usingTunnel=false}']

2022-02-25 08:54:40 - [MESSAGE][INFO] - Connecting to remote web server 'testcloud.katalon.com/hub' with type 'Selenium'

2022-02-25 08:54:40 - [MESSAGE][INFO] - Action delay is set to 100 milliseconds

2022-02-25 08:57:59 - [MESSAGE][PASSED] - Browser is opened with url: ''

2022-02-25 08:57:59 - [TEST_STEP][PASSED] - maximizeWindow(): Current window maximized

2022-02-25 08:57:59 - [MESSAGE][PASSED] - Current window maximized

2022-02-25 08:57:59 - [TEST_STEP][PASSED] - navigateToUrl(url): Navigate to 'https://stars-stage.hawk.ru:8080' successfully

2022-02-25 08:58:06 - [MESSAGE][PASSED] - Navigate to 'https://stars-stage.hawk.ru:8080' successfully

2022-02-25 08:58:06 - [TEST_STEP][PASSED] - setText(findTestObject("Object Repository/manager/Page_/input__sc-lnrBVv eqPACj"), coach_login): Text 'levashev.ps@hc-avangard.com' is set on object 'Object Repository/manager/Page_/input__sc-lnrBVv eqPACj'

2022-02-25 08:58:10 - [MESSAGE][PASSED] - Text 'levashev.ps@hc-avangard.com' is set on object 'Object Repository/manager/Page_/input__sc-lnrBVv eqPACj'

2022-02-25 08:58:10 - [TEST_STEP][PASSED] - setText(findTestObject("Object Repository/manager/Page_/input__sc-lnrBVv eqPACj_1"), coach_password): Text 'Darden41087' is set on object 'Object Repository/manager/Page_/input__sc-lnrBVv eqPACj_1'

2022-02-25 08:58:15 - [MESSAGE][PASSED] - Text 'Darden41087' is set on object 'Object Repository/manager/Page_/input__sc-lnrBVv eqPACj_1'

2022-02-25 08:58:15 - [TEST_STEP][PASSED] - click(findTestObject("manager/Page_/go")): Object: 'Object Repository/manager/Page_/go' is clicked on

2022-02-25 08:58:17 - [MESSAGE][PASSED] - Object: 'Object Repository/manager/Page_/go' is clicked on

2022-02-25 08:58:17 - [MESSAGE][PASSED] - Call Test Case 'Test Cases/Тренер/Авторизация' successfully

2022-02-25 08:58:17 - [TEST_STEP][PASSED] - click(findTestObject("Avangard New/Object (Тренер)/Case (Составы)/lines")): Object: 'Object Repository/Avangard New/Object (Тренер)/Case (Составы)/lines' is clicked on

2022-02-25 08:58:26 - [MESSAGE][PASSED] - Object: 'Object Repository/Avangard New/Object (Тренер)/Case (Составы)/lines' is clicked on

2022-02-25 08:58:26 - [TEST_STEP][PASSED] - click(findTestObject("Avangard New/Object (Тренер)/Case (Составы)/clear")): Object: 'Object Repository/Avangard New/Object (Тренер)/Case (Составы)/clear' is clicked on

2022-02-25 08:58:32 - [MESSAGE][PASSED] - Object: 'Object Repository/Avangard New/Object (Тренер)/Case (Составы)/clear' is clicked on

2022-02-25 08:58:32 - [TEST_STEP][PASSED] - click(findTestObject("Avangard New/Object (Тренер)/Case (Составы)/button_yes")): Object: 'Object Repository/Avangard New/Object (Тренер)/Case (Составы)/button_yes' is clicked on

2022-02-25 08:58:35 - [MESSAGE][PASSED] - Object: 'Object Repository/Avangard New/Object (Тренер)/Case (Составы)/button_yes' is clicked on

2022-02-25 08:58:35 - [TEST_STEP][PASSED] - click(findTestObject("Avangard New/Object (Тренер)/Case (Составы)/choice_player")): Object: 'Object Repository/Avangard New/Object (Тренер)/Case (Составы)/choice_player' is clicked on

2022-02-25 08:58:40 - [MESSAGE][PASSED] - Object: 'Object Repository/Avangard New/Object (Тренер)/Case (Составы)/choice_player' is clicked on

2022-02-25 08:58:40 - [TEST_STEP][PASSED] - scrollToElement(findTestObject("Avangard New/Object (Тренер)/Case (Составы)/line_position"), 0): Scroll to object 'Object Repository/Avangard New/Object (Тренер)/Case (Составы)/line_position' successfully

2022-02-25 08:58:40 - [MESSAGE][WARNING] - Timeout '0' is invalid. Using default page load timeout: '30'

2022-02-25 08:58:42 - [MESSAGE][PASSED] - Scroll to object 'Object Repository/Avangard New/Object (Тренер)/Case (Составы)/line_position' successfully

2022-02-25 08:58:42 - [TEST_STEP][PASSED] - click(findTestObject("Avangard New/Object (Тренер)/Case (Составы)/line_position")): Object: 'Object Repository/Avangard New/Object (Тренер)/Case (Составы)/line_position' is clicked on

2022-02-25 08:58:44 - [MESSAGE][PASSED] - Object: 'Object Repository/Avangard New/Object (Тренер)/Case (Составы)/line_position' is clicked on

2022-02-25 08:58:44 - [TEST_STEP][PASSED] - click(findTestObject("Avangard New/Object (Тренер)/Case (Составы)/player 1")): Object: 'Object Repository/Avangard New/Object (Тренер)/Case (Составы)/player 1' is clicked on

2022-02-25 08:58:47 - [MESSAGE][PASSED] - Object: 'Object Repository/Avangard New/Object (Тренер)/Case (Составы)/player 1' is clicked on

2022-02-25 08:58:47 - [TEST_STEP][PASSED] - click(findTestObject("Avangard New/Object (Тренер)/Case (Составы)/pos2")): Object: 'Object Repository/Avangard New/Object (Тренер)/Case (Составы)/pos2' is clicked on

2022-02-25 08:58:49 - [MESSAGE][PASSED] - Object: 'Object Repository/Avangard New/Object (Тренер)/Case (Составы)/pos2' is clicked on

2022-02-25 08:58:49 - [TEST_STEP][PASSED] - scrollToElement(findTestObject("Avangard New/Object (Тренер)/Case (Составы)/player3"), 0): Scroll to object 'Object Repository/Avangard New/Object (Тренер)/Case (Составы)/player3' successfully

2022-02-25 08:58:49 - [MESSAGE][WARNING] - Timeout '0' is invalid. Using default page load timeout: '30'

2022-02-25 08:58:50 - [MESSAGE][PASSED] - Scroll to object 'Object Repository/Avangard New/Object (Тренер)/Case (Составы)/player3' successfully

2022-02-25 08:58:50 - [TEST_STEP][PASSED] - click(findTestObject("Avangard New/Object (Тренер)/Case (Составы)/player3")): Object: 'Object Repository/Avangard New/Object (Тренер)/Case (Составы)/player3' is clicked on

2022-02-25 08:58:53 - [MESSAGE][PASSED] - Object: 'Object Repository/Avangard New/Object (Тренер)/Case (Составы)/player3' is clicked on

2022-02-25 08:58:53 - [TEST_STEP][PASSED] - click(findTestObject("Avangard New/Object (Тренер)/Case (Составы)/po3")): Object: 'Object Repository/Avangard New/Object (Тренер)/Case (Составы)/po3' is clicked on

2022-02-25 08:58:55 - [MESSAGE][PASSED] - Object: 'Object Repository/Avangard New/Object (Тренер)/Case (Составы)/po3' is clicked on

2022-02-25 08:58:55 - [TEST_STEP][PASSED] - scrollToElement(findTestObject("Avangard New/Object (Тренер)/Case (Составы)/player4"), 0): Scroll to object 'Object Repository/Avangard New/Object (Тренер)/Case (Составы)/player4' successfully

2022-02-25 08:58:55 - [MESSAGE][WARNING] - Timeout '0' is invalid. Using default page load timeout: '30'

2022-02-25 08:58:57 - [MESSAGE][PASSED] - Scroll to object 'Object Repository/Avangard New/Object (Тренер)/Case (Составы)/player4' successfully

2022-02-25 08:58:57 - [TEST_STEP][PASSED] - click(findTestObject("Avangard New/Object (Тренер)/Case (Составы)/player4")): Object: 'Object Repository/Avangard New/Object (Тренер)/Case (Составы)/player4' is clicked on

2022-02-25 08:58:59 - [MESSAGE][PASSED] - Object: 'Object Repository/Avangard New/Object (Тренер)/Case (Составы)/player4' is clicked on

2022-02-25 08:58:59 - [TEST_STEP][PASSED] - click(findTestObject("Avangard New/Object (Тренер)/Case (Составы)/pos4")): Object: 'Object Repository/Avangard New/Object (Тренер)/Case (Составы)/pos4' is clicked on

2022-02-25 08:59:01 - [MESSAGE][PASSED] - Object: 'Object Repository/Avangard New/Object (Тренер)/Case (Составы)/pos4' is clicked on

2022-02-25 08:59:01 - [TEST_STEP][PASSED] - scrollToElement(findTestObject("Avangard New/Object (Тренер)/Case (Составы)/player5"), 0): Scroll to object 'Object Repository/Avangard New/Object (Тренер)/Case (Составы)/player5' successfully

2022-02-25 08:59:01 - [MESSAGE][WARNING] - Timeout '0' is invalid. Using default page load timeout: '30'

2022-02-25 08:59:03 - [MESSAGE][PASSED] - Scroll to object 'Object Repository/Avangard New/Object (Тренер)/Case (Составы)/player5' successfully

2022-02-25 08:59:03 - [TEST_STEP][PASSED] - click(findTestObject("Avangard New/Object (Тренер)/Case (Составы)/player5")): Object: 'Object Repository/Avangard New/Object (Тренер)/Case (Составы)/player5' is clicked on

2022-02-25 08:59:05 - [MESSAGE][PASSED] - Object: 'Object Repository/Avangard New/Object (Тренер)/Case (Составы)/player5' is clicked on

2022-02-25 08:59:05 - [TEST_STEP][FAILED] - verifyTextPresent("Игрок недоступен для выбора", false): Unable to verify text 'Игрок недоступен для выбора' is present  (Root cause: com.kms.katalon.core.exception.StepFailedException: Unable to verify text 'Игрок недоступен для выбора' is present 
	at com.kms.katalon.core.webui.keyword.internal.WebUIKeywordMain.stepFailed(WebUIKeywordMain.groovy:64)
	at com.kms.katalon.core.webui.keyword.internal.WebUIKeywordMain.runKeyword(WebUIKeywordMain.groovy:26)
	at com.kms.katalon.core.webui.keyword.builtin.VerifyTextPresentKeyword.verifyTextPresent(VerifyTextPresentKeyword.groovy:83)
	at com.kms.katalon.core.webui.keyword.builtin.VerifyTextPresentKeyword.execute(VerifyTextPresentKeyword.groovy:68)
	at com.kms.katalon.core.keyword.internal.KeywordExecutor.executeKeywordForPlatform(KeywordExecutor.groovy:74)
	at com.kms.katalon.core.webui.keyword.WebUiBuiltInKeywords.verifyTextPresent(WebUiBuiltInKeywords.groovy:1723)
	at com.kms.katalon.core.webui.keyword.WebUiBuiltInKeywords$verifyTextPresent$5.call(Unknown Source)
	at Составы.run(Составы:66)
	at com.kms.katalon.core.main.ScriptEngine.run(ScriptEngine.java:194)
	at com.kms.katalon.core.main.ScriptEngine.runScriptAsRawText(ScriptEngine.java:119)
	at com.kms.katalon.core.main.TestCaseExecutor.runScript(TestCaseExecutor.java:442)
	at com.kms.katalon.core.main.TestCaseExecutor.doExecute(TestCaseExecutor.java:433)
	at com.kms.katalon.core.main.TestCaseExecutor.processExecutionPhase(TestCaseExecutor.java:412)
	at com.kms.katalon.core.main.TestCaseExecutor.accessMainPhase(TestCaseExecutor.java:404)
	at com.kms.katalon.core.main.TestCaseExecutor.execute(TestCaseExecutor.java:281)
	at com.kms.katalon.core.main.TestSuiteExecutor.accessTestCaseMainPhase(TestSuiteExecutor.java:202)
	at com.kms.katalon.core.main.TestSuiteExecutor.accessTestSuiteMainPhase(TestSuiteExecutor.java:164)
	at com.kms.katalon.core.main.TestSuiteExecutor.execute(TestSuiteExecutor.java:105)
	at com.kms.katalon.core.main.TestCaseMain.startTestSuite(TestCaseMain.java:185)
	at com.kms.katalon.core.main.TestCaseMain$startTestSuite$0.call(Unknown Source)
	at TempTestSuite1645768443310.run(TempTestSuite1645768443310.groovy:36)
Caused by: com.kms.katalon.core.exception.StepFailedException: Text 'Игрок недоступен для выбора' is not present on page 
	at com.kms.katalon.core.webui.keyword.internal.WebUIKeywordMain.stepFailed(WebUIKeywordMain.groovy:64)
	at com.kms.katalon.core.webui.keyword.builtin.VerifyTextPresentKeyword$_verifyTextPresent_closure1.doCall(VerifyTextPresentKeyword.groovy:79)
	at com.kms.katalon.core.webui.keyword.builtin.VerifyTextPresentKeyword$_verifyTextPresent_closure1.call(VerifyTextPresentKeyword.groovy)
	at com.kms.katalon.core.webui.keyword.internal.WebUIKeywordMain.runKeyword(WebUIKeywordMain.groovy:20)
	... 19 more
)

2022-02-25 08:59:08 - [MESSAGE][FAILED] - Text 'Игрок недоступен для выбора' is not present on page  (Root cause: com.kms.katalon.core.exception.StepFailedException: Text 'Игрок недоступен для выбора' is not present on page 
	at com.kms.katalon.core.webui.keyword.internal.WebUIKeywordMain.stepFailed(WebUIKeywordMain.groovy:64)
	at com.kms.katalon.core.webui.keyword.builtin.VerifyTextPresentKeyword$_verifyTextPresent_closure1.doCall(VerifyTextPresentKeyword.groovy:79)
	at com.kms.katalon.core.webui.keyword.builtin.VerifyTextPresentKeyword$_verifyTextPresent_closure1.call(VerifyTextPresentKeyword.groovy)
	at com.kms.katalon.core.webui.keyword.internal.WebUIKeywordMain.runKeyword(WebUIKeywordMain.groovy:20)
	at com.kms.katalon.core.webui.keyword.builtin.VerifyTextPresentKeyword.verifyTextPresent(VerifyTextPresentKeyword.groovy:83)
	at com.kms.katalon.core.webui.keyword.builtin.VerifyTextPresentKeyword.execute(VerifyTextPresentKeyword.groovy:68)
	at com.kms.katalon.core.keyword.internal.KeywordExecutor.executeKeywordForPlatform(KeywordExecutor.groovy:74)
	at com.kms.katalon.core.webui.keyword.WebUiBuiltInKeywords.verifyTextPresent(WebUiBuiltInKeywords.groovy:1723)
	at com.kms.katalon.core.webui.keyword.WebUiBuiltInKeywords$verifyTextPresent$5.call(Unknown Source)
	at Составы.run(Составы:66)
	at com.kms.katalon.core.main.ScriptEngine.run(ScriptEngine.java:194)
	at com.kms.katalon.core.main.ScriptEngine.runScriptAsRawText(ScriptEngine.java:119)
	at com.kms.katalon.core.main.TestCaseExecutor.runScript(TestCaseExecutor.java:442)
	at com.kms.katalon.core.main.TestCaseExecutor.doExecute(TestCaseExecutor.java:433)
	at com.kms.katalon.core.main.TestCaseExecutor.processExecutionPhase(TestCaseExecutor.java:412)
	at com.kms.katalon.core.main.TestCaseExecutor.accessMainPhase(TestCaseExecutor.java:404)
	at com.kms.katalon.core.main.TestCaseExecutor.execute(TestCaseExecutor.java:281)
	at com.kms.katalon.core.main.TestSuiteExecutor.accessTestCaseMainPhase(TestSuiteExecutor.java:202)
	at com.kms.katalon.core.main.TestSuiteExecutor.accessTestSuiteMainPhase(TestSuiteExecutor.java:164)
	at com.kms.katalon.core.main.TestSuiteExecutor.execute(TestSuiteExecutor.java:105)
	at com.kms.katalon.core.main.TestCaseMain.startTestSuite(TestCaseMain.java:185)
	at com.kms.katalon.core.main.TestCaseMain$startTestSuite$0.call(Unknown Source)
	at TempTestSuite1645768443310.run(TempTestSuite1645768443310.groovy:36)
)

2022-02-25 08:59:09 - [MESSAGE][FAILED] - Unable to verify text 'Игрок недоступен для выбора' is present  (Root cause: com.kms.katalon.core.exception.StepFailedException: Unable to verify text 'Игрок недоступен для выбора' is present 
	at com.kms.katalon.core.webui.keyword.internal.WebUIKeywordMain.stepFailed(WebUIKeywordMain.groovy:64)
	at com.kms.katalon.core.webui.keyword.internal.WebUIKeywordMain.runKeyword(WebUIKeywordMain.groovy:26)
	at com.kms.katalon.core.webui.keyword.builtin.VerifyTextPresentKeyword.verifyTextPresent(VerifyTextPresentKeyword.groovy:83)
	at com.kms.katalon.core.webui.keyword.builtin.VerifyTextPresentKeyword.execute(VerifyTextPresentKeyword.groovy:68)
	at com.kms.katalon.core.keyword.internal.KeywordExecutor.executeKeywordForPlatform(KeywordExecutor.groovy:74)
	at com.kms.katalon.core.webui.keyword.WebUiBuiltInKeywords.verifyTextPresent(WebUiBuiltInKeywords.groovy:1723)
	at com.kms.katalon.core.webui.keyword.WebUiBuiltInKeywords$verifyTextPresent$5.call(Unknown Source)
	at Составы.run(Составы:66)
	at com.kms.katalon.core.main.ScriptEngine.run(ScriptEngine.java:194)
	at com.kms.katalon.core.main.ScriptEngine.runScriptAsRawText(ScriptEngine.java:119)
	at com.kms.katalon.core.main.TestCaseExecutor.runScript(TestCaseExecutor.java:442)
	at com.kms.katalon.core.main.TestCaseExecutor.doExecute(TestCaseExecutor.java:433)
	at com.kms.katalon.core.main.TestCaseExecutor.processExecutionPhase(TestCaseExecutor.java:412)
	at com.kms.katalon.core.main.TestCaseExecutor.accessMainPhase(TestCaseExecutor.java:404)
	at com.kms.katalon.core.main.TestCaseExecutor.execute(TestCaseExecutor.java:281)
	at com.kms.katalon.core.main.TestSuiteExecutor.accessTestCaseMainPhase(TestSuiteExecutor.java:202)
	at com.kms.katalon.core.main.TestSuiteExecutor.accessTestSuiteMainPhase(TestSuiteExecutor.java:164)
	at com.kms.katalon.core.main.TestSuiteExecutor.execute(TestSuiteExecutor.java:105)
	at com.kms.katalon.core.main.TestCaseMain.startTestSuite(TestCaseMain.java:185)
	at com.kms.katalon.core.main.TestCaseMain$startTestSuite$0.call(Unknown Source)
	at TempTestSuite1645768443310.run(TempTestSuite1645768443310.groovy:36)
Caused by: com.kms.katalon.core.exception.StepFailedException: Text 'Игрок недоступен для выбора' is not present on page 
	at com.kms.katalon.core.webui.keyword.internal.WebUIKeywordMain.stepFailed(WebUIKeywordMain.groovy:64)
	at com.kms.katalon.core.webui.keyword.builtin.VerifyTextPresentKeyword$_verifyTextPresent_closure1.doCall(VerifyTextPresentKeyword.groovy:79)
	at com.kms.katalon.core.webui.keyword.builtin.VerifyTextPresentKeyword$_verifyTextPresent_closure1.call(VerifyTextPresentKeyword.groovy)
	at com.kms.katalon.core.webui.keyword.internal.WebUIKeywordMain.runKeyword(WebUIKeywordMain.groovy:20)
	... 19 more
)
[[ATTACHMENT|C:\\Users\\LENOVO\\Katalon Studio\\Avangard\\Reports\\20220225_085350\\\u0422\u0440\u0435\u043D\u0435\u0440\\20220225_085403\\1645768748271.png]]]]></system-out>
         <system-err><![CDATA[2022-02-25 08:54:39 - [TEST_CASE][FAILED] - Test Cases/Тренер/Составы: Test Cases/Тренер/Составы FAILED.
Reason:
com.kms.katalon.core.exception.StepFailedException: Unable to verify text 'Игрок недоступен для выбора' is present 
	at com.kms.katalon.core.webui.keyword.internal.WebUIKeywordMain.stepFailed(WebUIKeywordMain.groovy:64)
	at com.kms.katalon.core.webui.keyword.internal.WebUIKeywordMain.runKeyword(WebUIKeywordMain.groovy:26)
	at com.kms.katalon.core.webui.keyword.builtin.VerifyTextPresentKeyword.verifyTextPresent(VerifyTextPresentKeyword.groovy:83)
	at com.kms.katalon.core.webui.keyword.builtin.VerifyTextPresentKeyword.execute(VerifyTextPresentKeyword.groovy:68)
	at com.kms.katalon.core.keyword.internal.KeywordExecutor.executeKeywordForPlatform(KeywordExecutor.groovy:74)
	at com.kms.katalon.core.webui.keyword.WebUiBuiltInKeywords.verifyTextPresent(WebUiBuiltInKeywords.groovy:1723)
	at com.kms.katalon.core.webui.keyword.WebUiBuiltInKeywords$verifyTextPresent$5.call(Unknown Source)
	at Составы.run(Составы:66)
	at com.kms.katalon.core.main.ScriptEngine.run(ScriptEngine.java:194)
	at com.kms.katalon.core.main.ScriptEngine.runScriptAsRawText(ScriptEngine.java:119)
	at com.kms.katalon.core.main.TestCaseExecutor.runScript(TestCaseExecutor.java:442)
	at com.kms.katalon.core.main.TestCaseExecutor.doExecute(TestCaseExecutor.java:433)
	at com.kms.katalon.core.main.TestCaseExecutor.processExecutionPhase(TestCaseExecutor.java:412)
	at com.kms.katalon.core.main.TestCaseExecutor.accessMainPhase(TestCaseExecutor.java:404)
	at com.kms.katalon.core.main.TestCaseExecutor.execute(TestCaseExecutor.java:281)
	at com.kms.katalon.core.main.TestSuiteExecutor.accessTestCaseMainPhase(TestSuiteExecutor.java:202)
	at com.kms.katalon.core.main.TestSuiteExecutor.accessTestSuiteMainPhase(TestSuiteExecutor.java:164)
	at com.kms.katalon.core.main.TestSuiteExecutor.execute(TestSuiteExecutor.java:105)
	at com.kms.katalon.core.main.TestCaseMain.startTestSuite(TestCaseMain.java:185)
	at com.kms.katalon.core.main.TestCaseMain$startTestSuite$0.call(Unknown Source)
	at TempTestSuite1645768443310.run(TempTestSuite1645768443310.groovy:36)
Caused by: com.kms.katalon.core.exception.StepFailedException: Text 'Игрок недоступен для выбора' is not present on page 
	at com.kms.katalon.core.webui.keyword.internal.WebUIKeywordMain.stepFailed(WebUIKeywordMain.groovy:64)
	at com.kms.katalon.core.webui.keyword.builtin.VerifyTextPresentKeyword$_verifyTextPresent_closure1.doCall(VerifyTextPresentKeyword.groovy:79)
	at com.kms.katalon.core.webui.keyword.builtin.VerifyTextPresentKeyword$_verifyTextPresent_closure1.call(VerifyTextPresentKeyword.groovy)
	at com.kms.katalon.core.webui.keyword.internal.WebUIKeywordMain.runKeyword(WebUIKeywordMain.groovy:20)
	... 19 more]]></system-err>
      </testcase>
      <testcase name="Test Cases/Тренер/Профиль Тренера" time="176.314" classname="Test Cases/Тренер/Профиль Тренера" status="PASSED">
         <system-out><![CDATA[2022-02-25 08:59:12 - [TEST_CASE][PASSED] - Test Cases/Тренер/Профиль Тренера: Test Cases/Тренер/Профиль Тренера

2022-02-25 08:59:13 - [TEST_STEP][PASSED] - callTestCase(findTestCase("Тренер/Авторизация"), [:], STOP_ON_FAILURE): Call Test Case 'Test Cases/Тренер/Авторизация' successfully

2022-02-25 08:59:13 - [TEST_CASE][PASSED] - Test Cases/Тренер/Авторизация: Test Cases/Тренер/Авторизация

2022-02-25 08:59:13 - [TEST_STEP][PASSED] - openBrowser(""): Browser is opened with url: ''

2022-02-25 08:59:13 - [MESSAGE][WARNING] - A browser is already opened. Closing browser and opening a new one

2022-02-25 08:59:13 - [MESSAGE][INFO] - User set preference: ['os', 'linux']

2022-02-25 08:59:13 - [MESSAGE][INFO] - User set preference: ['browserName', 'chrome']

2022-02-25 08:59:13 - [MESSAGE][INFO] - User set preference: ['browserVersion', '97']

2022-02-25 08:59:13 - [MESSAGE][INFO] - User set preference: ['katalon:option', '{organizationId=564672, tunnelId=, usingTunnel=false}']

2022-02-25 08:59:13 - [MESSAGE][INFO] - Connecting to remote web server 'testcloud.katalon.com/hub' with type 'Selenium'

2022-02-25 08:59:13 - [MESSAGE][INFO] - Action delay is set to 100 milliseconds

2022-02-25 09:01:27 - [MESSAGE][PASSED] - Browser is opened with url: ''

2022-02-25 09:01:27 - [TEST_STEP][PASSED] - maximizeWindow(): Current window maximized

2022-02-25 09:01:28 - [MESSAGE][PASSED] - Current window maximized

2022-02-25 09:01:28 - [TEST_STEP][PASSED] - navigateToUrl(url): Navigate to 'https://stars-stage.hawk.ru:8080' successfully

2022-02-25 09:01:34 - [MESSAGE][PASSED] - Navigate to 'https://stars-stage.hawk.ru:8080' successfully

2022-02-25 09:01:34 - [TEST_STEP][PASSED] - setText(findTestObject("Object Repository/manager/Page_/input__sc-lnrBVv eqPACj"), coach_login): Text 'levashev.ps@hc-avangard.com' is set on object 'Object Repository/manager/Page_/input__sc-lnrBVv eqPACj'

2022-02-25 09:01:38 - [MESSAGE][PASSED] - Text 'levashev.ps@hc-avangard.com' is set on object 'Object Repository/manager/Page_/input__sc-lnrBVv eqPACj'

2022-02-25 09:01:38 - [TEST_STEP][PASSED] - setText(findTestObject("Object Repository/manager/Page_/input__sc-lnrBVv eqPACj_1"), coach_password): Text 'Darden41087' is set on object 'Object Repository/manager/Page_/input__sc-lnrBVv eqPACj_1'

2022-02-25 09:01:43 - [MESSAGE][PASSED] - Text 'Darden41087' is set on object 'Object Repository/manager/Page_/input__sc-lnrBVv eqPACj_1'

2022-02-25 09:01:43 - [TEST_STEP][PASSED] - click(findTestObject("manager/Page_/go")): Object: 'Object Repository/manager/Page_/go' is clicked on

2022-02-25 09:01:46 - [MESSAGE][PASSED] - Object: 'Object Repository/manager/Page_/go' is clicked on

2022-02-25 09:01:46 - [MESSAGE][PASSED] - Call Test Case 'Test Cases/Тренер/Авторизация' successfully

2022-02-25 09:01:46 - [TEST_STEP][PASSED] - click(findTestObject("Object Repository/ТРЕНЕР/reports/IMT/Page_/Page_/div_ (1)")): Object: 'Object Repository/ТРЕНЕР/reports/IMT/Page_/Page_/div_ (1)' is clicked on

2022-02-25 09:01:57 - [MESSAGE][PASSED] - Object: 'Object Repository/ТРЕНЕР/reports/IMT/Page_/Page_/div_ (1)' is clicked on

2022-02-25 09:01:57 - [TEST_STEP][PASSED] - click(findTestObject("Object Repository/ТРЕНЕР/reports/IMT/Page_/Page_/save")): Object: 'Object Repository/ТРЕНЕР/reports/IMT/Page_/Page_/save' is clicked on

2022-02-25 09:01:59 - [MESSAGE][PASSED] - Object: 'Object Repository/ТРЕНЕР/reports/IMT/Page_/Page_/save' is clicked on

2022-02-25 09:01:59 - [TEST_STEP][PASSED] - verifyTextPresent("Пользователь сохранен", false): Text 'Пользователь сохранен' is present on page 

2022-02-25 09:02:05 - [MESSAGE][PASSED] - Text 'Пользователь сохранен' is present on page 

2022-02-25 09:02:05 - [TEST_STEP][PASSED] - click(findTestObject("Object Repository/ТРЕНЕР/reports/IMT/Page_/Page_/root")): Object: 'Object Repository/ТРЕНЕР/reports/IMT/Page_/Page_/root' is clicked on

2022-02-25 09:02:08 - [MESSAGE][PASSED] - Object: 'Object Repository/ТРЕНЕР/reports/IMT/Page_/Page_/root' is clicked on

2022-02-25 09:02:08 - [TEST_STEP][PASSED] - closeBrowser(): Browser is closed

2022-02-25 09:02:08 - [MESSAGE][PASSED] - Browser is closed]]></system-out>
         <system-err><![CDATA[]]></system-err>
      </testcase>
      <testcase name="Test Cases/Тренер/Статистика" time="91.896" classname="Test Cases/Тренер/Статистика" status="PASSED">
         <system-out><![CDATA[2022-02-25 09:02:08 - [TEST_CASE][PASSED] - Test Cases/Тренер/Статистика: Test Cases/Тренер/Статистика

2022-02-25 09:02:09 - [TEST_STEP][PASSED] - callTestCase(findTestCase("Тренер/Авторизация"), [:], STOP_ON_FAILURE): Call Test Case 'Test Cases/Тренер/Авторизация' successfully

2022-02-25 09:02:09 - [TEST_CASE][PASSED] - Test Cases/Тренер/Авторизация: Test Cases/Тренер/Авторизация

2022-02-25 09:02:09 - [TEST_STEP][PASSED] - openBrowser(""): Browser is opened with url: ''

2022-02-25 09:02:09 - [MESSAGE][INFO] - User set preference: ['os', 'linux']

2022-02-25 09:02:09 - [MESSAGE][INFO] - User set preference: ['browserName', 'chrome']

2022-02-25 09:02:09 - [MESSAGE][INFO] - User set preference: ['browserVersion', '97']

2022-02-25 09:02:09 - [MESSAGE][INFO] - User set preference: ['katalon:option', '{organizationId=564672, tunnelId=, usingTunnel=false}']

2022-02-25 09:02:09 - [MESSAGE][INFO] - Connecting to remote web server 'testcloud.katalon.com/hub' with type 'Selenium'

2022-02-25 09:02:09 - [MESSAGE][INFO] - Action delay is set to 100 milliseconds

2022-02-25 09:02:53 - [MESSAGE][PASSED] - Browser is opened with url: ''

2022-02-25 09:02:53 - [TEST_STEP][PASSED] - maximizeWindow(): Current window maximized

2022-02-25 09:02:53 - [MESSAGE][PASSED] - Current window maximized

2022-02-25 09:02:53 - [TEST_STEP][PASSED] - navigateToUrl(url): Navigate to 'https://stars-stage.hawk.ru:8080' successfully

2022-02-25 09:02:59 - [MESSAGE][PASSED] - Navigate to 'https://stars-stage.hawk.ru:8080' successfully

2022-02-25 09:02:59 - [TEST_STEP][PASSED] - setText(findTestObject("Object Repository/manager/Page_/input__sc-lnrBVv eqPACj"), coach_login): Text 'levashev.ps@hc-avangard.com' is set on object 'Object Repository/manager/Page_/input__sc-lnrBVv eqPACj'

2022-02-25 09:03:03 - [MESSAGE][PASSED] - Text 'levashev.ps@hc-avangard.com' is set on object 'Object Repository/manager/Page_/input__sc-lnrBVv eqPACj'

2022-02-25 09:03:03 - [TEST_STEP][PASSED] - setText(findTestObject("Object Repository/manager/Page_/input__sc-lnrBVv eqPACj_1"), coach_password): Text 'Darden41087' is set on object 'Object Repository/manager/Page_/input__sc-lnrBVv eqPACj_1'

2022-02-25 09:03:07 - [MESSAGE][PASSED] - Text 'Darden41087' is set on object 'Object Repository/manager/Page_/input__sc-lnrBVv eqPACj_1'

2022-02-25 09:03:07 - [TEST_STEP][PASSED] - click(findTestObject("manager/Page_/go")): Object: 'Object Repository/manager/Page_/go' is clicked on

2022-02-25 09:03:09 - [MESSAGE][PASSED] - Object: 'Object Repository/manager/Page_/go' is clicked on

2022-02-25 09:03:09 - [MESSAGE][PASSED] - Call Test Case 'Test Cases/Тренер/Авторизация' successfully

2022-02-25 09:03:09 - [TEST_STEP][PASSED] - click(findTestObject("Object Repository/Avangard New/Object (Тренер)/Case (Статистика)/report")): Object: 'Object Repository/Avangard New/Object (Тренер)/Case (Статистика)/report' is clicked on

2022-02-25 09:03:25 - [MESSAGE][PASSED] - Object: 'Object Repository/Avangard New/Object (Тренер)/Case (Статистика)/report' is clicked on

2022-02-25 09:03:25 - [TEST_STEP][PASSED] - click(findTestObject("Object Repository/Avangard New/Object (Тренер)/Case (Статистика)/statsreport")): Object: 'Object Repository/Avangard New/Object (Тренер)/Case (Статистика)/statsreport' is clicked on

2022-02-25 09:03:27 - [MESSAGE][PASSED] - Object: 'Object Repository/Avangard New/Object (Тренер)/Case (Статистика)/statsreport' is clicked on

2022-02-25 09:03:27 - [TEST_STEP][PASSED] - click(findTestObject("Object Repository/Avangard New/Object (Тренер)/Case (Статистика)/team")): Object: 'Object Repository/Avangard New/Object (Тренер)/Case (Статистика)/team' is clicked on

2022-02-25 09:03:30 - [MESSAGE][PASSED] - Object: 'Object Repository/Avangard New/Object (Тренер)/Case (Статистика)/team' is clicked on

2022-02-25 09:03:30 - [TEST_STEP][PASSED] - click(findTestObject("Object Repository/Avangard New/Object (Тренер)/Case (Статистика)/oms")): Object: 'Object Repository/Avangard New/Object (Тренер)/Case (Статистика)/oms' is clicked on

2022-02-25 09:03:32 - [MESSAGE][PASSED] - Object: 'Object Repository/Avangard New/Object (Тренер)/Case (Статистика)/oms' is clicked on

2022-02-25 09:03:32 - [TEST_STEP][PASSED] - verifyElementText(findTestObject("Avangard New/Object (Тренер)/Case (Статистика)/rank"), "Ранг"): Actual text and expected text of test object 'Object Repository/Avangard New/Object (Тренер)/Case (Статистика)/rank' are matched.

2022-02-25 09:03:35 - [MESSAGE][PASSED] - Actual text and expected text of test object 'Object Repository/Avangard New/Object (Тренер)/Case (Статистика)/rank' are matched.

2022-02-25 09:03:35 - [TEST_STEP][PASSED] - verifyElementText(findTestObject("Avangard New/Object (Тренер)/Case (Статистика)/match"), "Матчи"): Actual text and expected text of test object 'Object Repository/Avangard New/Object (Тренер)/Case (Статистика)/match' are matched.

2022-02-25 09:03:37 - [MESSAGE][PASSED] - Actual text and expected text of test object 'Object Repository/Avangard New/Object (Тренер)/Case (Статистика)/match' are matched.

2022-02-25 09:03:37 - [TEST_STEP][PASSED] - verifyElementText(findTestObject("Avangard New/Object (Тренер)/Case (Статистика)/game time"), "Игр. время"): Actual text and expected text of test object 'Object Repository/Avangard New/Object (Тренер)/Case (Статистика)/game time' are matched.

2022-02-25 09:03:39 - [MESSAGE][PASSED] - Actual text and expected text of test object 'Object Repository/Avangard New/Object (Тренер)/Case (Статистика)/game time' are matched.

2022-02-25 09:03:39 - [TEST_STEP][PASSED] - closeBrowser(): Browser is closed

2022-02-25 09:03:40 - [MESSAGE][PASSED] - Browser is closed]]></system-out>
         <system-err><![CDATA[]]></system-err>
      </testcase>
      <testcase name="Test Cases/Тренер/Оценка навыков" time="156.678" classname="Test Cases/Тренер/Оценка навыков" status="FAILED">
         <failure type="FAILED" message="Test Cases/Тренер/Оценка навыков FAILED.
Reason:
com.kms.katalon.core.exception.StepFailedException: Verify element text of test object 'Object Repository/Avangard New/Object (Тренер)/Case (Оценка навыков)/alert home add' FAILED.
	at com.kms.katalon.core.webui.keyword.internal.WebUIKeywordMain.stepFailed(WebUIKeywordMain.groovy:64)
	at com.kms.katalon.core.webui.keyword.internal.WebUIKeywordMain.runKeyword(WebUIKeywordMain.groovy:26)
	at com.kms.katalon.core.webui.keyword.builtin.VerifyElementTextKeyword.verifyElementText(VerifyElementTextKeyword.groovy:72)
	at com.kms.katalon.core.webui.keyword.builtin.VerifyElementTextKeyword.execute(VerifyElementTextKeyword.groovy:40)
	at com.kms.katalon.core.keyword.internal.KeywordExecutor.executeKeywordForPlatform(KeywordExecutor.groovy:74)
	at com.kms.katalon.core.webui.keyword.WebUiBuiltInKeywords.verifyElementText(WebUiBuiltInKeywords.groovy:4749)
	at com.kms.katalon.core.webui.keyword.WebUiBuiltInKeywords$verifyElementText$7.call(Unknown Source)
	at Оценка навыков.run(Оценка навыков:34)
	at com.kms.katalon.core.main.ScriptEngine.run(ScriptEngine.java:194)
	at com.kms.katalon.core.main.ScriptEngine.runScriptAsRawText(ScriptEngine.java:119)
	at com.kms.katalon.core.main.TestCaseExecutor.runScript(TestCaseExecutor.java:442)
	at com.kms.katalon.core.main.TestCaseExecutor.doExecute(TestCaseExecutor.java:433)
	at com.kms.katalon.core.main.TestCaseExecutor.processExecutionPhase(TestCaseExecutor.java:412)
	at com.kms.katalon.core.main.TestCaseExecutor.accessMainPhase(TestCaseExecutor.java:404)
	at com.kms.katalon.core.main.TestCaseExecutor.execute(TestCaseExecutor.java:281)
	at com.kms.katalon.core.main.TestSuiteExecutor.accessTestCaseMainPhase(TestSuiteExecutor.java:202)
	at com.kms.katalon.core.main.TestSuiteExecutor.accessTestSuiteMainPhase(TestSuiteExecutor.java:164)
	at com.kms.katalon.core.main.TestSuiteExecutor.execute(TestSuiteExecutor.java:105)
	at com.kms.katalon.core.main.TestCaseMain.startTestSuite(TestCaseMain.java:185)
	at com.kms.katalon.core.main.TestCaseMain$startTestSuite$0.call(Unknown Source)
	at TempTestSuite1645768443310.run(TempTestSuite1645768443310.groovy:36)
Caused by: com.kms.katalon.core.exception.StepFailedException: com.kms.katalon.core.webui.exception.WebElementNotFoundException: Web element with id: 'Object Repository/Avangard New/Object (Тренер)/Case (Оценка навыков)/alert home add' located by '(.//*[normalize-space(text()) and normalize-space(.)='Ошибка при заполнении'])[1]/following::p[1]' not found
	at com.kms.katalon.core.webui.keyword.internal.WebUIKeywordMain.stepFailed(WebUIKeywordMain.groovy:64)
	at com.kms.katalon.core.webui.keyword.builtin.VerifyElementTextKeyword$_verifyElementText_closure1.doCall(VerifyElementTextKeyword.groovy:64)
	at com.kms.katalon.core.webui.keyword.builtin.VerifyElementTextKeyword$_verifyElementText_closure1.call(VerifyElementTextKeyword.groovy)
	at com.kms.katalon.core.webui.keyword.internal.WebUIKeywordMain.runKeyword(WebUIKeywordMain.groovy:20)
	... 19 more
"/>
         <system-out><![CDATA[2022-02-25 09:03:40 - [TEST_CASE][FAILED] - Test Cases/Тренер/Оценка навыков: Test Cases/Тренер/Оценка навыков FAILED.
Reason:
com.kms.katalon.core.exception.StepFailedException: Verify element text of test object 'Object Repository/Avangard New/Object (Тренер)/Case (Оценка навыков)/alert home add' FAILED.
	at com.kms.katalon.core.webui.keyword.internal.WebUIKeywordMain.stepFailed(WebUIKeywordMain.groovy:64)
	at com.kms.katalon.core.webui.keyword.internal.WebUIKeywordMain.runKeyword(WebUIKeywordMain.groovy:26)
	at com.kms.katalon.core.webui.keyword.builtin.VerifyElementTextKeyword.verifyElementText(VerifyElementTextKeyword.groovy:72)
	at com.kms.katalon.core.webui.keyword.builtin.VerifyElementTextKeyword.execute(VerifyElementTextKeyword.groovy:40)
	at com.kms.katalon.core.keyword.internal.KeywordExecutor.executeKeywordForPlatform(KeywordExecutor.groovy:74)
	at com.kms.katalon.core.webui.keyword.WebUiBuiltInKeywords.verifyElementText(WebUiBuiltInKeywords.groovy:4749)
	at com.kms.katalon.core.webui.keyword.WebUiBuiltInKeywords$verifyElementText$7.call(Unknown Source)
	at Оценка навыков.run(Оценка навыков:34)
	at com.kms.katalon.core.main.ScriptEngine.run(ScriptEngine.java:194)
	at com.kms.katalon.core.main.ScriptEngine.runScriptAsRawText(ScriptEngine.java:119)
	at com.kms.katalon.core.main.TestCaseExecutor.runScript(TestCaseExecutor.java:442)
	at com.kms.katalon.core.main.TestCaseExecutor.doExecute(TestCaseExecutor.java:433)
	at com.kms.katalon.core.main.TestCaseExecutor.processExecutionPhase(TestCaseExecutor.java:412)
	at com.kms.katalon.core.main.TestCaseExecutor.accessMainPhase(TestCaseExecutor.java:404)
	at com.kms.katalon.core.main.TestCaseExecutor.execute(TestCaseExecutor.java:281)
	at com.kms.katalon.core.main.TestSuiteExecutor.accessTestCaseMainPhase(TestSuiteExecutor.java:202)
	at com.kms.katalon.core.main.TestSuiteExecutor.accessTestSuiteMainPhase(TestSuiteExecutor.java:164)
	at com.kms.katalon.core.main.TestSuiteExecutor.execute(TestSuiteExecutor.java:105)
	at com.kms.katalon.core.main.TestCaseMain.startTestSuite(TestCaseMain.java:185)
	at com.kms.katalon.core.main.TestCaseMain$startTestSuite$0.call(Unknown Source)
	at TempTestSuite1645768443310.run(TempTestSuite1645768443310.groovy:36)
Caused by: com.kms.katalon.core.exception.StepFailedException: com.kms.katalon.core.webui.exception.WebElementNotFoundException: Web element with id: 'Object Repository/Avangard New/Object (Тренер)/Case (Оценка навыков)/alert home add' located by '(.//*[normalize-space(text()) and normalize-space(.)='Ошибка при заполнении'])[1]/following::p[1]' not found
	at com.kms.katalon.core.webui.keyword.internal.WebUIKeywordMain.stepFailed(WebUIKeywordMain.groovy:64)
	at com.kms.katalon.core.webui.keyword.builtin.VerifyElementTextKeyword$_verifyElementText_closure1.doCall(VerifyElementTextKeyword.groovy:64)
	at com.kms.katalon.core.webui.keyword.builtin.VerifyElementTextKeyword$_verifyElementText_closure1.call(VerifyElementTextKeyword.groovy)
	at com.kms.katalon.core.webui.keyword.internal.WebUIKeywordMain.runKeyword(WebUIKeywordMain.groovy:20)
	... 19 more


2022-02-25 09:03:41 - [TEST_STEP][PASSED] - callTestCase(findTestCase("Тренер/Авторизация"), [:], STOP_ON_FAILURE): Call Test Case 'Test Cases/Тренер/Авторизация' successfully

2022-02-25 09:03:41 - [TEST_CASE][PASSED] - Test Cases/Тренер/Авторизация: Test Cases/Тренер/Авторизация

2022-02-25 09:03:41 - [TEST_STEP][PASSED] - openBrowser(""): Browser is opened with url: ''

2022-02-25 09:03:41 - [MESSAGE][INFO] - User set preference: ['os', 'linux']

2022-02-25 09:03:41 - [MESSAGE][INFO] - User set preference: ['browserName', 'chrome']

2022-02-25 09:03:41 - [MESSAGE][INFO] - User set preference: ['browserVersion', '97']

2022-02-25 09:03:41 - [MESSAGE][INFO] - User set preference: ['katalon:option', '{organizationId=564672, tunnelId=, usingTunnel=false}']

2022-02-25 09:03:41 - [MESSAGE][INFO] - Connecting to remote web server 'testcloud.katalon.com/hub' with type 'Selenium'

2022-02-25 09:03:41 - [MESSAGE][INFO] - Action delay is set to 100 milliseconds

2022-02-25 09:04:53 - [MESSAGE][PASSED] - Browser is opened with url: ''

2022-02-25 09:04:53 - [TEST_STEP][PASSED] - maximizeWindow(): Current window maximized

2022-02-25 09:04:54 - [MESSAGE][PASSED] - Current window maximized

2022-02-25 09:04:54 - [TEST_STEP][PASSED] - navigateToUrl(url): Navigate to 'https://stars-stage.hawk.ru:8080' successfully

2022-02-25 09:05:00 - [MESSAGE][PASSED] - Navigate to 'https://stars-stage.hawk.ru:8080' successfully

2022-02-25 09:05:00 - [TEST_STEP][PASSED] - setText(findTestObject("Object Repository/manager/Page_/input__sc-lnrBVv eqPACj"), coach_login): Text 'levashev.ps@hc-avangard.com' is set on object 'Object Repository/manager/Page_/input__sc-lnrBVv eqPACj'

2022-02-25 09:05:04 - [MESSAGE][PASSED] - Text 'levashev.ps@hc-avangard.com' is set on object 'Object Repository/manager/Page_/input__sc-lnrBVv eqPACj'

2022-02-25 09:05:04 - [TEST_STEP][PASSED] - setText(findTestObject("Object Repository/manager/Page_/input__sc-lnrBVv eqPACj_1"), coach_password): Text 'Darden41087' is set on object 'Object Repository/manager/Page_/input__sc-lnrBVv eqPACj_1'

2022-02-25 09:05:08 - [MESSAGE][PASSED] - Text 'Darden41087' is set on object 'Object Repository/manager/Page_/input__sc-lnrBVv eqPACj_1'

2022-02-25 09:05:08 - [TEST_STEP][PASSED] - click(findTestObject("manager/Page_/go")): Object: 'Object Repository/manager/Page_/go' is clicked on

2022-02-25 09:05:10 - [MESSAGE][PASSED] - Object: 'Object Repository/manager/Page_/go' is clicked on

2022-02-25 09:05:10 - [MESSAGE][PASSED] - Call Test Case 'Test Cases/Тренер/Авторизация' successfully

2022-02-25 09:05:10 - [TEST_STEP][PASSED] - click(findTestObject("Object Repository/Avangard New/Object (Тренер)/Case (Оценка навыков)/span_home")): Object: 'Object Repository/Avangard New/Object (Тренер)/Case (Оценка навыков)/span_home' is clicked on

2022-02-25 09:05:19 - [MESSAGE][PASSED] - Object: 'Object Repository/Avangard New/Object (Тренер)/Case (Оценка навыков)/span_home' is clicked on

2022-02-25 09:05:19 - [TEST_STEP][PASSED] - click(findTestObject("Object Repository/Avangard New/Object (Тренер)/Case (Оценка навыков)/edit home")): Object: 'Object Repository/Avangard New/Object (Тренер)/Case (Оценка навыков)/edit home' is clicked on

2022-02-25 09:05:22 - [MESSAGE][PASSED] - Object: 'Object Repository/Avangard New/Object (Тренер)/Case (Оценка навыков)/edit home' is clicked on

2022-02-25 09:05:22 - [TEST_STEP][PASSED] - scrollToElement(findTestObject("Avangard New/Object (Тренер)/Case (Оценка навыков)/button_save_home"), 0): Scroll to object 'Object Repository/Avangard New/Object (Тренер)/Case (Оценка навыков)/button_save_home' successfully

2022-02-25 09:05:22 - [MESSAGE][WARNING] - Timeout '0' is invalid. Using default page load timeout: '30'

2022-02-25 09:05:25 - [MESSAGE][PASSED] - Scroll to object 'Object Repository/Avangard New/Object (Тренер)/Case (Оценка навыков)/button_save_home' successfully

2022-02-25 09:05:25 - [TEST_STEP][PASSED] - click(findTestObject("Avangard New/Object (Тренер)/Case (Оценка навыков)/button_save_home")): Object: 'Object Repository/Avangard New/Object (Тренер)/Case (Оценка навыков)/button_save_home' is clicked on

2022-02-25 09:05:28 - [MESSAGE][PASSED] - Object: 'Object Repository/Avangard New/Object (Тренер)/Case (Оценка навыков)/button_save_home' is clicked on

2022-02-25 09:05:28 - [TEST_STEP][FAILED] - verifyElementText(findTestObject("Avangard New/Object (Тренер)/Case (Оценка навыков)/alert home add"), "Добавьте от 1 до 7 навыков для развития."): Verify element text of test object 'Object Repository/Avangard New/Object (Тренер)/Case (Оценка навыков)/alert home add' FAILED. (Root cause: com.kms.katalon.core.exception.StepFailedException: Verify element text of test object 'Object Repository/Avangard New/Object (Тренер)/Case (Оценка навыков)/alert home add' FAILED.
	at com.kms.katalon.core.webui.keyword.internal.WebUIKeywordMain.stepFailed(WebUIKeywordMain.groovy:64)
	at com.kms.katalon.core.webui.keyword.internal.WebUIKeywordMain.runKeyword(WebUIKeywordMain.groovy:26)
	at com.kms.katalon.core.webui.keyword.builtin.VerifyElementTextKeyword.verifyElementText(VerifyElementTextKeyword.groovy:72)
	at com.kms.katalon.core.webui.keyword.builtin.VerifyElementTextKeyword.execute(VerifyElementTextKeyword.groovy:40)
	at com.kms.katalon.core.keyword.internal.KeywordExecutor.executeKeywordForPlatform(KeywordExecutor.groovy:74)
	at com.kms.katalon.core.webui.keyword.WebUiBuiltInKeywords.verifyElementText(WebUiBuiltInKeywords.groovy:4749)
	at com.kms.katalon.core.webui.keyword.WebUiBuiltInKeywords$verifyElementText$7.call(Unknown Source)
	at Оценка навыков.run(Оценка навыков:34)
	at com.kms.katalon.core.main.ScriptEngine.run(ScriptEngine.java:194)
	at com.kms.katalon.core.main.ScriptEngine.runScriptAsRawText(ScriptEngine.java:119)
	at com.kms.katalon.core.main.TestCaseExecutor.runScript(TestCaseExecutor.java:442)
	at com.kms.katalon.core.main.TestCaseExecutor.doExecute(TestCaseExecutor.java:433)
	at com.kms.katalon.core.main.TestCaseExecutor.processExecutionPhase(TestCaseExecutor.java:412)
	at com.kms.katalon.core.main.TestCaseExecutor.accessMainPhase(TestCaseExecutor.java:404)
	at com.kms.katalon.core.main.TestCaseExecutor.execute(TestCaseExecutor.java:281)
	at com.kms.katalon.core.main.TestSuiteExecutor.accessTestCaseMainPhase(TestSuiteExecutor.java:202)
	at com.kms.katalon.core.main.TestSuiteExecutor.accessTestSuiteMainPhase(TestSuiteExecutor.java:164)
	at com.kms.katalon.core.main.TestSuiteExecutor.execute(TestSuiteExecutor.java:105)
	at com.kms.katalon.core.main.TestCaseMain.startTestSuite(TestCaseMain.java:185)
	at com.kms.katalon.core.main.TestCaseMain$startTestSuite$0.call(Unknown Source)
	at TempTestSuite1645768443310.run(TempTestSuite1645768443310.groovy:36)
Caused by: com.kms.katalon.core.exception.StepFailedException: com.kms.katalon.core.webui.exception.WebElementNotFoundException: Web element with id: 'Object Repository/Avangard New/Object (Тренер)/Case (Оценка навыков)/alert home add' located by '(.//*[normalize-space(text()) and normalize-space(.)='Ошибка при заполнении'])[1]/following::p[1]' not found
	at com.kms.katalon.core.webui.keyword.internal.WebUIKeywordMain.stepFailed(WebUIKeywordMain.groovy:64)
	at com.kms.katalon.core.webui.keyword.builtin.VerifyElementTextKeyword$_verifyElementText_closure1.doCall(VerifyElementTextKeyword.groovy:64)
	at com.kms.katalon.core.webui.keyword.builtin.VerifyElementTextKeyword$_verifyElementText_closure1.call(VerifyElementTextKeyword.groovy)
	at com.kms.katalon.core.webui.keyword.internal.WebUIKeywordMain.runKeyword(WebUIKeywordMain.groovy:20)
	... 19 more
)

2022-02-25 09:06:00 - [MESSAGE][INFO] - Unable to find the element located by 'By.xpath: (.//*[normalize-space(text()) and normalize-space(.)='Ошибка при заполнении'])[1]/following::p[1]'. Please recheck the objects properties to make sure the desired element is located. 

2022-02-25 09:06:00 - [MESSAGE][WARNING] - [SELF-HEALING] Failed to find element with id 'Object Repository/Avangard New/Object (Тренер)/Case (Оценка навыков)/alert home add'. Try using Self-healing.

2022-02-25 09:06:02 - [MESSAGE][INFO] - [SELF-HEALING] Failed Locator: '(.//*[normalize-space(text()) and normalize-space(.)='Ошибка при заполнении'])[1]/following::p[1]'.

2022-02-25 09:06:03 - [MESSAGE][INFO] - [SELF-HEALING] Failed Locator: '(.//*[normalize-space(text()) and normalize-space(.)='Нет'])[1]/following::p[1]'.

2022-02-25 09:06:04 - [MESSAGE][INFO] - [SELF-HEALING] Failed Locator: '//*/text()[normalize-space(.)='Добавьте от 1 до 7 навыков для развития.']/parent::*'.

2022-02-25 09:06:06 - [MESSAGE][INFO] - [SELF-HEALING] Failed Locator: '//div[4]/div/div/div/div/div/div/p'.

2022-02-25 09:06:07 - [MESSAGE][INFO] - [SELF-HEALING] Failed Locator: '//p[(text() = 'Добавьте от 1 до 7 навыков для развития.' or . = 'Добавьте от 1 до 7 навыков для развития.')]'.

2022-02-25 09:06:09 - [MESSAGE][INFO] - Unable to find the element located by 'By.xpath: //*[(text() = 'Добавьте от 1 до 7 навыков для развития.' or . = 'Добавьте от 1 до 7 навыков для развития.')]'. Please recheck the objects properties to make sure the desired element is located. 

2022-02-25 09:06:10 - [MESSAGE][INFO] - Unable to find the element located by 'By.cssSelector: p.ReactComponentNotification__NotificationText-sc-1wfzr6b-3.JWcOG'. Please recheck the objects properties to make sure the desired element is located. 

2022-02-25 09:06:13 - [MESSAGE][FAILED] - com.kms.katalon.core.webui.exception.WebElementNotFoundException: Web element with id: 'Object Repository/Avangard New/Object (Тренер)/Case (Оценка навыков)/alert home add' located by '(.//*[normalize-space(text()) and normalize-space(.)='Ошибка при заполнении'])[1]/following::p[1]' not found (Root cause: com.kms.katalon.core.exception.StepFailedException: com.kms.katalon.core.webui.exception.WebElementNotFoundException: Web element with id: 'Object Repository/Avangard New/Object (Тренер)/Case (Оценка навыков)/alert home add' located by '(.//*[normalize-space(text()) and normalize-space(.)='Ошибка при заполнении'])[1]/following::p[1]' not found
	at com.kms.katalon.core.webui.keyword.internal.WebUIKeywordMain.stepFailed(WebUIKeywordMain.groovy:64)
	at com.kms.katalon.core.webui.keyword.builtin.VerifyElementTextKeyword$_verifyElementText_closure1.doCall(VerifyElementTextKeyword.groovy:64)
	at com.kms.katalon.core.webui.keyword.builtin.VerifyElementTextKeyword$_verifyElementText_closure1.call(VerifyElementTextKeyword.groovy)
	at com.kms.katalon.core.webui.keyword.internal.WebUIKeywordMain.runKeyword(WebUIKeywordMain.groovy:20)
	at com.kms.katalon.core.webui.keyword.builtin.VerifyElementTextKeyword.verifyElementText(VerifyElementTextKeyword.groovy:72)
	at com.kms.katalon.core.webui.keyword.builtin.VerifyElementTextKeyword.execute(VerifyElementTextKeyword.groovy:40)
	at com.kms.katalon.core.keyword.internal.KeywordExecutor.executeKeywordForPlatform(KeywordExecutor.groovy:74)
	at com.kms.katalon.core.webui.keyword.WebUiBuiltInKeywords.verifyElementText(WebUiBuiltInKeywords.groovy:4749)
	at com.kms.katalon.core.webui.keyword.WebUiBuiltInKeywords$verifyElementText$7.call(Unknown Source)
	at Оценка навыков.run(Оценка навыков:34)
	at com.kms.katalon.core.main.ScriptEngine.run(ScriptEngine.java:194)
	at com.kms.katalon.core.main.ScriptEngine.runScriptAsRawText(ScriptEngine.java:119)
	at com.kms.katalon.core.main.TestCaseExecutor.runScript(TestCaseExecutor.java:442)
	at com.kms.katalon.core.main.TestCaseExecutor.doExecute(TestCaseExecutor.java:433)
	at com.kms.katalon.core.main.TestCaseExecutor.processExecutionPhase(TestCaseExecutor.java:412)
	at com.kms.katalon.core.main.TestCaseExecutor.accessMainPhase(TestCaseExecutor.java:404)
	at com.kms.katalon.core.main.TestCaseExecutor.execute(TestCaseExecutor.java:281)
	at com.kms.katalon.core.main.TestSuiteExecutor.accessTestCaseMainPhase(TestSuiteExecutor.java:202)
	at com.kms.katalon.core.main.TestSuiteExecutor.accessTestSuiteMainPhase(TestSuiteExecutor.java:164)
	at com.kms.katalon.core.main.TestSuiteExecutor.execute(TestSuiteExecutor.java:105)
	at com.kms.katalon.core.main.TestCaseMain.startTestSuite(TestCaseMain.java:185)
	at com.kms.katalon.core.main.TestCaseMain$startTestSuite$0.call(Unknown Source)
	at TempTestSuite1645768443310.run(TempTestSuite1645768443310.groovy:36)
)
[[ATTACHMENT|C:\\Users\\LENOVO\\Katalon Studio\\Avangard\\Reports\\20220225_085350\\\u0422\u0440\u0435\u043D\u0435\u0440\\20220225_085403\\1645769170662.png]]

2022-02-25 09:06:15 - [MESSAGE][FAILED] - Verify element text of test object 'Object Repository/Avangard New/Object (Тренер)/Case (Оценка навыков)/alert home add' FAILED. (Root cause: com.kms.katalon.core.exception.StepFailedException: Verify element text of test object 'Object Repository/Avangard New/Object (Тренер)/Case (Оценка навыков)/alert home add' FAILED.
	at com.kms.katalon.core.webui.keyword.internal.WebUIKeywordMain.stepFailed(WebUIKeywordMain.groovy:64)
	at com.kms.katalon.core.webui.keyword.internal.WebUIKeywordMain.runKeyword(WebUIKeywordMain.groovy:26)
	at com.kms.katalon.core.webui.keyword.builtin.VerifyElementTextKeyword.verifyElementText(VerifyElementTextKeyword.groovy:72)
	at com.kms.katalon.core.webui.keyword.builtin.VerifyElementTextKeyword.execute(VerifyElementTextKeyword.groovy:40)
	at com.kms.katalon.core.keyword.internal.KeywordExecutor.executeKeywordForPlatform(KeywordExecutor.groovy:74)
	at com.kms.katalon.core.webui.keyword.WebUiBuiltInKeywords.verifyElementText(WebUiBuiltInKeywords.groovy:4749)
	at com.kms.katalon.core.webui.keyword.WebUiBuiltInKeywords$verifyElementText$7.call(Unknown Source)
	at Оценка навыков.run(Оценка навыков:34)
	at com.kms.katalon.core.main.ScriptEngine.run(ScriptEngine.java:194)
	at com.kms.katalon.core.main.ScriptEngine.runScriptAsRawText(ScriptEngine.java:119)
	at com.kms.katalon.core.main.TestCaseExecutor.runScript(TestCaseExecutor.java:442)
	at com.kms.katalon.core.main.TestCaseExecutor.doExecute(TestCaseExecutor.java:433)
	at com.kms.katalon.core.main.TestCaseExecutor.processExecutionPhase(TestCaseExecutor.java:412)
	at com.kms.katalon.core.main.TestCaseExecutor.accessMainPhase(TestCaseExecutor.java:404)
	at com.kms.katalon.core.main.TestCaseExecutor.execute(TestCaseExecutor.java:281)
	at com.kms.katalon.core.main.TestSuiteExecutor.accessTestCaseMainPhase(TestSuiteExecutor.java:202)
	at com.kms.katalon.core.main.TestSuiteExecutor.accessTestSuiteMainPhase(TestSuiteExecutor.java:164)
	at com.kms.katalon.core.main.TestSuiteExecutor.execute(TestSuiteExecutor.java:105)
	at com.kms.katalon.core.main.TestCaseMain.startTestSuite(TestCaseMain.java:185)
	at com.kms.katalon.core.main.TestCaseMain$startTestSuite$0.call(Unknown Source)
	at TempTestSuite1645768443310.run(TempTestSuite1645768443310.groovy:36)
Caused by: com.kms.katalon.core.exception.StepFailedException: com.kms.katalon.core.webui.exception.WebElementNotFoundException: Web element with id: 'Object Repository/Avangard New/Object (Тренер)/Case (Оценка навыков)/alert home add' located by '(.//*[normalize-space(text()) and normalize-space(.)='Ошибка при заполнении'])[1]/following::p[1]' not found
	at com.kms.katalon.core.webui.keyword.internal.WebUIKeywordMain.stepFailed(WebUIKeywordMain.groovy:64)
	at com.kms.katalon.core.webui.keyword.builtin.VerifyElementTextKeyword$_verifyElementText_closure1.doCall(VerifyElementTextKeyword.groovy:64)
	at com.kms.katalon.core.webui.keyword.builtin.VerifyElementTextKeyword$_verifyElementText_closure1.call(VerifyElementTextKeyword.groovy)
	at com.kms.katalon.core.webui.keyword.internal.WebUIKeywordMain.runKeyword(WebUIKeywordMain.groovy:20)
	... 19 more
)
[[ATTACHMENT|C:\\Users\\LENOVO\\Katalon Studio\\Avangard\\Reports\\20220225_085350\\\u0422\u0440\u0435\u043D\u0435\u0440\\20220225_085403\\1645769173374.png]]]]></system-out>
         <system-err><![CDATA[2022-02-25 09:03:40 - [TEST_CASE][FAILED] - Test Cases/Тренер/Оценка навыков: Test Cases/Тренер/Оценка навыков FAILED.
Reason:
com.kms.katalon.core.exception.StepFailedException: Verify element text of test object 'Object Repository/Avangard New/Object (Тренер)/Case (Оценка навыков)/alert home add' FAILED.
	at com.kms.katalon.core.webui.keyword.internal.WebUIKeywordMain.stepFailed(WebUIKeywordMain.groovy:64)
	at com.kms.katalon.core.webui.keyword.internal.WebUIKeywordMain.runKeyword(WebUIKeywordMain.groovy:26)
	at com.kms.katalon.core.webui.keyword.builtin.VerifyElementTextKeyword.verifyElementText(VerifyElementTextKeyword.groovy:72)
	at com.kms.katalon.core.webui.keyword.builtin.VerifyElementTextKeyword.execute(VerifyElementTextKeyword.groovy:40)
	at com.kms.katalon.core.keyword.internal.KeywordExecutor.executeKeywordForPlatform(KeywordExecutor.groovy:74)
	at com.kms.katalon.core.webui.keyword.WebUiBuiltInKeywords.verifyElementText(WebUiBuiltInKeywords.groovy:4749)
	at com.kms.katalon.core.webui.keyword.WebUiBuiltInKeywords$verifyElementText$7.call(Unknown Source)
	at Оценка навыков.run(Оценка навыков:34)
	at com.kms.katalon.core.main.ScriptEngine.run(ScriptEngine.java:194)
	at com.kms.katalon.core.main.ScriptEngine.runScriptAsRawText(ScriptEngine.java:119)
	at com.kms.katalon.core.main.TestCaseExecutor.runScript(TestCaseExecutor.java:442)
	at com.kms.katalon.core.main.TestCaseExecutor.doExecute(TestCaseExecutor.java:433)
	at com.kms.katalon.core.main.TestCaseExecutor.processExecutionPhase(TestCaseExecutor.java:412)
	at com.kms.katalon.core.main.TestCaseExecutor.accessMainPhase(TestCaseExecutor.java:404)
	at com.kms.katalon.core.main.TestCaseExecutor.execute(TestCaseExecutor.java:281)
	at com.kms.katalon.core.main.TestSuiteExecutor.accessTestCaseMainPhase(TestSuiteExecutor.java:202)
	at com.kms.katalon.core.main.TestSuiteExecutor.accessTestSuiteMainPhase(TestSuiteExecutor.java:164)
	at com.kms.katalon.core.main.TestSuiteExecutor.execute(TestSuiteExecutor.java:105)
	at com.kms.katalon.core.main.TestCaseMain.startTestSuite(TestCaseMain.java:185)
	at com.kms.katalon.core.main.TestCaseMain$startTestSuite$0.call(Unknown Source)
	at TempTestSuite1645768443310.run(TempTestSuite1645768443310.groovy:36)
Caused by: com.kms.katalon.core.exception.StepFailedException: com.kms.katalon.core.webui.exception.WebElementNotFoundException: Web element with id: 'Object Repository/Avangard New/Object (Тренер)/Case (Оценка навыков)/alert home add' located by '(.//*[normalize-space(text()) and normalize-space(.)='Ошибка при заполнении'])[1]/following::p[1]' not found
	at com.kms.katalon.core.webui.keyword.internal.WebUIKeywordMain.stepFailed(WebUIKeywordMain.groovy:64)
	at com.kms.katalon.core.webui.keyword.builtin.VerifyElementTextKeyword$_verifyElementText_closure1.doCall(VerifyElementTextKeyword.groovy:64)
	at com.kms.katalon.core.webui.keyword.builtin.VerifyElementTextKeyword$_verifyElementText_closure1.call(VerifyElementTextKeyword.groovy)
	at com.kms.katalon.core.webui.keyword.internal.WebUIKeywordMain.runKeyword(WebUIKeywordMain.groovy:20)
	... 19 more]]></system-err>
      </testcase>
      <testcase name="Test Cases/Тренер/Оценка по играм" time="159.233" classname="Test Cases/Тренер/Оценка по играм" status="FAILED">
         <failure type="FAILED" message="Test Cases/Тренер/Оценка по играм FAILED.
Reason:
com.kms.katalon.core.exception.StepFailedException: Verify element text of test object 'Object Repository/Avangard New/Object (Тренер)/Case (Оценка по играм)/alert save' FAILED.
	at com.kms.katalon.core.webui.keyword.internal.WebUIKeywordMain.stepFailed(WebUIKeywordMain.groovy:64)
	at com.kms.katalon.core.webui.keyword.internal.WebUIKeywordMain.runKeyword(WebUIKeywordMain.groovy:26)
	at com.kms.katalon.core.webui.keyword.builtin.VerifyElementTextKeyword.verifyElementText(VerifyElementTextKeyword.groovy:72)
	at com.kms.katalon.core.webui.keyword.builtin.VerifyElementTextKeyword.execute(VerifyElementTextKeyword.groovy:40)
	at com.kms.katalon.core.keyword.internal.KeywordExecutor.executeKeywordForPlatform(KeywordExecutor.groovy:74)
	at com.kms.katalon.core.webui.keyword.WebUiBuiltInKeywords.verifyElementText(WebUiBuiltInKeywords.groovy:4749)
	at com.kms.katalon.core.webui.keyword.WebUiBuiltInKeywords$verifyElementText$7.call(Unknown Source)
	at Оценка по играм.run(Оценка по играм:38)
	at com.kms.katalon.core.main.ScriptEngine.run(ScriptEngine.java:194)
	at com.kms.katalon.core.main.ScriptEngine.runScriptAsRawText(ScriptEngine.java:119)
	at com.kms.katalon.core.main.TestCaseExecutor.runScript(TestCaseExecutor.java:442)
	at com.kms.katalon.core.main.TestCaseExecutor.doExecute(TestCaseExecutor.java:433)
	at com.kms.katalon.core.main.TestCaseExecutor.processExecutionPhase(TestCaseExecutor.java:412)
	at com.kms.katalon.core.main.TestCaseExecutor.accessMainPhase(TestCaseExecutor.java:404)
	at com.kms.katalon.core.main.TestCaseExecutor.execute(TestCaseExecutor.java:281)
	at com.kms.katalon.core.main.TestSuiteExecutor.accessTestCaseMainPhase(TestSuiteExecutor.java:202)
	at com.kms.katalon.core.main.TestSuiteExecutor.accessTestSuiteMainPhase(TestSuiteExecutor.java:164)
	at com.kms.katalon.core.main.TestSuiteExecutor.execute(TestSuiteExecutor.java:105)
	at com.kms.katalon.core.main.TestCaseMain.startTestSuite(TestCaseMain.java:185)
	at com.kms.katalon.core.main.TestCaseMain$startTestSuite$0.call(Unknown Source)
	at TempTestSuite1645768443310.run(TempTestSuite1645768443310.groovy:36)
Caused by: org.openqa.selenium.StaleElementReferenceException: stale element reference: element is not attached to the page document
  (Session info: chrome=97.0.4692.71)
For documentation on this error, please visit: https://www.seleniumhq.org/exceptions/stale_element_reference.html
Build info: version: '3.141.59', revision: 'e82be7d358', time: '2018-11-14T08:25:53'
System info: host: 'DESKTOP-KNHN0AA', ip: '192.168.2.113', os.name: 'Windows 10', os.arch: 'amd64', os.version: '10.0', java.version: '1.8.0_282'
Driver info: com.kms.katalon.selenium.driver.CRemoteWebDriver
Capabilities {acceptInsecureCerts: false, browserName: chrome, browserVersion: 97.0.4692.71, chrome: {chromedriverVersion: 97.0.4692.71 (adefa7837d02a..., userDataDir: /tmp/.com.google.Chrome.27Y7x9}, goog:chromeOptions: {debuggerAddress: localhost:35867}, javascriptEnabled: true, networkConnectionEnabled: false, pageLoadStrategy: normal, platform: LINUX, platformName: LINUX, proxy: Proxy(direct), se:cdp: ws://172.48.138.54:4444/ses..., se:cdpVersion: 97.0.4692.71, se:vnc: ws://172.48.138.54:4444/ses..., se:vncEnabled: true, se:vncLocalAddress: ws://172.48.138.54:7900, setWindowRect: true, strictFileInteractability: false, timeouts: {implicit: 0, pageLoad: 300000, script: 30000}, unhandledPromptBehavior: dismiss and notify, webauthn:extension:credBlob: true, webauthn:extension:largeBlob: true, webauthn:virtualAuthenticators: true}
Session ID: 9b643c46b2ffa39cb3c6784a7813dd9b
	at org.openqa.selenium.remote.http.W3CHttpResponseCodec.createException(W3CHttpResponseCodec.java:187)
	at org.openqa.selenium.remote.http.W3CHttpResponseCodec.decode(W3CHttpResponseCodec.java:122)
	at org.openqa.selenium.remote.http.W3CHttpResponseCodec.decode(W3CHttpResponseCodec.java:49)
	at org.openqa.selenium.remote.HttpCommandExecutor.execute(HttpCommandExecutor.java:158)
	at org.openqa.selenium.remote.RemoteWebDriver.execute(RemoteWebDriver.java:552)
	at com.kms.katalon.selenium.driver.CRemoteWebDriver.execute(CRemoteWebDriver.java:30)
	at org.openqa.selenium.remote.RemoteWebElement.execute(RemoteWebElement.java:285)
	at org.openqa.selenium.remote.RemoteWebElement.getText(RemoteWebElement.java:166)
	at org.openqa.selenium.support.events.EventFiringWebDriver$EventFiringWebElement.lambda$new$0(EventFiringWebDriver.java:404)
	at com.sun.proxy.$Proxy11.getText(Unknown Source)
	at org.openqa.selenium.support.events.EventFiringWebDriver$EventFiringWebElement.getText(EventFiringWebDriver.java:463)
	at com.kms.katalon.core.webui.keyword.builtin.VerifyElementTextKeyword$_verifyElementText_closure1.doCall(VerifyElementTextKeyword.groovy:53)
	at com.kms.katalon.core.webui.keyword.builtin.VerifyElementTextKeyword$_verifyElementText_closure1.call(VerifyElementTextKeyword.groovy)
	at com.kms.katalon.core.webui.keyword.internal.WebUIKeywordMain.runKeyword(WebUIKeywordMain.groovy:20)
	... 19 more
"/>
         <system-out><![CDATA[2022-02-25 09:06:17 - [TEST_CASE][FAILED] - Test Cases/Тренер/Оценка по играм: Test Cases/Тренер/Оценка по играм FAILED.
Reason:
com.kms.katalon.core.exception.StepFailedException: Verify element text of test object 'Object Repository/Avangard New/Object (Тренер)/Case (Оценка по играм)/alert save' FAILED.
	at com.kms.katalon.core.webui.keyword.internal.WebUIKeywordMain.stepFailed(WebUIKeywordMain.groovy:64)
	at com.kms.katalon.core.webui.keyword.internal.WebUIKeywordMain.runKeyword(WebUIKeywordMain.groovy:26)
	at com.kms.katalon.core.webui.keyword.builtin.VerifyElementTextKeyword.verifyElementText(VerifyElementTextKeyword.groovy:72)
	at com.kms.katalon.core.webui.keyword.builtin.VerifyElementTextKeyword.execute(VerifyElementTextKeyword.groovy:40)
	at com.kms.katalon.core.keyword.internal.KeywordExecutor.executeKeywordForPlatform(KeywordExecutor.groovy:74)
	at com.kms.katalon.core.webui.keyword.WebUiBuiltInKeywords.verifyElementText(WebUiBuiltInKeywords.groovy:4749)
	at com.kms.katalon.core.webui.keyword.WebUiBuiltInKeywords$verifyElementText$7.call(Unknown Source)
	at Оценка по играм.run(Оценка по играм:38)
	at com.kms.katalon.core.main.ScriptEngine.run(ScriptEngine.java:194)
	at com.kms.katalon.core.main.ScriptEngine.runScriptAsRawText(ScriptEngine.java:119)
	at com.kms.katalon.core.main.TestCaseExecutor.runScript(TestCaseExecutor.java:442)
	at com.kms.katalon.core.main.TestCaseExecutor.doExecute(TestCaseExecutor.java:433)
	at com.kms.katalon.core.main.TestCaseExecutor.processExecutionPhase(TestCaseExecutor.java:412)
	at com.kms.katalon.core.main.TestCaseExecutor.accessMainPhase(TestCaseExecutor.java:404)
	at com.kms.katalon.core.main.TestCaseExecutor.execute(TestCaseExecutor.java:281)
	at com.kms.katalon.core.main.TestSuiteExecutor.accessTestCaseMainPhase(TestSuiteExecutor.java:202)
	at com.kms.katalon.core.main.TestSuiteExecutor.accessTestSuiteMainPhase(TestSuiteExecutor.java:164)
	at com.kms.katalon.core.main.TestSuiteExecutor.execute(TestSuiteExecutor.java:105)
	at com.kms.katalon.core.main.TestCaseMain.startTestSuite(TestCaseMain.java:185)
	at com.kms.katalon.core.main.TestCaseMain$startTestSuite$0.call(Unknown Source)
	at TempTestSuite1645768443310.run(TempTestSuite1645768443310.groovy:36)
Caused by: org.openqa.selenium.StaleElementReferenceException: stale element reference: element is not attached to the page document
  (Session info: chrome=97.0.4692.71)
For documentation on this error, please visit: https://www.seleniumhq.org/exceptions/stale_element_reference.html
Build info: version: '3.141.59', revision: 'e82be7d358', time: '2018-11-14T08:25:53'
System info: host: 'DESKTOP-KNHN0AA', ip: '192.168.2.113', os.name: 'Windows 10', os.arch: 'amd64', os.version: '10.0', java.version: '1.8.0_282'
Driver info: com.kms.katalon.selenium.driver.CRemoteWebDriver
Capabilities {acceptInsecureCerts: false, browserName: chrome, browserVersion: 97.0.4692.71, chrome: {chromedriverVersion: 97.0.4692.71 (adefa7837d02a..., userDataDir: /tmp/.com.google.Chrome.27Y7x9}, goog:chromeOptions: {debuggerAddress: localhost:35867}, javascriptEnabled: true, networkConnectionEnabled: false, pageLoadStrategy: normal, platform: LINUX, platformName: LINUX, proxy: Proxy(direct), se:cdp: ws://172.48.138.54:4444/ses..., se:cdpVersion: 97.0.4692.71, se:vnc: ws://172.48.138.54:4444/ses..., se:vncEnabled: true, se:vncLocalAddress: ws://172.48.138.54:7900, setWindowRect: true, strictFileInteractability: false, timeouts: {implicit: 0, pageLoad: 300000, script: 30000}, unhandledPromptBehavior: dismiss and notify, webauthn:extension:credBlob: true, webauthn:extension:largeBlob: true, webauthn:virtualAuthenticators: true}
Session ID: 9b643c46b2ffa39cb3c6784a7813dd9b
	at org.openqa.selenium.remote.http.W3CHttpResponseCodec.createException(W3CHttpResponseCodec.java:187)
	at org.openqa.selenium.remote.http.W3CHttpResponseCodec.decode(W3CHttpResponseCodec.java:122)
	at org.openqa.selenium.remote.http.W3CHttpResponseCodec.decode(W3CHttpResponseCodec.java:49)
	at org.openqa.selenium.remote.HttpCommandExecutor.execute(HttpCommandExecutor.java:158)
	at org.openqa.selenium.remote.RemoteWebDriver.execute(RemoteWebDriver.java:552)
	at com.kms.katalon.selenium.driver.CRemoteWebDriver.execute(CRemoteWebDriver.java:30)
	at org.openqa.selenium.remote.RemoteWebElement.execute(RemoteWebElement.java:285)
	at org.openqa.selenium.remote.RemoteWebElement.getText(RemoteWebElement.java:166)
	at org.openqa.selenium.support.events.EventFiringWebDriver$EventFiringWebElement.lambda$new$0(EventFiringWebDriver.java:404)
	at com.sun.proxy.$Proxy11.getText(Unknown Source)
	at org.openqa.selenium.support.events.EventFiringWebDriver$EventFiringWebElement.getText(EventFiringWebDriver.java:463)
	at com.kms.katalon.core.webui.keyword.builtin.VerifyElementTextKeyword$_verifyElementText_closure1.doCall(VerifyElementTextKeyword.groovy:53)
	at com.kms.katalon.core.webui.keyword.builtin.VerifyElementTextKeyword$_verifyElementText_closure1.call(VerifyElementTextKeyword.groovy)
	at com.kms.katalon.core.webui.keyword.internal.WebUIKeywordMain.runKeyword(WebUIKeywordMain.groovy:20)
	... 19 more


2022-02-25 09:06:18 - [TEST_STEP][PASSED] - callTestCase(findTestCase("Тренер/Авторизация"), [:], STOP_ON_FAILURE): Call Test Case 'Test Cases/Тренер/Авторизация' successfully

2022-02-25 09:06:18 - [TEST_CASE][PASSED] - Test Cases/Тренер/Авторизация: Test Cases/Тренер/Авторизация

2022-02-25 09:06:18 - [TEST_STEP][PASSED] - openBrowser(""): Browser is opened with url: ''

2022-02-25 09:06:18 - [MESSAGE][WARNING] - A browser is already opened. Closing browser and opening a new one

2022-02-25 09:06:18 - [MESSAGE][INFO] - User set preference: ['os', 'linux']

2022-02-25 09:06:18 - [MESSAGE][INFO] - User set preference: ['browserName', 'chrome']

2022-02-25 09:06:18 - [MESSAGE][INFO] - User set preference: ['browserVersion', '97']

2022-02-25 09:06:18 - [MESSAGE][INFO] - User set preference: ['katalon:option', '{organizationId=564672, tunnelId=, usingTunnel=false}']

2022-02-25 09:06:18 - [MESSAGE][INFO] - Connecting to remote web server 'testcloud.katalon.com/hub' with type 'Selenium'

2022-02-25 09:06:18 - [MESSAGE][INFO] - Action delay is set to 100 milliseconds

2022-02-25 09:07:53 - [MESSAGE][PASSED] - Browser is opened with url: ''

2022-02-25 09:07:53 - [TEST_STEP][PASSED] - maximizeWindow(): Current window maximized

2022-02-25 09:07:54 - [MESSAGE][PASSED] - Current window maximized

2022-02-25 09:07:54 - [TEST_STEP][PASSED] - navigateToUrl(url): Navigate to 'https://stars-stage.hawk.ru:8080' successfully

2022-02-25 09:08:00 - [MESSAGE][PASSED] - Navigate to 'https://stars-stage.hawk.ru:8080' successfully

2022-02-25 09:08:00 - [TEST_STEP][PASSED] - setText(findTestObject("Object Repository/manager/Page_/input__sc-lnrBVv eqPACj"), coach_login): Text 'levashev.ps@hc-avangard.com' is set on object 'Object Repository/manager/Page_/input__sc-lnrBVv eqPACj'

2022-02-25 09:08:05 - [MESSAGE][PASSED] - Text 'levashev.ps@hc-avangard.com' is set on object 'Object Repository/manager/Page_/input__sc-lnrBVv eqPACj'

2022-02-25 09:08:05 - [TEST_STEP][PASSED] - setText(findTestObject("Object Repository/manager/Page_/input__sc-lnrBVv eqPACj_1"), coach_password): Text 'Darden41087' is set on object 'Object Repository/manager/Page_/input__sc-lnrBVv eqPACj_1'

2022-02-25 09:08:09 - [MESSAGE][PASSED] - Text 'Darden41087' is set on object 'Object Repository/manager/Page_/input__sc-lnrBVv eqPACj_1'

2022-02-25 09:08:09 - [TEST_STEP][PASSED] - click(findTestObject("manager/Page_/go")): Object: 'Object Repository/manager/Page_/go' is clicked on

2022-02-25 09:08:11 - [MESSAGE][PASSED] - Object: 'Object Repository/manager/Page_/go' is clicked on

2022-02-25 09:08:11 - [MESSAGE][PASSED] - Call Test Case 'Test Cases/Тренер/Авторизация' successfully

2022-02-25 09:08:11 - [TEST_STEP][PASSED] - click(findTestObject("Avangard New/Object (Тренер)/Case (Оценка по играм)/grade for game")): Object: 'Object Repository/Avangard New/Object (Тренер)/Case (Оценка по играм)/grade for game' is clicked on

2022-02-25 09:08:35 - [MESSAGE][PASSED] - Object: 'Object Repository/Avangard New/Object (Тренер)/Case (Оценка по играм)/grade for game' is clicked on

2022-02-25 09:08:35 - [TEST_STEP][PASSED] - click(findTestObject("Avangard New/Object (Тренер)/Case (Оценка по играм)/edit")): Object: 'Object Repository/Avangard New/Object (Тренер)/Case (Оценка по играм)/edit' is clicked on

2022-02-25 09:08:38 - [MESSAGE][PASSED] - Object: 'Object Repository/Avangard New/Object (Тренер)/Case (Оценка по играм)/edit' is clicked on

2022-02-25 09:08:38 - [TEST_STEP][PASSED] - verifyElementClickable(findTestObject("Avangard New/Object (Тренер)/Case (Оценка по играм)/edit 4")): Object 'Object Repository/Avangard New/Object (Тренер)/Case (Оценка по играм)/edit 4' is clickable

2022-02-25 09:08:41 - [MESSAGE][PASSED] - Object 'Object Repository/Avangard New/Object (Тренер)/Case (Оценка по играм)/edit 4' is clickable

2022-02-25 09:08:41 - [TEST_STEP][PASSED] - scrollToElement(findTestObject("Avangard New/Object (Тренер)/Case (Оценка по играм)/button_"), 0): Scroll to object 'Object Repository/Avangard New/Object (Тренер)/Case (Оценка по играм)/button_' successfully

2022-02-25 09:08:42 - [MESSAGE][WARNING] - Timeout '0' is invalid. Using default page load timeout: '30'

2022-02-25 09:08:43 - [MESSAGE][PASSED] - Scroll to object 'Object Repository/Avangard New/Object (Тренер)/Case (Оценка по играм)/button_' successfully

2022-02-25 09:08:43 - [TEST_STEP][PASSED] - click(findTestObject("Avangard New/Object (Тренер)/Case (Оценка по играм)/button_")): Object: 'Object Repository/Avangard New/Object (Тренер)/Case (Оценка по играм)/button_' is clicked on

2022-02-25 09:08:46 - [MESSAGE][PASSED] - Object: 'Object Repository/Avangard New/Object (Тренер)/Case (Оценка по играм)/button_' is clicked on

2022-02-25 09:08:46 - [TEST_STEP][FAILED] - verifyElementText(findTestObject("Avangard New/Object (Тренер)/Case (Оценка по играм)/alert save"), "Оценка сохранена"): Verify element text of test object 'Object Repository/Avangard New/Object (Тренер)/Case (Оценка по играм)/alert save' FAILED. (Root cause: com.kms.katalon.core.exception.StepFailedException: Verify element text of test object 'Object Repository/Avangard New/Object (Тренер)/Case (Оценка по играм)/alert save' FAILED.
	at com.kms.katalon.core.webui.keyword.internal.WebUIKeywordMain.stepFailed(WebUIKeywordMain.groovy:64)
	at com.kms.katalon.core.webui.keyword.internal.WebUIKeywordMain.runKeyword(WebUIKeywordMain.groovy:26)
	at com.kms.katalon.core.webui.keyword.builtin.VerifyElementTextKeyword.verifyElementText(VerifyElementTextKeyword.groovy:72)
	at com.kms.katalon.core.webui.keyword.builtin.VerifyElementTextKeyword.execute(VerifyElementTextKeyword.groovy:40)
	at com.kms.katalon.core.keyword.internal.KeywordExecutor.executeKeywordForPlatform(KeywordExecutor.groovy:74)
	at com.kms.katalon.core.webui.keyword.WebUiBuiltInKeywords.verifyElementText(WebUiBuiltInKeywords.groovy:4749)
	at com.kms.katalon.core.webui.keyword.WebUiBuiltInKeywords$verifyElementText$7.call(Unknown Source)
	at Оценка по играм.run(Оценка по играм:38)
	at com.kms.katalon.core.main.ScriptEngine.run(ScriptEngine.java:194)
	at com.kms.katalon.core.main.ScriptEngine.runScriptAsRawText(ScriptEngine.java:119)
	at com.kms.katalon.core.main.TestCaseExecutor.runScript(TestCaseExecutor.java:442)
	at com.kms.katalon.core.main.TestCaseExecutor.doExecute(TestCaseExecutor.java:433)
	at com.kms.katalon.core.main.TestCaseExecutor.processExecutionPhase(TestCaseExecutor.java:412)
	at com.kms.katalon.core.main.TestCaseExecutor.accessMainPhase(TestCaseExecutor.java:404)
	at com.kms.katalon.core.main.TestCaseExecutor.execute(TestCaseExecutor.java:281)
	at com.kms.katalon.core.main.TestSuiteExecutor.accessTestCaseMainPhase(TestSuiteExecutor.java:202)
	at com.kms.katalon.core.main.TestSuiteExecutor.accessTestSuiteMainPhase(TestSuiteExecutor.java:164)
	at com.kms.katalon.core.main.TestSuiteExecutor.execute(TestSuiteExecutor.java:105)
	at com.kms.katalon.core.main.TestCaseMain.startTestSuite(TestCaseMain.java:185)
	at com.kms.katalon.core.main.TestCaseMain$startTestSuite$0.call(Unknown Source)
	at TempTestSuite1645768443310.run(TempTestSuite1645768443310.groovy:36)
Caused by: org.openqa.selenium.StaleElementReferenceException: stale element reference: element is not attached to the page document
  (Session info: chrome=97.0.4692.71)
For documentation on this error, please visit: https://www.seleniumhq.org/exceptions/stale_element_reference.html
Build info: version: '3.141.59', revision: 'e82be7d358', time: '2018-11-14T08:25:53'
System info: host: 'DESKTOP-KNHN0AA', ip: '192.168.2.113', os.name: 'Windows 10', os.arch: 'amd64', os.version: '10.0', java.version: '1.8.0_282'
Driver info: com.kms.katalon.selenium.driver.CRemoteWebDriver
Capabilities {acceptInsecureCerts: false, browserName: chrome, browserVersion: 97.0.4692.71, chrome: {chromedriverVersion: 97.0.4692.71 (adefa7837d02a..., userDataDir: /tmp/.com.google.Chrome.27Y7x9}, goog:chromeOptions: {debuggerAddress: localhost:35867}, javascriptEnabled: true, networkConnectionEnabled: false, pageLoadStrategy: normal, platform: LINUX, platformName: LINUX, proxy: Proxy(direct), se:cdp: ws://172.48.138.54:4444/ses..., se:cdpVersion: 97.0.4692.71, se:vnc: ws://172.48.138.54:4444/ses..., se:vncEnabled: true, se:vncLocalAddress: ws://172.48.138.54:7900, setWindowRect: true, strictFileInteractability: false, timeouts: {implicit: 0, pageLoad: 300000, script: 30000}, unhandledPromptBehavior: dismiss and notify, webauthn:extension:credBlob: true, webauthn:extension:largeBlob: true, webauthn:virtualAuthenticators: true}
Session ID: 9b643c46b2ffa39cb3c6784a7813dd9b
	at org.openqa.selenium.remote.http.W3CHttpResponseCodec.createException(W3CHttpResponseCodec.java:187)
	at org.openqa.selenium.remote.http.W3CHttpResponseCodec.decode(W3CHttpResponseCodec.java:122)
	at org.openqa.selenium.remote.http.W3CHttpResponseCodec.decode(W3CHttpResponseCodec.java:49)
	at org.openqa.selenium.remote.HttpCommandExecutor.execute(HttpCommandExecutor.java:158)
	at org.openqa.selenium.remote.RemoteWebDriver.execute(RemoteWebDriver.java:552)
	at com.kms.katalon.selenium.driver.CRemoteWebDriver.execute(CRemoteWebDriver.java:30)
	at org.openqa.selenium.remote.RemoteWebElement.execute(RemoteWebElement.java:285)
	at org.openqa.selenium.remote.RemoteWebElement.getText(RemoteWebElement.java:166)
	at org.openqa.selenium.support.events.EventFiringWebDriver$EventFiringWebElement.lambda$new$0(EventFiringWebDriver.java:404)
	at com.sun.proxy.$Proxy11.getText(Unknown Source)
	at org.openqa.selenium.support.events.EventFiringWebDriver$EventFiringWebElement.getText(EventFiringWebDriver.java:463)
	at com.kms.katalon.core.webui.keyword.builtin.VerifyElementTextKeyword$_verifyElementText_closure1.doCall(VerifyElementTextKeyword.groovy:53)
	at com.kms.katalon.core.webui.keyword.builtin.VerifyElementTextKeyword$_verifyElementText_closure1.call(VerifyElementTextKeyword.groovy)
	at com.kms.katalon.core.webui.keyword.internal.WebUIKeywordMain.runKeyword(WebUIKeywordMain.groovy:20)
	at com.kms.katalon.core.webui.keyword.builtin.VerifyElementTextKeyword.verifyElementText(VerifyElementTextKeyword.groovy:72)
	at com.kms.katalon.core.webui.keyword.builtin.VerifyElementTextKeyword.execute(VerifyElementTextKeyword.groovy:40)
	at com.kms.katalon.core.keyword.internal.KeywordExecutor.executeKeywordForPlatform(KeywordExecutor.groovy:74)
	at com.kms.katalon.core.webui.keyword.WebUiBuiltInKeywords.verifyElementText(WebUiBuiltInKeywords.groovy:4749)
	at com.kms.katalon.core.webui.keyword.WebUiBuiltInKeywords$verifyElementText$7.call(Unknown Source)
	at Script1645291305622.run(Script1645291305622.groovy:38)
	... 13 more
)

2022-02-25 09:08:54 - [MESSAGE][FAILED] - Verify element text of test object 'Object Repository/Avangard New/Object (Тренер)/Case (Оценка по играм)/alert save' FAILED. (Root cause: com.kms.katalon.core.exception.StepFailedException: Verify element text of test object 'Object Repository/Avangard New/Object (Тренер)/Case (Оценка по играм)/alert save' FAILED.
	at com.kms.katalon.core.webui.keyword.internal.WebUIKeywordMain.stepFailed(WebUIKeywordMain.groovy:64)
	at com.kms.katalon.core.webui.keyword.internal.WebUIKeywordMain.runKeyword(WebUIKeywordMain.groovy:26)
	at com.kms.katalon.core.webui.keyword.builtin.VerifyElementTextKeyword.verifyElementText(VerifyElementTextKeyword.groovy:72)
	at com.kms.katalon.core.webui.keyword.builtin.VerifyElementTextKeyword.execute(VerifyElementTextKeyword.groovy:40)
	at com.kms.katalon.core.keyword.internal.KeywordExecutor.executeKeywordForPlatform(KeywordExecutor.groovy:74)
	at com.kms.katalon.core.webui.keyword.WebUiBuiltInKeywords.verifyElementText(WebUiBuiltInKeywords.groovy:4749)
	at com.kms.katalon.core.webui.keyword.WebUiBuiltInKeywords$verifyElementText$7.call(Unknown Source)
	at Оценка по играм.run(Оценка по играм:38)
	at com.kms.katalon.core.main.ScriptEngine.run(ScriptEngine.java:194)
	at com.kms.katalon.core.main.ScriptEngine.runScriptAsRawText(ScriptEngine.java:119)
	at com.kms.katalon.core.main.TestCaseExecutor.runScript(TestCaseExecutor.java:442)
	at com.kms.katalon.core.main.TestCaseExecutor.doExecute(TestCaseExecutor.java:433)
	at com.kms.katalon.core.main.TestCaseExecutor.processExecutionPhase(TestCaseExecutor.java:412)
	at com.kms.katalon.core.main.TestCaseExecutor.accessMainPhase(TestCaseExecutor.java:404)
	at com.kms.katalon.core.main.TestCaseExecutor.execute(TestCaseExecutor.java:281)
	at com.kms.katalon.core.main.TestSuiteExecutor.accessTestCaseMainPhase(TestSuiteExecutor.java:202)
	at com.kms.katalon.core.main.TestSuiteExecutor.accessTestSuiteMainPhase(TestSuiteExecutor.java:164)
	at com.kms.katalon.core.main.TestSuiteExecutor.execute(TestSuiteExecutor.java:105)
	at com.kms.katalon.core.main.TestCaseMain.startTestSuite(TestCaseMain.java:185)
	at com.kms.katalon.core.main.TestCaseMain$startTestSuite$0.call(Unknown Source)
	at TempTestSuite1645768443310.run(TempTestSuite1645768443310.groovy:36)
Caused by: org.openqa.selenium.StaleElementReferenceException: stale element reference: element is not attached to the page document
  (Session info: chrome=97.0.4692.71)
For documentation on this error, please visit: https://www.seleniumhq.org/exceptions/stale_element_reference.html
Build info: version: '3.141.59', revision: 'e82be7d358', time: '2018-11-14T08:25:53'
System info: host: 'DESKTOP-KNHN0AA', ip: '192.168.2.113', os.name: 'Windows 10', os.arch: 'amd64', os.version: '10.0', java.version: '1.8.0_282'
Driver info: com.kms.katalon.selenium.driver.CRemoteWebDriver
Capabilities {acceptInsecureCerts: false, browserName: chrome, browserVersion: 97.0.4692.71, chrome: {chromedriverVersion: 97.0.4692.71 (adefa7837d02a..., userDataDir: /tmp/.com.google.Chrome.27Y7x9}, goog:chromeOptions: {debuggerAddress: localhost:35867}, javascriptEnabled: true, networkConnectionEnabled: false, pageLoadStrategy: normal, platform: LINUX, platformName: LINUX, proxy: Proxy(direct), se:cdp: ws://172.48.138.54:4444/ses..., se:cdpVersion: 97.0.4692.71, se:vnc: ws://172.48.138.54:4444/ses..., se:vncEnabled: true, se:vncLocalAddress: ws://172.48.138.54:7900, setWindowRect: true, strictFileInteractability: false, timeouts: {implicit: 0, pageLoad: 300000, script: 30000}, unhandledPromptBehavior: dismiss and notify, webauthn:extension:credBlob: true, webauthn:extension:largeBlob: true, webauthn:virtualAuthenticators: true}
Session ID: 9b643c46b2ffa39cb3c6784a7813dd9b
	at org.openqa.selenium.remote.http.W3CHttpResponseCodec.createException(W3CHttpResponseCodec.java:187)
	at org.openqa.selenium.remote.http.W3CHttpResponseCodec.decode(W3CHttpResponseCodec.java:122)
	at org.openqa.selenium.remote.http.W3CHttpResponseCodec.decode(W3CHttpResponseCodec.java:49)
	at org.openqa.selenium.remote.HttpCommandExecutor.execute(HttpCommandExecutor.java:158)
	at org.openqa.selenium.remote.RemoteWebDriver.execute(RemoteWebDriver.java:552)
	at com.kms.katalon.selenium.driver.CRemoteWebDriver.execute(CRemoteWebDriver.java:30)
	at org.openqa.selenium.remote.RemoteWebElement.execute(RemoteWebElement.java:285)
	at org.openqa.selenium.remote.RemoteWebElement.getText(RemoteWebElement.java:166)
	at org.openqa.selenium.support.events.EventFiringWebDriver$EventFiringWebElement.lambda$new$0(EventFiringWebDriver.java:404)
	at com.sun.proxy.$Proxy11.getText(Unknown Source)
	at org.openqa.selenium.support.events.EventFiringWebDriver$EventFiringWebElement.getText(EventFiringWebDriver.java:463)
	at com.kms.katalon.core.webui.keyword.builtin.VerifyElementTextKeyword$_verifyElementText_closure1.doCall(VerifyElementTextKeyword.groovy:53)
	at com.kms.katalon.core.webui.keyword.builtin.VerifyElementTextKeyword$_verifyElementText_closure1.call(VerifyElementTextKeyword.groovy)
	at com.kms.katalon.core.webui.keyword.internal.WebUIKeywordMain.runKeyword(WebUIKeywordMain.groovy:20)
	at com.kms.katalon.core.webui.keyword.builtin.VerifyElementTextKeyword.verifyElementText(VerifyElementTextKeyword.groovy:72)
	at com.kms.katalon.core.webui.keyword.builtin.VerifyElementTextKeyword.execute(VerifyElementTextKeyword.groovy:40)
	at com.kms.katalon.core.keyword.internal.KeywordExecutor.executeKeywordForPlatform(KeywordExecutor.groovy:74)
	at com.kms.katalon.core.webui.keyword.WebUiBuiltInKeywords.verifyElementText(WebUiBuiltInKeywords.groovy:4749)
	at com.kms.katalon.core.webui.keyword.WebUiBuiltInKeywords$verifyElementText$7.call(Unknown Source)
	at Script1645291305622.run(Script1645291305622.groovy:38)
	... 13 more
)
[[ATTACHMENT|C:\\Users\\LENOVO\\Katalon Studio\\Avangard\\Reports\\20220225_085350\\\u0422\u0440\u0435\u043D\u0435\u0440\\20220225_085403\\1645769333278.png]]]]></system-out>
         <system-err><![CDATA[2022-02-25 09:06:17 - [TEST_CASE][FAILED] - Test Cases/Тренер/Оценка по играм: Test Cases/Тренер/Оценка по играм FAILED.
Reason:
com.kms.katalon.core.exception.StepFailedException: Verify element text of test object 'Object Repository/Avangard New/Object (Тренер)/Case (Оценка по играм)/alert save' FAILED.
	at com.kms.katalon.core.webui.keyword.internal.WebUIKeywordMain.stepFailed(WebUIKeywordMain.groovy:64)
	at com.kms.katalon.core.webui.keyword.internal.WebUIKeywordMain.runKeyword(WebUIKeywordMain.groovy:26)
	at com.kms.katalon.core.webui.keyword.builtin.VerifyElementTextKeyword.verifyElementText(VerifyElementTextKeyword.groovy:72)
	at com.kms.katalon.core.webui.keyword.builtin.VerifyElementTextKeyword.execute(VerifyElementTextKeyword.groovy:40)
	at com.kms.katalon.core.keyword.internal.KeywordExecutor.executeKeywordForPlatform(KeywordExecutor.groovy:74)
	at com.kms.katalon.core.webui.keyword.WebUiBuiltInKeywords.verifyElementText(WebUiBuiltInKeywords.groovy:4749)
	at com.kms.katalon.core.webui.keyword.WebUiBuiltInKeywords$verifyElementText$7.call(Unknown Source)
	at Оценка по играм.run(Оценка по играм:38)
	at com.kms.katalon.core.main.ScriptEngine.run(ScriptEngine.java:194)
	at com.kms.katalon.core.main.ScriptEngine.runScriptAsRawText(ScriptEngine.java:119)
	at com.kms.katalon.core.main.TestCaseExecutor.runScript(TestCaseExecutor.java:442)
	at com.kms.katalon.core.main.TestCaseExecutor.doExecute(TestCaseExecutor.java:433)
	at com.kms.katalon.core.main.TestCaseExecutor.processExecutionPhase(TestCaseExecutor.java:412)
	at com.kms.katalon.core.main.TestCaseExecutor.accessMainPhase(TestCaseExecutor.java:404)
	at com.kms.katalon.core.main.TestCaseExecutor.execute(TestCaseExecutor.java:281)
	at com.kms.katalon.core.main.TestSuiteExecutor.accessTestCaseMainPhase(TestSuiteExecutor.java:202)
	at com.kms.katalon.core.main.TestSuiteExecutor.accessTestSuiteMainPhase(TestSuiteExecutor.java:164)
	at com.kms.katalon.core.main.TestSuiteExecutor.execute(TestSuiteExecutor.java:105)
	at com.kms.katalon.core.main.TestCaseMain.startTestSuite(TestCaseMain.java:185)
	at com.kms.katalon.core.main.TestCaseMain$startTestSuite$0.call(Unknown Source)
	at TempTestSuite1645768443310.run(TempTestSuite1645768443310.groovy:36)
Caused by: org.openqa.selenium.StaleElementReferenceException: stale element reference: element is not attached to the page document
  (Session info: chrome=97.0.4692.71)
For documentation on this error, please visit: https://www.seleniumhq.org/exceptions/stale_element_reference.html
Build info: version: '3.141.59', revision: 'e82be7d358', time: '2018-11-14T08:25:53'
System info: host: 'DESKTOP-KNHN0AA', ip: '192.168.2.113', os.name: 'Windows 10', os.arch: 'amd64', os.version: '10.0', java.version: '1.8.0_282'
Driver info: com.kms.katalon.selenium.driver.CRemoteWebDriver
Capabilities {acceptInsecureCerts: false, browserName: chrome, browserVersion: 97.0.4692.71, chrome: {chromedriverVersion: 97.0.4692.71 (adefa7837d02a..., userDataDir: /tmp/.com.google.Chrome.27Y7x9}, goog:chromeOptions: {debuggerAddress: localhost:35867}, javascriptEnabled: true, networkConnectionEnabled: false, pageLoadStrategy: normal, platform: LINUX, platformName: LINUX, proxy: Proxy(direct), se:cdp: ws://172.48.138.54:4444/ses..., se:cdpVersion: 97.0.4692.71, se:vnc: ws://172.48.138.54:4444/ses..., se:vncEnabled: true, se:vncLocalAddress: ws://172.48.138.54:7900, setWindowRect: true, strictFileInteractability: false, timeouts: {implicit: 0, pageLoad: 300000, script: 30000}, unhandledPromptBehavior: dismiss and notify, webauthn:extension:credBlob: true, webauthn:extension:largeBlob: true, webauthn:virtualAuthenticators: true}
Session ID: 9b643c46b2ffa39cb3c6784a7813dd9b
	at org.openqa.selenium.remote.http.W3CHttpResponseCodec.createException(W3CHttpResponseCodec.java:187)
	at org.openqa.selenium.remote.http.W3CHttpResponseCodec.decode(W3CHttpResponseCodec.java:122)
	at org.openqa.selenium.remote.http.W3CHttpResponseCodec.decode(W3CHttpResponseCodec.java:49)
	at org.openqa.selenium.remote.HttpCommandExecutor.execute(HttpCommandExecutor.java:158)
	at org.openqa.selenium.remote.RemoteWebDriver.execute(RemoteWebDriver.java:552)
	at com.kms.katalon.selenium.driver.CRemoteWebDriver.execute(CRemoteWebDriver.java:30)
	at org.openqa.selenium.remote.RemoteWebElement.execute(RemoteWebElement.java:285)
	at org.openqa.selenium.remote.RemoteWebElement.getText(RemoteWebElement.java:166)
	at org.openqa.selenium.support.events.EventFiringWebDriver$EventFiringWebElement.lambda$new$0(EventFiringWebDriver.java:404)
	at com.sun.proxy.$Proxy11.getText(Unknown Source)
	at org.openqa.selenium.support.events.EventFiringWebDriver$EventFiringWebElement.getText(EventFiringWebDriver.java:463)
	at com.kms.katalon.core.webui.keyword.builtin.VerifyElementTextKeyword$_verifyElementText_closure1.doCall(VerifyElementTextKeyword.groovy:53)
	at com.kms.katalon.core.webui.keyword.builtin.VerifyElementTextKeyword$_verifyElementText_closure1.call(VerifyElementTextKeyword.groovy)
	at com.kms.katalon.core.webui.keyword.internal.WebUIKeywordMain.runKeyword(WebUIKeywordMain.groovy:20)
	... 19 more]]></system-err>
      </testcase>
      <testcase name="Test Cases/Тренер/Рекомендации по ОФП" time="286.483" classname="Test Cases/Тренер/Рекомендации по ОФП" status="PASSED">
         <system-out><![CDATA[2022-02-25 09:08:56 - [TEST_CASE][PASSED] - Test Cases/Тренер/Рекомендации по ОФП: Test Cases/Тренер/Рекомендации по ОФП

2022-02-25 09:08:57 - [TEST_STEP][PASSED] - callTestCase(findTestCase("Тренер/Авторизация"), [:], STOP_ON_FAILURE): Call Test Case 'Test Cases/Тренер/Авторизация' successfully

2022-02-25 09:08:57 - [TEST_CASE][PASSED] - Test Cases/Тренер/Авторизация: Test Cases/Тренер/Авторизация

2022-02-25 09:08:57 - [TEST_STEP][PASSED] - openBrowser(""): Browser is opened with url: ''

2022-02-25 09:08:57 - [MESSAGE][WARNING] - A browser is already opened. Closing browser and opening a new one

2022-02-25 09:08:58 - [MESSAGE][INFO] - User set preference: ['os', 'linux']

2022-02-25 09:08:58 - [MESSAGE][INFO] - User set preference: ['browserName', 'chrome']

2022-02-25 09:08:58 - [MESSAGE][INFO] - User set preference: ['browserVersion', '97']

2022-02-25 09:08:58 - [MESSAGE][INFO] - User set preference: ['katalon:option', '{organizationId=564672, tunnelId=, usingTunnel=false}']

2022-02-25 09:08:58 - [MESSAGE][INFO] - Connecting to remote web server 'testcloud.katalon.com/hub' with type 'Selenium'

2022-02-25 09:08:58 - [MESSAGE][INFO] - Action delay is set to 100 milliseconds

2022-02-25 09:10:08 - [MESSAGE][PASSED] - Browser is opened with url: ''

2022-02-25 09:10:08 - [TEST_STEP][PASSED] - maximizeWindow(): Current window maximized

2022-02-25 09:10:09 - [MESSAGE][PASSED] - Current window maximized

2022-02-25 09:10:09 - [TEST_STEP][PASSED] - navigateToUrl(url): Navigate to 'https://stars-stage.hawk.ru:8080' successfully

2022-02-25 09:10:15 - [MESSAGE][PASSED] - Navigate to 'https://stars-stage.hawk.ru:8080' successfully

2022-02-25 09:10:15 - [TEST_STEP][PASSED] - setText(findTestObject("Object Repository/manager/Page_/input__sc-lnrBVv eqPACj"), coach_login): Text 'levashev.ps@hc-avangard.com' is set on object 'Object Repository/manager/Page_/input__sc-lnrBVv eqPACj'

2022-02-25 09:10:19 - [MESSAGE][PASSED] - Text 'levashev.ps@hc-avangard.com' is set on object 'Object Repository/manager/Page_/input__sc-lnrBVv eqPACj'

2022-02-25 09:10:19 - [TEST_STEP][PASSED] - setText(findTestObject("Object Repository/manager/Page_/input__sc-lnrBVv eqPACj_1"), coach_password): Text 'Darden41087' is set on object 'Object Repository/manager/Page_/input__sc-lnrBVv eqPACj_1'

2022-02-25 09:10:23 - [MESSAGE][PASSED] - Text 'Darden41087' is set on object 'Object Repository/manager/Page_/input__sc-lnrBVv eqPACj_1'

2022-02-25 09:10:23 - [TEST_STEP][PASSED] - click(findTestObject("manager/Page_/go")): Object: 'Object Repository/manager/Page_/go' is clicked on

2022-02-25 09:10:25 - [MESSAGE][PASSED] - Object: 'Object Repository/manager/Page_/go' is clicked on

2022-02-25 09:10:25 - [MESSAGE][PASSED] - Call Test Case 'Test Cases/Тренер/Авторизация' successfully

2022-02-25 09:10:25 - [TEST_STEP][PASSED] - click(findTestObject("Object Repository/Avangard New/Object (Тренер)/physical_testing_report")): Object: 'Object Repository/Avangard New/Object (Тренер)/physical_testing_report' is clicked on

2022-02-25 09:10:34 - [MESSAGE][PASSED] - Object: 'Object Repository/Avangard New/Object (Тренер)/physical_testing_report' is clicked on

2022-02-25 09:10:34 - [TEST_STEP][PASSED] - click(findTestObject("Object Repository/Avangard New/Object (Тренер)/div_31.07.2020")): Object: 'Object Repository/Avangard New/Object (Тренер)/div_31.07.2020' is clicked on

2022-02-25 09:10:36 - [MESSAGE][PASSED] - Object: 'Object Repository/Avangard New/Object (Тренер)/div_31.07.2020' is clicked on

2022-02-25 09:10:36 - [TEST_STEP][PASSED] - click(findTestObject("Object Repository/Avangard New/Object (Тренер)/div_31.10.2020")): Object: 'Object Repository/Avangard New/Object (Тренер)/div_31.10.2020' is clicked on

2022-02-25 09:10:39 - [MESSAGE][PASSED] - Object: 'Object Repository/Avangard New/Object (Тренер)/div_31.10.2020' is clicked on

2022-02-25 09:10:39 - [TEST_STEP][PASSED] - scrollToElement(findTestObject("Object Repository/AA/gazizov"), 0): Scroll to object 'Object Repository/AA/gazizov' successfully

2022-02-25 09:10:39 - [MESSAGE][WARNING] - Timeout '0' is invalid. Using default page load timeout: '30'

2022-02-25 09:10:41 - [MESSAGE][PASSED] - Scroll to object 'Object Repository/AA/gazizov' successfully

2022-02-25 09:10:41 - [TEST_STEP][PASSED] - click(findTestObject("Object Repository/Avangard New/Object (Тренер)/trikozov")): Object: 'Object Repository/Avangard New/Object (Тренер)/trikozov' is clicked on

2022-02-25 09:10:43 - [MESSAGE][PASSED] - Object: 'Object Repository/Avangard New/Object (Тренер)/trikozov' is clicked on

2022-02-25 09:10:43 - [TEST_STEP][NOT_RUN] - click(findTestObject("Object Repository/Avangard New/Object (Тренер)/button exit"), STOP_ON_FAILURE): NOT_RUN: click(findTestObject("Object Repository/Avangard New/Object (Тренер)/button exit"), STOP_ON_FAILURE)

2022-02-25 09:10:43 - [MESSAGE][NOT_RUN] - NOT_RUN: click(findTestObject("Object Repository/Avangard New/Object (Тренер)/button exit"), STOP_ON_FAILURE)

2022-02-25 09:10:43 - [TEST_STEP][PASSED] - while (verifyElementVisible(findTestObject("Object Repository/Avangard New/Object (Тренер)/add"), OPTIONAL) == false): Object 'Object Repository/Avangard New/Object (Тренер)/add' is visible

2022-02-25 09:10:46 - [MESSAGE][PASSED] - Object 'Object Repository/Avangard New/Object (Тренер)/add' is visible

2022-02-25 09:10:46 - [TEST_STEP][PASSED] - click(findTestObject("Object Repository/Avangard New/Object (Тренер)/add")): Object: 'Object Repository/Avangard New/Object (Тренер)/add' is clicked on

2022-02-25 09:10:48 - [MESSAGE][PASSED] - Object: 'Object Repository/Avangard New/Object (Тренер)/add' is clicked on

2022-02-25 09:10:48 - [TEST_STEP][PASSED] - setText(findTestObject("Object Repository/Avangard New/Object (Тренер)/input_ _sc-eqIVtm fYABJt"), "тестовый план тренировки"): Text 'тестовый план тренировки' is set on object 'Object Repository/Avangard New/Object (Тренер)/input_ _sc-eqIVtm fYABJt'

2022-02-25 09:10:52 - [MESSAGE][PASSED] - Text 'тестовый план тренировки' is set on object 'Object Repository/Avangard New/Object (Тренер)/input_ _sc-eqIVtm fYABJt'

2022-02-25 09:10:52 - [TEST_STEP][PASSED] - click(findTestObject("Object Repository/Avangard New/Object (Тренер)/div__1zadacha")): Object: 'Object Repository/Avangard New/Object (Тренер)/div__1zadacha' is clicked on

2022-02-25 09:10:54 - [MESSAGE][PASSED] - Object: 'Object Repository/Avangard New/Object (Тренер)/div__1zadacha' is clicked on

2022-02-25 09:10:54 - [TEST_STEP][NOT_RUN] - click(findTestObject("Object Repository/Avangard New/Object (Тренер)/button close")): NOT_RUN: click(findTestObject("Object Repository/Avangard New/Object (Тренер)/button close"))

2022-02-25 09:10:54 - [MESSAGE][NOT_RUN] - NOT_RUN: click(findTestObject("Object Repository/Avangard New/Object (Тренер)/button close"))

2022-02-25 09:10:54 - [TEST_STEP][PASSED] - while (verifyElementVisible(findTestObject("Object Repository/Avangard New/Object (Тренер)/addzadacha"), OPTIONAL) == false): Object 'Object Repository/Avangard New/Object (Тренер)/addzadacha' is visible

2022-02-25 09:10:56 - [MESSAGE][PASSED] - Object 'Object Repository/Avangard New/Object (Тренер)/addzadacha' is visible

2022-02-25 09:10:56 - [TEST_STEP][PASSED] - click(findTestObject("Object Repository/Avangard New/Object (Тренер)/addzadacha")): Object: 'Object Repository/Avangard New/Object (Тренер)/addzadacha' is clicked on

2022-02-25 09:10:58 - [MESSAGE][PASSED] - Object: 'Object Repository/Avangard New/Object (Тренер)/addzadacha' is clicked on

2022-02-25 09:10:58 - [TEST_STEP][PASSED] - setText(findTestObject("Object Repository/Avangard New/Object (Тренер)/input_ _sc-eqIVtm fYABJt_1"), "тестовая задача "): Text 'тестовая задача ' is set on object 'Object Repository/Avangard New/Object (Тренер)/input_ _sc-eqIVtm fYABJt_1'

2022-02-25 09:11:02 - [MESSAGE][PASSED] - Text 'тестовая задача ' is set on object 'Object Repository/Avangard New/Object (Тренер)/input_ _sc-eqIVtm fYABJt_1'

2022-02-25 09:11:02 - [TEST_STEP][PASSED] - scrollToElement(findTestObject("Object Repository/Avangard New/Object (Тренер)/save"), 0): Scroll to object 'Object Repository/Avangard New/Object (Тренер)/save' successfully

2022-02-25 09:11:02 - [MESSAGE][WARNING] - Timeout '0' is invalid. Using default page load timeout: '30'

2022-02-25 09:11:04 - [MESSAGE][PASSED] - Scroll to object 'Object Repository/Avangard New/Object (Тренер)/save' successfully

2022-02-25 09:11:04 - [TEST_STEP][PASSED] - click(findTestObject("Object Repository/Avangard New/Object (Тренер)/save")): Object: 'Object Repository/Avangard New/Object (Тренер)/save' is clicked on

2022-02-25 09:11:07 - [MESSAGE][PASSED] - Object: 'Object Repository/Avangard New/Object (Тренер)/save' is clicked on

2022-02-25 09:11:07 - [TEST_STEP][PASSED] - verifyTextPresent("Форма сохранена", false): Text 'Форма сохранена' is present on page 

2022-02-25 09:11:10 - [MESSAGE][PASSED] - Text 'Форма сохранена' is present on page 

2022-02-25 09:11:10 - [TEST_STEP][PASSED] - click(findTestObject("Object Repository/Avangard New/Object (Тренер)/root")): Object: 'Object Repository/Avangard New/Object (Тренер)/root' is clicked on

2022-02-25 09:11:12 - [MESSAGE][PASSED] - Object: 'Object Repository/Avangard New/Object (Тренер)/root' is clicked on

2022-02-25 09:11:12 - [TEST_STEP][PASSED] - scrollToElement(findTestObject("Object Repository/Avangard New/Object (Тренер)/exit"), 0): Scroll to object 'Object Repository/Avangard New/Object (Тренер)/exit' successfully

2022-02-25 09:11:13 - [MESSAGE][WARNING] - Timeout '0' is invalid. Using default page load timeout: '30'

2022-02-25 09:11:16 - [MESSAGE][PASSED] - Scroll to object 'Object Repository/Avangard New/Object (Тренер)/exit' successfully

2022-02-25 09:11:16 - [TEST_STEP][PASSED] - click(findTestObject("Object Repository/Avangard New/Object (Тренер)/exit")): Object: 'Object Repository/Avangard New/Object (Тренер)/exit' is clicked on

2022-02-25 09:11:18 - [MESSAGE][PASSED] - Object: 'Object Repository/Avangard New/Object (Тренер)/exit' is clicked on

2022-02-25 09:11:18 - [TEST_STEP][NOT_RUN] - callTestCase(findTestCase("Игрок/Авторизация"), [:], STOP_ON_FAILURE): NOT_RUN: callTestCase(findTestCase("Игрок/Авторизация"), [:], STOP_ON_FAILURE)

2022-02-25 09:11:18 - [MESSAGE][NOT_RUN] - NOT_RUN: callTestCase(findTestCase("Игрок/Авторизация"), [:], STOP_ON_FAILURE)

2022-02-25 09:11:18 - [TEST_STEP][NOT_RUN] - scrollToElement(findTestObject("Object Repository/Avangard New/Object (Тренер)/div_19.02.22"), 0): NOT_RUN: scrollToElement(findTestObject("Object Repository/Avangard New/Object (Тренер)/div_19.02.22"), 0)

2022-02-25 09:11:18 - [MESSAGE][NOT_RUN] - NOT_RUN: scrollToElement(findTestObject("Object Repository/Avangard New/Object (Тренер)/div_19.02.22"), 0)

2022-02-25 09:11:18 - [TEST_STEP][NOT_RUN] - verifyTextPresent("тестовая задача", false): NOT_RUN: verifyTextPresent("тестовая задача", false)

2022-02-25 09:11:18 - [MESSAGE][NOT_RUN] - NOT_RUN: verifyTextPresent("тестовая задача", false)

2022-02-25 09:11:18 - [TEST_STEP][NOT_RUN] - click(findTestObject("Object Repository/Avangard New/Object (Тренер)/exit")): NOT_RUN: click(findTestObject("Object Repository/Avangard New/Object (Тренер)/exit"))

2022-02-25 09:11:18 - [MESSAGE][NOT_RUN] - NOT_RUN: click(findTestObject("Object Repository/Avangard New/Object (Тренер)/exit"))

2022-02-25 09:11:18 - [TEST_STEP][PASSED] - callTestCase(findTestCase("Тренер/Авторизация"), [:], STOP_ON_FAILURE): Call Test Case 'Test Cases/Тренер/Авторизация' successfully

2022-02-25 09:11:18 - [TEST_CASE][PASSED] - Test Cases/Тренер/Авторизация: Test Cases/Тренер/Авторизация

2022-02-25 09:11:18 - [TEST_STEP][PASSED] - openBrowser(""): Browser is opened with url: ''

2022-02-25 09:11:18 - [MESSAGE][WARNING] - A browser is already opened. Closing browser and opening a new one

2022-02-25 09:11:19 - [MESSAGE][INFO] - User set preference: ['os', 'linux']

2022-02-25 09:11:19 - [MESSAGE][INFO] - User set preference: ['browserName', 'chrome']

2022-02-25 09:11:19 - [MESSAGE][INFO] - User set preference: ['browserVersion', '97']

2022-02-25 09:11:19 - [MESSAGE][INFO] - User set preference: ['katalon:option', '{organizationId=564672, tunnelId=, usingTunnel=false}']

2022-02-25 09:11:19 - [MESSAGE][INFO] - Connecting to remote web server 'testcloud.katalon.com/hub' with type 'Selenium'

2022-02-25 09:11:19 - [MESSAGE][INFO] - Action delay is set to 100 milliseconds

2022-02-25 09:12:54 - [MESSAGE][PASSED] - Browser is opened with url: ''

2022-02-25 09:12:54 - [TEST_STEP][PASSED] - maximizeWindow(): Current window maximized

2022-02-25 09:12:54 - [MESSAGE][PASSED] - Current window maximized

2022-02-25 09:12:54 - [TEST_STEP][PASSED] - navigateToUrl(url): Navigate to 'https://stars-stage.hawk.ru:8080' successfully

2022-02-25 09:13:01 - [MESSAGE][PASSED] - Navigate to 'https://stars-stage.hawk.ru:8080' successfully

2022-02-25 09:13:01 - [TEST_STEP][PASSED] - setText(findTestObject("Object Repository/manager/Page_/input__sc-lnrBVv eqPACj"), coach_login): Text 'levashev.ps@hc-avangard.com' is set on object 'Object Repository/manager/Page_/input__sc-lnrBVv eqPACj'

2022-02-25 09:13:05 - [MESSAGE][PASSED] - Text 'levashev.ps@hc-avangard.com' is set on object 'Object Repository/manager/Page_/input__sc-lnrBVv eqPACj'

2022-02-25 09:13:05 - [TEST_STEP][PASSED] - setText(findTestObject("Object Repository/manager/Page_/input__sc-lnrBVv eqPACj_1"), coach_password): Text 'Darden41087' is set on object 'Object Repository/manager/Page_/input__sc-lnrBVv eqPACj_1'

2022-02-25 09:13:10 - [MESSAGE][PASSED] - Text 'Darden41087' is set on object 'Object Repository/manager/Page_/input__sc-lnrBVv eqPACj_1'

2022-02-25 09:13:10 - [TEST_STEP][PASSED] - click(findTestObject("manager/Page_/go")): Object: 'Object Repository/manager/Page_/go' is clicked on

2022-02-25 09:13:12 - [MESSAGE][PASSED] - Object: 'Object Repository/manager/Page_/go' is clicked on

2022-02-25 09:13:12 - [MESSAGE][PASSED] - Call Test Case 'Test Cases/Тренер/Авторизация' successfully

2022-02-25 09:13:12 - [TEST_STEP][PASSED] - click(findTestObject("Object Repository/Avangard New/Object (Тренер)/physical_testing_report")): Object: 'Object Repository/Avangard New/Object (Тренер)/physical_testing_report' is clicked on

2022-02-25 09:13:22 - [MESSAGE][PASSED] - Object: 'Object Repository/Avangard New/Object (Тренер)/physical_testing_report' is clicked on

2022-02-25 09:13:22 - [TEST_STEP][PASSED] - click(findTestObject("Object Repository/Avangard New/Object (Тренер)/div_31.07.2020")): Object: 'Object Repository/Avangard New/Object (Тренер)/div_31.07.2020' is clicked on

2022-02-25 09:13:24 - [MESSAGE][PASSED] - Object: 'Object Repository/Avangard New/Object (Тренер)/div_31.07.2020' is clicked on

2022-02-25 09:13:24 - [TEST_STEP][PASSED] - click(findTestObject("Object Repository/Avangard New/Object (Тренер)/div_31.10.2020")): Object: 'Object Repository/Avangard New/Object (Тренер)/div_31.10.2020' is clicked on

2022-02-25 09:13:26 - [MESSAGE][PASSED] - Object: 'Object Repository/Avangard New/Object (Тренер)/div_31.10.2020' is clicked on

2022-02-25 09:13:26 - [TEST_STEP][PASSED] - click(findTestObject("Object Repository/Avangard New/Object (Тренер)/prosmotr")): Object: 'Object Repository/Avangard New/Object (Тренер)/prosmotr' is clicked on

2022-02-25 09:13:29 - [MESSAGE][PASSED] - Object: 'Object Repository/Avangard New/Object (Тренер)/prosmotr' is clicked on

2022-02-25 09:13:29 - [TEST_STEP][NOT_RUN] - click(findTestObject("Object Repository/Avangard New/Object (Тренер)/delete")): NOT_RUN: click(findTestObject("Object Repository/Avangard New/Object (Тренер)/delete"))

2022-02-25 09:13:29 - [MESSAGE][NOT_RUN] - NOT_RUN: click(findTestObject("Object Repository/Avangard New/Object (Тренер)/delete"))

2022-02-25 09:13:29 - [TEST_STEP][PASSED] - click(findTestObject("Object Repository/Avangard New/Object (Тренер)/button exit"), STOP_ON_FAILURE): Object: 'Object Repository/Avangard New/Object (Тренер)/button exit' is clicked on

2022-02-25 09:13:32 - [MESSAGE][PASSED] - Object: 'Object Repository/Avangard New/Object (Тренер)/button exit' is clicked on

2022-02-25 09:13:32 - [TEST_STEP][PASSED] - click(findTestObject("Object Repository/Avangard New/Object (Тренер)/div__1zadacha")): Object: 'Object Repository/Avangard New/Object (Тренер)/div__1zadacha' is clicked on

2022-02-25 09:13:34 - [MESSAGE][PASSED] - Object: 'Object Repository/Avangard New/Object (Тренер)/div__1zadacha' is clicked on

2022-02-25 09:13:34 - [TEST_STEP][NOT_RUN] - click(findTestObject("Object Repository/Avangard New/Object (Тренер)/delete1")): NOT_RUN: click(findTestObject("Object Repository/Avangard New/Object (Тренер)/delete1"))

2022-02-25 09:13:34 - [MESSAGE][NOT_RUN] - NOT_RUN: click(findTestObject("Object Repository/Avangard New/Object (Тренер)/delete1"))

2022-02-25 09:13:34 - [TEST_STEP][PASSED] - click(findTestObject("Object Repository/Avangard New/Object (Тренер)/button close")): Object: 'Object Repository/Avangard New/Object (Тренер)/button close' is clicked on

2022-02-25 09:13:36 - [MESSAGE][PASSED] - Object: 'Object Repository/Avangard New/Object (Тренер)/button close' is clicked on

2022-02-25 09:13:36 - [TEST_STEP][PASSED] - click(findTestObject("Object Repository/Avangard New/Object (Тренер)/save")): Object: 'Object Repository/Avangard New/Object (Тренер)/save' is clicked on

2022-02-25 09:13:38 - [MESSAGE][PASSED] - Object: 'Object Repository/Avangard New/Object (Тренер)/save' is clicked on

2022-02-25 09:13:38 - [TEST_STEP][PASSED] - click(findTestObject("Object Repository/Avangard New/Object (Тренер)/root")): Object: 'Object Repository/Avangard New/Object (Тренер)/root' is clicked on

2022-02-25 09:13:42 - [MESSAGE][PASSED] - Object: 'Object Repository/Avangard New/Object (Тренер)/root' is clicked on

2022-02-25 09:13:42 - [TEST_STEP][PASSED] - closeBrowser(): Browser is closed

2022-02-25 09:13:43 - [MESSAGE][PASSED] - Browser is closed]]></system-out>
         <system-err><![CDATA[]]></system-err>
      </testcase>
      <system-out><![CDATA[2022-02-25 08:54:23 - [TEST_SUITE][FAILED] - Тренер: Test Cases/Тренер/Авторизация FAILED.
Reason:
com.kms.katalon.core.exception.StepFailedException: Unable to open browser with url: ''
	at com.kms.katalon.core.webui.keyword.internal.WebUIKeywordMain.stepFailed(WebUIKeywordMain.groovy:64)
	at com.kms.katalon.core.webui.keyword.internal.WebUIKeywordMain.runKeyword(WebUIKeywordMain.groovy:26)
	at com.kms.katalon.core.webui.keyword.builtin.OpenBrowserKeyword.openBrowser(OpenBrowserKeyword.groovy:81)
	at com.kms.katalon.core.webui.keyword.builtin.OpenBrowserKeyword.execute(OpenBrowserKeyword.groovy:67)
	at com.kms.katalon.core.keyword.internal.KeywordExecutor.executeKeywordForPlatform(KeywordExecutor.groovy:74)
	at com.kms.katalon.core.webui.keyword.WebUiBuiltInKeywords.openBrowser(WebUiBuiltInKeywords.groovy:64)
	at com.kms.katalon.core.webui.keyword.WebUiBuiltInKeywords$openBrowser.call(Unknown Source)
	at Авторизация.run(Авторизация:20)
	at com.kms.katalon.core.main.ScriptEngine.run(ScriptEngine.java:194)
	at com.kms.katalon.core.main.ScriptEngine.runScriptAsRawText(ScriptEngine.java:119)
	at com.kms.katalon.core.main.TestCaseExecutor.runScript(TestCaseExecutor.java:442)
	at com.kms.katalon.core.main.TestCaseExecutor.doExecute(TestCaseExecutor.java:433)
	at com.kms.katalon.core.main.TestCaseExecutor.processExecutionPhase(TestCaseExecutor.java:412)
	at com.kms.katalon.core.main.TestCaseExecutor.accessMainPhase(TestCaseExecutor.java:404)
	at com.kms.katalon.core.main.TestCaseExecutor.execute(TestCaseExecutor.java:281)
	at com.kms.katalon.core.main.TestSuiteExecutor.accessTestCaseMainPhase(TestSuiteExecutor.java:202)
	at com.kms.katalon.core.main.TestSuiteExecutor.accessTestSuiteMainPhase(TestSuiteExecutor.java:164)
	at com.kms.katalon.core.main.TestSuiteExecutor.execute(TestSuiteExecutor.java:105)
	at com.kms.katalon.core.main.TestCaseMain.startTestSuite(TestCaseMain.java:185)
	at com.kms.katalon.core.main.TestCaseMain$startTestSuite$0.call(Unknown Source)
	at TempTestSuite1645768443310.run(TempTestSuite1645768443310.groovy:36)
Caused by: org.openqa.selenium.WebDriverException: Unknown error, status code 500
Build info: version: '3.141.59', revision: 'e82be7d358', time: '2018-11-14T08:25:53'
System info: host: 'DESKTOP-KNHN0AA', ip: '192.168.2.113', os.name: 'Windows 10', os.arch: 'amd64', os.version: '10.0', java.version: '1.8.0_282'
Driver info: driver.version: CRemoteWebDriver
remote stacktrace: javax.ws.rs.WebApplicationException: Unknown error, status code 500
	at org.jboss.resteasy.microprofile.client.DefaultResponseExceptionMapper.toThrowable(DefaultResponseExceptionMapper.java:21)
	at org.jboss.resteasy.microprofile.client.ExceptionMapping$HandlerException.mapException(ExceptionMapping.java:41)
	at org.jboss.resteasy.microprofile.client.ProxyInvocationHandler.invoke(ProxyInvocationHandler.java:153)
	at com.sun.proxy.$Proxy30.startOnboardingTenant(Unknown Source)
	at com.katalon.testcloud.grid.app.onboarding.facade.OnboardingFacadeImpl.startOnboardingTenantIfNot(OnboardingFacadeImpl.java:36)
	at com.katalon.testcloud.grid.router.filter.OnboardingFilter.handleNewSessionRequest(OnboardingFilter.java:41)
	at com.katalon.testcloud.grid.router.filter.NewSessionFilter.handleRequest(NewSessionFilter.java:42)
	at com.katalon.testcloud.grid.router.filter.UserAuthFilter.filter(UserAuthFilter.java:36)
	at com.katalon.testcloud.grid.router.filter.AppFilter.lambda$apply$0(AppFilter.java:35)
	at org.openqa.selenium.remote.http.Filter$1.execute(Filter.java:64)
	at org.openqa.selenium.remote.AddWebDriverSpecHeaders.lambda$apply$0(AddWebDriverSpecHeaders.java:35)
	at org.openqa.selenium.remote.ErrorFilter.lambda$apply$0(ErrorFilter.java:44)
	at org.openqa.selenium.remote.http.Filter$1.execute(Filter.java:64)
	at org.openqa.selenium.remote.ErrorFilter.lambda$apply$0(ErrorFilter.java:44)
	at org.openqa.selenium.remote.http.Filter$1.execute(Filter.java:64)
	at org.openqa.selenium.netty.server.SeleniumHandler.lambda$channelRead0$0(SeleniumHandler.java:44)
	at java.base/java.util.concurrent.Executors$RunnableAdapter.call(Executors.java:515)
	at java.base/java.util.concurrent.FutureTask.run(FutureTask.java:264)
	at java.base/java.util.concurrent.ThreadPoolExecutor.runWorker(ThreadPoolExecutor.java:1128)
	at java.base/java.util.concurrent.ThreadPoolExecutor$Worker.run(ThreadPoolExecutor.java:628)
	at java.base/java.lang.Thread.run(Thread.java:829)

	at org.openqa.selenium.remote.W3CHandshakeResponse.lambda$errorHandler$0(W3CHandshakeResponse.java:62)
	at org.openqa.selenium.remote.HandshakeResponse.lambda$getResponseFunction$0(HandshakeResponse.java:30)
	at org.openqa.selenium.remote.ProtocolHandshake.lambda$createSession$0(ProtocolHandshake.java:126)
	at org.openqa.selenium.remote.ProtocolHandshake.createSession(ProtocolHandshake.java:128)
	at org.openqa.selenium.remote.ProtocolHandshake.createSession(ProtocolHandshake.java:74)
	at org.openqa.selenium.remote.HttpCommandExecutor.execute(HttpCommandExecutor.java:136)
	at org.openqa.selenium.remote.RemoteWebDriver.execute(RemoteWebDriver.java:552)
	at com.kms.katalon.selenium.driver.CRemoteWebDriver.execute(CRemoteWebDriver.java:30)
	at org.openqa.selenium.remote.RemoteWebDriver.startSession(RemoteWebDriver.java:213)
	at org.openqa.selenium.remote.RemoteWebDriver.<init>(RemoteWebDriver.java:131)
	at com.kms.katalon.selenium.driver.CRemoteWebDriver.<init>(CRemoteWebDriver.java:20)
	at com.kms.katalon.core.webui.driver.DriverFactory.createNewRemoteWebDriver(DriverFactory.java:542)
	at com.kms.katalon.core.webui.driver.DriverFactory.startRemoteBrowser(DriverFactory.java:326)
	at com.kms.katalon.core.webui.driver.DriverFactory.openWebDriver(DriverFactory.java:251)
	at com.kms.katalon.core.webui.keyword.builtin.OpenBrowserKeyword$_openBrowser_closure1.doCall(OpenBrowserKeyword.groovy:74)
	at com.kms.katalon.core.webui.keyword.builtin.OpenBrowserKeyword$_openBrowser_closure1.call(OpenBrowserKeyword.groovy)
	at com.kms.katalon.core.webui.keyword.internal.WebUIKeywordMain.runKeyword(WebUIKeywordMain.groovy:20)
	... 19 more]]></system-out>
      <system-err><![CDATA[2022-02-25 08:54:23 - [TEST_SUITE][FAILED] - Тренер: Test Cases/Тренер/Авторизация FAILED.
Reason:
com.kms.katalon.core.exception.StepFailedException: Unable to open browser with url: ''
	at com.kms.katalon.core.webui.keyword.internal.WebUIKeywordMain.stepFailed(WebUIKeywordMain.groovy:64)
	at com.kms.katalon.core.webui.keyword.internal.WebUIKeywordMain.runKeyword(WebUIKeywordMain.groovy:26)
	at com.kms.katalon.core.webui.keyword.builtin.OpenBrowserKeyword.openBrowser(OpenBrowserKeyword.groovy:81)
	at com.kms.katalon.core.webui.keyword.builtin.OpenBrowserKeyword.execute(OpenBrowserKeyword.groovy:67)
	at com.kms.katalon.core.keyword.internal.KeywordExecutor.executeKeywordForPlatform(KeywordExecutor.groovy:74)
	at com.kms.katalon.core.webui.keyword.WebUiBuiltInKeywords.openBrowser(WebUiBuiltInKeywords.groovy:64)
	at com.kms.katalon.core.webui.keyword.WebUiBuiltInKeywords$openBrowser.call(Unknown Source)
	at Авторизация.run(Авторизация:20)
	at com.kms.katalon.core.main.ScriptEngine.run(ScriptEngine.java:194)
	at com.kms.katalon.core.main.ScriptEngine.runScriptAsRawText(ScriptEngine.java:119)
	at com.kms.katalon.core.main.TestCaseExecutor.runScript(TestCaseExecutor.java:442)
	at com.kms.katalon.core.main.TestCaseExecutor.doExecute(TestCaseExecutor.java:433)
	at com.kms.katalon.core.main.TestCaseExecutor.processExecutionPhase(TestCaseExecutor.java:412)
	at com.kms.katalon.core.main.TestCaseExecutor.accessMainPhase(TestCaseExecutor.java:404)
	at com.kms.katalon.core.main.TestCaseExecutor.execute(TestCaseExecutor.java:281)
	at com.kms.katalon.core.main.TestSuiteExecutor.accessTestCaseMainPhase(TestSuiteExecutor.java:202)
	at com.kms.katalon.core.main.TestSuiteExecutor.accessTestSuiteMainPhase(TestSuiteExecutor.java:164)
	at com.kms.katalon.core.main.TestSuiteExecutor.execute(TestSuiteExecutor.java:105)
	at com.kms.katalon.core.main.TestCaseMain.startTestSuite(TestCaseMain.java:185)
	at com.kms.katalon.core.main.TestCaseMain$startTestSuite$0.call(Unknown Source)
	at TempTestSuite1645768443310.run(TempTestSuite1645768443310.groovy:36)
Caused by: org.openqa.selenium.WebDriverException: Unknown error, status code 500
Build info: version: '3.141.59', revision: 'e82be7d358', time: '2018-11-14T08:25:53'
System info: host: 'DESKTOP-KNHN0AA', ip: '192.168.2.113', os.name: 'Windows 10', os.arch: 'amd64', os.version: '10.0', java.version: '1.8.0_282'
Driver info: driver.version: CRemoteWebDriver
remote stacktrace: javax.ws.rs.WebApplicationException: Unknown error, status code 500
	at org.jboss.resteasy.microprofile.client.DefaultResponseExceptionMapper.toThrowable(DefaultResponseExceptionMapper.java:21)
	at org.jboss.resteasy.microprofile.client.ExceptionMapping$HandlerException.mapException(ExceptionMapping.java:41)
	at org.jboss.resteasy.microprofile.client.ProxyInvocationHandler.invoke(ProxyInvocationHandler.java:153)
	at com.sun.proxy.$Proxy30.startOnboardingTenant(Unknown Source)
	at com.katalon.testcloud.grid.app.onboarding.facade.OnboardingFacadeImpl.startOnboardingTenantIfNot(OnboardingFacadeImpl.java:36)
	at com.katalon.testcloud.grid.router.filter.OnboardingFilter.handleNewSessionRequest(OnboardingFilter.java:41)
	at com.katalon.testcloud.grid.router.filter.NewSessionFilter.handleRequest(NewSessionFilter.java:42)
	at com.katalon.testcloud.grid.router.filter.UserAuthFilter.filter(UserAuthFilter.java:36)
	at com.katalon.testcloud.grid.router.filter.AppFilter.lambda$apply$0(AppFilter.java:35)
	at org.openqa.selenium.remote.http.Filter$1.execute(Filter.java:64)
	at org.openqa.selenium.remote.AddWebDriverSpecHeaders.lambda$apply$0(AddWebDriverSpecHeaders.java:35)
	at org.openqa.selenium.remote.ErrorFilter.lambda$apply$0(ErrorFilter.java:44)
	at org.openqa.selenium.remote.http.Filter$1.execute(Filter.java:64)
	at org.openqa.selenium.remote.ErrorFilter.lambda$apply$0(ErrorFilter.java:44)
	at org.openqa.selenium.remote.http.Filter$1.execute(Filter.java:64)
	at org.openqa.selenium.netty.server.SeleniumHandler.lambda$channelRead0$0(SeleniumHandler.java:44)
	at java.base/java.util.concurrent.Executors$RunnableAdapter.call(Executors.java:515)
	at java.base/java.util.concurrent.FutureTask.run(FutureTask.java:264)
	at java.base/java.util.concurrent.ThreadPoolExecutor.runWorker(ThreadPoolExecutor.java:1128)
	at java.base/java.util.concurrent.ThreadPoolExecutor$Worker.run(ThreadPoolExecutor.java:628)
	at java.base/java.lang.Thread.run(Thread.java:829)

	at org.openqa.selenium.remote.W3CHandshakeResponse.lambda$errorHandler$0(W3CHandshakeResponse.java:62)
	at org.openqa.selenium.remote.HandshakeResponse.lambda$getResponseFunction$0(HandshakeResponse.java:30)
	at org.openqa.selenium.remote.ProtocolHandshake.lambda$createSession$0(ProtocolHandshake.java:126)
	at org.openqa.selenium.remote.ProtocolHandshake.createSession(ProtocolHandshake.java:128)
	at org.openqa.selenium.remote.ProtocolHandshake.createSession(ProtocolHandshake.java:74)
	at org.openqa.selenium.remote.HttpCommandExecutor.execute(HttpCommandExecutor.java:136)
	at org.openqa.selenium.remote.RemoteWebDriver.execute(RemoteWebDriver.java:552)
	at com.kms.katalon.selenium.driver.CRemoteWebDriver.execute(CRemoteWebDriver.java:30)
	at org.openqa.selenium.remote.RemoteWebDriver.startSession(RemoteWebDriver.java:213)
	at org.openqa.selenium.remote.RemoteWebDriver.<init>(RemoteWebDriver.java:131)
	at com.kms.katalon.selenium.driver.CRemoteWebDriver.<init>(CRemoteWebDriver.java:20)
	at com.kms.katalon.core.webui.driver.DriverFactory.createNewRemoteWebDriver(DriverFactory.java:542)
	at com.kms.katalon.core.webui.driver.DriverFactory.startRemoteBrowser(DriverFactory.java:326)
	at com.kms.katalon.core.webui.driver.DriverFactory.openWebDriver(DriverFactory.java:251)
	at com.kms.katalon.core.webui.keyword.builtin.OpenBrowserKeyword$_openBrowser_closure1.doCall(OpenBrowserKeyword.groovy:74)
	at com.kms.katalon.core.webui.keyword.builtin.OpenBrowserKeyword$_openBrowser_closure1.call(OpenBrowserKeyword.groovy)
	at com.kms.katalon.core.webui.keyword.internal.WebUIKeywordMain.runKeyword(WebUIKeywordMain.groovy:20)
	... 19 more]]></system-err>
   </testsuite>
   <testsuite name="Игрок" tests="2" failures="1" errors="0" time="414.668" skipped="0" timestamp="2022-02-25 08:54:26" hostname="LENOVO - DESKTOP-KNHN0AA" id="Test Suites/Игрок">
      <properties>
         <property name="deviceName" value=""/>
         <property name="devicePlatform" value=""/>
         <property name="logFolder" value="C:\\Users\\LENOVO\\Katalon Studio\\Avangard\\Reports\\20220225_085350\\\u0418\u0433\u0440\u043E\u043A\\20220225_085405"/>
         <property name="logFiles" value="C:\\Users\\LENOVO\\Katalon Studio\\Avangard\\Reports\\20220225_085350\\\u0418\u0433\u0440\u043E\u043A\\20220225_085405\\execution0.log"/>
         <property name="attachments" value="C:\\Users\\LENOVO\\Katalon Studio\\Avangard\\Reports\\20220225_085350\\\u0418\u0433\u0440\u043E\u043A\\20220225_085405\\1645768877192.png"/>
         <property name="hostName" value="LENOVO - DESKTOP-KNHN0AA"/>
         <property name="remoteDriverUrl" value="testcloud.katalon.com/hub"/>
         <property name="desiredCapabilities" value="{
  &quot;acceptInsecureCerts&quot;: false,
  &quot;browserName&quot;: &quot;chrome&quot;,
  &quot;browserVersion&quot;: &quot;97.0.4692.71&quot;,
  &quot;chrome&quot;: {
    &quot;chromedriverVersion&quot;: &quot;97.0.4692.71 (adefa7837d02a07a604c1e6eff0b3a09422ab88d-refs/branch-heads/4692@{#1247})&quot;,
    &quot;userDataDir&quot;: &quot;/tmp/.com.google.Chrome.pNrAYa&quot;
  },
  &quot;goog:chromeOptions&quot;: {
    &quot;debuggerAddress&quot;: &quot;localhost:43211&quot;
  },
  &quot;javascriptEnabled&quot;: true,
  &quot;networkConnectionEnabled&quot;: false,
  &quot;pageLoadStrategy&quot;: &quot;normal&quot;,
  &quot;platform&quot;: &quot;LINUX&quot;,
  &quot;platformName&quot;: &quot;LINUX&quot;,
  &quot;proxy&quot;: {
    &quot;proxyType&quot;: &quot;DIRECT&quot;,
    &quot;autodetect&quot;: false
  },
  &quot;se:cdp&quot;: &quot;ws://172.48.138.54:4444/session/2e9b9656d43a6aac2b35f62f8218bf67/se/cdp&quot;,
  &quot;se:cdpVersion&quot;: &quot;97.0.4692.71&quot;,
  &quot;se:vnc&quot;: &quot;ws://172.48.138.54:4444/session/2e9b9656d43a6aac2b35f62f8218bf67/se/vnc&quot;,
  &quot;se:vncEnabled&quot;: true,
  &quot;se:vncLocalAddress&quot;: &quot;ws://172.48.138.54:7900&quot;,
  &quot;setWindowRect&quot;: true,
  &quot;strictFileInteractability&quot;: false,
  &quot;timeouts&quot;: {
    &quot;implicit&quot;: 0,
    &quot;pageLoad&quot;: 300000,
    &quot;script&quot;: 30000
  },
  &quot;unhandledPromptBehavior&quot;: &quot;dismiss and notify&quot;,
  &quot;webauthn:extension:credBlob&quot;: true,
  &quot;webauthn:extension:largeBlob&quot;: true,
  &quot;webauthn:virtualAuthenticators&quot;: true
}"/>
         <property name="os" value="Windows 10 64bit"/>
         <property name="remoteOS" value="Linux"/>
         <property name="katalonVersion" value="8.2.5.208"/>
         <property name="browser" value="Chrome 97.0.4692.71"/>
         <property name="hostAddress" value="192.168.2.113"/>
         <property name="sessionId" value="2e9b9656d43a6aac2b35f62f8218bf67"/>
         <property name="seleniumVersion" value="3.141.59"/>
         <property name="proxyInformation" value="ProxyInformation { proxyOption=NO_PROXY, proxyServerType=HTTP, username=, password=********, proxyServerAddress=, proxyServerPort=0, executionList=&quot;&quot;, isApplyToDesiredCapabilities=true }"/>
         <property name="platform" value="Windows 10"/>
      </properties>
      <testcase name="Test Cases/Игрок/Авторизация" time="164.406" classname="Test Cases/Игрок/Авторизация" status="PASSED">
         <system-out><![CDATA[2022-02-25 08:54:27 - [TEST_CASE][PASSED] - Test Cases/Игрок/Авторизация: Test Cases/Игрок/Авторизация

2022-02-25 08:54:32 - [TEST_STEP][PASSED] - openBrowser(""): Browser is opened with url: ''

2022-02-25 08:54:34 - [MESSAGE][INFO] - User set preference: ['os', 'linux']

2022-02-25 08:54:34 - [MESSAGE][INFO] - User set preference: ['browserName', 'chrome']

2022-02-25 08:54:34 - [MESSAGE][INFO] - User set preference: ['browserVersion', '97']

2022-02-25 08:54:34 - [MESSAGE][INFO] - User set preference: ['katalon:option', '{organizationId=564672, tunnelId=, usingTunnel=false}']

2022-02-25 08:54:34 - [MESSAGE][INFO] - Connecting to remote web server 'testcloud.katalon.com/hub' with type 'Selenium'

2022-02-25 08:54:37 - [MESSAGE][INFO] - Action delay is set to 100 milliseconds

2022-02-25 08:56:53 - [MESSAGE][PASSED] - Browser is opened with url: ''

2022-02-25 08:56:53 - [TEST_STEP][PASSED] - maximizeWindow(): Current window maximized

2022-02-25 08:56:54 - [MESSAGE][PASSED] - Current window maximized

2022-02-25 08:56:54 - [TEST_STEP][PASSED] - navigateToUrl(url): Navigate to 'https://stars-stage.hawk.ru:8080' successfully

2022-02-25 08:57:01 - [MESSAGE][PASSED] - Navigate to 'https://stars-stage.hawk.ru:8080' successfully

2022-02-25 08:57:01 - [TEST_STEP][PASSED] - setText(findTestObject("Object Repository/manager/Page_/input__sc-lnrBVv eqPACj"), player_login): Text 'danilaganin7218@icloud.com' is set on object 'Object Repository/manager/Page_/input__sc-lnrBVv eqPACj'

2022-02-25 08:57:05 - [MESSAGE][PASSED] - Text 'danilaganin7218@icloud.com' is set on object 'Object Repository/manager/Page_/input__sc-lnrBVv eqPACj'

2022-02-25 08:57:05 - [TEST_STEP][PASSED] - setText(findTestObject("Object Repository/manager/Page_/input__sc-lnrBVv eqPACj_1"), player_password): Text 'danilaganin7218' is set on object 'Object Repository/manager/Page_/input__sc-lnrBVv eqPACj_1'

2022-02-25 08:57:09 - [MESSAGE][PASSED] - Text 'danilaganin7218' is set on object 'Object Repository/manager/Page_/input__sc-lnrBVv eqPACj_1'

2022-02-25 08:57:09 - [TEST_STEP][PASSED] - click(findTestObject("manager/Page_/go")): Object: 'Object Repository/manager/Page_/go' is clicked on

2022-02-25 08:57:11 - [MESSAGE][PASSED] - Object: 'Object Repository/manager/Page_/go' is clicked on]]></system-out>
         <system-err><![CDATA[]]></system-err>
      </testcase>
      <testcase name="Test Cases/Игрок/Отчеты" time="248.918" classname="Test Cases/Игрок/Отчеты" status="FAILED">
         <failure type="FAILED" message="Test Cases/Игрок/Отчеты FAILED.
Reason:
com.kms.katalon.core.exception.StepFailedException: Unable to scroll to object 'Object Repository/Avangard New/Object (Игрок)/Case (отчеты)/xarakteristika'
	at com.kms.katalon.core.webui.keyword.internal.WebUIKeywordMain.stepFailed(WebUIKeywordMain.groovy:64)
	at com.kms.katalon.core.webui.keyword.internal.WebUIKeywordMain.runKeyword(WebUIKeywordMain.groovy:26)
	at com.kms.katalon.core.webui.keyword.builtin.ScrollToElementKeyword.scrollToElement(ScrollToElementKeyword.groovy:88)
	at com.kms.katalon.core.webui.keyword.builtin.ScrollToElementKeyword.execute(ScrollToElementKeyword.groovy:68)
	at com.kms.katalon.core.keyword.internal.KeywordExecutor.executeKeywordForPlatform(KeywordExecutor.groovy:74)
	at com.kms.katalon.core.webui.keyword.WebUiBuiltInKeywords.scrollToElement(WebUiBuiltInKeywords.groovy:4061)
	at com.kms.katalon.core.webui.keyword.WebUiBuiltInKeywords$scrollToElement$5.call(Unknown Source)
	at Отчеты.run(Отчеты:66)
	at com.kms.katalon.core.main.ScriptEngine.run(ScriptEngine.java:194)
	at com.kms.katalon.core.main.ScriptEngine.runScriptAsRawText(ScriptEngine.java:119)
	at com.kms.katalon.core.main.TestCaseExecutor.runScript(TestCaseExecutor.java:442)
	at com.kms.katalon.core.main.TestCaseExecutor.doExecute(TestCaseExecutor.java:433)
	at com.kms.katalon.core.main.TestCaseExecutor.processExecutionPhase(TestCaseExecutor.java:412)
	at com.kms.katalon.core.main.TestCaseExecutor.accessMainPhase(TestCaseExecutor.java:404)
	at com.kms.katalon.core.main.TestCaseExecutor.execute(TestCaseExecutor.java:281)
	at com.kms.katalon.core.main.TestSuiteExecutor.accessTestCaseMainPhase(TestSuiteExecutor.java:202)
	at com.kms.katalon.core.main.TestSuiteExecutor.accessTestSuiteMainPhase(TestSuiteExecutor.java:164)
	at com.kms.katalon.core.main.TestSuiteExecutor.execute(TestSuiteExecutor.java:105)
	at com.kms.katalon.core.main.TestCaseMain.startTestSuite(TestCaseMain.java:185)
	at com.kms.katalon.core.main.TestCaseMain$startTestSuite$0.call(Unknown Source)
	at TempTestSuite1645768445379.run(TempTestSuite1645768445379.groovy:36)
Caused by: com.kms.katalon.core.webui.exception.WebElementNotFoundException: Web element with id: 'Object Repository/Avangard New/Object (Игрок)/Case (отчеты)/xarakteristika' located by '//*/text()[normalize-space(.)='Экстраверсия']/parent::*' not found
	at com.kms.katalon.core.webui.common.WebUiCommonHelper.findWebElement(WebUiCommonHelper.java:1370)
	at com.kms.katalon.core.webui.keyword.internal.WebUIAbstractKeyword.findWebElement(WebUIAbstractKeyword.groovy:27)
	at com.kms.katalon.core.webui.keyword.internal.WebUIAbstractKeyword.findWebElement(WebUIAbstractKeyword.groovy:26)
	at com.kms.katalon.core.webui.keyword.builtin.ScrollToElementKeyword$_scrollToElement_closure1.doCall(ScrollToElementKeyword.groovy:79)
	at com.kms.katalon.core.webui.keyword.builtin.ScrollToElementKeyword$_scrollToElement_closure1.call(ScrollToElementKeyword.groovy)
	at com.kms.katalon.core.webui.keyword.internal.WebUIKeywordMain.runKeyword(WebUIKeywordMain.groovy:20)
	... 19 more
"/>
         <system-out><![CDATA[2022-02-25 08:57:11 - [TEST_CASE][FAILED] - Test Cases/Игрок/Отчеты: Test Cases/Игрок/Отчеты FAILED.
Reason:
com.kms.katalon.core.exception.StepFailedException: Unable to scroll to object 'Object Repository/Avangard New/Object (Игрок)/Case (отчеты)/xarakteristika'
	at com.kms.katalon.core.webui.keyword.internal.WebUIKeywordMain.stepFailed(WebUIKeywordMain.groovy:64)
	at com.kms.katalon.core.webui.keyword.internal.WebUIKeywordMain.runKeyword(WebUIKeywordMain.groovy:26)
	at com.kms.katalon.core.webui.keyword.builtin.ScrollToElementKeyword.scrollToElement(ScrollToElementKeyword.groovy:88)
	at com.kms.katalon.core.webui.keyword.builtin.ScrollToElementKeyword.execute(ScrollToElementKeyword.groovy:68)
	at com.kms.katalon.core.keyword.internal.KeywordExecutor.executeKeywordForPlatform(KeywordExecutor.groovy:74)
	at com.kms.katalon.core.webui.keyword.WebUiBuiltInKeywords.scrollToElement(WebUiBuiltInKeywords.groovy:4061)
	at com.kms.katalon.core.webui.keyword.WebUiBuiltInKeywords$scrollToElement$5.call(Unknown Source)
	at Отчеты.run(Отчеты:66)
	at com.kms.katalon.core.main.ScriptEngine.run(ScriptEngine.java:194)
	at com.kms.katalon.core.main.ScriptEngine.runScriptAsRawText(ScriptEngine.java:119)
	at com.kms.katalon.core.main.TestCaseExecutor.runScript(TestCaseExecutor.java:442)
	at com.kms.katalon.core.main.TestCaseExecutor.doExecute(TestCaseExecutor.java:433)
	at com.kms.katalon.core.main.TestCaseExecutor.processExecutionPhase(TestCaseExecutor.java:412)
	at com.kms.katalon.core.main.TestCaseExecutor.accessMainPhase(TestCaseExecutor.java:404)
	at com.kms.katalon.core.main.TestCaseExecutor.execute(TestCaseExecutor.java:281)
	at com.kms.katalon.core.main.TestSuiteExecutor.accessTestCaseMainPhase(TestSuiteExecutor.java:202)
	at com.kms.katalon.core.main.TestSuiteExecutor.accessTestSuiteMainPhase(TestSuiteExecutor.java:164)
	at com.kms.katalon.core.main.TestSuiteExecutor.execute(TestSuiteExecutor.java:105)
	at com.kms.katalon.core.main.TestCaseMain.startTestSuite(TestCaseMain.java:185)
	at com.kms.katalon.core.main.TestCaseMain$startTestSuite$0.call(Unknown Source)
	at TempTestSuite1645768445379.run(TempTestSuite1645768445379.groovy:36)
Caused by: com.kms.katalon.core.webui.exception.WebElementNotFoundException: Web element with id: 'Object Repository/Avangard New/Object (Игрок)/Case (отчеты)/xarakteristika' located by '//*/text()[normalize-space(.)='Экстраверсия']/parent::*' not found
	at com.kms.katalon.core.webui.common.WebUiCommonHelper.findWebElement(WebUiCommonHelper.java:1370)
	at com.kms.katalon.core.webui.keyword.internal.WebUIAbstractKeyword.findWebElement(WebUIAbstractKeyword.groovy:27)
	at com.kms.katalon.core.webui.keyword.internal.WebUIAbstractKeyword.findWebElement(WebUIAbstractKeyword.groovy:26)
	at com.kms.katalon.core.webui.keyword.builtin.ScrollToElementKeyword$_scrollToElement_closure1.doCall(ScrollToElementKeyword.groovy:79)
	at com.kms.katalon.core.webui.keyword.builtin.ScrollToElementKeyword$_scrollToElement_closure1.call(ScrollToElementKeyword.groovy)
	at com.kms.katalon.core.webui.keyword.internal.WebUIKeywordMain.runKeyword(WebUIKeywordMain.groovy:20)
	... 19 more


2022-02-25 08:57:12 - [TEST_STEP][PASSED] - callTestCase(findTestCase("Игрок/Авторизация"), [:], STOP_ON_FAILURE): Call Test Case 'Test Cases/Игрок/Авторизация' successfully

2022-02-25 08:57:12 - [TEST_CASE][PASSED] - Test Cases/Игрок/Авторизация: Test Cases/Игрок/Авторизация

2022-02-25 08:57:12 - [TEST_STEP][PASSED] - openBrowser(""): Browser is opened with url: ''

2022-02-25 08:57:12 - [MESSAGE][WARNING] - A browser is already opened. Closing browser and opening a new one

2022-02-25 08:57:13 - [MESSAGE][INFO] - User set preference: ['os', 'linux']

2022-02-25 08:57:13 - [MESSAGE][INFO] - User set preference: ['browserName', 'chrome']

2022-02-25 08:57:13 - [MESSAGE][INFO] - User set preference: ['browserVersion', '97']

2022-02-25 08:57:13 - [MESSAGE][INFO] - User set preference: ['katalon:option', '{organizationId=564672, tunnelId=, usingTunnel=false}']

2022-02-25 08:57:13 - [MESSAGE][INFO] - Connecting to remote web server 'testcloud.katalon.com/hub' with type 'Selenium'

2022-02-25 08:57:13 - [MESSAGE][INFO] - Action delay is set to 100 milliseconds

2022-02-25 08:59:06 - [MESSAGE][PASSED] - Browser is opened with url: ''

2022-02-25 08:59:06 - [TEST_STEP][PASSED] - maximizeWindow(): Current window maximized

2022-02-25 08:59:07 - [MESSAGE][PASSED] - Current window maximized

2022-02-25 08:59:07 - [TEST_STEP][PASSED] - navigateToUrl(url): Navigate to 'https://stars-stage.hawk.ru:8080' successfully

2022-02-25 08:59:13 - [MESSAGE][PASSED] - Navigate to 'https://stars-stage.hawk.ru:8080' successfully

2022-02-25 08:59:13 - [TEST_STEP][PASSED] - setText(findTestObject("Object Repository/manager/Page_/input__sc-lnrBVv eqPACj"), player_login): Text 'danilaganin7218@icloud.com' is set on object 'Object Repository/manager/Page_/input__sc-lnrBVv eqPACj'

2022-02-25 08:59:17 - [MESSAGE][PASSED] - Text 'danilaganin7218@icloud.com' is set on object 'Object Repository/manager/Page_/input__sc-lnrBVv eqPACj'

2022-02-25 08:59:17 - [TEST_STEP][PASSED] - setText(findTestObject("Object Repository/manager/Page_/input__sc-lnrBVv eqPACj_1"), player_password): Text 'danilaganin7218' is set on object 'Object Repository/manager/Page_/input__sc-lnrBVv eqPACj_1'

2022-02-25 08:59:20 - [MESSAGE][PASSED] - Text 'danilaganin7218' is set on object 'Object Repository/manager/Page_/input__sc-lnrBVv eqPACj_1'

2022-02-25 08:59:20 - [TEST_STEP][PASSED] - click(findTestObject("manager/Page_/go")): Object: 'Object Repository/manager/Page_/go' is clicked on

2022-02-25 08:59:23 - [MESSAGE][PASSED] - Object: 'Object Repository/manager/Page_/go' is clicked on

2022-02-25 08:59:23 - [MESSAGE][PASSED] - Call Test Case 'Test Cases/Игрок/Авторизация' successfully

2022-02-25 08:59:23 - [TEST_STEP][PASSED] - click(findTestObject("Object Repository/Avangard New/Object (Игрок)/Case (отчеты)/report")): Object: 'Object Repository/Avangard New/Object (Игрок)/Case (отчеты)/report' is clicked on

2022-02-25 08:59:33 - [MESSAGE][PASSED] - Object: 'Object Repository/Avangard New/Object (Игрок)/Case (отчеты)/report' is clicked on

2022-02-25 08:59:33 - [TEST_STEP][PASSED] - click(findTestObject("Object Repository/Avangard New/Object (Игрок)/Case (отчеты)/psixolog")): Object: 'Object Repository/Avangard New/Object (Игрок)/Case (отчеты)/psixolog' is clicked on

2022-02-25 08:59:36 - [MESSAGE][PASSED] - Object: 'Object Repository/Avangard New/Object (Игрок)/Case (отчеты)/psixolog' is clicked on

2022-02-25 08:59:36 - [TEST_STEP][PASSED] - if (verifyElementText(findTestObject("Object Repository/Avangard New/Object (Игрок)/Case (отчеты)/div_ganin"), "Ганин Данила", OPTIONAL) == true): Object: 'Object Repository/Avangard New/Object (Игрок)/Case (отчеты)/div_30.06.2021' is clicked on

2022-02-25 08:59:38 - [MESSAGE][PASSED] - Actual text and expected text of test object 'Object Repository/Avangard New/Object (Игрок)/Case (отчеты)/div_ganin' are matched.

2022-02-25 08:59:38 - [TEST_STEP][PASSED] - click(findTestObject("Object Repository/Avangard New/Object (Игрок)/Case (отчеты)/div_burger date")): Object: 'Object Repository/Avangard New/Object (Игрок)/Case (отчеты)/div_burger date' is clicked on

2022-02-25 08:59:40 - [MESSAGE][PASSED] - Object: 'Object Repository/Avangard New/Object (Игрок)/Case (отчеты)/div_burger date' is clicked on

2022-02-25 08:59:40 - [TEST_STEP][PASSED] - click(findTestObject("Object Repository/Avangard New/Object (Игрок)/Case (отчеты)/div_30.06.2021")): Object: 'Object Repository/Avangard New/Object (Игрок)/Case (отчеты)/div_30.06.2021' is clicked on

2022-02-25 08:59:42 - [MESSAGE][PASSED] - Object: 'Object Repository/Avangard New/Object (Игрок)/Case (отчеты)/div_30.06.2021' is clicked on

2022-02-25 08:59:42 - [TEST_STEP][NOT_RUN] - verifyElementText(findTestObject("Object Repository/Avangard New/Object (Игрок)/Case (отчеты)/div_ganin"), "Ганин Данила"): NOT_RUN: verifyElementText(findTestObject("Object Repository/Avangard New/Object (Игрок)/Case (отчеты)/div_ganin"), "Ганин Данила")

2022-02-25 08:59:42 - [MESSAGE][NOT_RUN] - NOT_RUN: verifyElementText(findTestObject("Object Repository/Avangard New/Object (Игрок)/Case (отчеты)/div_ganin"), "Ганин Данила")

2022-02-25 08:59:42 - [TEST_STEP][PASSED] - scrollToElement(findTestObject("Object Repository/Avangard New/Object (Игрок)/Case (отчеты)/reaction easy"), 0): Scroll to object 'Object Repository/Avangard New/Object (Игрок)/Case (отчеты)/reaction easy' successfully

2022-02-25 08:59:42 - [MESSAGE][WARNING] - Timeout '0' is invalid. Using default page load timeout: '30'

2022-02-25 08:59:45 - [MESSAGE][PASSED] - Scroll to object 'Object Repository/Avangard New/Object (Игрок)/Case (отчеты)/reaction easy' successfully

2022-02-25 08:59:45 - [TEST_STEP][PASSED] - verifyElementText(findTestObject("Object Repository/Avangard New/Object (Игрок)/Case (отчеты)/reaction easy"), "Реакция на простой стимул"): Actual text and expected text of test object 'Object Repository/Avangard New/Object (Игрок)/Case (отчеты)/reaction easy' are matched.

2022-02-25 08:59:46 - [MESSAGE][PASSED] - Actual text and expected text of test object 'Object Repository/Avangard New/Object (Игрок)/Case (отчеты)/reaction easy' are matched.

2022-02-25 08:59:46 - [TEST_STEP][PASSED] - verifyElementText(findTestObject("Object Repository/Avangard New/Object (Игрок)/Case (отчеты)/reaction hard"), "Реакция на сложный стимул"): Actual text and expected text of test object 'Object Repository/Avangard New/Object (Игрок)/Case (отчеты)/reaction hard' are matched.

2022-02-25 08:59:48 - [MESSAGE][PASSED] - Actual text and expected text of test object 'Object Repository/Avangard New/Object (Игрок)/Case (отчеты)/reaction hard' are matched.

2022-02-25 08:59:48 - [TEST_STEP][PASSED] - scrollToElement(findTestObject("Object Repository/Avangard New/Object (Игрок)/Case (отчеты)/button burg date (1)"), 0): Scroll to object 'Object Repository/Avangard New/Object (Игрок)/Case (отчеты)/button burg date (1)' successfully

2022-02-25 08:59:48 - [MESSAGE][WARNING] - Timeout '0' is invalid. Using default page load timeout: '30'

2022-02-25 08:59:50 - [MESSAGE][PASSED] - Scroll to object 'Object Repository/Avangard New/Object (Игрок)/Case (отчеты)/button burg date (1)' successfully

2022-02-25 08:59:50 - [TEST_STEP][PASSED] - click(findTestObject("Object Repository/Avangard New/Object (Игрок)/Case (отчеты)/tab")): Object: 'Object Repository/Avangard New/Object (Игрок)/Case (отчеты)/tab' is clicked on

2022-02-25 08:59:52 - [MESSAGE][PASSED] - Object: 'Object Repository/Avangard New/Object (Игрок)/Case (отчеты)/tab' is clicked on

2022-02-25 08:59:52 - [TEST_STEP][PASSED] - if (verifyElementText(findTestObject("Object Repository/Avangard New/Object (Игрок)/Case (отчеты)/div_ganin"), "Ганин Данила", OPTIONAL) == true): Object: 'Object Repository/Avangard New/Object (Игрок)/Case (отчеты)/div_21-22' is clicked on

2022-02-25 08:59:54 - [MESSAGE][PASSED] - Actual text and expected text of test object 'Object Repository/Avangard New/Object (Игрок)/Case (отчеты)/div_ganin' are matched.

2022-02-25 08:59:54 - [TEST_STEP][PASSED] - click(findTestObject("Object Repository/Avangard New/Object (Игрок)/Case (отчеты)/div_sezon")): Object: 'Object Repository/Avangard New/Object (Игрок)/Case (отчеты)/div_sezon' is clicked on

2022-02-25 08:59:56 - [MESSAGE][PASSED] - Object: 'Object Repository/Avangard New/Object (Игрок)/Case (отчеты)/div_sezon' is clicked on

2022-02-25 08:59:56 - [TEST_STEP][PASSED] - click(findTestObject("Object Repository/Avangard New/Object (Игрок)/Case (отчеты)/div_21-22")): Object: 'Object Repository/Avangard New/Object (Игрок)/Case (отчеты)/div_21-22' is clicked on

2022-02-25 09:00:28 - [MESSAGE][INFO] - Unable to find the element located by 'By.xpath: //div[@id='react-select-10-option-1']'. Please recheck the objects properties to make sure the desired element is located. 

2022-02-25 09:00:28 - [MESSAGE][WARNING] - [SELF-HEALING] Failed to find element with id 'Object Repository/Avangard New/Object (Игрок)/Case (отчеты)/div_21-22'. Try using Self-healing.

2022-02-25 09:00:29 - [MESSAGE][INFO] - [SELF-HEALING] Failed Locator: '//div[@id='react-select-10-option-1']'.

2022-02-25 09:00:31 - [MESSAGE][INFO] - [SELF-HEALING] Working Locator: '//div[@id='root']/div/div/div[2]/div/div[2]/div/div/div/div/div[2]/div/div[2]'.

2022-02-25 09:00:32 - [MESSAGE][INFO] - [SELF-HEALING] Screenshot: C:/Users/LENOVO/Katalon Studio/Avangard/Reports/Self-healing/Object Repository/Avangard New/Object (Игрок)/Case (отчеты)/div_21-22_idRelative.png

2022-02-25 09:00:32 - [MESSAGE][WARNING] - [SELF-HEALING] The current locator of test object 'Object Repository/Avangard New/Object (Игрок)/Case (отчеты)/div_21-22' was broken. Propose an alternative one: '//div[@id='root']/div/div/div[2]/div/div[2]/div/div/div/div/div[2]/div/div[2]'.

2022-02-25 09:00:33 - [MESSAGE][PASSED] - Object: 'Object Repository/Avangard New/Object (Игрок)/Case (отчеты)/div_21-22' is clicked on

2022-02-25 09:00:33 - [TEST_STEP][FAILED] - scrollToElement(findTestObject("Object Repository/Avangard New/Object (Игрок)/Case (отчеты)/xarakteristika"), 0): Unable to scroll to object 'Object Repository/Avangard New/Object (Игрок)/Case (отчеты)/xarakteristika' (Root cause: com.kms.katalon.core.exception.StepFailedException: Unable to scroll to object 'Object Repository/Avangard New/Object (Игрок)/Case (отчеты)/xarakteristika'
	at com.kms.katalon.core.webui.keyword.internal.WebUIKeywordMain.stepFailed(WebUIKeywordMain.groovy:64)
	at com.kms.katalon.core.webui.keyword.internal.WebUIKeywordMain.runKeyword(WebUIKeywordMain.groovy:26)
	at com.kms.katalon.core.webui.keyword.builtin.ScrollToElementKeyword.scrollToElement(ScrollToElementKeyword.groovy:88)
	at com.kms.katalon.core.webui.keyword.builtin.ScrollToElementKeyword.execute(ScrollToElementKeyword.groovy:68)
	at com.kms.katalon.core.keyword.internal.KeywordExecutor.executeKeywordForPlatform(KeywordExecutor.groovy:74)
	at com.kms.katalon.core.webui.keyword.WebUiBuiltInKeywords.scrollToElement(WebUiBuiltInKeywords.groovy:4061)
	at com.kms.katalon.core.webui.keyword.WebUiBuiltInKeywords$scrollToElement$5.call(Unknown Source)
	at Отчеты.run(Отчеты:66)
	at com.kms.katalon.core.main.ScriptEngine.run(ScriptEngine.java:194)
	at com.kms.katalon.core.main.ScriptEngine.runScriptAsRawText(ScriptEngine.java:119)
	at com.kms.katalon.core.main.TestCaseExecutor.runScript(TestCaseExecutor.java:442)
	at com.kms.katalon.core.main.TestCaseExecutor.doExecute(TestCaseExecutor.java:433)
	at com.kms.katalon.core.main.TestCaseExecutor.processExecutionPhase(TestCaseExecutor.java:412)
	at com.kms.katalon.core.main.TestCaseExecutor.accessMainPhase(TestCaseExecutor.java:404)
	at com.kms.katalon.core.main.TestCaseExecutor.execute(TestCaseExecutor.java:281)
	at com.kms.katalon.core.main.TestSuiteExecutor.accessTestCaseMainPhase(TestSuiteExecutor.java:202)
	at com.kms.katalon.core.main.TestSuiteExecutor.accessTestSuiteMainPhase(TestSuiteExecutor.java:164)
	at com.kms.katalon.core.main.TestSuiteExecutor.execute(TestSuiteExecutor.java:105)
	at com.kms.katalon.core.main.TestCaseMain.startTestSuite(TestCaseMain.java:185)
	at com.kms.katalon.core.main.TestCaseMain$startTestSuite$0.call(Unknown Source)
	at TempTestSuite1645768445379.run(TempTestSuite1645768445379.groovy:36)
Caused by: com.kms.katalon.core.webui.exception.WebElementNotFoundException: Web element with id: 'Object Repository/Avangard New/Object (Игрок)/Case (отчеты)/xarakteristika' located by '//*/text()[normalize-space(.)='Экстраверсия']/parent::*' not found
	at com.kms.katalon.core.webui.common.WebUiCommonHelper.findWebElement(WebUiCommonHelper.java:1370)
	at com.kms.katalon.core.webui.keyword.internal.WebUIAbstractKeyword.findWebElement(WebUIAbstractKeyword.groovy:27)
	at com.kms.katalon.core.webui.keyword.internal.WebUIAbstractKeyword.findWebElement(WebUIAbstractKeyword.groovy:26)
	at com.kms.katalon.core.webui.keyword.builtin.ScrollToElementKeyword$_scrollToElement_closure1.doCall(ScrollToElementKeyword.groovy:79)
	at com.kms.katalon.core.webui.keyword.builtin.ScrollToElementKeyword$_scrollToElement_closure1.call(ScrollToElementKeyword.groovy)
	at com.kms.katalon.core.webui.keyword.internal.WebUIKeywordMain.runKeyword(WebUIKeywordMain.groovy:20)
	at com.kms.katalon.core.webui.keyword.builtin.ScrollToElementKeyword.scrollToElement(ScrollToElementKeyword.groovy:88)
	at com.kms.katalon.core.webui.keyword.builtin.ScrollToElementKeyword.execute(ScrollToElementKeyword.groovy:68)
	at com.kms.katalon.core.keyword.internal.KeywordExecutor.executeKeywordForPlatform(KeywordExecutor.groovy:74)
	at com.kms.katalon.core.webui.keyword.WebUiBuiltInKeywords.scrollToElement(WebUiBuiltInKeywords.groovy:4061)
	at com.kms.katalon.core.webui.keyword.WebUiBuiltInKeywords$scrollToElement$5.call(Unknown Source)
	at Script1645287289852.run(Script1645287289852.groovy:66)
	... 13 more
)

2022-02-25 09:00:33 - [MESSAGE][WARNING] - Timeout '0' is invalid. Using default page load timeout: '30'

2022-02-25 09:01:05 - [MESSAGE][INFO] - Unable to find the element located by 'By.xpath: //*/text()[normalize-space(.)='Экстраверсия']/parent::*'. Please recheck the objects properties to make sure the desired element is located. 

2022-02-25 09:01:05 - [MESSAGE][WARNING] - [SELF-HEALING] Failed to find element with id 'Object Repository/Avangard New/Object (Игрок)/Case (отчеты)/xarakteristika'. Try using Self-healing.

2022-02-25 09:01:06 - [MESSAGE][INFO] - [SELF-HEALING] Failed Locator: '//div[@id='rc-tabs-1-panel-1']/div[2]/div[2]/div/div/div/div/div[2]/p[2]'.

2022-02-25 09:01:08 - [MESSAGE][INFO] - [SELF-HEALING] Failed Locator: '(.//*[normalize-space(text()) and normalize-space(.)='Индивидуально-типологический'])[1]/following::p[17]'.

2022-02-25 09:01:09 - [MESSAGE][INFO] - [SELF-HEALING] Failed Locator: '(.//*[normalize-space(text()) and normalize-space(.)='Психологический'])[1]/following::p[17]'.

2022-02-25 09:01:10 - [MESSAGE][INFO] - [SELF-HEALING] Failed Locator: '(.//*[normalize-space(text()) and normalize-space(.)='Редактирование профиля'])[1]/preceding::p[29]'.

2022-02-25 09:01:12 - [MESSAGE][INFO] - [SELF-HEALING] Failed Locator: '//*/text()[normalize-space(.)='Экстраверсия']/parent::*'.

2022-02-25 09:01:13 - [MESSAGE][INFO] - [SELF-HEALING] Failed Locator: '//div[2]/div/div/div/div/div[2]/p[2]'.

2022-02-25 09:01:14 - [MESSAGE][INFO] - [SELF-HEALING] Failed Locator: '//p[(text() = 'Экстраверсия' or . = 'Экстраверсия')]'.

2022-02-25 09:01:15 - [MESSAGE][INFO] - Unable to find the element located by 'By.xpath: //*[(text() = 'Экстраверсия' or . = 'Экстраверсия')]'. Please recheck the objects properties to make sure the desired element is located. 

2022-02-25 09:01:17 - [MESSAGE][INFO] - Unable to find the element located by 'By.cssSelector: p.styles__SkillName-sc-8xsnvi-9.fxKVA'. Please recheck the objects properties to make sure the desired element is located. 

2022-02-25 09:01:18 - [MESSAGE][FAILED] - Unable to scroll to object 'Object Repository/Avangard New/Object (Игрок)/Case (отчеты)/xarakteristika' (Root cause: com.kms.katalon.core.exception.StepFailedException: Unable to scroll to object 'Object Repository/Avangard New/Object (Игрок)/Case (отчеты)/xarakteristika'
	at com.kms.katalon.core.webui.keyword.internal.WebUIKeywordMain.stepFailed(WebUIKeywordMain.groovy:64)
	at com.kms.katalon.core.webui.keyword.internal.WebUIKeywordMain.runKeyword(WebUIKeywordMain.groovy:26)
	at com.kms.katalon.core.webui.keyword.builtin.ScrollToElementKeyword.scrollToElement(ScrollToElementKeyword.groovy:88)
	at com.kms.katalon.core.webui.keyword.builtin.ScrollToElementKeyword.execute(ScrollToElementKeyword.groovy:68)
	at com.kms.katalon.core.keyword.internal.KeywordExecutor.executeKeywordForPlatform(KeywordExecutor.groovy:74)
	at com.kms.katalon.core.webui.keyword.WebUiBuiltInKeywords.scrollToElement(WebUiBuiltInKeywords.groovy:4061)
	at com.kms.katalon.core.webui.keyword.WebUiBuiltInKeywords$scrollToElement$5.call(Unknown Source)
	at Отчеты.run(Отчеты:66)
	at com.kms.katalon.core.main.ScriptEngine.run(ScriptEngine.java:194)
	at com.kms.katalon.core.main.ScriptEngine.runScriptAsRawText(ScriptEngine.java:119)
	at com.kms.katalon.core.main.TestCaseExecutor.runScript(TestCaseExecutor.java:442)
	at com.kms.katalon.core.main.TestCaseExecutor.doExecute(TestCaseExecutor.java:433)
	at com.kms.katalon.core.main.TestCaseExecutor.processExecutionPhase(TestCaseExecutor.java:412)
	at com.kms.katalon.core.main.TestCaseExecutor.accessMainPhase(TestCaseExecutor.java:404)
	at com.kms.katalon.core.main.TestCaseExecutor.execute(TestCaseExecutor.java:281)
	at com.kms.katalon.core.main.TestSuiteExecutor.accessTestCaseMainPhase(TestSuiteExecutor.java:202)
	at com.kms.katalon.core.main.TestSuiteExecutor.accessTestSuiteMainPhase(TestSuiteExecutor.java:164)
	at com.kms.katalon.core.main.TestSuiteExecutor.execute(TestSuiteExecutor.java:105)
	at com.kms.katalon.core.main.TestCaseMain.startTestSuite(TestCaseMain.java:185)
	at com.kms.katalon.core.main.TestCaseMain$startTestSuite$0.call(Unknown Source)
	at TempTestSuite1645768445379.run(TempTestSuite1645768445379.groovy:36)
Caused by: com.kms.katalon.core.webui.exception.WebElementNotFoundException: Web element with id: 'Object Repository/Avangard New/Object (Игрок)/Case (отчеты)/xarakteristika' located by '//*/text()[normalize-space(.)='Экстраверсия']/parent::*' not found
	at com.kms.katalon.core.webui.common.WebUiCommonHelper.findWebElement(WebUiCommonHelper.java:1370)
	at com.kms.katalon.core.webui.keyword.internal.WebUIAbstractKeyword.findWebElement(WebUIAbstractKeyword.groovy:27)
	at com.kms.katalon.core.webui.keyword.internal.WebUIAbstractKeyword.findWebElement(WebUIAbstractKeyword.groovy:26)
	at com.kms.katalon.core.webui.keyword.builtin.ScrollToElementKeyword$_scrollToElement_closure1.doCall(ScrollToElementKeyword.groovy:79)
	at com.kms.katalon.core.webui.keyword.builtin.ScrollToElementKeyword$_scrollToElement_closure1.call(ScrollToElementKeyword.groovy)
	at com.kms.katalon.core.webui.keyword.internal.WebUIKeywordMain.runKeyword(WebUIKeywordMain.groovy:20)
	at com.kms.katalon.core.webui.keyword.builtin.ScrollToElementKeyword.scrollToElement(ScrollToElementKeyword.groovy:88)
	at com.kms.katalon.core.webui.keyword.builtin.ScrollToElementKeyword.execute(ScrollToElementKeyword.groovy:68)
	at com.kms.katalon.core.keyword.internal.KeywordExecutor.executeKeywordForPlatform(KeywordExecutor.groovy:74)
	at com.kms.katalon.core.webui.keyword.WebUiBuiltInKeywords.scrollToElement(WebUiBuiltInKeywords.groovy:4061)
	at com.kms.katalon.core.webui.keyword.WebUiBuiltInKeywords$scrollToElement$5.call(Unknown Source)
	at Script1645287289852.run(Script1645287289852.groovy:66)
	... 13 more
)
[[ATTACHMENT|C:\\Users\\LENOVO\\Katalon Studio\\Avangard\\Reports\\20220225_085350\\\u0418\u0433\u0440\u043E\u043A\\20220225_085405\\1645768877192.png]]]]></system-out>
         <system-err><![CDATA[2022-02-25 08:57:11 - [TEST_CASE][FAILED] - Test Cases/Игрок/Отчеты: Test Cases/Игрок/Отчеты FAILED.
Reason:
com.kms.katalon.core.exception.StepFailedException: Unable to scroll to object 'Object Repository/Avangard New/Object (Игрок)/Case (отчеты)/xarakteristika'
	at com.kms.katalon.core.webui.keyword.internal.WebUIKeywordMain.stepFailed(WebUIKeywordMain.groovy:64)
	at com.kms.katalon.core.webui.keyword.internal.WebUIKeywordMain.runKeyword(WebUIKeywordMain.groovy:26)
	at com.kms.katalon.core.webui.keyword.builtin.ScrollToElementKeyword.scrollToElement(ScrollToElementKeyword.groovy:88)
	at com.kms.katalon.core.webui.keyword.builtin.ScrollToElementKeyword.execute(ScrollToElementKeyword.groovy:68)
	at com.kms.katalon.core.keyword.internal.KeywordExecutor.executeKeywordForPlatform(KeywordExecutor.groovy:74)
	at com.kms.katalon.core.webui.keyword.WebUiBuiltInKeywords.scrollToElement(WebUiBuiltInKeywords.groovy:4061)
	at com.kms.katalon.core.webui.keyword.WebUiBuiltInKeywords$scrollToElement$5.call(Unknown Source)
	at Отчеты.run(Отчеты:66)
	at com.kms.katalon.core.main.ScriptEngine.run(ScriptEngine.java:194)
	at com.kms.katalon.core.main.ScriptEngine.runScriptAsRawText(ScriptEngine.java:119)
	at com.kms.katalon.core.main.TestCaseExecutor.runScript(TestCaseExecutor.java:442)
	at com.kms.katalon.core.main.TestCaseExecutor.doExecute(TestCaseExecutor.java:433)
	at com.kms.katalon.core.main.TestCaseExecutor.processExecutionPhase(TestCaseExecutor.java:412)
	at com.kms.katalon.core.main.TestCaseExecutor.accessMainPhase(TestCaseExecutor.java:404)
	at com.kms.katalon.core.main.TestCaseExecutor.execute(TestCaseExecutor.java:281)
	at com.kms.katalon.core.main.TestSuiteExecutor.accessTestCaseMainPhase(TestSuiteExecutor.java:202)
	at com.kms.katalon.core.main.TestSuiteExecutor.accessTestSuiteMainPhase(TestSuiteExecutor.java:164)
	at com.kms.katalon.core.main.TestSuiteExecutor.execute(TestSuiteExecutor.java:105)
	at com.kms.katalon.core.main.TestCaseMain.startTestSuite(TestCaseMain.java:185)
	at com.kms.katalon.core.main.TestCaseMain$startTestSuite$0.call(Unknown Source)
	at TempTestSuite1645768445379.run(TempTestSuite1645768445379.groovy:36)
Caused by: com.kms.katalon.core.webui.exception.WebElementNotFoundException: Web element with id: 'Object Repository/Avangard New/Object (Игрок)/Case (отчеты)/xarakteristika' located by '//*/text()[normalize-space(.)='Экстраверсия']/parent::*' not found
	at com.kms.katalon.core.webui.common.WebUiCommonHelper.findWebElement(WebUiCommonHelper.java:1370)
	at com.kms.katalon.core.webui.keyword.internal.WebUIAbstractKeyword.findWebElement(WebUIAbstractKeyword.groovy:27)
	at com.kms.katalon.core.webui.keyword.internal.WebUIAbstractKeyword.findWebElement(WebUIAbstractKeyword.groovy:26)
	at com.kms.katalon.core.webui.keyword.builtin.ScrollToElementKeyword$_scrollToElement_closure1.doCall(ScrollToElementKeyword.groovy:79)
	at com.kms.katalon.core.webui.keyword.builtin.ScrollToElementKeyword$_scrollToElement_closure1.call(ScrollToElementKeyword.groovy)
	at com.kms.katalon.core.webui.keyword.internal.WebUIKeywordMain.runKeyword(WebUIKeywordMain.groovy:20)
	... 19 more]]></system-err>
      </testcase>
      <system-out><![CDATA[2022-02-25 08:54:26 - [TEST_SUITE][FAILED] - Игрок: Test Cases/Игрок/Отчеты FAILED.
Reason:
com.kms.katalon.core.exception.StepFailedException: Unable to scroll to object 'Object Repository/Avangard New/Object (Игрок)/Case (отчеты)/xarakteristika'
	at com.kms.katalon.core.webui.keyword.internal.WebUIKeywordMain.stepFailed(WebUIKeywordMain.groovy:64)
	at com.kms.katalon.core.webui.keyword.internal.WebUIKeywordMain.runKeyword(WebUIKeywordMain.groovy:26)
	at com.kms.katalon.core.webui.keyword.builtin.ScrollToElementKeyword.scrollToElement(ScrollToElementKeyword.groovy:88)
	at com.kms.katalon.core.webui.keyword.builtin.ScrollToElementKeyword.execute(ScrollToElementKeyword.groovy:68)
	at com.kms.katalon.core.keyword.internal.KeywordExecutor.executeKeywordForPlatform(KeywordExecutor.groovy:74)
	at com.kms.katalon.core.webui.keyword.WebUiBuiltInKeywords.scrollToElement(WebUiBuiltInKeywords.groovy:4061)
	at com.kms.katalon.core.webui.keyword.WebUiBuiltInKeywords$scrollToElement$5.call(Unknown Source)
	at Отчеты.run(Отчеты:66)
	at com.kms.katalon.core.main.ScriptEngine.run(ScriptEngine.java:194)
	at com.kms.katalon.core.main.ScriptEngine.runScriptAsRawText(ScriptEngine.java:119)
	at com.kms.katalon.core.main.TestCaseExecutor.runScript(TestCaseExecutor.java:442)
	at com.kms.katalon.core.main.TestCaseExecutor.doExecute(TestCaseExecutor.java:433)
	at com.kms.katalon.core.main.TestCaseExecutor.processExecutionPhase(TestCaseExecutor.java:412)
	at com.kms.katalon.core.main.TestCaseExecutor.accessMainPhase(TestCaseExecutor.java:404)
	at com.kms.katalon.core.main.TestCaseExecutor.execute(TestCaseExecutor.java:281)
	at com.kms.katalon.core.main.TestSuiteExecutor.accessTestCaseMainPhase(TestSuiteExecutor.java:202)
	at com.kms.katalon.core.main.TestSuiteExecutor.accessTestSuiteMainPhase(TestSuiteExecutor.java:164)
	at com.kms.katalon.core.main.TestSuiteExecutor.execute(TestSuiteExecutor.java:105)
	at com.kms.katalon.core.main.TestCaseMain.startTestSuite(TestCaseMain.java:185)
	at com.kms.katalon.core.main.TestCaseMain$startTestSuite$0.call(Unknown Source)
	at TempTestSuite1645768445379.run(TempTestSuite1645768445379.groovy:36)
Caused by: com.kms.katalon.core.webui.exception.WebElementNotFoundException: Web element with id: 'Object Repository/Avangard New/Object (Игрок)/Case (отчеты)/xarakteristika' located by '//*/text()[normalize-space(.)='Экстраверсия']/parent::*' not found
	at com.kms.katalon.core.webui.common.WebUiCommonHelper.findWebElement(WebUiCommonHelper.java:1370)
	at com.kms.katalon.core.webui.keyword.internal.WebUIAbstractKeyword.findWebElement(WebUIAbstractKeyword.groovy:27)
	at com.kms.katalon.core.webui.keyword.internal.WebUIAbstractKeyword.findWebElement(WebUIAbstractKeyword.groovy:26)
	at com.kms.katalon.core.webui.keyword.builtin.ScrollToElementKeyword$_scrollToElement_closure1.doCall(ScrollToElementKeyword.groovy:79)
	at com.kms.katalon.core.webui.keyword.builtin.ScrollToElementKeyword$_scrollToElement_closure1.call(ScrollToElementKeyword.groovy)
	at com.kms.katalon.core.webui.keyword.internal.WebUIKeywordMain.runKeyword(WebUIKeywordMain.groovy:20)
	... 19 more]]></system-out>
      <system-err><![CDATA[2022-02-25 08:54:26 - [TEST_SUITE][FAILED] - Игрок: Test Cases/Игрок/Отчеты FAILED.
Reason:
com.kms.katalon.core.exception.StepFailedException: Unable to scroll to object 'Object Repository/Avangard New/Object (Игрок)/Case (отчеты)/xarakteristika'
	at com.kms.katalon.core.webui.keyword.internal.WebUIKeywordMain.stepFailed(WebUIKeywordMain.groovy:64)
	at com.kms.katalon.core.webui.keyword.internal.WebUIKeywordMain.runKeyword(WebUIKeywordMain.groovy:26)
	at com.kms.katalon.core.webui.keyword.builtin.ScrollToElementKeyword.scrollToElement(ScrollToElementKeyword.groovy:88)
	at com.kms.katalon.core.webui.keyword.builtin.ScrollToElementKeyword.execute(ScrollToElementKeyword.groovy:68)
	at com.kms.katalon.core.keyword.internal.KeywordExecutor.executeKeywordForPlatform(KeywordExecutor.groovy:74)
	at com.kms.katalon.core.webui.keyword.WebUiBuiltInKeywords.scrollToElement(WebUiBuiltInKeywords.groovy:4061)
	at com.kms.katalon.core.webui.keyword.WebUiBuiltInKeywords$scrollToElement$5.call(Unknown Source)
	at Отчеты.run(Отчеты:66)
	at com.kms.katalon.core.main.ScriptEngine.run(ScriptEngine.java:194)
	at com.kms.katalon.core.main.ScriptEngine.runScriptAsRawText(ScriptEngine.java:119)
	at com.kms.katalon.core.main.TestCaseExecutor.runScript(TestCaseExecutor.java:442)
	at com.kms.katalon.core.main.TestCaseExecutor.doExecute(TestCaseExecutor.java:433)
	at com.kms.katalon.core.main.TestCaseExecutor.processExecutionPhase(TestCaseExecutor.java:412)
	at com.kms.katalon.core.main.TestCaseExecutor.accessMainPhase(TestCaseExecutor.java:404)
	at com.kms.katalon.core.main.TestCaseExecutor.execute(TestCaseExecutor.java:281)
	at com.kms.katalon.core.main.TestSuiteExecutor.accessTestCaseMainPhase(TestSuiteExecutor.java:202)
	at com.kms.katalon.core.main.TestSuiteExecutor.accessTestSuiteMainPhase(TestSuiteExecutor.java:164)
	at com.kms.katalon.core.main.TestSuiteExecutor.execute(TestSuiteExecutor.java:105)
	at com.kms.katalon.core.main.TestCaseMain.startTestSuite(TestCaseMain.java:185)
	at com.kms.katalon.core.main.TestCaseMain$startTestSuite$0.call(Unknown Source)
	at TempTestSuite1645768445379.run(TempTestSuite1645768445379.groovy:36)
Caused by: com.kms.katalon.core.webui.exception.WebElementNotFoundException: Web element with id: 'Object Repository/Avangard New/Object (Игрок)/Case (отчеты)/xarakteristika' located by '//*/text()[normalize-space(.)='Экстраверсия']/parent::*' not found
	at com.kms.katalon.core.webui.common.WebUiCommonHelper.findWebElement(WebUiCommonHelper.java:1370)
	at com.kms.katalon.core.webui.keyword.internal.WebUIAbstractKeyword.findWebElement(WebUIAbstractKeyword.groovy:27)
	at com.kms.katalon.core.webui.keyword.internal.WebUIAbstractKeyword.findWebElement(WebUIAbstractKeyword.groovy:26)
	at com.kms.katalon.core.webui.keyword.builtin.ScrollToElementKeyword$_scrollToElement_closure1.doCall(ScrollToElementKeyword.groovy:79)
	at com.kms.katalon.core.webui.keyword.builtin.ScrollToElementKeyword$_scrollToElement_closure1.call(ScrollToElementKeyword.groovy)
	at com.kms.katalon.core.webui.keyword.internal.WebUIKeywordMain.runKeyword(WebUIKeywordMain.groovy:20)
	... 19 more]]></system-err>
   </testsuite>
   <testsuite name="Игрок" tests="2" failures="0" errors="0" time="454.026" skipped="0" timestamp="2022-02-25 08:54:27" hostname="LENOVO - DESKTOP-KNHN0AA" id="Test Suites/Игрок">
      <properties>
         <property name="deviceName" value=""/>
         <property name="devicePlatform" value=""/>
         <property name="logFolder" value="C:\\Users\\LENOVO\\Katalon Studio\\Avangard\\Reports\\20220225_085350\\\u0418\u0433\u0440\u043E\u043A\\20220225_085407"/>
         <property name="logFiles" value="C:\\Users\\LENOVO\\Katalon Studio\\Avangard\\Reports\\20220225_085350\\\u0418\u0433\u0440\u043E\u043A\\20220225_085407\\execution0.log"/>
         <property name="attachments" value="C:\\Users\\LENOVO\\Katalon Studio\\Avangard\\Reports\\20220225_085350\\\u0418\u0433\u0440\u043E\u043A\\20220225_085407\\1645768858640.png, C:\\Users\\LENOVO\\Katalon Studio\\Avangard\\Reports\\20220225_085350\\\u0418\u0433\u0440\u043E\u043A\\20220225_085407\\1645768907663.png"/>
         <property name="hostName" value="LENOVO - DESKTOP-KNHN0AA"/>
         <property name="remoteDriverUrl" value="testcloud.katalon.com/hub"/>
         <property name="desiredCapabilities" value="{
  &quot;acceptInsecureCerts&quot;: false,
  &quot;browserName&quot;: &quot;chrome&quot;,
  &quot;browserVersion&quot;: &quot;97.0.4692.71&quot;,
  &quot;chrome&quot;: {
    &quot;chromedriverVersion&quot;: &quot;97.0.4692.71 (adefa7837d02a07a604c1e6eff0b3a09422ab88d-refs/branch-heads/4692@{#1247})&quot;,
    &quot;userDataDir&quot;: &quot;/tmp/.com.google.Chrome.7fCrW5&quot;
  },
  &quot;goog:chromeOptions&quot;: {
    &quot;debuggerAddress&quot;: &quot;localhost:39011&quot;
  },
  &quot;javascriptEnabled&quot;: true,
  &quot;networkConnectionEnabled&quot;: false,
  &quot;pageLoadStrategy&quot;: &quot;normal&quot;,
  &quot;platform&quot;: &quot;LINUX&quot;,
  &quot;platformName&quot;: &quot;LINUX&quot;,
  &quot;proxy&quot;: {
    &quot;proxyType&quot;: &quot;DIRECT&quot;,
    &quot;autodetect&quot;: false
  },
  &quot;se:cdp&quot;: &quot;ws://172.48.134.98:4444/session/31b941ab0b2e3a75ae190899eaf3b296/se/cdp&quot;,
  &quot;se:cdpVersion&quot;: &quot;97.0.4692.71&quot;,
  &quot;se:vnc&quot;: &quot;ws://172.48.134.98:4444/session/31b941ab0b2e3a75ae190899eaf3b296/se/vnc&quot;,
  &quot;se:vncEnabled&quot;: true,
  &quot;se:vncLocalAddress&quot;: &quot;ws://172.48.134.98:7900&quot;,
  &quot;setWindowRect&quot;: true,
  &quot;strictFileInteractability&quot;: false,
  &quot;timeouts&quot;: {
    &quot;implicit&quot;: 0,
    &quot;pageLoad&quot;: 300000,
    &quot;script&quot;: 30000
  },
  &quot;unhandledPromptBehavior&quot;: &quot;dismiss and notify&quot;,
  &quot;webauthn:extension:credBlob&quot;: true,
  &quot;webauthn:extension:largeBlob&quot;: true,
  &quot;webauthn:virtualAuthenticators&quot;: true
}"/>
         <property name="os" value="Windows 10 64bit"/>
         <property name="remoteOS" value="Linux"/>
         <property name="katalonVersion" value="8.2.5.208"/>
         <property name="browser" value="Chrome 97.0.4692.71"/>
         <property name="hostAddress" value="192.168.2.113"/>
         <property name="sessionId" value="31b941ab0b2e3a75ae190899eaf3b296"/>
         <property name="seleniumVersion" value="3.141.59"/>
         <property name="proxyInformation" value="ProxyInformation { proxyOption=NO_PROXY, proxyServerType=HTTP, username=, password=********, proxyServerAddress=, proxyServerPort=0, executionList=&quot;&quot;, isApplyToDesiredCapabilities=true }"/>
         <property name="platform" value="Windows 10"/>
      </properties>
      <testcase name="Test Cases/Игрок/Авторизация" time="165.119" classname="Test Cases/Игрок/Авторизация" status="PASSED">
         <system-out><![CDATA[2022-02-25 08:54:30 - [TEST_CASE][PASSED] - Test Cases/Игрок/Авторизация: Test Cases/Игрок/Авторизация

2022-02-25 08:54:34 - [TEST_STEP][PASSED] - openBrowser(""): Browser is opened with url: ''

2022-02-25 08:54:35 - [MESSAGE][INFO] - User set preference: ['os', 'linux']

2022-02-25 08:54:35 - [MESSAGE][INFO] - User set preference: ['browserName', 'chrome']

2022-02-25 08:54:35 - [MESSAGE][INFO] - User set preference: ['browserVersion', '97']

2022-02-25 08:54:35 - [MESSAGE][INFO] - User set preference: ['katalon:option', '{organizationId=564672, tunnelId=, usingTunnel=false}']

2022-02-25 08:54:35 - [MESSAGE][INFO] - Connecting to remote web server 'testcloud.katalon.com/hub' with type 'Selenium'

2022-02-25 08:54:37 - [MESSAGE][INFO] - Action delay is set to 100 milliseconds

2022-02-25 08:56:56 - [MESSAGE][PASSED] - Browser is opened with url: ''

2022-02-25 08:56:56 - [TEST_STEP][PASSED] - maximizeWindow(): Current window maximized

2022-02-25 08:56:57 - [MESSAGE][PASSED] - Current window maximized

2022-02-25 08:56:57 - [TEST_STEP][PASSED] - navigateToUrl(url): Navigate to 'https://stars-stage.hawk.ru:8080' successfully

2022-02-25 08:57:04 - [MESSAGE][PASSED] - Navigate to 'https://stars-stage.hawk.ru:8080' successfully

2022-02-25 08:57:04 - [TEST_STEP][PASSED] - setText(findTestObject("Object Repository/manager/Page_/input__sc-lnrBVv eqPACj"), player_login): Text 'dima.vlasenko18@mail.ru' is set on object 'Object Repository/manager/Page_/input__sc-lnrBVv eqPACj'

2022-02-25 08:57:09 - [MESSAGE][PASSED] - Text 'dima.vlasenko18@mail.ru' is set on object 'Object Repository/manager/Page_/input__sc-lnrBVv eqPACj'

2022-02-25 08:57:09 - [TEST_STEP][PASSED] - setText(findTestObject("Object Repository/manager/Page_/input__sc-lnrBVv eqPACj_1"), player_password): Text 'dima.vlasenko18' is set on object 'Object Repository/manager/Page_/input__sc-lnrBVv eqPACj_1'

2022-02-25 08:57:13 - [MESSAGE][PASSED] - Text 'dima.vlasenko18' is set on object 'Object Repository/manager/Page_/input__sc-lnrBVv eqPACj_1'

2022-02-25 08:57:13 - [TEST_STEP][PASSED] - click(findTestObject("manager/Page_/go")): Object: 'Object Repository/manager/Page_/go' is clicked on

2022-02-25 08:57:15 - [MESSAGE][PASSED] - Object: 'Object Repository/manager/Page_/go' is clicked on]]></system-out>
         <system-err><![CDATA[]]></system-err>
      </testcase>
      <testcase name="Test Cases/Игрок/Отчеты" time="286.534" classname="Test Cases/Игрок/Отчеты" status="PASSED">
         <system-out><![CDATA[2022-02-25 08:57:15 - [TEST_CASE][PASSED] - Test Cases/Игрок/Отчеты: Test Cases/Игрок/Отчеты

2022-02-25 08:57:16 - [TEST_STEP][PASSED] - callTestCase(findTestCase("Игрок/Авторизация"), [:], STOP_ON_FAILURE): Call Test Case 'Test Cases/Игрок/Авторизация' successfully

2022-02-25 08:57:16 - [TEST_CASE][PASSED] - Test Cases/Игрок/Авторизация: Test Cases/Игрок/Авторизация

2022-02-25 08:57:16 - [TEST_STEP][PASSED] - openBrowser(""): Browser is opened with url: ''

2022-02-25 08:57:16 - [MESSAGE][WARNING] - A browser is already opened. Closing browser and opening a new one

2022-02-25 08:57:16 - [MESSAGE][INFO] - User set preference: ['os', 'linux']

2022-02-25 08:57:16 - [MESSAGE][INFO] - User set preference: ['browserName', 'chrome']

2022-02-25 08:57:16 - [MESSAGE][INFO] - User set preference: ['browserVersion', '97']

2022-02-25 08:57:16 - [MESSAGE][INFO] - User set preference: ['katalon:option', '{organizationId=564672, tunnelId=, usingTunnel=false}']

2022-02-25 08:57:16 - [MESSAGE][INFO] - Connecting to remote web server 'testcloud.katalon.com/hub' with type 'Selenium'

2022-02-25 08:57:16 - [MESSAGE][INFO] - Action delay is set to 100 milliseconds

2022-02-25 08:59:52 - [MESSAGE][PASSED] - Browser is opened with url: ''

2022-02-25 08:59:52 - [TEST_STEP][PASSED] - maximizeWindow(): Current window maximized

2022-02-25 08:59:52 - [MESSAGE][PASSED] - Current window maximized

2022-02-25 08:59:52 - [TEST_STEP][PASSED] - navigateToUrl(url): Navigate to 'https://stars-stage.hawk.ru:8080' successfully

2022-02-25 08:59:59 - [MESSAGE][PASSED] - Navigate to 'https://stars-stage.hawk.ru:8080' successfully

2022-02-25 08:59:59 - [TEST_STEP][PASSED] - setText(findTestObject("Object Repository/manager/Page_/input__sc-lnrBVv eqPACj"), player_login): Text 'dima.vlasenko18@mail.ru' is set on object 'Object Repository/manager/Page_/input__sc-lnrBVv eqPACj'

2022-02-25 09:00:03 - [MESSAGE][PASSED] - Text 'dima.vlasenko18@mail.ru' is set on object 'Object Repository/manager/Page_/input__sc-lnrBVv eqPACj'

2022-02-25 09:00:03 - [TEST_STEP][PASSED] - setText(findTestObject("Object Repository/manager/Page_/input__sc-lnrBVv eqPACj_1"), player_password): Text 'dima.vlasenko18' is set on object 'Object Repository/manager/Page_/input__sc-lnrBVv eqPACj_1'

2022-02-25 09:00:07 - [MESSAGE][PASSED] - Text 'dima.vlasenko18' is set on object 'Object Repository/manager/Page_/input__sc-lnrBVv eqPACj_1'

2022-02-25 09:00:07 - [TEST_STEP][PASSED] - click(findTestObject("manager/Page_/go")): Object: 'Object Repository/manager/Page_/go' is clicked on

2022-02-25 09:00:09 - [MESSAGE][PASSED] - Object: 'Object Repository/manager/Page_/go' is clicked on

2022-02-25 09:00:09 - [MESSAGE][PASSED] - Call Test Case 'Test Cases/Игрок/Авторизация' successfully

2022-02-25 09:00:09 - [TEST_STEP][PASSED] - click(findTestObject("Object Repository/Avangard New/Object (Игрок)/Case (отчеты)/report")): Object: 'Object Repository/Avangard New/Object (Игрок)/Case (отчеты)/report' is clicked on

2022-02-25 09:00:21 - [MESSAGE][PASSED] - Object: 'Object Repository/Avangard New/Object (Игрок)/Case (отчеты)/report' is clicked on

2022-02-25 09:00:21 - [TEST_STEP][PASSED] - click(findTestObject("Object Repository/Avangard New/Object (Игрок)/Case (отчеты)/psixolog")): Object: 'Object Repository/Avangard New/Object (Игрок)/Case (отчеты)/psixolog' is clicked on

2022-02-25 09:00:23 - [MESSAGE][PASSED] - Object: 'Object Repository/Avangard New/Object (Игрок)/Case (отчеты)/psixolog' is clicked on

2022-02-25 09:00:23 - [TEST_STEP][PASSED] - if (verifyElementText(findTestObject("Object Repository/Avangard New/Object (Игрок)/Case (отчеты)/div_ganin"), "Ганин Данила", OPTIONAL) == true): Actual text 'Власенко Дмитрий' and expected text 'Ганин Данила' of test object 'Object Repository/Avangard New/Object (Игрок)/Case (отчеты)/div_ganin' are NOT matched. (Root cause: com.kms.katalon.core.exception.StepFailedException: Actual text 'Власенко Дмитрий' and expected text 'Ганин Данила' of test object 'Object Repository/Avangard New/Object (Игрок)/Case (отчеты)/div_ganin' are NOT matched.
	at com.kms.katalon.core.webui.keyword.internal.WebUIKeywordMain.stepFailed(WebUIKeywordMain.groovy:64)
	at com.kms.katalon.core.webui.keyword.builtin.VerifyElementTextKeyword$_verifyElementText_closure1.doCall(VerifyElementTextKeyword.groovy:57)
	at com.kms.katalon.core.webui.keyword.builtin.VerifyElementTextKeyword$_verifyElementText_closure1.call(VerifyElementTextKeyword.groovy)
	at com.kms.katalon.core.webui.keyword.internal.WebUIKeywordMain.runKeyword(WebUIKeywordMain.groovy:20)
	at com.kms.katalon.core.webui.keyword.builtin.VerifyElementTextKeyword.verifyElementText(VerifyElementTextKeyword.groovy:72)
	at com.kms.katalon.core.webui.keyword.builtin.VerifyElementTextKeyword.execute(VerifyElementTextKeyword.groovy:40)
	at com.kms.katalon.core.keyword.internal.KeywordExecutor.executeKeywordForPlatform(KeywordExecutor.groovy:74)
	at com.kms.katalon.core.webui.keyword.WebUiBuiltInKeywords.verifyElementText(WebUiBuiltInKeywords.groovy:4733)
	at com.kms.katalon.core.webui.keyword.WebUiBuiltInKeywords$verifyElementText$4.call(Unknown Source)
	at Отчеты.run(Отчеты:28)
	at com.kms.katalon.core.main.ScriptEngine.run(ScriptEngine.java:194)
	at com.kms.katalon.core.main.ScriptEngine.runScriptAsRawText(ScriptEngine.java:119)
	at com.kms.katalon.core.main.TestCaseExecutor.runScript(TestCaseExecutor.java:442)
	at com.kms.katalon.core.main.TestCaseExecutor.doExecute(TestCaseExecutor.java:433)
	at com.kms.katalon.core.main.TestCaseExecutor.processExecutionPhase(TestCaseExecutor.java:412)
	at com.kms.katalon.core.main.TestCaseExecutor.accessMainPhase(TestCaseExecutor.java:404)
	at com.kms.katalon.core.main.TestCaseExecutor.execute(TestCaseExecutor.java:281)
	at com.kms.katalon.core.main.TestSuiteExecutor.accessTestCaseMainPhase(TestSuiteExecutor.java:202)
	at com.kms.katalon.core.main.TestSuiteExecutor.accessTestSuiteMainPhase(TestSuiteExecutor.java:164)
	at com.kms.katalon.core.main.TestSuiteExecutor.execute(TestSuiteExecutor.java:105)
	at com.kms.katalon.core.main.TestCaseMain.startTestSuite(TestCaseMain.java:185)
	at com.kms.katalon.core.main.TestCaseMain$startTestSuite$0.call(Unknown Source)
	at TempTestSuite1645768447463.run(TempTestSuite1645768447463.groovy:36)
)

2022-02-25 09:00:55 - [MESSAGE][INFO] - Unable to find the element located by 'By.xpath: //div[(text() = 'Ганин Данила' or . = 'Ганин Данила')]'. Please recheck the objects properties to make sure the desired element is located. 

2022-02-25 09:00:55 - [MESSAGE][WARNING] - [SELF-HEALING] Failed to find element with id 'Object Repository/Avangard New/Object (Игрок)/Case (отчеты)/div_ganin'. Try using Self-healing.

2022-02-25 09:00:56 - [MESSAGE][INFO] - [SELF-HEALING] Working Locator: '//div[@id='root']/div/div/div/div/div[2]/div/div[3]/div/div/div[2]/div/div/div/div'.

2022-02-25 09:00:58 - [MESSAGE][INFO] - [SELF-HEALING] Screenshot: C:/Users/LENOVO/Katalon Studio/Avangard/Reports/Self-healing/Object Repository/Avangard New/Object (Игрок)/Case (отчеты)/div_ganin_idRelative.png

2022-02-25 09:00:58 - [MESSAGE][WARNING] - [SELF-HEALING] The current locator of test object 'Object Repository/Avangard New/Object (Игрок)/Case (отчеты)/div_ganin' was broken. Propose an alternative one: '//div[@id='root']/div/div/div/div/div[2]/div/div[3]/div/div/div[2]/div/div/div/div'.

2022-02-25 09:00:59 - [MESSAGE][WARNING] - Actual text 'Власенко Дмитрий' and expected text 'Ганин Данила' of test object 'Object Repository/Avangard New/Object (Игрок)/Case (отчеты)/div_ganin' are NOT matched. (Root cause: com.kms.katalon.core.exception.StepFailedException: Actual text 'Власенко Дмитрий' and expected text 'Ганин Данила' of test object 'Object Repository/Avangard New/Object (Игрок)/Case (отчеты)/div_ganin' are NOT matched.
	at com.kms.katalon.core.webui.keyword.internal.WebUIKeywordMain.stepFailed(WebUIKeywordMain.groovy:64)
	at com.kms.katalon.core.webui.keyword.builtin.VerifyElementTextKeyword$_verifyElementText_closure1.doCall(VerifyElementTextKeyword.groovy:57)
	at com.kms.katalon.core.webui.keyword.builtin.VerifyElementTextKeyword$_verifyElementText_closure1.call(VerifyElementTextKeyword.groovy)
	at com.kms.katalon.core.webui.keyword.internal.WebUIKeywordMain.runKeyword(WebUIKeywordMain.groovy:20)
	at com.kms.katalon.core.webui.keyword.builtin.VerifyElementTextKeyword.verifyElementText(VerifyElementTextKeyword.groovy:72)
	at com.kms.katalon.core.webui.keyword.builtin.VerifyElementTextKeyword.execute(VerifyElementTextKeyword.groovy:40)
	at com.kms.katalon.core.keyword.internal.KeywordExecutor.executeKeywordForPlatform(KeywordExecutor.groovy:74)
	at com.kms.katalon.core.webui.keyword.WebUiBuiltInKeywords.verifyElementText(WebUiBuiltInKeywords.groovy:4733)
	at com.kms.katalon.core.webui.keyword.WebUiBuiltInKeywords$verifyElementText$4.call(Unknown Source)
	at Отчеты.run(Отчеты:28)
	at com.kms.katalon.core.main.ScriptEngine.run(ScriptEngine.java:194)
	at com.kms.katalon.core.main.ScriptEngine.runScriptAsRawText(ScriptEngine.java:119)
	at com.kms.katalon.core.main.TestCaseExecutor.runScript(TestCaseExecutor.java:442)
	at com.kms.katalon.core.main.TestCaseExecutor.doExecute(TestCaseExecutor.java:433)
	at com.kms.katalon.core.main.TestCaseExecutor.processExecutionPhase(TestCaseExecutor.java:412)
	at com.kms.katalon.core.main.TestCaseExecutor.accessMainPhase(TestCaseExecutor.java:404)
	at com.kms.katalon.core.main.TestCaseExecutor.execute(TestCaseExecutor.java:281)
	at com.kms.katalon.core.main.TestSuiteExecutor.accessTestCaseMainPhase(TestSuiteExecutor.java:202)
	at com.kms.katalon.core.main.TestSuiteExecutor.accessTestSuiteMainPhase(TestSuiteExecutor.java:164)
	at com.kms.katalon.core.main.TestSuiteExecutor.execute(TestSuiteExecutor.java:105)
	at com.kms.katalon.core.main.TestCaseMain.startTestSuite(TestCaseMain.java:185)
	at com.kms.katalon.core.main.TestCaseMain$startTestSuite$0.call(Unknown Source)
	at TempTestSuite1645768447463.run(TempTestSuite1645768447463.groovy:36)
)
[[ATTACHMENT|C:\\Users\\LENOVO\\Katalon Studio\\Avangard\\Reports\\20220225_085350\\\u0418\u0433\u0440\u043E\u043A\\20220225_085407\\1645768858640.png]]

2022-02-25 09:00:59 - [TEST_STEP][PASSED] - else: Object: 'Object Repository/Avangard New/Object (Игрок)/Case (отчеты)/div_26.08.2021' is clicked on

2022-02-25 09:00:59 - [TEST_STEP][PASSED] - click(findTestObject("Object Repository/Avangard New/Object (Игрок)/Case (отчеты)/div_date report")): Object: 'Object Repository/Avangard New/Object (Игрок)/Case (отчеты)/div_date report' is clicked on

2022-02-25 09:01:01 - [MESSAGE][PASSED] - Object: 'Object Repository/Avangard New/Object (Игрок)/Case (отчеты)/div_date report' is clicked on

2022-02-25 09:01:01 - [TEST_STEP][PASSED] - click(findTestObject("Object Repository/Avangard New/Object (Игрок)/Case (отчеты)/div_26.08.2021")): Object: 'Object Repository/Avangard New/Object (Игрок)/Case (отчеты)/div_26.08.2021' is clicked on

2022-02-25 09:01:03 - [MESSAGE][PASSED] - Object: 'Object Repository/Avangard New/Object (Игрок)/Case (отчеты)/div_26.08.2021' is clicked on

2022-02-25 09:01:03 - [TEST_STEP][NOT_RUN] - verifyElementText(findTestObject("Object Repository/Avangard New/Object (Игрок)/Case (отчеты)/div_ganin"), "Ганин Данила"): NOT_RUN: verifyElementText(findTestObject("Object Repository/Avangard New/Object (Игрок)/Case (отчеты)/div_ganin"), "Ганин Данила")

2022-02-25 09:01:03 - [MESSAGE][NOT_RUN] - NOT_RUN: verifyElementText(findTestObject("Object Repository/Avangard New/Object (Игрок)/Case (отчеты)/div_ganin"), "Ганин Данила")

2022-02-25 09:01:03 - [TEST_STEP][PASSED] - scrollToElement(findTestObject("Object Repository/Avangard New/Object (Игрок)/Case (отчеты)/reaction easy"), 0): Scroll to object 'Object Repository/Avangard New/Object (Игрок)/Case (отчеты)/reaction easy' successfully

2022-02-25 09:01:04 - [MESSAGE][WARNING] - Timeout '0' is invalid. Using default page load timeout: '30'

2022-02-25 09:01:06 - [MESSAGE][PASSED] - Scroll to object 'Object Repository/Avangard New/Object (Игрок)/Case (отчеты)/reaction easy' successfully

2022-02-25 09:01:06 - [TEST_STEP][PASSED] - verifyElementText(findTestObject("Object Repository/Avangard New/Object (Игрок)/Case (отчеты)/reaction easy"), "Реакция на простой стимул"): Actual text and expected text of test object 'Object Repository/Avangard New/Object (Игрок)/Case (отчеты)/reaction easy' are matched.

2022-02-25 09:01:08 - [MESSAGE][PASSED] - Actual text and expected text of test object 'Object Repository/Avangard New/Object (Игрок)/Case (отчеты)/reaction easy' are matched.

2022-02-25 09:01:08 - [TEST_STEP][PASSED] - verifyElementText(findTestObject("Object Repository/Avangard New/Object (Игрок)/Case (отчеты)/reaction hard"), "Реакция на сложный стимул"): Actual text and expected text of test object 'Object Repository/Avangard New/Object (Игрок)/Case (отчеты)/reaction hard' are matched.

2022-02-25 09:01:10 - [MESSAGE][PASSED] - Actual text and expected text of test object 'Object Repository/Avangard New/Object (Игрок)/Case (отчеты)/reaction hard' are matched.

2022-02-25 09:01:10 - [TEST_STEP][PASSED] - scrollToElement(findTestObject("Object Repository/Avangard New/Object (Игрок)/Case (отчеты)/button burg date (1)"), 0): Scroll to object 'Object Repository/Avangard New/Object (Игрок)/Case (отчеты)/button burg date (1)' successfully

2022-02-25 09:01:10 - [MESSAGE][WARNING] - Timeout '0' is invalid. Using default page load timeout: '30'

2022-02-25 09:01:12 - [MESSAGE][PASSED] - Scroll to object 'Object Repository/Avangard New/Object (Игрок)/Case (отчеты)/button burg date (1)' successfully

2022-02-25 09:01:12 - [TEST_STEP][PASSED] - click(findTestObject("Object Repository/Avangard New/Object (Игрок)/Case (отчеты)/tab")): Object: 'Object Repository/Avangard New/Object (Игрок)/Case (отчеты)/tab' is clicked on

2022-02-25 09:01:14 - [MESSAGE][PASSED] - Object: 'Object Repository/Avangard New/Object (Игрок)/Case (отчеты)/tab' is clicked on

2022-02-25 09:01:14 - [TEST_STEP][PASSED] - if (verifyElementText(findTestObject("Object Repository/Avangard New/Object (Игрок)/Case (отчеты)/div_ganin"), "Ганин Данила", OPTIONAL) == true): Actual text 'Власенко Дмитрий' and expected text 'Ганин Данила' of test object 'Object Repository/Avangard New/Object (Игрок)/Case (отчеты)/div_ganin' are NOT matched. (Root cause: com.kms.katalon.core.exception.StepFailedException: Actual text 'Власенко Дмитрий' and expected text 'Ганин Данила' of test object 'Object Repository/Avangard New/Object (Игрок)/Case (отчеты)/div_ganin' are NOT matched.
	at com.kms.katalon.core.webui.keyword.internal.WebUIKeywordMain.stepFailed(WebUIKeywordMain.groovy:64)
	at com.kms.katalon.core.webui.keyword.builtin.VerifyElementTextKeyword$_verifyElementText_closure1.doCall(VerifyElementTextKeyword.groovy:57)
	at com.kms.katalon.core.webui.keyword.builtin.VerifyElementTextKeyword$_verifyElementText_closure1.call(VerifyElementTextKeyword.groovy)
	at com.kms.katalon.core.webui.keyword.internal.WebUIKeywordMain.runKeyword(WebUIKeywordMain.groovy:20)
	at com.kms.katalon.core.webui.keyword.builtin.VerifyElementTextKeyword.verifyElementText(VerifyElementTextKeyword.groovy:72)
	at com.kms.katalon.core.webui.keyword.builtin.VerifyElementTextKeyword.execute(VerifyElementTextKeyword.groovy:40)
	at com.kms.katalon.core.keyword.internal.KeywordExecutor.executeKeywordForPlatform(KeywordExecutor.groovy:74)
	at com.kms.katalon.core.webui.keyword.WebUiBuiltInKeywords.verifyElementText(WebUiBuiltInKeywords.groovy:4733)
	at com.kms.katalon.core.webui.keyword.WebUiBuiltInKeywords$verifyElementText$4.call(Unknown Source)
	at Отчеты.run(Отчеты:55)
	at com.kms.katalon.core.main.ScriptEngine.run(ScriptEngine.java:194)
	at com.kms.katalon.core.main.ScriptEngine.runScriptAsRawText(ScriptEngine.java:119)
	at com.kms.katalon.core.main.TestCaseExecutor.runScript(TestCaseExecutor.java:442)
	at com.kms.katalon.core.main.TestCaseExecutor.doExecute(TestCaseExecutor.java:433)
	at com.kms.katalon.core.main.TestCaseExecutor.processExecutionPhase(TestCaseExecutor.java:412)
	at com.kms.katalon.core.main.TestCaseExecutor.accessMainPhase(TestCaseExecutor.java:404)
	at com.kms.katalon.core.main.TestCaseExecutor.execute(TestCaseExecutor.java:281)
	at com.kms.katalon.core.main.TestSuiteExecutor.accessTestCaseMainPhase(TestSuiteExecutor.java:202)
	at com.kms.katalon.core.main.TestSuiteExecutor.accessTestSuiteMainPhase(TestSuiteExecutor.java:164)
	at com.kms.katalon.core.main.TestSuiteExecutor.execute(TestSuiteExecutor.java:105)
	at com.kms.katalon.core.main.TestCaseMain.startTestSuite(TestCaseMain.java:185)
	at com.kms.katalon.core.main.TestCaseMain$startTestSuite$0.call(Unknown Source)
	at TempTestSuite1645768447463.run(TempTestSuite1645768447463.groovy:36)
)

2022-02-25 09:01:45 - [MESSAGE][INFO] - Unable to find the element located by 'By.xpath: //div[(text() = 'Ганин Данила' or . = 'Ганин Данила')]'. Please recheck the objects properties to make sure the desired element is located. 

2022-02-25 09:01:45 - [MESSAGE][WARNING] - [SELF-HEALING] Failed to find element with id 'Object Repository/Avangard New/Object (Игрок)/Case (отчеты)/div_ganin'. Try using Self-healing.

2022-02-25 09:01:47 - [MESSAGE][WARNING] - [SELF-HEALING] The current locator of test object 'Object Repository/Avangard New/Object (Игрок)/Case (отчеты)/div_ganin' was broken. Propose an alternative one: '//div[@id='root']/div/div/div/div/div[2]/div/div[3]/div/div/div[2]/div/div/div/div'.

2022-02-25 09:01:48 - [MESSAGE][WARNING] - Actual text 'Власенко Дмитрий' and expected text 'Ганин Данила' of test object 'Object Repository/Avangard New/Object (Игрок)/Case (отчеты)/div_ganin' are NOT matched. (Root cause: com.kms.katalon.core.exception.StepFailedException: Actual text 'Власенко Дмитрий' and expected text 'Ганин Данила' of test object 'Object Repository/Avangard New/Object (Игрок)/Case (отчеты)/div_ganin' are NOT matched.
	at com.kms.katalon.core.webui.keyword.internal.WebUIKeywordMain.stepFailed(WebUIKeywordMain.groovy:64)
	at com.kms.katalon.core.webui.keyword.builtin.VerifyElementTextKeyword$_verifyElementText_closure1.doCall(VerifyElementTextKeyword.groovy:57)
	at com.kms.katalon.core.webui.keyword.builtin.VerifyElementTextKeyword$_verifyElementText_closure1.call(VerifyElementTextKeyword.groovy)
	at com.kms.katalon.core.webui.keyword.internal.WebUIKeywordMain.runKeyword(WebUIKeywordMain.groovy:20)
	at com.kms.katalon.core.webui.keyword.builtin.VerifyElementTextKeyword.verifyElementText(VerifyElementTextKeyword.groovy:72)
	at com.kms.katalon.core.webui.keyword.builtin.VerifyElementTextKeyword.execute(VerifyElementTextKeyword.groovy:40)
	at com.kms.katalon.core.keyword.internal.KeywordExecutor.executeKeywordForPlatform(KeywordExecutor.groovy:74)
	at com.kms.katalon.core.webui.keyword.WebUiBuiltInKeywords.verifyElementText(WebUiBuiltInKeywords.groovy:4733)
	at com.kms.katalon.core.webui.keyword.WebUiBuiltInKeywords$verifyElementText$4.call(Unknown Source)
	at Отчеты.run(Отчеты:55)
	at com.kms.katalon.core.main.ScriptEngine.run(ScriptEngine.java:194)
	at com.kms.katalon.core.main.ScriptEngine.runScriptAsRawText(ScriptEngine.java:119)
	at com.kms.katalon.core.main.TestCaseExecutor.runScript(TestCaseExecutor.java:442)
	at com.kms.katalon.core.main.TestCaseExecutor.doExecute(TestCaseExecutor.java:433)
	at com.kms.katalon.core.main.TestCaseExecutor.processExecutionPhase(TestCaseExecutor.java:412)
	at com.kms.katalon.core.main.TestCaseExecutor.accessMainPhase(TestCaseExecutor.java:404)
	at com.kms.katalon.core.main.TestCaseExecutor.execute(TestCaseExecutor.java:281)
	at com.kms.katalon.core.main.TestSuiteExecutor.accessTestCaseMainPhase(TestSuiteExecutor.java:202)
	at com.kms.katalon.core.main.TestSuiteExecutor.accessTestSuiteMainPhase(TestSuiteExecutor.java:164)
	at com.kms.katalon.core.main.TestSuiteExecutor.execute(TestSuiteExecutor.java:105)
	at com.kms.katalon.core.main.TestCaseMain.startTestSuite(TestCaseMain.java:185)
	at com.kms.katalon.core.main.TestCaseMain$startTestSuite$0.call(Unknown Source)
	at TempTestSuite1645768447463.run(TempTestSuite1645768447463.groovy:36)
)
[[ATTACHMENT|C:\\Users\\LENOVO\\Katalon Studio\\Avangard\\Reports\\20220225_085350\\\u0418\u0433\u0440\u043E\u043A\\20220225_085407\\1645768907663.png]]

2022-02-25 09:01:48 - [TEST_STEP][PASSED] - else: Object: 'Object Repository/Avangard New/Object (Игрок)/Case (отчеты)/div_20-21' is clicked on

2022-02-25 09:01:48 - [TEST_STEP][PASSED] - click(findTestObject("Object Repository/Avangard New/Object (Игрок)/Case (отчеты)/div_sezon")): Object: 'Object Repository/Avangard New/Object (Игрок)/Case (отчеты)/div_sezon' is clicked on

2022-02-25 09:01:50 - [MESSAGE][PASSED] - Object: 'Object Repository/Avangard New/Object (Игрок)/Case (отчеты)/div_sezon' is clicked on

2022-02-25 09:01:50 - [TEST_STEP][PASSED] - click(findTestObject("Object Repository/Avangard New/Object (Игрок)/Case (отчеты)/div_20-21")): Object: 'Object Repository/Avangard New/Object (Игрок)/Case (отчеты)/div_20-21' is clicked on

2022-02-25 09:01:52 - [MESSAGE][PASSED] - Object: 'Object Repository/Avangard New/Object (Игрок)/Case (отчеты)/div_20-21' is clicked on

2022-02-25 09:01:52 - [TEST_STEP][PASSED] - scrollToElement(findTestObject("Object Repository/Avangard New/Object (Игрок)/Case (отчеты)/xarakteristika"), 0): Scroll to object 'Object Repository/Avangard New/Object (Игрок)/Case (отчеты)/xarakteristika' successfully

2022-02-25 09:01:52 - [MESSAGE][WARNING] - Timeout '0' is invalid. Using default page load timeout: '30'

2022-02-25 09:01:54 - [MESSAGE][PASSED] - Scroll to object 'Object Repository/Avangard New/Object (Игрок)/Case (отчеты)/xarakteristika' successfully

2022-02-25 09:01:54 - [TEST_STEP][PASSED] - verifyElementText(findTestObject("Object Repository/Avangard New/Object (Игрок)/Case (отчеты)/xarakteristika"), "Экстраверсия"): Actual text and expected text of test object 'Object Repository/Avangard New/Object (Игрок)/Case (отчеты)/xarakteristika' are matched.

2022-02-25 09:01:57 - [MESSAGE][PASSED] - Actual text and expected text of test object 'Object Repository/Avangard New/Object (Игрок)/Case (отчеты)/xarakteristika' are matched.

2022-02-25 09:01:57 - [TEST_STEP][PASSED] - verifyElementText(findTestObject("Object Repository/Avangard New/Object (Игрок)/Case (отчеты)/xarakteristika 2"), "Спонтанность"): Actual text and expected text of test object 'Object Repository/Avangard New/Object (Игрок)/Case (отчеты)/xarakteristika 2' are matched.

2022-02-25 09:01:58 - [MESSAGE][PASSED] - Actual text and expected text of test object 'Object Repository/Avangard New/Object (Игрок)/Case (отчеты)/xarakteristika 2' are matched.

2022-02-25 09:01:58 - [TEST_STEP][PASSED] - click(findTestObject("Object Repository/Avangard New/Object (Игрок)/Case (отчеты)/home g (1)")): Object: 'Object Repository/Avangard New/Object (Игрок)/Case (отчеты)/home g (1)' is clicked on

2022-02-25 09:02:01 - [MESSAGE][PASSED] - Object: 'Object Repository/Avangard New/Object (Игрок)/Case (отчеты)/home g (1)' is clicked on

2022-02-25 09:02:01 - [TEST_STEP][PASSED] - closeBrowser(): Browser is closed

2022-02-25 09:02:01 - [MESSAGE][PASSED] - Browser is closed]]></system-out>
         <system-err><![CDATA[]]></system-err>
      </testcase>
      <system-out><![CDATA[2022-02-25 08:54:27 - [TEST_SUITE][PASSED] - Игрок: Test Cases/Игрок/Отчеты]]></system-out>
      <system-err><![CDATA[]]></system-err>
   </testsuite>
   <testsuite name="Менеждер" tests="10" failures="0" errors="0" time="1490.533" skipped="0" timestamp="2022-02-25 08:54:35" hostname="LENOVO - DESKTOP-KNHN0AA" id="Test Suites/Менеждер">
      <properties>
         <property name="deviceName" value=""/>
         <property name="devicePlatform" value=""/>
         <property name="logFolder" value="C:\\Users\\LENOVO\\Katalon Studio\\Avangard\\Reports\\20220225_085350\\\u041C\u0435\u043D\u0435\u0436\u0434\u0435\u0440\\20220225_085409"/>
         <property name="logFiles" value="C:\\Users\\LENOVO\\Katalon Studio\\Avangard\\Reports\\20220225_085350\\\u041C\u0435\u043D\u0435\u0436\u0434\u0435\u0440\\20220225_085409\\execution0.log"/>
         <property name="attachments" value="C:\scr\Омские Ястребы43.jpg, C:\scr\Омские Ястребы44.jpg, C:\scr\Омские Ястребы45.jpg, C:\scr\Омские Ястребы47.jpg, C:\scr\Омские Ястребы48.jpg, C:\scr\Омские Ястребы34.jpg, C:\scr\Омские Ястребы37.jpg, C:\scr\Омские Ястребы39.jpg, C:\scr\Омские Ястребы40.jpg, C:\scr\Омские Ястребы38.jpg, C:\scr\Омские Ястребы29.jpg, C:\scr\Омские Ястребы30.jpg, C:\scr\Омские Ястребы10.jpg, C:\scr\Омские Ястребы11.jpg"/>
         <property name="hostName" value="LENOVO - DESKTOP-KNHN0AA"/>
         <property name="remoteDriverUrl" value="testcloud.katalon.com/hub"/>
         <property name="desiredCapabilities" value="{
  &quot;acceptInsecureCerts&quot;: false,
  &quot;browserName&quot;: &quot;chrome&quot;,
  &quot;browserVersion&quot;: &quot;97.0.4692.71&quot;,
  &quot;chrome&quot;: {
    &quot;chromedriverVersion&quot;: &quot;97.0.4692.71 (adefa7837d02a07a604c1e6eff0b3a09422ab88d-refs/branch-heads/4692@{#1247})&quot;,
    &quot;userDataDir&quot;: &quot;/tmp/.com.google.Chrome.UpNxca&quot;
  },
  &quot;goog:chromeOptions&quot;: {
    &quot;debuggerAddress&quot;: &quot;localhost:41105&quot;
  },
  &quot;javascriptEnabled&quot;: true,
  &quot;networkConnectionEnabled&quot;: false,
  &quot;pageLoadStrategy&quot;: &quot;normal&quot;,
  &quot;platform&quot;: &quot;LINUX&quot;,
  &quot;platformName&quot;: &quot;LINUX&quot;,
  &quot;proxy&quot;: {
    &quot;proxyType&quot;: &quot;DIRECT&quot;,
    &quot;autodetect&quot;: false
  },
  &quot;se:cdp&quot;: &quot;ws://172.48.131.48:4444/session/3bdb43b561bfad61db1e5fb0d4eb5610/se/cdp&quot;,
  &quot;se:cdpVersion&quot;: &quot;97.0.4692.71&quot;,
  &quot;se:vnc&quot;: &quot;ws://172.48.131.48:4444/session/3bdb43b561bfad61db1e5fb0d4eb5610/se/vnc&quot;,
  &quot;se:vncEnabled&quot;: true,
  &quot;se:vncLocalAddress&quot;: &quot;ws://172.48.131.48:7900&quot;,
  &quot;setWindowRect&quot;: true,
  &quot;strictFileInteractability&quot;: false,
  &quot;timeouts&quot;: {
    &quot;implicit&quot;: 0,
    &quot;pageLoad&quot;: 300000,
    &quot;script&quot;: 30000
  },
  &quot;unhandledPromptBehavior&quot;: &quot;dismiss and notify&quot;,
  &quot;webauthn:extension:credBlob&quot;: true,
  &quot;webauthn:extension:largeBlob&quot;: true,
  &quot;webauthn:virtualAuthenticators&quot;: true
}"/>
         <property name="os" value="Windows 10 64bit"/>
         <property name="remoteOS" value="Linux"/>
         <property name="katalonVersion" value="8.2.5.208"/>
         <property name="browser" value="Chrome 97.0.4692.71"/>
         <property name="hostAddress" value="192.168.2.113"/>
         <property name="sessionId" value="3bdb43b561bfad61db1e5fb0d4eb5610"/>
         <property name="seleniumVersion" value="3.141.59"/>
         <property name="proxyInformation" value="ProxyInformation { proxyOption=NO_PROXY, proxyServerType=HTTP, username=, password=********, proxyServerAddress=, proxyServerPort=0, executionList=&quot;&quot;, isApplyToDesiredCapabilities=true }"/>
         <property name="platform" value="Windows 10"/>
      </properties>
      <testcase name="Test Cases/Администратор/Школы" time="350.864" classname="Test Cases/Администратор/Школы" status="PASSED">
         <system-out><![CDATA[2022-02-25 08:54:36 - [TEST_CASE][PASSED] - Test Cases/Администратор/Школы: Test Cases/Администратор/Школы

2022-02-25 08:54:38 - [TEST_STEP][PASSED] - callTestCase(findTestCase("Администратор/Авторизация"), [:], STOP_ON_FAILURE): Call Test Case 'Test Cases/Администратор/Авторизация' successfully

2022-02-25 08:54:39 - [TEST_CASE][PASSED] - Test Cases/Администратор/Авторизация: Test Cases/Администратор/Авторизация

2022-02-25 08:54:40 - [TEST_STEP][PASSED] - openBrowser(""): Browser is opened with url: ''

2022-02-25 08:54:40 - [MESSAGE][INFO] - User set preference: ['os', 'linux']

2022-02-25 08:54:40 - [MESSAGE][INFO] - User set preference: ['browserName', 'chrome']

2022-02-25 08:54:40 - [MESSAGE][INFO] - User set preference: ['browserVersion', '97']

2022-02-25 08:54:40 - [MESSAGE][INFO] - User set preference: ['katalon:option', '{organizationId=564672, tunnelId=, usingTunnel=false}']

2022-02-25 08:54:40 - [MESSAGE][INFO] - Connecting to remote web server 'testcloud.katalon.com/hub' with type 'Selenium'

2022-02-25 08:54:40 - [MESSAGE][INFO] - Action delay is set to 100 milliseconds

2022-02-25 08:58:57 - [MESSAGE][PASSED] - Browser is opened with url: ''

2022-02-25 08:58:57 - [TEST_STEP][PASSED] - maximizeWindow(): Current window maximized

2022-02-25 08:58:57 - [MESSAGE][PASSED] - Current window maximized

2022-02-25 08:58:57 - [TEST_STEP][PASSED] - navigateToUrl(url): Navigate to 'https://stars-stage.hawk.ru:8080' successfully

2022-02-25 08:59:05 - [MESSAGE][PASSED] - Navigate to 'https://stars-stage.hawk.ru:8080' successfully

2022-02-25 08:59:05 - [TEST_STEP][PASSED] - setText(findTestObject("Object Repository/Page_/input__sc-lnrBVv eqPACj"), admin_login): Text 'eronko.i@hc-avangard.com' is set on object 'Object Repository/Page_/input__sc-lnrBVv eqPACj'

2022-02-25 08:59:09 - [MESSAGE][PASSED] - Text 'eronko.i@hc-avangard.com' is set on object 'Object Repository/Page_/input__sc-lnrBVv eqPACj'

2022-02-25 08:59:09 - [TEST_STEP][PASSED] - setText(findTestObject("Object Repository/Page_/input__sc-lnrBVv eqPACj_1"), admin_password): Text 'eronko.i' is set on object 'Object Repository/Page_/input__sc-lnrBVv eqPACj_1'

2022-02-25 08:59:13 - [MESSAGE][PASSED] - Text 'eronko.i' is set on object 'Object Repository/Page_/input__sc-lnrBVv eqPACj_1'

2022-02-25 08:59:13 - [TEST_STEP][PASSED] - click(findTestObject("Object Repository/Page_/go")): Object: 'Object Repository/Page_/go' is clicked on

2022-02-25 08:59:15 - [MESSAGE][PASSED] - Object: 'Object Repository/Page_/go' is clicked on

2022-02-25 08:59:16 - [MESSAGE][PASSED] - Call Test Case 'Test Cases/Администратор/Авторизация' successfully

2022-02-25 08:59:16 - [TEST_STEP][PASSED] - click(findTestObject("Object Repository/admin/school/schools/schools")): Object: 'Object Repository/admin/school/schools/schools' is clicked on

2022-02-25 08:59:27 - [MESSAGE][PASSED] - Object: 'Object Repository/admin/school/schools/schools' is clicked on

2022-02-25 08:59:27 - [TEST_STEP][PASSED] - takeFullPageScreenshot("C:\scr\" + school + "43.jpg"): Taking screenshot successfully

2022-02-25 08:59:33 - [MESSAGE][INFO] - 0 hidden object(s)

2022-02-25 08:59:33 - [MESSAGE][PASSED] - Taking screenshot successfully
[[ATTACHMENT|C:\scr\Омские Ястребы43.jpg]]

2022-02-25 08:59:33 - [TEST_STEP][PASSED] - click(findTestObject("Object Repository/admin/school/Page_/div_")): Object: 'Object Repository/admin/school/Page_/div_' is clicked on

2022-02-25 08:59:36 - [MESSAGE][PASSED] - Object: 'Object Repository/admin/school/Page_/div_' is clicked on

2022-02-25 08:59:36 - [TEST_STEP][PASSED] - scrollToElement(findTestObject("Object Repository/admin/school/Page_/players"), 0): Scroll to object 'Object Repository/admin/school/Page_/players' successfully

2022-02-25 08:59:36 - [MESSAGE][WARNING] - Timeout '0' is invalid. Using default page load timeout: '30'

2022-02-25 08:59:43 - [MESSAGE][PASSED] - Scroll to object 'Object Repository/admin/school/Page_/players' successfully

2022-02-25 08:59:43 - [TEST_STEP][PASSED] - click(findTestObject("Object Repository/admin/school/Page_/players")): Object: 'Object Repository/admin/school/Page_/players' is clicked on

2022-02-25 08:59:45 - [MESSAGE][PASSED] - Object: 'Object Repository/admin/school/Page_/players' is clicked on

2022-02-25 08:59:45 - [TEST_STEP][PASSED] - takeFullPageScreenshot("C:\scr\" + school + "44.jpg"): Taking screenshot successfully

2022-02-25 08:59:51 - [MESSAGE][INFO] - 0 hidden object(s)

2022-02-25 08:59:51 - [MESSAGE][PASSED] - Taking screenshot successfully
[[ATTACHMENT|C:\scr\Омские Ястребы44.jpg]]

2022-02-25 08:59:51 - [TEST_STEP][PASSED] - click(findTestObject("Object Repository/admin/school/Page_/team")): Object: 'Object Repository/admin/school/Page_/team' is clicked on

2022-02-25 08:59:53 - [MESSAGE][PASSED] - Object: 'Object Repository/admin/school/Page_/team' is clicked on

2022-02-25 08:59:53 - [TEST_STEP][PASSED] - takeFullPageScreenshot("C:\scr\" + school + "45.jpg"): Taking screenshot successfully

2022-02-25 08:59:58 - [MESSAGE][INFO] - 0 hidden object(s)

2022-02-25 08:59:58 - [MESSAGE][PASSED] - Taking screenshot successfully
[[ATTACHMENT|C:\scr\Омские Ястребы45.jpg]]

2022-02-25 08:59:58 - [TEST_STEP][PASSED] - click(findTestObject("Object Repository/admin/school/Page_/omsk")): Object: 'Object Repository/admin/school/Page_/omsk' is clicked on

2022-02-25 09:00:00 - [MESSAGE][PASSED] - Object: 'Object Repository/admin/school/Page_/omsk' is clicked on

2022-02-25 09:00:00 - [TEST_STEP][PASSED] - click(findTestObject("Object Repository/admin/school/Page_/edit")): Object: 'Object Repository/admin/school/Page_/edit' is clicked on

2022-02-25 09:00:04 - [MESSAGE][PASSED] - Object: 'Object Repository/admin/school/Page_/edit' is clicked on

2022-02-25 09:00:04 - [TEST_STEP][PASSED] - takeFullPageScreenshot("C:\scr\" + school + "47.jpg"): Taking screenshot successfully

2022-02-25 09:00:09 - [MESSAGE][INFO] - 0 hidden object(s)

2022-02-25 09:00:09 - [MESSAGE][PASSED] - Taking screenshot successfully
[[ATTACHMENT|C:\scr\Омские Ястребы47.jpg]]

2022-02-25 09:00:09 - [TEST_STEP][PASSED] - click(findTestObject("Object Repository/admin/school/Page_/allplayer")): Object: 'Object Repository/admin/school/Page_/allplayer' is clicked on

2022-02-25 09:00:11 - [MESSAGE][PASSED] - Object: 'Object Repository/admin/school/Page_/allplayer' is clicked on

2022-02-25 09:00:11 - [TEST_STEP][PASSED] - takeFullPageScreenshot("C:\scr\" + school + "48.jpg"): Taking screenshot successfully

2022-02-25 09:00:16 - [MESSAGE][INFO] - 0 hidden object(s)

2022-02-25 09:00:16 - [MESSAGE][PASSED] - Taking screenshot successfully
[[ATTACHMENT|C:\scr\Омские Ястребы48.jpg]]

2022-02-25 09:00:16 - [TEST_STEP][PASSED] - click(findTestObject("Object Repository/admin/school/Page_/groups")): Object: 'Object Repository/admin/school/Page_/groups' is clicked on

2022-02-25 09:00:19 - [MESSAGE][PASSED] - Object: 'Object Repository/admin/school/Page_/groups' is clicked on

2022-02-25 09:00:19 - [TEST_STEP][PASSED] - click(findTestObject("manager/schools/overlay"), CONTINUE_ON_FAILURE): Object: 'Object Repository/manager/schools/overlay' is clicked on

2022-02-25 09:00:24 - [MESSAGE][PASSED] - Object: 'Object Repository/manager/schools/overlay' is clicked on

2022-02-25 09:00:24 - [TEST_STEP][PASSED] - click(findTestObject("Object Repository/admin/school/Page_/root")): Object: 'Object Repository/admin/school/Page_/root' is clicked on

2022-02-25 09:00:26 - [MESSAGE][PASSED] - Object: 'Object Repository/admin/school/Page_/root' is clicked on

2022-02-25 09:00:26 - [TEST_STEP][PASSED] - closeBrowser(): Browser is closed

2022-02-25 09:00:27 - [MESSAGE][PASSED] - Browser is closed]]></system-out>
         <system-err><![CDATA[]]></system-err>
      </testcase>
      <testcase name="Test Cases/Администратор/Рейтинг" time="215.687" classname="Test Cases/Администратор/Рейтинг" status="PASSED">
         <system-out><![CDATA[2022-02-25 09:00:27 - [TEST_CASE][PASSED] - Test Cases/Администратор/Рейтинг: Test Cases/Администратор/Рейтинг

2022-02-25 09:00:28 - [TEST_STEP][PASSED] - callTestCase(findTestCase("Администратор/Авторизация"), [:], STOP_ON_FAILURE): Call Test Case 'Test Cases/Администратор/Авторизация' successfully

2022-02-25 09:00:28 - [TEST_CASE][PASSED] - Test Cases/Администратор/Авторизация: Test Cases/Администратор/Авторизация

2022-02-25 09:00:28 - [TEST_STEP][PASSED] - openBrowser(""): Browser is opened with url: ''

2022-02-25 09:00:28 - [MESSAGE][INFO] - User set preference: ['os', 'linux']

2022-02-25 09:00:28 - [MESSAGE][INFO] - User set preference: ['browserName', 'chrome']

2022-02-25 09:00:28 - [MESSAGE][INFO] - User set preference: ['browserVersion', '97']

2022-02-25 09:00:28 - [MESSAGE][INFO] - User set preference: ['katalon:option', '{organizationId=564672, tunnelId=, usingTunnel=false}']

2022-02-25 09:00:28 - [MESSAGE][INFO] - Connecting to remote web server 'testcloud.katalon.com/hub' with type 'Selenium'

2022-02-25 09:00:29 - [MESSAGE][INFO] - Action delay is set to 100 milliseconds

2022-02-25 09:02:23 - [MESSAGE][PASSED] - Browser is opened with url: ''

2022-02-25 09:02:23 - [TEST_STEP][PASSED] - maximizeWindow(): Current window maximized

2022-02-25 09:02:23 - [MESSAGE][PASSED] - Current window maximized

2022-02-25 09:02:23 - [TEST_STEP][PASSED] - navigateToUrl(url): Navigate to 'https://stars-stage.hawk.ru:8080' successfully

2022-02-25 09:02:31 - [MESSAGE][PASSED] - Navigate to 'https://stars-stage.hawk.ru:8080' successfully

2022-02-25 09:02:31 - [TEST_STEP][PASSED] - setText(findTestObject("Object Repository/Page_/input__sc-lnrBVv eqPACj"), admin_login): Text 'eronko.i@hc-avangard.com' is set on object 'Object Repository/Page_/input__sc-lnrBVv eqPACj'

2022-02-25 09:02:35 - [MESSAGE][PASSED] - Text 'eronko.i@hc-avangard.com' is set on object 'Object Repository/Page_/input__sc-lnrBVv eqPACj'

2022-02-25 09:02:35 - [TEST_STEP][PASSED] - setText(findTestObject("Object Repository/Page_/input__sc-lnrBVv eqPACj_1"), admin_password): Text 'eronko.i' is set on object 'Object Repository/Page_/input__sc-lnrBVv eqPACj_1'

2022-02-25 09:02:40 - [MESSAGE][PASSED] - Text 'eronko.i' is set on object 'Object Repository/Page_/input__sc-lnrBVv eqPACj_1'

2022-02-25 09:02:40 - [TEST_STEP][PASSED] - click(findTestObject("Object Repository/Page_/go")): Object: 'Object Repository/Page_/go' is clicked on

2022-02-25 09:02:42 - [MESSAGE][PASSED] - Object: 'Object Repository/Page_/go' is clicked on

2022-02-25 09:02:42 - [MESSAGE][PASSED] - Call Test Case 'Test Cases/Администратор/Авторизация' successfully

2022-02-25 09:02:42 - [TEST_STEP][PASSED] - click(findTestObject("Object Repository/admin/rating/grating")): Object: 'Object Repository/admin/rating/grating' is clicked on

2022-02-25 09:02:54 - [MESSAGE][PASSED] - Object: 'Object Repository/admin/rating/grating' is clicked on

2022-02-25 09:02:54 - [TEST_STEP][PASSED] - takeFullPageScreenshot("C:\scr\" + school + "34.jpg"): Taking screenshot successfully

2022-02-25 09:03:00 - [MESSAGE][INFO] - 0 hidden object(s)

2022-02-25 09:03:00 - [MESSAGE][PASSED] - Taking screenshot successfully
[[ATTACHMENT|C:\scr\Омские Ястребы34.jpg]]

2022-02-25 09:03:00 - [TEST_STEP][PASSED] - click(findTestObject("Object Repository/admin/Page_/shkool")): Object: 'Object Repository/admin/Page_/shkool' is clicked on

2022-02-25 09:03:02 - [MESSAGE][PASSED] - Object: 'Object Repository/admin/Page_/shkool' is clicked on

2022-02-25 09:03:02 - [TEST_STEP][PASSED] - click(findTestObject("Object Repository/admin/Page_/div_ (2)")): Object: 'Object Repository/admin/Page_/div_ (2)' is clicked on

2022-02-25 09:03:04 - [MESSAGE][PASSED] - Object: 'Object Repository/admin/Page_/div_ (2)' is clicked on

2022-02-25 09:03:04 - [TEST_STEP][PASSED] - click(findTestObject("Object Repository/admin/Page_/team")): Object: 'Object Repository/admin/Page_/team' is clicked on

2022-02-25 09:03:08 - [MESSAGE][PASSED] - Object: 'Object Repository/admin/Page_/team' is clicked on

2022-02-25 09:03:08 - [TEST_STEP][PASSED] - click(findTestObject("Object Repository/admin/Page_/omsk")): Object: 'Object Repository/admin/Page_/omsk' is clicked on

2022-02-25 09:03:11 - [MESSAGE][PASSED] - Object: 'Object Repository/admin/Page_/omsk' is clicked on

2022-02-25 09:03:11 - [TEST_STEP][PASSED] - scrollToElement(findTestObject("Object Repository/admin/Page_/top1"), 0): Scroll to object 'Object Repository/admin/Page_/top1' successfully

2022-02-25 09:03:11 - [MESSAGE][WARNING] - Timeout '0' is invalid. Using default page load timeout: '30'

2022-02-25 09:03:15 - [MESSAGE][PASSED] - Scroll to object 'Object Repository/admin/Page_/top1' successfully

2022-02-25 09:03:15 - [TEST_STEP][PASSED] - click(findTestObject("Object Repository/admin/Page_/top1")): Object: 'Object Repository/admin/Page_/top1' is clicked on

2022-02-25 09:03:17 - [MESSAGE][PASSED] - Object: 'Object Repository/admin/Page_/top1' is clicked on

2022-02-25 09:03:17 - [TEST_STEP][PASSED] - takeFullPageScreenshot("C:\scr\" + school + "37.jpg", CONTINUE_ON_FAILURE): Taking screenshot successfully

2022-02-25 09:03:22 - [MESSAGE][INFO] - 0 hidden object(s)

2022-02-25 09:03:23 - [MESSAGE][PASSED] - Taking screenshot successfully
[[ATTACHMENT|C:\scr\Омские Ястребы37.jpg]]

2022-02-25 09:03:23 - [TEST_STEP][PASSED] - click(findTestObject("Object Repository/admin/Page_/skill")): Object: 'Object Repository/admin/Page_/skill' is clicked on

2022-02-25 09:03:25 - [MESSAGE][PASSED] - Object: 'Object Repository/admin/Page_/skill' is clicked on

2022-02-25 09:03:25 - [TEST_STEP][PASSED] - verifyTextPresent("Ускорение", true): Text 'Ускорение' is present on page  using regular expression

2022-02-25 09:03:28 - [MESSAGE][PASSED] - Text 'Ускорение' is present on page  using regular expression

2022-02-25 09:03:28 - [TEST_STEP][PASSED] - verifyTextPresent("Скорость", true): Text 'Скорость' is present on page  using regular expression

2022-02-25 09:03:31 - [MESSAGE][PASSED] - Text 'Скорость' is present on page  using regular expression

2022-02-25 09:03:31 - [TEST_STEP][PASSED] - takeFullPageScreenshot("C:\scr\" + school + "39.jpg", CONTINUE_ON_FAILURE): Taking screenshot successfully

2022-02-25 09:03:36 - [MESSAGE][INFO] - 0 hidden object(s)

2022-02-25 09:03:36 - [MESSAGE][PASSED] - Taking screenshot successfully
[[ATTACHMENT|C:\scr\Омские Ястребы39.jpg]]

2022-02-25 09:03:36 - [TEST_STEP][PASSED] - click(findTestObject("Object Repository/admin/Page_/stat")): Object: 'Object Repository/admin/Page_/stat' is clicked on

2022-02-25 09:03:38 - [MESSAGE][PASSED] - Object: 'Object Repository/admin/Page_/stat' is clicked on

2022-02-25 09:03:38 - [TEST_STEP][PASSED] - verifyTextPresent("Матчи", true, CONTINUE_ON_FAILURE): Text 'Матчи' is present on page  using regular expression

2022-02-25 09:03:41 - [MESSAGE][PASSED] - Text 'Матчи' is present on page  using regular expression

2022-02-25 09:03:41 - [TEST_STEP][PASSED] - verifyTextPresent("Ранг", true, CONTINUE_ON_FAILURE): Text 'Ранг' is present on page  using regular expression

2022-02-25 09:03:43 - [MESSAGE][PASSED] - Text 'Ранг' is present on page  using regular expression

2022-02-25 09:03:43 - [TEST_STEP][PASSED] - takeFullPageScreenshot("C:\scr\" + school + "40.jpg", CONTINUE_ON_FAILURE): Taking screenshot successfully

2022-02-25 09:03:48 - [MESSAGE][INFO] - 0 hidden object(s)

2022-02-25 09:03:48 - [MESSAGE][PASSED] - Taking screenshot successfully
[[ATTACHMENT|C:\scr\Омские Ястребы40.jpg]]

2022-02-25 09:03:48 - [TEST_STEP][PASSED] - click(findTestObject("Object Repository/admin/Page_/ptest")): Object: 'Object Repository/admin/Page_/ptest' is clicked on

2022-02-25 09:03:51 - [MESSAGE][PASSED] - Object: 'Object Repository/admin/Page_/ptest' is clicked on

2022-02-25 09:03:51 - [TEST_STEP][PASSED] - verifyTextPresent("СРЕДНЯЯ ОЦЕНКА", true): Text 'СРЕДНЯЯ ОЦЕНКА' is present on page  using regular expression

2022-02-25 09:03:53 - [MESSAGE][PASSED] - Text 'СРЕДНЯЯ ОЦЕНКА' is present on page  using regular expression

2022-02-25 09:03:53 - [TEST_STEP][PASSED] - verifyTextPresent("Список навыков и характеристики", true): Text 'Список навыков и характеристики' is present on page  using regular expression

2022-02-25 09:03:55 - [MESSAGE][PASSED] - Text 'Список навыков и характеристики' is present on page  using regular expression

2022-02-25 09:03:55 - [TEST_STEP][PASSED] - takeFullPageScreenshot("C:\scr\" + school + "38.jpg", CONTINUE_ON_FAILURE): Taking screenshot successfully

2022-02-25 09:04:00 - [MESSAGE][INFO] - 0 hidden object(s)

2022-02-25 09:04:00 - [MESSAGE][PASSED] - Taking screenshot successfully
[[ATTACHMENT|C:\scr\Омские Ястребы38.jpg]]

2022-02-25 09:04:00 - [TEST_STEP][PASSED] - click(findTestObject("Object Repository/admin/Page_/root")): Object: 'Object Repository/admin/Page_/root' is clicked on

2022-02-25 09:04:02 - [MESSAGE][PASSED] - Object: 'Object Repository/admin/Page_/root' is clicked on

2022-02-25 09:04:02 - [TEST_STEP][PASSED] - closeBrowser(): Browser is closed

2022-02-25 09:04:03 - [MESSAGE][PASSED] - Browser is closed]]></system-out>
         <system-err><![CDATA[]]></system-err>
      </testcase>
      <testcase name="Test Cases/Администратор/ОТЧЕТЫ функциональные тесты/Список участников без оценки" time="124.263" classname="Test Cases/Администратор/ОТЧЕТЫ функциональные тесты/Список участников без оценки" status="PASSED">
         <system-out><![CDATA[2022-02-25 09:04:03 - [TEST_CASE][PASSED] - Test Cases/Администратор/ОТЧЕТЫ функциональные тесты/Список участников без оценки: Test Cases/Администратор/ОТЧЕТЫ функциональные тесты/Список участников без оценки

2022-02-25 09:04:04 - [TEST_STEP][PASSED] - callTestCase(findTestCase("Администратор/Отчет для тк"), [:], STOP_ON_FAILURE): Call Test Case 'Test Cases/Администратор/Отчет для тк' successfully

2022-02-25 09:04:04 - [TEST_CASE][PASSED] - Test Cases/Администратор/Отчет для тк: Test Cases/Администратор/Отчет для тк

2022-02-25 09:04:05 - [TEST_STEP][PASSED] - callTestCase(findTestCase("Администратор/Авторизация"), [:], STOP_ON_FAILURE): Call Test Case 'Test Cases/Администратор/Авторизация' successfully

2022-02-25 09:04:05 - [TEST_CASE][PASSED] - Test Cases/Администратор/Авторизация: Test Cases/Администратор/Авторизация

2022-02-25 09:04:05 - [TEST_STEP][PASSED] - openBrowser(""): Browser is opened with url: ''

2022-02-25 09:04:05 - [MESSAGE][INFO] - User set preference: ['os', 'linux']

2022-02-25 09:04:05 - [MESSAGE][INFO] - User set preference: ['browserName', 'chrome']

2022-02-25 09:04:05 - [MESSAGE][INFO] - User set preference: ['browserVersion', '97']

2022-02-25 09:04:05 - [MESSAGE][INFO] - User set preference: ['katalon:option', '{organizationId=564672, tunnelId=, usingTunnel=false}']

2022-02-25 09:04:05 - [MESSAGE][INFO] - Connecting to remote web server 'testcloud.katalon.com/hub' with type 'Selenium'

2022-02-25 09:04:05 - [MESSAGE][INFO] - Action delay is set to 100 milliseconds

2022-02-25 09:04:54 - [MESSAGE][PASSED] - Browser is opened with url: ''

2022-02-25 09:04:54 - [TEST_STEP][PASSED] - maximizeWindow(): Current window maximized

2022-02-25 09:04:54 - [MESSAGE][PASSED] - Current window maximized

2022-02-25 09:04:54 - [TEST_STEP][PASSED] - navigateToUrl(url): Navigate to 'https://stars-stage.hawk.ru:8080' successfully

2022-02-25 09:05:00 - [MESSAGE][PASSED] - Navigate to 'https://stars-stage.hawk.ru:8080' successfully

2022-02-25 09:05:00 - [TEST_STEP][PASSED] - setText(findTestObject("Object Repository/Page_/input__sc-lnrBVv eqPACj"), admin_login): Text 'eronko.i@hc-avangard.com' is set on object 'Object Repository/Page_/input__sc-lnrBVv eqPACj'

2022-02-25 09:05:05 - [MESSAGE][PASSED] - Text 'eronko.i@hc-avangard.com' is set on object 'Object Repository/Page_/input__sc-lnrBVv eqPACj'

2022-02-25 09:05:05 - [TEST_STEP][PASSED] - setText(findTestObject("Object Repository/Page_/input__sc-lnrBVv eqPACj_1"), admin_password): Text 'eronko.i' is set on object 'Object Repository/Page_/input__sc-lnrBVv eqPACj_1'

2022-02-25 09:05:09 - [MESSAGE][PASSED] - Text 'eronko.i' is set on object 'Object Repository/Page_/input__sc-lnrBVv eqPACj_1'

2022-02-25 09:05:09 - [TEST_STEP][PASSED] - click(findTestObject("Object Repository/Page_/go")): Object: 'Object Repository/Page_/go' is clicked on

2022-02-25 09:05:11 - [MESSAGE][PASSED] - Object: 'Object Repository/Page_/go' is clicked on

2022-02-25 09:05:11 - [MESSAGE][PASSED] - Call Test Case 'Test Cases/Администратор/Авторизация' successfully

2022-02-25 09:05:11 - [TEST_STEP][PASSED] - click(findTestObject("admin/reports/keys/reports/report")): Object: 'Object Repository/admin/reports/keys/reports/report' is clicked on

2022-02-25 09:05:23 - [MESSAGE][PASSED] - Object: 'Object Repository/admin/reports/keys/reports/report' is clicked on

2022-02-25 09:05:23 - [MESSAGE][PASSED] - Call Test Case 'Test Cases/Администратор/Отчет для тк' successfully

2022-02-25 09:05:23 - [TEST_STEP][PASSED] - click(findTestObject("Object Repository/admin/reports/not/Page_/not")): Object: 'Object Repository/admin/reports/not/Page_/not' is clicked on

2022-02-25 09:05:25 - [MESSAGE][PASSED] - Object: 'Object Repository/admin/reports/not/Page_/not' is clicked on

2022-02-25 09:05:25 - [TEST_STEP][PASSED] - verifyTextPresent("СПИСОК УЧАСТНИКОВ БЕЗ ОЦЕНКИ", true): Text 'СПИСОК УЧАСТНИКОВ БЕЗ ОЦЕНКИ' is present on page  using regular expression

2022-02-25 09:05:35 - [MESSAGE][PASSED] - Text 'СПИСОК УЧАСТНИКОВ БЕЗ ОЦЕНКИ' is present on page  using regular expression

2022-02-25 09:05:35 - [TEST_STEP][PASSED] - takeFullPageScreenshot("C:\scr\" + school + "29.jpg"): Taking screenshot successfully

2022-02-25 09:05:40 - [MESSAGE][INFO] - 0 hidden object(s)

2022-02-25 09:05:40 - [MESSAGE][PASSED] - Taking screenshot successfully
[[ATTACHMENT|C:\scr\Омские Ястребы29.jpg]]

2022-02-25 09:05:40 - [TEST_STEP][PASSED] - setText(findTestObject("Object Repository/admin/reports/not/Page_/input__react-select-2-input"), "ака"): Text 'ака' is set on object 'Object Repository/admin/reports/not/Page_/input__react-select-2-input'

2022-02-25 09:05:44 - [MESSAGE][PASSED] - Text 'ака' is set on object 'Object Repository/admin/reports/not/Page_/input__react-select-2-input'

2022-02-25 09:05:44 - [TEST_STEP][PASSED] - sendKeys(findTestObject("Object Repository/admin/reports/not/Page_/input__react-select-2-input"), Keys.chord(ENTER)): Keys 'ENTER + ' sent to object: 'Object Repository/admin/reports/not/Page_/input__react-select-2-input'

2022-02-25 09:05:46 - [MESSAGE][PASSED] - Keys 'ENTER + ' sent to object: 'Object Repository/admin/reports/not/Page_/input__react-select-2-input'

2022-02-25 09:05:46 - [TEST_STEP][PASSED] - setText(findTestObject("Object Repository/admin/reports/not/Page_/input__react-select-3-input"), school): Text 'Омские Ястребы' is set on object 'Object Repository/admin/reports/not/Page_/input__react-select-3-input'

2022-02-25 09:05:50 - [MESSAGE][PASSED] - Text 'Омские Ястребы' is set on object 'Object Repository/admin/reports/not/Page_/input__react-select-3-input'

2022-02-25 09:05:50 - [TEST_STEP][PASSED] - sendKeys(findTestObject("Object Repository/admin/reports/not/Page_/input__react-select-3-input"), Keys.chord(ENTER)): Keys 'ENTER + ' sent to object: 'Object Repository/admin/reports/not/Page_/input__react-select-3-input'

2022-02-25 09:05:53 - [MESSAGE][PASSED] - Keys 'ENTER + ' sent to object: 'Object Repository/admin/reports/not/Page_/input__react-select-3-input'

2022-02-25 09:05:53 - [TEST_STEP][PASSED] - setText(findTestObject("Object Repository/admin/reports/not/Page_/input__react-select-4-input"), "26.8"): Text '26.8' is set on object 'Object Repository/admin/reports/not/Page_/input__react-select-4-input'

2022-02-25 09:05:57 - [MESSAGE][PASSED] - Text '26.8' is set on object 'Object Repository/admin/reports/not/Page_/input__react-select-4-input'

2022-02-25 09:05:57 - [TEST_STEP][PASSED] - sendKeys(findTestObject("Object Repository/admin/reports/not/Page_/input__react-select-4-input"), Keys.chord(ENTER)): Keys 'ENTER + ' sent to object: 'Object Repository/admin/reports/not/Page_/input__react-select-4-input'

2022-02-25 09:05:59 - [MESSAGE][PASSED] - Keys 'ENTER + ' sent to object: 'Object Repository/admin/reports/not/Page_/input__react-select-4-input'

2022-02-25 09:05:59 - [TEST_STEP][PASSED] - takeFullPageScreenshot("C:\scr\" + school + "30.jpg"): Taking screenshot successfully

2022-02-25 09:06:04 - [MESSAGE][INFO] - 0 hidden object(s)

2022-02-25 09:06:04 - [MESSAGE][PASSED] - Taking screenshot successfully
[[ATTACHMENT|C:\scr\Омские Ястребы30.jpg]]

2022-02-25 09:06:04 - [TEST_STEP][PASSED] - click(findTestObject("Object Repository/manager/kale/Page_/root")): Object: 'Object Repository/manager/kale/Page_/root' is clicked on

2022-02-25 09:06:07 - [MESSAGE][PASSED] - Object: 'Object Repository/manager/kale/Page_/root' is clicked on

2022-02-25 09:06:07 - [TEST_STEP][PASSED] - closeBrowser(): Browser is closed

2022-02-25 09:06:07 - [MESSAGE][PASSED] - Browser is closed]]></system-out>
         <system-err><![CDATA[]]></system-err>
      </testcase>
      <testcase name="Test Cases/Администратор/ОТЧЕТЫ функциональные тесты/Отчет психофиз" time="129.222" classname="Test Cases/Администратор/ОТЧЕТЫ функциональные тесты/Отчет психофиз" status="PASSED">
         <system-out><![CDATA[2022-02-25 09:06:07 - [TEST_CASE][PASSED] - Test Cases/Администратор/ОТЧЕТЫ функциональные тесты/Отчет психофиз: Test Cases/Администратор/ОТЧЕТЫ функциональные тесты/Отчет психофиз

2022-02-25 09:06:08 - [TEST_STEP][PASSED] - callTestCase(findTestCase("Администратор/Отчет для тк"), [:], STOP_ON_FAILURE): Call Test Case 'Test Cases/Администратор/Отчет для тк' successfully

2022-02-25 09:06:08 - [TEST_CASE][PASSED] - Test Cases/Администратор/Отчет для тк: Test Cases/Администратор/Отчет для тк

2022-02-25 09:06:08 - [TEST_STEP][PASSED] - callTestCase(findTestCase("Администратор/Авторизация"), [:], STOP_ON_FAILURE): Call Test Case 'Test Cases/Администратор/Авторизация' successfully

2022-02-25 09:06:08 - [TEST_CASE][PASSED] - Test Cases/Администратор/Авторизация: Test Cases/Администратор/Авторизация

2022-02-25 09:06:08 - [TEST_STEP][PASSED] - openBrowser(""): Browser is opened with url: ''

2022-02-25 09:06:08 - [MESSAGE][INFO] - User set preference: ['os', 'linux']

2022-02-25 09:06:08 - [MESSAGE][INFO] - User set preference: ['browserName', 'chrome']

2022-02-25 09:06:08 - [MESSAGE][INFO] - User set preference: ['browserVersion', '97']

2022-02-25 09:06:08 - [MESSAGE][INFO] - User set preference: ['katalon:option', '{organizationId=564672, tunnelId=, usingTunnel=false}']

2022-02-25 09:06:08 - [MESSAGE][INFO] - Connecting to remote web server 'testcloud.katalon.com/hub' with type 'Selenium'

2022-02-25 09:06:08 - [MESSAGE][INFO] - Action delay is set to 100 milliseconds

2022-02-25 09:06:53 - [MESSAGE][PASSED] - Browser is opened with url: ''

2022-02-25 09:06:53 - [TEST_STEP][PASSED] - maximizeWindow(): Current window maximized

2022-02-25 09:06:53 - [MESSAGE][PASSED] - Current window maximized

2022-02-25 09:06:53 - [TEST_STEP][PASSED] - navigateToUrl(url): Navigate to 'https://stars-stage.hawk.ru:8080' successfully

2022-02-25 09:06:59 - [MESSAGE][PASSED] - Navigate to 'https://stars-stage.hawk.ru:8080' successfully

2022-02-25 09:06:59 - [TEST_STEP][PASSED] - setText(findTestObject("Object Repository/Page_/input__sc-lnrBVv eqPACj"), admin_login): Text 'eronko.i@hc-avangard.com' is set on object 'Object Repository/Page_/input__sc-lnrBVv eqPACj'

2022-02-25 09:07:03 - [MESSAGE][PASSED] - Text 'eronko.i@hc-avangard.com' is set on object 'Object Repository/Page_/input__sc-lnrBVv eqPACj'

2022-02-25 09:07:03 - [TEST_STEP][PASSED] - setText(findTestObject("Object Repository/Page_/input__sc-lnrBVv eqPACj_1"), admin_password): Text 'eronko.i' is set on object 'Object Repository/Page_/input__sc-lnrBVv eqPACj_1'

2022-02-25 09:07:07 - [MESSAGE][PASSED] - Text 'eronko.i' is set on object 'Object Repository/Page_/input__sc-lnrBVv eqPACj_1'

2022-02-25 09:07:07 - [TEST_STEP][PASSED] - click(findTestObject("Object Repository/Page_/go")): Object: 'Object Repository/Page_/go' is clicked on

2022-02-25 09:07:09 - [MESSAGE][PASSED] - Object: 'Object Repository/Page_/go' is clicked on

2022-02-25 09:07:09 - [MESSAGE][PASSED] - Call Test Case 'Test Cases/Администратор/Авторизация' successfully

2022-02-25 09:07:09 - [TEST_STEP][PASSED] - click(findTestObject("admin/reports/keys/reports/report")): Object: 'Object Repository/admin/reports/keys/reports/report' is clicked on

2022-02-25 09:07:22 - [MESSAGE][PASSED] - Object: 'Object Repository/admin/reports/keys/reports/report' is clicked on

2022-02-25 09:07:22 - [MESSAGE][PASSED] - Call Test Case 'Test Cases/Администратор/Отчет для тк' successfully

2022-02-25 09:07:22 - [TEST_STEP][PASSED] - click(findTestObject("Object Repository/Avangard New/Object (Администратор)/Case (Психофиз)/psyxofiz report")): Object: 'Object Repository/Avangard New/Object (Администратор)/Case (Психофиз)/psyxofiz report' is clicked on

2022-02-25 09:07:25 - [MESSAGE][PASSED] - Object: 'Object Repository/Avangard New/Object (Администратор)/Case (Психофиз)/psyxofiz report' is clicked on

2022-02-25 09:07:25 - [TEST_STEP][PASSED] - verifyElementText(findTestObject("Object Repository/Avangard New/Object (Администратор)/Case (Психофиз)/header report"), "ОТЧЕТ ПСИХОЛОГИЧЕСКОГО ПРОФИЛЯ"): Actual text and expected text of test object 'Object Repository/Avangard New/Object (Администратор)/Case (Психофиз)/header report' are matched.

2022-02-25 09:07:29 - [MESSAGE][PASSED] - Actual text and expected text of test object 'Object Repository/Avangard New/Object (Администратор)/Case (Психофиз)/header report' are matched.

2022-02-25 09:07:29 - [TEST_STEP][PASSED] - click(findTestObject("Object Repository/Avangard New/Object (Администратор)/Case (Психофиз)/scool")): Object: 'Object Repository/Avangard New/Object (Администратор)/Case (Психофиз)/scool' is clicked on

2022-02-25 09:07:31 - [MESSAGE][PASSED] - Object: 'Object Repository/Avangard New/Object (Администратор)/Case (Психофиз)/scool' is clicked on

2022-02-25 09:07:31 - [TEST_STEP][PASSED] - click(findTestObject("Object Repository/Avangard New/Object (Администратор)/Case (Психофиз)/div_")): Object: 'Object Repository/Avangard New/Object (Администратор)/Case (Психофиз)/div_' is clicked on

2022-02-25 09:07:33 - [MESSAGE][PASSED] - Object: 'Object Repository/Avangard New/Object (Администратор)/Case (Психофиз)/div_' is clicked on

2022-02-25 09:07:33 - [TEST_STEP][PASSED] - click(findTestObject("Object Repository/Avangard New/Object (Администратор)/Case (Психофиз)/team")): Object: 'Object Repository/Avangard New/Object (Администратор)/Case (Психофиз)/team' is clicked on

2022-02-25 09:07:36 - [MESSAGE][PASSED] - Object: 'Object Repository/Avangard New/Object (Администратор)/Case (Психофиз)/team' is clicked on

2022-02-25 09:07:36 - [TEST_STEP][PASSED] - click(findTestObject("Object Repository/Avangard New/Object (Администратор)/Case (Психофиз)/oya")): Object: 'Object Repository/Avangard New/Object (Администратор)/Case (Психофиз)/oya' is clicked on

2022-02-25 09:07:38 - [MESSAGE][PASSED] - Object: 'Object Repository/Avangard New/Object (Администратор)/Case (Психофиз)/oya' is clicked on

2022-02-25 09:07:38 - [TEST_STEP][PASSED] - setText(findTestObject("Object Repository/Avangard New/Object (Администратор)/Case (Психофиз)/input__ganin"), player_for_test): Text 'Ганин Данила' is set on object 'Object Repository/Avangard New/Object (Администратор)/Case (Психофиз)/input__ganin'

2022-02-25 09:07:42 - [MESSAGE][PASSED] - Text 'Ганин Данила' is set on object 'Object Repository/Avangard New/Object (Администратор)/Case (Психофиз)/input__ganin'

2022-02-25 09:07:42 - [TEST_STEP][PASSED] - sendKeys(findTestObject("Object Repository/admin/Global player"), Keys.chord(ENTER)): Keys 'ENTER + ' sent to object: 'Object Repository/admin/Global player'

2022-02-25 09:07:44 - [MESSAGE][PASSED] - Keys 'ENTER + ' sent to object: 'Object Repository/admin/Global player'

2022-02-25 09:07:44 - [TEST_STEP][PASSED] - click(findTestObject("Object Repository/Avangard New/Object (Администратор)/Case (Психофиз)/date")): Object: 'Object Repository/Avangard New/Object (Администратор)/Case (Психофиз)/date' is clicked on

2022-02-25 09:07:47 - [MESSAGE][PASSED] - Object: 'Object Repository/Avangard New/Object (Администратор)/Case (Психофиз)/date' is clicked on

2022-02-25 09:07:47 - [TEST_STEP][PASSED] - click(findTestObject("Object Repository/Avangard New/Object (Администратор)/Case (Психофиз)/date 14 01")): Object: 'Object Repository/Avangard New/Object (Администратор)/Case (Психофиз)/date 14 01' is clicked on

2022-02-25 09:07:49 - [MESSAGE][PASSED] - Object: 'Object Repository/Avangard New/Object (Администратор)/Case (Психофиз)/date 14 01' is clicked on

2022-02-25 09:07:49 - [TEST_STEP][PASSED] - scrollToElement(findTestObject("Avangard New/Object (Администратор)/Case (Психофиз)/reaction easy1"), 0): Scroll to object 'Object Repository/Avangard New/Object (Администратор)/Case (Психофиз)/reaction easy1' successfully

2022-02-25 09:07:50 - [MESSAGE][WARNING] - Timeout '0' is invalid. Using default page load timeout: '30'

2022-02-25 09:07:54 - [MESSAGE][PASSED] - Scroll to object 'Object Repository/Avangard New/Object (Администратор)/Case (Психофиз)/reaction easy1' successfully

2022-02-25 09:07:54 - [TEST_STEP][PASSED] - verifyElementText(findTestObject("Avangard New/Object (Администратор)/Case (Психофиз)/reaction easy1"), "Реакция на простой стимул"): Actual text and expected text of test object 'Object Repository/Avangard New/Object (Администратор)/Case (Психофиз)/reaction easy1' are matched.

2022-02-25 09:07:56 - [MESSAGE][PASSED] - Actual text and expected text of test object 'Object Repository/Avangard New/Object (Администратор)/Case (Психофиз)/reaction easy1' are matched.

2022-02-25 09:07:56 - [TEST_STEP][PASSED] - verifyElementText(findTestObject("Avangard New/Object (Администратор)/Case (Психофиз)/reaction hard1"), "Реакция на сложный стимул"): Actual text and expected text of test object 'Object Repository/Avangard New/Object (Администратор)/Case (Психофиз)/reaction hard1' are matched.

2022-02-25 09:07:58 - [MESSAGE][PASSED] - Actual text and expected text of test object 'Object Repository/Avangard New/Object (Администратор)/Case (Психофиз)/reaction hard1' are matched.

2022-02-25 09:07:58 - [TEST_STEP][PASSED] - scrollToElement(findTestObject("Object Repository/Avangard New/Object (Администратор)/Case (Психофиз)/season (1)"), 0): Scroll to object 'Object Repository/Avangard New/Object (Администратор)/Case (Психофиз)/season (1)' successfully

2022-02-25 09:07:58 - [MESSAGE][WARNING] - Timeout '0' is invalid. Using default page load timeout: '30'

2022-02-25 09:08:00 - [MESSAGE][PASSED] - Scroll to object 'Object Repository/Avangard New/Object (Администратор)/Case (Психофиз)/season (1)' successfully

2022-02-25 09:08:00 - [TEST_STEP][PASSED] - click(findTestObject("Object Repository/Avangard New/Object (Администратор)/Case (Психофиз)/topologic")): Object: 'Object Repository/Avangard New/Object (Администратор)/Case (Психофиз)/topologic' is clicked on

2022-02-25 09:08:02 - [MESSAGE][PASSED] - Object: 'Object Repository/Avangard New/Object (Администратор)/Case (Психофиз)/topologic' is clicked on

2022-02-25 09:08:02 - [TEST_STEP][PASSED] - click(findTestObject("Object Repository/Avangard New/Object (Администратор)/Case (Психофиз)/season (1)")): Object: 'Object Repository/Avangard New/Object (Администратор)/Case (Психофиз)/season (1)' is clicked on

2022-02-25 09:08:05 - [MESSAGE][PASSED] - Object: 'Object Repository/Avangard New/Object (Администратор)/Case (Психофиз)/season (1)' is clicked on

2022-02-25 09:08:05 - [TEST_STEP][PASSED] - click(findTestObject("Object Repository/Avangard New/Object (Администратор)/Case (Психофиз)/21-22")): Object: 'Object Repository/Avangard New/Object (Администратор)/Case (Психофиз)/21-22' is clicked on

2022-02-25 09:08:07 - [MESSAGE][PASSED] - Object: 'Object Repository/Avangard New/Object (Администратор)/Case (Психофиз)/21-22' is clicked on

2022-02-25 09:08:07 - [TEST_STEP][PASSED] - scrollToElement(findTestObject("Avangard New/Object (Администратор)/Case (Психофиз)/exstraversi"), 0): Scroll to object 'Object Repository/Avangard New/Object (Администратор)/Case (Психофиз)/exstraversi' successfully

2022-02-25 09:08:07 - [MESSAGE][WARNING] - Timeout '0' is invalid. Using default page load timeout: '30'

2022-02-25 09:08:10 - [MESSAGE][PASSED] - Scroll to object 'Object Repository/Avangard New/Object (Администратор)/Case (Психофиз)/exstraversi' successfully

2022-02-25 09:08:10 - [TEST_STEP][PASSED] - verifyElementText(findTestObject("Avangard New/Object (Администратор)/Case (Психофиз)/exstraversi"), "Экстраверсия"): Actual text and expected text of test object 'Object Repository/Avangard New/Object (Администратор)/Case (Психофиз)/exstraversi' are matched.

2022-02-25 09:08:12 - [MESSAGE][PASSED] - Actual text and expected text of test object 'Object Repository/Avangard New/Object (Администратор)/Case (Психофиз)/exstraversi' are matched.

2022-02-25 09:08:12 - [TEST_STEP][PASSED] - verifyElementText(findTestObject("Avangard New/Object (Администратор)/Case (Психофиз)/spontannost"), "Спонтанность"): Actual text and expected text of test object 'Object Repository/Avangard New/Object (Администратор)/Case (Психофиз)/spontannost' are matched.

2022-02-25 09:08:14 - [MESSAGE][PASSED] - Actual text and expected text of test object 'Object Repository/Avangard New/Object (Администратор)/Case (Психофиз)/spontannost' are matched.

2022-02-25 09:08:14 - [TEST_STEP][PASSED] - click(findTestObject("Object Repository/Avangard New/Object (Администратор)/Case (Психофиз)/home")): Object: 'Object Repository/Avangard New/Object (Администратор)/Case (Психофиз)/home' is clicked on

2022-02-25 09:08:16 - [MESSAGE][PASSED] - Object: 'Object Repository/Avangard New/Object (Администратор)/Case (Психофиз)/home' is clicked on

2022-02-25 09:08:16 - [TEST_STEP][PASSED] - closeBrowser(): Browser is closed

2022-02-25 09:08:16 - [MESSAGE][PASSED] - Browser is closed]]></system-out>
         <system-err><![CDATA[]]></system-err>
      </testcase>
      <testcase name="Test Cases/Администратор/ОТЧЕТЫ функциональные тесты/Отчет по играм за период" time="159.982" classname="Test Cases/Администратор/ОТЧЕТЫ функциональные тесты/Отчет по играм за период" status="PASSED">
         <system-out><![CDATA[2022-02-25 09:08:16 - [TEST_CASE][PASSED] - Test Cases/Администратор/ОТЧЕТЫ функциональные тесты/Отчет по играм за период: Test Cases/Администратор/ОТЧЕТЫ функциональные тесты/Отчет по играм за период

2022-02-25 09:08:17 - [TEST_STEP][PASSED] - callTestCase(findTestCase("Администратор/Отчет для тк"), [:], STOP_ON_FAILURE): Call Test Case 'Test Cases/Администратор/Отчет для тк' successfully

2022-02-25 09:08:17 - [TEST_CASE][PASSED] - Test Cases/Администратор/Отчет для тк: Test Cases/Администратор/Отчет для тк

2022-02-25 09:08:17 - [TEST_STEP][PASSED] - callTestCase(findTestCase("Администратор/Авторизация"), [:], STOP_ON_FAILURE): Call Test Case 'Test Cases/Администратор/Авторизация' successfully

2022-02-25 09:08:17 - [TEST_CASE][PASSED] - Test Cases/Администратор/Авторизация: Test Cases/Администратор/Авторизация

2022-02-25 09:08:17 - [TEST_STEP][PASSED] - openBrowser(""): Browser is opened with url: ''

2022-02-25 09:08:17 - [MESSAGE][INFO] - User set preference: ['os', 'linux']

2022-02-25 09:08:17 - [MESSAGE][INFO] - User set preference: ['browserName', 'chrome']

2022-02-25 09:08:17 - [MESSAGE][INFO] - User set preference: ['browserVersion', '97']

2022-02-25 09:08:17 - [MESSAGE][INFO] - User set preference: ['katalon:option', '{organizationId=564672, tunnelId=, usingTunnel=false}']

2022-02-25 09:08:17 - [MESSAGE][INFO] - Connecting to remote web server 'testcloud.katalon.com/hub' with type 'Selenium'

2022-02-25 09:08:17 - [MESSAGE][INFO] - Action delay is set to 100 milliseconds

2022-02-25 09:09:23 - [MESSAGE][PASSED] - Browser is opened with url: ''

2022-02-25 09:09:23 - [TEST_STEP][PASSED] - maximizeWindow(): Current window maximized

2022-02-25 09:09:24 - [MESSAGE][PASSED] - Current window maximized

2022-02-25 09:09:24 - [TEST_STEP][PASSED] - navigateToUrl(url): Navigate to 'https://stars-stage.hawk.ru:8080' successfully

2022-02-25 09:09:31 - [MESSAGE][PASSED] - Navigate to 'https://stars-stage.hawk.ru:8080' successfully

2022-02-25 09:09:31 - [TEST_STEP][PASSED] - setText(findTestObject("Object Repository/Page_/input__sc-lnrBVv eqPACj"), admin_login): Text 'eronko.i@hc-avangard.com' is set on object 'Object Repository/Page_/input__sc-lnrBVv eqPACj'

2022-02-25 09:09:35 - [MESSAGE][PASSED] - Text 'eronko.i@hc-avangard.com' is set on object 'Object Repository/Page_/input__sc-lnrBVv eqPACj'

2022-02-25 09:09:35 - [TEST_STEP][PASSED] - setText(findTestObject("Object Repository/Page_/input__sc-lnrBVv eqPACj_1"), admin_password): Text 'eronko.i' is set on object 'Object Repository/Page_/input__sc-lnrBVv eqPACj_1'

2022-02-25 09:09:39 - [MESSAGE][PASSED] - Text 'eronko.i' is set on object 'Object Repository/Page_/input__sc-lnrBVv eqPACj_1'

2022-02-25 09:09:39 - [TEST_STEP][PASSED] - click(findTestObject("Object Repository/Page_/go")): Object: 'Object Repository/Page_/go' is clicked on

2022-02-25 09:09:41 - [MESSAGE][PASSED] - Object: 'Object Repository/Page_/go' is clicked on

2022-02-25 09:09:41 - [MESSAGE][PASSED] - Call Test Case 'Test Cases/Администратор/Авторизация' successfully

2022-02-25 09:09:41 - [TEST_STEP][PASSED] - click(findTestObject("admin/reports/keys/reports/report")): Object: 'Object Repository/admin/reports/keys/reports/report' is clicked on

2022-02-25 09:09:56 - [MESSAGE][PASSED] - Object: 'Object Repository/admin/reports/keys/reports/report' is clicked on

2022-02-25 09:09:56 - [MESSAGE][PASSED] - Call Test Case 'Test Cases/Администратор/Отчет для тк' successfully

2022-02-25 09:09:56 - [TEST_STEP][PASSED] - click(findTestObject("Object Repository/admin/reports/period/Page_/div_")): Object: 'Object Repository/admin/reports/period/Page_/div_' is clicked on

2022-02-25 09:09:59 - [MESSAGE][PASSED] - Object: 'Object Repository/admin/reports/period/Page_/div_' is clicked on

2022-02-25 09:09:59 - [TEST_STEP][PASSED] - verifyTextPresent("ОТЧЕТ ПО ИГРАМ ЗА ПЕРИОД", true): Text 'ОТЧЕТ ПО ИГРАМ ЗА ПЕРИОД' is present on page  using regular expression

2022-02-25 09:10:00 - [MESSAGE][PASSED] - Text 'ОТЧЕТ ПО ИГРАМ ЗА ПЕРИОД' is present on page  using regular expression

2022-02-25 09:10:00 - [TEST_STEP][PASSED] - setText(findTestObject("Object Repository/admin/reports/period/Page_/input__react-select-2-input"), "академия"): Text 'академия' is set on object 'Object Repository/admin/reports/period/Page_/input__react-select-2-input'

2022-02-25 09:10:04 - [MESSAGE][PASSED] - Text 'академия' is set on object 'Object Repository/admin/reports/period/Page_/input__react-select-2-input'

2022-02-25 09:10:04 - [TEST_STEP][PASSED] - sendKeys(findTestObject("Object Repository/admin/reports/period/Page_/input__react-select-2-input"), Keys.chord(ENTER)): Keys 'ENTER + ' sent to object: 'Object Repository/admin/reports/period/Page_/input__react-select-2-input'

2022-02-25 09:10:06 - [MESSAGE][PASSED] - Keys 'ENTER + ' sent to object: 'Object Repository/admin/reports/period/Page_/input__react-select-2-input'

2022-02-25 09:10:06 - [TEST_STEP][PASSED] - setText(findTestObject("Object Repository/admin/reports/period/Page_/input__react-select-3-input"), school): Text 'Омские Ястребы' is set on object 'Object Repository/admin/reports/period/Page_/input__react-select-3-input'

2022-02-25 09:10:11 - [MESSAGE][PASSED] - Text 'Омские Ястребы' is set on object 'Object Repository/admin/reports/period/Page_/input__react-select-3-input'

2022-02-25 09:10:11 - [TEST_STEP][PASSED] - sendKeys(findTestObject("Object Repository/admin/reports/period/Page_/input__react-select-3-input"), Keys.chord(ENTER)): Keys 'ENTER + ' sent to object: 'Object Repository/admin/reports/period/Page_/input__react-select-3-input'

2022-02-25 09:10:13 - [MESSAGE][PASSED] - Keys 'ENTER + ' sent to object: 'Object Repository/admin/reports/period/Page_/input__react-select-3-input'

2022-02-25 09:10:13 - [TEST_STEP][PASSED] - setText(findTestObject("Object Repository/admin/reports/period/Page_/input_._year"), "2020"): Text '2020' is set on object 'Object Repository/admin/reports/period/Page_/input_._year'

2022-02-25 09:10:19 - [MESSAGE][PASSED] - Text '2020' is set on object 'Object Repository/admin/reports/period/Page_/input_._year'

2022-02-25 09:10:19 - [TEST_STEP][PASSED] - waitForElementNotPresent(findTestObject("Object Repository/admin/reports/period/Page_/img_ _sc-cMljjf KiCqS"), 0): Web element with id: 'Object Repository/admin/reports/period/Page_/img_ _sc-cMljjf KiCqS' located by 'By.xpath: //div[@id='root']/div/div/div[2]/div/div[2]/div/div/div/img' is not present after '30' second(s)

2022-02-25 09:10:20 - [MESSAGE][WARNING] - Timeout '0' is invalid. Using default page load timeout: '30'

2022-02-25 09:10:27 - [MESSAGE][PASSED] - Web element with id: 'Object Repository/admin/reports/period/Page_/img_ _sc-cMljjf KiCqS' located by 'By.xpath: //div[@id='root']/div/div/div[2]/div/div[2]/div/div/div/img' is not present after '30' second(s)

2022-02-25 09:10:27 - [TEST_STEP][PASSED] - verifyTextPresent("Управление командой со скамейки", true): Text 'Управление командой со скамейки' is present on page  using regular expression

2022-02-25 09:10:31 - [MESSAGE][PASSED] - Text 'Управление командой со скамейки' is present on page  using regular expression

2022-02-25 09:10:31 - [TEST_STEP][PASSED] - verifyTextPresent("Самоотверженность / воля к победе", true): Text 'Самоотверженность / воля к победе' is present on page  using regular expression

2022-02-25 09:10:35 - [MESSAGE][PASSED] - Text 'Самоотверженность / воля к победе' is present on page  using regular expression

2022-02-25 09:10:35 - [TEST_STEP][PASSED] - verifyTextPresent("СРЕДНЯЯ ОЦЕНКА", false): Text 'СРЕДНЯЯ ОЦЕНКА' is present on page 

2022-02-25 09:10:39 - [MESSAGE][PASSED] - Text 'СРЕДНЯЯ ОЦЕНКА' is present on page 

2022-02-25 09:10:39 - [TEST_STEP][PASSED] - verifyTextPresent("АТАКУЮЩИЕ ДЕЙСТВИЯ", false): Text 'АТАКУЮЩИЕ ДЕЙСТВИЯ' is present on page 

2022-02-25 09:10:42 - [MESSAGE][PASSED] - Text 'АТАКУЮЩИЕ ДЕЙСТВИЯ' is present on page 

2022-02-25 09:10:42 - [TEST_STEP][PASSED] - verifyTextPresent("ОБОРОНИТЕЛЬНЫЕ ДЕЙСТВИЯ", false): Text 'ОБОРОНИТЕЛЬНЫЕ ДЕЙСТВИЯ' is present on page 

2022-02-25 09:10:46 - [MESSAGE][PASSED] - Text 'ОБОРОНИТЕЛЬНЫЕ ДЕЙСТВИЯ' is present on page 

2022-02-25 09:10:46 - [TEST_STEP][PASSED] - verifyTextPresent("Защитник", false): Text 'Защитник' is present on page 

2022-02-25 09:10:49 - [MESSAGE][PASSED] - Text 'Защитник' is present on page 

2022-02-25 09:10:49 - [TEST_STEP][PASSED] - verifyTextPresent("Нападающий", false): Text 'Нападающий' is present on page 

2022-02-25 09:10:54 - [MESSAGE][PASSED] - Text 'Нападающий' is present on page 

2022-02-25 09:10:54 - [TEST_STEP][PASSED] - click(findTestObject("Object Repository/admin/reports/period/Page_/root")): Object: 'Object Repository/admin/reports/period/Page_/root' is clicked on

2022-02-25 09:10:56 - [MESSAGE][PASSED] - Object: 'Object Repository/admin/reports/period/Page_/root' is clicked on

2022-02-25 09:10:56 - [TEST_STEP][PASSED] - closeBrowser(): Browser is closed

2022-02-25 09:10:56 - [MESSAGE][PASSED] - Browser is closed]]></system-out>
         <system-err><![CDATA[]]></system-err>
      </testcase>
      <testcase name="Test Cases/Администратор/ОТЧЕТЫ функциональные тесты/Игровая статистика" time="166.648" classname="Test Cases/Администратор/ОТЧЕТЫ функциональные тесты/Игровая статистика" status="PASSED">
         <system-out><![CDATA[2022-02-25 09:10:56 - [TEST_CASE][PASSED] - Test Cases/Администратор/ОТЧЕТЫ функциональные тесты/Игровая статистика: Test Cases/Администратор/ОТЧЕТЫ функциональные тесты/Игровая статистика

2022-02-25 09:10:57 - [TEST_STEP][PASSED] - callTestCase(findTestCase("Администратор/Авторизация"), [:], STOP_ON_FAILURE): Call Test Case 'Test Cases/Администратор/Авторизация' successfully

2022-02-25 09:10:57 - [TEST_CASE][PASSED] - Test Cases/Администратор/Авторизация: Test Cases/Администратор/Авторизация

2022-02-25 09:10:57 - [TEST_STEP][PASSED] - openBrowser(""): Browser is opened with url: ''

2022-02-25 09:10:57 - [MESSAGE][INFO] - User set preference: ['os', 'linux']

2022-02-25 09:10:57 - [MESSAGE][INFO] - User set preference: ['browserName', 'chrome']

2022-02-25 09:10:57 - [MESSAGE][INFO] - User set preference: ['browserVersion', '97']

2022-02-25 09:10:57 - [MESSAGE][INFO] - User set preference: ['katalon:option', '{organizationId=564672, tunnelId=, usingTunnel=false}']

2022-02-25 09:10:57 - [MESSAGE][INFO] - Connecting to remote web server 'testcloud.katalon.com/hub' with type 'Selenium'

2022-02-25 09:10:57 - [MESSAGE][INFO] - Action delay is set to 100 milliseconds

2022-02-25 09:11:40 - [MESSAGE][PASSED] - Browser is opened with url: ''

2022-02-25 09:11:40 - [TEST_STEP][PASSED] - maximizeWindow(): Current window maximized

2022-02-25 09:11:41 - [MESSAGE][PASSED] - Current window maximized

2022-02-25 09:11:41 - [TEST_STEP][PASSED] - navigateToUrl(url): Navigate to 'https://stars-stage.hawk.ru:8080' successfully

2022-02-25 09:11:47 - [MESSAGE][PASSED] - Navigate to 'https://stars-stage.hawk.ru:8080' successfully

2022-02-25 09:11:47 - [TEST_STEP][PASSED] - setText(findTestObject("Object Repository/Page_/input__sc-lnrBVv eqPACj"), admin_login): Text 'eronko.i@hc-avangard.com' is set on object 'Object Repository/Page_/input__sc-lnrBVv eqPACj'

2022-02-25 09:11:52 - [MESSAGE][PASSED] - Text 'eronko.i@hc-avangard.com' is set on object 'Object Repository/Page_/input__sc-lnrBVv eqPACj'

2022-02-25 09:11:52 - [TEST_STEP][PASSED] - setText(findTestObject("Object Repository/Page_/input__sc-lnrBVv eqPACj_1"), admin_password): Text 'eronko.i' is set on object 'Object Repository/Page_/input__sc-lnrBVv eqPACj_1'

2022-02-25 09:11:56 - [MESSAGE][PASSED] - Text 'eronko.i' is set on object 'Object Repository/Page_/input__sc-lnrBVv eqPACj_1'

2022-02-25 09:11:56 - [TEST_STEP][PASSED] - click(findTestObject("Object Repository/Page_/go")): Object: 'Object Repository/Page_/go' is clicked on

2022-02-25 09:11:58 - [MESSAGE][PASSED] - Object: 'Object Repository/Page_/go' is clicked on

2022-02-25 09:11:58 - [MESSAGE][PASSED] - Call Test Case 'Test Cases/Администратор/Авторизация' successfully

2022-02-25 09:11:58 - [TEST_STEP][PASSED] - click(findTestObject("Object Repository/admin/reports/gamestat/reports/report")): Object: 'Object Repository/admin/reports/gamestat/reports/report' is clicked on

2022-02-25 09:12:19 - [MESSAGE][PASSED] - Object: 'Object Repository/admin/reports/gamestat/reports/report' is clicked on

2022-02-25 09:12:19 - [TEST_STEP][PASSED] - click(findTestObject("Object Repository/admin/reports/gamestat/Page_/stats_report")): Object: 'Object Repository/admin/reports/gamestat/Page_/stats_report' is clicked on

2022-02-25 09:12:22 - [MESSAGE][PASSED] - Object: 'Object Repository/admin/reports/gamestat/Page_/stats_report' is clicked on

2022-02-25 09:12:22 - [TEST_STEP][PASSED] - verifyTextPresent("ИГРОВАЯ СТАТИСТИКА", true): Text 'ИГРОВАЯ СТАТИСТИКА' is present on page  using regular expression

2022-02-25 09:12:24 - [MESSAGE][PASSED] - Text 'ИГРОВАЯ СТАТИСТИКА' is present on page  using regular expression

2022-02-25 09:12:24 - [TEST_STEP][PASSED] - click(findTestObject("Object Repository/admin/reports/gamestat/Page_/school")): Object: 'Object Repository/admin/reports/gamestat/Page_/school' is clicked on

2022-02-25 09:12:57 - [MESSAGE][INFO] - Unable to find the element located by 'By.xpath: //div[(text() = 'Школа' or . = 'Школа')]'. Please recheck the objects properties to make sure the desired element is located. 

2022-02-25 09:12:57 - [MESSAGE][WARNING] - [SELF-HEALING] Failed to find element with id 'Object Repository/admin/reports/gamestat/Page_/school'. Try using Self-healing.

2022-02-25 09:13:00 - [MESSAGE][INFO] - [SELF-HEALING] Screenshot: C:/Users/LENOVO/Katalon Studio/Avangard/Reports/Self-healing/Object Repository/admin/reports/gamestat/Page_/school_XPATH.png

2022-02-25 09:13:00 - [MESSAGE][WARNING] - [SELF-HEALING] The current locator of test object 'Object Repository/admin/reports/gamestat/Page_/school' was broken. Propose an alternative one: '//div[@id='root']/div/div/div[2]/div/div/div/div[2]/div/div/div/div'.

2022-02-25 09:13:01 - [MESSAGE][PASSED] - Object: 'Object Repository/admin/reports/gamestat/Page_/school' is clicked on

2022-02-25 09:13:01 - [TEST_STEP][PASSED] - click(findTestObject("Object Repository/admin/reports/gamestat/Page_/Academy")): Object: 'Object Repository/admin/reports/gamestat/Page_/Academy' is clicked on

2022-02-25 09:13:03 - [MESSAGE][PASSED] - Object: 'Object Repository/admin/reports/gamestat/Page_/Academy' is clicked on

2022-02-25 09:13:03 - [TEST_STEP][PASSED] - click(findTestObject("Object Repository/admin/reports/gamestat/Page_/team")): Object: 'Object Repository/admin/reports/gamestat/Page_/team' is clicked on

2022-02-25 09:13:05 - [MESSAGE][PASSED] - Object: 'Object Repository/admin/reports/gamestat/Page_/team' is clicked on

2022-02-25 09:13:05 - [TEST_STEP][PASSED] - click(findTestObject("Object Repository/admin/reports/gamestat/Page_/varteam")): Object: 'Object Repository/admin/reports/gamestat/Page_/varteam' is clicked on

2022-02-25 09:13:08 - [MESSAGE][PASSED] - Object: 'Object Repository/admin/reports/gamestat/Page_/varteam' is clicked on

2022-02-25 09:13:08 - [TEST_STEP][PASSED] - click(findTestObject("Object Repository/admin/reports/gamestat/Page_/choseSeason")): Object: 'Object Repository/admin/reports/gamestat/Page_/choseSeason' is clicked on

2022-02-25 09:13:13 - [MESSAGE][PASSED] - Object: 'Object Repository/admin/reports/gamestat/Page_/choseSeason' is clicked on

2022-02-25 09:13:13 - [TEST_STEP][PASSED] - click(findTestObject("Object Repository/admin/reports/gamestat/Page_/div_21-22_1")): Object: 'Object Repository/admin/reports/gamestat/Page_/div_21-22_1' is clicked on

2022-02-25 09:13:15 - [MESSAGE][PASSED] - Object: 'Object Repository/admin/reports/gamestat/Page_/div_21-22_1' is clicked on

2022-02-25 09:13:15 - [TEST_STEP][PASSED] - takeFullPageScreenshot("C:\scr\" + school + "10.jpg"): Taking screenshot successfully

2022-02-25 09:13:22 - [MESSAGE][INFO] - 0 hidden object(s)

2022-02-25 09:13:23 - [MESSAGE][PASSED] - Taking screenshot successfully
[[ATTACHMENT|C:\scr\Омские Ястребы10.jpg]]

2022-02-25 09:13:23 - [TEST_STEP][PASSED] - verifyTextPresent("Матчи", true): Text 'Матчи' is present on page  using regular expression

2022-02-25 09:13:26 - [MESSAGE][PASSED] - Text 'Матчи' is present on page  using regular expression

2022-02-25 09:13:26 - [TEST_STEP][PASSED] - verifyTextPresent("Смены", true): Text 'Смены' is present on page  using regular expression

2022-02-25 09:13:28 - [MESSAGE][PASSED] - Text 'Смены' is present on page  using regular expression

2022-02-25 09:13:28 - [TEST_STEP][PASSED] - verifyTextPresent("Голы за", false): Text 'Голы за' is present on page 

2022-02-25 09:13:30 - [MESSAGE][PASSED] - Text 'Голы за' is present on page 

2022-02-25 09:13:30 - [TEST_STEP][PASSED] - verifyTextPresent("Голы против", false): Text 'Голы против' is present on page 

2022-02-25 09:13:32 - [MESSAGE][PASSED] - Text 'Голы против' is present on page 

2022-02-25 09:13:32 - [TEST_STEP][PASSED] - takeFullPageScreenshot("C:\scr\" + school + "11.jpg"): Taking screenshot successfully

2022-02-25 09:13:39 - [MESSAGE][INFO] - 0 hidden object(s)

2022-02-25 09:13:40 - [MESSAGE][PASSED] - Taking screenshot successfully
[[ATTACHMENT|C:\scr\Омские Ястребы11.jpg]]

2022-02-25 09:13:40 - [TEST_STEP][PASSED] - click(findTestObject("Object Repository/admin/reports/gamestat/Page_/root")): Object: 'Object Repository/admin/reports/gamestat/Page_/root' is clicked on

2022-02-25 09:13:42 - [MESSAGE][PASSED] - Object: 'Object Repository/admin/reports/gamestat/Page_/root' is clicked on

2022-02-25 09:13:42 - [TEST_STEP][PASSED] - closeBrowser(): Browser is closed

2022-02-25 09:13:43 - [MESSAGE][PASSED] - Browser is closed]]></system-out>
         <system-err><![CDATA[]]></system-err>
      </testcase>
      <testcase name="Test Cases/Администратор/Отчет для тк" time="63.295" classname="Test Cases/Администратор/Отчет для тк" status="PASSED">
         <system-out><![CDATA[2022-02-25 09:13:43 - [TEST_CASE][PASSED] - Test Cases/Администратор/Отчет для тк: Test Cases/Администратор/Отчет для тк

2022-02-25 09:13:43 - [TEST_STEP][PASSED] - callTestCase(findTestCase("Администратор/Авторизация"), [:], STOP_ON_FAILURE): Call Test Case 'Test Cases/Администратор/Авторизация' successfully

2022-02-25 09:13:43 - [TEST_CASE][PASSED] - Test Cases/Администратор/Авторизация: Test Cases/Администратор/Авторизация

2022-02-25 09:13:43 - [TEST_STEP][PASSED] - openBrowser(""): Browser is opened with url: ''

2022-02-25 09:13:43 - [MESSAGE][INFO] - User set preference: ['os', 'linux']

2022-02-25 09:13:43 - [MESSAGE][INFO] - User set preference: ['browserName', 'chrome']

2022-02-25 09:13:43 - [MESSAGE][INFO] - User set preference: ['browserVersion', '97']

2022-02-25 09:13:43 - [MESSAGE][INFO] - User set preference: ['katalon:option', '{organizationId=564672, tunnelId=, usingTunnel=false}']

2022-02-25 09:13:43 - [MESSAGE][INFO] - Connecting to remote web server 'testcloud.katalon.com/hub' with type 'Selenium'

2022-02-25 09:13:43 - [MESSAGE][INFO] - Action delay is set to 100 milliseconds

2022-02-25 09:14:10 - [MESSAGE][PASSED] - Browser is opened with url: ''

2022-02-25 09:14:10 - [TEST_STEP][PASSED] - maximizeWindow(): Current window maximized

2022-02-25 09:14:11 - [MESSAGE][PASSED] - Current window maximized

2022-02-25 09:14:11 - [TEST_STEP][PASSED] - navigateToUrl(url): Navigate to 'https://stars-stage.hawk.ru:8080' successfully

2022-02-25 09:14:17 - [MESSAGE][PASSED] - Navigate to 'https://stars-stage.hawk.ru:8080' successfully

2022-02-25 09:14:17 - [TEST_STEP][PASSED] - setText(findTestObject("Object Repository/Page_/input__sc-lnrBVv eqPACj"), admin_login): Text 'eronko.i@hc-avangard.com' is set on object 'Object Repository/Page_/input__sc-lnrBVv eqPACj'

2022-02-25 09:14:20 - [MESSAGE][PASSED] - Text 'eronko.i@hc-avangard.com' is set on object 'Object Repository/Page_/input__sc-lnrBVv eqPACj'

2022-02-25 09:14:20 - [TEST_STEP][PASSED] - setText(findTestObject("Object Repository/Page_/input__sc-lnrBVv eqPACj_1"), admin_password): Text 'eronko.i' is set on object 'Object Repository/Page_/input__sc-lnrBVv eqPACj_1'

2022-02-25 09:14:24 - [MESSAGE][PASSED] - Text 'eronko.i' is set on object 'Object Repository/Page_/input__sc-lnrBVv eqPACj_1'

2022-02-25 09:14:24 - [TEST_STEP][PASSED] - click(findTestObject("Object Repository/Page_/go")): Object: 'Object Repository/Page_/go' is clicked on

2022-02-25 09:14:26 - [MESSAGE][PASSED] - Object: 'Object Repository/Page_/go' is clicked on

2022-02-25 09:14:26 - [MESSAGE][PASSED] - Call Test Case 'Test Cases/Администратор/Авторизация' successfully

2022-02-25 09:14:26 - [TEST_STEP][PASSED] - click(findTestObject("admin/reports/keys/reports/report")): Object: 'Object Repository/admin/reports/keys/reports/report' is clicked on

2022-02-25 09:14:46 - [MESSAGE][PASSED] - Object: 'Object Repository/admin/reports/keys/reports/report' is clicked on]]></system-out>
         <system-err><![CDATA[]]></system-err>
      </testcase>
      <testcase name="Test Cases/Менеджер/Менеджер Документы" time="80.311" classname="Test Cases/Менеджер/Менеджер Документы" status="PASSED">
         <system-out><![CDATA[2022-02-25 09:14:46 - [TEST_CASE][PASSED] - Test Cases/Менеджер/Менеджер Документы: Test Cases/Менеджер/Менеджер Документы

2022-02-25 09:14:47 - [TEST_STEP][PASSED] - callTestCase(findTestCase("Администратор/Авторизация"), [:], STOP_ON_FAILURE): Call Test Case 'Test Cases/Администратор/Авторизация' successfully

2022-02-25 09:14:47 - [TEST_CASE][PASSED] - Test Cases/Администратор/Авторизация: Test Cases/Администратор/Авторизация

2022-02-25 09:14:47 - [TEST_STEP][PASSED] - openBrowser(""): Browser is opened with url: ''

2022-02-25 09:14:47 - [MESSAGE][WARNING] - A browser is already opened. Closing browser and opening a new one

2022-02-25 09:14:48 - [MESSAGE][INFO] - User set preference: ['os', 'linux']

2022-02-25 09:14:48 - [MESSAGE][INFO] - User set preference: ['browserName', 'chrome']

2022-02-25 09:14:48 - [MESSAGE][INFO] - User set preference: ['browserVersion', '97']

2022-02-25 09:14:48 - [MESSAGE][INFO] - User set preference: ['katalon:option', '{organizationId=564672, tunnelId=, usingTunnel=false}']

2022-02-25 09:14:48 - [MESSAGE][INFO] - Connecting to remote web server 'testcloud.katalon.com/hub' with type 'Selenium'

2022-02-25 09:14:48 - [MESSAGE][INFO] - Action delay is set to 100 milliseconds

2022-02-25 09:15:24 - [MESSAGE][PASSED] - Browser is opened with url: ''

2022-02-25 09:15:24 - [TEST_STEP][PASSED] - maximizeWindow(): Current window maximized

2022-02-25 09:15:25 - [MESSAGE][PASSED] - Current window maximized

2022-02-25 09:15:25 - [TEST_STEP][PASSED] - navigateToUrl(url): Navigate to 'https://stars-stage.hawk.ru:8080' successfully

2022-02-25 09:15:31 - [MESSAGE][PASSED] - Navigate to 'https://stars-stage.hawk.ru:8080' successfully

2022-02-25 09:15:31 - [TEST_STEP][PASSED] - setText(findTestObject("Object Repository/Page_/input__sc-lnrBVv eqPACj"), admin_login): Text 'eronko.i@hc-avangard.com' is set on object 'Object Repository/Page_/input__sc-lnrBVv eqPACj'

2022-02-25 09:15:36 - [MESSAGE][PASSED] - Text 'eronko.i@hc-avangard.com' is set on object 'Object Repository/Page_/input__sc-lnrBVv eqPACj'

2022-02-25 09:15:36 - [TEST_STEP][PASSED] - setText(findTestObject("Object Repository/Page_/input__sc-lnrBVv eqPACj_1"), admin_password): Text 'eronko.i' is set on object 'Object Repository/Page_/input__sc-lnrBVv eqPACj_1'

2022-02-25 09:15:39 - [MESSAGE][PASSED] - Text 'eronko.i' is set on object 'Object Repository/Page_/input__sc-lnrBVv eqPACj_1'

2022-02-25 09:15:39 - [TEST_STEP][PASSED] - click(findTestObject("Object Repository/Page_/go")): Object: 'Object Repository/Page_/go' is clicked on

2022-02-25 09:15:41 - [MESSAGE][PASSED] - Object: 'Object Repository/Page_/go' is clicked on

2022-02-25 09:15:41 - [MESSAGE][PASSED] - Call Test Case 'Test Cases/Администратор/Авторизация' successfully

2022-02-25 09:15:41 - [TEST_STEP][PASSED] - click(findTestObject("Avangard New/Object (Менеджер)/documents (Вкладка)")): Object: 'Object Repository/Avangard New/Object (Менеджер)/documents (Вкладка)' is clicked on

2022-02-25 09:15:56 - [MESSAGE][PASSED] - Object: 'Object Repository/Avangard New/Object (Менеджер)/documents (Вкладка)' is clicked on

2022-02-25 09:15:56 - [TEST_STEP][PASSED] - waitForPageLoad(10): Wait for page load successfully

2022-02-25 09:15:57 - [MESSAGE][PASSED] - Wait for page load successfully

2022-02-25 09:15:57 - [TEST_STEP][PASSED] - click(findTestObject("Avangard New/Object (Менеджер)/document (Сам документ)")): Object: 'Object Repository/Avangard New/Object (Менеджер)/document (Сам документ)' is clicked on

2022-02-25 09:16:00 - [MESSAGE][PASSED] - Object: 'Object Repository/Avangard New/Object (Менеджер)/document (Сам документ)' is clicked on

2022-02-25 09:16:00 - [TEST_STEP][PASSED] - verifyElementClickable(findTestObject("Avangard New/Object (Менеджер)/button download")): Object 'Object Repository/Avangard New/Object (Менеджер)/button download' is clickable

2022-02-25 09:16:02 - [MESSAGE][PASSED] - Object 'Object Repository/Avangard New/Object (Менеджер)/button download' is clickable

2022-02-25 09:16:02 - [TEST_STEP][NOT_RUN] - sendKeys(findTestObject("Avangard New/Object (Менеджер)/button download"), Keys.chord(ESCAPE)): NOT_RUN: sendKeys(findTestObject("Avangard New/Object (Менеджер)/button download"), Keys.chord(ESCAPE))

2022-02-25 09:16:02 - [MESSAGE][NOT_RUN] - NOT_RUN: sendKeys(findTestObject("Avangard New/Object (Менеджер)/button download"), Keys.chord(ESCAPE))

2022-02-25 09:16:02 - [TEST_STEP][PASSED] - click(findTestObject("Avangard New/Object (Менеджер)/exit (Выход с формы)")): Object: 'Object Repository/Avangard New/Object (Менеджер)/exit (Выход с формы)' is clicked on

2022-02-25 09:16:04 - [MESSAGE][PASSED] - Object: 'Object Repository/Avangard New/Object (Менеджер)/exit (Выход с формы)' is clicked on

2022-02-25 09:16:04 - [TEST_STEP][PASSED] - click(findTestObject("Avangard New/Object (Менеджер)/home (Главная)")): Object: 'Object Repository/Avangard New/Object (Менеджер)/home (Главная)' is clicked on

2022-02-25 09:16:06 - [MESSAGE][PASSED] - Object: 'Object Repository/Avangard New/Object (Менеджер)/home (Главная)' is clicked on

2022-02-25 09:16:06 - [TEST_STEP][PASSED] - closeBrowser(): Browser is closed

2022-02-25 09:16:07 - [MESSAGE][PASSED] - Browser is closed]]></system-out>
         <system-err><![CDATA[]]></system-err>
      </testcase>
      <testcase name="Test Cases/Менеджер/Профиль Менеджера" time="69.85" classname="Test Cases/Менеджер/Профиль Менеджера" status="PASSED">
         <system-out><![CDATA[2022-02-25 09:16:07 - [TEST_CASE][PASSED] - Test Cases/Менеджер/Профиль Менеджера: Test Cases/Менеджер/Профиль Менеджера

2022-02-25 09:16:08 - [TEST_STEP][PASSED] - callTestCase(findTestCase("Администратор/Авторизация"), [:], STOP_ON_FAILURE): Call Test Case 'Test Cases/Администратор/Авторизация' successfully

2022-02-25 09:16:08 - [TEST_CASE][PASSED] - Test Cases/Администратор/Авторизация: Test Cases/Администратор/Авторизация

2022-02-25 09:16:08 - [TEST_STEP][PASSED] - openBrowser(""): Browser is opened with url: ''

2022-02-25 09:16:08 - [MESSAGE][INFO] - User set preference: ['os', 'linux']

2022-02-25 09:16:08 - [MESSAGE][INFO] - User set preference: ['browserName', 'chrome']

2022-02-25 09:16:08 - [MESSAGE][INFO] - User set preference: ['browserVersion', '97']

2022-02-25 09:16:08 - [MESSAGE][INFO] - User set preference: ['katalon:option', '{organizationId=564672, tunnelId=, usingTunnel=false}']

2022-02-25 09:16:08 - [MESSAGE][INFO] - Connecting to remote web server 'testcloud.katalon.com/hub' with type 'Selenium'

2022-02-25 09:16:08 - [MESSAGE][INFO] - Action delay is set to 100 milliseconds

2022-02-25 09:16:40 - [MESSAGE][PASSED] - Browser is opened with url: ''

2022-02-25 09:16:40 - [TEST_STEP][PASSED] - maximizeWindow(): Current window maximized

2022-02-25 09:16:40 - [MESSAGE][PASSED] - Current window maximized

2022-02-25 09:16:40 - [TEST_STEP][PASSED] - navigateToUrl(url): Navigate to 'https://stars-stage.hawk.ru:8080' successfully

2022-02-25 09:16:46 - [MESSAGE][PASSED] - Navigate to 'https://stars-stage.hawk.ru:8080' successfully

2022-02-25 09:16:46 - [TEST_STEP][PASSED] - setText(findTestObject("Object Repository/Page_/input__sc-lnrBVv eqPACj"), admin_login): Text 'eronko.i@hc-avangard.com' is set on object 'Object Repository/Page_/input__sc-lnrBVv eqPACj'

2022-02-25 09:16:50 - [MESSAGE][PASSED] - Text 'eronko.i@hc-avangard.com' is set on object 'Object Repository/Page_/input__sc-lnrBVv eqPACj'

2022-02-25 09:16:50 - [TEST_STEP][PASSED] - setText(findTestObject("Object Repository/Page_/input__sc-lnrBVv eqPACj_1"), admin_password): Text 'eronko.i' is set on object 'Object Repository/Page_/input__sc-lnrBVv eqPACj_1'

2022-02-25 09:16:54 - [MESSAGE][PASSED] - Text 'eronko.i' is set on object 'Object Repository/Page_/input__sc-lnrBVv eqPACj_1'

2022-02-25 09:16:54 - [TEST_STEP][PASSED] - click(findTestObject("Object Repository/Page_/go")): Object: 'Object Repository/Page_/go' is clicked on

2022-02-25 09:16:56 - [MESSAGE][PASSED] - Object: 'Object Repository/Page_/go' is clicked on

2022-02-25 09:16:56 - [MESSAGE][PASSED] - Call Test Case 'Test Cases/Администратор/Авторизация' successfully

2022-02-25 09:16:56 - [TEST_STEP][PASSED] - scrollToElement(findTestObject("Object Repository/Avangard New/Object (Менеджер)/Eronko"), 0): Scroll to object 'Object Repository/Avangard New/Object (Менеджер)/Eronko' successfully

2022-02-25 09:16:56 - [MESSAGE][WARNING] - Timeout '0' is invalid. Using default page load timeout: '30'

2022-02-25 09:17:07 - [MESSAGE][PASSED] - Scroll to object 'Object Repository/Avangard New/Object (Менеджер)/Eronko' successfully

2022-02-25 09:17:07 - [TEST_STEP][PASSED] - click(findTestObject("Object Repository/Avangard New/Object (Менеджер)/Eronko")): Object: 'Object Repository/Avangard New/Object (Менеджер)/Eronko' is clicked on

2022-02-25 09:17:10 - [MESSAGE][PASSED] - Object: 'Object Repository/Avangard New/Object (Менеджер)/Eronko' is clicked on

2022-02-25 09:17:10 - [TEST_STEP][PASSED] - verifyTextPresent("РЕДАКТИРОВАНИЕ ПРОФИЛЯ", true): Text 'РЕДАКТИРОВАНИЕ ПРОФИЛЯ' is present on page  using regular expression

2022-02-25 09:17:12 - [MESSAGE][PASSED] - Text 'РЕДАКТИРОВАНИЕ ПРОФИЛЯ' is present on page  using regular expression

2022-02-25 09:17:12 - [TEST_STEP][NOT_RUN] - takeFullPageScreenshot("C:\scr\" + school + "33.jpg"): NOT_RUN: takeFullPageScreenshot("C:\scr\" + school + "33.jpg")

2022-02-25 09:17:12 - [MESSAGE][NOT_RUN] - NOT_RUN: takeFullPageScreenshot("C:\scr\" + school + "33.jpg")

2022-02-25 09:17:12 - [TEST_STEP][PASSED] - click(findTestObject("Avangard New/Object (Менеджер)/save (кнопка)")): Object: 'Object Repository/Avangard New/Object (Менеджер)/save (кнопка)' is clicked on

2022-02-25 09:17:14 - [MESSAGE][PASSED] - Object: 'Object Repository/Avangard New/Object (Менеджер)/save (кнопка)' is clicked on

2022-02-25 09:17:14 - [TEST_STEP][PASSED] - verifyTextPresent("Пользователь сохранен", false): Text 'Пользователь сохранен' is present on page 

2022-02-25 09:17:16 - [MESSAGE][PASSED] - Text 'Пользователь сохранен' is present on page 

2022-02-25 09:17:16 - [TEST_STEP][PASSED] - closeBrowser(): Browser is closed

2022-02-25 09:17:17 - [MESSAGE][PASSED] - Browser is closed]]></system-out>
         <system-err><![CDATA[]]></system-err>
      </testcase>
      <testcase name="Test Cases/Менеджер/Менеджер Профиль игрока" time="128.85" classname="Test Cases/Менеджер/Менеджер Профиль игрока" status="PASSED">
         <system-out><![CDATA[2022-02-25 09:17:17 - [TEST_CASE][PASSED] - Test Cases/Менеджер/Менеджер Профиль игрока: Test Cases/Менеджер/Менеджер Профиль игрока

2022-02-25 09:17:18 - [TEST_STEP][PASSED] - callTestCase(findTestCase("Администратор/Авторизация"), [:], STOP_ON_FAILURE): Call Test Case 'Test Cases/Администратор/Авторизация' successfully

2022-02-25 09:17:18 - [TEST_CASE][PASSED] - Test Cases/Администратор/Авторизация: Test Cases/Администратор/Авторизация

2022-02-25 09:17:18 - [TEST_STEP][PASSED] - openBrowser(""): Browser is opened with url: ''

2022-02-25 09:17:18 - [MESSAGE][INFO] - User set preference: ['os', 'linux']

2022-02-25 09:17:18 - [MESSAGE][INFO] - User set preference: ['browserName', 'chrome']

2022-02-25 09:17:18 - [MESSAGE][INFO] - User set preference: ['browserVersion', '97']

2022-02-25 09:17:18 - [MESSAGE][INFO] - User set preference: ['katalon:option', '{organizationId=564672, tunnelId=, usingTunnel=false}']

2022-02-25 09:17:18 - [MESSAGE][INFO] - Connecting to remote web server 'testcloud.katalon.com/hub' with type 'Selenium'

2022-02-25 09:17:18 - [MESSAGE][INFO] - Action delay is set to 100 milliseconds

2022-02-25 09:17:51 - [MESSAGE][PASSED] - Browser is opened with url: ''

2022-02-25 09:17:51 - [TEST_STEP][PASSED] - maximizeWindow(): Current window maximized

2022-02-25 09:17:52 - [MESSAGE][PASSED] - Current window maximized

2022-02-25 09:17:52 - [TEST_STEP][PASSED] - navigateToUrl(url): Navigate to 'https://stars-stage.hawk.ru:8080' successfully

2022-02-25 09:17:57 - [MESSAGE][PASSED] - Navigate to 'https://stars-stage.hawk.ru:8080' successfully

2022-02-25 09:17:57 - [TEST_STEP][PASSED] - setText(findTestObject("Object Repository/Page_/input__sc-lnrBVv eqPACj"), admin_login): Text 'eronko.i@hc-avangard.com' is set on object 'Object Repository/Page_/input__sc-lnrBVv eqPACj'

2022-02-25 09:18:02 - [MESSAGE][PASSED] - Text 'eronko.i@hc-avangard.com' is set on object 'Object Repository/Page_/input__sc-lnrBVv eqPACj'

2022-02-25 09:18:02 - [TEST_STEP][PASSED] - setText(findTestObject("Object Repository/Page_/input__sc-lnrBVv eqPACj_1"), admin_password): Text 'eronko.i' is set on object 'Object Repository/Page_/input__sc-lnrBVv eqPACj_1'

2022-02-25 09:18:06 - [MESSAGE][PASSED] - Text 'eronko.i' is set on object 'Object Repository/Page_/input__sc-lnrBVv eqPACj_1'

2022-02-25 09:18:06 - [TEST_STEP][PASSED] - click(findTestObject("Object Repository/Page_/go")): Object: 'Object Repository/Page_/go' is clicked on

2022-02-25 09:18:08 - [MESSAGE][PASSED] - Object: 'Object Repository/Page_/go' is clicked on

2022-02-25 09:18:08 - [MESSAGE][PASSED] - Call Test Case 'Test Cases/Администратор/Авторизация' successfully

2022-02-25 09:18:08 - [TEST_STEP][PASSED] - click(findTestObject("Object Repository/admin/students/Page_/students")): Object: 'Object Repository/admin/students/Page_/students' is clicked on

2022-02-25 09:18:29 - [MESSAGE][PASSED] - Object: 'Object Repository/admin/students/Page_/students' is clicked on

2022-02-25 09:18:29 - [TEST_STEP][PASSED] - setText(findTestObject("Object Repository/admin/students/input"), player_for_test_1): Text 'Ганин' is set on object 'Object Repository/admin/students/input'

2022-02-25 09:18:34 - [MESSAGE][PASSED] - Text 'Ганин' is set on object 'Object Repository/admin/students/input'

2022-02-25 09:18:34 - [TEST_STEP][PASSED] - click(findTestObject("Object Repository/admin/students/Page_/artur")): Object: 'Object Repository/admin/students/Page_/artur' is clicked on

2022-02-25 09:18:38 - [MESSAGE][PASSED] - Object: 'Object Repository/admin/students/Page_/artur' is clicked on

2022-02-25 09:18:38 - [TEST_STEP][PASSED] - num = getText(findTestObject("Object Repository/admin/students/Page_/player_num")): Text of object 'Object Repository/admin/students/Page_/player_num' is: '88'

2022-02-25 09:18:40 - [MESSAGE][PASSED] - Text of object 'Object Repository/admin/students/Page_/player_num' is: '88'

2022-02-25 09:18:40 - [TEST_STEP][PASSED] - verifyElementText(findTestObject("Object Repository/admin/students/Page_/player_num1"), num): Actual text and expected text of test object 'Object Repository/admin/students/Page_/player_num1' are matched.

2022-02-25 09:18:42 - [MESSAGE][PASSED] - Actual text and expected text of test object 'Object Repository/admin/students/Page_/player_num1' are matched.

2022-02-25 09:18:42 - [TEST_STEP][PASSED] - click(findTestObject("Object Repository/admin/students/Page_/family")): Object: 'Object Repository/admin/students/Page_/family' is clicked on

2022-02-25 09:18:44 - [MESSAGE][PASSED] - Object: 'Object Repository/admin/students/Page_/family' is clicked on

2022-02-25 09:18:44 - [TEST_STEP][PASSED] - verifyElementPresent(findTestObject("admin/panel"), 0): Object 'Object Repository/admin/panel' is present

2022-02-25 09:18:44 - [MESSAGE][WARNING] - Timeout '0' is invalid. Using default page load timeout: '30'

2022-02-25 09:18:45 - [MESSAGE][PASSED] - Object 'Object Repository/admin/panel' is present

2022-02-25 09:18:45 - [TEST_STEP][PASSED] - click(findTestObject("Object Repository/admin/students/Page_/Status")): Object: 'Object Repository/admin/students/Page_/Status' is clicked on

2022-02-25 09:18:47 - [MESSAGE][PASSED] - Object: 'Object Repository/admin/students/Page_/Status' is clicked on

2022-02-25 09:18:47 - [TEST_STEP][PASSED] - click(findTestObject("admin/zveno")): Object: 'Object Repository/admin/zveno' is clicked on

2022-02-25 09:18:53 - [MESSAGE][PASSED] - Object: 'Object Repository/admin/zveno' is clicked on

2022-02-25 09:18:53 - [TEST_STEP][PASSED] - verifyElementPresent(findTestObject("Object Repository/admin/students/Page_/zveno"), 0): Object 'Object Repository/admin/students/Page_/zveno' is present

2022-02-25 09:18:54 - [MESSAGE][WARNING] - Timeout '0' is invalid. Using default page load timeout: '30'

2022-02-25 09:18:56 - [MESSAGE][PASSED] - Object 'Object Repository/admin/students/Page_/zveno' is present

2022-02-25 09:18:56 - [TEST_STEP][PASSED] - verifyElementPresent(findTestObject("Object Repository/admin/students/Page_/zveno1"), 0): Object 'Object Repository/admin/students/Page_/zveno1' is present

2022-02-25 09:18:56 - [MESSAGE][WARNING] - Timeout '0' is invalid. Using default page load timeout: '30'

2022-02-25 09:18:58 - [MESSAGE][PASSED] - Object 'Object Repository/admin/students/Page_/zveno1' is present

2022-02-25 09:18:58 - [TEST_STEP][PASSED] - click(findTestObject("Object Repository/admin/students/Page_/button_stats")): Object: 'Object Repository/admin/students/Page_/button_stats' is clicked on

2022-02-25 09:19:00 - [MESSAGE][PASSED] - Object: 'Object Repository/admin/students/Page_/button_stats' is clicked on

2022-02-25 09:19:00 - [TEST_STEP][PASSED] - verifyTextPresent("Матчи", false): Text 'Матчи' is present on page 

2022-02-25 09:19:02 - [MESSAGE][PASSED] - Text 'Матчи' is present on page 

2022-02-25 09:19:02 - [TEST_STEP][PASSED] - verifyTextPresent("Ранг", false): Text 'Ранг' is present on page 

2022-02-25 09:19:04 - [MESSAGE][PASSED] - Text 'Ранг' is present on page 

2022-02-25 09:19:04 - [TEST_STEP][PASSED] - verifyTextPresent("Игр. время", false): Text 'Игр. время' is present on page 

2022-02-25 09:19:07 - [MESSAGE][PASSED] - Text 'Игр. время' is present on page 

2022-02-25 09:19:07 - [TEST_STEP][PASSED] - click(findTestObject("Object Repository/admin/students/Page_/button_estamition")): Object: 'Object Repository/admin/students/Page_/button_estamition' is clicked on

2022-02-25 09:19:09 - [MESSAGE][PASSED] - Object: 'Object Repository/admin/students/Page_/button_estamition' is clicked on

2022-02-25 09:19:09 - [TEST_STEP][PASSED] - verifyTextPresent("АТАКУЮЩИЕ ДЕЙСТВИЯ", false): Text 'АТАКУЮЩИЕ ДЕЙСТВИЯ' is present on page 

2022-02-25 09:19:11 - [MESSAGE][PASSED] - Text 'АТАКУЮЩИЕ ДЕЙСТВИЯ' is present on page 

2022-02-25 09:19:11 - [TEST_STEP][PASSED] - verifyTextPresent("ОБОРОНИТЕЛЬНЫЕ ДЕЙСТВИЯ", false): Text 'ОБОРОНИТЕЛЬНЫЕ ДЕЙСТВИЯ' is present on page 

2022-02-25 09:19:12 - [MESSAGE][PASSED] - Text 'ОБОРОНИТЕЛЬНЫЕ ДЕЙСТВИЯ' is present on page 

2022-02-25 09:19:12 - [TEST_STEP][PASSED] - click(findTestObject("Object Repository/admin/students/Page_/button_skill")): Object: 'Object Repository/admin/students/Page_/button_skill' is clicked on

2022-02-25 09:19:15 - [MESSAGE][PASSED] - Object: 'Object Repository/admin/students/Page_/button_skill' is clicked on

2022-02-25 09:19:15 - [TEST_STEP][PASSED] - verifyTextPresent("Ускорение", false): Text 'Ускорение' is present on page 

2022-02-25 09:19:18 - [MESSAGE][PASSED] - Text 'Ускорение' is present on page 

2022-02-25 09:19:18 - [TEST_STEP][PASSED] - verifyTextPresent("Катание", false): Text 'Катание' is present on page 

2022-02-25 09:19:20 - [MESSAGE][PASSED] - Text 'Катание' is present on page 

2022-02-25 09:19:20 - [TEST_STEP][PASSED] - verifyTextPresent("Скорость", false): Text 'Скорость' is present on page 

2022-02-25 09:19:23 - [MESSAGE][PASSED] - Text 'Скорость' is present on page 

2022-02-25 09:19:23 - [TEST_STEP][PASSED] - verifyTextPresent("Баланс", false): Text 'Баланс' is present on page 

2022-02-25 09:19:25 - [MESSAGE][PASSED] - Text 'Баланс' is present on page 

2022-02-25 09:19:25 - [TEST_STEP][PASSED] - closeBrowser(): Browser is closed

2022-02-25 09:19:26 - [MESSAGE][PASSED] - Browser is closed]]></system-out>
         <system-err><![CDATA[]]></system-err>
      </testcase>
      <system-out><![CDATA[2022-02-25 08:54:35 - [TEST_SUITE][PASSED] - Менеждер: Test Cases/Менеджер/Менеджер Профиль игрока]]></system-out>
      <system-err><![CDATA[]]></system-err>
   </testsuite>
</testsuites>
