<?xml version="1.0" encoding="UTF-8"?>
<testsuites name="Составы (Омские Ястребы)" time="91.454" tests="1" failures="0" errors="0">
   <testsuite name="Составы (Омские Ястребы)" tests="1" failures="0" errors="0" time="91.454" skipped="0" timestamp="2022-04-14 16:15:47" hostname="LENOVO - DESKTOP-KNHN0AA" id="Test Suites/Составы (Омские Ястребы)">
      <properties>
         <property name="deviceName" value=""/>
         <property name="devicePlatform" value=""/>
         <property name="logFolder" value="C:\\Users\\LENOVO\\Katalon Studio\\Avangard\\Reports\\20220414_155908\\\u0421\u043E\u0441\u0442\u0430\u0432\u044B (\u041E\u043C\u0441\u043A\u0438\u0435 \u042F\u0441\u0442\u0440\u0435\u0431\u044B)\\20220414_155917"/>
         <property name="logFiles" value="C:\\Users\\LENOVO\\Katalon Studio\\Avangard\\Reports\\20220414_155908\\\u0421\u043E\u0441\u0442\u0430\u0432\u044B (\u041E\u043C\u0441\u043A\u0438\u0435 \u042F\u0441\u0442\u0440\u0435\u0431\u044B)\\20220414_155917\\execution0.log"/>
         <property name="attachments" value=""/>
         <property name="hostName" value="LENOVO - DESKTOP-KNHN0AA"/>
         <property name="os" value="Windows 10 64bit"/>
         <property name="katalonVersion" value="8.2.5.208"/>
         <property name="browser" value="Chrome 100.0.4896.75"/>
         <property name="hostAddress" value="192.168.0.11"/>
         <property name="sessionId" value="22cb9d4e4f43214beb3b0fe886fe14ed"/>
         <property name="seleniumVersion" value="3.141.59"/>
         <property name="proxyInformation" value="ProxyInformation { proxyOption=NO_PROXY, proxyServerType=HTTP, username=, password=********, proxyServerAddress=, proxyServerPort=0, executionList=&quot;&quot;, isApplyToDesiredCapabilities=true }"/>
         <property name="platform" value="Windows 10"/>
      </properties>
      <testcase name="Test Cases/Тренер/Составы" time="91.17" classname="Test Cases/Тренер/Составы" status="PASSED">
         <system-out><![CDATA[2022-04-14 16:15:47 - [TEST_CASE][PASSED] - Test Cases/Тренер/Составы: Test Cases/Тренер/Составы

2022-04-14 16:15:47 - [TEST_STEP][PASSED] - callTestCase(findTestCase("Тренер/Авторизация"), [:], STOP_ON_FAILURE): Call Test Case 'Test Cases/Тренер/Авторизация' successfully

2022-04-14 16:15:48 - [TEST_CASE][PASSED] - Test Cases/Тренер/Авторизация: Test Cases/Тренер/Авторизация

2022-04-14 16:15:48 - [TEST_STEP][PASSED] - openBrowser(""): Browser is opened with url: ''

2022-04-14 16:15:48 - [MESSAGE][INFO] - Starting 'Chrome' driver

2022-04-14 16:15:48 - [MESSAGE][INFO] - Action delay is set to 100 milliseconds

2022-04-14 16:15:50 - [MESSAGE][PASSED] - Browser is opened with url: ''

2022-04-14 16:15:50 - [TEST_STEP][PASSED] - maximizeWindow(): Current window maximized

2022-04-14 16:15:50 - [MESSAGE][PASSED] - Current window maximized

2022-04-14 16:15:50 - [TEST_STEP][PASSED] - navigateToUrl(url): Navigate to 'https://stars-stage.hawk.ru:8080' successfully

2022-04-14 16:15:54 - [MESSAGE][PASSED] - Navigate to 'https://stars-stage.hawk.ru:8080' successfully

2022-04-14 16:15:54 - [TEST_STEP][PASSED] - setText(findTestObject("Object Repository/manager/Page_/input__sc-lnrBVv eqPACj"), coach_login): Text 'ageev.da@hc-avangard.com' is set on object 'Object Repository/manager/Page_/input__sc-lnrBVv eqPACj'

2022-04-14 16:15:55 - [MESSAGE][PASSED] - Text 'ageev.da@hc-avangard.com' is set on object 'Object Repository/manager/Page_/input__sc-lnrBVv eqPACj'

2022-04-14 16:15:55 - [TEST_STEP][PASSED] - setText(findTestObject("Object Repository/manager/Page_/input__sc-lnrBVv eqPACj_1"), coach_password): Text 'zz4waxq6' is set on object 'Object Repository/manager/Page_/input__sc-lnrBVv eqPACj_1'

2022-04-14 16:15:56 - [MESSAGE][PASSED] - Text 'zz4waxq6' is set on object 'Object Repository/manager/Page_/input__sc-lnrBVv eqPACj_1'

2022-04-14 16:15:56 - [TEST_STEP][PASSED] - click(findTestObject("manager/Page_/go")): Object: 'Object Repository/manager/Page_/go' is clicked on

2022-04-14 16:15:57 - [MESSAGE][PASSED] - Object: 'Object Repository/manager/Page_/go' is clicked on

2022-04-14 16:15:57 - [MESSAGE][PASSED] - Call Test Case 'Test Cases/Тренер/Авторизация' successfully

2022-04-14 16:15:57 - [TEST_STEP][PASSED] - click(findTestObject("Object Repository/Avangard New/Object (Тренер)/Case (Составы)/span_sostav")): Object: 'Object Repository/Avangard New/Object (Тренер)/Case (Составы)/span_sostav' is clicked on

2022-04-14 16:16:02 - [MESSAGE][PASSED] - Object: 'Object Repository/Avangard New/Object (Тренер)/Case (Составы)/span_sostav' is clicked on

2022-04-14 16:16:02 - [TEST_STEP][NOT_RUN] - click(findTestObject("Object Repository/Avangard New/Object (Тренер)/Case (Составы)/team sostav")): NOT_RUN: click(findTestObject("Object Repository/Avangard New/Object (Тренер)/Case (Составы)/team sostav"))

2022-04-14 16:16:02 - [MESSAGE][NOT_RUN] - NOT_RUN: click(findTestObject("Object Repository/Avangard New/Object (Тренер)/Case (Составы)/team sostav"))

2022-04-14 16:16:02 - [TEST_STEP][NOT_RUN] - setText(findTestObject("Object Repository/Avangard New/Object (Тренер)/Case (Составы)/input__team sostav"), "Омские"): NOT_RUN: setText(findTestObject("Object Repository/Avangard New/Object (Тренер)/Case (Составы)/input__team sostav"), "Омские")

2022-04-14 16:16:02 - [MESSAGE][NOT_RUN] - NOT_RUN: setText(findTestObject("Object Repository/Avangard New/Object (Тренер)/Case (Составы)/input__team sostav"), "Омские")

2022-04-14 16:16:02 - [TEST_STEP][NOT_RUN] - sendKeys(findTestObject("Object Repository/Avangard New/Object (Тренер)/Case (Составы)/input__team sostav"), Keys.chord(ENTER)): NOT_RUN: sendKeys(findTestObject("Object Repository/Avangard New/Object (Тренер)/Case (Составы)/input__team sostav"), Keys.chord(ENTER))

2022-04-14 16:16:02 - [MESSAGE][NOT_RUN] - NOT_RUN: sendKeys(findTestObject("Object Repository/Avangard New/Object (Тренер)/Case (Составы)/input__team sostav"), Keys.chord(ENTER))

2022-04-14 16:16:02 - [TEST_STEP][PASSED] - click(findTestObject("Object Repository/Avangard New/Object (Тренер)/Case (Составы)/clear")): Object: 'Object Repository/Avangard New/Object (Тренер)/Case (Составы)/clear' is clicked on

2022-04-14 16:16:06 - [MESSAGE][PASSED] - Object: 'Object Repository/Avangard New/Object (Тренер)/Case (Составы)/clear' is clicked on

2022-04-14 16:16:06 - [TEST_STEP][PASSED] - click(findTestObject("Object Repository/Avangard New/Object (Тренер)/Case (Составы)/button_yes")): Object: 'Object Repository/Avangard New/Object (Тренер)/Case (Составы)/button_yes' is clicked on

2022-04-14 16:16:07 - [MESSAGE][PASSED] - Object: 'Object Repository/Avangard New/Object (Тренер)/Case (Составы)/button_yes' is clicked on

2022-04-14 16:16:07 - [TEST_STEP][NOT_RUN] - click(findTestObject("Object Repository/Avangard New/Object (Тренер)/Case (Составы)/verif palyer null ln")): NOT_RUN: click(findTestObject("Object Repository/Avangard New/Object (Тренер)/Case (Составы)/verif palyer null ln"))

2022-04-14 16:16:07 - [MESSAGE][NOT_RUN] - NOT_RUN: click(findTestObject("Object Repository/Avangard New/Object (Тренер)/Case (Составы)/verif palyer null ln"))

2022-04-14 16:16:07 - [TEST_STEP][PASSED] - verifyElementText(findTestObject("Object Repository/Avangard New/Object (Тренер)/Case (Составы)/player null"), "Игрок не выбран"): Actual text and expected text of test object 'Object Repository/Avangard New/Object (Тренер)/Case (Составы)/player null' are matched.

2022-04-14 16:16:08 - [MESSAGE][PASSED] - Actual text and expected text of test object 'Object Repository/Avangard New/Object (Тренер)/Case (Составы)/player null' are matched.

2022-04-14 16:16:08 - [TEST_STEP][PASSED] - scrollToElement(findTestObject("Object Repository/Avangard New/Object (Тренер)/Case (Составы)/choice_player"), 0): Scroll to object 'Object Repository/Avangard New/Object (Тренер)/Case (Составы)/choice_player' successfully

2022-04-14 16:16:08 - [MESSAGE][WARNING] - Timeout '0' is invalid. Using default page load timeout: '30'

2022-04-14 16:16:08 - [MESSAGE][PASSED] - Scroll to object 'Object Repository/Avangard New/Object (Тренер)/Case (Составы)/choice_player' successfully

2022-04-14 16:16:08 - [TEST_STEP][PASSED] - click(findTestObject("Object Repository/Avangard New/Object (Тренер)/Case (Составы)/choice_player")): Object: 'Object Repository/Avangard New/Object (Тренер)/Case (Составы)/choice_player' is clicked on

2022-04-14 16:16:09 - [MESSAGE][PASSED] - Object: 'Object Repository/Avangard New/Object (Тренер)/Case (Составы)/choice_player' is clicked on

2022-04-14 16:16:09 - [TEST_STEP][PASSED] - scrollToElement(findTestObject("Object Repository/Avangard New/Object (Тренер)/Case (Составы)/line_position"), 0): Scroll to object 'Object Repository/Avangard New/Object (Тренер)/Case (Составы)/line_position' successfully

2022-04-14 16:16:09 - [MESSAGE][WARNING] - Timeout '0' is invalid. Using default page load timeout: '30'

2022-04-14 16:16:09 - [MESSAGE][PASSED] - Scroll to object 'Object Repository/Avangard New/Object (Тренер)/Case (Составы)/line_position' successfully

2022-04-14 16:16:09 - [TEST_STEP][PASSED] - click(findTestObject("Object Repository/Avangard New/Object (Тренер)/Case (Составы)/line_position")): Object: 'Object Repository/Avangard New/Object (Тренер)/Case (Составы)/line_position' is clicked on

2022-04-14 16:16:10 - [MESSAGE][PASSED] - Object: 'Object Repository/Avangard New/Object (Тренер)/Case (Составы)/line_position' is clicked on

2022-04-14 16:16:10 - [TEST_STEP][PASSED] - click(findTestObject("Object Repository/Avangard New/Object (Тренер)/Case (Составы)/player 1"), STOP_ON_FAILURE): Object: 'Object Repository/Avangard New/Object (Тренер)/Case (Составы)/player 1' is clicked on

2022-04-14 16:16:10 - [MESSAGE][PASSED] - Object: 'Object Repository/Avangard New/Object (Тренер)/Case (Составы)/player 1' is clicked on

2022-04-14 16:16:10 - [TEST_STEP][PASSED] - click(findTestObject("Object Repository/Avangard New/Object (Тренер)/Case (Составы)/pos2"), STOP_ON_FAILURE): Object: 'Object Repository/Avangard New/Object (Тренер)/Case (Составы)/pos2' is clicked on

2022-04-14 16:16:11 - [MESSAGE][PASSED] - Object: 'Object Repository/Avangard New/Object (Тренер)/Case (Составы)/pos2' is clicked on

2022-04-14 16:16:11 - [TEST_STEP][PASSED] - scrollToElement(findTestObject("Object Repository/Avangard New/Object (Тренер)/Case (Составы)/player3"), 0, STOP_ON_FAILURE): Scroll to object 'Object Repository/Avangard New/Object (Тренер)/Case (Составы)/player3' successfully

2022-04-14 16:16:11 - [MESSAGE][WARNING] - Timeout '0' is invalid. Using default page load timeout: '30'

2022-04-14 16:16:11 - [MESSAGE][PASSED] - Scroll to object 'Object Repository/Avangard New/Object (Тренер)/Case (Составы)/player3' successfully

2022-04-14 16:16:11 - [TEST_STEP][PASSED] - click(findTestObject("Object Repository/Avangard New/Object (Тренер)/Case (Составы)/player3"), STOP_ON_FAILURE): Object: 'Object Repository/Avangard New/Object (Тренер)/Case (Составы)/player3' is clicked on

2022-04-14 16:16:12 - [MESSAGE][PASSED] - Object: 'Object Repository/Avangard New/Object (Тренер)/Case (Составы)/player3' is clicked on

2022-04-14 16:16:12 - [TEST_STEP][PASSED] - click(findTestObject("Object Repository/Avangard New/Object (Тренер)/Case (Составы)/po3"), STOP_ON_FAILURE): Object: 'Object Repository/Avangard New/Object (Тренер)/Case (Составы)/po3' is clicked on

2022-04-14 16:16:12 - [MESSAGE][PASSED] - Object: 'Object Repository/Avangard New/Object (Тренер)/Case (Составы)/po3' is clicked on

2022-04-14 16:16:12 - [TEST_STEP][PASSED] - scrollToElement(findTestObject("Object Repository/Avangard New/Object (Тренер)/Case (Составы)/player4"), 0, STOP_ON_FAILURE): Scroll to object 'Object Repository/Avangard New/Object (Тренер)/Case (Составы)/player4' successfully

2022-04-14 16:16:12 - [MESSAGE][WARNING] - Timeout '0' is invalid. Using default page load timeout: '30'

2022-04-14 16:16:13 - [MESSAGE][PASSED] - Scroll to object 'Object Repository/Avangard New/Object (Тренер)/Case (Составы)/player4' successfully

2022-04-14 16:16:13 - [TEST_STEP][PASSED] - click(findTestObject("Object Repository/Avangard New/Object (Тренер)/Case (Составы)/player4"), STOP_ON_FAILURE): Object: 'Object Repository/Avangard New/Object (Тренер)/Case (Составы)/player4' is clicked on

2022-04-14 16:16:13 - [MESSAGE][PASSED] - Object: 'Object Repository/Avangard New/Object (Тренер)/Case (Составы)/player4' is clicked on

2022-04-14 16:16:13 - [TEST_STEP][PASSED] - click(findTestObject("Object Repository/Avangard New/Object (Тренер)/Case (Составы)/pos4"), STOP_ON_FAILURE): Object: 'Object Repository/Avangard New/Object (Тренер)/Case (Составы)/pos4' is clicked on

2022-04-14 16:16:14 - [MESSAGE][PASSED] - Object: 'Object Repository/Avangard New/Object (Тренер)/Case (Составы)/pos4' is clicked on

2022-04-14 16:16:14 - [TEST_STEP][PASSED] - scrollToElement(findTestObject("Object Repository/Avangard New/Object (Тренер)/Case (Составы)/player5"), 0, STOP_ON_FAILURE): Scroll to object 'Object Repository/Avangard New/Object (Тренер)/Case (Составы)/player5' successfully

2022-04-14 16:16:14 - [MESSAGE][WARNING] - Timeout '0' is invalid. Using default page load timeout: '30'

2022-04-14 16:16:14 - [MESSAGE][PASSED] - Scroll to object 'Object Repository/Avangard New/Object (Тренер)/Case (Составы)/player5' successfully

2022-04-14 16:16:14 - [TEST_STEP][PASSED] - click(findTestObject("Object Repository/Avangard New/Object (Тренер)/Case (Составы)/player5"), STOP_ON_FAILURE): Object: 'Object Repository/Avangard New/Object (Тренер)/Case (Составы)/player5' is clicked on

2022-04-14 16:16:15 - [MESSAGE][PASSED] - Object: 'Object Repository/Avangard New/Object (Тренер)/Case (Составы)/player5' is clicked on

2022-04-14 16:16:15 - [TEST_STEP][PASSED] - verifyTextPresent("Игрок недоступен для выбора", false, STOP_ON_FAILURE): Text 'Игрок недоступен для выбора' is present on page 

2022-04-14 16:16:16 - [MESSAGE][PASSED] - Text 'Игрок недоступен для выбора' is present on page 

2022-04-14 16:16:16 - [TEST_STEP][PASSED] - click(findTestObject("Object Repository/Avangard New/Object (Тренер)/Case (Составы)/button_save")): Object: 'Object Repository/Avangard New/Object (Тренер)/Case (Составы)/button_save' is clicked on

2022-04-14 16:16:16 - [MESSAGE][PASSED] - Object: 'Object Repository/Avangard New/Object (Тренер)/Case (Составы)/button_save' is clicked on

2022-04-14 16:16:16 - [TEST_STEP][PASSED] - verifyTextPresent("Изменения в составе сохранены", false): Text 'Изменения в составе сохранены' is present on page 

2022-04-14 16:16:20 - [MESSAGE][PASSED] - Text 'Изменения в составе сохранены' is present on page 

2022-04-14 16:16:20 - [TEST_STEP][PASSED] - callTestCase(findTestCase("Игрок/Cоставы у Игрока (переиспользуется в Составы у Тренера)"), [:], STOP_ON_FAILURE): Call Test Case 'Test Cases/Игрок/Cоставы у Игрока (переиспользуется в Составы у Тренера)' successfully

2022-04-14 16:16:20 - [TEST_CASE][PASSED] - Test Cases/Игрок/Cоставы у Игрока (переиспользуется в Составы у Тренера): Test Cases/Игрок/Cоставы у Игрока (переиспользуется в Составы у Тренера)

2022-04-14 16:16:21 - [TEST_STEP][PASSED] - callTestCase(findTestCase("Игрок/Авторизация"), [:], STOP_ON_FAILURE): Call Test Case 'Test Cases/Игрок/Авторизация' successfully

2022-04-14 16:16:21 - [TEST_CASE][PASSED] - Test Cases/Игрок/Авторизация: Test Cases/Игрок/Авторизация

2022-04-14 16:16:21 - [TEST_STEP][PASSED] - openBrowser(""): Browser is opened with url: ''

2022-04-14 16:16:21 - [MESSAGE][WARNING] - A browser is already opened. Closing browser and opening a new one

2022-04-14 16:16:22 - [MESSAGE][INFO] - Starting 'Chrome' driver

2022-04-14 16:16:22 - [MESSAGE][INFO] - Action delay is set to 100 milliseconds

2022-04-14 16:16:23 - [MESSAGE][PASSED] - Browser is opened with url: ''

2022-04-14 16:16:23 - [TEST_STEP][PASSED] - maximizeWindow(): Current window maximized

2022-04-14 16:16:23 - [MESSAGE][PASSED] - Current window maximized

2022-04-14 16:16:23 - [TEST_STEP][PASSED] - navigateToUrl(url): Navigate to 'https://stars-stage.hawk.ru:8080' successfully

2022-04-14 16:16:27 - [MESSAGE][PASSED] - Navigate to 'https://stars-stage.hawk.ru:8080' successfully

2022-04-14 16:16:27 - [TEST_STEP][PASSED] - setText(findTestObject("Object Repository/manager/Page_/input__sc-lnrBVv eqPACj"), player_login): Text 'danilaganin7218@icloud.com' is set on object 'Object Repository/manager/Page_/input__sc-lnrBVv eqPACj'

2022-04-14 16:16:28 - [MESSAGE][PASSED] - Text 'danilaganin7218@icloud.com' is set on object 'Object Repository/manager/Page_/input__sc-lnrBVv eqPACj'

2022-04-14 16:16:28 - [TEST_STEP][PASSED] - setText(findTestObject("Object Repository/manager/Page_/input__sc-lnrBVv eqPACj_1"), player_password): Text 'danilaganin7218' is set on object 'Object Repository/manager/Page_/input__sc-lnrBVv eqPACj_1'

2022-04-14 16:16:29 - [MESSAGE][PASSED] - Text 'danilaganin7218' is set on object 'Object Repository/manager/Page_/input__sc-lnrBVv eqPACj_1'

2022-04-14 16:16:29 - [TEST_STEP][PASSED] - click(findTestObject("manager/Page_/go")): Object: 'Object Repository/manager/Page_/go' is clicked on

2022-04-14 16:16:30 - [MESSAGE][PASSED] - Object: 'Object Repository/manager/Page_/go' is clicked on

2022-04-14 16:16:30 - [MESSAGE][PASSED] - Call Test Case 'Test Cases/Игрок/Авторизация' successfully

2022-04-14 16:16:30 - [TEST_STEP][PASSED] - click(findTestObject("Object Repository/Avangard New/Object (Тренер)/Case (Составы)/span_")): Object: 'Object Repository/Avangard New/Object (Тренер)/Case (Составы)/span_' is clicked on

2022-04-14 16:16:35 - [MESSAGE][PASSED] - Object: 'Object Repository/Avangard New/Object (Тренер)/Case (Составы)/span_' is clicked on

2022-04-14 16:16:35 - [TEST_STEP][PASSED] - verifyElementText(findTestObject("Object Repository/Avangard New/Object (Тренер)/Case (Составы)/ganin player"), player_for_test_1): Actual text and expected text of test object 'Object Repository/Avangard New/Object (Тренер)/Case (Составы)/ganin player' are matched.

2022-04-14 16:16:38 - [MESSAGE][PASSED] - Actual text and expected text of test object 'Object Repository/Avangard New/Object (Тренер)/Case (Составы)/ganin player' are matched.

2022-04-14 16:16:38 - [TEST_STEP][PASSED] - verifyElementText(findTestObject("Object Repository/Avangard New/Object (Тренер)/Case (Составы)/bulavchuk player"), "Булавчук"): Actual text and expected text of test object 'Object Repository/Avangard New/Object (Тренер)/Case (Составы)/bulavchuk player' are matched.

2022-04-14 16:16:39 - [MESSAGE][PASSED] - Actual text and expected text of test object 'Object Repository/Avangard New/Object (Тренер)/Case (Составы)/bulavchuk player' are matched.

2022-04-14 16:16:39 - [TEST_STEP][PASSED] - verifyElementText(findTestObject("Object Repository/Avangard New/Object (Тренер)/Case (Составы)/Kocubailo  palyer"), "Коцюбайло"): Actual text and expected text of test object 'Object Repository/Avangard New/Object (Тренер)/Case (Составы)/Kocubailo  palyer' are matched.

2022-04-14 16:16:39 - [MESSAGE][PASSED] - Actual text and expected text of test object 'Object Repository/Avangard New/Object (Тренер)/Case (Составы)/Kocubailo  palyer' are matched.

2022-04-14 16:16:39 - [TEST_STEP][PASSED] - verifyElementText(findTestObject("Object Repository/Avangard New/Object (Тренер)/Case (Составы)/leuka palayer"), "Леука"): Actual text and expected text of test object 'Object Repository/Avangard New/Object (Тренер)/Case (Составы)/leuka palayer' are matched.

2022-04-14 16:16:40 - [MESSAGE][PASSED] - Actual text and expected text of test object 'Object Repository/Avangard New/Object (Тренер)/Case (Составы)/leuka palayer' are matched.

2022-04-14 16:16:40 - [TEST_STEP][PASSED] - click(findTestObject("Object Repository/Avangard New/Object (Тренер)/Case (Составы)/home palyer ganin")): Object: 'Object Repository/Avangard New/Object (Тренер)/Case (Составы)/home palyer ganin' is clicked on

2022-04-14 16:16:40 - [MESSAGE][PASSED] - Object: 'Object Repository/Avangard New/Object (Тренер)/Case (Составы)/home palyer ganin' is clicked on

2022-04-14 16:16:40 - [TEST_STEP][PASSED] - scrollToElement(findTestObject("Object Repository/Avangard New/Object (Тренер)/Case (Составы)/div_88 Ganin"), 0): Scroll to object 'Object Repository/Avangard New/Object (Тренер)/Case (Составы)/div_88 Ganin' successfully

2022-04-14 16:16:40 - [MESSAGE][WARNING] - Timeout '0' is invalid. Using default page load timeout: '30'

2022-04-14 16:16:44 - [MESSAGE][PASSED] - Scroll to object 'Object Repository/Avangard New/Object (Тренер)/Case (Составы)/div_88 Ganin' successfully

2022-04-14 16:16:44 - [TEST_STEP][PASSED] - verifyElementVisible(findTestObject("Object Repository/Avangard New/Object (Тренер)/Case (Составы)/div_88 Ganin")): Object 'Object Repository/Avangard New/Object (Тренер)/Case (Составы)/div_88 Ganin' is visible

2022-04-14 16:16:44 - [MESSAGE][PASSED] - Object 'Object Repository/Avangard New/Object (Тренер)/Case (Составы)/div_88 Ganin' is visible

2022-04-14 16:16:44 - [TEST_STEP][PASSED] - verifyElementVisible(findTestObject("Object Repository/Avangard New/Object (Тренер)/Case (Составы)/div_13 Balavchuk")): Object 'Object Repository/Avangard New/Object (Тренер)/Case (Составы)/div_13 Balavchuk' is visible

2022-04-14 16:16:45 - [MESSAGE][PASSED] - Object 'Object Repository/Avangard New/Object (Тренер)/Case (Составы)/div_13 Balavchuk' is visible

2022-04-14 16:16:45 - [TEST_STEP][PASSED] - verifyElementVisible(findTestObject("Object Repository/Avangard New/Object (Тренер)/Case (Составы)/div_86 Kosubailo")): Object 'Object Repository/Avangard New/Object (Тренер)/Case (Составы)/div_86 Kosubailo' is visible

2022-04-14 16:16:45 - [MESSAGE][PASSED] - Object 'Object Repository/Avangard New/Object (Тренер)/Case (Составы)/div_86 Kosubailo' is visible

2022-04-14 16:16:45 - [TEST_STEP][PASSED] - verifyElementVisible(findTestObject("Object Repository/Avangard New/Object (Тренер)/Case (Составы)/div_78 Leyka")): Object 'Object Repository/Avangard New/Object (Тренер)/Case (Составы)/div_78 Leyka' is visible

2022-04-14 16:16:46 - [MESSAGE][PASSED] - Object 'Object Repository/Avangard New/Object (Тренер)/Case (Составы)/div_78 Leyka' is visible

2022-04-14 16:16:46 - [TEST_STEP][PASSED] - closeBrowser(): Browser is closed

2022-04-14 16:16:46 - [MESSAGE][PASSED] - Browser is closed

2022-04-14 16:16:46 - [MESSAGE][PASSED] - Call Test Case 'Test Cases/Игрок/Cоставы у Игрока (переиспользуется в Составы у Тренера)' successfully

2022-04-14 16:16:46 - [TEST_STEP][PASSED] - callTestCase(findTestCase("Тренер/Авторизация"), [:], STOP_ON_FAILURE): Call Test Case 'Test Cases/Тренер/Авторизация' successfully

2022-04-14 16:16:46 - [TEST_CASE][PASSED] - Test Cases/Тренер/Авторизация: Test Cases/Тренер/Авторизация

2022-04-14 16:16:46 - [TEST_STEP][PASSED] - openBrowser(""): Browser is opened with url: ''

2022-04-14 16:16:46 - [MESSAGE][INFO] - Starting 'Chrome' driver

2022-04-14 16:16:46 - [MESSAGE][INFO] - Action delay is set to 100 milliseconds

2022-04-14 16:16:47 - [MESSAGE][PASSED] - Browser is opened with url: ''

2022-04-14 16:16:47 - [TEST_STEP][PASSED] - maximizeWindow(): Current window maximized

2022-04-14 16:16:48 - [MESSAGE][PASSED] - Current window maximized

2022-04-14 16:16:48 - [TEST_STEP][PASSED] - navigateToUrl(url): Navigate to 'https://stars-stage.hawk.ru:8080' successfully

2022-04-14 16:16:52 - [MESSAGE][PASSED] - Navigate to 'https://stars-stage.hawk.ru:8080' successfully

2022-04-14 16:16:52 - [TEST_STEP][PASSED] - setText(findTestObject("Object Repository/manager/Page_/input__sc-lnrBVv eqPACj"), coach_login): Text 'ageev.da@hc-avangard.com' is set on object 'Object Repository/manager/Page_/input__sc-lnrBVv eqPACj'

2022-04-14 16:16:53 - [MESSAGE][PASSED] - Text 'ageev.da@hc-avangard.com' is set on object 'Object Repository/manager/Page_/input__sc-lnrBVv eqPACj'

2022-04-14 16:16:53 - [TEST_STEP][PASSED] - setText(findTestObject("Object Repository/manager/Page_/input__sc-lnrBVv eqPACj_1"), coach_password): Text 'zz4waxq6' is set on object 'Object Repository/manager/Page_/input__sc-lnrBVv eqPACj_1'

2022-04-14 16:16:54 - [MESSAGE][PASSED] - Text 'zz4waxq6' is set on object 'Object Repository/manager/Page_/input__sc-lnrBVv eqPACj_1'

2022-04-14 16:16:54 - [TEST_STEP][PASSED] - click(findTestObject("manager/Page_/go")): Object: 'Object Repository/manager/Page_/go' is clicked on

2022-04-14 16:16:55 - [MESSAGE][PASSED] - Object: 'Object Repository/manager/Page_/go' is clicked on

2022-04-14 16:16:55 - [MESSAGE][PASSED] - Call Test Case 'Test Cases/Тренер/Авторизация' successfully

2022-04-14 16:16:55 - [TEST_STEP][PASSED] - click(findTestObject("Object Repository/Avangard New/Object (Тренер)/Case (Составы)/span_sostav")): Object: 'Object Repository/Avangard New/Object (Тренер)/Case (Составы)/span_sostav' is clicked on

2022-04-14 16:16:59 - [MESSAGE][PASSED] - Object: 'Object Repository/Avangard New/Object (Тренер)/Case (Составы)/span_sostav' is clicked on

2022-04-14 16:16:59 - [TEST_STEP][PASSED] - click(findTestObject("Object Repository/Avangard New/Object (Тренер)/Case (Составы)/clear")): Object: 'Object Repository/Avangard New/Object (Тренер)/Case (Составы)/clear' is clicked on

2022-04-14 16:17:03 - [MESSAGE][PASSED] - Object: 'Object Repository/Avangard New/Object (Тренер)/Case (Составы)/clear' is clicked on

2022-04-14 16:17:03 - [TEST_STEP][PASSED] - click(findTestObject("Object Repository/Avangard New/Object (Тренер)/Case (Составы)/button_yes")): Object: 'Object Repository/Avangard New/Object (Тренер)/Case (Составы)/button_yes' is clicked on

2022-04-14 16:17:04 - [MESSAGE][PASSED] - Object: 'Object Repository/Avangard New/Object (Тренер)/Case (Составы)/button_yes' is clicked on

2022-04-14 16:17:04 - [TEST_STEP][PASSED] - click(findTestObject("Object Repository/Avangard New/Object (Тренер)/Case (Составы)/button_save")): Object: 'Object Repository/Avangard New/Object (Тренер)/Case (Составы)/button_save' is clicked on

2022-04-14 16:17:04 - [MESSAGE][PASSED] - Object: 'Object Repository/Avangard New/Object (Тренер)/Case (Составы)/button_save' is clicked on

2022-04-14 16:17:04 - [TEST_STEP][PASSED] - verifyTextPresent("Ошибка при загрузке: Состав не может быть пустым", false): Text 'Ошибка при загрузке: Состав не может быть пустым' is present on page 

2022-04-14 16:17:06 - [MESSAGE][PASSED] - Text 'Ошибка при загрузке: Состав не может быть пустым' is present on page 

2022-04-14 16:17:06 - [TEST_STEP][PASSED] - scrollToElement(findTestObject("Object Repository/Avangard New/Object (Тренер)/Case (Составы)/exit profile"), 0): Scroll to object 'Object Repository/Avangard New/Object (Тренер)/Case (Составы)/exit profile' successfully

2022-04-14 16:17:06 - [MESSAGE][WARNING] - Timeout '0' is invalid. Using default page load timeout: '30'

2022-04-14 16:17:06 - [MESSAGE][PASSED] - Scroll to object 'Object Repository/Avangard New/Object (Тренер)/Case (Составы)/exit profile' successfully

2022-04-14 16:17:06 - [TEST_STEP][PASSED] - click(findTestObject("Object Repository/Avangard New/Object (Тренер)/Case (Составы)/exit profile")): Object: 'Object Repository/Avangard New/Object (Тренер)/Case (Составы)/exit profile' is clicked on

2022-04-14 16:17:06 - [MESSAGE][PASSED] - Object: 'Object Repository/Avangard New/Object (Тренер)/Case (Составы)/exit profile' is clicked on

2022-04-14 16:17:06 - [TEST_STEP][PASSED] - setText(findTestObject("Avangard New/Object (Тренер)/Case (Составы)/input_login Levashev"), "levashev.ps@hc-avangard.com"): Text 'levashev.ps@hc-avangard.com' is set on object 'Object Repository/Avangard New/Object (Тренер)/Case (Составы)/input_login Levashev'

2022-04-14 16:17:09 - [MESSAGE][PASSED] - Text 'levashev.ps@hc-avangard.com' is set on object 'Object Repository/Avangard New/Object (Тренер)/Case (Составы)/input_login Levashev'

2022-04-14 16:17:09 - [TEST_STEP][PASSED] - setEncryptedText(findTestObject("Avangard New/Object (Тренер)/Case (Составы)/input__password Levashev"), "G3QhECOlcrTdOvw/hygZOA=="): Text ****** has been set on object 'Object Repository/Avangard New/Object (Тренер)/Case (Составы)/input__password Levashev'

2022-04-14 16:17:09 - [MESSAGE][PASSED] - Text ****** has been set on object 'Object Repository/Avangard New/Object (Тренер)/Case (Составы)/input__password Levashev'

2022-04-14 16:17:09 - [TEST_STEP][PASSED] - click(findTestObject("Object Repository/Avangard New/Object (Тренер)/Case (Составы)/div_enter")): Object: 'Object Repository/Avangard New/Object (Тренер)/Case (Составы)/div_enter' is clicked on

2022-04-14 16:17:10 - [MESSAGE][PASSED] - Object: 'Object Repository/Avangard New/Object (Тренер)/Case (Составы)/div_enter' is clicked on

2022-04-14 16:17:10 - [TEST_STEP][PASSED] - click(findTestObject("Object Repository/Avangard New/Object (Тренер)/Case (Составы)/span_sostav")): Object: 'Object Repository/Avangard New/Object (Тренер)/Case (Составы)/span_sostav' is clicked on

2022-04-14 16:17:16 - [MESSAGE][PASSED] - Object: 'Object Repository/Avangard New/Object (Тренер)/Case (Составы)/span_sostav' is clicked on

2022-04-14 16:17:16 - [TEST_STEP][PASSED] - click(findTestObject("Object Repository/Avangard New/Object (Тренер)/Case (Составы)/button_")): Object: 'Object Repository/Avangard New/Object (Тренер)/Case (Составы)/button_' is clicked on

2022-04-14 16:17:17 - [MESSAGE][PASSED] - Object: 'Object Repository/Avangard New/Object (Тренер)/Case (Составы)/button_' is clicked on

2022-04-14 16:17:17 - [TEST_STEP][PASSED] - click(findTestObject("Object Repository/Avangard New/Object (Тренер)/Case (Составы)/button__1")): Object: 'Object Repository/Avangard New/Object (Тренер)/Case (Составы)/button__1' is clicked on

2022-04-14 16:17:18 - [MESSAGE][PASSED] - Object: 'Object Repository/Avangard New/Object (Тренер)/Case (Составы)/button__1' is clicked on

2022-04-14 16:17:18 - [TEST_STEP][PASSED] - closeBrowser(): Browser is closed

2022-04-14 16:17:18 - [MESSAGE][PASSED] - Browser is closed]]></system-out>
         <system-err><![CDATA[]]></system-err>
      </testcase>
      <system-out><![CDATA[2022-04-14 16:15:47 - [TEST_SUITE][PASSED] - Составы (Омские Ястребы): Test Cases/Тренер/Составы]]></system-out>
      <system-err><![CDATA[]]></system-err>
   </testsuite>
</testsuites>
