<?xml version="1.0" encoding="UTF-8"?>
<testsuites name="all_test" time="1544.869" tests="31" failures="8" errors="0">
   <testsuite name="Доктор" tests="5" failures="0" errors="0" time="234.754" skipped="0" timestamp="2022-04-14 15:59:27" hostname="LENOVO - DESKTOP-KNHN0AA" id="Test Suites/Доктор">
      <properties>
         <property name="deviceName" value=""/>
         <property name="devicePlatform" value=""/>
         <property name="logFolder" value="C:\\Users\\LENOVO\\Katalon Studio\\Avangard\\Reports\\20220414_155908\\\u0414\u043E\u043A\u0442\u043E\u0440\\20220414_155909"/>
         <property name="logFiles" value="C:\\Users\\LENOVO\\Katalon Studio\\Avangard\\Reports\\20220414_155908\\\u0414\u043E\u043A\u0442\u043E\u0440\\20220414_155909\\execution0.log"/>
         <property name="attachments" value=""/>
         <property name="hostName" value="LENOVO - DESKTOP-KNHN0AA"/>
         <property name="os" value="Windows 10 64bit"/>
         <property name="katalonVersion" value="8.2.5.208"/>
         <property name="browser" value="Chrome 100.0.4896.75"/>
         <property name="hostAddress" value="192.168.0.11"/>
         <property name="sessionId" value="abcfc7d5dbe0234ce251c6a9a5ea44f4"/>
         <property name="seleniumVersion" value="3.141.59"/>
         <property name="proxyInformation" value="ProxyInformation { proxyOption=NO_PROXY, proxyServerType=HTTP, username=, password=********, proxyServerAddress=, proxyServerPort=0, executionList=&quot;&quot;, isApplyToDesiredCapabilities=true }"/>
         <property name="platform" value="Windows 10"/>
      </properties>
      <testcase name="Test Cases/Доктор/Авторизация врач" time="11.125" classname="Test Cases/Доктор/Авторизация врач" status="PASSED">
         <system-out><![CDATA[2022-04-14 15:59:28 - [TEST_CASE][PASSED] - Test Cases/Доктор/Авторизация врач: Test Cases/Доктор/Авторизация врач

2022-04-14 15:59:28 - [TEST_STEP][PASSED] - openBrowser(""): Browser is opened with url: ''

2022-04-14 15:59:28 - [MESSAGE][INFO] - Starting 'Chrome' driver

2022-04-14 15:59:28 - [MESSAGE][INFO] - Action delay is set to 100 milliseconds

2022-04-14 15:59:30 - [MESSAGE][PASSED] - Browser is opened with url: ''

2022-04-14 15:59:30 - [TEST_STEP][PASSED] - maximizeWindow(): Current window maximized

2022-04-14 15:59:30 - [MESSAGE][PASSED] - Current window maximized

2022-04-14 15:59:30 - [TEST_STEP][PASSED] - navigateToUrl(url): Navigate to 'https://stars-stage.hawk.ru:8080' successfully

2022-04-14 15:59:36 - [MESSAGE][PASSED] - Navigate to 'https://stars-stage.hawk.ru:8080' successfully

2022-04-14 15:59:36 - [TEST_STEP][PASSED] - setText(findTestObject("Object Repository/vra/Page_/input__sc-lnrBVv eqPACj"), doktor_login): Text 'TestDoctor@mail.ru' is set on object 'Object Repository/vra/Page_/input__sc-lnrBVv eqPACj'

2022-04-14 15:59:37 - [MESSAGE][PASSED] - Text 'TestDoctor@mail.ru' is set on object 'Object Repository/vra/Page_/input__sc-lnrBVv eqPACj'

2022-04-14 15:59:37 - [TEST_STEP][PASSED] - setText(findTestObject("Object Repository/vra/Page_/input__sc-lnrBVv eqPACj_1"), doktor_password, STOP_ON_FAILURE): Text 'testdoctor@mail.ru' is set on object 'Object Repository/vra/Page_/input__sc-lnrBVv eqPACj_1'

2022-04-14 15:59:38 - [MESSAGE][PASSED] - Text 'testdoctor@mail.ru' is set on object 'Object Repository/vra/Page_/input__sc-lnrBVv eqPACj_1'

2022-04-14 15:59:38 - [TEST_STEP][PASSED] - click(findTestObject("Object Repository/vrach/Page_/Page_/go")): Object: 'Object Repository/vrach/Page_/Page_/go' is clicked on

2022-04-14 15:59:39 - [MESSAGE][PASSED] - Object: 'Object Repository/vrach/Page_/Page_/go' is clicked on]]></system-out>
         <system-err><![CDATA[]]></system-err>
      </testcase>
      <testcase name="Test Cases/Доктор/Просмотр профиля" time="16.301" classname="Test Cases/Доктор/Просмотр профиля" status="PASSED">
         <system-out><![CDATA[2022-04-14 15:59:39 - [TEST_CASE][PASSED] - Test Cases/Доктор/Просмотр профиля: Test Cases/Доктор/Просмотр профиля

2022-04-14 15:59:39 - [TEST_STEP][PASSED] - callTestCase(findTestCase("Доктор/Авторизация врач"), [:], STOP_ON_FAILURE): Call Test Case 'Test Cases/Доктор/Авторизация врач' successfully

2022-04-14 15:59:39 - [TEST_CASE][PASSED] - Test Cases/Доктор/Авторизация врач: Test Cases/Доктор/Авторизация врач

2022-04-14 15:59:39 - [TEST_STEP][PASSED] - openBrowser(""): Browser is opened with url: ''

2022-04-14 15:59:39 - [MESSAGE][WARNING] - A browser is already opened. Closing browser and opening a new one

2022-04-14 15:59:40 - [MESSAGE][INFO] - Starting 'Chrome' driver

2022-04-14 15:59:40 - [MESSAGE][INFO] - Action delay is set to 100 milliseconds

2022-04-14 15:59:41 - [MESSAGE][PASSED] - Browser is opened with url: ''

2022-04-14 15:59:41 - [TEST_STEP][PASSED] - maximizeWindow(): Current window maximized

2022-04-14 15:59:41 - [MESSAGE][PASSED] - Current window maximized

2022-04-14 15:59:41 - [TEST_STEP][PASSED] - navigateToUrl(url): Navigate to 'https://stars-stage.hawk.ru:8080' successfully

2022-04-14 15:59:45 - [MESSAGE][PASSED] - Navigate to 'https://stars-stage.hawk.ru:8080' successfully

2022-04-14 15:59:45 - [TEST_STEP][PASSED] - setText(findTestObject("Object Repository/vra/Page_/input__sc-lnrBVv eqPACj"), doktor_login): Text 'TestDoctor@mail.ru' is set on object 'Object Repository/vra/Page_/input__sc-lnrBVv eqPACj'

2022-04-14 15:59:46 - [MESSAGE][PASSED] - Text 'TestDoctor@mail.ru' is set on object 'Object Repository/vra/Page_/input__sc-lnrBVv eqPACj'

2022-04-14 15:59:46 - [TEST_STEP][PASSED] - setText(findTestObject("Object Repository/vra/Page_/input__sc-lnrBVv eqPACj_1"), doktor_password, STOP_ON_FAILURE): Text 'testdoctor@mail.ru' is set on object 'Object Repository/vra/Page_/input__sc-lnrBVv eqPACj_1'

2022-04-14 15:59:47 - [MESSAGE][PASSED] - Text 'testdoctor@mail.ru' is set on object 'Object Repository/vra/Page_/input__sc-lnrBVv eqPACj_1'

2022-04-14 15:59:47 - [TEST_STEP][PASSED] - click(findTestObject("Object Repository/vrach/Page_/Page_/go")): Object: 'Object Repository/vrach/Page_/Page_/go' is clicked on

2022-04-14 15:59:47 - [MESSAGE][PASSED] - Object: 'Object Repository/vrach/Page_/Page_/go' is clicked on

2022-04-14 15:59:47 - [MESSAGE][PASSED] - Call Test Case 'Test Cases/Доктор/Авторизация врач' successfully

2022-04-14 15:59:47 - [TEST_STEP][PASSED] - click(findTestObject("Object Repository/vrach/profile/Page_/span_TestDoctormail.ru")): Object: 'Object Repository/vrach/profile/Page_/span_TestDoctormail.ru' is clicked on

2022-04-14 15:59:52 - [MESSAGE][PASSED] - Object: 'Object Repository/vrach/profile/Page_/span_TestDoctormail.ru' is clicked on

2022-04-14 15:59:52 - [TEST_STEP][PASSED] - click(findTestObject("Object Repository/vrach/profile/Page_/save")): Object: 'Object Repository/vrach/profile/Page_/save' is clicked on

2022-04-14 15:59:53 - [MESSAGE][PASSED] - Object: 'Object Repository/vrach/profile/Page_/save' is clicked on

2022-04-14 15:59:53 - [TEST_STEP][PASSED] - verifyTextPresent("Пользователь сохранен", true): Text 'Пользователь сохранен' is present on page  using regular expression

2022-04-14 15:59:54 - [MESSAGE][PASSED] - Text 'Пользователь сохранен' is present on page  using regular expression

2022-04-14 15:59:54 - [TEST_STEP][PASSED] - click(findTestObject("Object Repository/vrach/profile/Page_/exit")): Object: 'Object Repository/vrach/profile/Page_/exit' is clicked on

2022-04-14 15:59:54 - [MESSAGE][PASSED] - Object: 'Object Repository/vrach/profile/Page_/exit' is clicked on

2022-04-14 15:59:54 - [TEST_STEP][PASSED] - closeBrowser(): Browser is closed

2022-04-14 15:59:55 - [MESSAGE][PASSED] - Browser is closed]]></system-out>
         <system-err><![CDATA[]]></system-err>
      </testcase>
      <testcase name="Test Cases/Доктор/Психотест (психолог)" time="22.891" classname="Test Cases/Доктор/Психотест (психолог)" status="PASSED">
         <system-out><![CDATA[2022-04-14 15:59:55 - [TEST_CASE][PASSED] - Test Cases/Доктор/Психотест (психолог): Test Cases/Доктор/Психотест (психолог)

2022-04-14 15:59:55 - [TEST_STEP][PASSED] - openBrowser(""): Browser is opened with url: ''

2022-04-14 15:59:55 - [MESSAGE][INFO] - Starting 'Chrome' driver

2022-04-14 15:59:55 - [MESSAGE][INFO] - Action delay is set to 100 milliseconds

2022-04-14 15:59:57 - [MESSAGE][PASSED] - Browser is opened with url: ''

2022-04-14 15:59:57 - [TEST_STEP][PASSED] - maximizeWindow(): Current window maximized

2022-04-14 15:59:57 - [MESSAGE][PASSED] - Current window maximized

2022-04-14 15:59:57 - [TEST_STEP][PASSED] - navigateToUrl("https://stars-stage.hawk.ru:8080/"): Navigate to 'https://stars-stage.hawk.ru:8080/' successfully

2022-04-14 16:00:00 - [MESSAGE][PASSED] - Navigate to 'https://stars-stage.hawk.ru:8080/' successfully

2022-04-14 16:00:00 - [TEST_STEP][PASSED] - setText(findTestObject("Avangard New/Object (Психолог)/login (Логин Психолог)"), "psychotest@test.ru"): Text 'psychotest@test.ru' is set on object 'Object Repository/Avangard New/Object (Психолог)/login (Логин Психолог)'

2022-04-14 16:00:01 - [MESSAGE][PASSED] - Text 'psychotest@test.ru' is set on object 'Object Repository/Avangard New/Object (Психолог)/login (Логин Психолог)'

2022-04-14 16:00:01 - [TEST_STEP][PASSED] - setText(findTestObject("Avangard New/Object (Психолог)/password (Пароль Психолог)"), "psychotest@test.ru", STOP_ON_FAILURE): Text 'psychotest@test.ru' is set on object 'Object Repository/Avangard New/Object (Психолог)/password (Пароль Психолог)'

2022-04-14 16:00:02 - [MESSAGE][PASSED] - Text 'psychotest@test.ru' is set on object 'Object Repository/Avangard New/Object (Психолог)/password (Пароль Психолог)'

2022-04-14 16:00:02 - [TEST_STEP][PASSED] - click(findTestObject("Object Repository/vrach/psychotest/Page_/go")): Object: 'Object Repository/vrach/psychotest/Page_/go' is clicked on

2022-04-14 16:00:03 - [MESSAGE][PASSED] - Object: 'Object Repository/vrach/psychotest/Page_/go' is clicked on

2022-04-14 16:00:03 - [TEST_STEP][PASSED] - click(findTestObject("Object Repository/vrach/psychotest/Page_/psychotest")): Object: 'Object Repository/vrach/psychotest/Page_/psychotest' is clicked on

2022-04-14 16:00:09 - [MESSAGE][PASSED] - Object: 'Object Repository/vrach/psychotest/Page_/psychotest' is clicked on

2022-04-14 16:00:09 - [TEST_STEP][PASSED] - verifyTextPresent("Психологический профиль", false): Text 'Психологический профиль' is present on page 

2022-04-14 16:00:09 - [MESSAGE][PASSED] - Text 'Психологический профиль' is present on page 

2022-04-14 16:00:09 - [TEST_STEP][NOT_RUN] - click(findTestObject("Object Repository/vrach/psychotest/Page_/school")): NOT_RUN: click(findTestObject("Object Repository/vrach/psychotest/Page_/school"))

2022-04-14 16:00:09 - [MESSAGE][NOT_RUN] - NOT_RUN: click(findTestObject("Object Repository/vrach/psychotest/Page_/school"))

2022-04-14 16:00:09 - [TEST_STEP][NOT_RUN] - click(findTestObject("Object Repository/vrach/psychotest/Page_/avanguard")): NOT_RUN: click(findTestObject("Object Repository/vrach/psychotest/Page_/avanguard"))

2022-04-14 16:00:09 - [MESSAGE][NOT_RUN] - NOT_RUN: click(findTestObject("Object Repository/vrach/psychotest/Page_/avanguard"))

2022-04-14 16:00:09 - [TEST_STEP][PASSED] - click(findTestObject("Object Repository/vrach/psychotest/Page_/team")): Object: 'Object Repository/vrach/psychotest/Page_/team' is clicked on

2022-04-14 16:00:10 - [MESSAGE][PASSED] - Object: 'Object Repository/vrach/psychotest/Page_/team' is clicked on

2022-04-14 16:00:10 - [TEST_STEP][PASSED] - click(findTestObject("Object Repository/vrach/psychotest/Page_/varteam")): Object: 'Object Repository/vrach/psychotest/Page_/varteam' is clicked on

2022-04-14 16:00:11 - [MESSAGE][PASSED] - Object: 'Object Repository/vrach/psychotest/Page_/varteam' is clicked on

2022-04-14 16:00:11 - [TEST_STEP][PASSED] - click(findTestObject("Object Repository/vrach/psychotest/Page_/player")): Object: 'Object Repository/vrach/psychotest/Page_/player' is clicked on

2022-04-14 16:00:12 - [MESSAGE][PASSED] - Object: 'Object Repository/vrach/psychotest/Page_/player' is clicked on

2022-04-14 16:00:12 - [TEST_STEP][PASSED] - click(findTestObject("Object Repository/vrach/psychotest/Page_/varplayer")): Object: 'Object Repository/vrach/psychotest/Page_/varplayer' is clicked on

2022-04-14 16:00:13 - [MESSAGE][PASSED] - Object: 'Object Repository/vrach/psychotest/Page_/varplayer' is clicked on

2022-04-14 16:00:13 - [TEST_STEP][PASSED] - click(findTestObject("Object Repository/vrach/psychotest/Page_/date")): Object: 'Object Repository/vrach/psychotest/Page_/date' is clicked on

2022-04-14 16:00:14 - [MESSAGE][PASSED] - Object: 'Object Repository/vrach/psychotest/Page_/date' is clicked on

2022-04-14 16:00:14 - [TEST_STEP][PASSED] - click(findTestObject("Object Repository/vrach/psychotest/Page_/enter_date")): Object: 'Object Repository/vrach/psychotest/Page_/enter_date' is clicked on

2022-04-14 16:00:15 - [MESSAGE][PASSED] - Object: 'Object Repository/vrach/psychotest/Page_/enter_date' is clicked on

2022-04-14 16:00:15 - [TEST_STEP][PASSED] - verifyTextPresent("Реакция на простой стимул", false): Text 'Реакция на простой стимул' is present on page 

2022-04-14 16:00:15 - [MESSAGE][PASSED] - Text 'Реакция на простой стимул' is present on page 

2022-04-14 16:00:15 - [TEST_STEP][PASSED] - scrollToElement(findTestObject("Object Repository/vrach/psychotest/Page_/thinking"), 0): Scroll to object 'Object Repository/vrach/psychotest/Page_/thinking' successfully

2022-04-14 16:00:15 - [MESSAGE][WARNING] - Timeout '0' is invalid. Using default page load timeout: '30'

2022-04-14 16:00:16 - [MESSAGE][PASSED] - Scroll to object 'Object Repository/vrach/psychotest/Page_/thinking' successfully

2022-04-14 16:00:16 - [TEST_STEP][PASSED] - setText(findTestObject("Object Repository/vrach/psychotest/Page_/thinking"), "9"): Text '9' is set on object 'Object Repository/vrach/psychotest/Page_/thinking'

2022-04-14 16:00:17 - [MESSAGE][PASSED] - Text '9' is set on object 'Object Repository/vrach/psychotest/Page_/thinking'

2022-04-14 16:00:17 - [TEST_STEP][PASSED] - click(findTestObject("Object Repository/vrach/psychotest/Page_/button_save")): Object: 'Object Repository/vrach/psychotest/Page_/button_save' is clicked on

2022-04-14 16:00:17 - [MESSAGE][PASSED] - Object: 'Object Repository/vrach/psychotest/Page_/button_save' is clicked on

2022-04-14 16:00:17 - [TEST_STEP][PASSED] - closeBrowser(): Browser is closed

2022-04-14 16:00:18 - [MESSAGE][PASSED] - Browser is closed]]></system-out>
         <system-err><![CDATA[]]></system-err>
      </testcase>
      <testcase name="Test Cases/Доктор/дописать проверку на игрока Проверка вкладки Питание" time="61.426" classname="Test Cases/Доктор/дописать проверку на игрока Проверка вкладки Питание" status="PASSED">
         <system-out><![CDATA[2022-04-14 16:00:18 - [TEST_CASE][PASSED] - Test Cases/Доктор/дописать проверку на игрока Проверка вкладки Питание: Test Cases/Доктор/дописать проверку на игрока Проверка вкладки Питание

2022-04-14 16:00:18 - [TEST_STEP][PASSED] - callTestCase(findTestCase("Доктор/Авторизация врач"), [:], STOP_ON_FAILURE): Call Test Case 'Test Cases/Доктор/Авторизация врач' successfully

2022-04-14 16:00:18 - [TEST_CASE][PASSED] - Test Cases/Доктор/Авторизация врач: Test Cases/Доктор/Авторизация врач

2022-04-14 16:00:18 - [TEST_STEP][PASSED] - openBrowser(""): Browser is opened with url: ''

2022-04-14 16:00:18 - [MESSAGE][INFO] - Starting 'Chrome' driver

2022-04-14 16:00:18 - [MESSAGE][INFO] - Action delay is set to 100 milliseconds

2022-04-14 16:00:20 - [MESSAGE][PASSED] - Browser is opened with url: ''

2022-04-14 16:00:20 - [TEST_STEP][PASSED] - maximizeWindow(): Current window maximized

2022-04-14 16:00:20 - [MESSAGE][PASSED] - Current window maximized

2022-04-14 16:00:20 - [TEST_STEP][PASSED] - navigateToUrl(url): Navigate to 'https://stars-stage.hawk.ru:8080' successfully

2022-04-14 16:00:24 - [MESSAGE][PASSED] - Navigate to 'https://stars-stage.hawk.ru:8080' successfully

2022-04-14 16:00:24 - [TEST_STEP][PASSED] - setText(findTestObject("Object Repository/vra/Page_/input__sc-lnrBVv eqPACj"), doktor_login): Text 'TestDoctor@mail.ru' is set on object 'Object Repository/vra/Page_/input__sc-lnrBVv eqPACj'

2022-04-14 16:00:25 - [MESSAGE][PASSED] - Text 'TestDoctor@mail.ru' is set on object 'Object Repository/vra/Page_/input__sc-lnrBVv eqPACj'

2022-04-14 16:00:25 - [TEST_STEP][PASSED] - setText(findTestObject("Object Repository/vra/Page_/input__sc-lnrBVv eqPACj_1"), doktor_password, STOP_ON_FAILURE): Text 'testdoctor@mail.ru' is set on object 'Object Repository/vra/Page_/input__sc-lnrBVv eqPACj_1'

2022-04-14 16:00:26 - [MESSAGE][PASSED] - Text 'testdoctor@mail.ru' is set on object 'Object Repository/vra/Page_/input__sc-lnrBVv eqPACj_1'

2022-04-14 16:00:26 - [TEST_STEP][PASSED] - click(findTestObject("Object Repository/vrach/Page_/Page_/go")): Object: 'Object Repository/vrach/Page_/Page_/go' is clicked on

2022-04-14 16:00:27 - [MESSAGE][PASSED] - Object: 'Object Repository/vrach/Page_/Page_/go' is clicked on

2022-04-14 16:00:27 - [MESSAGE][PASSED] - Call Test Case 'Test Cases/Доктор/Авторизация врач' successfully

2022-04-14 16:00:27 - [TEST_STEP][PASSED] - click(findTestObject("Object Repository/Avangard New/Object (Доктор)/Case (Питание)/span_pitanie")): Object: 'Object Repository/Avangard New/Object (Доктор)/Case (Питание)/span_pitanie' is clicked on

2022-04-14 16:00:31 - [MESSAGE][PASSED] - Object: 'Object Repository/Avangard New/Object (Доктор)/Case (Питание)/span_pitanie' is clicked on

2022-04-14 16:00:31 - [TEST_STEP][PASSED] - click(findTestObject("Object Repository/Avangard New/Object (Доктор)/Case (Питание)/place_choose school")): Object: 'Object Repository/Avangard New/Object (Доктор)/Case (Питание)/place_choose school' is clicked on

2022-04-14 16:00:32 - [MESSAGE][PASSED] - Object: 'Object Repository/Avangard New/Object (Доктор)/Case (Питание)/place_choose school' is clicked on

2022-04-14 16:00:32 - [TEST_STEP][PASSED] - click(findTestObject("Object Repository/Avangard New/Object (Доктор)/Case (Питание)/div_Avangard")): Object: 'Object Repository/Avangard New/Object (Доктор)/Case (Питание)/div_Avangard' is clicked on

2022-04-14 16:00:33 - [MESSAGE][PASSED] - Object: 'Object Repository/Avangard New/Object (Доктор)/Case (Питание)/div_Avangard' is clicked on

2022-04-14 16:00:33 - [TEST_STEP][PASSED] - click(findTestObject("Object Repository/Avangard New/Object (Доктор)/Case (Питание)/place choose team")): Object: 'Object Repository/Avangard New/Object (Доктор)/Case (Питание)/place choose team' is clicked on

2022-04-14 16:00:33 - [MESSAGE][PASSED] - Object: 'Object Repository/Avangard New/Object (Доктор)/Case (Питание)/place choose team' is clicked on

2022-04-14 16:00:33 - [TEST_STEP][NOT_RUN] - click(findTestObject("Object Repository/Avangard New/Object (Доктор)/Case (Питание)/div_omsk")): NOT_RUN: click(findTestObject("Object Repository/Avangard New/Object (Доктор)/Case (Питание)/div_omsk"))

2022-04-14 16:00:33 - [MESSAGE][NOT_RUN] - NOT_RUN: click(findTestObject("Object Repository/Avangard New/Object (Доктор)/Case (Питание)/div_omsk"))

2022-04-14 16:00:33 - [TEST_STEP][PASSED] - setText(findTestObject("Object Repository/Avangard New/Object (Доктор)/Case (Питание)/input__team imt"), school): Text 'Омские Ястребы' is set on object 'Object Repository/Avangard New/Object (Доктор)/Case (Питание)/input__team imt'

2022-04-14 16:00:34 - [MESSAGE][PASSED] - Text 'Омские Ястребы' is set on object 'Object Repository/Avangard New/Object (Доктор)/Case (Питание)/input__team imt'

2022-04-14 16:00:34 - [TEST_STEP][PASSED] - sendKeys(findTestObject("Object Repository/Avangard New/Object (Доктор)/Case (Питание)/input__team imt"), Keys.chord(ENTER)): Keys 'ENTER + ' sent to object: 'Object Repository/Avangard New/Object (Доктор)/Case (Питание)/input__team imt'

2022-04-14 16:00:35 - [MESSAGE][PASSED] - Keys 'ENTER + ' sent to object: 'Object Repository/Avangard New/Object (Доктор)/Case (Питание)/input__team imt'

2022-04-14 16:00:35 - [TEST_STEP][PASSED] - click(findTestObject("Object Repository/Avangard New/Object (Доктор)/Case (Питание)/button_edit")): Object: 'Object Repository/Avangard New/Object (Доктор)/Case (Питание)/button_edit' is clicked on

2022-04-14 16:00:36 - [MESSAGE][PASSED] - Object: 'Object Repository/Avangard New/Object (Доктор)/Case (Питание)/button_edit' is clicked on

2022-04-14 16:00:36 - [TEST_STEP][PASSED] - click(findTestObject("Object Repository/Avangard New/Object (Доктор)/Case (Питание)/span_add")): Object: 'Object Repository/Avangard New/Object (Доктор)/Case (Питание)/span_add' is clicked on

2022-04-14 16:00:37 - [MESSAGE][PASSED] - Object: 'Object Repository/Avangard New/Object (Доктор)/Case (Питание)/span_add' is clicked on

2022-04-14 16:00:37 - [TEST_STEP][PASSED] - click(findTestObject("Object Repository/Avangard New/Object (Доктор)/Case (Питание)/div_place recomendation1")): Object: 'Object Repository/Avangard New/Object (Доктор)/Case (Питание)/div_place recomendation1' is clicked on

2022-04-14 16:00:40 - [MESSAGE][PASSED] - Object: 'Object Repository/Avangard New/Object (Доктор)/Case (Питание)/div_place recomendation1' is clicked on

2022-04-14 16:00:40 - [TEST_STEP][PASSED] - click(findTestObject("Object Repository/Avangard New/Object (Доктор)/Case (Питание)/div__uglevodi1")): Object: 'Object Repository/Avangard New/Object (Доктор)/Case (Питание)/div__uglevodi1' is clicked on

2022-04-14 16:00:40 - [MESSAGE][PASSED] - Object: 'Object Repository/Avangard New/Object (Доктор)/Case (Питание)/div__uglevodi1' is clicked on

2022-04-14 16:00:40 - [TEST_STEP][PASSED] - setText(findTestObject("Object Repository/Avangard New/Object (Доктор)/Case (Питание)/body_opisaniee"), "автотест питания1"): Text 'автотест питания1' is set on object 'Object Repository/Avangard New/Object (Доктор)/Case (Питание)/body_opisaniee'

2022-04-14 16:00:42 - [MESSAGE][PASSED] - Text 'автотест питания1' is set on object 'Object Repository/Avangard New/Object (Доктор)/Case (Питание)/body_opisaniee'

2022-04-14 16:00:42 - [TEST_STEP][PASSED] - click(findTestObject("Object Repository/Avangard New/Object (Доктор)/Case (Питание)/button_task")): Object: 'Object Repository/Avangard New/Object (Доктор)/Case (Питание)/button_task' is clicked on

2022-04-14 16:00:42 - [MESSAGE][PASSED] - Object: 'Object Repository/Avangard New/Object (Доктор)/Case (Питание)/button_task' is clicked on

2022-04-14 16:00:42 - [TEST_STEP][PASSED] - setText(findTestObject("Object Repository/Avangard New/Object (Доктор)/Case (Питание)/input_task"), "автотест питания"): Text 'автотест питания' is set on object 'Object Repository/Avangard New/Object (Доктор)/Case (Питание)/input_task'

2022-04-14 16:00:44 - [MESSAGE][PASSED] - Text 'автотест питания' is set on object 'Object Repository/Avangard New/Object (Доктор)/Case (Питание)/input_task'

2022-04-14 16:00:44 - [TEST_STEP][PASSED] - scrollToElement(findTestObject("Object Repository/Avangard New/Object (Доктор)/Case (Питание)/button_save"), 0): Scroll to object 'Object Repository/Avangard New/Object (Доктор)/Case (Питание)/button_save' successfully

2022-04-14 16:00:44 - [MESSAGE][WARNING] - Timeout '0' is invalid. Using default page load timeout: '30'

2022-04-14 16:00:44 - [MESSAGE][PASSED] - Scroll to object 'Object Repository/Avangard New/Object (Доктор)/Case (Питание)/button_save' successfully

2022-04-14 16:00:44 - [TEST_STEP][PASSED] - click(findTestObject("Object Repository/Avangard New/Object (Доктор)/Case (Питание)/button_save")): Object: 'Object Repository/Avangard New/Object (Доктор)/Case (Питание)/button_save' is clicked on

2022-04-14 16:00:45 - [MESSAGE][PASSED] - Object: 'Object Repository/Avangard New/Object (Доктор)/Case (Питание)/button_save' is clicked on

2022-04-14 16:00:45 - [TEST_STEP][PASSED] - verifyElementText(findTestObject("Object Repository/Avangard New/Object (Доктор)/Case (Питание)/alert verif"), "Рекомендация успешно добавлена"): Actual text and expected text of test object 'Object Repository/Avangard New/Object (Доктор)/Case (Питание)/alert verif' are matched.

2022-04-14 16:00:46 - [MESSAGE][PASSED] - Actual text and expected text of test object 'Object Repository/Avangard New/Object (Доктор)/Case (Питание)/alert verif' are matched.

2022-04-14 16:00:46 - [TEST_STEP][PASSED] - click(findTestObject("Object Repository/Avangard New/Object (Доктор)/Case (Питание)/span_home")): Object: 'Object Repository/Avangard New/Object (Доктор)/Case (Питание)/span_home' is clicked on

2022-04-14 16:00:46 - [MESSAGE][PASSED] - Object: 'Object Repository/Avangard New/Object (Доктор)/Case (Питание)/span_home' is clicked on

2022-04-14 16:00:46 - [TEST_STEP][NOT_RUN] - callTestCase(findTestCase("Игрок/Авторизация"), [:], STOP_ON_FAILURE): NOT_RUN: callTestCase(findTestCase("Игрок/Авторизация"), [:], STOP_ON_FAILURE)

2022-04-14 16:00:46 - [MESSAGE][NOT_RUN] - NOT_RUN: callTestCase(findTestCase("Игрок/Авторизация"), [:], STOP_ON_FAILURE)

2022-04-14 16:00:46 - [TEST_STEP][NOT_RUN] - comment(""): NOT_RUN: comment("")

2022-04-14 16:00:46 - [MESSAGE][NOT_RUN] - NOT_RUN: comment("")

2022-04-14 16:00:46 - [TEST_STEP][NOT_RUN] - callTestCase(findTestCase("Тренер/будет переделываться Рекомендации (переиспользуется в проверке Питания у доктора)"), [:], STOP_ON_FAILURE): NOT_RUN: callTestCase(findTestCase("Тренер/будет переделываться Рекомендации (переиспользуется в проверке Питания у доктора)"), [:], STOP_ON_FAILURE)

2022-04-14 16:00:46 - [MESSAGE][NOT_RUN] - NOT_RUN: callTestCase(findTestCase("Тренер/будет переделываться Рекомендации (переиспользуется в проверке Питания у доктора)"), [:], STOP_ON_FAILURE)

2022-04-14 16:00:46 - [TEST_STEP][PASSED] - callTestCase(findTestCase("Доктор/Авторизация врач"), [:], STOP_ON_FAILURE): Call Test Case 'Test Cases/Доктор/Авторизация врач' successfully

2022-04-14 16:00:46 - [TEST_CASE][PASSED] - Test Cases/Доктор/Авторизация врач: Test Cases/Доктор/Авторизация врач

2022-04-14 16:00:46 - [TEST_STEP][PASSED] - openBrowser(""): Browser is opened with url: ''

2022-04-14 16:00:46 - [MESSAGE][WARNING] - A browser is already opened. Closing browser and opening a new one

2022-04-14 16:00:47 - [MESSAGE][INFO] - Starting 'Chrome' driver

2022-04-14 16:00:47 - [MESSAGE][INFO] - Action delay is set to 100 milliseconds

2022-04-14 16:00:48 - [MESSAGE][PASSED] - Browser is opened with url: ''

2022-04-14 16:00:48 - [TEST_STEP][PASSED] - maximizeWindow(): Current window maximized

2022-04-14 16:00:48 - [MESSAGE][PASSED] - Current window maximized

2022-04-14 16:00:48 - [TEST_STEP][PASSED] - navigateToUrl(url): Navigate to 'https://stars-stage.hawk.ru:8080' successfully

2022-04-14 16:00:53 - [MESSAGE][PASSED] - Navigate to 'https://stars-stage.hawk.ru:8080' successfully

2022-04-14 16:00:53 - [TEST_STEP][PASSED] - setText(findTestObject("Object Repository/vra/Page_/input__sc-lnrBVv eqPACj"), doktor_login): Text 'TestDoctor@mail.ru' is set on object 'Object Repository/vra/Page_/input__sc-lnrBVv eqPACj'

2022-04-14 16:00:54 - [MESSAGE][PASSED] - Text 'TestDoctor@mail.ru' is set on object 'Object Repository/vra/Page_/input__sc-lnrBVv eqPACj'

2022-04-14 16:00:54 - [TEST_STEP][PASSED] - setText(findTestObject("Object Repository/vra/Page_/input__sc-lnrBVv eqPACj_1"), doktor_password, STOP_ON_FAILURE): Text 'testdoctor@mail.ru' is set on object 'Object Repository/vra/Page_/input__sc-lnrBVv eqPACj_1'

2022-04-14 16:00:55 - [MESSAGE][PASSED] - Text 'testdoctor@mail.ru' is set on object 'Object Repository/vra/Page_/input__sc-lnrBVv eqPACj_1'

2022-04-14 16:00:55 - [TEST_STEP][PASSED] - click(findTestObject("Object Repository/vrach/Page_/Page_/go")): Object: 'Object Repository/vrach/Page_/Page_/go' is clicked on

2022-04-14 16:00:55 - [MESSAGE][PASSED] - Object: 'Object Repository/vrach/Page_/Page_/go' is clicked on

2022-04-14 16:00:55 - [MESSAGE][PASSED] - Call Test Case 'Test Cases/Доктор/Авторизация врач' successfully

2022-04-14 16:00:55 - [TEST_STEP][PASSED] - click(findTestObject("Object Repository/Avangard New/Object (Доктор)/Case (Питание)/span_pitanie")): Object: 'Object Repository/Avangard New/Object (Доктор)/Case (Питание)/span_pitanie' is clicked on

2022-04-14 16:01:10 - [MESSAGE][PASSED] - Object: 'Object Repository/Avangard New/Object (Доктор)/Case (Питание)/span_pitanie' is clicked on

2022-04-14 16:01:10 - [TEST_STEP][PASSED] - click(findTestObject("Object Repository/Avangard New/Object (Доктор)/Case (Питание)/place_choose school")): Object: 'Object Repository/Avangard New/Object (Доктор)/Case (Питание)/place_choose school' is clicked on

2022-04-14 16:01:11 - [MESSAGE][PASSED] - Object: 'Object Repository/Avangard New/Object (Доктор)/Case (Питание)/place_choose school' is clicked on

2022-04-14 16:01:11 - [TEST_STEP][PASSED] - click(findTestObject("Object Repository/Avangard New/Object (Доктор)/Case (Питание)/div_Avangard")): Object: 'Object Repository/Avangard New/Object (Доктор)/Case (Питание)/div_Avangard' is clicked on

2022-04-14 16:01:12 - [MESSAGE][PASSED] - Object: 'Object Repository/Avangard New/Object (Доктор)/Case (Питание)/div_Avangard' is clicked on

2022-04-14 16:01:12 - [TEST_STEP][PASSED] - click(findTestObject("Object Repository/Avangard New/Object (Доктор)/Case (Питание)/place choose team")): Object: 'Object Repository/Avangard New/Object (Доктор)/Case (Питание)/place choose team' is clicked on

2022-04-14 16:01:12 - [MESSAGE][PASSED] - Object: 'Object Repository/Avangard New/Object (Доктор)/Case (Питание)/place choose team' is clicked on

2022-04-14 16:01:12 - [TEST_STEP][NOT_RUN] - click(findTestObject("Object Repository/Avangard New/Object (Доктор)/Case (Питание)/div_omsk")): NOT_RUN: click(findTestObject("Object Repository/Avangard New/Object (Доктор)/Case (Питание)/div_omsk"))

2022-04-14 16:01:12 - [MESSAGE][NOT_RUN] - NOT_RUN: click(findTestObject("Object Repository/Avangard New/Object (Доктор)/Case (Питание)/div_omsk"))

2022-04-14 16:01:12 - [TEST_STEP][PASSED] - setText(findTestObject("Object Repository/Avangard New/Object (Доктор)/Case (Питание)/input__team imt"), school): Text 'Омские Ястребы' is set on object 'Object Repository/Avangard New/Object (Доктор)/Case (Питание)/input__team imt'

2022-04-14 16:01:13 - [MESSAGE][PASSED] - Text 'Омские Ястребы' is set on object 'Object Repository/Avangard New/Object (Доктор)/Case (Питание)/input__team imt'

2022-04-14 16:01:13 - [TEST_STEP][PASSED] - sendKeys(findTestObject("Object Repository/Avangard New/Object (Доктор)/Case (Питание)/input__team imt"), Keys.chord(ENTER)): Keys 'ENTER + ' sent to object: 'Object Repository/Avangard New/Object (Доктор)/Case (Питание)/input__team imt'

2022-04-14 16:01:14 - [MESSAGE][PASSED] - Keys 'ENTER + ' sent to object: 'Object Repository/Avangard New/Object (Доктор)/Case (Питание)/input__team imt'

2022-04-14 16:01:14 - [TEST_STEP][PASSED] - click(findTestObject("Object Repository/Avangard New/Object (Доктор)/Case (Питание)/button_edit")): Object: 'Object Repository/Avangard New/Object (Доктор)/Case (Питание)/button_edit' is clicked on

2022-04-14 16:01:15 - [MESSAGE][PASSED] - Object: 'Object Repository/Avangard New/Object (Доктор)/Case (Питание)/button_edit' is clicked on

2022-04-14 16:01:15 - [TEST_STEP][PASSED] - click(findTestObject("Avangard New/Object (Доктор)/Case (Питание)/span_add")): Object: 'Object Repository/Avangard New/Object (Доктор)/Case (Питание)/span_add' is clicked on

2022-04-14 16:01:16 - [MESSAGE][PASSED] - Object: 'Object Repository/Avangard New/Object (Доктор)/Case (Питание)/span_add' is clicked on

2022-04-14 16:01:16 - [TEST_STEP][PASSED] - scrollToElement(findTestObject("Object Repository/Avangard New/Object (Доктор)/Case (Питание)/button_delete"), 0): Scroll to object 'Object Repository/Avangard New/Object (Доктор)/Case (Питание)/button_delete' successfully

2022-04-14 16:01:16 - [MESSAGE][WARNING] - Timeout '0' is invalid. Using default page load timeout: '30'

2022-04-14 16:01:17 - [MESSAGE][PASSED] - Scroll to object 'Object Repository/Avangard New/Object (Доктор)/Case (Питание)/button_delete' successfully

2022-04-14 16:01:17 - [TEST_STEP][PASSED] - click(findTestObject("Object Repository/Avangard New/Object (Доктор)/Case (Питание)/button_delete")): Object: 'Object Repository/Avangard New/Object (Доктор)/Case (Питание)/button_delete' is clicked on

2022-04-14 16:01:18 - [MESSAGE][PASSED] - Object: 'Object Repository/Avangard New/Object (Доктор)/Case (Питание)/button_delete' is clicked on

2022-04-14 16:01:18 - [TEST_STEP][PASSED] - verifyElementText(findTestObject("Object Repository/Avangard New/Object (Доктор)/Case (Питание)/alert delete"), "Рекомендация успешно удалена"): Actual text and expected text of test object 'Object Repository/Avangard New/Object (Доктор)/Case (Питание)/alert delete' are matched.

2022-04-14 16:01:18 - [MESSAGE][PASSED] - Actual text and expected text of test object 'Object Repository/Avangard New/Object (Доктор)/Case (Питание)/alert delete' are matched.

2022-04-14 16:01:18 - [TEST_STEP][PASSED] - verifyElementText(findTestObject("Object Repository/Avangard New/Object (Доктор)/Case (Питание)/span_add"), "Добавить рацион"): Actual text and expected text of test object 'Object Repository/Avangard New/Object (Доктор)/Case (Питание)/span_add' are matched.

2022-04-14 16:01:19 - [MESSAGE][PASSED] - Actual text and expected text of test object 'Object Repository/Avangard New/Object (Доктор)/Case (Питание)/span_add' are matched.

2022-04-14 16:01:19 - [TEST_STEP][PASSED] - closeBrowser(): Browser is closed

2022-04-14 16:01:19 - [MESSAGE][PASSED] - Browser is closed]]></system-out>
         <system-err><![CDATA[]]></system-err>
      </testcase>
      <testcase name="Test Cases/Доктор/Создание карточки болезни" time="122.444" classname="Test Cases/Доктор/Создание карточки болезни" status="PASSED">
         <system-out><![CDATA[2022-04-14 16:01:20 - [TEST_CASE][PASSED] - Test Cases/Доктор/Создание карточки болезни: Test Cases/Доктор/Создание карточки болезни

2022-04-14 16:01:20 - [TEST_STEP][PASSED] - callTestCase(findTestCase("Доктор/Авторизация врач"), [:], STOP_ON_FAILURE): Call Test Case 'Test Cases/Доктор/Авторизация врач' successfully

2022-04-14 16:01:20 - [TEST_CASE][PASSED] - Test Cases/Доктор/Авторизация врач: Test Cases/Доктор/Авторизация врач

2022-04-14 16:01:20 - [TEST_STEP][PASSED] - openBrowser(""): Browser is opened with url: ''

2022-04-14 16:01:20 - [MESSAGE][INFO] - Starting 'Chrome' driver

2022-04-14 16:01:20 - [MESSAGE][INFO] - Action delay is set to 100 milliseconds

2022-04-14 16:01:21 - [MESSAGE][PASSED] - Browser is opened with url: ''

2022-04-14 16:01:21 - [TEST_STEP][PASSED] - maximizeWindow(): Current window maximized

2022-04-14 16:01:21 - [MESSAGE][PASSED] - Current window maximized

2022-04-14 16:01:21 - [TEST_STEP][PASSED] - navigateToUrl(url): Navigate to 'https://stars-stage.hawk.ru:8080' successfully

2022-04-14 16:01:27 - [MESSAGE][PASSED] - Navigate to 'https://stars-stage.hawk.ru:8080' successfully

2022-04-14 16:01:27 - [TEST_STEP][PASSED] - setText(findTestObject("Object Repository/vra/Page_/input__sc-lnrBVv eqPACj"), doktor_login): Text 'TestDoctor@mail.ru' is set on object 'Object Repository/vra/Page_/input__sc-lnrBVv eqPACj'

2022-04-14 16:01:28 - [MESSAGE][PASSED] - Text 'TestDoctor@mail.ru' is set on object 'Object Repository/vra/Page_/input__sc-lnrBVv eqPACj'

2022-04-14 16:01:28 - [TEST_STEP][PASSED] - setText(findTestObject("Object Repository/vra/Page_/input__sc-lnrBVv eqPACj_1"), doktor_password, STOP_ON_FAILURE): Text 'testdoctor@mail.ru' is set on object 'Object Repository/vra/Page_/input__sc-lnrBVv eqPACj_1'

2022-04-14 16:01:29 - [MESSAGE][PASSED] - Text 'testdoctor@mail.ru' is set on object 'Object Repository/vra/Page_/input__sc-lnrBVv eqPACj_1'

2022-04-14 16:01:29 - [TEST_STEP][PASSED] - click(findTestObject("Object Repository/vrach/Page_/Page_/go")): Object: 'Object Repository/vrach/Page_/Page_/go' is clicked on

2022-04-14 16:01:29 - [MESSAGE][PASSED] - Object: 'Object Repository/vrach/Page_/Page_/go' is clicked on

2022-04-14 16:01:29 - [MESSAGE][PASSED] - Call Test Case 'Test Cases/Доктор/Авторизация врач' successfully

2022-04-14 16:01:29 - [TEST_STEP][PASSED] - click(findTestObject("Avangard New/Object (Доктор)/Case (Создание карточки и удаление)/button_add")): Object: 'Object Repository/Avangard New/Object (Доктор)/Case (Создание карточки и удаление)/button_add' is clicked on

2022-04-14 16:01:33 - [MESSAGE][PASSED] - Object: 'Object Repository/Avangard New/Object (Доктор)/Case (Создание карточки и удаление)/button_add' is clicked on

2022-04-14 16:01:33 - [TEST_STEP][PASSED] - click(findTestObject("Avangard New/Object (Доктор)/Case (Создание карточки и удаление)/school")): Object: 'Object Repository/Avangard New/Object (Доктор)/Case (Создание карточки и удаление)/school' is clicked on

2022-04-14 16:01:33 - [MESSAGE][PASSED] - Object: 'Object Repository/Avangard New/Object (Доктор)/Case (Создание карточки и удаление)/school' is clicked on

2022-04-14 16:01:33 - [TEST_STEP][PASSED] - click(findTestObject("Avangard New/Object (Доктор)/Case (Создание карточки и удаление)/avanguard")): Object: 'Object Repository/Avangard New/Object (Доктор)/Case (Создание карточки и удаление)/avanguard' is clicked on

2022-04-14 16:01:34 - [MESSAGE][PASSED] - Object: 'Object Repository/Avangard New/Object (Доктор)/Case (Создание карточки и удаление)/avanguard' is clicked on

2022-04-14 16:01:34 - [TEST_STEP][PASSED] - click(findTestObject("Avangard New/Object (Доктор)/Case (Создание карточки и удаление)/team")): Object: 'Object Repository/Avangard New/Object (Доктор)/Case (Создание карточки и удаление)/team' is clicked on

2022-04-14 16:01:35 - [MESSAGE][PASSED] - Object: 'Object Repository/Avangard New/Object (Доктор)/Case (Создание карточки и удаление)/team' is clicked on

2022-04-14 16:01:35 - [TEST_STEP][PASSED] - click(findTestObject("Avangard New/Object (Доктор)/Case (Создание карточки и удаление)/var_team")): Object: 'Object Repository/Avangard New/Object (Доктор)/Case (Создание карточки и удаление)/var_team' is clicked on

2022-04-14 16:01:36 - [MESSAGE][PASSED] - Object: 'Object Repository/Avangard New/Object (Доктор)/Case (Создание карточки и удаление)/var_team' is clicked on

2022-04-14 16:01:36 - [TEST_STEP][PASSED] - click(findTestObject("Avangard New/Object (Доктор)/Case (Создание карточки и удаление)/player")): Object: 'Object Repository/Avangard New/Object (Доктор)/Case (Создание карточки и удаление)/player' is clicked on

2022-04-14 16:01:36 - [MESSAGE][PASSED] - Object: 'Object Repository/Avangard New/Object (Доктор)/Case (Создание карточки и удаление)/player' is clicked on

2022-04-14 16:01:36 - [TEST_STEP][PASSED] - click(findTestObject("Avangard New/Object (Доктор)/Case (Создание карточки и удаление)/var_player")): Object: 'Object Repository/Avangard New/Object (Доктор)/Case (Создание карточки и удаление)/var_player' is clicked on

2022-04-14 16:01:37 - [MESSAGE][PASSED] - Object: 'Object Repository/Avangard New/Object (Доктор)/Case (Создание карточки и удаление)/var_player' is clicked on

2022-04-14 16:01:37 - [TEST_STEP][PASSED] - click(findTestObject("Avangard New/Object (Доктор)/Case (Создание карточки и удаление)/tip")): Object: 'Object Repository/Avangard New/Object (Доктор)/Case (Создание карточки и удаление)/tip' is clicked on

2022-04-14 16:01:38 - [MESSAGE][PASSED] - Object: 'Object Repository/Avangard New/Object (Доктор)/Case (Создание карточки и удаление)/tip' is clicked on

2022-04-14 16:01:38 - [TEST_STEP][PASSED] - click(findTestObject("Avangard New/Object (Доктор)/Case (Создание карточки и удаление)/travma")): Object: 'Object Repository/Avangard New/Object (Доктор)/Case (Создание карточки и удаление)/travma' is clicked on

2022-04-14 16:01:38 - [MESSAGE][PASSED] - Object: 'Object Repository/Avangard New/Object (Доктор)/Case (Создание карточки и удаление)/travma' is clicked on

2022-04-14 16:01:38 - [TEST_STEP][PASSED] - click(findTestObject("Avangard New/Object (Доктор)/Case (Создание карточки и удаление)/stady 1")): Object: 'Object Repository/Avangard New/Object (Доктор)/Case (Создание карточки и удаление)/stady 1' is clicked on

2022-04-14 16:01:39 - [MESSAGE][PASSED] - Object: 'Object Repository/Avangard New/Object (Доктор)/Case (Создание карточки и удаление)/stady 1' is clicked on

2022-04-14 16:01:39 - [TEST_STEP][PASSED] - click(findTestObject("Avangard New/Object (Доктор)/Case (Создание карточки и удаление)/choise_stady")): Object: 'Object Repository/Avangard New/Object (Доктор)/Case (Создание карточки и удаление)/choise_stady' is clicked on

2022-04-14 16:01:39 - [MESSAGE][PASSED] - Object: 'Object Repository/Avangard New/Object (Доктор)/Case (Создание карточки и удаление)/choise_stady' is clicked on

2022-04-14 16:01:39 - [TEST_STEP][PASSED] - click(findTestObject("Avangard New/Object (Доктор)/Case (Создание карточки и удаление)/tip travm")): Object: 'Object Repository/Avangard New/Object (Доктор)/Case (Создание карточки и удаление)/tip travm' is clicked on

2022-04-14 16:01:40 - [MESSAGE][PASSED] - Object: 'Object Repository/Avangard New/Object (Доктор)/Case (Создание карточки и удаление)/tip travm' is clicked on

2022-04-14 16:01:40 - [TEST_STEP][PASSED] - click(findTestObject("Avangard New/Object (Доктор)/Case (Создание карточки и удаление)/choise_travm")): Object: 'Object Repository/Avangard New/Object (Доктор)/Case (Создание карточки и удаление)/choise_travm' is clicked on

2022-04-14 16:01:41 - [MESSAGE][PASSED] - Object: 'Object Repository/Avangard New/Object (Доктор)/Case (Создание карточки и удаление)/choise_travm' is clicked on

2022-04-14 16:01:41 - [TEST_STEP][PASSED] - setText(findTestObject("Avangard New/Object (Доктор)/Case (Создание карточки и удаление)/dop opisanie"), "автотестирование "): Text 'автотестирование ' is set on object 'Object Repository/Avangard New/Object (Доктор)/Case (Создание карточки и удаление)/dop opisanie'

2022-04-14 16:01:42 - [MESSAGE][PASSED] - Text 'автотестирование ' is set on object 'Object Repository/Avangard New/Object (Доктор)/Case (Создание карточки и удаление)/dop opisanie'

2022-04-14 16:01:42 - [TEST_STEP][PASSED] - click(findTestObject("Avangard New/Object (Доктор)/Case (Создание карточки и удаление)/button_save")): Object: 'Object Repository/Avangard New/Object (Доктор)/Case (Создание карточки и удаление)/button_save' is clicked on

2022-04-14 16:01:43 - [MESSAGE][PASSED] - Object: 'Object Repository/Avangard New/Object (Доктор)/Case (Создание карточки и удаление)/button_save' is clicked on

2022-04-14 16:01:43 - [TEST_STEP][PASSED] - verifyTextPresent("Карточка успешно сохранена", false): Text 'Карточка успешно сохранена' is present on page 

2022-04-14 16:01:45 - [MESSAGE][PASSED] - Text 'Карточка успешно сохранена' is present on page 

2022-04-14 16:01:45 - [TEST_STEP][PASSED] - callTestCase(findTestCase("Доктор/Проверка в профиле статуса Травмирован (переиспользуется в Создание карточки болезни)"), [:], STOP_ON_FAILURE): Call Test Case 'Test Cases/Доктор/Проверка в профиле статуса Травмирован (переиспользуется в Создание карточки болезни)' successfully

2022-04-14 16:01:45 - [TEST_CASE][PASSED] - Test Cases/Доктор/Проверка в профиле статуса Травмирован (переиспользуется в Создание карточки болезни): Test Cases/Доктор/Проверка в профиле статуса Травмирован (переиспользуется в Создание карточки болезни)

2022-04-14 16:01:46 - [TEST_STEP][PASSED] - callTestCase(findTestCase("Доктор/Авторизация врач"), [:], STOP_ON_FAILURE): Call Test Case 'Test Cases/Доктор/Авторизация врач' successfully

2022-04-14 16:01:46 - [TEST_CASE][PASSED] - Test Cases/Доктор/Авторизация врач: Test Cases/Доктор/Авторизация врач

2022-04-14 16:01:46 - [TEST_STEP][PASSED] - openBrowser(""): Browser is opened with url: ''

2022-04-14 16:01:46 - [MESSAGE][WARNING] - A browser is already opened. Closing browser and opening a new one

2022-04-14 16:01:46 - [MESSAGE][INFO] - Starting 'Chrome' driver

2022-04-14 16:01:46 - [MESSAGE][INFO] - Action delay is set to 100 milliseconds

2022-04-14 16:01:47 - [MESSAGE][PASSED] - Browser is opened with url: ''

2022-04-14 16:01:47 - [TEST_STEP][PASSED] - maximizeWindow(): Current window maximized

2022-04-14 16:01:48 - [MESSAGE][PASSED] - Current window maximized

2022-04-14 16:01:48 - [TEST_STEP][PASSED] - navigateToUrl(url): Navigate to 'https://stars-stage.hawk.ru:8080' successfully

2022-04-14 16:01:52 - [MESSAGE][PASSED] - Navigate to 'https://stars-stage.hawk.ru:8080' successfully

2022-04-14 16:01:52 - [TEST_STEP][PASSED] - setText(findTestObject("Object Repository/vra/Page_/input__sc-lnrBVv eqPACj"), doktor_login): Text 'TestDoctor@mail.ru' is set on object 'Object Repository/vra/Page_/input__sc-lnrBVv eqPACj'

2022-04-14 16:01:53 - [MESSAGE][PASSED] - Text 'TestDoctor@mail.ru' is set on object 'Object Repository/vra/Page_/input__sc-lnrBVv eqPACj'

2022-04-14 16:01:53 - [TEST_STEP][PASSED] - setText(findTestObject("Object Repository/vra/Page_/input__sc-lnrBVv eqPACj_1"), doktor_password, STOP_ON_FAILURE): Text 'testdoctor@mail.ru' is set on object 'Object Repository/vra/Page_/input__sc-lnrBVv eqPACj_1'

2022-04-14 16:01:54 - [MESSAGE][PASSED] - Text 'testdoctor@mail.ru' is set on object 'Object Repository/vra/Page_/input__sc-lnrBVv eqPACj_1'

2022-04-14 16:01:54 - [TEST_STEP][PASSED] - click(findTestObject("Object Repository/vrach/Page_/Page_/go")): Object: 'Object Repository/vrach/Page_/Page_/go' is clicked on

2022-04-14 16:01:54 - [MESSAGE][PASSED] - Object: 'Object Repository/vrach/Page_/Page_/go' is clicked on

2022-04-14 16:01:54 - [MESSAGE][PASSED] - Call Test Case 'Test Cases/Доктор/Авторизация врач' successfully

2022-04-14 16:01:54 - [TEST_STEP][PASSED] - click(findTestObject("Avangard New/Object (Доктор)/Case (Создание карточки и удаление)/player_menu")): Object: 'Object Repository/Avangard New/Object (Доктор)/Case (Создание карточки и удаление)/player_menu' is clicked on

2022-04-14 16:02:06 - [MESSAGE][PASSED] - Object: 'Object Repository/Avangard New/Object (Доктор)/Case (Создание карточки и удаление)/player_menu' is clicked on

2022-04-14 16:02:06 - [TEST_STEP][PASSED] - setText(findTestObject("Avangard New/Object (Доктор)/Case (Создание карточки и удаление)/input__Search"), player_for_test_1): Text 'Ганин' is set on object 'Object Repository/Avangard New/Object (Доктор)/Case (Создание карточки и удаление)/input__Search'

2022-04-14 16:02:09 - [MESSAGE][PASSED] - Text 'Ганин' is set on object 'Object Repository/Avangard New/Object (Доктор)/Case (Создание карточки и удаление)/input__Search'

2022-04-14 16:02:09 - [TEST_STEP][PASSED] - click(findTestObject("Avangard New/Object (Доктор)/Case (Создание карточки и удаление)/var_player")): Object: 'Object Repository/Avangard New/Object (Доктор)/Case (Создание карточки и удаление)/var_player' is clicked on

2022-04-14 16:02:12 - [MESSAGE][PASSED] - Object: 'Object Repository/Avangard New/Object (Доктор)/Case (Создание карточки и удаление)/var_player' is clicked on

2022-04-14 16:02:12 - [TEST_STEP][PASSED] - verifyElementText(findTestObject("Avangard New/Object (Доктор)/Case (Создание карточки и удаление)/chek_stat"), "Травмирован"): Actual text and expected text of test object 'Object Repository/Avangard New/Object (Доктор)/Case (Создание карточки и удаление)/chek_stat' are matched.

2022-04-14 16:02:12 - [MESSAGE][PASSED] - Actual text and expected text of test object 'Object Repository/Avangard New/Object (Доктор)/Case (Создание карточки и удаление)/chek_stat' are matched.

2022-04-14 16:02:12 - [MESSAGE][PASSED] - Call Test Case 'Test Cases/Доктор/Проверка в профиле статуса Травмирован (переиспользуется в Создание карточки болезни)' successfully

2022-04-14 16:02:12 - [TEST_STEP][PASSED] - callTestCase(findTestCase("Доктор/Вкладки удаление (переиспользуется в Создание карточки болезни)"), [:], STOP_ON_FAILURE): Call Test Case 'Test Cases/Доктор/Вкладки удаление (переиспользуется в Создание карточки болезни)' successfully

2022-04-14 16:02:12 - [TEST_CASE][PASSED] - Test Cases/Доктор/Вкладки удаление (переиспользуется в Создание карточки болезни): Test Cases/Доктор/Вкладки удаление (переиспользуется в Создание карточки болезни)

2022-04-14 16:02:13 - [TEST_STEP][PASSED] - callTestCase(findTestCase("Доктор/Авторизация врач"), [:], STOP_ON_FAILURE): Call Test Case 'Test Cases/Доктор/Авторизация врач' successfully

2022-04-14 16:02:13 - [TEST_CASE][PASSED] - Test Cases/Доктор/Авторизация врач: Test Cases/Доктор/Авторизация врач

2022-04-14 16:02:13 - [TEST_STEP][PASSED] - openBrowser(""): Browser is opened with url: ''

2022-04-14 16:02:13 - [MESSAGE][WARNING] - A browser is already opened. Closing browser and opening a new one

2022-04-14 16:02:13 - [MESSAGE][INFO] - Starting 'Chrome' driver

2022-04-14 16:02:13 - [MESSAGE][INFO] - Action delay is set to 100 milliseconds

2022-04-14 16:02:15 - [MESSAGE][PASSED] - Browser is opened with url: ''

2022-04-14 16:02:15 - [TEST_STEP][PASSED] - maximizeWindow(): Current window maximized

2022-04-14 16:02:15 - [MESSAGE][PASSED] - Current window maximized

2022-04-14 16:02:15 - [TEST_STEP][PASSED] - navigateToUrl(url): Navigate to 'https://stars-stage.hawk.ru:8080' successfully

2022-04-14 16:02:19 - [MESSAGE][PASSED] - Navigate to 'https://stars-stage.hawk.ru:8080' successfully

2022-04-14 16:02:19 - [TEST_STEP][PASSED] - setText(findTestObject("Object Repository/vra/Page_/input__sc-lnrBVv eqPACj"), doktor_login): Text 'TestDoctor@mail.ru' is set on object 'Object Repository/vra/Page_/input__sc-lnrBVv eqPACj'

2022-04-14 16:02:20 - [MESSAGE][PASSED] - Text 'TestDoctor@mail.ru' is set on object 'Object Repository/vra/Page_/input__sc-lnrBVv eqPACj'

2022-04-14 16:02:20 - [TEST_STEP][PASSED] - setText(findTestObject("Object Repository/vra/Page_/input__sc-lnrBVv eqPACj_1"), doktor_password, STOP_ON_FAILURE): Text 'testdoctor@mail.ru' is set on object 'Object Repository/vra/Page_/input__sc-lnrBVv eqPACj_1'

2022-04-14 16:02:21 - [MESSAGE][PASSED] - Text 'testdoctor@mail.ru' is set on object 'Object Repository/vra/Page_/input__sc-lnrBVv eqPACj_1'

2022-04-14 16:02:21 - [TEST_STEP][PASSED] - click(findTestObject("Object Repository/vrach/Page_/Page_/go")): Object: 'Object Repository/vrach/Page_/Page_/go' is clicked on

2022-04-14 16:02:22 - [MESSAGE][PASSED] - Object: 'Object Repository/vrach/Page_/Page_/go' is clicked on

2022-04-14 16:02:22 - [MESSAGE][PASSED] - Call Test Case 'Test Cases/Доктор/Авторизация врач' successfully

2022-04-14 16:02:22 - [TEST_STEP][PASSED] - setText(findTestObject("Object Repository/Avangard New/Object (Доктор)/Case (Создание карточки и удаление)/input__school eat"), ""Авангард" Академия"): Text '"Авангард" Академия' is set on object 'Object Repository/Avangard New/Object (Доктор)/Case (Создание карточки и удаление)/input__school eat'

2022-04-14 16:02:25 - [MESSAGE][PASSED] - Text '"Авангард" Академия' is set on object 'Object Repository/Avangard New/Object (Доктор)/Case (Создание карточки и удаление)/input__school eat'

2022-04-14 16:02:25 - [TEST_STEP][PASSED] - click(findTestObject("Object Repository/Avangard New/Object (Доктор)/Case (Создание карточки и удаление)/1 posithion school eat")): Object: 'Object Repository/Avangard New/Object (Доктор)/Case (Создание карточки и удаление)/1 posithion school eat' is clicked on

2022-04-14 16:02:26 - [MESSAGE][PASSED] - Object: 'Object Repository/Avangard New/Object (Доктор)/Case (Создание карточки и удаление)/1 posithion school eat' is clicked on

2022-04-14 16:02:26 - [TEST_STEP][NOT_RUN] - sendKeys(findTestObject("Object Repository/Avangard New/Object (Доктор)/Case (Создание карточки и удаление)/input__school eat keys"), Keys.chord(ENTER)): NOT_RUN: sendKeys(findTestObject("Object Repository/Avangard New/Object (Доктор)/Case (Создание карточки и удаление)/input__school eat keys"), Keys.chord(ENTER))

2022-04-14 16:02:26 - [MESSAGE][NOT_RUN] - NOT_RUN: sendKeys(findTestObject("Object Repository/Avangard New/Object (Доктор)/Case (Создание карточки и удаление)/input__school eat keys"), Keys.chord(ENTER))

2022-04-14 16:02:26 - [TEST_STEP][PASSED] - setText(findTestObject("Object Repository/Avangard New/Object (Доктор)/Case (Создание карточки и удаление)/input__team eat"), school): Text 'Омские Ястребы' is set on object 'Object Repository/Avangard New/Object (Доктор)/Case (Создание карточки и удаление)/input__team eat'

2022-04-14 16:02:28 - [MESSAGE][PASSED] - Text 'Омские Ястребы' is set on object 'Object Repository/Avangard New/Object (Доктор)/Case (Создание карточки и удаление)/input__team eat'

2022-04-14 16:02:28 - [TEST_STEP][PASSED] - click(findTestObject("Object Repository/Avangard New/Object (Доктор)/Case (Создание карточки и удаление)/1 posithion team eat")): Object: 'Object Repository/Avangard New/Object (Доктор)/Case (Создание карточки и удаление)/1 posithion team eat' is clicked on

2022-04-14 16:02:29 - [MESSAGE][PASSED] - Object: 'Object Repository/Avangard New/Object (Доктор)/Case (Создание карточки и удаление)/1 posithion team eat' is clicked on

2022-04-14 16:02:29 - [TEST_STEP][NOT_RUN] - sendKeys(findTestObject("Object Repository/Avangard New/Object (Доктор)/Case (Создание карточки и удаление)/input__school eat keys"), Keys.chord(ENTER)): NOT_RUN: sendKeys(findTestObject("Object Repository/Avangard New/Object (Доктор)/Case (Создание карточки и удаление)/input__school eat keys"), Keys.chord(ENTER))

2022-04-14 16:02:29 - [MESSAGE][NOT_RUN] - NOT_RUN: sendKeys(findTestObject("Object Repository/Avangard New/Object (Доктор)/Case (Создание карточки и удаление)/input__school eat keys"), Keys.chord(ENTER))

2022-04-14 16:02:29 - [TEST_STEP][PASSED] - scrollToElement(findTestObject("Object Repository/Avangard New/Object (Доктор)/Case (Создание карточки и удаление)/card avtotestirovanie"), 0): Scroll to object 'Object Repository/Avangard New/Object (Доктор)/Case (Создание карточки и удаление)/card avtotestirovanie' successfully

2022-04-14 16:02:29 - [MESSAGE][WARNING] - Timeout '0' is invalid. Using default page load timeout: '30'

2022-04-14 16:02:29 - [MESSAGE][PASSED] - Scroll to object 'Object Repository/Avangard New/Object (Доктор)/Case (Создание карточки и удаление)/card avtotestirovanie' successfully

2022-04-14 16:02:29 - [TEST_STEP][PASSED] - click(findTestObject("Object Repository/Avangard New/Object (Доктор)/Case (Создание карточки и удаление)/card avtotestirovanie")): Object: 'Object Repository/Avangard New/Object (Доктор)/Case (Создание карточки и удаление)/card avtotestirovanie' is clicked on

2022-04-14 16:02:30 - [MESSAGE][PASSED] - Object: 'Object Repository/Avangard New/Object (Доктор)/Case (Создание карточки и удаление)/card avtotestirovanie' is clicked on

2022-04-14 16:02:30 - [TEST_STEP][PASSED] - setText(findTestObject("Object Repository/Avangard New/Object (Доктор)/Case (Создание карточки и удаление)/input__stady"), "Допуск на игру"): Text 'Допуск на игру' is set on object 'Object Repository/Avangard New/Object (Доктор)/Case (Создание карточки и удаление)/input__stady'

2022-04-14 16:02:31 - [MESSAGE][PASSED] - Text 'Допуск на игру' is set on object 'Object Repository/Avangard New/Object (Доктор)/Case (Создание карточки и удаление)/input__stady'

2022-04-14 16:02:31 - [TEST_STEP][PASSED] - sendKeys(findTestObject("Object Repository/Avangard New/Object (Доктор)/Case (Создание карточки и удаление)/input__stady"), Keys.chord(ENTER)): Keys 'ENTER + ' sent to object: 'Object Repository/Avangard New/Object (Доктор)/Case (Создание карточки и удаление)/input__stady'

2022-04-14 16:02:32 - [MESSAGE][PASSED] - Keys 'ENTER + ' sent to object: 'Object Repository/Avangard New/Object (Доктор)/Case (Создание карточки и удаление)/input__stady'

2022-04-14 16:02:32 - [TEST_STEP][PASSED] - scrollToElement(findTestObject("Object Repository/Avangard New/Object (Доктор)/Case (Создание карточки и удаление)/button_save"), 0): Scroll to object 'Object Repository/Avangard New/Object (Доктор)/Case (Создание карточки и удаление)/button_save' successfully

2022-04-14 16:02:32 - [MESSAGE][WARNING] - Timeout '0' is invalid. Using default page load timeout: '30'

2022-04-14 16:02:32 - [MESSAGE][PASSED] - Scroll to object 'Object Repository/Avangard New/Object (Доктор)/Case (Создание карточки и удаление)/button_save' successfully

2022-04-14 16:02:32 - [TEST_STEP][PASSED] - click(findTestObject("Object Repository/Avangard New/Object (Доктор)/Case (Создание карточки и удаление)/button_save")): Object: 'Object Repository/Avangard New/Object (Доктор)/Case (Создание карточки и удаление)/button_save' is clicked on

2022-04-14 16:02:33 - [MESSAGE][PASSED] - Object: 'Object Repository/Avangard New/Object (Доктор)/Case (Создание карточки и удаление)/button_save' is clicked on

2022-04-14 16:02:33 - [TEST_STEP][PASSED] - verifyElementText(findTestObject("Object Repository/Avangard New/Object (Доктор)/Case (Создание карточки и удаление)/verif eat alert"), "Карточка успешно сохранена"): Actual text and expected text of test object 'Object Repository/Avangard New/Object (Доктор)/Case (Создание карточки и удаление)/verif eat alert' are matched.

2022-04-14 16:02:34 - [MESSAGE][PASSED] - Actual text and expected text of test object 'Object Repository/Avangard New/Object (Доктор)/Case (Создание карточки и удаление)/verif eat alert' are matched.

2022-04-14 16:02:34 - [TEST_STEP][PASSED] - callTestCase(findTestCase("Доктор/Проверка в профиле статуса Доступен (переиспользуется во Вкладке удаление)"), [:], STOP_ON_FAILURE): Call Test Case 'Test Cases/Доктор/Проверка в профиле статуса Доступен (переиспользуется во Вкладке удаление)' successfully

2022-04-14 16:02:34 - [TEST_CASE][PASSED] - Test Cases/Доктор/Проверка в профиле статуса Доступен (переиспользуется во Вкладке удаление): Test Cases/Доктор/Проверка в профиле статуса Доступен (переиспользуется во Вкладке удаление)

2022-04-14 16:02:34 - [TEST_STEP][PASSED] - callTestCase(findTestCase("Доктор/Авторизация врач"), [:], STOP_ON_FAILURE): Call Test Case 'Test Cases/Доктор/Авторизация врач' successfully

2022-04-14 16:02:34 - [TEST_CASE][PASSED] - Test Cases/Доктор/Авторизация врач: Test Cases/Доктор/Авторизация врач

2022-04-14 16:02:34 - [TEST_STEP][PASSED] - openBrowser(""): Browser is opened with url: ''

2022-04-14 16:02:34 - [MESSAGE][WARNING] - A browser is already opened. Closing browser and opening a new one

2022-04-14 16:02:35 - [MESSAGE][INFO] - Starting 'Chrome' driver

2022-04-14 16:02:35 - [MESSAGE][INFO] - Action delay is set to 100 milliseconds

2022-04-14 16:02:36 - [MESSAGE][PASSED] - Browser is opened with url: ''

2022-04-14 16:02:36 - [TEST_STEP][PASSED] - maximizeWindow(): Current window maximized

2022-04-14 16:02:36 - [MESSAGE][PASSED] - Current window maximized

2022-04-14 16:02:36 - [TEST_STEP][PASSED] - navigateToUrl(url): Navigate to 'https://stars-stage.hawk.ru:8080' successfully

2022-04-14 16:02:40 - [MESSAGE][PASSED] - Navigate to 'https://stars-stage.hawk.ru:8080' successfully

2022-04-14 16:02:40 - [TEST_STEP][PASSED] - setText(findTestObject("Object Repository/vra/Page_/input__sc-lnrBVv eqPACj"), doktor_login): Text 'TestDoctor@mail.ru' is set on object 'Object Repository/vra/Page_/input__sc-lnrBVv eqPACj'

2022-04-14 16:02:41 - [MESSAGE][PASSED] - Text 'TestDoctor@mail.ru' is set on object 'Object Repository/vra/Page_/input__sc-lnrBVv eqPACj'

2022-04-14 16:02:41 - [TEST_STEP][PASSED] - setText(findTestObject("Object Repository/vra/Page_/input__sc-lnrBVv eqPACj_1"), doktor_password, STOP_ON_FAILURE): Text 'testdoctor@mail.ru' is set on object 'Object Repository/vra/Page_/input__sc-lnrBVv eqPACj_1'

2022-04-14 16:02:42 - [MESSAGE][PASSED] - Text 'testdoctor@mail.ru' is set on object 'Object Repository/vra/Page_/input__sc-lnrBVv eqPACj_1'

2022-04-14 16:02:42 - [TEST_STEP][PASSED] - click(findTestObject("Object Repository/vrach/Page_/Page_/go")): Object: 'Object Repository/vrach/Page_/Page_/go' is clicked on

2022-04-14 16:02:42 - [MESSAGE][PASSED] - Object: 'Object Repository/vrach/Page_/Page_/go' is clicked on

2022-04-14 16:02:42 - [MESSAGE][PASSED] - Call Test Case 'Test Cases/Доктор/Авторизация врач' successfully

2022-04-14 16:02:42 - [TEST_STEP][PASSED] - click(findTestObject("Avangard New/Object (Доктор)/Case (Создание карточки и удаление)/player_menu")): Object: 'Object Repository/Avangard New/Object (Доктор)/Case (Создание карточки и удаление)/player_menu' is clicked on

2022-04-14 16:02:54 - [MESSAGE][PASSED] - Object: 'Object Repository/Avangard New/Object (Доктор)/Case (Создание карточки и удаление)/player_menu' is clicked on

2022-04-14 16:02:54 - [TEST_STEP][PASSED] - setText(findTestObject("Avangard New/Object (Доктор)/Case (Создание карточки и удаление)/input__Search"), player_for_test_1): Text 'Ганин' is set on object 'Object Repository/Avangard New/Object (Доктор)/Case (Создание карточки и удаление)/input__Search'

2022-04-14 16:02:58 - [MESSAGE][PASSED] - Text 'Ганин' is set on object 'Object Repository/Avangard New/Object (Доктор)/Case (Создание карточки и удаление)/input__Search'

2022-04-14 16:02:58 - [TEST_STEP][PASSED] - click(findTestObject("Avangard New/Object (Доктор)/Case (Создание карточки и удаление)/var_player")): Object: 'Object Repository/Avangard New/Object (Доктор)/Case (Создание карточки и удаление)/var_player' is clicked on

2022-04-14 16:03:00 - [MESSAGE][PASSED] - Object: 'Object Repository/Avangard New/Object (Доктор)/Case (Создание карточки и удаление)/var_player' is clicked on

2022-04-14 16:03:00 - [TEST_STEP][PASSED] - verifyElementText(findTestObject("Avangard New/Object (Доктор)/Case (Создание карточки и удаление)/chek_stat"), "Доступен"): Actual text and expected text of test object 'Object Repository/Avangard New/Object (Доктор)/Case (Создание карточки и удаление)/chek_stat' are matched.

2022-04-14 16:03:00 - [MESSAGE][PASSED] - Actual text and expected text of test object 'Object Repository/Avangard New/Object (Доктор)/Case (Создание карточки и удаление)/chek_stat' are matched.

2022-04-14 16:03:00 - [MESSAGE][PASSED] - Call Test Case 'Test Cases/Доктор/Проверка в профиле статуса Доступен (переиспользуется во Вкладке удаление)' successfully

2022-04-14 16:03:00 - [TEST_STEP][PASSED] - callTestCase(findTestCase("Доктор/Авторизация врач"), [:], STOP_ON_FAILURE): Call Test Case 'Test Cases/Доктор/Авторизация врач' successfully

2022-04-14 16:03:00 - [TEST_CASE][PASSED] - Test Cases/Доктор/Авторизация врач: Test Cases/Доктор/Авторизация врач

2022-04-14 16:03:00 - [TEST_STEP][PASSED] - openBrowser(""): Browser is opened with url: ''

2022-04-14 16:03:00 - [MESSAGE][WARNING] - A browser is already opened. Closing browser and opening a new one

2022-04-14 16:03:01 - [MESSAGE][INFO] - Starting 'Chrome' driver

2022-04-14 16:03:01 - [MESSAGE][INFO] - Action delay is set to 100 milliseconds

2022-04-14 16:03:02 - [MESSAGE][PASSED] - Browser is opened with url: ''

2022-04-14 16:03:02 - [TEST_STEP][PASSED] - maximizeWindow(): Current window maximized

2022-04-14 16:03:02 - [MESSAGE][PASSED] - Current window maximized

2022-04-14 16:03:02 - [TEST_STEP][PASSED] - navigateToUrl(url): Navigate to 'https://stars-stage.hawk.ru:8080' successfully

2022-04-14 16:03:07 - [MESSAGE][PASSED] - Navigate to 'https://stars-stage.hawk.ru:8080' successfully

2022-04-14 16:03:07 - [TEST_STEP][PASSED] - setText(findTestObject("Object Repository/vra/Page_/input__sc-lnrBVv eqPACj"), doktor_login): Text 'TestDoctor@mail.ru' is set on object 'Object Repository/vra/Page_/input__sc-lnrBVv eqPACj'

2022-04-14 16:03:08 - [MESSAGE][PASSED] - Text 'TestDoctor@mail.ru' is set on object 'Object Repository/vra/Page_/input__sc-lnrBVv eqPACj'

2022-04-14 16:03:08 - [TEST_STEP][PASSED] - setText(findTestObject("Object Repository/vra/Page_/input__sc-lnrBVv eqPACj_1"), doktor_password, STOP_ON_FAILURE): Text 'testdoctor@mail.ru' is set on object 'Object Repository/vra/Page_/input__sc-lnrBVv eqPACj_1'

2022-04-14 16:03:09 - [MESSAGE][PASSED] - Text 'testdoctor@mail.ru' is set on object 'Object Repository/vra/Page_/input__sc-lnrBVv eqPACj_1'

2022-04-14 16:03:09 - [TEST_STEP][PASSED] - click(findTestObject("Object Repository/vrach/Page_/Page_/go")): Object: 'Object Repository/vrach/Page_/Page_/go' is clicked on

2022-04-14 16:03:10 - [MESSAGE][PASSED] - Object: 'Object Repository/vrach/Page_/Page_/go' is clicked on

2022-04-14 16:03:10 - [MESSAGE][PASSED] - Call Test Case 'Test Cases/Доктор/Авторизация врач' successfully

2022-04-14 16:03:10 - [TEST_STEP][PASSED] - setText(findTestObject("Object Repository/Avangard New/Object (Доктор)/Case (Создание карточки и удаление)/input__school eat"), ""Авангард" Академия"): Text '"Авангард" Академия' is set on object 'Object Repository/Avangard New/Object (Доктор)/Case (Создание карточки и удаление)/input__school eat'

2022-04-14 16:03:13 - [MESSAGE][PASSED] - Text '"Авангард" Академия' is set on object 'Object Repository/Avangard New/Object (Доктор)/Case (Создание карточки и удаление)/input__school eat'

2022-04-14 16:03:13 - [TEST_STEP][PASSED] - click(findTestObject("Object Repository/Avangard New/Object (Доктор)/Case (Создание карточки и удаление)/1 posithion school eat")): Object: 'Object Repository/Avangard New/Object (Доктор)/Case (Создание карточки и удаление)/1 posithion school eat' is clicked on

2022-04-14 16:03:14 - [MESSAGE][PASSED] - Object: 'Object Repository/Avangard New/Object (Доктор)/Case (Создание карточки и удаление)/1 posithion school eat' is clicked on

2022-04-14 16:03:14 - [TEST_STEP][NOT_RUN] - sendKeys(findTestObject("Object Repository/Avangard New/Object (Доктор)/Case (Создание карточки и удаление)/input__school eat keys"), Keys.chord(ENTER)): NOT_RUN: sendKeys(findTestObject("Object Repository/Avangard New/Object (Доктор)/Case (Создание карточки и удаление)/input__school eat keys"), Keys.chord(ENTER))

2022-04-14 16:03:14 - [MESSAGE][NOT_RUN] - NOT_RUN: sendKeys(findTestObject("Object Repository/Avangard New/Object (Доктор)/Case (Создание карточки и удаление)/input__school eat keys"), Keys.chord(ENTER))

2022-04-14 16:03:14 - [TEST_STEP][PASSED] - setText(findTestObject("Object Repository/Avangard New/Object (Доктор)/Case (Создание карточки и удаление)/input__team eat"), school): Text 'Омские Ястребы' is set on object 'Object Repository/Avangard New/Object (Доктор)/Case (Создание карточки и удаление)/input__team eat'

2022-04-14 16:03:15 - [MESSAGE][PASSED] - Text 'Омские Ястребы' is set on object 'Object Repository/Avangard New/Object (Доктор)/Case (Создание карточки и удаление)/input__team eat'

2022-04-14 16:03:15 - [TEST_STEP][PASSED] - click(findTestObject("Object Repository/Avangard New/Object (Доктор)/Case (Создание карточки и удаление)/1 posithion team eat")): Object: 'Object Repository/Avangard New/Object (Доктор)/Case (Создание карточки и удаление)/1 posithion team eat' is clicked on

2022-04-14 16:03:16 - [MESSAGE][PASSED] - Object: 'Object Repository/Avangard New/Object (Доктор)/Case (Создание карточки и удаление)/1 posithion team eat' is clicked on

2022-04-14 16:03:16 - [TEST_STEP][NOT_RUN] - sendKeys(findTestObject("Object Repository/Avangard New/Object (Доктор)/Case (Создание карточки и удаление)/input__team eat keys"), Keys.chord(ENTER)): NOT_RUN: sendKeys(findTestObject("Object Repository/Avangard New/Object (Доктор)/Case (Создание карточки и удаление)/input__team eat keys"), Keys.chord(ENTER))

2022-04-14 16:03:16 - [MESSAGE][NOT_RUN] - NOT_RUN: sendKeys(findTestObject("Object Repository/Avangard New/Object (Доктор)/Case (Создание карточки и удаление)/input__team eat keys"), Keys.chord(ENTER))

2022-04-14 16:03:16 - [TEST_STEP][PASSED] - scrollToElement(findTestObject("Object Repository/Avangard New/Object (Доктор)/Case (Создание карточки и удаление)/card avtotestirovanie"), 0): Scroll to object 'Object Repository/Avangard New/Object (Доктор)/Case (Создание карточки и удаление)/card avtotestirovanie' successfully

2022-04-14 16:03:16 - [MESSAGE][WARNING] - Timeout '0' is invalid. Using default page load timeout: '30'

2022-04-14 16:03:18 - [MESSAGE][PASSED] - Scroll to object 'Object Repository/Avangard New/Object (Доктор)/Case (Создание карточки и удаление)/card avtotestirovanie' successfully

2022-04-14 16:03:18 - [TEST_STEP][PASSED] - click(findTestObject("Object Repository/Avangard New/Object (Доктор)/Case (Создание карточки и удаление)/card avtotestirovanie")): Object: 'Object Repository/Avangard New/Object (Доктор)/Case (Создание карточки и удаление)/card avtotestirovanie' is clicked on

2022-04-14 16:03:18 - [MESSAGE][PASSED] - Object: 'Object Repository/Avangard New/Object (Доктор)/Case (Создание карточки и удаление)/card avtotestirovanie' is clicked on

2022-04-14 16:03:18 - [TEST_STEP][PASSED] - verifyElementText(findTestObject("Object Repository/Avangard New/Object (Доктор)/Case (Создание карточки и удаление)/stady"), "Допуск на игру"): Actual text and expected text of test object 'Object Repository/Avangard New/Object (Доктор)/Case (Создание карточки и удаление)/stady' are matched.

2022-04-14 16:03:19 - [MESSAGE][PASSED] - Actual text and expected text of test object 'Object Repository/Avangard New/Object (Доктор)/Case (Создание карточки и удаление)/stady' are matched.

2022-04-14 16:03:19 - [TEST_STEP][PASSED] - click(findTestObject("Object Repository/Avangard New/Object (Доктор)/Case (Создание карточки и удаление)/button_delete")): Object: 'Object Repository/Avangard New/Object (Доктор)/Case (Создание карточки и удаление)/button_delete' is clicked on

2022-04-14 16:03:20 - [MESSAGE][PASSED] - Object: 'Object Repository/Avangard New/Object (Доктор)/Case (Создание карточки и удаление)/button_delete' is clicked on

2022-04-14 16:03:20 - [TEST_STEP][PASSED] - click(findTestObject("Object Repository/Avangard New/Object (Доктор)/Case (Создание карточки и удаление)/confirm")): Object: 'Object Repository/Avangard New/Object (Доктор)/Case (Создание карточки и удаление)/confirm' is clicked on

2022-04-14 16:03:20 - [MESSAGE][PASSED] - Object: 'Object Repository/Avangard New/Object (Доктор)/Case (Создание карточки и удаление)/confirm' is clicked on

2022-04-14 16:03:20 - [TEST_STEP][PASSED] - verifyTextPresent("Карточка успешно удалена", false): Text 'Карточка успешно удалена' is present on page 

2022-04-14 16:03:21 - [MESSAGE][PASSED] - Text 'Карточка успешно удалена' is present on page 

2022-04-14 16:03:21 - [TEST_STEP][PASSED] - closeBrowser(): Browser is closed

2022-04-14 16:03:22 - [MESSAGE][PASSED] - Browser is closed

2022-04-14 16:03:22 - [TEST_STEP][NOT_RUN] - click(findTestObject("Object Repository/Avangard New/Object (Доктор)/Case (Создание карточки и удаление)/span_home eat")): NOT_RUN: click(findTestObject("Object Repository/Avangard New/Object (Доктор)/Case (Создание карточки и удаление)/span_home eat"))

2022-04-14 16:03:22 - [MESSAGE][NOT_RUN] - NOT_RUN: click(findTestObject("Object Repository/Avangard New/Object (Доктор)/Case (Создание карточки и удаление)/span_home eat"))

2022-04-14 16:03:22 - [TEST_STEP][NOT_RUN] - click(findTestObject("Object Repository/Avangard New/Object (Доктор)/Case (Создание карточки и удаление)/div_school click")): NOT_RUN: click(findTestObject("Object Repository/Avangard New/Object (Доктор)/Case (Создание карточки и удаление)/div_school click"))

2022-04-14 16:03:22 - [MESSAGE][NOT_RUN] - NOT_RUN: click(findTestObject("Object Repository/Avangard New/Object (Доктор)/Case (Создание карточки и удаление)/div_school click"))

2022-04-14 16:03:22 - [TEST_STEP][NOT_RUN] - click(findTestObject("Object Repository/Avangard New/Object (Доктор)/Case (Создание карточки и удаление)/div__team click")): NOT_RUN: click(findTestObject("Object Repository/Avangard New/Object (Доктор)/Case (Создание карточки и удаление)/div__team click"))

2022-04-14 16:03:22 - [MESSAGE][NOT_RUN] - NOT_RUN: click(findTestObject("Object Repository/Avangard New/Object (Доктор)/Case (Создание карточки и удаление)/div__team click"))

2022-04-14 16:03:22 - [TEST_STEP][NOT_RUN] - click(findTestObject("Object Repository/Avangard New/Object (Доктор)/Case (Создание карточки и удаление)/1 posithion school eat")): NOT_RUN: click(findTestObject("Object Repository/Avangard New/Object (Доктор)/Case (Создание карточки и удаление)/1 posithion school eat"))

2022-04-14 16:03:22 - [MESSAGE][NOT_RUN] - NOT_RUN: click(findTestObject("Object Repository/Avangard New/Object (Доктор)/Case (Создание карточки и удаление)/1 posithion school eat"))

2022-04-14 16:03:22 - [TEST_STEP][NOT_RUN] - click(findTestObject("Object Repository/Avangard New/Object (Доктор)/Case (Создание карточки и удаление)/1 posithion team eat")): NOT_RUN: click(findTestObject("Object Repository/Avangard New/Object (Доктор)/Case (Создание карточки и удаление)/1 posithion team eat"))

2022-04-14 16:03:22 - [MESSAGE][NOT_RUN] - NOT_RUN: click(findTestObject("Object Repository/Avangard New/Object (Доктор)/Case (Создание карточки и удаление)/1 posithion team eat"))

2022-04-14 16:03:22 - [MESSAGE][PASSED] - Call Test Case 'Test Cases/Доктор/Вкладки удаление (переиспользуется в Создание карточки болезни)' successfully

2022-04-14 16:03:22 - [TEST_STEP][PASSED] - closeBrowser(): Browser is closed

2022-04-14 16:03:22 - [MESSAGE][PASSED] - Browser is closed]]></system-out>
         <system-err><![CDATA[]]></system-err>
      </testcase>
      <system-out><![CDATA[2022-04-14 15:59:27 - [TEST_SUITE][PASSED] - Доктор: Test Cases/Доктор/Создание карточки болезни]]></system-out>
      <system-err><![CDATA[]]></system-err>
   </testsuite>
   <testsuite name="Тренер" tests="5" failures="1" errors="0" time="181.944" skipped="0" timestamp="2022-04-14 16:03:38" hostname="LENOVO - DESKTOP-KNHN0AA" id="Test Suites/Тренер">
      <properties>
         <property name="deviceName" value=""/>
         <property name="devicePlatform" value=""/>
         <property name="logFolder" value="C:\\Users\\LENOVO\\Katalon Studio\\Avangard\\Reports\\20220414_155908\\\u0422\u0440\u0435\u043D\u0435\u0440\\20220414_155911"/>
         <property name="logFiles" value="C:\\Users\\LENOVO\\Katalon Studio\\Avangard\\Reports\\20220414_155908\\\u0422\u0440\u0435\u043D\u0435\u0440\\20220414_155911\\execution0.log"/>
         <property name="attachments" value="C:\\Users\\LENOVO\\Katalon Studio\\Avangard\\Reports\\20220414_155908\\\u0422\u0440\u0435\u043D\u0435\u0440\\20220414_155911\\1649941498472.png, C:\\Users\\LENOVO\\Katalon Studio\\Avangard\\Reports\\20220414_155908\\\u0422\u0440\u0435\u043D\u0435\u0440\\20220414_155911\\1649941498669.png"/>
         <property name="hostName" value="LENOVO - DESKTOP-KNHN0AA"/>
         <property name="os" value="Windows 10 64bit"/>
         <property name="katalonVersion" value="8.2.5.208"/>
         <property name="browser" value="Chrome 100.0.4896.75"/>
         <property name="hostAddress" value="192.168.0.11"/>
         <property name="sessionId" value="0c5631bcff099201e81ca5619664e4c0"/>
         <property name="seleniumVersion" value="3.141.59"/>
         <property name="proxyInformation" value="ProxyInformation { proxyOption=NO_PROXY, proxyServerType=HTTP, username=, password=********, proxyServerAddress=, proxyServerPort=0, executionList=&quot;&quot;, isApplyToDesiredCapabilities=true }"/>
         <property name="platform" value="Windows 10"/>
      </properties>
      <testcase name="Test Cases/Тренер/Авторизация" time="10.861" classname="Test Cases/Тренер/Авторизация" status="PASSED">
         <system-out><![CDATA[2022-04-14 16:03:38 - [TEST_CASE][PASSED] - Test Cases/Тренер/Авторизация: Test Cases/Тренер/Авторизация

2022-04-14 16:03:39 - [TEST_STEP][PASSED] - openBrowser(""): Browser is opened with url: ''

2022-04-14 16:03:39 - [MESSAGE][INFO] - Starting 'Chrome' driver

2022-04-14 16:03:39 - [MESSAGE][INFO] - Action delay is set to 100 milliseconds

2022-04-14 16:03:41 - [MESSAGE][PASSED] - Browser is opened with url: ''

2022-04-14 16:03:41 - [TEST_STEP][PASSED] - maximizeWindow(): Current window maximized

2022-04-14 16:03:41 - [MESSAGE][PASSED] - Current window maximized

2022-04-14 16:03:41 - [TEST_STEP][PASSED] - navigateToUrl(url): Navigate to 'https://stars-stage.hawk.ru:8080' successfully

2022-04-14 16:03:47 - [MESSAGE][PASSED] - Navigate to 'https://stars-stage.hawk.ru:8080' successfully

2022-04-14 16:03:47 - [TEST_STEP][PASSED] - setText(findTestObject("Object Repository/manager/Page_/input__sc-lnrBVv eqPACj"), coach_login): Text 'ageev.da@hc-avangard.com' is set on object 'Object Repository/manager/Page_/input__sc-lnrBVv eqPACj'

2022-04-14 16:03:48 - [MESSAGE][PASSED] - Text 'ageev.da@hc-avangard.com' is set on object 'Object Repository/manager/Page_/input__sc-lnrBVv eqPACj'

2022-04-14 16:03:48 - [TEST_STEP][PASSED] - setText(findTestObject("Object Repository/manager/Page_/input__sc-lnrBVv eqPACj_1"), coach_password): Text 'zz4waxq6' is set on object 'Object Repository/manager/Page_/input__sc-lnrBVv eqPACj_1'

2022-04-14 16:03:49 - [MESSAGE][PASSED] - Text 'zz4waxq6' is set on object 'Object Repository/manager/Page_/input__sc-lnrBVv eqPACj_1'

2022-04-14 16:03:49 - [TEST_STEP][PASSED] - click(findTestObject("manager/Page_/go")): Object: 'Object Repository/manager/Page_/go' is clicked on

2022-04-14 16:03:49 - [MESSAGE][PASSED] - Object: 'Object Repository/manager/Page_/go' is clicked on]]></system-out>
         <system-err><![CDATA[]]></system-err>
      </testcase>
      <testcase name="Test Cases/Тренер/Профиль Тренера" time="16.11" classname="Test Cases/Тренер/Профиль Тренера" status="PASSED">
         <system-out><![CDATA[2022-04-14 16:03:49 - [TEST_CASE][PASSED] - Test Cases/Тренер/Профиль Тренера: Test Cases/Тренер/Профиль Тренера

2022-04-14 16:03:50 - [TEST_STEP][PASSED] - callTestCase(findTestCase("Тренер/Авторизация"), [:], STOP_ON_FAILURE): Call Test Case 'Test Cases/Тренер/Авторизация' successfully

2022-04-14 16:03:50 - [TEST_CASE][PASSED] - Test Cases/Тренер/Авторизация: Test Cases/Тренер/Авторизация

2022-04-14 16:03:50 - [TEST_STEP][PASSED] - openBrowser(""): Browser is opened with url: ''

2022-04-14 16:03:50 - [MESSAGE][WARNING] - A browser is already opened. Closing browser and opening a new one

2022-04-14 16:03:50 - [MESSAGE][INFO] - Starting 'Chrome' driver

2022-04-14 16:03:50 - [MESSAGE][INFO] - Action delay is set to 100 milliseconds

2022-04-14 16:03:51 - [MESSAGE][PASSED] - Browser is opened with url: ''

2022-04-14 16:03:51 - [TEST_STEP][PASSED] - maximizeWindow(): Current window maximized

2022-04-14 16:03:52 - [MESSAGE][PASSED] - Current window maximized

2022-04-14 16:03:52 - [TEST_STEP][PASSED] - navigateToUrl(url): Navigate to 'https://stars-stage.hawk.ru:8080' successfully

2022-04-14 16:03:56 - [MESSAGE][PASSED] - Navigate to 'https://stars-stage.hawk.ru:8080' successfully

2022-04-14 16:03:56 - [TEST_STEP][PASSED] - setText(findTestObject("Object Repository/manager/Page_/input__sc-lnrBVv eqPACj"), coach_login): Text 'ageev.da@hc-avangard.com' is set on object 'Object Repository/manager/Page_/input__sc-lnrBVv eqPACj'

2022-04-14 16:03:57 - [MESSAGE][PASSED] - Text 'ageev.da@hc-avangard.com' is set on object 'Object Repository/manager/Page_/input__sc-lnrBVv eqPACj'

2022-04-14 16:03:57 - [TEST_STEP][PASSED] - setText(findTestObject("Object Repository/manager/Page_/input__sc-lnrBVv eqPACj_1"), coach_password): Text 'zz4waxq6' is set on object 'Object Repository/manager/Page_/input__sc-lnrBVv eqPACj_1'

2022-04-14 16:03:58 - [MESSAGE][PASSED] - Text 'zz4waxq6' is set on object 'Object Repository/manager/Page_/input__sc-lnrBVv eqPACj_1'

2022-04-14 16:03:58 - [TEST_STEP][PASSED] - click(findTestObject("manager/Page_/go")): Object: 'Object Repository/manager/Page_/go' is clicked on

2022-04-14 16:03:58 - [MESSAGE][PASSED] - Object: 'Object Repository/manager/Page_/go' is clicked on

2022-04-14 16:03:58 - [MESSAGE][PASSED] - Call Test Case 'Test Cases/Тренер/Авторизация' successfully

2022-04-14 16:03:58 - [TEST_STEP][PASSED] - click(findTestObject("Object Repository/ТРЕНЕР/reports/IMT/Page_/Page_/div_ (1)")): Object: 'Object Repository/ТРЕНЕР/reports/IMT/Page_/Page_/div_ (1)' is clicked on

2022-04-14 16:04:02 - [MESSAGE][PASSED] - Object: 'Object Repository/ТРЕНЕР/reports/IMT/Page_/Page_/div_ (1)' is clicked on

2022-04-14 16:04:02 - [TEST_STEP][PASSED] - click(findTestObject("Object Repository/ТРЕНЕР/reports/IMT/Page_/Page_/save")): Object: 'Object Repository/ТРЕНЕР/reports/IMT/Page_/Page_/save' is clicked on

2022-04-14 16:04:03 - [MESSAGE][PASSED] - Object: 'Object Repository/ТРЕНЕР/reports/IMT/Page_/Page_/save' is clicked on

2022-04-14 16:04:03 - [TEST_STEP][PASSED] - verifyTextPresent("Пользователь сохранен", false): Text 'Пользователь сохранен' is present on page 

2022-04-14 16:04:04 - [MESSAGE][PASSED] - Text 'Пользователь сохранен' is present on page 

2022-04-14 16:04:04 - [TEST_STEP][PASSED] - click(findTestObject("Object Repository/ТРЕНЕР/reports/IMT/Page_/Page_/root")): Object: 'Object Repository/ТРЕНЕР/reports/IMT/Page_/Page_/root' is clicked on

2022-04-14 16:04:05 - [MESSAGE][PASSED] - Object: 'Object Repository/ТРЕНЕР/reports/IMT/Page_/Page_/root' is clicked on

2022-04-14 16:04:05 - [TEST_STEP][PASSED] - closeBrowser(): Browser is closed

2022-04-14 16:04:05 - [MESSAGE][PASSED] - Browser is closed]]></system-out>
         <system-err><![CDATA[]]></system-err>
      </testcase>
      <testcase name="Test Cases/Тренер/Оценка навыков" time="53.673" classname="Test Cases/Тренер/Оценка навыков" status="FAILED">
         <failure type="FAILED" message="Test Cases/Тренер/Оценка навыков FAILED.
Reason:
com.kms.katalon.core.exception.StepFailedException: Verify element text of test object 'Object Repository/Avangard New/Object (Тренер)/Case (Оценка навыков)/alert home add' FAILED.
	at com.kms.katalon.core.webui.keyword.internal.WebUIKeywordMain.stepFailed(WebUIKeywordMain.groovy:64)
	at com.kms.katalon.core.webui.keyword.internal.WebUIKeywordMain.runKeyword(WebUIKeywordMain.groovy:26)
	at com.kms.katalon.core.webui.keyword.builtin.VerifyElementTextKeyword.verifyElementText(VerifyElementTextKeyword.groovy:72)
	at com.kms.katalon.core.webui.keyword.builtin.VerifyElementTextKeyword.execute(VerifyElementTextKeyword.groovy:40)
	at com.kms.katalon.core.keyword.internal.KeywordExecutor.executeKeywordForPlatform(KeywordExecutor.groovy:74)
	at com.kms.katalon.core.webui.keyword.WebUiBuiltInKeywords.verifyElementText(WebUiBuiltInKeywords.groovy:4749)
	at com.kms.katalon.core.webui.keyword.WebUiBuiltInKeywords$verifyElementText$7.call(Unknown Source)
	at Оценка навыков.run(Оценка навыков:34)
	at com.kms.katalon.core.main.ScriptEngine.run(ScriptEngine.java:194)
	at com.kms.katalon.core.main.ScriptEngine.runScriptAsRawText(ScriptEngine.java:119)
	at com.kms.katalon.core.main.TestCaseExecutor.runScript(TestCaseExecutor.java:442)
	at com.kms.katalon.core.main.TestCaseExecutor.doExecute(TestCaseExecutor.java:433)
	at com.kms.katalon.core.main.TestCaseExecutor.processExecutionPhase(TestCaseExecutor.java:412)
	at com.kms.katalon.core.main.TestCaseExecutor.accessMainPhase(TestCaseExecutor.java:404)
	at com.kms.katalon.core.main.TestCaseExecutor.execute(TestCaseExecutor.java:281)
	at com.kms.katalon.core.main.TestSuiteExecutor.accessTestCaseMainPhase(TestSuiteExecutor.java:202)
	at com.kms.katalon.core.main.TestSuiteExecutor.accessTestSuiteMainPhase(TestSuiteExecutor.java:164)
	at com.kms.katalon.core.main.TestSuiteExecutor.execute(TestSuiteExecutor.java:105)
	at com.kms.katalon.core.main.TestCaseMain.startTestSuite(TestCaseMain.java:185)
	at com.kms.katalon.core.main.TestCaseMain$startTestSuite$0.call(Unknown Source)
	at TempTestSuite1649941151062.run(TempTestSuite1649941151062.groovy:36)
Caused by: com.kms.katalon.core.exception.StepFailedException: com.kms.katalon.core.webui.exception.WebElementNotFoundException: Web element with id: 'Object Repository/Avangard New/Object (Тренер)/Case (Оценка навыков)/alert home add' located by '(.//*[normalize-space(text()) and normalize-space(.)='Ошибка при заполнении'])[1]/following::p[1]' not found
	at com.kms.katalon.core.webui.keyword.internal.WebUIKeywordMain.stepFailed(WebUIKeywordMain.groovy:64)
	at com.kms.katalon.core.webui.keyword.builtin.VerifyElementTextKeyword$_verifyElementText_closure1.doCall(VerifyElementTextKeyword.groovy:64)
	at com.kms.katalon.core.webui.keyword.builtin.VerifyElementTextKeyword$_verifyElementText_closure1.call(VerifyElementTextKeyword.groovy)
	at com.kms.katalon.core.webui.keyword.internal.WebUIKeywordMain.runKeyword(WebUIKeywordMain.groovy:20)
	... 19 more
"/>
         <system-out><![CDATA[2022-04-14 16:04:05 - [TEST_CASE][FAILED] - Test Cases/Тренер/Оценка навыков: Test Cases/Тренер/Оценка навыков FAILED.
Reason:
com.kms.katalon.core.exception.StepFailedException: Verify element text of test object 'Object Repository/Avangard New/Object (Тренер)/Case (Оценка навыков)/alert home add' FAILED.
	at com.kms.katalon.core.webui.keyword.internal.WebUIKeywordMain.stepFailed(WebUIKeywordMain.groovy:64)
	at com.kms.katalon.core.webui.keyword.internal.WebUIKeywordMain.runKeyword(WebUIKeywordMain.groovy:26)
	at com.kms.katalon.core.webui.keyword.builtin.VerifyElementTextKeyword.verifyElementText(VerifyElementTextKeyword.groovy:72)
	at com.kms.katalon.core.webui.keyword.builtin.VerifyElementTextKeyword.execute(VerifyElementTextKeyword.groovy:40)
	at com.kms.katalon.core.keyword.internal.KeywordExecutor.executeKeywordForPlatform(KeywordExecutor.groovy:74)
	at com.kms.katalon.core.webui.keyword.WebUiBuiltInKeywords.verifyElementText(WebUiBuiltInKeywords.groovy:4749)
	at com.kms.katalon.core.webui.keyword.WebUiBuiltInKeywords$verifyElementText$7.call(Unknown Source)
	at Оценка навыков.run(Оценка навыков:34)
	at com.kms.katalon.core.main.ScriptEngine.run(ScriptEngine.java:194)
	at com.kms.katalon.core.main.ScriptEngine.runScriptAsRawText(ScriptEngine.java:119)
	at com.kms.katalon.core.main.TestCaseExecutor.runScript(TestCaseExecutor.java:442)
	at com.kms.katalon.core.main.TestCaseExecutor.doExecute(TestCaseExecutor.java:433)
	at com.kms.katalon.core.main.TestCaseExecutor.processExecutionPhase(TestCaseExecutor.java:412)
	at com.kms.katalon.core.main.TestCaseExecutor.accessMainPhase(TestCaseExecutor.java:404)
	at com.kms.katalon.core.main.TestCaseExecutor.execute(TestCaseExecutor.java:281)
	at com.kms.katalon.core.main.TestSuiteExecutor.accessTestCaseMainPhase(TestSuiteExecutor.java:202)
	at com.kms.katalon.core.main.TestSuiteExecutor.accessTestSuiteMainPhase(TestSuiteExecutor.java:164)
	at com.kms.katalon.core.main.TestSuiteExecutor.execute(TestSuiteExecutor.java:105)
	at com.kms.katalon.core.main.TestCaseMain.startTestSuite(TestCaseMain.java:185)
	at com.kms.katalon.core.main.TestCaseMain$startTestSuite$0.call(Unknown Source)
	at TempTestSuite1649941151062.run(TempTestSuite1649941151062.groovy:36)
Caused by: com.kms.katalon.core.exception.StepFailedException: com.kms.katalon.core.webui.exception.WebElementNotFoundException: Web element with id: 'Object Repository/Avangard New/Object (Тренер)/Case (Оценка навыков)/alert home add' located by '(.//*[normalize-space(text()) and normalize-space(.)='Ошибка при заполнении'])[1]/following::p[1]' not found
	at com.kms.katalon.core.webui.keyword.internal.WebUIKeywordMain.stepFailed(WebUIKeywordMain.groovy:64)
	at com.kms.katalon.core.webui.keyword.builtin.VerifyElementTextKeyword$_verifyElementText_closure1.doCall(VerifyElementTextKeyword.groovy:64)
	at com.kms.katalon.core.webui.keyword.builtin.VerifyElementTextKeyword$_verifyElementText_closure1.call(VerifyElementTextKeyword.groovy)
	at com.kms.katalon.core.webui.keyword.internal.WebUIKeywordMain.runKeyword(WebUIKeywordMain.groovy:20)
	... 19 more


2022-04-14 16:04:06 - [TEST_STEP][PASSED] - callTestCase(findTestCase("Тренер/Авторизация"), [:], STOP_ON_FAILURE): Call Test Case 'Test Cases/Тренер/Авторизация' successfully

2022-04-14 16:04:06 - [TEST_CASE][PASSED] - Test Cases/Тренер/Авторизация: Test Cases/Тренер/Авторизация

2022-04-14 16:04:06 - [TEST_STEP][PASSED] - openBrowser(""): Browser is opened with url: ''

2022-04-14 16:04:06 - [MESSAGE][INFO] - Starting 'Chrome' driver

2022-04-14 16:04:06 - [MESSAGE][INFO] - Action delay is set to 100 milliseconds

2022-04-14 16:04:07 - [MESSAGE][PASSED] - Browser is opened with url: ''

2022-04-14 16:04:07 - [TEST_STEP][PASSED] - maximizeWindow(): Current window maximized

2022-04-14 16:04:07 - [MESSAGE][PASSED] - Current window maximized

2022-04-14 16:04:07 - [TEST_STEP][PASSED] - navigateToUrl(url): Navigate to 'https://stars-stage.hawk.ru:8080' successfully

2022-04-14 16:04:11 - [MESSAGE][PASSED] - Navigate to 'https://stars-stage.hawk.ru:8080' successfully

2022-04-14 16:04:11 - [TEST_STEP][PASSED] - setText(findTestObject("Object Repository/manager/Page_/input__sc-lnrBVv eqPACj"), coach_login): Text 'ageev.da@hc-avangard.com' is set on object 'Object Repository/manager/Page_/input__sc-lnrBVv eqPACj'

2022-04-14 16:04:12 - [MESSAGE][PASSED] - Text 'ageev.da@hc-avangard.com' is set on object 'Object Repository/manager/Page_/input__sc-lnrBVv eqPACj'

2022-04-14 16:04:12 - [TEST_STEP][PASSED] - setText(findTestObject("Object Repository/manager/Page_/input__sc-lnrBVv eqPACj_1"), coach_password): Text 'zz4waxq6' is set on object 'Object Repository/manager/Page_/input__sc-lnrBVv eqPACj_1'

2022-04-14 16:04:13 - [MESSAGE][PASSED] - Text 'zz4waxq6' is set on object 'Object Repository/manager/Page_/input__sc-lnrBVv eqPACj_1'

2022-04-14 16:04:13 - [TEST_STEP][PASSED] - click(findTestObject("manager/Page_/go")): Object: 'Object Repository/manager/Page_/go' is clicked on

2022-04-14 16:04:14 - [MESSAGE][PASSED] - Object: 'Object Repository/manager/Page_/go' is clicked on

2022-04-14 16:04:14 - [MESSAGE][PASSED] - Call Test Case 'Test Cases/Тренер/Авторизация' successfully

2022-04-14 16:04:14 - [TEST_STEP][PASSED] - click(findTestObject("Object Repository/Avangard New/Object (Тренер)/Case (Оценка навыков)/span_home")): Object: 'Object Repository/Avangard New/Object (Тренер)/Case (Оценка навыков)/span_home' is clicked on

2022-04-14 16:04:20 - [MESSAGE][PASSED] - Object: 'Object Repository/Avangard New/Object (Тренер)/Case (Оценка навыков)/span_home' is clicked on

2022-04-14 16:04:20 - [TEST_STEP][PASSED] - click(findTestObject("Object Repository/Avangard New/Object (Тренер)/Case (Оценка навыков)/edit home")): Object: 'Object Repository/Avangard New/Object (Тренер)/Case (Оценка навыков)/edit home' is clicked on

2022-04-14 16:04:20 - [MESSAGE][PASSED] - Object: 'Object Repository/Avangard New/Object (Тренер)/Case (Оценка навыков)/edit home' is clicked on

2022-04-14 16:04:20 - [TEST_STEP][PASSED] - scrollToElement(findTestObject("Avangard New/Object (Тренер)/Case (Оценка навыков)/button_save_home"), 0): Scroll to object 'Object Repository/Avangard New/Object (Тренер)/Case (Оценка навыков)/button_save_home' successfully

2022-04-14 16:04:21 - [MESSAGE][WARNING] - Timeout '0' is invalid. Using default page load timeout: '30'

2022-04-14 16:04:21 - [MESSAGE][PASSED] - Scroll to object 'Object Repository/Avangard New/Object (Тренер)/Case (Оценка навыков)/button_save_home' successfully

2022-04-14 16:04:21 - [TEST_STEP][PASSED] - click(findTestObject("Avangard New/Object (Тренер)/Case (Оценка навыков)/button_save_home")): Object: 'Object Repository/Avangard New/Object (Тренер)/Case (Оценка навыков)/button_save_home' is clicked on

2022-04-14 16:04:22 - [MESSAGE][PASSED] - Object: 'Object Repository/Avangard New/Object (Тренер)/Case (Оценка навыков)/button_save_home' is clicked on

2022-04-14 16:04:22 - [TEST_STEP][FAILED] - verifyElementText(findTestObject("Avangard New/Object (Тренер)/Case (Оценка навыков)/alert home add"), "Добавьте от 1 до 7 навыков для развития."): Verify element text of test object 'Object Repository/Avangard New/Object (Тренер)/Case (Оценка навыков)/alert home add' FAILED. (Root cause: com.kms.katalon.core.exception.StepFailedException: Verify element text of test object 'Object Repository/Avangard New/Object (Тренер)/Case (Оценка навыков)/alert home add' FAILED.
	at com.kms.katalon.core.webui.keyword.internal.WebUIKeywordMain.stepFailed(WebUIKeywordMain.groovy:64)
	at com.kms.katalon.core.webui.keyword.internal.WebUIKeywordMain.runKeyword(WebUIKeywordMain.groovy:26)
	at com.kms.katalon.core.webui.keyword.builtin.VerifyElementTextKeyword.verifyElementText(VerifyElementTextKeyword.groovy:72)
	at com.kms.katalon.core.webui.keyword.builtin.VerifyElementTextKeyword.execute(VerifyElementTextKeyword.groovy:40)
	at com.kms.katalon.core.keyword.internal.KeywordExecutor.executeKeywordForPlatform(KeywordExecutor.groovy:74)
	at com.kms.katalon.core.webui.keyword.WebUiBuiltInKeywords.verifyElementText(WebUiBuiltInKeywords.groovy:4749)
	at com.kms.katalon.core.webui.keyword.WebUiBuiltInKeywords$verifyElementText$7.call(Unknown Source)
	at Оценка навыков.run(Оценка навыков:34)
	at com.kms.katalon.core.main.ScriptEngine.run(ScriptEngine.java:194)
	at com.kms.katalon.core.main.ScriptEngine.runScriptAsRawText(ScriptEngine.java:119)
	at com.kms.katalon.core.main.TestCaseExecutor.runScript(TestCaseExecutor.java:442)
	at com.kms.katalon.core.main.TestCaseExecutor.doExecute(TestCaseExecutor.java:433)
	at com.kms.katalon.core.main.TestCaseExecutor.processExecutionPhase(TestCaseExecutor.java:412)
	at com.kms.katalon.core.main.TestCaseExecutor.accessMainPhase(TestCaseExecutor.java:404)
	at com.kms.katalon.core.main.TestCaseExecutor.execute(TestCaseExecutor.java:281)
	at com.kms.katalon.core.main.TestSuiteExecutor.accessTestCaseMainPhase(TestSuiteExecutor.java:202)
	at com.kms.katalon.core.main.TestSuiteExecutor.accessTestSuiteMainPhase(TestSuiteExecutor.java:164)
	at com.kms.katalon.core.main.TestSuiteExecutor.execute(TestSuiteExecutor.java:105)
	at com.kms.katalon.core.main.TestCaseMain.startTestSuite(TestCaseMain.java:185)
	at com.kms.katalon.core.main.TestCaseMain$startTestSuite$0.call(Unknown Source)
	at TempTestSuite1649941151062.run(TempTestSuite1649941151062.groovy:36)
Caused by: com.kms.katalon.core.exception.StepFailedException: com.kms.katalon.core.webui.exception.WebElementNotFoundException: Web element with id: 'Object Repository/Avangard New/Object (Тренер)/Case (Оценка навыков)/alert home add' located by '(.//*[normalize-space(text()) and normalize-space(.)='Ошибка при заполнении'])[1]/following::p[1]' not found
	at com.kms.katalon.core.webui.keyword.internal.WebUIKeywordMain.stepFailed(WebUIKeywordMain.groovy:64)
	at com.kms.katalon.core.webui.keyword.builtin.VerifyElementTextKeyword$_verifyElementText_closure1.doCall(VerifyElementTextKeyword.groovy:64)
	at com.kms.katalon.core.webui.keyword.builtin.VerifyElementTextKeyword$_verifyElementText_closure1.call(VerifyElementTextKeyword.groovy)
	at com.kms.katalon.core.webui.keyword.internal.WebUIKeywordMain.runKeyword(WebUIKeywordMain.groovy:20)
	... 19 more
)

2022-04-14 16:04:53 - [MESSAGE][INFO] - Unable to find the element located by 'By.xpath: (.//*[normalize-space(text()) and normalize-space(.)='Ошибка при заполнении'])[1]/following::p[1]'. Please recheck the objects properties to make sure the desired element is located. 

2022-04-14 16:04:53 - [MESSAGE][WARNING] - [SELF-HEALING] Failed to find element with id 'Object Repository/Avangard New/Object (Тренер)/Case (Оценка навыков)/alert home add'. Try using Self-healing.

2022-04-14 16:04:54 - [MESSAGE][INFO] - Unable to find the element located by 'By.cssSelector: p.ReactComponentNotification__NotificationText-sc-1wfzr6b-3.JWcOG'. Please recheck the objects properties to make sure the desired element is located. 

2022-04-14 16:04:55 - [MESSAGE][INFO] - [SELF-HEALING] Failed Locator: '(.//*[normalize-space(text()) and normalize-space(.)='Ошибка при заполнении'])[1]/following::p[1]'.

2022-04-14 16:04:55 - [MESSAGE][INFO] - [SELF-HEALING] Failed Locator: '(.//*[normalize-space(text()) and normalize-space(.)='Нет'])[1]/following::p[1]'.

2022-04-14 16:04:55 - [MESSAGE][INFO] - [SELF-HEALING] Failed Locator: '//*/text()[normalize-space(.)='Добавьте от 1 до 7 навыков для развития.']/parent::*'.

2022-04-14 16:04:56 - [MESSAGE][INFO] - [SELF-HEALING] Failed Locator: '//div[4]/div/div/div/div/div/div/p'.

2022-04-14 16:04:56 - [MESSAGE][INFO] - [SELF-HEALING] Failed Locator: '//p[(text() = 'Добавьте от 1 до 7 навыков для развития.' or . = 'Добавьте от 1 до 7 навыков для развития.')]'.

2022-04-14 16:04:57 - [MESSAGE][INFO] - Unable to find the element located by 'By.xpath: //*[(text() = 'Добавьте от 1 до 7 навыков для развития.' or . = 'Добавьте от 1 до 7 навыков для развития.')]'. Please recheck the objects properties to make sure the desired element is located. 

2022-04-14 16:04:58 - [MESSAGE][INFO] - Unable to find the element located by 'By.cssSelector: p.ReactComponentNotification__NotificationText-sc-1wfzr6b-3.JWcOG'. Please recheck the objects properties to make sure the desired element is located. 

2022-04-14 16:04:58 - [MESSAGE][FAILED] - com.kms.katalon.core.webui.exception.WebElementNotFoundException: Web element with id: 'Object Repository/Avangard New/Object (Тренер)/Case (Оценка навыков)/alert home add' located by '(.//*[normalize-space(text()) and normalize-space(.)='Ошибка при заполнении'])[1]/following::p[1]' not found (Root cause: com.kms.katalon.core.exception.StepFailedException: com.kms.katalon.core.webui.exception.WebElementNotFoundException: Web element with id: 'Object Repository/Avangard New/Object (Тренер)/Case (Оценка навыков)/alert home add' located by '(.//*[normalize-space(text()) and normalize-space(.)='Ошибка при заполнении'])[1]/following::p[1]' not found
	at com.kms.katalon.core.webui.keyword.internal.WebUIKeywordMain.stepFailed(WebUIKeywordMain.groovy:64)
	at com.kms.katalon.core.webui.keyword.builtin.VerifyElementTextKeyword$_verifyElementText_closure1.doCall(VerifyElementTextKeyword.groovy:64)
	at com.kms.katalon.core.webui.keyword.builtin.VerifyElementTextKeyword$_verifyElementText_closure1.call(VerifyElementTextKeyword.groovy)
	at com.kms.katalon.core.webui.keyword.internal.WebUIKeywordMain.runKeyword(WebUIKeywordMain.groovy:20)
	at com.kms.katalon.core.webui.keyword.builtin.VerifyElementTextKeyword.verifyElementText(VerifyElementTextKeyword.groovy:72)
	at com.kms.katalon.core.webui.keyword.builtin.VerifyElementTextKeyword.execute(VerifyElementTextKeyword.groovy:40)
	at com.kms.katalon.core.keyword.internal.KeywordExecutor.executeKeywordForPlatform(KeywordExecutor.groovy:74)
	at com.kms.katalon.core.webui.keyword.WebUiBuiltInKeywords.verifyElementText(WebUiBuiltInKeywords.groovy:4749)
	at com.kms.katalon.core.webui.keyword.WebUiBuiltInKeywords$verifyElementText$7.call(Unknown Source)
	at Оценка навыков.run(Оценка навыков:34)
	at com.kms.katalon.core.main.ScriptEngine.run(ScriptEngine.java:194)
	at com.kms.katalon.core.main.ScriptEngine.runScriptAsRawText(ScriptEngine.java:119)
	at com.kms.katalon.core.main.TestCaseExecutor.runScript(TestCaseExecutor.java:442)
	at com.kms.katalon.core.main.TestCaseExecutor.doExecute(TestCaseExecutor.java:433)
	at com.kms.katalon.core.main.TestCaseExecutor.processExecutionPhase(TestCaseExecutor.java:412)
	at com.kms.katalon.core.main.TestCaseExecutor.accessMainPhase(TestCaseExecutor.java:404)
	at com.kms.katalon.core.main.TestCaseExecutor.execute(TestCaseExecutor.java:281)
	at com.kms.katalon.core.main.TestSuiteExecutor.accessTestCaseMainPhase(TestSuiteExecutor.java:202)
	at com.kms.katalon.core.main.TestSuiteExecutor.accessTestSuiteMainPhase(TestSuiteExecutor.java:164)
	at com.kms.katalon.core.main.TestSuiteExecutor.execute(TestSuiteExecutor.java:105)
	at com.kms.katalon.core.main.TestCaseMain.startTestSuite(TestCaseMain.java:185)
	at com.kms.katalon.core.main.TestCaseMain$startTestSuite$0.call(Unknown Source)
	at TempTestSuite1649941151062.run(TempTestSuite1649941151062.groovy:36)
)
[[ATTACHMENT|C:\\Users\\LENOVO\\Katalon Studio\\Avangard\\Reports\\20220414_155908\\\u0422\u0440\u0435\u043D\u0435\u0440\\20220414_155911\\1649941498472.png]]

2022-04-14 16:04:58 - [MESSAGE][FAILED] - Verify element text of test object 'Object Repository/Avangard New/Object (Тренер)/Case (Оценка навыков)/alert home add' FAILED. (Root cause: com.kms.katalon.core.exception.StepFailedException: Verify element text of test object 'Object Repository/Avangard New/Object (Тренер)/Case (Оценка навыков)/alert home add' FAILED.
	at com.kms.katalon.core.webui.keyword.internal.WebUIKeywordMain.stepFailed(WebUIKeywordMain.groovy:64)
	at com.kms.katalon.core.webui.keyword.internal.WebUIKeywordMain.runKeyword(WebUIKeywordMain.groovy:26)
	at com.kms.katalon.core.webui.keyword.builtin.VerifyElementTextKeyword.verifyElementText(VerifyElementTextKeyword.groovy:72)
	at com.kms.katalon.core.webui.keyword.builtin.VerifyElementTextKeyword.execute(VerifyElementTextKeyword.groovy:40)
	at com.kms.katalon.core.keyword.internal.KeywordExecutor.executeKeywordForPlatform(KeywordExecutor.groovy:74)
	at com.kms.katalon.core.webui.keyword.WebUiBuiltInKeywords.verifyElementText(WebUiBuiltInKeywords.groovy:4749)
	at com.kms.katalon.core.webui.keyword.WebUiBuiltInKeywords$verifyElementText$7.call(Unknown Source)
	at Оценка навыков.run(Оценка навыков:34)
	at com.kms.katalon.core.main.ScriptEngine.run(ScriptEngine.java:194)
	at com.kms.katalon.core.main.ScriptEngine.runScriptAsRawText(ScriptEngine.java:119)
	at com.kms.katalon.core.main.TestCaseExecutor.runScript(TestCaseExecutor.java:442)
	at com.kms.katalon.core.main.TestCaseExecutor.doExecute(TestCaseExecutor.java:433)
	at com.kms.katalon.core.main.TestCaseExecutor.processExecutionPhase(TestCaseExecutor.java:412)
	at com.kms.katalon.core.main.TestCaseExecutor.accessMainPhase(TestCaseExecutor.java:404)
	at com.kms.katalon.core.main.TestCaseExecutor.execute(TestCaseExecutor.java:281)
	at com.kms.katalon.core.main.TestSuiteExecutor.accessTestCaseMainPhase(TestSuiteExecutor.java:202)
	at com.kms.katalon.core.main.TestSuiteExecutor.accessTestSuiteMainPhase(TestSuiteExecutor.java:164)
	at com.kms.katalon.core.main.TestSuiteExecutor.execute(TestSuiteExecutor.java:105)
	at com.kms.katalon.core.main.TestCaseMain.startTestSuite(TestCaseMain.java:185)
	at com.kms.katalon.core.main.TestCaseMain$startTestSuite$0.call(Unknown Source)
	at TempTestSuite1649941151062.run(TempTestSuite1649941151062.groovy:36)
Caused by: com.kms.katalon.core.exception.StepFailedException: com.kms.katalon.core.webui.exception.WebElementNotFoundException: Web element with id: 'Object Repository/Avangard New/Object (Тренер)/Case (Оценка навыков)/alert home add' located by '(.//*[normalize-space(text()) and normalize-space(.)='Ошибка при заполнении'])[1]/following::p[1]' not found
	at com.kms.katalon.core.webui.keyword.internal.WebUIKeywordMain.stepFailed(WebUIKeywordMain.groovy:64)
	at com.kms.katalon.core.webui.keyword.builtin.VerifyElementTextKeyword$_verifyElementText_closure1.doCall(VerifyElementTextKeyword.groovy:64)
	at com.kms.katalon.core.webui.keyword.builtin.VerifyElementTextKeyword$_verifyElementText_closure1.call(VerifyElementTextKeyword.groovy)
	at com.kms.katalon.core.webui.keyword.internal.WebUIKeywordMain.runKeyword(WebUIKeywordMain.groovy:20)
	... 19 more
)
[[ATTACHMENT|C:\\Users\\LENOVO\\Katalon Studio\\Avangard\\Reports\\20220414_155908\\\u0422\u0440\u0435\u043D\u0435\u0440\\20220414_155911\\1649941498669.png]]]]></system-out>
         <system-err><![CDATA[2022-04-14 16:04:05 - [TEST_CASE][FAILED] - Test Cases/Тренер/Оценка навыков: Test Cases/Тренер/Оценка навыков FAILED.
Reason:
com.kms.katalon.core.exception.StepFailedException: Verify element text of test object 'Object Repository/Avangard New/Object (Тренер)/Case (Оценка навыков)/alert home add' FAILED.
	at com.kms.katalon.core.webui.keyword.internal.WebUIKeywordMain.stepFailed(WebUIKeywordMain.groovy:64)
	at com.kms.katalon.core.webui.keyword.internal.WebUIKeywordMain.runKeyword(WebUIKeywordMain.groovy:26)
	at com.kms.katalon.core.webui.keyword.builtin.VerifyElementTextKeyword.verifyElementText(VerifyElementTextKeyword.groovy:72)
	at com.kms.katalon.core.webui.keyword.builtin.VerifyElementTextKeyword.execute(VerifyElementTextKeyword.groovy:40)
	at com.kms.katalon.core.keyword.internal.KeywordExecutor.executeKeywordForPlatform(KeywordExecutor.groovy:74)
	at com.kms.katalon.core.webui.keyword.WebUiBuiltInKeywords.verifyElementText(WebUiBuiltInKeywords.groovy:4749)
	at com.kms.katalon.core.webui.keyword.WebUiBuiltInKeywords$verifyElementText$7.call(Unknown Source)
	at Оценка навыков.run(Оценка навыков:34)
	at com.kms.katalon.core.main.ScriptEngine.run(ScriptEngine.java:194)
	at com.kms.katalon.core.main.ScriptEngine.runScriptAsRawText(ScriptEngine.java:119)
	at com.kms.katalon.core.main.TestCaseExecutor.runScript(TestCaseExecutor.java:442)
	at com.kms.katalon.core.main.TestCaseExecutor.doExecute(TestCaseExecutor.java:433)
	at com.kms.katalon.core.main.TestCaseExecutor.processExecutionPhase(TestCaseExecutor.java:412)
	at com.kms.katalon.core.main.TestCaseExecutor.accessMainPhase(TestCaseExecutor.java:404)
	at com.kms.katalon.core.main.TestCaseExecutor.execute(TestCaseExecutor.java:281)
	at com.kms.katalon.core.main.TestSuiteExecutor.accessTestCaseMainPhase(TestSuiteExecutor.java:202)
	at com.kms.katalon.core.main.TestSuiteExecutor.accessTestSuiteMainPhase(TestSuiteExecutor.java:164)
	at com.kms.katalon.core.main.TestSuiteExecutor.execute(TestSuiteExecutor.java:105)
	at com.kms.katalon.core.main.TestCaseMain.startTestSuite(TestCaseMain.java:185)
	at com.kms.katalon.core.main.TestCaseMain$startTestSuite$0.call(Unknown Source)
	at TempTestSuite1649941151062.run(TempTestSuite1649941151062.groovy:36)
Caused by: com.kms.katalon.core.exception.StepFailedException: com.kms.katalon.core.webui.exception.WebElementNotFoundException: Web element with id: 'Object Repository/Avangard New/Object (Тренер)/Case (Оценка навыков)/alert home add' located by '(.//*[normalize-space(text()) and normalize-space(.)='Ошибка при заполнении'])[1]/following::p[1]' not found
	at com.kms.katalon.core.webui.keyword.internal.WebUIKeywordMain.stepFailed(WebUIKeywordMain.groovy:64)
	at com.kms.katalon.core.webui.keyword.builtin.VerifyElementTextKeyword$_verifyElementText_closure1.doCall(VerifyElementTextKeyword.groovy:64)
	at com.kms.katalon.core.webui.keyword.builtin.VerifyElementTextKeyword$_verifyElementText_closure1.call(VerifyElementTextKeyword.groovy)
	at com.kms.katalon.core.webui.keyword.internal.WebUIKeywordMain.runKeyword(WebUIKeywordMain.groovy:20)
	... 19 more]]></system-err>
      </testcase>
      <testcase name="Test Cases/Тренер/Физическое тестирование" time="80.7" classname="Test Cases/Тренер/Физическое тестирование" status="PASSED">
         <system-out><![CDATA[2022-04-14 16:04:59 - [TEST_CASE][PASSED] - Test Cases/Тренер/Физическое тестирование: Test Cases/Тренер/Физическое тестирование

2022-04-14 16:04:59 - [TEST_STEP][PASSED] - openBrowser(""): Browser is opened with url: ''

2022-04-14 16:04:59 - [MESSAGE][WARNING] - A browser is already opened. Closing browser and opening a new one

2022-04-14 16:05:00 - [MESSAGE][INFO] - Starting 'Chrome' driver

2022-04-14 16:05:00 - [MESSAGE][INFO] - Action delay is set to 100 milliseconds

2022-04-14 16:05:01 - [MESSAGE][PASSED] - Browser is opened with url: ''

2022-04-14 16:05:01 - [TEST_STEP][PASSED] - maximizeWindow(): Current window maximized

2022-04-14 16:05:01 - [MESSAGE][PASSED] - Current window maximized

2022-04-14 16:05:01 - [TEST_STEP][PASSED] - navigateToUrl(url): Navigate to 'https://stars-stage.hawk.ru:8080' successfully

2022-04-14 16:05:05 - [MESSAGE][PASSED] - Navigate to 'https://stars-stage.hawk.ru:8080' successfully

2022-04-14 16:05:05 - [TEST_STEP][PASSED] - setText(findTestObject("Object Repository/Avangard New/Object (Тренер)/Case (Физическое тестирование)/input__sc-lnrBVv eqPACj"), OFP_trainer_login): Text 'voityk.av@hc-avangard.com' is set on object 'Object Repository/Avangard New/Object (Тренер)/Case (Физическое тестирование)/input__sc-lnrBVv eqPACj'

2022-04-14 16:05:06 - [MESSAGE][PASSED] - Text 'voityk.av@hc-avangard.com' is set on object 'Object Repository/Avangard New/Object (Тренер)/Case (Физическое тестирование)/input__sc-lnrBVv eqPACj'

2022-04-14 16:05:06 - [TEST_STEP][PASSED] - setText(findTestObject("Object Repository/Avangard New/Object (Тренер)/Case (Физическое тестирование)/input__sc-lnrBVv eqPACj_1"), OFP_trainer_password): Text 'voityk.av' is set on object 'Object Repository/Avangard New/Object (Тренер)/Case (Физическое тестирование)/input__sc-lnrBVv eqPACj_1'

2022-04-14 16:05:07 - [MESSAGE][PASSED] - Text 'voityk.av' is set on object 'Object Repository/Avangard New/Object (Тренер)/Case (Физическое тестирование)/input__sc-lnrBVv eqPACj_1'

2022-04-14 16:05:07 - [TEST_STEP][PASSED] - click(findTestObject("Object Repository/Avangard New/Object (Тренер)/Case (Физическое тестирование)/go")): Object: 'Object Repository/Avangard New/Object (Тренер)/Case (Физическое тестирование)/go' is clicked on

2022-04-14 16:05:07 - [MESSAGE][PASSED] - Object: 'Object Repository/Avangard New/Object (Тренер)/Case (Физическое тестирование)/go' is clicked on

2022-04-14 16:05:07 - [TEST_STEP][PASSED] - click(findTestObject("Object Repository/Avangard New/Object (Тренер)/Case (Физическое тестирование)/buttom  fiz testing")): Object: 'Object Repository/Avangard New/Object (Тренер)/Case (Физическое тестирование)/buttom  fiz testing' is clicked on

2022-04-14 16:05:12 - [MESSAGE][PASSED] - Object: 'Object Repository/Avangard New/Object (Тренер)/Case (Физическое тестирование)/buttom  fiz testing' is clicked on

2022-04-14 16:05:12 - [TEST_STEP][PASSED] - click(findTestObject("Object Repository/Avangard New/Object (Тренер)/Case (Физическое тестирование)/div__exercises"), STOP_ON_FAILURE): Object: 'Object Repository/Avangard New/Object (Тренер)/Case (Физическое тестирование)/div__exercises' is clicked on

2022-04-14 16:05:13 - [MESSAGE][PASSED] - Object: 'Object Repository/Avangard New/Object (Тренер)/Case (Физическое тестирование)/div__exercises' is clicked on

2022-04-14 16:05:13 - [TEST_STEP][PASSED] - setText(findTestObject("Object Repository/Avangard New/Object (Тренер)/Case (Физическое тестирование)/input__exercise"), "FMS тест (баллы)"): Text 'FMS тест (баллы)' is set on object 'Object Repository/Avangard New/Object (Тренер)/Case (Физическое тестирование)/input__exercise'

2022-04-14 16:05:14 - [MESSAGE][PASSED] - Text 'FMS тест (баллы)' is set on object 'Object Repository/Avangard New/Object (Тренер)/Case (Физическое тестирование)/input__exercise'

2022-04-14 16:05:14 - [TEST_STEP][PASSED] - sendKeys(findTestObject("Object Repository/Avangard New/Object (Тренер)/Case (Физическое тестирование)/input__exercise"), Keys.chord(ENTER)): Keys 'ENTER + ' sent to object: 'Object Repository/Avangard New/Object (Тренер)/Case (Физическое тестирование)/input__exercise'

2022-04-14 16:05:14 - [MESSAGE][PASSED] - Keys 'ENTER + ' sent to object: 'Object Repository/Avangard New/Object (Тренер)/Case (Физическое тестирование)/input__exercise'

2022-04-14 16:05:14 - [TEST_STEP][PASSED] - clearText(findTestObject("Object Repository/Avangard New/Object (Тренер)/Case (Физическое тестирование)/input_FMS 1"), STOP_ON_FAILURE): Text of object 'Object Repository/Avangard New/Object (Тренер)/Case (Физическое тестирование)/input_FMS 1' is cleared

2022-04-14 16:05:16 - [MESSAGE][PASSED] - Text of object 'Object Repository/Avangard New/Object (Тренер)/Case (Физическое тестирование)/input_FMS 1' is cleared

2022-04-14 16:05:16 - [TEST_STEP][PASSED] - setText(findTestObject("Object Repository/Avangard New/Object (Тренер)/Case (Физическое тестирование)/input_FMS 1"), "21"): Text '21' is set on object 'Object Repository/Avangard New/Object (Тренер)/Case (Физическое тестирование)/input_FMS 1'

2022-04-14 16:05:17 - [MESSAGE][PASSED] - Text '21' is set on object 'Object Repository/Avangard New/Object (Тренер)/Case (Физическое тестирование)/input_FMS 1'

2022-04-14 16:05:17 - [TEST_STEP][PASSED] - clearText(findTestObject("Object Repository/Avangard New/Object (Тренер)/Case (Физическое тестирование)/input_FMS 2"), STOP_ON_FAILURE): Text of object 'Object Repository/Avangard New/Object (Тренер)/Case (Физическое тестирование)/input_FMS 2' is cleared

2022-04-14 16:05:17 - [MESSAGE][PASSED] - Text of object 'Object Repository/Avangard New/Object (Тренер)/Case (Физическое тестирование)/input_FMS 2' is cleared

2022-04-14 16:05:17 - [TEST_STEP][PASSED] - setText(findTestObject("Object Repository/Avangard New/Object (Тренер)/Case (Физическое тестирование)/input_FMS 2"), "15"): Text '15' is set on object 'Object Repository/Avangard New/Object (Тренер)/Case (Физическое тестирование)/input_FMS 2'

2022-04-14 16:05:18 - [MESSAGE][PASSED] - Text '15' is set on object 'Object Repository/Avangard New/Object (Тренер)/Case (Физическое тестирование)/input_FMS 2'

2022-04-14 16:05:18 - [TEST_STEP][PASSED] - clearText(findTestObject("Object Repository/Avangard New/Object (Тренер)/Case (Физическое тестирование)/input_FMS 3"), STOP_ON_FAILURE): Text of object 'Object Repository/Avangard New/Object (Тренер)/Case (Физическое тестирование)/input_FMS 3' is cleared

2022-04-14 16:05:19 - [MESSAGE][PASSED] - Text of object 'Object Repository/Avangard New/Object (Тренер)/Case (Физическое тестирование)/input_FMS 3' is cleared

2022-04-14 16:05:19 - [TEST_STEP][PASSED] - setText(findTestObject("Object Repository/Avangard New/Object (Тренер)/Case (Физическое тестирование)/input_FMS 3"), "7"): Text '7' is set on object 'Object Repository/Avangard New/Object (Тренер)/Case (Физическое тестирование)/input_FMS 3'

2022-04-14 16:05:19 - [MESSAGE][PASSED] - Text '7' is set on object 'Object Repository/Avangard New/Object (Тренер)/Case (Физическое тестирование)/input_FMS 3'

2022-04-14 16:05:19 - [TEST_STEP][PASSED] - scrollToElement(findTestObject("Object Repository/Avangard New/Object (Тренер)/Case (Физическое тестирование)/input_FMS 6"), 0): Scroll to object 'Object Repository/Avangard New/Object (Тренер)/Case (Физическое тестирование)/input_FMS 6' successfully

2022-04-14 16:05:19 - [MESSAGE][WARNING] - Timeout '0' is invalid. Using default page load timeout: '30'

2022-04-14 16:05:20 - [MESSAGE][PASSED] - Scroll to object 'Object Repository/Avangard New/Object (Тренер)/Case (Физическое тестирование)/input_FMS 6' successfully

2022-04-14 16:05:20 - [TEST_STEP][PASSED] - clearText(findTestObject("Object Repository/Avangard New/Object (Тренер)/Case (Физическое тестирование)/input_FMS 6"), STOP_ON_FAILURE): Text of object 'Object Repository/Avangard New/Object (Тренер)/Case (Физическое тестирование)/input_FMS 6' is cleared

2022-04-14 16:05:20 - [MESSAGE][PASSED] - Text of object 'Object Repository/Avangard New/Object (Тренер)/Case (Физическое тестирование)/input_FMS 6' is cleared

2022-04-14 16:05:20 - [TEST_STEP][PASSED] - setText(findTestObject("Object Repository/Avangard New/Object (Тренер)/Case (Физическое тестирование)/input_FMS 6"), "0"): Text '0' is set on object 'Object Repository/Avangard New/Object (Тренер)/Case (Физическое тестирование)/input_FMS 6'

2022-04-14 16:05:21 - [MESSAGE][PASSED] - Text '0' is set on object 'Object Repository/Avangard New/Object (Тренер)/Case (Физическое тестирование)/input_FMS 6'

2022-04-14 16:05:21 - [TEST_STEP][PASSED] - clearText(findTestObject("Object Repository/Avangard New/Object (Тренер)/Case (Физическое тестирование)/input_FMS 4"), STOP_ON_FAILURE): Text of object 'Object Repository/Avangard New/Object (Тренер)/Case (Физическое тестирование)/input_FMS 4' is cleared

2022-04-14 16:05:22 - [MESSAGE][PASSED] - Text of object 'Object Repository/Avangard New/Object (Тренер)/Case (Физическое тестирование)/input_FMS 4' is cleared

2022-04-14 16:05:22 - [TEST_STEP][PASSED] - setText(findTestObject("Object Repository/Avangard New/Object (Тренер)/Case (Физическое тестирование)/input_FMS 4"), "3,7"): Text '3,7' is set on object 'Object Repository/Avangard New/Object (Тренер)/Case (Физическое тестирование)/input_FMS 4'

2022-04-14 16:05:22 - [MESSAGE][PASSED] - Text '3,7' is set on object 'Object Repository/Avangard New/Object (Тренер)/Case (Физическое тестирование)/input_FMS 4'

2022-04-14 16:05:22 - [TEST_STEP][PASSED] - clearText(findTestObject("Object Repository/Avangard New/Object (Тренер)/Case (Физическое тестирование)/input_FMS 5"), STOP_ON_FAILURE): Text of object 'Object Repository/Avangard New/Object (Тренер)/Case (Физическое тестирование)/input_FMS 5' is cleared

2022-04-14 16:05:23 - [MESSAGE][PASSED] - Text of object 'Object Repository/Avangard New/Object (Тренер)/Case (Физическое тестирование)/input_FMS 5' is cleared

2022-04-14 16:05:23 - [TEST_STEP][PASSED] - setText(findTestObject("Object Repository/Avangard New/Object (Тренер)/Case (Физическое тестирование)/input_FMS 5"), "1000"): Text '1000' is set on object 'Object Repository/Avangard New/Object (Тренер)/Case (Физическое тестирование)/input_FMS 5'

2022-04-14 16:05:24 - [MESSAGE][PASSED] - Text '1000' is set on object 'Object Repository/Avangard New/Object (Тренер)/Case (Физическое тестирование)/input_FMS 5'

2022-04-14 16:05:24 - [TEST_STEP][PASSED] - scrollToElement(findTestObject("Object Repository/Avangard New/Object (Тренер)/Case (Физическое тестирование)/button_save"), 0): Scroll to object 'Object Repository/Avangard New/Object (Тренер)/Case (Физическое тестирование)/button_save' successfully

2022-04-14 16:05:24 - [MESSAGE][WARNING] - Timeout '0' is invalid. Using default page load timeout: '30'

2022-04-14 16:05:24 - [MESSAGE][PASSED] - Scroll to object 'Object Repository/Avangard New/Object (Тренер)/Case (Физическое тестирование)/button_save' successfully

2022-04-14 16:05:24 - [TEST_STEP][PASSED] - click(findTestObject("Object Repository/Avangard New/Object (Тренер)/Case (Физическое тестирование)/button_save")): Object: 'Object Repository/Avangard New/Object (Тренер)/Case (Физическое тестирование)/button_save' is clicked on

2022-04-14 16:05:25 - [MESSAGE][PASSED] - Object: 'Object Repository/Avangard New/Object (Тренер)/Case (Физическое тестирование)/button_save' is clicked on

2022-04-14 16:05:25 - [TEST_STEP][PASSED] - verifyElementText(findTestObject("Object Repository/Avangard New/Object (Тренер)/Case (Физическое тестирование)/alert fiz testing"), "Оценка сохранена"): Actual text and expected text of test object 'Object Repository/Avangard New/Object (Тренер)/Case (Физическое тестирование)/alert fiz testing' are matched.

2022-04-14 16:05:26 - [MESSAGE][PASSED] - Actual text and expected text of test object 'Object Repository/Avangard New/Object (Тренер)/Case (Физическое тестирование)/alert fiz testing' are matched.

2022-04-14 16:05:26 - [TEST_STEP][PASSED] - scrollToElement(findTestObject("Object Repository/Avangard New/Object (Тренер)/Case (Физическое тестирование)/stage 2"), 0): Scroll to object 'Object Repository/Avangard New/Object (Тренер)/Case (Физическое тестирование)/stage 2' successfully

2022-04-14 16:05:26 - [MESSAGE][WARNING] - Timeout '0' is invalid. Using default page load timeout: '30'

2022-04-14 16:05:27 - [MESSAGE][PASSED] - Scroll to object 'Object Repository/Avangard New/Object (Тренер)/Case (Физическое тестирование)/stage 2' successfully

2022-04-14 16:05:27 - [TEST_STEP][PASSED] - click(findTestObject("Object Repository/Avangard New/Object (Тренер)/Case (Физическое тестирование)/stage 2")): Object: 'Object Repository/Avangard New/Object (Тренер)/Case (Физическое тестирование)/stage 2' is clicked on

2022-04-14 16:05:27 - [MESSAGE][PASSED] - Object: 'Object Repository/Avangard New/Object (Тренер)/Case (Физическое тестирование)/stage 2' is clicked on

2022-04-14 16:05:27 - [TEST_STEP][PASSED] - setText(findTestObject("Object Repository/Avangard New/Object (Тренер)/Case (Физическое тестирование)/input__etapi"), "Этап №2"): Text 'Этап №2' is set on object 'Object Repository/Avangard New/Object (Тренер)/Case (Физическое тестирование)/input__etapi'

2022-04-14 16:05:28 - [MESSAGE][PASSED] - Text 'Этап №2' is set on object 'Object Repository/Avangard New/Object (Тренер)/Case (Физическое тестирование)/input__etapi'

2022-04-14 16:05:28 - [TEST_STEP][PASSED] - sendKeys(findTestObject("Object Repository/Avangard New/Object (Тренер)/Case (Физическое тестирование)/input__etapi"), Keys.chord(ENTER)): Keys 'ENTER + ' sent to object: 'Object Repository/Avangard New/Object (Тренер)/Case (Физическое тестирование)/input__etapi'

2022-04-14 16:05:29 - [MESSAGE][PASSED] - Keys 'ENTER + ' sent to object: 'Object Repository/Avangard New/Object (Тренер)/Case (Физическое тестирование)/input__etapi'

2022-04-14 16:05:29 - [TEST_STEP][PASSED] - clearText(findTestObject("Object Repository/Avangard New/Object (Тренер)/Case (Физическое тестирование)/input_FMS 3"), STOP_ON_FAILURE): Text of object 'Object Repository/Avangard New/Object (Тренер)/Case (Физическое тестирование)/input_FMS 3' is cleared

2022-04-14 16:05:30 - [MESSAGE][PASSED] - Text of object 'Object Repository/Avangard New/Object (Тренер)/Case (Физическое тестирование)/input_FMS 3' is cleared

2022-04-14 16:05:30 - [TEST_STEP][PASSED] - setText(findTestObject("Object Repository/Avangard New/Object (Тренер)/Case (Физическое тестирование)/input_FMS 3"), "10,4"): Text '10,4' is set on object 'Object Repository/Avangard New/Object (Тренер)/Case (Физическое тестирование)/input_FMS 3'

2022-04-14 16:05:31 - [MESSAGE][PASSED] - Text '10,4' is set on object 'Object Repository/Avangard New/Object (Тренер)/Case (Физическое тестирование)/input_FMS 3'

2022-04-14 16:05:31 - [TEST_STEP][PASSED] - scrollToElement(findTestObject("Object Repository/Avangard New/Object (Тренер)/Case (Физическое тестирование)/button_save"), 0): Scroll to object 'Object Repository/Avangard New/Object (Тренер)/Case (Физическое тестирование)/button_save' successfully

2022-04-14 16:05:31 - [MESSAGE][WARNING] - Timeout '0' is invalid. Using default page load timeout: '30'

2022-04-14 16:05:31 - [MESSAGE][PASSED] - Scroll to object 'Object Repository/Avangard New/Object (Тренер)/Case (Физическое тестирование)/button_save' successfully

2022-04-14 16:05:31 - [TEST_STEP][PASSED] - click(findTestObject("Object Repository/Avangard New/Object (Тренер)/Case (Физическое тестирование)/button_save")): Object: 'Object Repository/Avangard New/Object (Тренер)/Case (Физическое тестирование)/button_save' is clicked on

2022-04-14 16:05:32 - [MESSAGE][PASSED] - Object: 'Object Repository/Avangard New/Object (Тренер)/Case (Физическое тестирование)/button_save' is clicked on

2022-04-14 16:05:32 - [TEST_STEP][PASSED] - verifyElementText(findTestObject("Object Repository/Avangard New/Object (Тренер)/Case (Физическое тестирование)/alert fiz testing"), "Оценка сохранена"): Actual text and expected text of test object 'Object Repository/Avangard New/Object (Тренер)/Case (Физическое тестирование)/alert fiz testing' are matched.

2022-04-14 16:05:33 - [MESSAGE][PASSED] - Actual text and expected text of test object 'Object Repository/Avangard New/Object (Тренер)/Case (Физическое тестирование)/alert fiz testing' are matched.

2022-04-14 16:05:33 - [TEST_STEP][PASSED] - scrollToElement(findTestObject("Object Repository/Avangard New/Object (Тренер)/Case (Физическое тестирование)/button_close fiz test"), 0): Scroll to object 'Object Repository/Avangard New/Object (Тренер)/Case (Физическое тестирование)/button_close fiz test' successfully

2022-04-14 16:05:33 - [MESSAGE][WARNING] - Timeout '0' is invalid. Using default page load timeout: '30'

2022-04-14 16:05:33 - [MESSAGE][PASSED] - Scroll to object 'Object Repository/Avangard New/Object (Тренер)/Case (Физическое тестирование)/button_close fiz test' successfully

2022-04-14 16:05:33 - [TEST_STEP][PASSED] - click(findTestObject("Object Repository/Avangard New/Object (Тренер)/Case (Физическое тестирование)/button_close fiz test")): Object: 'Object Repository/Avangard New/Object (Тренер)/Case (Физическое тестирование)/button_close fiz test' is clicked on

2022-04-14 16:05:34 - [MESSAGE][PASSED] - Object: 'Object Repository/Avangard New/Object (Тренер)/Case (Физическое тестирование)/button_close fiz test' is clicked on

2022-04-14 16:05:34 - [TEST_STEP][PASSED] - click(findTestObject("Object Repository/Avangard New/Object (Тренер)/Case (Физическое тестирование)/button__close 2 fiz test")): Object: 'Object Repository/Avangard New/Object (Тренер)/Case (Физическое тестирование)/button__close 2 fiz test' is clicked on

2022-04-14 16:05:34 - [MESSAGE][PASSED] - Object: 'Object Repository/Avangard New/Object (Тренер)/Case (Физическое тестирование)/button__close 2 fiz test' is clicked on

2022-04-14 16:05:34 - [TEST_STEP][PASSED] - callTestCase(findTestCase("Тренер/Отчет физического тестирования (переиспользуется в Физ. тестировании)"), [:], STOP_ON_FAILURE): Call Test Case 'Test Cases/Тренер/Отчет физического тестирования (переиспользуется в Физ. тестировании)' successfully

2022-04-14 16:05:34 - [TEST_CASE][PASSED] - Test Cases/Тренер/Отчет физического тестирования (переиспользуется в Физ. тестировании): Test Cases/Тренер/Отчет физического тестирования (переиспользуется в Физ. тестировании)

2022-04-14 16:05:35 - [TEST_STEP][PASSED] - openBrowser(""): Browser is opened with url: ''

2022-04-14 16:05:35 - [MESSAGE][WARNING] - A browser is already opened. Closing browser and opening a new one

2022-04-14 16:05:35 - [MESSAGE][INFO] - Starting 'Chrome' driver

2022-04-14 16:05:35 - [MESSAGE][INFO] - Action delay is set to 100 milliseconds

2022-04-14 16:05:36 - [MESSAGE][PASSED] - Browser is opened with url: ''

2022-04-14 16:05:36 - [TEST_STEP][PASSED] - maximizeWindow(): Current window maximized

2022-04-14 16:05:37 - [MESSAGE][PASSED] - Current window maximized

2022-04-14 16:05:37 - [TEST_STEP][PASSED] - navigateToUrl(url): Navigate to 'https://stars-stage.hawk.ru:8080' successfully

2022-04-14 16:05:41 - [MESSAGE][PASSED] - Navigate to 'https://stars-stage.hawk.ru:8080' successfully

2022-04-14 16:05:41 - [TEST_STEP][PASSED] - setText(findTestObject("Object Repository/Avangard New/Object (Тренер)/Case (Физическое тестирование)/input__sc-lnrBVv eqPACj"), OFP_trainer_login): Text 'voityk.av@hc-avangard.com' is set on object 'Object Repository/Avangard New/Object (Тренер)/Case (Физическое тестирование)/input__sc-lnrBVv eqPACj'

2022-04-14 16:05:42 - [MESSAGE][PASSED] - Text 'voityk.av@hc-avangard.com' is set on object 'Object Repository/Avangard New/Object (Тренер)/Case (Физическое тестирование)/input__sc-lnrBVv eqPACj'

2022-04-14 16:05:42 - [TEST_STEP][PASSED] - setText(findTestObject("Object Repository/Avangard New/Object (Тренер)/Case (Физическое тестирование)/input__sc-lnrBVv eqPACj_1"), OFP_trainer_password): Text 'voityk.av' is set on object 'Object Repository/Avangard New/Object (Тренер)/Case (Физическое тестирование)/input__sc-lnrBVv eqPACj_1'

2022-04-14 16:05:43 - [MESSAGE][PASSED] - Text 'voityk.av' is set on object 'Object Repository/Avangard New/Object (Тренер)/Case (Физическое тестирование)/input__sc-lnrBVv eqPACj_1'

2022-04-14 16:05:43 - [TEST_STEP][PASSED] - click(findTestObject("Object Repository/Avangard New/Object (Тренер)/Case (Физическое тестирование)/go")): Object: 'Object Repository/Avangard New/Object (Тренер)/Case (Физическое тестирование)/go' is clicked on

2022-04-14 16:05:43 - [MESSAGE][PASSED] - Object: 'Object Repository/Avangard New/Object (Тренер)/Case (Физическое тестирование)/go' is clicked on

2022-04-14 16:05:43 - [TEST_STEP][PASSED] - click(findTestObject("Object Repository/Avangard New/Object (Тренер)/Case (Физическое тестирование)/span_report fiz")): Object: 'Object Repository/Avangard New/Object (Тренер)/Case (Физическое тестирование)/span_report fiz' is clicked on

2022-04-14 16:05:52 - [MESSAGE][PASSED] - Object: 'Object Repository/Avangard New/Object (Тренер)/Case (Физическое тестирование)/span_report fiz' is clicked on

2022-04-14 16:05:52 - [TEST_STEP][PASSED] - click(findTestObject("Object Repository/Avangard New/Object (Тренер)/Case (Физическое тестирование)/fiz test report")): Object: 'Object Repository/Avangard New/Object (Тренер)/Case (Физическое тестирование)/fiz test report' is clicked on

2022-04-14 16:05:53 - [MESSAGE][PASSED] - Object: 'Object Repository/Avangard New/Object (Тренер)/Case (Физическое тестирование)/fiz test report' is clicked on

2022-04-14 16:05:53 - [TEST_STEP][PASSED] - click(findTestObject("Object Repository/Avangard New/Object (Тренер)/Case (Физическое тестирование)/div_report uprazhnenie")): Object: 'Object Repository/Avangard New/Object (Тренер)/Case (Физическое тестирование)/div_report uprazhnenie' is clicked on

2022-04-14 16:05:54 - [MESSAGE][PASSED] - Object: 'Object Repository/Avangard New/Object (Тренер)/Case (Физическое тестирование)/div_report uprazhnenie' is clicked on

2022-04-14 16:05:54 - [TEST_STEP][PASSED] - setText(findTestObject("Object Repository/Avangard New/Object (Тренер)/Case (Физическое тестирование)/input__yprazhnenia report"), "FMS тест (баллы)"): Text 'FMS тест (баллы)' is set on object 'Object Repository/Avangard New/Object (Тренер)/Case (Физическое тестирование)/input__yprazhnenia report'

2022-04-14 16:05:55 - [MESSAGE][PASSED] - Text 'FMS тест (баллы)' is set on object 'Object Repository/Avangard New/Object (Тренер)/Case (Физическое тестирование)/input__yprazhnenia report'

2022-04-14 16:05:55 - [TEST_STEP][PASSED] - sendKeys(findTestObject("Object Repository/Avangard New/Object (Тренер)/Case (Физическое тестирование)/input__yprazhnenia report"), Keys.chord(ENTER)): Keys 'ENTER + ' sent to object: 'Object Repository/Avangard New/Object (Тренер)/Case (Физическое тестирование)/input__yprazhnenia report'

2022-04-14 16:05:55 - [MESSAGE][PASSED] - Keys 'ENTER + ' sent to object: 'Object Repository/Avangard New/Object (Тренер)/Case (Физическое тестирование)/input__yprazhnenia report'

2022-04-14 16:05:55 - [TEST_STEP][PASSED] - verifyElementText(findTestObject("Object Repository/Avangard New/Object (Тренер)/Case (Физическое тестирование)/div_21"), "21"): Actual text and expected text of test object 'Object Repository/Avangard New/Object (Тренер)/Case (Физическое тестирование)/div_21' are matched.

2022-04-14 16:05:56 - [MESSAGE][PASSED] - Actual text and expected text of test object 'Object Repository/Avangard New/Object (Тренер)/Case (Физическое тестирование)/div_21' are matched.

2022-04-14 16:05:56 - [TEST_STEP][PASSED] - verifyElementText(findTestObject("Object Repository/Avangard New/Object (Тренер)/Case (Физическое тестирование)/div_10"), "10"): Actual text and expected text of test object 'Object Repository/Avangard New/Object (Тренер)/Case (Физическое тестирование)/div_10' are matched.

2022-04-14 16:05:56 - [MESSAGE][PASSED] - Actual text and expected text of test object 'Object Repository/Avangard New/Object (Тренер)/Case (Физическое тестирование)/div_10' are matched.

2022-04-14 16:05:56 - [TEST_STEP][PASSED] - verifyElementText(findTestObject("Object Repository/Avangard New/Object (Тренер)/Case (Физическое тестирование)/div_15"), "15"): Actual text and expected text of test object 'Object Repository/Avangard New/Object (Тренер)/Case (Физическое тестирование)/div_15' are matched.

2022-04-14 16:05:57 - [MESSAGE][PASSED] - Actual text and expected text of test object 'Object Repository/Avangard New/Object (Тренер)/Case (Физическое тестирование)/div_15' are matched.

2022-04-14 16:05:57 - [TEST_STEP][PASSED] - verifyElementText(findTestObject("Object Repository/Avangard New/Object (Тренер)/Case (Физическое тестирование)/div_7"), "7"): Actual text and expected text of test object 'Object Repository/Avangard New/Object (Тренер)/Case (Физическое тестирование)/div_7' are matched.

2022-04-14 16:05:57 - [MESSAGE][PASSED] - Actual text and expected text of test object 'Object Repository/Avangard New/Object (Тренер)/Case (Физическое тестирование)/div_7' are matched.

2022-04-14 16:05:57 - [TEST_STEP][PASSED] - scrollToElement(findTestObject("Object Repository/Avangard New/Object (Тренер)/Case (Физическое тестирование)/div_3,7"), 0): Scroll to object 'Object Repository/Avangard New/Object (Тренер)/Case (Физическое тестирование)/div_3,7' successfully

2022-04-14 16:05:57 - [MESSAGE][WARNING] - Timeout '0' is invalid. Using default page load timeout: '30'

2022-04-14 16:05:57 - [MESSAGE][PASSED] - Scroll to object 'Object Repository/Avangard New/Object (Тренер)/Case (Физическое тестирование)/div_3,7' successfully

2022-04-14 16:05:57 - [TEST_STEP][PASSED] - verifyElementText(findTestObject("Object Repository/Avangard New/Object (Тренер)/Case (Физическое тестирование)/div_3,7"), "3,7"): Actual text and expected text of test object 'Object Repository/Avangard New/Object (Тренер)/Case (Физическое тестирование)/div_3,7' are matched.

2022-04-14 16:05:58 - [MESSAGE][PASSED] - Actual text and expected text of test object 'Object Repository/Avangard New/Object (Тренер)/Case (Физическое тестирование)/div_3,7' are matched.

2022-04-14 16:05:58 - [TEST_STEP][PASSED] - verifyElementText(findTestObject("Object Repository/Avangard New/Object (Тренер)/Case (Физическое тестирование)/div_2"), "2"): Actual text and expected text of test object 'Object Repository/Avangard New/Object (Тренер)/Case (Физическое тестирование)/div_2' are matched.

2022-04-14 16:05:58 - [MESSAGE][PASSED] - Actual text and expected text of test object 'Object Repository/Avangard New/Object (Тренер)/Case (Физическое тестирование)/div_2' are matched.

2022-04-14 16:05:58 - [TEST_STEP][PASSED] - scrollToElement(findTestObject("Object Repository/Avangard New/Object (Тренер)/Case (Физическое тестирование)/div_stage 2  10,4"), 0): Scroll to object 'Object Repository/Avangard New/Object (Тренер)/Case (Физическое тестирование)/div_stage 2  10,4' successfully

2022-04-14 16:05:58 - [MESSAGE][WARNING] - Timeout '0' is invalid. Using default page load timeout: '30'

2022-04-14 16:05:59 - [MESSAGE][PASSED] - Scroll to object 'Object Repository/Avangard New/Object (Тренер)/Case (Физическое тестирование)/div_stage 2  10,4' successfully

2022-04-14 16:05:59 - [TEST_STEP][PASSED] - verifyElementText(findTestObject("Object Repository/Avangard New/Object (Тренер)/Case (Физическое тестирование)/div_stage 2  10,4"), "10,4"): Actual text and expected text of test object 'Object Repository/Avangard New/Object (Тренер)/Case (Физическое тестирование)/div_stage 2  10,4' are matched.

2022-04-14 16:05:59 - [MESSAGE][PASSED] - Actual text and expected text of test object 'Object Repository/Avangard New/Object (Тренер)/Case (Физическое тестирование)/div_stage 2  10,4' are matched.

2022-04-14 16:05:59 - [TEST_STEP][PASSED] - verifyElementText(findTestObject("Avangard New/Object (Тренер)/Case (Физическое тестирование)/div_stage 2   4,5"), "4,5"): Actual text and expected text of test object 'Object Repository/Avangard New/Object (Тренер)/Case (Физическое тестирование)/div_stage 2   4,5' are matched.

2022-04-14 16:05:59 - [MESSAGE][PASSED] - Actual text and expected text of test object 'Object Repository/Avangard New/Object (Тренер)/Case (Физическое тестирование)/div_stage 2   4,5' are matched.

2022-04-14 16:05:59 - [TEST_STEP][PASSED] - verifyElementText(findTestObject("Object Repository/Avangard New/Object (Тренер)/Case (Физическое тестирование)/div_1,5"), "1,5"): Actual text and expected text of test object 'Object Repository/Avangard New/Object (Тренер)/Case (Физическое тестирование)/div_1,5' are matched.

2022-04-14 16:06:00 - [MESSAGE][PASSED] - Actual text and expected text of test object 'Object Repository/Avangard New/Object (Тренер)/Case (Физическое тестирование)/div_1,5' are matched.

2022-04-14 16:06:00 - [TEST_STEP][PASSED] - closeBrowser(): Browser is closed

2022-04-14 16:06:00 - [MESSAGE][PASSED] - Browser is closed

2022-04-14 16:06:00 - [MESSAGE][PASSED] - Call Test Case 'Test Cases/Тренер/Отчет физического тестирования (переиспользуется в Физ. тестировании)' successfully

2022-04-14 16:06:00 - [TEST_STEP][PASSED] - callTestCase(findTestCase("Игрок/У игрока Отчет физического тестирования (переиспользуется в физ. тестировании у тренера)"), [:], STOP_ON_FAILURE): Call Test Case 'Test Cases/Игрок/У игрока Отчет физического тестирования (переиспользуется в физ. тестировании у тренера)' successfully

2022-04-14 16:06:00 - [TEST_CASE][PASSED] - Test Cases/Игрок/У игрока Отчет физического тестирования (переиспользуется в физ. тестировании у тренера): Test Cases/Игрок/У игрока Отчет физического тестирования (переиспользуется в физ. тестировании у тренера)

2022-04-14 16:06:01 - [TEST_STEP][PASSED] - callTestCase(findTestCase("Игрок/Авторизация"), [:], STOP_ON_FAILURE): Call Test Case 'Test Cases/Игрок/Авторизация' successfully

2022-04-14 16:06:01 - [TEST_CASE][PASSED] - Test Cases/Игрок/Авторизация: Test Cases/Игрок/Авторизация

2022-04-14 16:06:01 - [TEST_STEP][PASSED] - openBrowser(""): Browser is opened with url: ''

2022-04-14 16:06:01 - [MESSAGE][INFO] - Starting 'Chrome' driver

2022-04-14 16:06:01 - [MESSAGE][INFO] - Action delay is set to 100 milliseconds

2022-04-14 16:06:02 - [MESSAGE][PASSED] - Browser is opened with url: ''

2022-04-14 16:06:02 - [TEST_STEP][PASSED] - maximizeWindow(): Current window maximized

2022-04-14 16:06:02 - [MESSAGE][PASSED] - Current window maximized

2022-04-14 16:06:02 - [TEST_STEP][PASSED] - navigateToUrl(url): Navigate to 'https://stars-stage.hawk.ru:8080' successfully

2022-04-14 16:06:06 - [MESSAGE][PASSED] - Navigate to 'https://stars-stage.hawk.ru:8080' successfully

2022-04-14 16:06:06 - [TEST_STEP][PASSED] - setText(findTestObject("Object Repository/manager/Page_/input__sc-lnrBVv eqPACj"), player_login): Text 'danilaganin7218@icloud.com' is set on object 'Object Repository/manager/Page_/input__sc-lnrBVv eqPACj'

2022-04-14 16:06:07 - [MESSAGE][PASSED] - Text 'danilaganin7218@icloud.com' is set on object 'Object Repository/manager/Page_/input__sc-lnrBVv eqPACj'

2022-04-14 16:06:07 - [TEST_STEP][PASSED] - setText(findTestObject("Object Repository/manager/Page_/input__sc-lnrBVv eqPACj_1"), player_password): Text 'danilaganin7218' is set on object 'Object Repository/manager/Page_/input__sc-lnrBVv eqPACj_1'

2022-04-14 16:06:08 - [MESSAGE][PASSED] - Text 'danilaganin7218' is set on object 'Object Repository/manager/Page_/input__sc-lnrBVv eqPACj_1'

2022-04-14 16:06:08 - [TEST_STEP][PASSED] - click(findTestObject("manager/Page_/go")): Object: 'Object Repository/manager/Page_/go' is clicked on

2022-04-14 16:06:09 - [MESSAGE][PASSED] - Object: 'Object Repository/manager/Page_/go' is clicked on

2022-04-14 16:06:09 - [MESSAGE][PASSED] - Call Test Case 'Test Cases/Игрок/Авторизация' successfully

2022-04-14 16:06:09 - [TEST_STEP][PASSED] - click(findTestObject("Object Repository/Avangard New/Object (Игрок)/Сase (Отчет физического тестирования)/span_report player")): Object: 'Object Repository/Avangard New/Object (Игрок)/Сase (Отчет физического тестирования)/span_report player' is clicked on

2022-04-14 16:06:14 - [MESSAGE][PASSED] - Object: 'Object Repository/Avangard New/Object (Игрок)/Сase (Отчет физического тестирования)/span_report player' is clicked on

2022-04-14 16:06:14 - [TEST_STEP][PASSED] - click(findTestObject("Object Repository/Avangard New/Object (Игрок)/Сase (Отчет физического тестирования)/report fiz test player")): Object: 'Object Repository/Avangard New/Object (Игрок)/Сase (Отчет физического тестирования)/report fiz test player' is clicked on

2022-04-14 16:06:14 - [MESSAGE][PASSED] - Object: 'Object Repository/Avangard New/Object (Игрок)/Сase (Отчет физического тестирования)/report fiz test player' is clicked on

2022-04-14 16:06:14 - [TEST_STEP][PASSED] - click(findTestObject("Object Repository/Avangard New/Object (Игрок)/Сase (Отчет физического тестирования)/yprazhnenie palyer")): Object: 'Object Repository/Avangard New/Object (Игрок)/Сase (Отчет физического тестирования)/yprazhnenie palyer' is clicked on

2022-04-14 16:06:15 - [MESSAGE][PASSED] - Object: 'Object Repository/Avangard New/Object (Игрок)/Сase (Отчет физического тестирования)/yprazhnenie palyer' is clicked on

2022-04-14 16:06:15 - [TEST_STEP][PASSED] - setText(findTestObject("Object Repository/Avangard New/Object (Игрок)/Сase (Отчет физического тестирования)/input__player report"), "FMS тест (баллы)"): Text 'FMS тест (баллы)' is set on object 'Object Repository/Avangard New/Object (Игрок)/Сase (Отчет физического тестирования)/input__player report'

2022-04-14 16:06:16 - [MESSAGE][PASSED] - Text 'FMS тест (баллы)' is set on object 'Object Repository/Avangard New/Object (Игрок)/Сase (Отчет физического тестирования)/input__player report'

2022-04-14 16:06:16 - [TEST_STEP][PASSED] - sendKeys(findTestObject("Object Repository/Avangard New/Object (Игрок)/Сase (Отчет физического тестирования)/input__player report"), Keys.chord(ENTER)): Keys 'ENTER + ' sent to object: 'Object Repository/Avangard New/Object (Игрок)/Сase (Отчет физического тестирования)/input__player report'

2022-04-14 16:06:17 - [MESSAGE][PASSED] - Keys 'ENTER + ' sent to object: 'Object Repository/Avangard New/Object (Игрок)/Сase (Отчет физического тестирования)/input__player report'

2022-04-14 16:06:17 - [TEST_STEP][PASSED] - verifyElementText(findTestObject("Object Repository/Avangard New/Object (Игрок)/Сase (Отчет физического тестирования)/div_7"), "7"): Actual text and expected text of test object 'Object Repository/Avangard New/Object (Игрок)/Сase (Отчет физического тестирования)/div_7' are matched.

2022-04-14 16:06:18 - [MESSAGE][PASSED] - Actual text and expected text of test object 'Object Repository/Avangard New/Object (Игрок)/Сase (Отчет физического тестирования)/div_7' are matched.

2022-04-14 16:06:18 - [TEST_STEP][PASSED] - verifyElementText(findTestObject("Object Repository/Avangard New/Object (Игрок)/Сase (Отчет физического тестирования)/div_3"), "3"): Actual text and expected text of test object 'Object Repository/Avangard New/Object (Игрок)/Сase (Отчет физического тестирования)/div_3' are matched.

2022-04-14 16:06:18 - [MESSAGE][PASSED] - Actual text and expected text of test object 'Object Repository/Avangard New/Object (Игрок)/Сase (Отчет физического тестирования)/div_3' are matched.

2022-04-14 16:06:18 - [TEST_STEP][PASSED] - verifyElementText(findTestObject("Object Repository/Avangard New/Object (Игрок)/Сase (Отчет физического тестирования)/div_10,4"), "10,4"): Actual text and expected text of test object 'Object Repository/Avangard New/Object (Игрок)/Сase (Отчет физического тестирования)/div_10,4' are matched.

2022-04-14 16:06:19 - [MESSAGE][PASSED] - Actual text and expected text of test object 'Object Repository/Avangard New/Object (Игрок)/Сase (Отчет физического тестирования)/div_10,4' are matched.

2022-04-14 16:06:19 - [TEST_STEP][PASSED] - verifyElementText(findTestObject("Object Repository/Avangard New/Object (Игрок)/Сase (Отчет физического тестирования)/div_4,5"), "4,5"): Actual text and expected text of test object 'Object Repository/Avangard New/Object (Игрок)/Сase (Отчет физического тестирования)/div_4,5' are matched.

2022-04-14 16:06:19 - [MESSAGE][PASSED] - Actual text and expected text of test object 'Object Repository/Avangard New/Object (Игрок)/Сase (Отчет физического тестирования)/div_4,5' are matched.

2022-04-14 16:06:19 - [TEST_STEP][PASSED] - verifyElementText(findTestObject("Object Repository/Avangard New/Object (Игрок)/Сase (Отчет физического тестирования)/div_1,5"), "1,5"): Actual text and expected text of test object 'Object Repository/Avangard New/Object (Игрок)/Сase (Отчет физического тестирования)/div_1,5' are matched.

2022-04-14 16:06:19 - [MESSAGE][PASSED] - Actual text and expected text of test object 'Object Repository/Avangard New/Object (Игрок)/Сase (Отчет физического тестирования)/div_1,5' are matched.

2022-04-14 16:06:19 - [TEST_STEP][PASSED] - closeBrowser(): Browser is closed

2022-04-14 16:06:20 - [MESSAGE][PASSED] - Browser is closed

2022-04-14 16:06:20 - [MESSAGE][PASSED] - Call Test Case 'Test Cases/Игрок/У игрока Отчет физического тестирования (переиспользуется в физ. тестировании у тренера)' successfully]]></system-out>
         <system-err><![CDATA[]]></system-err>
      </testcase>
      <testcase name="Test Cases/Тренер/Игровая статистика Тренер" time="20.228" classname="Test Cases/Тренер/Игровая статистика Тренер" status="PASSED">
         <system-out><![CDATA[2022-04-14 16:06:20 - [TEST_CASE][PASSED] - Test Cases/Тренер/Игровая статистика Тренер: Test Cases/Тренер/Игровая статистика Тренер

2022-04-14 16:06:20 - [TEST_STEP][PASSED] - callTestCase(findTestCase("Тренер/Авторизация"), [:], STOP_ON_FAILURE): Call Test Case 'Test Cases/Тренер/Авторизация' successfully

2022-04-14 16:06:20 - [TEST_CASE][PASSED] - Test Cases/Тренер/Авторизация: Test Cases/Тренер/Авторизация

2022-04-14 16:06:20 - [TEST_STEP][PASSED] - openBrowser(""): Browser is opened with url: ''

2022-04-14 16:06:20 - [MESSAGE][INFO] - Starting 'Chrome' driver

2022-04-14 16:06:20 - [MESSAGE][INFO] - Action delay is set to 100 milliseconds

2022-04-14 16:06:21 - [MESSAGE][PASSED] - Browser is opened with url: ''

2022-04-14 16:06:21 - [TEST_STEP][PASSED] - maximizeWindow(): Current window maximized

2022-04-14 16:06:21 - [MESSAGE][PASSED] - Current window maximized

2022-04-14 16:06:21 - [TEST_STEP][PASSED] - navigateToUrl(url): Navigate to 'https://stars-stage.hawk.ru:8080' successfully

2022-04-14 16:06:26 - [MESSAGE][PASSED] - Navigate to 'https://stars-stage.hawk.ru:8080' successfully

2022-04-14 16:06:26 - [TEST_STEP][PASSED] - setText(findTestObject("Object Repository/manager/Page_/input__sc-lnrBVv eqPACj"), coach_login): Text 'ageev.da@hc-avangard.com' is set on object 'Object Repository/manager/Page_/input__sc-lnrBVv eqPACj'

2022-04-14 16:06:27 - [MESSAGE][PASSED] - Text 'ageev.da@hc-avangard.com' is set on object 'Object Repository/manager/Page_/input__sc-lnrBVv eqPACj'

2022-04-14 16:06:27 - [TEST_STEP][PASSED] - setText(findTestObject("Object Repository/manager/Page_/input__sc-lnrBVv eqPACj_1"), coach_password): Text 'zz4waxq6' is set on object 'Object Repository/manager/Page_/input__sc-lnrBVv eqPACj_1'

2022-04-14 16:06:28 - [MESSAGE][PASSED] - Text 'zz4waxq6' is set on object 'Object Repository/manager/Page_/input__sc-lnrBVv eqPACj_1'

2022-04-14 16:06:28 - [TEST_STEP][PASSED] - click(findTestObject("manager/Page_/go")): Object: 'Object Repository/manager/Page_/go' is clicked on

2022-04-14 16:06:29 - [MESSAGE][PASSED] - Object: 'Object Repository/manager/Page_/go' is clicked on

2022-04-14 16:06:29 - [MESSAGE][PASSED] - Call Test Case 'Test Cases/Тренер/Авторизация' successfully

2022-04-14 16:06:29 - [TEST_STEP][PASSED] - click(findTestObject("Object Repository/Avangard New/Object (Администратор)/Сase (Игровая статистика)/report")): Object: 'Object Repository/Avangard New/Object (Администратор)/Сase (Игровая статистика)/report' is clicked on

2022-04-14 16:06:33 - [MESSAGE][PASSED] - Object: 'Object Repository/Avangard New/Object (Администратор)/Сase (Игровая статистика)/report' is clicked on

2022-04-14 16:06:33 - [TEST_STEP][PASSED] - click(findTestObject("Object Repository/Avangard New/Object (Администратор)/Сase (Игровая статистика)/game stat")): Object: 'Object Repository/Avangard New/Object (Администратор)/Сase (Игровая статистика)/game stat' is clicked on

2022-04-14 16:06:34 - [MESSAGE][PASSED] - Object: 'Object Repository/Avangard New/Object (Администратор)/Сase (Игровая статистика)/game stat' is clicked on

2022-04-14 16:06:34 - [TEST_STEP][NOT_RUN] - setText(findTestObject("Avangard New/Object (Администратор)/Сase (Игровая статистика)/input__school game stat"), "Академия"): NOT_RUN: setText(findTestObject("Avangard New/Object (Администратор)/Сase (Игровая статистика)/input__school game stat"), "Академия")

2022-04-14 16:06:34 - [MESSAGE][NOT_RUN] - NOT_RUN: setText(findTestObject("Avangard New/Object (Администратор)/Сase (Игровая статистика)/input__school game stat"), "Академия")

2022-04-14 16:06:34 - [TEST_STEP][NOT_RUN] - sendKeys(findTestObject("Object Repository/Avangard New/Object (Администратор)/Сase (Игровая статистика)/input__school game stat"), Keys.chord(ENTER)): NOT_RUN: sendKeys(findTestObject("Object Repository/Avangard New/Object (Администратор)/Сase (Игровая статистика)/input__school game stat"), Keys.chord(ENTER))

2022-04-14 16:06:34 - [MESSAGE][NOT_RUN] - NOT_RUN: sendKeys(findTestObject("Object Repository/Avangard New/Object (Администратор)/Сase (Игровая статистика)/input__school game stat"), Keys.chord(ENTER))

2022-04-14 16:06:34 - [TEST_STEP][NOT_RUN] - setText(findTestObject("Avangard New/Object (Администратор)/Сase (Игровая статистика)/input__team school game"), school): NOT_RUN: setText(findTestObject("Avangard New/Object (Администратор)/Сase (Игровая статистика)/input__team school game"), school)

2022-04-14 16:06:34 - [MESSAGE][NOT_RUN] - NOT_RUN: setText(findTestObject("Avangard New/Object (Администратор)/Сase (Игровая статистика)/input__team school game"), school)

2022-04-14 16:06:34 - [TEST_STEP][NOT_RUN] - sendKeys(findTestObject("Object Repository/Avangard New/Object (Администратор)/Сase (Игровая статистика)/input__team school game"), Keys.chord(ENTER)): NOT_RUN: sendKeys(findTestObject("Object Repository/Avangard New/Object (Администратор)/Сase (Игровая статистика)/input__team school game"), Keys.chord(ENTER))

2022-04-14 16:06:34 - [MESSAGE][NOT_RUN] - NOT_RUN: sendKeys(findTestObject("Object Repository/Avangard New/Object (Администратор)/Сase (Игровая статистика)/input__team school game"), Keys.chord(ENTER))

2022-04-14 16:06:34 - [TEST_STEP][PASSED] - setText(findTestObject("Object Repository/Avangard New/Object (Администратор)/Сase (Игровая статистика)/input__amplua"), "Нападающий"): Text 'Нападающий' is set on object 'Object Repository/Avangard New/Object (Администратор)/Сase (Игровая статистика)/input__amplua'

2022-04-14 16:06:35 - [MESSAGE][PASSED] - Text 'Нападающий' is set on object 'Object Repository/Avangard New/Object (Администратор)/Сase (Игровая статистика)/input__amplua'

2022-04-14 16:06:35 - [TEST_STEP][PASSED] - sendKeys(findTestObject("Object Repository/Avangard New/Object (Администратор)/Сase (Игровая статистика)/input__amplua"), Keys.chord(ENTER)): Keys 'ENTER + ' sent to object: 'Object Repository/Avangard New/Object (Администратор)/Сase (Игровая статистика)/input__amplua'

2022-04-14 16:06:36 - [MESSAGE][PASSED] - Keys 'ENTER + ' sent to object: 'Object Repository/Avangard New/Object (Администратор)/Сase (Игровая статистика)/input__amplua'

2022-04-14 16:06:36 - [TEST_STEP][PASSED] - verifyElementText(findTestObject("Avangard New/Object (Администратор)/Сase (Игровая статистика)/match stat"), "Матчи"): Actual text and expected text of test object 'Object Repository/Avangard New/Object (Администратор)/Сase (Игровая статистика)/match stat' are matched.

2022-04-14 16:06:38 - [MESSAGE][PASSED] - Actual text and expected text of test object 'Object Repository/Avangard New/Object (Администратор)/Сase (Игровая статистика)/match stat' are matched.

2022-04-14 16:06:38 - [TEST_STEP][PASSED] - verifyElementText(findTestObject("Avangard New/Object (Администратор)/Сase (Игровая статистика)/game stat time"), "Игр. время"): Actual text and expected text of test object 'Object Repository/Avangard New/Object (Администратор)/Сase (Игровая статистика)/game stat time' are matched.

2022-04-14 16:06:39 - [MESSAGE][PASSED] - Actual text and expected text of test object 'Object Repository/Avangard New/Object (Администратор)/Сase (Игровая статистика)/game stat time' are matched.

2022-04-14 16:06:39 - [TEST_STEP][PASSED] - verifyElementVisible(findTestObject("Object Repository/Avangard New/Object (Администратор)/Сase (Игровая статистика)/stat mach number")): Object 'Object Repository/Avangard New/Object (Администратор)/Сase (Игровая статистика)/stat mach number' is visible

2022-04-14 16:06:39 - [MESSAGE][PASSED] - Object 'Object Repository/Avangard New/Object (Администратор)/Сase (Игровая статистика)/stat mach number' is visible

2022-04-14 16:06:39 - [TEST_STEP][PASSED] - verifyElementVisible(findTestObject("Object Repository/Avangard New/Object (Администратор)/Сase (Игровая статистика)/grade stat gamne")): Object 'Object Repository/Avangard New/Object (Администратор)/Сase (Игровая статистика)/grade stat gamne' is visible

2022-04-14 16:06:39 - [MESSAGE][PASSED] - Object 'Object Repository/Avangard New/Object (Администратор)/Сase (Игровая статистика)/grade stat gamne' is visible

2022-04-14 16:06:39 - [TEST_STEP][PASSED] - closeBrowser(): Browser is closed

2022-04-14 16:06:40 - [MESSAGE][PASSED] - Browser is closed]]></system-out>
         <system-err><![CDATA[]]></system-err>
      </testcase>
      <system-out><![CDATA[2022-04-14 16:03:38 - [TEST_SUITE][FAILED] - Тренер: Test Cases/Тренер/Оценка навыков FAILED.
Reason:
com.kms.katalon.core.exception.StepFailedException: Verify element text of test object 'Object Repository/Avangard New/Object (Тренер)/Case (Оценка навыков)/alert home add' FAILED.
	at com.kms.katalon.core.webui.keyword.internal.WebUIKeywordMain.stepFailed(WebUIKeywordMain.groovy:64)
	at com.kms.katalon.core.webui.keyword.internal.WebUIKeywordMain.runKeyword(WebUIKeywordMain.groovy:26)
	at com.kms.katalon.core.webui.keyword.builtin.VerifyElementTextKeyword.verifyElementText(VerifyElementTextKeyword.groovy:72)
	at com.kms.katalon.core.webui.keyword.builtin.VerifyElementTextKeyword.execute(VerifyElementTextKeyword.groovy:40)
	at com.kms.katalon.core.keyword.internal.KeywordExecutor.executeKeywordForPlatform(KeywordExecutor.groovy:74)
	at com.kms.katalon.core.webui.keyword.WebUiBuiltInKeywords.verifyElementText(WebUiBuiltInKeywords.groovy:4749)
	at com.kms.katalon.core.webui.keyword.WebUiBuiltInKeywords$verifyElementText$7.call(Unknown Source)
	at Оценка навыков.run(Оценка навыков:34)
	at com.kms.katalon.core.main.ScriptEngine.run(ScriptEngine.java:194)
	at com.kms.katalon.core.main.ScriptEngine.runScriptAsRawText(ScriptEngine.java:119)
	at com.kms.katalon.core.main.TestCaseExecutor.runScript(TestCaseExecutor.java:442)
	at com.kms.katalon.core.main.TestCaseExecutor.doExecute(TestCaseExecutor.java:433)
	at com.kms.katalon.core.main.TestCaseExecutor.processExecutionPhase(TestCaseExecutor.java:412)
	at com.kms.katalon.core.main.TestCaseExecutor.accessMainPhase(TestCaseExecutor.java:404)
	at com.kms.katalon.core.main.TestCaseExecutor.execute(TestCaseExecutor.java:281)
	at com.kms.katalon.core.main.TestSuiteExecutor.accessTestCaseMainPhase(TestSuiteExecutor.java:202)
	at com.kms.katalon.core.main.TestSuiteExecutor.accessTestSuiteMainPhase(TestSuiteExecutor.java:164)
	at com.kms.katalon.core.main.TestSuiteExecutor.execute(TestSuiteExecutor.java:105)
	at com.kms.katalon.core.main.TestCaseMain.startTestSuite(TestCaseMain.java:185)
	at com.kms.katalon.core.main.TestCaseMain$startTestSuite$0.call(Unknown Source)
	at TempTestSuite1649941151062.run(TempTestSuite1649941151062.groovy:36)
Caused by: com.kms.katalon.core.exception.StepFailedException: com.kms.katalon.core.webui.exception.WebElementNotFoundException: Web element with id: 'Object Repository/Avangard New/Object (Тренер)/Case (Оценка навыков)/alert home add' located by '(.//*[normalize-space(text()) and normalize-space(.)='Ошибка при заполнении'])[1]/following::p[1]' not found
	at com.kms.katalon.core.webui.keyword.internal.WebUIKeywordMain.stepFailed(WebUIKeywordMain.groovy:64)
	at com.kms.katalon.core.webui.keyword.builtin.VerifyElementTextKeyword$_verifyElementText_closure1.doCall(VerifyElementTextKeyword.groovy:64)
	at com.kms.katalon.core.webui.keyword.builtin.VerifyElementTextKeyword$_verifyElementText_closure1.call(VerifyElementTextKeyword.groovy)
	at com.kms.katalon.core.webui.keyword.internal.WebUIKeywordMain.runKeyword(WebUIKeywordMain.groovy:20)
	... 19 more]]></system-out>
      <system-err><![CDATA[2022-04-14 16:03:38 - [TEST_SUITE][FAILED] - Тренер: Test Cases/Тренер/Оценка навыков FAILED.
Reason:
com.kms.katalon.core.exception.StepFailedException: Verify element text of test object 'Object Repository/Avangard New/Object (Тренер)/Case (Оценка навыков)/alert home add' FAILED.
	at com.kms.katalon.core.webui.keyword.internal.WebUIKeywordMain.stepFailed(WebUIKeywordMain.groovy:64)
	at com.kms.katalon.core.webui.keyword.internal.WebUIKeywordMain.runKeyword(WebUIKeywordMain.groovy:26)
	at com.kms.katalon.core.webui.keyword.builtin.VerifyElementTextKeyword.verifyElementText(VerifyElementTextKeyword.groovy:72)
	at com.kms.katalon.core.webui.keyword.builtin.VerifyElementTextKeyword.execute(VerifyElementTextKeyword.groovy:40)
	at com.kms.katalon.core.keyword.internal.KeywordExecutor.executeKeywordForPlatform(KeywordExecutor.groovy:74)
	at com.kms.katalon.core.webui.keyword.WebUiBuiltInKeywords.verifyElementText(WebUiBuiltInKeywords.groovy:4749)
	at com.kms.katalon.core.webui.keyword.WebUiBuiltInKeywords$verifyElementText$7.call(Unknown Source)
	at Оценка навыков.run(Оценка навыков:34)
	at com.kms.katalon.core.main.ScriptEngine.run(ScriptEngine.java:194)
	at com.kms.katalon.core.main.ScriptEngine.runScriptAsRawText(ScriptEngine.java:119)
	at com.kms.katalon.core.main.TestCaseExecutor.runScript(TestCaseExecutor.java:442)
	at com.kms.katalon.core.main.TestCaseExecutor.doExecute(TestCaseExecutor.java:433)
	at com.kms.katalon.core.main.TestCaseExecutor.processExecutionPhase(TestCaseExecutor.java:412)
	at com.kms.katalon.core.main.TestCaseExecutor.accessMainPhase(TestCaseExecutor.java:404)
	at com.kms.katalon.core.main.TestCaseExecutor.execute(TestCaseExecutor.java:281)
	at com.kms.katalon.core.main.TestSuiteExecutor.accessTestCaseMainPhase(TestSuiteExecutor.java:202)
	at com.kms.katalon.core.main.TestSuiteExecutor.accessTestSuiteMainPhase(TestSuiteExecutor.java:164)
	at com.kms.katalon.core.main.TestSuiteExecutor.execute(TestSuiteExecutor.java:105)
	at com.kms.katalon.core.main.TestCaseMain.startTestSuite(TestCaseMain.java:185)
	at com.kms.katalon.core.main.TestCaseMain$startTestSuite$0.call(Unknown Source)
	at TempTestSuite1649941151062.run(TempTestSuite1649941151062.groovy:36)
Caused by: com.kms.katalon.core.exception.StepFailedException: com.kms.katalon.core.webui.exception.WebElementNotFoundException: Web element with id: 'Object Repository/Avangard New/Object (Тренер)/Case (Оценка навыков)/alert home add' located by '(.//*[normalize-space(text()) and normalize-space(.)='Ошибка при заполнении'])[1]/following::p[1]' not found
	at com.kms.katalon.core.webui.keyword.internal.WebUIKeywordMain.stepFailed(WebUIKeywordMain.groovy:64)
	at com.kms.katalon.core.webui.keyword.builtin.VerifyElementTextKeyword$_verifyElementText_closure1.doCall(VerifyElementTextKeyword.groovy:64)
	at com.kms.katalon.core.webui.keyword.builtin.VerifyElementTextKeyword$_verifyElementText_closure1.call(VerifyElementTextKeyword.groovy)
	at com.kms.katalon.core.webui.keyword.internal.WebUIKeywordMain.runKeyword(WebUIKeywordMain.groovy:20)
	... 19 more]]></system-err>
   </testsuite>
   <testsuite name="Игрок" tests="4" failures="1" errors="0" time="109.449" skipped="0" timestamp="2022-04-14 16:06:56" hostname="LENOVO - DESKTOP-KNHN0AA" id="Test Suites/Игрок">
      <properties>
         <property name="deviceName" value=""/>
         <property name="devicePlatform" value=""/>
         <property name="logFolder" value="C:\\Users\\LENOVO\\Katalon Studio\\Avangard\\Reports\\20220414_155908\\\u0418\u0433\u0440\u043E\u043A\\20220414_155913"/>
         <property name="logFiles" value="C:\\Users\\LENOVO\\Katalon Studio\\Avangard\\Reports\\20220414_155908\\\u0418\u0433\u0440\u043E\u043A\\20220414_155913\\execution0.log"/>
         <property name="attachments" value="C:\\Users\\LENOVO\\Katalon Studio\\Avangard\\Reports\\20220414_155908\\\u0418\u0433\u0440\u043E\u043A\\20220414_155913\\1649941724926.png"/>
         <property name="hostName" value="LENOVO - DESKTOP-KNHN0AA"/>
         <property name="os" value="Windows 10 64bit"/>
         <property name="katalonVersion" value="8.2.5.208"/>
         <property name="browser" value="Chrome 100.0.4896.75"/>
         <property name="hostAddress" value="192.168.0.11"/>
         <property name="sessionId" value="8da84ba15d014c26ec94111cbd80d37c"/>
         <property name="seleniumVersion" value="3.141.59"/>
         <property name="proxyInformation" value="ProxyInformation { proxyOption=NO_PROXY, proxyServerType=HTTP, username=, password=********, proxyServerAddress=, proxyServerPort=0, executionList=&quot;&quot;, isApplyToDesiredCapabilities=true }"/>
         <property name="platform" value="Windows 10"/>
      </properties>
      <testcase name="Test Cases/Игрок/Авторизация" time="9.663" classname="Test Cases/Игрок/Авторизация" status="PASSED">
         <system-out><![CDATA[2022-04-14 16:06:56 - [TEST_CASE][PASSED] - Test Cases/Игрок/Авторизация: Test Cases/Игрок/Авторизация

2022-04-14 16:06:56 - [TEST_STEP][PASSED] - openBrowser(""): Browser is opened with url: ''

2022-04-14 16:06:57 - [MESSAGE][INFO] - Starting 'Chrome' driver

2022-04-14 16:06:57 - [MESSAGE][INFO] - Action delay is set to 100 milliseconds

2022-04-14 16:06:58 - [MESSAGE][PASSED] - Browser is opened with url: ''

2022-04-14 16:06:58 - [TEST_STEP][PASSED] - maximizeWindow(): Current window maximized

2022-04-14 16:06:59 - [MESSAGE][PASSED] - Current window maximized

2022-04-14 16:06:59 - [TEST_STEP][PASSED] - navigateToUrl(url): Navigate to 'https://stars-stage.hawk.ru:8080' successfully

2022-04-14 16:07:03 - [MESSAGE][PASSED] - Navigate to 'https://stars-stage.hawk.ru:8080' successfully

2022-04-14 16:07:03 - [TEST_STEP][PASSED] - setText(findTestObject("Object Repository/manager/Page_/input__sc-lnrBVv eqPACj"), player_login): Text 'danilaganin7218@icloud.com' is set on object 'Object Repository/manager/Page_/input__sc-lnrBVv eqPACj'

2022-04-14 16:07:04 - [MESSAGE][PASSED] - Text 'danilaganin7218@icloud.com' is set on object 'Object Repository/manager/Page_/input__sc-lnrBVv eqPACj'

2022-04-14 16:07:04 - [TEST_STEP][PASSED] - setText(findTestObject("Object Repository/manager/Page_/input__sc-lnrBVv eqPACj_1"), player_password): Text 'danilaganin7218' is set on object 'Object Repository/manager/Page_/input__sc-lnrBVv eqPACj_1'

2022-04-14 16:07:05 - [MESSAGE][PASSED] - Text 'danilaganin7218' is set on object 'Object Repository/manager/Page_/input__sc-lnrBVv eqPACj_1'

2022-04-14 16:07:05 - [TEST_STEP][PASSED] - click(findTestObject("manager/Page_/go")): Object: 'Object Repository/manager/Page_/go' is clicked on

2022-04-14 16:07:06 - [MESSAGE][PASSED] - Object: 'Object Repository/manager/Page_/go' is clicked on]]></system-out>
         <system-err><![CDATA[]]></system-err>
      </testcase>
      <testcase name="Test Cases/Игрок/Оценка навыков" time="24.584" classname="Test Cases/Игрок/Оценка навыков" status="PASSED">
         <system-out><![CDATA[2022-04-14 16:07:06 - [TEST_CASE][PASSED] - Test Cases/Игрок/Оценка навыков: Test Cases/Игрок/Оценка навыков

2022-04-14 16:07:06 - [TEST_STEP][PASSED] - callTestCase(findTestCase("Игрок/Авторизация"), [:], STOP_ON_FAILURE): Call Test Case 'Test Cases/Игрок/Авторизация' successfully

2022-04-14 16:07:06 - [TEST_CASE][PASSED] - Test Cases/Игрок/Авторизация: Test Cases/Игрок/Авторизация

2022-04-14 16:07:06 - [TEST_STEP][PASSED] - openBrowser(""): Browser is opened with url: ''

2022-04-14 16:07:06 - [MESSAGE][WARNING] - A browser is already opened. Closing browser and opening a new one

2022-04-14 16:07:07 - [MESSAGE][INFO] - Starting 'Chrome' driver

2022-04-14 16:07:07 - [MESSAGE][INFO] - Action delay is set to 100 milliseconds

2022-04-14 16:07:08 - [MESSAGE][PASSED] - Browser is opened with url: ''

2022-04-14 16:07:08 - [TEST_STEP][PASSED] - maximizeWindow(): Current window maximized

2022-04-14 16:07:08 - [MESSAGE][PASSED] - Current window maximized

2022-04-14 16:07:08 - [TEST_STEP][PASSED] - navigateToUrl(url): Navigate to 'https://stars-stage.hawk.ru:8080' successfully

2022-04-14 16:07:12 - [MESSAGE][PASSED] - Navigate to 'https://stars-stage.hawk.ru:8080' successfully

2022-04-14 16:07:12 - [TEST_STEP][PASSED] - setText(findTestObject("Object Repository/manager/Page_/input__sc-lnrBVv eqPACj"), player_login): Text 'danilaganin7218@icloud.com' is set on object 'Object Repository/manager/Page_/input__sc-lnrBVv eqPACj'

2022-04-14 16:07:13 - [MESSAGE][PASSED] - Text 'danilaganin7218@icloud.com' is set on object 'Object Repository/manager/Page_/input__sc-lnrBVv eqPACj'

2022-04-14 16:07:13 - [TEST_STEP][PASSED] - setText(findTestObject("Object Repository/manager/Page_/input__sc-lnrBVv eqPACj_1"), player_password): Text 'danilaganin7218' is set on object 'Object Repository/manager/Page_/input__sc-lnrBVv eqPACj_1'

2022-04-14 16:07:14 - [MESSAGE][PASSED] - Text 'danilaganin7218' is set on object 'Object Repository/manager/Page_/input__sc-lnrBVv eqPACj_1'

2022-04-14 16:07:14 - [TEST_STEP][PASSED] - click(findTestObject("manager/Page_/go")): Object: 'Object Repository/manager/Page_/go' is clicked on

2022-04-14 16:07:15 - [MESSAGE][PASSED] - Object: 'Object Repository/manager/Page_/go' is clicked on

2022-04-14 16:07:15 - [MESSAGE][PASSED] - Call Test Case 'Test Cases/Игрок/Авторизация' successfully

2022-04-14 16:07:15 - [TEST_STEP][PASSED] - click(findTestObject("Avangard New/Object (Игрок)/Case (Оценка навыков)/skill")): Object: 'Object Repository/Avangard New/Object (Игрок)/Case (Оценка навыков)/skill' is clicked on

2022-04-14 16:07:20 - [MESSAGE][PASSED] - Object: 'Object Repository/Avangard New/Object (Игрок)/Case (Оценка навыков)/skill' is clicked on

2022-04-14 16:07:20 - [TEST_STEP][PASSED] - click(findTestObject("Object Repository/Avangard New/Object (Игрок)/Case (Оценка навыков)/span_1")): Object: 'Object Repository/Avangard New/Object (Игрок)/Case (Оценка навыков)/span_1' is clicked on

2022-04-14 16:07:21 - [MESSAGE][PASSED] - Object: 'Object Repository/Avangard New/Object (Игрок)/Case (Оценка навыков)/span_1' is clicked on

2022-04-14 16:07:21 - [TEST_STEP][PASSED] - verifyElementText(findTestObject("Avangard New/Object (Игрок)/Case (Оценка навыков)/fast fast"), "Ускорение"): Actual text and expected text of test object 'Object Repository/Avangard New/Object (Игрок)/Case (Оценка навыков)/fast fast' are matched.

2022-04-14 16:07:22 - [MESSAGE][PASSED] - Actual text and expected text of test object 'Object Repository/Avangard New/Object (Игрок)/Case (Оценка навыков)/fast fast' are matched.

2022-04-14 16:07:22 - [TEST_STEP][PASSED] - scrollToElement(findTestObject("Avangard New/Object (Игрок)/Case (Оценка навыков)/button_save"), 0): Scroll to object 'Object Repository/Avangard New/Object (Игрок)/Case (Оценка навыков)/button_save' successfully

2022-04-14 16:07:22 - [MESSAGE][WARNING] - Timeout '0' is invalid. Using default page load timeout: '30'

2022-04-14 16:07:22 - [MESSAGE][PASSED] - Scroll to object 'Object Repository/Avangard New/Object (Игрок)/Case (Оценка навыков)/button_save' successfully

2022-04-14 16:07:22 - [TEST_STEP][PASSED] - click(findTestObject("Avangard New/Object (Игрок)/Case (Оценка навыков)/button_save")): Object: 'Object Repository/Avangard New/Object (Игрок)/Case (Оценка навыков)/button_save' is clicked on

2022-04-14 16:07:23 - [MESSAGE][PASSED] - Object: 'Object Repository/Avangard New/Object (Игрок)/Case (Оценка навыков)/button_save' is clicked on

2022-04-14 16:07:23 - [TEST_STEP][PASSED] - verifyElementText(findTestObject("Avangard New/Object (Игрок)/Case (Оценка навыков)/alert skill"), "Оценки успешно сохранены."): Actual text and expected text of test object 'Object Repository/Avangard New/Object (Игрок)/Case (Оценка навыков)/alert skill' are matched.

2022-04-14 16:07:23 - [MESSAGE][PASSED] - Actual text and expected text of test object 'Object Repository/Avangard New/Object (Игрок)/Case (Оценка навыков)/alert skill' are matched.

2022-04-14 16:07:23 - [TEST_STEP][PASSED] - click(findTestObject("Object Repository/Avangard New/Object (Игрок)/Case (Оценка навыков)/report")): Object: 'Object Repository/Avangard New/Object (Игрок)/Case (Оценка навыков)/report' is clicked on

2022-04-14 16:07:24 - [MESSAGE][PASSED] - Object: 'Object Repository/Avangard New/Object (Игрок)/Case (Оценка навыков)/report' is clicked on

2022-04-14 16:07:24 - [TEST_STEP][PASSED] - click(findTestObject("Object Repository/Avangard New/Object (Игрок)/Case (Оценка навыков)/repor skill")): Object: 'Object Repository/Avangard New/Object (Игрок)/Case (Оценка навыков)/repor skill' is clicked on

2022-04-14 16:07:25 - [MESSAGE][PASSED] - Object: 'Object Repository/Avangard New/Object (Игрок)/Case (Оценка навыков)/repor skill' is clicked on

2022-04-14 16:07:25 - [TEST_STEP][PASSED] - verifyElementText(findTestObject("Avangard New/Object (Игрок)/Case (Оценка навыков)/div_1"), "1"): Actual text and expected text of test object 'Object Repository/Avangard New/Object (Игрок)/Case (Оценка навыков)/div_1' are matched.

2022-04-14 16:07:26 - [MESSAGE][PASSED] - Actual text and expected text of test object 'Object Repository/Avangard New/Object (Игрок)/Case (Оценка навыков)/div_1' are matched.

2022-04-14 16:07:26 - [TEST_STEP][PASSED] - verifyElementText(findTestObject("Avangard New/Object (Игрок)/Case (Оценка навыков)/div_katanie"), "Катание"): Actual text and expected text of test object 'Object Repository/Avangard New/Object (Игрок)/Case (Оценка навыков)/div_katanie' are matched.

2022-04-14 16:07:26 - [MESSAGE][PASSED] - Actual text and expected text of test object 'Object Repository/Avangard New/Object (Игрок)/Case (Оценка навыков)/div_katanie' are matched.

2022-04-14 16:07:26 - [TEST_STEP][PASSED] - click(findTestObject("Avangard New/Object (Игрок)/Case (Оценка навыков)/skill")): Object: 'Object Repository/Avangard New/Object (Игрок)/Case (Оценка навыков)/skill' is clicked on

2022-04-14 16:07:27 - [MESSAGE][PASSED] - Object: 'Object Repository/Avangard New/Object (Игрок)/Case (Оценка навыков)/skill' is clicked on

2022-04-14 16:07:27 - [TEST_STEP][PASSED] - click(findTestObject("Object Repository/Avangard New/Object (Игрок)/Case (Оценка навыков)/span_8")): Object: 'Object Repository/Avangard New/Object (Игрок)/Case (Оценка навыков)/span_8' is clicked on

2022-04-14 16:07:28 - [MESSAGE][PASSED] - Object: 'Object Repository/Avangard New/Object (Игрок)/Case (Оценка навыков)/span_8' is clicked on

2022-04-14 16:07:28 - [TEST_STEP][PASSED] - scrollToElement(findTestObject("Avangard New/Object (Игрок)/Case (Оценка навыков)/button_save"), 0): Scroll to object 'Object Repository/Avangard New/Object (Игрок)/Case (Оценка навыков)/button_save' successfully

2022-04-14 16:07:28 - [MESSAGE][WARNING] - Timeout '0' is invalid. Using default page load timeout: '30'

2022-04-14 16:07:28 - [MESSAGE][PASSED] - Scroll to object 'Object Repository/Avangard New/Object (Игрок)/Case (Оценка навыков)/button_save' successfully

2022-04-14 16:07:28 - [TEST_STEP][PASSED] - click(findTestObject("Avangard New/Object (Игрок)/Case (Оценка навыков)/button_save")): Object: 'Object Repository/Avangard New/Object (Игрок)/Case (Оценка навыков)/button_save' is clicked on

2022-04-14 16:07:29 - [MESSAGE][PASSED] - Object: 'Object Repository/Avangard New/Object (Игрок)/Case (Оценка навыков)/button_save' is clicked on

2022-04-14 16:07:29 - [TEST_STEP][PASSED] - verifyElementText(findTestObject("Avangard New/Object (Игрок)/Case (Оценка навыков)/alert skill"), "Оценки успешно сохранены."): Actual text and expected text of test object 'Object Repository/Avangard New/Object (Игрок)/Case (Оценка навыков)/alert skill' are matched.

2022-04-14 16:07:30 - [MESSAGE][PASSED] - Actual text and expected text of test object 'Object Repository/Avangard New/Object (Игрок)/Case (Оценка навыков)/alert skill' are matched.

2022-04-14 16:07:30 - [TEST_STEP][PASSED] - closeBrowser(): Browser is closed

2022-04-14 16:07:30 - [MESSAGE][PASSED] - Browser is closed]]></system-out>
         <system-err><![CDATA[]]></system-err>
      </testcase>
      <testcase name="Test Cases/Игрок/Отчет по навыкам" time="16.983" classname="Test Cases/Игрок/Отчет по навыкам" status="PASSED">
         <system-out><![CDATA[2022-04-14 16:07:30 - [TEST_CASE][PASSED] - Test Cases/Игрок/Отчет по навыкам: Test Cases/Игрок/Отчет по навыкам

2022-04-14 16:07:31 - [TEST_STEP][PASSED] - callTestCase(findTestCase("Игрок/Авторизация"), [:], STOP_ON_FAILURE): Call Test Case 'Test Cases/Игрок/Авторизация' successfully

2022-04-14 16:07:31 - [TEST_CASE][PASSED] - Test Cases/Игрок/Авторизация: Test Cases/Игрок/Авторизация

2022-04-14 16:07:31 - [TEST_STEP][PASSED] - openBrowser(""): Browser is opened with url: ''

2022-04-14 16:07:31 - [MESSAGE][INFO] - Starting 'Chrome' driver

2022-04-14 16:07:31 - [MESSAGE][INFO] - Action delay is set to 100 milliseconds

2022-04-14 16:07:32 - [MESSAGE][PASSED] - Browser is opened with url: ''

2022-04-14 16:07:32 - [TEST_STEP][PASSED] - maximizeWindow(): Current window maximized

2022-04-14 16:07:32 - [MESSAGE][PASSED] - Current window maximized

2022-04-14 16:07:32 - [TEST_STEP][PASSED] - navigateToUrl(url): Navigate to 'https://stars-stage.hawk.ru:8080' successfully

2022-04-14 16:07:37 - [MESSAGE][PASSED] - Navigate to 'https://stars-stage.hawk.ru:8080' successfully

2022-04-14 16:07:37 - [TEST_STEP][PASSED] - setText(findTestObject("Object Repository/manager/Page_/input__sc-lnrBVv eqPACj"), player_login): Text 'danilaganin7218@icloud.com' is set on object 'Object Repository/manager/Page_/input__sc-lnrBVv eqPACj'

2022-04-14 16:07:38 - [MESSAGE][PASSED] - Text 'danilaganin7218@icloud.com' is set on object 'Object Repository/manager/Page_/input__sc-lnrBVv eqPACj'

2022-04-14 16:07:38 - [TEST_STEP][PASSED] - setText(findTestObject("Object Repository/manager/Page_/input__sc-lnrBVv eqPACj_1"), player_password): Text 'danilaganin7218' is set on object 'Object Repository/manager/Page_/input__sc-lnrBVv eqPACj_1'

2022-04-14 16:07:39 - [MESSAGE][PASSED] - Text 'danilaganin7218' is set on object 'Object Repository/manager/Page_/input__sc-lnrBVv eqPACj_1'

2022-04-14 16:07:39 - [TEST_STEP][PASSED] - click(findTestObject("manager/Page_/go")): Object: 'Object Repository/manager/Page_/go' is clicked on

2022-04-14 16:07:40 - [MESSAGE][PASSED] - Object: 'Object Repository/manager/Page_/go' is clicked on

2022-04-14 16:07:40 - [MESSAGE][PASSED] - Call Test Case 'Test Cases/Игрок/Авторизация' successfully

2022-04-14 16:07:40 - [TEST_STEP][PASSED] - click(findTestObject("Object Repository/Avangard New/Object (Игрок)/Case (Отчеты по навыкам)/span_reports")): Object: 'Object Repository/Avangard New/Object (Игрок)/Case (Отчеты по навыкам)/span_reports' is clicked on

2022-04-14 16:07:45 - [MESSAGE][PASSED] - Object: 'Object Repository/Avangard New/Object (Игрок)/Case (Отчеты по навыкам)/span_reports' is clicked on

2022-04-14 16:07:45 - [TEST_STEP][PASSED] - click(findTestObject("Object Repository/Avangard New/Object (Игрок)/Case (Отчеты по навыкам)/div_report_skills")): Object: 'Object Repository/Avangard New/Object (Игрок)/Case (Отчеты по навыкам)/div_report_skills' is clicked on

2022-04-14 16:07:46 - [MESSAGE][PASSED] - Object: 'Object Repository/Avangard New/Object (Игрок)/Case (Отчеты по навыкам)/div_report_skills' is clicked on

2022-04-14 16:07:46 - [TEST_STEP][PASSED] - verifyElementText(findTestObject("Avangard New/Object (Игрок)/Case (Отчеты по навыкам)/div_8"), "8"): Actual text and expected text of test object 'Object Repository/Avangard New/Object (Игрок)/Case (Отчеты по навыкам)/div_8' are matched.

2022-04-14 16:07:47 - [MESSAGE][PASSED] - Actual text and expected text of test object 'Object Repository/Avangard New/Object (Игрок)/Case (Отчеты по навыкам)/div_8' are matched.

2022-04-14 16:07:47 - [TEST_STEP][PASSED] - verifyElementText(findTestObject("Object Repository/Avangard New/Object (Игрок)/Case (Отчеты по навыкам)/div_name"), player_for_test): Actual text and expected text of test object 'Object Repository/Avangard New/Object (Игрок)/Case (Отчеты по навыкам)/div_name' are matched.

2022-04-14 16:07:47 - [MESSAGE][PASSED] - Actual text and expected text of test object 'Object Repository/Avangard New/Object (Игрок)/Case (Отчеты по навыкам)/div_name' are matched.

2022-04-14 16:07:47 - [TEST_STEP][PASSED] - verifyElementText(findTestObject("Avangard New/Object (Игрок)/Case (Отчеты по навыкам)/speed"), "Скорость"): Actual text and expected text of test object 'Object Repository/Avangard New/Object (Игрок)/Case (Отчеты по навыкам)/speed' are matched.

2022-04-14 16:07:47 - [MESSAGE][PASSED] - Actual text and expected text of test object 'Object Repository/Avangard New/Object (Игрок)/Case (Отчеты по навыкам)/speed' are matched.]]></system-out>
         <system-err><![CDATA[]]></system-err>
      </testcase>
      <testcase name="Test Cases/Игрок/Отчеты психологического профиля" time="57.929" classname="Test Cases/Игрок/Отчеты психологического профиля" status="FAILED">
         <failure type="FAILED" message="Test Cases/Игрок/Отчеты психологического профиля FAILED.
Reason:
com.kms.katalon.core.exception.StepFailedException: Unable to scroll to object 'Object Repository/Avangard New/Object (Игрок)/Case (Отчет психологического профиля)/xarakteristika'
	at com.kms.katalon.core.webui.keyword.internal.WebUIKeywordMain.stepFailed(WebUIKeywordMain.groovy:64)
	at com.kms.katalon.core.webui.keyword.internal.WebUIKeywordMain.runKeyword(WebUIKeywordMain.groovy:26)
	at com.kms.katalon.core.webui.keyword.builtin.ScrollToElementKeyword.scrollToElement(ScrollToElementKeyword.groovy:88)
	at com.kms.katalon.core.webui.keyword.builtin.ScrollToElementKeyword.execute(ScrollToElementKeyword.groovy:68)
	at com.kms.katalon.core.keyword.internal.KeywordExecutor.executeKeywordForPlatform(KeywordExecutor.groovy:74)
	at com.kms.katalon.core.webui.keyword.WebUiBuiltInKeywords.scrollToElement(WebUiBuiltInKeywords.groovy:4061)
	at com.kms.katalon.core.webui.keyword.WebUiBuiltInKeywords$scrollToElement$5.call(Unknown Source)
	at Отчеты психологического профиля.run(Отчеты психологического профиля:66)
	at com.kms.katalon.core.main.ScriptEngine.run(ScriptEngine.java:194)
	at com.kms.katalon.core.main.ScriptEngine.runScriptAsRawText(ScriptEngine.java:119)
	at com.kms.katalon.core.main.TestCaseExecutor.runScript(TestCaseExecutor.java:442)
	at com.kms.katalon.core.main.TestCaseExecutor.doExecute(TestCaseExecutor.java:433)
	at com.kms.katalon.core.main.TestCaseExecutor.processExecutionPhase(TestCaseExecutor.java:412)
	at com.kms.katalon.core.main.TestCaseExecutor.accessMainPhase(TestCaseExecutor.java:404)
	at com.kms.katalon.core.main.TestCaseExecutor.execute(TestCaseExecutor.java:281)
	at com.kms.katalon.core.main.TestSuiteExecutor.accessTestCaseMainPhase(TestSuiteExecutor.java:202)
	at com.kms.katalon.core.main.TestSuiteExecutor.accessTestSuiteMainPhase(TestSuiteExecutor.java:164)
	at com.kms.katalon.core.main.TestSuiteExecutor.execute(TestSuiteExecutor.java:105)
	at com.kms.katalon.core.main.TestCaseMain.startTestSuite(TestCaseMain.java:185)
	at com.kms.katalon.core.main.TestCaseMain$startTestSuite$0.call(Unknown Source)
	at TempTestSuite1649941153936.run(TempTestSuite1649941153936.groovy:36)
Caused by: com.kms.katalon.core.webui.exception.WebElementNotFoundException: Web element with id: 'Object Repository/Avangard New/Object (Игрок)/Case (Отчет психологического профиля)/xarakteristika' located by '//*/text()[normalize-space(.)='Экстраверсия']/parent::*' not found
	at com.kms.katalon.core.webui.common.WebUiCommonHelper.findWebElement(WebUiCommonHelper.java:1370)
	at com.kms.katalon.core.webui.keyword.internal.WebUIAbstractKeyword.findWebElement(WebUIAbstractKeyword.groovy:27)
	at com.kms.katalon.core.webui.keyword.internal.WebUIAbstractKeyword.findWebElement(WebUIAbstractKeyword.groovy:26)
	at com.kms.katalon.core.webui.keyword.builtin.ScrollToElementKeyword$_scrollToElement_closure1.doCall(ScrollToElementKeyword.groovy:79)
	at com.kms.katalon.core.webui.keyword.builtin.ScrollToElementKeyword$_scrollToElement_closure1.call(ScrollToElementKeyword.groovy)
	at com.kms.katalon.core.webui.keyword.internal.WebUIKeywordMain.runKeyword(WebUIKeywordMain.groovy:20)
	... 19 more
"/>
         <system-out><![CDATA[2022-04-14 16:07:47 - [TEST_CASE][FAILED] - Test Cases/Игрок/Отчеты психологического профиля: Test Cases/Игрок/Отчеты психологического профиля FAILED.
Reason:
com.kms.katalon.core.exception.StepFailedException: Unable to scroll to object 'Object Repository/Avangard New/Object (Игрок)/Case (Отчет психологического профиля)/xarakteristika'
	at com.kms.katalon.core.webui.keyword.internal.WebUIKeywordMain.stepFailed(WebUIKeywordMain.groovy:64)
	at com.kms.katalon.core.webui.keyword.internal.WebUIKeywordMain.runKeyword(WebUIKeywordMain.groovy:26)
	at com.kms.katalon.core.webui.keyword.builtin.ScrollToElementKeyword.scrollToElement(ScrollToElementKeyword.groovy:88)
	at com.kms.katalon.core.webui.keyword.builtin.ScrollToElementKeyword.execute(ScrollToElementKeyword.groovy:68)
	at com.kms.katalon.core.keyword.internal.KeywordExecutor.executeKeywordForPlatform(KeywordExecutor.groovy:74)
	at com.kms.katalon.core.webui.keyword.WebUiBuiltInKeywords.scrollToElement(WebUiBuiltInKeywords.groovy:4061)
	at com.kms.katalon.core.webui.keyword.WebUiBuiltInKeywords$scrollToElement$5.call(Unknown Source)
	at Отчеты психологического профиля.run(Отчеты психологического профиля:66)
	at com.kms.katalon.core.main.ScriptEngine.run(ScriptEngine.java:194)
	at com.kms.katalon.core.main.ScriptEngine.runScriptAsRawText(ScriptEngine.java:119)
	at com.kms.katalon.core.main.TestCaseExecutor.runScript(TestCaseExecutor.java:442)
	at com.kms.katalon.core.main.TestCaseExecutor.doExecute(TestCaseExecutor.java:433)
	at com.kms.katalon.core.main.TestCaseExecutor.processExecutionPhase(TestCaseExecutor.java:412)
	at com.kms.katalon.core.main.TestCaseExecutor.accessMainPhase(TestCaseExecutor.java:404)
	at com.kms.katalon.core.main.TestCaseExecutor.execute(TestCaseExecutor.java:281)
	at com.kms.katalon.core.main.TestSuiteExecutor.accessTestCaseMainPhase(TestSuiteExecutor.java:202)
	at com.kms.katalon.core.main.TestSuiteExecutor.accessTestSuiteMainPhase(TestSuiteExecutor.java:164)
	at com.kms.katalon.core.main.TestSuiteExecutor.execute(TestSuiteExecutor.java:105)
	at com.kms.katalon.core.main.TestCaseMain.startTestSuite(TestCaseMain.java:185)
	at com.kms.katalon.core.main.TestCaseMain$startTestSuite$0.call(Unknown Source)
	at TempTestSuite1649941153936.run(TempTestSuite1649941153936.groovy:36)
Caused by: com.kms.katalon.core.webui.exception.WebElementNotFoundException: Web element with id: 'Object Repository/Avangard New/Object (Игрок)/Case (Отчет психологического профиля)/xarakteristika' located by '//*/text()[normalize-space(.)='Экстраверсия']/parent::*' not found
	at com.kms.katalon.core.webui.common.WebUiCommonHelper.findWebElement(WebUiCommonHelper.java:1370)
	at com.kms.katalon.core.webui.keyword.internal.WebUIAbstractKeyword.findWebElement(WebUIAbstractKeyword.groovy:27)
	at com.kms.katalon.core.webui.keyword.internal.WebUIAbstractKeyword.findWebElement(WebUIAbstractKeyword.groovy:26)
	at com.kms.katalon.core.webui.keyword.builtin.ScrollToElementKeyword$_scrollToElement_closure1.doCall(ScrollToElementKeyword.groovy:79)
	at com.kms.katalon.core.webui.keyword.builtin.ScrollToElementKeyword$_scrollToElement_closure1.call(ScrollToElementKeyword.groovy)
	at com.kms.katalon.core.webui.keyword.internal.WebUIKeywordMain.runKeyword(WebUIKeywordMain.groovy:20)
	... 19 more


2022-04-14 16:07:48 - [TEST_STEP][PASSED] - callTestCase(findTestCase("Игрок/Авторизация"), [:], STOP_ON_FAILURE): Call Test Case 'Test Cases/Игрок/Авторизация' successfully

2022-04-14 16:07:48 - [TEST_CASE][PASSED] - Test Cases/Игрок/Авторизация: Test Cases/Игрок/Авторизация

2022-04-14 16:07:48 - [TEST_STEP][PASSED] - openBrowser(""): Browser is opened with url: ''

2022-04-14 16:07:48 - [MESSAGE][WARNING] - A browser is already opened. Closing browser and opening a new one

2022-04-14 16:07:48 - [MESSAGE][INFO] - Starting 'Chrome' driver

2022-04-14 16:07:48 - [MESSAGE][INFO] - Action delay is set to 100 milliseconds

2022-04-14 16:07:49 - [MESSAGE][PASSED] - Browser is opened with url: ''

2022-04-14 16:07:49 - [TEST_STEP][PASSED] - maximizeWindow(): Current window maximized

2022-04-14 16:07:50 - [MESSAGE][PASSED] - Current window maximized

2022-04-14 16:07:50 - [TEST_STEP][PASSED] - navigateToUrl(url): Navigate to 'https://stars-stage.hawk.ru:8080' successfully

2022-04-14 16:07:54 - [MESSAGE][PASSED] - Navigate to 'https://stars-stage.hawk.ru:8080' successfully

2022-04-14 16:07:54 - [TEST_STEP][PASSED] - setText(findTestObject("Object Repository/manager/Page_/input__sc-lnrBVv eqPACj"), player_login): Text 'danilaganin7218@icloud.com' is set on object 'Object Repository/manager/Page_/input__sc-lnrBVv eqPACj'

2022-04-14 16:07:55 - [MESSAGE][PASSED] - Text 'danilaganin7218@icloud.com' is set on object 'Object Repository/manager/Page_/input__sc-lnrBVv eqPACj'

2022-04-14 16:07:55 - [TEST_STEP][PASSED] - setText(findTestObject("Object Repository/manager/Page_/input__sc-lnrBVv eqPACj_1"), player_password): Text 'danilaganin7218' is set on object 'Object Repository/manager/Page_/input__sc-lnrBVv eqPACj_1'

2022-04-14 16:07:56 - [MESSAGE][PASSED] - Text 'danilaganin7218' is set on object 'Object Repository/manager/Page_/input__sc-lnrBVv eqPACj_1'

2022-04-14 16:07:56 - [TEST_STEP][PASSED] - click(findTestObject("manager/Page_/go")): Object: 'Object Repository/manager/Page_/go' is clicked on

2022-04-14 16:07:57 - [MESSAGE][PASSED] - Object: 'Object Repository/manager/Page_/go' is clicked on

2022-04-14 16:07:57 - [MESSAGE][PASSED] - Call Test Case 'Test Cases/Игрок/Авторизация' successfully

2022-04-14 16:07:57 - [TEST_STEP][PASSED] - click(findTestObject("Avangard New/Object (Игрок)/Case (Отчет психологического профиля)/report")): Object: 'Object Repository/Avangard New/Object (Игрок)/Case (Отчет психологического профиля)/report' is clicked on

2022-04-14 16:08:02 - [MESSAGE][PASSED] - Object: 'Object Repository/Avangard New/Object (Игрок)/Case (Отчет психологического профиля)/report' is clicked on

2022-04-14 16:08:02 - [TEST_STEP][PASSED] - click(findTestObject("Avangard New/Object (Игрок)/Case (Отчет психологического профиля)/psixolog")): Object: 'Object Repository/Avangard New/Object (Игрок)/Case (Отчет психологического профиля)/psixolog' is clicked on

2022-04-14 16:08:03 - [MESSAGE][PASSED] - Object: 'Object Repository/Avangard New/Object (Игрок)/Case (Отчет психологического профиля)/psixolog' is clicked on

2022-04-14 16:08:03 - [TEST_STEP][PASSED] - if (verifyElementText(findTestObject("Avangard New/Object (Игрок)/Case (Отчет психологического профиля)/div_ganin"), "Ганин Данила", OPTIONAL) == true): Object: 'Object Repository/Avangard New/Object (Игрок)/Case (Отчет психологического профиля)/div_30.06.2021' is clicked on

2022-04-14 16:08:04 - [MESSAGE][PASSED] - Actual text and expected text of test object 'Object Repository/Avangard New/Object (Игрок)/Case (Отчет психологического профиля)/div_ganin' are matched.

2022-04-14 16:08:04 - [TEST_STEP][PASSED] - click(findTestObject("Avangard New/Object (Игрок)/Case (Отчет психологического профиля)/div_burger date")): Object: 'Object Repository/Avangard New/Object (Игрок)/Case (Отчет психологического профиля)/div_burger date' is clicked on

2022-04-14 16:08:04 - [MESSAGE][PASSED] - Object: 'Object Repository/Avangard New/Object (Игрок)/Case (Отчет психологического профиля)/div_burger date' is clicked on

2022-04-14 16:08:04 - [TEST_STEP][PASSED] - click(findTestObject("Avangard New/Object (Игрок)/Case (Отчет психологического профиля)/div_30.06.2021")): Object: 'Object Repository/Avangard New/Object (Игрок)/Case (Отчет психологического профиля)/div_30.06.2021' is clicked on

2022-04-14 16:08:05 - [MESSAGE][PASSED] - Object: 'Object Repository/Avangard New/Object (Игрок)/Case (Отчет психологического профиля)/div_30.06.2021' is clicked on

2022-04-14 16:08:05 - [TEST_STEP][NOT_RUN] - verifyElementText(findTestObject("Avangard New/Object (Игрок)/Case (Отчет психологического профиля)/div_ganin"), "Ганин Данила"): NOT_RUN: verifyElementText(findTestObject("Avangard New/Object (Игрок)/Case (Отчет психологического профиля)/div_ganin"), "Ганин Данила")

2022-04-14 16:08:05 - [MESSAGE][NOT_RUN] - NOT_RUN: verifyElementText(findTestObject("Avangard New/Object (Игрок)/Case (Отчет психологического профиля)/div_ganin"), "Ганин Данила")

2022-04-14 16:08:05 - [TEST_STEP][PASSED] - scrollToElement(findTestObject("Avangard New/Object (Игрок)/Case (Отчет психологического профиля)/reaction easy"), 0): Scroll to object 'Object Repository/Avangard New/Object (Игрок)/Case (Отчет психологического профиля)/reaction easy' successfully

2022-04-14 16:08:05 - [MESSAGE][WARNING] - Timeout '0' is invalid. Using default page load timeout: '30'

2022-04-14 16:08:06 - [MESSAGE][PASSED] - Scroll to object 'Object Repository/Avangard New/Object (Игрок)/Case (Отчет психологического профиля)/reaction easy' successfully

2022-04-14 16:08:06 - [TEST_STEP][PASSED] - verifyElementText(findTestObject("Avangard New/Object (Игрок)/Case (Отчет психологического профиля)/reaction easy"), "Реакция на простой стимул"): Actual text and expected text of test object 'Object Repository/Avangard New/Object (Игрок)/Case (Отчет психологического профиля)/reaction easy' are matched.

2022-04-14 16:08:06 - [MESSAGE][PASSED] - Actual text and expected text of test object 'Object Repository/Avangard New/Object (Игрок)/Case (Отчет психологического профиля)/reaction easy' are matched.

2022-04-14 16:08:06 - [TEST_STEP][PASSED] - verifyElementText(findTestObject("Avangard New/Object (Игрок)/Case (Отчет психологического профиля)/reaction hard"), "Реакция на сложный стимул"): Actual text and expected text of test object 'Object Repository/Avangard New/Object (Игрок)/Case (Отчет психологического профиля)/reaction hard' are matched.

2022-04-14 16:08:07 - [MESSAGE][PASSED] - Actual text and expected text of test object 'Object Repository/Avangard New/Object (Игрок)/Case (Отчет психологического профиля)/reaction hard' are matched.

2022-04-14 16:08:07 - [TEST_STEP][PASSED] - scrollToElement(findTestObject("Avangard New/Object (Игрок)/Case (Отчет психологического профиля)/button burg date (1)"), 0): Scroll to object 'Object Repository/Avangard New/Object (Игрок)/Case (Отчет психологического профиля)/button burg date (1)' successfully

2022-04-14 16:08:07 - [MESSAGE][WARNING] - Timeout '0' is invalid. Using default page load timeout: '30'

2022-04-14 16:08:07 - [MESSAGE][PASSED] - Scroll to object 'Object Repository/Avangard New/Object (Игрок)/Case (Отчет психологического профиля)/button burg date (1)' successfully

2022-04-14 16:08:07 - [TEST_STEP][PASSED] - click(findTestObject("Avangard New/Object (Игрок)/Case (Отчет психологического профиля)/tab")): Object: 'Object Repository/Avangard New/Object (Игрок)/Case (Отчет психологического профиля)/tab' is clicked on

2022-04-14 16:08:08 - [MESSAGE][PASSED] - Object: 'Object Repository/Avangard New/Object (Игрок)/Case (Отчет психологического профиля)/tab' is clicked on

2022-04-14 16:08:08 - [TEST_STEP][PASSED] - if (verifyElementText(findTestObject("Avangard New/Object (Игрок)/Case (Отчет психологического профиля)/div_ganin"), "Ганин Данила", OPTIONAL) == true): Object: 'Object Repository/Avangard New/Object (Игрок)/Case (Отчет психологического профиля)/div_21-22' is clicked on

2022-04-14 16:08:08 - [MESSAGE][PASSED] - Actual text and expected text of test object 'Object Repository/Avangard New/Object (Игрок)/Case (Отчет психологического профиля)/div_ganin' are matched.

2022-04-14 16:08:08 - [TEST_STEP][PASSED] - click(findTestObject("Avangard New/Object (Игрок)/Case (Отчет психологического профиля)/div_sezon")): Object: 'Object Repository/Avangard New/Object (Игрок)/Case (Отчет психологического профиля)/div_sezon' is clicked on

2022-04-14 16:08:09 - [MESSAGE][PASSED] - Object: 'Object Repository/Avangard New/Object (Игрок)/Case (Отчет психологического профиля)/div_sezon' is clicked on

2022-04-14 16:08:09 - [TEST_STEP][PASSED] - click(findTestObject("Avangard New/Object (Игрок)/Case (Отчет психологического профиля)/div_21-22")): Object: 'Object Repository/Avangard New/Object (Игрок)/Case (Отчет психологического профиля)/div_21-22' is clicked on

2022-04-14 16:08:09 - [MESSAGE][PASSED] - Object: 'Object Repository/Avangard New/Object (Игрок)/Case (Отчет психологического профиля)/div_21-22' is clicked on

2022-04-14 16:08:09 - [TEST_STEP][FAILED] - scrollToElement(findTestObject("Avangard New/Object (Игрок)/Case (Отчет психологического профиля)/xarakteristika"), 0): Unable to scroll to object 'Object Repository/Avangard New/Object (Игрок)/Case (Отчет психологического профиля)/xarakteristika' (Root cause: com.kms.katalon.core.exception.StepFailedException: Unable to scroll to object 'Object Repository/Avangard New/Object (Игрок)/Case (Отчет психологического профиля)/xarakteristika'
	at com.kms.katalon.core.webui.keyword.internal.WebUIKeywordMain.stepFailed(WebUIKeywordMain.groovy:64)
	at com.kms.katalon.core.webui.keyword.internal.WebUIKeywordMain.runKeyword(WebUIKeywordMain.groovy:26)
	at com.kms.katalon.core.webui.keyword.builtin.ScrollToElementKeyword.scrollToElement(ScrollToElementKeyword.groovy:88)
	at com.kms.katalon.core.webui.keyword.builtin.ScrollToElementKeyword.execute(ScrollToElementKeyword.groovy:68)
	at com.kms.katalon.core.keyword.internal.KeywordExecutor.executeKeywordForPlatform(KeywordExecutor.groovy:74)
	at com.kms.katalon.core.webui.keyword.WebUiBuiltInKeywords.scrollToElement(WebUiBuiltInKeywords.groovy:4061)
	at com.kms.katalon.core.webui.keyword.WebUiBuiltInKeywords$scrollToElement$5.call(Unknown Source)
	at Отчеты психологического профиля.run(Отчеты психологического профиля:66)
	at com.kms.katalon.core.main.ScriptEngine.run(ScriptEngine.java:194)
	at com.kms.katalon.core.main.ScriptEngine.runScriptAsRawText(ScriptEngine.java:119)
	at com.kms.katalon.core.main.TestCaseExecutor.runScript(TestCaseExecutor.java:442)
	at com.kms.katalon.core.main.TestCaseExecutor.doExecute(TestCaseExecutor.java:433)
	at com.kms.katalon.core.main.TestCaseExecutor.processExecutionPhase(TestCaseExecutor.java:412)
	at com.kms.katalon.core.main.TestCaseExecutor.accessMainPhase(TestCaseExecutor.java:404)
	at com.kms.katalon.core.main.TestCaseExecutor.execute(TestCaseExecutor.java:281)
	at com.kms.katalon.core.main.TestSuiteExecutor.accessTestCaseMainPhase(TestSuiteExecutor.java:202)
	at com.kms.katalon.core.main.TestSuiteExecutor.accessTestSuiteMainPhase(TestSuiteExecutor.java:164)
	at com.kms.katalon.core.main.TestSuiteExecutor.execute(TestSuiteExecutor.java:105)
	at com.kms.katalon.core.main.TestCaseMain.startTestSuite(TestCaseMain.java:185)
	at com.kms.katalon.core.main.TestCaseMain$startTestSuite$0.call(Unknown Source)
	at TempTestSuite1649941153936.run(TempTestSuite1649941153936.groovy:36)
Caused by: com.kms.katalon.core.webui.exception.WebElementNotFoundException: Web element with id: 'Object Repository/Avangard New/Object (Игрок)/Case (Отчет психологического профиля)/xarakteristika' located by '//*/text()[normalize-space(.)='Экстраверсия']/parent::*' not found
	at com.kms.katalon.core.webui.common.WebUiCommonHelper.findWebElement(WebUiCommonHelper.java:1370)
	at com.kms.katalon.core.webui.keyword.internal.WebUIAbstractKeyword.findWebElement(WebUIAbstractKeyword.groovy:27)
	at com.kms.katalon.core.webui.keyword.internal.WebUIAbstractKeyword.findWebElement(WebUIAbstractKeyword.groovy:26)
	at com.kms.katalon.core.webui.keyword.builtin.ScrollToElementKeyword$_scrollToElement_closure1.doCall(ScrollToElementKeyword.groovy:79)
	at com.kms.katalon.core.webui.keyword.builtin.ScrollToElementKeyword$_scrollToElement_closure1.call(ScrollToElementKeyword.groovy)
	at com.kms.katalon.core.webui.keyword.internal.WebUIKeywordMain.runKeyword(WebUIKeywordMain.groovy:20)
	at com.kms.katalon.core.webui.keyword.builtin.ScrollToElementKeyword.scrollToElement(ScrollToElementKeyword.groovy:88)
	at com.kms.katalon.core.webui.keyword.builtin.ScrollToElementKeyword.execute(ScrollToElementKeyword.groovy:68)
	at com.kms.katalon.core.keyword.internal.KeywordExecutor.executeKeywordForPlatform(KeywordExecutor.groovy:74)
	at com.kms.katalon.core.webui.keyword.WebUiBuiltInKeywords.scrollToElement(WebUiBuiltInKeywords.groovy:4061)
	at com.kms.katalon.core.webui.keyword.WebUiBuiltInKeywords$scrollToElement$5.call(Unknown Source)
	at Script1649405864063.run(Script1649405864063.groovy:66)
	... 13 more
)

2022-04-14 16:08:09 - [MESSAGE][WARNING] - Timeout '0' is invalid. Using default page load timeout: '30'

2022-04-14 16:08:40 - [MESSAGE][INFO] - Unable to find the element located by 'By.xpath: //*/text()[normalize-space(.)='Экстраверсия']/parent::*'. Please recheck the objects properties to make sure the desired element is located. 

2022-04-14 16:08:40 - [MESSAGE][WARNING] - [SELF-HEALING] Failed to find element with id 'Object Repository/Avangard New/Object (Игрок)/Case (Отчет психологического профиля)/xarakteristika'. Try using Self-healing.

2022-04-14 16:08:41 - [MESSAGE][INFO] - [SELF-HEALING] Failed Locator: '//div[@id='rc-tabs-1-panel-1']/div[2]/div[2]/div/div/div/div/div[2]/p[2]'.

2022-04-14 16:08:41 - [MESSAGE][INFO] - [SELF-HEALING] Failed Locator: '(.//*[normalize-space(text()) and normalize-space(.)='Индивидуально-типологический'])[1]/following::p[17]'.

2022-04-14 16:08:41 - [MESSAGE][INFO] - [SELF-HEALING] Failed Locator: '(.//*[normalize-space(text()) and normalize-space(.)='Психологический'])[1]/following::p[17]'.

2022-04-14 16:08:41 - [MESSAGE][INFO] - [SELF-HEALING] Failed Locator: '(.//*[normalize-space(text()) and normalize-space(.)='Редактирование профиля'])[1]/preceding::p[29]'.

2022-04-14 16:08:42 - [MESSAGE][INFO] - [SELF-HEALING] Failed Locator: '//*/text()[normalize-space(.)='Экстраверсия']/parent::*'.

2022-04-14 16:08:42 - [MESSAGE][INFO] - [SELF-HEALING] Failed Locator: '//div[2]/div/div/div/div/div[2]/p[2]'.

2022-04-14 16:08:42 - [MESSAGE][INFO] - [SELF-HEALING] Failed Locator: '//p[(text() = 'Экстраверсия' or . = 'Экстраверсия')]'.

2022-04-14 16:08:43 - [MESSAGE][INFO] - Unable to find the element located by 'By.xpath: //*[(text() = 'Экстраверсия' or . = 'Экстраверсия')]'. Please recheck the objects properties to make sure the desired element is located. 

2022-04-14 16:08:44 - [MESSAGE][INFO] - Unable to find the element located by 'By.cssSelector: p.styles__SkillName-sc-8xsnvi-9.fxKVA'. Please recheck the objects properties to make sure the desired element is located. 

2022-04-14 16:08:45 - [MESSAGE][FAILED] - Unable to scroll to object 'Object Repository/Avangard New/Object (Игрок)/Case (Отчет психологического профиля)/xarakteristika' (Root cause: com.kms.katalon.core.exception.StepFailedException: Unable to scroll to object 'Object Repository/Avangard New/Object (Игрок)/Case (Отчет психологического профиля)/xarakteristika'
	at com.kms.katalon.core.webui.keyword.internal.WebUIKeywordMain.stepFailed(WebUIKeywordMain.groovy:64)
	at com.kms.katalon.core.webui.keyword.internal.WebUIKeywordMain.runKeyword(WebUIKeywordMain.groovy:26)
	at com.kms.katalon.core.webui.keyword.builtin.ScrollToElementKeyword.scrollToElement(ScrollToElementKeyword.groovy:88)
	at com.kms.katalon.core.webui.keyword.builtin.ScrollToElementKeyword.execute(ScrollToElementKeyword.groovy:68)
	at com.kms.katalon.core.keyword.internal.KeywordExecutor.executeKeywordForPlatform(KeywordExecutor.groovy:74)
	at com.kms.katalon.core.webui.keyword.WebUiBuiltInKeywords.scrollToElement(WebUiBuiltInKeywords.groovy:4061)
	at com.kms.katalon.core.webui.keyword.WebUiBuiltInKeywords$scrollToElement$5.call(Unknown Source)
	at Отчеты психологического профиля.run(Отчеты психологического профиля:66)
	at com.kms.katalon.core.main.ScriptEngine.run(ScriptEngine.java:194)
	at com.kms.katalon.core.main.ScriptEngine.runScriptAsRawText(ScriptEngine.java:119)
	at com.kms.katalon.core.main.TestCaseExecutor.runScript(TestCaseExecutor.java:442)
	at com.kms.katalon.core.main.TestCaseExecutor.doExecute(TestCaseExecutor.java:433)
	at com.kms.katalon.core.main.TestCaseExecutor.processExecutionPhase(TestCaseExecutor.java:412)
	at com.kms.katalon.core.main.TestCaseExecutor.accessMainPhase(TestCaseExecutor.java:404)
	at com.kms.katalon.core.main.TestCaseExecutor.execute(TestCaseExecutor.java:281)
	at com.kms.katalon.core.main.TestSuiteExecutor.accessTestCaseMainPhase(TestSuiteExecutor.java:202)
	at com.kms.katalon.core.main.TestSuiteExecutor.accessTestSuiteMainPhase(TestSuiteExecutor.java:164)
	at com.kms.katalon.core.main.TestSuiteExecutor.execute(TestSuiteExecutor.java:105)
	at com.kms.katalon.core.main.TestCaseMain.startTestSuite(TestCaseMain.java:185)
	at com.kms.katalon.core.main.TestCaseMain$startTestSuite$0.call(Unknown Source)
	at TempTestSuite1649941153936.run(TempTestSuite1649941153936.groovy:36)
Caused by: com.kms.katalon.core.webui.exception.WebElementNotFoundException: Web element with id: 'Object Repository/Avangard New/Object (Игрок)/Case (Отчет психологического профиля)/xarakteristika' located by '//*/text()[normalize-space(.)='Экстраверсия']/parent::*' not found
	at com.kms.katalon.core.webui.common.WebUiCommonHelper.findWebElement(WebUiCommonHelper.java:1370)
	at com.kms.katalon.core.webui.keyword.internal.WebUIAbstractKeyword.findWebElement(WebUIAbstractKeyword.groovy:27)
	at com.kms.katalon.core.webui.keyword.internal.WebUIAbstractKeyword.findWebElement(WebUIAbstractKeyword.groovy:26)
	at com.kms.katalon.core.webui.keyword.builtin.ScrollToElementKeyword$_scrollToElement_closure1.doCall(ScrollToElementKeyword.groovy:79)
	at com.kms.katalon.core.webui.keyword.builtin.ScrollToElementKeyword$_scrollToElement_closure1.call(ScrollToElementKeyword.groovy)
	at com.kms.katalon.core.webui.keyword.internal.WebUIKeywordMain.runKeyword(WebUIKeywordMain.groovy:20)
	at com.kms.katalon.core.webui.keyword.builtin.ScrollToElementKeyword.scrollToElement(ScrollToElementKeyword.groovy:88)
	at com.kms.katalon.core.webui.keyword.builtin.ScrollToElementKeyword.execute(ScrollToElementKeyword.groovy:68)
	at com.kms.katalon.core.keyword.internal.KeywordExecutor.executeKeywordForPlatform(KeywordExecutor.groovy:74)
	at com.kms.katalon.core.webui.keyword.WebUiBuiltInKeywords.scrollToElement(WebUiBuiltInKeywords.groovy:4061)
	at com.kms.katalon.core.webui.keyword.WebUiBuiltInKeywords$scrollToElement$5.call(Unknown Source)
	at Script1649405864063.run(Script1649405864063.groovy:66)
	... 13 more
)
[[ATTACHMENT|C:\\Users\\LENOVO\\Katalon Studio\\Avangard\\Reports\\20220414_155908\\\u0418\u0433\u0440\u043E\u043A\\20220414_155913\\1649941724926.png]]]]></system-out>
         <system-err><![CDATA[2022-04-14 16:07:47 - [TEST_CASE][FAILED] - Test Cases/Игрок/Отчеты психологического профиля: Test Cases/Игрок/Отчеты психологического профиля FAILED.
Reason:
com.kms.katalon.core.exception.StepFailedException: Unable to scroll to object 'Object Repository/Avangard New/Object (Игрок)/Case (Отчет психологического профиля)/xarakteristika'
	at com.kms.katalon.core.webui.keyword.internal.WebUIKeywordMain.stepFailed(WebUIKeywordMain.groovy:64)
	at com.kms.katalon.core.webui.keyword.internal.WebUIKeywordMain.runKeyword(WebUIKeywordMain.groovy:26)
	at com.kms.katalon.core.webui.keyword.builtin.ScrollToElementKeyword.scrollToElement(ScrollToElementKeyword.groovy:88)
	at com.kms.katalon.core.webui.keyword.builtin.ScrollToElementKeyword.execute(ScrollToElementKeyword.groovy:68)
	at com.kms.katalon.core.keyword.internal.KeywordExecutor.executeKeywordForPlatform(KeywordExecutor.groovy:74)
	at com.kms.katalon.core.webui.keyword.WebUiBuiltInKeywords.scrollToElement(WebUiBuiltInKeywords.groovy:4061)
	at com.kms.katalon.core.webui.keyword.WebUiBuiltInKeywords$scrollToElement$5.call(Unknown Source)
	at Отчеты психологического профиля.run(Отчеты психологического профиля:66)
	at com.kms.katalon.core.main.ScriptEngine.run(ScriptEngine.java:194)
	at com.kms.katalon.core.main.ScriptEngine.runScriptAsRawText(ScriptEngine.java:119)
	at com.kms.katalon.core.main.TestCaseExecutor.runScript(TestCaseExecutor.java:442)
	at com.kms.katalon.core.main.TestCaseExecutor.doExecute(TestCaseExecutor.java:433)
	at com.kms.katalon.core.main.TestCaseExecutor.processExecutionPhase(TestCaseExecutor.java:412)
	at com.kms.katalon.core.main.TestCaseExecutor.accessMainPhase(TestCaseExecutor.java:404)
	at com.kms.katalon.core.main.TestCaseExecutor.execute(TestCaseExecutor.java:281)
	at com.kms.katalon.core.main.TestSuiteExecutor.accessTestCaseMainPhase(TestSuiteExecutor.java:202)
	at com.kms.katalon.core.main.TestSuiteExecutor.accessTestSuiteMainPhase(TestSuiteExecutor.java:164)
	at com.kms.katalon.core.main.TestSuiteExecutor.execute(TestSuiteExecutor.java:105)
	at com.kms.katalon.core.main.TestCaseMain.startTestSuite(TestCaseMain.java:185)
	at com.kms.katalon.core.main.TestCaseMain$startTestSuite$0.call(Unknown Source)
	at TempTestSuite1649941153936.run(TempTestSuite1649941153936.groovy:36)
Caused by: com.kms.katalon.core.webui.exception.WebElementNotFoundException: Web element with id: 'Object Repository/Avangard New/Object (Игрок)/Case (Отчет психологического профиля)/xarakteristika' located by '//*/text()[normalize-space(.)='Экстраверсия']/parent::*' not found
	at com.kms.katalon.core.webui.common.WebUiCommonHelper.findWebElement(WebUiCommonHelper.java:1370)
	at com.kms.katalon.core.webui.keyword.internal.WebUIAbstractKeyword.findWebElement(WebUIAbstractKeyword.groovy:27)
	at com.kms.katalon.core.webui.keyword.internal.WebUIAbstractKeyword.findWebElement(WebUIAbstractKeyword.groovy:26)
	at com.kms.katalon.core.webui.keyword.builtin.ScrollToElementKeyword$_scrollToElement_closure1.doCall(ScrollToElementKeyword.groovy:79)
	at com.kms.katalon.core.webui.keyword.builtin.ScrollToElementKeyword$_scrollToElement_closure1.call(ScrollToElementKeyword.groovy)
	at com.kms.katalon.core.webui.keyword.internal.WebUIKeywordMain.runKeyword(WebUIKeywordMain.groovy:20)
	... 19 more]]></system-err>
      </testcase>
      <system-out><![CDATA[2022-04-14 16:06:56 - [TEST_SUITE][FAILED] - Игрок: Test Cases/Игрок/Отчеты психологического профиля FAILED.
Reason:
com.kms.katalon.core.exception.StepFailedException: Unable to scroll to object 'Object Repository/Avangard New/Object (Игрок)/Case (Отчет психологического профиля)/xarakteristika'
	at com.kms.katalon.core.webui.keyword.internal.WebUIKeywordMain.stepFailed(WebUIKeywordMain.groovy:64)
	at com.kms.katalon.core.webui.keyword.internal.WebUIKeywordMain.runKeyword(WebUIKeywordMain.groovy:26)
	at com.kms.katalon.core.webui.keyword.builtin.ScrollToElementKeyword.scrollToElement(ScrollToElementKeyword.groovy:88)
	at com.kms.katalon.core.webui.keyword.builtin.ScrollToElementKeyword.execute(ScrollToElementKeyword.groovy:68)
	at com.kms.katalon.core.keyword.internal.KeywordExecutor.executeKeywordForPlatform(KeywordExecutor.groovy:74)
	at com.kms.katalon.core.webui.keyword.WebUiBuiltInKeywords.scrollToElement(WebUiBuiltInKeywords.groovy:4061)
	at com.kms.katalon.core.webui.keyword.WebUiBuiltInKeywords$scrollToElement$5.call(Unknown Source)
	at Отчеты психологического профиля.run(Отчеты психологического профиля:66)
	at com.kms.katalon.core.main.ScriptEngine.run(ScriptEngine.java:194)
	at com.kms.katalon.core.main.ScriptEngine.runScriptAsRawText(ScriptEngine.java:119)
	at com.kms.katalon.core.main.TestCaseExecutor.runScript(TestCaseExecutor.java:442)
	at com.kms.katalon.core.main.TestCaseExecutor.doExecute(TestCaseExecutor.java:433)
	at com.kms.katalon.core.main.TestCaseExecutor.processExecutionPhase(TestCaseExecutor.java:412)
	at com.kms.katalon.core.main.TestCaseExecutor.accessMainPhase(TestCaseExecutor.java:404)
	at com.kms.katalon.core.main.TestCaseExecutor.execute(TestCaseExecutor.java:281)
	at com.kms.katalon.core.main.TestSuiteExecutor.accessTestCaseMainPhase(TestSuiteExecutor.java:202)
	at com.kms.katalon.core.main.TestSuiteExecutor.accessTestSuiteMainPhase(TestSuiteExecutor.java:164)
	at com.kms.katalon.core.main.TestSuiteExecutor.execute(TestSuiteExecutor.java:105)
	at com.kms.katalon.core.main.TestCaseMain.startTestSuite(TestCaseMain.java:185)
	at com.kms.katalon.core.main.TestCaseMain$startTestSuite$0.call(Unknown Source)
	at TempTestSuite1649941153936.run(TempTestSuite1649941153936.groovy:36)
Caused by: com.kms.katalon.core.webui.exception.WebElementNotFoundException: Web element with id: 'Object Repository/Avangard New/Object (Игрок)/Case (Отчет психологического профиля)/xarakteristika' located by '//*/text()[normalize-space(.)='Экстраверсия']/parent::*' not found
	at com.kms.katalon.core.webui.common.WebUiCommonHelper.findWebElement(WebUiCommonHelper.java:1370)
	at com.kms.katalon.core.webui.keyword.internal.WebUIAbstractKeyword.findWebElement(WebUIAbstractKeyword.groovy:27)
	at com.kms.katalon.core.webui.keyword.internal.WebUIAbstractKeyword.findWebElement(WebUIAbstractKeyword.groovy:26)
	at com.kms.katalon.core.webui.keyword.builtin.ScrollToElementKeyword$_scrollToElement_closure1.doCall(ScrollToElementKeyword.groovy:79)
	at com.kms.katalon.core.webui.keyword.builtin.ScrollToElementKeyword$_scrollToElement_closure1.call(ScrollToElementKeyword.groovy)
	at com.kms.katalon.core.webui.keyword.internal.WebUIKeywordMain.runKeyword(WebUIKeywordMain.groovy:20)
	... 19 more]]></system-out>
      <system-err><![CDATA[2022-04-14 16:06:56 - [TEST_SUITE][FAILED] - Игрок: Test Cases/Игрок/Отчеты психологического профиля FAILED.
Reason:
com.kms.katalon.core.exception.StepFailedException: Unable to scroll to object 'Object Repository/Avangard New/Object (Игрок)/Case (Отчет психологического профиля)/xarakteristika'
	at com.kms.katalon.core.webui.keyword.internal.WebUIKeywordMain.stepFailed(WebUIKeywordMain.groovy:64)
	at com.kms.katalon.core.webui.keyword.internal.WebUIKeywordMain.runKeyword(WebUIKeywordMain.groovy:26)
	at com.kms.katalon.core.webui.keyword.builtin.ScrollToElementKeyword.scrollToElement(ScrollToElementKeyword.groovy:88)
	at com.kms.katalon.core.webui.keyword.builtin.ScrollToElementKeyword.execute(ScrollToElementKeyword.groovy:68)
	at com.kms.katalon.core.keyword.internal.KeywordExecutor.executeKeywordForPlatform(KeywordExecutor.groovy:74)
	at com.kms.katalon.core.webui.keyword.WebUiBuiltInKeywords.scrollToElement(WebUiBuiltInKeywords.groovy:4061)
	at com.kms.katalon.core.webui.keyword.WebUiBuiltInKeywords$scrollToElement$5.call(Unknown Source)
	at Отчеты психологического профиля.run(Отчеты психологического профиля:66)
	at com.kms.katalon.core.main.ScriptEngine.run(ScriptEngine.java:194)
	at com.kms.katalon.core.main.ScriptEngine.runScriptAsRawText(ScriptEngine.java:119)
	at com.kms.katalon.core.main.TestCaseExecutor.runScript(TestCaseExecutor.java:442)
	at com.kms.katalon.core.main.TestCaseExecutor.doExecute(TestCaseExecutor.java:433)
	at com.kms.katalon.core.main.TestCaseExecutor.processExecutionPhase(TestCaseExecutor.java:412)
	at com.kms.katalon.core.main.TestCaseExecutor.accessMainPhase(TestCaseExecutor.java:404)
	at com.kms.katalon.core.main.TestCaseExecutor.execute(TestCaseExecutor.java:281)
	at com.kms.katalon.core.main.TestSuiteExecutor.accessTestCaseMainPhase(TestSuiteExecutor.java:202)
	at com.kms.katalon.core.main.TestSuiteExecutor.accessTestSuiteMainPhase(TestSuiteExecutor.java:164)
	at com.kms.katalon.core.main.TestSuiteExecutor.execute(TestSuiteExecutor.java:105)
	at com.kms.katalon.core.main.TestCaseMain.startTestSuite(TestCaseMain.java:185)
	at com.kms.katalon.core.main.TestCaseMain$startTestSuite$0.call(Unknown Source)
	at TempTestSuite1649941153936.run(TempTestSuite1649941153936.groovy:36)
Caused by: com.kms.katalon.core.webui.exception.WebElementNotFoundException: Web element with id: 'Object Repository/Avangard New/Object (Игрок)/Case (Отчет психологического профиля)/xarakteristika' located by '//*/text()[normalize-space(.)='Экстраверсия']/parent::*' not found
	at com.kms.katalon.core.webui.common.WebUiCommonHelper.findWebElement(WebUiCommonHelper.java:1370)
	at com.kms.katalon.core.webui.keyword.internal.WebUIAbstractKeyword.findWebElement(WebUIAbstractKeyword.groovy:27)
	at com.kms.katalon.core.webui.keyword.internal.WebUIAbstractKeyword.findWebElement(WebUIAbstractKeyword.groovy:26)
	at com.kms.katalon.core.webui.keyword.builtin.ScrollToElementKeyword$_scrollToElement_closure1.doCall(ScrollToElementKeyword.groovy:79)
	at com.kms.katalon.core.webui.keyword.builtin.ScrollToElementKeyword$_scrollToElement_closure1.call(ScrollToElementKeyword.groovy)
	at com.kms.katalon.core.webui.keyword.internal.WebUIKeywordMain.runKeyword(WebUIKeywordMain.groovy:20)
	... 19 more]]></system-err>
   </testsuite>
   <testsuite name="Менеждер" tests="7" failures="4" errors="0" time="379.831" skipped="0" timestamp="2022-04-14 16:09:02" hostname="LENOVO - DESKTOP-KNHN0AA" id="Test Suites/Менеждер">
      <properties>
         <property name="deviceName" value=""/>
         <property name="devicePlatform" value=""/>
         <property name="logFolder" value="C:\\Users\\LENOVO\\Katalon Studio\\Avangard\\Reports\\20220414_155908\\\u041C\u0435\u043D\u0435\u0436\u0434\u0435\u0440\\20220414_155915"/>
         <property name="logFiles" value="C:\\Users\\LENOVO\\Katalon Studio\\Avangard\\Reports\\20220414_155908\\\u041C\u0435\u043D\u0435\u0436\u0434\u0435\u0440\\20220414_155915\\execution0.log"/>
         <property name="attachments" value="C:\\Users\\LENOVO\\Katalon Studio\\Avangard\\Reports\\20220414_155908\\\u041C\u0435\u043D\u0435\u0436\u0434\u0435\u0440\\20220414_155915\\1649941750112.png, C:\\Users\\LENOVO\\Katalon Studio\\Avangard\\Reports\\20220414_155908\\\u041C\u0435\u043D\u0435\u0436\u0434\u0435\u0440\\20220414_155915\\1649941757315.png, C:\\Users\\LENOVO\\Katalon Studio\\Avangard\\Reports\\20220414_155908\\\u041C\u0435\u043D\u0435\u0436\u0434\u0435\u0440\\20220414_155915\\1649941764024.png, C:\\Users\\LENOVO\\Katalon Studio\\Avangard\\Reports\\20220414_155908\\\u041C\u0435\u043D\u0435\u0436\u0434\u0435\u0440\\20220414_155915\\1649941771825.png, C:\\Users\\LENOVO\\Katalon Studio\\Avangard\\Reports\\20220414_155908\\\u041C\u0435\u043D\u0435\u0436\u0434\u0435\u0440\\20220414_155915\\1649941779476.png, C:\\Users\\LENOVO\\Katalon Studio\\Avangard\\Reports\\20220414_155908\\\u041C\u0435\u043D\u0435\u0436\u0434\u0435\u0440\\20220414_155915\\1649941786067.png, C:\\Users\\LENOVO\\Katalon Studio\\Avangard\\Reports\\20220414_155908\\\u041C\u0435\u043D\u0435\u0436\u0434\u0435\u0440\\20220414_155915\\1649941793270.png, C:\\Users\\LENOVO\\Katalon Studio\\Avangard\\Reports\\20220414_155908\\\u041C\u0435\u043D\u0435\u0436\u0434\u0435\u0440\\20220414_155915\\1649941799769.png, C:\\Users\\LENOVO\\Katalon Studio\\Avangard\\Reports\\20220414_155908\\\u041C\u0435\u043D\u0435\u0436\u0434\u0435\u0440\\20220414_155915\\1649941806459.png, C:\\Users\\LENOVO\\Katalon Studio\\Avangard\\Reports\\20220414_155908\\\u041C\u0435\u043D\u0435\u0436\u0434\u0435\u0440\\20220414_155915\\1649941814245.png, C:\\Users\\LENOVO\\Katalon Studio\\Avangard\\Reports\\20220414_155908\\\u041C\u0435\u043D\u0435\u0436\u0434\u0435\u0440\\20220414_155915\\1649941821679.png, C:\\Users\\LENOVO\\Katalon Studio\\Avangard\\Reports\\20220414_155908\\\u041C\u0435\u043D\u0435\u0436\u0434\u0435\u0440\\20220414_155915\\1649941828242.png, C:\\Users\\LENOVO\\Katalon Studio\\Avangard\\Reports\\20220414_155908\\\u041C\u0435\u043D\u0435\u0436\u0434\u0435\u0440\\20220414_155915\\1649941908117.png, C:\\Users\\LENOVO\\Katalon Studio\\Avangard\\Reports\\20220414_155908\\\u041C\u0435\u043D\u0435\u0436\u0434\u0435\u0440\\20220414_155915\\1649941957780.png, C:\\Users\\LENOVO\\Katalon Studio\\Avangard\\Reports\\20220414_155908\\\u041C\u0435\u043D\u0435\u0436\u0434\u0435\u0440\\20220414_155915\\1649942007161.png, C:\\Users\\LENOVO\\Katalon Studio\\Avangard\\Reports\\20220414_155908\\\u041C\u0435\u043D\u0435\u0436\u0434\u0435\u0440\\20220414_155915\\1649942056522.png, C:\\Users\\LENOVO\\Katalon Studio\\Avangard\\Reports\\20220414_155908\\\u041C\u0435\u043D\u0435\u0436\u0434\u0435\u0440\\20220414_155915\\1649942072265.png"/>
         <property name="hostName" value="LENOVO - DESKTOP-KNHN0AA"/>
         <property name="os" value="Windows 10 64bit"/>
         <property name="katalonVersion" value="8.2.5.208"/>
         <property name="browser" value="Chrome 100.0.4896.75"/>
         <property name="hostAddress" value="192.168.0.11"/>
         <property name="sessionId" value="f6c478df51554ff3736aa9b802d4f133"/>
         <property name="seleniumVersion" value="3.141.59"/>
         <property name="proxyInformation" value="ProxyInformation { proxyOption=NO_PROXY, proxyServerType=HTTP, username=, password=********, proxyServerAddress=, proxyServerPort=0, executionList=&quot;&quot;, isApplyToDesiredCapabilities=true }"/>
         <property name="platform" value="Windows 10"/>
      </properties>
      <testcase name="Test Cases/Менеджер/Авторизация" time="7.742" classname="Test Cases/Менеджер/Авторизация" status="FAILED">
         <failure type="FAILED" message="Test Cases/Менеджер/Авторизация FAILED.
Reason:
com.kms.katalon.core.exception.StepFailedException: Unable to set text 'null' of object 'Object Repository/Page_/input__sc-lnrBVv eqPACj'
	at com.kms.katalon.core.webui.keyword.internal.WebUIKeywordMain.stepFailed(WebUIKeywordMain.groovy:64)
	at com.kms.katalon.core.webui.keyword.internal.WebUIKeywordMain.runKeyword(WebUIKeywordMain.groovy:26)
	at com.kms.katalon.core.webui.keyword.builtin.SetTextKeyword.setText(SetTextKeyword.groovy:66)
	at com.kms.katalon.core.webui.keyword.builtin.SetTextKeyword.execute(SetTextKeyword.groovy:37)
	at com.kms.katalon.core.keyword.internal.KeywordExecutor.executeKeywordForPlatform(KeywordExecutor.groovy:74)
	at com.kms.katalon.core.webui.keyword.WebUiBuiltInKeywords.setText(WebUiBuiltInKeywords.groovy:980)
	at com.kms.katalon.core.webui.keyword.WebUiBuiltInKeywords$setText$2.call(Unknown Source)
	at Авторизация.run(Авторизация:29)
	at com.kms.katalon.core.main.ScriptEngine.run(ScriptEngine.java:194)
	at com.kms.katalon.core.main.ScriptEngine.runScriptAsRawText(ScriptEngine.java:119)
	at com.kms.katalon.core.main.TestCaseExecutor.runScript(TestCaseExecutor.java:442)
	at com.kms.katalon.core.main.TestCaseExecutor.doExecute(TestCaseExecutor.java:433)
	at com.kms.katalon.core.main.TestCaseExecutor.processExecutionPhase(TestCaseExecutor.java:412)
	at com.kms.katalon.core.main.TestCaseExecutor.accessMainPhase(TestCaseExecutor.java:404)
	at com.kms.katalon.core.main.TestCaseExecutor.execute(TestCaseExecutor.java:281)
	at com.kms.katalon.core.main.TestCaseExecutor.execute(TestCaseExecutor.java:363)
	at com.kms.katalon.core.main.TestCaseExecutor.execute(TestCaseExecutor.java:363)
	at com.kms.katalon.core.main.TestCaseExecutor.execute(TestCaseExecutor.java:363)
	at com.kms.katalon.core.main.TestSuiteExecutor.accessTestCaseMainPhase(TestSuiteExecutor.java:202)
	at com.kms.katalon.core.main.TestSuiteExecutor.accessTestSuiteMainPhase(TestSuiteExecutor.java:164)
	at com.kms.katalon.core.main.TestSuiteExecutor.execute(TestSuiteExecutor.java:105)
	at com.kms.katalon.core.main.TestCaseMain.startTestSuite(TestCaseMain.java:185)
	at com.kms.katalon.core.main.TestCaseMain$startTestSuite$0.call(Unknown Source)
	at TempTestSuite1649941155960.run(TempTestSuite1649941155960.groovy:36)
Caused by: java.lang.IllegalArgumentException: Text is null
	at com.kms.katalon.core.webui.keyword.builtin.SetTextKeyword$_setText_closure1.doCall(SetTextKeyword.groovy:48)
	at com.kms.katalon.core.webui.keyword.builtin.SetTextKeyword$_setText_closure1.call(SetTextKeyword.groovy)
	at com.kms.katalon.core.webui.keyword.internal.WebUIKeywordMain.runKeyword(WebUIKeywordMain.groovy:20)
	... 22 more
"/>
         <system-out><![CDATA[2022-04-14 16:09:24 - [TEST_CASE][FAILED] - Test Cases/Менеджер/Авторизация: Test Cases/Менеджер/Авторизация FAILED.
Reason:
com.kms.katalon.core.exception.StepFailedException: Unable to set text 'null' of object 'Object Repository/Page_/input__sc-lnrBVv eqPACj'
	at com.kms.katalon.core.webui.keyword.internal.WebUIKeywordMain.stepFailed(WebUIKeywordMain.groovy:64)
	at com.kms.katalon.core.webui.keyword.internal.WebUIKeywordMain.runKeyword(WebUIKeywordMain.groovy:26)
	at com.kms.katalon.core.webui.keyword.builtin.SetTextKeyword.setText(SetTextKeyword.groovy:66)
	at com.kms.katalon.core.webui.keyword.builtin.SetTextKeyword.execute(SetTextKeyword.groovy:37)
	at com.kms.katalon.core.keyword.internal.KeywordExecutor.executeKeywordForPlatform(KeywordExecutor.groovy:74)
	at com.kms.katalon.core.webui.keyword.WebUiBuiltInKeywords.setText(WebUiBuiltInKeywords.groovy:980)
	at com.kms.katalon.core.webui.keyword.WebUiBuiltInKeywords$setText$2.call(Unknown Source)
	at Авторизация.run(Авторизация:29)
	at com.kms.katalon.core.main.ScriptEngine.run(ScriptEngine.java:194)
	at com.kms.katalon.core.main.ScriptEngine.runScriptAsRawText(ScriptEngine.java:119)
	at com.kms.katalon.core.main.TestCaseExecutor.runScript(TestCaseExecutor.java:442)
	at com.kms.katalon.core.main.TestCaseExecutor.doExecute(TestCaseExecutor.java:433)
	at com.kms.katalon.core.main.TestCaseExecutor.processExecutionPhase(TestCaseExecutor.java:412)
	at com.kms.katalon.core.main.TestCaseExecutor.accessMainPhase(TestCaseExecutor.java:404)
	at com.kms.katalon.core.main.TestCaseExecutor.execute(TestCaseExecutor.java:281)
	at com.kms.katalon.core.main.TestCaseExecutor.execute(TestCaseExecutor.java:363)
	at com.kms.katalon.core.main.TestCaseExecutor.execute(TestCaseExecutor.java:363)
	at com.kms.katalon.core.main.TestCaseExecutor.execute(TestCaseExecutor.java:363)
	at com.kms.katalon.core.main.TestSuiteExecutor.accessTestCaseMainPhase(TestSuiteExecutor.java:202)
	at com.kms.katalon.core.main.TestSuiteExecutor.accessTestSuiteMainPhase(TestSuiteExecutor.java:164)
	at com.kms.katalon.core.main.TestSuiteExecutor.execute(TestSuiteExecutor.java:105)
	at com.kms.katalon.core.main.TestCaseMain.startTestSuite(TestCaseMain.java:185)
	at com.kms.katalon.core.main.TestCaseMain$startTestSuite$0.call(Unknown Source)
	at TempTestSuite1649941155960.run(TempTestSuite1649941155960.groovy:36)
Caused by: java.lang.IllegalArgumentException: Text is null
	at com.kms.katalon.core.webui.keyword.builtin.SetTextKeyword$_setText_closure1.doCall(SetTextKeyword.groovy:48)
	at com.kms.katalon.core.webui.keyword.builtin.SetTextKeyword$_setText_closure1.call(SetTextKeyword.groovy)
	at com.kms.katalon.core.webui.keyword.internal.WebUIKeywordMain.runKeyword(WebUIKeywordMain.groovy:20)
	... 22 more


2022-04-14 16:09:24 - [TEST_STEP][PASSED] - openBrowser(""): Browser is opened with url: ''

2022-04-14 16:09:24 - [MESSAGE][WARNING] - A browser is already opened. Closing browser and opening a new one

2022-04-14 16:09:25 - [MESSAGE][INFO] - Starting 'Chrome' driver

2022-04-14 16:09:25 - [MESSAGE][INFO] - Action delay is set to 100 milliseconds

2022-04-14 16:09:26 - [MESSAGE][PASSED] - Browser is opened with url: ''

2022-04-14 16:09:26 - [TEST_STEP][PASSED] - maximizeWindow(): Current window maximized

2022-04-14 16:09:26 - [MESSAGE][PASSED] - Current window maximized

2022-04-14 16:09:26 - [TEST_STEP][PASSED] - navigateToUrl(url): Navigate to 'https://stars-stage.hawk.ru:8080' successfully

2022-04-14 16:09:31 - [MESSAGE][PASSED] - Navigate to 'https://stars-stage.hawk.ru:8080' successfully

2022-04-14 16:09:31 - [TEST_STEP][FAILED] - setText(findTestObject("Object Repository/Page_/input__sc-lnrBVv eqPACj"), manager_login): Unable to set text 'null' of object 'Object Repository/Page_/input__sc-lnrBVv eqPACj' (Root cause: com.kms.katalon.core.exception.StepFailedException: Unable to set text 'null' of object 'Object Repository/Page_/input__sc-lnrBVv eqPACj'
	at com.kms.katalon.core.webui.keyword.internal.WebUIKeywordMain.stepFailed(WebUIKeywordMain.groovy:64)
	at com.kms.katalon.core.webui.keyword.internal.WebUIKeywordMain.runKeyword(WebUIKeywordMain.groovy:26)
	at com.kms.katalon.core.webui.keyword.builtin.SetTextKeyword.setText(SetTextKeyword.groovy:66)
	at com.kms.katalon.core.webui.keyword.builtin.SetTextKeyword.execute(SetTextKeyword.groovy:37)
	at com.kms.katalon.core.keyword.internal.KeywordExecutor.executeKeywordForPlatform(KeywordExecutor.groovy:74)
	at com.kms.katalon.core.webui.keyword.WebUiBuiltInKeywords.setText(WebUiBuiltInKeywords.groovy:980)
	at com.kms.katalon.core.webui.keyword.WebUiBuiltInKeywords$setText$2.call(Unknown Source)
	at Авторизация.run(Авторизация:29)
	at com.kms.katalon.core.main.ScriptEngine.run(ScriptEngine.java:194)
	at com.kms.katalon.core.main.ScriptEngine.runScriptAsRawText(ScriptEngine.java:119)
	at com.kms.katalon.core.main.TestCaseExecutor.runScript(TestCaseExecutor.java:442)
	at com.kms.katalon.core.main.TestCaseExecutor.doExecute(TestCaseExecutor.java:433)
	at com.kms.katalon.core.main.TestCaseExecutor.processExecutionPhase(TestCaseExecutor.java:412)
	at com.kms.katalon.core.main.TestCaseExecutor.accessMainPhase(TestCaseExecutor.java:404)
	at com.kms.katalon.core.main.TestCaseExecutor.execute(TestCaseExecutor.java:281)
	at com.kms.katalon.core.main.TestCaseExecutor.execute(TestCaseExecutor.java:363)
	at com.kms.katalon.core.main.TestCaseExecutor.execute(TestCaseExecutor.java:363)
	at com.kms.katalon.core.main.TestCaseExecutor.execute(TestCaseExecutor.java:363)
	at com.kms.katalon.core.main.TestSuiteExecutor.accessTestCaseMainPhase(TestSuiteExecutor.java:202)
	at com.kms.katalon.core.main.TestSuiteExecutor.accessTestSuiteMainPhase(TestSuiteExecutor.java:164)
	at com.kms.katalon.core.main.TestSuiteExecutor.execute(TestSuiteExecutor.java:105)
	at com.kms.katalon.core.main.TestCaseMain.startTestSuite(TestCaseMain.java:185)
	at com.kms.katalon.core.main.TestCaseMain$startTestSuite$0.call(Unknown Source)
	at TempTestSuite1649941155960.run(TempTestSuite1649941155960.groovy:36)
Caused by: java.lang.IllegalArgumentException: Text is null
	at com.kms.katalon.core.webui.keyword.builtin.SetTextKeyword$_setText_closure1.doCall(SetTextKeyword.groovy:48)
	at com.kms.katalon.core.webui.keyword.builtin.SetTextKeyword$_setText_closure1.call(SetTextKeyword.groovy)
	at com.kms.katalon.core.webui.keyword.internal.WebUIKeywordMain.runKeyword(WebUIKeywordMain.groovy:20)
	at com.kms.katalon.core.webui.keyword.builtin.SetTextKeyword.setText(SetTextKeyword.groovy:66)
	at com.kms.katalon.core.webui.keyword.builtin.SetTextKeyword.execute(SetTextKeyword.groovy:37)
	at com.kms.katalon.core.keyword.internal.KeywordExecutor.executeKeywordForPlatform(KeywordExecutor.groovy:74)
	at com.kms.katalon.core.webui.keyword.WebUiBuiltInKeywords.setText(WebUiBuiltInKeywords.groovy:980)
	at com.kms.katalon.core.webui.keyword.WebUiBuiltInKeywords$setText$2.call(Unknown Source)
	at Script1649230872447.run(Script1649230872447.groovy:29)
	... 16 more
)

2022-04-14 16:09:32 - [MESSAGE][FAILED] - Unable to set text 'null' of object 'Object Repository/Page_/input__sc-lnrBVv eqPACj' (Root cause: com.kms.katalon.core.exception.StepFailedException: Unable to set text 'null' of object 'Object Repository/Page_/input__sc-lnrBVv eqPACj'
	at com.kms.katalon.core.webui.keyword.internal.WebUIKeywordMain.stepFailed(WebUIKeywordMain.groovy:64)
	at com.kms.katalon.core.webui.keyword.internal.WebUIKeywordMain.runKeyword(WebUIKeywordMain.groovy:26)
	at com.kms.katalon.core.webui.keyword.builtin.SetTextKeyword.setText(SetTextKeyword.groovy:66)
	at com.kms.katalon.core.webui.keyword.builtin.SetTextKeyword.execute(SetTextKeyword.groovy:37)
	at com.kms.katalon.core.keyword.internal.KeywordExecutor.executeKeywordForPlatform(KeywordExecutor.groovy:74)
	at com.kms.katalon.core.webui.keyword.WebUiBuiltInKeywords.setText(WebUiBuiltInKeywords.groovy:980)
	at com.kms.katalon.core.webui.keyword.WebUiBuiltInKeywords$setText$2.call(Unknown Source)
	at Авторизация.run(Авторизация:29)
	at com.kms.katalon.core.main.ScriptEngine.run(ScriptEngine.java:194)
	at com.kms.katalon.core.main.ScriptEngine.runScriptAsRawText(ScriptEngine.java:119)
	at com.kms.katalon.core.main.TestCaseExecutor.runScript(TestCaseExecutor.java:442)
	at com.kms.katalon.core.main.TestCaseExecutor.doExecute(TestCaseExecutor.java:433)
	at com.kms.katalon.core.main.TestCaseExecutor.processExecutionPhase(TestCaseExecutor.java:412)
	at com.kms.katalon.core.main.TestCaseExecutor.accessMainPhase(TestCaseExecutor.java:404)
	at com.kms.katalon.core.main.TestCaseExecutor.execute(TestCaseExecutor.java:281)
	at com.kms.katalon.core.main.TestCaseExecutor.execute(TestCaseExecutor.java:363)
	at com.kms.katalon.core.main.TestCaseExecutor.execute(TestCaseExecutor.java:363)
	at com.kms.katalon.core.main.TestCaseExecutor.execute(TestCaseExecutor.java:363)
	at com.kms.katalon.core.main.TestSuiteExecutor.accessTestCaseMainPhase(TestSuiteExecutor.java:202)
	at com.kms.katalon.core.main.TestSuiteExecutor.accessTestSuiteMainPhase(TestSuiteExecutor.java:164)
	at com.kms.katalon.core.main.TestSuiteExecutor.execute(TestSuiteExecutor.java:105)
	at com.kms.katalon.core.main.TestCaseMain.startTestSuite(TestCaseMain.java:185)
	at com.kms.katalon.core.main.TestCaseMain$startTestSuite$0.call(Unknown Source)
	at TempTestSuite1649941155960.run(TempTestSuite1649941155960.groovy:36)
Caused by: java.lang.IllegalArgumentException: Text is null
	at com.kms.katalon.core.webui.keyword.builtin.SetTextKeyword$_setText_closure1.doCall(SetTextKeyword.groovy:48)
	at com.kms.katalon.core.webui.keyword.builtin.SetTextKeyword$_setText_closure1.call(SetTextKeyword.groovy)
	at com.kms.katalon.core.webui.keyword.internal.WebUIKeywordMain.runKeyword(WebUIKeywordMain.groovy:20)
	at com.kms.katalon.core.webui.keyword.builtin.SetTextKeyword.setText(SetTextKeyword.groovy:66)
	at com.kms.katalon.core.webui.keyword.builtin.SetTextKeyword.execute(SetTextKeyword.groovy:37)
	at com.kms.katalon.core.keyword.internal.KeywordExecutor.executeKeywordForPlatform(KeywordExecutor.groovy:74)
	at com.kms.katalon.core.webui.keyword.WebUiBuiltInKeywords.setText(WebUiBuiltInKeywords.groovy:980)
	at com.kms.katalon.core.webui.keyword.WebUiBuiltInKeywords$setText$2.call(Unknown Source)
	at Script1649230872447.run(Script1649230872447.groovy:29)
	... 16 more
)
[[ATTACHMENT|C:\\Users\\LENOVO\\Katalon Studio\\Avangard\\Reports\\20220414_155908\\\u041C\u0435\u043D\u0435\u0436\u0434\u0435\u0440\\20220414_155915\\1649941771825.png]]]]></system-out>
         <system-err><![CDATA[2022-04-14 16:09:24 - [TEST_CASE][FAILED] - Test Cases/Менеджер/Авторизация: Test Cases/Менеджер/Авторизация FAILED.
Reason:
com.kms.katalon.core.exception.StepFailedException: Unable to set text 'null' of object 'Object Repository/Page_/input__sc-lnrBVv eqPACj'
	at com.kms.katalon.core.webui.keyword.internal.WebUIKeywordMain.stepFailed(WebUIKeywordMain.groovy:64)
	at com.kms.katalon.core.webui.keyword.internal.WebUIKeywordMain.runKeyword(WebUIKeywordMain.groovy:26)
	at com.kms.katalon.core.webui.keyword.builtin.SetTextKeyword.setText(SetTextKeyword.groovy:66)
	at com.kms.katalon.core.webui.keyword.builtin.SetTextKeyword.execute(SetTextKeyword.groovy:37)
	at com.kms.katalon.core.keyword.internal.KeywordExecutor.executeKeywordForPlatform(KeywordExecutor.groovy:74)
	at com.kms.katalon.core.webui.keyword.WebUiBuiltInKeywords.setText(WebUiBuiltInKeywords.groovy:980)
	at com.kms.katalon.core.webui.keyword.WebUiBuiltInKeywords$setText$2.call(Unknown Source)
	at Авторизация.run(Авторизация:29)
	at com.kms.katalon.core.main.ScriptEngine.run(ScriptEngine.java:194)
	at com.kms.katalon.core.main.ScriptEngine.runScriptAsRawText(ScriptEngine.java:119)
	at com.kms.katalon.core.main.TestCaseExecutor.runScript(TestCaseExecutor.java:442)
	at com.kms.katalon.core.main.TestCaseExecutor.doExecute(TestCaseExecutor.java:433)
	at com.kms.katalon.core.main.TestCaseExecutor.processExecutionPhase(TestCaseExecutor.java:412)
	at com.kms.katalon.core.main.TestCaseExecutor.accessMainPhase(TestCaseExecutor.java:404)
	at com.kms.katalon.core.main.TestCaseExecutor.execute(TestCaseExecutor.java:281)
	at com.kms.katalon.core.main.TestCaseExecutor.execute(TestCaseExecutor.java:363)
	at com.kms.katalon.core.main.TestCaseExecutor.execute(TestCaseExecutor.java:363)
	at com.kms.katalon.core.main.TestCaseExecutor.execute(TestCaseExecutor.java:363)
	at com.kms.katalon.core.main.TestSuiteExecutor.accessTestCaseMainPhase(TestSuiteExecutor.java:202)
	at com.kms.katalon.core.main.TestSuiteExecutor.accessTestSuiteMainPhase(TestSuiteExecutor.java:164)
	at com.kms.katalon.core.main.TestSuiteExecutor.execute(TestSuiteExecutor.java:105)
	at com.kms.katalon.core.main.TestCaseMain.startTestSuite(TestCaseMain.java:185)
	at com.kms.katalon.core.main.TestCaseMain$startTestSuite$0.call(Unknown Source)
	at TempTestSuite1649941155960.run(TempTestSuite1649941155960.groovy:36)
Caused by: java.lang.IllegalArgumentException: Text is null
	at com.kms.katalon.core.webui.keyword.builtin.SetTextKeyword$_setText_closure1.doCall(SetTextKeyword.groovy:48)
	at com.kms.katalon.core.webui.keyword.builtin.SetTextKeyword$_setText_closure1.call(SetTextKeyword.groovy)
	at com.kms.katalon.core.webui.keyword.internal.WebUIKeywordMain.runKeyword(WebUIKeywordMain.groovy:20)
	... 22 more]]></system-err>
      </testcase>
      <testcase name="Test Cases/Менеджер/Профиль Менеджера" time="6.466" classname="Test Cases/Менеджер/Профиль Менеджера" status="FAILED">
         <failure type="FAILED" message="Test Cases/Менеджер/Профиль Менеджера FAILED.
Reason:
com.kms.katalon.core.exception.StepFailedException: Call Test Case 'Test Cases/Менеджер/Авторизация' failed
	at com.kms.katalon.core.keyword.builtin.CallTestCaseKeyword$_callTestCase_closure1.doCall(CallTestCaseKeyword.groovy:63)
	at com.kms.katalon.core.keyword.builtin.CallTestCaseKeyword$_callTestCase_closure1.call(CallTestCaseKeyword.groovy)
	at com.kms.katalon.core.keyword.internal.KeywordMain.runKeyword(KeywordMain.groovy:74)
	at com.kms.katalon.core.keyword.builtin.CallTestCaseKeyword.callTestCase(CallTestCaseKeyword.groovy:81)
	at com.kms.katalon.core.keyword.builtin.CallTestCaseKeyword.execute(CallTestCaseKeyword.groovy:44)
	at com.kms.katalon.core.keyword.internal.KeywordExecutor.executeKeywordForPlatform(KeywordExecutor.groovy:74)
	at com.kms.katalon.core.keyword.BuiltinKeywords.callTestCase(BuiltinKeywords.groovy:334)
	at Профиль Менеджера.run(Профиль Менеджера:20)
	at com.kms.katalon.core.main.ScriptEngine.run(ScriptEngine.java:194)
	at com.kms.katalon.core.main.ScriptEngine.runScriptAsRawText(ScriptEngine.java:119)
	at com.kms.katalon.core.main.TestCaseExecutor.runScript(TestCaseExecutor.java:442)
	at com.kms.katalon.core.main.TestCaseExecutor.doExecute(TestCaseExecutor.java:433)
	at com.kms.katalon.core.main.TestCaseExecutor.processExecutionPhase(TestCaseExecutor.java:412)
	at com.kms.katalon.core.main.TestCaseExecutor.accessMainPhase(TestCaseExecutor.java:404)
	at com.kms.katalon.core.main.TestCaseExecutor.execute(TestCaseExecutor.java:281)
	at com.kms.katalon.core.main.TestCaseExecutor.execute(TestCaseExecutor.java:363)
	at com.kms.katalon.core.main.TestCaseExecutor.execute(TestCaseExecutor.java:363)
	at com.kms.katalon.core.main.TestCaseExecutor.execute(TestCaseExecutor.java:363)
	at com.kms.katalon.core.main.TestSuiteExecutor.accessTestCaseMainPhase(TestSuiteExecutor.java:202)
	at com.kms.katalon.core.main.TestSuiteExecutor.accessTestSuiteMainPhase(TestSuiteExecutor.java:164)
	at com.kms.katalon.core.main.TestSuiteExecutor.execute(TestSuiteExecutor.java:105)
	at com.kms.katalon.core.main.TestCaseMain.startTestSuite(TestCaseMain.java:185)
	at com.kms.katalon.core.main.TestCaseMain$startTestSuite$0.call(Unknown Source)
	at TempTestSuite1649941155960.run(TempTestSuite1649941155960.groovy:36)
Caused by: com.kms.katalon.core.exception.StepFailedException: Unable to set text 'null' of object 'Object Repository/Page_/input__sc-lnrBVv eqPACj'
	at com.kms.katalon.core.webui.keyword.internal.WebUIKeywordMain.stepFailed(WebUIKeywordMain.groovy:64)
	at com.kms.katalon.core.webui.keyword.internal.WebUIKeywordMain.runKeyword(WebUIKeywordMain.groovy:26)
	at com.kms.katalon.core.webui.keyword.builtin.SetTextKeyword.setText(SetTextKeyword.groovy:66)
	at com.kms.katalon.core.webui.keyword.builtin.SetTextKeyword.execute(SetTextKeyword.groovy:37)
	at com.kms.katalon.core.keyword.internal.KeywordExecutor.executeKeywordForPlatform(KeywordExecutor.groovy:74)
	at com.kms.katalon.core.webui.keyword.WebUiBuiltInKeywords.setText(WebUiBuiltInKeywords.groovy:980)
	at com.kms.katalon.core.webui.keyword.WebUiBuiltInKeywords$setText$2.call(Unknown Source)
	at Авторизация.run(Авторизация:29)
	at com.kms.katalon.core.main.ScriptEngine.run(ScriptEngine.java:194)
	at com.kms.katalon.core.main.ScriptEngine.runScriptAsRawText(ScriptEngine.java:119)
	at com.kms.katalon.core.main.TestCaseExecutor.runScript(TestCaseExecutor.java:442)
	at com.kms.katalon.core.main.TestCaseExecutor.doExecute(TestCaseExecutor.java:433)
	at com.kms.katalon.core.main.TestCaseExecutor.processExecutionPhase(TestCaseExecutor.java:412)
	at com.kms.katalon.core.main.TestCaseExecutor.accessMainPhase(TestCaseExecutor.java:404)
	at com.kms.katalon.core.main.TestCaseExecutor.execute(TestCaseExecutor.java:281)
	at com.kms.katalon.core.main.TestCaseMain.runTestCase(TestCaseMain.java:142)
	at com.kms.katalon.core.keyword.builtin.CallTestCaseKeyword$_callTestCase_closure1.doCall(CallTestCaseKeyword.groovy:59)
	... 23 more
Caused by: java.lang.IllegalArgumentException: Text is null
	at com.kms.katalon.core.webui.keyword.builtin.SetTextKeyword$_setText_closure1.doCall(SetTextKeyword.groovy:48)
	at com.kms.katalon.core.webui.keyword.builtin.SetTextKeyword$_setText_closure1.call(SetTextKeyword.groovy)
	at com.kms.katalon.core.webui.keyword.internal.WebUIKeywordMain.runKeyword(WebUIKeywordMain.groovy:20)
	... 38 more
"/>
         <system-out><![CDATA[2022-04-14 16:09:53 - [TEST_CASE][FAILED] - Test Cases/Менеджер/Профиль Менеджера: Test Cases/Менеджер/Профиль Менеджера FAILED.
Reason:
com.kms.katalon.core.exception.StepFailedException: Call Test Case 'Test Cases/Менеджер/Авторизация' failed
	at com.kms.katalon.core.keyword.builtin.CallTestCaseKeyword$_callTestCase_closure1.doCall(CallTestCaseKeyword.groovy:63)
	at com.kms.katalon.core.keyword.builtin.CallTestCaseKeyword$_callTestCase_closure1.call(CallTestCaseKeyword.groovy)
	at com.kms.katalon.core.keyword.internal.KeywordMain.runKeyword(KeywordMain.groovy:74)
	at com.kms.katalon.core.keyword.builtin.CallTestCaseKeyword.callTestCase(CallTestCaseKeyword.groovy:81)
	at com.kms.katalon.core.keyword.builtin.CallTestCaseKeyword.execute(CallTestCaseKeyword.groovy:44)
	at com.kms.katalon.core.keyword.internal.KeywordExecutor.executeKeywordForPlatform(KeywordExecutor.groovy:74)
	at com.kms.katalon.core.keyword.BuiltinKeywords.callTestCase(BuiltinKeywords.groovy:334)
	at Профиль Менеджера.run(Профиль Менеджера:20)
	at com.kms.katalon.core.main.ScriptEngine.run(ScriptEngine.java:194)
	at com.kms.katalon.core.main.ScriptEngine.runScriptAsRawText(ScriptEngine.java:119)
	at com.kms.katalon.core.main.TestCaseExecutor.runScript(TestCaseExecutor.java:442)
	at com.kms.katalon.core.main.TestCaseExecutor.doExecute(TestCaseExecutor.java:433)
	at com.kms.katalon.core.main.TestCaseExecutor.processExecutionPhase(TestCaseExecutor.java:412)
	at com.kms.katalon.core.main.TestCaseExecutor.accessMainPhase(TestCaseExecutor.java:404)
	at com.kms.katalon.core.main.TestCaseExecutor.execute(TestCaseExecutor.java:281)
	at com.kms.katalon.core.main.TestCaseExecutor.execute(TestCaseExecutor.java:363)
	at com.kms.katalon.core.main.TestCaseExecutor.execute(TestCaseExecutor.java:363)
	at com.kms.katalon.core.main.TestCaseExecutor.execute(TestCaseExecutor.java:363)
	at com.kms.katalon.core.main.TestSuiteExecutor.accessTestCaseMainPhase(TestSuiteExecutor.java:202)
	at com.kms.katalon.core.main.TestSuiteExecutor.accessTestSuiteMainPhase(TestSuiteExecutor.java:164)
	at com.kms.katalon.core.main.TestSuiteExecutor.execute(TestSuiteExecutor.java:105)
	at com.kms.katalon.core.main.TestCaseMain.startTestSuite(TestCaseMain.java:185)
	at com.kms.katalon.core.main.TestCaseMain$startTestSuite$0.call(Unknown Source)
	at TempTestSuite1649941155960.run(TempTestSuite1649941155960.groovy:36)
Caused by: com.kms.katalon.core.exception.StepFailedException: Unable to set text 'null' of object 'Object Repository/Page_/input__sc-lnrBVv eqPACj'
	at com.kms.katalon.core.webui.keyword.internal.WebUIKeywordMain.stepFailed(WebUIKeywordMain.groovy:64)
	at com.kms.katalon.core.webui.keyword.internal.WebUIKeywordMain.runKeyword(WebUIKeywordMain.groovy:26)
	at com.kms.katalon.core.webui.keyword.builtin.SetTextKeyword.setText(SetTextKeyword.groovy:66)
	at com.kms.katalon.core.webui.keyword.builtin.SetTextKeyword.execute(SetTextKeyword.groovy:37)
	at com.kms.katalon.core.keyword.internal.KeywordExecutor.executeKeywordForPlatform(KeywordExecutor.groovy:74)
	at com.kms.katalon.core.webui.keyword.WebUiBuiltInKeywords.setText(WebUiBuiltInKeywords.groovy:980)
	at com.kms.katalon.core.webui.keyword.WebUiBuiltInKeywords$setText$2.call(Unknown Source)
	at Авторизация.run(Авторизация:29)
	at com.kms.katalon.core.main.ScriptEngine.run(ScriptEngine.java:194)
	at com.kms.katalon.core.main.ScriptEngine.runScriptAsRawText(ScriptEngine.java:119)
	at com.kms.katalon.core.main.TestCaseExecutor.runScript(TestCaseExecutor.java:442)
	at com.kms.katalon.core.main.TestCaseExecutor.doExecute(TestCaseExecutor.java:433)
	at com.kms.katalon.core.main.TestCaseExecutor.processExecutionPhase(TestCaseExecutor.java:412)
	at com.kms.katalon.core.main.TestCaseExecutor.accessMainPhase(TestCaseExecutor.java:404)
	at com.kms.katalon.core.main.TestCaseExecutor.execute(TestCaseExecutor.java:281)
	at com.kms.katalon.core.main.TestCaseMain.runTestCase(TestCaseMain.java:142)
	at com.kms.katalon.core.keyword.builtin.CallTestCaseKeyword$_callTestCase_closure1.doCall(CallTestCaseKeyword.groovy:59)
	... 23 more
Caused by: java.lang.IllegalArgumentException: Text is null
	at com.kms.katalon.core.webui.keyword.builtin.SetTextKeyword$_setText_closure1.doCall(SetTextKeyword.groovy:48)
	at com.kms.katalon.core.webui.keyword.builtin.SetTextKeyword$_setText_closure1.call(SetTextKeyword.groovy)
	at com.kms.katalon.core.webui.keyword.internal.WebUIKeywordMain.runKeyword(WebUIKeywordMain.groovy:20)
	... 38 more


2022-04-14 16:09:53 - [TEST_STEP][FAILED] - callTestCase(findTestCase("Менеджер/Авторизация"), [:], STOP_ON_FAILURE): Unable to call Test Case 'Test Cases/Менеджер/Авторизация' (Root cause: com.kms.katalon.core.exception.StepFailedException: Call Test Case 'Test Cases/Менеджер/Авторизация' failed
	at com.kms.katalon.core.keyword.builtin.CallTestCaseKeyword$_callTestCase_closure1.doCall(CallTestCaseKeyword.groovy:63)
	at com.kms.katalon.core.keyword.builtin.CallTestCaseKeyword$_callTestCase_closure1.call(CallTestCaseKeyword.groovy)
	at com.kms.katalon.core.keyword.internal.KeywordMain.runKeyword(KeywordMain.groovy:74)
	at com.kms.katalon.core.keyword.builtin.CallTestCaseKeyword.callTestCase(CallTestCaseKeyword.groovy:81)
	at com.kms.katalon.core.keyword.builtin.CallTestCaseKeyword.execute(CallTestCaseKeyword.groovy:44)
	at com.kms.katalon.core.keyword.internal.KeywordExecutor.executeKeywordForPlatform(KeywordExecutor.groovy:74)
	at com.kms.katalon.core.keyword.BuiltinKeywords.callTestCase(BuiltinKeywords.groovy:334)
	at Профиль Менеджера.run(Профиль Менеджера:20)
	at com.kms.katalon.core.main.ScriptEngine.run(ScriptEngine.java:194)
	at com.kms.katalon.core.main.ScriptEngine.runScriptAsRawText(ScriptEngine.java:119)
	at com.kms.katalon.core.main.TestCaseExecutor.runScript(TestCaseExecutor.java:442)
	at com.kms.katalon.core.main.TestCaseExecutor.doExecute(TestCaseExecutor.java:433)
	at com.kms.katalon.core.main.TestCaseExecutor.processExecutionPhase(TestCaseExecutor.java:412)
	at com.kms.katalon.core.main.TestCaseExecutor.accessMainPhase(TestCaseExecutor.java:404)
	at com.kms.katalon.core.main.TestCaseExecutor.execute(TestCaseExecutor.java:281)
	at com.kms.katalon.core.main.TestCaseExecutor.execute(TestCaseExecutor.java:363)
	at com.kms.katalon.core.main.TestCaseExecutor.execute(TestCaseExecutor.java:363)
	at com.kms.katalon.core.main.TestCaseExecutor.execute(TestCaseExecutor.java:363)
	at com.kms.katalon.core.main.TestSuiteExecutor.accessTestCaseMainPhase(TestSuiteExecutor.java:202)
	at com.kms.katalon.core.main.TestSuiteExecutor.accessTestSuiteMainPhase(TestSuiteExecutor.java:164)
	at com.kms.katalon.core.main.TestSuiteExecutor.execute(TestSuiteExecutor.java:105)
	at com.kms.katalon.core.main.TestCaseMain.startTestSuite(TestCaseMain.java:185)
	at com.kms.katalon.core.main.TestCaseMain$startTestSuite$0.call(Unknown Source)
	at TempTestSuite1649941155960.run(TempTestSuite1649941155960.groovy:36)
Caused by: com.kms.katalon.core.exception.StepFailedException: Unable to set text 'null' of object 'Object Repository/Page_/input__sc-lnrBVv eqPACj'
	at com.kms.katalon.core.webui.keyword.internal.WebUIKeywordMain.stepFailed(WebUIKeywordMain.groovy:64)
	at com.kms.katalon.core.webui.keyword.internal.WebUIKeywordMain.runKeyword(WebUIKeywordMain.groovy:26)
	at com.kms.katalon.core.webui.keyword.builtin.SetTextKeyword.setText(SetTextKeyword.groovy:66)
	at com.kms.katalon.core.webui.keyword.builtin.SetTextKeyword.execute(SetTextKeyword.groovy:37)
	at com.kms.katalon.core.keyword.internal.KeywordExecutor.executeKeywordForPlatform(KeywordExecutor.groovy:74)
	at com.kms.katalon.core.webui.keyword.WebUiBuiltInKeywords.setText(WebUiBuiltInKeywords.groovy:980)
	at com.kms.katalon.core.webui.keyword.WebUiBuiltInKeywords$setText$2.call(Unknown Source)
	at Авторизация.run(Авторизация:29)
	at com.kms.katalon.core.main.ScriptEngine.run(ScriptEngine.java:194)
	at com.kms.katalon.core.main.ScriptEngine.runScriptAsRawText(ScriptEngine.java:119)
	at com.kms.katalon.core.main.TestCaseExecutor.runScript(TestCaseExecutor.java:442)
	at com.kms.katalon.core.main.TestCaseExecutor.doExecute(TestCaseExecutor.java:433)
	at com.kms.katalon.core.main.TestCaseExecutor.processExecutionPhase(TestCaseExecutor.java:412)
	at com.kms.katalon.core.main.TestCaseExecutor.accessMainPhase(TestCaseExecutor.java:404)
	at com.kms.katalon.core.main.TestCaseExecutor.execute(TestCaseExecutor.java:281)
	at com.kms.katalon.core.main.TestCaseMain.runTestCase(TestCaseMain.java:142)
	at com.kms.katalon.core.keyword.builtin.CallTestCaseKeyword$_callTestCase_closure1.doCall(CallTestCaseKeyword.groovy:59)
	... 23 more
Caused by: java.lang.IllegalArgumentException: Text is null
	at com.kms.katalon.core.webui.keyword.builtin.SetTextKeyword$_setText_closure1.doCall(SetTextKeyword.groovy:48)
	at com.kms.katalon.core.webui.keyword.builtin.SetTextKeyword$_setText_closure1.call(SetTextKeyword.groovy)
	at com.kms.katalon.core.webui.keyword.internal.WebUIKeywordMain.runKeyword(WebUIKeywordMain.groovy:20)
	... 38 more
)

2022-04-14 16:09:53 - [TEST_CASE][FAILED] - Test Cases/Менеджер/Авторизация: Test Cases/Менеджер/Авторизация FAILED.
Reason:
com.kms.katalon.core.exception.StepFailedException: Unable to set text 'null' of object 'Object Repository/Page_/input__sc-lnrBVv eqPACj'
	at com.kms.katalon.core.webui.keyword.internal.WebUIKeywordMain.stepFailed(WebUIKeywordMain.groovy:64)
	at com.kms.katalon.core.webui.keyword.internal.WebUIKeywordMain.runKeyword(WebUIKeywordMain.groovy:26)
	at com.kms.katalon.core.webui.keyword.builtin.SetTextKeyword.setText(SetTextKeyword.groovy:66)
	at com.kms.katalon.core.webui.keyword.builtin.SetTextKeyword.execute(SetTextKeyword.groovy:37)
	at com.kms.katalon.core.keyword.internal.KeywordExecutor.executeKeywordForPlatform(KeywordExecutor.groovy:74)
	at com.kms.katalon.core.webui.keyword.WebUiBuiltInKeywords.setText(WebUiBuiltInKeywords.groovy:980)
	at com.kms.katalon.core.webui.keyword.WebUiBuiltInKeywords$setText$2.call(Unknown Source)
	at Авторизация.run(Авторизация:29)
	at com.kms.katalon.core.main.ScriptEngine.run(ScriptEngine.java:194)
	at com.kms.katalon.core.main.ScriptEngine.runScriptAsRawText(ScriptEngine.java:119)
	at com.kms.katalon.core.main.TestCaseExecutor.runScript(TestCaseExecutor.java:442)
	at com.kms.katalon.core.main.TestCaseExecutor.doExecute(TestCaseExecutor.java:433)
	at com.kms.katalon.core.main.TestCaseExecutor.processExecutionPhase(TestCaseExecutor.java:412)
	at com.kms.katalon.core.main.TestCaseExecutor.accessMainPhase(TestCaseExecutor.java:404)
	at com.kms.katalon.core.main.TestCaseExecutor.execute(TestCaseExecutor.java:281)
	at com.kms.katalon.core.main.TestCaseMain.runTestCase(TestCaseMain.java:142)
	at com.kms.katalon.core.keyword.builtin.CallTestCaseKeyword$_callTestCase_closure1.doCall(CallTestCaseKeyword.groovy:59)
	at com.kms.katalon.core.keyword.builtin.CallTestCaseKeyword$_callTestCase_closure1.call(CallTestCaseKeyword.groovy)
	at com.kms.katalon.core.keyword.internal.KeywordMain.runKeyword(KeywordMain.groovy:74)
	at com.kms.katalon.core.keyword.builtin.CallTestCaseKeyword.callTestCase(CallTestCaseKeyword.groovy:81)
	at com.kms.katalon.core.keyword.builtin.CallTestCaseKeyword.execute(CallTestCaseKeyword.groovy:44)
	at com.kms.katalon.core.keyword.internal.KeywordExecutor.executeKeywordForPlatform(KeywordExecutor.groovy:74)
	at com.kms.katalon.core.keyword.BuiltinKeywords.callTestCase(BuiltinKeywords.groovy:334)
	at Профиль Менеджера.run(Профиль Менеджера:20)
	at com.kms.katalon.core.main.ScriptEngine.run(ScriptEngine.java:194)
	at com.kms.katalon.core.main.ScriptEngine.runScriptAsRawText(ScriptEngine.java:119)
	at com.kms.katalon.core.main.TestCaseExecutor.runScript(TestCaseExecutor.java:442)
	at com.kms.katalon.core.main.TestCaseExecutor.doExecute(TestCaseExecutor.java:433)
	at com.kms.katalon.core.main.TestCaseExecutor.processExecutionPhase(TestCaseExecutor.java:412)
	at com.kms.katalon.core.main.TestCaseExecutor.accessMainPhase(TestCaseExecutor.java:404)
	at com.kms.katalon.core.main.TestCaseExecutor.execute(TestCaseExecutor.java:281)
	at com.kms.katalon.core.main.TestCaseExecutor.execute(TestCaseExecutor.java:363)
	at com.kms.katalon.core.main.TestCaseExecutor.execute(TestCaseExecutor.java:363)
	at com.kms.katalon.core.main.TestCaseExecutor.execute(TestCaseExecutor.java:363)
	at com.kms.katalon.core.main.TestSuiteExecutor.accessTestCaseMainPhase(TestSuiteExecutor.java:202)
	at com.kms.katalon.core.main.TestSuiteExecutor.accessTestSuiteMainPhase(TestSuiteExecutor.java:164)
	at com.kms.katalon.core.main.TestSuiteExecutor.execute(TestSuiteExecutor.java:105)
	at com.kms.katalon.core.main.TestCaseMain.startTestSuite(TestCaseMain.java:185)
	at com.kms.katalon.core.main.TestCaseMain$startTestSuite$0.call(Unknown Source)
	at TempTestSuite1649941155960.run(TempTestSuite1649941155960.groovy:36)
Caused by: java.lang.IllegalArgumentException: Text is null
	at com.kms.katalon.core.webui.keyword.builtin.SetTextKeyword$_setText_closure1.doCall(SetTextKeyword.groovy:48)
	at com.kms.katalon.core.webui.keyword.builtin.SetTextKeyword$_setText_closure1.call(SetTextKeyword.groovy)
	at com.kms.katalon.core.webui.keyword.internal.WebUIKeywordMain.runKeyword(WebUIKeywordMain.groovy:20)
	... 38 more


2022-04-14 16:09:53 - [TEST_STEP][PASSED] - openBrowser(""): Browser is opened with url: ''

2022-04-14 16:09:53 - [MESSAGE][WARNING] - A browser is already opened. Closing browser and opening a new one

2022-04-14 16:09:54 - [MESSAGE][INFO] - Starting 'Chrome' driver

2022-04-14 16:09:54 - [MESSAGE][INFO] - Action delay is set to 100 milliseconds

2022-04-14 16:09:55 - [MESSAGE][PASSED] - Browser is opened with url: ''

2022-04-14 16:09:55 - [TEST_STEP][PASSED] - maximizeWindow(): Current window maximized

2022-04-14 16:09:55 - [MESSAGE][PASSED] - Current window maximized

2022-04-14 16:09:55 - [TEST_STEP][PASSED] - navigateToUrl(url): Navigate to 'https://stars-stage.hawk.ru:8080' successfully

2022-04-14 16:09:59 - [MESSAGE][PASSED] - Navigate to 'https://stars-stage.hawk.ru:8080' successfully

2022-04-14 16:09:59 - [TEST_STEP][FAILED] - setText(findTestObject("Object Repository/Page_/input__sc-lnrBVv eqPACj"), manager_login): Unable to set text 'null' of object 'Object Repository/Page_/input__sc-lnrBVv eqPACj' (Root cause: com.kms.katalon.core.exception.StepFailedException: Unable to set text 'null' of object 'Object Repository/Page_/input__sc-lnrBVv eqPACj'
	at com.kms.katalon.core.webui.keyword.internal.WebUIKeywordMain.stepFailed(WebUIKeywordMain.groovy:64)
	at com.kms.katalon.core.webui.keyword.internal.WebUIKeywordMain.runKeyword(WebUIKeywordMain.groovy:26)
	at com.kms.katalon.core.webui.keyword.builtin.SetTextKeyword.setText(SetTextKeyword.groovy:66)
	at com.kms.katalon.core.webui.keyword.builtin.SetTextKeyword.execute(SetTextKeyword.groovy:37)
	at com.kms.katalon.core.keyword.internal.KeywordExecutor.executeKeywordForPlatform(KeywordExecutor.groovy:74)
	at com.kms.katalon.core.webui.keyword.WebUiBuiltInKeywords.setText(WebUiBuiltInKeywords.groovy:980)
	at com.kms.katalon.core.webui.keyword.WebUiBuiltInKeywords$setText$2.call(Unknown Source)
	at Авторизация.run(Авторизация:29)
	at com.kms.katalon.core.main.ScriptEngine.run(ScriptEngine.java:194)
	at com.kms.katalon.core.main.ScriptEngine.runScriptAsRawText(ScriptEngine.java:119)
	at com.kms.katalon.core.main.TestCaseExecutor.runScript(TestCaseExecutor.java:442)
	at com.kms.katalon.core.main.TestCaseExecutor.doExecute(TestCaseExecutor.java:433)
	at com.kms.katalon.core.main.TestCaseExecutor.processExecutionPhase(TestCaseExecutor.java:412)
	at com.kms.katalon.core.main.TestCaseExecutor.accessMainPhase(TestCaseExecutor.java:404)
	at com.kms.katalon.core.main.TestCaseExecutor.execute(TestCaseExecutor.java:281)
	at com.kms.katalon.core.main.TestCaseMain.runTestCase(TestCaseMain.java:142)
	at com.kms.katalon.core.keyword.builtin.CallTestCaseKeyword$_callTestCase_closure1.doCall(CallTestCaseKeyword.groovy:59)
	at com.kms.katalon.core.keyword.builtin.CallTestCaseKeyword$_callTestCase_closure1.call(CallTestCaseKeyword.groovy)
	at com.kms.katalon.core.keyword.internal.KeywordMain.runKeyword(KeywordMain.groovy:74)
	at com.kms.katalon.core.keyword.builtin.CallTestCaseKeyword.callTestCase(CallTestCaseKeyword.groovy:81)
	at com.kms.katalon.core.keyword.builtin.CallTestCaseKeyword.execute(CallTestCaseKeyword.groovy:44)
	at com.kms.katalon.core.keyword.internal.KeywordExecutor.executeKeywordForPlatform(KeywordExecutor.groovy:74)
	at com.kms.katalon.core.keyword.BuiltinKeywords.callTestCase(BuiltinKeywords.groovy:334)
	at Профиль Менеджера.run(Профиль Менеджера:20)
	at com.kms.katalon.core.main.ScriptEngine.run(ScriptEngine.java:194)
	at com.kms.katalon.core.main.ScriptEngine.runScriptAsRawText(ScriptEngine.java:119)
	at com.kms.katalon.core.main.TestCaseExecutor.runScript(TestCaseExecutor.java:442)
	at com.kms.katalon.core.main.TestCaseExecutor.doExecute(TestCaseExecutor.java:433)
	at com.kms.katalon.core.main.TestCaseExecutor.processExecutionPhase(TestCaseExecutor.java:412)
	at com.kms.katalon.core.main.TestCaseExecutor.accessMainPhase(TestCaseExecutor.java:404)
	at com.kms.katalon.core.main.TestCaseExecutor.execute(TestCaseExecutor.java:281)
	at com.kms.katalon.core.main.TestCaseExecutor.execute(TestCaseExecutor.java:363)
	at com.kms.katalon.core.main.TestCaseExecutor.execute(TestCaseExecutor.java:363)
	at com.kms.katalon.core.main.TestCaseExecutor.execute(TestCaseExecutor.java:363)
	at com.kms.katalon.core.main.TestSuiteExecutor.accessTestCaseMainPhase(TestSuiteExecutor.java:202)
	at com.kms.katalon.core.main.TestSuiteExecutor.accessTestSuiteMainPhase(TestSuiteExecutor.java:164)
	at com.kms.katalon.core.main.TestSuiteExecutor.execute(TestSuiteExecutor.java:105)
	at com.kms.katalon.core.main.TestCaseMain.startTestSuite(TestCaseMain.java:185)
	at com.kms.katalon.core.main.TestCaseMain$startTestSuite$0.call(Unknown Source)
	at TempTestSuite1649941155960.run(TempTestSuite1649941155960.groovy:36)
Caused by: java.lang.IllegalArgumentException: Text is null
	at com.kms.katalon.core.webui.keyword.builtin.SetTextKeyword$_setText_closure1.doCall(SetTextKeyword.groovy:48)
	at com.kms.katalon.core.webui.keyword.builtin.SetTextKeyword$_setText_closure1.call(SetTextKeyword.groovy)
	at com.kms.katalon.core.webui.keyword.internal.WebUIKeywordMain.runKeyword(WebUIKeywordMain.groovy:20)
	at com.kms.katalon.core.webui.keyword.builtin.SetTextKeyword.setText(SetTextKeyword.groovy:66)
	at com.kms.katalon.core.webui.keyword.builtin.SetTextKeyword.execute(SetTextKeyword.groovy:37)
	at com.kms.katalon.core.keyword.internal.KeywordExecutor.executeKeywordForPlatform(KeywordExecutor.groovy:74)
	at com.kms.katalon.core.webui.keyword.WebUiBuiltInKeywords.setText(WebUiBuiltInKeywords.groovy:980)
	at com.kms.katalon.core.webui.keyword.WebUiBuiltInKeywords$setText$2.call(Unknown Source)
	at Script1649230872447.run(Script1649230872447.groovy:29)
	at com.kms.katalon.core.main.ScriptEngine.run(ScriptEngine.java:194)
	at com.kms.katalon.core.main.ScriptEngine.runScriptAsRawText(ScriptEngine.java:119)
	at com.kms.katalon.core.main.TestCaseExecutor.runScript(TestCaseExecutor.java:442)
	at com.kms.katalon.core.main.TestCaseExecutor.doExecute(TestCaseExecutor.java:433)
	at com.kms.katalon.core.main.TestCaseExecutor.processExecutionPhase(TestCaseExecutor.java:412)
	at com.kms.katalon.core.main.TestCaseExecutor.accessMainPhase(TestCaseExecutor.java:404)
	at com.kms.katalon.core.main.TestCaseExecutor.execute(TestCaseExecutor.java:281)
	at com.kms.katalon.core.main.TestCaseMain.runTestCase(TestCaseMain.java:142)
	at com.kms.katalon.core.keyword.builtin.CallTestCaseKeyword$_callTestCase_closure1.doCall(CallTestCaseKeyword.groovy:59)
	at com.kms.katalon.core.keyword.builtin.CallTestCaseKeyword$_callTestCase_closure1.call(CallTestCaseKeyword.groovy)
	at com.kms.katalon.core.keyword.internal.KeywordMain.runKeyword(KeywordMain.groovy:74)
	at com.kms.katalon.core.keyword.builtin.CallTestCaseKeyword.callTestCase(CallTestCaseKeyword.groovy:81)
	at com.kms.katalon.core.keyword.builtin.CallTestCaseKeyword.execute(CallTestCaseKeyword.groovy:44)
	at com.kms.katalon.core.keyword.internal.KeywordExecutor.executeKeywordForPlatform(KeywordExecutor.groovy:74)
	at com.kms.katalon.core.keyword.BuiltinKeywords.callTestCase(BuiltinKeywords.groovy:334)
	at Script1645187953171.run(Script1645187953171.groovy:20)
	... 16 more
)

2022-04-14 16:10:00 - [MESSAGE][FAILED] - Unable to set text 'null' of object 'Object Repository/Page_/input__sc-lnrBVv eqPACj' (Root cause: com.kms.katalon.core.exception.StepFailedException: Unable to set text 'null' of object 'Object Repository/Page_/input__sc-lnrBVv eqPACj'
	at com.kms.katalon.core.webui.keyword.internal.WebUIKeywordMain.stepFailed(WebUIKeywordMain.groovy:64)
	at com.kms.katalon.core.webui.keyword.internal.WebUIKeywordMain.runKeyword(WebUIKeywordMain.groovy:26)
	at com.kms.katalon.core.webui.keyword.builtin.SetTextKeyword.setText(SetTextKeyword.groovy:66)
	at com.kms.katalon.core.webui.keyword.builtin.SetTextKeyword.execute(SetTextKeyword.groovy:37)
	at com.kms.katalon.core.keyword.internal.KeywordExecutor.executeKeywordForPlatform(KeywordExecutor.groovy:74)
	at com.kms.katalon.core.webui.keyword.WebUiBuiltInKeywords.setText(WebUiBuiltInKeywords.groovy:980)
	at com.kms.katalon.core.webui.keyword.WebUiBuiltInKeywords$setText$2.call(Unknown Source)
	at Авторизация.run(Авторизация:29)
	at com.kms.katalon.core.main.ScriptEngine.run(ScriptEngine.java:194)
	at com.kms.katalon.core.main.ScriptEngine.runScriptAsRawText(ScriptEngine.java:119)
	at com.kms.katalon.core.main.TestCaseExecutor.runScript(TestCaseExecutor.java:442)
	at com.kms.katalon.core.main.TestCaseExecutor.doExecute(TestCaseExecutor.java:433)
	at com.kms.katalon.core.main.TestCaseExecutor.processExecutionPhase(TestCaseExecutor.java:412)
	at com.kms.katalon.core.main.TestCaseExecutor.accessMainPhase(TestCaseExecutor.java:404)
	at com.kms.katalon.core.main.TestCaseExecutor.execute(TestCaseExecutor.java:281)
	at com.kms.katalon.core.main.TestCaseMain.runTestCase(TestCaseMain.java:142)
	at com.kms.katalon.core.keyword.builtin.CallTestCaseKeyword$_callTestCase_closure1.doCall(CallTestCaseKeyword.groovy:59)
	at com.kms.katalon.core.keyword.builtin.CallTestCaseKeyword$_callTestCase_closure1.call(CallTestCaseKeyword.groovy)
	at com.kms.katalon.core.keyword.internal.KeywordMain.runKeyword(KeywordMain.groovy:74)
	at com.kms.katalon.core.keyword.builtin.CallTestCaseKeyword.callTestCase(CallTestCaseKeyword.groovy:81)
	at com.kms.katalon.core.keyword.builtin.CallTestCaseKeyword.execute(CallTestCaseKeyword.groovy:44)
	at com.kms.katalon.core.keyword.internal.KeywordExecutor.executeKeywordForPlatform(KeywordExecutor.groovy:74)
	at com.kms.katalon.core.keyword.BuiltinKeywords.callTestCase(BuiltinKeywords.groovy:334)
	at Профиль Менеджера.run(Профиль Менеджера:20)
	at com.kms.katalon.core.main.ScriptEngine.run(ScriptEngine.java:194)
	at com.kms.katalon.core.main.ScriptEngine.runScriptAsRawText(ScriptEngine.java:119)
	at com.kms.katalon.core.main.TestCaseExecutor.runScript(TestCaseExecutor.java:442)
	at com.kms.katalon.core.main.TestCaseExecutor.doExecute(TestCaseExecutor.java:433)
	at com.kms.katalon.core.main.TestCaseExecutor.processExecutionPhase(TestCaseExecutor.java:412)
	at com.kms.katalon.core.main.TestCaseExecutor.accessMainPhase(TestCaseExecutor.java:404)
	at com.kms.katalon.core.main.TestCaseExecutor.execute(TestCaseExecutor.java:281)
	at com.kms.katalon.core.main.TestCaseExecutor.execute(TestCaseExecutor.java:363)
	at com.kms.katalon.core.main.TestCaseExecutor.execute(TestCaseExecutor.java:363)
	at com.kms.katalon.core.main.TestCaseExecutor.execute(TestCaseExecutor.java:363)
	at com.kms.katalon.core.main.TestSuiteExecutor.accessTestCaseMainPhase(TestSuiteExecutor.java:202)
	at com.kms.katalon.core.main.TestSuiteExecutor.accessTestSuiteMainPhase(TestSuiteExecutor.java:164)
	at com.kms.katalon.core.main.TestSuiteExecutor.execute(TestSuiteExecutor.java:105)
	at com.kms.katalon.core.main.TestCaseMain.startTestSuite(TestCaseMain.java:185)
	at com.kms.katalon.core.main.TestCaseMain$startTestSuite$0.call(Unknown Source)
	at TempTestSuite1649941155960.run(TempTestSuite1649941155960.groovy:36)
Caused by: java.lang.IllegalArgumentException: Text is null
	at com.kms.katalon.core.webui.keyword.builtin.SetTextKeyword$_setText_closure1.doCall(SetTextKeyword.groovy:48)
	at com.kms.katalon.core.webui.keyword.builtin.SetTextKeyword$_setText_closure1.call(SetTextKeyword.groovy)
	at com.kms.katalon.core.webui.keyword.internal.WebUIKeywordMain.runKeyword(WebUIKeywordMain.groovy:20)
	at com.kms.katalon.core.webui.keyword.builtin.SetTextKeyword.setText(SetTextKeyword.groovy:66)
	at com.kms.katalon.core.webui.keyword.builtin.SetTextKeyword.execute(SetTextKeyword.groovy:37)
	at com.kms.katalon.core.keyword.internal.KeywordExecutor.executeKeywordForPlatform(KeywordExecutor.groovy:74)
	at com.kms.katalon.core.webui.keyword.WebUiBuiltInKeywords.setText(WebUiBuiltInKeywords.groovy:980)
	at com.kms.katalon.core.webui.keyword.WebUiBuiltInKeywords$setText$2.call(Unknown Source)
	at Script1649230872447.run(Script1649230872447.groovy:29)
	at com.kms.katalon.core.main.ScriptEngine.run(ScriptEngine.java:194)
	at com.kms.katalon.core.main.ScriptEngine.runScriptAsRawText(ScriptEngine.java:119)
	at com.kms.katalon.core.main.TestCaseExecutor.runScript(TestCaseExecutor.java:442)
	at com.kms.katalon.core.main.TestCaseExecutor.doExecute(TestCaseExecutor.java:433)
	at com.kms.katalon.core.main.TestCaseExecutor.processExecutionPhase(TestCaseExecutor.java:412)
	at com.kms.katalon.core.main.TestCaseExecutor.accessMainPhase(TestCaseExecutor.java:404)
	at com.kms.katalon.core.main.TestCaseExecutor.execute(TestCaseExecutor.java:281)
	at com.kms.katalon.core.main.TestCaseMain.runTestCase(TestCaseMain.java:142)
	at com.kms.katalon.core.keyword.builtin.CallTestCaseKeyword$_callTestCase_closure1.doCall(CallTestCaseKeyword.groovy:59)
	at com.kms.katalon.core.keyword.builtin.CallTestCaseKeyword$_callTestCase_closure1.call(CallTestCaseKeyword.groovy)
	at com.kms.katalon.core.keyword.internal.KeywordMain.runKeyword(KeywordMain.groovy:74)
	at com.kms.katalon.core.keyword.builtin.CallTestCaseKeyword.callTestCase(CallTestCaseKeyword.groovy:81)
	at com.kms.katalon.core.keyword.builtin.CallTestCaseKeyword.execute(CallTestCaseKeyword.groovy:44)
	at com.kms.katalon.core.keyword.internal.KeywordExecutor.executeKeywordForPlatform(KeywordExecutor.groovy:74)
	at com.kms.katalon.core.keyword.BuiltinKeywords.callTestCase(BuiltinKeywords.groovy:334)
	at Script1645187953171.run(Script1645187953171.groovy:20)
	... 16 more
)
[[ATTACHMENT|C:\\Users\\LENOVO\\Katalon Studio\\Avangard\\Reports\\20220414_155908\\\u041C\u0435\u043D\u0435\u0436\u0434\u0435\u0440\\20220414_155915\\1649941799769.png]]

2022-04-14 16:10:00 - [MESSAGE][FAILED] - Unable to call Test Case 'Test Cases/Менеджер/Авторизация' (Root cause: com.kms.katalon.core.exception.StepFailedException: Call Test Case 'Test Cases/Менеджер/Авторизация' failed
	at com.kms.katalon.core.keyword.builtin.CallTestCaseKeyword$_callTestCase_closure1.doCall(CallTestCaseKeyword.groovy:63)
	at com.kms.katalon.core.keyword.builtin.CallTestCaseKeyword$_callTestCase_closure1.call(CallTestCaseKeyword.groovy)
	at com.kms.katalon.core.keyword.internal.KeywordMain.runKeyword(KeywordMain.groovy:74)
	at com.kms.katalon.core.keyword.builtin.CallTestCaseKeyword.callTestCase(CallTestCaseKeyword.groovy:81)
	at com.kms.katalon.core.keyword.builtin.CallTestCaseKeyword.execute(CallTestCaseKeyword.groovy:44)
	at com.kms.katalon.core.keyword.internal.KeywordExecutor.executeKeywordForPlatform(KeywordExecutor.groovy:74)
	at com.kms.katalon.core.keyword.BuiltinKeywords.callTestCase(BuiltinKeywords.groovy:334)
	at Профиль Менеджера.run(Профиль Менеджера:20)
	at com.kms.katalon.core.main.ScriptEngine.run(ScriptEngine.java:194)
	at com.kms.katalon.core.main.ScriptEngine.runScriptAsRawText(ScriptEngine.java:119)
	at com.kms.katalon.core.main.TestCaseExecutor.runScript(TestCaseExecutor.java:442)
	at com.kms.katalon.core.main.TestCaseExecutor.doExecute(TestCaseExecutor.java:433)
	at com.kms.katalon.core.main.TestCaseExecutor.processExecutionPhase(TestCaseExecutor.java:412)
	at com.kms.katalon.core.main.TestCaseExecutor.accessMainPhase(TestCaseExecutor.java:404)
	at com.kms.katalon.core.main.TestCaseExecutor.execute(TestCaseExecutor.java:281)
	at com.kms.katalon.core.main.TestCaseExecutor.execute(TestCaseExecutor.java:363)
	at com.kms.katalon.core.main.TestCaseExecutor.execute(TestCaseExecutor.java:363)
	at com.kms.katalon.core.main.TestCaseExecutor.execute(TestCaseExecutor.java:363)
	at com.kms.katalon.core.main.TestSuiteExecutor.accessTestCaseMainPhase(TestSuiteExecutor.java:202)
	at com.kms.katalon.core.main.TestSuiteExecutor.accessTestSuiteMainPhase(TestSuiteExecutor.java:164)
	at com.kms.katalon.core.main.TestSuiteExecutor.execute(TestSuiteExecutor.java:105)
	at com.kms.katalon.core.main.TestCaseMain.startTestSuite(TestCaseMain.java:185)
	at com.kms.katalon.core.main.TestCaseMain$startTestSuite$0.call(Unknown Source)
	at TempTestSuite1649941155960.run(TempTestSuite1649941155960.groovy:36)
Caused by: com.kms.katalon.core.exception.StepFailedException: Unable to set text 'null' of object 'Object Repository/Page_/input__sc-lnrBVv eqPACj'
	at com.kms.katalon.core.webui.keyword.internal.WebUIKeywordMain.stepFailed(WebUIKeywordMain.groovy:64)
	at com.kms.katalon.core.webui.keyword.internal.WebUIKeywordMain.runKeyword(WebUIKeywordMain.groovy:26)
	at com.kms.katalon.core.webui.keyword.builtin.SetTextKeyword.setText(SetTextKeyword.groovy:66)
	at com.kms.katalon.core.webui.keyword.builtin.SetTextKeyword.execute(SetTextKeyword.groovy:37)
	at com.kms.katalon.core.keyword.internal.KeywordExecutor.executeKeywordForPlatform(KeywordExecutor.groovy:74)
	at com.kms.katalon.core.webui.keyword.WebUiBuiltInKeywords.setText(WebUiBuiltInKeywords.groovy:980)
	at com.kms.katalon.core.webui.keyword.WebUiBuiltInKeywords$setText$2.call(Unknown Source)
	at Авторизация.run(Авторизация:29)
	at com.kms.katalon.core.main.ScriptEngine.run(ScriptEngine.java:194)
	at com.kms.katalon.core.main.ScriptEngine.runScriptAsRawText(ScriptEngine.java:119)
	at com.kms.katalon.core.main.TestCaseExecutor.runScript(TestCaseExecutor.java:442)
	at com.kms.katalon.core.main.TestCaseExecutor.doExecute(TestCaseExecutor.java:433)
	at com.kms.katalon.core.main.TestCaseExecutor.processExecutionPhase(TestCaseExecutor.java:412)
	at com.kms.katalon.core.main.TestCaseExecutor.accessMainPhase(TestCaseExecutor.java:404)
	at com.kms.katalon.core.main.TestCaseExecutor.execute(TestCaseExecutor.java:281)
	at com.kms.katalon.core.main.TestCaseMain.runTestCase(TestCaseMain.java:142)
	at com.kms.katalon.core.keyword.builtin.CallTestCaseKeyword$_callTestCase_closure1.doCall(CallTestCaseKeyword.groovy:59)
	... 23 more
Caused by: java.lang.IllegalArgumentException: Text is null
	at com.kms.katalon.core.webui.keyword.builtin.SetTextKeyword$_setText_closure1.doCall(SetTextKeyword.groovy:48)
	at com.kms.katalon.core.webui.keyword.builtin.SetTextKeyword$_setText_closure1.call(SetTextKeyword.groovy)
	at com.kms.katalon.core.webui.keyword.internal.WebUIKeywordMain.runKeyword(WebUIKeywordMain.groovy:20)
	... 38 more
)]]></system-out>
         <system-err><![CDATA[2022-04-14 16:09:53 - [TEST_CASE][FAILED] - Test Cases/Менеджер/Профиль Менеджера: Test Cases/Менеджер/Профиль Менеджера FAILED.
Reason:
com.kms.katalon.core.exception.StepFailedException: Call Test Case 'Test Cases/Менеджер/Авторизация' failed
	at com.kms.katalon.core.keyword.builtin.CallTestCaseKeyword$_callTestCase_closure1.doCall(CallTestCaseKeyword.groovy:63)
	at com.kms.katalon.core.keyword.builtin.CallTestCaseKeyword$_callTestCase_closure1.call(CallTestCaseKeyword.groovy)
	at com.kms.katalon.core.keyword.internal.KeywordMain.runKeyword(KeywordMain.groovy:74)
	at com.kms.katalon.core.keyword.builtin.CallTestCaseKeyword.callTestCase(CallTestCaseKeyword.groovy:81)
	at com.kms.katalon.core.keyword.builtin.CallTestCaseKeyword.execute(CallTestCaseKeyword.groovy:44)
	at com.kms.katalon.core.keyword.internal.KeywordExecutor.executeKeywordForPlatform(KeywordExecutor.groovy:74)
	at com.kms.katalon.core.keyword.BuiltinKeywords.callTestCase(BuiltinKeywords.groovy:334)
	at Профиль Менеджера.run(Профиль Менеджера:20)
	at com.kms.katalon.core.main.ScriptEngine.run(ScriptEngine.java:194)
	at com.kms.katalon.core.main.ScriptEngine.runScriptAsRawText(ScriptEngine.java:119)
	at com.kms.katalon.core.main.TestCaseExecutor.runScript(TestCaseExecutor.java:442)
	at com.kms.katalon.core.main.TestCaseExecutor.doExecute(TestCaseExecutor.java:433)
	at com.kms.katalon.core.main.TestCaseExecutor.processExecutionPhase(TestCaseExecutor.java:412)
	at com.kms.katalon.core.main.TestCaseExecutor.accessMainPhase(TestCaseExecutor.java:404)
	at com.kms.katalon.core.main.TestCaseExecutor.execute(TestCaseExecutor.java:281)
	at com.kms.katalon.core.main.TestCaseExecutor.execute(TestCaseExecutor.java:363)
	at com.kms.katalon.core.main.TestCaseExecutor.execute(TestCaseExecutor.java:363)
	at com.kms.katalon.core.main.TestCaseExecutor.execute(TestCaseExecutor.java:363)
	at com.kms.katalon.core.main.TestSuiteExecutor.accessTestCaseMainPhase(TestSuiteExecutor.java:202)
	at com.kms.katalon.core.main.TestSuiteExecutor.accessTestSuiteMainPhase(TestSuiteExecutor.java:164)
	at com.kms.katalon.core.main.TestSuiteExecutor.execute(TestSuiteExecutor.java:105)
	at com.kms.katalon.core.main.TestCaseMain.startTestSuite(TestCaseMain.java:185)
	at com.kms.katalon.core.main.TestCaseMain$startTestSuite$0.call(Unknown Source)
	at TempTestSuite1649941155960.run(TempTestSuite1649941155960.groovy:36)
Caused by: com.kms.katalon.core.exception.StepFailedException: Unable to set text 'null' of object 'Object Repository/Page_/input__sc-lnrBVv eqPACj'
	at com.kms.katalon.core.webui.keyword.internal.WebUIKeywordMain.stepFailed(WebUIKeywordMain.groovy:64)
	at com.kms.katalon.core.webui.keyword.internal.WebUIKeywordMain.runKeyword(WebUIKeywordMain.groovy:26)
	at com.kms.katalon.core.webui.keyword.builtin.SetTextKeyword.setText(SetTextKeyword.groovy:66)
	at com.kms.katalon.core.webui.keyword.builtin.SetTextKeyword.execute(SetTextKeyword.groovy:37)
	at com.kms.katalon.core.keyword.internal.KeywordExecutor.executeKeywordForPlatform(KeywordExecutor.groovy:74)
	at com.kms.katalon.core.webui.keyword.WebUiBuiltInKeywords.setText(WebUiBuiltInKeywords.groovy:980)
	at com.kms.katalon.core.webui.keyword.WebUiBuiltInKeywords$setText$2.call(Unknown Source)
	at Авторизация.run(Авторизация:29)
	at com.kms.katalon.core.main.ScriptEngine.run(ScriptEngine.java:194)
	at com.kms.katalon.core.main.ScriptEngine.runScriptAsRawText(ScriptEngine.java:119)
	at com.kms.katalon.core.main.TestCaseExecutor.runScript(TestCaseExecutor.java:442)
	at com.kms.katalon.core.main.TestCaseExecutor.doExecute(TestCaseExecutor.java:433)
	at com.kms.katalon.core.main.TestCaseExecutor.processExecutionPhase(TestCaseExecutor.java:412)
	at com.kms.katalon.core.main.TestCaseExecutor.accessMainPhase(TestCaseExecutor.java:404)
	at com.kms.katalon.core.main.TestCaseExecutor.execute(TestCaseExecutor.java:281)
	at com.kms.katalon.core.main.TestCaseMain.runTestCase(TestCaseMain.java:142)
	at com.kms.katalon.core.keyword.builtin.CallTestCaseKeyword$_callTestCase_closure1.doCall(CallTestCaseKeyword.groovy:59)
	... 23 more
Caused by: java.lang.IllegalArgumentException: Text is null
	at com.kms.katalon.core.webui.keyword.builtin.SetTextKeyword$_setText_closure1.doCall(SetTextKeyword.groovy:48)
	at com.kms.katalon.core.webui.keyword.builtin.SetTextKeyword$_setText_closure1.call(SetTextKeyword.groovy)
	at com.kms.katalon.core.webui.keyword.internal.WebUIKeywordMain.runKeyword(WebUIKeywordMain.groovy:20)
	... 38 more]]></system-err>
      </testcase>
      <testcase name="Test Cases/Менеджер/Менеджер Документы" time="6.489" classname="Test Cases/Менеджер/Менеджер Документы" status="FAILED">
         <failure type="FAILED" message="Test Cases/Менеджер/Менеджер Документы FAILED.
Reason:
com.kms.katalon.core.exception.StepFailedException: Call Test Case 'Test Cases/Менеджер/Авторизация' failed
	at com.kms.katalon.core.keyword.builtin.CallTestCaseKeyword$_callTestCase_closure1.doCall(CallTestCaseKeyword.groovy:63)
	at com.kms.katalon.core.keyword.builtin.CallTestCaseKeyword$_callTestCase_closure1.call(CallTestCaseKeyword.groovy)
	at com.kms.katalon.core.keyword.internal.KeywordMain.runKeyword(KeywordMain.groovy:74)
	at com.kms.katalon.core.keyword.builtin.CallTestCaseKeyword.callTestCase(CallTestCaseKeyword.groovy:81)
	at com.kms.katalon.core.keyword.builtin.CallTestCaseKeyword.execute(CallTestCaseKeyword.groovy:44)
	at com.kms.katalon.core.keyword.internal.KeywordExecutor.executeKeywordForPlatform(KeywordExecutor.groovy:74)
	at com.kms.katalon.core.keyword.BuiltinKeywords.callTestCase(BuiltinKeywords.groovy:334)
	at Менеджер Документы.run(Менеджер Документы:20)
	at com.kms.katalon.core.main.ScriptEngine.run(ScriptEngine.java:194)
	at com.kms.katalon.core.main.ScriptEngine.runScriptAsRawText(ScriptEngine.java:119)
	at com.kms.katalon.core.main.TestCaseExecutor.runScript(TestCaseExecutor.java:442)
	at com.kms.katalon.core.main.TestCaseExecutor.doExecute(TestCaseExecutor.java:433)
	at com.kms.katalon.core.main.TestCaseExecutor.processExecutionPhase(TestCaseExecutor.java:412)
	at com.kms.katalon.core.main.TestCaseExecutor.accessMainPhase(TestCaseExecutor.java:404)
	at com.kms.katalon.core.main.TestCaseExecutor.execute(TestCaseExecutor.java:281)
	at com.kms.katalon.core.main.TestCaseExecutor.execute(TestCaseExecutor.java:363)
	at com.kms.katalon.core.main.TestCaseExecutor.execute(TestCaseExecutor.java:363)
	at com.kms.katalon.core.main.TestCaseExecutor.execute(TestCaseExecutor.java:363)
	at com.kms.katalon.core.main.TestSuiteExecutor.accessTestCaseMainPhase(TestSuiteExecutor.java:202)
	at com.kms.katalon.core.main.TestSuiteExecutor.accessTestSuiteMainPhase(TestSuiteExecutor.java:164)
	at com.kms.katalon.core.main.TestSuiteExecutor.execute(TestSuiteExecutor.java:105)
	at com.kms.katalon.core.main.TestCaseMain.startTestSuite(TestCaseMain.java:185)
	at com.kms.katalon.core.main.TestCaseMain$startTestSuite$0.call(Unknown Source)
	at TempTestSuite1649941155960.run(TempTestSuite1649941155960.groovy:36)
Caused by: com.kms.katalon.core.exception.StepFailedException: Unable to set text 'null' of object 'Object Repository/Page_/input__sc-lnrBVv eqPACj'
	at com.kms.katalon.core.webui.keyword.internal.WebUIKeywordMain.stepFailed(WebUIKeywordMain.groovy:64)
	at com.kms.katalon.core.webui.keyword.internal.WebUIKeywordMain.runKeyword(WebUIKeywordMain.groovy:26)
	at com.kms.katalon.core.webui.keyword.builtin.SetTextKeyword.setText(SetTextKeyword.groovy:66)
	at com.kms.katalon.core.webui.keyword.builtin.SetTextKeyword.execute(SetTextKeyword.groovy:37)
	at com.kms.katalon.core.keyword.internal.KeywordExecutor.executeKeywordForPlatform(KeywordExecutor.groovy:74)
	at com.kms.katalon.core.webui.keyword.WebUiBuiltInKeywords.setText(WebUiBuiltInKeywords.groovy:980)
	at com.kms.katalon.core.webui.keyword.WebUiBuiltInKeywords$setText$2.call(Unknown Source)
	at Авторизация.run(Авторизация:29)
	at com.kms.katalon.core.main.ScriptEngine.run(ScriptEngine.java:194)
	at com.kms.katalon.core.main.ScriptEngine.runScriptAsRawText(ScriptEngine.java:119)
	at com.kms.katalon.core.main.TestCaseExecutor.runScript(TestCaseExecutor.java:442)
	at com.kms.katalon.core.main.TestCaseExecutor.doExecute(TestCaseExecutor.java:433)
	at com.kms.katalon.core.main.TestCaseExecutor.processExecutionPhase(TestCaseExecutor.java:412)
	at com.kms.katalon.core.main.TestCaseExecutor.accessMainPhase(TestCaseExecutor.java:404)
	at com.kms.katalon.core.main.TestCaseExecutor.execute(TestCaseExecutor.java:281)
	at com.kms.katalon.core.main.TestCaseMain.runTestCase(TestCaseMain.java:142)
	at com.kms.katalon.core.keyword.builtin.CallTestCaseKeyword$_callTestCase_closure1.doCall(CallTestCaseKeyword.groovy:59)
	... 23 more
Caused by: java.lang.IllegalArgumentException: Text is null
	at com.kms.katalon.core.webui.keyword.builtin.SetTextKeyword$_setText_closure1.doCall(SetTextKeyword.groovy:48)
	at com.kms.katalon.core.webui.keyword.builtin.SetTextKeyword$_setText_closure1.call(SetTextKeyword.groovy)
	at com.kms.katalon.core.webui.keyword.internal.WebUIKeywordMain.runKeyword(WebUIKeywordMain.groovy:20)
	... 38 more
"/>
         <system-out><![CDATA[2022-04-14 16:10:22 - [TEST_CASE][FAILED] - Test Cases/Менеджер/Менеджер Документы: Test Cases/Менеджер/Менеджер Документы FAILED.
Reason:
com.kms.katalon.core.exception.StepFailedException: Call Test Case 'Test Cases/Менеджер/Авторизация' failed
	at com.kms.katalon.core.keyword.builtin.CallTestCaseKeyword$_callTestCase_closure1.doCall(CallTestCaseKeyword.groovy:63)
	at com.kms.katalon.core.keyword.builtin.CallTestCaseKeyword$_callTestCase_closure1.call(CallTestCaseKeyword.groovy)
	at com.kms.katalon.core.keyword.internal.KeywordMain.runKeyword(KeywordMain.groovy:74)
	at com.kms.katalon.core.keyword.builtin.CallTestCaseKeyword.callTestCase(CallTestCaseKeyword.groovy:81)
	at com.kms.katalon.core.keyword.builtin.CallTestCaseKeyword.execute(CallTestCaseKeyword.groovy:44)
	at com.kms.katalon.core.keyword.internal.KeywordExecutor.executeKeywordForPlatform(KeywordExecutor.groovy:74)
	at com.kms.katalon.core.keyword.BuiltinKeywords.callTestCase(BuiltinKeywords.groovy:334)
	at Менеджер Документы.run(Менеджер Документы:20)
	at com.kms.katalon.core.main.ScriptEngine.run(ScriptEngine.java:194)
	at com.kms.katalon.core.main.ScriptEngine.runScriptAsRawText(ScriptEngine.java:119)
	at com.kms.katalon.core.main.TestCaseExecutor.runScript(TestCaseExecutor.java:442)
	at com.kms.katalon.core.main.TestCaseExecutor.doExecute(TestCaseExecutor.java:433)
	at com.kms.katalon.core.main.TestCaseExecutor.processExecutionPhase(TestCaseExecutor.java:412)
	at com.kms.katalon.core.main.TestCaseExecutor.accessMainPhase(TestCaseExecutor.java:404)
	at com.kms.katalon.core.main.TestCaseExecutor.execute(TestCaseExecutor.java:281)
	at com.kms.katalon.core.main.TestCaseExecutor.execute(TestCaseExecutor.java:363)
	at com.kms.katalon.core.main.TestCaseExecutor.execute(TestCaseExecutor.java:363)
	at com.kms.katalon.core.main.TestCaseExecutor.execute(TestCaseExecutor.java:363)
	at com.kms.katalon.core.main.TestSuiteExecutor.accessTestCaseMainPhase(TestSuiteExecutor.java:202)
	at com.kms.katalon.core.main.TestSuiteExecutor.accessTestSuiteMainPhase(TestSuiteExecutor.java:164)
	at com.kms.katalon.core.main.TestSuiteExecutor.execute(TestSuiteExecutor.java:105)
	at com.kms.katalon.core.main.TestCaseMain.startTestSuite(TestCaseMain.java:185)
	at com.kms.katalon.core.main.TestCaseMain$startTestSuite$0.call(Unknown Source)
	at TempTestSuite1649941155960.run(TempTestSuite1649941155960.groovy:36)
Caused by: com.kms.katalon.core.exception.StepFailedException: Unable to set text 'null' of object 'Object Repository/Page_/input__sc-lnrBVv eqPACj'
	at com.kms.katalon.core.webui.keyword.internal.WebUIKeywordMain.stepFailed(WebUIKeywordMain.groovy:64)
	at com.kms.katalon.core.webui.keyword.internal.WebUIKeywordMain.runKeyword(WebUIKeywordMain.groovy:26)
	at com.kms.katalon.core.webui.keyword.builtin.SetTextKeyword.setText(SetTextKeyword.groovy:66)
	at com.kms.katalon.core.webui.keyword.builtin.SetTextKeyword.execute(SetTextKeyword.groovy:37)
	at com.kms.katalon.core.keyword.internal.KeywordExecutor.executeKeywordForPlatform(KeywordExecutor.groovy:74)
	at com.kms.katalon.core.webui.keyword.WebUiBuiltInKeywords.setText(WebUiBuiltInKeywords.groovy:980)
	at com.kms.katalon.core.webui.keyword.WebUiBuiltInKeywords$setText$2.call(Unknown Source)
	at Авторизация.run(Авторизация:29)
	at com.kms.katalon.core.main.ScriptEngine.run(ScriptEngine.java:194)
	at com.kms.katalon.core.main.ScriptEngine.runScriptAsRawText(ScriptEngine.java:119)
	at com.kms.katalon.core.main.TestCaseExecutor.runScript(TestCaseExecutor.java:442)
	at com.kms.katalon.core.main.TestCaseExecutor.doExecute(TestCaseExecutor.java:433)
	at com.kms.katalon.core.main.TestCaseExecutor.processExecutionPhase(TestCaseExecutor.java:412)
	at com.kms.katalon.core.main.TestCaseExecutor.accessMainPhase(TestCaseExecutor.java:404)
	at com.kms.katalon.core.main.TestCaseExecutor.execute(TestCaseExecutor.java:281)
	at com.kms.katalon.core.main.TestCaseMain.runTestCase(TestCaseMain.java:142)
	at com.kms.katalon.core.keyword.builtin.CallTestCaseKeyword$_callTestCase_closure1.doCall(CallTestCaseKeyword.groovy:59)
	... 23 more
Caused by: java.lang.IllegalArgumentException: Text is null
	at com.kms.katalon.core.webui.keyword.builtin.SetTextKeyword$_setText_closure1.doCall(SetTextKeyword.groovy:48)
	at com.kms.katalon.core.webui.keyword.builtin.SetTextKeyword$_setText_closure1.call(SetTextKeyword.groovy)
	at com.kms.katalon.core.webui.keyword.internal.WebUIKeywordMain.runKeyword(WebUIKeywordMain.groovy:20)
	... 38 more


2022-04-14 16:10:22 - [TEST_STEP][FAILED] - callTestCase(findTestCase("Менеджер/Авторизация"), [:], STOP_ON_FAILURE): Unable to call Test Case 'Test Cases/Менеджер/Авторизация' (Root cause: com.kms.katalon.core.exception.StepFailedException: Call Test Case 'Test Cases/Менеджер/Авторизация' failed
	at com.kms.katalon.core.keyword.builtin.CallTestCaseKeyword$_callTestCase_closure1.doCall(CallTestCaseKeyword.groovy:63)
	at com.kms.katalon.core.keyword.builtin.CallTestCaseKeyword$_callTestCase_closure1.call(CallTestCaseKeyword.groovy)
	at com.kms.katalon.core.keyword.internal.KeywordMain.runKeyword(KeywordMain.groovy:74)
	at com.kms.katalon.core.keyword.builtin.CallTestCaseKeyword.callTestCase(CallTestCaseKeyword.groovy:81)
	at com.kms.katalon.core.keyword.builtin.CallTestCaseKeyword.execute(CallTestCaseKeyword.groovy:44)
	at com.kms.katalon.core.keyword.internal.KeywordExecutor.executeKeywordForPlatform(KeywordExecutor.groovy:74)
	at com.kms.katalon.core.keyword.BuiltinKeywords.callTestCase(BuiltinKeywords.groovy:334)
	at Менеджер Документы.run(Менеджер Документы:20)
	at com.kms.katalon.core.main.ScriptEngine.run(ScriptEngine.java:194)
	at com.kms.katalon.core.main.ScriptEngine.runScriptAsRawText(ScriptEngine.java:119)
	at com.kms.katalon.core.main.TestCaseExecutor.runScript(TestCaseExecutor.java:442)
	at com.kms.katalon.core.main.TestCaseExecutor.doExecute(TestCaseExecutor.java:433)
	at com.kms.katalon.core.main.TestCaseExecutor.processExecutionPhase(TestCaseExecutor.java:412)
	at com.kms.katalon.core.main.TestCaseExecutor.accessMainPhase(TestCaseExecutor.java:404)
	at com.kms.katalon.core.main.TestCaseExecutor.execute(TestCaseExecutor.java:281)
	at com.kms.katalon.core.main.TestCaseExecutor.execute(TestCaseExecutor.java:363)
	at com.kms.katalon.core.main.TestCaseExecutor.execute(TestCaseExecutor.java:363)
	at com.kms.katalon.core.main.TestCaseExecutor.execute(TestCaseExecutor.java:363)
	at com.kms.katalon.core.main.TestSuiteExecutor.accessTestCaseMainPhase(TestSuiteExecutor.java:202)
	at com.kms.katalon.core.main.TestSuiteExecutor.accessTestSuiteMainPhase(TestSuiteExecutor.java:164)
	at com.kms.katalon.core.main.TestSuiteExecutor.execute(TestSuiteExecutor.java:105)
	at com.kms.katalon.core.main.TestCaseMain.startTestSuite(TestCaseMain.java:185)
	at com.kms.katalon.core.main.TestCaseMain$startTestSuite$0.call(Unknown Source)
	at TempTestSuite1649941155960.run(TempTestSuite1649941155960.groovy:36)
Caused by: com.kms.katalon.core.exception.StepFailedException: Unable to set text 'null' of object 'Object Repository/Page_/input__sc-lnrBVv eqPACj'
	at com.kms.katalon.core.webui.keyword.internal.WebUIKeywordMain.stepFailed(WebUIKeywordMain.groovy:64)
	at com.kms.katalon.core.webui.keyword.internal.WebUIKeywordMain.runKeyword(WebUIKeywordMain.groovy:26)
	at com.kms.katalon.core.webui.keyword.builtin.SetTextKeyword.setText(SetTextKeyword.groovy:66)
	at com.kms.katalon.core.webui.keyword.builtin.SetTextKeyword.execute(SetTextKeyword.groovy:37)
	at com.kms.katalon.core.keyword.internal.KeywordExecutor.executeKeywordForPlatform(KeywordExecutor.groovy:74)
	at com.kms.katalon.core.webui.keyword.WebUiBuiltInKeywords.setText(WebUiBuiltInKeywords.groovy:980)
	at com.kms.katalon.core.webui.keyword.WebUiBuiltInKeywords$setText$2.call(Unknown Source)
	at Авторизация.run(Авторизация:29)
	at com.kms.katalon.core.main.ScriptEngine.run(ScriptEngine.java:194)
	at com.kms.katalon.core.main.ScriptEngine.runScriptAsRawText(ScriptEngine.java:119)
	at com.kms.katalon.core.main.TestCaseExecutor.runScript(TestCaseExecutor.java:442)
	at com.kms.katalon.core.main.TestCaseExecutor.doExecute(TestCaseExecutor.java:433)
	at com.kms.katalon.core.main.TestCaseExecutor.processExecutionPhase(TestCaseExecutor.java:412)
	at com.kms.katalon.core.main.TestCaseExecutor.accessMainPhase(TestCaseExecutor.java:404)
	at com.kms.katalon.core.main.TestCaseExecutor.execute(TestCaseExecutor.java:281)
	at com.kms.katalon.core.main.TestCaseMain.runTestCase(TestCaseMain.java:142)
	at com.kms.katalon.core.keyword.builtin.CallTestCaseKeyword$_callTestCase_closure1.doCall(CallTestCaseKeyword.groovy:59)
	... 23 more
Caused by: java.lang.IllegalArgumentException: Text is null
	at com.kms.katalon.core.webui.keyword.builtin.SetTextKeyword$_setText_closure1.doCall(SetTextKeyword.groovy:48)
	at com.kms.katalon.core.webui.keyword.builtin.SetTextKeyword$_setText_closure1.call(SetTextKeyword.groovy)
	at com.kms.katalon.core.webui.keyword.internal.WebUIKeywordMain.runKeyword(WebUIKeywordMain.groovy:20)
	... 38 more
)

2022-04-14 16:10:22 - [TEST_CASE][FAILED] - Test Cases/Менеджер/Авторизация: Test Cases/Менеджер/Авторизация FAILED.
Reason:
com.kms.katalon.core.exception.StepFailedException: Unable to set text 'null' of object 'Object Repository/Page_/input__sc-lnrBVv eqPACj'
	at com.kms.katalon.core.webui.keyword.internal.WebUIKeywordMain.stepFailed(WebUIKeywordMain.groovy:64)
	at com.kms.katalon.core.webui.keyword.internal.WebUIKeywordMain.runKeyword(WebUIKeywordMain.groovy:26)
	at com.kms.katalon.core.webui.keyword.builtin.SetTextKeyword.setText(SetTextKeyword.groovy:66)
	at com.kms.katalon.core.webui.keyword.builtin.SetTextKeyword.execute(SetTextKeyword.groovy:37)
	at com.kms.katalon.core.keyword.internal.KeywordExecutor.executeKeywordForPlatform(KeywordExecutor.groovy:74)
	at com.kms.katalon.core.webui.keyword.WebUiBuiltInKeywords.setText(WebUiBuiltInKeywords.groovy:980)
	at com.kms.katalon.core.webui.keyword.WebUiBuiltInKeywords$setText$2.call(Unknown Source)
	at Авторизация.run(Авторизация:29)
	at com.kms.katalon.core.main.ScriptEngine.run(ScriptEngine.java:194)
	at com.kms.katalon.core.main.ScriptEngine.runScriptAsRawText(ScriptEngine.java:119)
	at com.kms.katalon.core.main.TestCaseExecutor.runScript(TestCaseExecutor.java:442)
	at com.kms.katalon.core.main.TestCaseExecutor.doExecute(TestCaseExecutor.java:433)
	at com.kms.katalon.core.main.TestCaseExecutor.processExecutionPhase(TestCaseExecutor.java:412)
	at com.kms.katalon.core.main.TestCaseExecutor.accessMainPhase(TestCaseExecutor.java:404)
	at com.kms.katalon.core.main.TestCaseExecutor.execute(TestCaseExecutor.java:281)
	at com.kms.katalon.core.main.TestCaseMain.runTestCase(TestCaseMain.java:142)
	at com.kms.katalon.core.keyword.builtin.CallTestCaseKeyword$_callTestCase_closure1.doCall(CallTestCaseKeyword.groovy:59)
	at com.kms.katalon.core.keyword.builtin.CallTestCaseKeyword$_callTestCase_closure1.call(CallTestCaseKeyword.groovy)
	at com.kms.katalon.core.keyword.internal.KeywordMain.runKeyword(KeywordMain.groovy:74)
	at com.kms.katalon.core.keyword.builtin.CallTestCaseKeyword.callTestCase(CallTestCaseKeyword.groovy:81)
	at com.kms.katalon.core.keyword.builtin.CallTestCaseKeyword.execute(CallTestCaseKeyword.groovy:44)
	at com.kms.katalon.core.keyword.internal.KeywordExecutor.executeKeywordForPlatform(KeywordExecutor.groovy:74)
	at com.kms.katalon.core.keyword.BuiltinKeywords.callTestCase(BuiltinKeywords.groovy:334)
	at Менеджер Документы.run(Менеджер Документы:20)
	at com.kms.katalon.core.main.ScriptEngine.run(ScriptEngine.java:194)
	at com.kms.katalon.core.main.ScriptEngine.runScriptAsRawText(ScriptEngine.java:119)
	at com.kms.katalon.core.main.TestCaseExecutor.runScript(TestCaseExecutor.java:442)
	at com.kms.katalon.core.main.TestCaseExecutor.doExecute(TestCaseExecutor.java:433)
	at com.kms.katalon.core.main.TestCaseExecutor.processExecutionPhase(TestCaseExecutor.java:412)
	at com.kms.katalon.core.main.TestCaseExecutor.accessMainPhase(TestCaseExecutor.java:404)
	at com.kms.katalon.core.main.TestCaseExecutor.execute(TestCaseExecutor.java:281)
	at com.kms.katalon.core.main.TestCaseExecutor.execute(TestCaseExecutor.java:363)
	at com.kms.katalon.core.main.TestCaseExecutor.execute(TestCaseExecutor.java:363)
	at com.kms.katalon.core.main.TestCaseExecutor.execute(TestCaseExecutor.java:363)
	at com.kms.katalon.core.main.TestSuiteExecutor.accessTestCaseMainPhase(TestSuiteExecutor.java:202)
	at com.kms.katalon.core.main.TestSuiteExecutor.accessTestSuiteMainPhase(TestSuiteExecutor.java:164)
	at com.kms.katalon.core.main.TestSuiteExecutor.execute(TestSuiteExecutor.java:105)
	at com.kms.katalon.core.main.TestCaseMain.startTestSuite(TestCaseMain.java:185)
	at com.kms.katalon.core.main.TestCaseMain$startTestSuite$0.call(Unknown Source)
	at TempTestSuite1649941155960.run(TempTestSuite1649941155960.groovy:36)
Caused by: java.lang.IllegalArgumentException: Text is null
	at com.kms.katalon.core.webui.keyword.builtin.SetTextKeyword$_setText_closure1.doCall(SetTextKeyword.groovy:48)
	at com.kms.katalon.core.webui.keyword.builtin.SetTextKeyword$_setText_closure1.call(SetTextKeyword.groovy)
	at com.kms.katalon.core.webui.keyword.internal.WebUIKeywordMain.runKeyword(WebUIKeywordMain.groovy:20)
	... 38 more


2022-04-14 16:10:22 - [TEST_STEP][PASSED] - openBrowser(""): Browser is opened with url: ''

2022-04-14 16:10:22 - [MESSAGE][WARNING] - A browser is already opened. Closing browser and opening a new one

2022-04-14 16:10:22 - [MESSAGE][INFO] - Starting 'Chrome' driver

2022-04-14 16:10:22 - [MESSAGE][INFO] - Action delay is set to 100 milliseconds

2022-04-14 16:10:23 - [MESSAGE][PASSED] - Browser is opened with url: ''

2022-04-14 16:10:23 - [TEST_STEP][PASSED] - maximizeWindow(): Current window maximized

2022-04-14 16:10:23 - [MESSAGE][PASSED] - Current window maximized

2022-04-14 16:10:23 - [TEST_STEP][PASSED] - navigateToUrl(url): Navigate to 'https://stars-stage.hawk.ru:8080' successfully

2022-04-14 16:10:28 - [MESSAGE][PASSED] - Navigate to 'https://stars-stage.hawk.ru:8080' successfully

2022-04-14 16:10:28 - [TEST_STEP][FAILED] - setText(findTestObject("Object Repository/Page_/input__sc-lnrBVv eqPACj"), manager_login): Unable to set text 'null' of object 'Object Repository/Page_/input__sc-lnrBVv eqPACj' (Root cause: com.kms.katalon.core.exception.StepFailedException: Unable to set text 'null' of object 'Object Repository/Page_/input__sc-lnrBVv eqPACj'
	at com.kms.katalon.core.webui.keyword.internal.WebUIKeywordMain.stepFailed(WebUIKeywordMain.groovy:64)
	at com.kms.katalon.core.webui.keyword.internal.WebUIKeywordMain.runKeyword(WebUIKeywordMain.groovy:26)
	at com.kms.katalon.core.webui.keyword.builtin.SetTextKeyword.setText(SetTextKeyword.groovy:66)
	at com.kms.katalon.core.webui.keyword.builtin.SetTextKeyword.execute(SetTextKeyword.groovy:37)
	at com.kms.katalon.core.keyword.internal.KeywordExecutor.executeKeywordForPlatform(KeywordExecutor.groovy:74)
	at com.kms.katalon.core.webui.keyword.WebUiBuiltInKeywords.setText(WebUiBuiltInKeywords.groovy:980)
	at com.kms.katalon.core.webui.keyword.WebUiBuiltInKeywords$setText$2.call(Unknown Source)
	at Авторизация.run(Авторизация:29)
	at com.kms.katalon.core.main.ScriptEngine.run(ScriptEngine.java:194)
	at com.kms.katalon.core.main.ScriptEngine.runScriptAsRawText(ScriptEngine.java:119)
	at com.kms.katalon.core.main.TestCaseExecutor.runScript(TestCaseExecutor.java:442)
	at com.kms.katalon.core.main.TestCaseExecutor.doExecute(TestCaseExecutor.java:433)
	at com.kms.katalon.core.main.TestCaseExecutor.processExecutionPhase(TestCaseExecutor.java:412)
	at com.kms.katalon.core.main.TestCaseExecutor.accessMainPhase(TestCaseExecutor.java:404)
	at com.kms.katalon.core.main.TestCaseExecutor.execute(TestCaseExecutor.java:281)
	at com.kms.katalon.core.main.TestCaseMain.runTestCase(TestCaseMain.java:142)
	at com.kms.katalon.core.keyword.builtin.CallTestCaseKeyword$_callTestCase_closure1.doCall(CallTestCaseKeyword.groovy:59)
	at com.kms.katalon.core.keyword.builtin.CallTestCaseKeyword$_callTestCase_closure1.call(CallTestCaseKeyword.groovy)
	at com.kms.katalon.core.keyword.internal.KeywordMain.runKeyword(KeywordMain.groovy:74)
	at com.kms.katalon.core.keyword.builtin.CallTestCaseKeyword.callTestCase(CallTestCaseKeyword.groovy:81)
	at com.kms.katalon.core.keyword.builtin.CallTestCaseKeyword.execute(CallTestCaseKeyword.groovy:44)
	at com.kms.katalon.core.keyword.internal.KeywordExecutor.executeKeywordForPlatform(KeywordExecutor.groovy:74)
	at com.kms.katalon.core.keyword.BuiltinKeywords.callTestCase(BuiltinKeywords.groovy:334)
	at Менеджер Документы.run(Менеджер Документы:20)
	at com.kms.katalon.core.main.ScriptEngine.run(ScriptEngine.java:194)
	at com.kms.katalon.core.main.ScriptEngine.runScriptAsRawText(ScriptEngine.java:119)
	at com.kms.katalon.core.main.TestCaseExecutor.runScript(TestCaseExecutor.java:442)
	at com.kms.katalon.core.main.TestCaseExecutor.doExecute(TestCaseExecutor.java:433)
	at com.kms.katalon.core.main.TestCaseExecutor.processExecutionPhase(TestCaseExecutor.java:412)
	at com.kms.katalon.core.main.TestCaseExecutor.accessMainPhase(TestCaseExecutor.java:404)
	at com.kms.katalon.core.main.TestCaseExecutor.execute(TestCaseExecutor.java:281)
	at com.kms.katalon.core.main.TestCaseExecutor.execute(TestCaseExecutor.java:363)
	at com.kms.katalon.core.main.TestCaseExecutor.execute(TestCaseExecutor.java:363)
	at com.kms.katalon.core.main.TestCaseExecutor.execute(TestCaseExecutor.java:363)
	at com.kms.katalon.core.main.TestSuiteExecutor.accessTestCaseMainPhase(TestSuiteExecutor.java:202)
	at com.kms.katalon.core.main.TestSuiteExecutor.accessTestSuiteMainPhase(TestSuiteExecutor.java:164)
	at com.kms.katalon.core.main.TestSuiteExecutor.execute(TestSuiteExecutor.java:105)
	at com.kms.katalon.core.main.TestCaseMain.startTestSuite(TestCaseMain.java:185)
	at com.kms.katalon.core.main.TestCaseMain$startTestSuite$0.call(Unknown Source)
	at TempTestSuite1649941155960.run(TempTestSuite1649941155960.groovy:36)
Caused by: java.lang.IllegalArgumentException: Text is null
	at com.kms.katalon.core.webui.keyword.builtin.SetTextKeyword$_setText_closure1.doCall(SetTextKeyword.groovy:48)
	at com.kms.katalon.core.webui.keyword.builtin.SetTextKeyword$_setText_closure1.call(SetTextKeyword.groovy)
	at com.kms.katalon.core.webui.keyword.internal.WebUIKeywordMain.runKeyword(WebUIKeywordMain.groovy:20)
	at com.kms.katalon.core.webui.keyword.builtin.SetTextKeyword.setText(SetTextKeyword.groovy:66)
	at com.kms.katalon.core.webui.keyword.builtin.SetTextKeyword.execute(SetTextKeyword.groovy:37)
	at com.kms.katalon.core.keyword.internal.KeywordExecutor.executeKeywordForPlatform(KeywordExecutor.groovy:74)
	at com.kms.katalon.core.webui.keyword.WebUiBuiltInKeywords.setText(WebUiBuiltInKeywords.groovy:980)
	at com.kms.katalon.core.webui.keyword.WebUiBuiltInKeywords$setText$2.call(Unknown Source)
	at Script1649230872447.run(Script1649230872447.groovy:29)
	at com.kms.katalon.core.main.ScriptEngine.run(ScriptEngine.java:194)
	at com.kms.katalon.core.main.ScriptEngine.runScriptAsRawText(ScriptEngine.java:119)
	at com.kms.katalon.core.main.TestCaseExecutor.runScript(TestCaseExecutor.java:442)
	at com.kms.katalon.core.main.TestCaseExecutor.doExecute(TestCaseExecutor.java:433)
	at com.kms.katalon.core.main.TestCaseExecutor.processExecutionPhase(TestCaseExecutor.java:412)
	at com.kms.katalon.core.main.TestCaseExecutor.accessMainPhase(TestCaseExecutor.java:404)
	at com.kms.katalon.core.main.TestCaseExecutor.execute(TestCaseExecutor.java:281)
	at com.kms.katalon.core.main.TestCaseMain.runTestCase(TestCaseMain.java:142)
	at com.kms.katalon.core.keyword.builtin.CallTestCaseKeyword$_callTestCase_closure1.doCall(CallTestCaseKeyword.groovy:59)
	at com.kms.katalon.core.keyword.builtin.CallTestCaseKeyword$_callTestCase_closure1.call(CallTestCaseKeyword.groovy)
	at com.kms.katalon.core.keyword.internal.KeywordMain.runKeyword(KeywordMain.groovy:74)
	at com.kms.katalon.core.keyword.builtin.CallTestCaseKeyword.callTestCase(CallTestCaseKeyword.groovy:81)
	at com.kms.katalon.core.keyword.builtin.CallTestCaseKeyword.execute(CallTestCaseKeyword.groovy:44)
	at com.kms.katalon.core.keyword.internal.KeywordExecutor.executeKeywordForPlatform(KeywordExecutor.groovy:74)
	at com.kms.katalon.core.keyword.BuiltinKeywords.callTestCase(BuiltinKeywords.groovy:334)
	at Script1645192171671.run(Script1645192171671.groovy:20)
	... 16 more
)

2022-04-14 16:10:28 - [MESSAGE][FAILED] - Unable to set text 'null' of object 'Object Repository/Page_/input__sc-lnrBVv eqPACj' (Root cause: com.kms.katalon.core.exception.StepFailedException: Unable to set text 'null' of object 'Object Repository/Page_/input__sc-lnrBVv eqPACj'
	at com.kms.katalon.core.webui.keyword.internal.WebUIKeywordMain.stepFailed(WebUIKeywordMain.groovy:64)
	at com.kms.katalon.core.webui.keyword.internal.WebUIKeywordMain.runKeyword(WebUIKeywordMain.groovy:26)
	at com.kms.katalon.core.webui.keyword.builtin.SetTextKeyword.setText(SetTextKeyword.groovy:66)
	at com.kms.katalon.core.webui.keyword.builtin.SetTextKeyword.execute(SetTextKeyword.groovy:37)
	at com.kms.katalon.core.keyword.internal.KeywordExecutor.executeKeywordForPlatform(KeywordExecutor.groovy:74)
	at com.kms.katalon.core.webui.keyword.WebUiBuiltInKeywords.setText(WebUiBuiltInKeywords.groovy:980)
	at com.kms.katalon.core.webui.keyword.WebUiBuiltInKeywords$setText$2.call(Unknown Source)
	at Авторизация.run(Авторизация:29)
	at com.kms.katalon.core.main.ScriptEngine.run(ScriptEngine.java:194)
	at com.kms.katalon.core.main.ScriptEngine.runScriptAsRawText(ScriptEngine.java:119)
	at com.kms.katalon.core.main.TestCaseExecutor.runScript(TestCaseExecutor.java:442)
	at com.kms.katalon.core.main.TestCaseExecutor.doExecute(TestCaseExecutor.java:433)
	at com.kms.katalon.core.main.TestCaseExecutor.processExecutionPhase(TestCaseExecutor.java:412)
	at com.kms.katalon.core.main.TestCaseExecutor.accessMainPhase(TestCaseExecutor.java:404)
	at com.kms.katalon.core.main.TestCaseExecutor.execute(TestCaseExecutor.java:281)
	at com.kms.katalon.core.main.TestCaseMain.runTestCase(TestCaseMain.java:142)
	at com.kms.katalon.core.keyword.builtin.CallTestCaseKeyword$_callTestCase_closure1.doCall(CallTestCaseKeyword.groovy:59)
	at com.kms.katalon.core.keyword.builtin.CallTestCaseKeyword$_callTestCase_closure1.call(CallTestCaseKeyword.groovy)
	at com.kms.katalon.core.keyword.internal.KeywordMain.runKeyword(KeywordMain.groovy:74)
	at com.kms.katalon.core.keyword.builtin.CallTestCaseKeyword.callTestCase(CallTestCaseKeyword.groovy:81)
	at com.kms.katalon.core.keyword.builtin.CallTestCaseKeyword.execute(CallTestCaseKeyword.groovy:44)
	at com.kms.katalon.core.keyword.internal.KeywordExecutor.executeKeywordForPlatform(KeywordExecutor.groovy:74)
	at com.kms.katalon.core.keyword.BuiltinKeywords.callTestCase(BuiltinKeywords.groovy:334)
	at Менеджер Документы.run(Менеджер Документы:20)
	at com.kms.katalon.core.main.ScriptEngine.run(ScriptEngine.java:194)
	at com.kms.katalon.core.main.ScriptEngine.runScriptAsRawText(ScriptEngine.java:119)
	at com.kms.katalon.core.main.TestCaseExecutor.runScript(TestCaseExecutor.java:442)
	at com.kms.katalon.core.main.TestCaseExecutor.doExecute(TestCaseExecutor.java:433)
	at com.kms.katalon.core.main.TestCaseExecutor.processExecutionPhase(TestCaseExecutor.java:412)
	at com.kms.katalon.core.main.TestCaseExecutor.accessMainPhase(TestCaseExecutor.java:404)
	at com.kms.katalon.core.main.TestCaseExecutor.execute(TestCaseExecutor.java:281)
	at com.kms.katalon.core.main.TestCaseExecutor.execute(TestCaseExecutor.java:363)
	at com.kms.katalon.core.main.TestCaseExecutor.execute(TestCaseExecutor.java:363)
	at com.kms.katalon.core.main.TestCaseExecutor.execute(TestCaseExecutor.java:363)
	at com.kms.katalon.core.main.TestSuiteExecutor.accessTestCaseMainPhase(TestSuiteExecutor.java:202)
	at com.kms.katalon.core.main.TestSuiteExecutor.accessTestSuiteMainPhase(TestSuiteExecutor.java:164)
	at com.kms.katalon.core.main.TestSuiteExecutor.execute(TestSuiteExecutor.java:105)
	at com.kms.katalon.core.main.TestCaseMain.startTestSuite(TestCaseMain.java:185)
	at com.kms.katalon.core.main.TestCaseMain$startTestSuite$0.call(Unknown Source)
	at TempTestSuite1649941155960.run(TempTestSuite1649941155960.groovy:36)
Caused by: java.lang.IllegalArgumentException: Text is null
	at com.kms.katalon.core.webui.keyword.builtin.SetTextKeyword$_setText_closure1.doCall(SetTextKeyword.groovy:48)
	at com.kms.katalon.core.webui.keyword.builtin.SetTextKeyword$_setText_closure1.call(SetTextKeyword.groovy)
	at com.kms.katalon.core.webui.keyword.internal.WebUIKeywordMain.runKeyword(WebUIKeywordMain.groovy:20)
	at com.kms.katalon.core.webui.keyword.builtin.SetTextKeyword.setText(SetTextKeyword.groovy:66)
	at com.kms.katalon.core.webui.keyword.builtin.SetTextKeyword.execute(SetTextKeyword.groovy:37)
	at com.kms.katalon.core.keyword.internal.KeywordExecutor.executeKeywordForPlatform(KeywordExecutor.groovy:74)
	at com.kms.katalon.core.webui.keyword.WebUiBuiltInKeywords.setText(WebUiBuiltInKeywords.groovy:980)
	at com.kms.katalon.core.webui.keyword.WebUiBuiltInKeywords$setText$2.call(Unknown Source)
	at Script1649230872447.run(Script1649230872447.groovy:29)
	at com.kms.katalon.core.main.ScriptEngine.run(ScriptEngine.java:194)
	at com.kms.katalon.core.main.ScriptEngine.runScriptAsRawText(ScriptEngine.java:119)
	at com.kms.katalon.core.main.TestCaseExecutor.runScript(TestCaseExecutor.java:442)
	at com.kms.katalon.core.main.TestCaseExecutor.doExecute(TestCaseExecutor.java:433)
	at com.kms.katalon.core.main.TestCaseExecutor.processExecutionPhase(TestCaseExecutor.java:412)
	at com.kms.katalon.core.main.TestCaseExecutor.accessMainPhase(TestCaseExecutor.java:404)
	at com.kms.katalon.core.main.TestCaseExecutor.execute(TestCaseExecutor.java:281)
	at com.kms.katalon.core.main.TestCaseMain.runTestCase(TestCaseMain.java:142)
	at com.kms.katalon.core.keyword.builtin.CallTestCaseKeyword$_callTestCase_closure1.doCall(CallTestCaseKeyword.groovy:59)
	at com.kms.katalon.core.keyword.builtin.CallTestCaseKeyword$_callTestCase_closure1.call(CallTestCaseKeyword.groovy)
	at com.kms.katalon.core.keyword.internal.KeywordMain.runKeyword(KeywordMain.groovy:74)
	at com.kms.katalon.core.keyword.builtin.CallTestCaseKeyword.callTestCase(CallTestCaseKeyword.groovy:81)
	at com.kms.katalon.core.keyword.builtin.CallTestCaseKeyword.execute(CallTestCaseKeyword.groovy:44)
	at com.kms.katalon.core.keyword.internal.KeywordExecutor.executeKeywordForPlatform(KeywordExecutor.groovy:74)
	at com.kms.katalon.core.keyword.BuiltinKeywords.callTestCase(BuiltinKeywords.groovy:334)
	at Script1645192171671.run(Script1645192171671.groovy:20)
	... 16 more
)
[[ATTACHMENT|C:\\Users\\LENOVO\\Katalon Studio\\Avangard\\Reports\\20220414_155908\\\u041C\u0435\u043D\u0435\u0436\u0434\u0435\u0440\\20220414_155915\\1649941828242.png]]

2022-04-14 16:10:28 - [MESSAGE][FAILED] - Unable to call Test Case 'Test Cases/Менеджер/Авторизация' (Root cause: com.kms.katalon.core.exception.StepFailedException: Call Test Case 'Test Cases/Менеджер/Авторизация' failed
	at com.kms.katalon.core.keyword.builtin.CallTestCaseKeyword$_callTestCase_closure1.doCall(CallTestCaseKeyword.groovy:63)
	at com.kms.katalon.core.keyword.builtin.CallTestCaseKeyword$_callTestCase_closure1.call(CallTestCaseKeyword.groovy)
	at com.kms.katalon.core.keyword.internal.KeywordMain.runKeyword(KeywordMain.groovy:74)
	at com.kms.katalon.core.keyword.builtin.CallTestCaseKeyword.callTestCase(CallTestCaseKeyword.groovy:81)
	at com.kms.katalon.core.keyword.builtin.CallTestCaseKeyword.execute(CallTestCaseKeyword.groovy:44)
	at com.kms.katalon.core.keyword.internal.KeywordExecutor.executeKeywordForPlatform(KeywordExecutor.groovy:74)
	at com.kms.katalon.core.keyword.BuiltinKeywords.callTestCase(BuiltinKeywords.groovy:334)
	at Менеджер Документы.run(Менеджер Документы:20)
	at com.kms.katalon.core.main.ScriptEngine.run(ScriptEngine.java:194)
	at com.kms.katalon.core.main.ScriptEngine.runScriptAsRawText(ScriptEngine.java:119)
	at com.kms.katalon.core.main.TestCaseExecutor.runScript(TestCaseExecutor.java:442)
	at com.kms.katalon.core.main.TestCaseExecutor.doExecute(TestCaseExecutor.java:433)
	at com.kms.katalon.core.main.TestCaseExecutor.processExecutionPhase(TestCaseExecutor.java:412)
	at com.kms.katalon.core.main.TestCaseExecutor.accessMainPhase(TestCaseExecutor.java:404)
	at com.kms.katalon.core.main.TestCaseExecutor.execute(TestCaseExecutor.java:281)
	at com.kms.katalon.core.main.TestCaseExecutor.execute(TestCaseExecutor.java:363)
	at com.kms.katalon.core.main.TestCaseExecutor.execute(TestCaseExecutor.java:363)
	at com.kms.katalon.core.main.TestCaseExecutor.execute(TestCaseExecutor.java:363)
	at com.kms.katalon.core.main.TestSuiteExecutor.accessTestCaseMainPhase(TestSuiteExecutor.java:202)
	at com.kms.katalon.core.main.TestSuiteExecutor.accessTestSuiteMainPhase(TestSuiteExecutor.java:164)
	at com.kms.katalon.core.main.TestSuiteExecutor.execute(TestSuiteExecutor.java:105)
	at com.kms.katalon.core.main.TestCaseMain.startTestSuite(TestCaseMain.java:185)
	at com.kms.katalon.core.main.TestCaseMain$startTestSuite$0.call(Unknown Source)
	at TempTestSuite1649941155960.run(TempTestSuite1649941155960.groovy:36)
Caused by: com.kms.katalon.core.exception.StepFailedException: Unable to set text 'null' of object 'Object Repository/Page_/input__sc-lnrBVv eqPACj'
	at com.kms.katalon.core.webui.keyword.internal.WebUIKeywordMain.stepFailed(WebUIKeywordMain.groovy:64)
	at com.kms.katalon.core.webui.keyword.internal.WebUIKeywordMain.runKeyword(WebUIKeywordMain.groovy:26)
	at com.kms.katalon.core.webui.keyword.builtin.SetTextKeyword.setText(SetTextKeyword.groovy:66)
	at com.kms.katalon.core.webui.keyword.builtin.SetTextKeyword.execute(SetTextKeyword.groovy:37)
	at com.kms.katalon.core.keyword.internal.KeywordExecutor.executeKeywordForPlatform(KeywordExecutor.groovy:74)
	at com.kms.katalon.core.webui.keyword.WebUiBuiltInKeywords.setText(WebUiBuiltInKeywords.groovy:980)
	at com.kms.katalon.core.webui.keyword.WebUiBuiltInKeywords$setText$2.call(Unknown Source)
	at Авторизация.run(Авторизация:29)
	at com.kms.katalon.core.main.ScriptEngine.run(ScriptEngine.java:194)
	at com.kms.katalon.core.main.ScriptEngine.runScriptAsRawText(ScriptEngine.java:119)
	at com.kms.katalon.core.main.TestCaseExecutor.runScript(TestCaseExecutor.java:442)
	at com.kms.katalon.core.main.TestCaseExecutor.doExecute(TestCaseExecutor.java:433)
	at com.kms.katalon.core.main.TestCaseExecutor.processExecutionPhase(TestCaseExecutor.java:412)
	at com.kms.katalon.core.main.TestCaseExecutor.accessMainPhase(TestCaseExecutor.java:404)
	at com.kms.katalon.core.main.TestCaseExecutor.execute(TestCaseExecutor.java:281)
	at com.kms.katalon.core.main.TestCaseMain.runTestCase(TestCaseMain.java:142)
	at com.kms.katalon.core.keyword.builtin.CallTestCaseKeyword$_callTestCase_closure1.doCall(CallTestCaseKeyword.groovy:59)
	... 23 more
Caused by: java.lang.IllegalArgumentException: Text is null
	at com.kms.katalon.core.webui.keyword.builtin.SetTextKeyword$_setText_closure1.doCall(SetTextKeyword.groovy:48)
	at com.kms.katalon.core.webui.keyword.builtin.SetTextKeyword$_setText_closure1.call(SetTextKeyword.groovy)
	at com.kms.katalon.core.webui.keyword.internal.WebUIKeywordMain.runKeyword(WebUIKeywordMain.groovy:20)
	... 38 more
)]]></system-out>
         <system-err><![CDATA[2022-04-14 16:10:22 - [TEST_CASE][FAILED] - Test Cases/Менеджер/Менеджер Документы: Test Cases/Менеджер/Менеджер Документы FAILED.
Reason:
com.kms.katalon.core.exception.StepFailedException: Call Test Case 'Test Cases/Менеджер/Авторизация' failed
	at com.kms.katalon.core.keyword.builtin.CallTestCaseKeyword$_callTestCase_closure1.doCall(CallTestCaseKeyword.groovy:63)
	at com.kms.katalon.core.keyword.builtin.CallTestCaseKeyword$_callTestCase_closure1.call(CallTestCaseKeyword.groovy)
	at com.kms.katalon.core.keyword.internal.KeywordMain.runKeyword(KeywordMain.groovy:74)
	at com.kms.katalon.core.keyword.builtin.CallTestCaseKeyword.callTestCase(CallTestCaseKeyword.groovy:81)
	at com.kms.katalon.core.keyword.builtin.CallTestCaseKeyword.execute(CallTestCaseKeyword.groovy:44)
	at com.kms.katalon.core.keyword.internal.KeywordExecutor.executeKeywordForPlatform(KeywordExecutor.groovy:74)
	at com.kms.katalon.core.keyword.BuiltinKeywords.callTestCase(BuiltinKeywords.groovy:334)
	at Менеджер Документы.run(Менеджер Документы:20)
	at com.kms.katalon.core.main.ScriptEngine.run(ScriptEngine.java:194)
	at com.kms.katalon.core.main.ScriptEngine.runScriptAsRawText(ScriptEngine.java:119)
	at com.kms.katalon.core.main.TestCaseExecutor.runScript(TestCaseExecutor.java:442)
	at com.kms.katalon.core.main.TestCaseExecutor.doExecute(TestCaseExecutor.java:433)
	at com.kms.katalon.core.main.TestCaseExecutor.processExecutionPhase(TestCaseExecutor.java:412)
	at com.kms.katalon.core.main.TestCaseExecutor.accessMainPhase(TestCaseExecutor.java:404)
	at com.kms.katalon.core.main.TestCaseExecutor.execute(TestCaseExecutor.java:281)
	at com.kms.katalon.core.main.TestCaseExecutor.execute(TestCaseExecutor.java:363)
	at com.kms.katalon.core.main.TestCaseExecutor.execute(TestCaseExecutor.java:363)
	at com.kms.katalon.core.main.TestCaseExecutor.execute(TestCaseExecutor.java:363)
	at com.kms.katalon.core.main.TestSuiteExecutor.accessTestCaseMainPhase(TestSuiteExecutor.java:202)
	at com.kms.katalon.core.main.TestSuiteExecutor.accessTestSuiteMainPhase(TestSuiteExecutor.java:164)
	at com.kms.katalon.core.main.TestSuiteExecutor.execute(TestSuiteExecutor.java:105)
	at com.kms.katalon.core.main.TestCaseMain.startTestSuite(TestCaseMain.java:185)
	at com.kms.katalon.core.main.TestCaseMain$startTestSuite$0.call(Unknown Source)
	at TempTestSuite1649941155960.run(TempTestSuite1649941155960.groovy:36)
Caused by: com.kms.katalon.core.exception.StepFailedException: Unable to set text 'null' of object 'Object Repository/Page_/input__sc-lnrBVv eqPACj'
	at com.kms.katalon.core.webui.keyword.internal.WebUIKeywordMain.stepFailed(WebUIKeywordMain.groovy:64)
	at com.kms.katalon.core.webui.keyword.internal.WebUIKeywordMain.runKeyword(WebUIKeywordMain.groovy:26)
	at com.kms.katalon.core.webui.keyword.builtin.SetTextKeyword.setText(SetTextKeyword.groovy:66)
	at com.kms.katalon.core.webui.keyword.builtin.SetTextKeyword.execute(SetTextKeyword.groovy:37)
	at com.kms.katalon.core.keyword.internal.KeywordExecutor.executeKeywordForPlatform(KeywordExecutor.groovy:74)
	at com.kms.katalon.core.webui.keyword.WebUiBuiltInKeywords.setText(WebUiBuiltInKeywords.groovy:980)
	at com.kms.katalon.core.webui.keyword.WebUiBuiltInKeywords$setText$2.call(Unknown Source)
	at Авторизация.run(Авторизация:29)
	at com.kms.katalon.core.main.ScriptEngine.run(ScriptEngine.java:194)
	at com.kms.katalon.core.main.ScriptEngine.runScriptAsRawText(ScriptEngine.java:119)
	at com.kms.katalon.core.main.TestCaseExecutor.runScript(TestCaseExecutor.java:442)
	at com.kms.katalon.core.main.TestCaseExecutor.doExecute(TestCaseExecutor.java:433)
	at com.kms.katalon.core.main.TestCaseExecutor.processExecutionPhase(TestCaseExecutor.java:412)
	at com.kms.katalon.core.main.TestCaseExecutor.accessMainPhase(TestCaseExecutor.java:404)
	at com.kms.katalon.core.main.TestCaseExecutor.execute(TestCaseExecutor.java:281)
	at com.kms.katalon.core.main.TestCaseMain.runTestCase(TestCaseMain.java:142)
	at com.kms.katalon.core.keyword.builtin.CallTestCaseKeyword$_callTestCase_closure1.doCall(CallTestCaseKeyword.groovy:59)
	... 23 more
Caused by: java.lang.IllegalArgumentException: Text is null
	at com.kms.katalon.core.webui.keyword.builtin.SetTextKeyword$_setText_closure1.doCall(SetTextKeyword.groovy:48)
	at com.kms.katalon.core.webui.keyword.builtin.SetTextKeyword$_setText_closure1.call(SetTextKeyword.groovy)
	at com.kms.katalon.core.webui.keyword.internal.WebUIKeywordMain.runKeyword(WebUIKeywordMain.groovy:20)
	... 38 more]]></system-err>
      </testcase>
      <testcase name="Test Cases/Администратор/ОТЧЕТЫ функциональные тесты/Игровая статистика Админ" time="28.482" classname="Test Cases/Администратор/ОТЧЕТЫ функциональные тесты/Игровая статистика Админ" status="PASSED">
         <system-out><![CDATA[2022-04-14 16:10:28 - [TEST_CASE][PASSED] - Test Cases/Администратор/ОТЧЕТЫ функциональные тесты/Игровая статистика Админ: Test Cases/Администратор/ОТЧЕТЫ функциональные тесты/Игровая статистика Админ

2022-04-14 16:10:28 - [TEST_STEP][PASSED] - callTestCase(findTestCase("Администратор/Авторизация"), [:], STOP_ON_FAILURE): Call Test Case 'Test Cases/Администратор/Авторизация' successfully

2022-04-14 16:10:28 - [TEST_CASE][PASSED] - Test Cases/Администратор/Авторизация: Test Cases/Администратор/Авторизация

2022-04-14 16:10:29 - [TEST_STEP][PASSED] - openBrowser(""): Browser is opened with url: ''

2022-04-14 16:10:29 - [MESSAGE][WARNING] - A browser is already opened. Closing browser and opening a new one

2022-04-14 16:10:29 - [MESSAGE][INFO] - Starting 'Chrome' driver

2022-04-14 16:10:29 - [MESSAGE][INFO] - Action delay is set to 100 milliseconds

2022-04-14 16:10:30 - [MESSAGE][PASSED] - Browser is opened with url: ''

2022-04-14 16:10:30 - [TEST_STEP][PASSED] - maximizeWindow(): Current window maximized

2022-04-14 16:10:31 - [MESSAGE][PASSED] - Current window maximized

2022-04-14 16:10:31 - [TEST_STEP][PASSED] - navigateToUrl(url): Navigate to 'https://stars-stage.hawk.ru:8080' successfully

2022-04-14 16:10:36 - [MESSAGE][PASSED] - Navigate to 'https://stars-stage.hawk.ru:8080' successfully

2022-04-14 16:10:36 - [TEST_STEP][PASSED] - setText(findTestObject("Object Repository/Page_/input__sc-lnrBVv eqPACj"), admin_login): Text 'eronko.i@hc-avangard.com' is set on object 'Object Repository/Page_/input__sc-lnrBVv eqPACj'

2022-04-14 16:10:37 - [MESSAGE][PASSED] - Text 'eronko.i@hc-avangard.com' is set on object 'Object Repository/Page_/input__sc-lnrBVv eqPACj'

2022-04-14 16:10:37 - [TEST_STEP][PASSED] - setText(findTestObject("Object Repository/Page_/input__sc-lnrBVv eqPACj_1"), admin_password): Text 'eronko.i' is set on object 'Object Repository/Page_/input__sc-lnrBVv eqPACj_1'

2022-04-14 16:10:38 - [MESSAGE][PASSED] - Text 'eronko.i' is set on object 'Object Repository/Page_/input__sc-lnrBVv eqPACj_1'

2022-04-14 16:10:38 - [TEST_STEP][PASSED] - click(findTestObject("Object Repository/Page_/go")): Object: 'Object Repository/Page_/go' is clicked on

2022-04-14 16:10:39 - [MESSAGE][PASSED] - Object: 'Object Repository/Page_/go' is clicked on

2022-04-14 16:10:39 - [MESSAGE][PASSED] - Call Test Case 'Test Cases/Администратор/Авторизация' successfully

2022-04-14 16:10:39 - [TEST_STEP][PASSED] - click(findTestObject("Object Repository/Avangard New/Object (Администратор)/Сase (Игровая статистика)/report")): Object: 'Object Repository/Avangard New/Object (Администратор)/Сase (Игровая статистика)/report' is clicked on

2022-04-14 16:10:48 - [MESSAGE][PASSED] - Object: 'Object Repository/Avangard New/Object (Администратор)/Сase (Игровая статистика)/report' is clicked on

2022-04-14 16:10:48 - [TEST_STEP][PASSED] - click(findTestObject("Object Repository/Avangard New/Object (Администратор)/Сase (Игровая статистика)/game stat")): Object: 'Object Repository/Avangard New/Object (Администратор)/Сase (Игровая статистика)/game stat' is clicked on

2022-04-14 16:10:48 - [MESSAGE][PASSED] - Object: 'Object Repository/Avangard New/Object (Администратор)/Сase (Игровая статистика)/game stat' is clicked on

2022-04-14 16:10:48 - [TEST_STEP][PASSED] - setText(findTestObject("Avangard New/Object (Администратор)/Сase (Игровая статистика)/input__school game stat"), "Академия"): Text 'Академия' is set on object 'Object Repository/Avangard New/Object (Администратор)/Сase (Игровая статистика)/input__school game stat'

2022-04-14 16:10:49 - [MESSAGE][PASSED] - Text 'Академия' is set on object 'Object Repository/Avangard New/Object (Администратор)/Сase (Игровая статистика)/input__school game stat'

2022-04-14 16:10:49 - [TEST_STEP][PASSED] - sendKeys(findTestObject("Object Repository/Avangard New/Object (Администратор)/Сase (Игровая статистика)/input__school game stat"), Keys.chord(ENTER)): Keys 'ENTER + ' sent to object: 'Object Repository/Avangard New/Object (Администратор)/Сase (Игровая статистика)/input__school game stat'

2022-04-14 16:10:50 - [MESSAGE][PASSED] - Keys 'ENTER + ' sent to object: 'Object Repository/Avangard New/Object (Администратор)/Сase (Игровая статистика)/input__school game stat'

2022-04-14 16:10:50 - [TEST_STEP][PASSED] - setText(findTestObject("Avangard New/Object (Администратор)/Сase (Игровая статистика)/input__team school game"), "Омские"): Text 'Омские' is set on object 'Object Repository/Avangard New/Object (Администратор)/Сase (Игровая статистика)/input__team school game'

2022-04-14 16:10:51 - [MESSAGE][PASSED] - Text 'Омские' is set on object 'Object Repository/Avangard New/Object (Администратор)/Сase (Игровая статистика)/input__team school game'

2022-04-14 16:10:51 - [TEST_STEP][PASSED] - sendKeys(findTestObject("Object Repository/Avangard New/Object (Администратор)/Сase (Игровая статистика)/input__team school game"), Keys.chord(ENTER)): Keys 'ENTER + ' sent to object: 'Object Repository/Avangard New/Object (Администратор)/Сase (Игровая статистика)/input__team school game'

2022-04-14 16:10:52 - [MESSAGE][PASSED] - Keys 'ENTER + ' sent to object: 'Object Repository/Avangard New/Object (Администратор)/Сase (Игровая статистика)/input__team school game'

2022-04-14 16:10:52 - [TEST_STEP][PASSED] - setText(findTestObject("Object Repository/Avangard New/Object (Администратор)/Сase (Игровая статистика)/input__amplua"), "Нападающий"): Text 'Нападающий' is set on object 'Object Repository/Avangard New/Object (Администратор)/Сase (Игровая статистика)/input__amplua'

2022-04-14 16:10:53 - [MESSAGE][PASSED] - Text 'Нападающий' is set on object 'Object Repository/Avangard New/Object (Администратор)/Сase (Игровая статистика)/input__amplua'

2022-04-14 16:10:53 - [TEST_STEP][PASSED] - sendKeys(findTestObject("Object Repository/Avangard New/Object (Администратор)/Сase (Игровая статистика)/input__amplua"), Keys.chord(ENTER)): Keys 'ENTER + ' sent to object: 'Object Repository/Avangard New/Object (Администратор)/Сase (Игровая статистика)/input__amplua'

2022-04-14 16:10:53 - [MESSAGE][PASSED] - Keys 'ENTER + ' sent to object: 'Object Repository/Avangard New/Object (Администратор)/Сase (Игровая статистика)/input__amplua'

2022-04-14 16:10:53 - [TEST_STEP][PASSED] - verifyElementText(findTestObject("Avangard New/Object (Администратор)/Сase (Игровая статистика)/match stat"), "Матчи"): Actual text and expected text of test object 'Object Repository/Avangard New/Object (Администратор)/Сase (Игровая статистика)/match stat' are matched.

2022-04-14 16:10:55 - [MESSAGE][PASSED] - Actual text and expected text of test object 'Object Repository/Avangard New/Object (Администратор)/Сase (Игровая статистика)/match stat' are matched.

2022-04-14 16:10:55 - [TEST_STEP][PASSED] - verifyElementText(findTestObject("Avangard New/Object (Администратор)/Сase (Игровая статистика)/game stat time"), "Игр. время"): Actual text and expected text of test object 'Object Repository/Avangard New/Object (Администратор)/Сase (Игровая статистика)/game stat time' are matched.

2022-04-14 16:10:55 - [MESSAGE][PASSED] - Actual text and expected text of test object 'Object Repository/Avangard New/Object (Администратор)/Сase (Игровая статистика)/game stat time' are matched.

2022-04-14 16:10:55 - [TEST_STEP][PASSED] - verifyElementVisible(findTestObject("Object Repository/Avangard New/Object (Администратор)/Сase (Игровая статистика)/stat mach number")): Object 'Object Repository/Avangard New/Object (Администратор)/Сase (Игровая статистика)/stat mach number' is visible

2022-04-14 16:10:56 - [MESSAGE][PASSED] - Object 'Object Repository/Avangard New/Object (Администратор)/Сase (Игровая статистика)/stat mach number' is visible

2022-04-14 16:10:56 - [TEST_STEP][PASSED] - verifyElementVisible(findTestObject("Object Repository/Avangard New/Object (Администратор)/Сase (Игровая статистика)/grade stat gamne")): Object 'Object Repository/Avangard New/Object (Администратор)/Сase (Игровая статистика)/grade stat gamne' is visible

2022-04-14 16:10:56 - [MESSAGE][PASSED] - Object 'Object Repository/Avangard New/Object (Администратор)/Сase (Игровая статистика)/grade stat gamne' is visible

2022-04-14 16:10:56 - [TEST_STEP][PASSED] - closeBrowser(): Browser is closed

2022-04-14 16:10:57 - [MESSAGE][PASSED] - Browser is closed]]></system-out>
         <system-err><![CDATA[]]></system-err>
      </testcase>
      <testcase name="Test Cases/Администратор/ОТЧЕТЫ функциональные тесты/будет переделываться Отчет по играм за период" time="49.295" classname="Test Cases/Администратор/ОТЧЕТЫ функциональные тесты/будет переделываться Отчет по играм за период" status="FAILED">
         <failure type="FAILED" message="Test Cases/Администратор/ОТЧЕТЫ функциональные тесты/будет переделываться Отчет по играм за период FAILED.
Reason:
com.kms.katalon.core.exception.StepFailedException: Unable to verify text 'ОТЧЕТ ПО ИГРАМ ЗА ПЕРИОД' is present  using regular expression
	at com.kms.katalon.core.webui.keyword.internal.WebUIKeywordMain.stepFailed(WebUIKeywordMain.groovy:64)
	at com.kms.katalon.core.webui.keyword.internal.WebUIKeywordMain.runKeyword(WebUIKeywordMain.groovy:26)
	at com.kms.katalon.core.webui.keyword.builtin.VerifyTextPresentKeyword.verifyTextPresent(VerifyTextPresentKeyword.groovy:83)
	at com.kms.katalon.core.webui.keyword.builtin.VerifyTextPresentKeyword.execute(VerifyTextPresentKeyword.groovy:68)
	at com.kms.katalon.core.keyword.internal.KeywordExecutor.executeKeywordForPlatform(KeywordExecutor.groovy:74)
	at com.kms.katalon.core.webui.keyword.WebUiBuiltInKeywords.verifyTextPresent(WebUiBuiltInKeywords.groovy:1723)
	at com.kms.katalon.core.webui.keyword.WebUiBuiltInKeywords$verifyTextPresent$8.call(Unknown Source)
	at будет переделываться Отчет по играм за период.run(будет переделываться Отчет по играм за период:28)
	at com.kms.katalon.core.main.ScriptEngine.run(ScriptEngine.java:194)
	at com.kms.katalon.core.main.ScriptEngine.runScriptAsRawText(ScriptEngine.java:119)
	at com.kms.katalon.core.main.TestCaseExecutor.runScript(TestCaseExecutor.java:442)
	at com.kms.katalon.core.main.TestCaseExecutor.doExecute(TestCaseExecutor.java:433)
	at com.kms.katalon.core.main.TestCaseExecutor.processExecutionPhase(TestCaseExecutor.java:412)
	at com.kms.katalon.core.main.TestCaseExecutor.accessMainPhase(TestCaseExecutor.java:404)
	at com.kms.katalon.core.main.TestCaseExecutor.execute(TestCaseExecutor.java:281)
	at com.kms.katalon.core.main.TestCaseExecutor.execute(TestCaseExecutor.java:363)
	at com.kms.katalon.core.main.TestCaseExecutor.execute(TestCaseExecutor.java:363)
	at com.kms.katalon.core.main.TestCaseExecutor.execute(TestCaseExecutor.java:363)
	at com.kms.katalon.core.main.TestSuiteExecutor.accessTestCaseMainPhase(TestSuiteExecutor.java:202)
	at com.kms.katalon.core.main.TestSuiteExecutor.accessTestSuiteMainPhase(TestSuiteExecutor.java:164)
	at com.kms.katalon.core.main.TestSuiteExecutor.execute(TestSuiteExecutor.java:105)
	at com.kms.katalon.core.main.TestCaseMain.startTestSuite(TestCaseMain.java:185)
	at com.kms.katalon.core.main.TestCaseMain$startTestSuite$0.call(Unknown Source)
	at TempTestSuite1649941155960.run(TempTestSuite1649941155960.groovy:36)
Caused by: com.kms.katalon.core.exception.StepFailedException: Text 'ОТЧЕТ ПО ИГРАМ ЗА ПЕРИОД' is not present on page  using regular expression
	at com.kms.katalon.core.webui.keyword.internal.WebUIKeywordMain.stepFailed(WebUIKeywordMain.groovy:64)
	at com.kms.katalon.core.webui.keyword.builtin.VerifyTextPresentKeyword$_verifyTextPresent_closure1.doCall(VerifyTextPresentKeyword.groovy:79)
	at com.kms.katalon.core.webui.keyword.builtin.VerifyTextPresentKeyword$_verifyTextPresent_closure1.call(VerifyTextPresentKeyword.groovy)
	at com.kms.katalon.core.webui.keyword.internal.WebUIKeywordMain.runKeyword(WebUIKeywordMain.groovy:20)
	... 22 more
"/>
         <system-out><![CDATA[2022-04-14 16:13:27 - [TEST_CASE][FAILED] - Test Cases/Администратор/ОТЧЕТЫ функциональные тесты/будет переделываться Отчет по играм за период: Test Cases/Администратор/ОТЧЕТЫ функциональные тесты/будет переделываться Отчет по играм за период FAILED.
Reason:
com.kms.katalon.core.exception.StepFailedException: Unable to verify text 'ОТЧЕТ ПО ИГРАМ ЗА ПЕРИОД' is present  using regular expression
	at com.kms.katalon.core.webui.keyword.internal.WebUIKeywordMain.stepFailed(WebUIKeywordMain.groovy:64)
	at com.kms.katalon.core.webui.keyword.internal.WebUIKeywordMain.runKeyword(WebUIKeywordMain.groovy:26)
	at com.kms.katalon.core.webui.keyword.builtin.VerifyTextPresentKeyword.verifyTextPresent(VerifyTextPresentKeyword.groovy:83)
	at com.kms.katalon.core.webui.keyword.builtin.VerifyTextPresentKeyword.execute(VerifyTextPresentKeyword.groovy:68)
	at com.kms.katalon.core.keyword.internal.KeywordExecutor.executeKeywordForPlatform(KeywordExecutor.groovy:74)
	at com.kms.katalon.core.webui.keyword.WebUiBuiltInKeywords.verifyTextPresent(WebUiBuiltInKeywords.groovy:1723)
	at com.kms.katalon.core.webui.keyword.WebUiBuiltInKeywords$verifyTextPresent$8.call(Unknown Source)
	at будет переделываться Отчет по играм за период.run(будет переделываться Отчет по играм за период:28)
	at com.kms.katalon.core.main.ScriptEngine.run(ScriptEngine.java:194)
	at com.kms.katalon.core.main.ScriptEngine.runScriptAsRawText(ScriptEngine.java:119)
	at com.kms.katalon.core.main.TestCaseExecutor.runScript(TestCaseExecutor.java:442)
	at com.kms.katalon.core.main.TestCaseExecutor.doExecute(TestCaseExecutor.java:433)
	at com.kms.katalon.core.main.TestCaseExecutor.processExecutionPhase(TestCaseExecutor.java:412)
	at com.kms.katalon.core.main.TestCaseExecutor.accessMainPhase(TestCaseExecutor.java:404)
	at com.kms.katalon.core.main.TestCaseExecutor.execute(TestCaseExecutor.java:281)
	at com.kms.katalon.core.main.TestCaseExecutor.execute(TestCaseExecutor.java:363)
	at com.kms.katalon.core.main.TestCaseExecutor.execute(TestCaseExecutor.java:363)
	at com.kms.katalon.core.main.TestCaseExecutor.execute(TestCaseExecutor.java:363)
	at com.kms.katalon.core.main.TestSuiteExecutor.accessTestCaseMainPhase(TestSuiteExecutor.java:202)
	at com.kms.katalon.core.main.TestSuiteExecutor.accessTestSuiteMainPhase(TestSuiteExecutor.java:164)
	at com.kms.katalon.core.main.TestSuiteExecutor.execute(TestSuiteExecutor.java:105)
	at com.kms.katalon.core.main.TestCaseMain.startTestSuite(TestCaseMain.java:185)
	at com.kms.katalon.core.main.TestCaseMain$startTestSuite$0.call(Unknown Source)
	at TempTestSuite1649941155960.run(TempTestSuite1649941155960.groovy:36)
Caused by: com.kms.katalon.core.exception.StepFailedException: Text 'ОТЧЕТ ПО ИГРАМ ЗА ПЕРИОД' is not present on page  using regular expression
	at com.kms.katalon.core.webui.keyword.internal.WebUIKeywordMain.stepFailed(WebUIKeywordMain.groovy:64)
	at com.kms.katalon.core.webui.keyword.builtin.VerifyTextPresentKeyword$_verifyTextPresent_closure1.doCall(VerifyTextPresentKeyword.groovy:79)
	at com.kms.katalon.core.webui.keyword.builtin.VerifyTextPresentKeyword$_verifyTextPresent_closure1.call(VerifyTextPresentKeyword.groovy)
	at com.kms.katalon.core.webui.keyword.internal.WebUIKeywordMain.runKeyword(WebUIKeywordMain.groovy:20)
	... 22 more


2022-04-14 16:13:27 - [TEST_STEP][PASSED] - callTestCase(findTestCase("Администратор/Авторизация"), [:], STOP_ON_FAILURE): Call Test Case 'Test Cases/Администратор/Авторизация' successfully

2022-04-14 16:13:27 - [TEST_CASE][PASSED] - Test Cases/Администратор/Авторизация: Test Cases/Администратор/Авторизация

2022-04-14 16:13:27 - [TEST_STEP][PASSED] - openBrowser(""): Browser is opened with url: ''

2022-04-14 16:13:27 - [MESSAGE][WARNING] - A browser is already opened. Closing browser and opening a new one

2022-04-14 16:13:28 - [MESSAGE][INFO] - Starting 'Chrome' driver

2022-04-14 16:13:28 - [MESSAGE][INFO] - Action delay is set to 100 milliseconds

2022-04-14 16:13:29 - [MESSAGE][PASSED] - Browser is opened with url: ''

2022-04-14 16:13:29 - [TEST_STEP][PASSED] - maximizeWindow(): Current window maximized

2022-04-14 16:13:29 - [MESSAGE][PASSED] - Current window maximized

2022-04-14 16:13:29 - [TEST_STEP][PASSED] - navigateToUrl(url): Navigate to 'https://stars-stage.hawk.ru:8080' successfully

2022-04-14 16:13:33 - [MESSAGE][PASSED] - Navigate to 'https://stars-stage.hawk.ru:8080' successfully

2022-04-14 16:13:33 - [TEST_STEP][PASSED] - setText(findTestObject("Object Repository/Page_/input__sc-lnrBVv eqPACj"), admin_login): Text 'eronko.i@hc-avangard.com' is set on object 'Object Repository/Page_/input__sc-lnrBVv eqPACj'

2022-04-14 16:13:34 - [MESSAGE][PASSED] - Text 'eronko.i@hc-avangard.com' is set on object 'Object Repository/Page_/input__sc-lnrBVv eqPACj'

2022-04-14 16:13:34 - [TEST_STEP][PASSED] - setText(findTestObject("Object Repository/Page_/input__sc-lnrBVv eqPACj_1"), admin_password): Text 'eronko.i' is set on object 'Object Repository/Page_/input__sc-lnrBVv eqPACj_1'

2022-04-14 16:13:35 - [MESSAGE][PASSED] - Text 'eronko.i' is set on object 'Object Repository/Page_/input__sc-lnrBVv eqPACj_1'

2022-04-14 16:13:35 - [TEST_STEP][PASSED] - click(findTestObject("Object Repository/Page_/go")): Object: 'Object Repository/Page_/go' is clicked on

2022-04-14 16:13:35 - [MESSAGE][PASSED] - Object: 'Object Repository/Page_/go' is clicked on

2022-04-14 16:13:35 - [MESSAGE][PASSED] - Call Test Case 'Test Cases/Администратор/Авторизация' successfully

2022-04-14 16:13:35 - [TEST_STEP][PASSED] - click(findTestObject("Object Repository/Avangard New/Object (Администратор)/Сase (Игровая статистика)/report")): Object: 'Object Repository/Avangard New/Object (Администратор)/Сase (Игровая статистика)/report' is clicked on

2022-04-14 16:13:42 - [MESSAGE][PASSED] - Object: 'Object Repository/Avangard New/Object (Администратор)/Сase (Игровая статистика)/report' is clicked on

2022-04-14 16:13:42 - [TEST_STEP][PASSED] - click(findTestObject("Object Repository/admin/reports/period/Page_/div_")): Object: 'Object Repository/admin/reports/period/Page_/div_' is clicked on

2022-04-14 16:14:13 - [MESSAGE][INFO] - Unable to find the element located by 'By.xpath: //*/text()[normalize-space(.)='Отчет по играм за период']/parent::*'. Please recheck the objects properties to make sure the desired element is located. 

2022-04-14 16:14:13 - [MESSAGE][WARNING] - [SELF-HEALING] Failed to find element with id 'Object Repository/admin/reports/period/Page_/div_'. Try using Self-healing.

2022-04-14 16:14:14 - [MESSAGE][WARNING] - [SELF-HEALING] The current locator of test object 'Object Repository/admin/reports/period/Page_/div_' was broken. Propose an alternative one: '(.//*[normalize-space(text()) and normalize-space(.)='Оценка навыков'])[1]/preceding::div[4]'.

2022-04-14 16:14:14 - [MESSAGE][PASSED] - Object: 'Object Repository/admin/reports/period/Page_/div_' is clicked on

2022-04-14 16:14:14 - [TEST_STEP][FAILED] - verifyTextPresent("ОТЧЕТ ПО ИГРАМ ЗА ПЕРИОД", true): Unable to verify text 'ОТЧЕТ ПО ИГРАМ ЗА ПЕРИОД' is present  using regular expression (Root cause: com.kms.katalon.core.exception.StepFailedException: Unable to verify text 'ОТЧЕТ ПО ИГРАМ ЗА ПЕРИОД' is present  using regular expression
	at com.kms.katalon.core.webui.keyword.internal.WebUIKeywordMain.stepFailed(WebUIKeywordMain.groovy:64)
	at com.kms.katalon.core.webui.keyword.internal.WebUIKeywordMain.runKeyword(WebUIKeywordMain.groovy:26)
	at com.kms.katalon.core.webui.keyword.builtin.VerifyTextPresentKeyword.verifyTextPresent(VerifyTextPresentKeyword.groovy:83)
	at com.kms.katalon.core.webui.keyword.builtin.VerifyTextPresentKeyword.execute(VerifyTextPresentKeyword.groovy:68)
	at com.kms.katalon.core.keyword.internal.KeywordExecutor.executeKeywordForPlatform(KeywordExecutor.groovy:74)
	at com.kms.katalon.core.webui.keyword.WebUiBuiltInKeywords.verifyTextPresent(WebUiBuiltInKeywords.groovy:1723)
	at com.kms.katalon.core.webui.keyword.WebUiBuiltInKeywords$verifyTextPresent$8.call(Unknown Source)
	at будет переделываться Отчет по играм за период.run(будет переделываться Отчет по играм за период:28)
	at com.kms.katalon.core.main.ScriptEngine.run(ScriptEngine.java:194)
	at com.kms.katalon.core.main.ScriptEngine.runScriptAsRawText(ScriptEngine.java:119)
	at com.kms.katalon.core.main.TestCaseExecutor.runScript(TestCaseExecutor.java:442)
	at com.kms.katalon.core.main.TestCaseExecutor.doExecute(TestCaseExecutor.java:433)
	at com.kms.katalon.core.main.TestCaseExecutor.processExecutionPhase(TestCaseExecutor.java:412)
	at com.kms.katalon.core.main.TestCaseExecutor.accessMainPhase(TestCaseExecutor.java:404)
	at com.kms.katalon.core.main.TestCaseExecutor.execute(TestCaseExecutor.java:281)
	at com.kms.katalon.core.main.TestCaseExecutor.execute(TestCaseExecutor.java:363)
	at com.kms.katalon.core.main.TestCaseExecutor.execute(TestCaseExecutor.java:363)
	at com.kms.katalon.core.main.TestCaseExecutor.execute(TestCaseExecutor.java:363)
	at com.kms.katalon.core.main.TestSuiteExecutor.accessTestCaseMainPhase(TestSuiteExecutor.java:202)
	at com.kms.katalon.core.main.TestSuiteExecutor.accessTestSuiteMainPhase(TestSuiteExecutor.java:164)
	at com.kms.katalon.core.main.TestSuiteExecutor.execute(TestSuiteExecutor.java:105)
	at com.kms.katalon.core.main.TestCaseMain.startTestSuite(TestCaseMain.java:185)
	at com.kms.katalon.core.main.TestCaseMain$startTestSuite$0.call(Unknown Source)
	at TempTestSuite1649941155960.run(TempTestSuite1649941155960.groovy:36)
Caused by: com.kms.katalon.core.exception.StepFailedException: Text 'ОТЧЕТ ПО ИГРАМ ЗА ПЕРИОД' is not present on page  using regular expression
	at com.kms.katalon.core.webui.keyword.internal.WebUIKeywordMain.stepFailed(WebUIKeywordMain.groovy:64)
	at com.kms.katalon.core.webui.keyword.builtin.VerifyTextPresentKeyword$_verifyTextPresent_closure1.doCall(VerifyTextPresentKeyword.groovy:79)
	at com.kms.katalon.core.webui.keyword.builtin.VerifyTextPresentKeyword$_verifyTextPresent_closure1.call(VerifyTextPresentKeyword.groovy)
	at com.kms.katalon.core.webui.keyword.internal.WebUIKeywordMain.runKeyword(WebUIKeywordMain.groovy:20)
	... 22 more
)

2022-04-14 16:14:16 - [MESSAGE][FAILED] - Text 'ОТЧЕТ ПО ИГРАМ ЗА ПЕРИОД' is not present on page  using regular expression (Root cause: com.kms.katalon.core.exception.StepFailedException: Text 'ОТЧЕТ ПО ИГРАМ ЗА ПЕРИОД' is not present on page  using regular expression
	at com.kms.katalon.core.webui.keyword.internal.WebUIKeywordMain.stepFailed(WebUIKeywordMain.groovy:64)
	at com.kms.katalon.core.webui.keyword.builtin.VerifyTextPresentKeyword$_verifyTextPresent_closure1.doCall(VerifyTextPresentKeyword.groovy:79)
	at com.kms.katalon.core.webui.keyword.builtin.VerifyTextPresentKeyword$_verifyTextPresent_closure1.call(VerifyTextPresentKeyword.groovy)
	at com.kms.katalon.core.webui.keyword.internal.WebUIKeywordMain.runKeyword(WebUIKeywordMain.groovy:20)
	at com.kms.katalon.core.webui.keyword.builtin.VerifyTextPresentKeyword.verifyTextPresent(VerifyTextPresentKeyword.groovy:83)
	at com.kms.katalon.core.webui.keyword.builtin.VerifyTextPresentKeyword.execute(VerifyTextPresentKeyword.groovy:68)
	at com.kms.katalon.core.keyword.internal.KeywordExecutor.executeKeywordForPlatform(KeywordExecutor.groovy:74)
	at com.kms.katalon.core.webui.keyword.WebUiBuiltInKeywords.verifyTextPresent(WebUiBuiltInKeywords.groovy:1723)
	at com.kms.katalon.core.webui.keyword.WebUiBuiltInKeywords$verifyTextPresent$8.call(Unknown Source)
	at будет переделываться Отчет по играм за период.run(будет переделываться Отчет по играм за период:28)
	at com.kms.katalon.core.main.ScriptEngine.run(ScriptEngine.java:194)
	at com.kms.katalon.core.main.ScriptEngine.runScriptAsRawText(ScriptEngine.java:119)
	at com.kms.katalon.core.main.TestCaseExecutor.runScript(TestCaseExecutor.java:442)
	at com.kms.katalon.core.main.TestCaseExecutor.doExecute(TestCaseExecutor.java:433)
	at com.kms.katalon.core.main.TestCaseExecutor.processExecutionPhase(TestCaseExecutor.java:412)
	at com.kms.katalon.core.main.TestCaseExecutor.accessMainPhase(TestCaseExecutor.java:404)
	at com.kms.katalon.core.main.TestCaseExecutor.execute(TestCaseExecutor.java:281)
	at com.kms.katalon.core.main.TestCaseExecutor.execute(TestCaseExecutor.java:363)
	at com.kms.katalon.core.main.TestCaseExecutor.execute(TestCaseExecutor.java:363)
	at com.kms.katalon.core.main.TestCaseExecutor.execute(TestCaseExecutor.java:363)
	at com.kms.katalon.core.main.TestSuiteExecutor.accessTestCaseMainPhase(TestSuiteExecutor.java:202)
	at com.kms.katalon.core.main.TestSuiteExecutor.accessTestSuiteMainPhase(TestSuiteExecutor.java:164)
	at com.kms.katalon.core.main.TestSuiteExecutor.execute(TestSuiteExecutor.java:105)
	at com.kms.katalon.core.main.TestCaseMain.startTestSuite(TestCaseMain.java:185)
	at com.kms.katalon.core.main.TestCaseMain$startTestSuite$0.call(Unknown Source)
	at TempTestSuite1649941155960.run(TempTestSuite1649941155960.groovy:36)
)

2022-04-14 16:14:16 - [MESSAGE][FAILED] - Unable to verify text 'ОТЧЕТ ПО ИГРАМ ЗА ПЕРИОД' is present  using regular expression (Root cause: com.kms.katalon.core.exception.StepFailedException: Unable to verify text 'ОТЧЕТ ПО ИГРАМ ЗА ПЕРИОД' is present  using regular expression
	at com.kms.katalon.core.webui.keyword.internal.WebUIKeywordMain.stepFailed(WebUIKeywordMain.groovy:64)
	at com.kms.katalon.core.webui.keyword.internal.WebUIKeywordMain.runKeyword(WebUIKeywordMain.groovy:26)
	at com.kms.katalon.core.webui.keyword.builtin.VerifyTextPresentKeyword.verifyTextPresent(VerifyTextPresentKeyword.groovy:83)
	at com.kms.katalon.core.webui.keyword.builtin.VerifyTextPresentKeyword.execute(VerifyTextPresentKeyword.groovy:68)
	at com.kms.katalon.core.keyword.internal.KeywordExecutor.executeKeywordForPlatform(KeywordExecutor.groovy:74)
	at com.kms.katalon.core.webui.keyword.WebUiBuiltInKeywords.verifyTextPresent(WebUiBuiltInKeywords.groovy:1723)
	at com.kms.katalon.core.webui.keyword.WebUiBuiltInKeywords$verifyTextPresent$8.call(Unknown Source)
	at будет переделываться Отчет по играм за период.run(будет переделываться Отчет по играм за период:28)
	at com.kms.katalon.core.main.ScriptEngine.run(ScriptEngine.java:194)
	at com.kms.katalon.core.main.ScriptEngine.runScriptAsRawText(ScriptEngine.java:119)
	at com.kms.katalon.core.main.TestCaseExecutor.runScript(TestCaseExecutor.java:442)
	at com.kms.katalon.core.main.TestCaseExecutor.doExecute(TestCaseExecutor.java:433)
	at com.kms.katalon.core.main.TestCaseExecutor.processExecutionPhase(TestCaseExecutor.java:412)
	at com.kms.katalon.core.main.TestCaseExecutor.accessMainPhase(TestCaseExecutor.java:404)
	at com.kms.katalon.core.main.TestCaseExecutor.execute(TestCaseExecutor.java:281)
	at com.kms.katalon.core.main.TestCaseExecutor.execute(TestCaseExecutor.java:363)
	at com.kms.katalon.core.main.TestCaseExecutor.execute(TestCaseExecutor.java:363)
	at com.kms.katalon.core.main.TestCaseExecutor.execute(TestCaseExecutor.java:363)
	at com.kms.katalon.core.main.TestSuiteExecutor.accessTestCaseMainPhase(TestSuiteExecutor.java:202)
	at com.kms.katalon.core.main.TestSuiteExecutor.accessTestSuiteMainPhase(TestSuiteExecutor.java:164)
	at com.kms.katalon.core.main.TestSuiteExecutor.execute(TestSuiteExecutor.java:105)
	at com.kms.katalon.core.main.TestCaseMain.startTestSuite(TestCaseMain.java:185)
	at com.kms.katalon.core.main.TestCaseMain$startTestSuite$0.call(Unknown Source)
	at TempTestSuite1649941155960.run(TempTestSuite1649941155960.groovy:36)
Caused by: com.kms.katalon.core.exception.StepFailedException: Text 'ОТЧЕТ ПО ИГРАМ ЗА ПЕРИОД' is not present on page  using regular expression
	at com.kms.katalon.core.webui.keyword.internal.WebUIKeywordMain.stepFailed(WebUIKeywordMain.groovy:64)
	at com.kms.katalon.core.webui.keyword.builtin.VerifyTextPresentKeyword$_verifyTextPresent_closure1.doCall(VerifyTextPresentKeyword.groovy:79)
	at com.kms.katalon.core.webui.keyword.builtin.VerifyTextPresentKeyword$_verifyTextPresent_closure1.call(VerifyTextPresentKeyword.groovy)
	at com.kms.katalon.core.webui.keyword.internal.WebUIKeywordMain.runKeyword(WebUIKeywordMain.groovy:20)
	... 22 more
)
[[ATTACHMENT|C:\\Users\\LENOVO\\Katalon Studio\\Avangard\\Reports\\20220414_155908\\\u041C\u0435\u043D\u0435\u0436\u0434\u0435\u0440\\20220414_155915\\1649942056522.png]]]]></system-out>
         <system-err><![CDATA[2022-04-14 16:13:27 - [TEST_CASE][FAILED] - Test Cases/Администратор/ОТЧЕТЫ функциональные тесты/будет переделываться Отчет по играм за период: Test Cases/Администратор/ОТЧЕТЫ функциональные тесты/будет переделываться Отчет по играм за период FAILED.
Reason:
com.kms.katalon.core.exception.StepFailedException: Unable to verify text 'ОТЧЕТ ПО ИГРАМ ЗА ПЕРИОД' is present  using regular expression
	at com.kms.katalon.core.webui.keyword.internal.WebUIKeywordMain.stepFailed(WebUIKeywordMain.groovy:64)
	at com.kms.katalon.core.webui.keyword.internal.WebUIKeywordMain.runKeyword(WebUIKeywordMain.groovy:26)
	at com.kms.katalon.core.webui.keyword.builtin.VerifyTextPresentKeyword.verifyTextPresent(VerifyTextPresentKeyword.groovy:83)
	at com.kms.katalon.core.webui.keyword.builtin.VerifyTextPresentKeyword.execute(VerifyTextPresentKeyword.groovy:68)
	at com.kms.katalon.core.keyword.internal.KeywordExecutor.executeKeywordForPlatform(KeywordExecutor.groovy:74)
	at com.kms.katalon.core.webui.keyword.WebUiBuiltInKeywords.verifyTextPresent(WebUiBuiltInKeywords.groovy:1723)
	at com.kms.katalon.core.webui.keyword.WebUiBuiltInKeywords$verifyTextPresent$8.call(Unknown Source)
	at будет переделываться Отчет по играм за период.run(будет переделываться Отчет по играм за период:28)
	at com.kms.katalon.core.main.ScriptEngine.run(ScriptEngine.java:194)
	at com.kms.katalon.core.main.ScriptEngine.runScriptAsRawText(ScriptEngine.java:119)
	at com.kms.katalon.core.main.TestCaseExecutor.runScript(TestCaseExecutor.java:442)
	at com.kms.katalon.core.main.TestCaseExecutor.doExecute(TestCaseExecutor.java:433)
	at com.kms.katalon.core.main.TestCaseExecutor.processExecutionPhase(TestCaseExecutor.java:412)
	at com.kms.katalon.core.main.TestCaseExecutor.accessMainPhase(TestCaseExecutor.java:404)
	at com.kms.katalon.core.main.TestCaseExecutor.execute(TestCaseExecutor.java:281)
	at com.kms.katalon.core.main.TestCaseExecutor.execute(TestCaseExecutor.java:363)
	at com.kms.katalon.core.main.TestCaseExecutor.execute(TestCaseExecutor.java:363)
	at com.kms.katalon.core.main.TestCaseExecutor.execute(TestCaseExecutor.java:363)
	at com.kms.katalon.core.main.TestSuiteExecutor.accessTestCaseMainPhase(TestSuiteExecutor.java:202)
	at com.kms.katalon.core.main.TestSuiteExecutor.accessTestSuiteMainPhase(TestSuiteExecutor.java:164)
	at com.kms.katalon.core.main.TestSuiteExecutor.execute(TestSuiteExecutor.java:105)
	at com.kms.katalon.core.main.TestCaseMain.startTestSuite(TestCaseMain.java:185)
	at com.kms.katalon.core.main.TestCaseMain$startTestSuite$0.call(Unknown Source)
	at TempTestSuite1649941155960.run(TempTestSuite1649941155960.groovy:36)
Caused by: com.kms.katalon.core.exception.StepFailedException: Text 'ОТЧЕТ ПО ИГРАМ ЗА ПЕРИОД' is not present on page  using regular expression
	at com.kms.katalon.core.webui.keyword.internal.WebUIKeywordMain.stepFailed(WebUIKeywordMain.groovy:64)
	at com.kms.katalon.core.webui.keyword.builtin.VerifyTextPresentKeyword$_verifyTextPresent_closure1.doCall(VerifyTextPresentKeyword.groovy:79)
	at com.kms.katalon.core.webui.keyword.builtin.VerifyTextPresentKeyword$_verifyTextPresent_closure1.call(VerifyTextPresentKeyword.groovy)
	at com.kms.katalon.core.webui.keyword.internal.WebUIKeywordMain.runKeyword(WebUIKeywordMain.groovy:20)
	... 22 more]]></system-err>
      </testcase>
      <testcase name="Test Cases/Администратор/Профиль игрока (Для проверки и под менеджером)" time="37.242" classname="Test Cases/Администратор/Профиль игрока (Для проверки и под менеджером)" status="PASSED">
         <system-out><![CDATA[2022-04-14 16:14:16 - [TEST_CASE][PASSED] - Test Cases/Администратор/Профиль игрока (Для проверки и под менеджером): Test Cases/Администратор/Профиль игрока (Для проверки и под менеджером)

2022-04-14 16:14:17 - [TEST_STEP][NOT_RUN] - verifyElementText(findTestObject("Avangard New/Object (Администратор)/Case (Профиль игрока)/role admin"), "Администратор"): NOT_RUN: verifyElementText(findTestObject("Avangard New/Object (Администратор)/Case (Профиль игрока)/role admin"), "Администратор")

2022-04-14 16:14:17 - [MESSAGE][NOT_RUN] - NOT_RUN: verifyElementText(findTestObject("Avangard New/Object (Администратор)/Case (Профиль игрока)/role admin"), "Администратор")

2022-04-14 16:14:17 - [TEST_STEP][PASSED] - callTestCase(findTestCase("Администратор/Авторизация"), [:], STOP_ON_FAILURE): Call Test Case 'Test Cases/Администратор/Авторизация' successfully

2022-04-14 16:14:17 - [TEST_CASE][PASSED] - Test Cases/Администратор/Авторизация: Test Cases/Администратор/Авторизация

2022-04-14 16:14:17 - [TEST_STEP][PASSED] - openBrowser(""): Browser is opened with url: ''

2022-04-14 16:14:17 - [MESSAGE][WARNING] - A browser is already opened. Closing browser and opening a new one

2022-04-14 16:14:17 - [MESSAGE][INFO] - Starting 'Chrome' driver

2022-04-14 16:14:17 - [MESSAGE][INFO] - Action delay is set to 100 milliseconds

2022-04-14 16:14:18 - [MESSAGE][PASSED] - Browser is opened with url: ''

2022-04-14 16:14:18 - [TEST_STEP][PASSED] - maximizeWindow(): Current window maximized

2022-04-14 16:14:19 - [MESSAGE][PASSED] - Current window maximized

2022-04-14 16:14:19 - [TEST_STEP][PASSED] - navigateToUrl(url): Navigate to 'https://stars-stage.hawk.ru:8080' successfully

2022-04-14 16:14:23 - [MESSAGE][PASSED] - Navigate to 'https://stars-stage.hawk.ru:8080' successfully

2022-04-14 16:14:23 - [TEST_STEP][PASSED] - setText(findTestObject("Object Repository/Page_/input__sc-lnrBVv eqPACj"), admin_login): Text 'eronko.i@hc-avangard.com' is set on object 'Object Repository/Page_/input__sc-lnrBVv eqPACj'

2022-04-14 16:14:24 - [MESSAGE][PASSED] - Text 'eronko.i@hc-avangard.com' is set on object 'Object Repository/Page_/input__sc-lnrBVv eqPACj'

2022-04-14 16:14:24 - [TEST_STEP][PASSED] - setText(findTestObject("Object Repository/Page_/input__sc-lnrBVv eqPACj_1"), admin_password): Text 'eronko.i' is set on object 'Object Repository/Page_/input__sc-lnrBVv eqPACj_1'

2022-04-14 16:14:25 - [MESSAGE][PASSED] - Text 'eronko.i' is set on object 'Object Repository/Page_/input__sc-lnrBVv eqPACj_1'

2022-04-14 16:14:25 - [TEST_STEP][PASSED] - click(findTestObject("Object Repository/Page_/go")): Object: 'Object Repository/Page_/go' is clicked on

2022-04-14 16:14:25 - [MESSAGE][PASSED] - Object: 'Object Repository/Page_/go' is clicked on

2022-04-14 16:14:25 - [MESSAGE][PASSED] - Call Test Case 'Test Cases/Администратор/Авторизация' successfully

2022-04-14 16:14:25 - [TEST_STEP][PASSED] - scrollToElement(findTestObject("Avangard New/Object (Администратор)/Case (Профиль игрока)/role admin"), 0): Scroll to object 'Object Repository/Avangard New/Object (Администратор)/Case (Профиль игрока)/role admin' successfully

2022-04-14 16:14:25 - [MESSAGE][WARNING] - Timeout '0' is invalid. Using default page load timeout: '30'

2022-04-14 16:14:31 - [MESSAGE][PASSED] - Scroll to object 'Object Repository/Avangard New/Object (Администратор)/Case (Профиль игрока)/role admin' successfully

2022-04-14 16:14:31 - [TEST_STEP][PASSED] - if (verifyElementText(findTestObject("Avangard New/Object (Администратор)/Case (Профиль игрока)/role admin"), "Администратор", OPTIONAL) == true): Actual text 'Менеджер' and expected text 'Администратор' of test object 'Object Repository/Avangard New/Object (Администратор)/Case (Профиль игрока)/role admin' are NOT matched. (Root cause: com.kms.katalon.core.exception.StepFailedException: Actual text 'Менеджер' and expected text 'Администратор' of test object 'Object Repository/Avangard New/Object (Администратор)/Case (Профиль игрока)/role admin' are NOT matched.
	at com.kms.katalon.core.webui.keyword.internal.WebUIKeywordMain.stepFailed(WebUIKeywordMain.groovy:64)
	at com.kms.katalon.core.webui.keyword.builtin.VerifyElementTextKeyword$_verifyElementText_closure1.doCall(VerifyElementTextKeyword.groovy:57)
	at com.kms.katalon.core.webui.keyword.builtin.VerifyElementTextKeyword$_verifyElementText_closure1.call(VerifyElementTextKeyword.groovy)
	at com.kms.katalon.core.webui.keyword.internal.WebUIKeywordMain.runKeyword(WebUIKeywordMain.groovy:20)
	at com.kms.katalon.core.webui.keyword.builtin.VerifyElementTextKeyword.verifyElementText(VerifyElementTextKeyword.groovy:72)
	at com.kms.katalon.core.webui.keyword.builtin.VerifyElementTextKeyword.execute(VerifyElementTextKeyword.groovy:40)
	at com.kms.katalon.core.keyword.internal.KeywordExecutor.executeKeywordForPlatform(KeywordExecutor.groovy:74)
	at com.kms.katalon.core.webui.keyword.WebUiBuiltInKeywords.verifyElementText(WebUiBuiltInKeywords.groovy:4733)
	at com.kms.katalon.core.webui.keyword.WebUiBuiltInKeywords$verifyElementText$10.call(Unknown Source)
	at Профиль игрока (Для проверки и под менеджером).run(Профиль игрока (Для проверки и под менеджером):28)
	at com.kms.katalon.core.main.ScriptEngine.run(ScriptEngine.java:194)
	at com.kms.katalon.core.main.ScriptEngine.runScriptAsRawText(ScriptEngine.java:119)
	at com.kms.katalon.core.main.TestCaseExecutor.runScript(TestCaseExecutor.java:442)
	at com.kms.katalon.core.main.TestCaseExecutor.doExecute(TestCaseExecutor.java:433)
	at com.kms.katalon.core.main.TestCaseExecutor.processExecutionPhase(TestCaseExecutor.java:412)
	at com.kms.katalon.core.main.TestCaseExecutor.accessMainPhase(TestCaseExecutor.java:404)
	at com.kms.katalon.core.main.TestCaseExecutor.execute(TestCaseExecutor.java:281)
	at com.kms.katalon.core.main.TestSuiteExecutor.accessTestCaseMainPhase(TestSuiteExecutor.java:202)
	at com.kms.katalon.core.main.TestSuiteExecutor.accessTestSuiteMainPhase(TestSuiteExecutor.java:164)
	at com.kms.katalon.core.main.TestSuiteExecutor.execute(TestSuiteExecutor.java:105)
	at com.kms.katalon.core.main.TestCaseMain.startTestSuite(TestCaseMain.java:185)
	at com.kms.katalon.core.main.TestCaseMain$startTestSuite$0.call(Unknown Source)
	at TempTestSuite1649941155960.run(TempTestSuite1649941155960.groovy:36)
)

2022-04-14 16:14:32 - [MESSAGE][WARNING] - Actual text 'Менеджер' and expected text 'Администратор' of test object 'Object Repository/Avangard New/Object (Администратор)/Case (Профиль игрока)/role admin' are NOT matched. (Root cause: com.kms.katalon.core.exception.StepFailedException: Actual text 'Менеджер' and expected text 'Администратор' of test object 'Object Repository/Avangard New/Object (Администратор)/Case (Профиль игрока)/role admin' are NOT matched.
	at com.kms.katalon.core.webui.keyword.internal.WebUIKeywordMain.stepFailed(WebUIKeywordMain.groovy:64)
	at com.kms.katalon.core.webui.keyword.builtin.VerifyElementTextKeyword$_verifyElementText_closure1.doCall(VerifyElementTextKeyword.groovy:57)
	at com.kms.katalon.core.webui.keyword.builtin.VerifyElementTextKeyword$_verifyElementText_closure1.call(VerifyElementTextKeyword.groovy)
	at com.kms.katalon.core.webui.keyword.internal.WebUIKeywordMain.runKeyword(WebUIKeywordMain.groovy:20)
	at com.kms.katalon.core.webui.keyword.builtin.VerifyElementTextKeyword.verifyElementText(VerifyElementTextKeyword.groovy:72)
	at com.kms.katalon.core.webui.keyword.builtin.VerifyElementTextKeyword.execute(VerifyElementTextKeyword.groovy:40)
	at com.kms.katalon.core.keyword.internal.KeywordExecutor.executeKeywordForPlatform(KeywordExecutor.groovy:74)
	at com.kms.katalon.core.webui.keyword.WebUiBuiltInKeywords.verifyElementText(WebUiBuiltInKeywords.groovy:4733)
	at com.kms.katalon.core.webui.keyword.WebUiBuiltInKeywords$verifyElementText$10.call(Unknown Source)
	at Профиль игрока (Для проверки и под менеджером).run(Профиль игрока (Для проверки и под менеджером):28)
	at com.kms.katalon.core.main.ScriptEngine.run(ScriptEngine.java:194)
	at com.kms.katalon.core.main.ScriptEngine.runScriptAsRawText(ScriptEngine.java:119)
	at com.kms.katalon.core.main.TestCaseExecutor.runScript(TestCaseExecutor.java:442)
	at com.kms.katalon.core.main.TestCaseExecutor.doExecute(TestCaseExecutor.java:433)
	at com.kms.katalon.core.main.TestCaseExecutor.processExecutionPhase(TestCaseExecutor.java:412)
	at com.kms.katalon.core.main.TestCaseExecutor.accessMainPhase(TestCaseExecutor.java:404)
	at com.kms.katalon.core.main.TestCaseExecutor.execute(TestCaseExecutor.java:281)
	at com.kms.katalon.core.main.TestSuiteExecutor.accessTestCaseMainPhase(TestSuiteExecutor.java:202)
	at com.kms.katalon.core.main.TestSuiteExecutor.accessTestSuiteMainPhase(TestSuiteExecutor.java:164)
	at com.kms.katalon.core.main.TestSuiteExecutor.execute(TestSuiteExecutor.java:105)
	at com.kms.katalon.core.main.TestCaseMain.startTestSuite(TestCaseMain.java:185)
	at com.kms.katalon.core.main.TestCaseMain$startTestSuite$0.call(Unknown Source)
	at TempTestSuite1649941155960.run(TempTestSuite1649941155960.groovy:36)
)
[[ATTACHMENT|C:\\Users\\LENOVO\\Katalon Studio\\Avangard\\Reports\\20220414_155908\\\u041C\u0435\u043D\u0435\u0436\u0434\u0435\u0440\\20220414_155915\\1649942072265.png]]

2022-04-14 16:14:32 - [TEST_STEP][PASSED] - click(findTestObject("Object Repository/Avangard New/Object (Администратор)/Case (Профиль игрока)/students")): Object: 'Object Repository/Avangard New/Object (Администратор)/Case (Профиль игрока)/students' is clicked on

2022-04-14 16:14:33 - [MESSAGE][PASSED] - Object: 'Object Repository/Avangard New/Object (Администратор)/Case (Профиль игрока)/students' is clicked on

2022-04-14 16:14:33 - [TEST_STEP][PASSED] - setText(findTestObject("Avangard New/Object (Администратор)/Case (Профиль игрока)/input__school"), ""Авангард" Академия"): Text '"Авангард" Академия' is set on object 'Object Repository/Avangard New/Object (Администратор)/Case (Профиль игрока)/input__school'

2022-04-14 16:14:34 - [MESSAGE][PASSED] - Text '"Авангард" Академия' is set on object 'Object Repository/Avangard New/Object (Администратор)/Case (Профиль игрока)/input__school'

2022-04-14 16:14:34 - [TEST_STEP][PASSED] - sendKeys(findTestObject("Avangard New/Object (Администратор)/Case (Профиль игрока)/input__school"), Keys.chord(ENTER)): Keys 'ENTER + ' sent to object: 'Object Repository/Avangard New/Object (Администратор)/Case (Профиль игрока)/input__school'

2022-04-14 16:14:35 - [MESSAGE][PASSED] - Keys 'ENTER + ' sent to object: 'Object Repository/Avangard New/Object (Администратор)/Case (Профиль игрока)/input__school'

2022-04-14 16:14:35 - [TEST_STEP][PASSED] - setText(findTestObject("Object Repository/Avangard New/Object (Администратор)/Case (Профиль игрока)/input"), player_for_test_1): Text 'Ганин' is set on object 'Object Repository/Avangard New/Object (Администратор)/Case (Профиль игрока)/input'

2022-04-14 16:14:36 - [MESSAGE][PASSED] - Text 'Ганин' is set on object 'Object Repository/Avangard New/Object (Администратор)/Case (Профиль игрока)/input'

2022-04-14 16:14:36 - [TEST_STEP][PASSED] - click(findTestObject("Object Repository/Avangard New/Object (Администратор)/Case (Профиль игрока)/player profile")): Object: 'Object Repository/Avangard New/Object (Администратор)/Case (Профиль игрока)/player profile' is clicked on

2022-04-14 16:14:38 - [MESSAGE][PASSED] - Object: 'Object Repository/Avangard New/Object (Администратор)/Case (Профиль игрока)/player profile' is clicked on

2022-04-14 16:14:38 - [TEST_STEP][PASSED] - verifyElementText(findTestObject("Avangard New/Object (Администратор)/Case (Профиль игрока)/personal date"), "ЛИЧНЫЕ ДАННЫЕ"): Actual text and expected text of test object 'Object Repository/Avangard New/Object (Администратор)/Case (Профиль игрока)/personal date' are matched.

2022-04-14 16:14:39 - [MESSAGE][PASSED] - Actual text and expected text of test object 'Object Repository/Avangard New/Object (Администратор)/Case (Профиль игрока)/personal date' are matched.

2022-04-14 16:14:39 - [TEST_STEP][PASSED] - click(findTestObject("Object Repository/Avangard New/Object (Администратор)/Case (Профиль игрока)/button_predstaviteli")): Object: 'Object Repository/Avangard New/Object (Администратор)/Case (Профиль игрока)/button_predstaviteli' is clicked on

2022-04-14 16:14:39 - [MESSAGE][PASSED] - Object: 'Object Repository/Avangard New/Object (Администратор)/Case (Профиль игрока)/button_predstaviteli' is clicked on

2022-04-14 16:14:39 - [TEST_STEP][PASSED] - verifyElementText(findTestObject("Avangard New/Object (Администратор)/Case (Профиль игрока)/string family"), "СЕМЬЯ"): Actual text and expected text of test object 'Object Repository/Avangard New/Object (Администратор)/Case (Профиль игрока)/string family' are matched.

2022-04-14 16:14:40 - [MESSAGE][PASSED] - Actual text and expected text of test object 'Object Repository/Avangard New/Object (Администратор)/Case (Профиль игрока)/string family' are matched.

2022-04-14 16:14:40 - [TEST_STEP][PASSED] - click(findTestObject("Object Repository/Avangard New/Object (Администратор)/Case (Профиль игрока)/button_status")): Object: 'Object Repository/Avangard New/Object (Администратор)/Case (Профиль игрока)/button_status' is clicked on

2022-04-14 16:14:41 - [MESSAGE][PASSED] - Object: 'Object Repository/Avangard New/Object (Администратор)/Case (Профиль игрока)/button_status' is clicked on

2022-04-14 16:14:41 - [TEST_STEP][PASSED] - click(findTestObject("Object Repository/Avangard New/Object (Администратор)/Case (Профиль игрока)/button_game")): Object: 'Object Repository/Avangard New/Object (Администратор)/Case (Профиль игрока)/button_game' is clicked on

2022-04-14 16:14:42 - [MESSAGE][PASSED] - Object: 'Object Repository/Avangard New/Object (Администратор)/Case (Профиль игрока)/button_game' is clicked on

2022-04-14 16:14:42 - [TEST_STEP][PASSED] - verifyElementPresent(findTestObject("Avangard New/Object (Администратор)/Case (Профиль игрока)/zveno 1 verif"), 0): Object 'Object Repository/Avangard New/Object (Администратор)/Case (Профиль игрока)/zveno 1 verif' is present

2022-04-14 16:14:42 - [MESSAGE][WARNING] - Timeout '0' is invalid. Using default page load timeout: '30'

2022-04-14 16:14:43 - [MESSAGE][PASSED] - Object 'Object Repository/Avangard New/Object (Администратор)/Case (Профиль игрока)/zveno 1 verif' is present

2022-04-14 16:14:43 - [TEST_STEP][PASSED] - verifyElementPresent(findTestObject("Avangard New/Object (Администратор)/Case (Профиль игрока)/game spisok"), 0): Object 'Object Repository/Avangard New/Object (Администратор)/Case (Профиль игрока)/game spisok' is present

2022-04-14 16:14:43 - [MESSAGE][WARNING] - Timeout '0' is invalid. Using default page load timeout: '30'

2022-04-14 16:14:43 - [MESSAGE][PASSED] - Object 'Object Repository/Avangard New/Object (Администратор)/Case (Профиль игрока)/game spisok' is present

2022-04-14 16:14:43 - [TEST_STEP][PASSED] - click(findTestObject("Object Repository/Avangard New/Object (Администратор)/Case (Профиль игрока)/button_rank")): Object: 'Object Repository/Avangard New/Object (Администратор)/Case (Профиль игрока)/button_rank' is clicked on

2022-04-14 16:14:44 - [MESSAGE][PASSED] - Object: 'Object Repository/Avangard New/Object (Администратор)/Case (Профиль игрока)/button_rank' is clicked on

2022-04-14 16:14:44 - [TEST_STEP][PASSED] - verifyElementPresent(findTestObject("Avangard New/Object (Администратор)/Case (Профиль игрока)/canvas"), 0): Object 'Object Repository/Avangard New/Object (Администратор)/Case (Профиль игрока)/canvas' is present

2022-04-14 16:14:44 - [MESSAGE][WARNING] - Timeout '0' is invalid. Using default page load timeout: '30'

2022-04-14 16:14:45 - [MESSAGE][PASSED] - Object 'Object Repository/Avangard New/Object (Администратор)/Case (Профиль игрока)/canvas' is present

2022-04-14 16:14:45 - [TEST_STEP][PASSED] - click(findTestObject("Object Repository/Avangard New/Object (Администратор)/Case (Профиль игрока)/button_stat")): Object: 'Object Repository/Avangard New/Object (Администратор)/Case (Профиль игрока)/button_stat' is clicked on

2022-04-14 16:14:46 - [MESSAGE][PASSED] - Object: 'Object Repository/Avangard New/Object (Администратор)/Case (Профиль игрока)/button_stat' is clicked on

2022-04-14 16:14:46 - [TEST_STEP][PASSED] - verifyElementText(findTestObject("Avangard New/Object (Администратор)/Case (Профиль игрока)/div_math"), "Матчи"): Actual text and expected text of test object 'Object Repository/Avangard New/Object (Администратор)/Case (Профиль игрока)/div_math' are matched.

2022-04-14 16:14:48 - [MESSAGE][PASSED] - Actual text and expected text of test object 'Object Repository/Avangard New/Object (Администратор)/Case (Профиль игрока)/div_math' are matched.

2022-04-14 16:14:48 - [TEST_STEP][PASSED] - click(findTestObject("Object Repository/Avangard New/Object (Администратор)/Case (Профиль игрока)/button_game grade")): Object: 'Object Repository/Avangard New/Object (Администратор)/Case (Профиль игрока)/button_game grade' is clicked on

2022-04-14 16:14:48 - [MESSAGE][PASSED] - Object: 'Object Repository/Avangard New/Object (Администратор)/Case (Профиль игрока)/button_game grade' is clicked on

2022-04-14 16:14:48 - [TEST_STEP][PASSED] - scrollToElement(findTestObject("Avangard New/Object (Администратор)/Case (Профиль игрока)/attack in grade"), 0): Scroll to object 'Object Repository/Avangard New/Object (Администратор)/Case (Профиль игрока)/attack in grade' successfully

2022-04-14 16:14:48 - [MESSAGE][WARNING] - Timeout '0' is invalid. Using default page load timeout: '30'

2022-04-14 16:14:49 - [MESSAGE][PASSED] - Scroll to object 'Object Repository/Avangard New/Object (Администратор)/Case (Профиль игрока)/attack in grade' successfully

2022-04-14 16:14:49 - [TEST_STEP][PASSED] - verifyElementText(findTestObject("Avangard New/Object (Администратор)/Case (Профиль игрока)/attack in grade"), "АТАКУЮЩИЕ ДЕЙСТВИЯ"): Actual text and expected text of test object 'Object Repository/Avangard New/Object (Администратор)/Case (Профиль игрока)/attack in grade' are matched.

2022-04-14 16:14:50 - [MESSAGE][PASSED] - Actual text and expected text of test object 'Object Repository/Avangard New/Object (Администратор)/Case (Профиль игрока)/attack in grade' are matched.

2022-04-14 16:14:50 - [TEST_STEP][PASSED] - scrollToElement(findTestObject("Avangard New/Object (Администратор)/Case (Профиль игрока)/strelka"), 0): Scroll to object 'Object Repository/Avangard New/Object (Администратор)/Case (Профиль игрока)/strelka' successfully

2022-04-14 16:14:50 - [MESSAGE][WARNING] - Timeout '0' is invalid. Using default page load timeout: '30'

2022-04-14 16:14:50 - [MESSAGE][PASSED] - Scroll to object 'Object Repository/Avangard New/Object (Администратор)/Case (Профиль игрока)/strelka' successfully

2022-04-14 16:14:50 - [TEST_STEP][PASSED] - click(findTestObject("Avangard New/Object (Администратор)/Case (Профиль игрока)/strelka")): Object: 'Object Repository/Avangard New/Object (Администратор)/Case (Профиль игрока)/strelka' is clicked on

2022-04-14 16:14:51 - [MESSAGE][PASSED] - Object: 'Object Repository/Avangard New/Object (Администратор)/Case (Профиль игрока)/strelka' is clicked on

2022-04-14 16:14:51 - [TEST_STEP][PASSED] - click(findTestObject("Object Repository/Avangard New/Object (Администратор)/Case (Профиль игрока)/button_grade naviki")): Object: 'Object Repository/Avangard New/Object (Администратор)/Case (Профиль игрока)/button_grade naviki' is clicked on

2022-04-14 16:14:51 - [MESSAGE][PASSED] - Object: 'Object Repository/Avangard New/Object (Администратор)/Case (Профиль игрока)/button_grade naviki' is clicked on

2022-04-14 16:14:51 - [TEST_STEP][PASSED] - verifyElementText(findTestObject("Avangard New/Object (Администратор)/Case (Профиль игрока)/div_1 etap1"), "Этап №1"): Actual text and expected text of test object 'Object Repository/Avangard New/Object (Администратор)/Case (Профиль игрока)/div_1 etap1' are matched.

2022-04-14 16:14:52 - [MESSAGE][PASSED] - Actual text and expected text of test object 'Object Repository/Avangard New/Object (Администратор)/Case (Профиль игрока)/div_1 etap1' are matched.

2022-04-14 16:14:52 - [TEST_STEP][PASSED] - verifyElementText(findTestObject("Avangard New/Object (Администратор)/Case (Профиль игрока)/div_speed"), "Ускорение"): Actual text and expected text of test object 'Object Repository/Avangard New/Object (Администратор)/Case (Профиль игрока)/div_speed' are matched.

2022-04-14 16:14:53 - [MESSAGE][PASSED] - Actual text and expected text of test object 'Object Repository/Avangard New/Object (Администратор)/Case (Профиль игрока)/div_speed' are matched.

2022-04-14 16:14:53 - [TEST_STEP][PASSED] - closeBrowser(): Browser is closed

2022-04-14 16:14:53 - [MESSAGE][PASSED] - Browser is closed]]></system-out>
         <system-err><![CDATA[]]></system-err>
      </testcase>
      <testcase name="Test Cases/Администратор/дописать физ. тест Рейтинг игроков" time="28.467" classname="Test Cases/Администратор/дописать физ. тест Рейтинг игроков" status="PASSED">
         <system-out><![CDATA[2022-04-14 16:14:53 - [TEST_CASE][PASSED] - Test Cases/Администратор/дописать физ. тест Рейтинг игроков: Test Cases/Администратор/дописать физ. тест Рейтинг игроков

2022-04-14 16:14:54 - [TEST_STEP][PASSED] - callTestCase(findTestCase("Администратор/Авторизация"), [:], STOP_ON_FAILURE): Call Test Case 'Test Cases/Администратор/Авторизация' successfully

2022-04-14 16:14:54 - [TEST_CASE][PASSED] - Test Cases/Администратор/Авторизация: Test Cases/Администратор/Авторизация

2022-04-14 16:14:54 - [TEST_STEP][PASSED] - openBrowser(""): Browser is opened with url: ''

2022-04-14 16:14:54 - [MESSAGE][INFO] - Starting 'Chrome' driver

2022-04-14 16:14:54 - [MESSAGE][INFO] - Action delay is set to 100 milliseconds

2022-04-14 16:14:55 - [MESSAGE][PASSED] - Browser is opened with url: ''

2022-04-14 16:14:55 - [TEST_STEP][PASSED] - maximizeWindow(): Current window maximized

2022-04-14 16:14:55 - [MESSAGE][PASSED] - Current window maximized

2022-04-14 16:14:55 - [TEST_STEP][PASSED] - navigateToUrl(url): Navigate to 'https://stars-stage.hawk.ru:8080' successfully

2022-04-14 16:15:00 - [MESSAGE][PASSED] - Navigate to 'https://stars-stage.hawk.ru:8080' successfully

2022-04-14 16:15:00 - [TEST_STEP][PASSED] - setText(findTestObject("Object Repository/Page_/input__sc-lnrBVv eqPACj"), admin_login): Text 'eronko.i@hc-avangard.com' is set on object 'Object Repository/Page_/input__sc-lnrBVv eqPACj'

2022-04-14 16:15:01 - [MESSAGE][PASSED] - Text 'eronko.i@hc-avangard.com' is set on object 'Object Repository/Page_/input__sc-lnrBVv eqPACj'

2022-04-14 16:15:01 - [TEST_STEP][PASSED] - setText(findTestObject("Object Repository/Page_/input__sc-lnrBVv eqPACj_1"), admin_password): Text 'eronko.i' is set on object 'Object Repository/Page_/input__sc-lnrBVv eqPACj_1'

2022-04-14 16:15:02 - [MESSAGE][PASSED] - Text 'eronko.i' is set on object 'Object Repository/Page_/input__sc-lnrBVv eqPACj_1'

2022-04-14 16:15:02 - [TEST_STEP][PASSED] - click(findTestObject("Object Repository/Page_/go")): Object: 'Object Repository/Page_/go' is clicked on

2022-04-14 16:15:02 - [MESSAGE][PASSED] - Object: 'Object Repository/Page_/go' is clicked on

2022-04-14 16:15:02 - [MESSAGE][PASSED] - Call Test Case 'Test Cases/Администратор/Авторизация' successfully

2022-04-14 16:15:02 - [TEST_STEP][PASSED] - click(findTestObject("Object Repository/Avangard New/Object (Администратор)/Case (Рейтинг игроков)/rank palyer")): Object: 'Object Repository/Avangard New/Object (Администратор)/Case (Рейтинг игроков)/rank palyer' is clicked on

2022-04-14 16:15:09 - [MESSAGE][PASSED] - Object: 'Object Repository/Avangard New/Object (Администратор)/Case (Рейтинг игроков)/rank palyer' is clicked on

2022-04-14 16:15:09 - [TEST_STEP][NOT_RUN] - click(findTestObject("Object Repository/Avangard New/Object (Администратор)/Case (Рейтинг игроков)/school rank")): NOT_RUN: click(findTestObject("Object Repository/Avangard New/Object (Администратор)/Case (Рейтинг игроков)/school rank"))

2022-04-14 16:15:09 - [MESSAGE][NOT_RUN] - NOT_RUN: click(findTestObject("Object Repository/Avangard New/Object (Администратор)/Case (Рейтинг игроков)/school rank"))

2022-04-14 16:15:09 - [TEST_STEP][PASSED] - setText(findTestObject("Object Repository/Avangard New/Object (Администратор)/Case (Рейтинг игроков)/input__rank"), ""Авангард" Академия"): Text '"Авангард" Академия' is set on object 'Object Repository/Avangard New/Object (Администратор)/Case (Рейтинг игроков)/input__rank'

2022-04-14 16:15:10 - [MESSAGE][PASSED] - Text '"Авангард" Академия' is set on object 'Object Repository/Avangard New/Object (Администратор)/Case (Рейтинг игроков)/input__rank'

2022-04-14 16:15:10 - [TEST_STEP][PASSED] - sendKeys(findTestObject("Object Repository/Avangard New/Object (Администратор)/Case (Рейтинг игроков)/input__rank"), Keys.chord(ENTER)): Keys 'ENTER + ' sent to object: 'Object Repository/Avangard New/Object (Администратор)/Case (Рейтинг игроков)/input__rank'

2022-04-14 16:15:11 - [MESSAGE][PASSED] - Keys 'ENTER + ' sent to object: 'Object Repository/Avangard New/Object (Администратор)/Case (Рейтинг игроков)/input__rank'

2022-04-14 16:15:11 - [TEST_STEP][PASSED] - click(findTestObject("Avangard New/Object (Администратор)/Case (Рейтинг игроков)/team rank")): Object: 'Object Repository/Avangard New/Object (Администратор)/Case (Рейтинг игроков)/team rank' is clicked on

2022-04-14 16:15:12 - [MESSAGE][PASSED] - Object: 'Object Repository/Avangard New/Object (Администратор)/Case (Рейтинг игроков)/team rank' is clicked on

2022-04-14 16:15:12 - [TEST_STEP][PASSED] - setText(findTestObject("Object Repository/Avangard New/Object (Администратор)/Case (Рейтинг игроков)/input__react-select-4-input"), school): Text 'Омские Ястребы' is set on object 'Object Repository/Avangard New/Object (Администратор)/Case (Рейтинг игроков)/input__react-select-4-input'

2022-04-14 16:15:13 - [MESSAGE][PASSED] - Text 'Омские Ястребы' is set on object 'Object Repository/Avangard New/Object (Администратор)/Case (Рейтинг игроков)/input__react-select-4-input'

2022-04-14 16:15:13 - [TEST_STEP][PASSED] - sendKeys(findTestObject("Object Repository/Avangard New/Object (Администратор)/Case (Рейтинг игроков)/input__react-select-4-input"), Keys.chord(ENTER)): Keys 'ENTER + ' sent to object: 'Object Repository/Avangard New/Object (Администратор)/Case (Рейтинг игроков)/input__react-select-4-input'

2022-04-14 16:15:13 - [MESSAGE][PASSED] - Keys 'ENTER + ' sent to object: 'Object Repository/Avangard New/Object (Администратор)/Case (Рейтинг игроков)/input__react-select-4-input'

2022-04-14 16:15:13 - [TEST_STEP][PASSED] - scrollToElement(findTestObject("Avangard New/Object (Администратор)/Case (Рейтинг игроков)/Univarsal player"), 0): Scroll to object 'Object Repository/Avangard New/Object (Администратор)/Case (Рейтинг игроков)/Univarsal player' successfully

2022-04-14 16:15:13 - [MESSAGE][WARNING] - Timeout '0' is invalid. Using default page load timeout: '30'

2022-04-14 16:15:14 - [MESSAGE][PASSED] - Scroll to object 'Object Repository/Avangard New/Object (Администратор)/Case (Рейтинг игроков)/Univarsal player' successfully

2022-04-14 16:15:14 - [TEST_STEP][PASSED] - click(findTestObject("Avangard New/Object (Администратор)/Case (Рейтинг игроков)/Univarsal player")): Object: 'Object Repository/Avangard New/Object (Администратор)/Case (Рейтинг игроков)/Univarsal player' is clicked on

2022-04-14 16:15:15 - [MESSAGE][PASSED] - Object: 'Object Repository/Avangard New/Object (Администратор)/Case (Рейтинг игроков)/Univarsal player' is clicked on

2022-04-14 16:15:15 - [TEST_STEP][PASSED] - comment(""): 

2022-04-14 16:15:15 - [MESSAGE][INFO] - 

2022-04-14 16:15:15 - [TEST_STEP][NOT_RUN] - if (verifyElementText(findTestObject("Avangard New/Object (Администратор)/Case (Рейтинг игроков)/team rank"), "Авангард-2005", OPTIONAL) == true): NOT_RUN: if (verifyElementText(findTestObject("Avangard New/Object (Администратор)/Case (Рейтинг игроков)/team rank"), "Авангард-2005", OPTIONAL) == true)

2022-04-14 16:15:15 - [MESSAGE][NOT_RUN] - NOT_RUN: if (verifyElementText(findTestObject("Avangard New/Object (Администратор)/Case (Рейтинг игроков)/team rank"), "Авангард-2005", OPTIONAL) == true)

2022-04-14 16:15:15 - [TEST_STEP][NOT_RUN] - verifyElementText(findTestObject("Avangard New/Object (Администратор)/Case (Рейтинг игроков)/grade points rank"), point): NOT_RUN: verifyElementText(findTestObject("Avangard New/Object (Администратор)/Case (Рейтинг игроков)/grade points rank"), point)

2022-04-14 16:15:15 - [MESSAGE][NOT_RUN] - NOT_RUN: verifyElementText(findTestObject("Avangard New/Object (Администратор)/Case (Рейтинг игроков)/grade points rank"), point)

2022-04-14 16:15:15 - [TEST_STEP][NOT_RUN] - comment(""): NOT_RUN: comment("")

2022-04-14 16:15:15 - [MESSAGE][NOT_RUN] - NOT_RUN: comment("")

2022-04-14 16:15:15 - [TEST_STEP][PASSED] - click(findTestObject("Object Repository/Avangard New/Object (Администратор)/Case (Рейтинг игроков)/button grade skill rank")): Object: 'Object Repository/Avangard New/Object (Администратор)/Case (Рейтинг игроков)/button grade skill rank' is clicked on

2022-04-14 16:15:16 - [MESSAGE][PASSED] - Object: 'Object Repository/Avangard New/Object (Администратор)/Case (Рейтинг игроков)/button grade skill rank' is clicked on

2022-04-14 16:15:16 - [TEST_STEP][PASSED] - verifyElementText(findTestObject("Object Repository/Avangard New/Object (Администратор)/Case (Рейтинг игроков)/Etap 1 rank"), "Этап №1"): Actual text and expected text of test object 'Object Repository/Avangard New/Object (Администратор)/Case (Рейтинг игроков)/Etap 1 rank' are matched.

2022-04-14 16:15:17 - [MESSAGE][PASSED] - Actual text and expected text of test object 'Object Repository/Avangard New/Object (Администратор)/Case (Рейтинг игроков)/Etap 1 rank' are matched.

2022-04-14 16:15:17 - [TEST_STEP][PASSED] - verifyElementText(findTestObject("Avangard New/Object (Администратор)/Case (Рейтинг игроков)/speed rank"), "Ускорение"): Actual text and expected text of test object 'Object Repository/Avangard New/Object (Администратор)/Case (Рейтинг игроков)/speed rank' are matched.

2022-04-14 16:15:17 - [MESSAGE][PASSED] - Actual text and expected text of test object 'Object Repository/Avangard New/Object (Администратор)/Case (Рейтинг игроков)/speed rank' are matched.

2022-04-14 16:15:17 - [TEST_STEP][PASSED] - click(findTestObject("Object Repository/Avangard New/Object (Администратор)/Case (Рейтинг игроков)/button game stat rank")): Object: 'Object Repository/Avangard New/Object (Администратор)/Case (Рейтинг игроков)/button game stat rank' is clicked on

2022-04-14 16:15:18 - [MESSAGE][PASSED] - Object: 'Object Repository/Avangard New/Object (Администратор)/Case (Рейтинг игроков)/button game stat rank' is clicked on

2022-04-14 16:15:18 - [TEST_STEP][PASSED] - verifyElementText(findTestObject("Avangard New/Object (Администратор)/Case (Рейтинг игроков)/math rank"), "Матчи"): Actual text and expected text of test object 'Object Repository/Avangard New/Object (Администратор)/Case (Рейтинг игроков)/math rank' are matched.

2022-04-14 16:15:19 - [MESSAGE][PASSED] - Actual text and expected text of test object 'Object Repository/Avangard New/Object (Администратор)/Case (Рейтинг игроков)/math rank' are matched.

2022-04-14 16:15:19 - [TEST_STEP][PASSED] - verifyElementVisible(findTestObject("Object Repository/Avangard New/Object (Администратор)/Case (Рейтинг игроков)/grade math rank")): Object 'Object Repository/Avangard New/Object (Администратор)/Case (Рейтинг игроков)/grade math rank' is visible

2022-04-14 16:15:19 - [MESSAGE][PASSED] - Object 'Object Repository/Avangard New/Object (Администратор)/Case (Рейтинг игроков)/grade math rank' is visible

2022-04-14 16:15:19 - [TEST_STEP][PASSED] - click(findTestObject("Object Repository/Avangard New/Object (Администратор)/Case (Рейтинг игроков)/button grade game tank")): Object: 'Object Repository/Avangard New/Object (Администратор)/Case (Рейтинг игроков)/button grade game tank' is clicked on

2022-04-14 16:15:20 - [MESSAGE][PASSED] - Object: 'Object Repository/Avangard New/Object (Администратор)/Case (Рейтинг игроков)/button grade game tank' is clicked on

2022-04-14 16:15:20 - [TEST_STEP][PASSED] - verifyElementText(findTestObject("Avangard New/Object (Администратор)/Case (Рейтинг игроков)/average grade rank"), "СРЕДНЯЯ ОЦЕНКА"): Actual text and expected text of test object 'Object Repository/Avangard New/Object (Администратор)/Case (Рейтинг игроков)/average grade rank' are matched.

2022-04-14 16:15:22 - [MESSAGE][PASSED] - Actual text and expected text of test object 'Object Repository/Avangard New/Object (Администратор)/Case (Рейтинг игроков)/average grade rank' are matched.]]></system-out>
         <system-err><![CDATA[]]></system-err>
      </testcase>
      <system-out><![CDATA[2022-04-14 16:09:02 - [TEST_SUITE][FAILED] - Менеждер: Test Cases/Менеджер/Авторизация FAILED.
Reason:
com.kms.katalon.core.exception.StepFailedException: Unable to set text 'null' of object 'Object Repository/Page_/input__sc-lnrBVv eqPACj'
	at com.kms.katalon.core.webui.keyword.internal.WebUIKeywordMain.stepFailed(WebUIKeywordMain.groovy:64)
	at com.kms.katalon.core.webui.keyword.internal.WebUIKeywordMain.runKeyword(WebUIKeywordMain.groovy:26)
	at com.kms.katalon.core.webui.keyword.builtin.SetTextKeyword.setText(SetTextKeyword.groovy:66)
	at com.kms.katalon.core.webui.keyword.builtin.SetTextKeyword.execute(SetTextKeyword.groovy:37)
	at com.kms.katalon.core.keyword.internal.KeywordExecutor.executeKeywordForPlatform(KeywordExecutor.groovy:74)
	at com.kms.katalon.core.webui.keyword.WebUiBuiltInKeywords.setText(WebUiBuiltInKeywords.groovy:980)
	at com.kms.katalon.core.webui.keyword.WebUiBuiltInKeywords$setText$2.call(Unknown Source)
	at Авторизация.run(Авторизация:29)
	at com.kms.katalon.core.main.ScriptEngine.run(ScriptEngine.java:194)
	at com.kms.katalon.core.main.ScriptEngine.runScriptAsRawText(ScriptEngine.java:119)
	at com.kms.katalon.core.main.TestCaseExecutor.runScript(TestCaseExecutor.java:442)
	at com.kms.katalon.core.main.TestCaseExecutor.doExecute(TestCaseExecutor.java:433)
	at com.kms.katalon.core.main.TestCaseExecutor.processExecutionPhase(TestCaseExecutor.java:412)
	at com.kms.katalon.core.main.TestCaseExecutor.accessMainPhase(TestCaseExecutor.java:404)
	at com.kms.katalon.core.main.TestCaseExecutor.execute(TestCaseExecutor.java:281)
	at com.kms.katalon.core.main.TestSuiteExecutor.accessTestCaseMainPhase(TestSuiteExecutor.java:202)
	at com.kms.katalon.core.main.TestSuiteExecutor.accessTestSuiteMainPhase(TestSuiteExecutor.java:164)
	at com.kms.katalon.core.main.TestSuiteExecutor.execute(TestSuiteExecutor.java:105)
	at com.kms.katalon.core.main.TestCaseMain.startTestSuite(TestCaseMain.java:185)
	at com.kms.katalon.core.main.TestCaseMain$startTestSuite$0.call(Unknown Source)
	at TempTestSuite1649941155960.run(TempTestSuite1649941155960.groovy:36)
Caused by: java.lang.IllegalArgumentException: Text is null
	at com.kms.katalon.core.webui.keyword.builtin.SetTextKeyword$_setText_closure1.doCall(SetTextKeyword.groovy:48)
	at com.kms.katalon.core.webui.keyword.builtin.SetTextKeyword$_setText_closure1.call(SetTextKeyword.groovy)
	at com.kms.katalon.core.webui.keyword.internal.WebUIKeywordMain.runKeyword(WebUIKeywordMain.groovy:20)
	... 19 more]]></system-out>
      <system-err><![CDATA[2022-04-14 16:09:02 - [TEST_SUITE][FAILED] - Менеждер: Test Cases/Менеджер/Авторизация FAILED.
Reason:
com.kms.katalon.core.exception.StepFailedException: Unable to set text 'null' of object 'Object Repository/Page_/input__sc-lnrBVv eqPACj'
	at com.kms.katalon.core.webui.keyword.internal.WebUIKeywordMain.stepFailed(WebUIKeywordMain.groovy:64)
	at com.kms.katalon.core.webui.keyword.internal.WebUIKeywordMain.runKeyword(WebUIKeywordMain.groovy:26)
	at com.kms.katalon.core.webui.keyword.builtin.SetTextKeyword.setText(SetTextKeyword.groovy:66)
	at com.kms.katalon.core.webui.keyword.builtin.SetTextKeyword.execute(SetTextKeyword.groovy:37)
	at com.kms.katalon.core.keyword.internal.KeywordExecutor.executeKeywordForPlatform(KeywordExecutor.groovy:74)
	at com.kms.katalon.core.webui.keyword.WebUiBuiltInKeywords.setText(WebUiBuiltInKeywords.groovy:980)
	at com.kms.katalon.core.webui.keyword.WebUiBuiltInKeywords$setText$2.call(Unknown Source)
	at Авторизация.run(Авторизация:29)
	at com.kms.katalon.core.main.ScriptEngine.run(ScriptEngine.java:194)
	at com.kms.katalon.core.main.ScriptEngine.runScriptAsRawText(ScriptEngine.java:119)
	at com.kms.katalon.core.main.TestCaseExecutor.runScript(TestCaseExecutor.java:442)
	at com.kms.katalon.core.main.TestCaseExecutor.doExecute(TestCaseExecutor.java:433)
	at com.kms.katalon.core.main.TestCaseExecutor.processExecutionPhase(TestCaseExecutor.java:412)
	at com.kms.katalon.core.main.TestCaseExecutor.accessMainPhase(TestCaseExecutor.java:404)
	at com.kms.katalon.core.main.TestCaseExecutor.execute(TestCaseExecutor.java:281)
	at com.kms.katalon.core.main.TestSuiteExecutor.accessTestCaseMainPhase(TestSuiteExecutor.java:202)
	at com.kms.katalon.core.main.TestSuiteExecutor.accessTestSuiteMainPhase(TestSuiteExecutor.java:164)
	at com.kms.katalon.core.main.TestSuiteExecutor.execute(TestSuiteExecutor.java:105)
	at com.kms.katalon.core.main.TestCaseMain.startTestSuite(TestCaseMain.java:185)
	at com.kms.katalon.core.main.TestCaseMain$startTestSuite$0.call(Unknown Source)
	at TempTestSuite1649941155960.run(TempTestSuite1649941155960.groovy:36)
Caused by: java.lang.IllegalArgumentException: Text is null
	at com.kms.katalon.core.webui.keyword.builtin.SetTextKeyword$_setText_closure1.doCall(SetTextKeyword.groovy:48)
	at com.kms.katalon.core.webui.keyword.builtin.SetTextKeyword$_setText_closure1.call(SetTextKeyword.groovy)
	at com.kms.katalon.core.webui.keyword.internal.WebUIKeywordMain.runKeyword(WebUIKeywordMain.groovy:20)
	... 19 more]]></system-err>
   </testsuite>
   <testsuite name="Составы (Омские Ястребы)" tests="1" failures="0" errors="0" time="91.454" skipped="0" timestamp="2022-04-14 16:15:47" hostname="LENOVO - DESKTOP-KNHN0AA" id="Test Suites/Составы (Омские Ястребы)">
      <properties>
         <property name="deviceName" value=""/>
         <property name="devicePlatform" value=""/>
         <property name="logFolder" value="C:\\Users\\LENOVO\\Katalon Studio\\Avangard\\Reports\\20220414_155908\\\u0421\u043E\u0441\u0442\u0430\u0432\u044B (\u041E\u043C\u0441\u043A\u0438\u0435 \u042F\u0441\u0442\u0440\u0435\u0431\u044B)\\20220414_155917"/>
         <property name="logFiles" value="C:\\Users\\LENOVO\\Katalon Studio\\Avangard\\Reports\\20220414_155908\\\u0421\u043E\u0441\u0442\u0430\u0432\u044B (\u041E\u043C\u0441\u043A\u0438\u0435 \u042F\u0441\u0442\u0440\u0435\u0431\u044B)\\20220414_155917\\execution0.log"/>
         <property name="attachments" value=""/>
         <property name="hostName" value="LENOVO - DESKTOP-KNHN0AA"/>
         <property name="os" value="Windows 10 64bit"/>
         <property name="katalonVersion" value="8.2.5.208"/>
         <property name="browser" value="Chrome 100.0.4896.75"/>
         <property name="hostAddress" value="192.168.0.11"/>
         <property name="sessionId" value="22cb9d4e4f43214beb3b0fe886fe14ed"/>
         <property name="seleniumVersion" value="3.141.59"/>
         <property name="proxyInformation" value="ProxyInformation { proxyOption=NO_PROXY, proxyServerType=HTTP, username=, password=********, proxyServerAddress=, proxyServerPort=0, executionList=&quot;&quot;, isApplyToDesiredCapabilities=true }"/>
         <property name="platform" value="Windows 10"/>
      </properties>
      <testcase name="Test Cases/Тренер/Составы" time="91.17" classname="Test Cases/Тренер/Составы" status="PASSED">
         <system-out><![CDATA[2022-04-14 16:15:47 - [TEST_CASE][PASSED] - Test Cases/Тренер/Составы: Test Cases/Тренер/Составы

2022-04-14 16:15:47 - [TEST_STEP][PASSED] - callTestCase(findTestCase("Тренер/Авторизация"), [:], STOP_ON_FAILURE): Call Test Case 'Test Cases/Тренер/Авторизация' successfully

2022-04-14 16:15:48 - [TEST_CASE][PASSED] - Test Cases/Тренер/Авторизация: Test Cases/Тренер/Авторизация

2022-04-14 16:15:48 - [TEST_STEP][PASSED] - openBrowser(""): Browser is opened with url: ''

2022-04-14 16:15:48 - [MESSAGE][INFO] - Starting 'Chrome' driver

2022-04-14 16:15:48 - [MESSAGE][INFO] - Action delay is set to 100 milliseconds

2022-04-14 16:15:50 - [MESSAGE][PASSED] - Browser is opened with url: ''

2022-04-14 16:15:50 - [TEST_STEP][PASSED] - maximizeWindow(): Current window maximized

2022-04-14 16:15:50 - [MESSAGE][PASSED] - Current window maximized

2022-04-14 16:15:50 - [TEST_STEP][PASSED] - navigateToUrl(url): Navigate to 'https://stars-stage.hawk.ru:8080' successfully

2022-04-14 16:15:54 - [MESSAGE][PASSED] - Navigate to 'https://stars-stage.hawk.ru:8080' successfully

2022-04-14 16:15:54 - [TEST_STEP][PASSED] - setText(findTestObject("Object Repository/manager/Page_/input__sc-lnrBVv eqPACj"), coach_login): Text 'ageev.da@hc-avangard.com' is set on object 'Object Repository/manager/Page_/input__sc-lnrBVv eqPACj'

2022-04-14 16:15:55 - [MESSAGE][PASSED] - Text 'ageev.da@hc-avangard.com' is set on object 'Object Repository/manager/Page_/input__sc-lnrBVv eqPACj'

2022-04-14 16:15:55 - [TEST_STEP][PASSED] - setText(findTestObject("Object Repository/manager/Page_/input__sc-lnrBVv eqPACj_1"), coach_password): Text 'zz4waxq6' is set on object 'Object Repository/manager/Page_/input__sc-lnrBVv eqPACj_1'

2022-04-14 16:15:56 - [MESSAGE][PASSED] - Text 'zz4waxq6' is set on object 'Object Repository/manager/Page_/input__sc-lnrBVv eqPACj_1'

2022-04-14 16:15:56 - [TEST_STEP][PASSED] - click(findTestObject("manager/Page_/go")): Object: 'Object Repository/manager/Page_/go' is clicked on

2022-04-14 16:15:57 - [MESSAGE][PASSED] - Object: 'Object Repository/manager/Page_/go' is clicked on

2022-04-14 16:15:57 - [MESSAGE][PASSED] - Call Test Case 'Test Cases/Тренер/Авторизация' successfully

2022-04-14 16:15:57 - [TEST_STEP][PASSED] - click(findTestObject("Object Repository/Avangard New/Object (Тренер)/Case (Составы)/span_sostav")): Object: 'Object Repository/Avangard New/Object (Тренер)/Case (Составы)/span_sostav' is clicked on

2022-04-14 16:16:02 - [MESSAGE][PASSED] - Object: 'Object Repository/Avangard New/Object (Тренер)/Case (Составы)/span_sostav' is clicked on

2022-04-14 16:16:02 - [TEST_STEP][NOT_RUN] - click(findTestObject("Object Repository/Avangard New/Object (Тренер)/Case (Составы)/team sostav")): NOT_RUN: click(findTestObject("Object Repository/Avangard New/Object (Тренер)/Case (Составы)/team sostav"))

2022-04-14 16:16:02 - [MESSAGE][NOT_RUN] - NOT_RUN: click(findTestObject("Object Repository/Avangard New/Object (Тренер)/Case (Составы)/team sostav"))

2022-04-14 16:16:02 - [TEST_STEP][NOT_RUN] - setText(findTestObject("Object Repository/Avangard New/Object (Тренер)/Case (Составы)/input__team sostav"), "Омские"): NOT_RUN: setText(findTestObject("Object Repository/Avangard New/Object (Тренер)/Case (Составы)/input__team sostav"), "Омские")

2022-04-14 16:16:02 - [MESSAGE][NOT_RUN] - NOT_RUN: setText(findTestObject("Object Repository/Avangard New/Object (Тренер)/Case (Составы)/input__team sostav"), "Омские")

2022-04-14 16:16:02 - [TEST_STEP][NOT_RUN] - sendKeys(findTestObject("Object Repository/Avangard New/Object (Тренер)/Case (Составы)/input__team sostav"), Keys.chord(ENTER)): NOT_RUN: sendKeys(findTestObject("Object Repository/Avangard New/Object (Тренер)/Case (Составы)/input__team sostav"), Keys.chord(ENTER))

2022-04-14 16:16:02 - [MESSAGE][NOT_RUN] - NOT_RUN: sendKeys(findTestObject("Object Repository/Avangard New/Object (Тренер)/Case (Составы)/input__team sostav"), Keys.chord(ENTER))

2022-04-14 16:16:02 - [TEST_STEP][PASSED] - click(findTestObject("Object Repository/Avangard New/Object (Тренер)/Case (Составы)/clear")): Object: 'Object Repository/Avangard New/Object (Тренер)/Case (Составы)/clear' is clicked on

2022-04-14 16:16:06 - [MESSAGE][PASSED] - Object: 'Object Repository/Avangard New/Object (Тренер)/Case (Составы)/clear' is clicked on

2022-04-14 16:16:06 - [TEST_STEP][PASSED] - click(findTestObject("Object Repository/Avangard New/Object (Тренер)/Case (Составы)/button_yes")): Object: 'Object Repository/Avangard New/Object (Тренер)/Case (Составы)/button_yes' is clicked on

2022-04-14 16:16:07 - [MESSAGE][PASSED] - Object: 'Object Repository/Avangard New/Object (Тренер)/Case (Составы)/button_yes' is clicked on

2022-04-14 16:16:07 - [TEST_STEP][NOT_RUN] - click(findTestObject("Object Repository/Avangard New/Object (Тренер)/Case (Составы)/verif palyer null ln")): NOT_RUN: click(findTestObject("Object Repository/Avangard New/Object (Тренер)/Case (Составы)/verif palyer null ln"))

2022-04-14 16:16:07 - [MESSAGE][NOT_RUN] - NOT_RUN: click(findTestObject("Object Repository/Avangard New/Object (Тренер)/Case (Составы)/verif palyer null ln"))

2022-04-14 16:16:07 - [TEST_STEP][PASSED] - verifyElementText(findTestObject("Object Repository/Avangard New/Object (Тренер)/Case (Составы)/player null"), "Игрок не выбран"): Actual text and expected text of test object 'Object Repository/Avangard New/Object (Тренер)/Case (Составы)/player null' are matched.

2022-04-14 16:16:08 - [MESSAGE][PASSED] - Actual text and expected text of test object 'Object Repository/Avangard New/Object (Тренер)/Case (Составы)/player null' are matched.

2022-04-14 16:16:08 - [TEST_STEP][PASSED] - scrollToElement(findTestObject("Object Repository/Avangard New/Object (Тренер)/Case (Составы)/choice_player"), 0): Scroll to object 'Object Repository/Avangard New/Object (Тренер)/Case (Составы)/choice_player' successfully

2022-04-14 16:16:08 - [MESSAGE][WARNING] - Timeout '0' is invalid. Using default page load timeout: '30'

2022-04-14 16:16:08 - [MESSAGE][PASSED] - Scroll to object 'Object Repository/Avangard New/Object (Тренер)/Case (Составы)/choice_player' successfully

2022-04-14 16:16:08 - [TEST_STEP][PASSED] - click(findTestObject("Object Repository/Avangard New/Object (Тренер)/Case (Составы)/choice_player")): Object: 'Object Repository/Avangard New/Object (Тренер)/Case (Составы)/choice_player' is clicked on

2022-04-14 16:16:09 - [MESSAGE][PASSED] - Object: 'Object Repository/Avangard New/Object (Тренер)/Case (Составы)/choice_player' is clicked on

2022-04-14 16:16:09 - [TEST_STEP][PASSED] - scrollToElement(findTestObject("Object Repository/Avangard New/Object (Тренер)/Case (Составы)/line_position"), 0): Scroll to object 'Object Repository/Avangard New/Object (Тренер)/Case (Составы)/line_position' successfully

2022-04-14 16:16:09 - [MESSAGE][WARNING] - Timeout '0' is invalid. Using default page load timeout: '30'

2022-04-14 16:16:09 - [MESSAGE][PASSED] - Scroll to object 'Object Repository/Avangard New/Object (Тренер)/Case (Составы)/line_position' successfully

2022-04-14 16:16:09 - [TEST_STEP][PASSED] - click(findTestObject("Object Repository/Avangard New/Object (Тренер)/Case (Составы)/line_position")): Object: 'Object Repository/Avangard New/Object (Тренер)/Case (Составы)/line_position' is clicked on

2022-04-14 16:16:10 - [MESSAGE][PASSED] - Object: 'Object Repository/Avangard New/Object (Тренер)/Case (Составы)/line_position' is clicked on

2022-04-14 16:16:10 - [TEST_STEP][PASSED] - click(findTestObject("Object Repository/Avangard New/Object (Тренер)/Case (Составы)/player 1"), STOP_ON_FAILURE): Object: 'Object Repository/Avangard New/Object (Тренер)/Case (Составы)/player 1' is clicked on

2022-04-14 16:16:10 - [MESSAGE][PASSED] - Object: 'Object Repository/Avangard New/Object (Тренер)/Case (Составы)/player 1' is clicked on

2022-04-14 16:16:10 - [TEST_STEP][PASSED] - click(findTestObject("Object Repository/Avangard New/Object (Тренер)/Case (Составы)/pos2"), STOP_ON_FAILURE): Object: 'Object Repository/Avangard New/Object (Тренер)/Case (Составы)/pos2' is clicked on

2022-04-14 16:16:11 - [MESSAGE][PASSED] - Object: 'Object Repository/Avangard New/Object (Тренер)/Case (Составы)/pos2' is clicked on

2022-04-14 16:16:11 - [TEST_STEP][PASSED] - scrollToElement(findTestObject("Object Repository/Avangard New/Object (Тренер)/Case (Составы)/player3"), 0, STOP_ON_FAILURE): Scroll to object 'Object Repository/Avangard New/Object (Тренер)/Case (Составы)/player3' successfully

2022-04-14 16:16:11 - [MESSAGE][WARNING] - Timeout '0' is invalid. Using default page load timeout: '30'

2022-04-14 16:16:11 - [MESSAGE][PASSED] - Scroll to object 'Object Repository/Avangard New/Object (Тренер)/Case (Составы)/player3' successfully

2022-04-14 16:16:11 - [TEST_STEP][PASSED] - click(findTestObject("Object Repository/Avangard New/Object (Тренер)/Case (Составы)/player3"), STOP_ON_FAILURE): Object: 'Object Repository/Avangard New/Object (Тренер)/Case (Составы)/player3' is clicked on

2022-04-14 16:16:12 - [MESSAGE][PASSED] - Object: 'Object Repository/Avangard New/Object (Тренер)/Case (Составы)/player3' is clicked on

2022-04-14 16:16:12 - [TEST_STEP][PASSED] - click(findTestObject("Object Repository/Avangard New/Object (Тренер)/Case (Составы)/po3"), STOP_ON_FAILURE): Object: 'Object Repository/Avangard New/Object (Тренер)/Case (Составы)/po3' is clicked on

2022-04-14 16:16:12 - [MESSAGE][PASSED] - Object: 'Object Repository/Avangard New/Object (Тренер)/Case (Составы)/po3' is clicked on

2022-04-14 16:16:12 - [TEST_STEP][PASSED] - scrollToElement(findTestObject("Object Repository/Avangard New/Object (Тренер)/Case (Составы)/player4"), 0, STOP_ON_FAILURE): Scroll to object 'Object Repository/Avangard New/Object (Тренер)/Case (Составы)/player4' successfully

2022-04-14 16:16:12 - [MESSAGE][WARNING] - Timeout '0' is invalid. Using default page load timeout: '30'

2022-04-14 16:16:13 - [MESSAGE][PASSED] - Scroll to object 'Object Repository/Avangard New/Object (Тренер)/Case (Составы)/player4' successfully

2022-04-14 16:16:13 - [TEST_STEP][PASSED] - click(findTestObject("Object Repository/Avangard New/Object (Тренер)/Case (Составы)/player4"), STOP_ON_FAILURE): Object: 'Object Repository/Avangard New/Object (Тренер)/Case (Составы)/player4' is clicked on

2022-04-14 16:16:13 - [MESSAGE][PASSED] - Object: 'Object Repository/Avangard New/Object (Тренер)/Case (Составы)/player4' is clicked on

2022-04-14 16:16:13 - [TEST_STEP][PASSED] - click(findTestObject("Object Repository/Avangard New/Object (Тренер)/Case (Составы)/pos4"), STOP_ON_FAILURE): Object: 'Object Repository/Avangard New/Object (Тренер)/Case (Составы)/pos4' is clicked on

2022-04-14 16:16:14 - [MESSAGE][PASSED] - Object: 'Object Repository/Avangard New/Object (Тренер)/Case (Составы)/pos4' is clicked on

2022-04-14 16:16:14 - [TEST_STEP][PASSED] - scrollToElement(findTestObject("Object Repository/Avangard New/Object (Тренер)/Case (Составы)/player5"), 0, STOP_ON_FAILURE): Scroll to object 'Object Repository/Avangard New/Object (Тренер)/Case (Составы)/player5' successfully

2022-04-14 16:16:14 - [MESSAGE][WARNING] - Timeout '0' is invalid. Using default page load timeout: '30'

2022-04-14 16:16:14 - [MESSAGE][PASSED] - Scroll to object 'Object Repository/Avangard New/Object (Тренер)/Case (Составы)/player5' successfully

2022-04-14 16:16:14 - [TEST_STEP][PASSED] - click(findTestObject("Object Repository/Avangard New/Object (Тренер)/Case (Составы)/player5"), STOP_ON_FAILURE): Object: 'Object Repository/Avangard New/Object (Тренер)/Case (Составы)/player5' is clicked on

2022-04-14 16:16:15 - [MESSAGE][PASSED] - Object: 'Object Repository/Avangard New/Object (Тренер)/Case (Составы)/player5' is clicked on

2022-04-14 16:16:15 - [TEST_STEP][PASSED] - verifyTextPresent("Игрок недоступен для выбора", false, STOP_ON_FAILURE): Text 'Игрок недоступен для выбора' is present on page 

2022-04-14 16:16:16 - [MESSAGE][PASSED] - Text 'Игрок недоступен для выбора' is present on page 

2022-04-14 16:16:16 - [TEST_STEP][PASSED] - click(findTestObject("Object Repository/Avangard New/Object (Тренер)/Case (Составы)/button_save")): Object: 'Object Repository/Avangard New/Object (Тренер)/Case (Составы)/button_save' is clicked on

2022-04-14 16:16:16 - [MESSAGE][PASSED] - Object: 'Object Repository/Avangard New/Object (Тренер)/Case (Составы)/button_save' is clicked on

2022-04-14 16:16:16 - [TEST_STEP][PASSED] - verifyTextPresent("Изменения в составе сохранены", false): Text 'Изменения в составе сохранены' is present on page 

2022-04-14 16:16:20 - [MESSAGE][PASSED] - Text 'Изменения в составе сохранены' is present on page 

2022-04-14 16:16:20 - [TEST_STEP][PASSED] - callTestCase(findTestCase("Игрок/Cоставы у Игрока (переиспользуется в Составы у Тренера)"), [:], STOP_ON_FAILURE): Call Test Case 'Test Cases/Игрок/Cоставы у Игрока (переиспользуется в Составы у Тренера)' successfully

2022-04-14 16:16:20 - [TEST_CASE][PASSED] - Test Cases/Игрок/Cоставы у Игрока (переиспользуется в Составы у Тренера): Test Cases/Игрок/Cоставы у Игрока (переиспользуется в Составы у Тренера)

2022-04-14 16:16:21 - [TEST_STEP][PASSED] - callTestCase(findTestCase("Игрок/Авторизация"), [:], STOP_ON_FAILURE): Call Test Case 'Test Cases/Игрок/Авторизация' successfully

2022-04-14 16:16:21 - [TEST_CASE][PASSED] - Test Cases/Игрок/Авторизация: Test Cases/Игрок/Авторизация

2022-04-14 16:16:21 - [TEST_STEP][PASSED] - openBrowser(""): Browser is opened with url: ''

2022-04-14 16:16:21 - [MESSAGE][WARNING] - A browser is already opened. Closing browser and opening a new one

2022-04-14 16:16:22 - [MESSAGE][INFO] - Starting 'Chrome' driver

2022-04-14 16:16:22 - [MESSAGE][INFO] - Action delay is set to 100 milliseconds

2022-04-14 16:16:23 - [MESSAGE][PASSED] - Browser is opened with url: ''

2022-04-14 16:16:23 - [TEST_STEP][PASSED] - maximizeWindow(): Current window maximized

2022-04-14 16:16:23 - [MESSAGE][PASSED] - Current window maximized

2022-04-14 16:16:23 - [TEST_STEP][PASSED] - navigateToUrl(url): Navigate to 'https://stars-stage.hawk.ru:8080' successfully

2022-04-14 16:16:27 - [MESSAGE][PASSED] - Navigate to 'https://stars-stage.hawk.ru:8080' successfully

2022-04-14 16:16:27 - [TEST_STEP][PASSED] - setText(findTestObject("Object Repository/manager/Page_/input__sc-lnrBVv eqPACj"), player_login): Text 'danilaganin7218@icloud.com' is set on object 'Object Repository/manager/Page_/input__sc-lnrBVv eqPACj'

2022-04-14 16:16:28 - [MESSAGE][PASSED] - Text 'danilaganin7218@icloud.com' is set on object 'Object Repository/manager/Page_/input__sc-lnrBVv eqPACj'

2022-04-14 16:16:28 - [TEST_STEP][PASSED] - setText(findTestObject("Object Repository/manager/Page_/input__sc-lnrBVv eqPACj_1"), player_password): Text 'danilaganin7218' is set on object 'Object Repository/manager/Page_/input__sc-lnrBVv eqPACj_1'

2022-04-14 16:16:29 - [MESSAGE][PASSED] - Text 'danilaganin7218' is set on object 'Object Repository/manager/Page_/input__sc-lnrBVv eqPACj_1'

2022-04-14 16:16:29 - [TEST_STEP][PASSED] - click(findTestObject("manager/Page_/go")): Object: 'Object Repository/manager/Page_/go' is clicked on

2022-04-14 16:16:30 - [MESSAGE][PASSED] - Object: 'Object Repository/manager/Page_/go' is clicked on

2022-04-14 16:16:30 - [MESSAGE][PASSED] - Call Test Case 'Test Cases/Игрок/Авторизация' successfully

2022-04-14 16:16:30 - [TEST_STEP][PASSED] - click(findTestObject("Object Repository/Avangard New/Object (Тренер)/Case (Составы)/span_")): Object: 'Object Repository/Avangard New/Object (Тренер)/Case (Составы)/span_' is clicked on

2022-04-14 16:16:35 - [MESSAGE][PASSED] - Object: 'Object Repository/Avangard New/Object (Тренер)/Case (Составы)/span_' is clicked on

2022-04-14 16:16:35 - [TEST_STEP][PASSED] - verifyElementText(findTestObject("Object Repository/Avangard New/Object (Тренер)/Case (Составы)/ganin player"), player_for_test_1): Actual text and expected text of test object 'Object Repository/Avangard New/Object (Тренер)/Case (Составы)/ganin player' are matched.

2022-04-14 16:16:38 - [MESSAGE][PASSED] - Actual text and expected text of test object 'Object Repository/Avangard New/Object (Тренер)/Case (Составы)/ganin player' are matched.

2022-04-14 16:16:38 - [TEST_STEP][PASSED] - verifyElementText(findTestObject("Object Repository/Avangard New/Object (Тренер)/Case (Составы)/bulavchuk player"), "Булавчук"): Actual text and expected text of test object 'Object Repository/Avangard New/Object (Тренер)/Case (Составы)/bulavchuk player' are matched.

2022-04-14 16:16:39 - [MESSAGE][PASSED] - Actual text and expected text of test object 'Object Repository/Avangard New/Object (Тренер)/Case (Составы)/bulavchuk player' are matched.

2022-04-14 16:16:39 - [TEST_STEP][PASSED] - verifyElementText(findTestObject("Object Repository/Avangard New/Object (Тренер)/Case (Составы)/Kocubailo  palyer"), "Коцюбайло"): Actual text and expected text of test object 'Object Repository/Avangard New/Object (Тренер)/Case (Составы)/Kocubailo  palyer' are matched.

2022-04-14 16:16:39 - [MESSAGE][PASSED] - Actual text and expected text of test object 'Object Repository/Avangard New/Object (Тренер)/Case (Составы)/Kocubailo  palyer' are matched.

2022-04-14 16:16:39 - [TEST_STEP][PASSED] - verifyElementText(findTestObject("Object Repository/Avangard New/Object (Тренер)/Case (Составы)/leuka palayer"), "Леука"): Actual text and expected text of test object 'Object Repository/Avangard New/Object (Тренер)/Case (Составы)/leuka palayer' are matched.

2022-04-14 16:16:40 - [MESSAGE][PASSED] - Actual text and expected text of test object 'Object Repository/Avangard New/Object (Тренер)/Case (Составы)/leuka palayer' are matched.

2022-04-14 16:16:40 - [TEST_STEP][PASSED] - click(findTestObject("Object Repository/Avangard New/Object (Тренер)/Case (Составы)/home palyer ganin")): Object: 'Object Repository/Avangard New/Object (Тренер)/Case (Составы)/home palyer ganin' is clicked on

2022-04-14 16:16:40 - [MESSAGE][PASSED] - Object: 'Object Repository/Avangard New/Object (Тренер)/Case (Составы)/home palyer ganin' is clicked on

2022-04-14 16:16:40 - [TEST_STEP][PASSED] - scrollToElement(findTestObject("Object Repository/Avangard New/Object (Тренер)/Case (Составы)/div_88 Ganin"), 0): Scroll to object 'Object Repository/Avangard New/Object (Тренер)/Case (Составы)/div_88 Ganin' successfully

2022-04-14 16:16:40 - [MESSAGE][WARNING] - Timeout '0' is invalid. Using default page load timeout: '30'

2022-04-14 16:16:44 - [MESSAGE][PASSED] - Scroll to object 'Object Repository/Avangard New/Object (Тренер)/Case (Составы)/div_88 Ganin' successfully

2022-04-14 16:16:44 - [TEST_STEP][PASSED] - verifyElementVisible(findTestObject("Object Repository/Avangard New/Object (Тренер)/Case (Составы)/div_88 Ganin")): Object 'Object Repository/Avangard New/Object (Тренер)/Case (Составы)/div_88 Ganin' is visible

2022-04-14 16:16:44 - [MESSAGE][PASSED] - Object 'Object Repository/Avangard New/Object (Тренер)/Case (Составы)/div_88 Ganin' is visible

2022-04-14 16:16:44 - [TEST_STEP][PASSED] - verifyElementVisible(findTestObject("Object Repository/Avangard New/Object (Тренер)/Case (Составы)/div_13 Balavchuk")): Object 'Object Repository/Avangard New/Object (Тренер)/Case (Составы)/div_13 Balavchuk' is visible

2022-04-14 16:16:45 - [MESSAGE][PASSED] - Object 'Object Repository/Avangard New/Object (Тренер)/Case (Составы)/div_13 Balavchuk' is visible

2022-04-14 16:16:45 - [TEST_STEP][PASSED] - verifyElementVisible(findTestObject("Object Repository/Avangard New/Object (Тренер)/Case (Составы)/div_86 Kosubailo")): Object 'Object Repository/Avangard New/Object (Тренер)/Case (Составы)/div_86 Kosubailo' is visible

2022-04-14 16:16:45 - [MESSAGE][PASSED] - Object 'Object Repository/Avangard New/Object (Тренер)/Case (Составы)/div_86 Kosubailo' is visible

2022-04-14 16:16:45 - [TEST_STEP][PASSED] - verifyElementVisible(findTestObject("Object Repository/Avangard New/Object (Тренер)/Case (Составы)/div_78 Leyka")): Object 'Object Repository/Avangard New/Object (Тренер)/Case (Составы)/div_78 Leyka' is visible

2022-04-14 16:16:46 - [MESSAGE][PASSED] - Object 'Object Repository/Avangard New/Object (Тренер)/Case (Составы)/div_78 Leyka' is visible

2022-04-14 16:16:46 - [TEST_STEP][PASSED] - closeBrowser(): Browser is closed

2022-04-14 16:16:46 - [MESSAGE][PASSED] - Browser is closed

2022-04-14 16:16:46 - [MESSAGE][PASSED] - Call Test Case 'Test Cases/Игрок/Cоставы у Игрока (переиспользуется в Составы у Тренера)' successfully

2022-04-14 16:16:46 - [TEST_STEP][PASSED] - callTestCase(findTestCase("Тренер/Авторизация"), [:], STOP_ON_FAILURE): Call Test Case 'Test Cases/Тренер/Авторизация' successfully

2022-04-14 16:16:46 - [TEST_CASE][PASSED] - Test Cases/Тренер/Авторизация: Test Cases/Тренер/Авторизация

2022-04-14 16:16:46 - [TEST_STEP][PASSED] - openBrowser(""): Browser is opened with url: ''

2022-04-14 16:16:46 - [MESSAGE][INFO] - Starting 'Chrome' driver

2022-04-14 16:16:46 - [MESSAGE][INFO] - Action delay is set to 100 milliseconds

2022-04-14 16:16:47 - [MESSAGE][PASSED] - Browser is opened with url: ''

2022-04-14 16:16:47 - [TEST_STEP][PASSED] - maximizeWindow(): Current window maximized

2022-04-14 16:16:48 - [MESSAGE][PASSED] - Current window maximized

2022-04-14 16:16:48 - [TEST_STEP][PASSED] - navigateToUrl(url): Navigate to 'https://stars-stage.hawk.ru:8080' successfully

2022-04-14 16:16:52 - [MESSAGE][PASSED] - Navigate to 'https://stars-stage.hawk.ru:8080' successfully

2022-04-14 16:16:52 - [TEST_STEP][PASSED] - setText(findTestObject("Object Repository/manager/Page_/input__sc-lnrBVv eqPACj"), coach_login): Text 'ageev.da@hc-avangard.com' is set on object 'Object Repository/manager/Page_/input__sc-lnrBVv eqPACj'

2022-04-14 16:16:53 - [MESSAGE][PASSED] - Text 'ageev.da@hc-avangard.com' is set on object 'Object Repository/manager/Page_/input__sc-lnrBVv eqPACj'

2022-04-14 16:16:53 - [TEST_STEP][PASSED] - setText(findTestObject("Object Repository/manager/Page_/input__sc-lnrBVv eqPACj_1"), coach_password): Text 'zz4waxq6' is set on object 'Object Repository/manager/Page_/input__sc-lnrBVv eqPACj_1'

2022-04-14 16:16:54 - [MESSAGE][PASSED] - Text 'zz4waxq6' is set on object 'Object Repository/manager/Page_/input__sc-lnrBVv eqPACj_1'

2022-04-14 16:16:54 - [TEST_STEP][PASSED] - click(findTestObject("manager/Page_/go")): Object: 'Object Repository/manager/Page_/go' is clicked on

2022-04-14 16:16:55 - [MESSAGE][PASSED] - Object: 'Object Repository/manager/Page_/go' is clicked on

2022-04-14 16:16:55 - [MESSAGE][PASSED] - Call Test Case 'Test Cases/Тренер/Авторизация' successfully

2022-04-14 16:16:55 - [TEST_STEP][PASSED] - click(findTestObject("Object Repository/Avangard New/Object (Тренер)/Case (Составы)/span_sostav")): Object: 'Object Repository/Avangard New/Object (Тренер)/Case (Составы)/span_sostav' is clicked on

2022-04-14 16:16:59 - [MESSAGE][PASSED] - Object: 'Object Repository/Avangard New/Object (Тренер)/Case (Составы)/span_sostav' is clicked on

2022-04-14 16:16:59 - [TEST_STEP][PASSED] - click(findTestObject("Object Repository/Avangard New/Object (Тренер)/Case (Составы)/clear")): Object: 'Object Repository/Avangard New/Object (Тренер)/Case (Составы)/clear' is clicked on

2022-04-14 16:17:03 - [MESSAGE][PASSED] - Object: 'Object Repository/Avangard New/Object (Тренер)/Case (Составы)/clear' is clicked on

2022-04-14 16:17:03 - [TEST_STEP][PASSED] - click(findTestObject("Object Repository/Avangard New/Object (Тренер)/Case (Составы)/button_yes")): Object: 'Object Repository/Avangard New/Object (Тренер)/Case (Составы)/button_yes' is clicked on

2022-04-14 16:17:04 - [MESSAGE][PASSED] - Object: 'Object Repository/Avangard New/Object (Тренер)/Case (Составы)/button_yes' is clicked on

2022-04-14 16:17:04 - [TEST_STEP][PASSED] - click(findTestObject("Object Repository/Avangard New/Object (Тренер)/Case (Составы)/button_save")): Object: 'Object Repository/Avangard New/Object (Тренер)/Case (Составы)/button_save' is clicked on

2022-04-14 16:17:04 - [MESSAGE][PASSED] - Object: 'Object Repository/Avangard New/Object (Тренер)/Case (Составы)/button_save' is clicked on

2022-04-14 16:17:04 - [TEST_STEP][PASSED] - verifyTextPresent("Ошибка при загрузке: Состав не может быть пустым", false): Text 'Ошибка при загрузке: Состав не может быть пустым' is present on page 

2022-04-14 16:17:06 - [MESSAGE][PASSED] - Text 'Ошибка при загрузке: Состав не может быть пустым' is present on page 

2022-04-14 16:17:06 - [TEST_STEP][PASSED] - scrollToElement(findTestObject("Object Repository/Avangard New/Object (Тренер)/Case (Составы)/exit profile"), 0): Scroll to object 'Object Repository/Avangard New/Object (Тренер)/Case (Составы)/exit profile' successfully

2022-04-14 16:17:06 - [MESSAGE][WARNING] - Timeout '0' is invalid. Using default page load timeout: '30'

2022-04-14 16:17:06 - [MESSAGE][PASSED] - Scroll to object 'Object Repository/Avangard New/Object (Тренер)/Case (Составы)/exit profile' successfully

2022-04-14 16:17:06 - [TEST_STEP][PASSED] - click(findTestObject("Object Repository/Avangard New/Object (Тренер)/Case (Составы)/exit profile")): Object: 'Object Repository/Avangard New/Object (Тренер)/Case (Составы)/exit profile' is clicked on

2022-04-14 16:17:06 - [MESSAGE][PASSED] - Object: 'Object Repository/Avangard New/Object (Тренер)/Case (Составы)/exit profile' is clicked on

2022-04-14 16:17:06 - [TEST_STEP][PASSED] - setText(findTestObject("Avangard New/Object (Тренер)/Case (Составы)/input_login Levashev"), "levashev.ps@hc-avangard.com"): Text 'levashev.ps@hc-avangard.com' is set on object 'Object Repository/Avangard New/Object (Тренер)/Case (Составы)/input_login Levashev'

2022-04-14 16:17:09 - [MESSAGE][PASSED] - Text 'levashev.ps@hc-avangard.com' is set on object 'Object Repository/Avangard New/Object (Тренер)/Case (Составы)/input_login Levashev'

2022-04-14 16:17:09 - [TEST_STEP][PASSED] - setEncryptedText(findTestObject("Avangard New/Object (Тренер)/Case (Составы)/input__password Levashev"), "G3QhECOlcrTdOvw/hygZOA=="): Text ****** has been set on object 'Object Repository/Avangard New/Object (Тренер)/Case (Составы)/input__password Levashev'

2022-04-14 16:17:09 - [MESSAGE][PASSED] - Text ****** has been set on object 'Object Repository/Avangard New/Object (Тренер)/Case (Составы)/input__password Levashev'

2022-04-14 16:17:09 - [TEST_STEP][PASSED] - click(findTestObject("Object Repository/Avangard New/Object (Тренер)/Case (Составы)/div_enter")): Object: 'Object Repository/Avangard New/Object (Тренер)/Case (Составы)/div_enter' is clicked on

2022-04-14 16:17:10 - [MESSAGE][PASSED] - Object: 'Object Repository/Avangard New/Object (Тренер)/Case (Составы)/div_enter' is clicked on

2022-04-14 16:17:10 - [TEST_STEP][PASSED] - click(findTestObject("Object Repository/Avangard New/Object (Тренер)/Case (Составы)/span_sostav")): Object: 'Object Repository/Avangard New/Object (Тренер)/Case (Составы)/span_sostav' is clicked on

2022-04-14 16:17:16 - [MESSAGE][PASSED] - Object: 'Object Repository/Avangard New/Object (Тренер)/Case (Составы)/span_sostav' is clicked on

2022-04-14 16:17:16 - [TEST_STEP][PASSED] - click(findTestObject("Object Repository/Avangard New/Object (Тренер)/Case (Составы)/button_")): Object: 'Object Repository/Avangard New/Object (Тренер)/Case (Составы)/button_' is clicked on

2022-04-14 16:17:17 - [MESSAGE][PASSED] - Object: 'Object Repository/Avangard New/Object (Тренер)/Case (Составы)/button_' is clicked on

2022-04-14 16:17:17 - [TEST_STEP][PASSED] - click(findTestObject("Object Repository/Avangard New/Object (Тренер)/Case (Составы)/button__1")): Object: 'Object Repository/Avangard New/Object (Тренер)/Case (Составы)/button__1' is clicked on

2022-04-14 16:17:18 - [MESSAGE][PASSED] - Object: 'Object Repository/Avangard New/Object (Тренер)/Case (Составы)/button__1' is clicked on

2022-04-14 16:17:18 - [TEST_STEP][PASSED] - closeBrowser(): Browser is closed

2022-04-14 16:17:18 - [MESSAGE][PASSED] - Browser is closed]]></system-out>
         <system-err><![CDATA[]]></system-err>
      </testcase>
      <system-out><![CDATA[2022-04-14 16:15:47 - [TEST_SUITE][PASSED] - Составы (Омские Ястребы): Test Cases/Тренер/Составы]]></system-out>
      <system-err><![CDATA[]]></system-err>
   </testsuite>
   <testsuite name="Администратор" tests="9" failures="2" errors="0" time="450.031" skipped="0" timestamp="2022-04-14 16:17:33" hostname="LENOVO - DESKTOP-KNHN0AA" id="Test Suites/Администратор">
      <properties>
         <property name="deviceName" value=""/>
         <property name="devicePlatform" value=""/>
         <property name="logFolder" value="C:\\Users\\LENOVO\\Katalon Studio\\Avangard\\Reports\\20220414_155908\\\u0410\u0434\u043C\u0438\u043D\u0438\u0441\u0442\u0440\u0430\u0442\u043E\u0440\\20220414_155919"/>
         <property name="logFiles" value="C:\\Users\\LENOVO\\Katalon Studio\\Avangard\\Reports\\20220414_155908\\\u0410\u0434\u043C\u0438\u043D\u0438\u0441\u0442\u0440\u0430\u0442\u043E\u0440\\20220414_155919\\execution0.log"/>
         <property name="attachments" value="C:\scr\Омские Ястребы33.jpg, C:\\Users\\LENOVO\\Katalon Studio\\Avangard\\Reports\\20220414_155908\\\u0410\u0434\u043C\u0438\u043D\u0438\u0441\u0442\u0440\u0430\u0442\u043E\u0440\\20220414_155919\\1649942409940.png, C:\\Users\\LENOVO\\Katalon Studio\\Avangard\\Reports\\20220414_155908\\\u0410\u0434\u043C\u0438\u043D\u0438\u0441\u0442\u0440\u0430\u0442\u043E\u0440\\20220414_155919\\1649942519986.png, C:\\Users\\LENOVO\\Katalon Studio\\Avangard\\Reports\\20220414_155908\\\u0410\u0434\u043C\u0438\u043D\u0438\u0441\u0442\u0440\u0430\u0442\u043E\u0440\\20220414_155919\\1649942625075.png"/>
         <property name="hostName" value="LENOVO - DESKTOP-KNHN0AA"/>
         <property name="os" value="Windows 10 64bit"/>
         <property name="katalonVersion" value="8.2.5.208"/>
         <property name="browser" value="Chrome 100.0.4896.75"/>
         <property name="hostAddress" value="192.168.0.11"/>
         <property name="sessionId" value="2b968ab238348de6ef81a89326ee6667"/>
         <property name="seleniumVersion" value="3.141.59"/>
         <property name="proxyInformation" value="ProxyInformation { proxyOption=NO_PROXY, proxyServerType=HTTP, username=, password=********, proxyServerAddress=, proxyServerPort=0, executionList=&quot;&quot;, isApplyToDesiredCapabilities=true }"/>
         <property name="platform" value="Windows 10"/>
      </properties>
      <testcase name="Test Cases/Администратор/Авторизация" time="9.052" classname="Test Cases/Администратор/Авторизация" status="PASSED">
         <system-out><![CDATA[2022-04-14 16:17:33 - [TEST_CASE][PASSED] - Test Cases/Администратор/Авторизация: Test Cases/Администратор/Авторизация

2022-04-14 16:17:34 - [TEST_STEP][PASSED] - openBrowser(""): Browser is opened with url: ''

2022-04-14 16:17:34 - [MESSAGE][INFO] - Starting 'Chrome' driver

2022-04-14 16:17:34 - [MESSAGE][INFO] - Action delay is set to 100 milliseconds

2022-04-14 16:17:36 - [MESSAGE][PASSED] - Browser is opened with url: ''

2022-04-14 16:17:36 - [TEST_STEP][PASSED] - maximizeWindow(): Current window maximized

2022-04-14 16:17:36 - [MESSAGE][PASSED] - Current window maximized

2022-04-14 16:17:36 - [TEST_STEP][PASSED] - navigateToUrl(url): Navigate to 'https://stars-stage.hawk.ru:8080' successfully

2022-04-14 16:17:40 - [MESSAGE][PASSED] - Navigate to 'https://stars-stage.hawk.ru:8080' successfully

2022-04-14 16:17:40 - [TEST_STEP][PASSED] - setText(findTestObject("Object Repository/Page_/input__sc-lnrBVv eqPACj"), admin_login): Text 'TestAdmin@test.ru' is set on object 'Object Repository/Page_/input__sc-lnrBVv eqPACj'

2022-04-14 16:17:41 - [MESSAGE][PASSED] - Text 'TestAdmin@test.ru' is set on object 'Object Repository/Page_/input__sc-lnrBVv eqPACj'

2022-04-14 16:17:41 - [TEST_STEP][PASSED] - setText(findTestObject("Object Repository/Page_/input__sc-lnrBVv eqPACj_1"), admin_password): Text 'TestAdmin@test.ru' is set on object 'Object Repository/Page_/input__sc-lnrBVv eqPACj_1'

2022-04-14 16:17:42 - [MESSAGE][PASSED] - Text 'TestAdmin@test.ru' is set on object 'Object Repository/Page_/input__sc-lnrBVv eqPACj_1'

2022-04-14 16:17:42 - [TEST_STEP][PASSED] - click(findTestObject("Object Repository/Page_/go")): Object: 'Object Repository/Page_/go' is clicked on

2022-04-14 16:17:42 - [MESSAGE][PASSED] - Object: 'Object Repository/Page_/go' is clicked on]]></system-out>
         <system-err><![CDATA[]]></system-err>
      </testcase>
      <testcase name="Test Cases/Администратор/Профиль Админа" time="33.134" classname="Test Cases/Администратор/Профиль Админа" status="PASSED">
         <system-out><![CDATA[2022-04-14 16:17:43 - [TEST_CASE][PASSED] - Test Cases/Администратор/Профиль Админа: Test Cases/Администратор/Профиль Админа

2022-04-14 16:17:43 - [TEST_STEP][PASSED] - callTestCase(findTestCase("Администратор/Авторизация"), [:], STOP_ON_FAILURE): Call Test Case 'Test Cases/Администратор/Авторизация' successfully

2022-04-14 16:17:43 - [TEST_CASE][PASSED] - Test Cases/Администратор/Авторизация: Test Cases/Администратор/Авторизация

2022-04-14 16:17:43 - [TEST_STEP][PASSED] - openBrowser(""): Browser is opened with url: ''

2022-04-14 16:17:43 - [MESSAGE][WARNING] - A browser is already opened. Closing browser and opening a new one

2022-04-14 16:17:44 - [MESSAGE][INFO] - Starting 'Chrome' driver

2022-04-14 16:17:44 - [MESSAGE][INFO] - Action delay is set to 100 milliseconds

2022-04-14 16:17:45 - [MESSAGE][PASSED] - Browser is opened with url: ''

2022-04-14 16:17:45 - [TEST_STEP][PASSED] - maximizeWindow(): Current window maximized

2022-04-14 16:17:45 - [MESSAGE][PASSED] - Current window maximized

2022-04-14 16:17:45 - [TEST_STEP][PASSED] - navigateToUrl(url): Navigate to 'https://stars-stage.hawk.ru:8080' successfully

2022-04-14 16:17:49 - [MESSAGE][PASSED] - Navigate to 'https://stars-stage.hawk.ru:8080' successfully

2022-04-14 16:17:49 - [TEST_STEP][PASSED] - setText(findTestObject("Object Repository/Page_/input__sc-lnrBVv eqPACj"), admin_login): Text 'TestAdmin@test.ru' is set on object 'Object Repository/Page_/input__sc-lnrBVv eqPACj'

2022-04-14 16:17:50 - [MESSAGE][PASSED] - Text 'TestAdmin@test.ru' is set on object 'Object Repository/Page_/input__sc-lnrBVv eqPACj'

2022-04-14 16:17:50 - [TEST_STEP][PASSED] - setText(findTestObject("Object Repository/Page_/input__sc-lnrBVv eqPACj_1"), admin_password): Text 'TestAdmin@test.ru' is set on object 'Object Repository/Page_/input__sc-lnrBVv eqPACj_1'

2022-04-14 16:17:51 - [MESSAGE][PASSED] - Text 'TestAdmin@test.ru' is set on object 'Object Repository/Page_/input__sc-lnrBVv eqPACj_1'

2022-04-14 16:17:51 - [TEST_STEP][PASSED] - click(findTestObject("Object Repository/Page_/go")): Object: 'Object Repository/Page_/go' is clicked on

2022-04-14 16:17:52 - [MESSAGE][PASSED] - Object: 'Object Repository/Page_/go' is clicked on

2022-04-14 16:17:52 - [MESSAGE][PASSED] - Call Test Case 'Test Cases/Администратор/Авторизация' successfully

2022-04-14 16:17:52 - [TEST_STEP][PASSED] - click(findTestObject("Object Repository/admin/Page_/div_Admin Admin")): Object: 'Object Repository/admin/Page_/div_Admin Admin' is clicked on

2022-04-14 16:18:12 - [MESSAGE][PASSED] - Object: 'Object Repository/admin/Page_/div_Admin Admin' is clicked on

2022-04-14 16:18:12 - [TEST_STEP][PASSED] - verifyTextPresent("РЕДАКТИРОВАНИЕ ПРОФИЛЯ", true): Text 'РЕДАКТИРОВАНИЕ ПРОФИЛЯ' is present on page  using regular expression

2022-04-14 16:18:13 - [MESSAGE][PASSED] - Text 'РЕДАКТИРОВАНИЕ ПРОФИЛЯ' is present on page  using regular expression

2022-04-14 16:18:13 - [TEST_STEP][PASSED] - takeFullPageScreenshot("C:\scr\" + school + "33.jpg"): Taking screenshot successfully

2022-04-14 16:18:13 - [MESSAGE][INFO] - 0 hidden object(s)

2022-04-14 16:18:13 - [MESSAGE][PASSED] - Taking screenshot successfully
[[ATTACHMENT|C:\scr\Омские Ястребы33.jpg]]

2022-04-14 16:18:13 - [TEST_STEP][PASSED] - click(findTestObject("Object Repository/admin/Page_/save")): Object: 'Object Repository/admin/Page_/save' is clicked on

2022-04-14 16:18:14 - [MESSAGE][PASSED] - Object: 'Object Repository/admin/Page_/save' is clicked on

2022-04-14 16:18:14 - [TEST_STEP][PASSED] - click(findTestObject("admin/Page_/root")): Object: 'Object Repository/admin/Page_/root' is clicked on

2022-04-14 16:18:15 - [MESSAGE][PASSED] - Object: 'Object Repository/admin/Page_/root' is clicked on

2022-04-14 16:18:15 - [TEST_STEP][PASSED] - closeBrowser(): Browser is closed

2022-04-14 16:18:16 - [MESSAGE][PASSED] - Browser is closed]]></system-out>
         <system-err><![CDATA[]]></system-err>
      </testcase>
      <testcase name="Test Cases/Администратор/Документы (возможна проверка и под аккаунтом Менеджера)" time="34.693" classname="Test Cases/Администратор/Документы (возможна проверка и под аккаунтом Менеджера)" status="PASSED">
         <system-out><![CDATA[2022-04-14 16:18:16 - [TEST_CASE][PASSED] - Test Cases/Администратор/Документы (возможна проверка и под аккаунтом Менеджера): Test Cases/Администратор/Документы (возможна проверка и под аккаунтом Менеджера)

2022-04-14 16:18:16 - [TEST_STEP][PASSED] - callTestCase(findTestCase("Администратор/Авторизация"), [:], STOP_ON_FAILURE): Call Test Case 'Test Cases/Администратор/Авторизация' successfully

2022-04-14 16:18:16 - [TEST_CASE][PASSED] - Test Cases/Администратор/Авторизация: Test Cases/Администратор/Авторизация

2022-04-14 16:18:16 - [TEST_STEP][PASSED] - openBrowser(""): Browser is opened with url: ''

2022-04-14 16:18:16 - [MESSAGE][INFO] - Starting 'Chrome' driver

2022-04-14 16:18:16 - [MESSAGE][INFO] - Action delay is set to 100 milliseconds

2022-04-14 16:18:17 - [MESSAGE][PASSED] - Browser is opened with url: ''

2022-04-14 16:18:17 - [TEST_STEP][PASSED] - maximizeWindow(): Current window maximized

2022-04-14 16:18:17 - [MESSAGE][PASSED] - Current window maximized

2022-04-14 16:18:17 - [TEST_STEP][PASSED] - navigateToUrl(url): Navigate to 'https://stars-stage.hawk.ru:8080' successfully

2022-04-14 16:18:21 - [MESSAGE][PASSED] - Navigate to 'https://stars-stage.hawk.ru:8080' successfully

2022-04-14 16:18:21 - [TEST_STEP][PASSED] - setText(findTestObject("Object Repository/Page_/input__sc-lnrBVv eqPACj"), admin_login): Text 'TestAdmin@test.ru' is set on object 'Object Repository/Page_/input__sc-lnrBVv eqPACj'

2022-04-14 16:18:22 - [MESSAGE][PASSED] - Text 'TestAdmin@test.ru' is set on object 'Object Repository/Page_/input__sc-lnrBVv eqPACj'

2022-04-14 16:18:22 - [TEST_STEP][PASSED] - setText(findTestObject("Object Repository/Page_/input__sc-lnrBVv eqPACj_1"), admin_password): Text 'TestAdmin@test.ru' is set on object 'Object Repository/Page_/input__sc-lnrBVv eqPACj_1'

2022-04-14 16:18:23 - [MESSAGE][PASSED] - Text 'TestAdmin@test.ru' is set on object 'Object Repository/Page_/input__sc-lnrBVv eqPACj_1'

2022-04-14 16:18:23 - [TEST_STEP][PASSED] - click(findTestObject("Object Repository/Page_/go")): Object: 'Object Repository/Page_/go' is clicked on

2022-04-14 16:18:23 - [MESSAGE][PASSED] - Object: 'Object Repository/Page_/go' is clicked on

2022-04-14 16:18:23 - [MESSAGE][PASSED] - Call Test Case 'Test Cases/Администратор/Авторизация' successfully

2022-04-14 16:18:23 - [TEST_STEP][PASSED] - click(findTestObject("Avangard New/Object (Администратор)/Case (Документы)/documents (вкладка документы)")): Object: 'Object Repository/Avangard New/Object (Администратор)/Case (Документы)/documents (вкладка документы)' is clicked on

2022-04-14 16:18:45 - [MESSAGE][PASSED] - Object: 'Object Repository/Avangard New/Object (Администратор)/Case (Документы)/documents (вкладка документы)' is clicked on

2022-04-14 16:18:45 - [TEST_STEP][PASSED] - waitForPageLoad(10): Wait for page load successfully

2022-04-14 16:18:45 - [MESSAGE][PASSED] - Wait for page load successfully

2022-04-14 16:18:45 - [TEST_STEP][PASSED] - click(findTestObject("Avangard New/Object (Администратор)/Case (Документы)/document (нажать на документ)")): Object: 'Object Repository/Avangard New/Object (Администратор)/Case (Документы)/document (нажать на документ)' is clicked on

2022-04-14 16:18:46 - [MESSAGE][PASSED] - Object: 'Object Repository/Avangard New/Object (Администратор)/Case (Документы)/document (нажать на документ)' is clicked on

2022-04-14 16:18:46 - [TEST_STEP][PASSED] - verifyElementClickable(findTestObject("Avangard New/Object (Администратор)/Case (Документы)/button download")): Object 'Object Repository/Avangard New/Object (Администратор)/Case (Документы)/button download' is clickable

2022-04-14 16:18:46 - [MESSAGE][PASSED] - Object 'Object Repository/Avangard New/Object (Администратор)/Case (Документы)/button download' is clickable

2022-04-14 16:18:46 - [TEST_STEP][PASSED] - sendKeys(findTestObject("Avangard New/Object (Администратор)/Case (Документы)/button download"), Keys.chord(ESCAPE)): Keys 'ESCAPE + ' sent to object: 'Object Repository/Avangard New/Object (Администратор)/Case (Документы)/button download'

2022-04-14 16:18:47 - [MESSAGE][PASSED] - Keys 'ESCAPE + ' sent to object: 'Object Repository/Avangard New/Object (Администратор)/Case (Документы)/button download'

2022-04-14 16:18:47 - [TEST_STEP][PASSED] - scrollToElement(findTestObject("admin/documents/documents (4)/add"), 0, OPTIONAL): Scroll to object 'Object Repository/admin/documents/documents (4)/add' successfully

2022-04-14 16:18:47 - [MESSAGE][WARNING] - Timeout '0' is invalid. Using default page load timeout: '30'

2022-04-14 16:18:47 - [MESSAGE][PASSED] - Scroll to object 'Object Repository/admin/documents/documents (4)/add' successfully

2022-04-14 16:18:47 - [TEST_STEP][PASSED] - while (verifyElementVisible(findTestObject("admin/documents/Page_/add"), OPTIONAL) == true): null

2022-04-14 16:18:48 - [MESSAGE][PASSED] - Object 'Object Repository/admin/documents/Page_/add' is visible

2022-04-14 16:18:48 - [TEST_STEP][PASSED] - click(findTestObject("admin/documents/documents (4)/add")): Object: 'Object Repository/admin/documents/documents (4)/add' is clicked on

2022-04-14 16:18:48 - [MESSAGE][PASSED] - Object: 'Object Repository/admin/documents/documents (4)/add' is clicked on

2022-04-14 16:18:48 - [TEST_STEP][PASSED] - verifyElementVisible(findTestObject("admin/documents/Page_/div_    05.02.21")): Object 'Object Repository/admin/documents/Page_/div_    05.02.21' is visible

2022-04-14 16:18:49 - [MESSAGE][PASSED] - Object 'Object Repository/admin/documents/Page_/div_    05.02.21' is visible

2022-04-14 16:18:49 - [TEST_STEP][PASSED] - click(findTestObject("admin/documents/Page_/div_ _sidebar__overlay sidebar__overlay_visible")): Object: 'Object Repository/admin/documents/Page_/div_ _sidebar__overlay sidebar__overlay_visible' is clicked on

2022-04-14 16:18:49 - [MESSAGE][PASSED] - Object: 'Object Repository/admin/documents/Page_/div_ _sidebar__overlay sidebar__overlay_visible' is clicked on

2022-04-14 16:18:49 - [TEST_STEP][PASSED] - break: null

2022-04-14 16:18:49 - [TEST_STEP][PASSED] - click(findTestObject("Avangard New/Object (Администратор)/Case (Документы)/home (вкладка главная)")): Object: 'Object Repository/Avangard New/Object (Администратор)/Case (Документы)/home (вкладка главная)' is clicked on

2022-04-14 16:18:50 - [MESSAGE][PASSED] - Object: 'Object Repository/Avangard New/Object (Администратор)/Case (Документы)/home (вкладка главная)' is clicked on

2022-04-14 16:18:50 - [TEST_STEP][PASSED] - closeBrowser(): Browser is closed

2022-04-14 16:18:50 - [MESSAGE][PASSED] - Browser is closed]]></system-out>
         <system-err><![CDATA[]]></system-err>
      </testcase>
      <testcase name="Test Cases/Администратор/ОТЧЕТЫ функциональные тесты/Игровая статистика Админ" time="37.949" classname="Test Cases/Администратор/ОТЧЕТЫ функциональные тесты/Игровая статистика Админ" status="PASSED">
         <system-out><![CDATA[2022-04-14 16:18:50 - [TEST_CASE][PASSED] - Test Cases/Администратор/ОТЧЕТЫ функциональные тесты/Игровая статистика Админ: Test Cases/Администратор/ОТЧЕТЫ функциональные тесты/Игровая статистика Админ

2022-04-14 16:18:51 - [TEST_STEP][PASSED] - callTestCase(findTestCase("Администратор/Авторизация"), [:], STOP_ON_FAILURE): Call Test Case 'Test Cases/Администратор/Авторизация' successfully

2022-04-14 16:18:51 - [TEST_CASE][PASSED] - Test Cases/Администратор/Авторизация: Test Cases/Администратор/Авторизация

2022-04-14 16:18:51 - [TEST_STEP][PASSED] - openBrowser(""): Browser is opened with url: ''

2022-04-14 16:18:51 - [MESSAGE][INFO] - Starting 'Chrome' driver

2022-04-14 16:18:51 - [MESSAGE][INFO] - Action delay is set to 100 milliseconds

2022-04-14 16:18:52 - [MESSAGE][PASSED] - Browser is opened with url: ''

2022-04-14 16:18:52 - [TEST_STEP][PASSED] - maximizeWindow(): Current window maximized

2022-04-14 16:18:52 - [MESSAGE][PASSED] - Current window maximized

2022-04-14 16:18:52 - [TEST_STEP][PASSED] - navigateToUrl(url): Navigate to 'https://stars-stage.hawk.ru:8080' successfully

2022-04-14 16:18:56 - [MESSAGE][PASSED] - Navigate to 'https://stars-stage.hawk.ru:8080' successfully

2022-04-14 16:18:56 - [TEST_STEP][PASSED] - setText(findTestObject("Object Repository/Page_/input__sc-lnrBVv eqPACj"), admin_login): Text 'TestAdmin@test.ru' is set on object 'Object Repository/Page_/input__sc-lnrBVv eqPACj'

2022-04-14 16:18:57 - [MESSAGE][PASSED] - Text 'TestAdmin@test.ru' is set on object 'Object Repository/Page_/input__sc-lnrBVv eqPACj'

2022-04-14 16:18:57 - [TEST_STEP][PASSED] - setText(findTestObject("Object Repository/Page_/input__sc-lnrBVv eqPACj_1"), admin_password): Text 'TestAdmin@test.ru' is set on object 'Object Repository/Page_/input__sc-lnrBVv eqPACj_1'

2022-04-14 16:18:58 - [MESSAGE][PASSED] - Text 'TestAdmin@test.ru' is set on object 'Object Repository/Page_/input__sc-lnrBVv eqPACj_1'

2022-04-14 16:18:58 - [TEST_STEP][PASSED] - click(findTestObject("Object Repository/Page_/go")): Object: 'Object Repository/Page_/go' is clicked on

2022-04-14 16:18:59 - [MESSAGE][PASSED] - Object: 'Object Repository/Page_/go' is clicked on

2022-04-14 16:18:59 - [MESSAGE][PASSED] - Call Test Case 'Test Cases/Администратор/Авторизация' successfully

2022-04-14 16:18:59 - [TEST_STEP][PASSED] - click(findTestObject("Object Repository/Avangard New/Object (Администратор)/Сase (Игровая статистика)/report")): Object: 'Object Repository/Avangard New/Object (Администратор)/Сase (Игровая статистика)/report' is clicked on

2022-04-14 16:19:19 - [MESSAGE][PASSED] - Object: 'Object Repository/Avangard New/Object (Администратор)/Сase (Игровая статистика)/report' is clicked on

2022-04-14 16:19:19 - [TEST_STEP][PASSED] - click(findTestObject("Object Repository/Avangard New/Object (Администратор)/Сase (Игровая статистика)/game stat")): Object: 'Object Repository/Avangard New/Object (Администратор)/Сase (Игровая статистика)/game stat' is clicked on

2022-04-14 16:19:20 - [MESSAGE][PASSED] - Object: 'Object Repository/Avangard New/Object (Администратор)/Сase (Игровая статистика)/game stat' is clicked on

2022-04-14 16:19:20 - [TEST_STEP][PASSED] - setText(findTestObject("Avangard New/Object (Администратор)/Сase (Игровая статистика)/input__school game stat"), "Академия"): Text 'Академия' is set on object 'Object Repository/Avangard New/Object (Администратор)/Сase (Игровая статистика)/input__school game stat'

2022-04-14 16:19:21 - [MESSAGE][PASSED] - Text 'Академия' is set on object 'Object Repository/Avangard New/Object (Администратор)/Сase (Игровая статистика)/input__school game stat'

2022-04-14 16:19:21 - [TEST_STEP][PASSED] - sendKeys(findTestObject("Object Repository/Avangard New/Object (Администратор)/Сase (Игровая статистика)/input__school game stat"), Keys.chord(ENTER)): Keys 'ENTER + ' sent to object: 'Object Repository/Avangard New/Object (Администратор)/Сase (Игровая статистика)/input__school game stat'

2022-04-14 16:19:22 - [MESSAGE][PASSED] - Keys 'ENTER + ' sent to object: 'Object Repository/Avangard New/Object (Администратор)/Сase (Игровая статистика)/input__school game stat'

2022-04-14 16:19:22 - [TEST_STEP][PASSED] - setText(findTestObject("Avangard New/Object (Администратор)/Сase (Игровая статистика)/input__team school game"), "Омские"): Text 'Омские' is set on object 'Object Repository/Avangard New/Object (Администратор)/Сase (Игровая статистика)/input__team school game'

2022-04-14 16:19:23 - [MESSAGE][PASSED] - Text 'Омские' is set on object 'Object Repository/Avangard New/Object (Администратор)/Сase (Игровая статистика)/input__team school game'

2022-04-14 16:19:23 - [TEST_STEP][PASSED] - sendKeys(findTestObject("Object Repository/Avangard New/Object (Администратор)/Сase (Игровая статистика)/input__team school game"), Keys.chord(ENTER)): Keys 'ENTER + ' sent to object: 'Object Repository/Avangard New/Object (Администратор)/Сase (Игровая статистика)/input__team school game'

2022-04-14 16:19:23 - [MESSAGE][PASSED] - Keys 'ENTER + ' sent to object: 'Object Repository/Avangard New/Object (Администратор)/Сase (Игровая статистика)/input__team school game'

2022-04-14 16:19:23 - [TEST_STEP][PASSED] - setText(findTestObject("Object Repository/Avangard New/Object (Администратор)/Сase (Игровая статистика)/input__amplua"), "Нападающий"): Text 'Нападающий' is set on object 'Object Repository/Avangard New/Object (Администратор)/Сase (Игровая статистика)/input__amplua'

2022-04-14 16:19:24 - [MESSAGE][PASSED] - Text 'Нападающий' is set on object 'Object Repository/Avangard New/Object (Администратор)/Сase (Игровая статистика)/input__amplua'

2022-04-14 16:19:24 - [TEST_STEP][PASSED] - sendKeys(findTestObject("Object Repository/Avangard New/Object (Администратор)/Сase (Игровая статистика)/input__amplua"), Keys.chord(ENTER)): Keys 'ENTER + ' sent to object: 'Object Repository/Avangard New/Object (Администратор)/Сase (Игровая статистика)/input__amplua'

2022-04-14 16:19:25 - [MESSAGE][PASSED] - Keys 'ENTER + ' sent to object: 'Object Repository/Avangard New/Object (Администратор)/Сase (Игровая статистика)/input__amplua'

2022-04-14 16:19:25 - [TEST_STEP][PASSED] - verifyElementText(findTestObject("Avangard New/Object (Администратор)/Сase (Игровая статистика)/match stat"), "Матчи"): Actual text and expected text of test object 'Object Repository/Avangard New/Object (Администратор)/Сase (Игровая статистика)/match stat' are matched.

2022-04-14 16:19:27 - [MESSAGE][PASSED] - Actual text and expected text of test object 'Object Repository/Avangard New/Object (Администратор)/Сase (Игровая статистика)/match stat' are matched.

2022-04-14 16:19:27 - [TEST_STEP][PASSED] - verifyElementText(findTestObject("Avangard New/Object (Администратор)/Сase (Игровая статистика)/game stat time"), "Игр. время"): Actual text and expected text of test object 'Object Repository/Avangard New/Object (Администратор)/Сase (Игровая статистика)/game stat time' are matched.

2022-04-14 16:19:27 - [MESSAGE][PASSED] - Actual text and expected text of test object 'Object Repository/Avangard New/Object (Администратор)/Сase (Игровая статистика)/game stat time' are matched.

2022-04-14 16:19:27 - [TEST_STEP][PASSED] - verifyElementVisible(findTestObject("Object Repository/Avangard New/Object (Администратор)/Сase (Игровая статистика)/stat mach number")): Object 'Object Repository/Avangard New/Object (Администратор)/Сase (Игровая статистика)/stat mach number' is visible

2022-04-14 16:19:27 - [MESSAGE][PASSED] - Object 'Object Repository/Avangard New/Object (Администратор)/Сase (Игровая статистика)/stat mach number' is visible

2022-04-14 16:19:27 - [TEST_STEP][PASSED] - verifyElementVisible(findTestObject("Object Repository/Avangard New/Object (Администратор)/Сase (Игровая статистика)/grade stat gamne")): Object 'Object Repository/Avangard New/Object (Администратор)/Сase (Игровая статистика)/grade stat gamne' is visible

2022-04-14 16:19:28 - [MESSAGE][PASSED] - Object 'Object Repository/Avangard New/Object (Администратор)/Сase (Игровая статистика)/grade stat gamne' is visible

2022-04-14 16:19:28 - [TEST_STEP][PASSED] - closeBrowser(): Browser is closed

2022-04-14 16:19:28 - [MESSAGE][PASSED] - Browser is closed]]></system-out>
         <system-err><![CDATA[]]></system-err>
      </testcase>
      <testcase name="Test Cases/Администратор/ОТЧЕТЫ функциональные тесты/Отчет психологического профиля" time="45.685" classname="Test Cases/Администратор/ОТЧЕТЫ функциональные тесты/Отчет психологического профиля" status="PASSED">
         <system-out><![CDATA[2022-04-14 16:19:28 - [TEST_CASE][PASSED] - Test Cases/Администратор/ОТЧЕТЫ функциональные тесты/Отчет психологического профиля: Test Cases/Администратор/ОТЧЕТЫ функциональные тесты/Отчет психологического профиля

2022-04-14 16:19:29 - [TEST_STEP][PASSED] - callTestCase(findTestCase("Администратор/Авторизация"), [:], STOP_ON_FAILURE): Call Test Case 'Test Cases/Администратор/Авторизация' successfully

2022-04-14 16:19:29 - [TEST_CASE][PASSED] - Test Cases/Администратор/Авторизация: Test Cases/Администратор/Авторизация

2022-04-14 16:19:29 - [TEST_STEP][PASSED] - openBrowser(""): Browser is opened with url: ''

2022-04-14 16:19:29 - [MESSAGE][INFO] - Starting 'Chrome' driver

2022-04-14 16:19:29 - [MESSAGE][INFO] - Action delay is set to 100 milliseconds

2022-04-14 16:19:30 - [MESSAGE][PASSED] - Browser is opened with url: ''

2022-04-14 16:19:30 - [TEST_STEP][PASSED] - maximizeWindow(): Current window maximized

2022-04-14 16:19:30 - [MESSAGE][PASSED] - Current window maximized

2022-04-14 16:19:30 - [TEST_STEP][PASSED] - navigateToUrl(url): Navigate to 'https://stars-stage.hawk.ru:8080' successfully

2022-04-14 16:19:34 - [MESSAGE][PASSED] - Navigate to 'https://stars-stage.hawk.ru:8080' successfully

2022-04-14 16:19:34 - [TEST_STEP][PASSED] - setText(findTestObject("Object Repository/Page_/input__sc-lnrBVv eqPACj"), admin_login): Text 'TestAdmin@test.ru' is set on object 'Object Repository/Page_/input__sc-lnrBVv eqPACj'

2022-04-14 16:19:35 - [MESSAGE][PASSED] - Text 'TestAdmin@test.ru' is set on object 'Object Repository/Page_/input__sc-lnrBVv eqPACj'

2022-04-14 16:19:35 - [TEST_STEP][PASSED] - setText(findTestObject("Object Repository/Page_/input__sc-lnrBVv eqPACj_1"), admin_password): Text 'TestAdmin@test.ru' is set on object 'Object Repository/Page_/input__sc-lnrBVv eqPACj_1'

2022-04-14 16:19:36 - [MESSAGE][PASSED] - Text 'TestAdmin@test.ru' is set on object 'Object Repository/Page_/input__sc-lnrBVv eqPACj_1'

2022-04-14 16:19:36 - [TEST_STEP][PASSED] - click(findTestObject("Object Repository/Page_/go")): Object: 'Object Repository/Page_/go' is clicked on

2022-04-14 16:19:37 - [MESSAGE][PASSED] - Object: 'Object Repository/Page_/go' is clicked on

2022-04-14 16:19:37 - [MESSAGE][PASSED] - Call Test Case 'Test Cases/Администратор/Авторизация' successfully

2022-04-14 16:19:37 - [TEST_STEP][PASSED] - click(findTestObject("Object Repository/Avangard New/Object (Администратор)/Сase (Игровая статистика)/report")): Object: 'Object Repository/Avangard New/Object (Администратор)/Сase (Игровая статистика)/report' is clicked on

2022-04-14 16:19:57 - [MESSAGE][PASSED] - Object: 'Object Repository/Avangard New/Object (Администратор)/Сase (Игровая статистика)/report' is clicked on

2022-04-14 16:19:57 - [TEST_STEP][PASSED] - click(findTestObject("Object Repository/Avangard New/Object (Администратор)/Case (Отчет психологического профиля)/psyxofiz report")): Object: 'Object Repository/Avangard New/Object (Администратор)/Case (Отчет психологического профиля)/psyxofiz report' is clicked on

2022-04-14 16:19:58 - [MESSAGE][PASSED] - Object: 'Object Repository/Avangard New/Object (Администратор)/Case (Отчет психологического профиля)/psyxofiz report' is clicked on

2022-04-14 16:19:58 - [TEST_STEP][PASSED] - verifyElementText(findTestObject("Avangard New/Object (Администратор)/Case (Отчет психологического профиля)/verif report H"), "ОТЧЕТ ПСИХОЛОГИЧЕСКОГО ПРОФИЛЯ"): Actual text and expected text of test object 'Object Repository/Avangard New/Object (Администратор)/Case (Отчет психологического профиля)/verif report H' are matched.

2022-04-14 16:19:58 - [MESSAGE][PASSED] - Actual text and expected text of test object 'Object Repository/Avangard New/Object (Администратор)/Case (Отчет психологического профиля)/verif report H' are matched.

2022-04-14 16:19:58 - [TEST_STEP][PASSED] - click(findTestObject("Object Repository/Avangard New/Object (Администратор)/Case (Отчет психологического профиля)/school psixolog")): Object: 'Object Repository/Avangard New/Object (Администратор)/Case (Отчет психологического профиля)/school psixolog' is clicked on

2022-04-14 16:19:58 - [MESSAGE][PASSED] - Object: 'Object Repository/Avangard New/Object (Администратор)/Case (Отчет психологического профиля)/school psixolog' is clicked on

2022-04-14 16:19:58 - [TEST_STEP][PASSED] - setText(findTestObject("Object Repository/Avangard New/Object (Администратор)/Case (Отчет психологического профиля)/input__school  report psixolog"), ""Авангард" Академия"): Text '"Авангард" Академия' is set on object 'Object Repository/Avangard New/Object (Администратор)/Case (Отчет психологического профиля)/input__school  report psixolog'

2022-04-14 16:20:00 - [MESSAGE][PASSED] - Text '"Авангард" Академия' is set on object 'Object Repository/Avangard New/Object (Администратор)/Case (Отчет психологического профиля)/input__school  report psixolog'

2022-04-14 16:20:00 - [TEST_STEP][PASSED] - sendKeys(findTestObject("Object Repository/Avangard New/Object (Администратор)/Case (Отчет психологического профиля)/input__school  report psixolog"), Keys.chord(ENTER)): Keys 'ENTER + ' sent to object: 'Object Repository/Avangard New/Object (Администратор)/Case (Отчет психологического профиля)/input__school  report psixolog'

2022-04-14 16:20:00 - [MESSAGE][PASSED] - Keys 'ENTER + ' sent to object: 'Object Repository/Avangard New/Object (Администратор)/Case (Отчет психологического профиля)/input__school  report psixolog'

2022-04-14 16:20:00 - [TEST_STEP][PASSED] - click(findTestObject("Object Repository/Avangard New/Object (Администратор)/Case (Отчет психологического профиля)/team psixolog")): Object: 'Object Repository/Avangard New/Object (Администратор)/Case (Отчет психологического профиля)/team psixolog' is clicked on

2022-04-14 16:20:01 - [MESSAGE][PASSED] - Object: 'Object Repository/Avangard New/Object (Администратор)/Case (Отчет психологического профиля)/team psixolog' is clicked on

2022-04-14 16:20:01 - [TEST_STEP][PASSED] - setText(findTestObject("Object Repository/Avangard New/Object (Администратор)/Case (Отчет психологического профиля)/input__team report psoxolog"), school): Text 'Омские Ястребы' is set on object 'Object Repository/Avangard New/Object (Администратор)/Case (Отчет психологического профиля)/input__team report psoxolog'

2022-04-14 16:20:02 - [MESSAGE][PASSED] - Text 'Омские Ястребы' is set on object 'Object Repository/Avangard New/Object (Администратор)/Case (Отчет психологического профиля)/input__team report psoxolog'

2022-04-14 16:20:02 - [TEST_STEP][PASSED] - sendKeys(findTestObject("Object Repository/Avangard New/Object (Администратор)/Case (Отчет психологического профиля)/input__team report psoxolog"), Keys.chord(ENTER)): Keys 'ENTER + ' sent to object: 'Object Repository/Avangard New/Object (Администратор)/Case (Отчет психологического профиля)/input__team report psoxolog'

2022-04-14 16:20:03 - [MESSAGE][PASSED] - Keys 'ENTER + ' sent to object: 'Object Repository/Avangard New/Object (Администратор)/Case (Отчет психологического профиля)/input__team report psoxolog'

2022-04-14 16:20:03 - [TEST_STEP][PASSED] - click(findTestObject("Object Repository/Avangard New/Object (Администратор)/Case (Отчет психологического профиля)/player psixolog")): Object: 'Object Repository/Avangard New/Object (Администратор)/Case (Отчет психологического профиля)/player psixolog' is clicked on

2022-04-14 16:20:04 - [MESSAGE][PASSED] - Object: 'Object Repository/Avangard New/Object (Администратор)/Case (Отчет психологического профиля)/player psixolog' is clicked on

2022-04-14 16:20:04 - [TEST_STEP][PASSED] - setText(findTestObject("Object Repository/Avangard New/Object (Администратор)/Case (Отчет психологического профиля)/input__player psixolog"), player_for_test): Text 'Ганин Данила' is set on object 'Object Repository/Avangard New/Object (Администратор)/Case (Отчет психологического профиля)/input__player psixolog'

2022-04-14 16:20:05 - [MESSAGE][PASSED] - Text 'Ганин Данила' is set on object 'Object Repository/Avangard New/Object (Администратор)/Case (Отчет психологического профиля)/input__player psixolog'

2022-04-14 16:20:05 - [TEST_STEP][PASSED] - sendKeys(findTestObject("Object Repository/Avangard New/Object (Администратор)/Case (Отчет психологического профиля)/input__player psixolog"), Keys.chord(ENTER)): Keys 'ENTER + ' sent to object: 'Object Repository/Avangard New/Object (Администратор)/Case (Отчет психологического профиля)/input__player psixolog'

2022-04-14 16:20:05 - [MESSAGE][PASSED] - Keys 'ENTER + ' sent to object: 'Object Repository/Avangard New/Object (Администратор)/Case (Отчет психологического профиля)/input__player psixolog'

2022-04-14 16:20:05 - [TEST_STEP][PASSED] - click(findTestObject("Object Repository/Avangard New/Object (Администратор)/Case (Отчет психологического профиля)/date report")): Object: 'Object Repository/Avangard New/Object (Администратор)/Case (Отчет психологического профиля)/date report' is clicked on

2022-04-14 16:20:06 - [MESSAGE][PASSED] - Object: 'Object Repository/Avangard New/Object (Администратор)/Case (Отчет психологического профиля)/date report' is clicked on

2022-04-14 16:20:06 - [TEST_STEP][PASSED] - click(findTestObject("Avangard New/Object (Администратор)/Case (Отчет психологического профиля)/date report 1 pozition")): Object: 'Object Repository/Avangard New/Object (Администратор)/Case (Отчет психологического профиля)/date report 1 pozition' is clicked on

2022-04-14 16:20:06 - [MESSAGE][PASSED] - Object: 'Object Repository/Avangard New/Object (Администратор)/Case (Отчет психологического профиля)/date report 1 pozition' is clicked on

2022-04-14 16:20:06 - [TEST_STEP][PASSED] - verifyElementVisible(findTestObject("Object Repository/Avangard New/Object (Администратор)/Case (Отчет психологического профиля)/canvas")): Object 'Object Repository/Avangard New/Object (Администратор)/Case (Отчет психологического профиля)/canvas' is visible

2022-04-14 16:20:07 - [MESSAGE][PASSED] - Object 'Object Repository/Avangard New/Object (Администратор)/Case (Отчет психологического профиля)/canvas' is visible

2022-04-14 16:20:07 - [TEST_STEP][PASSED] - scrollToElement(findTestObject("Avangard New/Object (Администратор)/Case (Отчет психологического профиля)/reaction psixolog"), 0): Scroll to object 'Object Repository/Avangard New/Object (Администратор)/Case (Отчет психологического профиля)/reaction psixolog' successfully

2022-04-14 16:20:08 - [MESSAGE][WARNING] - Timeout '0' is invalid. Using default page load timeout: '30'

2022-04-14 16:20:08 - [MESSAGE][PASSED] - Scroll to object 'Object Repository/Avangard New/Object (Администратор)/Case (Отчет психологического профиля)/reaction psixolog' successfully

2022-04-14 16:20:08 - [TEST_STEP][PASSED] - verifyElementText(findTestObject("Avangard New/Object (Администратор)/Case (Отчет психологического профиля)/reaction psixolog"), "Реакция на простой стимул"): Actual text and expected text of test object 'Object Repository/Avangard New/Object (Администратор)/Case (Отчет психологического профиля)/reaction psixolog' are matched.

2022-04-14 16:20:08 - [MESSAGE][PASSED] - Actual text and expected text of test object 'Object Repository/Avangard New/Object (Администратор)/Case (Отчет психологического профиля)/reaction psixolog' are matched.

2022-04-14 16:20:08 - [TEST_STEP][PASSED] - scrollToElement(findTestObject("Avangard New/Object (Администратор)/Case (Отчет психологического профиля)/verif report H"), 0): Scroll to object 'Object Repository/Avangard New/Object (Администратор)/Case (Отчет психологического профиля)/verif report H' successfully

2022-04-14 16:20:08 - [MESSAGE][WARNING] - Timeout '0' is invalid. Using default page load timeout: '30'

2022-04-14 16:20:08 - [MESSAGE][PASSED] - Scroll to object 'Object Repository/Avangard New/Object (Администратор)/Case (Отчет психологического профиля)/verif report H' successfully

2022-04-14 16:20:08 - [TEST_STEP][PASSED] - click(findTestObject("Object Repository/Avangard New/Object (Администратор)/Case (Отчет психологического профиля)/button topologiches")): Object: 'Object Repository/Avangard New/Object (Администратор)/Case (Отчет психологического профиля)/button topologiches' is clicked on

2022-04-14 16:20:09 - [MESSAGE][PASSED] - Object: 'Object Repository/Avangard New/Object (Администратор)/Case (Отчет психологического профиля)/button topologiches' is clicked on

2022-04-14 16:20:09 - [TEST_STEP][PASSED] - if (verifyElementText(findTestObject("Object Repository/Avangard New/Object (Администратор)/Case (Отчет психологического профиля)/player topolog psixolog"), "Власенко Дмитрий", OPTIONAL) == true): Actual text 'Ганин Данила' and expected text 'Власенко Дмитрий' of test object 'Object Repository/Avangard New/Object (Администратор)/Case (Отчет психологического профиля)/player topolog psixolog' are NOT matched. (Root cause: com.kms.katalon.core.exception.StepFailedException: Actual text 'Ганин Данила' and expected text 'Власенко Дмитрий' of test object 'Object Repository/Avangard New/Object (Администратор)/Case (Отчет психологического профиля)/player topolog psixolog' are NOT matched.
	at com.kms.katalon.core.webui.keyword.internal.WebUIKeywordMain.stepFailed(WebUIKeywordMain.groovy:64)
	at com.kms.katalon.core.webui.keyword.builtin.VerifyElementTextKeyword$_verifyElementText_closure1.doCall(VerifyElementTextKeyword.groovy:57)
	at com.kms.katalon.core.webui.keyword.builtin.VerifyElementTextKeyword$_verifyElementText_closure1.call(VerifyElementTextKeyword.groovy)
	at com.kms.katalon.core.webui.keyword.internal.WebUIKeywordMain.runKeyword(WebUIKeywordMain.groovy:20)
	at com.kms.katalon.core.webui.keyword.builtin.VerifyElementTextKeyword.verifyElementText(VerifyElementTextKeyword.groovy:72)
	at com.kms.katalon.core.webui.keyword.builtin.VerifyElementTextKeyword.execute(VerifyElementTextKeyword.groovy:40)
	at com.kms.katalon.core.keyword.internal.KeywordExecutor.executeKeywordForPlatform(KeywordExecutor.groovy:74)
	at com.kms.katalon.core.webui.keyword.WebUiBuiltInKeywords.verifyElementText(WebUiBuiltInKeywords.groovy:4733)
	at com.kms.katalon.core.webui.keyword.WebUiBuiltInKeywords$verifyElementText$15.call(Unknown Source)
	at Отчет психологического профиля.run(Отчет психологического профиля:83)
	at com.kms.katalon.core.main.ScriptEngine.run(ScriptEngine.java:194)
	at com.kms.katalon.core.main.ScriptEngine.runScriptAsRawText(ScriptEngine.java:119)
	at com.kms.katalon.core.main.TestCaseExecutor.runScript(TestCaseExecutor.java:442)
	at com.kms.katalon.core.main.TestCaseExecutor.doExecute(TestCaseExecutor.java:433)
	at com.kms.katalon.core.main.TestCaseExecutor.processExecutionPhase(TestCaseExecutor.java:412)
	at com.kms.katalon.core.main.TestCaseExecutor.accessMainPhase(TestCaseExecutor.java:404)
	at com.kms.katalon.core.main.TestCaseExecutor.execute(TestCaseExecutor.java:281)
	at com.kms.katalon.core.main.TestSuiteExecutor.accessTestCaseMainPhase(TestSuiteExecutor.java:202)
	at com.kms.katalon.core.main.TestSuiteExecutor.accessTestSuiteMainPhase(TestSuiteExecutor.java:164)
	at com.kms.katalon.core.main.TestSuiteExecutor.execute(TestSuiteExecutor.java:105)
	at com.kms.katalon.core.main.TestCaseMain.startTestSuite(TestCaseMain.java:185)
	at com.kms.katalon.core.main.TestCaseMain$startTestSuite$0.call(Unknown Source)
	at TempTestSuite1649941159966.run(TempTestSuite1649941159966.groovy:36)
)

2022-04-14 16:20:10 - [MESSAGE][WARNING] - Actual text 'Ганин Данила' and expected text 'Власенко Дмитрий' of test object 'Object Repository/Avangard New/Object (Администратор)/Case (Отчет психологического профиля)/player topolog psixolog' are NOT matched. (Root cause: com.kms.katalon.core.exception.StepFailedException: Actual text 'Ганин Данила' and expected text 'Власенко Дмитрий' of test object 'Object Repository/Avangard New/Object (Администратор)/Case (Отчет психологического профиля)/player topolog psixolog' are NOT matched.
	at com.kms.katalon.core.webui.keyword.internal.WebUIKeywordMain.stepFailed(WebUIKeywordMain.groovy:64)
	at com.kms.katalon.core.webui.keyword.builtin.VerifyElementTextKeyword$_verifyElementText_closure1.doCall(VerifyElementTextKeyword.groovy:57)
	at com.kms.katalon.core.webui.keyword.builtin.VerifyElementTextKeyword$_verifyElementText_closure1.call(VerifyElementTextKeyword.groovy)
	at com.kms.katalon.core.webui.keyword.internal.WebUIKeywordMain.runKeyword(WebUIKeywordMain.groovy:20)
	at com.kms.katalon.core.webui.keyword.builtin.VerifyElementTextKeyword.verifyElementText(VerifyElementTextKeyword.groovy:72)
	at com.kms.katalon.core.webui.keyword.builtin.VerifyElementTextKeyword.execute(VerifyElementTextKeyword.groovy:40)
	at com.kms.katalon.core.keyword.internal.KeywordExecutor.executeKeywordForPlatform(KeywordExecutor.groovy:74)
	at com.kms.katalon.core.webui.keyword.WebUiBuiltInKeywords.verifyElementText(WebUiBuiltInKeywords.groovy:4733)
	at com.kms.katalon.core.webui.keyword.WebUiBuiltInKeywords$verifyElementText$15.call(Unknown Source)
	at Отчет психологического профиля.run(Отчет психологического профиля:83)
	at com.kms.katalon.core.main.ScriptEngine.run(ScriptEngine.java:194)
	at com.kms.katalon.core.main.ScriptEngine.runScriptAsRawText(ScriptEngine.java:119)
	at com.kms.katalon.core.main.TestCaseExecutor.runScript(TestCaseExecutor.java:442)
	at com.kms.katalon.core.main.TestCaseExecutor.doExecute(TestCaseExecutor.java:433)
	at com.kms.katalon.core.main.TestCaseExecutor.processExecutionPhase(TestCaseExecutor.java:412)
	at com.kms.katalon.core.main.TestCaseExecutor.accessMainPhase(TestCaseExecutor.java:404)
	at com.kms.katalon.core.main.TestCaseExecutor.execute(TestCaseExecutor.java:281)
	at com.kms.katalon.core.main.TestSuiteExecutor.accessTestCaseMainPhase(TestSuiteExecutor.java:202)
	at com.kms.katalon.core.main.TestSuiteExecutor.accessTestSuiteMainPhase(TestSuiteExecutor.java:164)
	at com.kms.katalon.core.main.TestSuiteExecutor.execute(TestSuiteExecutor.java:105)
	at com.kms.katalon.core.main.TestCaseMain.startTestSuite(TestCaseMain.java:185)
	at com.kms.katalon.core.main.TestCaseMain$startTestSuite$0.call(Unknown Source)
	at TempTestSuite1649941159966.run(TempTestSuite1649941159966.groovy:36)
)
[[ATTACHMENT|C:\\Users\\LENOVO\\Katalon Studio\\Avangard\\Reports\\20220414_155908\\\u0410\u0434\u043C\u0438\u043D\u0438\u0441\u0442\u0440\u0430\u0442\u043E\u0440\\20220414_155919\\1649942409940.png]]

2022-04-14 16:20:10 - [TEST_STEP][PASSED] - else: Keys 'ENTER + ' sent to object: 'Object Repository/Avangard New/Object (Администратор)/Case (Отчет психологического профиля)/input__swzon psixolog'

2022-04-14 16:20:10 - [TEST_STEP][PASSED] - click(findTestObject("Object Repository/Avangard New/Object (Администратор)/Case (Отчет психологического профиля)/div_20-21")): Object: 'Object Repository/Avangard New/Object (Администратор)/Case (Отчет психологического профиля)/div_20-21' is clicked on

2022-04-14 16:20:10 - [MESSAGE][PASSED] - Object: 'Object Repository/Avangard New/Object (Администратор)/Case (Отчет психологического профиля)/div_20-21' is clicked on

2022-04-14 16:20:10 - [TEST_STEP][PASSED] - setText(findTestObject("Object Repository/Avangard New/Object (Администратор)/Case (Отчет психологического профиля)/input__swzon psixolog"), "21-22"): Text '21-22' is set on object 'Object Repository/Avangard New/Object (Администратор)/Case (Отчет психологического профиля)/input__swzon psixolog'

2022-04-14 16:20:11 - [MESSAGE][PASSED] - Text '21-22' is set on object 'Object Repository/Avangard New/Object (Администратор)/Case (Отчет психологического профиля)/input__swzon psixolog'

2022-04-14 16:20:11 - [TEST_STEP][PASSED] - sendKeys(findTestObject("Object Repository/Avangard New/Object (Администратор)/Case (Отчет психологического профиля)/input__swzon psixolog"), Keys.chord(ENTER)): Keys 'ENTER + ' sent to object: 'Object Repository/Avangard New/Object (Администратор)/Case (Отчет психологического профиля)/input__swzon psixolog'

2022-04-14 16:20:12 - [MESSAGE][PASSED] - Keys 'ENTER + ' sent to object: 'Object Repository/Avangard New/Object (Администратор)/Case (Отчет психологического профиля)/input__swzon psixolog'

2022-04-14 16:20:12 - [TEST_STEP][PASSED] - verifyElementVisible(findTestObject("Object Repository/Avangard New/Object (Администратор)/Case (Отчет психологического профиля)/canvas_1")): Object 'Object Repository/Avangard New/Object (Администратор)/Case (Отчет психологического профиля)/canvas_1' is visible

2022-04-14 16:20:13 - [MESSAGE][PASSED] - Object 'Object Repository/Avangard New/Object (Администратор)/Case (Отчет психологического профиля)/canvas_1' is visible

2022-04-14 16:20:13 - [TEST_STEP][PASSED] - scrollToElement(findTestObject("Avangard New/Object (Администратор)/Case (Отчет психологического профиля)/exstraversi"), 0): Scroll to object 'Object Repository/Avangard New/Object (Администратор)/Case (Отчет психологического профиля)/exstraversi' successfully

2022-04-14 16:20:13 - [MESSAGE][WARNING] - Timeout '0' is invalid. Using default page load timeout: '30'

2022-04-14 16:20:13 - [MESSAGE][PASSED] - Scroll to object 'Object Repository/Avangard New/Object (Администратор)/Case (Отчет психологического профиля)/exstraversi' successfully

2022-04-14 16:20:13 - [TEST_STEP][PASSED] - verifyElementText(findTestObject("Avangard New/Object (Администратор)/Case (Отчет психологического профиля)/exstraversi"), "Экстраверсия"): Actual text and expected text of test object 'Object Repository/Avangard New/Object (Администратор)/Case (Отчет психологического профиля)/exstraversi' are matched.

2022-04-14 16:20:13 - [MESSAGE][PASSED] - Actual text and expected text of test object 'Object Repository/Avangard New/Object (Администратор)/Case (Отчет психологического профиля)/exstraversi' are matched.

2022-04-14 16:20:13 - [TEST_STEP][PASSED] - closeBrowser(): Browser is closed

2022-04-14 16:20:14 - [MESSAGE][PASSED] - Browser is closed]]></system-out>
         <system-err><![CDATA[]]></system-err>
      </testcase>
      <testcase name="Test Cases/Администратор/Пользователи" time="106.317" classname="Test Cases/Администратор/Пользователи" status="FAILED">
         <failure type="FAILED" message="Test Cases/Администратор/Пользователи FAILED.
Reason:
com.kms.katalon.core.exception.StepFailedException: Call Test Case 'Test Cases/Администратор/Редактирование и удаление (переиспользуется в Пользователи)' failed
	at com.kms.katalon.core.keyword.builtin.CallTestCaseKeyword$_callTestCase_closure1.doCall(CallTestCaseKeyword.groovy:63)
	at com.kms.katalon.core.keyword.builtin.CallTestCaseKeyword$_callTestCase_closure1.call(CallTestCaseKeyword.groovy)
	at com.kms.katalon.core.keyword.internal.KeywordMain.runKeyword(KeywordMain.groovy:74)
	at com.kms.katalon.core.keyword.builtin.CallTestCaseKeyword.callTestCase(CallTestCaseKeyword.groovy:81)
	at com.kms.katalon.core.keyword.builtin.CallTestCaseKeyword.execute(CallTestCaseKeyword.groovy:44)
	at com.kms.katalon.core.keyword.internal.KeywordExecutor.executeKeywordForPlatform(KeywordExecutor.groovy:74)
	at com.kms.katalon.core.keyword.BuiltinKeywords.callTestCase(BuiltinKeywords.groovy:334)
	at Пользователи.run(Пользователи:57)
	at com.kms.katalon.core.main.ScriptEngine.run(ScriptEngine.java:194)
	at com.kms.katalon.core.main.ScriptEngine.runScriptAsRawText(ScriptEngine.java:119)
	at com.kms.katalon.core.main.TestCaseExecutor.runScript(TestCaseExecutor.java:442)
	at com.kms.katalon.core.main.TestCaseExecutor.doExecute(TestCaseExecutor.java:433)
	at com.kms.katalon.core.main.TestCaseExecutor.processExecutionPhase(TestCaseExecutor.java:412)
	at com.kms.katalon.core.main.TestCaseExecutor.accessMainPhase(TestCaseExecutor.java:404)
	at com.kms.katalon.core.main.TestCaseExecutor.execute(TestCaseExecutor.java:281)
	at com.kms.katalon.core.main.TestSuiteExecutor.accessTestCaseMainPhase(TestSuiteExecutor.java:202)
	at com.kms.katalon.core.main.TestSuiteExecutor.accessTestSuiteMainPhase(TestSuiteExecutor.java:164)
	at com.kms.katalon.core.main.TestSuiteExecutor.execute(TestSuiteExecutor.java:105)
	at com.kms.katalon.core.main.TestCaseMain.startTestSuite(TestCaseMain.java:185)
	at com.kms.katalon.core.main.TestCaseMain$startTestSuite$0.call(Unknown Source)
	at TempTestSuite1649941159966.run(TempTestSuite1649941159966.groovy:36)
Caused by: com.kms.katalon.core.exception.StepFailedException: Unable to click on object 'Object Repository/Avangard New/Object (Администратор)/Case (Пользователи)/div_User Test'
	at com.kms.katalon.core.webui.keyword.internal.WebUIKeywordMain.stepFailed(WebUIKeywordMain.groovy:64)
	at com.kms.katalon.core.webui.keyword.internal.WebUIKeywordMain.runKeyword(WebUIKeywordMain.groovy:26)
	at com.kms.katalon.core.webui.keyword.builtin.ClickKeyword.click(ClickKeyword.groovy:74)
	at com.kms.katalon.core.webui.keyword.builtin.ClickKeyword.execute(ClickKeyword.groovy:40)
	at com.kms.katalon.core.keyword.internal.KeywordExecutor.executeKeywordForPlatform(KeywordExecutor.groovy:74)
	at com.kms.katalon.core.webui.keyword.WebUiBuiltInKeywords.click(WebUiBuiltInKeywords.groovy:620)
	at com.kms.katalon.core.webui.keyword.WebUiBuiltInKeywords$click$3.call(Unknown Source)
	at Редактирование и удаление (переиспользуется в Пользователи).run(Редактирование и удаление (переиспользуется в Пользователи):72)
	at com.kms.katalon.core.main.ScriptEngine.run(ScriptEngine.java:194)
	at com.kms.katalon.core.main.ScriptEngine.runScriptAsRawText(ScriptEngine.java:119)
	at com.kms.katalon.core.main.TestCaseExecutor.runScript(TestCaseExecutor.java:442)
	at com.kms.katalon.core.main.TestCaseExecutor.doExecute(TestCaseExecutor.java:433)
	at com.kms.katalon.core.main.TestCaseExecutor.processExecutionPhase(TestCaseExecutor.java:412)
	at com.kms.katalon.core.main.TestCaseExecutor.accessMainPhase(TestCaseExecutor.java:404)
	at com.kms.katalon.core.main.TestCaseExecutor.execute(TestCaseExecutor.java:281)
	at com.kms.katalon.core.main.TestCaseMain.runTestCase(TestCaseMain.java:142)
	at com.kms.katalon.core.keyword.builtin.CallTestCaseKeyword$_callTestCase_closure1.doCall(CallTestCaseKeyword.groovy:59)
	... 20 more
Caused by: org.openqa.selenium.ElementNotInteractableException: element not interactable
  (Session info: chrome=100.0.4896.75)
Build info: version: '3.141.59', revision: 'e82be7d358', time: '2018-11-14T08:25:53'
System info: host: 'DESKTOP-KNHN0AA', ip: '192.168.0.11', os.name: 'Windows 10', os.arch: 'amd64', os.version: '10.0', java.version: '1.8.0_282'
Driver info: com.kms.katalon.selenium.driver.CChromeDriver
Capabilities {acceptInsecureCerts: false, browserName: chrome, browserVersion: 100.0.4896.75, chrome: {chromedriverVersion: 100.0.4896.60 (6a5d10861ce8..., userDataDir: C:\Users\LENOVO\AppData\Loc...}, goog:chromeOptions: {debuggerAddress: localhost:53576}, javascriptEnabled: true, networkConnectionEnabled: false, pageLoadStrategy: normal, platform: WINDOWS, platformName: WINDOWS, proxy: Proxy(), setWindowRect: true, strictFileInteractability: false, timeouts: {implicit: 0, pageLoad: 300000, script: 30000}, unhandledPromptBehavior: dismiss and notify, webauthn:extension:credBlob: true, webauthn:extension:largeBlob: true, webauthn:virtualAuthenticators: true}
Session ID: 341492ffe44d3b7c2bce137a410aed8a
	at org.openqa.selenium.remote.http.W3CHttpResponseCodec.createException(W3CHttpResponseCodec.java:187)
	at org.openqa.selenium.remote.http.W3CHttpResponseCodec.decode(W3CHttpResponseCodec.java:122)
	at org.openqa.selenium.remote.http.W3CHttpResponseCodec.decode(W3CHttpResponseCodec.java:49)
	at org.openqa.selenium.remote.HttpCommandExecutor.execute(HttpCommandExecutor.java:158)
	at org.openqa.selenium.remote.service.DriverCommandExecutor.execute(DriverCommandExecutor.java:83)
	at org.openqa.selenium.remote.RemoteWebDriver.execute(RemoteWebDriver.java:552)
	at com.kms.katalon.selenium.driver.CChromeDriver.execute(CChromeDriver.java:19)
	at org.openqa.selenium.remote.RemoteWebElement.execute(RemoteWebElement.java:285)
	at org.openqa.selenium.remote.RemoteWebElement.click(RemoteWebElement.java:84)
	at org.openqa.selenium.support.events.EventFiringWebDriver$EventFiringWebElement.lambda$new$0(EventFiringWebDriver.java:404)
	at com.sun.proxy.$Proxy11.click(Unknown Source)
	at org.openqa.selenium.support.events.EventFiringWebDriver$EventFiringWebElement.click(EventFiringWebDriver.java:417)
	at org.openqa.selenium.WebElement$click.call(Unknown Source)
	at com.kms.katalon.core.webui.keyword.builtin.ClickKeyword.clickUntilSuccessWithTimeout(ClickKeyword.groovy:81)
	at com.kms.katalon.core.webui.keyword.builtin.ClickKeyword.clickUntilSuccessWithTimeout(ClickKeyword.groovy)
	at com.kms.katalon.core.webui.keyword.builtin.ClickKeyword$_click_closure1.doCall(ClickKeyword.groovy:67)
	at com.kms.katalon.core.webui.keyword.builtin.ClickKeyword$_click_closure1.call(ClickKeyword.groovy)
	at com.kms.katalon.core.webui.keyword.internal.WebUIKeywordMain.runKeyword(WebUIKeywordMain.groovy:20)
	... 35 more
"/>
         <system-out><![CDATA[2022-04-14 16:20:14 - [TEST_CASE][FAILED] - Test Cases/Администратор/Пользователи: Test Cases/Администратор/Пользователи FAILED.
Reason:
com.kms.katalon.core.exception.StepFailedException: Call Test Case 'Test Cases/Администратор/Редактирование и удаление (переиспользуется в Пользователи)' failed
	at com.kms.katalon.core.keyword.builtin.CallTestCaseKeyword$_callTestCase_closure1.doCall(CallTestCaseKeyword.groovy:63)
	at com.kms.katalon.core.keyword.builtin.CallTestCaseKeyword$_callTestCase_closure1.call(CallTestCaseKeyword.groovy)
	at com.kms.katalon.core.keyword.internal.KeywordMain.runKeyword(KeywordMain.groovy:74)
	at com.kms.katalon.core.keyword.builtin.CallTestCaseKeyword.callTestCase(CallTestCaseKeyword.groovy:81)
	at com.kms.katalon.core.keyword.builtin.CallTestCaseKeyword.execute(CallTestCaseKeyword.groovy:44)
	at com.kms.katalon.core.keyword.internal.KeywordExecutor.executeKeywordForPlatform(KeywordExecutor.groovy:74)
	at com.kms.katalon.core.keyword.BuiltinKeywords.callTestCase(BuiltinKeywords.groovy:334)
	at Пользователи.run(Пользователи:57)
	at com.kms.katalon.core.main.ScriptEngine.run(ScriptEngine.java:194)
	at com.kms.katalon.core.main.ScriptEngine.runScriptAsRawText(ScriptEngine.java:119)
	at com.kms.katalon.core.main.TestCaseExecutor.runScript(TestCaseExecutor.java:442)
	at com.kms.katalon.core.main.TestCaseExecutor.doExecute(TestCaseExecutor.java:433)
	at com.kms.katalon.core.main.TestCaseExecutor.processExecutionPhase(TestCaseExecutor.java:412)
	at com.kms.katalon.core.main.TestCaseExecutor.accessMainPhase(TestCaseExecutor.java:404)
	at com.kms.katalon.core.main.TestCaseExecutor.execute(TestCaseExecutor.java:281)
	at com.kms.katalon.core.main.TestSuiteExecutor.accessTestCaseMainPhase(TestSuiteExecutor.java:202)
	at com.kms.katalon.core.main.TestSuiteExecutor.accessTestSuiteMainPhase(TestSuiteExecutor.java:164)
	at com.kms.katalon.core.main.TestSuiteExecutor.execute(TestSuiteExecutor.java:105)
	at com.kms.katalon.core.main.TestCaseMain.startTestSuite(TestCaseMain.java:185)
	at com.kms.katalon.core.main.TestCaseMain$startTestSuite$0.call(Unknown Source)
	at TempTestSuite1649941159966.run(TempTestSuite1649941159966.groovy:36)
Caused by: com.kms.katalon.core.exception.StepFailedException: Unable to click on object 'Object Repository/Avangard New/Object (Администратор)/Case (Пользователи)/div_User Test'
	at com.kms.katalon.core.webui.keyword.internal.WebUIKeywordMain.stepFailed(WebUIKeywordMain.groovy:64)
	at com.kms.katalon.core.webui.keyword.internal.WebUIKeywordMain.runKeyword(WebUIKeywordMain.groovy:26)
	at com.kms.katalon.core.webui.keyword.builtin.ClickKeyword.click(ClickKeyword.groovy:74)
	at com.kms.katalon.core.webui.keyword.builtin.ClickKeyword.execute(ClickKeyword.groovy:40)
	at com.kms.katalon.core.keyword.internal.KeywordExecutor.executeKeywordForPlatform(KeywordExecutor.groovy:74)
	at com.kms.katalon.core.webui.keyword.WebUiBuiltInKeywords.click(WebUiBuiltInKeywords.groovy:620)
	at com.kms.katalon.core.webui.keyword.WebUiBuiltInKeywords$click$3.call(Unknown Source)
	at Редактирование и удаление (переиспользуется в Пользователи).run(Редактирование и удаление (переиспользуется в Пользователи):72)
	at com.kms.katalon.core.main.ScriptEngine.run(ScriptEngine.java:194)
	at com.kms.katalon.core.main.ScriptEngine.runScriptAsRawText(ScriptEngine.java:119)
	at com.kms.katalon.core.main.TestCaseExecutor.runScript(TestCaseExecutor.java:442)
	at com.kms.katalon.core.main.TestCaseExecutor.doExecute(TestCaseExecutor.java:433)
	at com.kms.katalon.core.main.TestCaseExecutor.processExecutionPhase(TestCaseExecutor.java:412)
	at com.kms.katalon.core.main.TestCaseExecutor.accessMainPhase(TestCaseExecutor.java:404)
	at com.kms.katalon.core.main.TestCaseExecutor.execute(TestCaseExecutor.java:281)
	at com.kms.katalon.core.main.TestCaseMain.runTestCase(TestCaseMain.java:142)
	at com.kms.katalon.core.keyword.builtin.CallTestCaseKeyword$_callTestCase_closure1.doCall(CallTestCaseKeyword.groovy:59)
	... 20 more
Caused by: org.openqa.selenium.ElementNotInteractableException: element not interactable
  (Session info: chrome=100.0.4896.75)
Build info: version: '3.141.59', revision: 'e82be7d358', time: '2018-11-14T08:25:53'
System info: host: 'DESKTOP-KNHN0AA', ip: '192.168.0.11', os.name: 'Windows 10', os.arch: 'amd64', os.version: '10.0', java.version: '1.8.0_282'
Driver info: com.kms.katalon.selenium.driver.CChromeDriver
Capabilities {acceptInsecureCerts: false, browserName: chrome, browserVersion: 100.0.4896.75, chrome: {chromedriverVersion: 100.0.4896.60 (6a5d10861ce8..., userDataDir: C:\Users\LENOVO\AppData\Loc...}, goog:chromeOptions: {debuggerAddress: localhost:53576}, javascriptEnabled: true, networkConnectionEnabled: false, pageLoadStrategy: normal, platform: WINDOWS, platformName: WINDOWS, proxy: Proxy(), setWindowRect: true, strictFileInteractability: false, timeouts: {implicit: 0, pageLoad: 300000, script: 30000}, unhandledPromptBehavior: dismiss and notify, webauthn:extension:credBlob: true, webauthn:extension:largeBlob: true, webauthn:virtualAuthenticators: true}
Session ID: 341492ffe44d3b7c2bce137a410aed8a
	at org.openqa.selenium.remote.http.W3CHttpResponseCodec.createException(W3CHttpResponseCodec.java:187)
	at org.openqa.selenium.remote.http.W3CHttpResponseCodec.decode(W3CHttpResponseCodec.java:122)
	at org.openqa.selenium.remote.http.W3CHttpResponseCodec.decode(W3CHttpResponseCodec.java:49)
	at org.openqa.selenium.remote.HttpCommandExecutor.execute(HttpCommandExecutor.java:158)
	at org.openqa.selenium.remote.service.DriverCommandExecutor.execute(DriverCommandExecutor.java:83)
	at org.openqa.selenium.remote.RemoteWebDriver.execute(RemoteWebDriver.java:552)
	at com.kms.katalon.selenium.driver.CChromeDriver.execute(CChromeDriver.java:19)
	at org.openqa.selenium.remote.RemoteWebElement.execute(RemoteWebElement.java:285)
	at org.openqa.selenium.remote.RemoteWebElement.click(RemoteWebElement.java:84)
	at org.openqa.selenium.support.events.EventFiringWebDriver$EventFiringWebElement.lambda$new$0(EventFiringWebDriver.java:404)
	at com.sun.proxy.$Proxy11.click(Unknown Source)
	at org.openqa.selenium.support.events.EventFiringWebDriver$EventFiringWebElement.click(EventFiringWebDriver.java:417)
	at org.openqa.selenium.WebElement$click.call(Unknown Source)
	at com.kms.katalon.core.webui.keyword.builtin.ClickKeyword.clickUntilSuccessWithTimeout(ClickKeyword.groovy:81)
	at com.kms.katalon.core.webui.keyword.builtin.ClickKeyword.clickUntilSuccessWithTimeout(ClickKeyword.groovy)
	at com.kms.katalon.core.webui.keyword.builtin.ClickKeyword$_click_closure1.doCall(ClickKeyword.groovy:67)
	at com.kms.katalon.core.webui.keyword.builtin.ClickKeyword$_click_closure1.call(ClickKeyword.groovy)
	at com.kms.katalon.core.webui.keyword.internal.WebUIKeywordMain.runKeyword(WebUIKeywordMain.groovy:20)
	... 35 more


2022-04-14 16:20:14 - [TEST_STEP][PASSED] - callTestCase(findTestCase("Администратор/Авторизация"), [:], STOP_ON_FAILURE): Call Test Case 'Test Cases/Администратор/Авторизация' successfully

2022-04-14 16:20:14 - [TEST_CASE][PASSED] - Test Cases/Администратор/Авторизация: Test Cases/Администратор/Авторизация

2022-04-14 16:20:14 - [TEST_STEP][PASSED] - openBrowser(""): Browser is opened with url: ''

2022-04-14 16:20:14 - [MESSAGE][INFO] - Starting 'Chrome' driver

2022-04-14 16:20:14 - [MESSAGE][INFO] - Action delay is set to 100 milliseconds

2022-04-14 16:20:16 - [MESSAGE][PASSED] - Browser is opened with url: ''

2022-04-14 16:20:16 - [TEST_STEP][PASSED] - maximizeWindow(): Current window maximized

2022-04-14 16:20:16 - [MESSAGE][PASSED] - Current window maximized

2022-04-14 16:20:16 - [TEST_STEP][PASSED] - navigateToUrl(url): Navigate to 'https://stars-stage.hawk.ru:8080' successfully

2022-04-14 16:20:21 - [MESSAGE][PASSED] - Navigate to 'https://stars-stage.hawk.ru:8080' successfully

2022-04-14 16:20:21 - [TEST_STEP][PASSED] - setText(findTestObject("Object Repository/Page_/input__sc-lnrBVv eqPACj"), admin_login): Text 'TestAdmin@test.ru' is set on object 'Object Repository/Page_/input__sc-lnrBVv eqPACj'

2022-04-14 16:20:22 - [MESSAGE][PASSED] - Text 'TestAdmin@test.ru' is set on object 'Object Repository/Page_/input__sc-lnrBVv eqPACj'

2022-04-14 16:20:22 - [TEST_STEP][PASSED] - setText(findTestObject("Object Repository/Page_/input__sc-lnrBVv eqPACj_1"), admin_password): Text 'TestAdmin@test.ru' is set on object 'Object Repository/Page_/input__sc-lnrBVv eqPACj_1'

2022-04-14 16:20:23 - [MESSAGE][PASSED] - Text 'TestAdmin@test.ru' is set on object 'Object Repository/Page_/input__sc-lnrBVv eqPACj_1'

2022-04-14 16:20:23 - [TEST_STEP][PASSED] - click(findTestObject("Object Repository/Page_/go")): Object: 'Object Repository/Page_/go' is clicked on

2022-04-14 16:20:23 - [MESSAGE][PASSED] - Object: 'Object Repository/Page_/go' is clicked on

2022-04-14 16:20:23 - [MESSAGE][PASSED] - Call Test Case 'Test Cases/Администратор/Авторизация' successfully

2022-04-14 16:20:23 - [TEST_STEP][PASSED] - callTestCase(findTestCase("Администратор/Создание пользователя (переиспользуется в Пользователи)"), [:], STOP_ON_FAILURE): Call Test Case 'Test Cases/Администратор/Создание пользователя (переиспользуется в Пользователи)' successfully

2022-04-14 16:20:23 - [TEST_CASE][PASSED] - Test Cases/Администратор/Создание пользователя (переиспользуется в Пользователи): Test Cases/Администратор/Создание пользователя (переиспользуется в Пользователи)

2022-04-14 16:20:24 - [TEST_STEP][NOT_RUN] - callTestCase(findTestCase("Администратор/Авторизация"), [:], STOP_ON_FAILURE): NOT_RUN: callTestCase(findTestCase("Администратор/Авторизация"), [:], STOP_ON_FAILURE)

2022-04-14 16:20:24 - [MESSAGE][NOT_RUN] - NOT_RUN: callTestCase(findTestCase("Администратор/Авторизация"), [:], STOP_ON_FAILURE)

2022-04-14 16:20:24 - [TEST_STEP][PASSED] - click(findTestObject("Object Repository/Avangard New/Object (Администратор)/Case (Пользователи)/span users")): Object: 'Object Repository/Avangard New/Object (Администратор)/Case (Пользователи)/span users' is clicked on

2022-04-14 16:20:47 - [MESSAGE][PASSED] - Object: 'Object Repository/Avangard New/Object (Администратор)/Case (Пользователи)/span users' is clicked on

2022-04-14 16:20:47 - [TEST_STEP][PASSED] - click(findTestObject("Object Repository/Avangard New/Object (Администратор)/Case (Пользователи)/button_add users")): Object: 'Object Repository/Avangard New/Object (Администратор)/Case (Пользователи)/button_add users' is clicked on

2022-04-14 16:20:48 - [MESSAGE][PASSED] - Object: 'Object Repository/Avangard New/Object (Администратор)/Case (Пользователи)/button_add users' is clicked on

2022-04-14 16:20:48 - [TEST_STEP][PASSED] - click(findTestObject("Object Repository/Avangard New/Object (Администратор)/Case (Пользователи)/div__role")): Object: 'Object Repository/Avangard New/Object (Администратор)/Case (Пользователи)/div__role' is clicked on

2022-04-14 16:20:49 - [MESSAGE][PASSED] - Object: 'Object Repository/Avangard New/Object (Администратор)/Case (Пользователи)/div__role' is clicked on

2022-04-14 16:20:49 - [TEST_STEP][PASSED] - click(findTestObject("Object Repository/Avangard New/Object (Администратор)/Case (Пользователи)/div__trainer add")): Object: 'Object Repository/Avangard New/Object (Администратор)/Case (Пользователи)/div__trainer add' is clicked on

2022-04-14 16:20:50 - [MESSAGE][PASSED] - Object: 'Object Repository/Avangard New/Object (Администратор)/Case (Пользователи)/div__trainer add' is clicked on

2022-04-14 16:20:50 - [TEST_STEP][PASSED] - setText(findTestObject("Object Repository/Avangard New/Object (Администратор)/Case (Пользователи)/input__Name"), "User"): Text 'User' is set on object 'Object Repository/Avangard New/Object (Администратор)/Case (Пользователи)/input__Name'

2022-04-14 16:20:51 - [MESSAGE][PASSED] - Text 'User' is set on object 'Object Repository/Avangard New/Object (Администратор)/Case (Пользователи)/input__Name'

2022-04-14 16:20:51 - [TEST_STEP][PASSED] - setText(findTestObject("Object Repository/Avangard New/Object (Администратор)/Case (Пользователи)/imput family"), "Test"): Text 'Test' is set on object 'Object Repository/Avangard New/Object (Администратор)/Case (Пользователи)/imput family'

2022-04-14 16:20:52 - [MESSAGE][PASSED] - Text 'Test' is set on object 'Object Repository/Avangard New/Object (Администратор)/Case (Пользователи)/imput family'

2022-04-14 16:20:52 - [TEST_STEP][PASSED] - setText(findTestObject("Object Repository/Avangard New/Object (Администратор)/Case (Пользователи)/imput otch"), "add"): Text 'add' is set on object 'Object Repository/Avangard New/Object (Администратор)/Case (Пользователи)/imput otch'

2022-04-14 16:20:53 - [MESSAGE][PASSED] - Text 'add' is set on object 'Object Repository/Avangard New/Object (Администратор)/Case (Пользователи)/imput otch'

2022-04-14 16:20:53 - [TEST_STEP][PASSED] - click(findTestObject("Object Repository/Avangard New/Object (Администратор)/Case (Пользователи)/svg")): Object: 'Object Repository/Avangard New/Object (Администратор)/Case (Пользователи)/svg' is clicked on

2022-04-14 16:20:53 - [MESSAGE][PASSED] - Object: 'Object Repository/Avangard New/Object (Администратор)/Case (Пользователи)/svg' is clicked on

2022-04-14 16:20:53 - [TEST_STEP][PASSED] - click(findTestObject("Object Repository/Avangard New/Object (Администратор)/Case (Пользователи)/span_2022_react-datepicker")): Object: 'Object Repository/Avangard New/Object (Администратор)/Case (Пользователи)/span_2022_react-datepicker' is clicked on

2022-04-14 16:20:54 - [MESSAGE][PASSED] - Object: 'Object Repository/Avangard New/Object (Администратор)/Case (Пользователи)/span_2022_react-datepicker' is clicked on

2022-04-14 16:20:54 - [TEST_STEP][PASSED] - scrollToElement(findTestObject("Object Repository/Avangard New/Object (Администратор)/Case (Пользователи)/div_2000"), 0): Scroll to object 'Object Repository/Avangard New/Object (Администратор)/Case (Пользователи)/div_2000' successfully

2022-04-14 16:20:54 - [MESSAGE][WARNING] - Timeout '0' is invalid. Using default page load timeout: '30'

2022-04-14 16:20:54 - [MESSAGE][PASSED] - Scroll to object 'Object Repository/Avangard New/Object (Администратор)/Case (Пользователи)/div_2000' successfully

2022-04-14 16:20:54 - [TEST_STEP][PASSED] - click(findTestObject("Object Repository/Avangard New/Object (Администратор)/Case (Пользователи)/div_2000")): Object: 'Object Repository/Avangard New/Object (Администратор)/Case (Пользователи)/div_2000' is clicked on

2022-04-14 16:20:55 - [MESSAGE][PASSED] - Object: 'Object Repository/Avangard New/Object (Администратор)/Case (Пользователи)/div_2000' is clicked on

2022-04-14 16:20:55 - [TEST_STEP][PASSED] - click(findTestObject("Object Repository/Avangard New/Object (Администратор)/Case (Пользователи)/div_15")): Object: 'Object Repository/Avangard New/Object (Администратор)/Case (Пользователи)/div_15' is clicked on

2022-04-14 16:20:55 - [MESSAGE][PASSED] - Object: 'Object Repository/Avangard New/Object (Администратор)/Case (Пользователи)/div_15' is clicked on

2022-04-14 16:20:55 - [TEST_STEP][PASSED] - click(findTestObject("Object Repository/Avangard New/Object (Администратор)/Case (Пользователи)/div__number"), STOP_ON_FAILURE): Object: 'Object Repository/Avangard New/Object (Администратор)/Case (Пользователи)/div__number' is clicked on

2022-04-14 16:20:56 - [MESSAGE][PASSED] - Object: 'Object Repository/Avangard New/Object (Администратор)/Case (Пользователи)/div__number' is clicked on

2022-04-14 16:20:56 - [TEST_STEP][PASSED] - setText(findTestObject("Object Repository/Avangard New/Object (Администратор)/Case (Пользователи)/div__number"), "8(905)045-87-54"): Text '8(905)045-87-54' is set on object 'Object Repository/Avangard New/Object (Администратор)/Case (Пользователи)/div__number'

2022-04-14 16:20:57 - [MESSAGE][PASSED] - Text '8(905)045-87-54' is set on object 'Object Repository/Avangard New/Object (Администратор)/Case (Пользователи)/div__number'

2022-04-14 16:20:57 - [TEST_STEP][PASSED] - click(findTestObject("Object Repository/Avangard New/Object (Администратор)/Case (Пользователи)/div__schooladd")): Object: 'Object Repository/Avangard New/Object (Администратор)/Case (Пользователи)/div__schooladd' is clicked on

2022-04-14 16:20:58 - [MESSAGE][PASSED] - Object: 'Object Repository/Avangard New/Object (Администратор)/Case (Пользователи)/div__schooladd' is clicked on

2022-04-14 16:20:58 - [TEST_STEP][PASSED] - click(findTestObject("Object Repository/Avangard New/Object (Администратор)/Case (Пользователи)/font_avangard")): Object: 'Object Repository/Avangard New/Object (Администратор)/Case (Пользователи)/font_avangard' is clicked on

2022-04-14 16:20:58 - [MESSAGE][PASSED] - Object: 'Object Repository/Avangard New/Object (Администратор)/Case (Пользователи)/font_avangard' is clicked on

2022-04-14 16:20:58 - [TEST_STEP][PASSED] - click(findTestObject("Object Repository/Avangard New/Object (Администратор)/Case (Пользователи)/div__team")): Object: 'Object Repository/Avangard New/Object (Администратор)/Case (Пользователи)/div__team' is clicked on

2022-04-14 16:20:59 - [MESSAGE][PASSED] - Object: 'Object Repository/Avangard New/Object (Администратор)/Case (Пользователи)/div__team' is clicked on

2022-04-14 16:20:59 - [TEST_STEP][PASSED] - click(findTestObject("Object Repository/Avangard New/Object (Администратор)/Case (Пользователи)/font_ystrebi")): Object: 'Object Repository/Avangard New/Object (Администратор)/Case (Пользователи)/font_ystrebi' is clicked on

2022-04-14 16:21:00 - [MESSAGE][PASSED] - Object: 'Object Repository/Avangard New/Object (Администратор)/Case (Пользователи)/font_ystrebi' is clicked on

2022-04-14 16:21:00 - [TEST_STEP][PASSED] - click(findTestObject("Object Repository/Avangard New/Object (Администратор)/Case (Пользователи)/div_tipe")): Object: 'Object Repository/Avangard New/Object (Администратор)/Case (Пользователи)/div_tipe' is clicked on

2022-04-14 16:21:00 - [MESSAGE][PASSED] - Object: 'Object Repository/Avangard New/Object (Администратор)/Case (Пользователи)/div_tipe' is clicked on

2022-04-14 16:21:00 - [TEST_STEP][PASSED] - click(findTestObject("Object Repository/Avangard New/Object (Администратор)/Case (Пользователи)/div__1")): Object: 'Object Repository/Avangard New/Object (Администратор)/Case (Пользователи)/div__1' is clicked on

2022-04-14 16:21:01 - [MESSAGE][PASSED] - Object: 'Object Repository/Avangard New/Object (Администратор)/Case (Пользователи)/div__1' is clicked on

2022-04-14 16:21:01 - [TEST_STEP][PASSED] - setText(findTestObject("Object Repository/Avangard New/Object (Администратор)/Case (Пользователи)/input__login"), "testuser@mail.ru"): Text 'testuser@mail.ru' is set on object 'Object Repository/Avangard New/Object (Администратор)/Case (Пользователи)/input__login'

2022-04-14 16:21:02 - [MESSAGE][PASSED] - Text 'testuser@mail.ru' is set on object 'Object Repository/Avangard New/Object (Администратор)/Case (Пользователи)/input__login'

2022-04-14 16:21:02 - [TEST_STEP][PASSED] - setEncryptedText(findTestObject("Object Repository/Avangard New/Object (Администратор)/Case (Пользователи)/input__password"), "KYHCBHc84S1cPnf6Imz4kQ=="): Text ****** has been set on object 'Object Repository/Avangard New/Object (Администратор)/Case (Пользователи)/input__password'

2022-04-14 16:21:03 - [MESSAGE][PASSED] - Text ****** has been set on object 'Object Repository/Avangard New/Object (Администратор)/Case (Пользователи)/input__password'

2022-04-14 16:21:03 - [TEST_STEP][PASSED] - scrollToElement(findTestObject("Object Repository/Avangard New/Object (Администратор)/Case (Пользователи)/font_save"), 0): Scroll to object 'Object Repository/Avangard New/Object (Администратор)/Case (Пользователи)/font_save' successfully

2022-04-14 16:21:03 - [MESSAGE][WARNING] - Timeout '0' is invalid. Using default page load timeout: '30'

2022-04-14 16:21:03 - [MESSAGE][PASSED] - Scroll to object 'Object Repository/Avangard New/Object (Администратор)/Case (Пользователи)/font_save' successfully

2022-04-14 16:21:03 - [TEST_STEP][PASSED] - click(findTestObject("Object Repository/Avangard New/Object (Администратор)/Case (Пользователи)/font_save")): Object: 'Object Repository/Avangard New/Object (Администратор)/Case (Пользователи)/font_save' is clicked on

2022-04-14 16:21:04 - [MESSAGE][PASSED] - Object: 'Object Repository/Avangard New/Object (Администратор)/Case (Пользователи)/font_save' is clicked on

2022-04-14 16:21:04 - [TEST_STEP][PASSED] - verifyElementText(findTestObject("Avangard New/Object (Администратор)/Case (Пользователи)/proverka alert"), "Пользователь создан"): Actual text and expected text of test object 'Object Repository/Avangard New/Object (Администратор)/Case (Пользователи)/proverka alert' are matched.

2022-04-14 16:21:05 - [MESSAGE][PASSED] - Actual text and expected text of test object 'Object Repository/Avangard New/Object (Администратор)/Case (Пользователи)/proverka alert' are matched.

2022-04-14 16:21:05 - [TEST_STEP][PASSED] - scrollToElement(findTestObject("Avangard New/Object (Администратор)/Case (Пользователи)/span_exit profile"), 0): Scroll to object 'Object Repository/Avangard New/Object (Администратор)/Case (Пользователи)/span_exit profile' successfully

2022-04-14 16:21:05 - [MESSAGE][WARNING] - Timeout '0' is invalid. Using default page load timeout: '30'

2022-04-14 16:21:05 - [MESSAGE][PASSED] - Scroll to object 'Object Repository/Avangard New/Object (Администратор)/Case (Пользователи)/span_exit profile' successfully

2022-04-14 16:21:05 - [TEST_STEP][PASSED] - click(findTestObject("Avangard New/Object (Администратор)/Case (Пользователи)/span_exit profile")): Object: 'Object Repository/Avangard New/Object (Администратор)/Case (Пользователи)/span_exit profile' is clicked on

2022-04-14 16:21:06 - [MESSAGE][PASSED] - Object: 'Object Repository/Avangard New/Object (Администратор)/Case (Пользователи)/span_exit profile' is clicked on

2022-04-14 16:21:06 - [TEST_STEP][PASSED] - setText(findTestObject("Object Repository/Avangard New/Object (Администратор)/Case (Пользователи)/input_authorization"), "testuser@mail.ru"): Text 'testuser@mail.ru' is set on object 'Object Repository/Avangard New/Object (Администратор)/Case (Пользователи)/input_authorization'

2022-04-14 16:21:07 - [MESSAGE][PASSED] - Text 'testuser@mail.ru' is set on object 'Object Repository/Avangard New/Object (Администратор)/Case (Пользователи)/input_authorization'

2022-04-14 16:21:07 - [TEST_STEP][PASSED] - setEncryptedText(findTestObject("Object Repository/Avangard New/Object (Администратор)/Case (Пользователи)/input__password test user"), "KYHCBHc84S1cPnf6Imz4kQ=="): Text ****** has been set on object 'Object Repository/Avangard New/Object (Администратор)/Case (Пользователи)/input__password test user'

2022-04-14 16:21:08 - [MESSAGE][PASSED] - Text ****** has been set on object 'Object Repository/Avangard New/Object (Администратор)/Case (Пользователи)/input__password test user'

2022-04-14 16:21:08 - [TEST_STEP][PASSED] - click(findTestObject("Object Repository/Avangard New/Object (Администратор)/Case (Пользователи)/div enter")): Object: 'Object Repository/Avangard New/Object (Администратор)/Case (Пользователи)/div enter' is clicked on

2022-04-14 16:21:09 - [MESSAGE][PASSED] - Object: 'Object Repository/Avangard New/Object (Администратор)/Case (Пользователи)/div enter' is clicked on

2022-04-14 16:21:09 - [TEST_STEP][PASSED] - scrollToElement(findTestObject("Avangard New/Object (Администратор)/Case (Пользователи)/div_User Test"), 0): Scroll to object 'Object Repository/Avangard New/Object (Администратор)/Case (Пользователи)/div_User Test' successfully

2022-04-14 16:21:09 - [MESSAGE][WARNING] - Timeout '0' is invalid. Using default page load timeout: '30'

2022-04-14 16:21:13 - [MESSAGE][PASSED] - Scroll to object 'Object Repository/Avangard New/Object (Администратор)/Case (Пользователи)/div_User Test' successfully

2022-04-14 16:21:13 - [TEST_STEP][PASSED] - verifyElementText(findTestObject("Avangard New/Object (Администратор)/Case (Пользователи)/div_User Test"), "Test User"): Actual text and expected text of test object 'Object Repository/Avangard New/Object (Администратор)/Case (Пользователи)/div_User Test' are matched.

2022-04-14 16:21:14 - [MESSAGE][PASSED] - Actual text and expected text of test object 'Object Repository/Avangard New/Object (Администратор)/Case (Пользователи)/div_User Test' are matched.

2022-04-14 16:21:14 - [MESSAGE][PASSED] - Call Test Case 'Test Cases/Администратор/Создание пользователя (переиспользуется в Пользователи)' successfully

2022-04-14 16:21:14 - [TEST_STEP][PASSED] - callTestCase(findTestCase("Администратор/Авторизация"), [:], STOP_ON_FAILURE): Call Test Case 'Test Cases/Администратор/Авторизация' successfully

2022-04-14 16:21:14 - [TEST_CASE][PASSED] - Test Cases/Администратор/Авторизация: Test Cases/Администратор/Авторизация

2022-04-14 16:21:14 - [TEST_STEP][PASSED] - openBrowser(""): Browser is opened with url: ''

2022-04-14 16:21:14 - [MESSAGE][WARNING] - A browser is already opened. Closing browser and opening a new one

2022-04-14 16:21:14 - [MESSAGE][INFO] - Starting 'Chrome' driver

2022-04-14 16:21:14 - [MESSAGE][INFO] - Action delay is set to 100 milliseconds

2022-04-14 16:21:15 - [MESSAGE][PASSED] - Browser is opened with url: ''

2022-04-14 16:21:15 - [TEST_STEP][PASSED] - maximizeWindow(): Current window maximized

2022-04-14 16:21:16 - [MESSAGE][PASSED] - Current window maximized

2022-04-14 16:21:16 - [TEST_STEP][PASSED] - navigateToUrl(url): Navigate to 'https://stars-stage.hawk.ru:8080' successfully

2022-04-14 16:21:19 - [MESSAGE][PASSED] - Navigate to 'https://stars-stage.hawk.ru:8080' successfully

2022-04-14 16:21:19 - [TEST_STEP][PASSED] - setText(findTestObject("Object Repository/Page_/input__sc-lnrBVv eqPACj"), admin_login): Text 'TestAdmin@test.ru' is set on object 'Object Repository/Page_/input__sc-lnrBVv eqPACj'

2022-04-14 16:21:20 - [MESSAGE][PASSED] - Text 'TestAdmin@test.ru' is set on object 'Object Repository/Page_/input__sc-lnrBVv eqPACj'

2022-04-14 16:21:20 - [TEST_STEP][PASSED] - setText(findTestObject("Object Repository/Page_/input__sc-lnrBVv eqPACj_1"), admin_password): Text 'TestAdmin@test.ru' is set on object 'Object Repository/Page_/input__sc-lnrBVv eqPACj_1'

2022-04-14 16:21:21 - [MESSAGE][PASSED] - Text 'TestAdmin@test.ru' is set on object 'Object Repository/Page_/input__sc-lnrBVv eqPACj_1'

2022-04-14 16:21:21 - [TEST_STEP][PASSED] - click(findTestObject("Object Repository/Page_/go")): Object: 'Object Repository/Page_/go' is clicked on

2022-04-14 16:21:22 - [MESSAGE][PASSED] - Object: 'Object Repository/Page_/go' is clicked on

2022-04-14 16:21:22 - [MESSAGE][PASSED] - Call Test Case 'Test Cases/Администратор/Авторизация' successfully

2022-04-14 16:21:22 - [TEST_STEP][PASSED] - click(findTestObject("Object Repository/Avangard New/Object (Администратор)/Case (Пользователи)/span users")): Object: 'Object Repository/Avangard New/Object (Администратор)/Case (Пользователи)/span users' is clicked on

2022-04-14 16:21:41 - [MESSAGE][PASSED] - Object: 'Object Repository/Avangard New/Object (Администратор)/Case (Пользователи)/span users' is clicked on

2022-04-14 16:21:41 - [TEST_STEP][PASSED] - click(findTestObject("Object Repository/Avangard New/Object (Администратор)/Case (Пользователи)/div__scool")): Object: 'Object Repository/Avangard New/Object (Администратор)/Case (Пользователи)/div__scool' is clicked on

2022-04-14 16:21:43 - [MESSAGE][PASSED] - Object: 'Object Repository/Avangard New/Object (Администратор)/Case (Пользователи)/div__scool' is clicked on

2022-04-14 16:21:43 - [TEST_STEP][PASSED] - s = getText(findTestObject("Object Repository/Avangard New/Object (Администратор)/Case (Пользователи)/div__academy avangard")): Text of object 'Object Repository/Avangard New/Object (Администратор)/Case (Пользователи)/div__academy avangard' is: '"Авангард" Академия'

2022-04-14 16:21:43 - [MESSAGE][PASSED] - Text of object 'Object Repository/Avangard New/Object (Администратор)/Case (Пользователи)/div__academy avangard' is: '"Авангард" Академия'

2022-04-14 16:21:43 - [TEST_STEP][PASSED] - click(findTestObject("Object Repository/Avangard New/Object (Администратор)/Case (Пользователи)/div__academy avangard")): Object: 'Object Repository/Avangard New/Object (Администратор)/Case (Пользователи)/div__academy avangard' is clicked on

2022-04-14 16:21:44 - [MESSAGE][PASSED] - Object: 'Object Repository/Avangard New/Object (Администратор)/Case (Пользователи)/div__academy avangard' is clicked on

2022-04-14 16:21:44 - [TEST_STEP][PASSED] - verifyElementText(findTestObject("Object Repository/Avangard New/Object (Администратор)/Case (Пользователи)/place school"), s): Actual text and expected text of test object 'Object Repository/Avangard New/Object (Администратор)/Case (Пользователи)/place school' are matched.

2022-04-14 16:21:45 - [MESSAGE][PASSED] - Actual text and expected text of test object 'Object Repository/Avangard New/Object (Администратор)/Case (Пользователи)/place school' are matched.

2022-04-14 16:21:45 - [TEST_STEP][PASSED] - click(findTestObject("Object Repository/Avangard New/Object (Администратор)/Case (Пользователи)/div__role")): Object: 'Object Repository/Avangard New/Object (Администратор)/Case (Пользователи)/div__role' is clicked on

2022-04-14 16:21:45 - [MESSAGE][PASSED] - Object: 'Object Repository/Avangard New/Object (Администратор)/Case (Пользователи)/div__role' is clicked on

2022-04-14 16:21:45 - [TEST_STEP][PASSED] - r = getText(findTestObject("Object Repository/Avangard New/Object (Администратор)/Case (Пользователи)/div__trainer")): Text of object 'Object Repository/Avangard New/Object (Администратор)/Case (Пользователи)/div__trainer' is: 'Тренер'

2022-04-14 16:21:46 - [MESSAGE][PASSED] - Text of object 'Object Repository/Avangard New/Object (Администратор)/Case (Пользователи)/div__trainer' is: 'Тренер'

2022-04-14 16:21:46 - [TEST_STEP][PASSED] - click(findTestObject("Object Repository/Avangard New/Object (Администратор)/Case (Пользователи)/div__trainer")): Object: 'Object Repository/Avangard New/Object (Администратор)/Case (Пользователи)/div__trainer' is clicked on

2022-04-14 16:21:46 - [MESSAGE][PASSED] - Object: 'Object Repository/Avangard New/Object (Администратор)/Case (Пользователи)/div__trainer' is clicked on

2022-04-14 16:21:46 - [TEST_STEP][PASSED] - verifyElementText(findTestObject("Avangard New/Object (Администратор)/Case (Пользователи)/div__player"), r): Actual text and expected text of test object 'Object Repository/Avangard New/Object (Администратор)/Case (Пользователи)/div__player' are matched.

2022-04-14 16:21:47 - [MESSAGE][PASSED] - Actual text and expected text of test object 'Object Repository/Avangard New/Object (Администратор)/Case (Пользователи)/div__player' are matched.

2022-04-14 16:21:47 - [TEST_STEP][PASSED] - setText(findTestObject("Object Repository/Avangard New/Object (Администратор)/Case (Пользователи)/input__Tarasov"), "Test"): Text 'Test' is set on object 'Object Repository/Avangard New/Object (Администратор)/Case (Пользователи)/input__Tarasov'

2022-04-14 16:21:48 - [MESSAGE][PASSED] - Text 'Test' is set on object 'Object Repository/Avangard New/Object (Администратор)/Case (Пользователи)/input__Tarasov'

2022-04-14 16:21:48 - [TEST_STEP][PASSED] - verifyElementText(findTestObject("Object Repository/Avangard New/Object (Администратор)/Case (Пользователи)/div__name"), "User Test"): Actual text and expected text of test object 'Object Repository/Avangard New/Object (Администратор)/Case (Пользователи)/div__name' are matched.

2022-04-14 16:21:49 - [MESSAGE][PASSED] - Actual text and expected text of test object 'Object Repository/Avangard New/Object (Администратор)/Case (Пользователи)/div__name' are matched.

2022-04-14 16:21:49 - [TEST_STEP][FAILED] - callTestCase(findTestCase("Администратор/Редактирование и удаление (переиспользуется в Пользователи)"), [:], STOP_ON_FAILURE): Unable to call Test Case 'Test Cases/Администратор/Редактирование и удаление (переиспользуется в Пользователи)' (Root cause: com.kms.katalon.core.exception.StepFailedException: Call Test Case 'Test Cases/Администратор/Редактирование и удаление (переиспользуется в Пользователи)' failed
	at com.kms.katalon.core.keyword.builtin.CallTestCaseKeyword$_callTestCase_closure1.doCall(CallTestCaseKeyword.groovy:63)
	at com.kms.katalon.core.keyword.builtin.CallTestCaseKeyword$_callTestCase_closure1.call(CallTestCaseKeyword.groovy)
	at com.kms.katalon.core.keyword.internal.KeywordMain.runKeyword(KeywordMain.groovy:74)
	at com.kms.katalon.core.keyword.builtin.CallTestCaseKeyword.callTestCase(CallTestCaseKeyword.groovy:81)
	at com.kms.katalon.core.keyword.builtin.CallTestCaseKeyword.execute(CallTestCaseKeyword.groovy:44)
	at com.kms.katalon.core.keyword.internal.KeywordExecutor.executeKeywordForPlatform(KeywordExecutor.groovy:74)
	at com.kms.katalon.core.keyword.BuiltinKeywords.callTestCase(BuiltinKeywords.groovy:334)
	at Пользователи.run(Пользователи:57)
	at com.kms.katalon.core.main.ScriptEngine.run(ScriptEngine.java:194)
	at com.kms.katalon.core.main.ScriptEngine.runScriptAsRawText(ScriptEngine.java:119)
	at com.kms.katalon.core.main.TestCaseExecutor.runScript(TestCaseExecutor.java:442)
	at com.kms.katalon.core.main.TestCaseExecutor.doExecute(TestCaseExecutor.java:433)
	at com.kms.katalon.core.main.TestCaseExecutor.processExecutionPhase(TestCaseExecutor.java:412)
	at com.kms.katalon.core.main.TestCaseExecutor.accessMainPhase(TestCaseExecutor.java:404)
	at com.kms.katalon.core.main.TestCaseExecutor.execute(TestCaseExecutor.java:281)
	at com.kms.katalon.core.main.TestSuiteExecutor.accessTestCaseMainPhase(TestSuiteExecutor.java:202)
	at com.kms.katalon.core.main.TestSuiteExecutor.accessTestSuiteMainPhase(TestSuiteExecutor.java:164)
	at com.kms.katalon.core.main.TestSuiteExecutor.execute(TestSuiteExecutor.java:105)
	at com.kms.katalon.core.main.TestCaseMain.startTestSuite(TestCaseMain.java:185)
	at com.kms.katalon.core.main.TestCaseMain$startTestSuite$0.call(Unknown Source)
	at TempTestSuite1649941159966.run(TempTestSuite1649941159966.groovy:36)
Caused by: com.kms.katalon.core.exception.StepFailedException: Unable to click on object 'Object Repository/Avangard New/Object (Администратор)/Case (Пользователи)/div_User Test'
	at com.kms.katalon.core.webui.keyword.internal.WebUIKeywordMain.stepFailed(WebUIKeywordMain.groovy:64)
	at com.kms.katalon.core.webui.keyword.internal.WebUIKeywordMain.runKeyword(WebUIKeywordMain.groovy:26)
	at com.kms.katalon.core.webui.keyword.builtin.ClickKeyword.click(ClickKeyword.groovy:74)
	at com.kms.katalon.core.webui.keyword.builtin.ClickKeyword.execute(ClickKeyword.groovy:40)
	at com.kms.katalon.core.keyword.internal.KeywordExecutor.executeKeywordForPlatform(KeywordExecutor.groovy:74)
	at com.kms.katalon.core.webui.keyword.WebUiBuiltInKeywords.click(WebUiBuiltInKeywords.groovy:620)
	at com.kms.katalon.core.webui.keyword.WebUiBuiltInKeywords$click$3.call(Unknown Source)
	at Редактирование и удаление (переиспользуется в Пользователи).run(Редактирование и удаление (переиспользуется в Пользователи):72)
	at com.kms.katalon.core.main.ScriptEngine.run(ScriptEngine.java:194)
	at com.kms.katalon.core.main.ScriptEngine.runScriptAsRawText(ScriptEngine.java:119)
	at com.kms.katalon.core.main.TestCaseExecutor.runScript(TestCaseExecutor.java:442)
	at com.kms.katalon.core.main.TestCaseExecutor.doExecute(TestCaseExecutor.java:433)
	at com.kms.katalon.core.main.TestCaseExecutor.processExecutionPhase(TestCaseExecutor.java:412)
	at com.kms.katalon.core.main.TestCaseExecutor.accessMainPhase(TestCaseExecutor.java:404)
	at com.kms.katalon.core.main.TestCaseExecutor.execute(TestCaseExecutor.java:281)
	at com.kms.katalon.core.main.TestCaseMain.runTestCase(TestCaseMain.java:142)
	at com.kms.katalon.core.keyword.builtin.CallTestCaseKeyword$_callTestCase_closure1.doCall(CallTestCaseKeyword.groovy:59)
	... 20 more
Caused by: org.openqa.selenium.ElementNotInteractableException: element not interactable
  (Session info: chrome=100.0.4896.75)
Build info: version: '3.141.59', revision: 'e82be7d358', time: '2018-11-14T08:25:53'
System info: host: 'DESKTOP-KNHN0AA', ip: '192.168.0.11', os.name: 'Windows 10', os.arch: 'amd64', os.version: '10.0', java.version: '1.8.0_282'
Driver info: com.kms.katalon.selenium.driver.CChromeDriver
Capabilities {acceptInsecureCerts: false, browserName: chrome, browserVersion: 100.0.4896.75, chrome: {chromedriverVersion: 100.0.4896.60 (6a5d10861ce8..., userDataDir: C:\Users\LENOVO\AppData\Loc...}, goog:chromeOptions: {debuggerAddress: localhost:53576}, javascriptEnabled: true, networkConnectionEnabled: false, pageLoadStrategy: normal, platform: WINDOWS, platformName: WINDOWS, proxy: Proxy(), setWindowRect: true, strictFileInteractability: false, timeouts: {implicit: 0, pageLoad: 300000, script: 30000}, unhandledPromptBehavior: dismiss and notify, webauthn:extension:credBlob: true, webauthn:extension:largeBlob: true, webauthn:virtualAuthenticators: true}
Session ID: 341492ffe44d3b7c2bce137a410aed8a
	at org.openqa.selenium.remote.http.W3CHttpResponseCodec.createException(W3CHttpResponseCodec.java:187)
	at org.openqa.selenium.remote.http.W3CHttpResponseCodec.decode(W3CHttpResponseCodec.java:122)
	at org.openqa.selenium.remote.http.W3CHttpResponseCodec.decode(W3CHttpResponseCodec.java:49)
	at org.openqa.selenium.remote.HttpCommandExecutor.execute(HttpCommandExecutor.java:158)
	at org.openqa.selenium.remote.service.DriverCommandExecutor.execute(DriverCommandExecutor.java:83)
	at org.openqa.selenium.remote.RemoteWebDriver.execute(RemoteWebDriver.java:552)
	at com.kms.katalon.selenium.driver.CChromeDriver.execute(CChromeDriver.java:19)
	at org.openqa.selenium.remote.RemoteWebElement.execute(RemoteWebElement.java:285)
	at org.openqa.selenium.remote.RemoteWebElement.click(RemoteWebElement.java:84)
	at org.openqa.selenium.support.events.EventFiringWebDriver$EventFiringWebElement.lambda$new$0(EventFiringWebDriver.java:404)
	at com.sun.proxy.$Proxy11.click(Unknown Source)
	at org.openqa.selenium.support.events.EventFiringWebDriver$EventFiringWebElement.click(EventFiringWebDriver.java:417)
	at org.openqa.selenium.WebElement$click.call(Unknown Source)
	at com.kms.katalon.core.webui.keyword.builtin.ClickKeyword.clickUntilSuccessWithTimeout(ClickKeyword.groovy:81)
	at com.kms.katalon.core.webui.keyword.builtin.ClickKeyword.clickUntilSuccessWithTimeout(ClickKeyword.groovy)
	at com.kms.katalon.core.webui.keyword.builtin.ClickKeyword$_click_closure1.doCall(ClickKeyword.groovy:67)
	at com.kms.katalon.core.webui.keyword.builtin.ClickKeyword$_click_closure1.call(ClickKeyword.groovy)
	at com.kms.katalon.core.webui.keyword.internal.WebUIKeywordMain.runKeyword(WebUIKeywordMain.groovy:20)
	... 35 more
)

2022-04-14 16:21:50 - [TEST_CASE][FAILED] - Test Cases/Администратор/Редактирование и удаление (переиспользуется в Пользователи): Test Cases/Администратор/Редактирование и удаление (переиспользуется в Пользователи) FAILED.
Reason:
com.kms.katalon.core.exception.StepFailedException: Unable to click on object 'Object Repository/Avangard New/Object (Администратор)/Case (Пользователи)/div_User Test'
	at com.kms.katalon.core.webui.keyword.internal.WebUIKeywordMain.stepFailed(WebUIKeywordMain.groovy:64)
	at com.kms.katalon.core.webui.keyword.internal.WebUIKeywordMain.runKeyword(WebUIKeywordMain.groovy:26)
	at com.kms.katalon.core.webui.keyword.builtin.ClickKeyword.click(ClickKeyword.groovy:74)
	at com.kms.katalon.core.webui.keyword.builtin.ClickKeyword.execute(ClickKeyword.groovy:40)
	at com.kms.katalon.core.keyword.internal.KeywordExecutor.executeKeywordForPlatform(KeywordExecutor.groovy:74)
	at com.kms.katalon.core.webui.keyword.WebUiBuiltInKeywords.click(WebUiBuiltInKeywords.groovy:620)
	at com.kms.katalon.core.webui.keyword.WebUiBuiltInKeywords$click$3.call(Unknown Source)
	at Редактирование и удаление (переиспользуется в Пользователи).run(Редактирование и удаление (переиспользуется в Пользователи):72)
	at com.kms.katalon.core.main.ScriptEngine.run(ScriptEngine.java:194)
	at com.kms.katalon.core.main.ScriptEngine.runScriptAsRawText(ScriptEngine.java:119)
	at com.kms.katalon.core.main.TestCaseExecutor.runScript(TestCaseExecutor.java:442)
	at com.kms.katalon.core.main.TestCaseExecutor.doExecute(TestCaseExecutor.java:433)
	at com.kms.katalon.core.main.TestCaseExecutor.processExecutionPhase(TestCaseExecutor.java:412)
	at com.kms.katalon.core.main.TestCaseExecutor.accessMainPhase(TestCaseExecutor.java:404)
	at com.kms.katalon.core.main.TestCaseExecutor.execute(TestCaseExecutor.java:281)
	at com.kms.katalon.core.main.TestCaseMain.runTestCase(TestCaseMain.java:142)
	at com.kms.katalon.core.keyword.builtin.CallTestCaseKeyword$_callTestCase_closure1.doCall(CallTestCaseKeyword.groovy:59)
	at com.kms.katalon.core.keyword.builtin.CallTestCaseKeyword$_callTestCase_closure1.call(CallTestCaseKeyword.groovy)
	at com.kms.katalon.core.keyword.internal.KeywordMain.runKeyword(KeywordMain.groovy:74)
	at com.kms.katalon.core.keyword.builtin.CallTestCaseKeyword.callTestCase(CallTestCaseKeyword.groovy:81)
	at com.kms.katalon.core.keyword.builtin.CallTestCaseKeyword.execute(CallTestCaseKeyword.groovy:44)
	at com.kms.katalon.core.keyword.internal.KeywordExecutor.executeKeywordForPlatform(KeywordExecutor.groovy:74)
	at com.kms.katalon.core.keyword.BuiltinKeywords.callTestCase(BuiltinKeywords.groovy:334)
	at Пользователи.run(Пользователи:57)
	at com.kms.katalon.core.main.ScriptEngine.run(ScriptEngine.java:194)
	at com.kms.katalon.core.main.ScriptEngine.runScriptAsRawText(ScriptEngine.java:119)
	at com.kms.katalon.core.main.TestCaseExecutor.runScript(TestCaseExecutor.java:442)
	at com.kms.katalon.core.main.TestCaseExecutor.doExecute(TestCaseExecutor.java:433)
	at com.kms.katalon.core.main.TestCaseExecutor.processExecutionPhase(TestCaseExecutor.java:412)
	at com.kms.katalon.core.main.TestCaseExecutor.accessMainPhase(TestCaseExecutor.java:404)
	at com.kms.katalon.core.main.TestCaseExecutor.execute(TestCaseExecutor.java:281)
	at com.kms.katalon.core.main.TestSuiteExecutor.accessTestCaseMainPhase(TestSuiteExecutor.java:202)
	at com.kms.katalon.core.main.TestSuiteExecutor.accessTestSuiteMainPhase(TestSuiteExecutor.java:164)
	at com.kms.katalon.core.main.TestSuiteExecutor.execute(TestSuiteExecutor.java:105)
	at com.kms.katalon.core.main.TestCaseMain.startTestSuite(TestCaseMain.java:185)
	at com.kms.katalon.core.main.TestCaseMain$startTestSuite$0.call(Unknown Source)
	at TempTestSuite1649941159966.run(TempTestSuite1649941159966.groovy:36)
Caused by: org.openqa.selenium.ElementNotInteractableException: element not interactable
  (Session info: chrome=100.0.4896.75)
Build info: version: '3.141.59', revision: 'e82be7d358', time: '2018-11-14T08:25:53'
System info: host: 'DESKTOP-KNHN0AA', ip: '192.168.0.11', os.name: 'Windows 10', os.arch: 'amd64', os.version: '10.0', java.version: '1.8.0_282'
Driver info: com.kms.katalon.selenium.driver.CChromeDriver
Capabilities {acceptInsecureCerts: false, browserName: chrome, browserVersion: 100.0.4896.75, chrome: {chromedriverVersion: 100.0.4896.60 (6a5d10861ce8..., userDataDir: C:\Users\LENOVO\AppData\Loc...}, goog:chromeOptions: {debuggerAddress: localhost:53576}, javascriptEnabled: true, networkConnectionEnabled: false, pageLoadStrategy: normal, platform: WINDOWS, platformName: WINDOWS, proxy: Proxy(), setWindowRect: true, strictFileInteractability: false, timeouts: {implicit: 0, pageLoad: 300000, script: 30000}, unhandledPromptBehavior: dismiss and notify, webauthn:extension:credBlob: true, webauthn:extension:largeBlob: true, webauthn:virtualAuthenticators: true}
Session ID: 341492ffe44d3b7c2bce137a410aed8a
	at org.openqa.selenium.remote.http.W3CHttpResponseCodec.createException(W3CHttpResponseCodec.java:187)
	at org.openqa.selenium.remote.http.W3CHttpResponseCodec.decode(W3CHttpResponseCodec.java:122)
	at org.openqa.selenium.remote.http.W3CHttpResponseCodec.decode(W3CHttpResponseCodec.java:49)
	at org.openqa.selenium.remote.HttpCommandExecutor.execute(HttpCommandExecutor.java:158)
	at org.openqa.selenium.remote.service.DriverCommandExecutor.execute(DriverCommandExecutor.java:83)
	at org.openqa.selenium.remote.RemoteWebDriver.execute(RemoteWebDriver.java:552)
	at com.kms.katalon.selenium.driver.CChromeDriver.execute(CChromeDriver.java:19)
	at org.openqa.selenium.remote.RemoteWebElement.execute(RemoteWebElement.java:285)
	at org.openqa.selenium.remote.RemoteWebElement.click(RemoteWebElement.java:84)
	at org.openqa.selenium.support.events.EventFiringWebDriver$EventFiringWebElement.lambda$new$0(EventFiringWebDriver.java:404)
	at com.sun.proxy.$Proxy11.click(Unknown Source)
	at org.openqa.selenium.support.events.EventFiringWebDriver$EventFiringWebElement.click(EventFiringWebDriver.java:417)
	at org.openqa.selenium.WebElement$click.call(Unknown Source)
	at com.kms.katalon.core.webui.keyword.builtin.ClickKeyword.clickUntilSuccessWithTimeout(ClickKeyword.groovy:81)
	at com.kms.katalon.core.webui.keyword.builtin.ClickKeyword.clickUntilSuccessWithTimeout(ClickKeyword.groovy)
	at com.kms.katalon.core.webui.keyword.builtin.ClickKeyword$_click_closure1.doCall(ClickKeyword.groovy:67)
	at com.kms.katalon.core.webui.keyword.builtin.ClickKeyword$_click_closure1.call(ClickKeyword.groovy)
	at com.kms.katalon.core.webui.keyword.internal.WebUIKeywordMain.runKeyword(WebUIKeywordMain.groovy:20)
	... 35 more


2022-04-14 16:21:50 - [TEST_STEP][NOT_RUN] - callTestCase(findTestCase("Администратор/Авторизация"), [:], STOP_ON_FAILURE): NOT_RUN: callTestCase(findTestCase("Администратор/Авторизация"), [:], STOP_ON_FAILURE)

2022-04-14 16:21:50 - [MESSAGE][NOT_RUN] - NOT_RUN: callTestCase(findTestCase("Администратор/Авторизация"), [:], STOP_ON_FAILURE)

2022-04-14 16:21:50 - [TEST_STEP][NOT_RUN] - click(findTestObject("Object Repository/Avangard New/Object (Администратор)/Case (Пользователи)/span users")): NOT_RUN: click(findTestObject("Object Repository/Avangard New/Object (Администратор)/Case (Пользователи)/span users"))

2022-04-14 16:21:50 - [MESSAGE][NOT_RUN] - NOT_RUN: click(findTestObject("Object Repository/Avangard New/Object (Администратор)/Case (Пользователи)/span users"))

2022-04-14 16:21:50 - [TEST_STEP][NOT_RUN] - setText(findTestObject("Object Repository/Avangard New/Object (Администратор)/Case (Пользователи)/input__Tarasov"), "Test"): NOT_RUN: setText(findTestObject("Object Repository/Avangard New/Object (Администратор)/Case (Пользователи)/input__Tarasov"), "Test")

2022-04-14 16:21:50 - [MESSAGE][NOT_RUN] - NOT_RUN: setText(findTestObject("Object Repository/Avangard New/Object (Администратор)/Case (Пользователи)/input__Tarasov"), "Test")

2022-04-14 16:21:50 - [TEST_STEP][PASSED] - click(findTestObject("Object Repository/Avangard New/Object (Администратор)/Case (Пользователи)/edit user")): Object: 'Object Repository/Avangard New/Object (Администратор)/Case (Пользователи)/edit user' is clicked on

2022-04-14 16:21:50 - [MESSAGE][PASSED] - Object: 'Object Repository/Avangard New/Object (Администратор)/Case (Пользователи)/edit user' is clicked on

2022-04-14 16:21:50 - [TEST_STEP][PASSED] - click(findTestObject("Object Repository/Avangard New/Object (Администратор)/Case (Пользователи)/team edit")): Object: 'Object Repository/Avangard New/Object (Администратор)/Case (Пользователи)/team edit' is clicked on

2022-04-14 16:21:51 - [MESSAGE][PASSED] - Object: 'Object Repository/Avangard New/Object (Администратор)/Case (Пользователи)/team edit' is clicked on

2022-04-14 16:21:51 - [TEST_STEP][PASSED] - click(findTestObject("Object Repository/Avangard New/Object (Администратор)/Case (Пользователи)/uxl team")): Object: 'Object Repository/Avangard New/Object (Администратор)/Case (Пользователи)/uxl team' is clicked on

2022-04-14 16:21:52 - [MESSAGE][PASSED] - Object: 'Object Repository/Avangard New/Object (Администратор)/Case (Пользователи)/uxl team' is clicked on

2022-04-14 16:21:52 - [TEST_STEP][PASSED] - scrollToElement(findTestObject("Object Repository/Avangard New/Object (Администратор)/Case (Пользователи)/input__password"), 0): Scroll to object 'Object Repository/Avangard New/Object (Администратор)/Case (Пользователи)/input__password' successfully

2022-04-14 16:21:52 - [MESSAGE][WARNING] - Timeout '0' is invalid. Using default page load timeout: '30'

2022-04-14 16:21:52 - [MESSAGE][PASSED] - Scroll to object 'Object Repository/Avangard New/Object (Администратор)/Case (Пользователи)/input__password' successfully

2022-04-14 16:21:52 - [TEST_STEP][PASSED] - setEncryptedText(findTestObject("Object Repository/Avangard New/Object (Администратор)/Case (Пользователи)/input__password"), "XD0KJMxWAaMdre7dpgZZ4A=="): Text ****** has been set on object 'Object Repository/Avangard New/Object (Администратор)/Case (Пользователи)/input__password'

2022-04-14 16:21:53 - [MESSAGE][PASSED] - Text ****** has been set on object 'Object Repository/Avangard New/Object (Администратор)/Case (Пользователи)/input__password'

2022-04-14 16:21:53 - [TEST_STEP][PASSED] - scrollToElement(findTestObject("Object Repository/Avangard New/Object (Администратор)/Case (Пользователи)/button_save edit"), 0): Scroll to object 'Object Repository/Avangard New/Object (Администратор)/Case (Пользователи)/button_save edit' successfully

2022-04-14 16:21:53 - [MESSAGE][WARNING] - Timeout '0' is invalid. Using default page load timeout: '30'

2022-04-14 16:21:54 - [MESSAGE][PASSED] - Scroll to object 'Object Repository/Avangard New/Object (Администратор)/Case (Пользователи)/button_save edit' successfully

2022-04-14 16:21:54 - [TEST_STEP][PASSED] - click(findTestObject("Object Repository/Avangard New/Object (Администратор)/Case (Пользователи)/button_save edit")): Object: 'Object Repository/Avangard New/Object (Администратор)/Case (Пользователи)/button_save edit' is clicked on

2022-04-14 16:21:54 - [MESSAGE][PASSED] - Object: 'Object Repository/Avangard New/Object (Администратор)/Case (Пользователи)/button_save edit' is clicked on

2022-04-14 16:21:54 - [TEST_STEP][PASSED] - verifyElementText(findTestObject("Object Repository/Avangard New/Object (Администратор)/Case (Пользователи)/alert edit"), "Пользователь сохранен"): Actual text and expected text of test object 'Object Repository/Avangard New/Object (Администратор)/Case (Пользователи)/alert edit' are matched.

2022-04-14 16:21:55 - [MESSAGE][PASSED] - Actual text and expected text of test object 'Object Repository/Avangard New/Object (Администратор)/Case (Пользователи)/alert edit' are matched.

2022-04-14 16:21:55 - [TEST_STEP][PASSED] - click(findTestObject("Object Repository/Avangard New/Object (Администратор)/Case (Пользователи)/button_edit2")): Object: 'Object Repository/Avangard New/Object (Администратор)/Case (Пользователи)/button_edit2' is clicked on

2022-04-14 16:21:56 - [MESSAGE][PASSED] - Object: 'Object Repository/Avangard New/Object (Администратор)/Case (Пользователи)/button_edit2' is clicked on

2022-04-14 16:21:56 - [TEST_STEP][PASSED] - scrollToElement(findTestObject("Object Repository/Avangard New/Object (Администратор)/Case (Пользователи)/button_close edit"), 0): Scroll to object 'Object Repository/Avangard New/Object (Администратор)/Case (Пользователи)/button_close edit' successfully

2022-04-14 16:21:56 - [MESSAGE][WARNING] - Timeout '0' is invalid. Using default page load timeout: '30'

2022-04-14 16:21:56 - [MESSAGE][PASSED] - Scroll to object 'Object Repository/Avangard New/Object (Администратор)/Case (Пользователи)/button_close edit' successfully

2022-04-14 16:21:56 - [TEST_STEP][PASSED] - click(findTestObject("Object Repository/Avangard New/Object (Администратор)/Case (Пользователи)/button_close edit")): Object: 'Object Repository/Avangard New/Object (Администратор)/Case (Пользователи)/button_close edit' is clicked on

2022-04-14 16:21:57 - [MESSAGE][PASSED] - Object: 'Object Repository/Avangard New/Object (Администратор)/Case (Пользователи)/button_close edit' is clicked on

2022-04-14 16:21:57 - [TEST_STEP][PASSED] - click(findTestObject("Object Repository/Avangard New/Object (Администратор)/Case (Пользователи)/button__close edit 2")): Object: 'Object Repository/Avangard New/Object (Администратор)/Case (Пользователи)/button__close edit 2' is clicked on

2022-04-14 16:21:57 - [MESSAGE][PASSED] - Object: 'Object Repository/Avangard New/Object (Администратор)/Case (Пользователи)/button__close edit 2' is clicked on

2022-04-14 16:21:57 - [TEST_STEP][PASSED] - setText(findTestObject("Object Repository/Avangard New/Object (Администратор)/Case (Пользователи)/input__test user"), "test"): Text 'test' is set on object 'Object Repository/Avangard New/Object (Администратор)/Case (Пользователи)/input__test user'

2022-04-14 16:21:58 - [MESSAGE][PASSED] - Text 'test' is set on object 'Object Repository/Avangard New/Object (Администратор)/Case (Пользователи)/input__test user'

2022-04-14 16:21:58 - [TEST_STEP][FAILED] - click(findTestObject("Object Repository/Avangard New/Object (Администратор)/Case (Пользователи)/div_User Test")): Unable to click on object 'Object Repository/Avangard New/Object (Администратор)/Case (Пользователи)/div_User Test' (Root cause: com.kms.katalon.core.exception.StepFailedException: Unable to click on object 'Object Repository/Avangard New/Object (Администратор)/Case (Пользователи)/div_User Test'
	at com.kms.katalon.core.webui.keyword.internal.WebUIKeywordMain.stepFailed(WebUIKeywordMain.groovy:64)
	at com.kms.katalon.core.webui.keyword.internal.WebUIKeywordMain.runKeyword(WebUIKeywordMain.groovy:26)
	at com.kms.katalon.core.webui.keyword.builtin.ClickKeyword.click(ClickKeyword.groovy:74)
	at com.kms.katalon.core.webui.keyword.builtin.ClickKeyword.execute(ClickKeyword.groovy:40)
	at com.kms.katalon.core.keyword.internal.KeywordExecutor.executeKeywordForPlatform(KeywordExecutor.groovy:74)
	at com.kms.katalon.core.webui.keyword.WebUiBuiltInKeywords.click(WebUiBuiltInKeywords.groovy:620)
	at com.kms.katalon.core.webui.keyword.WebUiBuiltInKeywords$click$3.call(Unknown Source)
	at Редактирование и удаление (переиспользуется в Пользователи).run(Редактирование и удаление (переиспользуется в Пользователи):72)
	at com.kms.katalon.core.main.ScriptEngine.run(ScriptEngine.java:194)
	at com.kms.katalon.core.main.ScriptEngine.runScriptAsRawText(ScriptEngine.java:119)
	at com.kms.katalon.core.main.TestCaseExecutor.runScript(TestCaseExecutor.java:442)
	at com.kms.katalon.core.main.TestCaseExecutor.doExecute(TestCaseExecutor.java:433)
	at com.kms.katalon.core.main.TestCaseExecutor.processExecutionPhase(TestCaseExecutor.java:412)
	at com.kms.katalon.core.main.TestCaseExecutor.accessMainPhase(TestCaseExecutor.java:404)
	at com.kms.katalon.core.main.TestCaseExecutor.execute(TestCaseExecutor.java:281)
	at com.kms.katalon.core.main.TestCaseMain.runTestCase(TestCaseMain.java:142)
	at com.kms.katalon.core.keyword.builtin.CallTestCaseKeyword$_callTestCase_closure1.doCall(CallTestCaseKeyword.groovy:59)
	at com.kms.katalon.core.keyword.builtin.CallTestCaseKeyword$_callTestCase_closure1.call(CallTestCaseKeyword.groovy)
	at com.kms.katalon.core.keyword.internal.KeywordMain.runKeyword(KeywordMain.groovy:74)
	at com.kms.katalon.core.keyword.builtin.CallTestCaseKeyword.callTestCase(CallTestCaseKeyword.groovy:81)
	at com.kms.katalon.core.keyword.builtin.CallTestCaseKeyword.execute(CallTestCaseKeyword.groovy:44)
	at com.kms.katalon.core.keyword.internal.KeywordExecutor.executeKeywordForPlatform(KeywordExecutor.groovy:74)
	at com.kms.katalon.core.keyword.BuiltinKeywords.callTestCase(BuiltinKeywords.groovy:334)
	at Пользователи.run(Пользователи:57)
	at com.kms.katalon.core.main.ScriptEngine.run(ScriptEngine.java:194)
	at com.kms.katalon.core.main.ScriptEngine.runScriptAsRawText(ScriptEngine.java:119)
	at com.kms.katalon.core.main.TestCaseExecutor.runScript(TestCaseExecutor.java:442)
	at com.kms.katalon.core.main.TestCaseExecutor.doExecute(TestCaseExecutor.java:433)
	at com.kms.katalon.core.main.TestCaseExecutor.processExecutionPhase(TestCaseExecutor.java:412)
	at com.kms.katalon.core.main.TestCaseExecutor.accessMainPhase(TestCaseExecutor.java:404)
	at com.kms.katalon.core.main.TestCaseExecutor.execute(TestCaseExecutor.java:281)
	at com.kms.katalon.core.main.TestSuiteExecutor.accessTestCaseMainPhase(TestSuiteExecutor.java:202)
	at com.kms.katalon.core.main.TestSuiteExecutor.accessTestSuiteMainPhase(TestSuiteExecutor.java:164)
	at com.kms.katalon.core.main.TestSuiteExecutor.execute(TestSuiteExecutor.java:105)
	at com.kms.katalon.core.main.TestCaseMain.startTestSuite(TestCaseMain.java:185)
	at com.kms.katalon.core.main.TestCaseMain$startTestSuite$0.call(Unknown Source)
	at TempTestSuite1649941159966.run(TempTestSuite1649941159966.groovy:36)
Caused by: org.openqa.selenium.ElementNotInteractableException: element not interactable
  (Session info: chrome=100.0.4896.75)
Build info: version: '3.141.59', revision: 'e82be7d358', time: '2018-11-14T08:25:53'
System info: host: 'DESKTOP-KNHN0AA', ip: '192.168.0.11', os.name: 'Windows 10', os.arch: 'amd64', os.version: '10.0', java.version: '1.8.0_282'
Driver info: com.kms.katalon.selenium.driver.CChromeDriver
Capabilities {acceptInsecureCerts: false, browserName: chrome, browserVersion: 100.0.4896.75, chrome: {chromedriverVersion: 100.0.4896.60 (6a5d10861ce8..., userDataDir: C:\Users\LENOVO\AppData\Loc...}, goog:chromeOptions: {debuggerAddress: localhost:53576}, javascriptEnabled: true, networkConnectionEnabled: false, pageLoadStrategy: normal, platform: WINDOWS, platformName: WINDOWS, proxy: Proxy(), setWindowRect: true, strictFileInteractability: false, timeouts: {implicit: 0, pageLoad: 300000, script: 30000}, unhandledPromptBehavior: dismiss and notify, webauthn:extension:credBlob: true, webauthn:extension:largeBlob: true, webauthn:virtualAuthenticators: true}
Session ID: 341492ffe44d3b7c2bce137a410aed8a
	at org.openqa.selenium.remote.http.W3CHttpResponseCodec.createException(W3CHttpResponseCodec.java:187)
	at org.openqa.selenium.remote.http.W3CHttpResponseCodec.decode(W3CHttpResponseCodec.java:122)
	at org.openqa.selenium.remote.http.W3CHttpResponseCodec.decode(W3CHttpResponseCodec.java:49)
	at org.openqa.selenium.remote.HttpCommandExecutor.execute(HttpCommandExecutor.java:158)
	at org.openqa.selenium.remote.service.DriverCommandExecutor.execute(DriverCommandExecutor.java:83)
	at org.openqa.selenium.remote.RemoteWebDriver.execute(RemoteWebDriver.java:552)
	at com.kms.katalon.selenium.driver.CChromeDriver.execute(CChromeDriver.java:19)
	at org.openqa.selenium.remote.RemoteWebElement.execute(RemoteWebElement.java:285)
	at org.openqa.selenium.remote.RemoteWebElement.click(RemoteWebElement.java:84)
	at org.openqa.selenium.support.events.EventFiringWebDriver$EventFiringWebElement.lambda$new$0(EventFiringWebDriver.java:404)
	at com.sun.proxy.$Proxy11.click(Unknown Source)
	at org.openqa.selenium.support.events.EventFiringWebDriver$EventFiringWebElement.click(EventFiringWebDriver.java:417)
	at org.openqa.selenium.WebElement$click.call(Unknown Source)
	at com.kms.katalon.core.webui.keyword.builtin.ClickKeyword.clickUntilSuccessWithTimeout(ClickKeyword.groovy:81)
	at com.kms.katalon.core.webui.keyword.builtin.ClickKeyword.clickUntilSuccessWithTimeout(ClickKeyword.groovy)
	at com.kms.katalon.core.webui.keyword.builtin.ClickKeyword$_click_closure1.doCall(ClickKeyword.groovy:67)
	at com.kms.katalon.core.webui.keyword.builtin.ClickKeyword$_click_closure1.call(ClickKeyword.groovy)
	at com.kms.katalon.core.webui.keyword.internal.WebUIKeywordMain.runKeyword(WebUIKeywordMain.groovy:20)
	at com.kms.katalon.core.webui.keyword.builtin.ClickKeyword.click(ClickKeyword.groovy:74)
	at com.kms.katalon.core.webui.keyword.builtin.ClickKeyword.execute(ClickKeyword.groovy:40)
	at com.kms.katalon.core.keyword.internal.KeywordExecutor.executeKeywordForPlatform(KeywordExecutor.groovy:74)
	at com.kms.katalon.core.webui.keyword.WebUiBuiltInKeywords.click(WebUiBuiltInKeywords.groovy:620)
	at com.kms.katalon.core.webui.keyword.WebUiBuiltInKeywords$click$3.call(Unknown Source)
	at Script1646995594614.run(Script1646995594614.groovy:72)
	at com.kms.katalon.core.main.ScriptEngine.run(ScriptEngine.java:194)
	at com.kms.katalon.core.main.ScriptEngine.runScriptAsRawText(ScriptEngine.java:119)
	at com.kms.katalon.core.main.TestCaseExecutor.runScript(TestCaseExecutor.java:442)
	at com.kms.katalon.core.main.TestCaseExecutor.doExecute(TestCaseExecutor.java:433)
	at com.kms.katalon.core.main.TestCaseExecutor.processExecutionPhase(TestCaseExecutor.java:412)
	at com.kms.katalon.core.main.TestCaseExecutor.accessMainPhase(TestCaseExecutor.java:404)
	at com.kms.katalon.core.main.TestCaseExecutor.execute(TestCaseExecutor.java:281)
	at com.kms.katalon.core.main.TestCaseMain.runTestCase(TestCaseMain.java:142)
	at com.kms.katalon.core.keyword.builtin.CallTestCaseKeyword$_callTestCase_closure1.doCall(CallTestCaseKeyword.groovy:59)
	at com.kms.katalon.core.keyword.builtin.CallTestCaseKeyword$_callTestCase_closure1.call(CallTestCaseKeyword.groovy)
	at com.kms.katalon.core.keyword.internal.KeywordMain.runKeyword(KeywordMain.groovy:74)
	at com.kms.katalon.core.keyword.builtin.CallTestCaseKeyword.callTestCase(CallTestCaseKeyword.groovy:81)
	at com.kms.katalon.core.keyword.builtin.CallTestCaseKeyword.execute(CallTestCaseKeyword.groovy:44)
	at com.kms.katalon.core.keyword.internal.KeywordExecutor.executeKeywordForPlatform(KeywordExecutor.groovy:74)
	at com.kms.katalon.core.keyword.BuiltinKeywords.callTestCase(BuiltinKeywords.groovy:334)
	at Script1646980156872.run(Script1646980156872.groovy:57)
	... 13 more
)

2022-04-14 16:22:00 - [MESSAGE][FAILED] - Unable to click on object 'Object Repository/Avangard New/Object (Администратор)/Case (Пользователи)/div_User Test' (Root cause: com.kms.katalon.core.exception.StepFailedException: Unable to click on object 'Object Repository/Avangard New/Object (Администратор)/Case (Пользователи)/div_User Test'
	at com.kms.katalon.core.webui.keyword.internal.WebUIKeywordMain.stepFailed(WebUIKeywordMain.groovy:64)
	at com.kms.katalon.core.webui.keyword.internal.WebUIKeywordMain.runKeyword(WebUIKeywordMain.groovy:26)
	at com.kms.katalon.core.webui.keyword.builtin.ClickKeyword.click(ClickKeyword.groovy:74)
	at com.kms.katalon.core.webui.keyword.builtin.ClickKeyword.execute(ClickKeyword.groovy:40)
	at com.kms.katalon.core.keyword.internal.KeywordExecutor.executeKeywordForPlatform(KeywordExecutor.groovy:74)
	at com.kms.katalon.core.webui.keyword.WebUiBuiltInKeywords.click(WebUiBuiltInKeywords.groovy:620)
	at com.kms.katalon.core.webui.keyword.WebUiBuiltInKeywords$click$3.call(Unknown Source)
	at Редактирование и удаление (переиспользуется в Пользователи).run(Редактирование и удаление (переиспользуется в Пользователи):72)
	at com.kms.katalon.core.main.ScriptEngine.run(ScriptEngine.java:194)
	at com.kms.katalon.core.main.ScriptEngine.runScriptAsRawText(ScriptEngine.java:119)
	at com.kms.katalon.core.main.TestCaseExecutor.runScript(TestCaseExecutor.java:442)
	at com.kms.katalon.core.main.TestCaseExecutor.doExecute(TestCaseExecutor.java:433)
	at com.kms.katalon.core.main.TestCaseExecutor.processExecutionPhase(TestCaseExecutor.java:412)
	at com.kms.katalon.core.main.TestCaseExecutor.accessMainPhase(TestCaseExecutor.java:404)
	at com.kms.katalon.core.main.TestCaseExecutor.execute(TestCaseExecutor.java:281)
	at com.kms.katalon.core.main.TestCaseMain.runTestCase(TestCaseMain.java:142)
	at com.kms.katalon.core.keyword.builtin.CallTestCaseKeyword$_callTestCase_closure1.doCall(CallTestCaseKeyword.groovy:59)
	at com.kms.katalon.core.keyword.builtin.CallTestCaseKeyword$_callTestCase_closure1.call(CallTestCaseKeyword.groovy)
	at com.kms.katalon.core.keyword.internal.KeywordMain.runKeyword(KeywordMain.groovy:74)
	at com.kms.katalon.core.keyword.builtin.CallTestCaseKeyword.callTestCase(CallTestCaseKeyword.groovy:81)
	at com.kms.katalon.core.keyword.builtin.CallTestCaseKeyword.execute(CallTestCaseKeyword.groovy:44)
	at com.kms.katalon.core.keyword.internal.KeywordExecutor.executeKeywordForPlatform(KeywordExecutor.groovy:74)
	at com.kms.katalon.core.keyword.BuiltinKeywords.callTestCase(BuiltinKeywords.groovy:334)
	at Пользователи.run(Пользователи:57)
	at com.kms.katalon.core.main.ScriptEngine.run(ScriptEngine.java:194)
	at com.kms.katalon.core.main.ScriptEngine.runScriptAsRawText(ScriptEngine.java:119)
	at com.kms.katalon.core.main.TestCaseExecutor.runScript(TestCaseExecutor.java:442)
	at com.kms.katalon.core.main.TestCaseExecutor.doExecute(TestCaseExecutor.java:433)
	at com.kms.katalon.core.main.TestCaseExecutor.processExecutionPhase(TestCaseExecutor.java:412)
	at com.kms.katalon.core.main.TestCaseExecutor.accessMainPhase(TestCaseExecutor.java:404)
	at com.kms.katalon.core.main.TestCaseExecutor.execute(TestCaseExecutor.java:281)
	at com.kms.katalon.core.main.TestSuiteExecutor.accessTestCaseMainPhase(TestSuiteExecutor.java:202)
	at com.kms.katalon.core.main.TestSuiteExecutor.accessTestSuiteMainPhase(TestSuiteExecutor.java:164)
	at com.kms.katalon.core.main.TestSuiteExecutor.execute(TestSuiteExecutor.java:105)
	at com.kms.katalon.core.main.TestCaseMain.startTestSuite(TestCaseMain.java:185)
	at com.kms.katalon.core.main.TestCaseMain$startTestSuite$0.call(Unknown Source)
	at TempTestSuite1649941159966.run(TempTestSuite1649941159966.groovy:36)
Caused by: org.openqa.selenium.ElementNotInteractableException: element not interactable
  (Session info: chrome=100.0.4896.75)
Build info: version: '3.141.59', revision: 'e82be7d358', time: '2018-11-14T08:25:53'
System info: host: 'DESKTOP-KNHN0AA', ip: '192.168.0.11', os.name: 'Windows 10', os.arch: 'amd64', os.version: '10.0', java.version: '1.8.0_282'
Driver info: com.kms.katalon.selenium.driver.CChromeDriver
Capabilities {acceptInsecureCerts: false, browserName: chrome, browserVersion: 100.0.4896.75, chrome: {chromedriverVersion: 100.0.4896.60 (6a5d10861ce8..., userDataDir: C:\Users\LENOVO\AppData\Loc...}, goog:chromeOptions: {debuggerAddress: localhost:53576}, javascriptEnabled: true, networkConnectionEnabled: false, pageLoadStrategy: normal, platform: WINDOWS, platformName: WINDOWS, proxy: Proxy(), setWindowRect: true, strictFileInteractability: false, timeouts: {implicit: 0, pageLoad: 300000, script: 30000}, unhandledPromptBehavior: dismiss and notify, webauthn:extension:credBlob: true, webauthn:extension:largeBlob: true, webauthn:virtualAuthenticators: true}
Session ID: 341492ffe44d3b7c2bce137a410aed8a
	at org.openqa.selenium.remote.http.W3CHttpResponseCodec.createException(W3CHttpResponseCodec.java:187)
	at org.openqa.selenium.remote.http.W3CHttpResponseCodec.decode(W3CHttpResponseCodec.java:122)
	at org.openqa.selenium.remote.http.W3CHttpResponseCodec.decode(W3CHttpResponseCodec.java:49)
	at org.openqa.selenium.remote.HttpCommandExecutor.execute(HttpCommandExecutor.java:158)
	at org.openqa.selenium.remote.service.DriverCommandExecutor.execute(DriverCommandExecutor.java:83)
	at org.openqa.selenium.remote.RemoteWebDriver.execute(RemoteWebDriver.java:552)
	at com.kms.katalon.selenium.driver.CChromeDriver.execute(CChromeDriver.java:19)
	at org.openqa.selenium.remote.RemoteWebElement.execute(RemoteWebElement.java:285)
	at org.openqa.selenium.remote.RemoteWebElement.click(RemoteWebElement.java:84)
	at org.openqa.selenium.support.events.EventFiringWebDriver$EventFiringWebElement.lambda$new$0(EventFiringWebDriver.java:404)
	at com.sun.proxy.$Proxy11.click(Unknown Source)
	at org.openqa.selenium.support.events.EventFiringWebDriver$EventFiringWebElement.click(EventFiringWebDriver.java:417)
	at org.openqa.selenium.WebElement$click.call(Unknown Source)
	at com.kms.katalon.core.webui.keyword.builtin.ClickKeyword.clickUntilSuccessWithTimeout(ClickKeyword.groovy:81)
	at com.kms.katalon.core.webui.keyword.builtin.ClickKeyword.clickUntilSuccessWithTimeout(ClickKeyword.groovy)
	at com.kms.katalon.core.webui.keyword.builtin.ClickKeyword$_click_closure1.doCall(ClickKeyword.groovy:67)
	at com.kms.katalon.core.webui.keyword.builtin.ClickKeyword$_click_closure1.call(ClickKeyword.groovy)
	at com.kms.katalon.core.webui.keyword.internal.WebUIKeywordMain.runKeyword(WebUIKeywordMain.groovy:20)
	at com.kms.katalon.core.webui.keyword.builtin.ClickKeyword.click(ClickKeyword.groovy:74)
	at com.kms.katalon.core.webui.keyword.builtin.ClickKeyword.execute(ClickKeyword.groovy:40)
	at com.kms.katalon.core.keyword.internal.KeywordExecutor.executeKeywordForPlatform(KeywordExecutor.groovy:74)
	at com.kms.katalon.core.webui.keyword.WebUiBuiltInKeywords.click(WebUiBuiltInKeywords.groovy:620)
	at com.kms.katalon.core.webui.keyword.WebUiBuiltInKeywords$click$3.call(Unknown Source)
	at Script1646995594614.run(Script1646995594614.groovy:72)
	at com.kms.katalon.core.main.ScriptEngine.run(ScriptEngine.java:194)
	at com.kms.katalon.core.main.ScriptEngine.runScriptAsRawText(ScriptEngine.java:119)
	at com.kms.katalon.core.main.TestCaseExecutor.runScript(TestCaseExecutor.java:442)
	at com.kms.katalon.core.main.TestCaseExecutor.doExecute(TestCaseExecutor.java:433)
	at com.kms.katalon.core.main.TestCaseExecutor.processExecutionPhase(TestCaseExecutor.java:412)
	at com.kms.katalon.core.main.TestCaseExecutor.accessMainPhase(TestCaseExecutor.java:404)
	at com.kms.katalon.core.main.TestCaseExecutor.execute(TestCaseExecutor.java:281)
	at com.kms.katalon.core.main.TestCaseMain.runTestCase(TestCaseMain.java:142)
	at com.kms.katalon.core.keyword.builtin.CallTestCaseKeyword$_callTestCase_closure1.doCall(CallTestCaseKeyword.groovy:59)
	at com.kms.katalon.core.keyword.builtin.CallTestCaseKeyword$_callTestCase_closure1.call(CallTestCaseKeyword.groovy)
	at com.kms.katalon.core.keyword.internal.KeywordMain.runKeyword(KeywordMain.groovy:74)
	at com.kms.katalon.core.keyword.builtin.CallTestCaseKeyword.callTestCase(CallTestCaseKeyword.groovy:81)
	at com.kms.katalon.core.keyword.builtin.CallTestCaseKeyword.execute(CallTestCaseKeyword.groovy:44)
	at com.kms.katalon.core.keyword.internal.KeywordExecutor.executeKeywordForPlatform(KeywordExecutor.groovy:74)
	at com.kms.katalon.core.keyword.BuiltinKeywords.callTestCase(BuiltinKeywords.groovy:334)
	at Script1646980156872.run(Script1646980156872.groovy:57)
	... 13 more
)
[[ATTACHMENT|C:\\Users\\LENOVO\\Katalon Studio\\Avangard\\Reports\\20220414_155908\\\u0410\u0434\u043C\u0438\u043D\u0438\u0441\u0442\u0440\u0430\u0442\u043E\u0440\\20220414_155919\\1649942519986.png]]

2022-04-14 16:22:00 - [MESSAGE][FAILED] - Unable to call Test Case 'Test Cases/Администратор/Редактирование и удаление (переиспользуется в Пользователи)' (Root cause: com.kms.katalon.core.exception.StepFailedException: Call Test Case 'Test Cases/Администратор/Редактирование и удаление (переиспользуется в Пользователи)' failed
	at com.kms.katalon.core.keyword.builtin.CallTestCaseKeyword$_callTestCase_closure1.doCall(CallTestCaseKeyword.groovy:63)
	at com.kms.katalon.core.keyword.builtin.CallTestCaseKeyword$_callTestCase_closure1.call(CallTestCaseKeyword.groovy)
	at com.kms.katalon.core.keyword.internal.KeywordMain.runKeyword(KeywordMain.groovy:74)
	at com.kms.katalon.core.keyword.builtin.CallTestCaseKeyword.callTestCase(CallTestCaseKeyword.groovy:81)
	at com.kms.katalon.core.keyword.builtin.CallTestCaseKeyword.execute(CallTestCaseKeyword.groovy:44)
	at com.kms.katalon.core.keyword.internal.KeywordExecutor.executeKeywordForPlatform(KeywordExecutor.groovy:74)
	at com.kms.katalon.core.keyword.BuiltinKeywords.callTestCase(BuiltinKeywords.groovy:334)
	at Пользователи.run(Пользователи:57)
	at com.kms.katalon.core.main.ScriptEngine.run(ScriptEngine.java:194)
	at com.kms.katalon.core.main.ScriptEngine.runScriptAsRawText(ScriptEngine.java:119)
	at com.kms.katalon.core.main.TestCaseExecutor.runScript(TestCaseExecutor.java:442)
	at com.kms.katalon.core.main.TestCaseExecutor.doExecute(TestCaseExecutor.java:433)
	at com.kms.katalon.core.main.TestCaseExecutor.processExecutionPhase(TestCaseExecutor.java:412)
	at com.kms.katalon.core.main.TestCaseExecutor.accessMainPhase(TestCaseExecutor.java:404)
	at com.kms.katalon.core.main.TestCaseExecutor.execute(TestCaseExecutor.java:281)
	at com.kms.katalon.core.main.TestSuiteExecutor.accessTestCaseMainPhase(TestSuiteExecutor.java:202)
	at com.kms.katalon.core.main.TestSuiteExecutor.accessTestSuiteMainPhase(TestSuiteExecutor.java:164)
	at com.kms.katalon.core.main.TestSuiteExecutor.execute(TestSuiteExecutor.java:105)
	at com.kms.katalon.core.main.TestCaseMain.startTestSuite(TestCaseMain.java:185)
	at com.kms.katalon.core.main.TestCaseMain$startTestSuite$0.call(Unknown Source)
	at TempTestSuite1649941159966.run(TempTestSuite1649941159966.groovy:36)
Caused by: com.kms.katalon.core.exception.StepFailedException: Unable to click on object 'Object Repository/Avangard New/Object (Администратор)/Case (Пользователи)/div_User Test'
	at com.kms.katalon.core.webui.keyword.internal.WebUIKeywordMain.stepFailed(WebUIKeywordMain.groovy:64)
	at com.kms.katalon.core.webui.keyword.internal.WebUIKeywordMain.runKeyword(WebUIKeywordMain.groovy:26)
	at com.kms.katalon.core.webui.keyword.builtin.ClickKeyword.click(ClickKeyword.groovy:74)
	at com.kms.katalon.core.webui.keyword.builtin.ClickKeyword.execute(ClickKeyword.groovy:40)
	at com.kms.katalon.core.keyword.internal.KeywordExecutor.executeKeywordForPlatform(KeywordExecutor.groovy:74)
	at com.kms.katalon.core.webui.keyword.WebUiBuiltInKeywords.click(WebUiBuiltInKeywords.groovy:620)
	at com.kms.katalon.core.webui.keyword.WebUiBuiltInKeywords$click$3.call(Unknown Source)
	at Редактирование и удаление (переиспользуется в Пользователи).run(Редактирование и удаление (переиспользуется в Пользователи):72)
	at com.kms.katalon.core.main.ScriptEngine.run(ScriptEngine.java:194)
	at com.kms.katalon.core.main.ScriptEngine.runScriptAsRawText(ScriptEngine.java:119)
	at com.kms.katalon.core.main.TestCaseExecutor.runScript(TestCaseExecutor.java:442)
	at com.kms.katalon.core.main.TestCaseExecutor.doExecute(TestCaseExecutor.java:433)
	at com.kms.katalon.core.main.TestCaseExecutor.processExecutionPhase(TestCaseExecutor.java:412)
	at com.kms.katalon.core.main.TestCaseExecutor.accessMainPhase(TestCaseExecutor.java:404)
	at com.kms.katalon.core.main.TestCaseExecutor.execute(TestCaseExecutor.java:281)
	at com.kms.katalon.core.main.TestCaseMain.runTestCase(TestCaseMain.java:142)
	at com.kms.katalon.core.keyword.builtin.CallTestCaseKeyword$_callTestCase_closure1.doCall(CallTestCaseKeyword.groovy:59)
	... 20 more
Caused by: org.openqa.selenium.ElementNotInteractableException: element not interactable
  (Session info: chrome=100.0.4896.75)
Build info: version: '3.141.59', revision: 'e82be7d358', time: '2018-11-14T08:25:53'
System info: host: 'DESKTOP-KNHN0AA', ip: '192.168.0.11', os.name: 'Windows 10', os.arch: 'amd64', os.version: '10.0', java.version: '1.8.0_282'
Driver info: com.kms.katalon.selenium.driver.CChromeDriver
Capabilities {acceptInsecureCerts: false, browserName: chrome, browserVersion: 100.0.4896.75, chrome: {chromedriverVersion: 100.0.4896.60 (6a5d10861ce8..., userDataDir: C:\Users\LENOVO\AppData\Loc...}, goog:chromeOptions: {debuggerAddress: localhost:53576}, javascriptEnabled: true, networkConnectionEnabled: false, pageLoadStrategy: normal, platform: WINDOWS, platformName: WINDOWS, proxy: Proxy(), setWindowRect: true, strictFileInteractability: false, timeouts: {implicit: 0, pageLoad: 300000, script: 30000}, unhandledPromptBehavior: dismiss and notify, webauthn:extension:credBlob: true, webauthn:extension:largeBlob: true, webauthn:virtualAuthenticators: true}
Session ID: 341492ffe44d3b7c2bce137a410aed8a
	at org.openqa.selenium.remote.http.W3CHttpResponseCodec.createException(W3CHttpResponseCodec.java:187)
	at org.openqa.selenium.remote.http.W3CHttpResponseCodec.decode(W3CHttpResponseCodec.java:122)
	at org.openqa.selenium.remote.http.W3CHttpResponseCodec.decode(W3CHttpResponseCodec.java:49)
	at org.openqa.selenium.remote.HttpCommandExecutor.execute(HttpCommandExecutor.java:158)
	at org.openqa.selenium.remote.service.DriverCommandExecutor.execute(DriverCommandExecutor.java:83)
	at org.openqa.selenium.remote.RemoteWebDriver.execute(RemoteWebDriver.java:552)
	at com.kms.katalon.selenium.driver.CChromeDriver.execute(CChromeDriver.java:19)
	at org.openqa.selenium.remote.RemoteWebElement.execute(RemoteWebElement.java:285)
	at org.openqa.selenium.remote.RemoteWebElement.click(RemoteWebElement.java:84)
	at org.openqa.selenium.support.events.EventFiringWebDriver$EventFiringWebElement.lambda$new$0(EventFiringWebDriver.java:404)
	at com.sun.proxy.$Proxy11.click(Unknown Source)
	at org.openqa.selenium.support.events.EventFiringWebDriver$EventFiringWebElement.click(EventFiringWebDriver.java:417)
	at org.openqa.selenium.WebElement$click.call(Unknown Source)
	at com.kms.katalon.core.webui.keyword.builtin.ClickKeyword.clickUntilSuccessWithTimeout(ClickKeyword.groovy:81)
	at com.kms.katalon.core.webui.keyword.builtin.ClickKeyword.clickUntilSuccessWithTimeout(ClickKeyword.groovy)
	at com.kms.katalon.core.webui.keyword.builtin.ClickKeyword$_click_closure1.doCall(ClickKeyword.groovy:67)
	at com.kms.katalon.core.webui.keyword.builtin.ClickKeyword$_click_closure1.call(ClickKeyword.groovy)
	at com.kms.katalon.core.webui.keyword.internal.WebUIKeywordMain.runKeyword(WebUIKeywordMain.groovy:20)
	... 35 more
)]]></system-out>
         <system-err><![CDATA[2022-04-14 16:20:14 - [TEST_CASE][FAILED] - Test Cases/Администратор/Пользователи: Test Cases/Администратор/Пользователи FAILED.
Reason:
com.kms.katalon.core.exception.StepFailedException: Call Test Case 'Test Cases/Администратор/Редактирование и удаление (переиспользуется в Пользователи)' failed
	at com.kms.katalon.core.keyword.builtin.CallTestCaseKeyword$_callTestCase_closure1.doCall(CallTestCaseKeyword.groovy:63)
	at com.kms.katalon.core.keyword.builtin.CallTestCaseKeyword$_callTestCase_closure1.call(CallTestCaseKeyword.groovy)
	at com.kms.katalon.core.keyword.internal.KeywordMain.runKeyword(KeywordMain.groovy:74)
	at com.kms.katalon.core.keyword.builtin.CallTestCaseKeyword.callTestCase(CallTestCaseKeyword.groovy:81)
	at com.kms.katalon.core.keyword.builtin.CallTestCaseKeyword.execute(CallTestCaseKeyword.groovy:44)
	at com.kms.katalon.core.keyword.internal.KeywordExecutor.executeKeywordForPlatform(KeywordExecutor.groovy:74)
	at com.kms.katalon.core.keyword.BuiltinKeywords.callTestCase(BuiltinKeywords.groovy:334)
	at Пользователи.run(Пользователи:57)
	at com.kms.katalon.core.main.ScriptEngine.run(ScriptEngine.java:194)
	at com.kms.katalon.core.main.ScriptEngine.runScriptAsRawText(ScriptEngine.java:119)
	at com.kms.katalon.core.main.TestCaseExecutor.runScript(TestCaseExecutor.java:442)
	at com.kms.katalon.core.main.TestCaseExecutor.doExecute(TestCaseExecutor.java:433)
	at com.kms.katalon.core.main.TestCaseExecutor.processExecutionPhase(TestCaseExecutor.java:412)
	at com.kms.katalon.core.main.TestCaseExecutor.accessMainPhase(TestCaseExecutor.java:404)
	at com.kms.katalon.core.main.TestCaseExecutor.execute(TestCaseExecutor.java:281)
	at com.kms.katalon.core.main.TestSuiteExecutor.accessTestCaseMainPhase(TestSuiteExecutor.java:202)
	at com.kms.katalon.core.main.TestSuiteExecutor.accessTestSuiteMainPhase(TestSuiteExecutor.java:164)
	at com.kms.katalon.core.main.TestSuiteExecutor.execute(TestSuiteExecutor.java:105)
	at com.kms.katalon.core.main.TestCaseMain.startTestSuite(TestCaseMain.java:185)
	at com.kms.katalon.core.main.TestCaseMain$startTestSuite$0.call(Unknown Source)
	at TempTestSuite1649941159966.run(TempTestSuite1649941159966.groovy:36)
Caused by: com.kms.katalon.core.exception.StepFailedException: Unable to click on object 'Object Repository/Avangard New/Object (Администратор)/Case (Пользователи)/div_User Test'
	at com.kms.katalon.core.webui.keyword.internal.WebUIKeywordMain.stepFailed(WebUIKeywordMain.groovy:64)
	at com.kms.katalon.core.webui.keyword.internal.WebUIKeywordMain.runKeyword(WebUIKeywordMain.groovy:26)
	at com.kms.katalon.core.webui.keyword.builtin.ClickKeyword.click(ClickKeyword.groovy:74)
	at com.kms.katalon.core.webui.keyword.builtin.ClickKeyword.execute(ClickKeyword.groovy:40)
	at com.kms.katalon.core.keyword.internal.KeywordExecutor.executeKeywordForPlatform(KeywordExecutor.groovy:74)
	at com.kms.katalon.core.webui.keyword.WebUiBuiltInKeywords.click(WebUiBuiltInKeywords.groovy:620)
	at com.kms.katalon.core.webui.keyword.WebUiBuiltInKeywords$click$3.call(Unknown Source)
	at Редактирование и удаление (переиспользуется в Пользователи).run(Редактирование и удаление (переиспользуется в Пользователи):72)
	at com.kms.katalon.core.main.ScriptEngine.run(ScriptEngine.java:194)
	at com.kms.katalon.core.main.ScriptEngine.runScriptAsRawText(ScriptEngine.java:119)
	at com.kms.katalon.core.main.TestCaseExecutor.runScript(TestCaseExecutor.java:442)
	at com.kms.katalon.core.main.TestCaseExecutor.doExecute(TestCaseExecutor.java:433)
	at com.kms.katalon.core.main.TestCaseExecutor.processExecutionPhase(TestCaseExecutor.java:412)
	at com.kms.katalon.core.main.TestCaseExecutor.accessMainPhase(TestCaseExecutor.java:404)
	at com.kms.katalon.core.main.TestCaseExecutor.execute(TestCaseExecutor.java:281)
	at com.kms.katalon.core.main.TestCaseMain.runTestCase(TestCaseMain.java:142)
	at com.kms.katalon.core.keyword.builtin.CallTestCaseKeyword$_callTestCase_closure1.doCall(CallTestCaseKeyword.groovy:59)
	... 20 more
Caused by: org.openqa.selenium.ElementNotInteractableException: element not interactable
  (Session info: chrome=100.0.4896.75)
Build info: version: '3.141.59', revision: 'e82be7d358', time: '2018-11-14T08:25:53'
System info: host: 'DESKTOP-KNHN0AA', ip: '192.168.0.11', os.name: 'Windows 10', os.arch: 'amd64', os.version: '10.0', java.version: '1.8.0_282'
Driver info: com.kms.katalon.selenium.driver.CChromeDriver
Capabilities {acceptInsecureCerts: false, browserName: chrome, browserVersion: 100.0.4896.75, chrome: {chromedriverVersion: 100.0.4896.60 (6a5d10861ce8..., userDataDir: C:\Users\LENOVO\AppData\Loc...}, goog:chromeOptions: {debuggerAddress: localhost:53576}, javascriptEnabled: true, networkConnectionEnabled: false, pageLoadStrategy: normal, platform: WINDOWS, platformName: WINDOWS, proxy: Proxy(), setWindowRect: true, strictFileInteractability: false, timeouts: {implicit: 0, pageLoad: 300000, script: 30000}, unhandledPromptBehavior: dismiss and notify, webauthn:extension:credBlob: true, webauthn:extension:largeBlob: true, webauthn:virtualAuthenticators: true}
Session ID: 341492ffe44d3b7c2bce137a410aed8a
	at org.openqa.selenium.remote.http.W3CHttpResponseCodec.createException(W3CHttpResponseCodec.java:187)
	at org.openqa.selenium.remote.http.W3CHttpResponseCodec.decode(W3CHttpResponseCodec.java:122)
	at org.openqa.selenium.remote.http.W3CHttpResponseCodec.decode(W3CHttpResponseCodec.java:49)
	at org.openqa.selenium.remote.HttpCommandExecutor.execute(HttpCommandExecutor.java:158)
	at org.openqa.selenium.remote.service.DriverCommandExecutor.execute(DriverCommandExecutor.java:83)
	at org.openqa.selenium.remote.RemoteWebDriver.execute(RemoteWebDriver.java:552)
	at com.kms.katalon.selenium.driver.CChromeDriver.execute(CChromeDriver.java:19)
	at org.openqa.selenium.remote.RemoteWebElement.execute(RemoteWebElement.java:285)
	at org.openqa.selenium.remote.RemoteWebElement.click(RemoteWebElement.java:84)
	at org.openqa.selenium.support.events.EventFiringWebDriver$EventFiringWebElement.lambda$new$0(EventFiringWebDriver.java:404)
	at com.sun.proxy.$Proxy11.click(Unknown Source)
	at org.openqa.selenium.support.events.EventFiringWebDriver$EventFiringWebElement.click(EventFiringWebDriver.java:417)
	at org.openqa.selenium.WebElement$click.call(Unknown Source)
	at com.kms.katalon.core.webui.keyword.builtin.ClickKeyword.clickUntilSuccessWithTimeout(ClickKeyword.groovy:81)
	at com.kms.katalon.core.webui.keyword.builtin.ClickKeyword.clickUntilSuccessWithTimeout(ClickKeyword.groovy)
	at com.kms.katalon.core.webui.keyword.builtin.ClickKeyword$_click_closure1.doCall(ClickKeyword.groovy:67)
	at com.kms.katalon.core.webui.keyword.builtin.ClickKeyword$_click_closure1.call(ClickKeyword.groovy)
	at com.kms.katalon.core.webui.keyword.internal.WebUIKeywordMain.runKeyword(WebUIKeywordMain.groovy:20)
	... 35 more]]></system-err>
      </testcase>
      <testcase name="Test Cases/Администратор/Профиль игрока (Для проверки и под менеджером)" time="104.441" classname="Test Cases/Администратор/Профиль игрока (Для проверки и под менеджером)" status="FAILED">
         <failure type="FAILED" message="Test Cases/Администратор/Профиль игрока (Для проверки и под менеджером) FAILED.
Reason:
com.kms.katalon.core.exception.StepFailedException: Unable to verify text 'Пользователь сохранен' is present 
	at com.kms.katalon.core.webui.keyword.internal.WebUIKeywordMain.stepFailed(WebUIKeywordMain.groovy:64)
	at com.kms.katalon.core.webui.keyword.internal.WebUIKeywordMain.runKeyword(WebUIKeywordMain.groovy:26)
	at com.kms.katalon.core.webui.keyword.builtin.VerifyTextPresentKeyword.verifyTextPresent(VerifyTextPresentKeyword.groovy:83)
	at com.kms.katalon.core.webui.keyword.builtin.VerifyTextPresentKeyword.execute(VerifyTextPresentKeyword.groovy:68)
	at com.kms.katalon.core.keyword.internal.KeywordExecutor.executeKeywordForPlatform(KeywordExecutor.groovy:74)
	at com.kms.katalon.core.webui.keyword.WebUiBuiltInKeywords.verifyTextPresent(WebUiBuiltInKeywords.groovy:1723)
	at com.kms.katalon.core.webui.keyword.WebUiBuiltInKeywords$verifyTextPresent$4.call(Unknown Source)
	at Профиль игрока (Для проверки и под менеджером).run(Профиль игрока (Для проверки и под менеджером):74)
	at com.kms.katalon.core.main.ScriptEngine.run(ScriptEngine.java:194)
	at com.kms.katalon.core.main.ScriptEngine.runScriptAsRawText(ScriptEngine.java:119)
	at com.kms.katalon.core.main.TestCaseExecutor.runScript(TestCaseExecutor.java:442)
	at com.kms.katalon.core.main.TestCaseExecutor.doExecute(TestCaseExecutor.java:433)
	at com.kms.katalon.core.main.TestCaseExecutor.processExecutionPhase(TestCaseExecutor.java:412)
	at com.kms.katalon.core.main.TestCaseExecutor.accessMainPhase(TestCaseExecutor.java:404)
	at com.kms.katalon.core.main.TestCaseExecutor.execute(TestCaseExecutor.java:281)
	at com.kms.katalon.core.main.TestSuiteExecutor.accessTestCaseMainPhase(TestSuiteExecutor.java:202)
	at com.kms.katalon.core.main.TestSuiteExecutor.accessTestSuiteMainPhase(TestSuiteExecutor.java:164)
	at com.kms.katalon.core.main.TestSuiteExecutor.execute(TestSuiteExecutor.java:105)
	at com.kms.katalon.core.main.TestCaseMain.startTestSuite(TestCaseMain.java:185)
	at com.kms.katalon.core.main.TestCaseMain$startTestSuite$0.call(Unknown Source)
	at TempTestSuite1649941159966.run(TempTestSuite1649941159966.groovy:36)
Caused by: com.kms.katalon.core.exception.StepFailedException: Text 'Пользователь сохранен' is not present on page 
	at com.kms.katalon.core.webui.keyword.internal.WebUIKeywordMain.stepFailed(WebUIKeywordMain.groovy:64)
	at com.kms.katalon.core.webui.keyword.builtin.VerifyTextPresentKeyword$_verifyTextPresent_closure1.doCall(VerifyTextPresentKeyword.groovy:79)
	at com.kms.katalon.core.webui.keyword.builtin.VerifyTextPresentKeyword$_verifyTextPresent_closure1.call(VerifyTextPresentKeyword.groovy)
	at com.kms.katalon.core.webui.keyword.internal.WebUIKeywordMain.runKeyword(WebUIKeywordMain.groovy:20)
	... 19 more
"/>
         <system-out><![CDATA[2022-04-14 16:22:00 - [TEST_CASE][FAILED] - Test Cases/Администратор/Профиль игрока (Для проверки и под менеджером): Test Cases/Администратор/Профиль игрока (Для проверки и под менеджером) FAILED.
Reason:
com.kms.katalon.core.exception.StepFailedException: Unable to verify text 'Пользователь сохранен' is present 
	at com.kms.katalon.core.webui.keyword.internal.WebUIKeywordMain.stepFailed(WebUIKeywordMain.groovy:64)
	at com.kms.katalon.core.webui.keyword.internal.WebUIKeywordMain.runKeyword(WebUIKeywordMain.groovy:26)
	at com.kms.katalon.core.webui.keyword.builtin.VerifyTextPresentKeyword.verifyTextPresent(VerifyTextPresentKeyword.groovy:83)
	at com.kms.katalon.core.webui.keyword.builtin.VerifyTextPresentKeyword.execute(VerifyTextPresentKeyword.groovy:68)
	at com.kms.katalon.core.keyword.internal.KeywordExecutor.executeKeywordForPlatform(KeywordExecutor.groovy:74)
	at com.kms.katalon.core.webui.keyword.WebUiBuiltInKeywords.verifyTextPresent(WebUiBuiltInKeywords.groovy:1723)
	at com.kms.katalon.core.webui.keyword.WebUiBuiltInKeywords$verifyTextPresent$4.call(Unknown Source)
	at Профиль игрока (Для проверки и под менеджером).run(Профиль игрока (Для проверки и под менеджером):74)
	at com.kms.katalon.core.main.ScriptEngine.run(ScriptEngine.java:194)
	at com.kms.katalon.core.main.ScriptEngine.runScriptAsRawText(ScriptEngine.java:119)
	at com.kms.katalon.core.main.TestCaseExecutor.runScript(TestCaseExecutor.java:442)
	at com.kms.katalon.core.main.TestCaseExecutor.doExecute(TestCaseExecutor.java:433)
	at com.kms.katalon.core.main.TestCaseExecutor.processExecutionPhase(TestCaseExecutor.java:412)
	at com.kms.katalon.core.main.TestCaseExecutor.accessMainPhase(TestCaseExecutor.java:404)
	at com.kms.katalon.core.main.TestCaseExecutor.execute(TestCaseExecutor.java:281)
	at com.kms.katalon.core.main.TestSuiteExecutor.accessTestCaseMainPhase(TestSuiteExecutor.java:202)
	at com.kms.katalon.core.main.TestSuiteExecutor.accessTestSuiteMainPhase(TestSuiteExecutor.java:164)
	at com.kms.katalon.core.main.TestSuiteExecutor.execute(TestSuiteExecutor.java:105)
	at com.kms.katalon.core.main.TestCaseMain.startTestSuite(TestCaseMain.java:185)
	at com.kms.katalon.core.main.TestCaseMain$startTestSuite$0.call(Unknown Source)
	at TempTestSuite1649941159966.run(TempTestSuite1649941159966.groovy:36)
Caused by: com.kms.katalon.core.exception.StepFailedException: Text 'Пользователь сохранен' is not present on page 
	at com.kms.katalon.core.webui.keyword.internal.WebUIKeywordMain.stepFailed(WebUIKeywordMain.groovy:64)
	at com.kms.katalon.core.webui.keyword.builtin.VerifyTextPresentKeyword$_verifyTextPresent_closure1.doCall(VerifyTextPresentKeyword.groovy:79)
	at com.kms.katalon.core.webui.keyword.builtin.VerifyTextPresentKeyword$_verifyTextPresent_closure1.call(VerifyTextPresentKeyword.groovy)
	at com.kms.katalon.core.webui.keyword.internal.WebUIKeywordMain.runKeyword(WebUIKeywordMain.groovy:20)
	... 19 more


2022-04-14 16:22:01 - [TEST_STEP][NOT_RUN] - verifyElementText(findTestObject("Avangard New/Object (Администратор)/Case (Профиль игрока)/role admin"), "Администратор"): NOT_RUN: verifyElementText(findTestObject("Avangard New/Object (Администратор)/Case (Профиль игрока)/role admin"), "Администратор")

2022-04-14 16:22:01 - [MESSAGE][NOT_RUN] - NOT_RUN: verifyElementText(findTestObject("Avangard New/Object (Администратор)/Case (Профиль игрока)/role admin"), "Администратор")

2022-04-14 16:22:01 - [TEST_STEP][PASSED] - callTestCase(findTestCase("Администратор/Авторизация"), [:], STOP_ON_FAILURE): Call Test Case 'Test Cases/Администратор/Авторизация' successfully

2022-04-14 16:22:01 - [TEST_CASE][PASSED] - Test Cases/Администратор/Авторизация: Test Cases/Администратор/Авторизация

2022-04-14 16:22:01 - [TEST_STEP][PASSED] - openBrowser(""): Browser is opened with url: ''

2022-04-14 16:22:01 - [MESSAGE][WARNING] - A browser is already opened. Closing browser and opening a new one

2022-04-14 16:22:01 - [MESSAGE][INFO] - Starting 'Chrome' driver

2022-04-14 16:22:01 - [MESSAGE][INFO] - Action delay is set to 100 milliseconds

2022-04-14 16:22:03 - [MESSAGE][PASSED] - Browser is opened with url: ''

2022-04-14 16:22:03 - [TEST_STEP][PASSED] - maximizeWindow(): Current window maximized

2022-04-14 16:22:03 - [MESSAGE][PASSED] - Current window maximized

2022-04-14 16:22:03 - [TEST_STEP][PASSED] - navigateToUrl(url): Navigate to 'https://stars-stage.hawk.ru:8080' successfully

2022-04-14 16:22:07 - [MESSAGE][PASSED] - Navigate to 'https://stars-stage.hawk.ru:8080' successfully

2022-04-14 16:22:07 - [TEST_STEP][PASSED] - setText(findTestObject("Object Repository/Page_/input__sc-lnrBVv eqPACj"), admin_login): Text 'TestAdmin@test.ru' is set on object 'Object Repository/Page_/input__sc-lnrBVv eqPACj'

2022-04-14 16:22:08 - [MESSAGE][PASSED] - Text 'TestAdmin@test.ru' is set on object 'Object Repository/Page_/input__sc-lnrBVv eqPACj'

2022-04-14 16:22:08 - [TEST_STEP][PASSED] - setText(findTestObject("Object Repository/Page_/input__sc-lnrBVv eqPACj_1"), admin_password): Text 'TestAdmin@test.ru' is set on object 'Object Repository/Page_/input__sc-lnrBVv eqPACj_1'

2022-04-14 16:22:09 - [MESSAGE][PASSED] - Text 'TestAdmin@test.ru' is set on object 'Object Repository/Page_/input__sc-lnrBVv eqPACj_1'

2022-04-14 16:22:09 - [TEST_STEP][PASSED] - click(findTestObject("Object Repository/Page_/go")): Object: 'Object Repository/Page_/go' is clicked on

2022-04-14 16:22:09 - [MESSAGE][PASSED] - Object: 'Object Repository/Page_/go' is clicked on

2022-04-14 16:22:09 - [MESSAGE][PASSED] - Call Test Case 'Test Cases/Администратор/Авторизация' successfully

2022-04-14 16:22:09 - [TEST_STEP][PASSED] - scrollToElement(findTestObject("Avangard New/Object (Администратор)/Case (Профиль игрока)/role admin"), 0): Scroll to object 'Object Repository/Avangard New/Object (Администратор)/Case (Профиль игрока)/role admin' successfully

2022-04-14 16:22:09 - [MESSAGE][WARNING] - Timeout '0' is invalid. Using default page load timeout: '30'

2022-04-14 16:22:30 - [MESSAGE][PASSED] - Scroll to object 'Object Repository/Avangard New/Object (Администратор)/Case (Профиль игрока)/role admin' successfully

2022-04-14 16:22:30 - [TEST_STEP][PASSED] - if (verifyElementText(findTestObject("Avangard New/Object (Администратор)/Case (Профиль игрока)/role admin"), "Администратор", OPTIONAL) == true): null

2022-04-14 16:22:30 - [MESSAGE][PASSED] - Actual text and expected text of test object 'Object Repository/Avangard New/Object (Администратор)/Case (Профиль игрока)/role admin' are matched.

2022-04-14 16:22:30 - [TEST_STEP][PASSED] - click(findTestObject("Object Repository/Avangard New/Object (Администратор)/Case (Профиль игрока)/students")): Object: 'Object Repository/Avangard New/Object (Администратор)/Case (Профиль игрока)/students' is clicked on

2022-04-14 16:22:31 - [MESSAGE][PASSED] - Object: 'Object Repository/Avangard New/Object (Администратор)/Case (Профиль игрока)/students' is clicked on

2022-04-14 16:22:31 - [TEST_STEP][PASSED] - setText(findTestObject("Object Repository/Avangard New/Object (Администратор)/Case (Профиль игрока)/input"), player_for_test_1): Text 'Ганин' is set on object 'Object Repository/Avangard New/Object (Администратор)/Case (Профиль игрока)/input'

2022-04-14 16:22:33 - [MESSAGE][PASSED] - Text 'Ганин' is set on object 'Object Repository/Avangard New/Object (Администратор)/Case (Профиль игрока)/input'

2022-04-14 16:22:33 - [TEST_STEP][PASSED] - click(findTestObject("Object Repository/Avangard New/Object (Администратор)/Case (Профиль игрока)/player profile")): Object: 'Object Repository/Avangard New/Object (Администратор)/Case (Профиль игрока)/player profile' is clicked on

2022-04-14 16:22:35 - [MESSAGE][PASSED] - Object: 'Object Repository/Avangard New/Object (Администратор)/Case (Профиль игрока)/player profile' is clicked on

2022-04-14 16:22:35 - [TEST_STEP][PASSED] - disableSmartWait(): null

2022-04-14 16:22:35 - [TEST_STEP][PASSED] - while (verifyElementVisible(findTestObject("Object Repository/Avangard New/Object (Администратор)/Case (Профиль игрока)/editProfile"), OPTIONAL) == true): Unable to verify text 'Пользователь сохранен' is present  (Root cause: com.kms.katalon.core.exception.StepFailedException: Unable to verify text 'Пользователь сохранен' is present 
	at com.kms.katalon.core.webui.keyword.internal.WebUIKeywordMain.stepFailed(WebUIKeywordMain.groovy:64)
	at com.kms.katalon.core.webui.keyword.internal.WebUIKeywordMain.runKeyword(WebUIKeywordMain.groovy:26)
	at com.kms.katalon.core.webui.keyword.builtin.VerifyTextPresentKeyword.verifyTextPresent(VerifyTextPresentKeyword.groovy:83)
	at com.kms.katalon.core.webui.keyword.builtin.VerifyTextPresentKeyword.execute(VerifyTextPresentKeyword.groovy:68)
	at com.kms.katalon.core.keyword.internal.KeywordExecutor.executeKeywordForPlatform(KeywordExecutor.groovy:74)
	at com.kms.katalon.core.webui.keyword.WebUiBuiltInKeywords.verifyTextPresent(WebUiBuiltInKeywords.groovy:1723)
	at com.kms.katalon.core.webui.keyword.WebUiBuiltInKeywords$verifyTextPresent$4.call(Unknown Source)
	at Профиль игрока (Для проверки и под менеджером).run(Профиль игрока (Для проверки и под менеджером):74)
	at com.kms.katalon.core.main.ScriptEngine.run(ScriptEngine.java:194)
	at com.kms.katalon.core.main.ScriptEngine.runScriptAsRawText(ScriptEngine.java:119)
	at com.kms.katalon.core.main.TestCaseExecutor.runScript(TestCaseExecutor.java:442)
	at com.kms.katalon.core.main.TestCaseExecutor.doExecute(TestCaseExecutor.java:433)
	at com.kms.katalon.core.main.TestCaseExecutor.processExecutionPhase(TestCaseExecutor.java:412)
	at com.kms.katalon.core.main.TestCaseExecutor.accessMainPhase(TestCaseExecutor.java:404)
	at com.kms.katalon.core.main.TestCaseExecutor.execute(TestCaseExecutor.java:281)
	at com.kms.katalon.core.main.TestSuiteExecutor.accessTestCaseMainPhase(TestSuiteExecutor.java:202)
	at com.kms.katalon.core.main.TestSuiteExecutor.accessTestSuiteMainPhase(TestSuiteExecutor.java:164)
	at com.kms.katalon.core.main.TestSuiteExecutor.execute(TestSuiteExecutor.java:105)
	at com.kms.katalon.core.main.TestCaseMain.startTestSuite(TestCaseMain.java:185)
	at com.kms.katalon.core.main.TestCaseMain$startTestSuite$0.call(Unknown Source)
	at TempTestSuite1649941159966.run(TempTestSuite1649941159966.groovy:36)
Caused by: com.kms.katalon.core.exception.StepFailedException: Text 'Пользователь сохранен' is not present on page 
	at com.kms.katalon.core.webui.keyword.internal.WebUIKeywordMain.stepFailed(WebUIKeywordMain.groovy:64)
	at com.kms.katalon.core.webui.keyword.builtin.VerifyTextPresentKeyword$_verifyTextPresent_closure1.doCall(VerifyTextPresentKeyword.groovy:79)
	at com.kms.katalon.core.webui.keyword.builtin.VerifyTextPresentKeyword$_verifyTextPresent_closure1.call(VerifyTextPresentKeyword.groovy)
	at com.kms.katalon.core.webui.keyword.internal.WebUIKeywordMain.runKeyword(WebUIKeywordMain.groovy:20)
	... 19 more
)

2022-04-14 16:22:35 - [MESSAGE][PASSED] - Object 'Object Repository/Avangard New/Object (Администратор)/Case (Профиль игрока)/editProfile' is visible

2022-04-14 16:22:35 - [TEST_STEP][PASSED] - enableSmartWait(): null

2022-04-14 16:22:35 - [TEST_STEP][PASSED] - click(findTestObject("Object Repository/Avangard New/Object (Администратор)/Case (Профиль игрока)/editProfile")): Object: 'Object Repository/Avangard New/Object (Администратор)/Case (Профиль игрока)/editProfile' is clicked on

2022-04-14 16:22:36 - [MESSAGE][PASSED] - Object: 'Object Repository/Avangard New/Object (Администратор)/Case (Профиль игрока)/editProfile' is clicked on

2022-04-14 16:22:36 - [TEST_STEP][PASSED] - scrollToElement(findTestObject("Object Repository/Avangard New/Object (Администратор)/Case (Профиль игрока)/input__phone"), 0): Scroll to object 'Object Repository/Avangard New/Object (Администратор)/Case (Профиль игрока)/input__phone' successfully

2022-04-14 16:22:36 - [MESSAGE][WARNING] - Timeout '0' is invalid. Using default page load timeout: '30'

2022-04-14 16:22:37 - [MESSAGE][PASSED] - Scroll to object 'Object Repository/Avangard New/Object (Администратор)/Case (Профиль игрока)/input__phone' successfully

2022-04-14 16:22:37 - [TEST_STEP][PASSED] - clearText(findTestObject("Object Repository/Avangard New/Object (Администратор)/Case (Профиль игрока)/input__phone"), STOP_ON_FAILURE): Text of object 'Object Repository/Avangard New/Object (Администратор)/Case (Профиль игрока)/input__phone' is cleared

2022-04-14 16:22:38 - [MESSAGE][PASSED] - Text of object 'Object Repository/Avangard New/Object (Администратор)/Case (Профиль игрока)/input__phone' is cleared

2022-04-14 16:22:38 - [TEST_STEP][PASSED] - setText(findTestObject("Object Repository/admin/students/Page_/input__phone"), "8 (953) 456-78-91"): Text '8 (953) 456-78-91' is set on object 'Object Repository/admin/students/Page_/input__phone'

2022-04-14 16:22:39 - [MESSAGE][PASSED] - Text '8 (953) 456-78-91' is set on object 'Object Repository/admin/students/Page_/input__phone'

2022-04-14 16:22:39 - [TEST_STEP][PASSED] - scrollToElement(findTestObject("Object Repository/Avangard New/Object (Администратор)/Case (Профиль игрока)/Save_button_"), 0): Scroll to object 'Object Repository/Avangard New/Object (Администратор)/Case (Профиль игрока)/Save_button_' successfully

2022-04-14 16:22:39 - [MESSAGE][WARNING] - Timeout '0' is invalid. Using default page load timeout: '30'

2022-04-14 16:22:39 - [MESSAGE][PASSED] - Scroll to object 'Object Repository/Avangard New/Object (Администратор)/Case (Профиль игрока)/Save_button_' successfully

2022-04-14 16:22:39 - [TEST_STEP][PASSED] - click(findTestObject("Object Repository/Avangard New/Object (Администратор)/Case (Профиль игрока)/Save_button_")): Object: 'Object Repository/Avangard New/Object (Администратор)/Case (Профиль игрока)/Save_button_' is clicked on

2022-04-14 16:22:40 - [MESSAGE][PASSED] - Object: 'Object Repository/Avangard New/Object (Администратор)/Case (Профиль игрока)/Save_button_' is clicked on

2022-04-14 16:22:40 - [TEST_STEP][PASSED] - verifyTextPresent("Пользователь сохранен", false): Text 'Пользователь сохранен' is present on page 

2022-04-14 16:22:41 - [MESSAGE][PASSED] - Text 'Пользователь сохранен' is present on page 

2022-04-14 16:22:41 - [TEST_STEP][PASSED] - click(findTestObject("Object Repository/Avangard New/Object (Администратор)/Case (Профиль игрока)/arch_button")): Object: 'Object Repository/Avangard New/Object (Администратор)/Case (Профиль игрока)/arch_button' is clicked on

2022-04-14 16:23:12 - [MESSAGE][INFO] - Unable to find the element located by 'By.xpath: //*/text()[normalize-space(.)='Архивировать']/parent::*'. Please recheck the objects properties to make sure the desired element is located. 

2022-04-14 16:23:12 - [MESSAGE][WARNING] - [SELF-HEALING] Failed to find element with id 'Object Repository/Avangard New/Object (Администратор)/Case (Профиль игрока)/arch_button'. Try using Self-healing.

2022-04-14 16:23:12 - [MESSAGE][WARNING] - [SELF-HEALING] The current locator of test object 'Object Repository/Avangard New/Object (Администратор)/Case (Профиль игрока)/arch_button' was broken. Propose an alternative one: '//button[@type='button']'.

2022-04-14 16:23:12 - [MESSAGE][PASSED] - Object: 'Object Repository/Avangard New/Object (Администратор)/Case (Профиль игрока)/arch_button' is clicked on

2022-04-14 16:23:12 - [TEST_STEP][PASSED] - click(findTestObject("Object Repository/Avangard New/Object (Администратор)/Case (Профиль игрока)/confirm_arch_button")): Object: 'Object Repository/Avangard New/Object (Администратор)/Case (Профиль игрока)/confirm_arch_button' is clicked on

2022-04-14 16:23:44 - [MESSAGE][INFO] - Unable to find the element located by 'By.xpath: //button[@type = 'submit' and (text() = 'Архивировать' or . = 'Архивировать')]'. Please recheck the objects properties to make sure the desired element is located. 

2022-04-14 16:23:44 - [MESSAGE][WARNING] - [SELF-HEALING] Failed to find element with id 'Object Repository/Avangard New/Object (Администратор)/Case (Профиль игрока)/confirm_arch_button'. Try using Self-healing.

2022-04-14 16:23:44 - [MESSAGE][WARNING] - [SELF-HEALING] The current locator of test object 'Object Repository/Avangard New/Object (Администратор)/Case (Профиль игрока)/confirm_arch_button' was broken. Propose an alternative one: '//div/div/div/button[2]'.

2022-04-14 16:23:44 - [MESSAGE][PASSED] - Object: 'Object Repository/Avangard New/Object (Администратор)/Case (Профиль игрока)/confirm_arch_button' is clicked on

2022-04-14 16:23:44 - [TEST_STEP][FAILED] - verifyTextPresent("Пользователь сохранен", false): Unable to verify text 'Пользователь сохранен' is present  (Root cause: com.kms.katalon.core.exception.StepFailedException: Unable to verify text 'Пользователь сохранен' is present 
	at com.kms.katalon.core.webui.keyword.internal.WebUIKeywordMain.stepFailed(WebUIKeywordMain.groovy:64)
	at com.kms.katalon.core.webui.keyword.internal.WebUIKeywordMain.runKeyword(WebUIKeywordMain.groovy:26)
	at com.kms.katalon.core.webui.keyword.builtin.VerifyTextPresentKeyword.verifyTextPresent(VerifyTextPresentKeyword.groovy:83)
	at com.kms.katalon.core.webui.keyword.builtin.VerifyTextPresentKeyword.execute(VerifyTextPresentKeyword.groovy:68)
	at com.kms.katalon.core.keyword.internal.KeywordExecutor.executeKeywordForPlatform(KeywordExecutor.groovy:74)
	at com.kms.katalon.core.webui.keyword.WebUiBuiltInKeywords.verifyTextPresent(WebUiBuiltInKeywords.groovy:1723)
	at com.kms.katalon.core.webui.keyword.WebUiBuiltInKeywords$verifyTextPresent$4.call(Unknown Source)
	at Профиль игрока (Для проверки и под менеджером).run(Профиль игрока (Для проверки и под менеджером):74)
	at com.kms.katalon.core.main.ScriptEngine.run(ScriptEngine.java:194)
	at com.kms.katalon.core.main.ScriptEngine.runScriptAsRawText(ScriptEngine.java:119)
	at com.kms.katalon.core.main.TestCaseExecutor.runScript(TestCaseExecutor.java:442)
	at com.kms.katalon.core.main.TestCaseExecutor.doExecute(TestCaseExecutor.java:433)
	at com.kms.katalon.core.main.TestCaseExecutor.processExecutionPhase(TestCaseExecutor.java:412)
	at com.kms.katalon.core.main.TestCaseExecutor.accessMainPhase(TestCaseExecutor.java:404)
	at com.kms.katalon.core.main.TestCaseExecutor.execute(TestCaseExecutor.java:281)
	at com.kms.katalon.core.main.TestSuiteExecutor.accessTestCaseMainPhase(TestSuiteExecutor.java:202)
	at com.kms.katalon.core.main.TestSuiteExecutor.accessTestSuiteMainPhase(TestSuiteExecutor.java:164)
	at com.kms.katalon.core.main.TestSuiteExecutor.execute(TestSuiteExecutor.java:105)
	at com.kms.katalon.core.main.TestCaseMain.startTestSuite(TestCaseMain.java:185)
	at com.kms.katalon.core.main.TestCaseMain$startTestSuite$0.call(Unknown Source)
	at TempTestSuite1649941159966.run(TempTestSuite1649941159966.groovy:36)
Caused by: com.kms.katalon.core.exception.StepFailedException: Text 'Пользователь сохранен' is not present on page 
	at com.kms.katalon.core.webui.keyword.internal.WebUIKeywordMain.stepFailed(WebUIKeywordMain.groovy:64)
	at com.kms.katalon.core.webui.keyword.builtin.VerifyTextPresentKeyword$_verifyTextPresent_closure1.doCall(VerifyTextPresentKeyword.groovy:79)
	at com.kms.katalon.core.webui.keyword.builtin.VerifyTextPresentKeyword$_verifyTextPresent_closure1.call(VerifyTextPresentKeyword.groovy)
	at com.kms.katalon.core.webui.keyword.internal.WebUIKeywordMain.runKeyword(WebUIKeywordMain.groovy:20)
	... 19 more
)

2022-04-14 16:23:45 - [MESSAGE][FAILED] - Text 'Пользователь сохранен' is not present on page  (Root cause: com.kms.katalon.core.exception.StepFailedException: Text 'Пользователь сохранен' is not present on page 
	at com.kms.katalon.core.webui.keyword.internal.WebUIKeywordMain.stepFailed(WebUIKeywordMain.groovy:64)
	at com.kms.katalon.core.webui.keyword.builtin.VerifyTextPresentKeyword$_verifyTextPresent_closure1.doCall(VerifyTextPresentKeyword.groovy:79)
	at com.kms.katalon.core.webui.keyword.builtin.VerifyTextPresentKeyword$_verifyTextPresent_closure1.call(VerifyTextPresentKeyword.groovy)
	at com.kms.katalon.core.webui.keyword.internal.WebUIKeywordMain.runKeyword(WebUIKeywordMain.groovy:20)
	at com.kms.katalon.core.webui.keyword.builtin.VerifyTextPresentKeyword.verifyTextPresent(VerifyTextPresentKeyword.groovy:83)
	at com.kms.katalon.core.webui.keyword.builtin.VerifyTextPresentKeyword.execute(VerifyTextPresentKeyword.groovy:68)
	at com.kms.katalon.core.keyword.internal.KeywordExecutor.executeKeywordForPlatform(KeywordExecutor.groovy:74)
	at com.kms.katalon.core.webui.keyword.WebUiBuiltInKeywords.verifyTextPresent(WebUiBuiltInKeywords.groovy:1723)
	at com.kms.katalon.core.webui.keyword.WebUiBuiltInKeywords$verifyTextPresent$4.call(Unknown Source)
	at Профиль игрока (Для проверки и под менеджером).run(Профиль игрока (Для проверки и под менеджером):74)
	at com.kms.katalon.core.main.ScriptEngine.run(ScriptEngine.java:194)
	at com.kms.katalon.core.main.ScriptEngine.runScriptAsRawText(ScriptEngine.java:119)
	at com.kms.katalon.core.main.TestCaseExecutor.runScript(TestCaseExecutor.java:442)
	at com.kms.katalon.core.main.TestCaseExecutor.doExecute(TestCaseExecutor.java:433)
	at com.kms.katalon.core.main.TestCaseExecutor.processExecutionPhase(TestCaseExecutor.java:412)
	at com.kms.katalon.core.main.TestCaseExecutor.accessMainPhase(TestCaseExecutor.java:404)
	at com.kms.katalon.core.main.TestCaseExecutor.execute(TestCaseExecutor.java:281)
	at com.kms.katalon.core.main.TestSuiteExecutor.accessTestCaseMainPhase(TestSuiteExecutor.java:202)
	at com.kms.katalon.core.main.TestSuiteExecutor.accessTestSuiteMainPhase(TestSuiteExecutor.java:164)
	at com.kms.katalon.core.main.TestSuiteExecutor.execute(TestSuiteExecutor.java:105)
	at com.kms.katalon.core.main.TestCaseMain.startTestSuite(TestCaseMain.java:185)
	at com.kms.katalon.core.main.TestCaseMain$startTestSuite$0.call(Unknown Source)
	at TempTestSuite1649941159966.run(TempTestSuite1649941159966.groovy:36)
)

2022-04-14 16:23:45 - [MESSAGE][FAILED] - Unable to verify text 'Пользователь сохранен' is present  (Root cause: com.kms.katalon.core.exception.StepFailedException: Unable to verify text 'Пользователь сохранен' is present 
	at com.kms.katalon.core.webui.keyword.internal.WebUIKeywordMain.stepFailed(WebUIKeywordMain.groovy:64)
	at com.kms.katalon.core.webui.keyword.internal.WebUIKeywordMain.runKeyword(WebUIKeywordMain.groovy:26)
	at com.kms.katalon.core.webui.keyword.builtin.VerifyTextPresentKeyword.verifyTextPresent(VerifyTextPresentKeyword.groovy:83)
	at com.kms.katalon.core.webui.keyword.builtin.VerifyTextPresentKeyword.execute(VerifyTextPresentKeyword.groovy:68)
	at com.kms.katalon.core.keyword.internal.KeywordExecutor.executeKeywordForPlatform(KeywordExecutor.groovy:74)
	at com.kms.katalon.core.webui.keyword.WebUiBuiltInKeywords.verifyTextPresent(WebUiBuiltInKeywords.groovy:1723)
	at com.kms.katalon.core.webui.keyword.WebUiBuiltInKeywords$verifyTextPresent$4.call(Unknown Source)
	at Профиль игрока (Для проверки и под менеджером).run(Профиль игрока (Для проверки и под менеджером):74)
	at com.kms.katalon.core.main.ScriptEngine.run(ScriptEngine.java:194)
	at com.kms.katalon.core.main.ScriptEngine.runScriptAsRawText(ScriptEngine.java:119)
	at com.kms.katalon.core.main.TestCaseExecutor.runScript(TestCaseExecutor.java:442)
	at com.kms.katalon.core.main.TestCaseExecutor.doExecute(TestCaseExecutor.java:433)
	at com.kms.katalon.core.main.TestCaseExecutor.processExecutionPhase(TestCaseExecutor.java:412)
	at com.kms.katalon.core.main.TestCaseExecutor.accessMainPhase(TestCaseExecutor.java:404)
	at com.kms.katalon.core.main.TestCaseExecutor.execute(TestCaseExecutor.java:281)
	at com.kms.katalon.core.main.TestSuiteExecutor.accessTestCaseMainPhase(TestSuiteExecutor.java:202)
	at com.kms.katalon.core.main.TestSuiteExecutor.accessTestSuiteMainPhase(TestSuiteExecutor.java:164)
	at com.kms.katalon.core.main.TestSuiteExecutor.execute(TestSuiteExecutor.java:105)
	at com.kms.katalon.core.main.TestCaseMain.startTestSuite(TestCaseMain.java:185)
	at com.kms.katalon.core.main.TestCaseMain$startTestSuite$0.call(Unknown Source)
	at TempTestSuite1649941159966.run(TempTestSuite1649941159966.groovy:36)
Caused by: com.kms.katalon.core.exception.StepFailedException: Text 'Пользователь сохранен' is not present on page 
	at com.kms.katalon.core.webui.keyword.internal.WebUIKeywordMain.stepFailed(WebUIKeywordMain.groovy:64)
	at com.kms.katalon.core.webui.keyword.builtin.VerifyTextPresentKeyword$_verifyTextPresent_closure1.doCall(VerifyTextPresentKeyword.groovy:79)
	at com.kms.katalon.core.webui.keyword.builtin.VerifyTextPresentKeyword$_verifyTextPresent_closure1.call(VerifyTextPresentKeyword.groovy)
	at com.kms.katalon.core.webui.keyword.internal.WebUIKeywordMain.runKeyword(WebUIKeywordMain.groovy:20)
	... 19 more
)
[[ATTACHMENT|C:\\Users\\LENOVO\\Katalon Studio\\Avangard\\Reports\\20220414_155908\\\u0410\u0434\u043C\u0438\u043D\u0438\u0441\u0442\u0440\u0430\u0442\u043E\u0440\\20220414_155919\\1649942625075.png]]]]></system-out>
         <system-err><![CDATA[2022-04-14 16:22:00 - [TEST_CASE][FAILED] - Test Cases/Администратор/Профиль игрока (Для проверки и под менеджером): Test Cases/Администратор/Профиль игрока (Для проверки и под менеджером) FAILED.
Reason:
com.kms.katalon.core.exception.StepFailedException: Unable to verify text 'Пользователь сохранен' is present 
	at com.kms.katalon.core.webui.keyword.internal.WebUIKeywordMain.stepFailed(WebUIKeywordMain.groovy:64)
	at com.kms.katalon.core.webui.keyword.internal.WebUIKeywordMain.runKeyword(WebUIKeywordMain.groovy:26)
	at com.kms.katalon.core.webui.keyword.builtin.VerifyTextPresentKeyword.verifyTextPresent(VerifyTextPresentKeyword.groovy:83)
	at com.kms.katalon.core.webui.keyword.builtin.VerifyTextPresentKeyword.execute(VerifyTextPresentKeyword.groovy:68)
	at com.kms.katalon.core.keyword.internal.KeywordExecutor.executeKeywordForPlatform(KeywordExecutor.groovy:74)
	at com.kms.katalon.core.webui.keyword.WebUiBuiltInKeywords.verifyTextPresent(WebUiBuiltInKeywords.groovy:1723)
	at com.kms.katalon.core.webui.keyword.WebUiBuiltInKeywords$verifyTextPresent$4.call(Unknown Source)
	at Профиль игрока (Для проверки и под менеджером).run(Профиль игрока (Для проверки и под менеджером):74)
	at com.kms.katalon.core.main.ScriptEngine.run(ScriptEngine.java:194)
	at com.kms.katalon.core.main.ScriptEngine.runScriptAsRawText(ScriptEngine.java:119)
	at com.kms.katalon.core.main.TestCaseExecutor.runScript(TestCaseExecutor.java:442)
	at com.kms.katalon.core.main.TestCaseExecutor.doExecute(TestCaseExecutor.java:433)
	at com.kms.katalon.core.main.TestCaseExecutor.processExecutionPhase(TestCaseExecutor.java:412)
	at com.kms.katalon.core.main.TestCaseExecutor.accessMainPhase(TestCaseExecutor.java:404)
	at com.kms.katalon.core.main.TestCaseExecutor.execute(TestCaseExecutor.java:281)
	at com.kms.katalon.core.main.TestSuiteExecutor.accessTestCaseMainPhase(TestSuiteExecutor.java:202)
	at com.kms.katalon.core.main.TestSuiteExecutor.accessTestSuiteMainPhase(TestSuiteExecutor.java:164)
	at com.kms.katalon.core.main.TestSuiteExecutor.execute(TestSuiteExecutor.java:105)
	at com.kms.katalon.core.main.TestCaseMain.startTestSuite(TestCaseMain.java:185)
	at com.kms.katalon.core.main.TestCaseMain$startTestSuite$0.call(Unknown Source)
	at TempTestSuite1649941159966.run(TempTestSuite1649941159966.groovy:36)
Caused by: com.kms.katalon.core.exception.StepFailedException: Text 'Пользователь сохранен' is not present on page 
	at com.kms.katalon.core.webui.keyword.internal.WebUIKeywordMain.stepFailed(WebUIKeywordMain.groovy:64)
	at com.kms.katalon.core.webui.keyword.builtin.VerifyTextPresentKeyword$_verifyTextPresent_closure1.doCall(VerifyTextPresentKeyword.groovy:79)
	at com.kms.katalon.core.webui.keyword.builtin.VerifyTextPresentKeyword$_verifyTextPresent_closure1.call(VerifyTextPresentKeyword.groovy)
	at com.kms.katalon.core.webui.keyword.internal.WebUIKeywordMain.runKeyword(WebUIKeywordMain.groovy:20)
	... 19 more]]></system-err>
      </testcase>
      <testcase name="Test Cases/Администратор/Тренеры" time="37.556" classname="Test Cases/Администратор/Тренеры" status="PASSED">
         <system-out><![CDATA[2022-04-14 16:23:45 - [TEST_CASE][PASSED] - Test Cases/Администратор/Тренеры: Test Cases/Администратор/Тренеры

2022-04-14 16:23:45 - [TEST_STEP][PASSED] - callTestCase(findTestCase("Администратор/Авторизация"), [:], STOP_ON_FAILURE): Call Test Case 'Test Cases/Администратор/Авторизация' successfully

2022-04-14 16:23:45 - [TEST_CASE][PASSED] - Test Cases/Администратор/Авторизация: Test Cases/Администратор/Авторизация

2022-04-14 16:23:45 - [TEST_STEP][PASSED] - openBrowser(""): Browser is opened with url: ''

2022-04-14 16:23:45 - [MESSAGE][WARNING] - A browser is already opened. Closing browser and opening a new one

2022-04-14 16:23:46 - [MESSAGE][INFO] - Starting 'Chrome' driver

2022-04-14 16:23:46 - [MESSAGE][INFO] - Action delay is set to 100 milliseconds

2022-04-14 16:23:47 - [MESSAGE][PASSED] - Browser is opened with url: ''

2022-04-14 16:23:47 - [TEST_STEP][PASSED] - maximizeWindow(): Current window maximized

2022-04-14 16:23:47 - [MESSAGE][PASSED] - Current window maximized

2022-04-14 16:23:47 - [TEST_STEP][PASSED] - navigateToUrl(url): Navigate to 'https://stars-stage.hawk.ru:8080' successfully

2022-04-14 16:23:51 - [MESSAGE][PASSED] - Navigate to 'https://stars-stage.hawk.ru:8080' successfully

2022-04-14 16:23:51 - [TEST_STEP][PASSED] - setText(findTestObject("Object Repository/Page_/input__sc-lnrBVv eqPACj"), admin_login): Text 'TestAdmin@test.ru' is set on object 'Object Repository/Page_/input__sc-lnrBVv eqPACj'

2022-04-14 16:23:52 - [MESSAGE][PASSED] - Text 'TestAdmin@test.ru' is set on object 'Object Repository/Page_/input__sc-lnrBVv eqPACj'

2022-04-14 16:23:52 - [TEST_STEP][PASSED] - setText(findTestObject("Object Repository/Page_/input__sc-lnrBVv eqPACj_1"), admin_password): Text 'TestAdmin@test.ru' is set on object 'Object Repository/Page_/input__sc-lnrBVv eqPACj_1'

2022-04-14 16:23:53 - [MESSAGE][PASSED] - Text 'TestAdmin@test.ru' is set on object 'Object Repository/Page_/input__sc-lnrBVv eqPACj_1'

2022-04-14 16:23:53 - [TEST_STEP][PASSED] - click(findTestObject("Object Repository/Page_/go")): Object: 'Object Repository/Page_/go' is clicked on

2022-04-14 16:23:54 - [MESSAGE][PASSED] - Object: 'Object Repository/Page_/go' is clicked on

2022-04-14 16:23:54 - [MESSAGE][PASSED] - Call Test Case 'Test Cases/Администратор/Авторизация' successfully

2022-04-14 16:23:54 - [TEST_STEP][PASSED] - click(findTestObject("Object Repository/admin/teachers/Page_/teach")): Object: 'Object Repository/admin/teachers/Page_/teach' is clicked on

2022-04-14 16:24:15 - [MESSAGE][PASSED] - Object: 'Object Repository/admin/teachers/Page_/teach' is clicked on

2022-04-14 16:24:15 - [TEST_STEP][PASSED] - click(findTestObject("Object Repository/admin/teachers/Page_/span_")): Object: 'Object Repository/admin/teachers/Page_/span_' is clicked on

2022-04-14 16:24:16 - [MESSAGE][PASSED] - Object: 'Object Repository/admin/teachers/Page_/span_' is clicked on

2022-04-14 16:24:16 - [TEST_STEP][PASSED] - verifyTextPresent("ПРОФИЛЬ ПРЕПОДАВАТЕЛЯ", false): Text 'ПРОФИЛЬ ПРЕПОДАВАТЕЛЯ' is present on page 

2022-04-14 16:24:16 - [MESSAGE][PASSED] - Text 'ПРОФИЛЬ ПРЕПОДАВАТЕЛЯ' is present on page 

2022-04-14 16:24:16 - [TEST_STEP][PASSED] - click(findTestObject("Object Repository/admin/teachers/Page_/career")): Object: 'Object Repository/admin/teachers/Page_/career' is clicked on

2022-04-14 16:24:17 - [MESSAGE][PASSED] - Object: 'Object Repository/admin/teachers/Page_/career' is clicked on

2022-04-14 16:24:17 - [TEST_STEP][PASSED] - verifyTextPresent("КАРЬЕРА ТРЕНЕРА", false): Text 'КАРЬЕРА ТРЕНЕРА' is present on page 

2022-04-14 16:24:17 - [MESSAGE][PASSED] - Text 'КАРЬЕРА ТРЕНЕРА' is present on page 

2022-04-14 16:24:17 - [TEST_STEP][NOT_RUN] - takeFullPageScreenshot("C:\scr\" + school + "42.jpg"): NOT_RUN: takeFullPageScreenshot("C:\scr\" + school + "42.jpg")

2022-04-14 16:24:17 - [MESSAGE][NOT_RUN] - NOT_RUN: takeFullPageScreenshot("C:\scr\" + school + "42.jpg")

2022-04-14 16:24:17 - [TEST_STEP][PASSED] - click(findTestObject("Object Repository/admin/teachers/Page_/button_")): Object: 'Object Repository/admin/teachers/Page_/button_' is clicked on

2022-04-14 16:24:18 - [MESSAGE][PASSED] - Object: 'Object Repository/admin/teachers/Page_/button_' is clicked on

2022-04-14 16:24:18 - [TEST_STEP][PASSED] - verifyTextPresent("Пользователь сохранен", false): Text 'Пользователь сохранен' is present on page 

2022-04-14 16:24:21 - [MESSAGE][PASSED] - Text 'Пользователь сохранен' is present on page 

2022-04-14 16:24:21 - [TEST_STEP][PASSED] - click(findTestObject("Object Repository/admin/teachers/Page_/root")): Object: 'Object Repository/admin/teachers/Page_/root' is clicked on

2022-04-14 16:24:22 - [MESSAGE][PASSED] - Object: 'Object Repository/admin/teachers/Page_/root' is clicked on

2022-04-14 16:24:22 - [TEST_STEP][PASSED] - closeBrowser(): Browser is closed

2022-04-14 16:24:22 - [MESSAGE][PASSED] - Browser is closed]]></system-out>
         <system-err><![CDATA[]]></system-err>
      </testcase>
      <testcase name="Test Cases/Администратор/дописать физ. тест Рейтинг игроков" time="40.786" classname="Test Cases/Администратор/дописать физ. тест Рейтинг игроков" status="PASSED">
         <system-out><![CDATA[2022-04-14 16:24:22 - [TEST_CASE][PASSED] - Test Cases/Администратор/дописать физ. тест Рейтинг игроков: Test Cases/Администратор/дописать физ. тест Рейтинг игроков

2022-04-14 16:24:23 - [TEST_STEP][PASSED] - callTestCase(findTestCase("Администратор/Авторизация"), [:], STOP_ON_FAILURE): Call Test Case 'Test Cases/Администратор/Авторизация' successfully

2022-04-14 16:24:23 - [TEST_CASE][PASSED] - Test Cases/Администратор/Авторизация: Test Cases/Администратор/Авторизация

2022-04-14 16:24:23 - [TEST_STEP][PASSED] - openBrowser(""): Browser is opened with url: ''

2022-04-14 16:24:23 - [MESSAGE][INFO] - Starting 'Chrome' driver

2022-04-14 16:24:23 - [MESSAGE][INFO] - Action delay is set to 100 milliseconds

2022-04-14 16:24:24 - [MESSAGE][PASSED] - Browser is opened with url: ''

2022-04-14 16:24:24 - [TEST_STEP][PASSED] - maximizeWindow(): Current window maximized

2022-04-14 16:24:24 - [MESSAGE][PASSED] - Current window maximized

2022-04-14 16:24:24 - [TEST_STEP][PASSED] - navigateToUrl(url): Navigate to 'https://stars-stage.hawk.ru:8080' successfully

2022-04-14 16:24:29 - [MESSAGE][PASSED] - Navigate to 'https://stars-stage.hawk.ru:8080' successfully

2022-04-14 16:24:29 - [TEST_STEP][PASSED] - setText(findTestObject("Object Repository/Page_/input__sc-lnrBVv eqPACj"), admin_login): Text 'TestAdmin@test.ru' is set on object 'Object Repository/Page_/input__sc-lnrBVv eqPACj'

2022-04-14 16:24:30 - [MESSAGE][PASSED] - Text 'TestAdmin@test.ru' is set on object 'Object Repository/Page_/input__sc-lnrBVv eqPACj'

2022-04-14 16:24:30 - [TEST_STEP][PASSED] - setText(findTestObject("Object Repository/Page_/input__sc-lnrBVv eqPACj_1"), admin_password): Text 'TestAdmin@test.ru' is set on object 'Object Repository/Page_/input__sc-lnrBVv eqPACj_1'

2022-04-14 16:24:31 - [MESSAGE][PASSED] - Text 'TestAdmin@test.ru' is set on object 'Object Repository/Page_/input__sc-lnrBVv eqPACj_1'

2022-04-14 16:24:31 - [TEST_STEP][PASSED] - click(findTestObject("Object Repository/Page_/go")): Object: 'Object Repository/Page_/go' is clicked on

2022-04-14 16:24:32 - [MESSAGE][PASSED] - Object: 'Object Repository/Page_/go' is clicked on

2022-04-14 16:24:32 - [MESSAGE][PASSED] - Call Test Case 'Test Cases/Администратор/Авторизация' successfully

2022-04-14 16:24:32 - [TEST_STEP][PASSED] - click(findTestObject("Object Repository/Avangard New/Object (Администратор)/Case (Рейтинг игроков)/rank palyer")): Object: 'Object Repository/Avangard New/Object (Администратор)/Case (Рейтинг игроков)/rank palyer' is clicked on

2022-04-14 16:24:51 - [MESSAGE][PASSED] - Object: 'Object Repository/Avangard New/Object (Администратор)/Case (Рейтинг игроков)/rank palyer' is clicked on

2022-04-14 16:24:51 - [TEST_STEP][NOT_RUN] - click(findTestObject("Object Repository/Avangard New/Object (Администратор)/Case (Рейтинг игроков)/school rank")): NOT_RUN: click(findTestObject("Object Repository/Avangard New/Object (Администратор)/Case (Рейтинг игроков)/school rank"))

2022-04-14 16:24:51 - [MESSAGE][NOT_RUN] - NOT_RUN: click(findTestObject("Object Repository/Avangard New/Object (Администратор)/Case (Рейтинг игроков)/school rank"))

2022-04-14 16:24:51 - [TEST_STEP][PASSED] - setText(findTestObject("Object Repository/Avangard New/Object (Администратор)/Case (Рейтинг игроков)/input__rank"), ""Авангард" Академия"): Text '"Авангард" Академия' is set on object 'Object Repository/Avangard New/Object (Администратор)/Case (Рейтинг игроков)/input__rank'

2022-04-14 16:24:52 - [MESSAGE][PASSED] - Text '"Авангард" Академия' is set on object 'Object Repository/Avangard New/Object (Администратор)/Case (Рейтинг игроков)/input__rank'

2022-04-14 16:24:52 - [TEST_STEP][PASSED] - sendKeys(findTestObject("Object Repository/Avangard New/Object (Администратор)/Case (Рейтинг игроков)/input__rank"), Keys.chord(ENTER)): Keys 'ENTER + ' sent to object: 'Object Repository/Avangard New/Object (Администратор)/Case (Рейтинг игроков)/input__rank'

2022-04-14 16:24:52 - [MESSAGE][PASSED] - Keys 'ENTER + ' sent to object: 'Object Repository/Avangard New/Object (Администратор)/Case (Рейтинг игроков)/input__rank'

2022-04-14 16:24:52 - [TEST_STEP][PASSED] - click(findTestObject("Avangard New/Object (Администратор)/Case (Рейтинг игроков)/team rank")): Object: 'Object Repository/Avangard New/Object (Администратор)/Case (Рейтинг игроков)/team rank' is clicked on

2022-04-14 16:24:53 - [MESSAGE][PASSED] - Object: 'Object Repository/Avangard New/Object (Администратор)/Case (Рейтинг игроков)/team rank' is clicked on

2022-04-14 16:24:53 - [TEST_STEP][PASSED] - setText(findTestObject("Object Repository/Avangard New/Object (Администратор)/Case (Рейтинг игроков)/input__react-select-4-input"), school): Text 'Омские Ястребы' is set on object 'Object Repository/Avangard New/Object (Администратор)/Case (Рейтинг игроков)/input__react-select-4-input'

2022-04-14 16:24:54 - [MESSAGE][PASSED] - Text 'Омские Ястребы' is set on object 'Object Repository/Avangard New/Object (Администратор)/Case (Рейтинг игроков)/input__react-select-4-input'

2022-04-14 16:24:54 - [TEST_STEP][PASSED] - sendKeys(findTestObject("Object Repository/Avangard New/Object (Администратор)/Case (Рейтинг игроков)/input__react-select-4-input"), Keys.chord(ENTER)): Keys 'ENTER + ' sent to object: 'Object Repository/Avangard New/Object (Администратор)/Case (Рейтинг игроков)/input__react-select-4-input'

2022-04-14 16:24:55 - [MESSAGE][PASSED] - Keys 'ENTER + ' sent to object: 'Object Repository/Avangard New/Object (Администратор)/Case (Рейтинг игроков)/input__react-select-4-input'

2022-04-14 16:24:55 - [TEST_STEP][PASSED] - scrollToElement(findTestObject("Avangard New/Object (Администратор)/Case (Рейтинг игроков)/Univarsal player"), 0): Scroll to object 'Object Repository/Avangard New/Object (Администратор)/Case (Рейтинг игроков)/Univarsal player' successfully

2022-04-14 16:24:55 - [MESSAGE][WARNING] - Timeout '0' is invalid. Using default page load timeout: '30'

2022-04-14 16:24:56 - [MESSAGE][PASSED] - Scroll to object 'Object Repository/Avangard New/Object (Администратор)/Case (Рейтинг игроков)/Univarsal player' successfully

2022-04-14 16:24:56 - [TEST_STEP][PASSED] - click(findTestObject("Avangard New/Object (Администратор)/Case (Рейтинг игроков)/Univarsal player")): Object: 'Object Repository/Avangard New/Object (Администратор)/Case (Рейтинг игроков)/Univarsal player' is clicked on

2022-04-14 16:24:56 - [MESSAGE][PASSED] - Object: 'Object Repository/Avangard New/Object (Администратор)/Case (Рейтинг игроков)/Univarsal player' is clicked on

2022-04-14 16:24:56 - [TEST_STEP][PASSED] - comment(""): 

2022-04-14 16:24:56 - [MESSAGE][INFO] - 

2022-04-14 16:24:56 - [TEST_STEP][NOT_RUN] - if (verifyElementText(findTestObject("Avangard New/Object (Администратор)/Case (Рейтинг игроков)/team rank"), "Авангард-2005", OPTIONAL) == true): NOT_RUN: if (verifyElementText(findTestObject("Avangard New/Object (Администратор)/Case (Рейтинг игроков)/team rank"), "Авангард-2005", OPTIONAL) == true)

2022-04-14 16:24:56 - [MESSAGE][NOT_RUN] - NOT_RUN: if (verifyElementText(findTestObject("Avangard New/Object (Администратор)/Case (Рейтинг игроков)/team rank"), "Авангард-2005", OPTIONAL) == true)

2022-04-14 16:24:56 - [TEST_STEP][NOT_RUN] - verifyElementText(findTestObject("Avangard New/Object (Администратор)/Case (Рейтинг игроков)/grade points rank"), point): NOT_RUN: verifyElementText(findTestObject("Avangard New/Object (Администратор)/Case (Рейтинг игроков)/grade points rank"), point)

2022-04-14 16:24:56 - [MESSAGE][NOT_RUN] - NOT_RUN: verifyElementText(findTestObject("Avangard New/Object (Администратор)/Case (Рейтинг игроков)/grade points rank"), point)

2022-04-14 16:24:56 - [TEST_STEP][NOT_RUN] - comment(""): NOT_RUN: comment("")

2022-04-14 16:24:56 - [MESSAGE][NOT_RUN] - NOT_RUN: comment("")

2022-04-14 16:24:56 - [TEST_STEP][PASSED] - click(findTestObject("Object Repository/Avangard New/Object (Администратор)/Case (Рейтинг игроков)/button grade skill rank")): Object: 'Object Repository/Avangard New/Object (Администратор)/Case (Рейтинг игроков)/button grade skill rank' is clicked on

2022-04-14 16:24:57 - [MESSAGE][PASSED] - Object: 'Object Repository/Avangard New/Object (Администратор)/Case (Рейтинг игроков)/button grade skill rank' is clicked on

2022-04-14 16:24:57 - [TEST_STEP][PASSED] - verifyElementText(findTestObject("Object Repository/Avangard New/Object (Администратор)/Case (Рейтинг игроков)/Etap 1 rank"), "Этап №1"): Actual text and expected text of test object 'Object Repository/Avangard New/Object (Администратор)/Case (Рейтинг игроков)/Etap 1 rank' are matched.

2022-04-14 16:24:58 - [MESSAGE][PASSED] - Actual text and expected text of test object 'Object Repository/Avangard New/Object (Администратор)/Case (Рейтинг игроков)/Etap 1 rank' are matched.

2022-04-14 16:24:58 - [TEST_STEP][PASSED] - verifyElementText(findTestObject("Avangard New/Object (Администратор)/Case (Рейтинг игроков)/speed rank"), "Ускорение"): Actual text and expected text of test object 'Object Repository/Avangard New/Object (Администратор)/Case (Рейтинг игроков)/speed rank' are matched.

2022-04-14 16:24:59 - [MESSAGE][PASSED] - Actual text and expected text of test object 'Object Repository/Avangard New/Object (Администратор)/Case (Рейтинг игроков)/speed rank' are matched.

2022-04-14 16:24:59 - [TEST_STEP][PASSED] - click(findTestObject("Object Repository/Avangard New/Object (Администратор)/Case (Рейтинг игроков)/button game stat rank")): Object: 'Object Repository/Avangard New/Object (Администратор)/Case (Рейтинг игроков)/button game stat rank' is clicked on

2022-04-14 16:24:59 - [MESSAGE][PASSED] - Object: 'Object Repository/Avangard New/Object (Администратор)/Case (Рейтинг игроков)/button game stat rank' is clicked on

2022-04-14 16:24:59 - [TEST_STEP][PASSED] - verifyElementText(findTestObject("Avangard New/Object (Администратор)/Case (Рейтинг игроков)/math rank"), "Матчи"): Actual text and expected text of test object 'Object Repository/Avangard New/Object (Администратор)/Case (Рейтинг игроков)/math rank' are matched.

2022-04-14 16:25:00 - [MESSAGE][PASSED] - Actual text and expected text of test object 'Object Repository/Avangard New/Object (Администратор)/Case (Рейтинг игроков)/math rank' are matched.

2022-04-14 16:25:00 - [TEST_STEP][PASSED] - verifyElementVisible(findTestObject("Object Repository/Avangard New/Object (Администратор)/Case (Рейтинг игроков)/grade math rank")): Object 'Object Repository/Avangard New/Object (Администратор)/Case (Рейтинг игроков)/grade math rank' is visible

2022-04-14 16:25:01 - [MESSAGE][PASSED] - Object 'Object Repository/Avangard New/Object (Администратор)/Case (Рейтинг игроков)/grade math rank' is visible

2022-04-14 16:25:01 - [TEST_STEP][PASSED] - click(findTestObject("Object Repository/Avangard New/Object (Администратор)/Case (Рейтинг игроков)/button grade game tank")): Object: 'Object Repository/Avangard New/Object (Администратор)/Case (Рейтинг игроков)/button grade game tank' is clicked on

2022-04-14 16:25:01 - [MESSAGE][PASSED] - Object: 'Object Repository/Avangard New/Object (Администратор)/Case (Рейтинг игроков)/button grade game tank' is clicked on

2022-04-14 16:25:01 - [TEST_STEP][PASSED] - verifyElementText(findTestObject("Avangard New/Object (Администратор)/Case (Рейтинг игроков)/average grade rank"), "СРЕДНЯЯ ОЦЕНКА"): Actual text and expected text of test object 'Object Repository/Avangard New/Object (Администратор)/Case (Рейтинг игроков)/average grade rank' are matched.

2022-04-14 16:25:03 - [MESSAGE][PASSED] - Actual text and expected text of test object 'Object Repository/Avangard New/Object (Администратор)/Case (Рейтинг игроков)/average grade rank' are matched.]]></system-out>
         <system-err><![CDATA[]]></system-err>
      </testcase>
      <system-out><![CDATA[2022-04-14 16:17:33 - [TEST_SUITE][FAILED] - Администратор: Test Cases/Администратор/Пользователи FAILED.
Reason:
com.kms.katalon.core.exception.StepFailedException: Call Test Case 'Test Cases/Администратор/Редактирование и удаление (переиспользуется в Пользователи)' failed
	at com.kms.katalon.core.keyword.builtin.CallTestCaseKeyword$_callTestCase_closure1.doCall(CallTestCaseKeyword.groovy:63)
	at com.kms.katalon.core.keyword.builtin.CallTestCaseKeyword$_callTestCase_closure1.call(CallTestCaseKeyword.groovy)
	at com.kms.katalon.core.keyword.internal.KeywordMain.runKeyword(KeywordMain.groovy:74)
	at com.kms.katalon.core.keyword.builtin.CallTestCaseKeyword.callTestCase(CallTestCaseKeyword.groovy:81)
	at com.kms.katalon.core.keyword.builtin.CallTestCaseKeyword.execute(CallTestCaseKeyword.groovy:44)
	at com.kms.katalon.core.keyword.internal.KeywordExecutor.executeKeywordForPlatform(KeywordExecutor.groovy:74)
	at com.kms.katalon.core.keyword.BuiltinKeywords.callTestCase(BuiltinKeywords.groovy:334)
	at Пользователи.run(Пользователи:57)
	at com.kms.katalon.core.main.ScriptEngine.run(ScriptEngine.java:194)
	at com.kms.katalon.core.main.ScriptEngine.runScriptAsRawText(ScriptEngine.java:119)
	at com.kms.katalon.core.main.TestCaseExecutor.runScript(TestCaseExecutor.java:442)
	at com.kms.katalon.core.main.TestCaseExecutor.doExecute(TestCaseExecutor.java:433)
	at com.kms.katalon.core.main.TestCaseExecutor.processExecutionPhase(TestCaseExecutor.java:412)
	at com.kms.katalon.core.main.TestCaseExecutor.accessMainPhase(TestCaseExecutor.java:404)
	at com.kms.katalon.core.main.TestCaseExecutor.execute(TestCaseExecutor.java:281)
	at com.kms.katalon.core.main.TestSuiteExecutor.accessTestCaseMainPhase(TestSuiteExecutor.java:202)
	at com.kms.katalon.core.main.TestSuiteExecutor.accessTestSuiteMainPhase(TestSuiteExecutor.java:164)
	at com.kms.katalon.core.main.TestSuiteExecutor.execute(TestSuiteExecutor.java:105)
	at com.kms.katalon.core.main.TestCaseMain.startTestSuite(TestCaseMain.java:185)
	at com.kms.katalon.core.main.TestCaseMain$startTestSuite$0.call(Unknown Source)
	at TempTestSuite1649941159966.run(TempTestSuite1649941159966.groovy:36)
Caused by: com.kms.katalon.core.exception.StepFailedException: Unable to click on object 'Object Repository/Avangard New/Object (Администратор)/Case (Пользователи)/div_User Test'
	at com.kms.katalon.core.webui.keyword.internal.WebUIKeywordMain.stepFailed(WebUIKeywordMain.groovy:64)
	at com.kms.katalon.core.webui.keyword.internal.WebUIKeywordMain.runKeyword(WebUIKeywordMain.groovy:26)
	at com.kms.katalon.core.webui.keyword.builtin.ClickKeyword.click(ClickKeyword.groovy:74)
	at com.kms.katalon.core.webui.keyword.builtin.ClickKeyword.execute(ClickKeyword.groovy:40)
	at com.kms.katalon.core.keyword.internal.KeywordExecutor.executeKeywordForPlatform(KeywordExecutor.groovy:74)
	at com.kms.katalon.core.webui.keyword.WebUiBuiltInKeywords.click(WebUiBuiltInKeywords.groovy:620)
	at com.kms.katalon.core.webui.keyword.WebUiBuiltInKeywords$click$3.call(Unknown Source)
	at Редактирование и удаление (переиспользуется в Пользователи).run(Редактирование и удаление (переиспользуется в Пользователи):72)
	at com.kms.katalon.core.main.ScriptEngine.run(ScriptEngine.java:194)
	at com.kms.katalon.core.main.ScriptEngine.runScriptAsRawText(ScriptEngine.java:119)
	at com.kms.katalon.core.main.TestCaseExecutor.runScript(TestCaseExecutor.java:442)
	at com.kms.katalon.core.main.TestCaseExecutor.doExecute(TestCaseExecutor.java:433)
	at com.kms.katalon.core.main.TestCaseExecutor.processExecutionPhase(TestCaseExecutor.java:412)
	at com.kms.katalon.core.main.TestCaseExecutor.accessMainPhase(TestCaseExecutor.java:404)
	at com.kms.katalon.core.main.TestCaseExecutor.execute(TestCaseExecutor.java:281)
	at com.kms.katalon.core.main.TestCaseMain.runTestCase(TestCaseMain.java:142)
	at com.kms.katalon.core.keyword.builtin.CallTestCaseKeyword$_callTestCase_closure1.doCall(CallTestCaseKeyword.groovy:59)
	... 20 more
Caused by: org.openqa.selenium.ElementNotInteractableException: element not interactable
  (Session info: chrome=100.0.4896.75)
Build info: version: '3.141.59', revision: 'e82be7d358', time: '2018-11-14T08:25:53'
System info: host: 'DESKTOP-KNHN0AA', ip: '192.168.0.11', os.name: 'Windows 10', os.arch: 'amd64', os.version: '10.0', java.version: '1.8.0_282'
Driver info: com.kms.katalon.selenium.driver.CChromeDriver
Capabilities {acceptInsecureCerts: false, browserName: chrome, browserVersion: 100.0.4896.75, chrome: {chromedriverVersion: 100.0.4896.60 (6a5d10861ce8..., userDataDir: C:\Users\LENOVO\AppData\Loc...}, goog:chromeOptions: {debuggerAddress: localhost:53576}, javascriptEnabled: true, networkConnectionEnabled: false, pageLoadStrategy: normal, platform: WINDOWS, platformName: WINDOWS, proxy: Proxy(), setWindowRect: true, strictFileInteractability: false, timeouts: {implicit: 0, pageLoad: 300000, script: 30000}, unhandledPromptBehavior: dismiss and notify, webauthn:extension:credBlob: true, webauthn:extension:largeBlob: true, webauthn:virtualAuthenticators: true}
Session ID: 341492ffe44d3b7c2bce137a410aed8a
	at org.openqa.selenium.remote.http.W3CHttpResponseCodec.createException(W3CHttpResponseCodec.java:187)
	at org.openqa.selenium.remote.http.W3CHttpResponseCodec.decode(W3CHttpResponseCodec.java:122)
	at org.openqa.selenium.remote.http.W3CHttpResponseCodec.decode(W3CHttpResponseCodec.java:49)
	at org.openqa.selenium.remote.HttpCommandExecutor.execute(HttpCommandExecutor.java:158)
	at org.openqa.selenium.remote.service.DriverCommandExecutor.execute(DriverCommandExecutor.java:83)
	at org.openqa.selenium.remote.RemoteWebDriver.execute(RemoteWebDriver.java:552)
	at com.kms.katalon.selenium.driver.CChromeDriver.execute(CChromeDriver.java:19)
	at org.openqa.selenium.remote.RemoteWebElement.execute(RemoteWebElement.java:285)
	at org.openqa.selenium.remote.RemoteWebElement.click(RemoteWebElement.java:84)
	at org.openqa.selenium.support.events.EventFiringWebDriver$EventFiringWebElement.lambda$new$0(EventFiringWebDriver.java:404)
	at com.sun.proxy.$Proxy11.click(Unknown Source)
	at org.openqa.selenium.support.events.EventFiringWebDriver$EventFiringWebElement.click(EventFiringWebDriver.java:417)
	at org.openqa.selenium.WebElement$click.call(Unknown Source)
	at com.kms.katalon.core.webui.keyword.builtin.ClickKeyword.clickUntilSuccessWithTimeout(ClickKeyword.groovy:81)
	at com.kms.katalon.core.webui.keyword.builtin.ClickKeyword.clickUntilSuccessWithTimeout(ClickKeyword.groovy)
	at com.kms.katalon.core.webui.keyword.builtin.ClickKeyword$_click_closure1.doCall(ClickKeyword.groovy:67)
	at com.kms.katalon.core.webui.keyword.builtin.ClickKeyword$_click_closure1.call(ClickKeyword.groovy)
	at com.kms.katalon.core.webui.keyword.internal.WebUIKeywordMain.runKeyword(WebUIKeywordMain.groovy:20)
	... 35 more]]></system-out>
      <system-err><![CDATA[2022-04-14 16:17:33 - [TEST_SUITE][FAILED] - Администратор: Test Cases/Администратор/Пользователи FAILED.
Reason:
com.kms.katalon.core.exception.StepFailedException: Call Test Case 'Test Cases/Администратор/Редактирование и удаление (переиспользуется в Пользователи)' failed
	at com.kms.katalon.core.keyword.builtin.CallTestCaseKeyword$_callTestCase_closure1.doCall(CallTestCaseKeyword.groovy:63)
	at com.kms.katalon.core.keyword.builtin.CallTestCaseKeyword$_callTestCase_closure1.call(CallTestCaseKeyword.groovy)
	at com.kms.katalon.core.keyword.internal.KeywordMain.runKeyword(KeywordMain.groovy:74)
	at com.kms.katalon.core.keyword.builtin.CallTestCaseKeyword.callTestCase(CallTestCaseKeyword.groovy:81)
	at com.kms.katalon.core.keyword.builtin.CallTestCaseKeyword.execute(CallTestCaseKeyword.groovy:44)
	at com.kms.katalon.core.keyword.internal.KeywordExecutor.executeKeywordForPlatform(KeywordExecutor.groovy:74)
	at com.kms.katalon.core.keyword.BuiltinKeywords.callTestCase(BuiltinKeywords.groovy:334)
	at Пользователи.run(Пользователи:57)
	at com.kms.katalon.core.main.ScriptEngine.run(ScriptEngine.java:194)
	at com.kms.katalon.core.main.ScriptEngine.runScriptAsRawText(ScriptEngine.java:119)
	at com.kms.katalon.core.main.TestCaseExecutor.runScript(TestCaseExecutor.java:442)
	at com.kms.katalon.core.main.TestCaseExecutor.doExecute(TestCaseExecutor.java:433)
	at com.kms.katalon.core.main.TestCaseExecutor.processExecutionPhase(TestCaseExecutor.java:412)
	at com.kms.katalon.core.main.TestCaseExecutor.accessMainPhase(TestCaseExecutor.java:404)
	at com.kms.katalon.core.main.TestCaseExecutor.execute(TestCaseExecutor.java:281)
	at com.kms.katalon.core.main.TestSuiteExecutor.accessTestCaseMainPhase(TestSuiteExecutor.java:202)
	at com.kms.katalon.core.main.TestSuiteExecutor.accessTestSuiteMainPhase(TestSuiteExecutor.java:164)
	at com.kms.katalon.core.main.TestSuiteExecutor.execute(TestSuiteExecutor.java:105)
	at com.kms.katalon.core.main.TestCaseMain.startTestSuite(TestCaseMain.java:185)
	at com.kms.katalon.core.main.TestCaseMain$startTestSuite$0.call(Unknown Source)
	at TempTestSuite1649941159966.run(TempTestSuite1649941159966.groovy:36)
Caused by: com.kms.katalon.core.exception.StepFailedException: Unable to click on object 'Object Repository/Avangard New/Object (Администратор)/Case (Пользователи)/div_User Test'
	at com.kms.katalon.core.webui.keyword.internal.WebUIKeywordMain.stepFailed(WebUIKeywordMain.groovy:64)
	at com.kms.katalon.core.webui.keyword.internal.WebUIKeywordMain.runKeyword(WebUIKeywordMain.groovy:26)
	at com.kms.katalon.core.webui.keyword.builtin.ClickKeyword.click(ClickKeyword.groovy:74)
	at com.kms.katalon.core.webui.keyword.builtin.ClickKeyword.execute(ClickKeyword.groovy:40)
	at com.kms.katalon.core.keyword.internal.KeywordExecutor.executeKeywordForPlatform(KeywordExecutor.groovy:74)
	at com.kms.katalon.core.webui.keyword.WebUiBuiltInKeywords.click(WebUiBuiltInKeywords.groovy:620)
	at com.kms.katalon.core.webui.keyword.WebUiBuiltInKeywords$click$3.call(Unknown Source)
	at Редактирование и удаление (переиспользуется в Пользователи).run(Редактирование и удаление (переиспользуется в Пользователи):72)
	at com.kms.katalon.core.main.ScriptEngine.run(ScriptEngine.java:194)
	at com.kms.katalon.core.main.ScriptEngine.runScriptAsRawText(ScriptEngine.java:119)
	at com.kms.katalon.core.main.TestCaseExecutor.runScript(TestCaseExecutor.java:442)
	at com.kms.katalon.core.main.TestCaseExecutor.doExecute(TestCaseExecutor.java:433)
	at com.kms.katalon.core.main.TestCaseExecutor.processExecutionPhase(TestCaseExecutor.java:412)
	at com.kms.katalon.core.main.TestCaseExecutor.accessMainPhase(TestCaseExecutor.java:404)
	at com.kms.katalon.core.main.TestCaseExecutor.execute(TestCaseExecutor.java:281)
	at com.kms.katalon.core.main.TestCaseMain.runTestCase(TestCaseMain.java:142)
	at com.kms.katalon.core.keyword.builtin.CallTestCaseKeyword$_callTestCase_closure1.doCall(CallTestCaseKeyword.groovy:59)
	... 20 more
Caused by: org.openqa.selenium.ElementNotInteractableException: element not interactable
  (Session info: chrome=100.0.4896.75)
Build info: version: '3.141.59', revision: 'e82be7d358', time: '2018-11-14T08:25:53'
System info: host: 'DESKTOP-KNHN0AA', ip: '192.168.0.11', os.name: 'Windows 10', os.arch: 'amd64', os.version: '10.0', java.version: '1.8.0_282'
Driver info: com.kms.katalon.selenium.driver.CChromeDriver
Capabilities {acceptInsecureCerts: false, browserName: chrome, browserVersion: 100.0.4896.75, chrome: {chromedriverVersion: 100.0.4896.60 (6a5d10861ce8..., userDataDir: C:\Users\LENOVO\AppData\Loc...}, goog:chromeOptions: {debuggerAddress: localhost:53576}, javascriptEnabled: true, networkConnectionEnabled: false, pageLoadStrategy: normal, platform: WINDOWS, platformName: WINDOWS, proxy: Proxy(), setWindowRect: true, strictFileInteractability: false, timeouts: {implicit: 0, pageLoad: 300000, script: 30000}, unhandledPromptBehavior: dismiss and notify, webauthn:extension:credBlob: true, webauthn:extension:largeBlob: true, webauthn:virtualAuthenticators: true}
Session ID: 341492ffe44d3b7c2bce137a410aed8a
	at org.openqa.selenium.remote.http.W3CHttpResponseCodec.createException(W3CHttpResponseCodec.java:187)
	at org.openqa.selenium.remote.http.W3CHttpResponseCodec.decode(W3CHttpResponseCodec.java:122)
	at org.openqa.selenium.remote.http.W3CHttpResponseCodec.decode(W3CHttpResponseCodec.java:49)
	at org.openqa.selenium.remote.HttpCommandExecutor.execute(HttpCommandExecutor.java:158)
	at org.openqa.selenium.remote.service.DriverCommandExecutor.execute(DriverCommandExecutor.java:83)
	at org.openqa.selenium.remote.RemoteWebDriver.execute(RemoteWebDriver.java:552)
	at com.kms.katalon.selenium.driver.CChromeDriver.execute(CChromeDriver.java:19)
	at org.openqa.selenium.remote.RemoteWebElement.execute(RemoteWebElement.java:285)
	at org.openqa.selenium.remote.RemoteWebElement.click(RemoteWebElement.java:84)
	at org.openqa.selenium.support.events.EventFiringWebDriver$EventFiringWebElement.lambda$new$0(EventFiringWebDriver.java:404)
	at com.sun.proxy.$Proxy11.click(Unknown Source)
	at org.openqa.selenium.support.events.EventFiringWebDriver$EventFiringWebElement.click(EventFiringWebDriver.java:417)
	at org.openqa.selenium.WebElement$click.call(Unknown Source)
	at com.kms.katalon.core.webui.keyword.builtin.ClickKeyword.clickUntilSuccessWithTimeout(ClickKeyword.groovy:81)
	at com.kms.katalon.core.webui.keyword.builtin.ClickKeyword.clickUntilSuccessWithTimeout(ClickKeyword.groovy)
	at com.kms.katalon.core.webui.keyword.builtin.ClickKeyword$_click_closure1.doCall(ClickKeyword.groovy:67)
	at com.kms.katalon.core.webui.keyword.builtin.ClickKeyword$_click_closure1.call(ClickKeyword.groovy)
	at com.kms.katalon.core.webui.keyword.internal.WebUIKeywordMain.runKeyword(WebUIKeywordMain.groovy:20)
	... 35 more]]></system-err>
   </testsuite>
</testsuites>
